Date-Time,DOP,Latitude,Longitude,Altitude (ft),Speed (mph),Heading (deg),mod1 Down (Mbs),mod1 Up (Mbs),mod1 Ping (Sec)
2014/10/02 12:41:12,3.58,38.54404,-121.74071,105.315,0.042,0.0,0,0.000,0.000,
2014/10/02 12:41:17,3.57,38.54404,-121.74072,107.612,0.031,0.0,0,0.000,0.000,0.228
2014/10/02 12:41:22,3.57,38.54404,-121.74072,107.940,0.011,0.0,0,0.050,0.083,0.382
2014/10/02 12:41:27,3.57,38.54404,-121.74072,109.908,0.015,0.0,0,2.461,1.208,0.233
2014/10/02 12:41:32,3.57,38.54404,-121.74072,108.924,0.049,0.0,0,3.314,1.250,0.185
2014/10/02 12:41:37,3.57,38.54403,-121.74072,104.659,0.047,0.0,-75,2.717,0.917,0.173
2014/10/02 12:41:42,3.57,38.54402,-121.74072,102.362,0.486,0.0,-75,1.425,1.125,0.201
2014/10/02 12:41:47,3.56,38.54400,-121.74073,100.722,0.059,0.0,-75,1.264,2.792,0.528
2014/10/02 12:41:52,3.56,38.54400,-121.74073,100.394,0.083,0.0,-75,1.200,2.833,0.310
2014/10/02 12:41:57,3.56,38.54399,-121.74072,99.738,0.041,0.0,-75,1.697,2.667,0.241
2014/10/02 12:42:02,3.56,38.54398,-121.74072,97.113,0.015,0.0,-75,1.464,3.083,0.421
2014/10/02 12:42:07,3.56,38.54402,-121.74072,110.236,1.164,0.0,-77,2.578,2.833,0.225
2014/10/02 12:42:12,3.55,38.54404,-121.74073,105.315,1.302,0.0,-77,3.681,1.292,0.161
2014/10/02 12:42:17,3.55,38.54406,-121.74075,99.081,1.078,0.0,-77,3.636,0.000,0.145
2014/10/02 12:42:22,3.55,38.54408,-121.74075,99.081,2.130,0.0,-77,3.278,0.625,0.237
2014/10/02 12:42:27,3.55,38.54410,-121.74058,89.567,9.242,0.0,-77,1.969,0.625,0.170
2014/10/02 12:42:32,3.55,38.54409,-121.74042,70.210,3.476,0.0,-77,1.375,2.500,0.210
2014/10/02 12:42:37,3.54,38.54411,-121.74036,81.693,0.085,0.0,-69,2.955,3.583,0.205
2014/10/02 12:42:42,3.54,38.54413,-121.74034,95.801,0.561,0.0,-69,2.722,3.167,0.197
2014/10/02 12:42:47,3.54,38.54413,-121.74034,111.549,0.037,0.0,-69,3.639,2.083,0.200
2014/10/02 12:42:52,3.54,38.54412,-121.74034,110.564,0.875,0.0,-69,3.911,0.833,0.146
2014/10/02 12:42:57,3.54,38.54418,-121.74027,111.220,9.409,0.0,-69,2.592,0.583,0.202
2014/10/02 12:43:02,3.53,38.54445,-121.74034,111.549,12.247,0.0,-69,3.966,0.833,0.198
2014/10/02 12:43:07,3.53,38.54457,-121.74038,104.331,3.721,0.0,-69,3.945,0.000,0.182
2014/10/02 12:43:12,3.53,38.54458,-121.74038,94.488,0.029,0.0,-69,3.425,0.625,0.166
2014/10/02 12:43:17,3.53,38.54458,-121.74037,88.911,0.027,0.0,-69,3.656,0.625,0.257
2014/10/02 12:43:22,3.52,38.54460,-121.74037,82.349,3.552,0.0,-69,3.833,0.000,0.161
2014/10/02 12:43:27,3.52,38.54471,-121.74050,83.990,11.368,0.0,-69,2.761,0.625,0.199
2014/10/02 12:43:32,3.52,38.54468,-121.74073,83.661,4.783,0.0,-69,1.550,1.250,0.191
2014/10/02 12:43:37,3.52,38.54467,-121.74078,96.785,0.977,0.0,-69,2.347,2.250,0.256
2014/10/02 12:43:42,3.52,38.54467,-121.74077,82.021,0.285,0.0,-73,3.392,3.375,0.185
2014/10/02 12:43:47,3.51,38.54465,-121.74084,83.661,3.022,0.0,-73,3.858,0.833,0.233
2014/10/02 12:43:52,3.51,38.54465,-121.74085,87.927,0.028,0.0,-73,2.967,0.000,0.145
2014/10/02 12:43:57,3.51,38.54465,-121.74087,86.614,2.712,0.0,-73,1.280,0.792,0.240
2014/10/02 12:44:02,3.51,38.54464,-121.74094,87.598,1.579,0.0,-73,3.028,2.542,0.161
2014/10/02 12:44:07,3.5,38.54463,-121.74100,85.630,1.771,0.0,-73,2.050,1.750,0.241
2014/10/02 12:44:12,3.5,38.54463,-121.74104,86.942,0.869,0.0,-75,2.403,2.875,0.589
2014/10/02 12:44:17,3.5,38.54462,-121.74108,82.021,3.010,0.0,-75,0.000,4.500,0.517
2014/10/02 12:44:22,3.5,38.54460,-121.74117,81.037,2.793,0.0,-75,3.200,1.792,0.145
2014/10/02 12:44:27,3.49,38.54458,-121.74125,81.365,0.600,0.0,-75,3.153,0.542,0.174
2014/10/02 12:44:32,3.49,38.54458,-121.74128,79.068,0.065,0.0,-75,3.106,1.125,0.000
2014/10/02 12:44:37,3.49,38.54455,-121.74135,81.365,8.391,0.0,-75,3.322,1.667,0.000
2014/10/02 12:44:42,3.49,38.54433,-121.74138,74.147,13.231,0.0,-73,2.103,2.792,0.326
2014/10/02 12:44:47,3.48,38.54414,-121.74131,66.929,6.754,0.0,-73,1.578,0.000,0.169
2014/10/02 12:44:52,3.48,38.54407,-121.74128,71.194,2.641,0.0,-73,1.697,2.792,0.369
2014/10/02 12:44:57,3.48,38.54395,-121.74128,76.115,12.982,0.0,-73,2.836,1.750,0.233
2014/10/02 12:45:02,3.47,38.54365,-121.74121,68.898,14.279,0.0,-73,3.628,0.542,0.269
2014/10/02 12:45:07,3.47,38.54352,-121.74117,100.066,0.042,0.0,-73,3.561,1.125,0.142
2014/10/02 12:45:12,3.47,38.54352,-121.74116,131.562,0.030,0.0,-73,3.184,0.000,0.202
2014/10/02 12:45:17,3.47,38.54347,-121.74114,142.388,5.071,0.0,-59,3.275,1.667,0.237
2014/10/02 12:45:22,4.14,38.54338,-121.74112,149.934,7.785,0.0,-59,2.739,1.667,0.335
2014/10/02 12:45:27,3.46,38.54310,-121.74104,129.265,13.313,0.0,-59,2.483,1.667,0.157
2014/10/02 12:45:32,3.46,38.54286,-121.74098,107.283,12.532,0.0,-59,2.822,1.750,0.309
2014/10/02 12:45:37,3.45,38.54265,-121.74092,96.785,5.739,0.0,-59,2.172,3.333,0.318
2014/10/02 12:45:42,3.45,38.54262,-121.74092,88.583,0.026,0.0,-59,2.436,0.000,0.157
2014/10/02 12:45:47,3.45,38.54261,-121.74092,83.005,0.019,0.0,-55,1.070,2.292,0.165
2014/10/02 12:45:52,3.45,38.54261,-121.74093,80.709,0.025,0.0,-55,1.436,1.625,0.174
2014/10/02 12:45:57,3.44,38.54261,-121.74093,80.052,0.007,0.0,-55,2.530,0.000,0.175
2014/10/02 12:46:02,3.44,38.54261,-121.74093,80.709,0.015,0.0,-55,2.309,0.250,0.221
2014/10/02 12:46:07,3.44,38.54261,-121.74093,83.661,0.012,0.0,-55,2.035,1.417,0.157
2014/10/02 12:46:12,3.43,38.54261,-121.74093,83.990,0.011,0.0,-55,2.343,2.250,0.174
2014/10/02 12:46:17,3.43,38.54261,-121.74093,84.318,0.097,0.0,-51,2.518,3.667,0.223
2014/10/02 12:46:22,3.43,38.54261,-121.74093,84.318,0.014,0.0,-51,2.355,2.833,0.187
2014/10/02 12:46:27,3.42,38.54261,-121.74092,84.318,0.063,0.0,-51,1.628,3.208,0.194
2014/10/02 12:46:32,3.42,38.54260,-121.74092,82.677,0.109,0.0,-51,2.781,3.333,0.157
2014/10/02 12:46:37,3.42,38.54256,-121.74091,81.365,6.540,0.0,-51,2.622,0.667,0.711
2014/10/02 12:46:42,3.42,38.54223,-121.74082,75.131,20.696,0.0,-51,0.811,1.292,0.189
2014/10/02 12:46:47,3.41,38.54188,-121.74059,68.241,20.469,0.0,-59,2.433,1.583,0.153
2014/10/02 12:46:52,3.41,38.54164,-121.74016,52.165,20.533,0.0,-59,3.314,0.000,0.143
2014/10/02 12:46:57,3.41,38.54144,-121.73979,38.386,8.165,0.0,-59,0.751,0.917,0.000
2014/10/02 12:47:02,3.4,38.54132,-121.73953,34.449,9.351,0.0,-59,1.013,0.917,0.000
2014/10/02 12:47:07,3.4,38.54124,-121.73942,34.121,3.142,0.0,-59,2.155,2.917,0.184
2014/10/02 12:47:12,3.4,38.54121,-121.73939,23.622,0.021,0.0,-59,3.564,2.042,0.162
2014/10/02 12:47:17,3.39,38.54120,-121.73938,18.373,0.082,0.0,-59,3.500,1.167,0.218
2014/10/02 12:47:22,3.39,38.54120,-121.73937,13.123,0.042,0.0,-53,4.172,0.792,0.182
2014/10/02 12:47:27,3.39,38.54113,-121.73925,15.420,13.404,0.0,-53,3.728,1.417,0.158
2014/10/02 12:47:32,3.38,38.54096,-121.73896,27.559,13.403,0.0,-53,3.336,1.750,0.162
2014/10/02 12:47:37,3.38,38.54074,-121.73856,35.105,24.759,0.0,-53,3.081,1.958,0.210
2014/10/02 12:47:42,3.38,38.54052,-121.73807,39.370,15.795,0.0,-53,2.767,2.792,0.178
2014/10/02 12:47:47,3.37,38.54040,-121.73776,40.026,14.710,0.0,-53,3.122,2.167,0.170
2014/10/02 12:47:52,3.37,38.54006,-121.73741,40.354,28.990,0.0,-69,3.778,0.917,0.238
2014/10/02 12:47:57,3.37,38.53937,-121.73747,37.402,37.534,0.0,-69,2.939,1.875,0.246
2014/10/02 12:48:02,3.36,38.53863,-121.73782,39.370,40.850,0.0,-69,2.731,0.000,0.405
2014/10/02 12:48:07,3.36,38.53791,-121.73856,42.323,50.377,0.0,-69,1.891,1.125,0.350
2014/10/02 12:48:12,3.36,38.53709,-121.73951,44.948,59.142,0.0,-69,1.808,0.542,0.249
2014/10/02 12:48:17,3.35,38.53616,-121.74060,48.885,66.770,0.0,-69,2.372,0.833,0.230
2014/10/02 12:48:22,3.35,38.53513,-121.74181,46.916,71.195,0.0,-89,2.267,0.583,0.371
2014/10/02 12:48:27,3.35,38.53408,-121.74307,49.541,69.941,0.0,-89,1.422,0.417,0.950
2014/10/02 12:48:32,3.34,38.53319,-121.74433,56.102,63.671,0.0,-89,1.156,0.500,0.956
2014/10/02 12:48:37,3.34,38.53237,-121.74563,67.585,66.934,0.0,-89,1.630,0.000,1.362
2014/10/02 12:48:42,3.34,38.53162,-121.74713,77.100,71.115,0.0,-89,0.534,0.250,1.134
2014/10/02 12:48:47,3.33,38.53097,-121.74878,80.381,73.269,0.0,-89,0.308,0.458,0.787
2014/10/02 12:48:52,3.33,38.53043,-121.75057,79.724,76.265,0.0,-73,0.000,0.000,0.000
2014/10/02 12:48:57,3.33,38.53002,-121.75246,79.396,76.540,0.0,-73,0.000,0.000,0.000
2014/10/02 12:49:02,3.32,38.52965,-121.75437,76.444,76.551,0.0,-73,0.000,0.000,0.000
2014/10/02 12:49:07,3.32,38.52918,-121.75620,72.507,74.974,0.0,-73,0.000,0.000,0.000
2014/10/02 12:49:12,3.32,38.52860,-121.75797,67.257,75.083,0.0,-73,0.000,0.000,0.000
2014/10/02 12:49:17,3.31,38.52791,-121.75971,58.727,77.381,0.0,-73,0.000,0.000,0.000
2014/10/02 12:49:22,3.31,38.52708,-121.76141,52.822,79.390,0.0,-73,0.000,0.000,0.000
2014/10/02 12:49:27,3.31,38.52611,-121.76307,50.197,81.758,0.0,-91,0.000,0.000,0.000
2014/10/02 12:49:32,3.3,38.52502,-121.76465,51.509,82.812,0.0,-91,0.000,0.000,0.000
2014/10/02 12:49:37,3.3,38.52382,-121.76613,56.102,83.955,0.0,-91,0.000,0.000,0.000
2014/10/02 12:49:42,3.29,38.52259,-121.76747,63.320,77.788,0.0,-91,0.000,0.000,0.398
2014/10/02 12:49:47,3.29,38.52144,-121.76869,64.961,71.537,0.0,-91,0.000,0.000,0.834
2014/10/02 12:49:52,3.29,38.52036,-121.76985,70.866,70.938,0.0,-91,0.189,0.333,0.219
2014/10/02 12:49:57,3.28,38.51924,-121.77103,73.491,73.359,0.0,-77,3.280,1.042,0.267
2014/10/02 12:50:02,3.28,38.51808,-121.77228,75.131,75.337,0.0,-77,2.633,0.458,0.289
2014/10/02 12:50:07,3.28,38.51696,-121.77349,72.178,70.268,0.0,-77,2.269,0.583,0.648
2014/10/02 12:50:12,3.27,38.51592,-121.77460,67.913,66.192,0.0,-77,1.256,0.000,0.196
2014/10/02 12:50:17,3.27,38.51489,-121.77570,66.929,67.328,0.0,-77,0.586,0.417,2.046
2014/10/02 12:50:22,3.27,38.51385,-121.77681,69.554,68.408,0.0,-77,0.000,0.208,0.000
2014/10/02 12:50:27,3.26,38.51278,-121.77796,69.882,70.880,0.0,-99,0.989,0.000,7.810
2014/10/02 12:50:32,2.29,38.51170,-121.77912,66.601,68.963,0.0,-99,0.000,0.083,0.850
2014/10/02 12:50:37,2.29,38.51064,-121.78025,64.304,68.937,0.0,-99,0.000,0.667,2.079
2014/10/02 12:50:42,2.29,38.50956,-121.78142,62.008,72.234,0.0,-99,0.000,1.000,1.174
2014/10/02 12:50:47,2.29,38.50842,-121.78263,62.008,75.149,0.0,-99,0.000,2.917,2.174
2014/10/02 12:50:52,2.29,38.50725,-121.78389,61.352,75.820,0.0,-99,0.000,2.250,1.650
2014/10/02 12:50:57,2.29,38.50610,-121.78511,60.367,72.197,0.0,-89,0.000,1.792,2.342
2014/10/02 12:51:02,2.29,38.50501,-121.78629,59.383,70.267,0.0,-89,0.006,1.792,2.361
2014/10/02 12:51:07,2.29,38.50394,-121.78743,58.071,69.719,0.0,-89,0.122,0.000,0.000
2014/10/02 12:51:12,2.29,38.50284,-121.78860,58.727,71.498,0.0,-89,1.139,0.625,6.410
2014/10/02 12:51:17,2.29,38.50173,-121.78978,59.383,72.045,0.0,-89,1.349,1.792,0.889
2014/10/02 12:51:22,2.29,38.50064,-121.79096,60.367,71.437,0.0,-89,1.068,1.750,0.734
2014/10/02 12:51:27,2.29,38.49952,-121.79215,62.008,73.867,0.0,-89,1.117,1.792,1.174
2014/10/02 12:51:33,2.29,38.49815,-121.79361,62.992,73.367,0.0,-97,0.886,1.792,1.321
2014/10/02 12:51:38,2.29,38.49702,-121.79480,61.352,72.573,0.0,-97,0.953,0.000,1.422
2014/10/02 12:51:43,2.29,38.49592,-121.79597,58.727,71.034,0.0,-97,0.468,1.792,3.018
2014/10/02 12:51:48,2.29,38.49481,-121.79715,57.415,72.150,0.0,-97,1.167,1.167,1.102
2014/10/02 12:51:53,2.29,38.49373,-121.79831,57.743,68.372,0.0,-97,0.698,1.792,0.530
2014/10/02 12:51:58,2.29,38.49269,-121.79942,56.430,67.025,0.0,-97,0.814,1.208,0.661
2014/10/02 12:52:03,2.29,38.49165,-121.80053,55.446,67.946,0.0,-97,0.172,0.000,1.681
2014/10/02 12:52:08,2.29,38.49060,-121.80168,56.430,69.084,0.0,-97,0.564,1.792,1.675
2014/10/02 12:52:13,2.29,38.48960,-121.80289,58.071,69.105,0.0,-97,0.829,0.000,0.805
2014/10/02 12:52:18,2.29,38.48864,-121.80411,60.039,64.804,0.0,-97,0.911,1.792,2.905
2014/10/02 12:52:23,2.29,38.48775,-121.80525,57.743,63.199,0.0,-97,0.317,0.000,3.510
2014/10/02 12:52:28,2.29,38.48683,-121.80641,56.430,65.437,0.0,-97,0.288,0.625,0.734
2014/10/02 12:52:33,2.29,38.48590,-121.80758,55.774,64.949,0.0,-95,0.270,0.000,1.210
2014/10/02 12:52:38,2.29,38.48496,-121.80877,55.774,66.983,0.0,-95,0.033,0.000,1.839
2014/10/02 12:52:43,2.29,38.48401,-121.80999,55.446,67.482,0.0,-95,0.066,0.000,2.703
2014/10/02 12:52:48,2.29,38.48304,-121.81122,55.446,68.179,0.0,-95,0.292,0.000,1.369
2014/10/02 12:52:53,2.29,38.48205,-121.81247,57.087,70.207,0.0,-95,0.511,0.000,1.298
2014/10/02 12:52:58,2.29,38.48107,-121.81372,59.055,68.649,0.0,-95,0.336,0.042,0.252
2014/10/02 12:53:03,2.29,38.48010,-121.81495,60.039,66.507,0.0,-97,0.531,0.000,0.343
2014/10/02 12:53:08,2.29,38.47917,-121.81613,58.399,66.077,0.0,-97,0.814,0.833,0.642
2014/10/02 12:53:13,2.29,38.47820,-121.81736,55.774,70.497,0.0,-97,1.117,1.000,0.787
2014/10/02 12:53:18,2.29,38.47719,-121.81864,54.134,70.246,0.0,-97,1.486,1.000,0.687
2014/10/02 12:53:23,2.19,38.47619,-121.81991,59.711,71.173,0.0,-97,1.383,1.167,0.650
2014/10/02 12:53:28,2.19,38.47517,-121.82121,60.696,70.132,0.0,-97,0.831,1.375,0.658
2014/10/02 12:53:33,2.19,38.47418,-121.82246,60.367,68.948,0.0,-85,0.642,1.167,1.158
2014/10/02 12:53:38,2.68,38.47321,-121.82371,59.383,66.887,0.0,-85,0.631,1.500,0.661
2014/10/02 12:53:43,2.19,38.47233,-121.82484,57.415,57.073,0.0,-85,0.717,1.625,1.818
2014/10/02 12:53:48,2.19,38.47154,-121.82585,56.759,54.494,0.0,-85,1.774,1.208,2.145
2014/10/02 12:53:53,2.19,38.47077,-121.82685,55.774,55.464,0.0,-85,1.452,1.542,1.057
2014/10/02 12:53:58,2.19,38.46999,-121.82782,55.446,55.414,0.0,-85,1.664,0.000,1.197
2014/10/02 12:54:03,2.19,38.46918,-121.82883,56.102,57.554,0.0,-85,2.064,1.583,0.390
2014/10/02 12:54:08,2.19,38.46835,-121.82989,57.415,59.476,0.0,-67,1.803,1.583,0.493
2014/10/02 12:54:13,2.19,38.46751,-121.83098,58.399,60.578,0.0,-67,1.386,1.583,0.329
2014/10/02 12:54:18,2.19,38.46662,-121.83212,59.055,63.833,0.0,-67,1.143,1.583,0.747
2014/10/02 12:54:23,2.19,38.46571,-121.83329,60.039,65.214,0.0,-67,0.875,1.167,0.000
2014/10/02 12:54:28,2.19,38.46477,-121.83450,60.039,68.098,0.0,-67,0.655,1.167,3.896
2014/10/02 12:54:33,2.19,38.46378,-121.83577,59.711,71.594,0.0,-67,1.266,0.000,1.134
2014/10/02 12:54:38,2.19,38.46275,-121.83710,62.664,72.984,0.0,-73,1.050,1.583,1.174
2014/10/02 12:54:43,2.19,38.46173,-121.83841,64.961,71.887,0.0,-73,0.777,1.208,1.222
2014/10/02 12:54:48,2.19,38.46071,-121.83974,64.304,73.354,0.0,-73,0.950,1.542,1.578
2014/10/02 12:54:53,2.25,38.45967,-121.84107,61.680,72.863,0.0,-73,1.083,2.042,2.502
2014/10/02 12:54:58,2.19,38.45866,-121.84238,60.367,71.937,0.0,-73,0.992,0.000,1.526
2014/10/02 12:55:03,2.19,38.45763,-121.84370,59.711,73.229,0.0,-73,0.992,1.667,2.474
2014/10/02 12:55:08,2.19,38.45659,-121.84504,61.352,73.392,0.0,-77,1.152,1.708,1.550
2014/10/02 12:55:13,2.19,38.45554,-121.84638,62.336,74.413,0.0,-77,1.840,1.083,2.717
2014/10/02 12:55:18,2.19,38.45448,-121.84773,63.648,74.776,0.0,-77,1.105,1.708,2.265
2014/10/02 12:55:23,2.19,38.45341,-121.84911,63.976,76.732,0.0,-77,1.392,0.000,2.838
2014/10/02 12:55:28,2.19,38.45232,-121.85051,63.320,76.895,0.0,-77,0.723,1.667,1.974
2014/10/02 12:55:33,2.19,38.45122,-121.85193,64.304,77.716,0.0,-77,1.172,1.667,1.951
2014/10/02 12:55:38,2.19,38.45014,-121.85332,64.304,75.243,0.0,-85,0.984,0.000,2.322
2014/10/02 12:55:43,2.19,38.44908,-121.85467,64.304,74.116,0.0,-85,0.864,1.125,1.581
2014/10/02 12:55:48,2.19,38.44803,-121.85602,63.976,73.085,0.0,-85,1.132,1.167,0.000
2014/10/02 12:55:53,2.19,38.44702,-121.85731,63.976,70.600,0.0,-85,1.158,0.000,2.875
2014/10/02 12:55:58,2.19,38.44602,-121.85859,63.320,70.701,0.0,-85,0.333,1.125,3.421
2014/10/02 12:56:03,2.19,38.44501,-121.85989,63.976,71.977,0.0,-85,1.326,1.750,1.455
2014/10/02 12:56:08,2.19,38.44398,-121.86121,65.617,73.806,0.0,-85,1.835,1.667,1.451
2014/10/02 12:56:13,2.19,38.44294,-121.86255,65.289,73.504,0.0,-77,1.843,1.708,2.054
2014/10/02 12:56:18,2.19,38.44192,-121.86385,64.961,68.996,0.0,-77,1.400,1.667,1.394
2014/10/02 12:56:23,2.19,38.44093,-121.86512,63.976,71.106,0.0,-77,0.970,1.667,1.566
2014/10/02 12:56:28,2.19,38.43991,-121.86644,64.304,73.628,0.0,-77,0.006,1.708,1.694
2014/10/02 12:56:33,2.19,38.43887,-121.86778,64.961,72.696,0.0,-77,2.453,2.208,1.073
2014/10/02 12:56:38,2.19,38.43788,-121.86909,66.273,71.066,0.0,-77,2.961,1.708,1.182
2014/10/02 12:56:43,2.19,38.43688,-121.87039,67.913,70.173,0.0,-61,0.006,1.667,0.277
2014/10/02 12:56:48,2.19,38.43591,-121.87168,69.882,69.534,0.0,-61,0.922,0.000,0.269
2014/10/02 12:56:53,2.19,38.43493,-121.87296,72.178,71.506,0.0,-61,0.296,1.708,0.177
2014/10/02 12:56:58,2.19,38.43393,-121.87428,75.131,71.768,0.0,-61,1.079,0.542,0.367
2014/10/02 12:57:03,2.19,38.43292,-121.87561,77.428,72.639,0.0,-61,1.878,1.708,0.647
2014/10/02 12:57:08,2.19,38.43191,-121.87694,80.709,71.835,0.0,-61,2.230,0.000,0.000
2014/10/02 12:57:13,2.18,38.43090,-121.87826,83.333,72.804,0.0,-79,2.342,1.667,2.874
2014/10/02 12:57:18,2.18,38.42988,-121.87962,86.286,74.139,0.0,-79,2.925,1.125,2.499
2014/10/02 12:57:23,2.18,38.42884,-121.88099,88.911,75.305,0.0,-79,0.714,1.667,0.162
2014/10/02 12:57:28,2.18,38.42779,-121.88238,90.551,74.675,0.0,-79,0.528,0.000,0.347
2014/10/02 12:57:33,2.18,38.42677,-121.88372,92.192,72.043,0.0,-79,0.612,1.125,0.565
2014/10/02 12:57:38,2.18,38.42575,-121.88506,94.160,73.494,0.0,-79,0.973,1.125,1.035
2014/10/02 12:57:43,2.18,38.42475,-121.88637,96.129,69.907,0.0,-83,0.999,1.708,1.138
2014/10/02 12:57:48,2.18,38.42378,-121.88766,97.113,70.226,0.0,-83,0.896,1.083,1.388
2014/10/02 12:57:53,2.18,38.42279,-121.88896,98.753,71.953,0.0,-83,0.511,0.000,0.556
2014/10/02 12:57:58,2.18,38.42177,-121.89030,100.066,73.422,0.0,-83,0.624,1.167,0.760
2014/10/02 12:58:03,2.18,38.42075,-121.89163,100.722,70.693,0.0,-83,0.354,1.167,0.549
2014/10/02 12:58:08,2.18,38.41976,-121.89294,102.034,71.748,0.0,-83,0.449,0.000,0.506
2014/10/02 12:58:13,2.18,38.41874,-121.89427,102.362,74.195,0.0,-83,0.485,0.542,0.930
2014/10/02 12:58:18,2.18,38.41769,-121.89566,102.362,75.430,0.0,-91,0.514,0.000,0.417
2014/10/02 12:58:23,2.18,38.41663,-121.89705,103.675,75.843,0.0,-91,0.624,1.167,1.514
2014/10/02 12:58:28,2.18,38.41557,-121.89844,105.315,74.820,0.0,-91,0.688,1.125,1.334
2014/10/02 12:58:33,2.18,38.41451,-121.89982,105.971,75.757,0.0,-91,0.556,0.000,2.018
2014/10/02 12:58:38,2.18,38.41346,-121.90122,107.940,75.822,0.0,-91,0.764,1.083,0.000
2014/10/02 12:58:43,2.18,38.41239,-121.90262,109.252,76.803,0.0,-91,0.000,0.000,0.000
2014/10/02 12:58:48,2.18,38.41132,-121.90403,111.549,76.272,0.0,-99,0.000,0.583,8.522
2014/10/02 12:58:53,2.18,38.41026,-121.90542,115.486,75.208,0.0,-99,0.000,0.583,1.790
2014/10/02 12:58:58,2.18,38.40920,-121.90681,115.814,76.586,0.0,-99,0.000,0.000,0.521
2014/10/02 12:59:03,2.18,38.40810,-121.90825,115.814,79.824,0.0,-99,0.003,1.667,0.578
2014/10/02 12:59:08,2.18,38.40699,-121.90972,116.470,79.116,0.0,-99,1.166,1.667,1.118
2014/10/02 12:59:13,2.18,38.40589,-121.91117,117.126,79.091,0.0,-99,0.844,0.000,0.418
2014/10/02 12:59:18,2.18,38.40476,-121.91264,118.110,80.945,0.0,-93,0.851,1.125,0.249
2014/10/02 12:59:23,2.18,38.40363,-121.91415,117.454,80.670,0.0,-93,1.125,1.125,0.754
2014/10/02 12:59:28,2.18,38.40252,-121.91563,118.766,77.498,0.0,-93,0.656,1.125,1.319
2014/10/02 12:59:33,2.18,38.40144,-121.91703,120.079,76.817,0.0,-93,0.891,1.125,0.000
2014/10/02 12:59:38,2.18,38.40035,-121.91842,121.063,77.354,0.0,-93,0.565,0.000,3.994
2014/10/02 12:59:43,2.18,38.39926,-121.91983,123.031,76.787,0.0,-93,0.636,0.000,0.207
2014/10/02 12:59:48,2.26,38.39819,-121.92121,123.688,74.537,0.0,-99,0.712,0.000,0.483
2014/10/02 12:59:53,2.18,38.39716,-121.92254,124.344,71.910,0.0,-99,0.685,0.042,0.366
2014/10/02 12:59:58,2.17,38.39616,-121.92382,125.656,69.522,0.0,-99,0.000,0.000,1.162
2014/10/02 13:00:03,2.17,38.39521,-121.92504,126.312,66.465,0.0,-99,0.000,0.333,3.706
2014/10/02 13:00:08,2.17,38.39425,-121.92627,126.312,68.482,0.0,-99,0.000,0.000,0.000
2014/10/02 13:00:13,2.17,38.39328,-121.92750,120.079,67.917,0.0,-99,0.000,0.542,7.870
2014/10/02 13:00:18,2.17,38.39233,-121.92872,117.126,66.594,0.0,-99,0.000,0.000,0.000
2014/10/02 13:00:23,2.26,38.39138,-121.92993,115.814,67.423,0.0,-105,0.000,0.125,5.682
2014/10/02 13:00:28,2.17,38.39042,-121.93116,105.315,68.094,0.0,-105,0.000,0.458,5.199
2014/10/02 13:00:33,2.17,38.38945,-121.93240,98.425,69.429,0.0,-105,0.000,0.375,0.000
2014/10/02 13:00:38,2.17,38.38845,-121.93367,95.144,70.831,0.0,-105,0.000,0.375,0.974
2014/10/02 13:00:43,2.17,38.38747,-121.93496,90.879,70.290,0.0,-105,0.000,0.875,0.922
2014/10/02 13:00:48,2.17,38.38647,-121.93625,88.583,71.116,0.0,-105,0.000,0.958,1.074
2014/10/02 13:00:53,2.17,38.38546,-121.93754,88.255,71.454,0.0,-75,0.000,0.750,0.842
2014/10/02 13:00:58,2.17,38.38447,-121.93890,85.630,73.224,0.0,-75,0.000,0.708,0.997
2014/10/02 13:01:03,2.17,38.38350,-121.94031,83.333,73.836,0.0,-75,0.000,1.125,0.734
2014/10/02 13:01:08,2.17,38.38254,-121.94171,80.709,70.142,0.0,-75,0.003,0.958,0.739
2014/10/02 13:01:13,2.17,38.38163,-121.94299,78.084,66.990,0.0,-75,1.405,0.000,0.970
2014/10/02 13:01:18,2.17,38.38068,-121.94426,76.772,69.669,0.0,-75,1.517,0.542,0.840
2014/10/02 13:01:23,2.17,38.37969,-121.94556,76.444,71.951,0.0,-81,2.411,0.625,0.946
2014/10/02 13:01:28,2.17,38.37866,-121.94689,79.724,72.947,0.0,-81,2.547,0.875,0.329
2014/10/02 13:01:33,2.17,38.37764,-121.94821,80.709,72.787,0.0,-81,2.750,0.500,0.393
2014/10/02 13:01:38,2.17,38.37661,-121.94955,83.005,73.299,0.0,-81,2.542,0.750,0.347
2014/10/02 13:01:43,2.17,38.37557,-121.95088,84.646,73.669,0.0,-81,2.214,0.750,0.185
2014/10/02 13:01:48,2.17,38.37451,-121.95220,86.942,73.449,0.0,-81,2.536,0.625,0.329
2014/10/02 13:01:53,2.22,38.37346,-121.95349,84.646,70.796,0.0,-81,2.411,0.500,0.309
2014/10/02 13:01:58,2.16,38.37241,-121.95469,86.614,68.717,0.0,-81,2.431,0.750,0.850
2014/10/02 13:02:04,2.16,38.37137,-121.95583,91.864,68.523,0.0,-81,2.283,1.000,0.489
2014/10/02 13:02:09,2.16,38.37034,-121.95702,95.472,69.870,0.0,-81,2.453,0.000,0.347
2014/10/02 13:02:14,2.16,38.36936,-121.95828,97.769,69.480,0.0,-81,2.419,1.125,0.612
2014/10/02 13:02:19,2.16,38.36839,-121.95955,101.378,69.030,0.0,-81,1.933,0.667,0.170
2014/10/02 13:02:24,2.16,38.36742,-121.96083,108.924,70.598,0.0,-81,2.481,0.375,0.309
2014/10/02 13:02:29,2.16,38.36642,-121.96213,113.517,70.408,0.0,-65,2.439,0.875,0.258
2014/10/02 13:02:34,2.16,38.36544,-121.96341,117.782,69.697,0.0,-65,2.258,0.625,0.393
2014/10/02 13:02:39,2.16,38.36450,-121.96469,123.031,68.308,0.0,-65,2.720,0.667,0.458
2014/10/02 13:02:44,2.16,38.36366,-121.96603,124.672,67.033,0.0,-65,2.461,0.000,1.063
2014/10/02 13:02:49,2.16,38.36283,-121.96738,124.344,66.453,0.0,-65,1.052,0.500,0.570
2014/10/02 13:02:54,2.16,38.36201,-121.96872,127.953,66.236,0.0,-65,1.292,0.500,1.398
2014/10/02 13:02:59,2.16,38.36120,-121.97005,136.483,66.375,0.0,-91,0.663,0.500,2.241
2014/10/02 13:03:04,2.16,38.36038,-121.97140,146.654,66.346,0.0,-91,1.182,0.625,1.671
2014/10/02 13:03:09,2.16,38.35938,-121.97301,152.559,67.290,0.0,-91,1.489,0.625,1.399
2014/10/02 13:03:14,2.46,38.35845,-121.97429,147.966,68.510,0.0,-91,1.592,0.000,1.569
2014/10/02 13:03:19,2.16,38.35741,-121.97544,145.341,69.317,0.0,-91,0.439,0.500,3.905
2014/10/02 13:03:24,2.15,38.35634,-121.97659,150.262,69.795,0.0,-91,0.847,0.375,0.688
2014/10/02 13:03:29,2.15,38.35528,-121.97771,166.339,67.680,0.0,-95,1.097,0.333,1.189
2014/10/02 13:03:34,2.15,38.35425,-121.97884,169.619,67.897,0.0,-95,0.556,0.417,2.052
2014/10/02 13:03:39,2.15,38.35333,-121.98006,166.995,64.860,0.0,-95,0.900,0.667,0.823
2014/10/02 13:03:44,2.76,38.35260,-121.98146,165.026,67.201,0.0,-95,1.447,0.000,1.034
2014/10/02 13:03:49,2.15,38.35200,-121.98297,177.493,65.644,0.0,-95,1.803,0.875,0.870
2014/10/02 13:03:54,2.15,38.35142,-121.98446,185.367,64.543,0.0,-95,0.767,1.125,0.789
2014/10/02 13:03:59,2.15,38.35084,-121.98596,181.430,66.641,0.0,-73,0.994,0.750,0.511
2014/10/02 13:04:04,2.15,38.35024,-121.98750,169.619,67.314,0.0,-73,0.942,0.792,0.522
2014/10/02 13:04:09,2.25,38.34963,-121.98907,156.168,69.759,0.0,-73,1.455,0.708,0.653
2014/10/02 13:04:14,2.15,38.34901,-121.99066,152.887,68.379,0.0,-73,1.925,0.000,0.973
2014/10/02 13:04:19,2.25,38.34840,-121.99223,152.559,68.616,0.0,-73,1.778,1.000,0.169
2014/10/02 13:04:24,2.15,38.34779,-121.99380,152.887,68.894,0.0,-73,2.461,0.500,0.373
2014/10/02 13:04:29,2.15,38.34717,-121.99539,153.871,70.246,0.0,-81,2.697,0.625,0.239
2014/10/02 13:04:34,2.24,38.34654,-121.99700,153.871,69.410,0.0,-81,2.667,0.625,0.288
2014/10/02 13:04:40,2.24,38.34580,-121.99889,148.950,69.299,0.0,-81,1.302,0.500,0.275
2014/10/02 13:04:45,2.24,38.34518,-122.00046,149.934,68.402,0.0,-81,2.312,0.917,0.316
2014/10/02 13:04:50,2.16,38.34457,-122.00201,156.168,65.941,0.0,-81,2.300,1.250,0.293
2014/10/02 13:04:55,2.27,38.34400,-122.00349,171.588,63.696,0.0,-81,2.661,0.708,0.330
2014/10/02 13:05:00,2.16,38.34349,-122.00502,185.696,65.959,0.0,-81,2.158,0.000,0.402
2014/10/02 13:05:05,2.16,38.34303,-122.00664,188.648,67.722,0.0,-71,1.434,0.917,1.209
2014/10/02 13:05:10,2.16,38.34256,-122.00828,188.976,69.028,0.0,-71,1.833,0.500,0.393
2014/10/02 13:05:15,2.16,38.34206,-122.00989,188.976,67.112,0.0,-71,1.328,0.000,0.000
2014/10/02 13:05:20,2.16,38.34142,-122.01139,192.913,67.532,0.0,-71,1.589,0.500,0.967
2014/10/02 13:05:25,2.16,38.34063,-122.01283,203.412,69.125,0.0,-71,2.592,0.875,0.457
2014/10/02 13:05:30,2.16,38.33969,-122.01414,211.614,69.529,0.0,-71,2.478,1.042,0.699
2014/10/02 13:05:35,2.16,38.33862,-122.01530,218.504,69.937,0.0,-81,2.128,1.000,1.016
2014/10/02 13:05:40,2.14,38.33745,-122.01628,220.801,68.784,0.0,-81,2.369,0.833,0.823
2014/10/02 13:05:45,2.14,38.33621,-122.01710,220.801,69.668,0.0,-81,2.542,1.042,0.329
2014/10/02 13:05:50,2.39,38.33497,-122.01789,222.769,68.864,0.0,-81,2.322,0.917,0.304
2014/10/02 13:05:55,2.39,38.33371,-122.01869,220.472,70.369,0.0,-81,1.925,0.625,0.181
2014/10/02 13:06:00,2.39,38.33243,-122.01950,217.520,72.414,0.0,-81,1.525,0.000,1.689
2014/10/02 13:06:05,2.13,38.33111,-122.02034,215.551,73.913,0.0,-51,0.909,0.500,0.226
2014/10/02 13:06:10,2.39,38.32977,-122.02119,214.567,74.743,0.0,-51,1.733,1.083,0.920
2014/10/02 13:06:15,2.38,38.32841,-122.02206,216.864,76.278,0.0,-51,2.242,0.917,0.894
2014/10/02 13:06:20,2.38,38.32704,-122.02293,229.003,76.156,0.0,-51,2.436,1.042,0.815
2014/10/02 13:06:25,2.13,38.32567,-122.02380,233.924,76.199,0.0,-51,2.378,1.125,0.791
2014/10/02 13:06:30,2.23,38.32431,-122.02467,248.360,75.331,0.0,-51,1.917,1.042,0.883
2014/10/02 13:06:35,2.34,38.32300,-122.02558,269.357,72.520,0.0,-73,1.714,0.583,0.598
2014/10/02 13:06:40,2.22,38.32182,-122.02660,283.793,70.113,0.0,-73,2.708,0.708,0.179
2014/10/02 13:06:45,2.34,38.32067,-122.02763,289.042,70.666,0.0,-73,1.850,0.458,0.526
2014/10/02 13:06:50,2.22,38.31947,-122.02870,286.745,73.137,0.0,-73,1.231,0.292,0.330
2014/10/02 13:06:55,2.22,38.31826,-122.02978,283.465,73.282,0.0,-73,0.853,0.708,0.166
2014/10/02 13:07:00,2.22,38.31710,-122.03081,282.808,67.456,0.0,-73,1.411,0.000,0.431
2014/10/02 13:07:05,2.22,38.31594,-122.03174,277.231,69.834,0.0,-73,1.992,1.333,2.054
2014/10/02 13:07:10,2.22,38.31464,-122.03246,260.499,71.910,0.0,-51,2.419,1.208,1.998
2014/10/02 13:07:15,2.22,38.31323,-122.03295,243.766,73.372,0.0,-51,3.153,1.167,1.479
2014/10/02 13:07:20,2.54,38.31178,-122.03322,226.050,72.225,0.0,-51,2.931,1.208,0.619
2014/10/02 13:07:25,2.22,38.31036,-122.03345,214.567,70.569,0.0,-51,2.989,0.875,0.747
2014/10/02 13:07:30,2.22,38.30895,-122.03368,205.052,70.064,0.0,-51,2.167,1.208,0.734
2014/10/02 13:07:35,2.22,38.30755,-122.03387,198.163,71.872,0.0,-51,0.000,1.208,1.791
2014/10/02 13:07:40,2.21,38.30607,-122.03396,191.601,75.100,0.0,-69,2.928,0.000,3.411
2014/10/02 13:07:45,2.21,38.30455,-122.03399,181.430,76.362,0.0,-69,2.836,1.458,1.415
2014/10/02 13:07:50,2.21,38.30301,-122.03401,175.197,76.141,0.0,-69,2.992,1.333,0.259
2014/10/02 13:07:55,2.21,38.30152,-122.03403,170.276,72.836,0.0,-69,3.256,0.875,0.286
2014/10/02 13:08:00,2.21,38.30006,-122.03407,168.307,72.888,0.0,-69,2.164,0.000,0.430
2014/10/02 13:08:05,2.21,38.29857,-122.03410,163.386,74.601,0.0,-69,1.911,0.875,0.327
2014/10/02 13:08:10,2.21,38.29709,-122.03413,161.745,72.720,0.0,-91,1.953,0.458,0.220
2014/10/02 13:08:15,2.21,38.29564,-122.03416,160.761,71.203,0.0,-91,1.353,0.000,1.165
2014/10/02 13:08:20,2.21,38.29420,-122.03417,156.824,71.288,0.0,-91,1.767,0.417,0.338
2014/10/02 13:08:25,2.21,38.29277,-122.03430,145.997,72.790,0.0,-91,0.613,0.458,0.638
2014/10/02 13:08:30,2.5,38.29139,-122.03478,140.092,70.411,0.0,-91,1.060,0.417,2.883
2014/10/02 13:08:35,2.2,38.29014,-122.03562,125.656,70.475,0.0,-91,1.003,0.000,1.848
2014/10/02 13:08:40,2.2,38.28897,-122.03657,104.987,66.906,0.0,-73,2.508,1.333,0.000
2014/10/02 13:08:45,2.2,38.28784,-122.03753,97.113,68.824,0.0,-73,1.492,1.333,0.807
2014/10/02 13:08:50,2.2,38.28666,-122.03850,94.160,70.123,0.0,-73,2.603,0.875,0.790
2014/10/02 13:08:55,2.32,38.28548,-122.03949,90.223,71.052,0.0,-73,2.300,0.000,0.422
2014/10/02 13:09:00,2.2,38.28431,-122.04052,84.974,69.774,0.0,-73,2.169,0.875,0.182
2014/10/02 13:09:05,2.2,38.28314,-122.04149,66.929,70.720,0.0,-73,3.150,0.458,0.197
2014/10/02 13:09:10,2.48,38.28194,-122.04252,60.039,72.037,0.0,-73,2.611,1.292,0.408
2014/10/02 13:09:15,2.2,38.28072,-122.04353,54.134,71.779,0.0,-77,2.105,0.000,0.190
2014/10/02 13:09:20,2.2,38.27957,-122.04456,68.898,68.857,0.0,-77,2.936,0.875,0.159
2014/10/02 13:09:25,2.2,38.27841,-122.04555,76.444,70.107,0.0,-77,2.958,0.000,0.735
2014/10/02 13:09:30,2.19,38.27728,-122.04651,85.302,65.020,0.0,-77,2.103,0.875,0.735
2014/10/02 13:09:35,2.19,38.27618,-122.04745,94.816,66.154,0.0,-77,1.880,0.958,2.386
2014/10/02 13:09:40,2.19,38.27506,-122.04839,99.081,67.092,0.0,-77,0.356,0.000,1.137
2014/10/02 13:09:45,2.19,38.27394,-122.04935,94.160,67.660,0.0,-71,0.922,0.417,0.258
2014/10/02 13:09:50,2.19,38.27281,-122.05033,90.879,67.953,0.0,-71,1.092,0.417,1.258
2014/10/02 13:09:55,2.19,38.27168,-122.05128,79.068,66.773,0.0,-71,1.192,0.875,1.699
2014/10/02 13:10:00,2.19,38.27054,-122.05225,61.352,69.314,0.0,-71,1.692,0.000,2.746
2014/10/02 13:10:05,2.19,38.26936,-122.05324,49.213,71.019,0.0,-71,1.786,0.875,4.703
2014/10/02 13:10:10,2.19,38.26818,-122.05423,42.323,69.156,0.0,-71,1.922,0.875,0.000
2014/10/02 13:10:15,2.44,38.26701,-122.05520,33.465,69.954,0.0,-75,2.056,0.000,4.507
2014/10/02 13:10:20,2.18,38.26585,-122.05621,27.231,69.773,0.0,-75,2.167,0.875,1.989
2014/10/02 13:10:25,2.18,38.26468,-122.05720,24.278,69.713,0.0,-75,2.103,0.917,0.471
2014/10/02 13:10:30,2.18,38.26354,-122.05818,24.278,67.392,0.0,-75,1.652,0.000,1.598
2014/10/02 13:10:35,2.18,38.26241,-122.05917,27.559,67.960,0.0,-75,1.106,0.875,0.930
2014/10/02 13:10:40,2.18,38.26126,-122.06013,24.934,69.094,0.0,-75,0.694,0.875,1.043
2014/10/02 13:10:45,2.09,38.26009,-122.06112,27.231,71.225,0.0,-81,0.261,0.875,3.391
2014/10/02 13:10:50,2.09,38.25889,-122.06215,30.512,72.481,0.0,-81,1.206,0.000,0.538
2014/10/02 13:10:55,2.11,38.25767,-122.06315,27.887,70.968,0.0,-81,1.653,0.917,0.321
2014/10/02 13:11:00,2.08,38.25648,-122.06415,21.982,71.967,0.0,-81,2.156,0.917,0.411
2014/10/02 13:11:05,2.08,38.25528,-122.06518,20.997,72.380,0.0,-81,1.275,0.458,1.081
2014/10/02 13:11:10,2.08,38.25411,-122.06618,23.294,70.568,0.0,-81,2.814,0.000,0.998
2014/10/02 13:11:15,2.08,38.25293,-122.06718,23.622,69.767,0.0,-81,2.989,0.000,0.325
2014/10/02 13:11:20,2.08,38.25178,-122.06815,39.042,68.903,0.0,-71,2.889,0.000,0.198
2014/10/02 13:11:25,2.08,38.25061,-122.06915,47.572,70.970,0.0,-71,1.256,0.042,0.211
2014/10/02 13:11:30,2.08,38.24947,-122.07025,41.339,71.626,0.0,-71,1.528,0.000,1.418
2014/10/02 13:11:35,2.08,38.24852,-122.07162,28.215,71.371,0.0,-71,1.433,0.542,0.307
2014/10/02 13:11:40,2.08,38.24784,-122.07318,18.373,69.512,0.0,-71,1.461,0.333,0.289
2014/10/02 13:11:45,2.07,38.24736,-122.07490,16.404,72.291,0.0,-71,1.522,0.167,0.375
2014/10/02 13:11:50,2.07,38.24684,-122.07664,14.436,73.047,0.0,-75,1.850,0.500,0.640
2014/10/02 13:11:55,2.63,38.24619,-122.07829,15.748,71.977,0.0,-75,2.316,0.667,0.224
2014/10/02 13:12:00,2.07,38.24550,-122.07987,21.982,70.437,0.0,-75,3.034,0.750,0.169
2014/10/02 13:12:05,2.07,38.24481,-122.08145,28.871,71.052,0.0,-75,3.194,0.542,0.289
2014/10/02 13:12:10,2.07,38.24412,-122.08304,39.042,71.049,0.0,-75,3.189,0.500,0.182
2014/10/02 13:12:15,2.07,38.24345,-122.08458,43.635,68.952,0.0,-75,2.422,0.500,0.198
2014/10/02 13:12:20,2.07,38.24275,-122.08616,44.291,73.216,0.0,-77,2.578,0.000,0.255
2014/10/02 13:12:25,2.07,38.24200,-122.08783,44.948,77.859,0.0,-77,2.503,0.333,0.746
2014/10/02 13:12:30,2.07,38.24122,-122.08959,44.619,79.320,0.0,-77,2.694,0.333,0.235
2014/10/02 13:12:35,2.06,38.24046,-122.09136,42.651,79.357,0.0,-77,3.056,0.417,0.187
2014/10/02 13:12:41,2.06,38.23967,-122.09314,40.682,78.841,0.0,-77,2.833,0.458,0.517
2014/10/02 13:12:46,2.06,38.23891,-122.09488,40.354,78.892,0.0,-77,2.194,0.458,0.218
2014/10/02 13:12:51,2.06,38.23814,-122.09664,40.026,78.730,0.0,-69,0.000,0.208,0.622
2014/10/02 13:12:56,2.06,38.23738,-122.09840,38.058,78.939,0.0,-69,0.692,0.250,0.177
2014/10/02 13:13:01,2.06,38.23660,-122.10017,36.089,79.593,0.0,-69,1.189,0.792,0.519
2014/10/02 13:13:06,2.06,38.23584,-122.10193,33.793,78.969,0.0,-69,1.711,1.000,0.818
2014/10/02 13:13:11,2.06,38.23507,-122.10367,32.152,76.902,0.0,-69,2.470,1.125,0.734
2014/10/02 13:13:16,2.06,38.23433,-122.10536,31.824,75.675,0.0,-69,2.992,1.125,1.207
2014/10/02 13:13:21,2.06,38.23359,-122.10705,32.480,75.675,0.0,-69,2.764,0.833,1.057
2014/10/02 13:13:26,2.05,38.23286,-122.10873,33.793,75.413,0.0,-63,3.011,1.125,0.711
2014/10/02 13:13:31,2.05,38.23212,-122.11042,36.417,75.403,0.0,-63,3.175,1.167,0.626
2014/10/02 13:13:36,2.05,38.23140,-122.11207,41.667,72.776,0.0,-63,2.636,0.875,0.595
2014/10/02 13:13:41,2.05,38.23070,-122.11370,41.995,73.779,0.0,-63,2.653,0.875,0.258
2014/10/02 13:13:46,2.05,38.22999,-122.11538,38.058,75.963,0.0,-63,2.684,0.375,0.336
2014/10/02 13:13:51,2.59,38.22925,-122.11709,35.105,77.217,0.0,-63,2.003,0.000,0.157
2014/10/02 13:13:56,2.05,38.22848,-122.11883,32.480,78.786,0.0,-75,1.439,0.333,0.162
2014/10/02 13:14:01,2.05,38.22767,-122.12056,29.528,78.836,0.0,-75,3.161,0.375,0.204
2014/10/02 13:14:06,2.19,38.22684,-122.12222,26.247,77.331,0.0,-75,3.258,0.625,0.163
2014/10/02 13:14:11,2.04,38.22578,-122.12420,25.262,78.777,0.0,-75,2.722,0.500,0.692
2014/10/02 13:14:16,2.04,38.22487,-122.12581,23.622,76.384,0.0,-75,1.425,0.000,0.966
2014/10/02 13:14:21,2.04,38.22395,-122.12734,23.950,75.390,0.0,-75,1.517,0.375,0.527
2014/10/02 13:14:26,2.04,38.22302,-122.12881,24.278,70.847,0.0,-83,1.433,0.417,0.330
2014/10/02 13:14:31,2.04,38.22210,-122.13017,22.310,70.996,0.0,-83,0.855,0.375,0.326
2014/10/02 13:14:36,2.04,38.22116,-122.13152,20.669,69.441,0.0,-83,1.664,0.000,0.389
2014/10/02 13:14:41,2.04,38.22025,-122.13288,21.654,69.467,0.0,-83,1.378,0.500,0.586
2014/10/02 13:14:46,2.18,38.21934,-122.13420,21.325,68.739,0.0,-83,1.225,0.375,0.301
2014/10/02 13:14:51,2.18,38.21841,-122.13554,18.701,70.236,0.0,-83,1.741,0.500,0.294
2014/10/02 13:14:56,2.03,38.21751,-122.13693,19.357,70.592,0.0,-85,2.006,0.542,0.241
2014/10/02 13:15:01,2.56,38.21666,-122.13830,18.373,64.709,0.0,-85,2.267,0.500,0.378
2014/10/02 13:15:06,2.03,38.21579,-122.13943,19.357,61.217,0.0,-85,2.161,0.875,0.350
2014/10/02 13:15:11,2.03,38.21494,-122.14060,24.934,62.439,0.0,-85,2.444,0.625,0.250
2014/10/02 13:15:16,2.17,38.21411,-122.14180,28.543,63.123,0.0,-85,2.236,0.500,0.651
2014/10/02 13:15:21,2.16,38.21326,-122.14303,32.808,65.189,0.0,-85,1.750,0.917,0.646
2014/10/02 13:15:26,2.03,38.21239,-122.14429,37.073,66.293,0.0,-67,2.603,0.000,0.157
2014/10/02 13:15:31,2.03,38.21151,-122.14557,43.307,66.236,0.0,-67,3.308,0.625,0.195
2014/10/02 13:15:36,2.16,38.21063,-122.14684,49.213,66.104,0.0,-67,3.733,0.625,0.236
2014/10/02 13:15:41,2.16,38.20975,-122.14812,53.806,67.638,0.0,-67,3.594,0.625,0.244
2014/10/02 13:15:46,2.15,38.20882,-122.14943,54.134,69.836,0.0,-67,3.242,0.875,0.351
2014/10/02 13:15:51,2.02,38.20782,-122.15067,55.118,70.589,0.0,-67,3.025,1.208,0.867
2014/10/02 13:15:56,2.02,38.20676,-122.15189,64.961,70.846,0.0,-67,2.069,0.500,0.208
2014/10/02 13:16:01,2.02,38.20572,-122.15309,80.381,69.586,0.0,-71,1.369,0.917,0.712
2014/10/02 13:16:06,2.02,38.20469,-122.15427,94.160,68.377,0.0,-71,1.947,0.750,0.306
2014/10/02 13:16:11,2.02,38.20369,-122.15544,109.908,67.194,0.0,-71,2.083,0.750,0.317
2014/10/02 13:16:16,2.02,38.20272,-122.15654,127.625,61.568,0.0,-71,2.686,1.000,0.249
2014/10/02 13:16:21,2.02,38.20186,-122.15753,145.669,55.526,0.0,-71,3.489,0.875,0.178
2014/10/02 13:16:26,2.01,38.20104,-122.15846,160.433,54.517,0.0,-71,2.811,0.750,0.282
2014/10/02 13:16:31,2.01,38.20020,-122.15941,171.260,57.769,0.0,-71,2.900,1.125,0.416
2014/10/02 13:16:36,2.01,38.19928,-122.16042,183.071,62.424,0.0,-71,2.381,0.875,0.955
2014/10/02 13:16:41,2.01,38.19832,-122.16152,196.850,65.663,0.0,-71,2.216,0.000,1.017
2014/10/02 13:16:46,2.14,38.19732,-122.16267,209.974,68.296,0.0,-71,2.381,0.875,1.266
2014/10/02 13:16:51,2.14,38.19628,-122.16386,224.081,70.783,0.0,-71,2.075,0.833,0.304
2014/10/02 13:16:56,2.14,38.19518,-122.16504,241.798,72.191,0.0,-71,2.397,0.458,0.206
2014/10/02 13:17:01,2.14,38.19398,-122.16610,261.483,72.637,0.0,-79,2.853,0.250,0.235
2014/10/02 13:17:06,2.14,38.19279,-122.16716,281.824,72.489,0.0,-79,2.317,0.625,0.429
2014/10/02 13:17:11,2.0,38.19162,-122.16828,299.869,72.995,0.0,-79,0.831,0.250,1.521
2014/10/02 13:17:16,2.0,38.19046,-122.16944,307.743,73.672,0.0,-79,1.917,0.833,0.407
2014/10/02 13:17:21,2.12,38.18939,-122.17077,310.367,74.881,0.0,-79,2.769,1.000,0.263
2014/10/02 13:17:26,2.0,38.18847,-122.17230,311.024,76.314,0.0,-79,2.983,0.958,0.525
2014/10/02 13:17:31,2.0,38.18770,-122.17401,311.024,77.292,0.0,-87,2.589,1.000,0.475
2014/10/02 13:17:36,2.0,38.18713,-122.17582,311.680,76.488,0.0,-87,2.767,0.000,0.670
2014/10/02 13:17:41,2.0,38.18658,-122.17766,314.304,77.311,0.0,-87,3.264,1.125,0.407
2014/10/02 13:17:46,2.0,38.18598,-122.17948,318.898,77.828,0.0,-87,1.964,0.750,1.903
2014/10/02 13:17:51,2.11,38.18517,-122.18116,320.538,77.253,0.0,-87,1.730,0.625,1.017
2014/10/02 13:17:56,2.17,38.18416,-122.18265,330.709,77.482,0.0,-87,2.456,1.125,0.558
2014/10/02 13:18:01,3.08,38.18297,-122.18394,335.302,77.665,0.0,-87,2.897,1.250,1.346
2014/10/02 13:18:07,1.99,38.18179,-122.18519,345.801,75.569,0.0,-69,2.703,0.833,1.091
2014/10/02 13:18:12,1.99,38.18079,-122.18664,360.892,75.655,0.0,-69,2.803,1.042,0.166
2014/10/02 13:18:17,2.49,38.17990,-122.18819,378.281,74.840,0.0,-69,2.564,0.750,0.310
2014/10/02 13:18:22,1.99,38.17888,-122.18960,386.483,75.787,0.0,-69,2.520,0.000,1.071
2014/10/02 13:18:27,1.99,38.17768,-122.19081,385.171,76.433,0.0,-69,2.681,0.833,0.631
2014/10/02 13:18:32,2.09,38.17638,-122.19185,388.780,76.711,0.0,-69,2.486,1.125,0.283
2014/10/02 13:18:37,3.06,38.17506,-122.19288,394.685,78.230,0.0,-71,2.669,0.625,0.442
2014/10/02 13:18:42,2.09,38.17381,-122.19409,397.966,78.216,0.0,-71,2.825,0.750,0.794
2014/10/02 13:18:47,1.98,38.17273,-122.19553,400.262,77.345,0.0,-71,2.997,1.125,0.195
2014/10/02 13:18:52,1.98,38.17172,-122.19702,410.105,76.988,0.0,-71,2.928,0.875,0.714
2014/10/02 13:18:57,1.98,38.17070,-122.19848,420.276,76.149,0.0,-71,2.239,0.875,0.670
2014/10/02 13:19:02,1.98,38.16969,-122.19992,427.493,75.405,0.0,-71,2.800,1.000,0.279
2014/10/02 13:19:07,1.98,38.16867,-122.20135,433.727,75.349,0.0,-67,1.958,0.667,0.362
2014/10/02 13:19:12,2.08,38.16766,-122.20278,440.945,74.697,0.0,-67,2.500,0.833,0.626
2014/10/02 13:19:17,1.97,38.16667,-122.20418,447.178,73.241,0.0,-67,3.000,1.083,0.613
2014/10/02 13:19:22,1.97,38.16571,-122.20563,446.522,75.309,0.0,-67,2.908,1.000,0.843
2014/10/02 13:19:27,1.97,38.16473,-122.20715,434.383,79.266,0.0,-67,2.917,0.833,1.004
2014/10/02 13:19:32,1.97,38.16355,-122.20860,407.808,82.993,0.0,-67,2.753,0.000,0.323
2014/10/02 13:19:37,1.97,38.16221,-122.20979,372.703,80.337,0.0,-69,1.136,0.833,0.454
2014/10/02 13:19:42,1.97,38.16083,-122.21077,347.113,76.271,0.0,-69,2.545,0.708,0.242
2014/10/02 13:19:47,1.97,38.15953,-122.21169,343.176,74.696,0.0,-69,2.814,1.250,0.846
2014/10/02 13:19:52,1.97,38.15797,-122.21280,364.829,72.813,0.0,-69,2.500,1.125,1.566
2014/10/02 13:19:57,1.97,38.15672,-122.21368,391.076,68.870,0.0,-69,1.844,0.000,1.066
2014/10/02 13:20:02,2.06,38.15553,-122.21453,408.136,67.723,0.0,-69,0.725,1.042,1.151
2014/10/02 13:20:07,2.06,38.15432,-122.21538,416.339,69.665,0.0,-69,2.439,0.583,0.219
2014/10/02 13:20:12,2.0,38.15300,-122.21614,414.042,74.069,0.0,-87,1.822,0.583,0.785
2014/10/02 13:20:17,1.96,38.15155,-122.21667,397.310,75.622,0.0,-87,0.803,0.417,0.810
2014/10/02 13:20:22,2.05,38.15006,-122.21692,373.688,74.324,0.0,-87,0.870,0.000,1.096
2014/10/02 13:20:27,1.96,38.14858,-122.21691,347.113,72.428,0.0,-87,0.000,0.375,0.333
2014/10/02 13:20:32,2.05,38.14713,-122.21681,319.554,72.048,0.0,-87,1.108,0.208,0.654
2014/10/02 13:20:37,2.05,38.14571,-122.21688,296.588,71.248,0.0,-87,0.377,0.000,0.000
2014/10/02 13:20:42,1.95,38.14430,-122.21721,270.669,71.261,0.0,-83,0.163,0.333,5.623
2014/10/02 13:20:47,2.04,38.14294,-122.21778,243.438,72.977,0.0,-83,0.253,0.375,3.109
2014/10/02 13:20:52,1.95,38.14157,-122.21861,206.037,76.588,0.0,-83,0.374,0.000,1.215
2014/10/02 13:20:57,1.95,38.14019,-122.21948,167.323,76.550,0.0,-83,0.000,0.458,2.458
2014/10/02 13:21:02,2.04,38.13882,-122.22035,129.593,75.362,0.0,-83,0.000,0.542,1.931
2014/10/02 13:21:07,1.95,38.13747,-122.22123,104.331,74.653,0.0,-83,0.000,0.000,1.651
2014/10/02 13:21:12,2.04,38.13616,-122.22207,92.848,71.988,0.0,-79,0.000,0.750,1.899
2014/10/02 13:21:17,2.03,38.13485,-122.22291,86.942,73.234,0.0,-79,0.000,1.292,2.775
2014/10/02 13:21:22,1.94,38.13355,-122.22374,83.005,71.215,0.0,-79,0.000,1.625,0.000
2014/10/02 13:21:27,1.94,38.13225,-122.22457,81.365,73.541,0.0,-79,0.000,0.958,2.551
2014/10/02 13:21:32,1.94,38.13093,-122.22541,86.286,73.538,0.0,-79,0.000,0.958,3.349
2014/10/02 13:21:37,2.03,38.12962,-122.22625,93.176,73.085,0.0,-79,0.000,0.000,2.634
2014/10/02 13:21:42,2.03,38.12832,-122.22708,96.129,71.418,0.0,-75,0.000,1.417,2.942
2014/10/02 13:21:47,1.94,38.12710,-122.22787,97.113,66.069,0.0,-75,0.006,0.958,2.803
2014/10/02 13:21:52,1.94,38.12594,-122.22860,103.346,63.503,0.0,-75,2.125,0.958,0.963
2014/10/02 13:21:57,2.02,38.12480,-122.22930,114.173,62.423,0.0,-75,0.003,0.958,0.549
2014/10/02 13:22:02,2.02,38.12362,-122.22986,121.391,61.408,0.0,-75,0.080,0.000,2.489
2014/10/02 13:22:07,1.93,38.12245,-122.23025,124.672,60.999,0.0,-75,2.728,0.542,0.230
2014/10/02 13:22:12,1.93,38.12122,-122.23045,131.234,62.237,0.0,-57,1.220,1.417,0.529
2014/10/02 13:22:17,1.93,38.11999,-122.23048,136.483,60.510,0.0,-57,1.158,0.958,1.746
2014/10/02 13:22:22,1.93,38.11876,-122.23039,129.593,61.577,0.0,-57,1.964,0.000,2.311
2014/10/02 13:22:27,1.93,38.11751,-122.23030,126.312,62.301,0.0,-57,2.667,0.000,1.619
2014/10/02 13:22:32,1.93,38.11624,-122.23018,113.517,62.490,0.0,-57,2.494,0.000,2.882
2014/10/02 13:22:37,1.93,38.11498,-122.23007,92.192,63.007,0.0,-57,2.259,0.000,0.449
2014/10/02 13:22:42,2.39,38.11369,-122.22997,71.522,64.524,0.0,-57,0.647,0.000,0.880
2014/10/02 13:22:47,1.92,38.11237,-122.22986,57.415,65.879,0.0,-87,0.786,0.042,0.646
2014/10/02 13:22:52,1.92,38.11104,-122.22976,47.900,67.044,0.0,-87,1.231,0.500,0.388
2014/10/02 13:22:57,2.02,38.10970,-122.22972,43.635,64.509,0.0,-87,1.883,0.833,1.281
2014/10/02 13:23:02,1.92,38.10844,-122.22973,43.635,60.641,0.0,-87,1.117,0.292,0.000
2014/10/02 13:23:07,1.92,38.10720,-122.22974,45.932,61.183,0.0,-87,0.579,0.000,2.826
2014/10/02 13:23:12,1.92,38.10598,-122.22975,40.354,59.348,0.0,-87,0.533,0.417,3.222
2014/10/02 13:23:17,1.92,38.10478,-122.22977,35.105,59.365,0.0,-67,0.555,0.750,1.523
2014/10/02 13:23:22,1.92,38.10361,-122.22979,36.745,57.019,0.0,-67,0.716,0.583,0.407
2014/10/02 13:23:27,1.91,38.10251,-122.22981,41.339,55.738,0.0,-67,1.711,1.000,0.795
2014/10/02 13:23:32,2.07,38.10137,-122.22983,49.869,57.488,0.0,-67,1.814,0.750,1.377
2014/10/02 13:23:37,1.91,38.10023,-122.22984,58.071,56.689,0.0,-67,1.081,0.875,0.540
2014/10/02 13:23:42,1.91,38.09912,-122.22985,68.898,54.674,0.0,-67,0.855,0.875,1.179
2014/10/02 13:23:47,1.91,38.09801,-122.22988,72.178,55.992,0.0,-79,0.983,0.750,0.900
2014/10/02 13:23:52,1.91,38.09689,-122.22990,77.428,56.653,0.0,-79,1.595,1.125,0.565
2014/10/02 13:23:57,1.91,38.09574,-122.22991,78.084,57.372,0.0,-79,1.439,0.000,1.537
2014/10/02 13:24:02,1.91,38.09457,-122.22999,70.210,58.276,0.0,-79,0.000,0.667,0.000
2014/10/02 13:24:07,1.9,38.09337,-122.23014,58.071,61.075,0.0,-79,0.000,0.125,4.615
2014/10/02 13:24:12,1.9,38.09216,-122.23034,44.291,60.916,0.0,-79,0.000,0.875,0.471
2014/10/02 13:24:17,1.9,38.09097,-122.23072,35.433,60.407,0.0,-81,0.006,0.958,0.947
2014/10/02 13:24:22,1.9,38.08982,-122.23120,29.856,59.677,0.0,-81,1.466,1.000,0.430
2014/10/02 13:24:27,1.9,38.08868,-122.23169,25.591,59.838,0.0,-81,2.367,0.792,0.466
2014/10/02 13:24:32,1.9,38.08754,-122.23218,28.215,58.665,0.0,-81,2.333,0.875,0.302
2014/10/02 13:24:37,1.9,38.08643,-122.23264,36.745,57.986,0.0,-81,2.361,0.583,0.188
2014/10/02 13:24:42,1.97,38.08530,-122.23301,44.948,57.362,0.0,-81,1.183,0.000,0.714
2014/10/02 13:24:47,1.89,38.08413,-122.23327,47.244,59.073,0.0,-81,2.464,0.542,0.290
2014/10/02 13:24:52,1.95,38.08298,-122.23341,49.869,57.768,0.0,-61,3.161,0.875,0.254
2014/10/02 13:24:57,1.89,38.08179,-122.23344,53.806,58.812,0.0,-61,3.514,1.000,0.162
2014/10/02 13:25:02,1.89,38.08062,-122.23336,55.774,57.101,0.0,-61,0.000,0.750,0.319
2014/10/02 13:25:07,1.89,38.07951,-122.23318,60.696,56.516,0.0,-61,2.514,0.875,0.000
2014/10/02 13:25:12,1.92,38.07841,-122.23288,74.803,54.874,0.0,-61,1.939,0.917,0.000
2014/10/02 13:25:17,1.92,38.07737,-122.23251,86.614,52.574,0.0,-61,1.739,0.708,0.555
2014/10/02 13:25:22,1.97,38.07641,-122.23205,92.520,51.096,0.0,-75,1.922,0.667,0.313
2014/10/02 13:25:27,1.91,38.07546,-122.23148,94.816,53.461,0.0,-75,2.389,0.667,0.178
2014/10/02 13:25:32,1.91,38.07452,-122.23079,96.457,54.046,0.0,-75,2.822,0.000,1.034
2014/10/02 13:25:37,1.91,38.07358,-122.23009,103.346,54.467,0.0,-75,0.511,0.000,0.000
2014/10/02 13:25:42,1.88,38.07266,-122.22940,116.470,51.992,0.0,-75,0.445,0.375,1.114
2014/10/02 13:25:47,1.91,38.07175,-122.22873,129.593,53.249,0.0,-75,1.647,0.708,0.705
2014/10/02 13:25:52,1.97,38.07077,-122.22819,140.748,52.361,0.0,-69,1.800,1.042,0.262
2014/10/02 13:25:57,1.91,38.06979,-122.22773,147.638,52.545,0.0,-69,2.669,0.792,0.339
2014/10/02 13:26:02,1.91,38.06878,-122.22727,151.247,53.622,0.0,-69,2.917,0.833,0.157
2014/10/02 13:26:07,1.87,38.06772,-122.22687,157.152,56.361,0.0,-69,2.844,0.792,0.235
2014/10/02 13:26:12,1.87,38.06661,-122.22673,161.745,52.959,0.0,-69,2.519,0.000,0.757
2014/10/02 13:26:17,1.87,38.06554,-122.22667,167.979,53.901,0.0,-69,1.800,0.500,0.177
2014/10/02 13:26:22,1.87,38.06444,-122.22659,168.635,54.987,0.0,-51,3.233,0.500,0.231
2014/10/02 13:26:27,1.9,38.06330,-122.22651,170.276,56.722,0.0,-51,3.353,0.625,0.192
2014/10/02 13:26:32,1.87,38.06217,-122.22644,171.260,56.877,0.0,-51,3.028,0.375,0.191
2014/10/02 13:26:37,1.87,38.06102,-122.22635,170.276,57.309,0.0,-51,3.139,0.500,0.243
2014/10/02 13:26:42,1.87,38.05986,-122.22627,167.323,58.578,0.0,-51,3.064,0.000,0.213
2014/10/02 13:26:47,1.93,38.05870,-122.22619,161.417,57.096,0.0,-51,2.975,0.375,0.666
2014/10/02 13:26:52,1.93,38.05754,-122.22611,153.871,57.858,0.0,-51,2.000,0.375,0.183
2014/10/02 13:26:57,1.86,38.05639,-122.22603,147.638,56.643,0.0,-73,2.290,0.458,0.177
2014/10/02 13:27:02,1.92,38.05525,-122.22603,137.139,56.706,0.0,-73,2.402,1.250,0.694
2014/10/02 13:27:07,1.89,38.05417,-122.22646,138.123,56.799,0.0,-73,2.131,1.375,0.257
2014/10/02 13:27:12,1.89,38.05325,-122.22732,145.013,57.661,0.0,-73,1.950,1.417,0.477
2014/10/02 13:27:17,1.88,38.05243,-122.22838,156.496,58.422,0.0,-73,1.522,0.875,0.811
2014/10/02 13:27:22,2.06,38.05161,-122.22946,168.963,58.579,0.0,-73,1.577,0.500,1.678
2014/10/02 13:27:27,2.06,38.05081,-122.23052,184.711,56.485,0.0,-77,1.139,1.500,0.323
2014/10/02 13:27:32,2.06,38.05003,-122.23155,200.131,56.381,0.0,-77,2.039,1.583,0.609
2014/10/02 13:27:37,2.06,38.04926,-122.23256,215.879,52.489,0.0,-77,2.575,1.125,0.295
2014/10/02 13:27:42,2.06,38.04854,-122.23355,227.690,53.378,0.0,-77,3.269,0.000,0.163
2014/10/02 13:27:47,2.02,38.04781,-122.23457,231.299,55.008,0.0,-77,3.542,0.958,0.274
2014/10/02 13:27:52,2.02,38.04705,-122.23565,229.659,58.732,0.0,-77,2.556,0.583,0.270
2014/10/02 13:27:57,1.9,38.04626,-122.23678,226.706,59.753,0.0,-91,1.539,0.000,0.179
2014/10/02 13:28:02,2.8,38.04546,-122.23792,223.753,59.960,0.0,-91,2.314,0.167,0.166
2014/10/02 13:28:07,1.9,38.04465,-122.23907,220.472,60.768,0.0,-91,2.814,0.583,0.190
2014/10/02 13:28:12,2.02,38.04384,-122.24023,213.911,60.240,0.0,-91,3.075,0.375,0.210
2014/10/02 13:28:17,1.9,38.04303,-122.24137,211.286,60.539,0.0,-91,3.225,0.375,0.191
2014/10/02 13:28:22,2.79,38.04223,-122.24251,208.005,59.742,0.0,-91,3.542,0.583,0.208
2014/10/02 13:28:27,2.79,38.04144,-122.24362,204.396,58.658,0.0,-97,3.030,0.583,0.175
2014/10/02 13:28:32,2.78,38.04065,-122.24475,201.772,58.707,0.0,-97,2.306,0.750,0.269
2014/10/02 13:28:37,2.78,38.03987,-122.24586,199.803,58.395,0.0,-97,1.258,0.417,1.049
2014/10/02 13:28:42,1.89,38.03908,-122.24697,199.803,59.516,0.0,-97,1.786,0.000,0.274
2014/10/02 13:28:47,1.89,38.03816,-122.24804,199.147,64.314,0.0,-97,2.517,0.792,0.177
2014/10/02 13:28:52,1.89,38.03708,-122.24900,193.570,67.114,0.0,-97,2.783,0.542,0.295
2014/10/02 13:28:57,1.83,38.03597,-122.25002,187.992,69.250,0.0,-97,2.386,0.000,0.306
2014/10/02 13:29:02,1.83,38.03483,-122.25108,184.055,70.841,0.0,-77,1.544,0.583,0.354
2014/10/02 13:29:07,1.83,38.03367,-122.25216,179.462,71.956,0.0,-77,1.742,0.583,0.497
2014/10/02 13:29:12,1.83,38.03250,-122.25325,173.885,71.300,0.0,-77,1.667,0.625,0.250
2014/10/02 13:29:17,1.83,38.03134,-122.25433,161.745,72.488,0.0,-77,2.356,0.000,0.791
2014/10/02 13:29:22,1.91,38.03014,-122.25544,145.013,75.124,0.0,-77,0.378,0.167,1.486
2014/10/02 13:29:27,1.82,38.02890,-122.25658,126.969,76.020,0.0,-77,2.149,0.208,0.163
2014/10/02 13:29:32,2.0,38.02767,-122.25772,108.596,75.006,0.0,-79,2.728,1.125,0.482
2014/10/02 13:29:37,2.0,38.02646,-122.25884,90.879,74.176,0.0,-79,2.750,1.542,0.177
2014/10/02 13:29:42,1.82,38.02526,-122.25996,73.163,75.206,0.0,-79,3.055,1.167,0.161
2014/10/02 13:29:47,1.82,38.02404,-122.26110,56.102,74.846,0.0,-79,3.344,1.500,0.267
2014/10/02 13:29:52,1.87,38.02283,-122.26221,46.916,73.918,0.0,-79,3.097,1.167,0.223
2014/10/02 13:29:57,1.82,38.02165,-122.26333,56.102,73.090,0.0,-79,0.178,0.000,3.362
2014/10/02 13:30:02,1.99,38.02048,-122.26442,69.882,72.229,0.0,-67,1.067,0.375,0.161
2014/10/02 13:30:07,2.75,38.01932,-122.26550,83.661,70.327,0.0,-67,1.971,1.583,0.611
2014/10/02 13:30:12,2.75,38.01820,-122.26655,89.895,69.247,0.0,-67,2.706,1.708,0.607
2014/10/02 13:30:17,1.81,38.01707,-122.26760,83.333,68.999,0.0,-67,2.978,1.708,0.383
2014/10/02 13:30:22,1.81,38.01600,-122.26865,73.819,65.986,0.0,-67,2.520,0.583,0.162
2014/10/02 13:30:27,1.81,38.01496,-122.26960,64.633,61.628,0.0,-67,3.769,0.958,0.155
2014/10/02 13:30:32,1.81,38.01397,-122.27052,59.711,61.645,0.0,-67,3.169,0.958,0.227
2014/10/02 13:30:37,1.86,38.01297,-122.27144,65.289,60.871,0.0,-63,3.808,0.000,0.167
2014/10/02 13:30:42,1.86,38.01197,-122.27238,72.507,63.157,0.0,-63,3.577,0.958,0.185
2014/10/02 13:30:47,1.8,38.01094,-122.27333,73.491,63.485,0.0,-63,1.486,0.958,0.194
2014/10/02 13:30:52,1.8,38.00992,-122.27428,67.585,62.955,0.0,-63,2.437,0.958,0.159
2014/10/02 13:30:57,1.8,38.00888,-122.27524,64.961,64.425,0.0,-63,2.833,1.708,0.226
2014/10/02 13:31:02,1.85,38.00783,-122.27621,74.475,64.710,0.0,-63,3.258,1.542,0.287
2014/10/02 13:31:07,1.85,38.00675,-122.27717,86.614,67.147,0.0,-59,3.497,1.125,0.226
2014/10/02 13:31:12,1.85,38.00564,-122.27820,98.425,68.938,0.0,-59,3.411,0.000,0.203
2014/10/02 13:31:17,1.87,38.00450,-122.27925,110.892,71.986,0.0,-59,0.000,1.000,0.186
2014/10/02 13:31:22,1.84,38.00333,-122.28035,122.703,72.585,0.0,-59,3.158,0.375,0.248
2014/10/02 13:31:27,1.79,38.00219,-122.28145,123.031,70.068,0.0,-59,2.878,0.000,0.162
2014/10/02 13:31:32,1.79,38.00108,-122.28249,110.236,68.825,0.0,-59,1.631,0.583,1.190
2014/10/02 13:31:38,1.79,37.99996,-122.28353,95.472,68.757,0.0,-83,2.311,0.000,1.048
2014/10/02 13:31:43,1.79,37.99886,-122.28456,80.709,67.557,0.0,-83,1.272,0.542,0.297
2014/10/02 13:31:48,1.84,37.99777,-122.28559,64.961,68.413,0.0,-83,0.467,0.750,0.607
2014/10/02 13:31:53,1.79,37.99676,-122.28681,51.181,71.075,0.0,-83,1.338,1.167,0.486
2014/10/02 13:31:58,1.97,37.99579,-122.28855,53.150,68.680,0.0,-83,1.700,0.583,0.566
2014/10/02 13:32:03,1.97,37.99534,-122.28977,68.570,65.238,0.0,-83,0.946,0.792,0.815
2014/10/02 13:32:08,1.78,37.99490,-122.29164,83.005,64.228,0.0,-69,1.114,1.125,1.809
2014/10/02 13:32:13,1.78,37.99467,-122.29326,98.425,65.315,0.0,-69,0.919,0.000,0.000
2014/10/02 13:32:18,1.78,37.99445,-122.29491,118.110,65.921,0.0,-69,0.000,0.542,3.558
2014/10/02 13:32:23,1.78,37.99422,-122.29655,133.202,65.451,0.0,-69,0.000,1.083,1.590
2014/10/02 13:32:28,1.78,37.99399,-122.29817,147.638,62.942,0.0,-69,0.000,1.208,2.763
2014/10/02 13:32:33,1.78,37.99378,-122.29971,162.073,60.537,0.0,-69,0.000,1.250,1.274
2014/10/02 13:32:38,1.78,37.99357,-122.30123,168.307,61.258,0.0,-71,0.000,1.208,1.834
2014/10/02 13:32:43,1.78,37.99335,-122.30274,171.916,59.339,0.0,-71,0.000,0.000,3.031
2014/10/02 13:32:48,1.77,37.99312,-122.30424,180.446,61.218,0.0,-71,0.000,1.000,2.991
2014/10/02 13:32:53,1.77,37.99279,-122.30576,187.992,61.833,0.0,-71,0.006,0.875,0.210
2014/10/02 13:32:58,1.77,37.99232,-122.30725,198.491,63.709,0.0,-71,2.241,0.000,0.714
2014/10/02 13:33:03,2.17,37.99172,-122.30869,206.365,64.813,0.0,-71,1.514,0.000,0.646
2014/10/02 13:33:08,1.77,37.99099,-122.31008,219.488,65.832,0.0,-71,1.605,0.000,0.453
2014/10/02 13:33:13,1.81,37.99017,-122.31143,229.331,67.545,0.0,-51,2.308,0.125,0.230
2014/10/02 13:33:18,1.77,37.98927,-122.31264,237.533,64.123,0.0,-51,2.811,0.792,0.459
2014/10/02 13:33:23,1.77,37.98829,-122.31368,244.094,63.927,0.0,-51,0.613,0.000,0.487
2014/10/02 13:33:28,1.76,37.98723,-122.31460,247.703,63.246,0.0,-51,1.701,0.958,0.678
2014/10/02 13:33:33,2.18,37.98613,-122.31535,250.000,62.294,0.0,-51,2.058,1.250,0.908
2014/10/02 13:33:38,1.76,37.98490,-122.31591,251.969,66.726,0.0,-51,1.561,0.875,0.240
2014/10/02 13:33:43,1.81,37.98357,-122.31631,256.562,69.670,0.0,-85,0.625,0.250,1.586
2014/10/02 13:33:48,1.81,37.98217,-122.31662,261.483,70.834,0.0,-85,1.353,0.375,1.552
2014/10/02 13:33:53,1.8,37.98081,-122.31700,264.108,67.451,0.0,-85,0.938,0.625,1.730
2014/10/02 13:33:58,1.76,37.97953,-122.31742,267.388,65.347,0.0,-85,0.463,0.000,0.000
2014/10/02 13:34:03,1.8,37.97826,-122.31785,267.060,66.129,0.0,-85,0.675,0.625,3.043
2014/10/02 13:34:08,1.8,37.97696,-122.31829,257.218,68.593,0.0,-85,0.714,0.000,3.340
2014/10/02 13:34:13,1.8,37.97560,-122.31875,240.157,71.160,0.0,-93,0.000,0.542,2.152
2014/10/02 13:34:18,1.75,37.97423,-122.31920,221.129,69.839,0.0,-93,0.000,0.708,0.432
2014/10/02 13:34:23,1.75,37.97285,-122.31966,203.740,71.954,0.0,-93,0.000,1.000,1.083
2014/10/02 13:34:28,1.79,37.97144,-122.32013,185.696,72.620,0.0,-93,0.003,1.083,0.983
2014/10/02 13:34:33,1.75,37.97005,-122.32060,168.963,70.256,0.0,-93,1.014,0.667,0.218
2014/10/02 13:34:38,1.75,37.96871,-122.32105,151.903,68.219,0.0,-93,1.045,0.875,0.620
2014/10/02 13:34:43,1.75,37.96741,-122.32162,133.858,68.398,0.0,-79,0.949,1.000,0.828
2014/10/02 13:34:48,1.75,37.96628,-122.32261,115.814,68.614,0.0,-79,0.907,1.083,1.182
2014/10/02 13:34:53,1.74,37.96539,-122.32395,103.346,68.950,0.0,-79,0.413,0.875,0.928
2014/10/02 13:34:58,1.74,37.96463,-122.32539,90.223,67.499,0.0,-79,0.681,0.000,2.676
2014/10/02 13:35:03,1.74,37.96387,-122.32683,89.239,69.123,0.0,-79,0.806,0.750,0.617
2014/10/02 13:35:08,1.74,37.96308,-122.32822,90.879,66.242,0.0,-79,0.805,1.125,1.008
2014/10/02 13:35:13,2.12,37.96212,-122.32934,104.659,64.195,0.0,-79,1.390,0.875,0.746
2014/10/02 13:35:18,1.74,37.96102,-122.33016,120.079,62.760,0.0,-75,0.000,1.083,0.795
2014/10/02 13:35:23,1.74,37.95982,-122.33064,133.530,63.155,0.0,-75,1.296,0.000,0.000
2014/10/02 13:35:28,1.78,37.95853,-122.33079,135.171,66.446,0.0,-75,0.173,0.000,0.000
2014/10/02 13:35:33,2.11,37.95718,-122.33054,134.514,67.198,0.0,-75,0.220,0.000,0.000
2014/10/02 13:35:38,2.24,37.95592,-122.32994,131.562,68.281,0.0,-75,0.224,0.000,0.000
2014/10/02 13:35:43,2.14,37.95473,-122.32925,127.953,65.555,0.0,-75,0.191,0.000,0.000
2014/10/02 13:35:48,2.23,37.95353,-122.32855,125.984,65.985,0.0,-71,0.390,0.000,0.166
2014/10/02 13:35:53,2.13,37.95231,-122.32791,123.360,65.501,0.0,-71,1.215,0.208,0.692
2014/10/02 13:35:58,2.13,37.95109,-122.32732,115.486,65.657,0.0,-71,0.914,1.125,0.804
2014/10/02 13:36:03,2.13,37.94985,-122.32672,108.924,66.302,0.0,-71,0.754,1.125,0.700
2014/10/02 13:36:08,2.17,37.94862,-122.32613,101.378,67.674,0.0,-71,0.773,0.000,1.084
2014/10/02 13:36:13,1.76,37.94740,-122.32557,97.769,63.675,0.0,-71,0.770,0.833,0.841
2014/10/02 13:36:18,1.76,37.94623,-122.32501,92.192,61.262,0.0,-77,0.945,1.000,0.822
2014/10/02 13:36:23,2.27,37.94506,-122.32445,87.927,63.514,0.0,-77,1.633,1.125,0.668
2014/10/02 13:36:28,2.27,37.94385,-122.32397,81.693,62.950,0.0,-77,1.322,1.208,1.171
2014/10/02 13:36:33,2.16,37.94258,-122.32389,82.677,63.051,0.0,-77,0.454,0.750,0.754
2014/10/02 13:36:38,1.72,37.94133,-122.32422,84.646,63.156,0.0,-77,0.753,0.917,0.802
2014/10/02 13:36:43,1.72,37.94012,-122.32482,88.911,65.288,0.0,-77,1.555,1.250,0.660
2014/10/02 13:36:48,1.72,37.93891,-122.32545,90.879,64.134,0.0,-67,0.518,0.875,1.636
2014/10/02 13:36:53,1.72,37.93772,-122.32605,92.520,62.935,0.0,-67,0.606,0.625,1.216
2014/10/02 13:36:58,1.71,37.93657,-122.32664,94.488,60.486,0.0,-67,0.554,1.000,0.732
2014/10/02 13:37:03,1.76,37.93541,-122.32699,89.567,58.769,0.0,-67,0.473,0.667,0.176
2014/10/02 13:37:08,1.71,37.93422,-122.32692,83.005,60.449,0.0,-67,1.069,0.000,0.532
2014/10/02 13:37:13,1.71,37.93306,-122.32641,83.990,61.701,0.0,-67,0.646,0.958,2.273
2014/10/02 13:37:18,1.74,37.93198,-122.32565,86.286,62.098,0.0,-67,0.465,0.500,0.430
2014/10/02 13:37:23,1.74,37.93089,-122.32488,83.005,61.312,0.0,-55,0.252,1.125,0.620
2014/10/02 13:37:28,1.71,37.92983,-122.32417,72.507,58.825,0.0,-55,0.357,0.625,3.008
2014/10/02 13:37:33,1.71,37.92876,-122.32343,62.008,62.139,0.0,-55,0.440,0.542,2.620
2014/10/02 13:37:38,1.74,37.92764,-122.32267,58.071,63.185,0.0,-55,0.000,0.875,1.007
2014/10/02 13:37:43,1.74,37.92656,-122.32190,63.648,60.908,0.0,-55,0.802,0.792,0.589
2014/10/02 13:37:48,1.74,37.92552,-122.32116,68.570,58.498,0.0,-55,1.183,0.958,1.072
2014/10/02 13:37:53,1.7,37.92450,-122.32042,65.289,59.702,0.0,-53,0.519,1.000,0.736
2014/10/02 13:37:58,1.7,37.92343,-122.31962,54.462,63.248,0.0,-53,0.661,1.083,0.585
2014/10/02 13:38:03,1.7,37.92233,-122.31881,54.462,62.592,0.0,-53,1.087,1.000,1.119
2014/10/02 13:38:08,1.73,37.92122,-122.31813,62.336,60.664,0.0,-53,0.911,0.875,0.879
2014/10/02 13:38:13,1.7,37.92005,-122.31772,62.008,60.388,0.0,-53,0.594,0.792,0.980
2014/10/02 13:38:18,1.7,37.91883,-122.31757,56.102,61.023,0.0,-53,0.649,0.625,1.135
2014/10/02 13:38:23,1.69,37.91761,-122.31757,51.509,59.482,0.0,-51,0.455,1.333,0.609
2014/10/02 13:38:28,1.69,37.91643,-122.31757,48.885,58.093,0.0,-51,1.476,0.000,1.283
2014/10/02 13:38:33,1.69,37.91527,-122.31756,46.588,56.845,0.0,-51,1.612,0.875,0.885
2014/10/02 13:38:38,2.1,37.91413,-122.31756,44.619,57.555,0.0,-51,0.699,0.750,0.548
2014/10/02 13:38:43,2.05,37.91293,-122.31756,41.339,60.793,0.0,-51,0.674,1.125,1.320
2014/10/02 13:38:48,2.09,37.91169,-122.31754,40.682,61.593,0.0,-51,1.177,0.875,1.032
2014/10/02 13:38:53,1.72,37.91049,-122.31727,37.730,58.935,0.0,-95,0.319,0.375,3.703
2014/10/02 13:38:58,1.72,37.90943,-122.31674,29.856,55.625,0.0,-95,1.122,0.708,0.900
2014/10/02 13:39:03,1.69,37.90844,-122.31608,17.388,57.460,0.0,-95,1.445,0.875,0.900
2014/10/02 13:39:08,1.68,37.90741,-122.31538,9.186,58.623,0.0,-95,0.398,0.708,0.685
2014/10/02 13:39:13,1.72,37.90640,-122.31469,12.139,56.808,0.0,-95,0.250,0.000,3.199
2014/10/02 13:39:18,1.72,37.90540,-122.31400,24.606,56.689,0.0,-95,0.574,0.375,2.335
2014/10/02 13:39:23,2.11,37.90442,-122.31332,30.512,54.820,0.0,-95,0.451,0.375,2.150
2014/10/02 13:39:28,2.04,37.90347,-122.31267,30.512,53.116,0.0,-91,0.593,0.583,1.428
2014/10/02 13:39:33,1.71,37.90253,-122.31202,32.152,53.730,0.0,-91,1.075,1.000,0.919
2014/10/02 13:39:38,2.1,37.90158,-122.31138,31.168,52.301,0.0,-91,1.214,1.250,0.642
2014/10/02 13:39:43,1.45,37.90061,-122.31073,21.982,57.707,0.0,-91,1.206,0.958,1.092
2014/10/02 13:39:48,1.71,37.89951,-122.31009,9.186,61.292,0.0,-91,0.962,1.000,0.820
2014/10/02 13:39:53,1.45,37.89834,-122.30954,3.937,62.194,0.0,-91,0.833,1.208,0.611
2014/10/02 13:39:58,1.62,37.89716,-122.30906,11.811,60.587,0.0,-77,1.020,0.875,1.180
2014/10/02 13:40:03,1.98,37.89599,-122.30859,24.606,60.991,0.0,-77,1.525,0.000,1.048
2014/10/02 13:40:08,1.98,37.89488,-122.30814,35.761,56.179,0.0,-77,1.256,1.000,0.828
2014/10/02 13:40:13,1.98,37.89380,-122.30772,42.323,56.294,0.0,-77,0.729,1.250,1.387
2014/10/02 13:40:18,1.88,37.89267,-122.30755,46.260,57.377,0.0,-77,0.979,0.750,1.176
2014/10/02 13:40:23,1.78,37.89154,-122.30774,47.572,55.160,0.0,-77,0.461,0.875,2.672
2014/10/02 13:40:28,1.78,37.89048,-122.30820,48.228,56.255,0.0,-77,0.556,0.750,0.691
2014/10/02 13:40:33,1.85,37.88939,-122.30875,41.339,60.255,0.0,-77,0.681,0.875,0.832
2014/10/02 13:40:38,1.78,37.88823,-122.30918,36.089,60.034,0.0,-77,0.000,0.375,0.973
2014/10/02 13:40:43,1.78,37.88708,-122.30930,31.496,56.774,0.0,-77,0.191,0.000,1.510
2014/10/02 13:40:48,1.78,37.88592,-122.30915,17.388,58.934,0.0,-77,0.194,0.750,3.066
2014/10/02 13:40:53,1.78,37.88474,-122.30889,7.874,59.361,0.0,-77,0.775,1.000,0.887
2014/10/02 13:40:58,2.01,37.88356,-122.30863,8.202,60.863,0.0,-75,1.563,1.083,0.645
2014/10/02 13:41:04,1.78,37.88232,-122.30835,9.186,62.667,0.0,-75,0.947,1.125,1.259
2014/10/02 13:41:09,1.78,37.88112,-122.30808,9.843,59.891,0.0,-75,0.762,0.833,0.760
2014/10/02 13:41:14,1.88,37.87993,-122.30782,13.451,59.022,0.0,-75,0.807,1.125,0.632
2014/10/02 13:41:19,1.95,37.87879,-122.30756,23.950,54.832,0.0,-75,1.087,1.125,1.231
2014/10/02 13:41:24,1.77,37.87774,-122.30729,24.606,52.908,0.0,-75,0.471,0.583,2.132
2014/10/02 13:41:29,1.88,37.87675,-122.30699,17.388,47.724,0.0,-75,0.526,1.208,0.668
2014/10/02 13:41:34,1.77,37.87584,-122.30672,7.874,45.328,0.0,-51,1.186,1.083,1.041
2014/10/02 13:41:39,1.87,37.87495,-122.30641,6.562,47.728,0.0,-51,1.662,1.000,0.847
2014/10/02 13:41:44,1.77,37.87399,-122.30610,6.890,49.085,0.0,-51,0.934,0.000,0.813
2014/10/02 13:41:49,1.87,37.87303,-122.30581,5.906,48.104,0.0,-51,0.489,0.000,0.000
2014/10/02 13:41:54,1.87,37.87214,-122.30553,5.577,43.999,0.0,-51,0.000,0.000,0.000
2014/10/02 13:41:59,1.77,37.87131,-122.30528,4.921,41.121,0.0,-51,0.173,0.000,1.630
2014/10/02 13:42:04,1.99,37.87056,-122.30504,4.593,34.074,0.0,-75,1.013,0.000,0.216
2014/10/02 13:42:09,1.77,37.86994,-122.30485,4.593,30.838,0.0,-75,2.147,0.042,0.253
2014/10/02 13:42:14,1.99,37.86932,-122.30465,4.265,33.091,0.0,-75,1.358,0.958,0.300
2014/10/02 13:42:19,1.87,37.86863,-122.30445,4.265,37.214,0.0,-75,1.117,1.000,0.292
2014/10/02 13:42:24,1.87,37.86787,-122.30421,3.609,40.094,0.0,-75,1.508,0.625,0.552
2014/10/02 13:42:29,1.77,37.86718,-122.30398,3.281,33.092,0.0,-75,1.119,0.750,0.791
2014/10/02 13:42:34,1.77,37.86652,-122.30376,1.312,32.867,0.0,-79,1.219,0.958,0.442
2014/10/02 13:42:39,1.77,37.86592,-122.30358,2.953,27.926,0.0,-79,1.329,0.542,1.049
2014/10/02 13:42:44,1.87,37.86552,-122.30347,2.297,13.372,0.0,-79,1.205,0.625,1.048
2014/10/02 13:42:49,1.77,37.86540,-122.30344,0.984,1.584,0.0,-79,0.743,0.958,0.696
2014/10/02 13:42:54,1.87,37.86540,-122.30344,0.328,0.484,0.0,-79,0.743,0.000,0.349
2014/10/02 13:42:59,1.77,37.86540,-122.30344,0.984,0.111,0.0,-79,1.070,1.250,0.460
2014/10/02 13:43:04,1.76,37.86539,-122.30343,1.312,2.116,0.0,-87,1.261,0.833,0.200
2014/10/02 13:43:09,1.8,37.86528,-122.30340,1.312,10.507,0.0,-87,0.978,0.708,0.332
2014/10/02 13:43:14,1.76,37.86494,-122.30330,2.625,20.235,0.0,-87,1.269,0.792,0.380
2014/10/02 13:43:19,1.97,37.86451,-122.30319,1.969,23.162,0.0,-87,1.172,0.833,0.652
2014/10/02 13:43:24,1.76,37.86396,-122.30307,1.312,32.082,0.0,-87,1.174,0.708,0.492
2014/10/02 13:43:29,1.76,37.86332,-122.30289,1.640,32.304,0.0,-87,1.185,1.000,0.592
2014/10/02 13:43:34,1.76,37.86269,-122.30272,1.312,31.258,0.0,-87,1.118,0.958,0.392
2014/10/02 13:43:39,1.76,37.86213,-122.30260,0.984,25.876,0.0,-87,0.838,0.792,0.499
2014/10/02 13:43:44,1.76,37.86165,-122.30247,0.656,23.325,0.0,-87,0.853,0.542,0.249
2014/10/02 13:43:49,1.76,37.86121,-122.30235,1.640,22.091,0.0,-87,1.431,0.958,0.185
2014/10/02 13:43:54,1.76,37.86078,-122.30223,1.312,22.780,0.0,-87,0.967,0.875,0.416
2014/10/02 13:43:59,1.76,37.86032,-122.30210,1.640,25.079,0.0,-87,0.753,0.917,0.333
2014/10/02 13:44:04,1.76,37.85977,-122.30195,1.969,29.126,0.0,-87,1.227,0.958,0.212
2014/10/02 13:44:09,1.86,37.85918,-122.30179,1.969,29.371,0.0,-61,0.993,0.792,0.398
2014/10/02 13:44:14,1.86,37.85857,-122.30162,1.969,32.086,0.0,-61,1.422,0.000,0.224
2014/10/02 13:44:19,1.86,37.85794,-122.30144,2.297,32.004,0.0,-61,1.173,1.000,0.324
2014/10/02 13:44:24,1.86,37.85731,-122.30127,2.625,31.754,0.0,-61,1.843,1.208,0.484
2014/10/02 13:44:29,1.86,37.85668,-122.30109,2.953,31.908,0.0,-61,1.508,0.875,0.763
2014/10/02 13:44:34,1.86,37.85603,-122.30091,2.625,34.513,0.0,-61,1.142,0.750,0.808
2014/10/02 13:44:39,1.86,37.85531,-122.30071,2.625,38.673,0.0,-91,0.630,0.375,1.584
2014/10/02 13:44:44,1.86,37.85450,-122.30048,2.625,42.890,0.0,-91,0.722,0.417,0.504
2014/10/02 13:44:49,1.86,37.85366,-122.30025,2.625,42.953,0.0,-91,0.735,0.667,0.693
2014/10/02 13:44:54,1.86,37.85278,-122.30001,2.625,45.280,0.0,-91,0.000,0.000,0.000
2014/10/02 13:44:59,1.86,37.85190,-122.29977,2.625,43.091,0.0,-91,0.000,0.000,0.000
2014/10/02 13:45:04,1.85,37.85109,-122.29957,2.953,40.293,0.0,-91,0.000,0.000,0.000
2014/10/02 13:45:09,1.93,37.85029,-122.29938,2.953,40.303,0.0,-91,0.000,0.000,0.000
2014/10/02 13:45:14,1.85,37.84949,-122.29919,3.609,40.061,0.0,-91,0.000,0.000,0.000
2014/10/02 13:45:19,1.85,37.84873,-122.29899,5.906,39.698,0.0,-91,0.000,0.000,0.000
2014/10/02 13:45:24,1.85,37.84792,-122.29880,6.562,42.179,0.0,-91,0.000,0.000,0.000
2014/10/02 13:45:29,1.85,37.84709,-122.29861,7.874,43.388,0.0,-91,0.000,0.000,0.000
2014/10/02 13:45:34,1.85,37.84629,-122.29843,7.874,39.121,0.0,-91,0.000,0.000,0.168
2014/10/02 13:45:39,1.85,37.84550,-122.29825,7.218,39.730,0.0,-91,0.055,0.125,0.189
2014/10/02 13:45:44,2.0,37.84472,-122.29809,7.546,38.317,0.0,-85,1.453,0.292,0.164
2014/10/02 13:45:49,1.85,37.84396,-122.29793,7.218,37.948,0.0,-85,1.864,0.208,0.639
2014/10/02 13:45:54,1.85,37.84323,-122.29778,7.218,35.549,0.0,-85,1.145,0.583,0.270
2014/10/02 13:45:59,1.85,37.84254,-122.29763,6.890,34.744,0.0,-85,1.944,0.542,0.316
2014/10/02 13:46:04,2.05,37.84183,-122.29748,5.906,36.604,0.0,-85,2.375,0.375,0.188
2014/10/02 13:46:09,1.99,37.84113,-122.29735,5.906,32.800,0.0,-85,3.553,1.083,0.164
2014/10/02 13:46:14,1.99,37.84051,-122.29726,6.890,31.326,0.0,-57,3.625,0.750,0.168
2014/10/02 13:46:19,1.74,37.83984,-122.29714,11.155,34.402,0.0,-57,3.444,0.000,0.173
2014/10/02 13:46:24,2.17,37.83913,-122.29699,17.388,36.869,0.0,-57,3.467,0.375,0.243
2014/10/02 13:46:29,1.74,37.83838,-122.29685,24.934,37.669,0.0,-57,1.228,0.458,0.207
2014/10/02 13:46:34,1.74,37.83770,-122.29669,25.591,31.530,0.0,-57,0.268,0.375,0.184
2014/10/02 13:46:39,1.84,37.83706,-122.29646,22.310,34.923,0.0,-57,0.989,0.958,0.279
2014/10/02 13:46:44,1.95,37.83631,-122.29613,13.451,43.353,0.0,-53,1.834,1.167,0.304
2014/10/02 13:46:49,1.78,37.83541,-122.29572,8.202,50.750,0.0,-53,1.461,0.458,0.432
2014/10/02 13:46:54,1.78,37.83443,-122.29527,7.874,52.040,0.0,-53,2.797,0.583,0.372
2014/10/02 13:46:59,1.78,37.83346,-122.29482,6.234,48.203,0.0,-53,2.136,0.750,0.243
2014/10/02 13:47:04,1.95,37.83246,-122.29440,6.890,53.182,0.0,-53,2.645,1.083,0.277
2014/10/02 13:47:09,1.81,37.83138,-122.29416,6.562,54.757,0.0,-53,1.767,0.000,1.386
2014/10/02 13:47:14,2.03,37.83030,-122.29406,7.218,52.520,0.0,-73,0.636,0.250,0.852
2014/10/02 13:47:19,1.84,37.82928,-122.29423,9.186,52.611,0.0,-73,0.981,0.000,2.835
2014/10/02 13:47:24,1.74,37.82833,-122.29492,7.218,56.839,0.0,-73,0.336,0.250,0.000
2014/10/02 13:47:29,1.74,37.82763,-122.29609,5.249,59.325,0.0,-73,0.453,0.000,3.406
2014/10/02 13:47:34,1.74,37.82723,-122.29756,3.281,62.656,0.0,-73,0.381,0.000,6.445
2014/10/02 13:47:39,1.74,37.82686,-122.29907,3.281,62.978,0.0,-73,0.583,0.000,1.019
2014/10/02 13:47:44,1.73,37.82650,-122.30060,3.937,63.458,0.0,-73,0.000,0.000,0.592
2014/10/02 13:47:49,1.73,37.82615,-122.30215,3.937,62.886,0.0,-77,0.878,0.042,0.273
2014/10/02 13:47:54,1.81,37.82584,-122.30362,1.969,56.923,0.0,-77,1.883,0.000,0.289
2014/10/02 13:47:59,1.95,37.82563,-122.30494,1.969,50.048,0.0,-77,1.278,1.000,0.172
2014/10/02 13:48:04,2.02,37.82554,-122.30624,1.640,52.687,0.0,-77,0.939,0.375,0.680
2014/10/02 13:48:09,2.02,37.82546,-122.30755,5.906,49.120,0.0,-77,1.264,0.792,0.385
2014/10/02 13:48:14,1.94,37.82540,-122.30867,23.622,40.668,0.0,-77,1.131,0.750,0.232
2014/10/02 13:48:19,1.94,37.82500,-122.30947,35.105,38.880,0.0,-85,1.078,0.417,0.593
2014/10/02 13:48:24,1.94,37.82425,-122.30938,38.714,40.750,0.0,-85,0.855,0.000,0.325
2014/10/02 13:48:29,1.94,37.82402,-122.30841,34.777,43.271,0.0,-85,0.347,0.542,4.201
2014/10/02 13:48:34,2.03,37.82422,-122.30727,30.184,48.034,0.0,-85,0.386,0.292,0.959
2014/10/02 13:48:39,1.94,37.82434,-122.30605,28.543,50.220,0.0,-85,0.075,0.000,0.000
2014/10/02 13:48:44,1.94,37.82421,-122.30475,30.184,52.010,0.0,-85,0.000,0.000,0.000
2014/10/02 13:48:49,1.94,37.82384,-122.30354,29.528,50.015,0.0,-93,0.000,0.000,0.000
2014/10/02 13:48:54,1.94,37.82336,-122.30248,16.732,44.539,0.0,-93,0.000,0.000,0.177
2014/10/02 13:48:59,1.94,37.82303,-122.30159,3.609,33.805,0.0,-93,0.000,0.000,0.000
2014/10/02 13:49:04,1.94,37.82284,-122.30096,-2.297,21.130,0.0,-93,0.000,0.000,0.000
2014/10/02 13:49:09,1.94,37.82273,-122.30070,-3.937,5.128,0.0,-93,0.000,0.000,0.000
2014/10/02 13:49:14,2.03,37.82272,-122.30069,-5.249,0.679,0.0,-93,0.000,0.000,0.000
2014/10/02 13:49:19,1.94,37.82263,-122.30052,-7.874,17.865,0.0,-107,0.000,0.000,0.000
2014/10/02 13:49:24,1.94,37.82234,-122.29995,-23.294,32.300,0.0,-107,0.000,0.000,0.280
2014/10/02 13:49:29,2.02,37.82198,-122.29914,-21.654,38.281,0.0,-107,0.011,0.042,0.209
2014/10/02 13:49:34,1.94,37.82159,-122.29828,-13.123,39.153,0.0,-107,0.847,0.417,2.062
2014/10/02 13:49:39,1.94,37.82120,-122.29740,-18.045,40.434,0.0,-107,0.450,0.167,1.655
2014/10/02 13:49:44,1.94,37.82080,-122.29650,15.748,43.121,0.0,-107,0.006,0.000,0.897
2014/10/02 13:49:49,1.94,37.82024,-122.29567,37.073,41.475,0.0,-107,0.870,0.583,0.533
2014/10/02 13:49:54,1.93,37.81971,-122.29500,41.995,32.198,0.0,-81,0.318,0.833,2.024
2014/10/02 13:49:59,1.93,37.81942,-122.29458,43.963,3.613,0.0,-81,0.369,0.250,0.489
2014/10/02 13:50:04,1.78,37.81942,-122.29458,48.556,0.062,0.0,-81,0.357,0.833,2.904
2014/10/02 13:50:09,1.78,37.81942,-122.29458,54.790,0.105,0.0,-81,0.382,0.750,0.865
2014/10/02 13:50:14,1.78,37.81943,-122.29458,60.039,0.558,0.0,-81,1.164,0.958,0.791
2014/10/02 13:50:19,1.78,37.81942,-122.29457,68.570,0.393,0.0,-81,1.208,0.583,0.924
2014/10/02 13:50:24,2.47,37.81940,-122.29451,70.866,9.924,0.0,-77,1.528,0.000,0.431
2014/10/02 13:50:29,2.0,37.81919,-122.29414,44.619,24.437,0.0,-77,0.744,1.250,0.419
2014/10/02 13:50:34,1.78,37.81887,-122.29348,37.402,33.029,0.0,-77,2.022,0.792,0.277
2014/10/02 13:50:39,1.78,37.81847,-122.29271,24.606,37.866,0.0,-77,2.986,1.417,0.208
2014/10/02 13:50:44,1.84,37.81807,-122.29191,9.843,35.480,0.0,-77,0.772,0.000,0.588
2014/10/02 13:50:49,1.84,37.81772,-122.29121,2.297,29.846,0.0,-77,1.089,0.625,0.429
2014/10/02 13:50:54,1.84,37.81740,-122.29061,0.656,27.764,0.0,-65,1.792,1.583,0.492
2014/10/02 13:50:59,1.78,37.81719,-122.29020,-1.969,14.174,0.0,-65,1.759,1.042,0.373
2014/10/02 13:51:04,2.63,37.81707,-122.28992,-14.764,8.864,0.0,-65,1.164,0.917,0.333
2014/10/02 13:51:09,2.63,37.81703,-122.28987,-11.483,0.064,0.0,-65,1.275,0.875,0.388
2014/10/02 13:51:14,2.49,37.81702,-122.28986,-8.530,0.057,0.0,-65,1.814,1.125,0.316
2014/10/02 13:51:19,2.64,37.81700,-122.28986,-4.593,0.161,0.0,-65,1.638,1.625,0.343
2014/10/02 13:51:24,2.64,37.81699,-122.28985,-1.312,0.068,0.0,-65,1.856,1.792,0.324
2014/10/02 13:51:29,2.64,37.81693,-122.28976,1.640,10.773,0.0,-65,1.577,1.125,1.052
2014/10/02 13:51:34,1.78,37.81682,-122.28942,-1.640,18.263,0.0,-65,2.006,0.792,0.354
2014/10/02 13:51:39,2.09,37.81668,-122.28886,-2.953,26.160,0.0,-65,2.600,0.458,0.204
2014/10/02 13:51:44,2.01,37.81655,-122.28827,-1.969,22.641,0.0,-65,3.397,0.000,0.172
2014/10/02 13:51:49,1.92,37.81643,-122.28775,-1.969,17.549,0.0,-65,3.469,0.625,0.264
2014/10/02 13:51:54,1.92,37.81638,-122.28753,-1.969,0.920,0.0,-65,3.489,0.875,0.204
2014/10/02 13:51:59,1.78,37.81638,-122.28753,-2.625,0.030,0.0,-55,3.295,1.375,0.228
2014/10/02 13:52:04,1.92,37.81639,-122.28753,-3.609,0.032,0.0,-55,3.878,1.500,0.192
2014/10/02 13:52:09,1.92,37.81640,-122.28752,-5.577,0.029,0.0,-55,3.461,1.125,0.431
2014/10/02 13:52:14,1.78,37.81640,-122.28752,-6.234,0.576,0.0,-55,3.161,1.708,0.637
2014/10/02 13:52:19,1.92,37.81638,-122.28735,-8.202,14.302,0.0,-55,2.917,1.750,0.435
2014/10/02 13:52:24,1.78,37.81628,-122.28689,-7.874,22.920,0.0,-55,3.008,1.042,0.281
2014/10/02 13:52:29,1.92,37.81613,-122.28627,-7.874,24.266,0.0,-67,2.641,1.042,0.223
2014/10/02 13:52:34,1.78,37.81598,-122.28564,-7.874,27.205,0.0,-67,1.606,1.292,0.629
2014/10/02 13:52:39,2.0,37.81580,-122.28491,-6.890,31.493,0.0,-67,0.247,0.000,1.502
2014/10/02 13:52:44,1.78,37.81561,-122.28420,-6.234,30.478,0.0,-67,0.249,0.667,0.269
2014/10/02 13:52:49,1.78,37.81541,-122.28336,-4.593,36.333,0.0,-67,0.592,0.542,1.008
2014/10/02 13:52:54,1.78,37.81521,-122.28246,-3.281,35.437,0.0,-67,0.352,0.458,2.451
2014/10/02 13:52:59,2.0,37.81503,-122.28161,-3.609,35.690,0.0,-55,0.648,0.000,0.222
2014/10/02 13:53:04,1.78,37.81482,-122.28076,-1.969,34.052,0.0,-55,0.893,1.375,0.288
2014/10/02 13:53:09,1.78,37.81472,-122.27996,-3.609,27.233,0.0,-55,1.185,1.208,0.240
2014/10/02 13:53:14,1.78,37.81468,-122.27946,-1.969,16.721,0.0,-55,0.972,1.458,0.448
2014/10/02 13:53:19,1.78,37.81465,-122.27917,0.656,2.934,0.0,-55,0.901,1.125,0.968
2014/10/02 13:53:24,1.78,37.81462,-122.27916,0.656,0.025,0.0,-55,0.485,1.042,0.976
2014/10/02 13:53:29,1.78,37.81462,-122.27916,2.625,0.040,0.0,-67,0.609,0.000,2.453
2014/10/02 13:53:34,1.78,37.81461,-122.27916,3.937,0.086,0.0,-67,1.133,0.667,1.672
2014/10/02 13:53:39,1.78,37.81460,-122.27916,6.562,0.052,0.0,-67,0.933,1.042,0.197
2014/10/02 13:53:44,1.75,37.81459,-122.27916,7.218,0.024,0.0,-67,1.222,1.042,0.709
2014/10/02 13:53:49,1.82,37.81459,-122.27909,8.202,9.375,0.0,-67,0.706,0.708,2.861
2014/10/02 13:53:54,1.75,37.81446,-122.27868,9.843,20.325,0.0,-67,0.991,0.000,0.000
2014/10/02 13:53:59,1.78,37.81425,-122.27815,11.811,25.558,0.0,-67,0.158,0.000,0.000
2014/10/02 13:54:04,1.82,37.81403,-122.27758,12.467,24.312,0.0,-63,0.055,0.000,0.000
2014/10/02 13:54:09,1.78,37.81383,-122.27699,5.249,25.688,0.0,-63,0.071,0.000,2.093
2014/10/02 13:54:14,1.78,37.81357,-122.27639,15.092,26.219,0.0,-63,0.080,0.000,1.349
2014/10/02 13:54:19,1.78,37.81335,-122.27582,13.451,24.262,0.0,-63,0.255,0.000,0.224
2014/10/02 13:54:24,1.78,37.81317,-122.27532,9.843,20.067,0.0,-63,0.326,0.042,0.304
2014/10/02 13:54:29,1.78,37.81297,-122.27490,8.530,15.880,0.0,-63,2.017,0.792,0.209
2014/10/02 13:54:34,1.9,37.81263,-122.27499,12.467,24.490,0.0,-55,0.625,1.500,0.512
2014/10/02 13:54:39,1.75,37.81206,-122.27529,29.199,30.229,0.0,-55,0.712,1.583,0.453
2014/10/02 13:54:44,3.2,37.81150,-122.27564,32.480,31.749,0.0,-55,0.375,0.750,0.472
2014/10/02 13:54:49,2.55,37.81095,-122.27598,36.089,27.618,0.0,-55,0.492,1.167,1.372
2014/10/02 13:54:54,1.78,37.81058,-122.27621,38.714,11.065,0.0,-55,0.544,1.167,0.265
2014/10/02 13:54:59,2.55,37.81042,-122.27631,36.089,15.626,0.0,-55,2.825,1.542,0.212
2014/10/02 13:55:04,3.22,37.80995,-122.27662,38.058,32.255,0.0,-61,0.955,1.375,0.296
2014/10/02 13:55:09,1.9,37.80922,-122.27708,40.354,42.007,0.0,-61,2.655,0.000,0.320
2014/10/02 13:55:14,1.78,37.80842,-122.27754,42.979,44.658,0.0,-61,1.845,0.875,0.304
2014/10/02 13:55:19,1.98,37.80754,-122.27802,31.824,51.935,0.0,-61,0.436,0.000,1.112
2014/10/02 13:55:24,1.9,37.80652,-122.27856,19.029,56.144,0.0,-61,0.222,0.375,2.373
2014/10/02 13:55:29,2.63,37.80545,-122.27914,12.139,60.475,0.0,-61,0.897,0.000,0.341
2014/10/02 13:55:34,1.9,37.80432,-122.27977,23.294,60.181,0.0,-73,1.214,0.375,0.332
2014/10/02 13:55:39,1.75,37.80320,-122.28029,43.963,58.836,0.0,-73,1.075,0.333,0.252
2014/10/02 13:55:44,1.75,37.80204,-122.28038,64.633,57.682,0.0,-73,1.895,0.375,0.265
2014/10/02 13:55:49,1.75,37.80095,-122.27998,77.756,55.320,0.0,-73,1.603,0.625,1.248
2014/10/02 13:55:54,1.75,37.80006,-122.27918,78.740,54.107,0.0,-73,2.283,1.458,0.853
2014/10/02 13:55:59,1.75,37.79943,-122.27812,67.585,52.061,0.0,-73,1.175,0.833,0.000
2014/10/02 13:56:04,1.78,37.79896,-122.27691,46.916,54.204,0.0,-73,0.800,0.000,0.000
2014/10/02 13:56:09,1.84,37.79847,-122.27571,44.619,53.453,0.0,-53,1.808,0.417,0.765
2014/10/02 13:56:14,1.75,37.79800,-122.27453,48.556,49.317,0.0,-53,1.333,0.917,1.012
2014/10/02 13:56:19,1.75,37.79749,-122.27346,50.197,49.661,0.0,-53,1.228,0.958,0.484
2014/10/02 13:56:24,1.75,37.79705,-122.27233,47.572,50.035,0.0,-53,0.864,0.417,0.400
2014/10/02 13:56:29,1.75,37.79668,-122.27122,42.651,45.575,0.0,-53,0.658,0.500,1.978
2014/10/02 13:56:34,1.96,37.79631,-122.27023,27.887,40.434,0.0,-53,1.119,0.000,0.246
2014/10/02 13:56:39,2.06,37.79599,-122.26941,18.045,32.667,0.0,-71,0.708,1.333,1.413
2014/10/02 13:56:44,2.55,37.79568,-122.26870,16.732,30.149,0.0,-71,0.903,0.500,0.472
2014/10/02 13:56:49,2.06,37.79543,-122.26809,24.606,25.203,0.0,-71,0.692,1.042,0.999
2014/10/02 13:56:54,1.81,37.79521,-122.26759,21.982,21.210,0.0,-71,0.994,1.125,1.120
2014/10/02 13:56:59,1.75,37.79503,-122.26715,15.092,16.985,0.0,-71,0.436,0.000,0.000
2014/10/02 13:57:04,2.06,37.79496,-122.26683,18.701,11.495,0.0,-71,0.000,0.333,0.280
2014/10/02 13:57:09,1.79,37.79508,-122.26668,21.654,7.045,0.0,-61,0.003,1.708,0.281
2014/10/02 13:57:14,1.95,37.79520,-122.26662,12.139,3.897,0.0,-61,1.419,1.708,0.176
2014/10/02 13:57:19,1.78,37.79547,-122.26652,5.577,13.092,0.0,-61,1.247,1.500,0.217
2014/10/02 13:57:24,1.75,37.79569,-122.26683,19.685,21.264,0.0,-61,0.685,1.750,0.504
2014/10/02 13:57:29,2.06,37.79586,-122.26724,41.995,14.554,0.0,-61,1.041,1.750,0.528
2014/10/02 13:57:34,2.68,37.79592,-122.26736,30.840,0.032,0.0,-61,0.621,1.542,0.375
2014/10/02 13:57:39,2.68,37.79593,-122.26736,32.480,0.047,0.0,-67,0.907,1.792,0.544
2014/10/02 13:57:44,2.68,37.79593,-122.26735,34.121,0.042,0.0,-67,0.943,1.500,0.344
2014/10/02 13:57:49,1.78,37.79593,-122.26734,34.121,0.027,0.0,-67,1.239,1.708,0.424
2014/10/02 13:57:54,2.68,37.79593,-122.26734,34.121,0.051,0.0,-67,0.000,1.792,0.539
2014/10/02 13:57:59,1.78,37.79593,-122.26735,33.793,0.105,0.0,-67,1.731,1.500,0.613
2014/10/02 13:58:04,2.57,37.79595,-122.26744,31.168,6.431,0.0,-67,1.386,1.667,0.385
2014/10/02 13:58:09,1.88,37.79589,-122.26748,27.887,2.732,0.0,-67,1.330,1.708,0.408
2014/10/02 13:58:14,4.06,37.79589,-122.26746,32.808,0.450,0.0,-51,1.613,1.625,0.570
2014/10/02 13:58:19,3.21,37.79589,-122.26746,41.995,0.539,0.0,-51,1.292,1.458,0.279
2014/10/02 13:58:24,3.21,37.79590,-122.26747,42.323,0.305,0.0,-51,1.306,1.750,0.212
2014/10/02 13:58:29,1.82,37.79590,-122.26743,43.635,3.784,0.0,-51,1.494,0.000,0.251
2014/10/02 13:58:34,1.74,37.79587,-122.26721,23.294,11.445,0.0,-51,1.798,1.542,0.352
2014/10/02 13:58:39,2.06,37.79583,-122.26687,-11.483,10.074,0.0,-51,1.061,1.125,0.252
2014/10/02 13:58:44,1.82,37.79570,-122.26666,21.654,3.867,0.0,-67,0.553,1.125,0.453
2014/10/02 13:58:49,1.74,37.79566,-122.26666,38.714,2.206,0.0,-67,0.642,1.750,0.440
2014/10/02 13:58:54,1.74,37.79567,-122.26671,67.585,1.594,0.0,-67,0.720,1.708,0.536
2014/10/02 13:58:59,2.06,37.79570,-122.26673,77.756,0.550,0.0,-67,0.954,1.708,0.500
2014/10/02 13:59:04,1.86,37.79573,-122.26676,83.333,0.580,0.0,-67,1.225,1.750,0.592
2014/10/02 13:59:09,1.74,37.79571,-122.26676,113.517,0.973,0.0,-67,1.104,1.625,0.364
2014/10/02 13:59:14,1.74,37.79570,-122.26675,144.357,0.798,0.0,-69,1.387,1.667,0.365
2014/10/02 13:59:19,1.74,37.79569,-122.26676,166.339,1.020,0.0,-69,0.876,1.750,0.508
2014/10/02 13:59:24,1.74,37.79568,-122.26676,185.367,1.071,0.0,-69,0.811,1.833,0.492
2014/10/02 13:59:29,1.74,37.79566,-122.26675,200.131,1.034,0.0,-69,0.791,0.958,0.157
2014/10/02 13:59:34,1.74,37.79563,-122.26672,222.441,1.266,0.0,-69,0.821,1.125,0.757
2014/10/02 13:59:39,1.74,37.79560,-122.26671,241.142,0.833,0.0,-69,1.226,1.458,0.989
2014/10/02 13:59:44,1.74,37.79561,-122.26671,247.047,0.740,0.0,-69,1.088,2.167,1.797
2014/10/02 13:59:49,1.78,37.79562,-122.26673,247.703,1.126,0.0,-69,0.459,1.958,1.549
2014/10/02 13:59:54,1.78,37.79564,-122.26675,248.688,0.772,0.0,-69,0.843,0.000,1.693
2014/10/02 13:59:59,1.78,37.79565,-122.26676,255.906,0.590,0.0,-69,1.089,1.542,1.180
2014/10/02 14:00:04,1.74,37.79565,-122.26678,267.388,0.454,0.0,-69,0.000,0.000,0.233
2014/10/02 14:00:09,1.74,37.79564,-122.26679,276.247,0.488,0.0,-69,0.000,0.000,0.000
2014/10/02 14:00:14,1.74,37.79563,-122.26680,286.089,0.469,0.0,-69,0.000,0.000,0.000
2014/10/02 14:00:19,1.74,37.79563,-122.26681,292.979,0.398,0.0,-71,0.000,0.000,0.727
2014/10/02 14:00:24,1.74,37.79564,-122.26682,295.604,0.344,0.0,-71,0.000,0.000,0.513
2014/10/02 14:00:29,1.74,37.79565,-122.26684,294.291,0.536,0.0,-71,0.000,0.000,0.465
2014/10/02 14:00:34,1.77,37.79566,-122.26684,290.026,1.610,0.0,-71,0.000,0.000,0.441
2014/10/02 14:00:39,1.77,37.79566,-122.26683,289.370,0.640,0.0,-71,0.000,0.000,0.541
2014/10/02 14:00:44,1.77,37.79566,-122.26684,289.698,0.384,0.0,-71,0.000,0.000,0.553
2014/10/02 14:00:49,1.77,37.79564,-122.26683,294.619,0.770,0.0,-67,0.000,0.000,0.177
2014/10/02 14:00:54,1.77,37.79564,-122.26685,300.197,0.447,0.0,-67,0.000,0.000,1.529
2014/10/02 14:00:59,1.77,37.79563,-122.26689,309.383,0.350,0.0,-67,0.000,0.000,0.481
2014/10/02 14:01:04,2.06,37.79563,-122.26690,303.150,0.337,0.0,-67,0.000,0.000,0.453
2014/10/02 14:01:09,1.73,37.79563,-122.26690,298.228,0.179,0.0,-67,0.000,0.000,0.493
2014/10/02 14:01:14,1.73,37.79562,-122.26689,302.165,0.118,0.0,-67,0.000,0.000,0.581
2014/10/02 14:01:19,1.78,37.79561,-122.26688,307.743,0.627,0.0,-69,0.000,0.000,0.465
2014/10/02 14:01:24,1.73,37.79564,-122.26689,284.777,0.042,0.0,-69,0.000,0.000,0.433
2014/10/02 14:01:29,1.73,37.79565,-122.26691,273.294,0.318,0.0,-69,0.000,0.000,0.209
2014/10/02 14:01:34,1.73,37.79563,-122.26690,280.512,0.132,0.0,-69,0.000,0.000,1.837
2014/10/02 14:01:39,1.73,37.79561,-122.26687,289.698,0.317,0.0,-69,0.000,0.000,0.373
2014/10/02 14:01:44,1.73,37.79561,-122.26685,285.433,0.108,0.0,-69,0.000,0.000,0.146
