Date-Time,DOP,Latitude,Longitude,Altitude (ft),Speed (mph),Heading (deg),mod1 SS (dBm),mod1 Down (Mbs),mod1 Up (Mbs),mod1 Ping (Sec)
2014/10/01 14:41:04,2.86,38.50367,-122.46793,292.979,0.021,0.0,-89,0.123,0.042,0.493
2014/10/01 14:41:09,2.86,38.50368,-122.46793,293.307,0.854,0.0,-89,0.022,0.000,0.432
2014/10/01 14:41:14,2.86,38.50370,-122.46791,291.995,0.901,0.0,-89,0.050,0.083,0.474
2014/10/01 14:41:19,2.86,38.50371,-122.46790,287.730,0.526,0.0,-89,0.083,0.042,0.426
2014/10/01 14:41:24,2.86,38.50371,-122.46782,287.402,7.524,0.0,-89,0.075,0.000,0.429
2014/10/01 14:41:29,2.85,38.50360,-122.46759,286.417,9.542,0.0,-89,0.149,0.042,0.441
2014/10/01 14:41:34,2.85,38.50347,-122.46735,285.433,10.201,0.0,-87,0.083,0.000,0.000
2014/10/01 14:41:39,2.85,38.50343,-122.46728,281.824,0.084,0.0,-87,0.080,0.042,0.000
2014/10/01 14:41:44,2.85,38.50343,-122.46728,278.215,0.007,0.0,-87,0.111,0.000,0.462
2014/10/01 14:41:49,2.85,38.50342,-122.46728,274.934,0.029,0.0,-87,0.083,0.042,0.430
2014/10/01 14:41:54,2.85,38.50342,-122.46728,272.310,0.016,0.0,-87,0.080,0.042,0.469
2014/10/01 14:41:59,1.69,38.50342,-122.46728,269.029,0.008,0.0,-87,0.050,0.000,0.437
2014/10/01 14:42:04,1.69,38.50342,-122.46727,264.764,0.001,0.0,-91,0.086,0.000,0.434
2014/10/01 14:42:09,1.69,38.50341,-122.46727,261.155,1.292,0.0,-91,0.130,0.042,0.439
2014/10/01 14:42:14,1.69,38.50335,-122.46715,262.467,9.328,0.0,-91,0.000,0.000,0.484
2014/10/01 14:42:19,1.7,38.50318,-122.46687,262.139,17.271,0.0,-91,0.113,0.042,0.438
2014/10/01 14:42:24,1.7,38.50292,-122.46644,260.171,23.379,0.0,-91,0.055,0.042,0.000
2014/10/01 14:42:29,1.7,38.50262,-122.46593,260.499,25.967,0.0,-91,0.110,0.000,0.000
2014/10/01 14:42:34,1.78,38.50221,-122.46544,255.577,29.441,0.0,-91,0.109,0.042,0.000
2014/10/01 14:42:39,1.78,38.50175,-122.46494,254.593,30.424,0.0,-87,0.058,0.042,0.406
2014/10/01 14:42:44,1.78,38.50131,-122.46446,252.625,27.426,0.0,-87,0.134,0.042,0.000
2014/10/01 14:42:49,1.76,38.50093,-122.46400,253.937,26.428,0.0,-87,0.080,0.042,0.000
2014/10/01 14:42:54,1.7,38.50053,-122.46355,251.312,27.152,0.0,-87,0.108,0.000,0.000
2014/10/01 14:42:59,1.78,38.50010,-122.46305,246.391,30.009,0.0,-87,0.083,0.042,0.420
2014/10/01 14:43:04,1.78,38.49963,-122.46252,244.094,31.397,0.0,-87,0.000,0.000,0.000
2014/10/01 14:43:09,1.7,38.49915,-122.46197,242.126,31.870,0.0,-75,0.000,0.083,0.000
2014/10/01 14:43:14,1.7,38.49867,-122.46141,240.486,31.789,0.0,-75,0.000,0.000,0.493
2014/10/01 14:43:19,1.76,38.49819,-122.46087,240.486,31.105,0.0,-75,0.006,0.083,0.425
2014/10/01 14:43:24,1.7,38.49773,-122.46033,240.157,31.373,0.0,-75,0.144,0.042,0.414
2014/10/01 14:43:29,1.71,38.49725,-122.45978,236.220,32.441,0.0,-75,0.064,0.042,0.472
2014/10/01 14:43:34,1.8,38.49675,-122.45922,232.940,33.448,0.0,-75,0.080,0.000,0.591
2014/10/01 14:43:39,1.71,38.49624,-122.45863,232.940,34.357,0.0,-85,0.091,0.000,0.000
2014/10/01 14:43:44,1.71,38.49571,-122.45802,233.596,36.779,0.0,-85,0.000,0.000,0.000
2014/10/01 14:43:49,1.71,38.49514,-122.45737,233.268,39.125,0.0,-85,0.000,0.000,0.546
2014/10/01 14:43:54,1.71,38.49444,-122.45654,232.283,39.861,0.0,-85,0.000,0.000,0.472
2014/10/01 14:43:59,1.71,38.49384,-122.45589,229.659,38.378,0.0,-85,0.006,0.000,0.462
2014/10/01 14:44:04,1.71,38.49331,-122.45527,231.299,34.892,0.0,-85,0.086,0.042,0.435
2014/10/01 14:44:09,1.71,38.49278,-122.45464,230.971,37.144,0.0,-69,0.088,0.000,0.000
2014/10/01 14:44:14,1.71,38.49223,-122.45396,231.955,38.562,0.0,-69,0.061,0.000,0.000
2014/10/01 14:44:19,1.71,38.49164,-122.45328,229.659,39.322,0.0,-69,0.000,0.000,0.000
2014/10/01 14:44:24,1.71,38.49105,-122.45261,226.050,39.235,0.0,-69,0.122,0.000,0.529
2014/10/01 14:44:29,1.71,38.49045,-122.45194,222.113,39.679,0.0,-69,0.125,0.000,1.183
2014/10/01 14:44:34,1.71,38.48984,-122.45124,219.160,41.578,0.0,-69,0.075,0.000,0.780
2014/10/01 14:44:39,1.71,38.48926,-122.45056,216.535,37.819,0.0,-69,0.039,0.000,0.497
2014/10/01 14:44:44,1.72,38.48869,-122.44989,218.504,36.049,0.0,-75,0.000,0.000,0.521
2014/10/01 14:44:49,1.72,38.48816,-122.44927,215.551,35.813,0.0,-75,0.000,0.000,0.000
2014/10/01 14:44:54,1.72,38.48763,-122.44863,213.583,36.988,0.0,-75,0.000,0.000,8.325
2014/10/01 14:44:59,1.72,38.48707,-122.44795,213.583,39.522,0.0,-75,0.000,0.000,0.515
2014/10/01 14:45:04,1.72,38.48648,-122.44724,209.974,40.742,0.0,-75,0.000,0.000,0.514
2014/10/01 14:45:10,1.72,38.48587,-122.44652,206.693,41.421,0.0,-75,0.000,0.000,0.794
2014/10/01 14:45:15,1.72,38.48526,-122.44581,202.756,41.444,0.0,-75,0.000,0.000,0.730
2014/10/01 14:45:20,1.72,38.48466,-122.44508,201.115,41.367,0.0,-75,0.000,0.042,0.425
2014/10/01 14:45:25,1.67,38.48406,-122.44435,198.819,41.111,0.0,-75,0.000,0.000,0.442
2014/10/01 14:45:30,1.67,38.48346,-122.44364,196.194,40.276,0.0,-75,0.000,0.000,0.450
2014/10/01 14:45:35,1.75,38.48292,-122.44298,203.740,34.487,0.0,-75,0.006,0.000,0.474
2014/10/01 14:45:40,1.68,38.48240,-122.44239,204.068,33.616,0.0,-75,0.000,0.042,5.058
2014/10/01 14:45:45,1.68,38.48189,-122.44175,202.428,33.870,0.0,-77,0.000,0.000,0.462
2014/10/01 14:45:50,1.68,38.48133,-122.44109,202.100,38.855,0.0,-77,0.000,0.000,0.434
2014/10/01 14:45:55,1.68,38.48073,-122.44038,197.178,41.520,0.0,-77,0.000,0.042,0.459
2014/10/01 14:46:00,1.72,38.48009,-122.43963,193.241,43.504,0.0,-77,0.006,0.000,0.458
2014/10/01 14:46:05,1.68,38.47945,-122.43886,187.664,44.356,0.0,-77,0.000,0.000,0.497
2014/10/01 14:46:10,1.68,38.47879,-122.43810,184.383,43.335,0.0,-77,0.000,0.000,0.519
2014/10/01 14:46:15,1.68,38.47815,-122.43736,179.790,42.486,0.0,-73,0.000,0.042,0.598
2014/10/01 14:46:20,1.68,38.47755,-122.43665,178.150,39.623,0.0,-73,0.006,0.042,0.000
2014/10/01 14:46:25,1.68,38.47699,-122.43599,176.837,37.762,0.0,-73,0.097,0.000,0.000
2014/10/01 14:46:30,1.68,38.47636,-122.43547,176.181,39.115,0.0,-73,0.080,0.042,0.000
2014/10/01 14:46:35,1.73,38.47563,-122.43497,175.197,42.355,0.0,-73,0.000,0.000,0.997
2014/10/01 14:46:40,1.73,38.47488,-122.43443,173.228,42.474,0.0,-73,0.000,0.000,0.000
2014/10/01 14:46:45,1.8,38.47413,-122.43391,170.276,40.616,0.0,-75,0.000,0.000,0.000
2014/10/01 14:46:50,2.76,38.47338,-122.43343,166.339,42.553,0.0,-75,0.000,0.000,0.465
2014/10/01 14:46:55,2.51,38.47262,-122.43291,165.026,41.082,0.0,-75,0.000,0.042,0.550
2014/10/01 14:47:00,1.71,38.47191,-122.43240,163.714,41.576,0.0,-75,0.000,0.000,0.498
2014/10/01 14:47:05,1.71,38.47119,-122.43191,161.745,39.639,0.0,-75,0.000,0.042,0.690
2014/10/01 14:47:10,1.71,38.47052,-122.43144,162.073,37.603,0.0,-75,0.000,0.000,0.507
2014/10/01 14:47:15,1.71,38.46983,-122.43097,162.073,39.513,0.0,-75,0.003,0.000,0.562
2014/10/01 14:47:20,1.71,38.46916,-122.43052,163.058,36.939,0.0,-73,0.042,0.083,0.430
2014/10/01 14:47:25,1.71,38.46850,-122.43007,163.386,38.661,0.0,-73,0.000,0.042,0.000
2014/10/01 14:47:30,1.71,38.46778,-122.42957,161.745,40.841,0.0,-73,0.000,0.000,0.000
2014/10/01 14:47:35,1.71,38.46708,-122.42907,161.089,39.538,0.0,-73,0.003,0.000,0.570
2014/10/01 14:47:40,1.71,38.46640,-122.42859,161.745,38.840,0.0,-73,0.080,0.000,1.242
2014/10/01 14:47:45,1.8,38.46572,-122.42810,163.386,40.479,0.0,-73,0.044,0.042,0.807
2014/10/01 14:47:50,1.71,38.46502,-122.42759,163.058,40.657,0.0,-73,0.107,0.042,0.000
2014/10/01 14:47:55,1.77,38.46430,-122.42707,165.354,41.843,0.0,-73,0.058,0.042,0.000
2014/10/01 14:48:00,1.68,38.46356,-122.42654,167.323,42.818,0.0,-73,0.080,0.042,1.411
2014/10/01 14:48:05,1.8,38.46282,-122.42600,170.276,41.649,0.0,-73,0.000,0.000,0.566
2014/10/01 14:48:10,1.72,38.46209,-122.42549,171.588,41.286,0.0,-73,0.039,0.000,0.505
2014/10/01 14:48:15,1.8,38.46137,-122.42496,174.213,41.937,0.0,-73,0.061,0.042,0.878
2014/10/01 14:48:20,1.8,38.46063,-122.42444,173.228,42.687,0.0,-69,0.080,0.000,0.438
2014/10/01 14:48:25,1.68,38.45992,-122.42388,173.228,40.441,0.0,-69,0.074,0.000,0.530
2014/10/01 14:48:30,1.68,38.45929,-122.42332,172.572,38.039,0.0,-69,0.080,0.083,0.498
2014/10/01 14:48:35,1.68,38.45866,-122.42274,172.572,39.735,0.0,-69,0.000,0.000,0.578
2014/10/01 14:48:40,1.68,38.45800,-122.42212,172.244,42.009,0.0,-69,0.000,0.042,0.454
2014/10/01 14:48:45,1.68,38.45731,-122.42148,170.932,42.457,0.0,-69,0.000,0.000,0.505
2014/10/01 14:48:50,1.69,38.45661,-122.42083,168.963,44.174,0.0,-83,0.000,0.042,0.457
2014/10/01 14:48:55,1.69,38.45586,-122.42014,166.995,47.470,0.0,-83,0.003,0.000,1.404
2014/10/01 14:49:00,1.69,38.45508,-122.41941,165.682,48.771,0.0,-83,0.091,0.083,0.550
2014/10/01 14:49:05,1.69,38.45428,-122.41867,164.370,49.595,0.0,-83,0.064,0.042,0.881
2014/10/01 14:49:10,1.69,38.45347,-122.41793,163.386,49.543,0.0,-83,0.000,0.000,0.510
2014/10/01 14:49:15,1.69,38.45269,-122.41719,162.730,47.892,0.0,-83,0.000,0.042,0.453
2014/10/01 14:49:20,1.69,38.45196,-122.41650,161.089,42.772,0.0,-83,0.000,0.042,0.464
2014/10/01 14:49:25,1.69,38.45126,-122.41585,158.465,43.117,0.0,-75,0.000,0.042,0.450
2014/10/01 14:49:30,1.69,38.45055,-122.41518,156.824,44.710,0.0,-75,0.000,0.000,0.000
2014/10/01 14:49:35,1.69,38.44981,-122.41452,155.512,44.985,0.0,-75,0.003,0.000,0.000
2014/10/01 14:49:40,1.69,38.44892,-122.41370,152.887,46.285,0.0,-75,0.000,0.125,0.586
2014/10/01 14:49:45,1.82,38.44813,-122.41299,150.591,49.965,0.0,-75,0.000,0.042,0.617
2014/10/01 14:49:50,1.78,38.44728,-122.41223,149.278,52.657,0.0,-75,0.003,0.042,0.434
2014/10/01 14:49:55,1.78,38.44642,-122.41144,147.638,51.057,0.0,-75,0.000,0.000,0.626
2014/10/01 14:50:00,1.69,38.44558,-122.41069,145.669,51.222,0.0,-75,0.000,0.042,0.452
2014/10/01 14:50:05,1.69,38.44472,-122.40994,146.654,52.265,0.0,-75,0.000,0.000,0.472
2014/10/01 14:50:10,1.69,38.44386,-122.40919,147.638,50.831,0.0,-75,0.000,0.000,0.477
2014/10/01 14:50:15,1.69,38.44305,-122.40845,148.622,49.213,0.0,-75,0.003,0.000,0.994
2014/10/01 14:50:20,1.69,38.44223,-122.40771,149.606,50.794,0.0,-75,0.083,0.042,0.678
2014/10/01 14:50:25,1.7,38.44139,-122.40695,149.934,52.357,0.0,-89,0.105,0.000,0.438
2014/10/01 14:50:30,1.7,38.44055,-122.40616,150.591,52.586,0.0,-89,0.000,0.083,0.450
2014/10/01 14:50:35,1.7,38.43969,-122.40538,152.231,51.277,0.0,-89,0.000,0.042,0.622
2014/10/01 14:50:40,1.78,38.43888,-122.40464,153.215,49.182,0.0,-89,0.000,0.000,0.673
2014/10/01 14:50:46,1.7,38.43806,-122.40393,155.184,48.735,0.0,-89,0.003,0.000,0.432
2014/10/01 14:50:51,1.7,38.43728,-122.40325,157.152,45.646,0.0,-89,0.000,0.083,0.483
2014/10/01 14:50:56,1.7,38.43655,-122.40259,158.136,44.522,0.0,-91,0.000,0.000,0.501
2014/10/01 14:51:01,1.79,38.43580,-122.40192,155.840,45.756,0.0,-91,0.000,0.000,0.474
2014/10/01 14:51:06,1.7,38.43506,-122.40123,155.840,44.806,0.0,-91,0.000,0.042,0.000
2014/10/01 14:51:11,1.7,38.43436,-122.40059,154.856,43.934,0.0,-91,0.003,0.042,0.000
2014/10/01 14:51:16,1.79,38.43361,-122.39991,152.231,46.134,0.0,-91,0.083,0.000,0.483
2014/10/01 14:51:21,1.79,38.43282,-122.39920,149.606,50.324,0.0,-91,0.125,0.042,0.762
2014/10/01 14:51:26,1.7,38.43201,-122.39847,149.606,47.719,0.0,-91,0.057,0.042,1.289
2014/10/01 14:51:31,1.7,38.43122,-122.39775,147.310,50.318,0.0,-97,0.069,0.000,0.522
2014/10/01 14:51:36,1.79,38.43041,-122.39701,146.325,48.310,0.0,-97,0.000,0.000,0.535
2014/10/01 14:51:41,1.79,38.42962,-122.39630,145.997,47.886,0.0,-97,0.069,0.042,0.442
2014/10/01 14:51:46,1.77,38.42883,-122.39561,151.575,48.319,0.0,-97,0.044,0.042,0.599
2014/10/01 14:51:51,1.79,38.42803,-122.39487,151.247,49.882,0.0,-97,0.058,0.000,0.698
2014/10/01 14:51:56,1.79,38.42718,-122.39414,149.606,50.784,0.0,-97,0.044,0.000,0.461
2014/10/01 14:52:01,1.84,38.42632,-122.39343,149.278,50.623,0.0,-81,0.069,0.000,0.509
2014/10/01 14:52:06,1.79,38.42548,-122.39273,148.950,49.319,0.0,-81,0.039,0.000,0.474
2014/10/01 14:52:11,1.79,38.42463,-122.39204,147.966,50.274,0.0,-81,0.105,0.000,0.439
2014/10/01 14:52:16,1.79,38.42377,-122.39133,149.278,51.261,0.0,-81,0.058,0.000,1.019
2014/10/01 14:52:21,1.84,38.42290,-122.39062,153.215,52.125,0.0,-81,0.119,0.042,0.721
2014/10/01 14:52:26,1.91,38.42202,-122.38994,156.168,50.359,0.0,-81,0.000,0.042,0.463
2014/10/01 14:52:31,1.82,38.42114,-122.38929,158.465,50.070,0.0,-93,0.124,0.000,2.379
2014/10/01 14:52:36,1.82,38.42024,-122.38863,160.433,52.281,0.0,-93,0.025,0.083,0.461
2014/10/01 14:52:41,1.82,38.41934,-122.38795,162.073,51.485,0.0,-93,0.066,0.000,0.463
2014/10/01 14:52:46,1.74,38.41852,-122.38733,166.339,44.284,0.0,-93,0.088,0.000,0.437
2014/10/01 14:52:51,1.82,38.41772,-122.38675,170.276,47.125,0.0,-93,0.039,0.042,0.734
2014/10/01 14:52:56,1.82,38.41690,-122.38613,172.900,47.045,0.0,-93,0.042,0.042,0.426
2014/10/01 14:53:01,1.84,38.41608,-122.38553,175.197,46.248,0.0,-91,0.058,0.000,0.458
2014/10/01 14:53:06,1.76,38.41528,-122.38492,178.478,47.413,0.0,-91,0.000,0.000,0.426
2014/10/01 14:53:11,1.84,38.41444,-122.38430,183.071,48.256,0.0,-91,0.066,0.083,0.434
2014/10/01 14:53:16,1.84,38.41361,-122.38367,189.633,48.355,0.0,-91,0.019,0.042,0.431
2014/10/01 14:53:21,1.84,38.41276,-122.38301,194.882,48.447,0.0,-91,0.113,0.000,0.494
2014/10/01 14:53:26,1.77,38.41201,-122.38229,191.273,46.398,0.0,-91,0.108,0.000,0.453
2014/10/01 14:53:31,1.77,38.41133,-122.38141,186.680,49.683,0.0,-91,0.000,0.000,2.606
2014/10/01 14:53:36,1.77,38.41075,-122.38037,183.399,49.995,0.0,-91,0.000,0.000,0.562
2014/10/01 14:53:41,1.77,38.41028,-122.37921,177.822,51.271,0.0,-91,0.000,0.083,0.466
2014/10/01 14:53:46,1.77,38.40985,-122.37800,171.260,52.782,0.0,-91,0.003,0.000,0.450
2014/10/01 14:53:51,1.77,38.40942,-122.37676,167.323,53.301,0.0,-91,0.025,0.000,0.822
2014/10/01 14:53:56,1.77,38.40898,-122.37551,163.058,53.938,0.0,-91,0.000,0.000,0.510
2014/10/01 14:54:01,1.77,38.40852,-122.37423,159.777,55.042,0.0,-91,0.028,0.000,0.811
2014/10/01 14:54:06,1.77,38.40803,-122.37297,156.168,54.833,0.0,-99,0.066,0.000,0.649
2014/10/01 14:54:11,1.77,38.40753,-122.37178,150.919,47.542,0.0,-99,0.036,0.042,0.000
2014/10/01 14:54:16,1.77,38.40712,-122.37083,147.638,40.138,0.0,-99,0.086,0.000,0.000
2014/10/01 14:54:21,1.77,38.40670,-122.36991,143.045,42.574,0.0,-99,0.077,0.000,0.622
2014/10/01 14:54:26,1.77,38.40624,-122.36905,138.780,38.941,0.0,-99,0.054,0.125,0.000
2014/10/01 14:54:31,1.77,38.40569,-122.36829,134.514,43.586,0.0,-99,0.000,0.000,0.000
2014/10/01 14:54:36,1.77,38.40499,-122.36752,127.297,46.939,0.0,-111,0.000,0.000,0.000
2014/10/01 14:54:41,1.77,38.40427,-122.36677,123.360,45.458,0.0,-111,0.000,0.000,0.000
2014/10/01 14:54:46,1.77,38.40357,-122.36603,119.094,45.635,0.0,-111,0.000,0.000,0.000
2014/10/01 14:54:51,1.77,38.40285,-122.36519,113.517,52.000,0.0,-111,0.003,0.000,0.659
2014/10/01 14:54:56,1.77,38.40205,-122.36425,108.268,55.186,0.0,-111,0.000,0.000,2.367
2014/10/01 14:55:01,1.77,38.40122,-122.36331,104.003,53.589,0.0,-111,0.000,0.000,1.654
2014/10/01 14:55:06,1.77,38.40044,-122.36241,99.409,52.196,0.0,-109,0.000,0.000,0.920
2014/10/01 14:55:11,1.77,38.39964,-122.36151,95.801,53.452,0.0,-109,0.000,0.000,0.521
2014/10/01 14:55:16,1.77,38.39886,-122.36060,104.659,51.836,0.0,-109,0.000,0.000,0.000
2014/10/01 14:55:21,1.77,38.39807,-122.35970,116.470,52.785,0.0,-109,0.000,0.042,0.000
2014/10/01 14:55:26,1.77,38.39729,-122.35880,118.766,53.006,0.0,-109,0.000,0.000,0.000
2014/10/01 14:55:31,1.77,38.39648,-122.35789,109.252,54.943,0.0,-109,0.003,0.000,0.000
2014/10/01 14:55:36,1.77,38.39563,-122.35692,96.457,57.962,0.0,-109,0.000,0.000,0.554
2014/10/01 14:55:41,1.77,38.39474,-122.35593,89.567,57.589,0.0,-97,0.097,0.000,0.470
2014/10/01 14:55:46,1.77,38.39386,-122.35503,85.630,56.127,0.0,-97,0.042,0.000,0.789
2014/10/01 14:55:51,1.77,38.39287,-122.35430,82.021,58.359,0.0,-97,0.094,0.000,0.442
2014/10/01 14:55:56,1.77,38.39184,-122.35357,81.693,57.981,0.0,-97,0.000,0.083,0.451
2014/10/01 14:56:01,1.77,38.39085,-122.35287,79.396,55.363,0.0,-97,0.000,0.042,0.462
2014/10/01 14:56:06,1.77,38.38988,-122.35218,79.068,55.620,0.0,-97,0.000,0.000,0.426
2014/10/01 14:56:11,1.77,38.38887,-122.35148,74.147,57.560,0.0,-95,0.011,0.042,0.557
2014/10/01 14:56:16,1.77,38.38781,-122.35077,72.507,59.883,0.0,-95,0.096,0.042,0.465
2014/10/01 14:56:21,1.78,38.38674,-122.35008,70.538,59.778,0.0,-95,0.073,0.042,0.470
2014/10/01 14:56:26,1.78,38.38567,-122.34940,68.570,58.888,0.0,-95,0.102,0.000,0.428
2014/10/01 14:56:31,1.78,38.38461,-122.34872,66.601,58.106,0.0,-95,0.075,0.042,0.438
2014/10/01 14:56:36,1.78,38.38359,-122.34807,65.289,56.788,0.0,-95,0.086,0.042,0.429
2014/10/01 14:56:41,1.78,38.38255,-122.34742,64.633,58.418,0.0,-93,0.097,0.000,0.429
2014/10/01 14:56:46,1.78,38.38148,-122.34673,65.289,59.796,0.0,-93,0.000,0.000,0.730
2014/10/01 14:56:51,1.75,38.38037,-122.34602,65.289,63.162,0.0,-93,0.000,0.000,0.458
2014/10/01 14:56:56,1.75,38.37922,-122.34528,65.617,64.674,0.0,-93,0.000,0.083,0.482
2014/10/01 14:57:01,1.75,38.37803,-122.34461,66.273,64.103,0.0,-93,0.000,0.000,0.445
2014/10/01 14:57:06,1.76,38.37687,-122.34399,68.898,62.087,0.0,-93,0.003,0.083,0.435
2014/10/01 14:57:11,1.76,38.37573,-122.34340,72.178,60.472,0.0,-99,0.000,0.000,0.542
2014/10/01 14:57:16,1.76,38.37462,-122.34282,75.787,60.928,0.0,-99,0.083,0.042,0.555
2014/10/01 14:57:21,2.64,38.37348,-122.34222,77.756,61.685,0.0,-99,0.075,0.042,0.437
2014/10/01 14:57:26,1.78,38.37236,-122.34164,79.396,59.018,0.0,-99,0.053,0.083,0.455
2014/10/01 14:57:31,1.85,38.37126,-122.34106,81.037,59.410,0.0,-99,0.091,0.000,0.475
2014/10/01 14:57:36,1.76,38.37015,-122.34047,83.990,61.268,0.0,-99,0.025,0.042,1.015
2014/10/01 14:57:41,2.36,38.36897,-122.33984,90.551,66.162,0.0,-97,0.114,0.000,0.429
2014/10/01 14:57:46,1.76,38.36777,-122.33921,96.457,62.576,0.0,-97,0.061,0.042,0.502
2014/10/01 14:57:51,1.76,38.36666,-122.33863,99.738,58.998,0.0,-97,0.105,0.000,1.008
2014/10/01 14:57:56,1.76,38.36557,-122.33806,104.659,57.892,0.0,-97,0.039,0.042,0.426
2014/10/01 14:58:01,1.76,38.36450,-122.33750,104.331,58.717,0.0,-97,0.077,0.042,0.414
2014/10/01 14:58:06,1.95,38.36320,-122.33683,105.315,58.455,0.0,-97,0.083,0.042,0.893
2014/10/01 14:58:11,1.82,38.36210,-122.33626,107.612,59.690,0.0,-97,0.085,0.042,0.411
2014/10/01 14:58:16,1.76,38.36100,-122.33569,109.908,58.694,0.0,-93,0.058,0.000,0.000
2014/10/01 14:58:21,1.76,38.35990,-122.33512,110.564,60.010,0.0,-93,0.000,0.083,0.000
2014/10/01 14:58:26,1.76,38.35876,-122.33452,111.877,61.505,0.0,-93,0.000,0.000,0.000
2014/10/01 14:58:31,1.76,38.35762,-122.33392,111.549,59.967,0.0,-93,0.000,0.042,0.509
2014/10/01 14:58:36,1.76,38.35654,-122.33335,111.220,56.194,0.0,-93,0.003,0.042,0.750
2014/10/01 14:58:41,1.76,38.35551,-122.33281,111.549,56.091,0.0,-93,0.072,0.042,0.950
2014/10/01 14:58:46,1.76,38.35450,-122.33227,112.533,52.228,0.0,-87,0.116,0.083,0.399
2014/10/01 14:58:51,1.78,38.35355,-122.33177,113.189,50.366,0.0,-87,0.000,0.083,0.407
2014/10/01 14:58:56,1.78,38.35261,-122.33127,113.517,52.386,0.0,-87,0.130,0.000,0.470
2014/10/01 14:59:01,1.78,38.35162,-122.33076,115.157,53.078,0.0,-87,0.050,0.042,0.439
2014/10/01 14:59:06,1.78,38.35066,-122.33025,113.845,52.586,0.0,-87,0.077,0.042,0.677
2014/10/01 14:59:11,1.78,38.34966,-122.32972,111.549,54.384,0.0,-87,0.113,0.000,0.498
2014/10/01 14:59:16,1.78,38.34864,-122.32919,108.924,56.091,0.0,-79,0.162,0.042,0.414
2014/10/01 14:59:21,1.78,38.34758,-122.32864,106.627,56.668,0.0,-79,0.125,0.000,0.426
2014/10/01 14:59:26,1.85,38.34653,-122.32809,104.987,56.815,0.0,-79,0.069,0.083,0.414
2014/10/01 14:59:32,1.78,38.34546,-122.32754,101.050,57.448,0.0,-79,0.139,0.083,0.434
2014/10/01 14:59:37,1.78,38.34438,-122.32698,99.081,58.271,0.0,-79,0.086,0.000,0.518
2014/10/01 14:59:42,1.76,38.34332,-122.32642,97.113,55.375,0.0,-79,0.126,0.083,0.398
2014/10/01 14:59:47,1.76,38.34232,-122.32590,94.816,52.848,0.0,-85,0.075,0.042,0.000
2014/10/01 14:59:52,1.82,38.34136,-122.32540,90.551,50.340,0.0,-85,0.158,0.000,0.000
2014/10/01 14:59:57,1.82,38.34044,-122.32492,87.927,46.591,0.0,-85,0.000,0.042,0.442
2014/10/01 15:00:02,1.76,38.33986,-122.32458,87.927,18.820,0.0,-85,0.064,0.042,0.398
2014/10/01 15:00:07,1.76,38.33970,-122.32448,88.255,0.064,0.0,-85,0.080,0.000,0.461
2014/10/01 15:00:12,1.76,38.33970,-122.32448,86.942,0.032,0.0,-85,0.094,0.000,0.417
2014/10/01 15:00:17,1.76,38.33970,-122.32448,86.614,0.009,0.0,-85,0.028,0.083,0.438
2014/10/01 15:00:22,1.76,38.33970,-122.32447,86.614,0.025,0.0,-79,0.086,0.000,0.442
2014/10/01 15:00:27,1.76,38.33970,-122.32447,86.942,0.039,0.0,-79,0.155,0.083,0.438
2014/10/01 15:00:32,1.76,38.33970,-122.32447,86.614,0.012,0.0,-79,0.077,0.000,0.518
2014/10/01 15:00:37,1.76,38.33970,-122.32448,85.958,0.018,0.0,-79,0.055,0.042,0.490
2014/10/01 15:00:42,1.76,38.33970,-122.32448,85.302,0.017,0.0,-79,0.131,0.000,0.486
2014/10/01 15:00:47,1.76,38.33970,-122.32448,84.646,0.020,0.0,-79,0.097,0.000,0.430
2014/10/01 15:00:52,1.76,38.33970,-122.32448,84.974,0.042,0.0,-73,0.000,0.000,0.414
2014/10/01 15:00:57,1.76,38.33971,-122.32448,88.255,0.070,0.0,-73,0.036,0.042,0.433
2014/10/01 15:01:02,1.76,38.33964,-122.32444,88.583,11.102,0.0,-73,0.100,0.083,0.496
2014/10/01 15:01:07,1.76,38.33929,-122.32420,87.927,26.339,0.0,-73,0.080,0.000,0.421
2014/10/01 15:01:12,1.76,38.33874,-122.32380,87.270,35.095,0.0,-73,0.061,0.042,0.466
2014/10/01 15:01:17,1.76,38.33809,-122.32329,87.270,39.525,0.0,-73,0.080,0.042,0.435
2014/10/01 15:01:22,1.76,38.33743,-122.32276,87.270,38.115,0.0,-85,0.100,0.000,0.438
2014/10/01 15:01:27,2.0,38.33683,-122.32229,87.598,30.702,0.0,-85,0.053,0.042,0.414
2014/10/01 15:01:32,1.76,38.33646,-122.32200,88.911,12.070,0.0,-85,0.127,0.000,0.470
2014/10/01 15:01:37,1.76,38.33638,-122.32194,89.567,4.491,0.0,-85,0.089,0.000,0.438
2014/10/01 15:01:42,1.76,38.33616,-122.32175,89.239,19.278,0.0,-85,0.000,0.083,0.408
2014/10/01 15:01:47,2.01,38.33574,-122.32142,86.942,27.452,0.0,-85,0.053,0.000,0.421
2014/10/01 15:01:52,1.76,38.33523,-122.32103,83.661,31.038,0.0,-65,0.047,0.083,0.410
2014/10/01 15:01:57,1.76,38.33470,-122.32061,80.381,31.607,0.0,-65,0.000,0.042,0.494
2014/10/01 15:02:02,1.76,38.33417,-122.32019,79.068,29.860,0.0,-65,0.000,0.000,0.489
2014/10/01 15:02:07,2.02,38.33371,-122.31982,78.084,23.691,0.0,-65,0.006,0.042,0.445
2014/10/01 15:02:12,1.73,38.33338,-122.31956,77.100,17.308,0.0,-65,0.000,0.000,0.439
2014/10/01 15:02:17,1.73,38.33315,-122.31938,77.428,10.512,0.0,-65,0.066,0.000,0.455
2014/10/01 15:02:22,1.73,38.33307,-122.31932,77.100,0.060,0.0,-65,0.094,0.000,0.000
2014/10/01 15:02:27,1.73,38.33307,-122.31932,75.459,0.099,0.0,-67,0.069,0.000,0.000
2014/10/01 15:02:32,1.73,38.33307,-122.31932,74.475,0.106,0.0,-67,0.088,0.000,0.454
2014/10/01 15:02:37,2.01,38.33307,-122.31932,73.491,0.039,0.0,-67,0.075,0.083,0.467
2014/10/01 15:02:42,1.73,38.33307,-122.31932,72.507,0.128,0.0,-67,0.116,0.042,0.000
2014/10/01 15:02:47,1.73,38.33307,-122.31932,70.538,0.077,0.0,-67,0.072,0.042,0.000
2014/10/01 15:02:52,1.73,38.33307,-122.31932,69.554,0.015,0.0,-67,0.111,0.000,0.519
2014/10/01 15:02:57,1.73,38.33306,-122.31931,68.898,1.420,0.0,-57,0.000,0.042,0.426
2014/10/01 15:03:02,1.73,38.33301,-122.31927,69.226,3.298,0.0,-57,0.025,0.000,0.447
2014/10/01 15:03:07,1.73,38.33298,-122.31925,69.882,2.238,0.0,-57,0.083,0.042,0.463
2014/10/01 15:03:12,2.02,38.33296,-122.31923,70.866,0.105,0.0,-57,0.121,0.083,0.423
2014/10/01 15:03:17,2.02,38.33295,-122.31923,71.522,2.004,0.0,-57,0.182,0.000,0.418
2014/10/01 15:03:22,2.02,38.33285,-122.31914,70.866,10.764,0.0,-57,0.058,0.000,0.423
2014/10/01 15:03:27,2.02,38.33259,-122.31892,69.882,19.270,0.0,-67,0.072,0.042,0.406
2014/10/01 15:03:32,1.73,38.33222,-122.31861,69.554,24.242,0.0,-67,0.069,0.000,0.434
2014/10/01 15:03:37,2.08,38.33181,-122.31825,68.898,25.616,0.0,-67,0.140,0.083,0.418
2014/10/01 15:03:42,1.79,38.33142,-122.31792,68.570,21.581,0.0,-67,0.000,0.000,0.000
2014/10/01 15:03:47,1.73,38.33110,-122.31764,69.226,15.049,0.0,-67,0.115,0.083,0.000
2014/10/01 15:03:52,1.8,38.33097,-122.31752,69.882,0.759,0.0,-67,0.053,0.000,0.000
2014/10/01 15:03:57,1.8,38.33097,-122.31752,70.538,0.053,0.0,-59,0.044,0.000,0.450
2014/10/01 15:04:02,1.8,38.33097,-122.31752,70.866,0.016,0.0,-59,0.000,0.083,0.434
2014/10/01 15:04:07,2.12,38.33097,-122.31752,71.194,0.021,0.0,-59,0.000,0.042,0.451
2014/10/01 15:04:12,2.12,38.33097,-122.31752,71.194,0.046,0.0,-59,0.006,0.042,0.459
2014/10/01 15:04:17,2.12,38.33097,-122.31752,72.507,0.064,0.0,-59,0.089,0.000,0.430
2014/10/01 15:04:22,2.13,38.33097,-122.31752,71.850,0.029,0.0,-59,0.000,0.000,0.000
2014/10/01 15:04:27,1.8,38.33096,-122.31752,74.147,0.024,0.0,-59,0.000,0.000,0.000
2014/10/01 15:04:32,1.8,38.33096,-122.31753,73.819,0.056,0.0,-57,0.000,0.000,0.425
2014/10/01 15:04:37,1.8,38.33095,-122.31752,72.835,0.018,0.0,-57,0.000,0.042,0.442
2014/10/01 15:04:42,1.8,38.33095,-122.31752,72.178,0.013,0.0,-57,0.000,0.000,0.482
2014/10/01 15:04:47,1.8,38.33096,-122.31752,70.866,0.026,0.0,-57,0.000,0.042,0.466
2014/10/01 15:04:52,1.8,38.33096,-122.31752,74.147,0.021,0.0,-57,0.000,0.042,0.434
2014/10/01 15:04:57,1.8,38.33096,-122.31751,82.021,0.017,0.0,-57,0.006,0.000,0.420
2014/10/01 15:05:02,1.72,38.33097,-122.31751,84.646,0.074,0.0,-59,0.208,0.042,0.438
2014/10/01 15:05:07,1.72,38.33086,-122.31743,81.693,13.216,0.0,-59,0.108,0.000,0.483
2014/10/01 15:05:12,1.78,38.33056,-122.31717,80.709,22.315,0.0,-59,0.050,0.083,0.426
2014/10/01 15:05:17,2.06,38.33011,-122.31679,78.084,30.107,0.0,-59,0.077,0.000,0.403
2014/10/01 15:05:22,1.72,38.32956,-122.31631,75.459,35.512,0.0,-59,0.128,0.042,0.407
2014/10/01 15:05:27,1.72,38.32894,-122.31577,74.475,38.853,0.0,-59,0.132,0.000,0.490
2014/10/01 15:05:32,1.72,38.32826,-122.31519,73.819,41.584,0.0,-65,0.072,0.000,0.435
2014/10/01 15:05:37,1.8,38.32755,-122.31458,73.163,43.190,0.0,-65,0.000,0.083,0.426
2014/10/01 15:05:42,1.72,38.32681,-122.31396,70.538,45.135,0.0,-65,0.050,0.042,0.449
2014/10/01 15:05:47,1.72,38.32603,-122.31330,69.226,47.812,0.0,-65,0.050,0.000,0.514
2014/10/01 15:05:52,1.72,38.32521,-122.31260,68.241,49.833,0.0,-65,0.000,0.083,0.658
2014/10/01 15:05:57,1.72,38.32437,-122.31187,67.257,51.368,0.0,-65,0.000,0.000,0.646
2014/10/01 15:06:02,1.72,38.32355,-122.31103,65.289,53.705,0.0,-73,0.000,0.042,0.570
2014/10/01 15:06:07,1.72,38.32275,-122.31009,61.024,55.456,0.0,-73,0.006,0.000,0.482
2014/10/01 15:06:12,1.81,38.32193,-122.30913,52.493,55.938,0.0,-73,0.116,0.042,0.426
2014/10/01 15:06:17,1.8,38.32101,-122.30832,40.026,55.450,0.0,-73,0.075,0.083,0.446
2014/10/01 15:06:22,1.72,38.31998,-122.30777,34.121,55.433,0.0,-73,0.097,0.000,0.634
2014/10/01 15:06:27,2.17,38.31889,-122.30750,39.042,54.712,0.0,-73,0.019,0.000,0.000
2014/10/01 15:06:32,1.73,38.31782,-122.30746,49.869,54.131,0.0,-73,0.064,0.042,0.000
2014/10/01 15:06:37,1.73,38.31672,-122.30743,56.430,54.927,0.0,-57,0.000,0.000,0.000
2014/10/01 15:06:42,1.76,38.31562,-122.30732,58.071,55.988,0.0,-57,0.033,0.083,0.477
2014/10/01 15:06:47,1.73,38.31449,-122.30706,58.399,58.644,0.0,-57,0.072,0.042,0.570
2014/10/01 15:06:52,1.75,38.31336,-122.30679,61.352,56.632,0.0,-57,0.125,0.000,0.642
2014/10/01 15:06:57,1.72,38.31227,-122.30648,62.664,55.582,0.0,-57,0.039,0.000,0.471
2014/10/01 15:07:02,1.72,38.31119,-122.30617,63.320,55.098,0.0,-57,0.069,0.042,0.497
2014/10/01 15:07:07,1.72,38.31011,-122.30585,62.664,55.304,0.0,-77,0.079,0.000,0.725
2014/10/01 15:07:12,1.75,38.30902,-122.30553,60.367,55.219,0.0,-77,0.091,0.042,0.427
2014/10/01 15:07:17,1.73,38.30795,-122.30525,58.727,52.558,0.0,-77,0.025,0.000,0.610
2014/10/01 15:07:22,1.75,38.30697,-122.30506,56.759,44.486,0.0,-77,0.055,0.042,0.443
2014/10/01 15:07:27,1.75,38.30624,-122.30516,58.727,35.538,0.0,-77,0.000,0.000,0.673
2014/10/01 15:07:32,1.72,38.30588,-122.30581,60.367,23.672,0.0,-77,0.075,0.083,0.497
2014/10/01 15:07:37,1.72,38.30599,-122.30618,56.759,16.388,0.0,-87,0.047,0.000,1.195
2014/10/01 15:07:42,1.72,38.30632,-122.30623,55.118,15.949,0.0,-87,0.053,0.000,0.462
2014/10/01 15:07:47,1.72,38.30653,-122.30599,59.711,19.195,0.0,-87,0.057,0.042,0.486
2014/10/01 15:07:52,1.72,38.30664,-122.30538,68.241,27.306,0.0,-87,0.069,0.000,0.635
2014/10/01 15:07:57,1.72,38.30676,-122.30468,71.522,29.241,0.0,-87,0.047,0.000,0.742
2014/10/01 15:08:02,1.71,38.30687,-122.30395,61.680,30.033,0.0,-87,0.086,0.000,0.598
2014/10/01 15:08:07,1.74,38.30699,-122.30319,48.556,30.682,0.0,-91,0.042,0.042,0.000
2014/10/01 15:08:12,1.71,38.30712,-122.30251,47.244,25.132,0.0,-91,0.053,0.000,0.000
2014/10/01 15:08:17,1.71,38.30724,-122.30188,44.619,25.646,0.0,-91,0.075,0.000,0.426
2014/10/01 15:08:22,1.71,38.30737,-122.30125,41.339,25.558,0.0,-91,0.000,0.042,1.279
2014/10/01 15:08:27,1.71,38.30749,-122.30064,40.682,24.040,0.0,-91,0.077,0.000,0.849
2014/10/01 15:08:32,1.71,38.30754,-122.30036,40.354,0.016,0.0,-91,0.000,0.042,0.531
2014/10/01 15:08:37,1.71,38.30755,-122.30031,40.682,6.933,0.0,-91,0.000,0.000,0.811
2014/10/01 15:08:42,2.08,38.30761,-122.29996,38.386,18.693,0.0,-95,0.000,0.042,0.590
2014/10/01 15:08:47,2.13,38.30771,-122.29942,37.402,23.307,0.0,-95,0.000,0.000,0.630
2014/10/01 15:08:52,2.13,38.30782,-122.29879,36.089,25.903,0.0,-95,0.003,0.000,0.511
2014/10/01 15:08:57,1.71,38.30793,-122.29820,34.121,19.410,0.0,-95,0.000,0.000,0.438
2014/10/01 15:09:02,2.13,38.30797,-122.29791,34.777,4.448,0.0,-95,0.000,0.000,0.557
2014/10/01 15:09:07,1.71,38.30797,-122.29789,38.058,0.910,0.0,-95,0.000,0.000,0.470
2014/10/01 15:09:12,1.74,38.30800,-122.29771,40.026,12.218,0.0,-83,0.000,0.042,0.000
2014/10/01 15:09:17,1.74,38.30808,-122.29730,37.073,19.262,0.0,-83,0.000,0.042,0.000
2014/10/01 15:09:22,1.71,38.30817,-122.29679,36.089,12.481,0.0,-83,0.000,0.000,0.465
2014/10/01 15:09:27,1.71,38.30819,-122.29670,35.761,0.019,0.0,-83,0.000,0.000,0.459
2014/10/01 15:09:32,1.71,38.30819,-122.29670,35.105,0.029,0.0,-83,0.000,0.083,0.450
2014/10/01 15:09:37,1.71,38.30819,-122.29670,33.136,0.023,0.0,-83,0.003,0.000,0.422
2014/10/01 15:09:42,1.71,38.30819,-122.29669,32.152,0.007,0.0,-93,0.044,0.083,0.509
2014/10/01 15:09:47,1.71,38.30819,-122.29669,30.840,0.012,0.0,-93,0.079,0.000,0.573
2014/10/01 15:09:52,1.71,38.30819,-122.29668,29.856,0.037,0.0,-93,0.122,0.042,0.482
2014/10/01 15:09:57,1.71,38.30819,-122.29667,29.199,0.024,0.0,-93,0.077,0.000,0.000
2014/10/01 15:10:02,1.71,38.30819,-122.29666,28.215,0.028,0.0,-93,0.000,0.042,0.000
2014/10/01 15:10:07,1.71,38.30819,-122.29666,25.591,0.498,0.0,-93,0.000,0.000,0.000
2014/10/01 15:10:12,1.71,38.30821,-122.29655,26.575,9.723,0.0,-93,0.000,0.000,0.557
2014/10/01 15:10:17,1.71,38.30826,-122.29623,27.559,14.361,0.0,-93,0.000,0.042,0.493
2014/10/01 15:10:22,1.71,38.30832,-122.29586,26.903,16.494,0.0,-93,0.000,0.000,0.478
2014/10/01 15:10:27,1.7,38.30840,-122.29544,25.919,11.551,0.0,-93,0.000,0.000,0.482
2014/10/01 15:10:32,1.8,38.30841,-122.29535,27.887,0.158,0.0,-93,0.000,0.000,1.094
2014/10/01 15:10:37,1.73,38.30842,-122.29529,29.528,7.342,0.0,-93,0.000,0.042,0.477
2014/10/01 15:10:42,1.7,38.30848,-122.29498,31.168,16.014,0.0,-93,0.003,0.000,0.708
2014/10/01 15:10:47,2.25,38.30855,-122.29461,31.496,8.368,0.0,-91,0.000,0.000,0.000
2014/10/01 15:10:52,1.7,38.30857,-122.29449,29.856,8.012,0.0,-91,0.000,0.000,0.532
2014/10/01 15:10:57,1.7,38.30863,-122.29417,29.856,16.258,0.0,-91,0.000,0.000,2.406
2014/10/01 15:11:02,1.7,38.30870,-122.29379,29.856,11.986,0.0,-91,0.003,0.000,0.730
2014/10/01 15:11:07,2.17,38.30873,-122.29365,32.152,0.948,0.0,-91,0.208,0.000,0.450
2014/10/01 15:11:12,1.75,38.30873,-122.29365,36.417,0.023,0.0,-91,0.000,0.042,0.414
2014/10/01 15:11:17,1.75,38.30873,-122.29365,39.698,0.030,0.0,-91,0.142,0.000,0.458
2014/10/01 15:11:22,1.75,38.30873,-122.29365,41.995,0.052,0.0,-91,0.075,0.000,0.461
2014/10/01 15:11:27,1.75,38.30873,-122.29365,42.979,0.034,0.0,-91,0.111,0.000,0.462
2014/10/01 15:11:32,1.75,38.30873,-122.29366,43.307,0.022,0.0,-91,0.097,0.042,0.650
2014/10/01 15:11:37,1.71,38.30873,-122.29366,43.635,0.026,0.0,-91,0.089,0.000,1.397
2014/10/01 15:11:42,1.71,38.30873,-122.29365,43.963,0.022,0.0,-91,0.169,0.000,0.497
2014/10/01 15:11:47,1.71,38.30873,-122.29365,45.604,0.039,0.0,-89,0.003,0.042,0.414
2014/10/01 15:11:52,1.71,38.30873,-122.29365,47.244,0.049,0.0,-89,0.000,0.000,1.819
2014/10/01 15:11:57,1.74,38.30874,-122.29365,48.228,0.783,0.0,-89,0.047,0.000,0.472
2014/10/01 15:12:02,1.71,38.30873,-122.29365,46.916,0.030,0.0,-89,0.119,0.000,0.510
2014/10/01 15:12:07,1.46,38.30873,-122.29365,45.276,0.047,0.0,-89,0.055,0.042,0.850
2014/10/01 15:12:12,1.49,38.30873,-122.29364,44.291,1.702,0.0,-89,0.047,0.042,0.452
2014/10/01 15:12:17,1.74,38.30877,-122.29342,44.291,14.103,0.0,-89,0.074,0.042,0.453
2014/10/01 15:12:22,1.71,38.30885,-122.29295,40.026,21.541,0.0,-89,0.077,0.000,0.458
2014/10/01 15:12:27,2.25,38.30893,-122.29245,36.745,18.502,0.0,-89,0.080,0.042,0.538
2014/10/01 15:12:32,1.49,38.30903,-122.29193,31.824,22.661,0.0,-89,0.000,0.000,0.462
2014/10/01 15:12:37,1.71,38.30913,-122.29134,28.543,24.657,0.0,-89,0.000,0.000,0.478
2014/10/01 15:12:43,1.49,38.30925,-122.29070,26.247,25.652,0.0,-89,0.000,0.042,0.430
2014/10/01 15:12:48,2.26,38.30937,-122.29002,24.606,29.466,0.0,-89,0.000,0.000,0.497
2014/10/01 15:12:53,1.7,38.30951,-122.28930,24.934,28.457,0.0,-81,0.000,0.042,0.468
2014/10/01 15:12:58,1.54,38.30964,-122.28855,20.341,29.751,0.0,-81,0.000,0.042,0.432
2014/10/01 15:13:03,1.49,38.30976,-122.28784,17.717,27.757,0.0,-81,0.000,0.042,0.486
2014/10/01 15:13:08,1.49,38.30989,-122.28714,16.732,27.521,0.0,-81,0.000,0.000,0.000
2014/10/01 15:13:13,1.46,38.31000,-122.28648,14.764,25.002,0.0,-81,0.006,0.000,0.000
2014/10/01 15:13:18,2.27,38.31009,-122.28598,15.092,13.329,0.0,-81,0.089,0.042,0.443
2014/10/01 15:13:23,1.58,38.31010,-122.28587,12.467,0.019,0.0,-69,0.000,0.000,0.438
2014/10/01 15:13:28,1.58,38.31010,-122.28587,8.858,0.026,0.0,-69,0.000,0.042,0.487
2014/10/01 15:13:33,1.58,38.31009,-122.28587,6.562,0.011,0.0,-69,0.000,0.000,0.600
2014/10/01 15:13:38,1.58,38.31009,-122.28587,4.265,0.043,0.0,-69,0.006,0.042,0.434
2014/10/01 15:13:43,1.46,38.31009,-122.28585,2.953,0.032,0.0,-69,0.086,0.042,0.451
2014/10/01 15:13:48,1.44,38.31009,-122.28585,4.265,0.006,0.0,-69,0.000,0.000,0.439
2014/10/01 15:13:53,1.69,38.31009,-122.28585,7.218,0.035,0.0,-63,0.000,0.000,0.000
2014/10/01 15:13:58,1.44,38.31009,-122.28584,9.843,1.706,0.0,-63,0.000,0.083,0.000
2014/10/01 15:14:03,1.44,38.31013,-122.28566,11.483,12.129,0.0,-63,0.006,0.000,0.423
2014/10/01 15:14:08,1.46,38.31016,-122.28526,13.451,18.373,0.0,-63,0.180,0.042,0.419
2014/10/01 15:14:13,1.44,38.31017,-122.28474,14.436,20.507,0.0,-63,0.028,0.042,0.563
2014/10/01 15:14:18,1.44,38.31017,-122.28433,15.092,13.447,0.0,-63,0.000,0.000,0.514
2014/10/01 15:14:23,1.44,38.31017,-122.28388,15.748,19.598,0.0,-65,0.066,0.000,0.486
2014/10/01 15:14:28,1.57,38.31018,-122.28332,16.404,22.363,0.0,-65,0.069,0.083,0.442
2014/10/01 15:14:33,1.49,38.31018,-122.28280,15.748,19.169,0.0,-65,0.064,0.000,0.483
2014/10/01 15:14:38,1.44,38.31018,-122.28223,16.076,25.026,0.0,-65,0.036,0.000,0.610
2014/10/01 15:14:43,1.46,38.31018,-122.28156,17.388,25.708,0.0,-65,0.066,0.042,0.589
2014/10/01 15:14:48,1.55,38.31017,-122.28092,16.404,25.242,0.0,-65,0.141,0.000,0.518
2014/10/01 15:14:53,1.59,38.31018,-122.28023,17.717,27.926,0.0,-85,0.000,0.000,0.467
2014/10/01 15:14:58,1.44,38.31019,-122.27946,19.357,30.969,0.0,-85,0.110,0.000,0.450
2014/10/01 15:15:03,1.54,38.31031,-122.27868,21.325,30.426,0.0,-85,0.108,0.000,0.735
2014/10/01 15:15:08,1.44,38.31041,-122.27793,32.808,29.070,0.0,-85,0.000,0.000,0.491
2014/10/01 15:15:13,1.46,38.31050,-122.27733,39.370,17.631,0.0,-85,0.000,0.000,0.467
2014/10/01 15:15:18,1.44,38.31053,-122.27719,42.323,0.090,0.0,-85,0.000,0.000,0.430
2014/10/01 15:15:23,1.44,38.31052,-122.27719,39.370,0.002,0.0,-85,0.003,0.000,0.490
2014/10/01 15:15:28,1.44,38.31052,-122.27719,39.370,0.001,0.0,-91,0.163,0.000,0.481
2014/10/01 15:15:33,1.44,38.31052,-122.27718,39.370,0.273,0.0,-91,0.000,0.000,0.566
2014/10/01 15:15:38,1.44,38.31055,-122.27707,40.026,8.712,0.0,-91,0.066,0.000,0.478
2014/10/01 15:15:43,1.5,38.31062,-122.27690,40.354,7.334,0.0,-91,0.044,0.000,0.778
2014/10/01 15:15:48,1.44,38.31072,-122.27689,37.730,3.965,0.0,-91,0.053,0.000,0.450
2014/10/01 15:15:53,1.65,38.31080,-122.27681,40.026,5.252,0.0,-91,0.055,0.000,1.150
2014/10/01 15:15:58,1.56,38.31084,-122.27674,41.995,2.150,0.0,-91,0.055,0.000,0.445
2014/10/01 15:16:03,1.44,38.31084,-122.27674,43.963,0.047,0.0,-91,0.083,0.000,0.815
2014/10/01 15:16:08,1.44,38.31084,-122.27674,39.370,0.030,0.0,-91,0.094,0.042,0.429
2014/10/01 15:16:13,1.64,38.31084,-122.27674,36.089,0.057,0.0,-91,0.036,0.000,0.618
2014/10/01 15:16:18,1.64,38.31085,-122.27676,33.136,0.073,0.0,-91,0.033,0.000,0.430
2014/10/01 15:16:23,1.44,38.31086,-122.27676,28.543,0.085,0.0,-91,0.000,0.042,0.478
2014/10/01 15:16:28,1.44,38.31086,-122.27677,27.559,0.034,0.0,-85,0.148,0.042,0.479
2014/10/01 15:16:33,1.44,38.31086,-122.27677,25.591,0.082,0.0,-85,0.077,0.000,0.426
2014/10/01 15:16:38,1.44,38.31085,-122.27677,22.966,0.139,0.0,-85,0.039,0.000,0.495
2014/10/01 15:16:43,1.44,38.31085,-122.27677,22.310,0.046,0.0,-85,0.136,0.000,0.545
