Date-Time,DOP,Latitude,Longitude,Altitude (ft),Speed (mph),Heading (deg),mod1 SS (dBm),mod1 Down (Mbs),mod1 Up (Mbs),mod1 Ping (Sec)
2014/09/18 10:43:40,4.71,37.79573,-122.27364,5.249,0.022,0.0,-67,3.389,0.833,0.258
2014/09/18 10:43:45,3.84,37.79572,-122.27364,0.656,0.006,0.0,-67,1.492,1.125,0.515
2014/09/18 10:43:50,3.84,37.79571,-122.27364,-3.937,0.014,0.0,-67,3.431,0.000,0.168
2014/09/18 10:43:55,3.84,37.79570,-122.27364,-10.499,0.067,0.0,-67,3.256,0.625,0.172
2014/09/18 10:44:00,3.83,37.79569,-122.27364,-13.123,0.010,0.0,-67,0.775,0.667,0.258
2014/09/18 10:44:05,3.83,37.79569,-122.27364,-12.795,0.013,0.0,-69,1.459,2.750,0.416
2014/09/18 10:44:10,3.83,37.79569,-122.27365,-8.202,0.012,0.0,-69,1.983,3.083,0.492
2014/09/18 10:44:15,3.83,37.79569,-122.27365,-4.921,0.006,0.0,-69,2.972,2.708,0.205
2014/09/18 10:44:20,3.83,37.79570,-122.27365,-4.265,0.030,0.0,-69,3.733,0.583,0.177
2014/09/18 10:44:25,3.83,37.79570,-122.27365,-3.609,0.043,0.0,-69,2.619,1.083,0.341
2014/09/18 10:44:30,3.83,37.79571,-122.27365,-0.984,0.025,0.0,-69,2.886,2.292,0.164
2014/09/18 10:44:35,3.83,37.79571,-122.27365,-1.640,0.047,0.0,-69,2.805,1.708,0.222
2014/09/18 10:44:40,3.83,37.79571,-122.27365,-0.656,0.124,0.0,-69,3.106,0.000,0.168
2014/09/18 10:44:45,3.83,37.79571,-122.27365,-1.312,0.034,0.0,-69,3.267,0.792,0.251
2014/09/18 10:44:50,3.83,37.79571,-122.27365,0.328,0.028,0.0,-69,3.192,0.917,0.245
2014/09/18 10:44:55,3.83,37.79571,-122.27364,2.625,0.056,0.0,-69,2.750,1.500,0.145
2014/09/18 10:45:00,3.83,37.79572,-122.27364,5.249,0.024,0.0,-69,2.456,1.292,0.224
2014/09/18 10:45:05,3.83,37.79572,-122.27364,7.874,0.030,0.0,-69,2.994,0.917,0.271
2014/09/18 10:45:10,3.83,37.79572,-122.27364,9.514,0.051,0.0,-69,3.425,0.917,0.224
2014/09/18 10:45:15,3.83,37.79572,-122.27363,12.467,0.057,0.0,-69,0.911,2.208,0.321
2014/09/18 10:45:20,3.83,37.79573,-122.27363,16.404,0.027,0.0,-69,1.964,2.625,0.205
2014/09/18 10:45:25,3.83,37.79573,-122.27363,18.373,0.031,0.0,-69,2.028,3.167,0.209
2014/09/18 10:45:30,3.83,37.79572,-122.27363,19.029,0.037,0.0,-69,2.842,1.375,0.194
2014/09/18 10:45:35,3.83,37.79572,-122.27363,19.357,0.017,0.0,-69,3.383,0.000,0.186
2014/09/18 10:45:40,3.83,37.79572,-122.27363,20.997,0.045,0.0,-69,3.706,0.708,0.180
2014/09/18 10:45:45,3.82,37.79572,-122.27363,21.654,0.026,0.0,-69,3.753,0.750,0.279
2014/09/18 10:45:50,3.82,37.79572,-122.27364,23.294,0.039,0.0,-69,3.586,2.292,0.189
2014/09/18 10:45:55,3.82,37.79573,-122.27364,24.934,0.079,0.0,-69,2.703,1.833,0.277
2014/09/18 10:46:00,3.82,37.79572,-122.27363,25.919,0.026,0.0,-69,3.269,1.167,0.169
2014/09/18 10:46:05,3.82,37.79572,-122.27363,26.247,0.032,0.0,-69,3.609,0.750,0.141
2014/09/18 10:46:10,2.18,37.79572,-122.27363,25.919,0.034,0.0,-69,3.742,0.750,0.149
2014/09/18 10:46:16,2.18,37.79573,-122.27363,23.622,0.019,0.0,-69,3.247,0.000,0.201
2014/09/18 10:46:21,2.18,37.79573,-122.27363,21.325,0.035,0.0,-69,2.405,2.458,0.283
2014/09/18 10:46:26,3.82,37.79573,-122.27363,20.013,0.018,0.0,-69,3.678,2.083,0.268
2014/09/18 10:46:31,3.82,37.79573,-122.27363,18.373,0.004,0.0,-69,2.811,0.958,0.196
2014/09/18 10:46:36,3.82,37.79573,-122.27363,18.373,0.006,0.0,-69,3.067,0.708,0.213
2014/09/18 10:46:41,3.82,37.79574,-122.27363,20.997,0.017,0.0,-71,2.578,1.500,0.197
2014/09/18 10:46:46,3.82,37.79574,-122.27363,23.622,0.028,0.0,-71,2.958,0.000,0.247
2014/09/18 10:46:51,3.82,37.79573,-122.27363,25.262,0.048,0.0,-71,1.581,1.667,0.221
2014/09/18 10:46:56,3.82,37.79573,-122.27363,24.934,0.034,0.0,-71,2.483,2.625,0.157
2014/09/18 10:47:01,3.82,37.79572,-122.27363,24.606,0.025,0.0,-71,3.528,1.958,0.234
2014/09/18 10:47:06,3.81,37.79572,-122.27364,22.310,0.048,0.0,-71,3.205,0.750,0.145
2014/09/18 10:47:11,3.81,37.79572,-122.27365,21.982,0.030,0.0,-71,3.289,0.708,0.253
2014/09/18 10:47:16,3.81,37.79572,-122.27365,23.294,0.035,0.0,-69,3.422,0.792,0.154
2014/09/18 10:47:21,3.81,37.79573,-122.27366,21.325,0.024,0.0,-69,3.141,0.917,0.143
2014/09/18 10:47:26,3.81,37.79573,-122.27366,18.373,0.037,0.0,-69,3.445,0.583,0.242
2014/09/18 10:47:31,3.81,37.79573,-122.27365,15.092,0.037,0.0,-69,2.931,0.750,0.281
2014/09/18 10:47:36,3.81,37.79573,-122.27365,13.780,0.044,0.0,-69,3.061,0.000,0.249
2014/09/18 10:47:41,2.18,37.79573,-122.27364,13.451,0.034,0.0,-69,3.506,0.750,0.277
2014/09/18 10:47:46,2.18,37.79573,-122.27364,12.795,0.077,0.0,-69,2.917,0.583,0.213
2014/09/18 10:47:51,3.81,37.79572,-122.27364,9.514,0.040,0.0,-69,2.808,0.583,0.178
2014/09/18 10:47:56,3.81,37.79572,-122.27365,6.562,0.025,0.0,-69,3.361,0.542,0.162
2014/09/18 10:48:01,3.81,37.79572,-122.27364,5.249,0.036,0.0,-69,3.480,1.208,0.215
2014/09/18 10:48:06,3.81,37.79572,-122.27365,5.249,0.009,0.0,-69,3.522,0.000,0.170
2014/09/18 10:48:11,3.8,37.79572,-122.27364,5.906,1.312,0.0,-69,3.447,0.792,0.165
2014/09/18 10:48:16,2.18,37.79573,-122.27362,12.139,1.809,0.0,-65,3.214,1.125,0.961
2014/09/18 10:48:21,2.33,37.79557,-122.27368,15.748,12.543,0.0,-65,2.000,0.000,0.318
2014/09/18 10:48:26,4.07,37.79534,-122.27384,17.388,12.204,0.0,-65,1.222,0.583,1.123
2014/09/18 10:48:31,4.07,37.79513,-122.27387,23.622,11.453,0.0,-65,1.065,0.375,0.222
2014/09/18 10:48:36,2.33,37.79498,-122.27358,27.887,16.922,0.0,-65,1.980,2.292,0.220
2014/09/18 10:48:41,11.15,37.79481,-122.27315,42.979,18.571,0.0,-65,2.503,2.042,0.498
2014/09/18 10:48:46,2.67,37.79465,-122.27272,50.853,18.623,0.0,-75,1.850,1.583,0.151
2014/09/18 10:48:51,3.11,37.79446,-122.27228,48.885,20.231,0.0,-75,1.339,0.583,0.237
2014/09/18 10:48:56,2.19,37.79430,-122.27188,50.853,12.223,0.0,-75,1.789,1.167,0.242
2014/09/18 10:49:01,2.68,37.79426,-122.27177,52.165,5.293,0.0,-75,2.783,2.750,0.288
2014/09/18 10:49:06,2.19,37.79417,-122.27152,51.509,14.078,0.0,-75,2.511,1.833,0.230
2014/09/18 10:49:11,2.34,37.79403,-122.27117,53.150,16.498,0.0,-75,2.114,1.167,0.328
2014/09/18 10:49:16,2.72,37.79388,-122.27080,53.806,16.056,0.0,-75,2.167,0.000,0.190
2014/09/18 10:49:21,2.68,37.79374,-122.27045,54.134,15.943,0.0,-83,2.422,0.750,0.357
2014/09/18 10:49:26,2.28,37.79358,-122.27006,53.806,17.717,0.0,-83,1.753,0.375,0.249
2014/09/18 10:49:31,2.79,37.79341,-122.26963,53.806,19.146,0.0,-83,1.891,0.000,0.811
2014/09/18 10:49:36,4.03,37.79324,-122.26920,53.806,19.527,0.0,-83,1.769,0.000,0.897
2014/09/18 10:49:41,4.03,37.79307,-122.26875,54.790,19.152,0.0,-83,0.879,0.000,1.590
2014/09/18 10:49:46,2.19,37.79293,-122.26839,56.430,11.606,0.0,-83,0.512,0.042,0.270
2014/09/18 10:49:51,2.19,37.79288,-122.26826,58.727,2.216,0.0,-83,1.153,0.000,1.175
2014/09/18 10:49:56,2.19,37.79291,-122.26805,59.383,13.145,0.0,-83,0.197,0.208,2.807
2014/09/18 10:50:01,3.78,37.79321,-122.26784,56.430,19.983,0.0,-83,0.000,0.208,4.473
2014/09/18 10:50:06,3.78,37.79357,-122.26759,52.165,21.369,0.0,-83,0.000,1.833,0.549
2014/09/18 10:50:11,4.12,37.79398,-122.26736,54.790,22.691,0.0,-83,0.006,1.542,0.154
2014/09/18 10:50:16,3.78,37.79435,-122.26711,55.118,20.041,0.0,-83,2.405,0.000,0.335
2014/09/18 10:50:21,3.78,37.79466,-122.26689,47.900,13.769,0.0,-73,2.931,1.500,0.173
2014/09/18 10:50:26,3.78,37.79495,-122.26670,42.979,20.045,0.0,-73,3.244,0.750,0.177
2014/09/18 10:50:31,4.04,37.79518,-122.26657,43.307,14.944,0.0,-73,3.247,0.792,0.206
2014/09/18 10:50:36,3.78,37.79562,-122.26628,48.885,20.731,0.0,-73,3.253,1.000,0.194
2014/09/18 10:50:41,4.82,37.79595,-122.26610,53.150,12.036,0.0,-73,3.050,0.750,0.178
2014/09/18 10:50:46,3.77,37.79603,-122.26605,53.478,0.034,0.0,-73,2.461,1.000,0.165
2014/09/18 10:50:51,3.77,37.79603,-122.26605,57.743,0.030,0.0,-55,3.331,1.000,0.243
2014/09/18 10:50:56,3.77,37.79605,-122.26603,58.071,2.997,0.0,-55,2.828,1.500,0.177
2014/09/18 10:51:01,3.77,37.79620,-122.26595,57.087,11.866,0.0,-55,2.722,1.208,0.154
2014/09/18 10:51:06,3.77,37.79648,-122.26579,51.837,16.668,0.0,-55,3.125,1.083,0.186
2014/09/18 10:51:11,3.77,37.79676,-122.26562,53.806,12.190,0.0,-55,3.064,0.625,0.177
2014/09/18 10:51:16,2.19,37.79694,-122.26565,48.228,10.938,0.0,-55,3.072,0.708,0.229
2014/09/18 10:51:21,3.77,37.79703,-122.26587,46.916,7.498,0.0,-55,0.953,0.375,1.210
2014/09/18 10:51:26,3.76,37.79706,-122.26596,50.525,0.711,0.0,-57,1.272,0.000,0.158
2014/09/18 10:51:31,2.2,37.79706,-122.26596,60.696,0.029,0.0,-57,2.575,0.625,0.154
2014/09/18 10:51:36,1.74,37.79707,-122.26596,73.163,0.029,0.0,-57,3.297,1.125,0.170
2014/09/18 10:51:41,2.47,37.79707,-122.26596,78.412,0.044,0.0,-57,3.300,0.875,0.197
2014/09/18 10:51:46,2.47,37.79707,-122.26596,82.349,0.027,0.0,-57,2.622,0.875,0.162
2014/09/18 10:51:51,2.47,37.79707,-122.26596,83.990,1.302,0.0,-57,3.200,1.458,0.214
2014/09/18 10:51:56,1.73,37.79708,-122.26597,82.677,5.688,0.0,-61,2.586,1.000,0.498
2014/09/18 10:52:01,1.73,37.79721,-122.26624,80.052,16.975,0.0,-61,2.567,1.125,0.257
2014/09/18 10:52:06,1.73,37.79731,-122.26649,79.724,1.973,0.0,-61,2.850,1.125,0.320
2014/09/18 10:52:11,1.73,37.79731,-122.26648,79.396,0.019,0.0,-61,2.497,1.000,0.228
2014/09/18 10:52:16,1.73,37.79731,-122.26648,78.412,0.061,0.0,-61,2.297,0.000,0.165
2014/09/18 10:52:21,1.73,37.79732,-122.26648,78.740,0.042,0.0,-61,1.997,0.917,0.217
2014/09/18 10:52:26,1.73,37.79732,-122.26648,77.428,0.005,0.0,-67,0.000,0.875,0.350
2014/09/18 10:52:31,1.73,37.79732,-122.26648,76.444,0.035,0.0,-67,1.842,0.667,0.217
2014/09/18 10:52:36,1.73,37.79733,-122.26647,76.115,0.007,0.0,-67,2.094,1.125,0.170
2014/09/18 10:52:41,1.73,37.79733,-122.26647,76.115,0.047,0.0,-67,2.153,1.042,0.208
2014/09/18 10:52:46,1.73,37.79734,-122.26647,76.444,0.077,0.0,-67,1.947,1.292,0.321
2014/09/18 10:52:51,1.73,37.79740,-122.26664,76.444,14.903,0.0,-67,2.261,1.250,0.256
2014/09/18 10:52:56,1.73,37.79760,-122.26713,76.444,24.428,0.0,-51,2.089,1.583,0.165
2014/09/18 10:53:01,1.73,37.79780,-122.26766,76.444,18.772,0.0,-51,2.614,0.875,0.228
2014/09/18 10:53:06,1.73,37.79774,-122.26793,74.475,14.989,0.0,-51,3.206,0.000,0.166
2014/09/18 10:53:11,1.73,37.79742,-122.26814,67.257,13.668,0.0,-51,3.319,0.917,0.216
2014/09/18 10:53:16,1.73,37.79736,-122.26818,58.399,0.036,0.0,-51,3.292,0.625,0.169
2014/09/18 10:53:21,2.45,37.79735,-122.26819,50.197,0.015,0.0,-51,3.317,0.625,0.191
2014/09/18 10:53:26,1.73,37.79734,-122.26820,43.307,0.032,0.0,-51,3.258,1.042,0.186
2014/09/18 10:53:31,2.45,37.79723,-122.26827,37.730,12.691,0.0,-57,3.197,0.792,0.214
2014/09/18 10:53:36,3.73,37.79692,-122.26845,34.777,20.849,0.0,-57,3.008,0.833,0.155
2014/09/18 10:53:41,2.2,37.79660,-122.26866,30.184,10.124,0.0,-57,2.994,0.875,0.179
2014/09/18 10:53:46,2.2,37.79657,-122.26868,28.215,0.076,0.0,-57,3.086,0.750,0.191
2014/09/18 10:53:51,2.2,37.79651,-122.26873,24.934,9.746,0.0,-57,3.339,0.625,0.186
2014/09/18 10:53:56,1.73,37.79651,-122.26903,30.184,20.044,0.0,-57,3.569,0.625,0.182
2014/09/18 10:54:01,1.73,37.79670,-122.26956,43.963,23.628,0.0,-63,3.500,0.500,0.369
2014/09/18 10:54:06,1.73,37.79692,-122.27016,52.822,28.138,0.0,-63,2.536,0.375,0.209
2014/09/18 10:54:11,1.73,37.79718,-122.27089,60.039,35.916,0.0,-63,1.297,0.750,0.290
2014/09/18 10:54:16,1.73,37.79750,-122.27181,61.352,42.681,0.0,-63,2.555,0.000,0.218
2014/09/18 10:54:21,1.73,37.79785,-122.27278,63.320,43.506,0.0,-63,2.925,0.792,0.527
2014/09/18 10:54:26,1.73,37.79822,-122.27378,61.680,44.455,0.0,-63,1.142,0.000,1.174
2014/09/18 10:54:31,1.73,37.79861,-122.27482,60.039,48.871,0.0,-75,0.464,0.375,0.726
2014/09/18 10:54:36,1.73,37.79904,-122.27598,60.367,52.206,0.0,-75,1.300,0.375,1.482
2014/09/18 10:54:41,1.58,37.79949,-122.27722,58.727,55.349,0.0,-75,1.797,1.000,0.232
2014/09/18 10:54:46,1.94,37.80002,-122.27853,57.743,59.481,0.0,-75,1.839,0.000,1.039
2014/09/18 10:54:51,1.77,37.80058,-122.27989,57.743,61.549,0.0,-75,1.098,0.375,0.607
2014/09/18 10:54:56,1.59,37.80112,-122.28134,56.759,63.309,0.0,-75,0.613,0.250,0.250
2014/09/18 10:55:01,1.59,37.80170,-122.28277,63.976,63.176,0.0,-61,2.011,1.000,0.673
2014/09/18 10:55:06,1.59,37.80228,-122.28418,72.507,62.512,0.0,-61,2.489,1.208,0.582
2014/09/18 10:55:11,1.59,37.80271,-122.28568,78.412,63.324,0.0,-61,2.470,1.542,0.234
2014/09/18 10:55:16,1.59,37.80298,-122.28725,83.005,63.412,0.0,-61,1.953,0.000,0.176
2014/09/18 10:55:21,1.59,37.80307,-122.28885,83.333,63.820,0.0,-61,3.278,0.625,0.186
2014/09/18 10:55:26,1.94,37.80296,-122.29048,77.100,64.475,0.0,-61,2.719,0.542,0.165
2014/09/18 10:55:31,1.73,37.80271,-122.29208,67.257,64.745,0.0,-61,2.681,0.583,0.153
2014/09/18 10:55:36,1.59,37.80246,-122.29368,53.150,63.577,0.0,-77,1.081,0.000,0.230
2014/09/18 10:55:41,2.43,37.80222,-122.29525,40.354,63.157,0.0,-77,2.125,0.417,0.230
2014/09/18 10:55:46,1.59,37.80216,-122.29687,27.231,66.048,0.0,-77,1.436,1.333,0.210
2014/09/18 10:55:51,1.59,37.80239,-122.29858,21.654,68.163,0.0,-77,0.956,0.792,0.671
2014/09/18 10:55:56,1.59,37.80289,-122.30014,23.950,65.208,0.0,-77,1.236,0.583,1.266
2014/09/18 10:56:01,1.59,37.80356,-122.30146,24.278,59.761,0.0,-77,0.341,0.375,0.202
2014/09/18 10:56:06,1.59,37.80441,-122.30256,22.966,60.099,0.0,-69,1.299,1.125,0.294
2014/09/18 10:56:11,1.59,37.80537,-122.30343,20.341,58.506,0.0,-69,1.950,1.125,0.162
2014/09/18 10:56:16,1.59,37.80646,-122.30407,19.029,60.871,0.0,-69,1.980,0.750,0.823
2014/09/18 10:56:21,1.59,37.80767,-122.30446,16.404,62.208,0.0,-69,2.528,0.000,0.340
2014/09/18 10:56:26,1.59,37.80891,-122.30453,15.092,62.259,0.0,-69,1.553,0.750,0.974
2014/09/18 10:56:31,1.59,37.81013,-122.30433,18.045,61.383,0.0,-69,2.370,0.417,0.181
2014/09/18 10:56:36,1.59,37.81129,-122.30382,16.076,60.756,0.0,-61,3.333,0.917,0.182
2014/09/18 10:56:41,1.59,37.81234,-122.30308,14.764,60.277,0.0,-61,3.050,1.125,0.242
2014/09/18 10:56:46,1.59,37.81327,-122.30208,15.748,61.416,0.0,-61,2.272,0.000,0.000
2014/09/18 10:56:51,2.03,37.81408,-122.30091,20.013,60.618,0.0,-61,2.364,0.958,0.000
2014/09/18 10:56:56,2.21,37.81487,-122.29974,33.465,58.754,0.0,-61,2.178,1.208,0.000
2014/09/18 10:57:01,2.21,37.81561,-122.29864,46.916,55.538,0.0,-61,2.381,1.125,0.278
2014/09/18 10:57:06,1.72,37.81630,-122.29765,61.024,49.759,0.0,-85,2.336,0.833,0.153
2014/09/18 10:57:11,2.2,37.81701,-122.29679,78.412,49.754,0.0,-85,2.653,0.542,0.287
2014/09/18 10:57:16,1.59,37.81792,-122.29624,88.583,50.969,0.0,-85,3.008,0.000,0.201
2014/09/18 10:57:21,1.59,37.81895,-122.29604,88.911,52.647,0.0,-85,2.891,0.583,0.283
2014/09/18 10:57:26,1.59,37.82001,-122.29628,81.037,55.052,0.0,-85,3.050,0.750,0.255
2014/09/18 10:57:31,1.59,37.82101,-122.29698,71.522,57.977,0.0,-85,2.992,0.792,0.175
2014/09/18 10:57:36,1.59,37.82178,-122.29810,64.304,59.577,0.0,-85,2.789,0.542,0.205
2014/09/18 10:57:41,1.59,37.82238,-122.29944,55.446,61.833,0.0,-77,1.853,0.000,0.161
2014/09/18 10:57:46,1.59,37.82298,-122.30078,50.197,58.646,0.0,-77,1.867,0.625,0.635
2014/09/18 10:57:51,1.59,37.82354,-122.30203,50.197,55.912,0.0,-77,0.964,0.542,1.477
2014/09/18 10:57:56,1.59,37.82408,-122.30332,52.822,59.260,0.0,-77,1.372,0.417,1.280
2014/09/18 10:58:01,1.6,37.82462,-122.30453,53.478,44.354,0.0,-77,0.794,0.000,3.258
2014/09/18 10:58:06,1.6,37.82490,-122.30517,53.478,17.965,0.0,-77,0.224,0.750,0.000
2014/09/18 10:58:11,1.6,37.82495,-122.30527,54.134,0.673,0.0,-87,0.162,0.000,3.122
2014/09/18 10:58:16,1.6,37.82499,-122.30534,53.478,5.613,0.0,-87,0.000,0.375,6.591
2014/09/18 10:58:21,1.6,37.82502,-122.30542,54.134,1.489,0.0,-87,0.000,0.000,1.178
2014/09/18 10:58:26,2.21,37.82507,-122.30552,53.478,6.954,0.0,-87,0.000,1.792,0.000
2014/09/18 10:58:31,1.73,37.82508,-122.30556,52.165,0.049,0.0,-87,0.000,1.333,3.667
2014/09/18 10:58:36,1.74,37.82508,-122.30556,51.181,0.056,0.0,-87,0.000,1.750,1.970
2014/09/18 10:58:41,1.74,37.82508,-122.30556,49.869,0.035,0.0,-87,0.000,1.750,2.006
2014/09/18 10:58:46,1.74,37.82508,-122.30558,49.869,0.086,0.0,-87,0.000,2.250,2.000
2014/09/18 10:58:51,1.74,37.82508,-122.30558,49.213,0.054,0.0,-87,0.000,1.875,1.501
2014/09/18 10:58:56,1.74,37.82509,-122.30560,48.228,2.248,0.0,-87,0.006,1.875,2.210
2014/09/18 10:59:01,1.74,37.82509,-122.30561,46.916,0.008,0.0,-87,2.044,0.000,0.202
2014/09/18 10:59:06,1.74,37.82509,-122.30561,45.932,0.175,0.0,-87,2.933,0.000,0.206
2014/09/18 10:59:11,1.74,37.82509,-122.30561,46.260,0.007,0.0,-87,2.253,0.042,0.265
2014/09/18 10:59:16,1.74,37.82509,-122.30562,45.604,0.752,0.0,-87,2.270,0.417,0.350
2014/09/18 10:59:21,1.74,37.82509,-122.30562,46.260,0.035,0.0,-87,2.053,0.792,0.274
2014/09/18 10:59:26,1.74,37.82510,-122.30564,45.604,0.792,0.0,-87,1.120,0.625,0.266
2014/09/18 10:59:31,1.74,37.82510,-122.30564,45.276,0.559,0.0,-87,1.181,0.333,0.664
2014/09/18 10:59:36,1.74,37.82511,-122.30566,44.948,0.711,0.0,-87,0.844,0.250,0.966
2014/09/18 10:59:41,1.74,37.82511,-122.30566,44.619,0.047,0.0,-87,0.967,0.250,0.775
2014/09/18 10:59:46,1.74,37.82511,-122.30566,45.276,0.021,0.0,-91,1.066,0.000,0.710
2014/09/18 10:59:51,1.75,37.82511,-122.30566,45.604,1.547,0.0,-91,0.934,0.250,1.131
2014/09/18 10:59:56,1.75,37.82511,-122.30568,47.244,0.020,0.0,-91,0.833,0.125,1.019
2014/09/18 11:00:01,1.75,37.82512,-122.30569,48.228,1.295,0.0,-91,1.003,0.125,0.658
2014/09/18 11:00:06,1.75,37.82513,-122.30571,49.213,2.786,0.0,-91,1.203,0.292,0.579
2014/09/18 11:00:11,1.75,37.82514,-122.30572,50.525,0.031,0.0,-91,0.000,0.208,1.059
2014/09/18 11:00:16,1.75,37.82514,-122.30572,50.853,0.072,0.0,-91,0.686,0.000,0.000
2014/09/18 11:00:21,1.75,37.82514,-122.30572,50.853,0.012,0.0,-91,0.278,0.083,7.218
2014/09/18 11:00:26,1.75,37.82514,-122.30572,50.525,0.021,0.0,-91,0.189,0.000,0.000
2014/09/18 11:00:31,1.75,37.82514,-122.30572,50.853,0.392,0.0,-91,0.189,0.083,6.439
2014/09/18 11:00:36,1.75,37.82516,-122.30578,50.853,3.037,0.0,-91,0.447,0.083,0.967
2014/09/18 11:00:41,1.75,37.82518,-122.30582,50.197,0.830,0.0,-91,0.500,0.000,0.687
2014/09/18 11:00:46,1.75,37.82518,-122.30582,48.885,0.034,0.0,-89,1.083,1.333,0.282
2014/09/18 11:00:51,1.75,37.82520,-122.30588,47.900,3.956,0.0,-89,1.243,1.375,0.318
2014/09/18 11:00:56,1.75,37.82522,-122.30591,47.900,0.725,0.0,-89,0.669,1.167,0.578
2014/09/18 11:01:01,1.75,37.82523,-122.30594,47.900,0.375,0.0,-89,0.415,0.000,2.167
2014/09/18 11:01:06,1.76,37.82523,-122.30594,47.900,0.014,0.0,-89,0.645,0.500,1.517
2014/09/18 11:01:11,1.76,37.82523,-122.30595,48.556,0.742,0.0,-89,0.429,0.583,0.931
2014/09/18 11:01:16,1.76,37.82525,-122.30600,48.885,3.358,0.0,-93,0.077,0.000,1.658
2014/09/18 11:01:21,1.76,37.82528,-122.30609,49.869,2.822,0.0,-93,0.180,0.333,2.239
2014/09/18 11:01:26,1.76,37.82529,-122.30611,50.197,0.062,0.0,-93,0.411,0.417,1.450
2014/09/18 11:01:31,1.76,37.82530,-122.30613,49.869,1.510,0.0,-93,0.591,1.458,1.076
2014/09/18 11:01:36,1.76,37.82531,-122.30616,50.853,0.252,0.0,-93,0.325,0.583,4.942
2014/09/18 11:01:41,1.76,37.82531,-122.30616,51.509,0.042,0.0,-93,0.249,0.292,2.351
2014/09/18 11:01:46,1.76,37.82531,-122.30616,51.837,0.072,0.0,-93,0.382,0.000,0.000
2014/09/18 11:01:51,1.76,37.82531,-122.30617,52.165,0.029,0.0,-93,0.772,1.000,2.929
2014/09/18 11:01:56,1.76,37.82531,-122.30617,50.853,0.017,0.0,-93,0.895,1.250,1.537
2014/09/18 11:02:01,1.76,37.82532,-122.30617,49.869,0.307,0.0,-93,0.681,0.958,2.602
2014/09/18 11:02:06,1.76,37.82532,-122.30617,49.541,0.065,0.0,-93,0.508,0.917,1.062
2014/09/18 11:02:11,1.76,37.82532,-122.30618,50.197,0.426,0.0,-93,0.675,0.000,1.953
2014/09/18 11:02:16,1.77,37.82533,-122.30620,50.525,1.055,0.0,-93,0.436,0.000,0.000
2014/09/18 11:02:21,1.77,37.82535,-122.30625,50.197,0.553,0.0,-93,0.000,0.667,6.378
2014/09/18 11:02:26,1.83,37.82535,-122.30625,50.525,0.053,0.0,-93,0.000,0.000,2.631
2014/09/18 11:02:31,1.77,37.82536,-122.30629,50.853,3.847,0.0,-93,0.000,0.375,1.658
2014/09/18 11:02:36,1.77,37.82539,-122.30637,51.181,3.311,0.0,-93,0.000,0.000,0.000
2014/09/18 11:02:41,1.77,37.82541,-122.30645,50.197,3.735,0.0,-93,0.000,0.000,0.000
2014/09/18 11:02:46,1.77,37.82543,-122.30653,48.885,3.865,0.0,-93,0.000,0.000,0.000
2014/09/18 11:02:51,1.77,37.82544,-122.30657,46.588,0.070,0.0,-91,0.000,0.000,4.746
2014/09/18 11:02:56,1.77,37.82544,-122.30657,46.260,0.034,0.0,-91,0.000,0.000,0.000
2014/09/18 11:03:01,1.77,37.82545,-122.30659,44.619,2.834,0.0,-91,0.000,0.000,0.000
2014/09/18 11:03:06,1.77,37.82545,-122.30661,42.979,0.035,0.0,-91,0.000,0.000,0.000
2014/09/18 11:03:11,1.77,37.82545,-122.30661,42.651,0.244,0.0,-91,0.000,0.000,0.000
2014/09/18 11:03:16,1.77,37.82547,-122.30669,40.354,5.105,0.0,-91,0.000,0.000,8.319
2014/09/18 11:03:21,1.77,37.82550,-122.30680,37.402,2.911,0.0,-85,0.000,0.000,0.458
2014/09/18 11:03:26,1.77,37.82551,-122.30690,37.073,4.522,0.0,-85,0.006,0.042,0.487
2014/09/18 11:03:32,2.22,37.82554,-122.30703,33.793,3.155,0.0,-85,0.227,0.542,0.841
2014/09/18 11:03:37,2.22,37.82555,-122.30708,33.793,2.932,0.0,-85,0.108,0.083,2.896
2014/09/18 11:03:42,2.22,37.82556,-122.30713,35.433,0.027,0.0,-85,0.179,0.375,0.906
2014/09/18 11:03:47,2.22,37.82556,-122.30713,35.761,0.016,0.0,-85,0.655,0.708,0.389
2014/09/18 11:03:52,1.78,37.82556,-122.30712,40.026,0.045,0.0,-85,0.431,0.667,0.690
2014/09/18 11:03:57,1.78,37.82556,-122.30715,41.010,1.030,0.0,-91,0.597,0.000,2.149
2014/09/18 11:04:02,2.22,37.82557,-122.30719,43.307,3.190,0.0,-91,0.547,0.917,0.726
2014/09/18 11:04:07,1.78,37.82558,-122.30727,42.323,3.122,0.0,-91,1.492,1.125,0.182
2014/09/18 11:04:12,1.78,37.82558,-122.30732,41.010,0.359,0.0,-91,0.748,2.625,0.862
2014/09/18 11:04:17,1.78,37.82559,-122.30737,41.339,2.804,0.0,-91,0.313,1.583,0.000
2014/09/18 11:04:22,1.78,37.82559,-122.30738,41.010,0.042,0.0,-91,0.356,0.500,0.958
2014/09/18 11:04:27,1.78,37.82559,-122.30738,41.667,0.003,0.0,-93,0.302,1.417,0.000
2014/09/18 11:04:32,2.22,37.82559,-122.30738,42.651,0.003,0.0,-93,0.634,0.000,2.411
2014/09/18 11:04:37,1.78,37.82559,-122.30740,41.667,0.027,0.0,-93,0.875,1.417,2.103
2014/09/18 11:04:42,1.79,37.82559,-122.30741,41.010,1.692,0.0,-93,1.141,1.042,3.574
2014/09/18 11:04:47,1.79,37.82560,-122.30749,40.026,4.461,0.0,-93,0.526,0.667,0.000
2014/09/18 11:04:52,1.79,37.82560,-122.30760,38.386,1.146,0.0,-93,0.542,0.750,6.606
2014/09/18 11:04:57,1.79,37.82560,-122.30760,34.449,0.967,0.0,-93,0.536,0.000,4.410
2014/09/18 11:05:02,1.79,37.82560,-122.30762,32.480,0.143,0.0,-93,1.027,1.167,1.494
2014/09/18 11:05:07,1.79,37.82559,-122.30763,30.840,1.942,0.0,-93,1.656,1.958,0.307
2014/09/18 11:05:12,1.79,37.82559,-122.30766,29.199,0.164,0.0,-93,0.784,1.958,0.345
2014/09/18 11:05:17,1.79,37.82559,-122.30766,27.887,1.051,0.0,-93,0.961,1.542,0.903
2014/09/18 11:05:22,1.79,37.82560,-122.30772,26.247,2.496,0.0,-93,0.959,1.958,0.542
2014/09/18 11:05:27,1.79,37.82560,-122.30778,24.606,0.315,0.0,-95,0.675,0.000,0.669
2014/09/18 11:05:32,1.79,37.82560,-122.30778,23.950,0.030,0.0,-95,0.401,2.417,3.604
2014/09/18 11:05:37,1.79,37.82560,-122.30783,23.294,3.514,0.0,-95,0.987,1.500,1.323
2014/09/18 11:05:42,1.79,37.82560,-122.30791,21.325,1.585,0.0,-95,1.239,1.542,1.549
2014/09/18 11:05:47,1.79,37.82560,-122.30793,20.341,1.176,0.0,-95,1.143,1.542,1.402
2014/09/18 11:05:52,1.79,37.82560,-122.30801,20.013,3.804,0.0,-95,0.413,1.000,1.649
2014/09/18 11:05:57,1.8,37.82559,-122.30812,20.013,4.237,0.0,-95,0.000,0.000,0.991
2014/09/18 11:06:02,1.8,37.82558,-122.30823,21.654,2.969,0.0,-93,0.665,1.458,0.642
2014/09/18 11:06:07,1.8,37.82558,-122.30825,25.262,0.255,0.0,-93,0.813,1.542,1.550
2014/09/18 11:06:12,1.8,37.82558,-122.30826,27.887,1.421,0.0,-93,0.791,2.083,2.728
2014/09/18 11:06:17,1.8,37.82557,-122.30831,29.856,0.401,0.0,-93,0.900,1.125,2.918
2014/09/18 11:06:22,1.8,37.82558,-122.30831,33.136,0.042,0.0,-93,1.532,1.083,0.000
2014/09/18 11:06:27,1.8,37.82558,-122.30831,36.417,0.016,0.0,-93,1.714,0.000,3.150
2014/09/18 11:06:32,1.8,37.82557,-122.30835,37.730,3.832,0.0,-91,1.658,1.125,2.298
2014/09/18 11:06:37,2.22,37.82556,-122.30846,37.402,3.863,0.0,-91,1.046,1.125,1.111
2014/09/18 11:06:42,1.8,37.82556,-122.30848,36.089,0.032,0.0,-91,0.895,1.708,0.000
2014/09/18 11:06:47,1.8,37.82556,-122.30851,33.465,3.358,0.0,-91,1.351,1.125,4.530
2014/09/18 11:06:52,1.8,37.82555,-122.30860,33.793,3.450,0.0,-91,1.061,1.667,1.558
2014/09/18 11:06:57,2.22,37.82554,-122.30865,31.496,0.696,0.0,-91,1.094,0.000,2.231
2014/09/18 11:07:02,1.8,37.82554,-122.30866,28.543,0.022,0.0,-93,1.116,1.167,1.479
2014/09/18 11:07:07,1.8,37.82553,-122.30868,27.559,1.511,0.0,-93,0.688,1.667,0.000
2014/09/18 11:07:12,1.81,37.82553,-122.30869,27.559,0.046,0.0,-93,1.008,0.000,0.000
2014/09/18 11:07:17,1.81,37.82553,-122.30871,27.887,0.111,0.0,-93,0.631,1.125,7.430
2014/09/18 11:07:22,1.81,37.82553,-122.30871,28.871,0.035,0.0,-93,0.711,0.542,3.455
2014/09/18 11:07:27,2.21,37.82552,-122.30871,32.152,0.031,0.0,-93,1.371,1.125,0.000
2014/09/18 11:07:32,1.81,37.82551,-122.30877,32.480,4.349,0.0,-91,0.749,0.542,6.413
2014/09/18 11:07:37,1.81,37.82551,-122.30884,34.121,2.592,0.0,-91,0.484,0.000,4.689
2014/09/18 11:07:42,1.81,37.82550,-122.30887,34.449,0.503,0.0,-91,0.528,0.625,0.000
2014/09/18 11:07:47,1.81,37.82550,-122.30889,35.433,1.220,0.0,-91,0.490,1.125,0.000
2014/09/18 11:07:52,1.81,37.82549,-122.30896,36.745,2.517,0.0,-91,1.008,1.083,0.000
2014/09/18 11:07:57,1.81,37.82548,-122.30897,35.761,0.012,0.0,-91,0.671,1.125,2.254
2014/09/18 11:08:02,1.81,37.82548,-122.30897,37.073,0.018,0.0,-91,0.471,0.000,0.710
2014/09/18 11:08:07,1.81,37.82548,-122.30897,36.089,0.039,0.0,-95,0.828,1.708,1.105
2014/09/18 11:08:12,1.81,37.82548,-122.30897,33.793,0.029,0.0,-95,0.726,1.708,0.738
2014/09/18 11:08:17,1.81,37.82547,-122.30898,32.808,2.173,0.0,-95,0.951,2.792,0.310
2014/09/18 11:08:22,1.82,37.82546,-122.30904,32.152,3.057,0.0,-95,1.293,2.833,0.258
2014/09/18 11:08:27,1.82,37.82546,-122.30906,33.465,0.069,0.0,-95,0.476,1.667,0.817
2014/09/18 11:08:32,1.82,37.82546,-122.30912,35.433,3.547,0.0,-95,0.597,0.583,0.000
2014/09/18 11:08:37,1.82,37.82545,-122.30920,35.433,3.524,0.0,-93,0.899,0.000,0.479
2014/09/18 11:08:42,1.82,37.82543,-122.30929,34.121,0.695,0.0,-93,0.345,0.000,0.000
2014/09/18 11:08:47,1.82,37.82543,-122.30929,37.073,0.078,0.0,-93,0.000,0.000,0.000
2014/09/18 11:08:52,2.21,37.82543,-122.30929,39.370,0.027,0.0,-93,0.000,0.000,0.000
2014/09/18 11:08:57,2.21,37.82544,-122.30929,40.682,0.032,0.0,-93,0.000,0.000,0.322
2014/09/18 11:09:02,2.21,37.82544,-122.30929,43.635,0.040,0.0,-93,0.030,0.083,0.222
2014/09/18 11:09:07,2.21,37.82544,-122.30929,44.291,0.009,0.0,-81,1.205,1.208,0.307
2014/09/18 11:09:12,2.21,37.82544,-122.30929,43.307,0.006,0.0,-81,1.456,1.500,0.281
2014/09/18 11:09:17,1.82,37.82543,-122.30933,40.026,3.229,0.0,-81,1.350,1.125,0.538
2014/09/18 11:09:22,1.82,37.82542,-122.30942,37.730,2.743,0.0,-81,1.117,0.958,0.182
2014/09/18 11:09:27,1.82,37.82541,-122.30943,38.058,0.030,0.0,-81,1.275,2.208,1.146
2014/09/18 11:09:32,1.82,37.82541,-122.30943,36.417,0.050,0.0,-81,1.942,0.000,1.651
2014/09/18 11:09:37,1.82,37.82541,-122.30944,36.417,0.026,0.0,-81,1.783,2.333,1.686
2014/09/18 11:09:42,1.83,37.82541,-122.30944,36.417,0.039,0.0,-81,2.147,1.833,2.071
2014/09/18 11:09:47,1.83,37.82541,-122.30948,36.089,2.966,0.0,-81,1.391,1.875,2.408
2014/09/18 11:09:52,1.83,37.82540,-122.30950,34.449,0.576,0.0,-81,0.641,2.125,1.534
2014/09/18 11:09:57,2.21,37.82540,-122.30951,33.136,1.622,0.0,-81,1.235,1.833,1.163
2014/09/18 11:10:02,2.21,37.82539,-122.30952,32.808,0.148,0.0,-81,0.603,1.833,2.229
2014/09/18 11:10:07,2.21,37.82539,-122.30953,33.465,0.106,0.0,-89,0.598,1.792,1.181
2014/09/18 11:10:12,2.21,37.82538,-122.30957,33.793,4.100,0.0,-89,0.000,0.000,0.000
2014/09/18 11:10:17,1.83,37.82537,-122.30966,32.808,1.132,0.0,-89,0.000,0.000,0.000
2014/09/18 11:10:22,1.83,37.82536,-122.30967,32.480,0.032,0.0,-89,0.000,1.250,0.273
2014/09/18 11:10:27,1.83,37.82536,-122.30967,33.465,0.060,0.0,-89,0.000,0.917,0.743
2014/09/18 11:10:32,1.83,37.82536,-122.30967,32.480,0.049,0.0,-89,0.000,0.000,2.370
2014/09/18 11:10:37,2.21,37.82536,-122.30966,31.496,0.061,0.0,-89,0.000,0.583,2.329
2014/09/18 11:10:42,1.83,37.82535,-122.30973,31.168,4.237,0.0,-85,0.000,1.208,2.532
2014/09/18 11:10:47,2.21,37.82535,-122.30976,31.824,0.010,0.0,-85,0.000,1.208,0.000
2014/09/18 11:10:52,1.83,37.82535,-122.30977,33.136,0.189,0.0,-85,0.000,0.000,3.494
2014/09/18 11:10:57,1.84,37.82535,-122.30977,32.152,0.019,0.0,-85,0.003,1.208,1.943
2014/09/18 11:11:02,2.21,37.82534,-122.30982,31.824,4.277,0.0,-85,0.701,1.208,3.790
2014/09/18 11:11:07,1.84,37.82532,-122.30995,31.824,5.489,0.0,-85,0.661,0.000,3.026
2014/09/18 11:11:12,1.84,37.82531,-122.31002,35.433,0.212,0.0,-83,0.396,1.208,3.410
2014/09/18 11:11:17,1.84,37.82531,-122.31002,41.667,0.033,0.0,-83,0.381,1.208,0.000
2014/09/18 11:11:22,1.84,37.82532,-122.31002,46.260,0.025,0.0,-83,0.718,0.000,2.294
2014/09/18 11:11:27,1.84,37.82532,-122.31002,46.260,0.025,0.0,-83,0.246,1.250,4.998
2014/09/18 11:11:32,1.84,37.82532,-122.31002,44.619,0.786,0.0,-83,0.181,0.583,2.391
2014/09/18 11:11:37,2.66,37.82530,-122.31010,43.307,4.899,0.0,-83,0.172,0.000,1.958
2014/09/18 11:11:42,1.84,37.82529,-122.31016,40.682,0.047,0.0,-85,0.003,1.208,0.000
2014/09/18 11:11:47,1.84,37.82529,-122.31016,39.698,0.034,0.0,-85,0.044,0.000,3.829
2014/09/18 11:11:52,1.84,37.82528,-122.31017,37.402,0.015,0.0,-85,0.108,0.625,6.354
2014/09/18 11:11:58,1.84,37.82527,-122.31021,37.073,1.088,0.0,-85,0.383,0.000,0.000
2014/09/18 11:12:03,1.84,37.82527,-122.31021,37.730,0.021,0.0,-85,0.117,0.000,5.617
2014/09/18 11:12:08,1.84,37.82527,-122.31021,36.745,0.020,0.0,-85,0.064,0.000,0.000
2014/09/18 11:12:13,1.85,37.82526,-122.31023,35.761,2.531,0.0,-91,0.239,0.000,5.177
2014/09/18 11:12:18,1.85,37.82526,-122.31027,36.417,0.507,0.0,-91,0.319,0.000,1.901
2014/09/18 11:12:23,1.85,37.82526,-122.31027,38.714,0.019,0.0,-91,0.311,0.000,2.435
2014/09/18 11:12:28,1.85,37.82526,-122.31027,41.667,0.755,0.0,-91,0.003,0.000,1.729
2014/09/18 11:12:33,2.67,37.82525,-122.31031,40.354,2.964,0.0,-91,0.222,0.000,1.850
2014/09/18 11:12:38,1.85,37.82524,-122.31037,37.073,2.751,0.0,-91,0.242,0.000,3.258
2014/09/18 11:12:43,2.67,37.82524,-122.31040,31.824,0.048,0.0,-91,0.344,0.000,1.075
2014/09/18 11:12:48,2.67,37.82524,-122.31040,29.199,0.035,0.0,-91,0.006,0.042,1.869
2014/09/18 11:12:53,2.67,37.82523,-122.31041,25.591,0.041,0.0,-91,0.308,0.292,1.003
2014/09/18 11:12:58,2.67,37.82523,-122.31042,21.325,1.320,0.0,-91,0.197,0.000,3.199
2014/09/18 11:13:03,2.67,37.82523,-122.31043,19.685,0.027,0.0,-91,0.177,0.542,2.809
2014/09/18 11:13:08,2.67,37.82522,-122.31045,17.060,0.122,0.0,-91,0.219,0.500,1.270
2014/09/18 11:13:13,2.67,37.82522,-122.31045,18.045,0.004,0.0,-91,0.130,0.542,3.054
2014/09/18 11:13:18,2.67,37.82522,-122.31046,17.060,1.496,0.0,-89,0.224,0.458,1.260
2014/09/18 11:13:23,2.67,37.82521,-122.31049,16.076,2.097,0.0,-89,0.161,0.000,3.177
2014/09/18 11:13:28,2.67,37.82521,-122.31051,15.092,0.062,0.0,-89,0.200,0.417,2.010
2014/09/18 11:13:33,2.68,37.82520,-122.31051,14.436,0.025,0.0,-89,0.214,0.500,1.365
2014/09/18 11:13:38,2.68,37.82520,-122.31051,15.092,0.045,0.0,-89,0.258,0.375,1.962
2014/09/18 11:13:43,1.86,37.82520,-122.31051,12.795,0.058,0.0,-89,0.508,0.500,1.447
2014/09/18 11:13:48,1.86,37.82520,-122.31054,13.451,2.956,0.0,-87,0.644,0.000,1.283
2014/09/18 11:13:53,1.86,37.82520,-122.31057,13.123,0.185,0.0,-87,0.592,0.667,2.009
2014/09/18 11:13:58,1.86,37.82520,-122.31059,14.764,2.057,0.0,-87,0.641,0.500,1.009
2014/09/18 11:14:03,2.68,37.82519,-122.31060,13.780,0.024,0.0,-87,0.531,0.708,1.010
2014/09/18 11:14:08,2.68,37.82519,-122.31060,16.404,0.021,0.0,-87,0.492,0.500,1.470
2014/09/18 11:14:13,2.68,37.82519,-122.31061,16.076,1.175,0.0,-87,0.669,0.667,0.737
2014/09/18 11:14:18,2.2,37.82518,-122.31067,15.420,1.246,0.0,-87,0.039,0.000,1.154
2014/09/18 11:14:23,1.86,37.82518,-122.31068,13.451,0.039,0.0,-87,0.180,0.458,1.730
2014/09/18 11:14:28,1.86,37.82518,-122.31068,12.467,0.602,0.0,-87,0.303,0.417,1.479
2014/09/18 11:14:33,3.2,37.82517,-122.31075,11.155,2.939,0.0,-87,0.250,0.250,2.357
2014/09/18 11:14:38,1.86,37.82517,-122.31078,5.577,0.026,0.0,-87,0.117,0.000,6.214
2014/09/18 11:14:43,2.69,37.82517,-122.31078,1.969,0.116,0.0,-87,0.094,0.125,1.259
2014/09/18 11:14:48,2.69,37.82517,-122.31079,1.312,0.349,0.0,-87,0.416,0.583,1.522
2014/09/18 11:14:53,2.69,37.82517,-122.31079,0.984,0.088,0.0,-85,0.526,0.833,0.969
2014/09/18 11:14:58,1.87,37.82516,-122.31080,0.656,0.030,0.0,-85,0.597,0.875,1.001
2014/09/18 11:15:03,1.87,37.82516,-122.31081,-0.656,2.162,0.0,-85,0.500,0.000,0.781
2014/09/18 11:15:08,1.87,37.82516,-122.31090,0.328,5.033,0.0,-85,0.300,0.792,1.110
2014/09/18 11:15:13,1.87,37.82515,-122.31104,1.640,4.585,0.0,-85,0.152,0.000,0.000
2014/09/18 11:15:18,1.87,37.82514,-122.31110,1.312,1.160,0.0,-85,0.165,0.125,6.924
2014/09/18 11:15:23,2.69,37.82514,-122.31112,1.312,0.044,0.0,-85,0.130,0.125,3.226
2014/09/18 11:15:28,1.87,37.82514,-122.31112,0.984,0.035,0.0,-85,0.203,0.000,2.071
2014/09/18 11:15:33,2.69,37.82514,-122.31112,0.328,0.474,0.0,-85,0.333,0.250,1.122
2014/09/18 11:15:38,1.87,37.82514,-122.31113,-0.656,1.003,0.0,-85,0.353,0.417,0.864
2014/09/18 11:15:43,1.87,37.82514,-122.31120,-0.656,3.288,0.0,-85,0.450,0.375,1.535
2014/09/18 11:15:48,1.87,37.82513,-122.31128,-0.328,2.911,0.0,-85,0.380,0.000,1.817
2014/09/18 11:15:53,1.87,37.82513,-122.31133,-0.328,1.067,0.0,-91,0.244,0.250,2.234
2014/09/18 11:15:58,1.87,37.82513,-122.31140,0.000,4.013,0.0,-91,0.097,0.000,4.357
2014/09/18 11:16:03,1.87,37.82513,-122.31149,0.328,2.239,0.0,-91,0.375,0.125,0.000
2014/09/18 11:16:08,1.87,37.82513,-122.31156,0.328,3.220,0.0,-91,1.067,0.125,4.646
2014/09/18 11:16:13,1.87,37.82513,-122.31165,0.000,3.980,0.0,-91,0.788,0.417,0.390
2014/09/18 11:16:18,1.87,37.82513,-122.31171,0.328,0.510,0.0,-91,0.528,0.375,0.542
2014/09/18 11:16:23,1.88,37.82513,-122.31173,0.656,0.284,0.0,-89,0.987,0.375,0.489
2014/09/18 11:16:28,1.88,37.82513,-122.31174,0.656,0.031,0.0,-89,0.956,0.000,0.230
2014/09/18 11:16:33,1.88,37.82513,-122.31174,0.328,0.042,0.0,-89,1.022,0.750,0.655
2014/09/18 11:16:38,1.88,37.82513,-122.31178,0.984,2.766,0.0,-89,0.906,0.583,1.262
2014/09/18 11:16:43,1.88,37.82513,-122.31182,1.312,0.287,0.0,-89,0.617,0.917,0.938
2014/09/18 11:16:48,1.88,37.82513,-122.31183,2.953,0.747,0.0,-89,0.278,0.292,3.067
2014/09/18 11:16:53,1.91,37.82514,-122.31187,3.937,0.950,0.0,-89,0.491,0.292,1.925
2014/09/18 11:16:58,1.91,37.82514,-122.31191,5.249,0.286,0.0,-87,0.467,0.542,1.206
2014/09/18 11:17:03,1.91,37.82514,-122.31191,3.937,0.041,0.0,-87,0.395,0.500,2.267
2014/09/18 11:17:08,1.91,37.82514,-122.31192,1.640,2.051,0.0,-87,0.209,0.000,0.561
2014/09/18 11:17:13,1.88,37.82515,-122.31197,3.937,0.153,0.0,-87,0.375,0.542,0.762
2014/09/18 11:17:18,1.88,37.82515,-122.31199,7.218,2.379,0.0,-87,0.494,0.500,0.537
2014/09/18 11:17:23,1.91,37.82516,-122.31208,9.514,3.792,0.0,-87,0.283,0.375,0.000
2014/09/18 11:17:28,1.91,37.82516,-122.31211,10.499,0.045,0.0,-81,0.167,0.125,5.658
2014/09/18 11:17:33,1.88,37.82517,-122.31212,7.874,1.515,0.0,-81,0.217,0.000,0.282
2014/09/18 11:17:38,1.91,37.82517,-122.31220,10.171,3.023,0.0,-81,0.000,0.000,0.000
2014/09/18 11:17:43,1.91,37.82517,-122.31222,10.499,0.060,0.0,-81,0.000,0.125,0.289
2014/09/18 11:17:48,1.88,37.82517,-122.31222,10.827,0.034,0.0,-81,0.000,0.875,0.529
2014/09/18 11:17:53,1.89,37.82516,-122.31223,5.577,0.700,0.0,-81,0.000,1.458,0.805
2014/09/18 11:17:58,2.71,37.82516,-122.31226,1.312,0.327,0.0,-93,0.003,0.000,1.562
2014/09/18 11:18:03,1.89,37.82515,-122.31227,-3.281,0.569,0.0,-93,0.072,0.750,0.394
2014/09/18 11:18:08,1.89,37.82515,-122.31227,-4.593,0.026,0.0,-93,0.240,0.750,0.000
2014/09/18 11:18:13,1.92,37.82515,-122.31227,-6.890,0.846,0.0,-93,0.122,0.000,3.851
2014/09/18 11:18:18,1.89,37.82515,-122.31233,-4.593,3.390,0.0,-93,0.094,0.375,3.515
2014/09/18 11:18:24,2.18,37.82515,-122.31238,-3.609,0.035,0.0,-93,0.108,0.625,0.343
2014/09/18 11:18:29,1.89,37.82515,-122.31238,-3.609,0.040,0.0,-87,0.427,0.875,0.518
2014/09/18 11:18:34,1.89,37.82516,-122.31238,1.640,0.022,0.0,-87,0.397,0.000,2.642
2014/09/18 11:18:39,1.89,37.82516,-122.31238,6.562,0.021,0.0,-87,0.000,0.542,0.000
2014/09/18 11:18:44,1.92,37.82516,-122.31240,6.562,0.958,0.0,-87,0.000,0.000,6.747
2014/09/18 11:18:49,1.89,37.82516,-122.31241,6.562,1.129,0.0,-87,0.000,0.125,0.223
2014/09/18 11:18:54,1.89,37.82516,-122.31243,6.234,0.029,0.0,-87,0.000,0.708,0.291
2014/09/18 11:18:59,1.89,37.82516,-122.31242,6.234,0.035,0.0,-87,0.000,0.917,1.071
2014/09/18 11:19:04,1.89,37.82516,-122.31242,5.906,0.021,0.0,-87,0.003,0.875,1.854
2014/09/18 11:19:09,1.89,37.82516,-122.31243,4.593,1.373,0.0,-87,0.917,0.000,1.042
2014/09/18 11:19:14,1.89,37.82516,-122.31249,2.625,2.203,0.0,-87,1.077,0.667,1.541
2014/09/18 11:19:19,1.89,37.82516,-122.31254,2.953,2.445,0.0,-87,0.625,0.208,1.386
2014/09/18 11:19:24,1.89,37.82516,-122.31256,2.625,0.039,0.0,-87,0.481,0.000,0.914
2014/09/18 11:19:29,1.89,37.82515,-122.31256,2.297,0.029,0.0,-87,0.708,0.208,1.345
2014/09/18 11:19:34,1.9,37.82515,-122.31256,2.297,0.028,0.0,-89,0.553,0.000,1.766
2014/09/18 11:19:39,1.9,37.82515,-122.31261,2.625,3.287,0.0,-89,0.400,0.000,0.625
2014/09/18 11:19:44,1.9,37.82515,-122.31264,2.625,0.015,0.0,-89,0.517,0.167,1.836
2014/09/18 11:19:49,1.9,37.82515,-122.31265,2.625,1.267,0.0,-89,0.272,0.000,2.311
2014/09/18 11:19:54,1.9,37.82515,-122.31271,2.953,2.450,0.0,-89,0.617,0.208,1.988
2014/09/18 11:19:59,1.9,37.82515,-122.31271,3.281,0.019,0.0,-89,0.708,0.000,2.198
2014/09/18 11:20:04,1.9,37.82515,-122.31271,3.609,0.245,0.0,-85,0.692,0.208,2.361
2014/09/18 11:20:09,1.9,37.82515,-122.31272,3.609,0.783,0.0,-85,0.278,0.250,2.479
2014/09/18 11:20:14,1.9,37.82515,-122.31275,3.609,1.884,0.0,-85,1.000,0.000,0.681
2014/09/18 11:20:19,1.9,37.82515,-122.31279,3.609,2.122,0.0,-85,0.450,0.417,0.752
2014/09/18 11:20:24,1.9,37.82515,-122.31285,5.577,1.873,0.0,-85,0.392,0.167,1.174
2014/09/18 11:20:29,1.9,37.82515,-122.31286,6.562,0.029,0.0,-85,0.464,0.000,1.707
2014/09/18 11:20:34,1.9,37.82515,-122.31287,6.562,0.473,0.0,-87,0.319,0.208,2.089
2014/09/18 11:20:39,1.9,37.82516,-122.31288,6.562,1.322,0.0,-87,0.539,0.250,2.691
2014/09/18 11:20:44,1.9,37.82516,-122.31291,5.249,0.851,0.0,-87,1.328,0.000,1.069
2014/09/18 11:20:49,1.9,37.82515,-122.31297,4.593,3.405,0.0,-87,0.000,0.792,2.270
2014/09/18 11:20:54,1.9,37.82515,-122.31299,5.906,0.517,0.0,-87,0.000,1.167,0.385
2014/09/18 11:20:59,1.9,37.82515,-122.31303,7.218,3.178,0.0,-87,0.000,0.000,0.299
2014/09/18 11:21:04,1.9,37.82515,-122.31305,7.546,0.028,0.0,-87,0.000,0.792,3.323
2014/09/18 11:21:09,1.9,37.82515,-122.31306,5.906,1.485,0.0,-87,0.000,0.792,2.010
2014/09/18 11:21:14,1.9,37.82515,-122.31311,5.577,1.776,0.0,-87,0.000,0.000,2.591
2014/09/18 11:21:19,1.91,37.82514,-122.31315,5.906,0.017,0.0,-87,0.000,0.875,3.870
2014/09/18 11:21:24,1.91,37.82514,-122.31318,6.234,3.873,0.0,-87,0.000,0.958,0.000
2014/09/18 11:21:29,1.91,37.82513,-122.31329,6.562,3.799,0.0,-87,0.000,1.125,2.259
2014/09/18 11:21:34,1.91,37.82512,-122.31335,3.609,0.665,0.0,-87,0.000,1.125,2.979
2014/09/18 11:21:39,1.91,37.82511,-122.31337,3.609,2.332,0.0,-83,0.000,0.000,1.943
2014/09/18 11:21:44,1.91,37.82511,-122.31341,3.281,0.281,0.0,-83,0.000,1.542,2.649
2014/09/18 11:21:49,1.91,37.82511,-122.31341,2.953,0.017,0.0,-83,0.000,1.542,1.934
2014/09/18 11:21:54,1.91,37.82510,-122.31344,2.625,2.562,0.0,-83,0.000,1.417,4.279
2014/09/18 11:21:59,1.91,37.82509,-122.31353,3.937,4.135,0.0,-83,0.000,0.000,0.000
2014/09/18 11:22:04,1.91,37.82508,-122.31362,3.281,2.149,0.0,-83,0.000,0.958,0.000
2014/09/18 11:22:09,1.91,37.82508,-122.31363,5.577,0.761,0.0,-83,0.000,0.000,8.739
2014/09/18 11:22:14,1.91,37.82508,-122.31368,5.906,0.919,0.0,-83,0.000,1.000,1.698
2014/09/18 11:22:19,1.91,37.82508,-122.31369,4.593,0.010,0.0,-83,0.000,0.958,3.630
2014/09/18 11:22:24,1.91,37.82507,-122.31370,1.312,0.076,0.0,-83,0.000,0.958,3.142
2014/09/18 11:22:29,1.91,37.82507,-122.31370,-0.328,0.656,0.0,-83,0.000,0.000,0.000
2014/09/18 11:22:34,1.91,37.82506,-122.31377,-0.656,3.535,0.0,-83,0.000,1.542,4.889
2014/09/18 11:22:39,1.91,37.82504,-122.31386,2.953,4.636,0.0,-79,0.000,1.625,2.957
2014/09/18 11:22:44,1.95,37.82501,-122.31399,9.843,4.787,0.0,-79,0.000,0.000,0.000
2014/09/18 11:22:49,1.95,37.82500,-122.31403,11.811,0.034,0.0,-79,0.000,1.667,5.142
2014/09/18 11:22:54,1.95,37.82500,-122.31404,7.546,0.028,0.0,-79,0.000,1.083,2.082
2014/09/18 11:22:59,2.25,37.82500,-122.31405,3.937,0.025,0.0,-79,0.000,1.667,2.626
2014/09/18 11:23:04,2.25,37.82499,-122.31405,0.656,0.617,0.0,-79,0.000,1.625,2.615
2014/09/18 11:23:09,2.25,37.82499,-122.31406,0.328,0.056,0.0,-75,0.000,0.000,2.770
2014/09/18 11:23:14,2.15,37.82499,-122.31406,-1.640,0.980,0.0,-75,0.000,1.125,2.966
2014/09/18 11:23:19,2.15,37.82499,-122.31409,-2.297,0.049,0.0,-75,0.003,1.083,2.683
2014/09/18 11:23:24,2.15,37.82499,-122.31409,0.000,0.014,0.0,-75,1.478,1.125,1.285
2014/09/18 11:23:29,1.92,37.82499,-122.31411,1.640,0.246,0.0,-75,0.006,0.000,0.642
2014/09/18 11:23:34,1.92,37.82499,-122.31413,4.593,2.412,0.0,-75,0.472,1.125,2.209
2014/09/18 11:23:39,1.92,37.82498,-122.31417,8.530,0.026,0.0,-75,2.778,0.000,0.392
2014/09/18 11:23:44,2.15,37.82498,-122.31417,13.780,0.317,0.0,-71,2.425,1.125,0.317
2014/09/18 11:23:49,2.15,37.82498,-122.31418,14.764,0.782,0.0,-71,1.992,1.083,1.016
2014/09/18 11:23:54,2.15,37.82498,-122.31419,19.357,0.034,0.0,-71,2.419,0.000,1.181
2014/09/18 11:23:59,2.15,37.82498,-122.31420,22.638,1.700,0.0,-71,2.419,1.667,1.148
2014/09/18 11:24:04,1.92,37.82497,-122.31424,20.341,0.013,0.0,-71,2.269,0.583,0.394
2014/09/18 11:24:09,1.92,37.82497,-122.31425,17.060,0.040,0.0,-71,1.139,0.000,0.834
2014/09/18 11:24:14,1.92,37.82497,-122.31425,13.123,0.030,0.0,-69,1.583,0.542,0.342
2014/09/18 11:24:19,1.92,37.82497,-122.31425,7.874,0.012,0.0,-69,0.919,1.083,0.238
2014/09/18 11:24:24,1.92,37.82497,-122.31425,6.234,0.025,0.0,-69,0.875,0.583,0.422
2014/09/18 11:24:29,1.92,37.82497,-122.31425,6.234,0.017,0.0,-69,1.708,1.083,0.490
2014/09/18 11:24:34,1.92,37.82497,-122.31425,5.906,0.009,0.0,-69,2.164,0.000,0.517
2014/09/18 11:24:39,1.92,37.82497,-122.31425,5.249,0.139,0.0,-69,1.092,0.000,1.149
2014/09/18 11:24:44,1.92,37.82497,-122.31425,6.890,0.013,0.0,-71,1.258,1.167,0.185
2014/09/18 11:24:49,2.14,37.82496,-122.31425,7.546,0.511,0.0,-71,2.247,0.000,0.426
2014/09/18 11:24:54,2.14,37.82497,-122.31425,7.546,0.046,0.0,-71,1.764,1.083,0.925
2014/09/18 11:24:59,1.92,37.82497,-122.31425,9.186,0.063,0.0,-71,1.053,0.000,0.830
2014/09/18 11:25:04,1.92,37.82496,-122.31428,9.186,2.016,0.0,-71,0.417,0.542,2.690
2014/09/18 11:25:09,1.92,37.82496,-122.31431,9.514,1.188,0.0,-71,0.081,0.000,0.000
2014/09/18 11:25:14,1.92,37.82496,-122.31432,8.858,0.039,0.0,-73,0.410,0.000,1.186
2014/09/18 11:25:19,1.92,37.82496,-122.31432,9.186,0.011,0.0,-73,1.590,0.542,0.243
2014/09/18 11:25:24,2.14,37.82495,-122.31435,8.202,1.231,0.0,-73,1.425,1.667,0.376
2014/09/18 11:25:29,1.93,37.82495,-122.31436,8.530,0.335,0.0,-73,1.597,0.000,0.622
2014/09/18 11:25:34,1.93,37.82495,-122.31437,9.186,0.042,0.0,-73,1.253,1.125,0.869
2014/09/18 11:25:39,1.93,37.82494,-122.31439,8.530,1.421,0.0,-73,1.286,0.000,0.568
2014/09/18 11:25:44,1.93,37.82494,-122.31440,8.202,0.545,0.0,-73,1.211,0.542,1.550
2014/09/18 11:25:49,1.93,37.82494,-122.31444,8.202,0.640,0.0,-75,1.167,0.000,0.441
2014/09/18 11:25:54,1.93,37.82494,-122.31444,8.858,0.086,0.0,-75,1.000,0.542,1.026
2014/09/18 11:25:59,1.93,37.82493,-122.31449,9.843,3.412,0.0,-75,1.000,0.000,0.638
2014/09/18 11:26:04,1.93,37.82492,-122.31456,10.499,1.243,0.0,-75,1.205,0.583,0.850
2014/09/18 11:26:09,1.93,37.82491,-122.31459,11.483,2.043,0.0,-75,1.795,0.542,0.362
2014/09/18 11:26:14,1.93,37.82490,-122.31464,11.811,1.915,0.0,-75,1.597,0.000,0.569
2014/09/18 11:26:19,1.93,37.82490,-122.31466,12.139,0.864,0.0,-79,1.069,0.542,0.677
2014/09/18 11:26:24,1.93,37.82489,-122.31469,12.467,1.589,0.0,-79,1.667,0.542,0.279
2014/09/18 11:26:29,2.13,37.82489,-122.31471,11.811,0.959,0.0,-79,1.169,0.000,0.490
2014/09/18 11:26:34,1.93,37.82488,-122.31475,11.483,0.693,0.0,-79,0.786,0.542,0.689
2014/09/18 11:26:39,1.93,37.82488,-122.31475,10.499,0.491,0.0,-79,0.422,0.000,1.390
2014/09/18 11:26:44,1.93,37.82488,-122.31478,10.171,1.790,0.0,-79,0.333,0.000,2.302
2014/09/18 11:26:49,1.93,37.82487,-122.31481,9.186,0.681,0.0,-79,0.500,0.583,1.574
2014/09/18 11:26:54,1.93,37.82486,-122.31482,9.514,0.622,0.0,-79,0.667,0.000,1.994
2014/09/18 11:26:59,1.93,37.82486,-122.31483,11.155,0.262,0.0,-79,0.969,0.542,1.366
2014/09/18 11:27:04,1.93,37.82485,-122.31484,10.171,1.170,0.0,-79,0.364,0.000,2.006
2014/09/18 11:27:09,1.93,37.82484,-122.31489,8.858,2.774,0.0,-79,0.405,0.000,0.902
2014/09/18 11:27:14,1.93,37.82482,-122.31496,9.186,2.183,0.0,-79,0.333,0.583,2.151
2014/09/18 11:27:19,1.93,37.82481,-122.31501,9.186,2.187,0.0,-83,0.280,0.542,2.391
2014/09/18 11:27:24,1.93,37.82479,-122.31508,10.171,2.634,0.0,-83,0.247,0.000,0.870
2014/09/18 11:27:29,1.93,37.82478,-122.31513,12.795,1.585,0.0,-83,0.950,1.083,1.690
2014/09/18 11:27:34,1.93,37.82477,-122.31518,12.795,2.641,0.0,-83,0.583,0.542,1.102
2014/09/18 11:27:39,1.93,37.82476,-122.31522,13.451,1.363,0.0,-83,0.850,0.000,5.077
2014/09/18 11:27:44,1.93,37.82475,-122.31525,13.451,1.265,0.0,-83,0.511,0.000,1.851
2014/09/18 11:27:49,2.12,37.82474,-122.31529,14.436,1.822,0.0,-83,0.453,0.000,1.782
2014/09/18 11:27:54,2.12,37.82474,-122.31532,14.436,1.392,0.0,-75,0.378,0.000,0.000
2014/09/18 11:27:59,1.93,37.82472,-122.31537,13.780,2.661,0.0,-75,0.333,0.000,1.007
2014/09/18 11:28:04,1.93,37.82471,-122.31540,11.811,1.238,0.0,-75,0.417,0.583,1.791
2014/09/18 11:28:09,2.12,37.82470,-122.31544,8.858,2.941,0.0,-75,0.417,0.000,0.000
2014/09/18 11:28:14,1.93,37.82468,-122.31551,8.202,2.499,0.0,-75,0.167,0.000,4.214
2014/09/18 11:28:19,2.12,37.82466,-122.31557,7.874,3.386,0.0,-75,0.167,0.000,0.000
2014/09/18 11:28:24,1.94,37.82464,-122.31564,7.874,3.099,0.0,-77,0.250,0.000,5.395
2014/09/18 11:28:29,1.94,37.82462,-122.31569,7.874,1.307,0.0,-77,0.183,0.542,2.846
2014/09/18 11:28:34,1.94,37.82460,-122.31573,7.546,1.649,0.0,-77,0.428,0.000,3.526
2014/09/18 11:28:39,1.94,37.82459,-122.31576,7.546,2.199,0.0,-77,0.889,0.542,1.021
2014/09/18 11:28:44,1.94,37.82457,-122.31583,7.546,2.232,0.0,-77,1.681,0.000,0.905
2014/09/18 11:28:49,1.94,37.82455,-122.31591,4.921,3.463,0.0,-77,1.653,0.000,0.241
2014/09/18 11:28:54,1.94,37.82454,-122.31599,3.937,3.748,0.0,-67,0.903,0.000,0.562
2014/09/18 11:28:59,1.94,37.82452,-122.31606,5.577,2.914,0.0,-67,0.508,0.000,1.770
2014/09/18 11:29:04,1.94,37.82451,-122.31612,7.546,2.496,0.0,-67,1.153,0.042,0.478
2014/09/18 11:29:09,1.94,37.82450,-122.31619,8.202,2.811,0.0,-67,1.075,0.333,0.773
2014/09/18 11:29:14,1.94,37.82449,-122.31625,8.202,1.868,0.0,-67,1.508,1.000,1.050
2014/09/18 11:29:19,1.94,37.82448,-122.31630,7.874,2.623,0.0,-67,1.631,0.000,0.869
2014/09/18 11:29:24,1.94,37.82446,-122.31639,9.843,4.583,0.0,-77,0.637,0.917,0.948
2014/09/18 11:29:30,1.94,37.82444,-122.31651,10.827,4.775,0.0,-77,0.547,0.375,0.717
2014/09/18 11:29:35,1.94,37.82441,-122.31662,11.155,4.482,0.0,-77,0.744,0.000,0.940
2014/09/18 11:29:40,1.94,37.82439,-122.31674,12.139,5.429,0.0,-77,1.003,0.417,0.856
2014/09/18 11:29:45,1.94,37.82437,-122.31687,12.139,4.350,0.0,-77,0.914,0.667,0.762
2014/09/18 11:29:50,1.94,37.82435,-122.31696,12.795,3.089,0.0,-77,1.278,0.750,0.469
2014/09/18 11:29:55,2.03,37.82434,-122.31703,12.795,1.015,0.0,-77,1.322,0.000,0.511
2014/09/18 11:30:00,2.1,37.82427,-122.31737,14.108,24.479,0.0,-77,1.572,0.500,0.538
2014/09/18 11:30:05,2.1,37.82405,-122.31819,12.795,40.133,0.0,-77,1.161,0.250,0.400
2014/09/18 11:30:10,2.13,37.82370,-122.31921,12.139,43.220,0.0,-77,2.169,0.375,0.667
2014/09/18 11:30:15,1.94,37.82333,-122.32015,11.811,38.848,0.0,-77,2.158,0.500,0.457
2014/09/18 11:30:20,1.94,37.82303,-122.32100,11.155,35.372,0.0,-77,2.011,0.792,0.273
2014/09/18 11:30:25,2.1,37.82284,-122.32182,10.499,32.479,0.0,-77,1.828,0.375,0.000
2014/09/18 11:30:30,2.1,37.82270,-122.32260,12.139,32.718,0.0,-51,1.705,0.625,0.000
2014/09/18 11:30:35,1.94,37.82258,-122.32349,12.467,38.183,0.0,-51,2.045,0.000,1.375
2014/09/18 11:30:40,1.94,37.82248,-122.32451,11.483,42.013,0.0,-51,1.008,0.500,0.000
2014/09/18 11:30:45,1.94,37.82241,-122.32562,12.139,45.182,0.0,-51,0.414,0.250,4.653
2014/09/18 11:30:50,1.6,37.82232,-122.32680,16.076,48.129,0.0,-51,0.000,0.375,0.206
2014/09/18 11:30:55,1.6,37.82223,-122.32805,21.982,50.658,0.0,-51,0.006,1.583,0.250
2014/09/18 11:31:00,1.54,37.82212,-122.32936,28.215,52.761,0.0,-65,0.600,1.333,0.227
2014/09/18 11:31:05,1.54,37.82198,-122.33071,34.449,54.846,0.0,-65,0.000,0.000,0.000
2014/09/18 11:31:10,1.54,37.82179,-122.33240,40.682,56.839,0.0,-65,0.000,0.708,0.630
2014/09/18 11:31:15,1.54,37.82159,-122.33380,51.837,55.635,0.0,-65,0.000,0.500,0.838
2014/09/18 11:31:20,1.54,37.82139,-122.33514,59.383,52.192,0.0,-65,0.000,0.667,1.816
2014/09/18 11:31:25,1.61,37.82120,-122.33642,69.554,51.594,0.0,-65,0.000,1.458,1.139
2014/09/18 11:31:30,1.54,37.82101,-122.33771,77.756,52.636,0.0,-71,0.000,2.500,1.942
2014/09/18 11:31:35,1.55,37.82081,-122.33905,85.958,54.247,0.0,-71,0.000,1.833,0.000
2014/09/18 11:31:40,1.55,37.82062,-122.34037,91.864,50.290,0.0,-71,0.000,0.000,5.831
2014/09/18 11:31:45,1.61,37.82043,-122.34162,99.409,51.142,0.0,-71,0.000,1.542,2.970
2014/09/18 11:31:50,1.55,37.82025,-122.34287,106.955,48.228,0.0,-71,0.000,1.542,1.839
2014/09/18 11:31:55,1.61,37.82007,-122.34411,114.501,50.752,0.0,-71,0.000,1.708,1.509
2014/09/18 11:32:00,1.55,37.81988,-122.34538,120.079,50.551,0.0,-71,0.000,1.500,1.674
2014/09/18 11:32:05,1.55,37.81971,-122.34661,126.969,47.492,0.0,-77,0.000,1.542,2.279
2014/09/18 11:32:10,1.55,37.81953,-122.34779,133.530,46.011,0.0,-77,0.000,1.542,3.690
2014/09/18 11:32:15,1.58,37.81938,-122.34888,138.123,42.476,0.0,-77,0.000,0.000,3.326
2014/09/18 11:32:20,1.55,37.81922,-122.34996,142.388,43.350,0.0,-77,0.000,1.542,0.000
2014/09/18 11:32:25,1.55,37.81904,-122.35093,147.638,36.378,0.0,-77,0.000,1.500,3.930
2014/09/18 11:32:30,1.58,37.81886,-122.35172,151.903,28.888,0.0,-77,0.000,1.542,3.046
2014/09/18 11:32:35,1.97,37.81867,-122.35235,154.199,26.397,0.0,-69,0.000,1.542,2.909
2014/09/18 11:32:40,1.76,37.81843,-122.35305,159.121,33.329,0.0,-69,0.000,0.833,0.000
2014/09/18 11:32:45,1.59,37.81810,-122.35387,162.402,37.527,0.0,-69,0.000,0.000,4.859
2014/09/18 11:32:50,1.59,37.81769,-122.35472,165.026,40.912,0.0,-69,0.000,1.542,4.258
2014/09/18 11:32:55,1.55,37.81721,-122.35558,162.730,40.447,0.0,-69,0.000,1.500,2.177
2014/09/18 11:33:00,1.55,37.81674,-122.35639,164.370,39.298,0.0,-69,0.000,0.000,0.000
2014/09/18 11:33:05,1.59,37.81625,-122.35725,167.651,43.939,0.0,-81,0.000,1.542,5.054
2014/09/18 11:33:10,1.56,37.81571,-122.35820,169.291,47.761,0.0,-81,0.000,0.000,4.335
2014/09/18 11:33:15,1.56,37.81517,-122.35916,172.572,43.770,0.0,-81,0.000,1.542,2.320
2014/09/18 11:33:20,1.59,37.81465,-122.36006,176.181,45.393,0.0,-81,0.000,0.000,0.000
2014/09/18 11:33:25,1.56,37.81408,-122.36099,181.759,45.782,0.0,-81,0.000,1.500,4.335
2014/09/18 11:33:30,1.59,37.81348,-122.36179,186.680,42.948,0.0,-81,0.000,1.542,5.499
2014/09/18 11:33:35,1.56,37.81280,-122.36251,191.601,45.671,0.0,-77,0.000,0.000,0.000
2014/09/18 11:33:40,1.56,37.81207,-122.36318,190.289,44.074,0.0,-77,0.000,1.542,4.109
2014/09/18 11:33:45,1.56,37.81137,-122.36382,186.024,42.296,0.0,-77,0.000,1.542,3.275
2014/09/18 11:33:50,1.56,37.81071,-122.36452,182.087,43.922,0.0,-77,0.000,0.000,3.675
2014/09/18 11:33:55,2.42,37.81009,-122.36515,179.134,33.603,0.0,-77,0.000,1.500,0.000
2014/09/18 11:34:00,4.89,37.80986,-122.36532,177.822,31.932,0.0,-77,0.000,1.542,5.031
2014/09/18 11:34:05,4.89,37.80986,-122.36532,177.822,31.932,0.0,-95,0.000,0.000,0.000
2014/09/18 11:34:10,2.81,37.80878,-122.36661,177.493,20.996,0.0,-95,0.000,0.000,0.000
2014/09/18 11:34:15,1.77,37.80836,-122.36703,169.619,29.880,0.0,-95,0.000,1.542,0.000
2014/09/18 11:34:20,1.31,37.80786,-122.36756,168.307,33.721,0.0,-95,0.000,0.000,5.463
2014/09/18 11:34:25,1.31,37.80731,-122.36815,180.118,37.402,0.0,-95,0.000,1.542,0.000
2014/09/18 11:34:30,1.31,37.80670,-122.36881,187.992,41.508,0.0,-95,0.000,0.000,0.000
2014/09/18 11:34:35,1.31,37.80604,-122.36952,197.507,44.467,0.0,-95,0.000,0.000,0.000
2014/09/18 11:34:40,1.38,37.80534,-122.37026,207.021,46.860,0.0,-85,0.000,0.000,0.000
2014/09/18 11:34:45,1.31,37.80467,-122.37099,215.551,40.712,0.0,-85,0.000,0.000,5.830
2014/09/18 11:34:50,1.31,37.80405,-122.37165,224.409,39.560,0.0,-85,0.006,0.000,0.369
2014/09/18 11:34:55,1.57,37.80349,-122.37225,230.643,35.695,0.0,-85,0.003,0.000,0.286
2014/09/18 11:35:00,1.56,37.80292,-122.37287,237.205,39.130,0.0,-85,0.678,0.000,1.759
2014/09/18 11:35:05,1.31,37.80228,-122.37354,242.126,42.905,0.0,-85,0.150,0.000,4.191
2014/09/18 11:35:10,1.72,37.80161,-122.37427,245.079,43.709,0.0,-79,0.350,0.000,0.897
2014/09/18 11:35:15,1.9,37.80094,-122.37499,247.703,44.997,0.0,-79,0.914,0.000,1.062
2014/09/18 11:35:20,1.31,37.80027,-122.37570,250.656,41.177,0.0,-79,0.353,0.000,0.000
2014/09/18 11:35:25,1.56,37.79964,-122.37638,250.656,41.464,0.0,-79,0.228,0.000,0.677
2014/09/18 11:35:30,1.56,37.79899,-122.37707,252.297,42.809,0.0,-79,1.147,0.042,0.937
2014/09/18 11:35:35,1.46,37.79830,-122.37782,253.609,47.068,0.0,-79,0.684,0.125,1.962
2014/09/18 11:35:40,1.31,37.79757,-122.37861,253.281,48.586,0.0,-79,0.453,0.125,0.646
2014/09/18 11:35:45,1.46,37.79681,-122.37942,252.625,49.968,0.0,-79,0.822,0.125,2.098
2014/09/18 11:35:50,1.32,37.79605,-122.38024,253.281,49.869,0.0,-79,0.317,0.000,0.000
2014/09/18 11:35:55,1.32,37.79532,-122.38102,253.937,47.260,0.0,-79,0.000,0.042,8.034
2014/09/18 11:36:00,1.57,37.79460,-122.38180,251.312,47.142,0.0,-79,0.000,0.167,1.205
2014/09/18 11:36:05,1.32,37.79390,-122.38255,246.063,43.736,0.0,-79,0.000,0.000,2.287
2014/09/18 11:36:10,1.32,37.79325,-122.38325,240.157,41.881,0.0,-83,0.000,0.333,3.035
2014/09/18 11:36:15,1.32,37.79260,-122.38395,233.924,43.742,0.0,-83,0.000,0.542,0.000
2014/09/18 11:36:20,1.57,37.79192,-122.38468,227.362,44.078,0.0,-83,0.000,0.000,6.165
2014/09/18 11:36:25,1.32,37.79124,-122.38541,217.192,44.589,0.0,-83,0.000,0.000,0.000
2014/09/18 11:36:30,1.55,37.79060,-122.38609,211.942,40.253,0.0,-83,0.000,0.250,7.617
2014/09/18 11:36:35,1.79,37.78997,-122.38676,201.772,39.843,0.0,-83,0.000,0.000,0.000
2014/09/18 11:36:40,1.32,37.78940,-122.38737,192.257,34.299,0.0,-83,0.000,0.000,0.000
2014/09/18 11:36:45,1.32,37.78891,-122.38788,184.383,28.910,0.0,-79,0.000,0.000,0.000
2014/09/18 11:36:50,1.32,37.78849,-122.38834,178.150,26.971,0.0,-79,0.000,0.000,0.000
2014/09/18 11:36:55,1.61,37.78805,-122.38881,173.885,30.654,0.0,-79,0.000,0.000,0.000
2014/09/18 11:37:00,1.57,37.78752,-122.38938,165.026,37.793,0.0,-79,0.000,0.000,0.000
2014/09/18 11:37:05,1.46,37.78691,-122.39003,156.496,40.817,0.0,-79,0.000,0.000,0.000
2014/09/18 11:37:10,1.46,37.78629,-122.39070,146.325,38.526,0.0,-79,0.000,0.000,0.000
2014/09/18 11:37:15,1.58,37.78579,-122.39139,136.811,37.328,0.0,-75,0.000,0.000,0.000
2014/09/18 11:37:20,1.73,37.78537,-122.39221,128.609,37.962,0.0,-75,0.000,0.000,5.722
2014/09/18 11:37:25,1.46,37.78495,-122.39300,126.969,36.523,0.0,-75,0.003,0.000,0.794
2014/09/18 11:37:30,1.32,37.78452,-122.39367,123.688,30.829,0.0,-75,0.006,0.000,0.370
2014/09/18 11:37:35,1.95,37.78411,-122.39420,118.110,27.792,0.0,-75,0.603,0.042,0.217
2014/09/18 11:37:41,1.32,37.78364,-122.39481,113.845,28.677,0.0,-75,0.683,0.625,0.965
2014/09/18 11:37:46,1.59,37.78323,-122.39535,109.252,31.569,0.0,-75,0.257,1.000,0.536
2014/09/18 11:37:51,1.36,37.78279,-122.39592,103.018,30.626,0.0,-75,0.401,1.375,0.823
2014/09/18 11:37:56,1.46,37.78234,-122.39649,93.832,33.214,0.0,-75,0.114,0.500,2.247
2014/09/18 11:38:01,1.46,37.78184,-122.39715,80.381,38.076,0.0,-75,0.263,0.000,0.961
2014/09/18 11:38:06,1.46,37.78129,-122.39791,66.929,42.933,0.0,-75,0.003,0.500,3.733
2014/09/18 11:38:11,1.32,37.78067,-122.39872,55.774,45.583,0.0,-75,0.203,0.750,3.083
2014/09/18 11:38:16,1.32,37.78005,-122.39952,47.900,42.272,0.0,-67,0.118,0.250,2.946
2014/09/18 11:38:21,1.32,37.77949,-122.40024,46.588,38.283,0.0,-67,0.000,0.500,1.490
2014/09/18 11:38:26,1.46,37.77896,-122.40093,44.619,37.016,0.0,-67,0.000,1.000,0.511
2014/09/18 11:38:31,1.46,37.77846,-122.40158,44.291,35.334,0.0,-67,0.000,0.833,0.821
2014/09/18 11:38:36,1.46,37.77798,-122.40220,44.619,32.412,0.0,-67,0.000,1.000,1.057
2014/09/18 11:38:41,1.46,37.77757,-122.40279,44.619,31.007,0.0,-67,0.000,0.000,0.554
2014/09/18 11:38:46,1.46,37.77717,-122.40341,42.979,32.529,0.0,-67,0.003,1.208,1.053
2014/09/18 11:38:51,1.46,37.77678,-122.40403,42.323,29.096,0.0,-61,0.075,0.792,4.062
2014/09/18 11:38:56,1.46,37.77639,-122.40468,42.979,34.677,0.0,-61,0.000,0.000,0.000
2014/09/18 11:39:01,1.46,37.77593,-122.40542,44.619,38.165,0.0,-61,0.192,0.292,1.353
2014/09/18 11:39:06,1.78,37.77535,-122.40609,42.979,40.650,0.0,-61,0.436,0.208,2.370
2014/09/18 11:39:11,1.33,37.77462,-122.40658,43.307,42.409,0.0,-61,0.000,0.125,0.747
2014/09/18 11:39:16,1.39,37.77381,-122.40683,45.276,39.418,0.0,-61,0.000,0.000,0.000
2014/09/18 11:39:21,1.58,37.77302,-122.40684,48.556,39.629,0.0,-71,0.000,0.500,5.114
2014/09/18 11:39:26,1.33,37.77221,-122.40668,50.853,40.626,0.0,-71,0.000,0.250,0.355
2014/09/18 11:39:31,1.35,37.77150,-122.40638,47.900,34.877,0.0,-71,0.000,1.458,1.110
2014/09/18 11:39:36,1.33,37.77090,-122.40608,43.963,30.220,0.0,-71,0.000,1.000,0.401
2014/09/18 11:39:41,1.35,37.77036,-122.40586,41.667,26.697,0.0,-71,0.006,1.708,0.241
2014/09/18 11:39:46,1.58,37.76983,-122.40570,42.651,28.791,0.0,-71,1.049,1.292,0.267
2014/09/18 11:39:51,1.42,37.76925,-122.40560,42.651,26.510,0.0,-53,1.140,1.750,0.802
2014/09/18 11:39:56,1.33,37.76875,-122.40555,47.572,22.336,0.0,-53,1.151,2.458,1.670
2014/09/18 11:40:01,1.33,37.76835,-122.40551,49.869,18.235,0.0,-53,0.706,1.167,1.870
2014/09/18 11:40:06,1.47,37.76800,-122.40547,50.525,16.717,0.0,-53,0.942,1.917,1.958
2014/09/18 11:40:11,1.47,37.76765,-122.40544,50.525,20.169,0.0,-53,1.106,0.000,0.283
2014/09/18 11:40:16,1.75,37.76723,-122.40539,55.446,19.950,0.0,-53,1.403,1.500,0.948
2014/09/18 11:40:21,1.47,37.76688,-122.40536,58.399,14.618,0.0,-53,0.803,1.625,1.946
2014/09/18 11:40:26,1.47,37.76658,-122.40533,64.633,16.661,0.0,-53,0.875,2.083,1.623
2014/09/18 11:40:31,1.47,37.76619,-122.40529,71.194,20.922,0.0,-53,0.567,2.042,2.663
2014/09/18 11:40:36,1.33,37.76572,-122.40524,77.756,25.049,0.0,-53,0.419,0.000,2.367
2014/09/18 11:40:41,1.59,37.76522,-122.40520,83.005,25.395,0.0,-53,0.705,1.583,1.682
2014/09/18 11:40:46,1.59,37.76469,-122.40515,89.239,29.203,0.0,-53,0.583,2.625,2.183
2014/09/18 11:40:51,1.61,37.76403,-122.40515,93.504,35.707,0.0,-53,0.503,1.375,1.606
2014/09/18 11:40:56,1.33,37.76326,-122.40531,98.425,41.276,0.0,-67,0.527,0.000,2.251
2014/09/18 11:41:01,1.64,37.76245,-122.40572,105.971,43.126,0.0,-67,1.121,1.375,0.506
2014/09/18 11:41:06,1.47,37.76170,-122.40617,115.814,40.909,0.0,-67,1.728,2.083,0.530
2014/09/18 11:41:11,1.51,37.76092,-122.40646,124.672,39.211,0.0,-67,1.592,2.042,0.463
2014/09/18 11:41:16,1.59,37.76011,-122.40647,125.984,42.355,0.0,-67,1.139,0.000,2.066
2014/09/18 11:41:21,1.61,37.75927,-122.40616,124.016,42.613,0.0,-67,0.351,2.042,1.107
2014/09/18 11:41:26,1.59,37.75856,-122.40555,122.047,44.051,0.0,-75,0.588,0.000,1.942
2014/09/18 11:41:31,2.23,37.75793,-122.40473,114.173,46.054,0.0,-75,0.648,0.708,0.000
2014/09/18 11:41:36,2.85,37.75722,-122.40392,103.018,49.551,0.0,-75,0.183,0.000,7.822
2014/09/18 11:41:41,1.76,37.75630,-122.40341,95.801,50.817,0.0,-75,0.000,0.000,0.000
2014/09/18 11:41:46,1.8,37.75530,-122.40326,87.598,49.518,0.0,-75,0.097,0.000,4.691
2014/09/18 11:41:51,1.8,37.75432,-122.40315,81.693,47.887,0.0,-75,1.009,0.000,0.190
2014/09/18 11:41:56,2.27,37.75334,-122.40305,75.131,50.178,0.0,-81,0.846,0.042,0.178
2014/09/18 11:42:01,1.93,37.75234,-122.40303,72.178,47.446,0.0,-81,0.914,1.583,0.823
2014/09/18 11:42:06,1.76,37.75129,-122.40324,65.945,53.257,0.0,-81,0.921,1.167,0.317
2014/09/18 11:42:11,1.52,37.75021,-122.40358,59.055,55.964,0.0,-81,0.377,0.208,3.937
2014/09/18 11:42:16,1.52,37.74915,-122.40392,54.134,49.472,0.0,-81,0.219,0.000,0.176
2014/09/18 11:42:21,1.34,37.74830,-122.40424,51.509,41.709,0.0,-81,0.622,0.958,1.354
2014/09/18 11:42:26,1.66,37.74750,-122.40450,49.869,40.050,0.0,-57,1.128,1.333,1.426
2014/09/18 11:42:31,1.65,37.74671,-122.40474,50.525,40.181,0.0,-57,0.488,0.500,1.535
2014/09/18 11:42:36,1.85,37.74590,-122.40499,54.790,43.743,0.0,-57,0.393,0.000,1.615
2014/09/18 11:42:41,1.62,37.74500,-122.40529,63.976,48.240,0.0,-57,0.381,0.750,0.922
2014/09/18 11:42:46,1.62,37.74408,-122.40580,75.787,50.780,0.0,-57,0.474,1.792,0.842
2014/09/18 11:42:51,1.62,37.74324,-122.40648,77.100,48.796,0.0,-57,0.716,1.542,0.822
2014/09/18 11:42:56,1.65,37.74245,-122.40713,74.803,45.217,0.0,-57,0.605,1.125,0.698
2014/09/18 11:43:01,1.86,37.74164,-122.40764,70.538,46.869,0.0,-79,0.499,0.000,3.430
2014/09/18 11:43:06,2.12,37.74069,-122.40801,56.759,51.382,0.0,-79,0.162,1.000,1.483
2014/09/18 11:43:06,1.34,37.73967,-122.40821,45.604,50.686,0.0,-79,0.369,0.000,0.000
2014/09/18 11:43:11,1.98,37.73865,-122.40825,41.995,50.180,0.0,-79,0.000,0.000,0.000
2014/09/18 11:43:16,2.25,37.73766,-122.40821,47.244,47.074,0.0,-79,0.732,1.125,0.000
2014/09/18 11:43:21,1.8,37.73678,-122.40830,50.853,43.118,0.0,-79,0.899,1.042,0.000
2014/09/18 11:43:26,1.37,37.73594,-122.40870,47.900,44.709,0.0,-51,0.439,1.458,3.165
2014/09/18 11:43:31,1.34,37.73521,-122.40933,38.714,44.714,0.0,-51,0.713,2.042,0.434
2014/09/18 11:43:36,1.34,37.73459,-122.41016,26.903,46.379,0.0,-51,0.817,0.875,1.406
2014/09/18 11:43:41,1.34,37.73406,-122.41118,29.528,49.942,0.0,-51,1.342,1.500,1.182
2014/09/18 11:43:46,1.34,37.73349,-122.41229,33.793,53.501,0.0,-51,1.911,0.000,0.830
2014/09/18 11:43:51,1.34,37.73288,-122.41347,36.745,56.877,0.0,-51,1.154,1.625,0.722
2014/09/18 11:43:56,1.52,37.73237,-122.41481,31.168,59.592,0.0,-75,0.743,1.750,0.815
2014/09/18 11:44:01,1.52,37.73210,-122.41631,36.417,61.973,0.0,-75,0.297,0.958,3.531
2014/09/18 11:44:06,1.47,37.73208,-122.41788,49.213,62.230,0.0,-75,0.703,1.125,1.415
2014/09/18 11:44:11,1.47,37.73209,-122.41944,63.976,61.955,0.0,-75,0.728,0.000,1.768
2014/09/18 11:44:16,1.52,37.73194,-122.42100,75.459,62.507,0.0,-75,0.640,0.958,2.594
2014/09/18 11:44:21,1.47,37.73170,-122.42259,82.677,64.792,0.0,-75,1.108,1.292,1.987
2014/09/18 11:44:26,1.47,37.73158,-122.42425,87.927,66.275,0.0,-75,1.389,0.958,2.371
2014/09/18 11:44:31,1.47,37.73167,-122.42594,92.192,67.755,0.0,-75,1.163,1.042,0.000
2014/09/18 11:44:36,1.34,37.73194,-122.42760,103.346,66.344,0.0,-75,0.553,1.500,4.307
2014/09/18 11:44:41,1.34,37.73224,-122.42909,120.735,54.949,0.0,-75,0.505,0.000,3.369
2014/09/18 11:44:46,1.56,37.73238,-122.43040,134.514,49.598,0.0,-75,0.975,1.208,0.771
2014/09/18 11:44:51,1.66,37.73233,-122.43164,149.606,49.566,0.0,-75,1.181,1.417,1.382
2014/09/18 11:44:56,1.55,37.73209,-122.43287,166.339,50.768,0.0,-61,1.194,0.917,2.458
2014/09/18 11:45:01,1.55,37.73176,-122.43412,178.806,52.723,0.0,-61,0.985,0.000,3.130
2014/09/18 11:45:06,1.72,37.73142,-122.43542,180.774,56.523,0.0,-61,0.434,0.000,1.982
2014/09/18 11:45:11,1.44,37.73102,-122.43683,170.604,61.739,0.0,-61,0.307,1.417,3.610
2014/09/18 11:45:16,1.44,37.73043,-122.43862,156.496,64.361,0.0,-61,0.000,0.708,0.897
2014/09/18 11:45:21,1.72,37.72991,-122.44006,150.262,61.841,0.0,-61,0.495,0.917,1.417
2014/09/18 11:45:26,1.44,37.72936,-122.44143,170.932,60.448,0.0,-61,0.432,0.000,1.127
2014/09/18 11:45:31,1.73,37.72876,-122.44277,185.367,60.426,0.0,-71,0.819,0.958,2.327
2014/09/18 11:45:36,1.74,37.72806,-122.44403,204.396,60.646,0.0,-71,0.716,0.958,1.489
2014/09/18 11:45:41,2.31,37.72720,-122.44514,213.255,60.377,0.0,-71,1.205,0.000,1.367
2014/09/18 11:45:46,1.97,37.72626,-122.44605,220.472,59.412,0.0,-71,0.669,0.917,2.458
2014/09/18 11:45:51,1.52,37.72523,-122.44684,220.472,60.534,0.0,-71,0.878,1.125,2.658
2014/09/18 11:45:56,1.97,37.72414,-122.44745,217.520,59.654,0.0,-71,0.564,0.958,2.511
2014/09/18 11:46:01,1.44,37.72299,-122.44789,214.895,59.393,0.0,-83,0.393,0.000,4.016
2014/09/18 11:46:06,1.38,37.72179,-122.44815,219.488,60.415,0.0,-83,0.467,0.917,0.000
2014/09/18 11:46:11,1.67,37.72059,-122.44830,235.892,60.517,0.0,-83,0.202,0.000,0.000
2014/09/18 11:46:16,1.68,37.71938,-122.44845,252.625,59.125,0.0,-83,0.103,1.042,1.360
2014/09/18 11:46:21,2.1,37.71818,-122.44856,268.045,61.255,0.0,-83,0.447,0.500,0.000
2014/09/18 11:46:26,1.76,37.71692,-122.44886,268.701,65.338,0.0,-83,0.169,0.500,0.535
2014/09/18 11:46:31,2.33,37.71572,-122.44961,265.748,68.429,0.0,-83,0.778,0.000,0.809
2014/09/18 11:46:36,1.96,37.71468,-122.45078,271.654,69.867,0.0,-83,0.581,1.000,1.805
2014/09/18 11:46:41,1.96,37.71369,-122.45195,281.496,64.834,0.0,-83,0.539,0.000,0.805
2014/09/18 11:46:46,1.52,37.71274,-122.45306,292.651,63.867,0.0,-83,0.949,1.125,1.073
2014/09/18 11:46:51,1.52,37.71184,-122.45419,305.118,62.304,0.0,-83,0.426,1.000,2.178
2014/09/18 11:46:56,1.38,37.71115,-122.45547,315.617,60.226,0.0,-83,0.274,0.500,1.515
2014/09/18 11:47:01,1.65,37.71076,-122.45687,317.257,59.336,0.0,-51,0.503,0.000,1.174
2014/09/18 11:47:06,1.65,37.71063,-122.45839,315.617,61.000,0.0,-51,0.333,1.208,0.507
2014/09/18 11:47:11,1.65,37.71060,-122.45997,313.320,64.816,0.0,-51,1.133,1.000,0.950
2014/09/18 11:47:16,1.38,37.71057,-122.46168,301.837,70.080,0.0,-51,0.999,1.042,1.678
2014/09/18 11:47:21,1.47,37.71056,-122.46350,285.761,71.834,0.0,-51,0.810,1.000,0.527
2014/09/18 11:47:26,2.23,37.71035,-122.46529,274.606,71.157,0.0,-51,0.723,0.000,0.482
2014/09/18 11:47:31,1.96,37.70975,-122.46693,258.858,72.733,0.0,-51,0.287,1.083,0.497
2014/09/18 11:47:36,1.52,37.70877,-122.46833,243.438,75.263,0.0,-81,0.224,0.542,1.644
2014/09/18 11:47:41,2.33,37.70761,-122.46960,225.066,76.815,0.0,-81,0.729,0.000,2.519
2014/09/18 11:47:46,2.33,37.70646,-122.47085,209.646,73.829,0.0,-81,0.667,1.000,0.000
2014/09/18 11:47:51,4.09,37.70573,-122.47145,198.163,72.114,0.0,-81,0.659,1.042,1.531
2014/09/18 11:47:56,1.65,37.70374,-122.47214,207.677,71.959,0.0,-81,0.646,1.500,0.000
2014/09/18 11:48:01,1.65,37.70229,-122.47207,195.538,71.476,0.0,-81,0.442,0.000,3.739
2014/09/18 11:48:06,1.74,37.70084,-122.47191,190.945,72.657,0.0,-75,0.836,1.125,3.359
2014/09/18 11:48:11,1.74,37.69938,-122.47174,188.648,73.017,0.0,-75,0.000,0.000,0.000
2014/09/18 11:48:16,1.66,37.69791,-122.47158,190.945,73.690,0.0,-75,0.844,0.500,0.000
2014/09/18 11:48:21,1.38,37.69645,-122.47117,180.446,76.729,0.0,-75,0.318,0.000,0.000
2014/09/18 11:48:26,1.74,37.69495,-122.47072,167.651,77.904,0.0,-75,0.255,0.000,0.000
2014/09/18 11:48:31,1.48,37.69341,-122.47064,164.370,76.449,0.0,-75,0.183,0.000,8.414
2014/09/18 11:48:36,1.45,37.69185,-122.47062,156.496,77.654,0.0,-67,0.906,0.000,0.175
2014/09/18 11:48:41,1.45,37.69029,-122.47062,142.060,76.296,0.0,-67,2.185,0.167,0.278
2014/09/18 11:48:46,1.69,37.68881,-122.47084,138.451,74.296,0.0,-67,0.490,0.458,2.011
2014/09/18 11:48:51,1.69,37.68737,-122.47132,153.215,72.325,0.0,-67,0.823,0.833,0.673
2014/09/18 11:48:56,1.38,37.68594,-122.47159,166.667,71.501,0.0,-67,0.903,0.667,0.427
