Date-Time,DOP,Latitude,Longitude,Altitude (ft),Speed (mph),Heading (deg),mod1 SS (dBm),mod1 Down (Mbs),mod1 Up (Mbs),mod1 Ping (Sec)
2014/10/01 15:28:12,3.41,38.30959,-122.28919,58.727,30.863,0.0,-71,0.130,0.000,0.417
2014/10/01 15:28:17,1.85,38.30946,-122.28992,60.696,30.248,0.0,-71,0.149,0.083,0.449
2014/10/01 15:28:22,1.85,38.30932,-122.29068,63.320,31.153,0.0,-71,0.130,0.042,0.456
2014/10/01 15:28:27,1.85,38.30918,-122.29144,65.289,29.582,0.0,-71,0.156,0.000,0.429
2014/10/01 15:28:32,1.85,38.30904,-122.29217,67.585,28.128,0.0,-71,0.127,0.000,0.428
2014/10/01 15:28:37,1.85,38.30896,-122.29272,68.898,15.342,0.0,-71,0.108,0.083,0.461
2014/10/01 15:28:42,1.85,38.30894,-122.29289,70.210,0.012,0.0,-83,0.138,0.000,0.489
2014/10/01 15:28:47,1.85,38.30892,-122.29297,69.882,9.508,0.0,-83,0.138,0.042,0.000
2014/10/01 15:28:52,1.85,38.30886,-122.29335,71.850,19.378,0.0,-83,0.000,0.042,0.000
2014/10/01 15:28:57,1.67,38.30875,-122.29394,72.178,26.202,0.0,-83,0.080,0.000,0.427
2014/10/01 15:29:02,1.67,38.30864,-122.29461,70.866,25.967,0.0,-83,0.030,0.042,0.474
2014/10/01 15:29:07,1.67,38.30856,-122.29507,71.194,11.940,0.0,-83,0.028,0.042,0.526
2014/10/01 15:29:12,1.67,38.30853,-122.29528,68.241,8.545,0.0,-93,0.072,0.000,0.416
2014/10/01 15:29:17,1.67,38.30847,-122.29556,66.601,15.424,0.0,-93,0.000,0.042,0.522
2014/10/01 15:29:22,1.67,38.30840,-122.29604,66.273,21.294,0.0,-93,0.000,0.042,0.445
2014/10/01 15:29:27,1.67,38.30830,-122.29661,64.633,24.064,0.0,-93,0.000,0.042,0.479
2014/10/01 15:29:32,1.67,38.30818,-122.29725,67.257,26.940,0.0,-93,0.006,0.000,0.437
2014/10/01 15:29:37,1.67,38.30805,-122.29793,67.257,27.279,0.0,-93,0.172,0.000,0.461
2014/10/01 15:29:42,1.67,38.30792,-122.29862,67.585,27.958,0.0,-93,0.000,0.000,0.434
2014/10/01 15:29:47,1.67,38.30779,-122.29934,67.913,29.473,0.0,-91,0.000,0.000,0.614
2014/10/01 15:29:52,1.67,38.30768,-122.29994,69.554,15.734,0.0,-91,0.000,0.000,2.705
2014/10/01 15:29:57,1.67,38.30765,-122.30012,69.882,5.982,0.0,-91,0.000,0.000,0.749
2014/10/01 15:30:02,1.67,38.30759,-122.30042,69.554,17.144,0.0,-91,0.000,0.000,1.286
2014/10/01 15:30:07,1.67,38.30750,-122.30094,70.538,22.834,0.0,-91,0.000,0.000,0.489
2014/10/01 15:30:12,1.67,38.30739,-122.30151,71.522,21.909,0.0,-91,0.000,0.000,0.484
2014/10/01 15:30:17,1.67,38.30729,-122.30210,73.491,25.703,0.0,-101,0.003,0.042,0.606
2014/10/01 15:30:22,1.67,38.30717,-122.30279,74.147,29.727,0.0,-101,0.000,0.042,0.477
2014/10/01 15:30:27,1.67,38.30701,-122.30359,81.037,33.798,0.0,-101,0.000,0.000,0.489
2014/10/01 15:30:32,1.67,38.30687,-122.30439,95.472,30.633,0.0,-101,0.000,0.042,0.456
2014/10/01 15:30:37,1.68,38.30675,-122.30512,97.769,28.732,0.0,-101,0.000,0.000,1.189
2014/10/01 15:30:42,1.68,38.30664,-122.30583,85.958,24.270,0.0,-101,0.003,0.042,0.489
2014/10/01 15:30:47,1.68,38.30661,-122.30606,83.333,0.055,0.0,-93,0.077,0.042,0.450
2014/10/01 15:30:52,1.62,38.30660,-122.30606,82.021,0.047,0.0,-93,0.103,0.000,0.473
2014/10/01 15:30:57,1.62,38.30660,-122.30606,80.709,0.019,0.0,-93,0.099,0.000,0.753
2014/10/01 15:31:02,1.62,38.30661,-122.30606,80.381,0.030,0.0,-93,0.047,0.000,1.170
2014/10/01 15:31:07,1.62,38.30661,-122.30607,80.052,0.008,0.0,-93,0.000,0.000,0.620
2014/10/01 15:31:12,1.62,38.30661,-122.30607,77.756,0.036,0.0,-93,0.053,0.000,0.485
2014/10/01 15:31:17,1.62,38.30661,-122.30607,75.459,0.008,0.0,-93,0.058,0.000,0.860
2014/10/01 15:31:22,1.62,38.30661,-122.30608,73.163,0.021,0.0,-93,0.069,0.042,1.193
2014/10/01 15:31:27,1.62,38.30661,-122.30608,71.194,0.021,0.0,-93,0.030,0.000,0.665
2014/10/01 15:31:32,1.62,38.30661,-122.30608,69.554,0.030,0.0,-93,0.000,0.000,0.422
2014/10/01 15:31:37,1.4,38.30661,-122.30612,68.241,4.186,0.0,-93,0.000,0.000,0.980
2014/10/01 15:31:42,1.4,38.30654,-122.30630,68.898,10.373,0.0,-93,0.003,0.000,0.445
2014/10/01 15:31:47,1.62,38.30626,-122.30631,70.538,17.264,0.0,-93,0.000,0.000,0.484
2014/10/01 15:31:52,1.65,38.30591,-122.30625,74.475,15.925,0.0,-91,0.109,0.042,0.458
2014/10/01 15:31:57,1.42,38.30575,-122.30595,77.428,16.452,0.0,-91,0.086,0.083,0.517
2014/10/01 15:32:02,1.6,38.30586,-122.30542,74.803,24.696,0.0,-91,0.061,0.000,0.541
2014/10/01 15:32:07,1.82,38.30572,-122.30479,72.507,29.136,0.0,-91,0.036,0.042,0.501
2014/10/01 15:32:12,1.64,38.30514,-122.30448,69.226,35.597,0.0,-91,0.064,0.000,0.513
2014/10/01 15:32:17,1.68,38.30436,-122.30422,68.241,43.962,0.0,-91,0.086,0.000,0.000
2014/10/01 15:32:22,1.65,38.30344,-122.30391,69.882,49.982,0.0,-91,0.097,0.000,0.000
2014/10/01 15:32:27,2.58,38.30245,-122.30360,68.898,50.570,0.0,-91,0.160,0.000,0.000
2014/10/01 15:32:32,1.4,38.30148,-122.30332,68.570,50.213,0.0,-91,0.000,0.000,2.229
2014/10/01 15:32:37,1.63,38.30047,-122.30303,66.273,51.646,0.0,-91,0.000,0.000,0.469
2014/10/01 15:32:42,1.86,38.29949,-122.30282,76.444,50.880,0.0,-91,0.000,0.042,0.982
2014/10/01 15:32:47,1.43,38.29844,-122.30251,67.913,56.820,0.0,-91,0.000,0.042,0.452
2014/10/01 15:32:52,1.52,38.29725,-122.30216,60.367,60.655,0.0,-83,0.003,0.000,0.451
2014/10/01 15:32:57,1.44,38.29606,-122.30197,51.509,57.673,0.0,-83,0.058,0.042,0.438
2014/10/01 15:33:02,1.43,38.29491,-122.30206,46.916,57.118,0.0,-83,0.211,0.083,0.450
2014/10/01 15:33:07,1.63,38.29375,-122.30226,44.948,57.983,0.0,-83,0.100,0.000,0.000
2014/10/01 15:33:12,2.48,38.29258,-122.30233,42.651,58.308,0.0,-83,0.079,0.000,0.000
2014/10/01 15:33:17,1.41,38.29142,-122.30220,39.042,56.662,0.0,-83,0.047,0.042,0.839
2014/10/01 15:33:22,1.39,38.29030,-122.30193,34.121,56.378,0.0,-69,0.075,0.083,0.658
2014/10/01 15:33:27,1.39,38.28920,-122.30164,31.824,54.537,0.0,-69,0.000,0.000,0.502
2014/10/01 15:33:32,2.48,38.28811,-122.30135,29.199,55.526,0.0,-69,0.080,0.083,0.473
2014/10/01 15:33:37,1.61,38.28703,-122.30104,27.559,56.263,0.0,-69,0.072,0.000,0.530
2014/10/01 15:33:42,1.39,38.28589,-122.30081,24.278,58.093,0.0,-69,0.096,0.000,0.438
2014/10/01 15:33:47,1.63,38.28448,-122.30067,28.215,58.601,0.0,-69,0.072,0.083,0.429
2014/10/01 15:33:52,2.49,38.28333,-122.30061,35.433,55.347,0.0,-69,0.000,0.000,0.482
2014/10/01 15:33:57,1.63,38.28224,-122.30054,37.402,53.071,0.0,-75,0.113,0.042,0.646
2014/10/01 15:34:02,1.54,38.28117,-122.30041,35.433,54.642,0.0,-75,0.144,0.042,0.458
2014/10/01 15:34:07,1.41,38.28002,-122.30020,29.528,60.352,0.0,-75,0.171,0.000,0.462
2014/10/01 15:34:12,1.41,38.27880,-122.29989,23.622,62.724,0.0,-75,0.072,0.083,0.000
2014/10/01 15:34:17,1.41,38.27755,-122.29958,20.341,62.877,0.0,-75,0.138,0.000,0.000
2014/10/01 15:34:22,1.41,38.27630,-122.29930,17.717,62.802,0.0,-75,0.153,0.083,0.000
2014/10/01 15:34:27,1.41,38.27503,-122.29907,15.420,66.152,0.0,-75,0.036,0.000,0.000
2014/10/01 15:34:32,1.39,38.27367,-122.29890,13.123,68.532,0.0,-75,0.090,0.042,0.000
2014/10/01 15:34:37,1.43,38.27229,-122.29879,11.155,68.869,0.0,-75,0.000,0.000,0.450
2014/10/01 15:34:42,1.39,38.27089,-122.29875,9.186,69.774,0.0,-75,0.000,0.083,0.454
2014/10/01 15:34:47,1.39,38.26950,-122.29878,8.858,68.840,0.0,-75,0.000,0.042,0.462
2014/10/01 15:34:52,1.39,38.26812,-122.29886,9.514,68.278,0.0,-75,0.006,0.000,0.450
2014/10/01 15:34:57,1.39,38.26676,-122.29901,10.171,67.876,0.0,-71,0.105,0.042,0.474
2014/10/01 15:35:02,1.39,38.26541,-122.29916,10.827,66.515,0.0,-71,0.074,0.000,0.482
2014/10/01 15:35:07,1.39,38.26410,-122.29930,12.139,64.360,0.0,-71,0.140,0.000,0.489
2014/10/01 15:35:12,1.39,38.26283,-122.29954,12.139,63.964,0.0,-71,0.094,0.042,0.449
2014/10/01 15:35:17,1.39,38.26160,-122.30004,11.483,64.227,0.0,-71,0.072,0.000,1.857
2014/10/01 15:35:22,1.39,38.26046,-122.30076,13.780,63.404,0.0,-71,0.000,0.000,0.458
2014/10/01 15:35:27,1.39,38.25945,-122.30159,15.092,54.013,0.0,-83,0.000,0.000,0.435
2014/10/01 15:35:32,1.39,38.25865,-122.30223,14.108,40.596,0.0,-83,0.000,0.000,0.494
2014/10/01 15:35:37,1.39,38.25796,-122.30269,13.123,40.143,0.0,-83,0.000,0.000,0.530
2014/10/01 15:35:42,1.42,38.25718,-122.30308,12.139,42.274,0.0,-83,0.000,0.042,0.870
2014/10/01 15:35:47,1.38,38.25633,-122.30338,11.483,45.381,0.0,-83,0.000,0.000,0.458
2014/10/01 15:35:52,1.38,38.25541,-122.30358,10.827,47.662,0.0,-83,0.000,0.000,0.591
2014/10/01 15:35:57,1.53,38.25444,-122.30364,11.155,48.947,0.0,-69,0.006,0.000,0.514
2014/10/01 15:36:02,1.53,38.25337,-122.30354,9.843,56.269,0.0,-69,0.069,0.000,0.481
2014/10/01 15:36:07,1.53,38.25222,-122.30324,10.171,60.116,0.0,-69,0.055,0.000,0.478
2014/10/01 15:36:12,1.38,38.25107,-122.30272,9.843,60.461,0.0,-69,0.000,0.000,0.438
2014/10/01 15:36:17,1.38,38.25001,-122.30198,12.795,59.612,0.0,-69,0.102,0.000,0.478
2014/10/01 15:36:22,1.38,38.24906,-122.30105,13.123,59.419,0.0,-69,0.039,0.000,0.000
2014/10/01 15:36:27,1.41,38.24825,-122.29994,13.451,59.465,0.0,-69,0.000,0.000,0.000
2014/10/01 15:36:32,1.38,38.24760,-122.29871,13.451,59.358,0.0,-79,0.000,0.000,0.510
2014/10/01 15:36:37,1.38,38.24709,-122.29733,12.139,60.105,0.0,-79,0.000,0.000,0.530
2014/10/01 15:36:42,1.38,38.24665,-122.29588,10.499,62.009,0.0,-79,0.000,0.000,0.000
2014/10/01 15:36:47,1.4,38.24620,-122.29437,15.420,64.155,0.0,-79,0.000,0.000,7.745
2014/10/01 15:36:52,1.4,38.24574,-122.29287,28.215,62.487,0.0,-79,0.000,0.000,0.738
2014/10/01 15:36:57,1.4,38.24531,-122.29145,46.588,58.046,0.0,-79,0.000,0.000,0.837
2014/10/01 15:37:03,1.4,38.24490,-122.29010,68.898,55.822,0.0,-87,0.000,0.000,0.855
2014/10/01 15:37:08,1.44,38.24454,-122.28877,87.598,53.843,0.0,-87,0.000,0.000,1.193
2014/10/01 15:37:13,1.44,38.24426,-122.28753,100.722,48.388,0.0,-87,0.006,0.000,0.484
2014/10/01 15:37:18,1.44,38.24403,-122.28636,109.580,47.516,0.0,-87,0.091,0.000,0.478
2014/10/01 15:37:23,1.4,38.24382,-122.28518,116.142,47.388,0.0,-87,0.000,0.042,0.405
2014/10/01 15:37:28,1.4,38.24365,-122.28398,119.094,48.269,0.0,-87,0.130,0.000,0.426
2014/10/01 15:37:33,1.4,38.24350,-122.28273,119.094,50.999,0.0,-75,0.091,0.000,0.438
2014/10/01 15:37:38,1.43,38.24335,-122.28140,116.470,53.942,0.0,-75,0.069,0.000,0.422
2014/10/01 15:37:43,1.43,38.24320,-122.28001,111.220,54.659,0.0,-75,0.006,0.000,0.522
2014/10/01 15:37:48,1.38,38.24308,-122.27892,106.627,30.406,0.0,-75,0.030,0.000,0.450
2014/10/01 15:37:53,1.38,38.24304,-122.27828,104.659,26.388,0.0,-75,0.102,0.000,0.434
2014/10/01 15:37:58,1.38,38.24301,-122.27754,101.706,30.184,0.0,-75,0.113,0.000,0.421
2014/10/01 15:38:03,1.38,38.24299,-122.27688,98.753,22.086,0.0,-77,0.141,0.000,0.428
2014/10/01 15:38:08,1.37,38.24297,-122.27641,97.113,17.139,0.0,-77,0.125,0.000,0.567
2014/10/01 15:38:13,1.37,38.24296,-122.27603,95.472,11.186,0.0,-77,0.064,0.000,0.488
2014/10/01 15:38:18,1.37,38.24295,-122.27580,94.160,6.961,0.0,-77,0.044,0.042,0.503
2014/10/01 15:38:23,1.65,38.24294,-122.27557,93.504,10.257,0.0,-77,0.109,0.000,0.000
2014/10/01 15:38:28,1.65,38.24294,-122.27544,92.192,4.151,0.0,-77,0.028,0.000,0.926
2014/10/01 15:38:33,1.65,38.24293,-122.27533,91.207,5.019,0.0,-77,0.000,0.000,0.626
2014/10/01 15:38:38,1.65,38.24293,-122.27513,89.567,8.245,0.0,-89,0.000,0.000,0.779
2014/10/01 15:38:43,1.65,38.24292,-122.27507,89.239,0.065,0.0,-89,0.000,0.000,2.759
2014/10/01 15:38:48,1.65,38.24292,-122.27507,89.239,0.022,0.0,-89,0.000,0.000,0.419
2014/10/01 15:38:53,1.65,38.24292,-122.27507,89.567,0.002,0.0,-89,0.003,0.000,0.434
2014/10/01 15:38:58,1.65,38.24292,-122.27501,89.567,3.521,0.0,-89,0.160,0.000,0.441
2014/10/01 15:39:03,1.65,38.24292,-122.27488,89.239,5.594,0.0,-89,0.098,0.000,0.455
2014/10/01 15:39:08,1.65,38.24291,-122.27473,89.239,6.191,0.0,-83,0.086,0.000,0.472
2014/10/01 15:39:13,1.65,38.24290,-122.27462,88.583,3.670,0.0,-83,0.033,0.000,0.437
2014/10/01 15:39:18,1.65,38.24290,-122.27449,87.598,5.738,0.0,-83,0.075,0.000,0.426
2014/10/01 15:39:23,1.65,38.24288,-122.27425,86.286,12.571,0.0,-83,0.091,0.000,0.450
2014/10/01 15:39:28,1.65,38.24283,-122.27382,83.990,19.873,0.0,-83,0.028,0.000,0.451
2014/10/01 15:39:33,1.65,38.24276,-122.27326,81.365,24.401,0.0,-83,0.000,0.000,0.462
2014/10/01 15:39:38,1.72,38.24264,-122.27263,79.396,25.383,0.0,-87,0.077,0.042,0.447
2014/10/01 15:39:43,1.69,38.24250,-122.27207,77.100,19.274,0.0,-87,0.000,0.000,1.247
2014/10/01 15:39:48,1.65,38.24241,-122.27175,75.787,8.171,0.0,-87,0.000,0.000,0.426
2014/10/01 15:39:53,1.65,38.24239,-122.27167,75.131,1.938,0.0,-87,0.003,0.000,0.451
2014/10/01 15:39:58,1.65,38.24237,-122.27162,74.803,0.861,0.0,-87,0.042,0.000,0.417
2014/10/01 15:40:03,1.65,38.24237,-122.27162,74.475,0.017,0.0,-87,0.000,0.000,0.471
2014/10/01 15:40:08,1.65,38.24237,-122.27162,74.147,0.019,0.0,-97,0.042,0.000,0.486
2014/10/01 15:40:13,1.65,38.24237,-122.27162,74.147,0.024,0.0,-97,0.069,0.000,0.454
2014/10/01 15:40:18,1.65,38.24236,-122.27157,73.819,4.305,0.0,-97,0.000,0.000,3.159
2014/10/01 15:40:23,1.65,38.24233,-122.27148,73.491,0.780,0.0,-97,0.000,0.000,0.000
2014/10/01 15:40:28,1.66,38.24232,-122.27147,73.163,0.011,0.0,-97,0.000,0.042,0.000
2014/10/01 15:40:33,1.66,38.24232,-122.27147,72.835,0.012,0.0,-97,0.000,0.000,0.000
2014/10/01 15:40:38,1.66,38.24232,-122.27147,72.835,1.075,0.0,-97,0.000,0.000,0.702
2014/10/01 15:40:43,1.66,38.24228,-122.27134,72.178,10.018,0.0,-95,0.000,0.000,0.718
2014/10/01 15:40:48,1.66,38.24216,-122.27100,70.866,17.864,0.0,-95,0.000,0.000,0.711
2014/10/01 15:40:53,1.69,38.24196,-122.27051,68.570,25.092,0.0,-95,0.000,0.000,0.462
2014/10/01 15:40:58,1.66,38.24167,-122.26987,65.617,32.683,0.0,-95,0.000,0.000,0.442
2014/10/01 15:41:03,1.69,38.24127,-122.26912,62.336,36.921,0.0,-95,0.000,0.000,1.083
2014/10/01 15:41:08,1.66,38.24078,-122.26837,61.024,39.150,0.0,-95,0.000,0.000,0.707
2014/10/01 15:41:13,1.66,38.24024,-122.26767,60.367,39.127,0.0,-91,0.000,0.000,1.096
2014/10/01 15:41:18,1.9,38.23963,-122.26695,60.039,41.634,0.0,-91,0.006,0.000,0.718
2014/10/01 15:41:23,1.9,38.23900,-122.26622,59.055,43.841,0.0,-91,0.105,0.000,0.438
2014/10/01 15:41:28,1.9,38.23834,-122.26545,58.399,45.181,0.0,-91,0.044,0.000,0.466
2014/10/01 15:41:33,1.9,38.23767,-122.26466,58.071,46.155,0.0,-91,0.096,0.000,0.462
2014/10/01 15:41:38,1.9,38.23696,-122.26383,57.415,49.032,0.0,-91,0.000,0.000,0.000
2014/10/01 15:41:43,1.9,38.23623,-122.26298,57.087,49.923,0.0,-95,0.000,0.000,3.314
2014/10/01 15:41:48,1.9,38.23546,-122.26208,56.430,54.430,0.0,-95,0.000,0.000,3.540
2014/10/01 15:41:53,1.9,38.23462,-122.26111,55.446,58.096,0.0,-95,0.000,0.000,0.826
2014/10/01 15:41:58,1.9,38.23369,-122.26021,54.790,57.904,0.0,-95,0.000,0.000,1.626
2014/10/01 15:42:03,1.93,38.23267,-122.25949,54.134,57.145,0.0,-95,0.006,0.000,0.483
2014/10/01 15:42:08,1.66,38.23162,-122.25898,53.150,53.285,0.0,-95,0.105,0.000,0.486
2014/10/01 15:42:13,1.69,38.23064,-122.25870,51.509,48.867,0.0,-89,0.000,0.000,0.458
2014/10/01 15:42:18,1.66,38.22971,-122.25857,50.197,44.474,0.0,-89,0.000,0.000,1.994
2014/10/01 15:42:23,1.69,38.22880,-122.25849,48.228,46.026,0.0,-89,0.000,0.000,0.582
2014/10/01 15:42:28,1.7,38.22790,-122.25842,44.619,43.440,0.0,-89,0.000,0.000,0.481
2014/10/01 15:42:33,1.7,38.22702,-122.25835,47.900,41.792,0.0,-89,0.003,0.000,0.465
2014/10/01 15:42:38,1.66,38.22624,-122.25828,50.853,37.735,0.0,-89,0.066,0.000,0.458
2014/10/01 15:42:43,1.69,38.22553,-122.25822,53.478,26.880,0.0,-89,0.077,0.000,0.000
2014/10/01 15:42:48,1.66,38.22533,-122.25820,54.462,0.198,0.0,-81,0.036,0.000,0.000
2014/10/01 15:42:53,1.66,38.22533,-122.25821,54.134,0.019,0.0,-81,0.058,0.042,0.490
2014/10/01 15:42:58,1.66,38.22531,-122.25821,52.822,2.409,0.0,-81,0.159,0.000,0.434
2014/10/01 15:43:03,1.66,38.22531,-122.25821,51.509,0.037,0.0,-81,0.000,0.000,0.477
2014/10/01 15:43:08,1.66,38.22530,-122.25821,49.869,0.018,0.0,-81,0.000,0.000,0.452
2014/10/01 15:43:13,1.66,38.22530,-122.25821,47.900,0.480,0.0,-81,0.000,0.000,0.470
2014/10/01 15:43:18,1.66,38.22524,-122.25821,48.228,3.903,0.0,-77,0.000,0.000,1.284
2014/10/01 15:43:23,1.69,38.22504,-122.25819,48.556,16.539,0.0,-77,0.006,0.042,1.610
2014/10/01 15:43:28,1.66,38.22460,-122.25816,50.525,24.038,0.0,-77,0.089,0.000,0.794
2014/10/01 15:43:33,1.66,38.22409,-122.25811,52.822,26.417,0.0,-77,0.000,0.000,0.782
2014/10/01 15:43:38,1.66,38.22354,-122.25807,54.790,29.326,0.0,-77,0.089,0.042,0.000
2014/10/01 15:43:43,1.66,38.22292,-122.25801,57.087,32.461,0.0,-77,0.050,0.000,0.000
2014/10/01 15:43:48,1.66,38.22221,-122.25795,59.383,38.483,0.0,-91,0.108,0.042,0.464
2014/10/01 15:43:53,1.66,38.22122,-122.25787,62.992,42.928,0.0,-91,0.000,0.000,0.476
2014/10/01 15:43:58,1.66,38.22034,-122.25779,66.273,44.608,0.0,-91,0.000,0.000,0.470
2014/10/01 15:44:03,1.73,38.21945,-122.25768,68.898,44.723,0.0,-91,0.000,0.083,0.503
2014/10/01 15:44:08,1.7,38.21851,-122.25754,68.898,50.264,0.0,-91,0.000,0.000,0.000
2014/10/01 15:44:13,1.7,38.21751,-122.25737,65.945,49.859,0.0,-91,0.000,0.000,0.000
2014/10/01 15:44:18,1.7,38.21650,-122.25721,63.320,51.404,0.0,-79,0.000,0.000,0.000
2014/10/01 15:44:23,1.7,38.21549,-122.25704,58.727,51.053,0.0,-79,0.006,0.042,6.881
2014/10/01 15:44:28,1.7,38.21447,-122.25687,55.774,50.678,0.0,-79,2.675,0.958,0.201
2014/10/01 15:44:33,1.7,38.21347,-122.25671,55.774,49.282,0.0,-79,2.542,0.000,0.235
2014/10/01 15:44:38,1.7,38.21256,-122.25660,55.774,43.063,0.0,-79,1.531,0.792,0.926
2014/10/01 15:44:43,1.7,38.21168,-122.25652,56.102,44.483,0.0,-79,2.069,0.542,0.309
2014/10/01 15:44:48,1.7,38.21081,-122.25647,56.430,42.541,0.0,-79,0.846,0.792,0.231
2014/10/01 15:44:53,1.7,38.21001,-122.25643,55.774,37.344,0.0,-89,0.723,1.125,0.313
2014/10/01 15:44:58,1.7,38.20926,-122.25638,56.102,34.131,0.0,-89,0.623,1.458,0.206
2014/10/01 15:45:03,1.7,38.20871,-122.25635,55.446,21.660,0.0,-89,1.270,1.292,0.218
2014/10/01 15:45:08,1.7,38.20844,-122.25634,55.446,5.019,0.0,-89,1.008,0.958,0.298
2014/10/01 15:45:13,1.7,38.20844,-122.25633,58.071,0.009,0.0,-89,0.915,0.833,0.169
2014/10/01 15:45:18,1.7,38.20844,-122.25633,60.367,0.016,0.0,-89,0.573,1.667,0.557
2014/10/01 15:45:23,1.7,38.20844,-122.25633,61.680,0.009,0.0,-91,0.431,1.875,0.461
2014/10/01 15:45:28,1.7,38.20844,-122.25633,61.024,0.069,0.0,-91,0.387,1.375,0.226
2014/10/01 15:45:33,1.7,38.20845,-122.25634,60.367,0.026,0.0,-91,0.756,0.000,0.211
2014/10/01 15:45:38,1.7,38.20845,-122.25633,60.039,0.012,0.0,-91,0.813,0.917,0.238
2014/10/01 15:45:43,1.71,38.20838,-122.25633,60.367,8.867,0.0,-91,1.445,1.167,0.354
2014/10/01 15:45:48,1.71,38.20806,-122.25631,60.039,20.931,0.0,-91,1.328,1.375,0.394
2014/10/01 15:45:53,1.71,38.20756,-122.25628,60.367,27.325,0.0,-83,1.781,1.667,0.222
2014/10/01 15:45:58,1.71,38.20697,-122.25625,62.008,31.064,0.0,-83,1.711,0.875,0.385
2014/10/01 15:46:03,1.71,38.20631,-122.25624,61.352,34.660,0.0,-83,0.933,1.625,0.626
2014/10/01 15:46:08,1.71,38.20556,-122.25625,60.039,39.011,0.0,-83,0.514,1.542,0.645
2014/10/01 15:46:13,1.71,38.20472,-122.25626,56.430,43.277,0.0,-83,0.837,1.375,0.434
2014/10/01 15:46:18,1.71,38.20381,-122.25627,51.509,46.212,0.0,-83,0.756,1.375,0.253
2014/10/01 15:46:23,1.71,38.20287,-122.25628,44.948,47.178,0.0,-81,0.747,1.417,0.194
2014/10/01 15:46:28,1.71,38.20192,-122.25630,39.370,47.311,0.0,-81,0.332,0.000,0.246
2014/10/01 15:46:33,1.67,38.20098,-122.25631,35.105,45.364,0.0,-81,0.872,0.917,0.241
2014/10/01 15:46:38,1.67,38.20009,-122.25632,33.465,44.720,0.0,-81,0.692,0.917,0.385
2014/10/01 15:46:43,1.67,38.19922,-122.25633,34.121,40.940,0.0,-81,0.667,0.708,0.296
2014/10/01 15:46:48,1.67,38.19849,-122.25635,34.121,31.580,0.0,-81,0.943,0.958,0.349
2014/10/01 15:46:53,1.67,38.19803,-122.25635,34.449,15.207,0.0,-81,1.114,0.000,0.224
2014/10/01 15:46:58,1.67,38.19793,-122.25636,34.449,0.334,0.0,-81,1.372,1.167,0.429
2014/10/01 15:47:03,1.67,38.19790,-122.25635,34.777,5.924,0.0,-81,0.930,1.167,0.437
2014/10/01 15:47:08,1.67,38.19768,-122.25635,39.698,14.614,0.0,-81,0.967,1.417,0.640
2014/10/01 15:47:13,1.67,38.19736,-122.25634,45.276,16.264,0.0,-81,0.083,0.708,0.617
2014/10/01 15:47:18,1.71,38.19706,-122.25634,49.869,13.253,0.0,-81,0.606,0.667,0.298
2014/10/01 15:47:23,1.67,38.19691,-122.25634,51.837,3.694,0.0,-81,0.934,1.625,0.686
2014/10/01 15:47:28,1.71,38.19678,-122.25635,53.150,8.331,0.0,-85,1.361,1.833,0.504
2014/10/01 15:47:33,1.71,38.19656,-122.25635,54.790,11.657,0.0,-85,0.903,1.583,0.858
2014/10/01 15:47:38,1.71,38.19634,-122.25635,55.446,11.723,0.0,-85,1.422,2.167,1.698
2014/10/01 15:47:43,1.71,38.19611,-122.25635,57.087,10.626,0.0,-85,0.886,0.000,0.374
2014/10/01 15:47:48,1.71,38.19593,-122.25635,57.415,8.393,0.0,-85,1.006,2.000,0.266
2014/10/01 15:47:53,1.71,38.19568,-122.25634,58.071,15.664,0.0,-85,0.762,1.958,0.288
2014/10/01 15:47:58,1.71,38.19536,-122.25632,60.039,16.454,0.0,-79,0.400,1.625,0.449
2014/10/01 15:48:03,1.71,38.19499,-122.25628,61.680,20.174,0.0,-79,0.347,0.000,0.168
2014/10/01 15:48:08,1.71,38.19457,-122.25623,62.992,20.669,0.0,-79,0.309,0.792,1.277
2014/10/01 15:48:13,1.71,38.19418,-122.25617,63.648,18.930,0.0,-79,0.757,0.750,0.162
2014/10/01 15:48:18,1.71,38.19382,-122.25612,64.304,17.221,0.0,-79,2.939,1.167,0.228
2014/10/01 15:48:23,1.67,38.19348,-122.25607,66.273,18.438,0.0,-79,3.178,0.792,0.196
2014/10/01 15:48:28,1.67,38.19312,-122.25602,68.898,18.675,0.0,-73,3.328,1.167,0.311
2014/10/01 15:48:33,1.67,38.19271,-122.25596,72.507,22.185,0.0,-73,2.578,0.000,1.181
2014/10/01 15:48:38,1.67,38.19232,-122.25591,76.772,15.596,0.0,-73,2.667,1.167,2.021
2014/10/01 15:48:43,1.67,38.19202,-122.25587,80.052,18.172,0.0,-73,3.080,1.167,2.553
2014/10/01 15:48:48,1.67,38.19163,-122.25582,83.661,20.597,0.0,-73,2.920,2.167,1.638
2014/10/01 15:48:53,1.67,38.19120,-122.25578,86.942,23.687,0.0,-73,3.167,2.167,2.341
2014/10/01 15:48:58,1.67,38.19074,-122.25574,90.223,23.400,0.0,-73,2.922,1.583,2.394
2014/10/01 15:49:03,1.96,38.19026,-122.25571,92.520,23.246,0.0,-65,2.661,0.000,0.000
2014/10/01 15:49:08,1.96,38.18978,-122.25567,94.160,25.115,0.0,-65,2.581,1.417,5.340
2014/10/01 15:49:13,2.0,38.18930,-122.25563,94.816,20.762,0.0,-65,3.175,1.500,1.370
2014/10/01 15:49:18,2.0,38.18904,-122.25561,95.801,7.090,0.0,-65,2.794,2.083,0.482
2014/10/01 15:49:23,2.0,38.18899,-122.25560,97.113,3.650,0.0,-65,2.939,0.000,0.545
2014/10/01 15:49:28,2.0,38.18889,-122.25559,97.441,8.567,0.0,-65,2.764,2.167,0.357
2014/10/01 15:49:33,2.0,38.18865,-122.25557,97.769,14.546,0.0,-79,2.347,2.125,0.333
2014/10/01 15:49:38,1.97,38.18832,-122.25554,96.785,17.744,0.0,-79,2.461,1.458,0.283
2014/10/01 15:49:44,2.01,38.18782,-122.25550,94.488,23.590,0.0,-79,3.020,2.208,0.342
2014/10/01 15:49:49,2.01,38.18733,-122.25547,90.551,25.901,0.0,-79,3.219,1.417,0.446
2014/10/01 15:49:54,2.01,38.18679,-122.25544,85.958,26.580,0.0,-79,2.789,0.000,0.380
2014/10/01 15:49:59,1.76,38.18628,-122.25542,78.412,23.158,0.0,-79,3.328,1.417,0.185
2014/10/01 15:50:04,1.76,38.18586,-122.25541,71.850,18.891,0.0,-71,3.017,0.667,0.290
2014/10/01 15:50:09,1.76,38.18558,-122.25541,66.601,7.903,0.0,-71,3.028,1.417,0.206
2014/10/01 15:50:14,1.76,38.18550,-122.25540,64.961,0.049,0.0,-71,2.886,1.417,0.217
2014/10/01 15:50:19,1.76,38.18550,-122.25540,63.976,0.018,0.0,-71,3.244,1.417,0.261
2014/10/01 15:50:24,1.76,38.18550,-122.25540,64.961,0.045,0.0,-71,3.497,0.000,0.201
2014/10/01 15:50:29,1.77,38.18551,-122.25540,63.648,0.060,0.0,-71,3.250,1.417,0.181
2014/10/01 15:50:34,1.77,38.18551,-122.25540,65.289,0.023,0.0,-71,3.169,1.375,0.217
2014/10/01 15:50:39,1.77,38.18551,-122.25540,64.633,0.925,0.0,-71,3.656,0.000,0.242
2014/10/01 15:50:44,1.77,38.18541,-122.25540,61.024,9.127,0.0,-71,3.253,0.042,0.267
2014/10/01 15:50:49,1.77,38.18515,-122.25541,54.790,13.910,0.0,-71,3.314,0.875,0.235
2014/10/01 15:50:54,1.77,38.18480,-122.25541,55.446,20.387,0.0,-71,3.056,0.958,0.324
2014/10/01 15:50:59,1.77,38.18436,-122.25542,57.087,23.555,0.0,-71,2.947,0.875,0.421
2014/10/01 15:51:04,1.77,38.18386,-122.25543,58.727,25.798,0.0,-79,2.434,1.625,0.490
2014/10/01 15:51:09,2.02,38.18333,-122.25542,57.415,26.478,0.0,-79,2.555,1.125,0.278
2014/10/01 15:51:14,1.77,38.18283,-122.25540,56.102,21.440,0.0,-79,2.870,0.875,0.173
2014/10/01 15:51:19,1.77,38.18246,-122.25537,56.430,16.675,0.0,-79,3.108,1.542,0.253
2014/10/01 15:51:24,1.77,38.18230,-122.25535,58.727,1.685,0.0,-79,3.300,0.458,0.162
2014/10/01 15:51:29,1.77,38.18229,-122.25535,60.039,0.037,0.0,-79,3.080,1.333,0.472
2014/10/01 15:51:34,1.78,38.18229,-122.25535,62.664,0.014,0.0,-79,3.111,1.375,0.209
2014/10/01 15:51:39,1.78,38.18229,-122.25535,62.992,0.022,0.0,-63,3.231,1.708,0.300
2014/10/01 15:51:44,1.78,38.18229,-122.25535,62.992,0.043,0.0,-63,3.089,1.750,0.277
2014/10/01 15:51:49,1.78,38.18229,-122.25535,63.320,0.012,0.0,-63,3.181,1.458,0.186
2014/10/01 15:51:55,1.78,38.18229,-122.25535,64.961,0.030,0.0,-63,3.594,0.000,0.326
2014/10/01 15:52:00,1.78,38.18229,-122.25534,65.617,1.299,0.0,-63,2.645,1.792,1.045
2014/10/01 15:52:05,1.78,38.18221,-122.25534,65.617,5.824,0.0,-63,2.767,0.000,0.763
2014/10/01 15:52:10,1.78,38.18203,-122.25531,64.961,11.818,0.0,-67,2.842,1.208,0.670
2014/10/01 15:52:15,1.78,38.18174,-122.25525,63.648,17.203,0.0,-67,2.964,1.125,1.160
2014/10/01 15:52:20,1.78,38.18136,-122.25519,63.648,21.009,0.0,-67,2.572,1.667,0.469
2014/10/01 15:52:25,1.81,38.18090,-122.25511,62.664,24.866,0.0,-67,1.673,1.208,0.314
2014/10/01 15:52:30,1.78,38.18037,-122.25503,62.664,27.495,0.0,-67,1.200,0.000,0.506
2014/10/01 15:52:35,1.78,38.17978,-122.25493,61.352,30.227,0.0,-67,1.245,0.292,0.265
2014/10/01 15:52:40,1.79,38.17915,-122.25482,62.008,32.486,0.0,-65,1.091,1.208,0.343
2014/10/01 15:52:45,1.79,38.17846,-122.25471,62.664,36.221,0.0,-65,0.754,1.458,1.750
2014/10/01 15:52:50,1.79,38.17770,-122.25458,63.976,39.671,0.0,-65,0.913,1.125,1.396
2014/10/01 15:52:55,1.79,38.17688,-122.25444,65.289,41.068,0.0,-65,0.981,2.000,2.010
2014/10/01 15:53:00,1.79,38.17606,-122.25430,66.273,41.450,0.0,-65,1.458,1.458,3.062
2014/10/01 15:53:05,1.79,38.17523,-122.25416,67.913,41.646,0.0,-65,1.300,1.500,2.505
2014/10/01 15:53:10,1.79,38.17440,-122.25402,68.898,40.887,0.0,-63,0.536,0.000,2.834
2014/10/01 15:53:15,1.79,38.17364,-122.25389,69.226,36.345,0.0,-63,0.858,2.292,2.517
2014/10/01 15:53:20,1.79,38.17293,-122.25378,68.241,35.032,0.0,-63,0.838,1.875,0.000
2014/10/01 15:53:25,1.79,38.17220,-122.25366,66.601,37.170,0.0,-63,0.710,1.208,4.246
2014/10/01 15:53:30,1.79,38.17145,-122.25353,65.289,37.811,0.0,-63,1.138,0.000,2.298
2014/10/01 15:53:35,1.79,38.17073,-122.25341,63.320,30.962,0.0,-63,0.707,1.833,2.730
2014/10/01 15:53:40,1.79,38.17034,-122.25335,62.992,13.049,0.0,-63,1.113,1.250,2.569
2014/10/01 15:53:45,1.8,38.17023,-122.25333,63.320,0.014,0.0,-71,1.470,1.208,1.954
2014/10/01 15:53:50,1.8,38.17023,-122.25333,62.664,0.012,0.0,-71,1.850,1.875,1.578
2014/10/01 15:53:55,1.8,38.17023,-122.25333,61.680,0.024,0.0,-71,1.581,1.833,1.770
2014/10/01 15:54:00,1.8,38.17020,-122.25333,61.352,7.118,0.0,-71,1.769,0.000,2.210
2014/10/01 15:54:05,1.8,38.17002,-122.25330,61.352,12.448,0.0,-71,1.513,2.583,2.818
2014/10/01 15:54:10,2.04,38.16968,-122.25323,60.367,20.130,0.0,-71,1.709,2.208,2.422
2014/10/01 15:54:15,1.8,38.16924,-122.25316,59.383,23.486,0.0,-69,0.668,0.000,1.217
2014/10/01 15:54:20,2.28,38.16876,-122.25308,59.055,24.293,0.0,-69,1.088,1.833,0.397
2014/10/01 15:54:25,1.8,38.16826,-122.25301,57.415,26.973,0.0,-69,1.305,2.208,0.569
2014/10/01 15:54:30,1.8,38.16770,-122.25294,57.743,27.633,0.0,-69,0.940,2.167,1.487
2014/10/01 15:54:35,1.8,38.16718,-122.25290,55.118,21.488,0.0,-69,0.955,0.000,2.696
2014/10/01 15:54:40,1.8,38.16690,-122.25288,53.806,8.553,0.0,-69,1.272,2.167,1.370
2014/10/01 15:54:45,1.8,38.16685,-122.25288,52.165,0.070,0.0,-67,1.573,2.208,1.002
2014/10/01 15:54:50,1.8,38.16686,-122.25287,47.244,0.057,0.0,-67,0.853,2.167,1.050
2014/10/01 15:54:55,1.81,38.16686,-122.25287,44.291,0.031,0.0,-67,1.014,0.000,2.058
2014/10/01 15:55:00,1.81,38.16686,-122.25288,42.979,0.054,0.0,-67,0.747,2.167,1.910
2014/10/01 15:55:05,1.84,38.16685,-122.25288,40.682,0.032,0.0,-67,1.200,2.167,0.801
2014/10/01 15:55:10,1.84,38.16686,-122.25288,36.745,0.034,0.0,-67,1.433,1.458,0.518
2014/10/01 15:55:15,1.84,38.16686,-122.25288,36.417,0.039,0.0,-63,2.031,2.208,0.558
2014/10/01 15:55:20,1.81,38.16686,-122.25288,35.761,0.007,0.0,-63,0.782,0.000,0.574
2014/10/01 15:55:25,1.81,38.16687,-122.25288,36.417,0.042,0.0,-63,0.537,2.167,1.158
2014/10/01 15:55:30,1.84,38.16687,-122.25288,33.793,0.058,0.0,-63,0.612,2.167,1.870
2014/10/01 15:55:35,1.81,38.16687,-122.25288,30.840,0.037,0.0,-63,0.836,0.000,1.822
2014/10/01 15:55:40,2.28,38.16683,-122.25287,44.948,7.360,0.0,-63,1.086,2.167,2.177
2014/10/01 15:55:45,1.81,38.16650,-122.25286,48.228,21.841,0.0,-63,0.994,2.167,2.206
2014/10/01 15:55:50,1.81,38.16596,-122.25288,47.572,30.753,0.0,-57,0.955,2.208,2.281
2014/10/01 15:55:55,2.05,38.16523,-122.25293,46.260,39.863,0.0,-57,1.400,0.000,1.731
2014/10/01 15:56:00,1.81,38.16434,-122.25300,43.307,46.166,0.0,-57,1.325,0.000,2.895
2014/10/01 15:56:05,1.82,38.16340,-122.25306,39.698,47.084,0.0,-57,2.584,0.000,0.163
2014/10/01 15:56:10,1.82,38.16244,-122.25314,34.449,49.080,0.0,-57,1.170,0.167,0.217
2014/10/01 15:56:15,1.82,38.16143,-122.25321,32.152,50.669,0.0,-57,0.796,1.083,0.198
2014/10/01 15:56:20,1.82,38.16039,-122.25329,32.480,51.584,0.0,-83,0.978,0.750,0.162
2014/10/01 15:56:25,1.82,38.15940,-122.25336,32.808,47.122,0.0,-83,1.350,0.375,0.350
2014/10/01 15:56:30,1.82,38.15851,-122.25343,32.808,42.768,0.0,-83,0.000,0.000,2.379
2014/10/01 15:56:35,1.82,38.15765,-122.25349,32.808,43.987,0.0,-83,0.805,0.583,0.327
2014/10/01 15:56:40,1.82,38.15673,-122.25356,32.152,47.506,0.0,-83,0.800,0.417,0.631
2014/10/01 15:56:45,1.82,38.15579,-122.25364,30.840,44.350,0.0,-83,0.805,0.208,0.483
2014/10/01 15:56:50,1.82,38.15495,-122.25375,30.512,40.823,0.0,-87,1.087,0.333,0.328
2014/10/01 15:56:55,1.87,38.15415,-122.25388,28.871,41.308,0.0,-87,0.866,0.125,0.231
2014/10/01 15:57:00,1.87,38.15329,-122.25402,27.231,43.551,0.0,-87,0.248,0.000,0.217
2014/10/01 15:57:05,1.87,38.15247,-122.25414,26.247,38.860,0.0,-87,0.810,0.500,0.669
2014/10/01 15:57:10,1.82,38.15173,-122.25426,26.575,36.275,0.0,-87,1.153,0.458,0.223
2014/10/01 15:57:15,1.82,38.15111,-122.25436,27.559,28.768,0.0,-87,1.068,0.500,0.238
2014/10/01 15:57:20,1.87,38.15061,-122.25444,27.887,22.513,0.0,-85,1.148,0.667,0.190
2014/10/01 15:57:25,1.83,38.15018,-122.25451,27.231,20.862,0.0,-85,1.371,0.417,0.188
2014/10/01 15:57:30,1.88,38.14974,-122.25458,26.247,25.649,0.0,-85,1.589,0.250,0.343
2014/10/01 15:57:35,1.76,38.14914,-122.25467,25.262,33.146,0.0,-85,1.758,0.375,0.354
2014/10/01 15:57:40,1.77,38.14845,-122.25478,23.622,34.643,0.0,-85,1.750,0.792,0.330
2014/10/01 15:57:45,1.79,38.14789,-122.25487,23.294,22.994,0.0,-85,2.030,0.542,0.358
2014/10/01 15:57:50,1.79,38.14758,-122.25492,24.278,9.399,0.0,-85,1.331,0.375,0.259
2014/10/01 15:57:55,1.79,38.14750,-122.25494,24.606,0.015,0.0,-81,1.013,0.625,0.198
2014/10/01 15:58:00,1.79,38.14750,-122.25494,23.294,0.020,0.0,-81,1.464,0.833,0.345
2014/10/01 15:58:05,1.79,38.14749,-122.25494,22.310,0.022,0.0,-81,1.536,0.625,0.192
2014/10/01 15:58:10,1.79,38.14749,-122.25494,21.325,0.031,0.0,-81,0.895,0.458,0.207
2014/10/01 15:58:15,1.79,38.14748,-122.25494,20.997,0.009,0.0,-81,1.047,0.667,0.270
2014/10/01 15:58:20,1.79,38.14748,-122.25494,21.325,0.008,0.0,-81,1.774,0.458,0.182
2014/10/01 15:58:25,1.79,38.14748,-122.25494,21.325,0.019,0.0,-79,2.436,0.000,0.209
2014/10/01 15:58:30,1.79,38.14748,-122.25494,21.982,0.054,0.0,-79,1.081,0.417,0.218
2014/10/01 15:58:35,1.77,38.14748,-122.25494,22.310,0.045,0.0,-79,2.070,0.417,0.290
2014/10/01 15:58:40,1.77,38.14749,-122.25494,22.638,0.015,0.0,-79,2.322,0.458,0.235
2014/10/01 15:58:45,1.79,38.14749,-122.25494,23.622,0.034,0.0,-79,1.797,0.625,0.190
2014/10/01 15:58:50,1.77,38.14746,-122.25494,23.950,6.174,0.0,-79,1.425,0.667,0.234
2014/10/01 15:58:55,1.79,38.14722,-122.25498,23.622,17.162,0.0,-83,1.466,0.542,0.160
2014/10/01 15:59:00,1.79,38.14673,-122.25506,22.638,30.040,0.0,-83,0.817,0.458,0.194
2014/10/01 15:59:05,1.77,38.14605,-122.25517,19.357,37.961,0.0,-83,1.256,0.250,0.198
2014/10/01 15:59:10,1.8,38.14521,-122.25531,18.701,45.097,0.0,-83,1.283,1.000,0.222
2014/10/01 15:59:15,1.8,38.14428,-122.25547,18.701,46.841,0.0,-83,0.938,0.833,0.219
2014/10/01 15:59:20,1.8,38.14335,-122.25562,18.373,45.869,0.0,-83,0.888,0.583,0.279
2014/10/01 15:59:25,1.78,38.14246,-122.25576,18.373,44.890,0.0,-65,1.266,0.375,0.258
2014/10/01 15:59:30,1.78,38.14154,-122.25591,18.045,47.856,0.0,-65,1.118,0.417,0.162
2014/10/01 15:59:35,1.78,38.14070,-122.25605,18.701,32.598,0.0,-65,1.167,0.333,0.339
2014/10/01 15:59:40,1.93,38.14010,-122.25613,19.685,31.883,0.0,-65,0.000,0.000,0.000
2014/10/01 15:59:45,1.78,38.13946,-122.25623,27.559,35.045,0.0,-65,0.000,0.000,0.000
2014/10/01 15:59:50,1.78,38.13867,-122.25631,15.420,38.492,0.0,-65,0.000,0.000,0.000
2014/10/01 15:59:55,1.8,38.13790,-122.25643,11.811,35.939,0.0,-65,0.000,0.000,0.000
2014/10/01 16:00:00,1.78,38.13739,-122.25682,11.483,27.860,0.0,-51,0.169,0.000,0.000
2014/10/01 16:00:05,1.78,38.13760,-122.25739,22.638,29.810,0.0,-51,4.100,0.000,0.183
2014/10/01 16:00:10,1.78,38.13825,-122.25719,32.808,39.702,0.0,-51,3.744,0.000,0.162
2014/10/01 16:00:15,1.78,38.13907,-122.25666,39.370,49.979,0.0,-51,3.769,0.083,0.190
2014/10/01 16:00:20,1.81,38.14000,-122.25592,46.588,58.313,0.0,-51,3.672,0.667,0.250
2014/10/01 16:00:25,1.78,38.14090,-122.25485,49.541,63.350,0.0,-51,0.000,0.000,0.210
2014/10/01 16:00:30,1.78,38.14164,-122.25353,53.478,65.678,0.0,-51,0.000,0.000,0.000
2014/10/01 16:00:35,1.78,38.14216,-122.25205,57.087,56.012,0.0,-51,0.000,0.000,0.000
2014/10/01 16:00:40,1.78,38.14241,-122.25072,62.664,54.359,0.0,-51,0.000,0.000,0.978
2014/10/01 16:00:45,1.79,38.14249,-122.24939,65.617,49.270,0.0,-51,0.000,0.000,0.441
2014/10/01 16:00:50,1.79,38.14241,-122.24821,66.273,44.755,0.0,-51,0.000,0.000,0.463
2014/10/01 16:00:55,1.79,38.14229,-122.24709,66.601,45.227,0.0,-51,0.000,0.000,0.691
2014/10/01 16:01:00,1.79,38.14214,-122.24588,66.929,49.228,0.0,-85,0.000,0.000,0.871
2014/10/01 16:01:05,1.85,38.14199,-122.24463,68.898,50.183,0.0,-85,0.000,0.000,0.470
2014/10/01 16:01:10,1.85,38.14184,-122.24334,77.100,52.303,0.0,-85,0.000,0.000,0.000
2014/10/01 16:01:15,1.91,38.14168,-122.24204,89.567,51.599,0.0,-85,0.000,0.000,0.000
2014/10/01 16:01:20,1.91,38.14153,-122.24071,105.315,53.682,0.0,-85,0.000,0.000,0.000
2014/10/01 16:01:25,1.86,38.14138,-122.23936,120.407,53.137,0.0,-85,0.006,0.000,0.000
2014/10/01 16:01:30,1.86,38.14130,-122.23804,134.514,50.762,0.0,-87,0.141,0.000,0.000
2014/10/01 16:01:35,1.79,38.14127,-122.23673,140.092,53.255,0.0,-87,0.049,0.000,0.405
2014/10/01 16:01:40,1.79,38.14126,-122.23534,138.451,55.214,0.0,-87,0.006,0.000,0.000
2014/10/01 16:01:45,1.79,38.14124,-122.23392,129.921,56.498,0.0,-87,0.163,0.000,0.000
2014/10/01 16:01:50,1.79,38.14124,-122.23249,121.391,53.480,0.0,-87,0.081,0.000,0.000
2014/10/01 16:01:55,1.79,38.14130,-122.23117,119.094,55.371,0.0,-87,0.000,0.000,0.510
2014/10/01 16:02:00,1.79,38.14132,-122.22969,119.094,58.957,0.0,-87,0.053,0.000,1.181
2014/10/01 16:02:05,1.79,38.14133,-122.22818,117.454,57.187,0.0,-81,0.091,0.000,0.781
2014/10/01 16:02:10,1.79,38.14133,-122.22665,116.470,62.965,0.0,-81,0.000,0.000,0.000
2014/10/01 16:02:15,1.79,38.14132,-122.22507,118.438,61.128,0.0,-81,0.000,0.000,0.000
2014/10/01 16:02:20,1.99,38.14122,-122.22383,128.609,39.384,0.0,-81,0.000,0.000,0.000
2014/10/01 16:02:25,2.0,38.14093,-122.22296,143.045,36.745,0.0,-81,0.000,0.000,0.000
2014/10/01 16:02:31,2.01,38.14054,-122.22212,150.919,39.503,0.0,-81,0.000,0.000,0.000
2014/10/01 16:02:36,1.8,38.14002,-122.22134,145.013,40.481,0.0,-83,0.000,0.000,2.420
2014/10/01 16:02:41,1.86,38.13938,-122.22065,127.625,42.139,0.0,-83,0.000,0.000,0.423
2014/10/01 16:02:46,2.54,38.13872,-122.21998,113.189,44.014,0.0,-83,0.000,0.042,0.479
2014/10/01 16:02:51,1.8,38.13803,-122.21917,126.312,46.445,0.0,-83,0.000,0.000,0.459
2014/10/01 16:02:56,1.9,38.13766,-122.21813,135.499,45.931,0.0,-83,0.003,0.000,0.519
2014/10/01 16:03:01,1.82,38.13762,-122.21693,132.874,47.934,0.0,-83,0.000,0.000,0.000
2014/10/01 16:03:06,1.82,38.13765,-122.21569,131.562,48.673,0.0,-85,0.000,0.000,0.000
2014/10/01 16:03:11,1.82,38.13765,-122.21464,137.795,34.052,0.0,-85,0.000,0.000,0.000
2014/10/01 16:03:16,1.8,38.13766,-122.21394,144.029,23.014,0.0,-85,0.000,0.000,0.000
2014/10/01 16:03:21,1.8,38.13765,-122.21364,145.341,0.589,0.0,-85,0.000,0.000,0.000
2014/10/01 16:03:26,1.87,38.13765,-122.21363,144.029,0.054,0.0,-85,0.000,0.000,0.442
2014/10/01 16:03:31,1.87,38.13765,-122.21362,143.045,0.055,0.0,-85,0.000,0.000,1.463
2014/10/01 16:03:36,1.87,38.13765,-122.21362,142.388,0.119,0.0,-91,0.000,0.000,0.643
2014/10/01 16:03:41,2.09,38.13765,-122.21362,142.388,0.062,0.0,-91,0.000,0.000,0.930
2014/10/01 16:03:46,2.04,38.13765,-122.21361,143.045,0.037,0.0,-91,0.006,0.000,0.000
2014/10/01 16:03:51,2.12,38.13765,-122.21362,144.029,0.027,0.0,-91,0.194,0.000,0.000
2014/10/01 16:03:56,2.12,38.13765,-122.21361,144.029,0.044,0.0,-91,0.133,0.000,0.502
2014/10/01 16:04:01,2.09,38.13765,-122.21361,144.357,0.027,0.0,-91,0.113,0.000,0.000
2014/10/01 16:04:06,2.09,38.13765,-122.21361,144.029,0.015,0.0,-87,0.064,0.000,0.000
2014/10/01 16:04:11,2.09,38.13765,-122.21361,143.701,0.043,0.0,-87,0.000,0.000,0.471
2014/10/01 16:04:16,2.09,38.13765,-122.21361,144.685,0.035,0.0,-87,0.028,0.000,0.487
2014/10/01 16:04:21,2.41,38.13764,-122.21361,145.013,0.780,0.0,-87,0.094,0.000,0.480
2014/10/01 16:04:26,16.53,38.13746,-122.21327,145.669,25.208,0.0,-87,0.069,0.000,0.683
2014/10/01 16:04:31,3.38,38.13768,-122.21352,117.126,0.654,0.0,-87,0.094,0.000,0.447
2014/10/01 16:04:36,3.38,38.13769,-122.21369,142.060,3.219,0.0,-87,0.113,0.000,0.450
2014/10/01 16:04:41,2.58,38.13769,-122.21366,162.730,3.786,0.0,-93,0.061,0.000,0.499
2014/10/01 16:04:46,2.47,38.13777,-122.21365,145.669,13.220,0.0,-93,0.160,0.000,0.599
2014/10/01 16:04:51,2.04,38.13773,-122.21414,137.467,26.706,0.0,-93,0.111,0.042,0.502
2014/10/01 16:04:56,1.81,38.13773,-122.21495,139.436,35.609,0.0,-93,0.097,0.000,0.481
2014/10/01 16:05:01,1.81,38.13774,-122.21593,139.436,39.956,0.0,-93,0.039,0.000,0.450
2014/10/01 16:05:06,1.81,38.13776,-122.21696,143.373,41.387,0.0,-93,0.072,0.000,0.447
2014/10/01 16:05:11,2.04,38.13790,-122.21797,155.184,38.536,0.0,-87,0.065,0.000,0.654
2014/10/01 16:05:16,2.04,38.13832,-122.21876,172.244,37.531,0.0,-87,0.113,0.000,0.437
2014/10/01 16:05:21,2.06,38.13893,-122.21935,185.367,38.365,0.0,-87,0.044,0.000,0.491
2014/10/01 16:05:26,1.81,38.13959,-122.21997,189.633,43.086,0.0,-87,0.044,0.000,0.618
2014/10/01 16:05:31,1.81,38.14028,-122.22062,178.806,41.902,0.0,-87,0.077,0.000,0.933
2014/10/01 16:05:36,1.81,38.14091,-122.22093,167.651,30.830,0.0,-87,0.000,0.000,0.446
2014/10/01 16:05:42,1.81,38.14133,-122.22035,175.853,32.353,0.0,-57,0.129,0.000,0.469
2014/10/01 16:05:47,1.83,38.14103,-122.21969,177.822,33.685,0.0,-57,0.086,0.000,0.522
2014/10/01 16:05:52,1.81,38.14030,-122.21963,169.619,42.245,0.0,-57,0.124,0.042,0.000
2014/10/01 16:05:57,1.81,38.13943,-122.22014,144.685,50.819,0.0,-57,0.050,0.042,0.000
2014/10/01 16:06:02,2.05,38.13842,-122.22072,120.735,59.938,0.0,-57,0.084,0.000,0.458
2014/10/01 16:06:07,1.81,38.13729,-122.22142,103.346,62.068,0.0,-57,0.053,0.042,0.435
2014/10/01 16:06:12,1.81,38.13619,-122.22212,96.129,61.497,0.0,-77,0.066,0.000,0.000
2014/10/01 16:06:17,1.82,38.13507,-122.22283,94.488,63.483,0.0,-77,0.125,0.042,0.000
2014/10/01 16:06:22,1.82,38.13393,-122.22356,92.192,63.701,0.0,-77,0.160,0.000,0.000
2014/10/01 16:06:27,1.82,38.13279,-122.22429,88.255,63.378,0.0,-77,0.044,0.000,0.451
2014/10/01 16:06:32,1.82,38.13167,-122.22500,88.583,60.636,0.0,-77,0.000,0.000,0.449
2014/10/01 16:06:37,1.82,38.13056,-122.22571,95.144,62.870,0.0,-77,0.050,0.000,0.450
2014/10/01 16:06:42,1.82,38.12943,-122.22644,100.066,62.942,0.0,-77,0.064,0.000,0.510
2014/10/01 16:06:47,1.82,38.12831,-122.22715,101.378,62.297,0.0,-87,0.122,0.042,0.451
2014/10/01 16:06:52,1.82,38.12719,-122.22787,103.018,63.354,0.0,-87,0.047,0.000,0.443
2014/10/01 16:06:57,1.82,38.12605,-122.22859,108.596,62.963,0.0,-87,0.075,0.083,0.000
2014/10/01 16:07:02,1.82,38.12492,-122.22930,118.766,61.920,0.0,-87,0.089,0.000,0.000
2014/10/01 16:07:07,1.89,38.12375,-122.22986,125.000,61.790,0.0,-87,0.064,0.042,0.000
2014/10/01 16:07:12,1.82,38.12256,-122.23026,123.688,61.038,0.0,-87,0.050,0.000,0.000
2014/10/01 16:07:17,1.82,38.12134,-122.23048,116.798,59.733,0.0,-87,0.115,0.000,0.604
2014/10/01 16:07:22,1.89,38.12030,-122.23053,114.501,45.852,0.0,-87,0.000,0.000,0.631
2014/10/01 16:07:27,1.82,38.11931,-122.23044,111.877,52.882,0.0,-87,0.058,0.000,0.470
2014/10/01 16:07:32,1.89,38.11820,-122.23033,109.908,57.122,0.0,-87,0.000,0.000,3.141
2014/10/01 16:07:37,1.89,38.11703,-122.23024,110.892,59.932,0.0,-87,0.000,0.000,0.446
2014/10/01 16:07:42,1.89,38.11581,-122.23013,107.940,61.648,0.0,-87,0.000,0.042,0.539
2014/10/01 16:07:47,1.89,38.11453,-122.23003,93.832,64.665,0.0,-93,0.006,0.042,0.000
2014/10/01 16:07:52,2.22,38.11320,-122.22992,74.803,67.497,0.0,-93,0.213,0.000,0.000
2014/10/01 16:07:57,2.22,38.11184,-122.22982,62.664,67.960,0.0,-93,0.083,0.000,0.425
2014/10/01 16:08:02,1.89,38.11047,-122.22973,59.711,67.443,0.0,-93,0.044,0.042,0.431
2014/10/01 16:08:07,1.83,38.10915,-122.22974,54.462,66.150,0.0,-93,0.075,0.000,0.442
2014/10/01 16:08:12,1.82,38.10782,-122.22978,49.541,64.346,0.0,-93,0.130,0.000,0.446
2014/10/01 16:08:17,2.06,38.10653,-122.22979,49.541,63.762,0.0,-69,0.102,0.000,0.453
2014/10/01 16:08:22,1.82,38.10528,-122.22981,46.260,60.792,0.0,-69,0.112,0.000,0.458
2014/10/01 16:08:27,1.87,38.10402,-122.22983,44.291,63.313,0.0,-69,0.000,0.000,0.000
2014/10/01 16:08:32,1.87,38.10275,-122.22985,44.948,61.414,0.0,-69,0.089,0.042,0.000
2014/10/01 16:08:37,1.9,38.10162,-122.22986,49.213,51.074,0.0,-69,0.064,0.042,0.000
2014/10/01 16:08:42,1.85,38.10062,-122.22988,55.118,47.253,0.0,-69,0.105,0.000,0.455
2014/10/01 16:08:47,1.96,38.09962,-122.22989,60.696,49.595,0.0,-69,0.116,0.042,0.446
2014/10/01 16:08:52,1.9,38.09860,-122.22990,66.273,51.686,0.0,-77,0.025,0.042,0.466
2014/10/01 16:08:57,1.9,38.09752,-122.22991,72.835,54.715,0.0,-77,0.036,0.083,0.426
2014/10/01 16:09:02,1.9,38.09640,-122.22991,78.740,56.048,0.0,-77,0.083,0.000,0.000
2014/10/01 16:09:07,1.84,38.09528,-122.22995,77.100,55.524,0.0,-77,0.116,0.042,0.000
2014/10/01 16:09:12,1.96,38.09411,-122.23008,67.585,60.869,0.0,-77,0.086,0.000,0.451
2014/10/01 16:09:17,1.85,38.09285,-122.23025,52.822,64.008,0.0,-77,0.000,0.000,0.590
2014/10/01 16:09:22,2.07,38.09158,-122.23053,39.698,63.301,0.0,-83,0.080,0.000,0.432
2014/10/01 16:09:27,1.83,38.09039,-122.23097,35.433,60.738,0.0,-83,0.077,0.000,0.472
2014/10/01 16:09:32,1.83,38.08923,-122.23147,29.856,60.738,0.0,-83,0.152,0.000,0.478
2014/10/01 16:09:37,1.83,38.08807,-122.23196,30.512,60.567,0.0,-83,0.068,0.042,0.484
2014/10/01 16:09:42,1.83,38.08693,-122.23246,40.682,57.949,0.0,-83,0.000,0.000,0.423
2014/10/01 16:09:47,1.83,38.08580,-122.23288,50.853,59.152,0.0,-83,0.000,0.083,0.491
2014/10/01 16:09:52,1.85,38.08462,-122.23321,56.759,61.486,0.0,-73,0.000,0.000,0.447
2014/10/01 16:09:57,1.83,38.08339,-122.23340,54.462,61.922,0.0,-73,0.000,0.042,2.182
2014/10/01 16:10:02,1.83,38.08215,-122.23347,55.774,61.509,0.0,-73,0.000,0.000,0.486
2014/10/01 16:10:07,1.83,38.08092,-122.23341,59.711,61.581,0.0,-73,0.000,0.000,0.499
2014/10/01 16:10:12,2.04,38.07968,-122.23323,68.570,62.459,0.0,-73,0.000,0.000,0.000
2014/10/01 16:10:17,1.83,38.07847,-122.23292,83.990,60.668,0.0,-73,0.000,0.000,0.000
2014/10/01 16:10:22,1.83,38.07708,-122.23240,98.097,59.505,0.0,-73,0.003,0.000,0.485
2014/10/01 16:10:27,1.85,38.07596,-122.23182,101.378,60.116,0.0,-73,0.039,0.000,0.463
2014/10/01 16:10:32,1.84,38.07488,-122.23108,101.378,62.186,0.0,-73,0.042,0.000,0.479
2014/10/01 16:10:37,1.85,38.07381,-122.23029,107.612,59.968,0.0,-73,0.098,0.000,0.427
2014/10/01 16:10:42,1.88,38.07278,-122.22952,123.688,58.871,0.0,-73,0.042,0.000,0.494
2014/10/01 16:10:47,1.86,38.07178,-122.22878,139.108,56.967,0.0,-73,0.000,0.000,0.415
2014/10/01 16:10:52,1.83,38.07074,-122.22819,150.262,56.922,0.0,-95,0.094,0.000,0.446
2014/10/01 16:10:57,1.83,38.06966,-122.22770,156.824,56.395,0.0,-95,0.097,0.000,0.459
2014/10/01 16:11:02,1.83,38.06859,-122.22721,159.449,56.944,0.0,-95,0.077,0.000,0.431
2014/10/01 16:11:07,1.85,38.06748,-122.22685,162.730,56.380,0.0,-95,0.116,0.000,0.462
2014/10/01 16:11:12,1.83,38.06634,-122.22675,162.402,57.430,0.0,-95,0.108,0.000,0.491
2014/10/01 16:11:17,1.83,38.06513,-122.22666,166.995,62.844,0.0,-95,0.000,0.000,0.430
2014/10/01 16:11:22,1.86,38.06386,-122.22657,171.916,63.498,0.0,-95,0.000,0.000,0.482
2014/10/01 16:11:27,1.86,38.06258,-122.22648,175.525,63.950,0.0,-97,0.000,0.000,0.465
2014/10/01 16:11:32,1.86,38.06129,-122.22639,175.197,64.427,0.0,-97,0.006,0.000,0.439
2014/10/01 16:11:37,1.97,38.05997,-122.22630,170.604,66.574,0.0,-97,0.100,0.000,0.465
2014/10/01 16:11:42,1.97,38.05862,-122.22621,162.402,67.289,0.0,-97,0.000,0.042,0.498
2014/10/01 16:11:47,1.97,38.05728,-122.22612,153.215,65.779,0.0,-97,0.094,0.000,0.449
2014/10/01 16:11:52,1.91,38.05598,-122.22603,143.701,64.785,0.0,-97,0.074,0.000,0.439
2014/10/01 16:11:57,1.84,38.05470,-122.22622,140.092,63.617,0.0,-101,0.044,0.000,0.463
2014/10/01 16:12:02,1.84,38.05358,-122.22698,147.638,64.636,0.0,-101,0.105,0.000,0.000
2014/10/01 16:12:07,1.84,38.05264,-122.22815,158.465,66.333,0.0,-101,0.069,0.000,0.000
2014/10/01 16:12:12,2.04,38.05170,-122.22937,167.979,67.916,0.0,-101,0.111,0.000,0.000
2014/10/01 16:12:17,2.04,38.05076,-122.23059,181.102,65.512,0.0,-101,0.000,0.000,0.510
2014/10/01 16:12:22,2.04,38.04989,-122.23173,195.538,62.560,0.0,-101,0.000,0.000,0.000
2014/10/01 16:12:27,2.04,38.04902,-122.23289,209.646,63.613,0.0,-111,0.000,0.000,0.000
2014/10/01 16:12:32,2.04,38.04815,-122.23409,216.207,65.017,0.0,-111,0.000,0.000,0.490
2014/10/01 16:12:37,2.04,38.04728,-122.23533,212.927,64.466,0.0,-111,0.000,0.000,0.000
2014/10/01 16:12:42,2.04,38.04644,-122.23653,210.302,62.073,0.0,-111,0.000,0.000,4.174
2014/10/01 16:12:47,1.84,38.04560,-122.23771,207.349,62.680,0.0,-111,0.000,0.000,0.000
2014/10/01 16:12:52,1.84,38.04475,-122.23892,205.052,64.250,0.0,-111,0.000,0.000,0.000
2014/10/01 16:12:57,1.84,38.04387,-122.24016,201.444,66.450,0.0,-83,0.000,0.000,0.000
2014/10/01 16:13:02,1.84,38.04300,-122.24140,200.459,63.811,0.0,-83,0.000,0.000,0.000
2014/10/01 16:13:07,1.84,38.04215,-122.24261,197.178,64.015,0.0,-83,0.000,0.000,0.000
2014/10/01 16:13:12,2.04,38.04128,-122.24385,194.226,65.748,0.0,-83,0.003,0.000,0.482
2014/10/01 16:13:17,2.04,38.04040,-122.24510,191.929,66.008,0.0,-83,0.000,0.042,0.486
2014/10/01 16:13:22,1.84,38.03952,-122.24636,190.289,66.670,0.0,-83,0.000,0.000,0.426
2014/10/01 16:13:27,1.84,38.03861,-122.24755,188.976,63.775,0.0,-83,0.000,0.000,0.578
2014/10/01 16:13:32,1.84,38.03758,-122.24858,187.664,65.761,0.0,-81,0.000,0.000,0.000
2014/10/01 16:13:37,1.84,38.03648,-122.24960,186.024,68.627,0.0,-81,0.000,0.000,0.000
2014/10/01 16:13:42,1.84,38.03536,-122.25064,185.039,68.497,0.0,-81,0.000,0.000,2.201
2014/10/01 16:13:47,1.84,38.03426,-122.25166,182.743,67.076,0.0,-81,0.000,0.042,0.232
2014/10/01 16:13:52,1.84,38.03316,-122.25268,181.102,67.660,0.0,-81,0.003,0.750,0.486
2014/10/01 16:13:57,1.84,38.03207,-122.25370,174.213,67.313,0.0,-81,1.075,0.542,1.065
2014/10/01 16:14:02,1.84,38.03100,-122.25468,161.417,65.370,0.0,-69,1.931,0.625,0.838
2014/10/01 16:14:07,1.84,38.02988,-122.25572,146.654,72.315,0.0,-69,2.475,0.667,0.818
2014/10/01 16:14:12,1.84,38.02867,-122.25682,131.234,74.010,0.0,-69,2.436,0.500,1.381
2014/10/01 16:14:18,2.04,38.02752,-122.25787,115.157,68.678,0.0,-69,2.622,0.958,0.555
2014/10/01 16:14:23,1.84,38.02640,-122.25890,100.722,68.960,0.0,-69,2.872,1.375,0.446
2014/10/01 16:14:28,1.84,38.02530,-122.25992,86.614,67.538,0.0,-69,2.378,1.125,0.273
2014/10/01 16:14:33,2.04,38.02421,-122.26094,71.522,66.871,0.0,-55,3.220,1.292,0.755
2014/10/01 16:14:38,1.84,38.02313,-122.26195,60.696,67.387,0.0,-55,2.658,0.000,0.222
2014/10/01 16:14:43,1.84,38.02203,-122.26297,62.664,67.440,0.0,-55,2.472,0.917,1.434
2014/10/01 16:14:48,1.84,38.02096,-122.26396,78.084,65.183,0.0,-55,0.919,0.417,0.229
2014/10/01 16:14:53,2.04,38.01993,-122.26491,93.176,61.756,0.0,-55,0.000,0.000,0.000
2014/10/01 16:14:58,2.04,38.01896,-122.26582,106.955,58.532,0.0,-55,0.000,0.000,0.000
2014/10/01 16:15:03,2.04,38.01802,-122.26669,111.220,58.048,0.0,-63,0.000,0.000,1.321
2014/10/01 16:15:08,2.04,38.01705,-122.26759,105.643,61.585,0.0,-63,0.000,0.000,0.187
2014/10/01 16:15:13,1.84,38.01603,-122.26854,95.472,61.923,0.0,-63,0.003,0.000,0.691
2014/10/01 16:15:18,1.84,38.01502,-122.26947,86.942,63.386,0.0,-63,1.511,0.375,0.177
2014/10/01 16:15:23,1.84,38.01397,-122.27044,78.412,66.173,0.0,-63,1.000,1.208,0.363
2014/10/01 16:15:28,1.84,38.01290,-122.27143,84.646,64.771,0.0,-63,0.898,1.917,0.356
2014/10/01 16:15:33,1.84,38.01186,-122.27240,92.192,63.805,0.0,-63,1.031,1.333,0.722
2014/10/01 16:15:38,1.84,38.01083,-122.27337,91.864,64.370,0.0,-51,0.642,0.000,0.399
2014/10/01 16:15:43,1.84,38.00976,-122.27435,85.302,66.476,0.0,-51,0.000,0.000,0.000
2014/10/01 16:15:48,1.84,38.00869,-122.27535,83.005,65.883,0.0,-51,0.000,0.000,0.000
2014/10/01 16:15:53,1.84,38.00762,-122.27634,92.520,66.244,0.0,-51,0.000,1.042,0.203
2014/10/01 16:15:58,1.84,38.00655,-122.27733,104.987,65.231,0.0,-51,0.006,1.375,0.518
2014/10/01 16:16:03,1.84,38.00551,-122.27830,117.126,63.567,0.0,-51,0.501,2.917,0.902
2014/10/01 16:16:08,2.03,38.00449,-122.27925,129.265,62.558,0.0,-77,0.799,3.000,0.404
2014/10/01 16:16:13,1.84,38.00350,-122.28018,141.076,61.017,0.0,-77,1.063,3.333,0.336
2014/10/01 16:16:18,1.86,38.00249,-122.28110,144.029,62.759,0.0,-77,1.412,3.458,0.170
2014/10/01 16:16:23,1.84,38.00147,-122.28205,135.171,63.797,0.0,-77,0.319,0.000,1.119
2014/10/01 16:16:28,1.84,38.00040,-122.28304,120.735,66.809,0.0,-77,0.000,1.083,0.534
2014/10/01 16:16:33,2.03,37.99930,-122.28406,105.971,68.461,0.0,-77,0.392,0.750,1.055
2014/10/01 16:16:38,1.86,37.99819,-122.28509,89.567,67.115,0.0,-73,0.339,0.750,2.022
2014/10/01 16:16:43,1.85,37.99720,-122.28614,73.819,64.028,0.0,-73,0.738,0.750,3.219
2014/10/01 16:16:48,1.85,37.99633,-122.28741,66.601,68.365,0.0,-73,0.643,0.750,0.000
2014/10/01 16:16:53,1.85,37.99560,-122.28892,74.803,70.307,0.0,-73,0.313,0.000,6.150
2014/10/01 16:16:58,2.03,37.99509,-122.29057,89.567,67.822,0.0,-73,0.257,1.167,2.759
2014/10/01 16:17:03,1.87,37.99480,-122.29217,105.315,62.637,0.0,-73,0.843,1.375,0.000
2014/10/01 16:17:08,1.9,37.99458,-122.29377,120.079,64.575,0.0,-65,0.508,1.042,6.194
2014/10/01 16:17:13,1.9,37.99436,-122.29537,134.514,63.381,0.0,-65,1.165,0.000,2.551
2014/10/01 16:17:18,1.9,37.99415,-122.29693,147.966,61.514,0.0,-65,0.768,1.042,2.930
2014/10/01 16:17:23,1.9,37.99394,-122.29846,160.761,61.064,0.0,-65,0.503,1.083,0.000
2014/10/01 16:17:28,1.88,37.99372,-122.30000,171.260,61.690,0.0,-65,0.551,1.042,1.397
2014/10/01 16:17:33,2.1,37.99351,-122.30157,179.790,63.548,0.0,-65,1.509,0.000,1.082
2014/10/01 16:17:38,1.85,37.99329,-122.30318,187.992,65.133,0.0,-65,1.322,1.250,0.000
2014/10/01 16:17:43,1.85,37.99300,-122.30479,197.178,65.420,0.0,-61,1.047,1.208,0.000
2014/10/01 16:17:48,1.98,37.99259,-122.30638,203.740,65.460,0.0,-61,0.931,0.000,0.000
2014/10/01 16:17:53,1.98,37.99192,-122.30819,211.942,65.401,0.0,-61,0.362,1.042,1.841
2014/10/01 16:17:58,1.98,37.99124,-122.30960,218.832,65.345,0.0,-61,0.602,1.042,1.210
2014/10/01 16:18:03,1.98,37.99045,-122.31093,224.738,65.275,0.0,-61,0.568,1.083,2.618
2014/10/01 16:18:08,1.98,37.98959,-122.31218,231.627,64.430,0.0,-61,0.699,0.000,3.742
2014/10/01 16:18:13,1.98,37.98863,-122.31329,236.877,65.880,0.0,-51,1.115,0.500,2.556
2014/10/01 16:18:18,1.98,37.98755,-122.31429,240.814,66.712,0.0,-51,0.779,1.083,2.894
2014/10/01 16:18:23,1.98,37.98639,-122.31513,244.094,66.530,0.0,-51,0.723,1.042,0.000
2014/10/01 16:18:28,1.98,37.98518,-122.31578,244.751,64.870,0.0,-51,1.155,1.042,3.939
2014/10/01 16:18:33,1.98,37.98393,-122.31622,248.031,64.395,0.0,-51,0.672,0.000,2.666
2014/10/01 16:18:38,1.98,37.98266,-122.31653,251.640,64.221,0.0,-51,0.208,1.083,0.000
2014/10/01 16:18:43,1.98,37.98140,-122.31684,255.906,63.340,0.0,-81,0.995,0.000,5.142
2014/10/01 16:18:48,1.98,37.98018,-122.31722,257.546,61.790,0.0,-81,0.407,1.083,6.178
2014/10/01 16:18:53,1.98,37.97898,-122.31763,261.811,62.831,0.0,-81,0.481,0.000,2.142
2014/10/01 16:18:58,1.98,37.97774,-122.31804,258.202,65.101,0.0,-81,0.389,1.042,2.491
2014/10/01 16:19:03,1.98,37.97647,-122.31847,245.407,65.766,0.0,-81,0.170,0.000,1.862
2014/10/01 16:19:08,1.98,37.97520,-122.31890,227.690,66.017,0.0,-81,0.659,1.083,1.186
2014/10/01 16:19:13,1.98,37.97392,-122.31933,211.942,65.882,0.0,-93,0.700,1.042,1.149
2014/10/01 16:19:18,1.98,37.97263,-122.31976,195.210,66.110,0.0,-93,0.828,0.000,1.790
2014/10/01 16:19:23,1.98,37.97134,-122.32019,179.134,66.757,0.0,-93,1.360,1.583,3.890
2014/10/01 16:19:29,1.98,37.97004,-122.32063,162.730,66.833,0.0,-93,1.105,1.042,0.000
2014/10/01 16:19:34,1.98,37.96874,-122.32107,145.997,67.429,0.0,-93,1.606,1.125,1.610
2014/10/01 16:19:39,1.98,37.96749,-122.32162,126.640,64.043,0.0,-93,1.514,0.000,1.246
2014/10/01 16:19:44,1.98,37.96644,-122.32250,109.252,62.564,0.0,-81,1.235,1.083,1.629
2014/10/01 16:19:49,1.98,37.96558,-122.32370,96.457,64.654,0.0,-81,0.779,1.583,1.170
2014/10/01 16:19:54,1.98,37.96485,-122.32507,82.349,65.373,0.0,-81,0.000,0.000,1.078
2014/10/01 16:19:59,1.98,37.96410,-122.32647,75.131,66.804,0.0,-81,0.706,1.042,1.356
2014/10/01 16:20:04,1.98,37.96334,-122.32788,73.819,67.259,0.0,-81,0.757,1.583,1.506
2014/10/01 16:20:09,1.98,37.96241,-122.32910,83.990,65.002,0.0,-81,0.597,0.000,1.201
2014/10/01 16:20:14,1.98,37.96138,-122.32998,100.394,59.280,0.0,-81,1.009,1.083,1.730
2014/10/01 16:20:19,1.98,37.96030,-122.33052,115.486,57.992,0.0,-79,1.316,1.042,0.000
2014/10/01 16:20:24,1.98,37.95913,-122.33079,122.047,60.903,0.0,-79,0.589,1.042,4.065
2014/10/01 16:20:29,1.98,37.95788,-122.33074,121.719,63.194,0.0,-79,1.581,0.000,1.962
2014/10/01 16:20:34,1.98,37.95664,-122.33033,120.079,64.137,0.0,-79,0.864,1.583,2.266
2014/10/01 16:20:39,2.25,37.95545,-122.32967,119.751,63.915,0.0,-79,0.741,1.083,4.073
2014/10/01 16:20:44,1.98,37.95429,-122.32900,118.110,63.265,0.0,-79,1.109,1.042,3.150
2014/10/01 16:20:49,1.98,37.95313,-122.32835,117.126,63.601,0.0,-75,0.824,0.000,0.000
2014/10/01 16:20:54,2.25,37.95193,-122.32774,115.814,64.331,0.0,-75,0.745,1.667,3.498
2014/10/01 16:20:59,1.98,37.95071,-122.32716,110.236,64.934,0.0,-75,1.029,1.042,3.243
2014/10/01 16:21:04,1.97,37.94948,-122.32657,103.018,64.522,0.0,-75,0.498,1.042,2.913
2014/10/01 16:21:09,1.97,37.94830,-122.32602,97.769,63.786,0.0,-75,0.469,1.042,2.357
2014/10/01 16:21:14,1.97,37.94709,-122.32544,92.192,63.127,0.0,-75,1.275,0.000,0.000
2014/10/01 16:21:19,1.97,37.94590,-122.32488,86.942,63.893,0.0,-67,1.464,1.083,3.778
2014/10/01 16:21:24,1.97,37.94470,-122.32430,81.037,62.767,0.0,-67,1.336,1.583,2.118
2014/10/01 16:21:29,1.97,37.94349,-122.32393,75.131,62.856,0.0,-67,1.097,0.000,3.027
2014/10/01 16:21:34,2.23,37.94220,-122.32396,75.787,64.698,0.0,-67,0.766,1.042,4.225
2014/10/01 16:21:39,1.97,37.94095,-122.32440,79.068,64.714,0.0,-67,0.657,0.000,2.809
2014/10/01 16:21:44,1.97,37.93976,-122.32501,82.021,63.297,0.0,-67,0.639,1.667,2.248
2014/10/01 16:21:49,1.97,37.93860,-122.32561,84.974,61.534,0.0,-67,0.723,1.042,0.000
2014/10/01 16:21:54,1.97,37.93746,-122.32618,87.270,61.507,0.0,-67,0.400,0.000,3.978
2014/10/01 16:21:59,1.97,37.93630,-122.32674,88.255,61.617,0.0,-67,0.119,1.125,3.440
2014/10/01 16:22:04,1.97,37.93508,-122.32699,81.365,61.591,0.0,-67,0.252,0.542,1.385
2014/10/01 16:22:09,1.97,37.93386,-122.32678,75.459,60.967,0.0,-67,0.587,0.000,1.131
2014/10/01 16:22:14,1.97,37.93274,-122.32616,77.100,61.790,0.0,-67,0.257,1.042,1.704
2014/10/01 16:22:19,1.97,37.93166,-122.32540,81.037,60.706,0.0,-67,0.436,0.000,0.770
2014/10/01 16:22:24,1.97,37.93058,-122.32465,75.787,61.949,0.0,-67,0.059,0.000,6.517
2014/10/01 16:22:29,1.97,37.92948,-122.32390,65.289,63.091,0.0,-67,0.624,0.042,0.911
2014/10/01 16:22:34,2.25,37.92833,-122.32312,55.446,65.617,0.0,-67,0.775,0.917,0.562
2014/10/01 16:22:39,1.97,37.92694,-122.32216,56.430,65.075,0.0,-67,0.650,1.083,0.306
2014/10/01 16:22:44,2.25,37.92580,-122.32135,62.664,65.665,0.0,-67,1.220,0.000,0.671
2014/10/01 16:22:49,1.97,37.92466,-122.32052,60.367,66.279,0.0,-67,0.594,1.083,0.429
2014/10/01 16:22:54,1.97,37.92349,-122.31966,48.556,67.894,0.0,-53,0.820,1.000,0.690
2014/10/01 16:22:59,1.97,37.92234,-122.31881,47.244,65.435,0.0,-53,0.861,1.167,0.877
2014/10/01 16:23:04,1.97,37.92120,-122.31812,54.790,61.075,0.0,-53,0.747,0.833,1.467
2014/10/01 16:23:09,1.97,37.92002,-122.31770,54.134,62.427,0.0,-53,0.699,0.667,1.031
2014/10/01 16:23:14,1.97,37.91873,-122.31755,47.572,65.351,0.0,-53,0.000,0.875,2.275
2014/10/01 16:23:19,1.97,37.91741,-122.31755,41.667,65.200,0.0,-53,0.802,0.708,0.649
2014/10/01 16:23:24,1.97,37.91612,-122.31754,37.730,61.789,0.0,-65,0.612,0.958,1.155
2014/10/01 16:23:29,1.97,37.91489,-122.31754,33.465,61.443,0.0,-65,0.860,1.000,0.859
2014/10/01 16:23:34,1.97,37.91364,-122.31753,29.199,62.622,0.0,-65,1.064,0.875,0.778
2014/10/01 16:23:39,1.97,37.91235,-122.31753,26.575,64.893,0.0,-65,0.803,0.750,1.112
2014/10/01 16:23:44,1.97,37.91106,-122.31741,24.278,64.266,0.0,-65,1.122,0.375,2.450
2014/10/01 16:23:49,1.97,37.90982,-122.31694,19.685,64.971,0.0,-65,0.303,0.000,0.637
2014/10/01 16:23:54,2.25,37.90865,-122.31619,6.890,65.946,0.0,-71,0.827,0.750,0.786
2014/10/01 16:23:59,2.25,37.90746,-122.31538,-2.953,68.053,0.0,-71,1.111,1.000,0.971
2014/10/01 16:24:04,1.97,37.90626,-122.31457,2.953,66.782,0.0,-71,0.527,0.875,2.339
2014/10/01 16:24:09,1.97,37.90512,-122.31379,16.076,63.073,0.0,-71,0.341,0.333,0.000
2014/10/01 16:24:14,2.26,37.90402,-122.31303,20.997,62.349,0.0,-71,0.155,0.417,4.930
2014/10/01 16:24:19,2.26,37.90289,-122.31225,23.950,63.019,0.0,-71,0.598,0.625,1.423
2014/10/01 16:24:24,2.26,37.90178,-122.31149,24.934,61.958,0.0,-71,0.306,0.458,3.509
2014/10/01 16:24:29,1.96,37.90068,-122.31076,17.388,62.777,0.0,-57,0.482,1.000,0.756
2014/10/01 16:24:34,1.96,37.89952,-122.31008,3.609,64.494,0.0,-57,0.748,1.208,0.917
2014/10/01 16:24:39,1.96,37.89830,-122.30951,-2.625,65.541,0.0,-57,0.631,0.000,1.090
2014/10/01 16:24:44,1.96,37.89701,-122.30899,7.218,67.307,0.0,-57,0.497,0.667,0.677
2014/10/01 16:24:49,1.96,37.89577,-122.30847,20.669,64.273,0.0,-57,1.420,0.750,0.951
2014/10/01 16:24:54,1.96,37.89456,-122.30799,33.465,62.016,0.0,-57,1.087,1.000,0.790
2014/10/01 16:24:59,2.26,37.89335,-122.30760,39.370,62.251,0.0,-65,0.988,0.958,1.171
2014/10/01 16:25:04,1.96,37.89210,-122.30758,39.042,62.970,0.0,-65,0.416,0.500,1.450
2014/10/01 16:25:09,1.96,37.89086,-122.30799,38.714,64.529,0.0,-65,0.743,0.958,0.794
2014/10/01 16:25:14,1.96,37.88964,-122.30860,33.465,65.855,0.0,-65,1.153,1.250,0.718
2014/10/01 16:25:19,1.96,37.88841,-122.30911,24.934,62.099,0.0,-65,1.669,1.000,1.270
2014/10/01 16:25:24,1.96,37.88720,-122.30928,22.638,60.887,0.0,-65,1.533,0.833,0.990
2014/10/01 16:25:29,1.96,37.88597,-122.30913,8.858,62.095,0.0,-61,1.360,1.250,1.269
2014/10/01 16:25:34,1.9,37.88470,-122.30886,-0.984,64.522,0.0,-61,0.362,0.500,1.102
2014/10/01 16:25:39,1.9,37.88344,-122.30858,-0.656,63.436,0.0,-61,1.077,0.958,0.845
2014/10/01 16:25:44,1.9,37.88222,-122.30831,1.969,59.552,0.0,-61,0.870,1.167,0.670
2014/10/01 16:25:49,2.0,37.88105,-122.30804,4.921,59.063,0.0,-61,0.803,1.000,1.043
2014/10/01 16:25:54,1.87,37.87987,-122.30778,9.514,58.941,0.0,-61,1.187,1.000,0.926
2014/10/01 16:25:59,1.84,37.87873,-122.30752,19.357,56.459,0.0,-51,0.762,1.208,0.995
2014/10/01 16:26:04,1.84,37.87762,-122.30723,20.013,57.956,0.0,-51,0.664,0.000,2.991
2014/10/01 16:26:09,1.84,37.87647,-122.30688,10.827,59.426,0.0,-51,0.940,0.500,0.856
2014/10/01 16:26:14,1.84,37.87530,-122.30653,3.937,59.749,0.0,-51,1.506,0.833,0.662
2014/10/01 16:26:19,1.84,37.87413,-122.30617,3.937,59.340,0.0,-51,1.269,1.125,0.691
2014/10/01 16:26:24,1.84,37.87296,-122.30580,4.265,60.354,0.0,-51,0.723,1.083,1.042
2014/10/01 16:26:29,1.86,37.87179,-122.30544,4.593,60.419,0.0,-51,1.169,0.833,0.790
2014/10/01 16:26:34,1.86,37.87060,-122.30507,4.921,60.658,0.0,-61,1.279,1.125,0.628
2014/10/01 16:26:39,1.84,37.86941,-122.30470,5.577,61.469,0.0,-61,0.808,1.125,1.177
2014/10/01 16:26:44,1.86,37.86819,-122.30432,5.577,63.243,0.0,-61,1.310,0.833,0.910
2014/10/01 16:26:49,1.86,37.86695,-122.30392,5.249,63.961,0.0,-61,1.061,1.125,0.706
2014/10/01 16:26:54,1.86,37.86568,-122.30353,4.921,65.928,0.0,-61,0.564,0.958,1.172
2014/10/01 16:26:59,2.27,37.86439,-122.30316,5.249,65.178,0.0,-61,0.273,0.708,0.499
2014/10/01 16:27:04,1.83,37.86318,-122.30282,4.921,57.987,0.0,-81,0.400,0.750,0.958
2014/10/01 16:27:09,1.83,37.86207,-122.30251,4.593,55.472,0.0,-81,0.142,0.000,1.701
2014/10/01 16:27:14,1.83,37.86102,-122.30222,5.249,50.938,0.0,-81,0.000,1.000,2.059
2014/10/01 16:27:19,1.83,37.86012,-122.30197,5.577,41.274,0.0,-81,0.119,1.083,0.590
2014/10/01 16:27:24,1.83,37.85936,-122.30176,5.249,35.455,0.0,-81,0.513,1.333,0.722
2014/10/01 16:27:29,1.89,37.85881,-122.30161,5.249,18.128,0.0,-81,0.614,1.042,0.878
2014/10/01 16:27:34,1.83,37.85866,-122.30157,4.921,3.399,0.0,-63,0.855,0.000,2.522
2014/10/01 16:27:39,1.89,37.85844,-122.30150,5.249,16.153,0.0,-63,1.197,1.458,2.958
2014/10/01 16:27:45,1.83,37.85808,-122.30140,5.249,19.355,0.0,-63,0.935,1.375,2.641
2014/10/01 16:27:50,1.83,37.85765,-122.30128,5.249,25.072,0.0,-63,1.064,0.917,3.668
2014/10/01 16:27:55,1.83,37.85710,-122.30112,5.577,30.177,0.0,-63,0.000,0.917,2.338
2014/10/01 16:28:00,1.83,37.85646,-122.30095,5.577,34.153,0.0,-63,0.478,0.000,0.000
2014/10/01 16:28:05,1.83,37.85577,-122.30075,5.906,35.605,0.0,-91,0.236,0.875,4.962
2014/10/01 16:28:10,1.89,37.85513,-122.30058,5.906,28.899,0.0,-91,0.360,0.458,3.003
2014/10/01 16:28:15,1.83,37.85459,-122.30043,5.906,26.815,0.0,-91,0.216,0.000,3.670
2014/10/01 16:28:20,1.83,37.85404,-122.30028,5.577,27.404,0.0,-91,0.000,0.458,2.335
2014/10/01 16:28:25,1.89,37.85351,-122.30013,5.249,25.748,0.0,-91,0.000,0.458,0.570
2014/10/01 16:28:30,1.89,37.85302,-122.29999,5.249,24.297,0.0,-91,0.000,0.000,0.711
2014/10/01 16:28:35,1.89,37.85275,-122.29992,4.921,8.010,0.0,-91,0.000,0.917,3.798
2014/10/01 16:28:40,1.89,37.85271,-122.29991,4.265,0.912,0.0,-89,0.000,0.000,1.462
2014/10/01 16:28:45,1.89,37.85258,-122.29987,3.937,13.375,0.0,-89,0.000,1.375,2.070
2014/10/01 16:28:50,1.89,37.85221,-122.29977,3.937,21.864,0.0,-89,0.000,1.417,0.000
2014/10/01 16:28:55,1.89,37.85171,-122.29965,3.937,27.676,0.0,-89,0.000,0.000,0.000
2014/10/01 16:29:00,1.89,37.85113,-122.29950,4.265,30.399,0.0,-89,0.000,0.542,0.000
2014/10/01 16:29:05,1.89,37.85061,-122.29938,4.265,18.934,0.0,-89,0.000,0.542,4.076
2014/10/01 16:29:10,1.89,37.85049,-122.29935,3.937,0.019,0.0,-89,0.000,0.542,3.382
2014/10/01 16:29:15,2.01,37.85047,-122.29935,3.937,2.851,0.0,-89,0.000,0.000,1.652
2014/10/01 16:29:20,1.89,37.85029,-122.29930,4.265,13.694,0.0,-89,0.000,1.083,1.511
2014/10/01 16:29:25,1.89,37.85001,-122.29924,4.265,16.139,0.0,-89,0.000,1.583,2.823
2014/10/01 16:29:30,1.88,37.84962,-122.29915,3.281,20.811,0.0,-89,0.000,1.083,0.000
2014/10/01 16:29:35,1.88,37.84920,-122.29905,3.281,20.403,0.0,-89,0.000,0.000,3.258
2014/10/01 16:29:40,1.94,37.84887,-122.29897,2.625,13.420,0.0,-85,0.000,1.083,2.479
2014/10/01 16:29:45,1.88,37.84854,-122.29889,2.625,20.306,0.0,-85,0.006,0.000,0.779
2014/10/01 16:29:50,1.88,37.84808,-122.29879,3.609,23.457,0.0,-85,0.344,1.125,0.595
2014/10/01 16:29:55,1.88,37.84785,-122.29873,3.609,2.679,0.0,-85,0.003,0.542,0.210
2014/10/01 16:30:00,1.88,37.84785,-122.29873,3.937,0.106,0.0,-85,1.586,0.542,0.298
2014/10/01 16:30:05,1.88,37.84776,-122.29871,3.609,8.874,0.0,-85,3.589,1.083,0.301
2014/10/01 16:30:10,1.88,37.84747,-122.29865,3.281,19.143,0.0,-77,2.006,0.000,0.762
2014/10/01 16:30:15,1.88,37.84703,-122.29855,4.921,22.536,0.0,-77,1.022,0.542,0.616
2014/10/01 16:30:20,1.88,37.84654,-122.29844,4.593,26.756,0.0,-77,2.589,1.083,0.209
2014/10/01 16:30:25,1.88,37.84599,-122.29832,0.656,29.916,0.0,-77,1.542,0.000,0.630
2014/10/01 16:30:30,1.88,37.84535,-122.29818,2.297,32.888,0.0,-77,1.683,0.542,0.370
2014/10/01 16:30:35,1.88,37.84476,-122.29806,5.577,25.639,0.0,-77,1.647,0.542,0.722
2014/10/01 16:30:40,1.88,37.84431,-122.29796,7.546,21.653,0.0,-77,1.058,0.542,0.339
2014/10/01 16:30:45,1.88,37.84391,-122.29788,8.530,14.874,0.0,-85,1.800,0.000,0.611
2014/10/01 16:30:50,1.88,37.84381,-122.29786,9.843,0.108,0.0,-85,2.147,1.042,1.270
2014/10/01 16:30:55,1.88,37.84381,-122.29786,10.827,0.138,0.0,-85,2.253,1.667,0.997
2014/10/01 16:31:00,2.01,37.84380,-122.29785,11.483,1.247,0.0,-85,2.494,0.000,0.540
2014/10/01 16:31:05,1.88,37.84369,-122.29783,10.827,7.062,0.0,-85,2.003,1.042,0.570
2014/10/01 16:31:10,1.88,37.84357,-122.29781,10.499,3.731,0.0,-85,1.753,1.083,1.022
2014/10/01 16:31:15,1.88,37.84345,-122.29778,10.171,9.081,0.0,-79,1.391,0.000,0.771
2014/10/01 16:31:20,1.87,37.84320,-122.29773,10.827,15.162,0.0,-79,2.520,0.542,0.251
2014/10/01 16:31:25,1.87,37.84282,-122.29764,11.811,22.146,0.0,-79,2.081,0.542,0.669
2014/10/01 16:31:30,1.87,37.84237,-122.29754,11.811,22.456,0.0,-79,2.086,0.542,0.298
2014/10/01 16:31:35,1.87,37.84189,-122.29744,11.483,24.384,0.0,-79,2.753,0.000,0.237
2014/10/01 16:31:40,1.95,37.84136,-122.29734,10.827,26.028,0.0,-79,2.914,0.542,0.229
2014/10/01 16:31:45,1.87,37.84089,-122.29727,10.499,18.076,0.0,-73,2.497,1.083,0.297
2014/10/01 16:31:50,1.87,37.84055,-122.29721,8.530,16.908,0.0,-73,2.353,1.125,0.343
2014/10/01 16:31:55,1.87,37.84013,-122.29714,11.811,24.738,0.0,-73,2.600,0.000,0.327
2014/10/01 16:32:00,1.87,37.83959,-122.29703,17.060,28.550,0.0,-73,2.669,1.083,0.221
2014/10/01 16:32:05,1.87,37.83904,-122.29691,21.982,27.351,0.0,-73,2.581,0.000,0.650
2014/10/01 16:32:10,1.87,37.83855,-122.29682,26.575,20.438,0.0,-73,0.780,1.083,0.000
2014/10/01 16:32:15,1.87,37.83831,-122.29678,27.887,7.072,0.0,-55,0.000,0.000,1.442
2014/10/01 16:32:20,1.87,37.83816,-122.29674,28.543,8.583,0.0,-55,0.000,0.542,0.777
2014/10/01 16:32:25,1.87,37.83797,-122.29670,30.184,10.468,0.0,-55,0.000,0.000,0.990
2014/10/01 16:32:30,1.87,37.83771,-122.29663,32.152,15.223,0.0,-55,0.000,0.000,3.063
2014/10/01 16:32:35,1.87,37.83746,-122.29655,32.808,12.011,0.0,-55,0.006,0.000,0.158
2014/10/01 16:32:40,1.87,37.83721,-122.29646,31.496,15.343,0.0,-55,2.497,0.125,0.203
2014/10/01 16:32:45,1.87,37.83685,-122.29631,25.591,20.380,0.0,-55,0.602,0.792,0.218
2014/10/01 16:32:50,1.87,37.83639,-122.29610,16.732,27.295,0.0,-61,0.667,0.000,1.422
2014/10/01 16:32:55,2.34,37.83581,-122.29583,10.499,31.456,0.0,-61,0.575,0.583,0.974
2014/10/01 16:33:00,1.92,37.83526,-122.29558,8.858,27.416,0.0,-61,0.700,0.875,0.806
2014/10/01 16:33:05,1.92,37.83476,-122.29535,8.202,25.518,0.0,-61,0.930,1.083,0.970
2014/10/01 16:33:10,1.86,37.83425,-122.29511,7.546,26.446,0.0,-61,1.594,1.000,0.882
2014/10/01 16:33:15,1.86,37.83376,-122.29488,7.218,26.551,0.0,-61,1.970,1.208,0.691
2014/10/01 16:33:20,1.91,37.83330,-122.29465,7.546,24.476,0.0,-69,0.636,0.958,1.018
2014/10/01 16:33:25,1.91,37.83280,-122.29441,8.202,26.756,0.0,-69,1.170,1.000,0.830
2014/10/01 16:33:30,1.86,37.83232,-122.29420,7.546,24.834,0.0,-69,1.222,0.958,0.703
2014/10/01 16:33:35,1.86,37.83180,-122.29403,7.546,28.110,0.0,-69,0.429,0.875,1.298
2014/10/01 16:33:40,2.4,37.83120,-122.29388,8.530,32.893,0.0,-69,0.731,0.708,1.190
2014/10/01 16:33:45,1.86,37.83049,-122.29382,15.420,37.762,0.0,-69,0.775,0.792,0.831
2014/10/01 16:33:50,1.93,37.82971,-122.29390,27.887,39.427,0.0,-69,1.917,0.958,0.562
2014/10/01 16:33:55,1.86,37.82893,-122.29382,35.105,37.751,0.0,-69,1.592,1.250,0.350
2014/10/01 16:34:00,1.86,37.82823,-122.29336,37.730,42.663,0.0,-69,0.902,0.000,1.059
2014/10/01 16:34:05,1.96,37.82762,-122.29251,47.572,47.281,0.0,-69,1.430,0.708,0.223
2014/10/01 16:34:10,1.86,37.82707,-122.29148,54.462,50.926,0.0,-69,1.383,0.708,0.658
2014/10/01 16:34:15,1.91,37.82659,-122.29031,58.071,54.055,0.0,-69,1.443,1.250,1.350
2014/10/01 16:34:20,1.86,37.82637,-122.28900,55.774,52.327,0.0,-59,1.084,1.083,1.330
2014/10/01 16:34:25,1.85,37.82640,-122.28768,51.181,50.928,0.0,-59,0.845,1.500,2.218
2014/10/01 16:34:30,1.85,37.82663,-122.28636,41.667,56.991,0.0,-59,0.966,0.000,5.490
2014/10/01 16:34:35,1.85,37.82693,-122.28484,43.963,63.640,0.0,-59,0.918,1.375,0.000
2014/10/01 16:34:40,1.85,37.82722,-122.28329,47.900,62.589,0.0,-59,1.123,1.042,3.151
2014/10/01 16:34:45,1.89,37.82731,-122.28204,51.837,36.094,0.0,-59,0.579,0.000,3.953
2014/10/01 16:34:50,2.65,37.82725,-122.28137,57.087,19.903,0.0,-59,0.537,1.042,0.000
2014/10/01 16:34:55,1.89,37.82718,-122.28096,62.336,15.336,0.0,-77,0.146,0.500,7.504
2014/10/01 16:35:00,1.85,37.82708,-122.28046,67.913,25.354,0.0,-77,0.221,0.000,1.356
2014/10/01 16:35:05,1.85,37.82693,-122.27980,66.929,26.549,0.0,-77,0.164,0.625,1.600
2014/10/01 16:35:10,1.9,37.82680,-122.27924,67.257,22.938,0.0,-77,0.816,1.042,1.829
2014/10/01 16:35:15,1.85,37.82667,-122.27869,67.257,23.959,0.0,-77,0.859,1.042,3.295
2014/10/01 16:35:20,1.85,37.82654,-122.27815,67.585,17.623,0.0,-77,0.300,1.083,1.396
2014/10/01 16:35:25,1.85,37.82646,-122.27779,69.554,13.839,0.0,-77,0.446,1.083,0.519
2014/10/01 16:35:30,1.85,37.82636,-122.27736,70.210,18.940,0.0,-77,0.481,0.000,0.448
2014/10/01 16:35:35,1.85,37.82625,-122.27689,70.538,19.309,0.0,-77,0.848,1.583,0.550
2014/10/01 16:35:40,1.85,37.82613,-122.27636,71.522,25.568,0.0,-77,0.419,0.000,1.470
2014/10/01 16:35:45,1.85,37.82592,-122.27561,72.507,37.877,0.0,-77,0.496,1.042,1.491
2014/10/01 16:35:50,1.84,37.82566,-122.27461,76.772,43.262,0.0,-77,0.598,1.042,2.098
2014/10/01 16:35:55,1.84,37.82540,-122.27361,81.365,41.709,0.0,-71,0.000,0.000,1.698
2014/10/01 16:36:00,1.84,37.82511,-122.27255,85.630,46.129,0.0,-71,0.284,1.125,0.379
2014/10/01 16:36:05,1.98,37.82480,-122.27140,89.895,49.260,0.0,-71,0.448,0.000,0.506
2014/10/01 16:36:10,10.81,37.82443,-122.27028,101.378,47.789,0.0,-71,0.188,0.542,0.779
2014/10/01 16:36:15,2.21,37.82366,-122.26950,108.924,50.451,0.0,-71,1.122,2.125,0.890
2014/10/01 16:36:20,1.84,37.82260,-122.26942,105.315,56.029,0.0,-71,0.567,0.000,1.138
2014/10/01 16:36:25,1.84,37.82151,-122.26965,78.412,52.003,0.0,-63,1.029,1.542,1.331
2014/10/01 16:36:30,1.84,37.82053,-122.26985,53.478,50.735,0.0,-63,1.138,1.583,1.075
2014/10/01 16:36:35,2.21,37.81944,-122.27011,41.995,57.291,0.0,-63,1.089,1.542,1.030
2014/10/01 16:36:40,1.84,37.81828,-122.27037,35.105,59.369,0.0,-63,1.622,1.542,1.938
2014/10/01 16:36:45,1.89,37.81711,-122.27067,33.793,60.356,0.0,-63,1.752,1.667,1.470
2014/10/01 16:36:50,1.84,37.81594,-122.27105,30.840,60.582,0.0,-63,0.470,0.583,0.774
2014/10/01 16:36:55,2.01,37.81477,-122.27158,34.449,61.415,0.0,-63,0.288,0.000,0.777
2014/10/01 16:37:00,1.84,37.81370,-122.27240,37.730,64.438,0.0,-69,0.831,1.042,0.463
2014/10/01 16:37:05,1.83,37.81267,-122.27349,41.995,66.381,0.0,-69,0.904,1.583,0.990
2014/10/01 16:37:10,1.83,37.81171,-122.27457,36.417,63.582,0.0,-69,0.437,1.042,4.177
2014/10/01 16:37:15,1.83,37.81067,-122.27555,19.685,65.426,0.0,-69,0.614,0.000,1.530
2014/10/01 16:37:20,1.83,37.80951,-122.27637,9.843,68.014,0.0,-69,1.377,1.542,1.742
2014/10/01 16:37:25,1.93,37.80834,-122.27718,13.123,65.540,0.0,-69,0.713,2.083,2.218
2014/10/01 16:37:30,1.83,37.80717,-122.27792,25.919,64.732,0.0,-63,0.758,1.583,2.951
2014/10/01 16:37:35,1.83,37.80601,-122.27865,26.247,63.799,0.0,-63,0.708,1.458,1.916
2014/10/01 16:37:40,1.88,37.80485,-122.27934,25.591,65.057,0.0,-63,1.462,1.667,0.000
2014/10/01 16:37:45,1.83,37.80373,-122.28001,44.619,59.383,0.0,-63,0.434,1.250,4.256
2014/10/01 16:37:50,1.83,37.80263,-122.28038,62.664,55.459,0.0,-63,0.500,0.000,4.158
2014/10/01 16:37:55,1.83,37.80152,-122.28023,74.475,55.762,0.0,-63,0.715,1.125,1.842
2014/10/01 16:38:01,1.83,37.80050,-122.27963,77.428,56.664,0.0,-73,0.631,1.708,1.490
2014/10/01 16:38:06,1.83,37.79969,-122.27861,71.194,57.651,0.0,-73,0.865,0.000,1.519
2014/10/01 16:38:11,1.83,37.79914,-122.27733,52.165,57.809,0.0,-73,0.356,1.708,0.000
2014/10/01 16:38:16,2.21,37.79860,-122.27605,42.323,55.113,0.0,-73,0.726,1.125,4.789
2014/10/01 16:38:21,2.01,37.79815,-122.27484,43.963,50.653,0.0,-73,0.620,0.000,4.311
2014/10/01 16:38:26,1.82,37.79766,-122.27385,48.556,44.769,0.0,-73,1.064,1.167,1.915
2014/10/01 16:38:31,1.82,37.79724,-122.27282,45.932,45.972,0.0,-69,0.622,1.125,2.097
2014/10/01 16:38:36,1.82,37.79687,-122.27179,43.635,42.317,0.0,-69,0.192,0.000,0.000
2014/10/01 16:38:41,2.01,37.79656,-122.27086,41.339,38.984,0.0,-69,0.375,1.667,5.034
2014/10/01 16:38:46,2.2,37.79626,-122.27003,26.247,30.787,0.0,-69,0.425,1.792,0.944
2014/10/01 16:38:51,1.82,37.79607,-122.26957,21.325,10.432,0.0,-69,0.624,0.000,1.530
2014/10/01 16:38:56,2.2,37.79604,-122.26951,20.669,0.022,0.0,-69,0.594,1.708,1.335
2014/10/01 16:39:01,2.2,37.79604,-122.26951,21.654,0.070,0.0,-69,1.048,1.708,1.278
2014/10/01 16:39:06,1.82,37.79604,-122.26950,21.982,0.040,0.0,-65,0.000,1.708,1.630
2014/10/01 16:39:11,1.82,37.79604,-122.26949,20.341,2.279,0.0,-65,1.175,1.667,2.898
2014/10/01 16:39:16,1.82,37.79596,-122.26929,24.934,14.744,0.0,-65,1.180,0.000,1.669
2014/10/01 16:39:21,1.82,37.79574,-122.26885,18.701,22.554,0.0,-65,1.014,1.750,2.078
2014/10/01 16:39:26,1.87,37.79552,-122.26835,21.654,22.822,0.0,-65,1.106,1.708,0.450
2014/10/01 16:39:31,1.86,37.79531,-122.26781,19.357,21.978,0.0,-65,0.983,1.708,1.303
2014/10/01 16:39:36,1.81,37.79518,-122.26747,23.622,9.559,0.0,-73,1.161,1.708,1.549
2014/10/01 16:39:41,1.81,37.79516,-122.26739,28.215,1.100,0.0,-73,1.169,0.000,1.907
2014/10/01 16:39:46,1.81,37.79509,-122.26722,41.010,12.529,0.0,-73,0.547,1.167,1.463
2014/10/01 16:39:51,1.81,37.79500,-122.26691,48.556,10.917,0.0,-73,0.683,0.000,0.402
2014/10/01 16:39:56,1.81,37.79512,-122.26678,58.727,5.610,0.0,-73,2.233,1.167,0.177
2014/10/01 16:40:01,1.86,37.79521,-122.26672,58.399,0.864,0.0,-73,2.022,0.000,0.535
2014/10/01 16:40:06,1.86,37.79522,-122.26670,53.478,0.683,0.0,-53,2.030,0.000,0.262
2014/10/01 16:40:11,2.01,37.79534,-122.26654,22.966,10.201,0.0,-53,2.920,0.083,0.268
2014/10/01 16:40:16,1.81,37.79547,-122.26643,19.685,7.268,0.0,-53,2.094,1.792,0.373
2014/10/01 16:40:21,1.81,37.79562,-122.26662,21.982,13.859,0.0,-53,0.586,1.583,0.450
2014/10/01 16:40:26,1.81,37.79576,-122.26698,43.963,17.487,0.0,-53,0.641,1.667,0.530
2014/10/01 16:40:31,1.81,37.79590,-122.26731,34.449,8.542,0.0,-53,0.745,0.000,0.607
2014/10/01 16:40:36,1.81,37.79590,-122.26735,31.824,0.040,0.0,-71,0.580,1.500,0.830
2014/10/01 16:40:41,1.81,37.79589,-122.26735,31.824,0.011,0.0,-71,0.406,1.125,0.498
2014/10/01 16:40:46,1.81,37.79589,-122.26735,31.496,0.082,0.0,-71,0.952,1.750,0.518
2014/10/01 16:40:51,1.8,37.79591,-122.26742,28.215,5.688,0.0,-71,0.803,1.833,0.382
2014/10/01 16:40:56,1.8,37.79584,-122.26749,27.559,5.290,0.0,-71,1.076,1.667,1.015
2014/10/01 16:41:01,1.96,37.79582,-122.26746,29.199,0.268,0.0,-71,0.926,1.667,0.910
2014/10/01 16:41:06,1.96,37.79583,-122.26746,33.465,0.253,0.0,-71,0.913,2.625,1.990
2014/10/01 16:41:11,2.11,37.79585,-122.26748,38.714,0.062,0.0,-59,1.160,2.208,1.581
2014/10/01 16:41:16,1.8,37.79584,-122.26744,44.948,4.968,0.0,-59,1.033,2.250,1.978
2014/10/01 16:41:21,1.8,37.79575,-122.26723,41.010,11.497,0.0,-59,0.860,0.000,1.910
2014/10/01 16:41:26,1.8,37.79563,-122.26698,41.010,11.979,0.0,-59,0.855,1.667,1.918
2014/10/01 16:41:31,1.8,37.79551,-122.26676,41.667,8.238,0.0,-59,0.292,1.625,0.734
2014/10/01 16:41:36,2.15,37.79547,-122.26676,43.307,1.804,0.0,-59,1.628,2.083,1.278
2014/10/01 16:41:41,1.8,37.79551,-122.26680,53.806,0.819,0.0,-63,2.014,1.625,0.516
2014/10/01 16:41:46,1.91,37.79555,-122.26684,72.835,0.788,0.0,-63,1.419,2.167,0.327
