Date-Time,DOP,Latitude,Longitude,Altitude (ft),Speed (mph),Heading (deg),mod1 SS (dBm),mod1 Down (Mbs),mod1 Up (Mbs),mod1 Ping (Sec)
2014/08/20 15:00:55,7.5,37.79576,-122.26748,-9.843,3.420,0.0,-67,2.519,2.208,0.000
2014/08/20 15:01:00,7.5,37.79579,-122.26759,-9.186,2.811,0.0,-67,2.725,0.000,0.000
2014/08/20 15:01:05,7.49,37.79570,-122.26766,5.249,6.794,0.0,-67,1.245,0.833,0.222
2014/08/20 15:01:10,7.49,37.79544,-122.26775,4.593,10.219,0.0,-61,1.002,2.167,0.850
2014/08/20 15:01:15,7.49,37.79526,-122.26778,-14.764,8.324,0.0,-61,0.964,4.167,1.329
2014/08/20 15:01:20,7.48,37.79517,-122.26776,-26.247,4.216,0.0,-61,0.750,0.000,1.169
2014/08/20 15:01:25,7.48,37.79524,-122.26752,102.362,6.927,0.0,-61,1.480,3.250,0.265
2014/08/20 15:01:30,7.47,37.79500,-122.26679,169.291,24.768,0.0,-61,1.714,1.958,0.623
2014/08/20 15:01:35,2.76,37.79493,-122.26616,229.003,5.736,0.0,-61,2.030,0.000,0.218
2014/08/20 15:01:40,6.62,37.79512,-122.26580,274.606,12.550,0.0,-57,2.906,1.917,0.280
2014/08/20 15:01:45,6.62,37.79557,-122.26580,177.493,17.763,0.0,-57,2.233,0.708,0.237
2014/08/20 15:01:50,9.29,37.79591,-122.26567,161.089,17.118,0.0,-57,3.086,0.625,0.289
2014/08/20 15:01:55,6.61,37.79601,-122.26517,337.927,7.095,0.0,-57,3.094,0.000,0.229
2014/08/20 15:02:00,6.61,37.79602,-122.26513,348.425,4.273,0.0,-57,2.747,0.667,0.204
2014/08/20 15:02:05,2.43,37.79609,-122.26595,37.073,0.014,0.0,-57,2.681,0.000,0.325
2014/08/20 15:02:10,2.43,37.79612,-122.26596,25.919,4.384,0.0,-57,2.739,0.625,0.225
2014/08/20 15:02:15,2.43,37.79633,-122.26587,22.966,15.136,0.0,-57,2.828,0.000,0.362
2014/08/20 15:02:20,2.43,37.79664,-122.26569,20.013,18.202,0.0,-57,2.650,1.333,0.237
2014/08/20 15:02:25,2.44,37.79692,-122.26560,23.622,11.452,0.0,-57,2.628,0.000,0.194
2014/08/20 15:02:30,3.96,37.79704,-122.26591,24.278,14.953,0.0,-57,2.542,1.292,1.652
2014/08/20 15:02:35,3.97,37.79718,-122.26627,30.512,17.290,0.0,-57,1.417,0.000,0.428
2014/08/20 15:02:40,2.44,37.79728,-122.26653,29.199,2.223,0.0,-57,2.158,1.250,0.869
2014/08/20 15:02:45,2.44,37.79728,-122.26653,30.512,0.014,0.0,-67,1.992,2.000,0.325
2014/08/20 15:02:50,2.45,37.79728,-122.26653,27.559,0.248,0.0,-67,2.297,0.000,0.433
2014/08/20 15:02:55,3.59,37.79728,-122.26654,29.856,0.138,0.0,-67,2.553,1.292,0.247
2014/08/20 15:03:00,3.59,37.79728,-122.26654,29.199,0.033,0.0,-67,2.784,0.000,0.234
2014/08/20 15:03:05,3.59,37.79728,-122.26654,30.840,0.053,0.0,-67,2.806,0.625,0.297
2014/08/20 15:03:10,2.23,37.79728,-122.26655,31.496,1.025,0.0,-67,2.497,0.667,0.268
2014/08/20 15:03:15,2.23,37.79730,-122.26660,31.168,3.170,0.0,-69,2.600,0.625,0.387
2014/08/20 15:03:20,3.66,37.79726,-122.26666,33.136,4.792,0.0,-69,2.653,0.667,0.262
2014/08/20 15:03:25,3.66,37.79711,-122.26676,30.184,11.293,0.0,-69,2.667,0.000,0.267
2014/08/20 15:03:30,2.24,37.79690,-122.26690,30.512,10.707,0.0,-69,3.000,1.333,0.293
2014/08/20 15:03:35,2.24,37.79683,-122.26695,29.199,0.062,0.0,-69,2.894,0.625,0.241
2014/08/20 15:03:40,2.18,37.79684,-122.26694,36.417,0.026,0.0,-69,3.031,0.000,0.196
2014/08/20 15:03:45,2.18,37.79685,-122.26694,40.354,0.016,0.0,-61,3.147,1.333,0.324
2014/08/20 15:03:50,2.18,37.79685,-122.26694,41.010,0.238,0.0,-61,2.853,1.292,0.187
2014/08/20 15:03:55,2.19,37.79685,-122.26694,40.354,0.021,0.0,-61,3.164,0.625,0.229
2014/08/20 15:04:00,2.19,37.79679,-122.26695,37.730,7.332,0.0,-61,2.919,0.000,0.197
2014/08/20 15:04:05,2.28,37.79666,-122.26673,34.121,14.190,0.0,-61,2.897,0.667,0.253
2014/08/20 15:04:10,2.28,37.79658,-122.26648,30.184,5.863,0.0,-61,2.345,0.000,0.346
2014/08/20 15:04:15,2.19,37.79664,-122.26638,28.543,5.340,0.0,-55,2.250,0.625,0.202
2014/08/20 15:04:20,2.23,37.79660,-122.26622,30.840,8.781,0.0,-55,2.947,0.667,0.265
2014/08/20 15:04:25,2.53,37.79658,-122.26603,35.105,7.581,0.0,-55,2.722,0.000,0.190
2014/08/20 15:04:30,2.53,37.79661,-122.26600,40.026,1.547,0.0,-55,2.847,0.625,0.000
2014/08/20 15:04:35,2.29,37.79658,-122.26600,41.995,0.875,0.0,-55,2.730,0.667,0.000
2014/08/20 15:04:40,2.51,37.79655,-122.26602,38.058,1.297,0.0,-55,2.673,0.000,0.223
2014/08/20 15:04:45,2.88,37.79651,-122.26603,44.948,0.637,0.0,-55,2.133,0.667,0.302
2014/08/20 15:04:50,3.07,37.79648,-122.26606,51.837,0.505,0.0,-67,2.284,0.625,0.258
2014/08/20 15:04:55,2.63,37.79644,-122.26605,53.806,0.444,0.0,-67,2.497,0.000,0.250
2014/08/20 15:05:00,2.63,37.79639,-122.26606,51.181,3.762,0.0,-67,2.778,0.667,0.262
2014/08/20 15:05:05,2.89,37.79633,-122.26606,11.155,5.080,0.0,-67,2.556,1.292,0.185
2014/08/20 15:05:10,3.15,37.79626,-122.26613,-39.042,4.244,0.0,-67,3.003,0.000,0.281
2014/08/20 15:05:15,3.38,37.79628,-122.26618,-99.738,2.026,0.0,-67,2.508,0.667,0.207
2014/08/20 15:05:20,3.38,37.79629,-122.26620,-134.514,0.848,0.0,-65,1.939,1.333,0.186
2014/08/20 15:05:25,2.3,37.79629,-122.26619,-157.152,0.982,0.0,-65,2.717,0.000,0.203
2014/08/20 15:05:30,2.31,37.79632,-122.26616,-114.829,0.765,0.0,-65,2.394,1.958,0.199
2014/08/20 15:05:35,2.42,37.79632,-122.26617,-100.394,2.109,0.0,-65,2.892,0.625,0.269
2014/08/20 15:05:40,2.42,37.79635,-122.26616,-91.535,0.391,0.0,-65,2.636,0.667,0.231
2014/08/20 15:05:45,2.42,37.79634,-122.26617,-83.333,1.374,0.0,-65,2.667,0.000,0.210
2014/08/20 15:05:50,2.31,37.79634,-122.26618,-71.522,1.442,0.0,-65,2.744,1.333,0.186
2014/08/20 15:05:55,2.31,37.79636,-122.26618,-53.150,0.241,0.0,-65,2.469,0.667,0.334
2014/08/20 15:06:00,2.31,37.79635,-122.26619,-30.840,1.506,0.0,-65,2.758,0.000,0.249
2014/08/20 15:06:05,2.31,37.79634,-122.26622,-24.278,1.799,0.0,-65,2.547,1.333,0.238
2014/08/20 15:06:10,2.32,37.79633,-122.26623,-25.919,0.831,0.0,-65,2.653,1.292,0.258
2014/08/20 15:06:15,2.66,37.79633,-122.26622,-34.449,0.844,0.0,-65,2.906,0.000,0.186
2014/08/20 15:06:20,2.32,37.79634,-122.26619,-46.588,0.213,0.0,-67,3.014,0.000,0.195
2014/08/20 15:06:25,2.32,37.79637,-122.26617,-59.711,2.068,0.0,-67,2.900,1.292,0.238
2014/08/20 15:06:30,2.66,37.79639,-122.26614,-66.273,0.355,0.0,-67,2.958,0.000,0.302
2014/08/20 15:12:59,1.96,37.79689,-122.26693,52.165,1.999,0.0,-51,1.253,0.542,0.221
2014/08/20 15:13:04,1.96,37.79676,-122.26703,40.682,8.426,0.0,-57,1.308,2.917,0.209
2014/08/20 15:13:09,2.23,37.79656,-122.26717,34.777,14.080,0.0,-57,1.059,2.958,0.206
2014/08/20 15:13:14,1.96,37.79635,-122.26732,32.480,6.795,0.0,-57,0.541,2.167,0.203
2014/08/20 15:13:19,1.96,37.79631,-122.26735,27.559,0.862,0.0,-57,0.991,2.958,0.238
2014/08/20 15:13:24,1.96,37.79627,-122.26739,21.982,6.475,0.0,-57,1.651,3.042,0.353
2014/08/20 15:13:29,1.96,37.79617,-122.26745,21.325,2.309,0.0,-57,0.769,2.500,0.265
2014/08/20 15:13:34,1.62,37.79611,-122.26752,22.638,5.126,0.0,-53,0.869,3.250,0.251
2014/08/20 15:13:39,2.44,37.79609,-122.26766,21.982,5.647,0.0,-53,1.139,2.625,0.213
2014/08/20 15:13:44,1.8,37.79613,-122.26778,22.966,4.604,0.0,-53,1.951,2.833,0.220
2014/08/20 15:13:49,1.59,37.79615,-122.26785,21.982,1.233,0.0,-53,0.916,3.292,0.269
2014/08/20 15:13:54,1.93,37.79615,-122.26786,16.732,0.055,0.0,-53,1.033,3.042,0.837
2014/08/20 15:13:59,1.59,37.79615,-122.26786,18.373,0.036,0.0,-53,0.842,2.417,0.369
2014/08/20 15:14:04,1.59,37.79615,-122.26785,19.685,0.053,0.0,-79,1.130,0.000,0.741
2014/08/20 15:14:09,2.31,37.79614,-122.26784,20.341,0.047,0.0,-79,0.538,2.458,0.645
2014/08/20 15:14:14,2.31,37.79614,-122.26784,22.638,0.011,0.0,-79,0.528,0.000,0.000
2014/08/20 15:14:19,2.71,37.79614,-122.26785,20.669,0.044,0.0,-79,0.132,2.208,7.878
2014/08/20 15:14:24,2.31,37.79614,-122.26787,17.060,2.783,0.0,-79,0.974,3.833,0.713
2014/08/20 15:14:29,2.31,37.79620,-122.26805,16.732,12.122,0.0,-79,1.961,0.000,0.236
2014/08/20 15:14:34,2.31,37.79628,-122.26834,17.060,7.578,0.0,-77,1.364,2.875,0.208
2014/08/20 15:14:39,2.31,37.79629,-122.26837,16.732,0.024,0.0,-77,1.713,1.667,0.576
2014/08/20 15:14:44,2.32,37.79628,-122.26837,19.685,0.021,0.0,-77,1.224,2.875,1.342
2014/08/20 15:14:49,2.32,37.79628,-122.26836,20.013,0.017,0.0,-77,0.923,1.792,0.278
2014/08/20 15:14:54,2.32,37.79628,-122.26836,18.701,0.039,0.0,-77,0.876,0.000,0.937
2014/08/20 15:14:59,1.9,37.79628,-122.26836,16.732,0.022,0.0,-77,0.784,3.208,0.930
2014/08/20 15:15:04,1.9,37.79628,-122.26836,17.717,0.023,0.0,-77,1.100,3.417,0.680
2014/08/20 15:15:09,1.9,37.79628,-122.26836,19.029,0.032,0.0,-75,1.197,2.792,0.966
2014/08/20 15:15:14,1.9,37.79628,-122.26836,21.654,0.008,0.0,-75,1.248,3.417,1.254
2014/08/20 15:15:19,1.9,37.79630,-122.26843,22.966,7.355,0.0,-75,1.675,3.458,0.530
2014/08/20 15:15:24,1.95,37.79637,-122.26867,30.184,10.974,0.0,-75,1.075,0.000,0.225
2014/08/20 15:15:29,1.9,37.79652,-122.26916,25.919,21.380,0.0,-75,1.269,0.083,0.202
2014/08/20 15:15:34,1.91,37.79671,-122.26969,31.168,24.087,0.0,-75,1.453,1.500,0.519
2014/08/20 15:15:39,2.12,37.79691,-122.27028,39.370,23.292,0.0,-65,1.034,0.000,0.366
2014/08/20 15:15:44,1.64,37.79701,-122.27055,43.307,10.194,0.0,-65,0.714,1.708,0.610
2014/08/20 15:15:49,1.95,37.79712,-122.27086,47.572,18.276,0.0,-65,0.872,1.625,0.588
2014/08/20 15:15:54,1.91,37.79729,-122.27134,44.948,20.569,0.0,-65,0.565,2.042,0.737
2014/08/20 15:15:59,1.91,37.79747,-122.27184,41.010,24.532,0.0,-65,1.051,3.083,1.142
2014/08/20 15:16:04,1.43,37.79770,-122.27244,40.682,24.586,0.0,-65,0.537,2.958,1.381
2014/08/20 15:16:09,1.42,37.79794,-122.27312,41.339,32.424,0.0,-61,0.462,1.625,4.074
2014/08/20 15:16:14,1.42,37.79825,-122.27392,39.698,36.295,0.0,-61,0.506,2.458,2.233
2014/08/20 15:16:19,1.42,37.79859,-122.27484,37.730,42.180,0.0,-61,1.025,1.875,0.797
2014/08/20 15:16:24,2.08,37.79898,-122.27586,38.714,46.919,0.0,-61,0.542,0.583,0.348
2014/08/20 15:16:29,1.63,37.79941,-122.27700,37.730,50.707,0.0,-61,1.203,0.000,1.801
2014/08/20 15:16:34,2.08,37.79988,-122.27818,35.105,54.191,0.0,-61,0.553,1.958,0.449
2014/08/20 15:16:39,2.42,37.80040,-122.27946,34.121,58.923,0.0,-69,0.564,1.833,0.870
2014/08/20 15:16:44,2.01,37.80090,-122.28082,31.168,61.063,0.0,-69,0.362,1.292,0.318
2014/08/20 15:16:49,1.44,37.80148,-122.28223,39.370,61.892,0.0,-69,0.000,0.000,0.749
2014/08/20 15:16:54,1.44,37.80206,-122.28362,45.932,61.622,0.0,-69,0.993,1.833,1.618
2014/08/20 15:16:59,2.17,37.80256,-122.28504,57.743,61.828,0.0,-69,0.772,1.833,1.759
2014/08/20 15:17:04,1.65,37.80290,-122.28652,64.961,60.614,0.0,-69,0.745,1.292,3.427
2014/08/20 15:17:09,2.01,37.80305,-122.28803,65.289,58.920,0.0,-69,1.111,0.000,1.206
2014/08/20 15:17:14,2.01,37.80304,-122.28951,62.992,58.317,0.0,-71,0.728,1.917,1.022
2014/08/20 15:17:19,1.44,37.80287,-122.29096,54.462,57.276,0.0,-71,0.434,1.833,0.570
2014/08/20 15:17:24,1.44,37.80263,-122.29243,43.635,60.498,0.0,-71,0.721,1.250,0.539
2014/08/20 15:17:29,1.44,37.80237,-122.29396,27.887,62.014,0.0,-71,0.771,1.833,0.530
2014/08/20 15:17:34,1.44,37.80214,-122.29551,13.123,62.156,0.0,-71,0.934,1.417,2.110
2014/08/20 15:17:39,2.02,37.80212,-122.29712,-2.297,64.950,0.0,-71,0.480,0.000,0.000
2014/08/20 15:17:44,1.44,37.80237,-122.29875,-3.937,66.753,0.0,-83,0.238,0.000,0.000
2014/08/20 15:17:49,1.43,37.80290,-122.30032,-3.609,67.806,0.0,-83,0.137,0.583,0.000
2014/08/20 15:17:54,1.43,37.80368,-122.30175,-2.953,68.243,0.0,-83,0.483,1.250,1.349
2014/08/20 15:17:59,2.02,37.80470,-122.30294,-0.656,69.204,0.0,-83,0.938,1.250,2.958
2014/08/20 15:18:04,1.65,37.80589,-122.30383,-2.625,68.644,0.0,-83,0.857,1.208,1.342
2014/08/20 15:18:09,2.0,37.80718,-122.30438,-0.328,66.039,0.0,-83,0.678,0.000,1.187
2014/08/20 15:18:14,1.43,37.80847,-122.30458,2.625,64.401,0.0,-51,1.105,1.833,1.182
2014/08/20 15:18:19,1.48,37.80977,-122.30446,5.249,65.037,0.0,-51,0.964,1.917,1.609
2014/08/20 15:18:24,1.43,37.81103,-122.30400,4.921,65.508,0.0,-51,1.411,1.833,1.650
2014/08/20 15:18:29,1.41,37.81221,-122.30322,1.640,66.668,0.0,-51,1.062,0.000,1.935
2014/08/20 15:18:34,1.56,37.81325,-122.30214,-1.969,67.610,0.0,-51,0.666,2.083,0.776
2014/08/20 15:18:39,1.46,37.81416,-122.30084,6.234,68.619,0.0,-51,1.051,1.833,0.982
2014/08/20 15:18:44,1.41,37.81505,-122.29953,25.591,68.082,0.0,-71,1.216,0.000,3.225
2014/08/20 15:18:49,1.41,37.81595,-122.29821,45.604,69.115,0.0,-71,0.570,1.250,2.510
2014/08/20 15:18:54,1.41,37.81688,-122.29698,68.570,65.200,0.0,-71,0.668,0.792,0.602
2014/08/20 15:18:59,1.41,37.81800,-122.29624,80.381,63.002,0.0,-71,0.503,0.000,0.646
2014/08/20 15:19:04,1.62,37.81923,-122.29609,79.068,60.861,0.0,-71,0.521,1.875,0.897
2014/08/20 15:19:09,1.41,37.82040,-122.29651,70.538,60.988,0.0,-71,0.667,1.833,0.970
2014/08/20 15:19:14,1.41,37.82139,-122.29744,61.352,61.994,0.0,-71,0.915,0.000,1.278
2014/08/20 15:19:19,1.62,37.82208,-122.29876,48.556,63.371,0.0,-75,1.167,1.875,1.670
2014/08/20 15:19:24,1.41,37.82270,-122.30016,38.058,62.889,0.0,-75,0.630,0.000,0.000
2014/08/20 15:19:29,1.41,37.82334,-122.30157,35.105,64.592,0.0,-75,0.263,1.833,6.750
2014/08/20 15:19:34,1.41,37.82398,-122.30302,36.089,65.850,0.0,-75,0.243,0.000,0.000
2014/08/20 15:19:39,1.41,37.82463,-122.30445,37.730,64.462,0.0,-75,0.495,0.625,5.837
2014/08/20 15:19:45,1.41,37.82523,-122.30580,37.730,55.815,0.0,-75,0.452,0.625,1.988
2014/08/20 15:19:50,1.41,37.82559,-122.30707,34.121,54.736,0.0,-83,0.000,0.875,3.458
2014/08/20 15:19:55,1.41,37.82563,-122.30845,22.966,52.605,0.0,-83,0.323,0.000,1.950
2014/08/20 15:20:00,1.93,37.82541,-122.30973,9.843,50.422,0.0,-83,0.357,0.000,0.000
2014/08/20 15:20:05,1.4,37.82524,-122.31091,6.234,43.837,0.0,-83,0.066,0.000,0.000
2014/08/20 15:20:10,1.4,37.82520,-122.31199,5.906,43.994,0.0,-83,0.000,0.000,0.000
2014/08/20 15:20:15,1.4,37.82520,-122.31313,4.265,45.535,0.0,-83,0.000,0.000,2.587
2014/08/20 15:20:20,2.1,37.82501,-122.31446,5.577,42.704,0.0,-83,0.000,0.000,0.000
2014/08/20 15:20:25,1.42,37.82480,-122.31530,1.312,44.121,0.0,-83,0.000,0.000,0.242
2014/08/20 15:20:30,1.42,37.82446,-122.31658,0.000,46.372,0.0,-83,0.003,0.042,0.507
2014/08/20 15:20:35,1.42,37.82420,-122.31774,0.656,50.597,0.0,-83,0.758,0.625,0.205
2014/08/20 15:20:40,1.58,37.82382,-122.31896,-0.984,52.628,0.0,-83,1.267,0.375,0.205
2014/08/20 15:20:45,1.42,37.82333,-122.32017,-0.984,54.602,0.0,-83,1.772,0.000,0.375
2014/08/20 15:20:50,1.4,37.82289,-122.32143,-0.656,54.818,0.0,-79,0.414,0.417,1.340
2014/08/20 15:20:55,1.4,37.82263,-122.32277,0.328,54.453,0.0,-79,0.950,0.250,0.000
2014/08/20 15:21:00,1.4,37.82246,-122.32417,-0.984,57.422,0.0,-79,1.081,0.500,0.000
2014/08/20 15:21:05,1.93,37.82234,-122.32564,-1.969,57.991,0.0,-79,0.670,0.583,0.316
2014/08/20 15:21:10,1.93,37.82223,-122.32714,-0.328,60.268,0.0,-79,1.316,1.250,1.249
2014/08/20 15:21:15,2.39,37.82211,-122.32867,4.265,60.980,0.0,-79,1.506,0.958,0.917
2014/08/20 15:21:20,1.93,37.82196,-122.33026,10.499,62.989,0.0,-79,1.708,0.875,0.382
2014/08/20 15:21:25,1.93,37.82178,-122.33183,19.029,63.208,0.0,-71,1.645,1.167,0.557
2014/08/20 15:21:30,1.93,37.82157,-122.33342,30.512,64.816,0.0,-71,1.450,0.708,0.382
2014/08/20 15:21:35,1.93,37.82131,-122.33505,40.354,65.907,0.0,-71,1.100,0.000,0.757
2014/08/20 15:21:40,1.4,37.82107,-122.33663,49.541,59.262,0.0,-71,0.400,0.625,1.382
2014/08/20 15:21:45,1.4,37.82083,-122.33815,59.055,64.281,0.0,-71,0.211,0.125,4.480
2014/08/20 15:21:50,1.94,37.82058,-122.33976,68.570,65.244,0.0,-71,0.000,0.000,0.284
2014/08/20 15:21:55,1.94,37.82034,-122.34140,78.412,65.396,0.0,-85,0.342,0.250,0.243
2014/08/20 15:22:00,1.94,37.82011,-122.34298,86.942,61.209,0.0,-85,0.284,0.500,0.966
2014/08/20 15:22:05,1.94,37.81988,-122.34451,93.504,62.337,0.0,-85,0.243,0.542,0.421
2014/08/20 15:22:10,1.94,37.81966,-122.34602,100.394,57.512,0.0,-85,0.149,0.000,4.619
2014/08/20 15:22:15,1.94,37.81946,-122.34738,107.940,53.599,0.0,-85,0.058,0.208,1.097
2014/08/20 15:22:20,1.94,37.81927,-122.34867,114.501,52.606,0.0,-85,0.000,0.000,0.000
2014/08/20 15:22:25,1.94,37.81908,-122.35001,120.735,55.254,0.0,-85,0.000,0.292,4.158
2014/08/20 15:22:30,1.39,37.81881,-122.35140,132.874,57.822,0.0,-85,0.000,0.375,4.128
2014/08/20 15:22:35,1.39,37.81841,-122.35277,141.732,57.683,0.0,-85,0.000,0.250,3.826
2014/08/20 15:22:40,1.94,37.81788,-122.35409,145.997,61.641,0.0,-85,0.000,0.000,1.537
2014/08/20 15:22:45,1.94,37.81723,-122.35534,150.262,57.168,0.0,-85,0.000,0.375,0.902
2014/08/20 15:22:50,1.94,37.81657,-122.35650,151.903,54.934,0.0,-85,0.000,0.625,0.970
2014/08/20 15:22:55,1.94,37.81595,-122.35760,156.824,54.329,0.0,-83,0.003,1.000,0.814
2014/08/20 15:23:00,1.94,37.81531,-122.35873,158.793,54.949,0.0,-83,0.280,0.583,2.193
2014/08/20 15:23:05,1.94,37.81466,-122.35987,162.730,55.485,0.0,-83,0.472,0.542,0.867
2014/08/20 15:23:10,1.39,37.81399,-122.36097,167.323,55.063,0.0,-83,0.314,0.000,2.470
2014/08/20 15:23:15,1.39,37.81321,-122.36196,174.541,54.220,0.0,-83,0.356,0.333,0.970
2014/08/20 15:23:20,1.94,37.81236,-122.36280,179.462,53.534,0.0,-83,1.283,0.667,0.337
2014/08/20 15:23:25,1.94,37.81146,-122.36360,178.806,55.884,0.0,-83,0.000,0.125,3.903
2014/08/20 15:23:30,1.94,37.81062,-122.36447,172.572,54.790,0.0,-85,0.000,0.000,0.782
2014/08/20 15:23:35,4.39,37.80978,-122.36537,166.995,55.146,0.0,-85,0.000,0.375,0.995
2014/08/20 15:23:40,9.78,37.80892,-122.36622,166.010,55.681,0.0,-85,0.000,0.625,2.267
2014/08/20 15:23:45,1.78,37.80807,-122.36721,151.247,56.196,0.0,-85,0.000,0.750,1.059
2014/08/20 15:23:50,1.42,37.80718,-122.36816,170.932,58.883,0.0,-85,0.003,1.125,0.779
2014/08/20 15:23:55,1.42,37.80630,-122.36910,187.664,58.345,0.0,-85,0.064,0.250,5.834
2014/08/20 15:24:00,1.42,37.80539,-122.37007,201.444,59.394,0.0,-93,0.000,0.000,0.000
2014/08/20 15:24:05,1.42,37.80452,-122.37102,213.583,56.197,0.0,-93,0.000,0.125,5.085
2014/08/20 15:24:10,1.42,37.80367,-122.37192,222.769,54.098,0.0,-93,0.000,0.833,0.993
2014/08/20 15:24:15,1.98,37.80286,-122.37279,229.659,51.928,0.0,-93,0.000,1.208,0.643
2014/08/20 15:24:20,1.94,37.80205,-122.37366,234.908,53.448,0.0,-93,0.003,1.000,0.218
2014/08/20 15:24:25,1.52,37.80122,-122.37455,239.829,54.546,0.0,-93,0.528,0.000,1.611
2014/08/20 15:24:30,2.57,37.80040,-122.37543,242.782,53.176,0.0,-83,0.069,0.000,4.190
2014/08/20 15:24:35,2.57,37.79957,-122.37631,244.423,53.665,0.0,-83,0.000,0.000,0.000
2014/08/20 15:24:40,2.57,37.79874,-122.37720,243.766,54.336,0.0,-83,0.000,0.000,0.299
2014/08/20 15:24:45,1.64,37.79792,-122.37808,244.751,52.942,0.0,-83,0.011,0.042,0.238
2014/08/20 15:24:50,1.33,37.79710,-122.37896,244.751,53.547,0.0,-83,0.250,0.333,0.331
2014/08/20 15:24:55,1.52,37.79626,-122.37986,243.438,55.335,0.0,-83,0.075,0.042,5.749
2014/08/20 15:25:00,1.52,37.79542,-122.38075,241.470,53.199,0.0,-87,0.000,0.000,0.000
2014/08/20 15:25:05,1.33,37.79460,-122.38163,237.861,53.204,0.0,-87,0.094,0.083,7.124
2014/08/20 15:25:10,3.13,37.79382,-122.38247,231.299,49.160,0.0,-87,0.136,0.208,0.000
2014/08/20 15:25:15,2.13,37.79305,-122.38329,222.441,51.090,0.0,-87,0.128,0.000,7.541
2014/08/20 15:25:20,1.29,37.79225,-122.38414,213.255,52.624,0.0,-87,0.122,0.083,1.339
2014/08/20 15:25:25,1.29,37.79142,-122.38503,202.100,55.412,0.0,-87,0.308,0.167,1.215
2014/08/20 15:25:30,1.29,37.79055,-122.38596,191.273,57.752,0.0,-87,0.947,0.000,0.000
2014/08/20 15:25:35,1.29,37.78968,-122.38690,179.134,56.873,0.0,-81,0.133,0.000,4.254
2014/08/20 15:25:40,2.13,37.78880,-122.38784,165.026,58.119,0.0,-81,0.108,0.250,4.695
2014/08/20 15:25:45,1.29,37.78791,-122.38880,151.903,56.941,0.0,-81,0.870,0.000,0.000
2014/08/20 15:25:50,2.13,37.78704,-122.38972,139.436,57.004,0.0,-81,0.000,0.292,0.276
2014/08/20 15:25:55,1.39,37.78621,-122.39062,126.312,51.346,0.0,-81,0.000,0.708,0.895
2014/08/20 15:26:00,1.39,37.78558,-122.39154,116.142,47.555,0.0,-81,0.000,0.708,1.215
2014/08/20 15:26:05,1.37,37.78505,-122.39257,106.627,50.429,0.0,-65,0.000,0.625,2.009
2014/08/20 15:26:10,1.47,37.78446,-122.39360,95.801,49.302,0.0,-65,0.000,0.917,0.816
2014/08/20 15:26:15,1.37,37.78377,-122.39449,84.646,49.785,0.0,-65,0.000,0.625,0.890
2014/08/20 15:26:20,1.29,37.78303,-122.39540,71.522,53.261,0.0,-65,0.000,0.667,3.150
2014/08/20 15:26:25,1.29,37.78227,-122.39636,56.102,52.386,0.0,-65,0.000,0.500,1.268
2014/08/20 15:26:30,1.29,37.78156,-122.39726,41.667,47.756,0.0,-65,0.000,0.583,1.282
2014/08/20 15:26:35,1.27,37.78089,-122.39809,27.231,47.910,0.0,-55,0.006,0.000,0.978
2014/08/20 15:26:40,1.27,37.78017,-122.39897,13.123,50.647,0.0,-55,1.617,0.875,1.130
2014/08/20 15:26:45,1.27,37.77946,-122.39984,0.000,47.170,0.0,-55,0.931,0.000,1.529
2014/08/20 15:26:50,2.46,37.77902,-122.40058,-7.218,28.461,0.0,-55,0.514,0.708,0.541
2014/08/20 15:26:55,1.65,37.77899,-122.40119,-9.186,21.777,0.0,-55,0.103,0.250,1.737
2014/08/20 15:27:00,3.42,37.77899,-122.40147,-7.874,2.925,0.0,-55,0.077,0.375,3.022
2014/08/20 15:27:05,2.46,37.77899,-122.40146,-0.328,0.162,0.0,-65,0.277,1.000,2.214
2014/08/20 15:27:10,1.65,37.77899,-122.40146,2.953,0.177,0.0,-65,0.276,0.000,3.634
2014/08/20 15:27:15,1.51,37.77899,-122.40146,5.249,0.021,0.0,-65,0.311,0.958,0.000
2014/08/20 15:27:20,1.51,37.77898,-122.40151,3.281,0.049,0.0,-65,0.525,1.000,5.082
2014/08/20 15:27:25,1.51,37.77898,-122.40153,1.312,0.106,0.0,-65,0.542,0.833,2.237
2014/08/20 15:27:30,1.79,37.77898,-122.40155,-2.297,0.030,0.0,-65,0.799,0.000,2.904
2014/08/20 15:27:35,1.79,37.77898,-122.40156,-7.218,0.213,0.0,-65,1.408,0.833,2.826
2014/08/20 15:27:40,1.91,37.77898,-122.40157,-10.171,0.126,0.0,-65,0.888,0.833,0.000
2014/08/20 15:27:45,1.91,37.77898,-122.40156,-10.827,0.030,0.0,-65,0.550,0.000,3.797
2014/08/20 15:27:50,1.91,37.77898,-122.40156,-13.123,0.009,0.0,-65,0.342,0.833,4.758
2014/08/20 15:27:55,1.79,37.77898,-122.40154,-14.436,0.050,0.0,-65,1.617,0.792,1.410
2014/08/20 15:28:00,1.79,37.77898,-122.40155,-18.045,0.045,0.0,-65,1.750,0.875,1.042
2014/08/20 15:28:05,2.17,37.77898,-122.40155,-17.060,0.023,0.0,-65,1.411,0.000,1.309
2014/08/20 15:28:10,1.77,37.77898,-122.40155,-14.764,0.121,0.0,-65,1.156,0.792,1.038
2014/08/20 15:28:15,1.77,37.77898,-122.40155,-11.811,0.034,0.0,-65,0.986,0.833,2.687
2014/08/20 15:28:20,1.77,37.77898,-122.40155,-9.843,0.022,0.0,-65,1.031,0.833,1.510
2014/08/20 15:28:25,1.77,37.77898,-122.40155,-6.562,0.071,0.0,-65,0.991,0.875,1.042
2014/08/20 15:28:30,3.4,37.77898,-122.40164,-5.577,6.092,0.0,-65,0.533,0.417,0.233
2014/08/20 15:28:35,2.13,37.77886,-122.40174,-3.281,11.611,0.0,-65,0.260,0.375,0.557
2014/08/20 15:28:40,1.68,37.77871,-122.40162,-0.656,2.037,0.0,-67,0.112,0.000,0.600
2014/08/20 15:28:45,1.95,37.77869,-122.40157,4.265,4.528,0.0,-67,0.597,0.000,0.229
2014/08/20 15:28:50,1.48,37.77860,-122.40147,15.420,4.896,0.0,-67,0.506,0.417,0.669
2014/08/20 15:28:55,1.44,37.77850,-122.40127,18.701,8.104,0.0,-67,0.503,0.833,2.069
2014/08/20 15:29:00,1.44,37.77845,-122.40117,13.123,3.094,0.0,-67,0.320,0.000,2.159
2014/08/20 15:29:05,1.44,37.77840,-122.40112,11.155,6.142,0.0,-67,0.750,0.833,1.950
2014/08/20 15:29:10,2.59,37.77825,-122.40097,12.139,9.957,0.0,-65,0.530,0.833,2.738
2014/08/20 15:29:15,1.44,37.77804,-122.40072,9.843,12.924,0.0,-65,0.310,0.875,0.650
2014/08/20 15:29:20,2.06,37.77783,-122.40043,6.890,16.585,0.0,-65,0.696,0.000,0.917
2014/08/20 15:29:25,2.19,37.77760,-122.40013,7.874,16.638,0.0,-65,0.565,0.833,1.353
2014/08/20 15:29:30,1.95,37.77733,-122.39980,5.249,14.631,0.0,-65,0.441,0.000,0.962
2014/08/20 15:29:35,1.95,37.77728,-122.39975,-5.906,0.022,0.0,-65,1.144,0.792,0.796
2014/08/20 15:29:40,1.95,37.77728,-122.39976,-4.921,0.562,0.0,-61,1.667,0.875,0.930
2014/08/20 15:29:45,1.44,37.77728,-122.39975,4.921,0.034,0.0,-61,1.330,1.250,0.000
2014/08/20 15:29:50,1.51,37.77728,-122.39974,5.906,0.111,0.0,-61,0.951,1.250,0.000
2014/08/20 15:29:55,1.95,37.77727,-122.39974,1.312,0.047,0.0,-61,0.764,0.000,1.298
2014/08/20 15:30:00,2.18,37.77726,-122.39974,-2.625,0.222,0.0,-61,0.827,1.208,0.578
2014/08/20 15:30:05,1.95,37.77721,-122.39967,-3.937,7.098,0.0,-61,0.647,1.250,0.434
2014/08/20 15:30:10,2.18,37.77711,-122.39955,-8.202,2.450,0.0,-61,0.298,0.792,1.499
2014/08/20 15:30:15,1.95,37.77711,-122.39954,1.312,0.013,0.0,-67,0.680,0.000,0.578
2014/08/20 15:30:20,1.44,37.77710,-122.39952,9.186,2.517,0.0,-67,0.583,0.833,0.783
2014/08/20 15:30:25,1.44,37.77709,-122.39950,10.171,0.017,0.0,-67,0.354,1.208,1.006
2014/08/20 15:30:30,1.44,37.77705,-122.39945,10.499,4.742,0.0,-67,0.736,0.875,0.516
2014/08/20 15:30:35,2.18,37.77696,-122.39934,10.171,4.163,0.0,-67,1.386,0.833,0.566
2014/08/20 15:30:40,1.44,37.77695,-122.39932,9.843,0.028,0.0,-67,1.463,1.292,0.354
2014/08/20 15:30:45,1.44,37.77695,-122.39932,12.139,0.021,0.0,-67,0.921,0.000,0.530
2014/08/20 15:30:50,2.49,37.77695,-122.39931,14.436,1.524,0.0,-67,0.590,1.208,0.582
2014/08/20 15:30:55,1.95,37.77687,-122.39921,13.451,6.999,0.0,-67,0.418,0.917,0.758
2014/08/20 15:31:00,1.44,37.77686,-122.39919,11.811,0.028,0.0,-67,0.584,1.250,0.759
2014/08/20 15:31:05,1.95,37.77682,-122.39914,10.499,6.399,0.0,-67,0.617,0.792,2.227
2014/08/20 15:31:11,2.49,37.77670,-122.39900,8.202,7.466,0.0,-67,0.696,1.250,2.238
2014/08/20 15:31:16,2.13,37.77659,-122.39892,6.890,7.479,0.0,-67,0.520,0.000,0.550
2014/08/20 15:31:21,2.5,37.77640,-122.39909,6.234,15.449,0.0,-67,0.000,1.292,0.000
2014/08/20 15:31:26,1.95,37.77610,-122.39944,1.312,24.114,0.0,-67,0.714,0.458,0.380
2014/08/20 15:31:31,1.44,37.77573,-122.39988,-1.312,26.153,0.0,-67,2.428,0.000,0.249
2014/08/20 15:31:36,3.5,37.77536,-122.40035,-3.281,24.826,0.0,-67,0.003,0.833,0.337
2014/08/20 15:31:41,2.69,37.77507,-122.40067,-6.234,11.195,0.0,-67,1.269,0.417,0.458
2014/08/20 15:31:46,3.23,37.77503,-122.40071,-8.530,0.028,0.0,-71,1.395,0.000,0.910
2014/08/20 15:31:51,1.66,37.77503,-122.40072,-11.155,0.001,0.0,-71,1.403,0.792,1.005
2014/08/20 15:31:56,1.67,37.77502,-122.40074,-13.123,2.656,0.0,-71,1.770,0.833,0.346
2014/08/20 15:32:01,3.35,37.77488,-122.40090,-12.139,13.055,0.0,-71,2.086,0.833,0.810
2014/08/20 15:32:06,1.74,37.77460,-122.40085,-13.123,19.214,0.0,-71,1.025,0.833,2.738
2014/08/20 15:32:11,2.41,37.77419,-122.40051,-2.625,28.599,0.0,-71,1.981,0.000,0.477
2014/08/20 15:32:16,1.69,37.77370,-122.39998,15.092,34.628,0.0,-71,2.417,1.250,0.230
2014/08/20 15:32:21,1.45,37.77317,-122.39931,33.465,39.150,0.0,-65,2.739,0.000,0.245
2014/08/20 15:32:26,1.7,37.77253,-122.39860,38.058,44.772,0.0,-65,0.563,0.833,2.345
2014/08/20 15:32:31,1.69,37.77169,-122.39817,42.979,45.637,0.0,-65,0.192,0.000,1.563
2014/08/20 15:32:36,1.95,37.77077,-122.39810,48.228,46.938,0.0,-65,0.183,0.417,1.677
2014/08/20 15:32:41,2.13,37.76980,-122.39797,49.869,49.722,0.0,-65,0.190,0.375,0.529
2014/08/20 15:32:46,2.13,37.76886,-122.39753,49.541,50.472,0.0,-65,0.173,0.833,0.771
2014/08/20 15:32:51,1.45,37.76805,-122.39676,46.588,51.820,0.0,-63,0.358,0.833,0.287
2014/08/20 15:32:56,1.45,37.76727,-122.39579,42.651,56.428,0.0,-63,0.438,0.000,0.888
2014/08/20 15:33:01,1.45,37.76646,-122.39478,40.354,56.471,0.0,-63,1.114,1.208,1.542
2014/08/20 15:33:06,1.95,37.76556,-122.39387,45.276,57.715,0.0,-63,0.380,0.000,1.261
2014/08/20 15:33:11,1.45,37.76455,-122.39326,54.790,55.411,0.0,-63,0.188,0.875,1.204
2014/08/20 15:33:16,2.42,37.76348,-122.39294,51.837,54.911,0.0,-63,0.574,1.208,0.270
2014/08/20 15:33:21,1.95,37.76238,-122.39282,49.541,56.872,0.0,-53,0.385,0.000,0.530
2014/08/20 15:33:26,2.51,37.76123,-122.39270,61.680,56.924,0.0,-53,0.503,0.000,1.731
2014/08/20 15:33:31,2.64,37.76010,-122.39256,71.194,57.839,0.0,-53,0.617,1.250,0.982
2014/08/20 15:33:36,2.51,37.75900,-122.39251,66.273,55.266,0.0,-53,1.819,1.208,1.390
2014/08/20 15:33:41,2.13,37.75786,-122.39255,63.976,57.480,0.0,-53,1.986,1.250,2.060
2014/08/20 15:33:46,2.13,37.75672,-122.39256,70.210,56.532,0.0,-53,2.164,0.833,0.806
2014/08/20 15:33:51,2.13,37.75561,-122.39247,73.819,54.140,0.0,-57,2.331,0.000,0.490
2014/08/20 15:33:56,2.7,37.75460,-122.39227,71.850,47.056,0.0,-57,2.214,1.250,0.390
2014/08/20 15:34:01,2.13,37.75375,-122.39215,62.336,35.922,0.0,-57,1.972,0.000,0.410
2014/08/20 15:34:06,1.95,37.75327,-122.39230,50.525,17.209,0.0,-57,0.814,0.000,2.200
2014/08/20 15:34:11,2.52,37.75316,-122.39256,46.260,4.295,0.0,-57,0.000,0.833,0.557
2014/08/20 15:34:16,2.52,37.75315,-122.39260,47.244,4.979,0.0,-57,0.000,0.000,0.912
2014/08/20 15:34:21,2.52,37.75306,-122.39273,49.213,9.095,0.0,-57,0.000,0.792,1.618
2014/08/20 15:34:26,1.95,37.75285,-122.39274,46.916,11.025,0.0,-77,0.000,1.250,2.959
2014/08/20 15:34:31,1.95,37.75272,-122.39273,45.932,4.790,0.0,-77,0.000,1.208,2.206
2014/08/20 15:34:36,2.2,37.75266,-122.39273,43.635,1.935,0.0,-77,0.000,0.000,2.378
2014/08/20 15:34:41,2.43,37.75255,-122.39259,42.651,13.174,0.0,-77,0.000,1.250,0.000
2014/08/20 15:34:46,1.87,37.75257,-122.39214,36.089,21.100,0.0,-77,0.000,1.667,2.429
2014/08/20 15:34:51,1.6,37.75260,-122.39157,28.871,21.750,0.0,-77,0.000,1.000,3.682
2014/08/20 15:34:56,1.75,37.75262,-122.39108,22.310,14.380,0.0,-67,0.000,1.458,2.715
2014/08/20 15:35:01,2.12,37.75264,-122.39089,32.152,5.852,0.0,-67,0.000,0.000,1.691
2014/08/20 15:35:06,1.45,37.75272,-122.39074,32.480,11.448,0.0,-67,0.000,1.500,2.970
2014/08/20 15:35:11,2.01,37.75301,-122.39072,33.465,17.513,0.0,-67,0.000,1.000,0.000
2014/08/20 15:35:16,2.42,37.75340,-122.39075,28.543,20.178,0.0,-67,0.000,0.000,3.862
2014/08/20 15:35:21,2.42,37.75377,-122.39083,33.793,18.336,0.0,-67,0.003,1.000,1.504
2014/08/20 15:35:26,2.28,37.75413,-122.39086,38.058,17.789,0.0,-79,0.986,1.125,0.000
2014/08/20 15:35:31,2.01,37.75450,-122.39090,37.730,18.580,0.0,-79,0.545,0.500,2.140
2014/08/20 15:35:36,2.42,37.75486,-122.39092,36.745,17.188,0.0,-79,1.139,0.000,3.473
2014/08/20 15:35:41,2.41,37.75511,-122.39094,45.276,5.891,0.0,-79,1.922,0.500,0.514
2014/08/20 15:35:46,2.12,37.75523,-122.39094,47.900,10.308,0.0,-79,2.014,1.000,0.230
2014/08/20 15:35:51,2.01,37.75552,-122.39097,50.853,16.873,0.0,-79,1.928,0.000,0.389
2014/08/20 15:35:56,2.01,37.75589,-122.39102,49.541,17.873,0.0,-69,1.797,0.500,0.509
2014/08/20 15:36:01,2.01,37.75625,-122.39105,45.604,17.690,0.0,-69,1.450,0.000,0.655
2014/08/20 15:36:06,2.01,37.75663,-122.39109,45.276,20.171,0.0,-69,1.769,1.000,0.306
2014/08/20 15:36:11,1.71,37.75704,-122.39113,43.963,20.750,0.0,-69,2.047,1.042,0.257
2014/08/20 15:36:16,1.82,37.75743,-122.39117,49.541,19.099,0.0,-69,2.069,0.958,0.402
2014/08/20 15:36:21,2.02,37.75769,-122.39117,58.727,7.532,0.0,-69,2.167,0.000,0.373
2014/08/20 15:36:26,1.56,37.75777,-122.39100,53.478,11.807,0.0,-69,2.183,1.000,0.498
2014/08/20 15:36:31,1.76,37.75780,-122.39058,50.853,18.056,0.0,-63,1.900,0.000,0.647
2014/08/20 15:36:36,1.76,37.75783,-122.39012,51.509,18.603,0.0,-63,2.111,0.000,0.378
2014/08/20 15:36:41,1.77,37.75786,-122.38965,51.509,18.050,0.0,-63,2.342,0.000,0.257
2014/08/20 15:36:46,1.77,37.75790,-122.38922,51.509,16.329,0.0,-63,1.442,0.042,0.554
2014/08/20 15:36:51,1.77,37.75792,-122.38885,50.197,11.823,0.0,-63,1.939,0.000,0.371
2014/08/20 15:36:56,1.83,37.75793,-122.38877,46.916,0.020,0.0,-63,1.944,0.583,0.288
2014/08/20 15:37:01,1.83,37.75792,-122.38877,44.291,0.015,0.0,-59,2.047,0.542,0.298
2014/08/20 15:37:06,1.83,37.75792,-122.38877,41.339,0.037,0.0,-59,2.175,0.708,0.237
2014/08/20 15:37:11,1.57,37.75793,-122.38877,41.995,0.021,0.0,-59,2.500,0.708,0.370
2014/08/20 15:37:16,1.83,37.75793,-122.38877,42.651,0.382,0.0,-59,2.497,1.000,0.374
2014/08/20 15:37:21,1.77,37.75792,-122.38868,40.026,7.014,0.0,-59,2.042,1.292,1.896
2014/08/20 15:37:26,1.54,37.75794,-122.38839,43.307,15.129,0.0,-59,2.303,1.000,2.223
2014/08/20 15:37:31,1.58,37.75797,-122.38796,43.307,16.824,0.0,-59,2.375,1.583,2.674
2014/08/20 15:37:36,1.51,37.75800,-122.38757,46.588,9.658,0.0,-59,1.814,0.000,0.000
2014/08/20 15:37:41,1.51,37.75801,-122.38745,46.588,5.735,0.0,-59,1.808,1.167,4.785
2014/08/20 15:37:46,1.77,37.75814,-122.38735,59.711,9.112,0.0,-59,0.506,1.458,0.859
2014/08/20 15:37:51,1.94,37.75836,-122.38739,70.866,13.903,0.0,-59,0.512,0.000,0.669
2014/08/20 15:37:56,1.59,37.75867,-122.38742,67.257,16.639,0.0,-59,0.871,1.458,0.622
2014/08/20 15:38:01,1.89,37.75903,-122.38745,64.633,18.078,0.0,-87,0.684,0.958,1.146
2014/08/20 15:38:06,1.53,37.75938,-122.38749,57.415,18.403,0.0,-87,0.596,1.458,1.962
2014/08/20 15:38:11,1.71,37.75975,-122.38752,56.759,19.632,0.0,-87,0.671,0.958,2.910
2014/08/20 15:38:16,1.71,37.76014,-122.38756,54.134,18.428,0.0,-87,0.418,0.958,1.190
2014/08/20 15:38:21,1.86,37.76043,-122.38758,56.430,3.853,0.0,-87,0.750,1.458,1.034
2014/08/20 15:38:26,1.72,37.76054,-122.38759,56.430,8.912,0.0,-87,1.062,0.000,1.778
2014/08/20 15:38:31,1.57,37.76083,-122.38761,59.383,16.654,0.0,-87,0.889,0.958,3.369
2014/08/20 15:38:36,1.54,37.76118,-122.38764,63.320,17.500,0.0,-93,0.540,0.958,0.545
2014/08/20 15:38:41,2.21,37.76153,-122.38766,71.522,17.661,0.0,-93,0.388,0.000,0.649
2014/08/20 15:38:46,1.72,37.76190,-122.38770,53.150,16.801,0.0,-93,0.263,0.958,1.831
2014/08/20 15:38:51,1.83,37.76220,-122.38772,44.619,14.310,0.0,-93,0.182,0.458,0.968
2014/08/20 15:38:56,1.83,37.76247,-122.38776,40.354,13.179,0.0,-93,0.136,0.000,0.000
2014/08/20 15:39:01,1.54,37.76267,-122.38777,45.604,9.460,0.0,-93,0.000,0.000,0.000
2014/08/20 15:39:06,1.54,37.76290,-122.38779,52.493,9.963,0.0,-97,0.000,0.000,0.000
2014/08/20 15:39:11,3.33,37.76298,-122.38779,57.087,0.670,0.0,-97,0.000,0.000,4.065
2014/08/20 15:39:16,3.34,37.76311,-122.38780,52.822,10.557,0.0,-97,0.000,0.000,0.547
2014/08/20 15:39:21,1.83,37.76336,-122.38782,57.743,13.760,0.0,-97,0.000,0.000,2.729
2014/08/20 15:39:26,2.42,37.76363,-122.38785,55.446,9.947,0.0,-97,0.000,0.000,2.689
2014/08/20 15:39:31,2.42,37.76370,-122.38787,43.307,0.102,0.0,-97,0.003,0.042,0.867
2014/08/20 15:39:36,2.21,37.76371,-122.38788,37.402,0.024,0.0,-97,0.683,0.000,0.000
2014/08/20 15:39:41,1.97,37.76372,-122.38788,37.073,2.294,0.0,-97,0.000,0.500,6.381
2014/08/20 15:39:46,2.31,37.76372,-122.38797,34.449,3.501,0.0,-97,0.000,0.208,0.225
2014/08/20 15:39:51,2.44,37.76372,-122.38796,24.278,1.972,0.0,-97,0.000,0.000,0.339
2014/08/20 15:39:56,2.71,37.76377,-122.38796,23.950,0.049,0.0,-97,0.000,0.458,4.130
2014/08/20 15:40:01,2.09,37.76371,-122.38792,19.029,5.106,0.0,-97,0.000,0.458,0.000
2014/08/20 15:40:06,2.13,37.76359,-122.38789,17.060,8.096,0.0,-101,0.000,0.000,4.446
2014/08/20 15:40:11,2.21,37.76338,-122.38787,19.685,10.550,0.0,-101,0.000,0.375,4.181
2014/08/20 15:40:16,3.18,37.76327,-122.38787,23.622,2.861,0.0,-101,0.000,0.375,3.044
2014/08/20 15:40:21,1.92,37.76325,-122.38787,20.013,0.871,0.0,-101,0.003,0.500,1.734
2014/08/20 15:40:26,3.32,37.76327,-122.38787,18.373,0.928,0.0,-101,0.039,0.250,0.000
2014/08/20 15:40:31,2.21,37.76318,-122.38789,14.764,7.059,0.0,-101,0.267,0.292,6.467
2014/08/20 15:40:36,2.0,37.76312,-122.38811,16.732,10.926,0.0,-101,1.534,0.000,0.256
2014/08/20 15:40:41,1.49,37.76310,-122.38832,50.525,5.101,0.0,-91,1.814,0.750,0.429
2014/08/20 15:40:46,1.47,37.76309,-122.38835,44.291,0.054,0.0,-91,1.925,0.750,0.357
2014/08/20 15:40:51,1.47,37.76309,-122.38840,55.446,3.439,0.0,-91,0.759,0.875,1.606
2014/08/20 15:40:56,2.5,37.76313,-122.38845,62.008,1.282,0.0,-91,0.250,0.375,0.438
2014/08/20 15:41:01,2.39,37.76313,-122.38845,55.446,1.189,0.0,-91,0.964,0.542,0.449
2014/08/20 15:41:06,2.39,37.76313,-122.38846,53.478,0.282,0.0,-91,1.022,0.583,0.553
2014/08/20 15:41:11,2.39,37.76318,-122.38844,42.323,0.461,0.0,-89,1.053,0.750,0.413
2014/08/20 18:12:59,3.92,37.55321,-121.94527,147.638,41.152,0.0,-77,3.092,0.542,0.185
2014/08/20 18:13:04,3.92,37.55375,-121.94607,136.483,39.623,0.0,-77,3.006,0.542,0.185
2014/08/20 18:13:09,3.92,37.55427,-121.94688,127.953,41.409,0.0,-77,3.322,0.667,0.227
2014/08/20 18:13:14,3.93,37.55482,-121.94772,125.656,42.554,0.0,-77,3.164,0.000,0.186
2014/08/20 18:13:19,3.93,37.55534,-121.94853,126.312,38.959,0.0,-77,3.222,0.417,0.189
2014/08/20 18:13:24,3.93,37.55580,-121.94925,124.344,36.144,0.0,-77,3.197,0.625,0.205
2014/08/20 18:13:29,3.68,37.55628,-121.95000,124.016,37.429,0.0,-77,3.258,0.792,0.204
2014/08/20 18:13:34,3.68,37.55675,-121.95076,123.688,38.146,0.0,-77,3.325,0.625,0.206
2014/08/20 18:13:39,3.68,37.55721,-121.95151,123.031,36.590,0.0,-77,3.425,0.625,0.237
2014/08/20 18:13:44,3.68,37.55766,-121.95222,120.079,34.805,0.0,-77,3.033,0.458,0.203
2014/08/20 18:13:49,3.68,37.55809,-121.95292,118.438,34.782,0.0,-77,3.208,0.542,0.362
2014/08/20 18:13:54,3.68,37.55852,-121.95363,113.189,34.461,0.0,-77,3.036,0.750,0.209
2014/08/20 18:13:59,3.69,37.55893,-121.95428,107.940,32.104,0.0,-69,3.058,0.792,0.248
2014/08/20 18:14:04,5.45,37.55930,-121.95488,102.362,24.611,0.0,-69,3.242,0.708,0.225
2014/08/20 18:14:09,3.69,37.55957,-121.95532,98.425,21.393,0.0,-69,3.497,0.000,0.204
2014/08/20 18:14:14,3.69,37.55983,-121.95572,97.769,21.166,0.0,-69,3.455,0.542,0.190
2014/08/20 18:14:19,5.44,37.56017,-121.95623,100.066,28.466,0.0,-69,3.411,0.542,0.202
2014/08/20 18:14:24,5.43,37.56057,-121.95681,99.738,30.379,0.0,-69,3.397,0.750,0.190
2014/08/20 18:14:29,3.69,37.56102,-121.95738,98.425,32.868,0.0,-67,2.742,0.417,0.206
2014/08/20 18:14:34,3.7,37.56155,-121.95791,96.785,34.263,0.0,-67,2.831,0.458,0.201
2014/08/20 18:14:39,3.7,37.56212,-121.95843,95.472,35.186,0.0,-67,2.758,0.333,0.313
2014/08/20 18:14:44,3.7,37.56269,-121.95894,97.441,34.270,0.0,-67,2.339,0.000,1.130
2014/08/20 18:14:49,3.7,37.56325,-121.95946,98.425,33.986,0.0,-67,1.067,0.417,0.328
2014/08/20 18:14:54,2.11,37.56383,-121.95996,83.661,31.161,0.0,-67,3.175,1.125,0.189
2014/08/20 18:14:59,2.11,37.56432,-121.96039,78.084,27.349,0.0,-67,3.006,0.542,0.398
2014/08/20 18:15:04,1.92,37.56470,-121.96071,71.194,14.800,0.0,-59,2.908,0.458,0.242
2014/08/20 18:15:09,1.92,37.56486,-121.96085,69.226,4.011,0.0,-59,3.161,0.625,0.197
2014/08/20 18:15:14,1.92,37.56489,-121.96088,68.898,2.636,0.0,-59,3.333,0.583,0.197
2014/08/20 18:15:19,2.06,37.56490,-121.96089,66.273,0.029,0.0,-59,3.344,0.667,0.234
2014/08/20 18:15:24,2.06,37.56490,-121.96089,68.570,0.033,0.0,-59,3.117,0.625,0.205
2014/08/20 18:15:29,1.92,37.56495,-121.96094,68.570,7.060,0.0,-59,3.128,0.667,0.193
2014/08/20 18:15:34,2.29,37.56516,-121.96114,69.882,18.406,0.0,-67,3.200,0.458,0.186
2014/08/20 18:15:39,1.92,37.56550,-121.96145,68.241,22.952,0.0,-67,3.131,0.542,0.307
2014/08/20 18:15:44,2.06,37.56592,-121.96183,70.210,28.231,0.0,-67,2.931,0.000,0.186
2014/08/20 18:15:49,2.06,37.56642,-121.96228,70.210,31.378,0.0,-67,2.744,0.458,0.305
2014/08/20 18:15:54,2.06,37.56697,-121.96277,69.554,34.261,0.0,-67,2.822,0.292,0.191
2014/08/20 18:15:59,1.92,37.56754,-121.96329,70.210,34.559,0.0,-67,2.947,0.458,0.240
2014/08/20 18:16:04,1.92,37.56809,-121.96377,67.585,31.622,0.0,-83,2.322,0.542,0.244
2014/08/20 18:16:09,1.92,37.56860,-121.96424,70.210,31.127,0.0,-83,1.633,0.208,0.357
2014/08/20 18:16:14,1.92,37.56899,-121.96458,70.210,15.083,0.0,-83,1.147,0.000,0.506
2014/08/20 18:16:19,1.92,37.56910,-121.96469,72.835,1.200,0.0,-83,0.793,0.208,0.188
2014/08/20 18:16:24,2.82,37.56911,-121.96469,71.522,0.047,0.0,-83,0.627,0.667,0.342
2014/08/20 18:16:29,1.92,37.56912,-121.96468,70.538,1.712,0.0,-83,0.683,1.750,2.374
2014/08/20 18:16:34,3.17,37.56923,-121.96480,72.178,13.064,0.0,-89,0.622,0.625,0.418
2014/08/20 18:16:39,2.06,37.56953,-121.96507,71.522,22.072,0.0,-89,1.145,0.625,0.287
2014/08/20 18:16:44,2.06,37.56994,-121.96544,71.850,27.955,0.0,-89,1.911,0.000,1.804
2014/08/20 18:16:49,1.93,37.57044,-121.96590,71.850,32.596,0.0,-89,0.490,1.000,0.321
2014/08/20 18:16:54,1.93,37.57099,-121.96643,71.194,34.150,0.0,-89,0.918,1.417,0.637
2014/08/20 18:16:59,1.93,37.57150,-121.96690,71.194,28.260,0.0,-89,0.289,1.625,2.281
2014/08/20 18:17:04,2.82,37.57199,-121.96735,71.194,21.059,0.0,-89,0.344,0.542,2.835
2014/08/20 18:17:09,1.93,37.57226,-121.96759,70.538,10.809,0.0,-87,0.403,0.000,1.603
2014/08/20 18:17:14,2.82,37.57233,-121.96766,71.850,5.244,0.0,-87,0.306,0.417,2.050
2014/08/20 18:17:19,2.82,37.57248,-121.96779,71.522,16.434,0.0,-87,0.386,0.417,1.050
2014/08/20 18:17:24,1.6,37.57284,-121.96811,64.633,25.947,0.0,-87,0.325,0.000,1.790
2014/08/20 18:17:29,1.93,37.57333,-121.96854,55.446,31.384,0.0,-87,0.261,0.417,2.857
2014/08/20 18:17:34,1.78,37.57401,-121.96914,49.869,36.420,0.0,-87,0.244,0.208,3.542
2014/08/20 18:17:39,1.6,37.57458,-121.96963,52.493,30.425,0.0,-91,0.600,0.000,0.876
2014/08/20 18:17:44,1.6,37.57504,-121.97002,54.134,26.986,0.0,-91,0.833,0.583,0.545
2014/08/20 18:17:49,1.6,37.57547,-121.97038,53.806,24.690,0.0,-91,0.875,0.250,0.854
2014/08/20 18:17:54,1.6,37.57584,-121.97073,51.837,20.579,0.0,-91,0.669,0.000,0.801
2014/08/20 18:17:59,1.6,37.57604,-121.97092,52.822,6.140,0.0,-91,0.703,0.417,0.984
2014/08/20 18:18:04,1.92,37.57606,-121.97095,54.790,0.048,0.0,-91,0.770,0.208,1.575
2014/08/20 18:18:09,1.92,37.57605,-121.97096,57.087,0.039,0.0,-85,0.000,0.000,1.675
2014/08/20 18:18:14,1.6,37.57612,-121.97103,59.383,10.068,0.0,-85,0.536,0.000,0.000
2014/08/20 18:18:19,1.6,37.57635,-121.97129,60.696,19.413,0.0,-85,0.244,0.000,3.390
2014/08/20 18:18:24,2.51,37.57669,-121.97171,59.383,27.416,0.0,-85,0.220,0.000,2.478
2014/08/20 18:18:29,1.6,37.57712,-121.97230,58.727,34.317,0.0,-85,0.253,0.000,2.619
2014/08/20 18:18:34,1.76,37.57757,-121.97306,61.352,39.590,0.0,-85,0.164,0.000,2.289
2014/08/20 18:18:39,1.92,37.57800,-121.97391,63.976,40.655,0.0,-93,0.183,0.000,0.000
2014/08/20 18:18:44,1.6,37.57833,-121.97479,77.100,37.616,0.0,-93,0.164,0.000,4.778
2014/08/20 18:18:49,2.27,37.57857,-121.97565,84.646,34.986,0.0,-93,0.144,0.000,5.014
2014/08/20 18:18:54,1.92,37.57876,-121.97652,90.879,35.358,0.0,-93,0.184,0.000,0.000
2014/08/20 18:18:59,1.92,37.57887,-121.97738,97.113,33.359,0.0,-93,0.155,0.000,0.234
2014/08/20 18:19:04,1.6,37.57892,-121.97828,100.394,37.796,0.0,-93,0.989,0.000,0.820
2014/08/20 18:19:09,1.6,37.57894,-121.97927,98.425,39.962,0.0,-93,0.942,0.042,0.203
2014/08/20 18:19:14,1.92,37.57895,-121.98029,92.192,41.671,0.0,-75,2.261,0.917,0.297
2014/08/20 18:19:19,1.6,37.57901,-121.98134,85.958,41.626,0.0,-75,2.322,1.292,0.330
2014/08/20 18:19:24,1.6,37.57911,-121.98242,81.693,44.429,0.0,-75,2.369,0.625,0.289
2014/08/20 18:19:29,1.6,37.57925,-121.98354,75.787,45.862,0.0,-75,2.122,0.708,0.234
2014/08/20 18:19:34,1.92,37.57939,-121.98470,72.507,45.935,0.0,-75,2.686,0.458,0.297
2014/08/20 18:19:39,1.6,37.57952,-121.98578,68.898,42.077,0.0,-75,2.378,0.542,0.209
2014/08/20 18:19:44,1.6,37.57967,-121.98684,68.241,42.147,0.0,-71,2.364,0.458,0.210
2014/08/20 18:19:49,1.6,37.57987,-121.98783,65.945,38.942,0.0,-71,2.908,0.667,0.231
2014/08/20 18:19:54,1.6,37.58008,-121.98872,62.008,34.914,0.0,-71,3.125,0.583,0.250
2014/08/20 18:19:59,1.6,37.58031,-121.98953,59.711,31.720,0.0,-71,2.917,0.458,0.261
2014/08/20 18:20:04,2.81,37.58052,-121.99008,58.399,9.696,0.0,-71,2.631,1.167,0.250
2014/08/20 18:20:09,1.92,37.58054,-121.99014,61.024,0.040,0.0,-71,2.742,1.042,0.268
2014/08/20 18:20:14,2.25,37.58054,-121.99014,60.367,0.032,0.0,-59,2.750,0.667,0.282
2014/08/20 18:20:19,1.92,37.58054,-121.99014,60.696,0.056,0.0,-59,2.905,0.750,0.284
2014/08/20 18:20:24,1.92,37.58054,-121.99014,59.383,0.080,0.0,-59,2.928,0.375,0.275
2014/08/20 18:20:29,1.92,37.58054,-121.99014,58.399,0.024,0.0,-59,3.178,0.583,0.218
2014/08/20 18:20:34,1.92,37.58053,-121.99014,57.743,0.055,0.0,-59,3.167,1.833,0.470
2014/08/20 18:20:39,1.92,37.58055,-121.99016,57.087,5.977,0.0,-59,2.581,0.000,0.426
2014/08/20 18:20:44,1.92,37.58060,-121.99042,61.352,12.313,0.0,-67,2.472,1.833,0.442
2014/08/20 18:32:25,1.67,37.61503,-122.07233,12.139,20.413,0.0,-65,2.061,0.667,0.347
2014/08/20 18:32:30,1.67,37.61549,-122.07268,11.483,23.379,0.0,-65,1.308,0.708,0.261
2014/08/20 18:32:35,1.67,37.61588,-122.07297,13.451,21.979,0.0,-65,1.628,1.250,0.000
2014/08/20 18:32:40,2.11,37.61623,-122.07321,13.780,16.293,0.0,-65,1.342,0.625,0.000
2014/08/20 18:32:45,2.11,37.61650,-122.07341,14.108,17.328,0.0,-65,0.973,1.083,0.000
2014/08/20 18:32:50,2.11,37.61685,-122.07366,14.108,20.425,0.0,-53,1.833,1.125,0.275
2014/08/20 18:32:55,1.67,37.61724,-122.07394,13.780,25.617,0.0,-53,2.256,1.333,0.669
2014/08/20 18:33:00,1.67,37.61770,-122.07429,13.451,28.403,0.0,-53,1.722,0.000,0.290
2014/08/20 18:33:05,1.67,37.61817,-122.07466,15.748,29.635,0.0,-53,1.556,0.500,0.228
2014/08/20 18:33:10,1.67,37.61875,-122.07508,15.092,37.763,0.0,-53,1.961,0.792,0.381
2014/08/20 18:33:15,1.67,37.61946,-122.07562,16.732,43.499,0.0,-53,2.433,0.625,0.216
2014/08/20 18:33:20,1.67,37.62021,-122.07616,17.060,40.560,0.0,-53,2.347,0.375,0.266
2014/08/20 18:33:25,1.66,37.62076,-122.07655,14.764,25.709,0.0,-69,1.550,0.000,0.630
2014/08/20 18:33:30,1.59,37.62105,-122.07676,15.092,12.411,0.0,-69,1.167,0.208,0.236
2014/08/20 18:33:35,1.59,37.62129,-122.07694,14.436,17.926,0.0,-69,2.781,0.000,0.197
2014/08/20 18:33:40,1.59,37.62161,-122.07716,14.436,17.063,0.0,-69,2.369,0.500,0.253
2014/08/20 18:33:45,1.59,37.62194,-122.07740,14.436,20.620,0.0,-69,2.381,0.375,0.200
2014/08/20 18:33:50,1.59,37.62233,-122.07767,15.092,23.823,0.0,-69,1.386,0.667,0.425
2014/08/20 18:33:55,1.59,37.62278,-122.07800,16.076,27.207,0.0,-89,1.889,0.000,0.193
2014/08/20 18:34:00,1.59,37.62328,-122.07835,16.076,30.064,0.0,-89,1.339,0.500,0.346
2014/08/20 18:34:05,1.59,37.62383,-122.07874,17.060,31.769,0.0,-89,0.720,0.625,0.550
2014/08/20 18:34:10,1.59,37.62444,-122.07918,18.701,38.468,0.0,-89,0.991,0.417,0.904
2014/08/20 18:34:15,1.59,37.62513,-122.07967,19.029,38.841,0.0,-89,1.381,0.750,0.348
2014/08/20 18:34:20,1.59,37.62580,-122.08015,19.685,37.076,0.0,-89,2.131,1.500,0.450
2014/08/20 18:34:25,1.59,37.62647,-122.08063,20.669,39.126,0.0,-89,1.072,0.792,0.597
2014/08/20 18:34:30,1.59,37.62708,-122.08106,21.654,27.678,0.0,-89,1.759,0.250,0.225
2014/08/20 18:34:35,1.59,37.62752,-122.08138,21.654,26.950,0.0,-89,2.200,0.708,0.209
2014/08/20 18:34:40,1.59,37.62798,-122.08170,20.669,20.003,0.0,-89,1.964,2.583,0.288
2014/08/20 18:34:45,1.59,37.62814,-122.08182,20.669,3.789,0.0,-89,1.664,0.000,0.542
2014/08/20 18:34:50,1.59,37.62818,-122.08184,20.669,3.481,0.0,-89,1.478,1.125,0.494
2014/08/20 18:34:55,1.59,37.62829,-122.08192,21.325,8.734,0.0,-93,0.322,0.292,1.815
2014/08/20 18:35:00,1.85,37.62846,-122.08204,21.654,11.296,0.0,-93,0.561,0.292,1.090
2014/08/20 18:35:05,1.59,37.62872,-122.08223,22.966,17.316,0.0,-93,0.369,0.542,0.630
2014/08/20 18:35:10,1.59,37.62905,-122.08246,23.622,19.117,0.0,-93,0.453,0.000,0.214
2014/08/20 18:35:15,1.91,37.62939,-122.08271,24.934,21.290,0.0,-93,0.650,0.875,0.683
2014/08/20 18:35:20,1.59,37.62982,-122.08302,26.903,26.858,0.0,-93,0.789,1.125,1.601
2014/08/20 18:35:25,1.58,37.63030,-122.08336,28.543,28.407,0.0,-93,1.533,1.458,0.633
2014/08/20 18:35:30,1.58,37.63080,-122.08372,29.528,29.697,0.0,-85,1.319,0.000,0.258
2014/08/20 18:35:35,1.58,37.63135,-122.08410,29.528,32.479,0.0,-85,1.167,1.750,0.957
2014/08/20 18:35:40,2.17,37.63194,-122.08453,31.496,35.994,0.0,-85,1.317,0.833,1.515
2014/08/20 18:35:45,2.17,37.63261,-122.08501,33.136,40.190,0.0,-85,0.619,0.583,0.986
2014/08/20 18:35:50,2.17,37.63337,-122.08554,34.121,45.078,0.0,-85,0.595,0.667,1.478
2014/08/20 18:35:55,2.17,37.63417,-122.08613,36.417,46.530,0.0,-85,1.864,0.000,0.319
2014/08/20 18:36:00,2.3,37.63501,-122.08673,38.386,47.750,0.0,-73,1.476,1.083,0.362
2014/08/20 18:36:05,1.92,37.63572,-122.08725,40.026,30.786,0.0,-73,1.221,1.667,0.209
2014/08/20 18:36:10,1.92,37.63625,-122.08762,41.667,32.599,0.0,-73,2.016,0.875,0.230
2014/08/20 18:36:15,1.92,37.63688,-122.08807,43.635,38.033,0.0,-73,1.500,1.375,0.662
2014/08/20 18:36:20,1.92,37.63760,-122.08859,44.291,44.015,0.0,-73,2.064,1.917,0.673
2014/08/20 18:36:25,1.92,37.63840,-122.08916,44.291,45.394,0.0,-73,2.564,1.000,0.000
2014/08/20 18:36:30,1.92,37.63912,-122.08967,44.619,37.618,0.0,-55,2.256,0.833,0.000
2014/08/20 18:36:35,1.92,37.63970,-122.09008,44.291,25.631,0.0,-55,2.703,1.083,0.000
2014/08/20 18:36:40,1.92,37.64001,-122.09030,43.963,11.524,0.0,-55,2.686,0.000,0.202
2014/08/20 18:36:45,1.93,37.64008,-122.09035,43.635,1.015,0.0,-55,2.472,0.833,0.206
2014/08/20 18:36:50,1.93,37.64017,-122.09041,43.963,8.648,0.0,-55,1.042,1.625,0.330
2014/08/20 18:36:55,1.93,37.64036,-122.09054,43.635,12.642,0.0,-55,1.516,0.000,0.282
2014/08/20 18:37:00,1.93,37.64063,-122.09073,42.979,17.249,0.0,-55,2.292,2.750,0.190
2014/08/20 18:37:05,1.93,37.64096,-122.09097,44.948,21.553,0.0,-55,1.694,1.083,0.263
2014/08/20 18:37:10,1.93,37.64136,-122.09126,48.228,24.166,0.0,-55,1.978,0.292,0.205
2014/08/20 18:37:15,1.93,37.64178,-122.09156,47.900,24.371,0.0,-55,2.533,1.417,0.446
2014/08/20 18:37:20,1.93,37.64225,-122.09190,46.260,27.741,0.0,-55,2.461,0.875,0.201
2014/08/20 18:37:25,1.93,37.64276,-122.09227,44.948,31.259,0.0,-55,2.444,0.000,0.265
2014/08/20 18:37:30,1.93,37.64332,-122.09266,44.291,30.223,0.0,-55,2.808,0.833,0.203
2014/08/20 18:37:35,2.18,37.64378,-122.09300,42.651,23.477,0.0,-69,0.000,0.542,0.258
2014/08/20 18:37:40,2.18,37.64420,-122.09329,44.291,26.215,0.0,-69,2.919,0.000,0.209
2014/08/20 18:37:45,2.68,37.64468,-122.09365,44.291,28.419,0.0,-69,2.819,0.583,0.202
2014/08/20 18:37:50,1.97,37.64519,-122.09403,44.619,28.189,0.0,-69,2.764,1.333,0.238
2014/08/20 18:37:55,1.93,37.64561,-122.09430,43.307,22.570,0.0,-69,2.569,3.000,0.234
2014/08/20 18:38:00,1.94,37.64608,-122.09462,42.979,29.290,0.0,-69,1.311,2.625,0.265
2014/08/20 18:38:05,2.13,37.64663,-122.09505,55.446,33.822,0.0,-73,1.545,0.000,0.238
2014/08/20 18:38:10,1.98,37.64720,-122.09546,57.087,31.036,0.0,-73,2.386,0.833,0.211
2014/08/20 18:38:15,1.98,37.64772,-122.09583,57.743,28.985,0.0,-73,2.600,0.542,0.190
2014/08/20 18:38:20,1.94,37.64820,-122.09617,57.087,27.383,0.0,-73,3.014,1.083,0.211
2014/08/20 18:38:25,2.13,37.64866,-122.09649,56.430,25.094,0.0,-73,2.233,0.958,0.259
2014/08/20 18:38:30,1.94,37.64903,-122.09676,59.383,18.277,0.0,-73,1.986,0.000,0.270
2014/08/20 18:38:36,1.94,37.64943,-122.09703,60.039,22.258,0.0,-81,2.400,0.833,0.535
2014/08/20 18:38:41,1.94,37.64986,-122.09732,59.055,25.013,0.0,-81,2.703,0.792,0.492
2014/08/20 18:38:46,1.94,37.65027,-122.09759,58.399,17.219,0.0,-81,2.742,1.125,0.217
2014/08/20 18:38:51,1.94,37.65038,-122.09766,58.399,0.070,0.0,-81,2.280,0.000,0.000
2014/08/20 18:38:56,1.94,37.65038,-122.09766,57.415,0.080,0.0,-81,0.000,0.250,0.417
2014/08/20 18:39:01,1.94,37.65041,-122.09769,55.446,7.681,0.0,-81,0.003,0.542,0.345
2014/08/20 18:39:06,1.94,37.65068,-122.09786,54.790,19.673,0.0,-81,0.472,0.000,0.227
2014/08/20 18:39:11,1.94,37.65108,-122.09810,54.134,24.445,0.0,-81,0.950,0.000,0.209
2014/08/20 18:39:16,1.95,37.65158,-122.09841,52.493,30.445,0.0,-81,0.000,0.583,0.523
2014/08/20 18:39:21,1.95,37.65217,-122.09879,53.806,34.355,0.0,-81,1.011,0.792,1.222
2014/08/20 18:39:26,1.95,37.65283,-122.09920,54.790,38.161,0.0,-81,0.814,1.583,2.005
2014/08/20 18:39:31,1.95,37.65352,-122.09963,55.118,38.670,0.0,-81,1.117,1.583,0.509
2014/08/20 18:39:36,1.95,37.65424,-122.10007,55.774,39.396,0.0,-81,1.299,1.500,0.669
2014/08/20 18:39:41,1.95,37.65485,-122.10045,56.759,30.140,0.0,-81,0.861,0.000,0.690
2014/08/20 18:39:46,1.95,37.65541,-122.10080,57.415,33.230,0.0,-81,0.386,1.958,0.455
2014/08/20 18:39:51,1.95,37.65605,-122.10119,57.743,35.662,0.0,-81,0.405,0.000,1.310
2014/08/20 18:39:56,1.95,37.65667,-122.10158,58.727,33.690,0.0,-81,0.375,0.000,0.000
2014/08/20 18:40:01,1.99,37.65725,-122.10193,62.336,31.982,0.0,-81,0.329,0.000,5.558
2014/08/20 18:40:06,1.99,37.65783,-122.10230,62.008,32.917,0.0,-81,0.549,0.000,0.187
2014/08/20 18:40:11,1.99,37.65844,-122.10267,61.352,34.400,0.0,-67,0.846,0.042,0.462
2014/08/20 18:40:16,2.0,37.65901,-122.10302,60.696,24.121,0.0,-67,0.597,0.542,0.674
2014/08/20 18:40:21,2.0,37.65939,-122.10326,58.727,21.844,0.0,-67,0.232,0.250,0.911
2014/08/20 18:40:26,1.95,37.65983,-122.10353,58.727,27.568,0.0,-67,0.462,0.000,1.880
2014/08/20 18:40:31,1.95,37.66036,-122.10386,56.759,30.972,0.0,-67,0.872,1.667,2.081
2014/08/20 18:40:36,1.96,37.66094,-122.10421,54.134,33.018,0.0,-67,1.155,1.083,0.000
2014/08/20 18:40:41,2.36,37.66158,-122.10460,51.181,37.373,0.0,-77,1.026,0.708,3.146
2014/08/20 18:40:46,1.96,37.66226,-122.10502,49.869,38.433,0.0,-77,0.722,0.792,5.985
2014/08/20 18:40:51,1.96,37.66294,-122.10543,50.525,36.452,0.0,-77,0.756,0.000,0.000
2014/08/20 18:40:56,1.96,37.66362,-122.10586,50.853,39.387,0.0,-77,0.724,1.042,5.026
2014/08/20 18:41:01,1.96,37.66436,-122.10631,50.853,41.787,0.0,-77,0.963,0.000,3.638
2014/08/20 18:41:06,1.96,37.66514,-122.10679,54.462,44.004,0.0,-77,0.692,0.875,0.490
2014/08/20 18:41:11,1.96,37.66593,-122.10728,58.071,44.664,0.0,-79,0.450,0.750,1.982
2014/08/20 18:41:16,1.96,37.66677,-122.10780,59.383,48.882,0.0,-79,0.436,0.417,1.818
2014/08/20 18:41:21,1.96,37.66768,-122.10837,53.150,52.504,0.0,-79,0.744,1.333,0.481
2014/08/20 18:41:26,1.96,37.66864,-122.10896,50.197,53.668,0.0,-79,0.805,1.292,0.449
2014/08/20 18:41:31,1.96,37.66963,-122.10957,50.197,55.695,0.0,-79,0.610,1.292,0.217
2014/08/20 18:41:36,1.96,37.67064,-122.11021,50.197,57.226,0.0,-79,0.464,0.000,0.723
2014/08/20 18:41:41,1.96,37.67166,-122.11100,49.213,60.416,0.0,-93,0.399,0.875,1.418
2014/08/20 18:41:46,1.96,37.67262,-122.11194,50.197,60.894,0.0,-93,0.462,0.417,1.645
2014/08/20 18:41:51,1.96,37.67350,-122.11302,45.604,61.287,0.0,-93,0.165,0.000,0.000
2014/08/20 18:41:56,1.97,37.67432,-122.11418,45.604,61.505,0.0,-93,0.444,0.458,1.086
2014/08/20 18:42:01,1.97,37.67516,-122.11531,41.667,61.444,0.0,-93,0.806,1.500,0.373
2014/08/20 18:42:06,1.97,37.67604,-122.11645,32.152,62.834,0.0,-93,1.175,1.750,0.502
2014/08/20 18:42:12,1.97,37.67688,-122.11765,26.903,63.729,0.0,-93,0.821,1.750,0.898
2014/08/20 18:42:17,1.97,37.67768,-122.11890,43.307,62.869,0.0,-61,0.558,1.417,1.412
2014/08/20 18:42:22,1.97,37.67845,-122.12013,53.150,60.375,0.0,-61,0.922,1.750,1.502
2014/08/20 18:42:27,1.97,37.67924,-122.12129,55.774,61.148,0.0,-61,1.241,1.750,1.929
2014/08/20 18:42:32,1.97,37.68005,-122.12246,54.134,61.364,0.0,-61,0.993,2.292,1.874
2014/08/20 18:42:37,1.97,37.68086,-122.12363,53.478,61.602,0.0,-61,0.795,1.875,2.596
2014/08/20 18:42:42,1.97,37.68167,-122.12481,52.822,60.650,0.0,-61,0.144,0.000,0.000
2014/08/20 18:42:47,1.71,37.68247,-122.12597,56.759,60.886,0.0,-79,0.000,1.375,6.056
2014/08/20 18:42:52,1.72,37.68328,-122.12713,60.696,61.143,0.0,-79,0.151,2.000,0.829
2014/08/20 18:42:57,1.72,37.68410,-122.12830,69.554,61.627,0.0,-79,0.714,0.000,0.963
2014/08/20 18:43:02,1.97,37.68491,-122.12947,77.756,60.603,0.0,-79,0.832,1.833,0.946
2014/08/20 18:43:07,1.72,37.68571,-122.13062,77.756,60.621,0.0,-79,0.565,1.250,2.870
2014/08/20 18:43:12,1.72,37.68651,-122.13180,77.100,60.254,0.0,-79,0.659,1.250,1.629
2014/08/20 18:43:17,1.72,37.68731,-122.13295,69.554,60.716,0.0,-65,0.503,0.625,4.298
2014/08/20 18:43:22,1.75,37.68810,-122.13412,60.367,61.247,0.0,-65,0.595,1.208,1.945
2014/08/20 18:43:27,1.78,37.68891,-122.13527,62.992,60.245,0.0,-65,0.583,0.000,0.724
2014/08/20 18:43:32,1.78,37.68971,-122.13642,62.992,59.891,0.0,-65,0.795,1.875,1.270
2014/08/20 18:43:37,1.78,37.69047,-122.13753,54.462,57.539,0.0,-65,0.303,0.000,2.238
2014/08/20 18:43:42,1.78,37.69121,-122.13863,37.073,58.516,0.0,-65,0.473,1.250,0.575
2014/08/20 18:43:47,1.98,37.69201,-122.13979,34.449,60.416,0.0,-73,0.658,1.250,0.838
2014/08/20 18:43:52,1.78,37.69281,-122.14094,32.152,60.787,0.0,-73,1.013,1.208,0.995
2014/08/20 18:43:57,1.78,37.69364,-122.14214,36.089,63.780,0.0,-73,0.579,1.250,1.854
2014/08/20 18:44:02,1.78,37.69449,-122.14335,38.714,63.575,0.0,-73,0.540,1.250,2.383
2014/08/20 18:44:07,1.79,37.69529,-122.14451,41.010,59.062,0.0,-73,0.585,0.000,0.000
2014/08/20 18:44:12,1.79,37.69609,-122.14567,40.682,61.372,0.0,-73,0.528,0.000,6.110
2014/08/20 18:44:17,1.79,37.69689,-122.14683,41.010,61.050,0.0,-73,0.393,1.250,2.522
2014/08/20 18:44:22,1.79,37.69770,-122.14801,40.354,61.822,0.0,-85,0.594,1.833,1.970
2014/08/20 18:44:27,1.79,37.69870,-122.14943,38.058,64.192,0.0,-85,0.000,0.000,4.503
2014/08/20 18:44:32,1.73,37.69954,-122.15068,39.370,64.473,0.0,-85,0.503,0.000,0.000
2014/08/20 18:44:37,1.73,37.70039,-122.15191,40.354,64.629,0.0,-85,0.169,0.000,0.000
2014/08/20 18:44:42,1.73,37.70124,-122.15313,39.370,63.847,0.0,-85,0.152,0.000,0.000
2014/08/20 18:44:47,1.73,37.70207,-122.15435,39.370,62.975,0.0,-85,0.654,0.000,0.203
2014/08/20 18:44:52,1.73,37.70290,-122.15555,38.714,62.978,0.0,-61,1.124,0.083,0.251
2014/08/20 18:44:57,1.73,37.70373,-122.15674,39.042,62.364,0.0,-61,1.086,1.792,0.477
2014/08/20 18:45:02,1.73,37.70455,-122.15794,38.386,62.978,0.0,-61,0.281,0.375,0.328
2014/08/20 18:45:07,1.73,37.70539,-122.15915,39.042,63.701,0.0,-61,0.375,1.458,0.318
2014/08/20 18:45:12,1.73,37.70623,-122.16036,39.042,63.173,0.0,-61,0.689,1.125,0.734
2014/08/20 18:45:17,1.8,37.70708,-122.16159,38.386,65.005,0.0,-61,0.295,0.792,1.406
2014/08/20 18:45:22,1.8,37.70796,-122.16286,39.370,67.174,0.0,-67,0.504,0.708,2.701
2014/08/20 18:45:27,2.0,37.70883,-122.16412,41.010,65.289,0.0,-67,0.678,0.000,0.450
2014/08/20 18:45:32,1.8,37.70969,-122.16535,40.682,64.177,0.0,-67,0.527,1.625,0.758
2014/08/20 18:45:37,1.8,37.71053,-122.16653,37.073,62.122,0.0,-67,0.180,1.250,0.250
2014/08/20 18:45:42,1.74,37.71133,-122.16770,35.105,59.298,0.0,-67,0.517,0.875,0.277
2014/08/20 18:45:47,1.74,37.71213,-122.16889,40.026,64.286,0.0,-67,0.464,0.000,0.653
2014/08/20 18:45:52,1.92,37.71297,-122.17009,40.682,62.800,0.0,-91,0.229,0.875,1.044
2014/08/20 18:45:57,2.06,37.71385,-122.17123,36.089,61.606,0.0,-91,0.723,0.542,0.726
2014/08/20 18:46:02,1.74,37.71479,-122.17225,33.465,61.353,0.0,-91,0.808,1.125,0.578
2014/08/20 18:46:07,1.92,37.71574,-122.17322,34.121,60.257,0.0,-91,0.828,1.333,0.226
2014/08/20 18:46:12,1.74,37.71669,-122.17418,33.793,60.644,0.0,-91,0.884,1.000,0.250
2014/08/20 18:46:17,1.74,37.71763,-122.17515,32.808,59.850,0.0,-91,0.869,1.458,0.910
2014/08/20 18:46:22,1.74,37.71858,-122.17610,29.856,60.550,0.0,-91,0.750,1.917,1.962
2014/08/20 18:46:27,1.99,37.71952,-122.17705,28.215,59.905,0.0,-79,0.000,2.625,0.000
2014/08/20 18:46:32,1.74,37.72047,-122.17802,26.903,62.838,0.0,-79,0.522,0.000,0.000
2014/08/20 18:46:37,1.74,37.72147,-122.17904,24.934,64.419,0.0,-79,0.461,0.625,8.098
2014/08/20 18:46:42,1.74,37.72249,-122.18007,23.950,65.827,0.0,-79,0.682,0.583,3.970
2014/08/20 18:46:47,1.74,37.72353,-122.18112,22.310,66.572,0.0,-79,0.641,0.625,3.590
2014/08/20 18:46:52,1.93,37.72457,-122.18217,27.559,64.941,0.0,-79,0.848,0.583,2.950
2014/08/20 18:46:57,1.75,37.72560,-122.18312,38.714,63.302,0.0,-79,0.467,0.000,0.000
2014/08/20 18:47:02,1.75,37.72665,-122.18404,41.667,64.205,0.0,-79,0.832,1.250,4.150
2014/08/20 18:47:07,1.75,37.72772,-122.18498,39.042,65.232,0.0,-79,0.645,0.583,4.013
2014/08/20 18:47:12,2.06,37.72882,-122.18594,32.152,67.316,0.0,-79,0.747,0.625,1.769
2014/08/20 18:47:17,1.75,37.72996,-122.18692,25.591,69.209,0.0,-79,0.621,0.000,0.776
2014/08/20 18:47:22,1.75,37.73111,-122.18792,20.013,69.598,0.0,-79,0.501,0.000,3.634
2014/08/20 18:47:27,1.75,37.73225,-122.18893,16.404,70.079,0.0,-89,0.418,1.250,1.410
2014/08/20 18:47:32,1.75,37.73340,-122.18994,12.139,70.284,0.0,-89,0.783,0.000,1.258
2014/08/20 18:47:37,1.75,37.73457,-122.19095,17.717,70.973,0.0,-89,0.717,1.250,2.022
2014/08/20 18:47:42,1.75,37.73575,-122.19198,15.420,71.139,0.0,-89,0.723,0.000,3.014
2014/08/20 18:47:47,1.75,37.73692,-122.19302,13.123,70.961,0.0,-89,0.798,1.208,2.457
2014/08/20 18:47:52,1.75,37.73809,-122.19405,9.514,71.348,0.0,-89,0.812,1.250,0.000
2014/08/20 18:47:57,1.75,37.73929,-122.19510,5.906,73.957,0.0,-61,0.545,0.583,4.747
2014/08/20 18:48:02,1.75,37.74052,-122.19618,4.265,74.879,0.0,-61,0.462,1.250,1.670
2014/08/20 18:48:07,2.11,37.74172,-122.19725,5.577,71.129,0.0,-61,0.585,0.000,1.849
2014/08/20 18:48:12,1.78,37.74285,-122.19827,1.969,67.578,0.0,-61,0.811,1.208,2.690
2014/08/20 18:48:17,1.78,37.74395,-122.19922,0.656,65.854,0.0,-61,0.741,1.208,0.000
2014/08/20 18:48:22,1.78,37.74503,-122.20017,-1.640,64.668,0.0,-61,0.298,0.000,0.000
2014/08/20 18:48:27,1.76,37.74608,-122.20111,-1.640,64.941,0.0,-61,0.300,0.625,0.000
2014/08/20 18:48:32,1.78,37.74715,-122.20204,-2.297,63.995,0.0,-83,0.392,0.000,3.973
2014/08/20 18:48:37,1.76,37.74820,-122.20295,-2.297,63.567,0.0,-83,0.502,1.250,1.846
2014/08/20 18:48:42,1.76,37.74926,-122.20389,-4.593,65.197,0.0,-83,0.926,1.833,2.127
2014/08/20 18:48:47,1.76,37.75035,-122.20485,-6.890,67.073,0.0,-83,0.785,1.958,1.626
2014/08/20 18:48:52,1.76,37.75146,-122.20582,-6.890,66.676,0.0,-83,0.447,1.208,3.609
2014/08/20 18:48:57,1.76,37.75255,-122.20678,-6.890,65.850,0.0,-83,0.705,1.833,2.379
2014/08/20 18:49:02,1.76,37.75364,-122.20774,-7.874,66.085,0.0,-71,0.804,0.000,1.547
2014/08/20 18:49:07,1.76,37.75471,-122.20869,-8.202,64.691,0.0,-71,0.925,2.292,2.970
2014/08/20 18:49:12,1.76,37.75578,-122.20963,-8.202,65.615,0.0,-71,0.780,1.833,0.000
2014/08/20 18:49:17,1.76,37.75686,-122.21058,-7.874,65.310,0.0,-71,0.829,1.417,0.297
2014/08/20 18:49:22,1.76,37.75795,-122.21154,-8.530,67.670,0.0,-71,0.706,0.000,0.442
2014/08/20 18:49:27,1.76,37.75907,-122.21252,-6.562,66.859,0.0,-71,1.005,1.917,0.605
2014/08/20 18:49:32,1.76,37.76018,-122.21348,-9.514,67.188,0.0,-59,1.064,1.833,0.626
2014/08/20 18:49:37,1.76,37.76128,-122.21445,-8.858,66.852,0.0,-59,1.275,1.833,0.549
2014/08/20 18:49:42,1.76,37.76239,-122.21542,-7.546,65.947,0.0,-59,0.000,1.833,0.750
2014/08/20 18:49:47,1.77,37.76346,-122.21636,-5.249,63.974,0.0,-59,0.853,1.375,0.450
2014/08/20 18:49:52,1.77,37.76450,-122.21727,-4.593,63.510,0.0,-59,0.556,2.000,0.422
2014/08/20 18:49:57,1.77,37.76556,-122.21815,0.328,61.901,0.0,-59,0.914,1.833,0.459
2014/08/20 18:50:02,1.77,37.76664,-122.21893,15.092,62.069,0.0,-57,1.119,0.000,0.838
2014/08/20 18:50:07,1.77,37.76772,-122.21969,30.184,60.757,0.0,-57,0.800,1.833,2.106
2014/08/20 18:50:12,1.77,37.76879,-122.22046,37.730,60.533,0.0,-57,0.481,1.583,1.870
2014/08/20 18:50:17,1.98,37.76981,-122.22121,38.058,57.977,0.0,-57,0.715,1.792,0.000
2014/08/20 18:50:22,1.77,37.77072,-122.22210,26.575,57.310,0.0,-57,0.823,1.833,2.238
2014/08/20 18:50:27,1.77,37.77149,-122.22318,24.606,57.532,0.0,-57,1.047,1.833,1.863
2014/08/20 18:50:32,1.77,37.77209,-122.22442,34.777,57.782,0.0,-57,0.415,0.625,4.947
2014/08/20 18:50:37,2.02,37.77255,-122.22580,43.963,59.826,0.0,-51,0.830,0.000,0.000
2014/08/20 18:50:42,1.77,37.77301,-122.22718,54.790,56.762,0.0,-51,0.909,1.208,4.649
2014/08/20 18:50:47,1.77,37.77343,-122.22840,56.430,50.802,0.0,-51,0.279,1.250,3.382
2014/08/20 18:50:52,1.77,37.77386,-122.22960,46.916,54.163,0.0,-51,0.092,0.000,0.000
2014/08/20 18:50:57,1.77,37.77428,-122.23091,28.543,54.627,0.0,-51,0.302,0.583,5.370
2014/08/20 18:51:02,1.77,37.77471,-122.23221,15.420,56.264,0.0,-51,0.398,0.000,1.867
2014/08/20 18:51:07,1.84,37.77517,-122.23352,6.234,58.363,0.0,-69,1.062,1.458,2.278
2014/08/20 18:51:12,1.77,37.77577,-122.23476,17.388,58.933,0.0,-69,1.630,1.208,1.950
2014/08/20 18:51:17,1.78,37.77660,-122.23591,25.591,62.795,0.0,-69,1.375,1.208,1.594
2014/08/20 18:51:22,1.9,37.77762,-122.23688,23.622,65.764,0.0,-69,1.016,1.250,3.126
2014/08/20 18:51:27,1.91,37.77874,-122.23759,20.997,62.655,0.0,-69,0.321,1.208,1.567
2014/08/20 18:51:32,1.91,37.77991,-122.23806,23.622,61.102,0.0,-69,0.776,0.000,0.230
2014/08/20 18:51:37,1.91,37.78111,-122.23848,24.278,64.346,0.0,-51,0.852,1.833,0.491
2014/08/20 18:51:42,1.91,37.78235,-122.23908,21.325,64.351,0.0,-51,1.441,1.833,0.776
2014/08/20 18:51:47,1.91,37.78331,-122.23999,18.701,58.192,0.0,-51,0.000,0.000,0.854
2014/08/20 18:51:52,1.91,37.78407,-122.24110,19.357,57.959,0.0,-51,1.281,0.000,0.718
2014/08/20 18:51:57,1.91,37.78475,-122.24231,26.903,59.556,0.0,-51,1.036,0.000,0.662
2014/08/20 18:52:02,1.91,37.78542,-122.24355,31.824,57.565,0.0,-51,0.655,0.000,1.714
2014/08/20 18:52:07,2.15,37.78605,-122.24472,31.824,55.143,0.0,-83,0.154,0.042,0.622
2014/08/20 18:52:12,2.13,37.78666,-122.24588,32.152,56.413,0.0,-83,0.735,1.042,1.004
2014/08/20 18:52:17,1.91,37.78722,-122.24712,30.840,55.337,0.0,-83,0.596,1.375,2.390
2014/08/20 18:52:22,1.91,37.78769,-122.24829,29.856,48.609,0.0,-83,0.684,1.458,0.294
2014/08/20 18:52:27,1.91,37.78809,-122.24940,25.919,49.114,0.0,-83,0.656,1.125,2.097
2014/08/20 18:52:32,2.13,37.78848,-122.25059,20.669,51.865,0.0,-83,0.845,1.417,2.098
2014/08/20 18:52:37,2.13,37.78884,-122.25182,16.404,50.956,0.0,-83,0.406,1.125,3.417
2014/08/20 18:52:42,2.64,37.78916,-122.25306,10.827,51.205,0.0,-67,0.426,2.125,1.514
2014/08/20 18:52:47,1.95,37.78943,-122.25433,9.514,53.145,0.0,-67,0.763,1.792,1.871
2014/08/20 18:52:52,2.45,37.78967,-122.25570,8.858,57.087,0.0,-67,0.774,0.000,2.318
2014/08/20 18:52:57,2.45,37.78991,-122.25712,14.764,57.421,0.0,-67,0.532,3.125,0.000
2014/08/20 18:53:02,1.92,37.79016,-122.25848,27.231,53.562,0.0,-67,0.356,0.750,4.947
2014/08/20 18:53:07,1.92,37.79057,-122.25971,32.480,53.334,0.0,-67,0.356,1.208,0.730
2014/08/20 18:53:12,1.92,37.79119,-122.26084,46.916,55.175,0.0,-85,0.213,0.000,0.579
2014/08/20 18:53:17,2.14,37.79199,-122.26185,40.682,57.188,0.0,-85,0.210,0.000,1.729
2014/08/20 18:53:22,1.92,37.79284,-122.26285,23.294,57.348,0.0,-85,0.344,0.958,0.510
2014/08/20 18:53:27,2.14,37.79370,-122.26378,14.764,54.137,0.0,-85,0.692,2.250,0.295
2014/08/20 18:53:32,2.14,37.79446,-122.26461,17.717,46.473,0.0,-85,0.680,2.250,0.562
2014/08/20 18:53:37,3.08,37.79500,-122.26540,19.029,36.248,0.0,-85,0.910,0.000,1.455
2014/08/20 18:53:42,2.14,37.79537,-122.26608,27.231,28.824,0.0,-69,1.441,2.250,2.353
2014/08/20 18:53:47,1.92,37.79564,-122.26666,34.777,25.658,0.0,-69,0.963,2.250,0.000
2014/08/20 18:53:52,2.63,37.79585,-122.26717,36.745,19.443,0.0,-69,0.823,0.000,3.922
2014/08/20 18:53:57,1.93,37.79590,-122.26738,36.745,0.329,0.0,-69,0.756,2.417,3.186
2014/08/20 18:54:02,1.79,37.79587,-122.26738,38.058,0.028,0.0,-69,0.750,2.208,2.338
2014/08/20 18:54:07,2.03,37.79587,-122.26739,38.714,3.375,0.0,-69,0.744,2.417,1.551
2014/08/20 18:54:12,1.79,37.79586,-122.26752,37.073,6.180,0.0,-67,0.705,0.000,2.062
2014/08/20 18:54:17,1.79,37.79582,-122.26749,21.654,0.175,0.0,-67,0.928,2.375,2.470
2014/08/20 18:54:22,1.87,37.79583,-122.26749,17.060,0.042,0.0,-67,0.959,1.625,3.010
2014/08/20 18:54:27,1.87,37.79585,-122.26750,20.013,0.020,0.0,-67,0.472,0.000,0.000
2014/08/20 18:54:32,1.87,37.79586,-122.26750,20.997,0.100,0.0,-67,0.365,2.500,3.078
2014/08/20 18:54:37,1.8,37.79584,-122.26743,22.966,4.872,0.0,-67,0.472,2.750,2.186
2014/08/20 18:54:42,1.8,37.79576,-122.26723,20.669,10.153,0.0,-67,0.931,1.917,0.537
2014/08/20 18:54:47,1.87,37.79566,-122.26702,18.373,8.946,0.0,-65,0.839,1.833,0.542
2014/08/20 18:54:52,2.05,37.79558,-122.26683,19.029,6.797,0.0,-65,0.686,0.000,0.852
2014/08/20 18:54:57,2.39,37.79548,-122.26676,16.732,6.966,0.0,-65,0.932,1.833,1.813
2014/08/20 18:55:02,2.15,37.79547,-122.26681,14.436,1.426,0.0,-65,0.987,1.833,0.482
2014/08/20 18:55:07,1.93,37.79547,-122.26680,18.701,0.405,0.0,-65,1.206,1.833,0.719
2014/08/20 18:55:12,1.94,37.79550,-122.26676,35.761,1.137,0.0,-65,1.489,1.875,0.910
2014/08/20 18:55:18,1.94,37.79556,-122.26678,44.948,0.594,0.0,-73,1.317,1.833,1.714
2014/08/20 18:55:23,1.94,37.79561,-122.26681,56.759,0.685,0.0,-73,0.730,1.833,3.257
2014/08/20 18:55:28,1.94,37.79567,-122.26681,68.241,1.465,0.0,-73,1.436,0.000,3.634
2014/08/20 18:55:33,1.94,37.79569,-122.26682,68.898,1.001,0.0,-73,0.706,1.833,1.742
