Date-Time,DOP,Latitude,Longitude,Altitude (ft),Speed (mph),Heading (deg),mod1 SS (dBm),mod1 Down (Mbs),mod1 Up (Mbs),mod1 Ping (Sec)
2014/08/19 08:44:23,1.75,37.79626,-122.26704,55.446,1.308,0.0,-61,1.775,2.500,2.210
2014/08/19 08:44:28,1.75,37.79626,-122.26714,56.102,4.262,0.0,-61,1.061,0.000,3.038
2014/08/19 08:44:33,1.61,37.79627,-122.26724,60.367,2.347,0.0,-61,0.862,1.917,2.260
2014/08/19 08:44:38,1.46,37.79627,-122.26727,62.336,1.901,0.0,-57,1.141,1.833,0.205
2014/08/19 08:44:43,1.48,37.79614,-122.26739,62.664,2.938,0.0,-57,0.542,0.000,0.324
2014/08/19 08:44:48,2.18,37.79588,-122.26759,53.478,3.803,0.0,-57,1.234,1.250,0.369
2014/08/19 08:44:53,1.48,37.79559,-122.26763,56.759,11.660,0.0,-57,1.561,1.833,0.391
2014/08/19 08:44:58,1.64,37.79534,-122.26749,61.352,6.609,0.0,-57,1.264,0.000,0.598
2014/08/19 08:45:03,1.53,37.79525,-122.26743,62.008,4.374,0.0,-57,1.431,1.250,0.690
2014/08/19 08:45:08,1.53,37.79519,-122.26735,59.055,2.730,0.0,-73,1.033,0.625,0.504
2014/08/19 08:45:13,1.46,37.79513,-122.26728,58.727,4.042,0.0,-73,1.311,0.000,0.429
2014/08/19 08:45:18,1.56,37.79509,-122.26719,56.102,4.129,0.0,-73,1.008,0.583,0.345
2014/08/19 08:45:23,1.46,37.79508,-122.26717,54.462,0.035,0.0,-73,1.722,0.625,0.355
2014/08/19 08:45:28,1.46,37.79507,-122.26716,51.837,0.012,0.0,-73,2.050,1.208,0.318
2014/08/19 08:45:33,1.53,37.79505,-122.26713,50.853,5.660,0.0,-73,2.378,1.208,0.253
2014/08/19 08:45:38,1.64,37.79494,-122.26688,51.181,15.109,0.0,-73,2.328,0.000,0.214
2014/08/19 08:45:43,1.55,37.79480,-122.26652,47.244,16.715,0.0,-73,2.645,0.000,0.231
2014/08/19 08:45:48,1.55,37.79457,-122.26600,46.916,27.197,0.0,-73,2.247,0.042,0.248
2014/08/19 08:45:53,1.34,37.79423,-122.26534,44.948,34.401,0.0,-73,2.197,0.750,0.306
2014/08/19 08:45:58,1.34,37.79376,-122.26457,40.682,40.606,0.0,-73,2.392,0.000,0.266
2014/08/19 08:46:03,1.54,37.79320,-122.26386,39.698,38.844,0.0,-73,2.247,0.500,0.384
2014/08/19 08:46:08,1.36,37.79262,-122.26316,48.556,40.068,0.0,-73,2.528,1.250,0.262
2014/08/19 08:46:13,1.34,37.79208,-122.26252,60.039,35.307,0.0,-57,2.564,1.167,0.306
2014/08/19 08:46:18,1.34,37.79156,-122.26186,66.929,39.203,0.0,-57,1.702,0.875,0.451
2014/08/19 08:46:23,1.56,37.79099,-122.26111,70.866,43.450,0.0,-57,1.503,1.875,0.567
2014/08/19 08:46:28,1.34,37.79046,-122.26018,70.210,46.866,0.0,-57,1.236,1.750,0.698
2014/08/19 08:46:33,1.34,37.79004,-122.25911,62.992,45.434,0.0,-57,1.681,1.542,0.377
2014/08/19 08:46:38,1.34,37.78979,-122.25808,48.885,41.210,0.0,-57,2.225,1.750,0.370
2014/08/19 08:46:43,1.34,37.78962,-122.25708,31.824,39.786,0.0,-77,1.564,1.250,1.826
2014/08/19 08:46:48,1.34,37.78946,-122.25613,19.029,36.253,0.0,-77,0.373,0.292,0.505
2014/08/19 08:46:53,1.36,37.78932,-122.25531,12.795,30.827,0.0,-77,0.696,0.625,0.526
2014/08/19 08:46:58,1.49,37.78919,-122.25462,10.499,25.136,0.0,-77,0.959,1.625,0.542
2014/08/19 08:47:03,1.36,37.78910,-122.25411,9.514,18.590,0.0,-77,1.366,1.708,0.622
2014/08/19 08:47:08,1.36,37.78902,-122.25364,9.186,21.491,0.0,-77,1.939,2.083,1.174
2014/08/19 08:47:13,1.49,37.78892,-122.25306,7.546,22.700,0.0,-71,2.494,1.792,0.239
2014/08/19 08:47:18,1.36,37.78878,-122.25247,7.218,26.183,0.0,-71,2.639,1.083,0.244
2014/08/19 08:47:23,1.36,37.78860,-122.25180,8.202,30.330,0.0,-71,2.531,0.000,0.195
2014/08/19 08:47:28,1.34,37.78838,-122.25100,9.514,35.707,0.0,-71,2.672,1.083,0.286
2014/08/19 08:47:33,1.34,37.78811,-122.25010,10.499,37.160,0.0,-71,1.831,0.333,0.211
2014/08/19 08:47:38,1.34,37.78785,-122.24928,11.155,34.916,0.0,-71,1.453,0.000,0.217
2014/08/19 08:47:43,1.34,37.78755,-122.24842,10.499,39.163,0.0,-71,2.300,0.375,0.302
2014/08/19 08:47:48,1.34,37.78718,-122.24746,10.171,44.711,0.0,-69,2.044,0.750,0.293
2014/08/19 08:47:53,1.34,37.78675,-122.24642,11.155,47.290,0.0,-69,2.247,1.083,0.461
2014/08/19 08:47:58,1.34,37.78624,-122.24540,13.780,46.560,0.0,-69,1.883,1.833,0.381
2014/08/19 08:48:03,1.34,37.78569,-122.24439,16.732,47.975,0.0,-69,2.172,0.000,0.401
2014/08/19 08:48:08,1.34,37.78515,-122.24337,15.092,48.358,0.0,-69,1.869,0.708,0.610
2014/08/19 08:48:13,1.58,37.78460,-122.24234,18.701,49.311,0.0,-69,1.181,0.333,1.215
2014/08/19 08:48:18,1.34,37.78403,-122.24131,20.997,50.279,0.0,-81,0.536,0.000,0.000
2014/08/19 08:48:23,1.58,37.78338,-122.24032,22.966,50.056,0.0,-81,0.423,0.375,0.833
2014/08/19 08:48:28,1.48,37.78264,-122.23947,35.761,50.882,0.0,-81,0.389,0.708,1.765
2014/08/19 08:48:33,1.77,37.78171,-122.23891,36.745,51.380,0.0,-81,1.222,1.458,0.240
2014/08/19 08:48:38,1.59,37.78072,-122.23853,36.089,50.626,0.0,-81,0.000,0.000,0.455
2014/08/19 08:48:43,1.34,37.77972,-122.23817,34.121,52.321,0.0,-81,1.231,1.792,0.354
2014/08/19 08:48:48,1.59,37.77871,-122.23775,30.840,53.449,0.0,-53,1.711,1.792,0.437
2014/08/19 08:48:53,1.59,37.77773,-122.23716,29.856,54.014,0.0,-53,1.455,1.792,0.000
2014/08/19 08:48:58,1.34,37.77684,-122.23639,32.152,53.203,0.0,-53,0.570,0.708,0.491
2014/08/19 08:49:03,1.34,37.77609,-122.23548,41.667,51.476,0.0,-53,1.047,1.417,0.722
2014/08/19 08:49:08,1.34,37.77547,-122.23446,38.386,49.245,0.0,-53,1.764,1.833,0.277
2014/08/19 08:49:13,1.59,37.77499,-122.23339,38.058,47.089,0.0,-53,2.453,1.042,0.210
2014/08/19 08:49:18,1.34,37.77460,-122.23225,36.417,49.122,0.0,-59,2.970,0.708,0.195
2014/08/19 08:49:23,1.34,37.77422,-122.23110,40.026,49.791,0.0,-59,2.828,1.083,0.282
2014/08/19 08:49:28,1.34,37.77383,-122.22993,51.181,49.490,0.0,-59,2.714,0.000,0.597
2014/08/19 08:49:33,1.34,37.77345,-122.22878,57.743,48.966,0.0,-59,1.842,1.417,1.321
2014/08/19 08:49:38,1.34,37.77307,-122.22765,60.039,47.018,0.0,-59,1.870,1.417,1.022
2014/08/19 08:49:43,1.34,37.77273,-122.22662,51.837,42.627,0.0,-59,0.914,0.750,2.651
2014/08/19 08:49:48,1.36,37.77239,-122.22558,40.682,46.006,0.0,-59,1.533,1.750,0.938
2014/08/19 08:49:53,1.34,37.77200,-122.22449,31.824,48.872,0.0,-65,2.108,1.833,0.342
2014/08/19 08:49:58,1.48,37.77144,-122.22342,28.215,50.052,0.0,-65,2.189,1.083,0.325
2014/08/19 08:50:03,1.37,37.77078,-122.22252,28.543,46.889,0.0,-65,2.836,0.000,0.217
2014/08/19 08:50:08,1.46,37.77004,-122.22178,34.777,48.117,0.0,-65,1.767,0.333,0.250
2014/08/19 08:50:13,1.34,37.76920,-122.22114,44.619,49.262,0.0,-65,3.061,1.083,0.203
2014/08/19 08:50:18,1.34,37.76834,-122.22050,48.885,48.750,0.0,-65,2.878,0.708,0.307
2014/08/19 08:50:23,1.48,37.76745,-122.21984,46.916,52.956,0.0,-51,0.000,0.000,0.000
2014/08/19 08:50:28,1.34,37.76652,-122.21915,38.714,53.387,0.0,-51,0.000,0.375,0.294
2014/08/19 08:50:33,1.34,37.76561,-122.21840,29.528,54.407,0.0,-51,0.003,1.042,0.294
2014/08/19 08:50:38,1.34,37.76472,-122.21762,22.638,53.664,0.0,-51,0.728,0.000,0.304
2014/08/19 08:50:43,1.34,37.76382,-122.21684,20.341,54.130,0.0,-51,0.945,0.750,2.183
2014/08/19 08:50:48,1.35,37.76293,-122.21605,20.341,54.186,0.0,-51,0.888,0.708,0.249
2014/08/19 08:50:53,1.31,37.76203,-122.21526,19.685,54.741,0.0,-51,0.912,1.042,0.259
2014/08/19 08:50:58,1.31,37.76111,-122.21446,19.357,55.722,0.0,-51,0.556,1.083,0.591
2014/08/19 08:51:03,1.57,37.76017,-122.21364,18.373,56.694,0.0,-51,0.663,1.417,0.338
2014/08/19 08:51:08,1.31,37.75923,-122.21281,17.717,57.191,0.0,-51,0.459,1.792,0.734
2014/08/19 08:51:13,1.31,37.75829,-122.21199,17.060,56.474,0.0,-51,0.664,1.792,0.833
2014/08/19 08:51:18,1.31,37.75736,-122.21117,16.404,56.736,0.0,-51,0.000,1.917,1.015
2014/08/19 08:51:23,1.31,37.75642,-122.21035,16.076,57.221,0.0,-73,0.661,1.792,1.073
2014/08/19 08:51:28,1.31,37.75549,-122.20954,16.404,55.034,0.0,-73,0.953,0.000,1.383
2014/08/19 08:51:33,1.31,37.75459,-122.20874,16.732,55.063,0.0,-73,1.483,1.833,1.556
2014/08/19 08:51:38,1.31,37.75368,-122.20795,16.732,54.403,0.0,-73,0.609,1.292,0.729
2014/08/19 08:51:43,1.31,37.75276,-122.20714,17.060,56.264,0.0,-73,0.726,1.958,1.127
2014/08/19 08:51:49,1.31,37.75182,-122.20632,18.045,57.511,0.0,-73,1.067,1.583,0.000
2014/08/19 08:51:54,1.58,37.75088,-122.20548,20.341,57.688,0.0,-73,0.375,1.625,3.142
2014/08/19 08:51:59,1.31,37.74993,-122.20466,21.325,56.985,0.0,-69,0.506,2.000,1.430
2014/08/19 08:52:04,1.58,37.74900,-122.20383,21.325,56.602,0.0,-69,0.469,0.000,1.837
2014/08/19 08:52:09,1.31,37.74805,-122.20300,21.982,57.874,0.0,-69,0.312,2.000,4.190
2014/08/19 08:52:14,1.68,37.74710,-122.20217,22.310,57.765,0.0,-69,0.465,1.792,1.410
2014/08/19 08:52:19,1.58,37.74615,-122.20133,22.638,57.480,0.0,-69,0.790,1.750,2.466
2014/08/19 08:52:24,1.31,37.74523,-122.20053,23.294,55.115,0.0,-69,0.784,0.000,3.403
2014/08/19 08:52:29,1.31,37.74432,-122.19972,22.966,55.625,0.0,-79,0.398,1.917,1.595
2014/08/19 08:52:34,1.31,37.74339,-122.19891,22.966,56.859,0.0,-79,0.791,0.000,0.202
2014/08/19 08:52:39,1.31,37.74246,-122.19809,23.294,56.401,0.0,-79,0.743,0.000,0.234
2014/08/19 08:52:44,1.31,37.74153,-122.19726,23.622,56.690,0.0,-79,0.422,0.042,0.354
2014/08/19 08:52:49,1.58,37.74061,-122.19646,22.638,53.838,0.0,-79,0.420,1.583,0.219
2014/08/19 08:52:54,1.64,37.73968,-122.19563,19.357,59.229,0.0,-79,0.616,1.417,0.457
2014/08/19 08:52:59,1.31,37.73866,-122.19470,23.622,63.912,0.0,-63,1.314,1.667,1.310
2014/08/19 08:53:04,1.59,37.73761,-122.19376,24.934,63.774,0.0,-63,0.790,2.292,0.000
2014/08/19 08:53:09,1.59,37.73655,-122.19284,25.591,63.153,0.0,-63,0.345,0.000,4.063
2014/08/19 08:53:14,1.31,37.73555,-122.19196,26.903,59.103,0.0,-63,0.326,0.833,5.717
2014/08/19 08:53:19,1.31,37.73459,-122.19110,28.871,59.780,0.0,-63,1.017,0.875,0.000
2014/08/19 08:53:24,1.35,37.73360,-122.19023,30.184,60.865,0.0,-63,0.792,1.708,3.742
2014/08/19 08:53:29,1.33,37.73258,-122.18933,30.840,61.505,0.0,-73,0.797,0.000,0.000
2014/08/19 08:53:34,1.41,37.73159,-122.18847,30.840,59.377,0.0,-73,0.503,1.708,7.278
2014/08/19 08:53:39,1.31,37.73058,-122.18759,30.840,60.566,0.0,-73,1.011,0.000,0.000
2014/08/19 08:53:44,1.33,37.72958,-122.18671,37.073,60.351,0.0,-73,0.406,0.000,6.771
2014/08/19 08:53:49,1.33,37.72859,-122.18585,46.916,58.526,0.0,-73,0.108,1.667,0.000
2014/08/19 08:53:54,1.33,37.72763,-122.18501,58.071,58.302,0.0,-73,0.108,2.000,8.538
2014/08/19 08:53:59,1.74,37.72667,-122.18417,66.273,58.242,0.0,-73,0.306,0.000,0.000
2014/08/19 08:54:04,1.36,37.72571,-122.18333,61.680,57.957,0.0,-79,0.293,0.917,7.643
2014/08/19 08:54:09,1.19,37.72474,-122.18244,48.228,61.072,0.0,-79,1.006,0.000,1.962
2014/08/19 08:54:14,1.19,37.72377,-122.18147,38.714,62.340,0.0,-79,1.130,1.833,1.719
2014/08/19 08:54:19,1.36,37.72278,-122.18047,38.058,62.650,0.0,-79,0.661,0.000,0.000
2014/08/19 08:54:24,1.19,37.72180,-122.17947,39.370,62.428,0.0,-79,0.605,1.833,3.698
2014/08/19 08:54:29,1.19,37.72083,-122.17850,39.698,60.893,0.0,-79,0.930,0.958,6.120
2014/08/19 08:54:34,1.19,37.71988,-122.17755,41.010,59.810,0.0,-71,0.962,0.000,0.000
2014/08/19 08:54:39,1.19,37.71875,-122.17640,41.010,60.385,0.0,-71,1.021,0.917,0.000
2014/08/19 08:54:44,1.36,37.71780,-122.17542,42.979,61.867,0.0,-71,0.305,0.000,0.000
2014/08/19 08:54:49,1.47,37.71683,-122.17443,44.948,62.090,0.0,-71,0.504,0.917,1.322
2014/08/19 08:54:54,1.47,37.71584,-122.17343,43.635,63.313,0.0,-71,0.776,2.958,1.009
2014/08/19 08:54:59,1.36,37.71485,-122.17242,41.995,63.407,0.0,-71,1.012,1.875,1.211
2014/08/19 08:55:04,1.36,37.71388,-122.17136,40.354,64.379,0.0,-77,1.440,1.833,2.098
2014/08/19 08:55:09,1.36,37.71298,-122.17021,39.370,63.709,0.0,-77,1.441,0.000,2.525
2014/08/19 08:55:14,1.19,37.71214,-122.16900,39.698,62.564,0.0,-77,0.398,1.875,2.415
2014/08/19 08:55:19,1.37,37.71131,-122.16783,40.354,61.440,0.0,-77,0.347,1.833,0.681
2014/08/19 08:55:24,1.39,37.71049,-122.16667,41.339,61.780,0.0,-77,0.340,0.000,1.879
2014/08/19 08:55:29,1.2,37.70969,-122.16548,41.995,61.320,0.0,-77,0.000,1.875,0.813
2014/08/19 08:55:34,1.2,37.70889,-122.16431,42.651,60.657,0.0,-77,0.416,0.000,0.283
2014/08/19 08:55:39,1.19,37.70808,-122.16315,40.682,61.514,0.0,-77,0.411,1.875,0.346
2014/08/19 08:55:44,1.37,37.70725,-122.16201,39.370,60.665,0.0,-77,0.378,0.958,0.223
2014/08/19 08:55:49,1.37,37.70643,-122.16082,39.698,63.158,0.0,-77,0.657,1.833,0.550
2014/08/19 08:55:54,1.19,37.70558,-122.15960,38.386,64.538,0.0,-77,1.230,0.000,1.897
2014/08/19 08:55:59,1.37,37.70472,-122.15836,37.402,65.152,0.0,-77,0.513,1.875,2.177
2014/08/19 08:56:04,1.37,37.70386,-122.15711,37.730,65.567,0.0,-77,0.505,1.833,3.543
2014/08/19 08:56:09,1.4,37.70299,-122.15584,39.042,66.363,0.0,-57,0.726,1.875,0.000
2014/08/19 08:56:14,1.37,37.70211,-122.15458,38.386,66.483,0.0,-57,0.548,1.875,3.802
2014/08/19 08:56:19,1.37,37.70122,-122.15330,37.073,67.453,0.0,-57,0.787,1.833,1.471
2014/08/19 08:56:24,1.37,37.70033,-122.15201,37.073,68.013,0.0,-57,0.715,0.000,2.243
2014/08/19 08:56:29,1.4,37.69943,-122.15071,37.730,67.934,0.0,-57,1.247,1.875,1.510
2014/08/19 08:56:34,1.63,37.69853,-122.14941,38.714,67.946,0.0,-57,1.297,2.250,1.470
2014/08/19 08:56:39,1.41,37.69763,-122.14812,37.730,68.571,0.0,-73,0.614,1.833,1.682
2014/08/19 08:56:44,1.41,37.69673,-122.14682,35.105,66.897,0.0,-73,1.016,1.833,0.000
2014/08/19 08:56:49,1.41,37.69585,-122.14555,34.121,65.771,0.0,-73,1.589,1.875,2.867
2014/08/19 08:56:54,1.41,37.69500,-122.14431,32.808,64.327,0.0,-73,1.317,1.833,1.039
2014/08/19 08:56:59,1.43,37.69416,-122.14309,31.168,63.619,0.0,-73,1.125,1.042,2.203
2014/08/19 08:57:04,1.19,37.69331,-122.14188,29.528,63.700,0.0,-73,0.392,0.000,1.208
2014/08/19 08:57:09,1.38,37.69248,-122.14067,29.856,62.976,0.0,-95,0.550,0.917,1.157
2014/08/19 08:57:14,1.38,37.69166,-122.13947,29.856,62.133,0.0,-95,1.011,0.958,0.359
2014/08/19 08:57:19,1.19,37.69083,-122.13828,35.433,62.852,0.0,-95,2.061,0.917,0.419
2014/08/19 08:57:24,1.19,37.69001,-122.13709,47.572,61.746,0.0,-95,0.653,0.958,0.286
2014/08/19 08:57:29,1.19,37.68920,-122.13592,47.244,61.117,0.0,-95,0.635,0.000,0.993
2014/08/19 08:57:34,1.19,37.68839,-122.13476,46.916,60.669,0.0,-95,0.368,1.833,1.323
2014/08/19 08:57:39,1.19,37.68759,-122.13359,50.853,61.192,0.0,-83,0.372,1.042,0.775
2014/08/19 08:57:44,1.38,37.68679,-122.13244,59.055,59.084,0.0,-83,0.668,0.000,0.337
2014/08/19 08:57:49,1.24,37.68600,-122.13130,58.727,60.222,0.0,-83,0.724,1.833,0.635
2014/08/19 08:57:54,1.38,37.68520,-122.13015,60.039,60.661,0.0,-83,0.864,1.833,0.715
2014/08/19 08:57:59,1.19,37.68439,-122.12897,58.727,62.426,0.0,-83,0.816,1.875,1.243
2014/08/19 08:58:04,1.39,37.68356,-122.12779,48.556,60.986,0.0,-83,0.548,1.833,2.231
2014/08/19 08:58:09,1.21,37.68276,-122.12663,45.604,60.591,0.0,-87,0.439,1.875,4.195
2014/08/19 08:58:14,1.41,37.68196,-122.12547,41.995,61.462,0.0,-87,0.570,0.917,0.000
2014/08/19 08:58:19,1.83,37.68114,-122.12429,39.042,60.817,0.0,-87,0.699,2.875,3.130
2014/08/19 08:58:24,1.39,37.68033,-122.12311,38.714,61.518,0.0,-87,0.703,0.000,5.698
2014/08/19 08:58:29,1.39,37.67952,-122.12193,40.354,61.155,0.0,-87,0.351,0.917,0.000
2014/08/19 08:58:34,1.39,37.67872,-122.12077,42.979,59.931,0.0,-87,0.834,0.917,4.859
2014/08/19 08:58:39,1.66,37.67795,-122.11963,43.963,59.018,0.0,-87,0.679,1.833,0.000
2014/08/19 08:58:44,1.66,37.67723,-122.11847,38.386,57.583,0.0,-67,1.262,0.000,5.567
2014/08/19 08:58:49,1.44,37.67650,-122.11735,32.152,57.368,0.0,-67,1.241,0.000,5.030
2014/08/19 08:58:54,1.43,37.67575,-122.11633,38.386,54.347,0.0,-67,0.661,0.000,0.768
2014/08/19 08:58:59,1.39,37.67500,-122.11534,47.244,53.802,0.0,-67,0.565,0.042,0.243
2014/08/19 08:59:04,1.39,37.67430,-122.11436,54.790,51.661,0.0,-67,0.904,0.625,0.798
2014/08/19 08:59:09,1.39,37.67372,-122.11350,57.087,38.656,0.0,-67,0.656,0.833,0.674
2014/08/19 08:59:14,1.42,37.67323,-122.11285,59.055,33.044,0.0,-81,0.374,0.000,0.670
2014/08/19 08:59:19,1.4,37.67279,-122.11232,60.039,27.935,0.0,-81,0.928,0.750,1.274
2014/08/19 08:59:24,1.4,37.67235,-122.11182,60.696,31.530,0.0,-81,0.607,0.875,1.107
2014/08/19 08:59:29,1.4,37.67183,-122.11132,65.617,32.328,0.0,-81,0.666,0.875,1.431
2014/08/19 08:59:34,1.52,37.67130,-122.11085,70.538,32.277,0.0,-81,0.683,0.750,1.103
2014/08/19 08:59:39,1.21,37.67072,-122.11040,73.819,35.281,0.0,-81,0.575,1.125,0.630
2014/08/19 08:59:44,1.4,37.67005,-122.10996,76.772,39.725,0.0,-69,0.553,1.083,1.303
2014/08/19 08:59:49,1.33,37.66933,-122.10951,78.084,39.260,0.0,-69,0.666,0.875,0.970
2014/08/19 08:59:54,1.33,37.66862,-122.10908,77.100,39.427,0.0,-69,0.500,0.958,0.667
2014/08/19 09:00:00,1.33,37.66786,-122.10862,76.115,43.219,0.0,-69,0.645,1.250,0.741
2014/08/19 09:00:05,1.2,37.66706,-122.10813,81.037,43.995,0.0,-69,0.265,0.833,0.646
2014/08/19 09:00:10,1.23,37.66628,-122.10766,86.614,43.538,0.0,-69,0.466,0.750,1.429
2014/08/19 09:00:15,1.2,37.66550,-122.10717,84.646,43.349,0.0,-51,1.050,0.708,1.222
2014/08/19 09:00:20,1.35,37.66472,-122.10669,77.100,41.825,0.0,-51,0.819,0.000,0.000
2014/08/19 09:00:25,1.23,37.66397,-122.10622,71.522,42.052,0.0,-51,0.073,0.250,0.000
2014/08/19 09:00:30,1.41,37.66323,-122.10575,68.241,41.731,0.0,-51,0.155,0.000,0.000
2014/08/19 09:00:35,1.41,37.66248,-122.10528,68.241,41.493,0.0,-51,0.000,0.125,0.000
2014/08/19 09:00:40,1.23,37.66173,-122.10480,68.241,42.046,0.0,-51,0.148,0.000,0.000
2014/08/19 09:00:45,1.44,37.66095,-122.10430,68.241,45.144,0.0,-51,0.086,0.125,0.000
2014/08/19 09:00:50,1.51,37.66011,-122.10377,68.898,48.307,0.0,-75,0.478,0.000,0.655
2014/08/19 09:00:55,1.88,37.65920,-122.10321,68.570,51.274,0.0,-75,0.337,0.583,0.382
2014/08/19 09:01:00,1.6,37.65825,-122.10262,68.898,53.976,0.0,-75,0.349,0.000,2.226
2014/08/19 09:01:05,1.34,37.65726,-122.10201,70.538,55.645,0.0,-75,0.166,0.375,1.790
2014/08/19 09:01:10,1.34,37.65624,-122.10138,69.226,56.157,0.0,-75,0.441,0.625,0.937
2014/08/19 09:01:15,1.42,37.65521,-122.10075,67.585,56.518,0.0,-75,0.650,0.875,0.000
2014/08/19 09:01:20,1.2,37.65418,-122.10011,65.945,57.643,0.0,-73,0.243,0.708,1.001
2014/08/19 09:01:25,1.34,37.65314,-122.09947,63.976,57.279,0.0,-73,0.177,0.375,1.550
2014/08/19 09:01:30,1.27,37.65211,-122.09883,61.680,58.180,0.0,-73,0.470,0.958,1.319
2014/08/19 09:01:35,1.41,37.65103,-122.09817,61.024,59.612,0.0,-73,0.885,1.292,0.463
2014/08/19 09:01:40,1.49,37.64997,-122.09750,59.055,58.939,0.0,-73,0.904,0.917,1.566
2014/08/19 09:01:45,1.61,37.64894,-122.09680,58.399,57.806,0.0,-73,0.259,0.000,3.483
2014/08/19 09:01:50,1.61,37.64792,-122.09607,57.415,58.188,0.0,-73,0.350,0.458,2.871
2014/08/19 09:01:55,1.42,37.64689,-122.09536,51.509,57.545,0.0,-73,0.764,0.000,0.807
2014/08/19 09:02:00,1.2,37.64566,-122.09449,41.010,59.565,0.0,-73,0.867,0.917,0.491
2014/08/19 09:02:05,1.48,37.64464,-122.09376,38.714,56.389,0.0,-73,1.205,1.167,0.959
2014/08/19 09:02:10,1.35,37.64365,-122.09306,37.730,56.481,0.0,-73,0.914,1.208,3.343
2014/08/19 09:02:15,1.21,37.64265,-122.09234,46.260,57.441,0.0,-73,0.542,1.250,2.787
2014/08/19 09:02:20,1.58,37.64164,-122.09162,48.228,57.718,0.0,-59,0.850,1.333,2.055
2014/08/19 09:02:25,1.65,37.64064,-122.09089,48.228,56.281,0.0,-59,1.280,0.458,3.265
2014/08/19 09:02:30,1.65,37.63966,-122.09019,47.244,55.476,0.0,-59,0.576,1.375,1.260
2014/08/19 09:02:35,1.49,37.63870,-122.08948,43.635,55.426,0.0,-59,0.731,0.000,0.331
2014/08/19 09:02:40,1.41,37.63774,-122.08879,40.682,55.257,0.0,-59,0.542,1.333,1.462
2014/08/19 09:02:45,1.49,37.63677,-122.08810,36.745,55.977,0.0,-59,0.468,0.875,2.231
2014/08/19 09:02:50,1.69,37.63577,-122.08738,35.105,57.357,0.0,-59,0.513,1.333,0.000
2014/08/19 09:02:55,1.68,37.63477,-122.08667,31.168,58.159,0.0,-71,0.855,1.375,2.171
2014/08/19 09:03:00,1.68,37.63374,-122.08592,26.903,59.472,0.0,-71,0.744,0.000,2.791
2014/08/19 09:03:05,1.52,37.63268,-122.08516,23.294,61.187,0.0,-71,0.423,0.917,0.000
2014/08/19 09:03:10,1.62,37.63161,-122.08440,19.685,60.245,0.0,-71,0.660,0.458,6.899
2014/08/19 09:03:15,1.5,37.63051,-122.08363,17.717,63.007,0.0,-71,0.310,0.458,4.839
2014/08/19 09:03:20,1.78,37.62941,-122.08284,14.764,62.678,0.0,-71,0.305,0.958,2.382
2014/08/19 09:03:25,1.63,37.62832,-122.08206,12.467,60.745,0.0,-79,0.195,0.000,1.510
2014/08/19 09:03:30,1.66,37.62726,-122.08130,12.467,60.639,0.0,-79,0.347,0.958,2.861
2014/08/19 09:03:35,1.63,37.62621,-122.08053,12.139,60.296,0.0,-79,0.469,0.000,1.764
2014/08/19 09:03:40,1.5,37.62516,-122.07979,11.155,59.623,0.0,-79,0.689,0.917,2.243
2014/08/19 09:03:45,1.46,37.62412,-122.07904,9.514,59.020,0.0,-79,0.458,1.375,0.000
2014/08/19 09:03:50,1.65,37.62305,-122.07829,7.546,62.228,0.0,-79,0.179,0.000,0.000
2014/08/19 09:03:55,1.5,37.62196,-122.07752,4.593,60.932,0.0,-91,0.199,0.458,8.442
2014/08/19 09:04:00,1.43,37.62089,-122.07675,2.625,62.196,0.0,-91,0.520,0.958,2.475
2014/08/19 09:04:05,1.43,37.61979,-122.07598,3.937,62.655,0.0,-91,0.000,1.250,2.543
2014/08/19 09:04:10,1.43,37.61869,-122.07521,5.577,62.778,0.0,-91,0.750,0.000,1.167
2014/08/19 09:04:15,1.43,37.61760,-122.07443,5.906,59.883,0.0,-91,0.774,1.375,2.831
2014/08/19 09:04:20,1.44,37.61652,-122.07366,6.234,61.879,0.0,-91,0.943,0.958,2.515
2014/08/19 09:04:25,1.46,37.61541,-122.07288,5.906,62.658,0.0,-51,0.934,0.917,1.527
2014/08/19 09:04:30,1.44,37.61431,-122.07211,10.171,61.204,0.0,-51,1.022,1.500,1.227
2014/08/19 09:04:35,1.56,37.61323,-122.07134,11.155,61.763,0.0,-51,1.011,0.000,2.503
2014/08/19 09:04:40,1.44,37.61214,-122.07057,11.483,60.907,0.0,-51,0.777,1.458,1.467
2014/08/19 09:04:45,1.57,37.61111,-122.06984,13.123,58.234,0.0,-51,1.208,1.500,3.267
2014/08/19 09:04:50,1.44,37.61009,-122.06912,23.622,58.410,0.0,-51,0.453,0.000,0.000
2014/08/19 09:04:55,1.44,37.60906,-122.06839,34.449,58.118,0.0,-51,0.275,0.500,0.000
2014/08/19 09:05:00,1.44,37.60806,-122.06767,36.745,57.759,0.0,-87,0.225,0.000,1.443
2014/08/19 09:05:05,1.44,37.60704,-122.06694,29.528,58.910,0.0,-87,1.021,1.042,0.963
2014/08/19 09:05:10,1.48,37.60599,-122.06618,21.325,61.075,0.0,-87,1.396,1.500,2.151
2014/08/19 09:05:15,1.44,37.60492,-122.06541,16.076,62.152,0.0,-87,0.980,1.000,2.671
2014/08/19 09:05:20,1.44,37.60382,-122.06463,15.748,63.398,0.0,-87,1.278,0.000,0.000
2014/08/19 09:05:25,1.57,37.60269,-122.06383,16.404,64.631,0.0,-87,0.358,1.000,4.251
2014/08/19 09:05:30,1.65,37.60156,-122.06303,17.060,65.038,0.0,-81,0.462,1.583,2.625
2014/08/19 09:05:35,1.57,37.60041,-122.06221,16.732,66.347,0.0,-81,0.568,0.000,2.485
2014/08/19 09:05:40,1.57,37.59924,-122.06138,18.045,66.812,0.0,-81,0.558,1.500,0.000
2014/08/19 09:05:45,1.58,37.59808,-122.06054,19.357,65.664,0.0,-81,0.996,1.042,5.091
2014/08/19 09:05:50,1.58,37.59693,-122.05974,20.997,65.025,0.0,-81,0.567,1.083,2.354
2014/08/19 09:05:55,1.58,37.59580,-122.05893,25.262,63.778,0.0,-81,0.791,0.000,1.110
2014/08/19 09:06:00,1.63,37.59465,-122.05811,24.934,66.876,0.0,-85,1.118,1.083,0.670
2014/08/19 09:06:05,1.64,37.59348,-122.05727,23.622,67.609,0.0,-85,0.914,1.042,0.675
2014/08/19 09:06:10,1.58,37.59230,-122.05642,23.950,68.095,0.0,-85,0.570,1.667,3.183
2014/08/19 09:06:15,1.71,37.59109,-122.05559,24.606,67.040,0.0,-85,0.665,0.000,3.296
2014/08/19 09:06:20,1.58,37.58995,-122.05480,24.934,64.062,0.0,-85,1.188,1.083,1.337
2014/08/19 09:06:25,1.58,37.58883,-122.05400,23.950,64.296,0.0,-85,0.628,1.083,0.454
2014/08/19 09:06:30,1.58,37.58769,-122.05318,23.622,65.345,0.0,-93,0.611,1.083,1.110
2014/08/19 09:06:35,1.58,37.58656,-122.05237,24.934,64.913,0.0,-93,0.631,0.000,1.383
2014/08/19 09:06:40,1.58,37.58544,-122.05158,29.528,62.458,0.0,-93,0.838,1.083,2.147
2014/08/19 09:06:45,1.59,37.58436,-122.05084,34.121,60.464,0.0,-93,0.728,1.625,0.000
2014/08/19 09:06:50,1.64,37.58324,-122.05020,36.745,61.562,0.0,-93,0.850,0.000,6.733
2014/08/19 09:06:55,1.64,37.58210,-122.04967,34.777,59.230,0.0,-93,0.483,0.000,0.000
2014/08/19 09:07:00,1.64,37.58097,-122.04923,30.512,57.651,0.0,-93,0.636,1.125,0.373
2014/08/19 09:07:05,1.65,37.57988,-122.04884,28.871,56.091,0.0,-75,0.558,2.292,0.914
2014/08/19 09:07:10,2.21,37.57878,-122.04847,30.840,56.961,0.0,-75,0.226,0.000,1.222
2014/08/19 09:07:15,1.65,37.57772,-122.04808,31.496,53.453,0.0,-75,0.460,1.208,0.483
2014/08/19 09:07:20,1.65,37.57674,-122.04775,32.152,47.633,0.0,-75,1.164,1.708,0.362
2014/08/19 09:07:25,1.65,37.57578,-122.04744,32.152,48.662,0.0,-75,0.816,1.750,0.230
2014/08/19 09:07:30,1.65,37.57480,-122.04711,33.136,50.628,0.0,-75,1.289,2.333,0.265
2014/08/19 09:07:35,1.65,37.57379,-122.04676,34.121,53.377,0.0,-51,0.599,3.000,0.238
2014/08/19 09:07:40,1.65,37.57278,-122.04642,36.089,50.579,0.0,-51,1.157,1.167,0.298
2014/08/19 09:07:45,1.65,37.57181,-122.04604,36.089,49.234,0.0,-51,1.193,1.208,0.248
2014/08/19 09:07:50,2.0,37.57089,-122.04560,36.745,49.310,0.0,-51,1.465,0.000,0.290
2014/08/19 09:07:55,1.68,37.57000,-122.04507,36.745,48.439,0.0,-51,0.841,0.000,1.611
2014/08/19 09:08:00,1.65,37.56914,-122.04444,33.793,50.847,0.0,-51,0.459,0.000,0.449
2014/08/19 09:08:05,1.99,37.56829,-122.04373,33.465,51.025,0.0,-87,0.251,0.042,0.719
2014/08/19 09:08:10,1.67,37.56748,-122.04294,32.480,52.015,0.0,-87,0.137,0.000,3.535
2014/08/19 09:08:15,1.67,37.56669,-122.04209,32.808,49.371,0.0,-87,0.274,0.083,0.562
2014/08/19 09:08:20,1.66,37.56596,-122.04134,35.433,46.116,0.0,-87,0.426,0.833,0.942
2014/08/19 09:08:25,1.66,37.56522,-122.04067,36.745,43.038,0.0,-87,0.376,0.792,0.885
2014/08/19 09:08:30,1.92,37.56456,-122.04009,38.386,37.702,0.0,-87,0.962,1.000,0.878
2014/08/19 09:08:35,1.66,37.56385,-122.03986,43.635,38.226,0.0,-81,1.337,1.083,0.507
2014/08/19 09:08:40,1.66,37.56311,-122.03981,52.493,32.514,0.0,-81,0.825,0.542,0.770
2014/08/19 09:08:45,1.66,37.56270,-122.03960,60.696,11.438,0.0,-81,0.580,0.625,0.806
2014/08/19 09:08:50,1.66,37.56265,-122.03956,59.711,0.021,0.0,-81,0.601,0.958,0.690
2014/08/19 09:08:55,1.61,37.56265,-122.03957,55.118,0.052,0.0,-81,0.749,1.250,0.774
2014/08/19 09:09:00,1.61,37.56264,-122.03957,52.493,0.076,0.0,-81,0.434,0.958,1.397
2014/08/19 09:09:05,1.61,37.56259,-122.03950,52.493,9.760,0.0,-81,0.558,1.500,2.201
2014/08/19 09:09:10,1.61,37.56255,-122.03921,56.430,14.696,0.0,-83,0.770,1.500,2.918
2014/08/19 09:09:15,1.69,37.56285,-122.03891,60.696,22.555,0.0,-83,0.523,0.000,0.000
2014/08/19 09:09:20,1.91,37.56326,-122.03857,60.696,27.413,0.0,-83,0.556,1.083,5.995
2014/08/19 09:09:25,1.91,37.56372,-122.03820,58.071,27.294,0.0,-83,1.159,1.375,1.143
2014/08/19 09:09:30,1.92,37.56406,-122.03776,52.165,23.828,0.0,-83,0.745,1.083,0.531
2014/08/19 09:09:35,1.62,37.56383,-122.03722,43.307,27.345,0.0,-83,0.916,0.000,0.802
2014/08/19 09:09:40,1.65,37.56333,-122.03744,35.433,29.890,0.0,-81,0.471,0.000,1.071
2014/08/19 09:09:45,2.27,37.56348,-122.03810,35.761,31.284,0.0,-81,0.542,1.083,2.101
2014/08/19 09:09:50,1.98,37.56404,-122.03872,30.840,41.261,0.0,-81,0.298,0.583,1.646
2014/08/19 09:09:55,1.62,37.56471,-122.03952,30.840,50.263,0.0,-81,0.661,0.000,3.131
2014/08/19 09:10:00,1.62,37.56549,-122.04040,29.528,54.162,0.0,-81,1.183,0.625,0.213
2014/08/19 09:10:05,1.62,37.56635,-122.04133,27.887,58.217,0.0,-81,1.467,1.125,0.356
2014/08/19 09:10:10,1.62,37.56726,-122.04231,27.887,59.595,0.0,-81,0.000,0.542,1.565
2014/08/19 09:10:15,1.7,37.56818,-122.04325,27.231,58.720,0.0,-81,0.617,0.542,1.947
2014/08/19 09:10:20,1.7,37.56915,-122.04410,25.919,59.325,0.0,-81,0.928,0.000,0.747
2014/08/19 09:10:25,1.6,37.57020,-122.04484,24.606,60.631,0.0,-81,1.461,1.083,1.798
2014/08/19 09:10:30,1.9,37.57129,-122.04548,24.934,60.202,0.0,-81,0.983,1.125,0.775
2014/08/19 09:10:35,1.9,37.57244,-122.04599,23.622,61.434,0.0,-81,0.597,0.583,1.715
2014/08/19 09:10:40,1.64,37.57365,-122.04640,21.654,61.209,0.0,-87,0.509,1.125,1.424
2014/08/19 09:10:45,1.68,37.57482,-122.04680,19.685,59.565,0.0,-87,0.627,0.000,2.007
2014/08/19 09:10:50,1.64,37.57596,-122.04718,21.325,57.879,0.0,-87,0.639,1.125,0.446
2014/08/19 09:10:55,1.72,37.57707,-122.04756,19.029,56.630,0.0,-87,0.669,1.167,0.361
2014/08/19 09:11:00,1.68,37.57816,-122.04792,19.029,55.158,0.0,-87,1.056,0.000,1.218
2014/08/19 09:11:05,1.61,37.57921,-122.04833,20.341,54.963,0.0,-87,0.517,1.625,0.604
2014/08/19 09:11:10,1.61,37.58027,-122.04866,20.341,53.478,0.0,-87,0.462,1.083,0.589
2014/08/19 09:11:15,1.61,37.58124,-122.04901,24.278,47.173,0.0,-83,0.786,1.125,0.211
2014/08/19 09:11:20,1.61,37.58213,-122.04939,28.215,46.721,0.0,-83,0.854,0.000,1.322
2014/08/19 09:11:25,1.61,37.58302,-122.04981,29.528,48.747,0.0,-83,0.350,1.125,1.809
2014/08/19 09:11:30,1.61,37.58391,-122.05030,31.496,48.918,0.0,-83,0.439,0.000,3.751
2014/08/19 09:11:35,1.62,37.58476,-122.05087,29.199,46.471,0.0,-83,0.428,0.542,1.950
2014/08/19 09:11:40,2.22,37.58560,-122.05147,25.919,49.695,0.0,-83,0.000,0.000,0.000
2014/08/19 09:11:45,2.3,37.58650,-122.05210,23.622,53.682,0.0,-87,0.000,0.542,0.831
2014/08/19 09:11:50,1.78,37.58747,-122.05281,23.950,56.698,0.0,-87,0.000,1.083,0.887
2014/08/19 09:11:55,1.62,37.58847,-122.05353,24.606,58.211,0.0,-87,0.000,1.083,1.507
2014/08/19 09:12:00,1.62,37.58949,-122.05426,24.934,57.462,0.0,-87,0.000,0.000,2.259
2014/08/19 09:12:05,1.62,37.59049,-122.05498,25.591,58.064,0.0,-87,0.000,1.625,4.371
2014/08/19 09:12:11,1.62,37.59151,-122.05571,25.919,58.570,0.0,-87,0.000,1.083,0.000
2014/08/19 09:12:16,1.62,37.59252,-122.05643,26.575,56.773,0.0,-97,0.000,0.000,2.571
2014/08/19 09:12:21,1.62,37.59350,-122.05712,26.903,56.698,0.0,-97,0.000,1.625,3.833
2014/08/19 09:12:26,1.63,37.59450,-122.05784,28.543,57.663,0.0,-97,0.000,1.083,2.587
2014/08/19 09:12:31,1.63,37.59551,-122.05856,32.152,58.310,0.0,-97,0.000,0.000,0.000
2014/08/19 09:12:36,1.8,37.59659,-122.05932,29.856,63.424,0.0,-97,0.000,1.083,6.575
2014/08/19 09:12:41,1.8,37.59768,-122.06011,25.919,62.368,0.0,-97,0.000,1.125,1.870
2014/08/19 09:12:46,2.17,37.59876,-122.06087,23.622,59.887,0.0,-85,0.000,0.000,2.194
2014/08/19 09:12:51,1.8,37.59981,-122.06165,20.669,60.960,0.0,-85,0.000,1.625,0.000
2014/08/19 09:12:56,1.63,37.60088,-122.06240,21.982,60.912,0.0,-85,0.000,1.083,4.606
2014/08/19 09:13:01,1.8,37.60189,-122.06313,22.638,53.117,0.0,-85,0.006,0.000,1.994
2014/08/19 09:13:06,1.63,37.60283,-122.06380,23.950,54.158,0.0,-85,0.648,1.625,2.223
2014/08/19 09:13:11,1.63,37.60380,-122.06449,23.622,56.223,0.0,-85,1.269,1.083,4.379
2014/08/19 09:13:16,1.63,37.60479,-122.06518,25.262,55.804,0.0,-85,0.811,1.083,1.334
2014/08/19 09:13:21,1.64,37.60577,-122.06589,30.184,56.129,0.0,-75,0.567,0.000,1.817
2014/08/19 09:13:26,1.64,37.60674,-122.06658,37.073,55.661,0.0,-75,0.368,1.208,1.259
2014/08/19 09:13:31,1.64,37.60773,-122.06728,44.291,56.388,0.0,-75,0.401,1.083,1.110
2014/08/19 09:13:36,2.26,37.60870,-122.06797,47.244,53.984,0.0,-75,0.213,0.000,2.918
2014/08/19 09:13:41,1.64,37.60964,-122.06865,39.698,54.682,0.0,-75,0.000,0.000,0.000
2014/08/19 09:13:46,1.64,37.61061,-122.06934,27.559,55.678,0.0,-75,0.050,0.000,0.000
2014/08/19 09:13:51,2.26,37.61160,-122.07004,22.638,56.256,0.0,-85,0.042,0.000,0.000
2014/08/19 09:13:56,2.26,37.61256,-122.07072,22.638,54.522,0.0,-85,0.053,0.000,6.043
2014/08/19 09:14:01,2.26,37.61350,-122.07140,22.638,53.260,0.0,-85,0.003,0.000,0.974
2014/08/19 09:14:06,2.27,37.61441,-122.07205,22.638,52.050,0.0,-85,1.414,0.042,0.198
2014/08/19 09:14:11,2.27,37.61534,-122.07271,20.013,54.043,0.0,-85,1.092,1.167,0.375
2014/08/19 09:14:16,2.27,37.61632,-122.07341,20.013,56.950,0.0,-85,0.833,1.083,1.121
2014/08/19 09:14:21,2.27,37.61731,-122.07412,18.701,56.405,0.0,-61,0.822,0.000,1.046
2014/08/19 09:14:26,2.33,37.61830,-122.07482,17.060,56.999,0.0,-61,1.144,1.042,0.490
2014/08/19 09:14:31,2.33,37.61932,-122.07555,18.045,58.449,0.0,-61,0.994,1.083,1.251
2014/08/19 09:14:36,2.33,37.62034,-122.07628,18.045,58.439,0.0,-61,0.428,0.542,0.584
2014/08/19 09:14:41,2.33,37.62138,-122.07702,19.685,60.400,0.0,-61,1.078,1.083,0.616
2014/08/19 09:14:46,1.71,37.62244,-122.07777,21.654,60.109,0.0,-61,0.859,1.125,0.682
2014/08/19 09:14:51,2.34,37.62349,-122.07852,22.966,59.713,0.0,-75,0.328,0.875,1.030
2014/08/19 09:14:56,2.34,37.62474,-122.07941,24.278,60.166,0.0,-75,0.600,1.083,0.664
2014/08/19 09:15:01,2.34,37.62558,-122.08001,25.591,60.430,0.0,-75,0.960,0.958,0.614
2014/08/19 09:15:06,2.34,37.62686,-122.08092,26.575,60.947,0.0,-75,0.723,0.708,1.004
2014/08/19 09:15:11,2.46,37.62792,-122.08168,25.262,60.376,0.0,-75,0.709,0.000,1.222
2014/08/19 09:15:16,1.73,37.62898,-122.08243,25.919,59.490,0.0,-75,0.735,1.167,0.000
2014/08/19 09:15:21,2.55,37.63002,-122.08317,27.559,59.352,0.0,-87,0.702,1.000,3.091
2014/08/19 09:15:26,2.46,37.63106,-122.08392,28.543,59.418,0.0,-87,0.150,0.625,0.000
2014/08/19 09:15:31,2.47,37.63212,-122.08468,31.496,61.626,0.0,-87,0.070,0.375,0.000
2014/08/19 09:15:36,2.47,37.63317,-122.08542,33.136,59.218,0.0,-87,0.289,0.458,0.844
2014/08/19 09:15:41,2.47,37.63420,-122.08616,35.433,57.966,0.0,-87,0.203,0.333,0.236
2014/08/19 09:15:46,2.91,37.63521,-122.08689,40.354,57.815,0.0,-87,0.006,0.000,0.724
2014/08/19 09:15:51,2.47,37.63620,-122.08761,42.323,57.055,0.0,-87,0.532,1.083,0.722
2014/08/19 09:15:56,2.47,37.63722,-122.08833,45.932,58.345,0.0,-65,0.607,1.417,1.242
2014/08/19 09:16:01,2.47,37.63825,-122.08907,47.900,59.652,0.0,-65,0.811,1.083,1.630
2014/08/19 09:16:06,2.47,37.63930,-122.08981,49.213,59.614,0.0,-65,0.712,0.000,2.114
2014/08/19 09:16:11,2.48,37.64036,-122.09055,51.181,59.869,0.0,-65,0.828,1.542,0.000
2014/08/19 09:16:16,1.74,37.64140,-122.09130,49.541,60.151,0.0,-65,0.764,1.500,4.335
2014/08/19 09:16:21,1.74,37.64247,-122.09206,47.572,60.655,0.0,-65,0.488,0.958,1.806
2014/08/19 09:16:26,1.74,37.64354,-122.09282,46.260,61.814,0.0,-51,0.892,0.000,1.427
2014/08/19 09:16:31,2.48,37.64462,-122.09358,45.932,61.204,0.0,-51,1.230,1.000,1.990
2014/08/19 09:16:36,1.74,37.64569,-122.09434,50.525,61.857,0.0,-51,1.439,1.375,2.090
2014/08/19 09:16:41,1.74,37.64676,-122.09508,58.399,59.657,0.0,-51,0.523,1.042,1.455
2014/08/19 09:16:46,2.48,37.64779,-122.09584,61.024,59.375,0.0,-51,0.763,0.000,0.000
2014/08/19 09:16:51,2.48,37.64882,-122.09660,57.743,56.269,0.0,-51,0.383,1.500,3.170
2014/08/19 09:16:56,2.49,37.64981,-122.09728,56.759,55.633,0.0,-81,0.603,1.042,3.157
2014/08/19 09:17:01,1.75,37.65079,-122.09791,63.648,56.007,0.0,-81,0.865,1.000,3.251
2014/08/19 09:17:06,1.75,37.65181,-122.09854,62.336,56.403,0.0,-81,0.414,0.000,2.270
2014/08/19 09:17:11,1.75,37.65284,-122.09917,60.039,56.165,0.0,-81,0.551,1.042,2.122
2014/08/19 09:17:16,1.75,37.65386,-122.09979,60.039,56.767,0.0,-81,0.439,1.042,2.159
2014/08/19 09:17:21,1.75,37.65489,-122.10043,61.024,57.505,0.0,-81,0.434,1.500,0.000
2014/08/19 09:17:26,1.75,37.65593,-122.10108,61.024,57.641,0.0,-81,0.086,0.000,7.346
2014/08/19 09:17:31,1.75,37.65698,-122.10173,63.976,59.713,0.0,-81,0.183,1.000,0.000
2014/08/19 09:17:36,1.75,37.65804,-122.10240,65.289,58.524,0.0,-81,0.563,1.167,3.906
2014/08/19 09:17:41,1.76,37.65909,-122.10305,65.289,58.537,0.0,-81,0.277,0.542,0.000
2014/08/19 09:17:46,1.76,37.66014,-122.10370,66.601,57.794,0.0,-81,0.120,0.000,7.391
2014/08/19 09:17:51,1.76,37.66118,-122.10434,65.289,57.369,0.0,-81,0.260,0.583,2.690
2014/08/19 09:17:56,1.76,37.66221,-122.10497,63.320,56.936,0.0,-81,0.396,1.125,2.911
2014/08/19 09:18:01,1.76,37.66326,-122.10562,62.336,57.094,0.0,-71,0.419,0.000,2.062
2014/08/19 09:18:06,1.76,37.66428,-122.10626,65.289,56.334,0.0,-71,0.688,1.125,2.651
2014/08/19 09:18:11,1.76,37.66526,-122.10687,72.507,54.292,0.0,-71,1.082,1.125,2.346
2014/08/19 09:18:16,1.76,37.66625,-122.10748,77.756,55.664,0.0,-71,0.795,0.000,0.000
2014/08/19 09:18:21,1.86,37.66727,-122.10812,76.772,56.583,0.0,-71,0.569,1.167,0.406
2014/08/19 09:18:26,1.76,37.66832,-122.10877,71.194,59.108,0.0,-71,0.351,0.667,0.430
2014/08/19 09:18:31,1.76,37.66940,-122.10944,69.554,61.914,0.0,-51,0.180,0.583,1.288
2014/08/19 09:18:36,1.77,37.67052,-122.11014,70.538,62.085,0.0,-51,0.450,0.000,0.401
2014/08/19 09:18:41,1.77,37.67160,-122.11097,68.241,63.385,0.0,-51,0.654,1.125,0.546
2014/08/19 09:18:46,2.51,37.67261,-122.11194,60.039,62.800,0.0,-51,0.515,1.125,0.211
2014/08/19 09:18:51,1.98,37.67350,-122.11304,55.774,61.178,0.0,-51,0.330,0.583,0.215
2014/08/19 09:18:56,1.98,37.67432,-122.11420,51.509,61.098,0.0,-51,0.444,0.000,0.423
2014/08/19 09:19:01,1.83,37.67516,-122.11534,45.276,61.778,0.0,-87,0.286,0.583,1.920
2014/08/19 09:19:06,1.99,37.67602,-122.11646,38.714,61.540,0.0,-87,0.296,0.000,0.505
2014/08/19 09:19:11,1.99,37.67683,-122.11766,36.089,62.888,0.0,-87,0.217,0.000,1.239
2014/08/19 09:19:16,2.05,37.67763,-122.11893,44.948,63.789,0.0,-87,0.187,0.000,0.263
2014/08/19 09:19:21,2.24,37.67843,-122.12019,46.916,62.871,0.0,-87,0.357,0.000,0.291
2014/08/19 09:19:26,2.1,37.67926,-122.12139,42.979,61.880,0.0,-87,0.610,0.042,0.347
2014/08/19 09:19:31,2.0,37.68007,-122.12252,38.058,58.196,0.0,-87,0.405,0.792,0.390
2014/08/19 09:19:36,1.78,37.68084,-122.12362,32.808,57.871,0.0,-85,0.775,0.750,0.509
2014/08/19 09:19:41,1.71,37.68161,-122.12474,31.824,59.242,0.0,-85,0.260,0.542,1.896
2014/08/19 09:19:46,1.71,37.68241,-122.12589,36.089,60.501,0.0,-85,0.548,0.208,0.226
2014/08/19 09:19:51,1.71,37.68321,-122.12704,39.042,60.051,0.0,-85,1.044,1.000,0.510
2014/08/19 09:19:56,1.71,37.68399,-122.12818,46.588,58.616,0.0,-85,0.486,1.583,0.470
2014/08/19 09:20:01,1.71,37.68475,-122.12928,55.118,57.048,0.0,-85,0.800,1.125,1.615
2014/08/19 09:20:06,1.95,37.68551,-122.13038,56.102,57.218,0.0,-79,0.376,0.750,2.327
2014/08/19 09:20:11,1.95,37.68629,-122.13150,55.118,59.385,0.0,-79,0.600,1.417,0.642
2014/08/19 09:20:16,1.72,37.68708,-122.13265,50.197,60.504,0.0,-79,0.979,1.417,0.579
2014/08/19 09:20:21,2.51,37.68788,-122.13381,38.058,60.809,0.0,-79,0.596,1.792,1.162
2014/08/19 09:20:26,1.95,37.68868,-122.13498,33.793,60.794,0.0,-79,0.699,1.875,2.551
2014/08/19 09:20:31,1.96,37.68946,-122.13611,31.168,57.866,0.0,-79,0.644,1.833,0.610
2014/08/19 09:20:36,1.96,37.69022,-122.13721,33.136,56.254,0.0,-73,0.510,0.000,2.206
2014/08/19 09:20:41,1.72,37.69096,-122.13828,23.294,55.674,0.0,-73,0.274,0.458,1.138
2014/08/19 09:20:46,1.72,37.69171,-122.13937,11.155,58.381,0.0,-73,0.274,1.042,0.767
2014/08/19 09:20:51,1.96,37.69249,-122.14048,8.858,58.101,0.0,-73,0.339,1.333,0.438
2014/08/19 09:20:56,1.97,37.69323,-122.14155,9.843,55.482,0.0,-73,0.425,0.000,0.343
2014/08/19 09:21:01,1.97,37.69398,-122.14263,10.499,57.287,0.0,-73,0.277,0.917,0.858
2014/08/19 09:21:06,2.02,37.69474,-122.14373,10.827,58.784,0.0,-87,0.172,1.375,3.235
2014/08/19 09:21:11,1.97,37.69551,-122.14485,11.155,58.038,0.0,-87,0.133,0.000,0.000
2014/08/19 09:21:16,1.97,37.69628,-122.14597,11.483,59.384,0.0,-87,0.053,0.917,5.708
2014/08/19 09:21:21,1.98,37.69707,-122.14712,13.123,60.101,0.0,-87,0.117,0.917,4.090
2014/08/19 09:21:26,2.54,37.69784,-122.14825,17.060,56.405,0.0,-87,0.509,0.000,0.263
2014/08/19 09:21:31,1.73,37.69854,-122.14922,16.404,49.531,0.0,-87,0.823,0.958,0.451
2014/08/19 09:21:36,1.73,37.69925,-122.15014,18.701,52.148,0.0,-87,1.047,1.833,0.474
2014/08/19 09:21:41,1.98,37.69994,-122.15114,17.060,51.957,0.0,-81,0.759,1.833,0.646
2014/08/19 09:21:46,1.98,37.70062,-122.15214,15.092,51.857,0.0,-81,0.508,1.333,1.373
2014/08/19 09:21:51,1.99,37.70130,-122.15313,15.092,51.541,0.0,-81,0.899,0.000,2.005
2014/08/19 09:21:56,1.99,37.70199,-122.15412,17.060,51.366,0.0,-81,0.676,1.375,1.183
2014/08/19 09:22:01,1.99,37.70266,-122.15509,20.669,50.753,0.0,-81,0.661,1.833,1.310
2014/08/19 09:22:06,1.99,37.70331,-122.15604,20.669,48.491,0.0,-81,0.678,1.833,1.453
2014/08/19 09:22:11,1.99,37.70397,-122.15699,17.388,49.834,0.0,-59,0.674,1.792,0.632
2014/08/19 09:22:16,2.0,37.70463,-122.15795,15.092,50.145,0.0,-59,0.504,1.833,0.458
2014/08/19 09:22:21,2.0,37.70529,-122.15890,14.436,50.237,0.0,-59,0.611,0.000,0.351
2014/08/19 09:22:26,2.0,37.70595,-122.15988,15.748,51.366,0.0,-59,0.457,1.833,0.761
2014/08/19 09:22:31,2.02,37.70664,-122.16088,15.092,50.635,0.0,-59,0.513,1.417,2.066
2014/08/19 09:22:36,2.12,37.70736,-122.16192,15.420,56.238,0.0,-59,0.584,1.917,0.934
2014/08/19 09:22:41,1.74,37.70809,-122.16298,18.045,54.823,0.0,-57,0.792,1.833,1.483
2014/08/19 09:22:46,2.01,37.70880,-122.16400,14.764,51.792,0.0,-57,0.550,1.833,2.015
2014/08/19 09:22:51,1.75,37.70946,-122.16497,14.436,48.752,0.0,-57,0.346,0.000,1.371
2014/08/19 09:22:56,2.01,37.71007,-122.16581,11.483,42.304,0.0,-57,0.439,1.542,2.210
2014/08/19 09:23:01,1.75,37.71064,-122.16652,10.499,36.595,0.0,-57,0.759,1.000,1.430
2014/08/19 09:23:06,1.82,37.71113,-122.16688,14.108,24.927,0.0,-57,0.586,0.000,2.082
2014/08/19 09:23:11,1.75,37.71148,-122.16647,20.669,25.827,0.0,-87,0.212,1.000,0.586
2014/08/19 09:23:16,1.77,37.71153,-122.16584,32.480,22.545,0.0,-87,0.911,1.000,0.589
2014/08/19 09:23:21,2.15,37.71124,-122.16566,41.667,16.590,0.0,-87,0.464,1.000,1.099
2014/08/19 09:23:26,1.75,37.71103,-122.16598,51.181,22.337,0.0,-87,0.401,0.000,1.009
2014/08/19 09:23:31,1.81,37.71079,-122.16653,62.664,27.884,0.0,-87,0.613,1.458,1.063
2014/08/19 09:23:36,1.75,37.71051,-122.16718,59.383,29.510,0.0,-87,0.367,1.000,0.291
2014/08/19 09:23:41,1.76,37.71020,-122.16787,50.525,31.298,0.0,-87,0.191,0.000,1.638
2014/08/19 09:23:46,1.76,37.70989,-122.16850,44.948,29.056,0.0,-79,0.075,1.000,0.000
2014/08/19 09:23:51,1.77,37.70963,-122.16907,41.339,20.508,0.0,-79,0.159,0.500,0.451
2014/08/19 09:23:56,1.76,37.70946,-122.16942,45.276,14.827,0.0,-79,0.623,2.000,0.471
2014/08/19 09:24:01,1.76,37.70933,-122.16971,44.948,9.366,0.0,-79,0.795,1.958,0.815
2014/08/19 09:24:06,1.76,37.70930,-122.16980,42.651,0.110,0.0,-79,0.625,0.000,1.985
2014/08/19 09:24:11,1.76,37.70930,-122.16978,44.619,0.062,0.0,-79,0.869,2.083,2.258
2014/08/19 09:24:16,1.76,37.70930,-122.16977,47.572,0.063,0.0,-85,0.510,1.750,2.143
2014/08/19 09:24:21,1.76,37.70930,-122.16977,46.916,0.013,0.0,-85,0.624,1.750,1.001
2014/08/19 09:24:26,1.76,37.70930,-122.16978,43.635,0.029,0.0,-85,0.677,1.750,1.866
2014/08/19 09:24:31,1.76,37.70928,-122.16983,41.995,3.751,0.0,-85,0.752,1.750,1.797
2014/08/19 09:24:36,2.5,37.70922,-122.16997,41.339,10.677,0.0,-85,0.765,1.750,1.340
2014/08/19 09:24:41,1.77,37.70907,-122.17031,43.963,17.262,0.0,-85,0.969,1.750,1.443
2014/08/19 09:24:46,2.47,37.70890,-122.17073,43.307,19.650,0.0,-73,0.989,1.750,1.809
2014/08/19 09:24:51,1.8,37.70868,-122.17122,43.963,23.658,0.0,-73,1.631,1.750,1.359
2014/08/19 09:24:56,1.77,37.70843,-122.17177,42.651,24.673,0.0,-73,0.816,1.750,2.110
2014/08/19 09:25:01,1.77,37.70821,-122.17226,41.010,20.698,0.0,-73,0.740,1.750,2.322
2014/08/19 09:25:06,1.78,37.70798,-122.17277,40.682,24.420,0.0,-73,1.004,2.500,2.817
2014/08/19 09:25:11,1.77,37.70773,-122.17334,41.339,26.614,0.0,-73,0.688,0.000,2.131
2014/08/19 09:25:16,2.48,37.70747,-122.17398,41.010,29.054,0.0,-69,1.222,2.042,1.761
2014/08/19 09:25:21,1.77,37.70719,-122.17464,41.667,31.122,0.0,-69,1.403,2.042,2.249
2014/08/19 09:25:26,2.56,37.70689,-122.17535,44.948,31.695,0.0,-69,1.650,0.000,0.207
2014/08/19 09:25:31,2.48,37.70659,-122.17607,45.932,32.982,0.0,-69,2.008,0.000,0.230
2014/08/19 09:25:36,2.48,37.70629,-122.17680,45.932,31.078,0.0,-69,1.316,0.042,0.229
2014/08/19 09:25:41,2.07,37.70603,-122.17742,44.619,25.441,0.0,-69,0.412,1.583,1.044
2014/08/19 09:25:46,1.79,37.70579,-122.17800,37.073,25.450,0.0,-69,0.432,1.125,0.274
2014/08/19 09:25:51,1.78,37.70555,-122.17856,35.433,24.610,0.0,-55,0.384,1.000,1.114
2014/08/19 09:25:56,1.8,37.70533,-122.17910,29.199,22.992,0.0,-55,0.544,0.750,0.219
2014/08/19 09:26:01,2.49,37.70515,-122.17958,26.247,19.968,0.0,-55,0.480,1.625,0.559
2014/08/19 09:26:06,1.78,37.70499,-122.17999,25.591,13.920,0.0,-55,0.990,1.375,0.329
2014/08/19 09:26:11,1.82,37.70514,-122.18026,26.247,17.450,0.0,-55,0.990,1.458,0.278
2014/08/19 09:26:16,1.78,37.70551,-122.18054,21.982,22.967,0.0,-55,0.947,1.875,0.961
2014/08/19 09:26:21,1.78,37.70592,-122.18083,18.701,24.078,0.0,-61,1.000,2.458,2.043
2014/08/19 09:26:26,1.79,37.70635,-122.18115,17.388,24.550,0.0,-61,0.563,2.458,2.378
2014/08/19 09:26:31,1.79,37.70679,-122.18145,17.388,24.894,0.0,-61,0.742,0.000,1.422
2014/08/19 09:26:36,1.86,37.70723,-122.18175,17.388,24.865,0.0,-61,0.776,2.167,0.770
2014/08/19 09:26:41,1.79,37.70766,-122.18202,18.701,22.651,0.0,-61,0.583,2.000,1.052
2014/08/19 09:26:46,1.84,37.70800,-122.18225,15.420,14.774,0.0,-61,1.293,2.042,1.930
2014/08/19 09:26:51,1.79,37.70808,-122.18230,16.404,1.533,0.0,-71,1.040,2.042,2.142
2014/08/19 09:26:56,1.79,37.70825,-122.18242,16.076,16.017,0.0,-71,0.748,0.000,2.222
2014/08/19 09:27:01,1.79,37.70863,-122.18267,14.108,24.891,0.0,-71,0.799,2.042,1.218
2014/08/19 09:27:06,1.79,37.70913,-122.18298,12.795,28.698,0.0,-71,1.449,2.083,2.715
2014/08/19 09:27:11,1.79,37.70967,-122.18333,11.483,31.382,0.0,-71,0.972,1.958,1.086
2014/08/19 09:27:16,1.79,37.71024,-122.18371,10.827,31.913,0.0,-71,1.136,0.000,1.181
2014/08/19 09:27:21,1.8,37.71076,-122.18404,9.514,23.117,0.0,-83,0.767,2.333,1.635
2014/08/19 09:27:26,1.83,37.71096,-122.18420,11.155,2.485,0.0,-83,0.544,2.083,1.983
2014/08/19 09:27:31,1.8,37.71098,-122.18424,11.155,6.545,0.0,-83,1.044,2.250,1.105
2014/08/19 09:27:36,1.8,37.71090,-122.18449,14.108,14.439,0.0,-83,0.408,0.000,1.366
2014/08/19 09:27:41,1.81,37.71075,-122.18485,17.388,19.193,0.0,-83,0.459,2.042,0.810
2014/08/19 09:27:46,2.07,37.71055,-122.18535,15.748,24.325,0.0,-83,0.379,1.375,2.670
2014/08/19 09:27:51,2.95,37.71032,-122.18591,14.436,25.456,0.0,-83,0.761,0.000,2.011
2014/08/19 09:27:56,2.15,37.71008,-122.18649,11.483,26.466,0.0,-81,0.756,1.375,2.498
2014/08/19 09:28:01,2.08,37.70987,-122.18704,9.186,21.617,0.0,-81,0.722,1.375,1.690
2014/08/19 09:28:06,1.8,37.70970,-122.18747,9.843,15.776,0.0,-81,1.144,2.083,2.049
2014/08/19 09:28:11,1.87,37.70960,-122.18776,7.874,11.729,0.0,-81,0.535,2.083,2.243
2014/08/19 09:28:16,1.81,37.70948,-122.18806,8.202,16.149,0.0,-81,0.676,0.000,2.780
2014/08/19 09:28:21,1.81,37.70930,-122.18846,10.827,17.795,0.0,-81,0.678,2.042,2.050
2014/08/19 09:28:26,2.16,37.70914,-122.18886,9.186,16.937,0.0,-89,1.235,2.083,1.642
2014/08/19 09:28:31,1.81,37.70895,-122.18915,13.123,14.599,0.0,-89,0.914,2.292,1.211
2014/08/19 09:28:36,1.81,37.70866,-122.18913,14.764,16.096,0.0,-89,0.814,0.000,1.590
2014/08/19 09:28:41,1.92,37.70833,-122.18893,16.076,20.965,0.0,-89,0.995,2.083,1.718
2014/08/19 09:28:46,1.87,37.70796,-122.18869,18.701,21.084,0.0,-89,0.892,2.042,2.590
2014/08/19 09:28:51,1.87,37.70757,-122.18844,21.654,22.594,0.0,-89,1.131,2.083,1.531
2014/08/19 09:28:56,1.87,37.70716,-122.18818,23.294,23.162,0.0,-89,1.093,2.083,2.624
2014/08/19 09:29:01,1.87,37.70677,-122.18792,26.575,21.474,0.0,-89,1.226,0.000,1.090
2014/08/19 09:29:06,1.88,37.70640,-122.18770,26.575,17.988,0.0,-89,0.524,2.042,1.562
2014/08/19 09:29:11,1.88,37.70620,-122.18758,26.575,2.873,0.0,-89,1.091,2.042,1.505
2014/08/19 09:29:16,1.85,37.70614,-122.18748,27.231,8.673,0.0,-89,1.113,2.083,2.451
2014/08/19 09:29:21,1.82,37.70623,-122.18718,27.887,18.003,0.0,-89,1.464,2.083,1.611
2014/08/19 09:29:26,1.82,37.70644,-122.18668,26.903,25.565,0.0,-95,1.414,2.083,2.503
2014/08/19 09:29:31,1.82,37.70669,-122.18606,26.247,28.471,0.0,-95,1.261,0.000,1.767
2014/08/19 09:29:36,1.82,37.70696,-122.18542,25.919,29.556,0.0,-95,1.084,2.083,2.295
2014/08/19 09:29:41,1.82,37.70723,-122.18475,26.247,29.875,0.0,-95,1.258,2.042,1.615
2014/08/19 09:29:46,2.08,37.70751,-122.18408,26.903,30.218,0.0,-95,1.003,2.083,2.090
2014/08/19 09:29:51,1.84,37.70777,-122.18344,26.903,26.663,0.0,-95,1.531,0.000,2.135
2014/08/19 09:29:56,1.82,37.70797,-122.18296,27.887,17.183,0.0,-95,1.322,2.042,2.613
2014/08/19 09:30:01,1.82,37.70805,-122.18276,28.871,2.228,0.0,-77,1.845,2.083,2.182
2014/08/19 09:30:06,1.82,37.70811,-122.18263,29.199,9.824,0.0,-77,1.669,2.042,1.007
2014/08/19 09:30:11,1.83,37.70824,-122.18232,35.433,16.032,0.0,-77,0.880,0.000,1.027
2014/08/19 09:30:16,1.83,37.70834,-122.18217,37.730,5.123,0.0,-77,1.158,0.000,0.207
2014/08/19 09:30:21,2.56,37.70840,-122.18225,21.325,4.941,0.0,-77,1.226,0.042,0.203
2014/08/19 09:30:26,2.18,37.70843,-122.18240,18.373,7.022,0.0,-77,1.408,0.417,0.211
2014/08/19 09:30:31,2.18,37.70847,-122.18247,16.076,0.024,0.0,-79,0.750,1.500,0.257
2014/08/19 09:30:36,1.83,37.70847,-122.18246,19.029,0.138,0.0,-79,1.017,1.792,0.423
2014/08/19 09:30:41,1.83,37.70844,-122.18245,19.029,0.070,0.0,-79,0.977,1.750,0.442
2014/08/19 09:30:46,1.83,37.70843,-122.18244,22.310,0.044,0.0,-79,1.309,0.000,0.762
2014/08/19 09:30:51,2.57,37.70843,-122.18242,32.152,0.123,0.0,-79,0.615,1.750,0.779
2014/08/19 09:30:56,2.57,37.70843,-122.18241,41.010,0.111,0.0,-79,0.613,2.042,1.022
2014/08/19 09:31:01,2.57,37.70844,-122.18241,41.339,0.082,0.0,-75,0.980,1.958,1.458
2014/08/19 09:31:06,2.57,37.70843,-122.18242,39.698,0.039,0.0,-75,0.659,1.667,3.467
2014/08/19 09:31:11,2.57,37.70843,-122.18242,35.761,0.087,0.0,-75,0.411,1.792,1.329
2014/08/19 09:31:16,2.57,37.70843,-122.18243,29.856,0.038,0.0,-75,0.681,2.083,1.290
2014/08/19 09:31:21,2.57,37.70842,-122.18243,30.840,0.007,0.0,-75,1.047,1.792,1.657
2014/08/19 09:31:26,2.57,37.70843,-122.18244,29.528,0.044,0.0,-75,0.985,0.000,1.339
2014/08/19 09:31:31,1.84,37.70843,-122.18244,32.808,0.075,0.0,-77,1.374,1.833,1.783
2014/08/19 09:31:36,2.58,37.70842,-122.18244,35.761,0.111,0.0,-77,1.269,1.875,2.196
2014/08/19 09:31:41,1.84,37.70842,-122.18244,33.793,0.011,0.0,-77,1.744,1.833,0.863
2014/08/19 09:31:46,2.58,37.70842,-122.18245,29.528,0.199,0.0,-77,0.822,2.292,0.390
2014/08/19 09:31:51,1.84,37.70842,-122.18245,27.231,0.101,0.0,-77,0.696,0.000,0.483
2014/08/19 09:31:56,1.84,37.70841,-122.18245,27.887,0.026,0.0,-77,0.412,1.917,0.669
2014/08/19 09:32:01,1.84,37.70841,-122.18245,27.559,0.035,0.0,-77,0.712,1.917,1.530
2014/08/19 09:32:06,1.84,37.70842,-122.18245,29.528,0.021,0.0,-75,0.954,1.417,4.849
2014/08/19 09:32:11,1.84,37.70842,-122.18245,32.808,0.041,0.0,-75,1.333,1.875,1.458
2014/08/19 09:32:16,1.84,37.70842,-122.18246,33.793,0.104,0.0,-75,1.147,1.333,1.646
2014/08/19 09:32:21,1.84,37.70843,-122.18246,30.840,0.045,0.0,-75,0.834,1.958,1.612
2014/08/19 09:32:26,1.85,37.70843,-122.18247,25.591,0.068,0.0,-75,1.019,0.000,1.597
2014/08/19 09:32:31,1.85,37.70843,-122.18247,21.325,0.017,0.0,-75,1.166,1.958,2.203
2014/08/19 09:32:36,1.85,37.70843,-122.18248,20.997,0.021,0.0,-77,0.782,2.208,1.003
2014/08/19 09:32:41,1.85,37.70844,-122.18248,21.982,0.064,0.0,-77,0.653,2.167,0.878
2014/08/19 09:32:46,1.85,37.70844,-122.18247,22.966,0.036,0.0,-77,0.699,2.000,1.447
2014/08/19 09:32:51,1.85,37.70844,-122.18247,20.341,0.057,0.0,-77,0.640,0.000,1.287
2014/08/19 09:32:56,1.85,37.70844,-122.18248,16.732,0.029,0.0,-77,1.003,1.958,1.077
2014/08/19 09:33:01,1.85,37.70843,-122.18248,14.764,0.129,0.0,-77,1.735,1.958,1.390
2014/08/19 09:33:06,1.85,37.70844,-122.18247,19.685,0.101,0.0,-75,1.222,1.958,1.582
2014/08/19 09:33:11,1.85,37.70844,-122.18246,24.278,0.105,0.0,-75,0.956,1.958,2.529
2014/08/19 09:33:17,1.85,37.70844,-122.18246,28.215,0.109,0.0,-75,0.775,1.292,3.073
2014/08/19 09:33:22,1.85,37.70844,-122.18246,26.903,0.014,0.0,-75,1.039,1.333,1.583
2014/08/19 09:33:27,1.85,37.70845,-122.18246,26.575,0.039,0.0,-75,0.809,1.958,1.943
2014/08/19 09:33:32,1.85,37.70845,-122.18245,27.231,0.070,0.0,-75,1.083,1.958,2.136
2014/08/19 09:33:37,1.86,37.70844,-122.18244,28.871,0.080,0.0,-75,0.864,1.583,2.522
2014/08/19 09:33:42,1.86,37.70844,-122.18245,27.559,0.058,0.0,-75,1.509,0.000,0.749
2014/08/19 09:33:47,1.86,37.70844,-122.18245,26.903,0.044,0.0,-75,1.174,1.958,1.751
2014/08/19 09:33:52,1.86,37.70844,-122.18245,25.919,0.045,0.0,-75,1.279,1.958,1.810
2014/08/19 09:33:57,1.86,37.70844,-122.18245,27.887,0.062,0.0,-75,1.077,1.958,2.318
2014/08/19 09:34:02,1.86,37.70844,-122.18246,27.559,0.022,0.0,-75,0.718,1.958,2.135
2014/08/19 09:34:07,1.86,37.70845,-122.18246,25.591,0.060,0.0,-75,1.055,1.958,1.757
2014/08/19 09:34:12,1.86,37.70845,-122.18246,23.294,0.047,0.0,-75,0.737,1.792,0.742
2014/08/19 09:34:17,1.86,37.70845,-122.18247,20.341,0.058,0.0,-75,1.045,1.958,1.566
2014/08/19 09:34:22,2.61,37.70845,-122.18247,18.701,0.066,0.0,-75,0.661,0.000,1.716
2014/08/19 09:34:28,1.86,37.70845,-122.18247,19.357,0.075,0.0,-75,0.862,1.958,2.260
2014/08/19 09:34:33,1.86,37.70845,-122.18247,22.310,0.016,0.0,-75,1.011,1.958,1.930
2014/08/19 09:34:38,1.86,37.70845,-122.18247,23.294,0.021,0.0,-75,1.195,1.958,1.314
2014/08/19 09:34:43,1.86,37.70845,-122.18248,22.638,0.085,0.0,-75,0.842,1.958,1.814
2014/08/19 09:34:48,1.86,37.70845,-122.18247,25.262,0.091,0.0,-75,0.559,1.958,2.287
2014/08/19 09:34:53,2.61,37.70845,-122.18247,22.638,0.094,0.0,-75,0.630,0.000,1.590
2014/08/19 09:34:58,1.87,37.70844,-122.18248,18.373,0.021,0.0,-75,0.739,0.000,0.208
2014/08/19 09:35:03,2.62,37.70844,-122.18248,18.373,0.031,0.0,-75,1.136,0.042,0.219
2014/08/19 09:35:08,2.62,37.70844,-122.18247,21.654,0.078,0.0,-75,1.183,1.125,0.573
2014/08/19 09:35:13,1.87,37.70843,-122.18246,28.215,0.148,0.0,-77,1.900,1.250,0.000
2014/08/19 09:35:18,2.62,37.70843,-122.18247,26.247,0.060,0.0,-77,2.414,1.625,0.000
2014/08/19 09:35:23,2.62,37.70844,-122.18247,24.278,0.036,0.0,-77,1.836,1.375,0.258
2014/08/19 09:35:28,2.62,37.70844,-122.18247,24.606,0.021,0.0,-77,1.192,0.000,0.230
2014/08/19 09:35:33,2.62,37.70843,-122.18247,25.591,0.074,0.0,-77,1.352,1.333,0.490
2014/08/19 09:35:38,1.87,37.70843,-122.18248,25.591,0.065,0.0,-77,1.501,2.250,1.441
2014/08/19 09:35:43,1.87,37.70843,-122.18248,25.591,0.035,0.0,-81,1.109,2.375,1.867
2014/08/19 09:35:48,1.87,37.70843,-122.18248,28.215,0.055,0.0,-81,0.791,2.083,1.949
2014/08/19 09:35:53,1.87,37.70843,-122.18247,31.168,0.157,0.0,-81,0.831,2.083,2.486
2014/08/19 09:35:58,1.87,37.70843,-122.18247,37.402,0.039,0.0,-81,0.957,0.000,2.832
2014/08/19 09:36:03,1.87,37.70842,-122.18246,42.979,0.063,0.0,-81,1.371,2.500,1.027
2014/08/19 09:36:08,1.87,37.70840,-122.18245,41.010,2.407,0.0,-81,1.114,2.250,1.062
2014/08/19 09:36:13,1.88,37.70838,-122.18238,36.745,2.933,0.0,-79,0.962,2.083,1.331
2014/08/19 09:36:18,1.88,37.70840,-122.18238,31.824,1.582,0.0,-79,1.153,2.042,1.187
2014/08/19 09:36:23,1.88,37.70846,-122.18243,31.824,4.501,0.0,-79,1.093,0.000,1.282
2014/08/19 09:36:28,1.92,37.70855,-122.18250,36.089,4.412,0.0,-79,0.805,2.083,1.415
2014/08/19 09:36:33,1.96,37.70858,-122.18258,32.152,3.309,0.0,-79,0.832,2.042,2.222
2014/08/19 09:36:38,1.88,37.70874,-122.18273,27.559,14.848,0.0,-79,0.727,2.083,1.722
2014/08/19 09:36:43,1.92,37.70908,-122.18294,25.591,21.077,0.0,-79,0.930,2.083,2.431
2014/08/19 09:36:48,1.88,37.70950,-122.18322,22.638,25.685,0.0,-79,1.092,2.042,2.598
2014/08/19 09:36:53,1.91,37.70999,-122.18355,18.373,27.428,0.0,-79,0.989,0.000,2.369
2014/08/19 09:36:58,2.63,37.71062,-122.18396,16.076,30.126,0.0,-79,0.692,2.083,1.558
2014/08/19 09:37:03,3.11,37.71115,-122.18430,16.732,29.483,0.0,-79,0.767,2.042,1.411
2014/08/19 09:37:08,4.08,37.71169,-122.18465,16.404,30.346,0.0,-79,0.837,2.083,1.355
2014/08/19 09:37:13,1.88,37.71219,-122.18492,17.388,24.859,0.0,-79,1.268,1.375,1.063
2014/08/19 09:37:18,2.09,37.71268,-122.18516,19.029,28.228,0.0,-87,1.147,0.000,1.071
2014/08/19 09:37:23,1.88,37.71321,-122.18541,18.373,26.151,0.0,-87,1.072,2.417,1.125
2014/08/19 09:37:28,2.09,37.71357,-122.18562,25.262,15.889,0.0,-87,0.519,0.708,0.543
2014/08/19 09:37:33,1.88,37.71392,-122.18579,28.871,21.752,0.0,-87,0.643,1.375,0.630
2014/08/19 09:37:38,1.92,37.71433,-122.18599,25.262,21.314,0.0,-87,0.815,2.042,0.831
2014/08/19 09:37:43,1.89,37.71474,-122.18618,24.278,22.998,0.0,-87,0.647,2.083,1.427
2014/08/19 09:37:48,1.92,37.71519,-122.18639,23.294,22.984,0.0,-83,0.461,0.000,2.551
2014/08/19 09:37:53,1.89,37.71559,-122.18659,28.543,20.362,0.0,-83,0.912,2.083,1.511
2014/08/19 09:37:58,1.92,37.71590,-122.18674,31.168,10.865,0.0,-83,0.517,2.083,2.542
2014/08/19 09:38:03,1.89,37.71595,-122.18677,34.121,0.102,0.0,-83,0.902,2.042,2.102
2014/08/19 09:38:08,1.89,37.71595,-122.18677,37.730,0.108,0.0,-83,1.020,0.000,2.543
2014/08/19 09:38:13,1.89,37.71595,-122.18677,38.714,0.108,0.0,-83,0.994,2.083,0.898
2014/08/19 09:38:18,1.89,37.71595,-122.18677,37.073,0.081,0.0,-77,1.222,2.417,1.891
2014/08/19 09:38:23,1.89,37.71595,-122.18677,34.121,0.029,0.0,-77,0.745,2.083,2.542
2014/08/19 09:38:28,1.89,37.71595,-122.18677,33.136,0.053,0.0,-77,0.804,0.000,1.018
2014/08/19 09:38:33,1.97,37.71594,-122.18677,33.465,0.065,0.0,-77,1.308,2.083,1.129
2014/08/19 09:38:38,1.89,37.71602,-122.18682,33.793,9.779,0.0,-77,0.723,2.042,0.967
2014/08/19 09:38:43,1.97,37.71627,-122.18709,30.512,21.045,0.0,-77,0.582,2.083,1.070
2014/08/19 09:38:48,1.89,37.71663,-122.18752,23.622,27.189,0.0,-77,0.735,2.083,2.042
2014/08/19 09:38:53,2.1,37.71702,-122.18799,19.685,23.301,0.0,-73,0.887,0.000,1.589
2014/08/19 09:38:58,1.97,37.71727,-122.18834,15.092,12.220,0.0,-73,0.466,2.083,2.030
2014/08/19 09:39:03,1.89,37.71722,-122.18842,10.499,10.220,0.0,-73,0.614,1.417,1.130
2014/08/19 09:39:08,1.89,37.71701,-122.18807,12.139,23.270,0.0,-73,0.550,1.375,1.478
2014/08/19 09:39:13,1.89,37.71667,-122.18761,10.171,23.002,0.0,-73,1.033,2.083,1.206
2014/08/19 09:39:18,1.89,37.71652,-122.18741,11.811,3.023,0.0,-73,0.976,0.000,2.150
2014/08/19 09:39:23,1.89,37.71652,-122.18740,10.499,0.043,0.0,-83,0.900,2.042,1.519
2014/08/19 09:39:28,1.95,37.71652,-122.18739,10.827,0.059,0.0,-83,0.944,2.083,2.203
2014/08/19 09:39:33,1.95,37.71654,-122.18739,17.388,0.061,0.0,-83,0.917,2.083,1.251
2014/08/19 09:39:38,1.9,37.71654,-122.18739,22.966,0.007,0.0,-83,0.858,0.000,0.239
2014/08/19 09:39:43,1.95,37.71654,-122.18739,23.622,0.028,0.0,-83,0.881,0.000,0.202
2014/08/19 09:39:48,1.9,37.71652,-122.18736,23.294,5.857,0.0,-83,0.609,0.083,0.382
2014/08/19 09:39:53,1.9,37.71634,-122.18712,22.638,18.895,0.0,-75,0.742,1.625,0.510
2014/08/19 09:39:58,1.91,37.71598,-122.18677,22.966,24.007,0.0,-75,1.285,1.542,0.652
2014/08/19 09:40:03,1.9,37.71548,-122.18651,20.341,27.436,0.0,-75,1.102,1.750,0.475
2014/08/19 09:40:08,2.0,37.71496,-122.18623,19.685,29.873,0.0,-75,1.106,1.750,0.543
2014/08/19 09:40:13,1.9,37.71436,-122.18595,25.591,32.463,0.0,-75,1.059,1.750,0.457
2014/08/19 09:40:18,1.9,37.71375,-122.18565,31.168,33.235,0.0,-75,1.108,1.708,0.503
2014/08/19 09:40:23,1.96,37.71312,-122.18535,33.465,33.239,0.0,-81,0.557,1.542,0.507
2014/08/19 09:40:28,1.9,37.71253,-122.18508,37.402,30.424,0.0,-81,0.675,1.792,0.369
2014/08/19 09:40:33,1.9,37.71198,-122.18480,36.089,29.973,0.0,-81,0.454,1.208,1.494
2014/08/19 09:40:38,1.92,37.71142,-122.18446,34.449,29.452,0.0,-81,0.868,1.250,0.822
2014/08/19 09:40:43,1.92,37.71089,-122.18412,32.808,30.755,0.0,-81,0.944,1.250,0.618
2014/08/19 09:40:48,1.95,37.71032,-122.18377,31.168,31.478,0.0,-81,1.347,1.500,0.302
2014/08/19 09:40:53,1.95,37.70977,-122.18344,29.199,28.820,0.0,-81,0.962,1.500,0.482
2014/08/19 09:40:58,1.95,37.70928,-122.18314,27.559,26.353,0.0,-83,0.872,1.750,0.586
2014/08/19 09:41:03,1.96,37.70883,-122.18286,25.919,23.732,0.0,-83,1.508,1.750,0.782
2014/08/19 09:41:08,1.96,37.70845,-122.18258,25.919,20.307,0.0,-83,0.970,2.500,1.949
2014/08/19 09:41:13,1.9,37.70830,-122.18223,27.559,15.939,0.0,-83,0.825,1.292,1.646
2014/08/19 09:41:18,1.9,37.70848,-122.18180,25.262,22.399,0.0,-83,0.925,2.125,1.343
2014/08/19 09:41:23,1.97,37.70871,-122.18123,26.247,28.386,0.0,-83,1.200,1.792,1.461
2014/08/19 09:41:28,1.9,37.70898,-122.18059,26.575,29.167,0.0,-79,0.653,0.000,2.438
2014/08/19 09:41:33,2.65,37.70924,-122.17995,26.903,27.528,0.0,-79,1.105,1.417,1.263
2014/08/19 09:41:38,1.9,37.70948,-122.17937,31.824,25.352,0.0,-79,1.244,2.125,1.043
2014/08/19 09:41:43,1.9,37.70972,-122.17879,34.449,25.571,0.0,-79,0.776,2.167,1.050
2014/08/19 09:41:48,1.91,37.70994,-122.17824,36.417,22.414,0.0,-79,0.652,1.625,0.818
2014/08/19 09:41:53,1.9,37.71005,-122.17791,42.979,7.661,0.0,-79,1.188,2.583,1.693
2014/08/19 09:41:58,1.9,37.70996,-122.17778,47.244,8.740,0.0,-75,1.065,0.000,2.227
2014/08/19 09:42:03,1.9,37.70976,-122.17766,49.213,12.161,0.0,-75,0.581,2.125,2.226
2014/08/19 09:42:08,1.9,37.70956,-122.17755,50.197,8.862,0.0,-75,1.135,2.167,2.023
