Date-Time,DOP,Latitude,Longitude,Altitude (ft),Speed (mph),Heading (deg),mod1 SS (dBm),mod1 Down (Mbs),mod1 Up (Mbs),mod1 Ping (Sec)
2014/10/01 13:15:38,12.98,37.79635,-122.26850,43.963,16.486,0.0,-75,0.061,0.042,0.400
2014/10/01 13:15:43,6.08,37.79652,-122.26898,67.257,23.887,0.0,-75,0.000,0.042,0.446
2014/10/01 13:15:48,12.53,37.79670,-122.26960,43.963,20.835,0.0,-75,0.105,0.000,0.437
2014/10/01 13:15:53,6.05,37.79690,-122.27013,61.352,23.789,0.0,-75,0.097,0.042,0.678
2014/10/01 13:15:59,6.03,37.79712,-122.27073,82.021,28.134,0.0,-75,0.033,0.042,0.501
2014/10/01 13:16:04,6.01,37.79738,-122.27147,84.646,34.882,0.0,-75,0.077,0.042,0.418
2014/10/01 13:16:09,3.35,37.79761,-122.27229,51.509,34.362,0.0,-75,0.058,0.000,0.471
2014/10/01 13:16:14,3.35,37.79787,-122.27306,39.370,34.834,0.0,-51,0.042,0.000,0.585
2014/10/01 13:16:19,3.34,37.79818,-122.27394,35.433,40.754,0.0,-51,0.086,0.000,1.701
2014/10/01 13:16:24,4.6,37.79856,-122.27495,27.887,47.216,0.0,-51,0.119,0.000,0.480
2014/10/01 13:16:29,4.6,37.79900,-122.27610,23.294,51.693,0.0,-51,0.076,0.000,0.000
2014/10/01 13:16:34,4.6,37.79947,-122.27730,20.341,54.057,0.0,-51,0.075,0.042,0.000
2014/10/01 13:16:39,3.33,37.79997,-122.27855,20.669,55.477,0.0,-51,0.050,0.000,0.421
2014/10/01 13:16:44,5.86,37.80047,-122.27984,24.278,58.084,0.0,-65,0.113,0.083,0.937
2014/10/01 13:16:49,3.32,37.80101,-122.28114,27.231,58.382,0.0,-65,0.042,0.000,0.426
2014/10/01 13:16:54,4.47,37.80154,-122.28247,39.042,58.679,0.0,-65,0.062,0.000,0.000
2014/10/01 13:16:59,2.33,37.80210,-122.28380,45.276,57.380,0.0,-65,0.000,0.083,0.000
2014/10/01 13:17:04,2.07,37.80253,-122.28509,47.244,55.195,0.0,-65,0.064,0.000,0.000
2014/10/01 13:17:09,2.33,37.80284,-122.28640,58.727,53.229,0.0,-65,0.055,0.083,0.868
2014/10/01 13:17:14,2.32,37.80301,-122.28771,71.850,52.688,0.0,-79,0.069,0.083,0.622
2014/10/01 13:17:19,1.97,37.80306,-122.28901,80.052,50.452,0.0,-79,0.000,0.000,0.000
2014/10/01 13:17:24,1.97,37.80299,-122.29027,84.318,47.136,0.0,-79,0.000,0.042,0.000
2014/10/01 13:17:29,1.97,37.80283,-122.29142,79.068,45.562,0.0,-79,0.000,0.000,0.425
2014/10/01 13:17:34,2.22,37.80259,-122.29285,66.273,49.276,0.0,-79,0.000,0.042,0.782
2014/10/01 13:17:39,1.78,37.80239,-122.29407,57.743,49.608,0.0,-79,0.000,0.000,0.760
2014/10/01 13:17:44,1.78,37.80221,-122.29527,50.197,49.231,0.0,-93,0.000,0.042,0.849
2014/10/01 13:17:49,1.82,37.80215,-122.29659,40.026,53.498,0.0,-93,0.003,0.000,0.417
2014/10/01 13:17:54,1.77,37.80228,-122.29795,38.058,53.858,0.0,-93,0.058,0.042,0.445
2014/10/01 13:17:59,1.77,37.80258,-122.29927,40.026,54.717,0.0,-93,0.072,0.000,0.458
2014/10/01 13:18:04,1.96,37.80303,-122.30048,39.370,51.256,0.0,-93,0.003,0.083,0.429
2014/10/01 13:18:09,3.11,37.80362,-122.30156,36.745,51.003,0.0,-93,0.036,0.125,0.459
2014/10/01 13:18:14,3.11,37.80424,-122.30238,37.730,41.995,0.0,-93,0.089,0.000,0.441
2014/10/01 13:18:19,2.05,37.80495,-122.30310,31.496,48.201,0.0,-75,0.061,0.042,0.437
2014/10/01 13:18:24,1.77,37.80582,-122.30373,28.871,49.902,0.0,-75,0.110,0.000,0.426
2014/10/01 13:18:29,1.96,37.80676,-122.30419,29.199,51.251,0.0,-75,0.000,0.083,0.486
2014/10/01 13:18:34,1.77,37.80779,-122.30446,27.559,54.225,0.0,-75,0.069,0.042,0.625
2014/10/01 13:18:39,1.96,37.80886,-122.30452,25.919,51.338,0.0,-75,0.089,0.042,0.404
2014/10/01 13:18:44,1.77,37.80988,-122.30439,19.685,51.992,0.0,-75,0.119,0.000,0.410
2014/10/01 13:18:49,1.77,37.81090,-122.30402,16.404,53.593,0.0,-63,0.103,0.083,0.429
2014/10/01 13:18:54,1.77,37.81189,-122.30343,13.451,55.008,0.0,-63,0.055,0.042,0.494
2014/10/01 13:18:59,1.77,37.81279,-122.30262,9.186,55.091,0.0,-63,0.089,0.000,0.506
2014/10/01 13:19:04,2.05,37.81356,-122.30164,3.609,55.026,0.0,-63,0.125,0.083,0.428
2014/10/01 13:19:09,2.05,37.81429,-122.30057,9.186,55.152,0.0,-63,0.102,0.000,0.414
2014/10/01 13:19:14,1.77,37.81499,-122.29950,21.982,55.514,0.0,-63,0.066,0.083,0.441
2014/10/01 13:19:19,2.05,37.81567,-122.29840,35.761,54.694,0.0,-77,0.069,0.042,0.433
2014/10/01 13:19:24,1.77,37.81639,-122.29737,47.572,55.086,0.0,-77,0.030,0.000,1.487
2014/10/01 13:19:29,2.05,37.81721,-122.29639,53.478,56.910,0.0,-77,0.033,0.000,0.485
2014/10/01 13:19:34,2.05,37.81807,-122.29549,54.790,54.504,0.0,-77,0.000,0.083,0.446
2014/10/01 13:19:39,2.05,37.81897,-122.29471,60.367,53.039,0.0,-77,0.058,0.000,0.507
2014/10/01 13:19:45,1.77,37.81986,-122.29398,64.961,53.563,0.0,-77,0.105,0.083,0.446
2014/10/01 13:19:50,1.77,37.82078,-122.29324,65.617,54.750,0.0,-69,0.064,0.042,0.414
2014/10/01 13:19:55,1.77,37.82173,-122.29249,67.257,56.184,0.0,-69,0.043,0.042,0.942
2014/10/01 13:20:00,1.77,37.82275,-122.29183,69.882,57.350,0.0,-69,0.072,0.000,0.000
2014/10/01 13:20:05,1.77,37.82383,-122.29127,74.475,58.154,0.0,-69,0.000,0.042,0.000
2014/10/01 13:20:10,1.92,37.82498,-122.29077,83.661,60.433,0.0,-69,0.000,0.000,0.000
2014/10/01 13:20:15,1.77,37.82614,-122.29073,94.160,56.037,0.0,-69,0.000,0.000,4.732
2014/10/01 13:20:20,1.77,37.82719,-122.29118,99.081,54.230,0.0,-69,0.000,0.000,0.587
2014/10/01 13:20:25,2.04,37.82805,-122.29202,93.504,55.251,0.0,-85,0.000,0.000,0.605
2014/10/01 13:20:30,1.77,37.82897,-122.29287,82.677,58.435,0.0,-85,0.000,0.000,0.000
2014/10/01 13:20:35,1.77,37.83010,-122.29329,73.163,58.772,0.0,-85,0.000,0.000,0.000
2014/10/01 13:20:40,1.77,37.83127,-122.29348,55.774,58.686,0.0,-85,0.000,0.000,0.000
2014/10/01 13:20:45,1.77,37.83243,-122.29373,38.386,58.093,0.0,-85,0.000,0.000,0.000
2014/10/01 13:20:50,2.33,37.83352,-122.29428,18.701,59.711,0.0,-85,0.000,0.000,0.000
2014/10/01 13:20:55,1.93,37.83462,-122.29494,12.467,61.311,0.0,-91,0.000,0.000,0.000
2014/10/01 13:21:00,1.76,37.83576,-122.29554,18.045,60.977,0.0,-91,0.000,0.000,0.000
2014/10/01 13:21:05,1.76,37.83688,-122.29610,30.184,59.467,0.0,-91,0.000,0.000,0.674
2014/10/01 13:21:10,1.76,37.83802,-122.29651,36.417,59.067,0.0,-91,0.000,0.000,0.691
2014/10/01 13:21:15,1.76,37.83920,-122.29673,27.231,58.452,0.0,-91,0.000,0.000,1.078
2014/10/01 13:21:20,1.76,37.84035,-122.29693,17.388,56.902,0.0,-91,0.000,0.042,0.574
2014/10/01 13:21:25,2.04,37.84147,-122.29716,15.092,57.071,0.0,-51,0.000,0.000,0.420
2014/10/01 13:21:30,2.55,37.84263,-122.29740,21.325,58.977,0.0,-51,0.003,0.042,0.454
2014/10/01 13:21:35,2.04,37.84380,-122.29767,26.247,59.248,0.0,-51,0.053,0.000,0.466
2014/10/01 13:21:40,1.76,37.84498,-122.29794,25.919,60.598,0.0,-51,0.104,0.000,0.479
2014/10/01 13:21:45,2.04,37.84620,-122.29820,24.934,61.090,0.0,-51,0.086,0.042,0.431
2014/10/01 13:21:50,1.76,37.84742,-122.29848,27.559,62.624,0.0,-51,0.003,0.000,0.418
2014/10/01 13:21:55,2.03,37.84868,-122.29877,25.262,63.818,0.0,-77,0.246,0.042,0.402
2014/10/01 13:22:00,1.76,37.84996,-122.29905,16.076,65.867,0.0,-77,0.000,0.000,0.447
2014/10/01 13:22:05,1.76,37.85124,-122.29935,8.858,63.590,0.0,-77,0.077,0.083,1.240
2014/10/01 13:22:10,1.76,37.85241,-122.29965,1.312,56.320,0.0,-77,0.053,0.042,1.820
2014/10/01 13:22:15,1.76,37.85347,-122.29993,2.625,53.487,0.0,-77,0.054,0.000,0.429
2014/10/01 13:22:20,1.76,37.85453,-122.30023,2.625,55.087,0.0,-77,0.036,0.042,2.790
2014/10/01 13:22:25,1.76,37.85564,-122.30053,0.656,56.908,0.0,-77,0.000,0.000,0.442
2014/10/01 13:22:30,1.76,37.85678,-122.30085,-0.656,58.394,0.0,-89,0.000,0.000,2.235
2014/10/01 13:22:35,1.76,37.85792,-122.30117,-0.984,59.093,0.0,-89,0.000,0.042,0.731
2014/10/01 13:22:40,1.76,37.85910,-122.30149,0.984,59.904,0.0,-89,0.000,0.000,0.469
2014/10/01 13:22:45,1.76,37.86029,-122.30182,2.953,61.466,0.0,-89,0.000,0.042,0.414
2014/10/01 13:22:50,1.76,37.86151,-122.30216,2.953,60.794,0.0,-89,0.003,0.000,0.454
2014/10/01 13:22:55,1.76,37.86269,-122.30250,4.593,59.542,0.0,-89,0.000,0.083,1.298
2014/10/01 13:23:00,1.98,37.86386,-122.30282,4.921,59.770,0.0,-89,0.000,0.042,0.955
2014/10/01 13:23:05,1.76,37.86503,-122.30315,8.858,59.909,0.0,-89,0.000,0.000,0.453
2014/10/01 13:23:10,1.98,37.86620,-122.30349,7.874,58.967,0.0,-89,0.000,0.042,0.534
2014/10/01 13:23:15,1.98,37.86737,-122.30386,8.858,59.819,0.0,-89,0.000,0.042,0.486
2014/10/01 13:23:20,1.75,37.86853,-122.30423,15.420,60.590,0.0,-89,0.000,0.000,0.618
2014/10/01 13:23:25,1.75,37.86973,-122.30459,16.732,60.860,0.0,-89,0.000,0.000,0.000
2014/10/01 13:23:30,1.75,37.87090,-122.30497,16.404,59.833,0.0,-83,0.003,0.083,0.000
2014/10/01 13:23:35,1.75,37.87207,-122.30533,17.717,59.402,0.0,-83,0.069,0.042,0.425
2014/10/01 13:23:40,1.75,37.87322,-122.30569,17.388,58.802,0.0,-83,0.050,0.083,0.422
2014/10/01 13:23:45,1.75,37.87437,-122.30604,18.045,59.420,0.0,-83,0.075,0.000,0.614
2014/10/01 13:23:50,1.75,37.87556,-122.30641,18.373,61.974,0.0,-83,0.000,0.000,0.531
2014/10/01 13:23:55,1.89,37.87679,-122.30680,27.559,63.054,0.0,-83,0.000,0.083,0.437
2014/10/01 13:24:00,1.75,37.87803,-122.30718,35.105,64.273,0.0,-65,0.000,0.042,0.434
2014/10/01 13:24:05,1.75,37.87929,-122.30749,29.528,63.157,0.0,-65,0.006,0.042,0.430
2014/10/01 13:24:10,1.75,37.88053,-122.30777,16.732,61.335,0.0,-65,0.000,0.000,0.613
2014/10/01 13:24:15,1.75,37.88175,-122.30804,17.060,62.828,0.0,-65,0.000,0.000,0.442
2014/10/01 13:24:20,1.75,37.88301,-122.30833,15.748,64.102,0.0,-65,0.000,0.083,0.533
2014/10/01 13:24:25,1.91,37.88423,-122.30860,14.108,60.934,0.0,-65,0.003,0.000,0.450
2014/10/01 13:24:30,1.75,37.88543,-122.30883,26.247,60.274,0.0,-67,0.105,0.000,0.478
2014/10/01 13:24:35,1.75,37.88659,-122.30900,47.900,57.694,0.0,-67,0.105,0.042,0.574
2014/10/01 13:24:40,1.75,37.88776,-122.30897,57.415,58.758,0.0,-67,0.065,0.000,0.490
2014/10/01 13:24:45,1.75,37.88889,-122.30867,59.711,56.187,0.0,-67,0.000,0.000,0.610
2014/10/01 13:24:50,1.75,37.88996,-122.30817,57.415,56.964,0.0,-67,0.047,0.000,0.630
2014/10/01 13:24:55,1.75,37.89101,-122.30767,54.134,54.400,0.0,-67,0.100,0.000,0.000
2014/10/01 13:25:00,2.02,37.89206,-122.30739,51.509,53.715,0.0,-67,0.091,0.000,0.000
2014/10/01 13:25:05,2.02,37.89315,-122.30740,48.556,55.240,0.0,-51,0.091,0.000,0.000
2014/10/01 13:25:10,2.02,37.89426,-122.30771,44.291,56.469,0.0,-51,0.147,0.000,0.000
2014/10/01 13:25:15,1.74,37.89534,-122.30815,38.386,56.961,0.0,-51,0.089,0.083,0.000
2014/10/01 13:25:20,1.74,37.89647,-122.30860,27.887,61.708,0.0,-51,0.064,0.000,0.437
2014/10/01 13:25:25,1.74,37.89768,-122.30910,13.780,63.831,0.0,-51,0.127,0.000,0.478
2014/10/01 13:25:30,1.74,37.89894,-122.30961,14.108,65.740,0.0,-51,0.133,0.125,0.485
2014/10/01 13:25:35,1.74,37.90015,-122.31020,28.543,63.920,0.0,-61,0.113,0.000,0.490
2014/10/01 13:25:40,1.74,37.90125,-122.31094,41.010,62.390,0.0,-61,0.105,0.000,0.462
2014/10/01 13:25:45,2.01,37.90235,-122.31169,42.979,61.646,0.0,-61,0.105,0.042,0.461
2014/10/01 13:25:50,1.74,37.90343,-122.31244,42.323,61.736,0.0,-61,0.111,0.042,0.426
2014/10/01 13:25:55,2.01,37.90452,-122.31320,40.354,61.528,0.0,-61,0.000,0.042,0.726
2014/10/01 13:26:00,1.74,37.90562,-122.31396,32.152,63.729,0.0,-61,0.108,0.000,0.434
2014/10/01 13:26:05,2.01,37.90680,-122.31477,21.982,69.087,0.0,-87,0.000,0.000,0.436
2014/10/01 13:26:10,2.01,37.90803,-122.31561,22.966,69.171,0.0,-87,0.000,0.000,0.459
2014/10/01 13:26:15,1.74,37.90924,-122.31642,34.449,68.373,0.0,-87,0.000,0.000,1.123
2014/10/01 13:26:20,1.74,37.91052,-122.31709,41.667,69.578,0.0,-87,0.003,0.042,0.659
2014/10/01 13:26:25,2.01,37.91191,-122.31736,44.291,69.139,0.0,-87,0.112,0.000,0.435
2014/10/01 13:26:30,1.74,37.91327,-122.31737,47.572,67.685,0.0,-87,0.000,0.000,1.166
2014/10/01 13:26:35,2.01,37.91463,-122.31737,50.525,67.320,0.0,-87,0.025,0.042,0.450
2014/10/01 13:26:40,1.74,37.91599,-122.31737,54.790,67.868,0.0,-87,0.000,0.000,0.417
2014/10/01 13:26:45,2.01,37.91735,-122.31737,59.383,67.780,0.0,-87,0.000,0.000,0.527
2014/10/01 13:26:50,2.0,37.91871,-122.31738,65.289,67.428,0.0,-87,0.006,0.042,0.437
2014/10/01 13:26:55,2.0,37.92005,-122.31754,72.835,66.660,0.0,-87,0.050,0.000,0.582
2014/10/01 13:27:00,1.73,37.92134,-122.31801,70.866,66.209,0.0,-87,0.061,0.000,0.439
2014/10/01 13:27:05,1.73,37.92255,-122.31875,58.727,67.792,0.0,-87,0.036,0.083,0.431
2014/10/01 13:27:10,1.73,37.92376,-122.31955,63.976,67.614,0.0,-65,0.000,0.000,1.095
2014/10/01 13:27:15,1.73,37.92496,-122.32034,76.444,67.563,0.0,-65,0.000,0.042,0.460
2014/10/01 13:27:20,1.73,37.92617,-122.32118,78.412,69.653,0.0,-65,0.000,0.042,0.418
2014/10/01 13:27:25,1.73,37.92739,-122.32204,73.163,69.645,0.0,-65,0.006,0.000,1.038
2014/10/01 13:27:30,1.73,37.92860,-122.32294,73.163,69.800,0.0,-65,0.000,0.042,0.640
2014/10/01 13:27:35,1.73,37.92980,-122.32384,83.005,69.146,0.0,-65,0.058,0.042,0.458
2014/10/01 13:27:40,1.73,37.93098,-122.32473,93.176,67.160,0.0,-69,0.074,0.000,0.430
2014/10/01 13:27:45,1.73,37.93214,-122.32555,95.472,66.032,0.0,-69,0.049,0.083,0.394
2014/10/01 13:27:50,1.83,37.93329,-122.32634,91.864,63.764,0.0,-69,0.068,0.042,0.427
2014/10/01 13:27:55,1.73,37.93453,-122.32678,90.223,65.070,0.0,-69,0.000,0.042,0.394
2014/10/01 13:28:00,1.73,37.93585,-122.32670,95.472,66.862,0.0,-69,0.000,0.042,0.463
2014/10/01 13:28:05,1.76,37.93710,-122.32618,96.129,63.793,0.0,-69,0.000,0.000,0.438
2014/10/01 13:28:10,1.76,37.93831,-122.32556,91.535,65.616,0.0,-63,0.000,0.000,0.438
2014/10/01 13:28:15,1.76,37.93950,-122.32496,88.255,63.350,0.0,-63,0.003,0.000,0.426
2014/10/01 13:28:20,1.73,37.94068,-122.32436,85.630,63.821,0.0,-63,0.000,0.042,1.219
2014/10/01 13:28:25,1.99,37.94188,-122.32385,83.005,61.994,0.0,-63,0.050,0.000,0.447
2014/10/01 13:28:30,1.73,37.94335,-122.32374,79.068,61.362,0.0,-63,0.116,0.000,0.446
2014/10/01 13:28:35,1.99,37.94455,-122.32403,79.068,59.557,0.0,-63,0.080,0.000,0.429
2014/10/01 13:28:40,1.72,37.94567,-122.32456,86.614,59.779,0.0,-61,0.000,0.000,0.446
2014/10/01 13:28:45,1.72,37.94680,-122.32510,93.832,60.433,0.0,-61,0.000,0.000,0.430
2014/10/01 13:28:50,1.72,37.94793,-122.32565,101.050,60.003,0.0,-61,0.000,0.000,0.442
2014/10/01 13:28:55,1.72,37.94906,-122.32618,108.268,60.070,0.0,-61,0.000,0.000,2.286
2014/10/01 13:29:00,1.72,37.95020,-122.32673,110.236,60.397,0.0,-61,0.000,0.000,0.710
2014/10/01 13:29:05,1.72,37.95135,-122.32728,116.142,61.757,0.0,-61,0.006,0.000,0.738
2014/10/01 13:29:10,1.72,37.95250,-122.32784,122.375,60.043,0.0,-61,0.105,0.042,0.698
2014/10/01 13:29:15,2.54,37.95363,-122.32846,121.063,62.952,0.0,-73,0.094,0.000,0.756
2014/10/01 13:29:20,1.99,37.95481,-122.32913,117.126,63.806,0.0,-73,0.081,0.000,0.434
2014/10/01 13:29:25,1.99,37.95597,-122.32982,116.142,63.418,0.0,-73,0.080,0.042,0.425
2014/10/01 13:29:30,1.72,37.95714,-122.33039,116.470,63.176,0.0,-73,0.108,0.000,0.641
2014/10/01 13:29:35,2.54,37.95841,-122.33065,118.766,62.877,0.0,-73,0.058,0.042,0.430
2014/10/01 13:29:41,1.72,37.95962,-122.33055,122.047,59.100,0.0,-73,0.108,0.000,0.435
2014/10/01 13:29:46,1.72,37.96077,-122.33015,108.924,60.218,0.0,-77,0.093,0.000,0.458
2014/10/01 13:29:51,1.75,37.96186,-122.32941,93.176,62.298,0.0,-77,0.047,0.083,0.487
2014/10/01 13:29:56,1.9,37.96281,-122.32839,76.444,62.531,0.0,-77,0.033,0.083,0.422
2014/10/01 13:30:01,1.72,37.96357,-122.32714,72.507,61.127,0.0,-77,0.130,0.000,0.427
2014/10/01 13:30:06,1.71,37.96425,-122.32587,75.787,60.092,0.0,-77,0.000,0.083,0.421
2014/10/01 13:30:11,1.71,37.96493,-122.32460,87.927,59.957,0.0,-77,0.083,0.000,0.489
2014/10/01 13:30:16,1.71,37.96560,-122.32335,103.018,58.199,0.0,-51,0.077,0.042,0.449
2014/10/01 13:30:21,1.71,37.96640,-122.32230,115.814,56.963,0.0,-51,0.044,0.000,0.423
2014/10/01 13:30:26,1.71,37.96733,-122.32153,128.281,55.122,0.0,-51,0.069,0.000,0.424
2014/10/01 13:30:31,1.71,37.96834,-122.32105,140.420,53.333,0.0,-51,0.083,0.083,0.466
2014/10/01 13:30:36,1.71,37.96937,-122.32070,155.184,53.888,0.0,-51,0.055,0.042,0.418
2014/10/01 13:30:41,1.71,37.97043,-122.32035,170.276,54.624,0.0,-51,0.077,0.000,0.435
2014/10/01 13:30:46,1.71,37.97150,-122.31999,185.696,55.910,0.0,-77,0.019,0.042,0.405
2014/10/01 13:30:51,1.71,37.97259,-122.31962,200.131,56.663,0.0,-77,0.077,0.083,0.426
2014/10/01 13:30:56,1.71,37.97370,-122.31925,215.879,56.915,0.0,-77,0.127,0.000,0.862
2014/10/01 13:31:01,1.71,37.97479,-122.31888,230.315,55.960,0.0,-77,0.055,0.042,0.430
2014/10/01 13:31:06,1.74,37.97587,-122.31852,245.079,55.993,0.0,-77,0.003,0.042,0.798
2014/10/01 13:31:11,1.75,37.97696,-122.31816,258.858,56.491,0.0,-77,0.102,0.000,0.477
2014/10/01 13:31:16,1.75,37.97806,-122.31778,267.388,56.517,0.0,-77,0.000,0.000,0.415
2014/10/01 13:31:21,1.75,37.97918,-122.31740,270.013,58.918,0.0,-89,0.000,0.042,0.598
2014/10/01 13:31:26,1.71,37.98035,-122.31700,262.795,61.094,0.0,-89,0.000,0.042,0.405
2014/10/01 13:31:31,1.7,37.98155,-122.31660,261.483,61.489,0.0,-89,0.003,0.042,0.509
2014/10/01 13:31:36,1.7,37.98275,-122.31619,258.202,62.662,0.0,-89,0.144,0.000,0.435
2014/10/01 13:31:41,1.7,37.98398,-122.31578,254.921,64.030,0.0,-89,0.000,0.042,0.455
2014/10/01 13:31:46,1.7,37.98522,-122.31529,250.328,64.874,0.0,-89,0.000,0.042,0.000
2014/10/01 13:31:51,1.92,37.98640,-122.31462,245.407,64.002,0.0,-71,0.000,0.000,0.000
2014/10/01 13:31:56,1.93,37.98753,-122.31385,240.814,62.927,0.0,-71,0.000,0.000,0.000
2014/10/01 13:32:01,1.75,37.98857,-122.31294,230.643,62.892,0.0,-71,0.006,0.000,0.418
2014/10/01 13:32:06,1.75,37.98954,-122.31190,221.785,63.565,0.0,-71,0.378,0.083,0.564
2014/10/01 13:32:11,1.75,37.99040,-122.31072,217.520,64.018,0.0,-71,0.192,0.000,0.414
2014/10/01 13:32:16,1.78,37.99120,-122.30942,211.942,64.870,0.0,-71,0.132,0.000,0.600
2014/10/01 13:32:21,1.7,37.99185,-122.30808,206.037,59.052,0.0,-55,0.097,0.042,0.434
2014/10/01 13:32:26,1.7,37.99235,-122.30674,197.507,58.427,0.0,-55,0.136,0.042,0.500
2014/10/01 13:32:31,1.7,37.99275,-122.30537,189.633,56.772,0.0,-55,0.191,0.042,0.577
2014/10/01 13:32:36,1.7,37.99304,-122.30394,182.743,58.183,0.0,-55,0.039,0.000,0.458
2014/10/01 13:32:41,1.7,37.99326,-122.30247,175.525,59.620,0.0,-55,0.089,0.042,0.417
2014/10/01 13:32:46,1.74,37.99348,-122.30099,170.932,59.716,0.0,-55,0.080,0.083,0.475
2014/10/01 13:32:51,1.69,37.99367,-122.29948,163.386,60.282,0.0,-59,0.000,0.042,0.430
2014/10/01 13:32:56,1.69,37.99388,-122.29796,154.528,61.773,0.0,-59,0.000,0.000,0.447
2014/10/01 13:33:01,1.69,37.99409,-122.29641,145.341,62.073,0.0,-59,0.000,0.000,0.439
2014/10/01 13:33:06,1.69,37.99430,-122.29485,133.858,62.740,0.0,-59,0.000,0.083,1.258
2014/10/01 13:33:11,1.69,37.99451,-122.29331,121.719,60.933,0.0,-59,0.000,0.000,0.637
2014/10/01 13:33:16,2.01,37.99472,-122.29179,111.877,60.646,0.0,-59,0.000,0.042,0.435
2014/10/01 13:33:21,1.69,37.99503,-122.29030,91.535,60.845,0.0,-59,0.000,0.000,0.399
2014/10/01 13:33:26,1.69,37.99551,-122.28886,71.522,62.215,0.0,-73,0.000,0.000,0.481
2014/10/01 13:33:31,1.69,37.99617,-122.28749,63.976,63.637,0.0,-73,0.000,0.000,0.521
2014/10/01 13:33:36,1.69,37.99697,-122.28627,69.554,61.252,0.0,-73,0.000,0.083,0.454
2014/10/01 13:33:41,1.73,37.99788,-122.28526,82.349,59.969,0.0,-73,0.000,0.042,0.434
2014/10/01 13:33:46,1.69,37.99885,-122.28434,92.192,60.742,0.0,-73,0.006,0.000,0.442
2014/10/01 13:33:51,1.69,37.99982,-122.28344,103.346,58.304,0.0,-73,0.072,0.000,0.741
2014/10/01 13:33:56,1.69,38.00076,-122.28257,116.470,58.381,0.0,-67,0.091,0.000,0.462
2014/10/01 13:34:01,1.69,38.00171,-122.28167,131.890,58.819,0.0,-67,0.102,0.000,1.054
2014/10/01 13:34:06,1.72,38.00268,-122.28076,138.780,60.152,0.0,-67,0.033,0.000,0.000
2014/10/01 13:34:11,1.68,38.00368,-122.27983,132.546,62.157,0.0,-67,0.102,0.000,0.000
2014/10/01 13:34:16,1.68,38.00472,-122.27888,117.454,64.751,0.0,-67,0.116,0.000,0.000
2014/10/01 13:34:21,1.88,38.00579,-122.27790,101.050,66.378,0.0,-67,0.072,0.042,0.522
2014/10/01 13:34:26,1.68,38.00687,-122.27690,84.318,65.676,0.0,-95,0.047,0.000,0.446
2014/10/01 13:34:31,1.68,38.00791,-122.27594,72.507,64.125,0.0,-95,0.072,0.042,0.467
2014/10/01 13:34:36,1.68,38.00895,-122.27496,69.554,65.073,0.0,-95,0.111,0.000,0.000
2014/10/01 13:34:41,1.68,38.00999,-122.27398,75.459,64.794,0.0,-95,0.105,0.000,0.000
2014/10/01 13:34:46,1.68,38.01104,-122.27300,83.005,65.107,0.0,-95,0.000,0.000,0.000
2014/10/01 13:34:51,1.68,38.01210,-122.27201,79.396,64.958,0.0,-95,0.125,0.042,0.410
2014/10/01 13:34:56,1.68,38.01317,-122.27103,68.241,67.511,0.0,-59,0.064,0.000,0.531
2014/10/01 13:35:01,1.74,38.01427,-122.27001,67.257,68.485,0.0,-59,0.108,0.083,0.479
2014/10/01 13:35:06,1.74,38.01536,-122.26900,79.068,66.965,0.0,-59,0.083,0.042,0.449
2014/10/01 13:35:11,1.68,38.01644,-122.26797,92.848,67.374,0.0,-59,0.083,0.000,0.542
2014/10/01 13:35:16,1.74,38.01752,-122.26695,103.346,66.950,0.0,-59,0.147,0.000,0.610
2014/10/01 13:35:21,1.87,38.01860,-122.26594,105.315,66.824,0.0,-59,0.000,0.042,0.498
2014/10/01 13:35:26,1.67,38.01970,-122.26494,88.911,68.319,0.0,-67,0.108,0.000,0.497
2014/10/01 13:35:31,1.67,38.02081,-122.26392,69.882,68.642,0.0,-67,0.000,0.083,0.438
2014/10/01 13:35:36,1.67,38.02193,-122.26289,49.541,69.642,0.0,-67,0.000,0.042,0.451
2014/10/01 13:35:41,1.74,38.02306,-122.26184,46.260,71.170,0.0,-67,0.000,0.000,0.450
2014/10/01 13:35:46,1.73,38.02420,-122.26077,61.024,68.293,0.0,-67,0.000,0.042,0.487
2014/10/01 13:35:51,1.67,38.02532,-122.25973,80.709,69.881,0.0,-67,0.000,0.042,0.418
2014/10/01 13:35:56,1.71,38.02645,-122.25867,97.769,70.334,0.0,-67,0.006,0.083,0.430
2014/10/01 13:36:01,1.67,38.02759,-122.25762,113.517,70.110,0.0,-55,0.077,0.000,0.438
2014/10/01 13:36:06,1.67,38.02893,-122.25636,128.937,68.573,0.0,-55,0.077,0.000,0.529
2014/10/01 13:36:11,1.81,38.03003,-122.25534,144.685,68.355,0.0,-55,0.066,0.125,0.436
2014/10/01 13:36:16,1.67,38.03113,-122.25432,158.793,66.532,0.0,-55,0.058,0.042,0.431
2014/10/01 13:36:21,1.73,38.03220,-122.25333,169.948,65.397,0.0,-55,0.271,0.000,0.000
2014/10/01 13:36:26,1.73,38.03327,-122.25234,174.213,66.425,0.0,-55,0.086,0.083,0.000
2014/10/01 13:36:31,1.73,38.03436,-122.25133,176.509,67.020,0.0,-79,0.137,0.083,0.000
2014/10/01 13:36:36,1.72,38.03541,-122.25036,178.150,62.424,0.0,-79,0.196,0.000,0.430
2014/10/01 13:36:41,1.72,38.03643,-122.24941,180.774,64.134,0.0,-79,0.091,0.000,0.490
2014/10/01 13:36:46,1.72,38.03747,-122.24844,182.415,65.888,0.0,-79,0.064,0.083,0.531
2014/10/01 13:36:51,1.66,38.03850,-122.24741,184.055,65.258,0.0,-79,0.061,0.042,0.463
2014/10/01 13:36:56,1.66,38.03939,-122.24622,191.601,66.038,0.0,-79,0.000,0.000,0.625
2014/10/01 13:37:01,1.66,38.04027,-122.24497,196.850,66.365,0.0,-87,0.000,0.042,0.470
2014/10/01 13:37:06,1.66,38.04114,-122.24373,200.459,66.459,0.0,-87,0.000,0.000,0.418
2014/10/01 13:37:11,1.66,38.04205,-122.24244,203.084,68.904,0.0,-87,0.000,0.042,0.414
2014/10/01 13:37:16,1.66,38.04298,-122.24112,205.381,69.620,0.0,-87,0.000,0.000,0.618
2014/10/01 13:37:21,1.66,38.04391,-122.23980,208.990,69.032,0.0,-87,0.006,0.042,0.438
2014/10/01 13:37:26,1.66,38.04484,-122.23848,213.583,69.749,0.0,-87,0.058,0.000,0.578
2014/10/01 13:37:31,1.66,38.04578,-122.23716,218.176,69.329,0.0,-91,0.122,0.083,0.633
2014/10/01 13:37:36,1.66,38.04670,-122.23584,221.129,69.075,0.0,-91,0.000,0.000,0.462
2014/10/01 13:37:41,1.66,38.04761,-122.23455,223.753,66.786,0.0,-91,0.111,0.042,0.438
2014/10/01 13:37:46,1.65,38.04848,-122.23331,220.801,64.392,0.0,-91,0.064,0.042,0.430
2014/10/01 13:37:51,1.65,38.04936,-122.23208,206.365,65.749,0.0,-91,0.155,0.000,0.422
2014/10/01 13:37:56,1.65,38.05021,-122.23086,189.961,62.825,0.0,-91,0.133,0.083,0.438
2014/10/01 13:38:01,1.91,38.05105,-122.22966,175.197,63.021,0.0,-91,0.111,0.000,0.422
2014/10/01 13:38:06,1.91,38.05189,-122.22847,163.386,62.737,0.0,-85,0.166,0.083,0.439
2014/10/01 13:38:11,1.65,38.05273,-122.22728,152.887,63.371,0.0,-85,0.033,0.083,0.000
2014/10/01 13:38:16,1.65,38.05357,-122.22609,145.013,61.972,0.0,-85,0.110,0.000,0.000
2014/10/01 13:38:21,1.65,38.05455,-122.22516,137.467,61.133,0.0,-85,0.078,0.042,0.440
2014/10/01 13:38:26,1.65,38.05574,-122.22479,135.827,61.069,0.0,-85,0.000,0.042,0.450
2014/10/01 13:38:31,1.65,38.05696,-122.22485,135.171,60.634,0.0,-85,0.072,0.000,0.470
2014/10/01 13:38:37,1.65,38.05814,-122.22495,131.890,57.540,0.0,-53,0.030,0.000,0.497
2014/10/01 13:38:42,1.65,38.05929,-122.22504,140.420,57.844,0.0,-53,0.138,0.083,0.457
2014/10/01 13:38:47,1.65,38.06046,-122.22514,147.638,57.294,0.0,-53,0.075,0.042,0.000
2014/10/01 13:38:52,1.65,38.06160,-122.22523,144.029,55.971,0.0,-53,0.077,0.000,0.000
2014/10/01 13:38:57,1.64,38.06276,-122.22533,156.824,57.942,0.0,-53,0.072,0.042,0.482
2014/10/01 13:39:02,1.64,38.06392,-122.22544,162.730,57.075,0.0,-53,0.028,0.000,0.469
2014/10/01 13:39:07,1.9,38.06502,-122.22554,170.604,53.659,0.0,-63,0.083,0.083,0.471
2014/10/01 13:39:12,1.94,38.06608,-122.22562,176.509,51.503,0.0,-63,0.075,0.000,0.461
2014/10/01 13:39:17,2.48,38.06709,-122.22582,164.698,50.855,0.0,-63,0.169,0.000,0.450
2014/10/01 13:39:22,1.9,38.06801,-122.22617,163.386,42.812,0.0,-63,0.094,0.000,0.490
2014/10/01 13:39:27,1.9,38.06870,-122.22653,163.058,32.998,0.0,-63,0.000,0.042,0.000
2014/10/01 13:39:32,1.9,38.06920,-122.22672,172.900,25.636,0.0,-63,0.102,0.042,0.000
2014/10/01 13:39:37,2.3,38.06987,-122.22710,174.869,38.319,0.0,-63,0.050,0.042,0.430
2014/10/01 13:39:42,1.89,38.07063,-122.22755,168.635,42.584,0.0,-63,0.182,0.000,0.442
2014/10/01 13:39:47,1.89,38.07142,-122.22811,151.903,46.406,0.0,-63,0.066,0.042,0.000
2014/10/01 13:39:52,1.89,38.07226,-122.22881,136.155,52.314,0.0,-63,0.160,0.083,0.000
2014/10/01 13:39:57,2.47,38.07320,-122.22956,121.391,57.339,0.0,-63,0.119,0.000,0.442
2014/10/01 13:40:02,3.47,38.07423,-122.23034,106.955,60.978,0.0,-63,0.042,0.083,0.418
2014/10/01 13:40:07,2.3,38.07529,-122.23112,104.659,61.371,0.0,-63,0.116,0.000,0.442
2014/10/01 13:40:12,1.89,38.07640,-122.23183,99.738,61.344,0.0,-67,0.000,0.083,0.578
2014/10/01 13:40:17,1.63,38.07756,-122.23237,90.879,61.651,0.0,-67,0.091,0.000,0.468
2014/10/01 13:40:22,1.63,38.07876,-122.23279,75.131,62.691,0.0,-67,0.053,0.000,0.537
2014/10/01 13:40:27,1.89,38.08002,-122.23308,59.711,64.174,0.0,-67,0.064,0.125,0.821
2014/10/01 13:40:32,1.63,38.08130,-122.23324,51.837,62.552,0.0,-67,0.084,0.042,0.456
2014/10/01 13:40:37,1.63,38.08253,-122.23325,46.588,60.752,0.0,-67,0.111,0.000,0.530
2014/10/01 13:40:42,1.63,38.08374,-122.23314,43.307,59.908,0.0,-71,0.124,0.042,0.721
2014/10/01 13:40:47,1.63,38.08493,-122.23292,40.682,59.364,0.0,-71,0.072,0.042,0.483
2014/10/01 13:40:52,1.63,38.08608,-122.23258,33.465,58.797,0.0,-71,0.000,0.000,0.438
2014/10/01 13:40:57,1.63,38.08722,-122.23212,27.887,60.362,0.0,-71,0.000,0.042,0.701
2014/10/01 13:41:02,1.63,38.08841,-122.23161,23.622,64.926,0.0,-71,0.000,0.000,0.435
2014/10/01 13:41:07,1.63,38.08964,-122.23108,26.247,62.194,0.0,-71,0.000,0.042,0.419
2014/10/01 13:41:12,1.88,38.09079,-122.23061,30.512,60.363,0.0,-69,0.000,0.042,0.619
2014/10/01 13:41:17,1.62,38.09197,-122.23024,38.058,60.250,0.0,-69,0.003,0.000,0.450
2014/10/01 13:41:22,1.62,38.09314,-122.23002,47.572,58.024,0.0,-69,0.108,0.042,0.438
2014/10/01 13:41:27,1.62,38.09431,-122.22986,61.352,58.952,0.0,-69,0.000,0.042,0.430
2014/10/01 13:41:32,1.62,38.09546,-122.22974,67.585,55.904,0.0,-69,0.000,0.000,0.468
2014/10/01 13:41:37,1.62,38.09659,-122.22973,64.633,56.856,0.0,-69,0.003,0.000,0.602
2014/10/01 13:41:42,1.62,38.09770,-122.22971,56.759,52.598,0.0,-87,0.000,0.083,0.000
2014/10/01 13:41:47,1.62,38.09872,-122.22970,47.244,50.821,0.0,-87,0.000,0.000,0.000
2014/10/01 13:41:52,1.62,38.09979,-122.22968,39.370,54.673,0.0,-87,0.000,0.000,0.609
2014/10/01 13:41:57,1.68,38.10092,-122.22967,31.168,59.702,0.0,-87,0.003,0.042,0.550
2014/10/01 13:42:02,1.62,38.10203,-122.22966,24.606,54.789,0.0,-87,0.214,0.000,0.451
2014/10/01 13:42:07,1.62,38.10314,-122.22965,21.654,55.076,0.0,-87,0.091,0.042,0.439
2014/10/01 13:42:12,1.62,38.10423,-122.22963,19.685,54.187,0.0,-87,0.000,0.000,0.438
2014/10/01 13:42:17,1.62,38.10535,-122.22962,22.310,57.289,0.0,-65,0.122,0.125,0.421
2014/10/01 13:42:22,1.61,38.10655,-122.22960,26.575,60.901,0.0,-65,0.127,0.000,0.459
2014/10/01 13:42:27,1.61,38.10776,-122.22957,29.199,59.728,0.0,-65,0.058,0.083,0.467
2014/10/01 13:42:32,1.61,38.10896,-122.22956,33.136,60.037,0.0,-65,0.047,0.042,0.462
2014/10/01 13:42:37,1.65,38.11017,-122.22955,39.042,59.911,0.0,-65,0.157,0.042,0.531
2014/10/01 13:42:42,1.65,38.11141,-122.22962,42.979,61.465,0.0,-65,0.075,0.042,0.451
2014/10/01 13:42:47,1.89,38.11262,-122.22972,51.837,59.995,0.0,-63,0.155,0.000,0.470
2014/10/01 13:42:52,1.89,38.11383,-122.22981,65.617,60.505,0.0,-63,0.126,0.083,0.438
2014/10/01 13:42:57,1.89,38.11503,-122.22991,80.052,57.959,0.0,-63,0.047,0.042,0.431
2014/10/01 13:43:02,1.89,38.11617,-122.22999,88.911,55.909,0.0,-63,0.055,0.000,0.490
2014/10/01 13:43:07,1.86,38.11729,-122.23009,94.816,55.953,0.0,-63,0.000,0.083,0.430
2014/10/01 13:43:12,1.89,38.11842,-122.23017,103.346,57.038,0.0,-63,0.058,0.083,1.018
2014/10/01 13:43:17,1.86,38.11956,-122.23027,107.612,56.798,0.0,-81,0.028,0.042,0.430
2014/10/01 13:43:22,1.86,38.12073,-122.23029,111.220,58.908,0.0,-81,0.138,0.000,0.418
2014/10/01 13:43:27,1.6,38.12193,-122.23015,113.845,61.577,0.0,-81,0.042,0.042,0.458
2014/10/01 13:43:32,1.89,38.12316,-122.22983,121.063,63.030,0.0,-81,0.122,0.000,0.453
2014/10/01 13:43:37,1.6,38.12435,-122.22931,121.063,62.186,0.0,-81,0.122,0.042,0.670
2014/10/01 13:43:42,1.6,38.12548,-122.22866,116.142,59.293,0.0,-81,0.086,0.000,0.477
2014/10/01 13:43:47,1.6,38.12654,-122.22799,111.220,56.536,0.0,-65,0.058,0.000,0.730
2014/10/01 13:43:52,1.6,38.12756,-122.22734,107.940,57.434,0.0,-65,0.000,0.000,0.442
2014/10/01 13:43:57,1.6,38.12858,-122.22669,107.940,57.042,0.0,-65,0.141,0.083,0.495
2014/10/01 13:44:02,1.85,38.12963,-122.22601,108.596,59.723,0.0,-65,0.130,0.042,0.425
2014/10/01 13:44:07,1.82,38.13072,-122.22532,106.299,61.094,0.0,-65,0.053,0.083,0.441
2014/10/01 13:44:12,1.6,38.13175,-122.22465,102.362,49.006,0.0,-65,0.058,0.042,0.450
2014/10/01 13:44:17,1.85,38.13258,-122.22408,99.081,44.153,0.0,-65,0.091,0.000,0.430
2014/10/01 13:44:22,1.88,38.13329,-122.22358,96.129,40.362,0.0,-73,0.100,0.042,0.510
2014/10/01 13:44:27,1.84,38.13402,-122.22301,89.567,45.146,0.0,-73,0.086,0.000,0.427
2014/10/01 13:44:32,1.84,38.13478,-122.22228,93.176,48.539,0.0,-73,0.083,0.042,0.469
2014/10/01 13:44:37,1.98,38.13551,-122.22147,110.236,48.325,0.0,-73,0.091,0.000,0.462
2014/10/01 13:44:43,1.84,38.13643,-122.22056,133.530,48.958,0.0,-73,0.000,0.042,0.514
2014/10/01 13:44:48,1.84,38.13734,-122.22010,148.950,49.125,0.0,-73,0.000,0.042,0.635
2014/10/01 13:44:53,1.84,38.13831,-122.21999,163.386,48.674,0.0,-63,0.000,0.000,0.469
2014/10/01 13:44:58,1.84,38.13929,-122.22025,168.963,51.562,0.0,-63,0.003,0.000,0.789
2014/10/01 13:45:03,1.84,38.14018,-122.22090,160.761,50.531,0.0,-63,0.000,0.042,0.828
2014/10/01 13:45:08,1.85,38.14087,-122.22184,143.373,50.326,0.0,-63,0.138,0.000,0.638
2014/10/01 13:45:13,1.84,38.14129,-122.22307,125.656,54.457,0.0,-63,0.074,0.042,0.489
2014/10/01 13:45:18,1.6,38.14141,-122.22446,117.454,55.623,0.0,-63,0.039,0.000,0.450
2014/10/01 13:45:23,1.36,38.14143,-122.22588,114.829,56.482,0.0,-85,0.047,0.042,0.438
2014/10/01 13:45:28,1.8,38.14145,-122.22734,120.407,58.036,0.0,-85,0.086,0.000,0.602
2014/10/01 13:45:33,1.8,38.14147,-122.22883,125.000,59.954,0.0,-85,0.069,0.000,0.470
2014/10/01 13:45:38,1.8,38.14145,-122.23037,125.984,61.570,0.0,-85,0.141,0.083,0.447
2014/10/01 13:45:43,1.59,38.14143,-122.23200,127.953,65.102,0.0,-85,0.122,0.000,0.470
2014/10/01 13:45:48,1.59,38.14143,-122.23368,138.123,67.377,0.0,-85,0.000,0.042,0.478
2014/10/01 13:45:53,1.59,38.14145,-122.23538,150.591,65.336,0.0,-81,0.125,0.000,0.434
2014/10/01 13:45:58,1.8,38.14146,-122.23706,151.575,66.471,0.0,-81,0.044,0.083,0.567
2014/10/01 13:46:03,1.59,38.14152,-122.23875,140.092,66.575,0.0,-81,0.056,0.000,0.509
2014/10/01 13:46:08,1.59,38.14169,-122.24045,121.719,67.947,0.0,-81,0.000,0.042,0.438
2014/10/01 13:46:13,1.83,38.14188,-122.24217,102.362,68.575,0.0,-81,0.000,0.000,0.000
2014/10/01 13:46:18,1.82,38.14210,-122.24388,86.614,66.453,0.0,-81,0.000,0.083,0.000
2014/10/01 13:46:23,1.59,38.14230,-122.24559,80.381,68.824,0.0,-77,0.003,0.000,0.474
2014/10/01 13:46:28,1.59,38.14250,-122.24730,76.115,66.067,0.0,-77,0.053,0.000,0.534
2014/10/01 13:46:33,1.8,38.14268,-122.24893,75.131,63.431,0.0,-77,0.118,0.000,0.457
2014/10/01 13:46:38,1.8,38.14273,-122.25051,75.459,61.229,0.0,-77,0.069,0.042,0.450
2014/10/01 13:46:43,1.59,38.14265,-122.25202,66.929,58.028,0.0,-77,0.047,0.000,0.441
2014/10/01 13:46:48,1.59,38.14260,-122.25324,54.790,39.873,0.0,-77,0.113,0.000,0.418
2014/10/01 13:46:53,1.59,38.14255,-122.25423,39.370,38.477,0.0,-77,0.000,0.000,0.462
2014/10/01 13:46:58,1.59,38.14249,-122.25517,24.606,32.833,0.0,-77,0.105,0.000,0.509
2014/10/01 13:47:03,1.59,38.14265,-122.25557,23.294,16.454,0.0,-77,0.077,0.000,0.000
2014/10/01 13:47:08,1.59,38.14312,-122.25552,20.997,29.373,0.0,-77,0.090,0.000,0.000
2014/10/01 13:47:13,1.59,38.14376,-122.25542,19.685,33.889,0.0,-77,0.028,0.042,0.425
2014/10/01 13:47:18,1.59,38.14445,-122.25532,20.013,35.370,0.0,-77,0.069,0.000,0.474
2014/10/01 13:47:23,1.59,38.14512,-122.25521,19.029,31.205,0.0,-77,0.058,0.000,0.467
2014/10/01 13:47:28,1.59,38.14575,-122.25510,20.013,30.896,0.0,-67,0.105,0.000,0.458
2014/10/01 13:47:33,1.59,38.14631,-122.25501,23.950,24.441,0.0,-67,0.069,0.000,0.450
2014/10/01 13:47:38,1.59,38.14680,-122.25494,28.215,26.268,0.0,-67,0.116,0.000,0.451
2014/10/01 13:47:43,1.59,38.14737,-122.25485,29.528,31.264,0.0,-67,0.102,0.000,0.457
2014/10/01 13:47:48,1.59,38.14805,-122.25473,28.543,35.384,0.0,-67,0.094,0.042,0.443
2014/10/01 13:47:53,1.59,38.14879,-122.25462,28.543,38.047,0.0,-67,0.000,0.000,0.545
2014/10/01 13:47:58,1.59,38.14958,-122.25449,28.871,40.634,0.0,-73,0.105,0.042,0.490
2014/10/01 13:48:03,1.59,38.15040,-122.25436,29.528,41.309,0.0,-73,0.147,0.000,0.468
2014/10/01 13:48:08,1.59,38.15120,-122.25423,28.215,38.495,0.0,-73,0.077,0.000,0.450
2014/10/01 13:48:13,1.59,38.15199,-122.25410,25.591,39.630,0.0,-73,0.064,0.000,0.470
2014/10/01 13:48:18,1.59,38.15277,-122.25398,24.934,39.450,0.0,-73,0.069,0.000,0.000
2014/10/01 13:48:23,1.59,38.15356,-122.25384,26.247,40.119,0.0,-73,0.153,0.000,0.000
2014/10/01 13:48:28,1.59,38.15440,-122.25372,26.903,43.755,0.0,-77,0.124,0.000,0.470
2014/10/01 13:48:33,1.59,38.15528,-122.25358,27.559,42.418,0.0,-77,0.113,0.000,0.502
2014/10/01 13:48:38,1.59,38.15613,-122.25348,29.199,42.355,0.0,-77,0.075,0.000,0.000
2014/10/01 13:48:43,1.59,38.15701,-122.25341,28.543,44.204,0.0,-77,0.125,0.042,0.000
2014/10/01 13:48:48,1.59,38.15790,-122.25334,27.559,44.922,0.0,-77,0.063,0.042,0.471
2014/10/01 13:48:53,1.59,38.15882,-122.25327,27.559,45.835,0.0,-77,0.093,0.000,0.462
2014/10/01 13:48:58,1.59,38.15974,-122.25320,26.575,45.456,0.0,-77,0.158,0.000,0.510
2014/10/01 13:49:03,1.59,38.16067,-122.25313,26.247,45.909,0.0,-75,0.069,0.042,0.610
2014/10/01 13:49:08,1.59,38.16156,-122.25307,25.919,42.999,0.0,-75,0.022,0.042,0.662
2014/10/01 13:49:13,1.59,38.16241,-122.25300,25.591,40.114,0.0,-75,0.000,0.000,0.461
2014/10/01 13:49:18,1.59,38.16309,-122.25296,27.231,27.724,0.0,-75,0.050,0.000,0.422
2014/10/01 13:49:23,1.59,38.16356,-122.25292,29.199,19.279,0.0,-75,0.064,0.000,0.511
2014/10/01 13:49:28,1.59,38.16376,-122.25291,30.512,5.824,0.0,-75,0.044,0.083,0.438
2014/10/01 13:49:33,1.59,38.16390,-122.25290,31.496,11.716,0.0,-73,0.047,0.042,0.462
2014/10/01 13:49:38,1.59,38.16425,-122.25287,33.793,21.435,0.0,-73,0.036,0.000,0.000
2014/10/01 13:49:43,1.59,38.16475,-122.25283,37.073,28.536,0.0,-73,0.053,0.042,0.000
2014/10/01 13:49:48,1.59,38.16521,-122.25279,38.714,13.755,0.0,-73,0.097,0.000,0.498
2014/10/01 13:49:53,1.59,38.16535,-122.25279,38.714,0.052,0.0,-73,0.061,0.000,0.458
2014/10/01 13:49:58,1.59,38.16535,-122.25278,38.058,0.012,0.0,-73,0.039,0.000,0.442
2014/10/01 13:50:03,1.59,38.16535,-122.25278,38.386,0.063,0.0,-57,0.089,0.000,0.000
2014/10/01 13:50:08,1.59,38.16535,-122.25278,40.026,0.075,0.0,-57,0.000,0.000,0.000
2014/10/01 13:50:13,1.59,38.16535,-122.25278,39.698,0.030,0.0,-57,0.110,0.000,0.457
2014/10/01 13:50:18,1.59,38.16534,-122.25278,41.339,0.024,0.0,-57,0.130,0.000,0.430
2014/10/01 13:50:23,1.59,38.16534,-122.25278,42.651,0.024,0.0,-57,0.000,0.000,0.495
2014/10/01 13:50:28,1.59,38.16534,-122.25278,43.963,0.030,0.0,-57,0.000,0.000,0.522
2014/10/01 13:50:33,1.59,38.16534,-122.25277,45.604,0.022,0.0,-63,0.006,0.042,0.489
2014/10/01 13:50:38,1.59,38.16534,-122.25278,46.916,0.017,0.0,-63,0.081,0.000,0.438
2014/10/01 13:50:43,1.59,38.16534,-122.25278,47.900,0.041,0.0,-63,0.069,0.083,0.490
2014/10/01 13:50:48,1.59,38.16534,-122.25278,49.541,0.121,0.0,-63,0.132,0.000,0.436
2014/10/01 13:50:53,1.59,38.16533,-122.25278,51.509,0.014,0.0,-63,0.147,0.042,0.438
2014/10/01 13:50:58,1.59,38.16533,-122.25278,52.822,0.087,0.0,-63,0.138,0.000,0.570
2014/10/01 13:51:03,1.59,38.16534,-122.25278,53.806,0.026,0.0,-63,0.066,0.042,0.562
2014/10/01 13:51:08,1.59,38.16534,-122.25278,54.134,0.044,0.0,-59,0.000,0.000,0.489
2014/10/01 13:51:13,1.59,38.16534,-122.25278,54.134,0.037,0.0,-59,0.000,0.083,0.590
2014/10/01 13:51:18,1.59,38.16540,-122.25278,54.134,9.791,0.0,-59,0.000,0.042,0.491
2014/10/01 13:51:23,1.59,38.16576,-122.25275,54.134,23.964,0.0,-59,0.003,0.000,0.488
2014/10/01 13:51:28,1.59,38.16636,-122.25272,54.462,33.434,0.0,-59,0.000,0.042,0.550
2014/10/01 13:51:33,1.59,38.16708,-122.25271,54.790,37.073,0.0,-59,0.122,0.000,0.590
2014/10/01 13:51:38,1.59,38.16786,-122.25276,55.774,39.384,0.0,-51,0.086,0.042,0.496
2014/10/01 13:51:43,1.59,38.16867,-122.25288,58.399,40.931,0.0,-51,0.076,0.000,0.510
2014/10/01 13:51:48,2.17,38.16947,-122.25302,60.039,38.491,0.0,-51,0.055,0.042,0.523
2014/10/01 13:51:53,1.59,38.17023,-122.25314,61.024,39.318,0.0,-51,0.075,0.000,0.530
2014/10/01 13:51:58,1.59,38.17103,-122.25328,61.680,40.102,0.0,-51,0.127,0.042,0.440
2014/10/01 13:52:03,1.59,38.17185,-122.25342,60.696,42.795,0.0,-51,0.122,0.042,0.442
2014/10/01 13:52:08,1.59,38.17276,-122.25358,62.992,47.108,0.0,-65,0.036,0.000,0.476
2014/10/01 13:52:13,1.59,38.17372,-122.25374,65.289,49.722,0.0,-65,0.107,0.000,0.577
2014/10/01 13:52:18,1.59,38.17473,-122.25391,64.633,50.582,0.0,-65,0.000,0.000,0.457
2014/10/01 13:52:23,1.59,38.17574,-122.25408,62.336,50.116,0.0,-65,0.105,0.083,0.449
2014/10/01 13:52:28,1.59,38.17671,-122.25424,62.336,47.303,0.0,-65,0.053,0.000,0.774
2014/10/01 13:52:33,1.59,38.17765,-122.25440,58.399,45.242,0.0,-65,0.107,0.042,0.000
2014/10/01 13:52:38,1.59,38.17853,-122.25455,56.759,44.689,0.0,-81,0.152,0.000,0.000
2014/10/01 13:52:43,1.59,38.17943,-122.25470,54.134,44.742,0.0,-81,0.050,0.042,0.456
2014/10/01 13:52:48,1.59,38.18025,-122.25484,53.150,33.935,0.0,-81,0.042,0.042,0.475
2014/10/01 13:52:53,1.59,38.18093,-122.25495,53.478,35.672,0.0,-81,0.075,0.000,0.470
2014/10/01 13:52:58,1.59,38.18166,-122.25506,56.102,36.252,0.0,-81,0.153,0.042,0.471
2014/10/01 13:53:03,1.58,38.18235,-122.25513,59.055,34.419,0.0,-81,0.091,0.000,0.439
2014/10/01 13:53:08,1.4,38.18306,-122.25519,60.696,36.606,0.0,-81,0.019,0.000,0.491
2014/10/01 13:53:13,1.57,38.18383,-122.25521,61.680,40.019,0.0,-73,0.097,0.000,0.498
2014/10/01 13:53:18,1.4,38.18466,-122.25520,60.367,42.136,0.0,-73,0.124,0.000,0.546
2014/10/01 13:53:23,1.4,38.18553,-122.25520,63.320,44.768,0.0,-73,0.000,0.000,0.463
2014/10/01 13:53:28,1.4,38.18646,-122.25522,72.507,47.324,0.0,-73,0.118,0.000,0.490
2014/10/01 13:53:33,1.4,38.18747,-122.25526,80.709,52.471,0.0,-73,0.129,0.000,0.523
2014/10/01 13:53:38,1.4,38.18857,-122.25533,86.286,56.330,0.0,-73,0.055,0.000,0.458
2014/10/01 13:53:43,1.4,38.18974,-122.25542,86.614,60.808,0.0,-63,0.053,0.000,0.431
2014/10/01 13:53:48,1.4,38.19100,-122.25553,83.661,63.043,0.0,-63,0.083,0.000,0.483
2014/10/01 13:53:53,1.4,38.19223,-122.25565,73.491,61.429,0.0,-63,0.069,0.000,0.000
2014/10/01 13:53:58,1.4,38.19345,-122.25582,63.320,61.599,0.0,-63,0.068,0.000,0.000
2014/10/01 13:54:03,1.4,38.19467,-122.25600,61.352,60.268,0.0,-63,0.066,0.000,0.510
2014/10/01 13:54:08,1.4,38.19587,-122.25611,61.680,58.952,0.0,-63,0.000,0.000,0.442
2014/10/01 13:54:13,1.4,38.19703,-122.25615,60.696,56.739,0.0,-71,0.055,0.000,0.478
2014/10/01 13:54:18,1.4,38.19815,-122.25613,54.462,55.418,0.0,-71,0.066,0.000,0.000
2014/10/01 13:54:23,1.4,38.19926,-122.25612,49.869,54.702,0.0,-71,0.101,0.000,0.000
2014/10/01 13:54:28,1.4,38.20037,-122.25611,46.916,55.774,0.0,-71,0.132,0.000,0.462
2014/10/01 13:54:33,1.4,38.20150,-122.25609,47.572,56.509,0.0,-71,0.196,0.000,0.470
2014/10/01 13:54:38,1.57,38.20265,-122.25609,52.165,56.844,0.0,-71,0.080,0.000,0.497
2014/10/01 13:54:43,1.57,38.20377,-122.25607,58.071,55.391,0.0,-65,0.075,0.000,0.462
2014/10/01 13:54:48,1.57,38.20508,-122.25606,66.929,52.850,0.0,-65,0.000,0.000,0.478
2014/10/01 13:54:53,1.57,38.20610,-122.25605,67.585,48.776,0.0,-65,0.113,0.000,0.450
2014/10/01 13:54:58,1.4,38.20704,-122.25605,63.648,46.048,0.0,-65,0.105,0.000,0.459
2014/10/01 13:55:03,1.4,38.20797,-122.25609,62.336,46.587,0.0,-65,0.161,0.000,0.470
2014/10/01 13:55:08,1.57,38.20895,-122.25614,63.648,50.206,0.0,-65,0.058,0.000,0.478
2014/10/01 13:55:13,1.4,38.20997,-122.25620,65.617,51.999,0.0,-65,0.125,0.042,0.430
2014/10/01 13:55:18,1.4,38.21105,-122.25625,67.257,54.202,0.0,-67,0.072,0.000,0.450
2014/10/01 13:55:23,1.4,38.21215,-122.25633,68.241,56.343,0.0,-67,0.102,0.000,0.462
2014/10/01 13:55:28,1.4,38.21331,-122.25645,68.898,58.876,0.0,-67,0.039,0.000,0.450
2014/10/01 13:55:33,1.4,38.21450,-122.25665,70.538,60.173,0.0,-67,0.113,0.000,0.461
2014/10/01 13:55:38,1.57,38.21570,-122.25685,74.147,59.894,0.0,-67,0.113,0.000,0.507
2014/10/01 13:55:43,1.4,38.21688,-122.25704,78.412,57.878,0.0,-67,0.116,0.000,0.474
2014/10/01 13:55:48,1.4,38.21800,-122.25723,81.037,55.141,0.0,-73,0.077,0.000,0.000
2014/10/01 13:55:53,1.96,38.21907,-122.25741,79.068,52.990,0.0,-73,0.000,0.000,0.000
2014/10/01 13:55:58,2.15,38.22005,-122.25754,78.740,45.435,0.0,-73,0.087,0.000,0.462
2014/10/01 13:56:03,1.4,38.22090,-122.25763,79.396,39.717,0.0,-73,0.061,0.000,0.458
2014/10/01 13:56:08,1.4,38.22162,-122.25769,79.396,32.077,0.0,-73,0.083,0.000,0.442
2014/10/01 13:56:13,1.4,38.22209,-122.25773,79.068,18.986,0.0,-73,0.047,0.000,0.530
2014/10/01 13:56:18,1.57,38.22229,-122.25775,78.084,4.833,0.0,-89,0.075,0.000,0.630
2014/10/01 13:56:23,1.4,38.22234,-122.25775,77.756,0.074,0.0,-89,0.058,0.000,0.450
2014/10/01 13:56:28,1.41,38.22234,-122.25774,77.100,0.014,0.0,-89,0.058,0.000,0.470
2014/10/01 13:56:33,1.41,38.22234,-122.25774,77.428,0.045,0.0,-89,0.042,0.000,0.462
2014/10/01 13:56:38,1.41,38.22234,-122.25774,78.740,0.062,0.0,-89,0.108,0.000,0.457
2014/10/01 13:56:43,1.41,38.22238,-122.25775,79.396,5.092,0.0,-89,0.111,0.042,0.000
2014/10/01 13:56:48,1.41,38.22260,-122.25776,79.396,14.821,0.0,-89,0.132,0.042,0.000
2014/10/01 13:56:53,1.41,38.22298,-122.25780,79.068,22.964,0.0,-89,0.000,0.000,0.845
2014/10/01 13:56:58,1.41,38.22352,-122.25785,78.084,29.598,0.0,-89,0.000,0.042,0.474
2014/10/01 13:57:03,1.57,38.22416,-122.25790,77.756,34.239,0.0,-89,0.000,0.000,0.461
2014/10/01 13:57:09,1.69,38.22489,-122.25796,76.115,38.419,0.0,-89,0.000,0.042,0.466
2014/10/01 13:57:14,1.41,38.22570,-122.25803,74.803,42.232,0.0,-89,0.000,0.000,0.490
2014/10/01 13:57:19,1.41,38.22658,-122.25810,72.507,44.794,0.0,-89,0.003,0.042,0.418
2014/10/01 13:57:24,1.41,38.22749,-122.25817,70.538,46.676,0.0,-89,0.115,0.042,0.429
2014/10/01 13:57:29,1.41,38.22846,-122.25824,70.210,50.141,0.0,-89,0.050,0.000,0.459
2014/10/01 13:57:34,1.41,38.22953,-122.25832,70.538,55.692,0.0,-89,0.000,0.083,0.450
2014/10/01 13:57:39,1.7,38.23069,-122.25848,70.866,58.437,0.0,-89,0.000,0.042,0.455
2014/10/01 13:57:44,2.68,38.23185,-122.25886,67.257,60.193,0.0,-89,0.000,0.000,0.446
2014/10/01 13:57:49,1.41,38.23298,-122.25946,65.617,61.313,0.0,-89,0.000,0.042,0.455
2014/10/01 13:57:54,1.41,38.23404,-122.26027,67.257,61.559,0.0,-91,0.006,0.000,0.562
2014/10/01 13:57:59,1.41,38.23499,-122.26130,67.913,62.533,0.0,-91,0.108,0.083,0.449
2014/10/01 13:58:04,1.58,38.23592,-122.26238,66.601,62.115,0.0,-91,0.127,0.000,0.449
2014/10/01 13:58:09,1.7,38.23683,-122.26345,65.617,62.207,0.0,-91,0.089,0.042,0.492
2014/10/01 13:58:14,1.41,38.23776,-122.26453,64.633,62.711,0.0,-91,0.097,0.000,0.469
2014/10/01 13:58:19,1.41,38.23867,-122.26560,64.304,60.809,0.0,-91,0.111,0.000,0.478
2014/10/01 13:58:24,1.41,38.23957,-122.26665,65.945,60.869,0.0,-95,0.127,0.000,0.630
2014/10/01 13:58:29,1.41,38.24045,-122.26768,70.538,57.334,0.0,-95,0.000,0.000,0.847
2014/10/01 13:58:34,1.41,38.24120,-122.26870,73.163,51.578,0.0,-95,0.000,0.000,0.591
2014/10/01 13:58:39,1.44,38.24182,-122.26977,79.068,53.048,0.0,-95,0.000,0.000,0.458
2014/10/01 13:58:44,1.58,38.24235,-122.27101,85.630,56.344,0.0,-95,0.003,0.000,0.458
2014/10/01 13:58:49,1.71,38.24275,-122.27236,87.598,57.588,0.0,-95,0.047,0.000,0.451
2014/10/01 13:58:54,1.41,38.24301,-122.27382,91.535,59.463,0.0,-87,0.118,0.000,0.456
2014/10/01 13:58:59,1.73,38.24311,-122.27536,97.769,61.856,0.0,-87,0.000,0.042,0.749
2014/10/01 13:59:04,1.36,38.24318,-122.27696,104.003,63.139,0.0,-87,0.102,0.000,0.439
2014/10/01 13:59:09,1.36,38.24323,-122.27861,110.564,65.913,0.0,-87,0.102,0.000,0.458
2014/10/01 13:59:14,1.67,38.24332,-122.28030,115.814,66.462,0.0,-87,0.094,0.000,0.000
2014/10/01 13:59:19,1.35,38.24347,-122.28195,120.407,62.990,0.0,-87,0.130,0.000,0.000
2014/10/01 13:59:24,1.5,38.24365,-122.28355,122.375,63.958,0.0,-87,0.080,0.000,0.000
2014/10/01 13:59:29,1.35,38.24387,-122.28518,120.079,66.022,0.0,-71,0.125,0.042,0.438
2014/10/01 13:59:34,1.35,38.24417,-122.28685,109.908,67.879,0.0,-71,0.152,0.000,0.510
2014/10/01 13:59:39,1.66,38.24454,-122.28851,93.832,67.650,0.0,-71,0.119,0.042,0.542
2014/10/01 13:59:44,1.66,38.24496,-122.29011,71.522,65.501,0.0,-71,0.147,0.042,0.430
2014/10/01 13:59:49,1.35,38.24543,-122.29169,47.900,67.305,0.0,-71,0.076,0.000,0.431
2014/10/01 13:59:54,1.35,38.24594,-122.29329,29.528,68.423,0.0,-71,0.066,0.000,0.450
2014/10/01 13:59:59,1.35,38.24647,-122.29491,19.029,68.995,0.0,-83,0.030,0.000,1.953
2014/10/01 14:00:04,1.41,38.24699,-122.29652,16.732,68.542,0.0,-83,0.000,0.000,0.526
2014/10/01 14:00:09,1.72,38.24752,-122.29810,15.748,67.264,0.0,-83,0.000,0.000,0.490
2014/10/01 14:00:14,1.35,38.24824,-122.29956,17.717,67.625,0.0,-83,0.000,0.000,0.558
2014/10/01 14:00:19,1.35,38.24915,-122.30083,16.732,67.902,0.0,-83,0.000,0.000,0.450
2014/10/01 14:00:24,1.35,38.25023,-122.30186,15.748,66.425,0.0,-83,0.006,0.000,0.474
2014/10/01 14:00:29,1.35,38.25140,-122.30262,16.404,64.058,0.0,-75,0.066,0.000,0.000
2014/10/01 14:00:34,1.66,38.25265,-122.30312,14.108,65.135,0.0,-75,0.075,0.000,0.000
2014/10/01 14:00:39,1.38,38.25393,-122.30335,16.076,63.175,0.0,-75,0.077,0.000,0.000
2014/10/01 14:00:44,1.67,38.25512,-122.30334,15.420,56.559,0.0,-75,0.072,0.000,0.462
2014/10/01 14:00:49,1.67,38.25619,-122.30314,16.404,52.265,0.0,-75,0.000,0.000,0.462
2014/10/01 14:00:54,1.35,38.25720,-122.30278,16.404,52.022,0.0,-75,0.127,0.000,0.502
2014/10/01 14:00:59,1.35,38.25817,-122.30224,16.732,54.327,0.0,-83,0.064,0.000,1.057
2014/10/01 14:01:04,1.35,38.25914,-122.30151,14.764,57.401,0.0,-83,0.058,0.000,0.488
2014/10/01 14:01:09,1.35,38.26013,-122.30070,14.436,59.744,0.0,-83,0.000,0.000,0.568
2014/10/01 14:01:14,1.35,38.26119,-122.29997,14.764,60.186,0.0,-83,0.000,0.000,0.749
2014/10/01 14:01:19,1.35,38.26234,-122.29945,15.420,61.156,0.0,-83,0.000,0.000,0.454
2014/10/01 14:01:24,1.73,38.26355,-122.29913,14.108,62.792,0.0,-83,0.000,0.000,0.000
2014/10/01 14:01:29,1.35,38.26481,-122.29898,13.780,63.345,0.0,-83,0.006,0.000,0.000
2014/10/01 14:01:34,1.67,38.26608,-122.29884,12.795,62.897,0.0,-71,0.072,0.000,0.000
2014/10/01 14:01:39,1.67,38.26732,-122.29869,11.155,62.090,0.0,-71,0.112,0.000,0.450
2014/10/01 14:01:44,1.35,38.26858,-122.29858,10.499,62.864,0.0,-71,0.097,0.000,0.510
2014/10/01 14:01:49,1.35,38.26985,-122.29852,11.155,64.559,0.0,-71,0.083,0.000,0.690
2014/10/01 14:01:54,1.35,38.27117,-122.29851,12.795,66.157,0.0,-71,0.112,0.000,0.522
2014/10/01 14:01:59,1.35,38.27251,-122.29858,13.451,66.799,0.0,-71,0.172,0.000,0.489
2014/10/01 14:02:04,1.38,38.27385,-122.29870,15.092,66.386,0.0,-67,0.055,0.000,0.458
2014/10/01 14:02:09,1.35,38.27516,-122.29888,18.045,65.270,0.0,-67,0.067,0.000,0.601
2014/10/01 14:02:14,1.35,38.27645,-122.29912,23.950,65.140,0.0,-67,0.111,0.000,0.570
2014/10/01 14:02:19,1.35,38.27774,-122.29943,29.528,66.033,0.0,-67,0.000,0.000,0.470
2014/10/01 14:02:24,1.51,38.27907,-122.29976,33.793,68.205,0.0,-67,0.050,0.000,0.483
2014/10/01 14:02:29,1.35,38.28042,-122.30005,42.323,67.865,0.0,-67,0.039,0.000,0.490
2014/10/01 14:02:34,1.35,38.28177,-122.30025,47.572,67.171,0.0,-59,0.052,0.000,0.490
2014/10/01 14:02:39,1.68,38.28313,-122.30036,47.244,67.914,0.0,-59,0.072,0.042,0.000
2014/10/01 14:02:44,1.35,38.28449,-122.30043,41.010,67.799,0.0,-59,0.030,0.000,0.000
2014/10/01 14:02:49,1.35,38.28584,-122.30059,38.386,66.723,0.0,-59,0.116,0.000,0.460
2014/10/01 14:02:54,1.35,38.28714,-122.30088,41.339,64.605,0.0,-59,0.075,0.000,0.534
2014/10/01 14:02:59,1.43,38.28840,-122.30123,41.667,64.737,0.0,-59,0.072,0.000,0.526
2014/10/01 14:03:04,1.43,38.28967,-122.30157,41.010,63.889,0.0,-93,0.064,0.000,0.000
2014/10/01 14:03:09,1.43,38.29091,-122.30189,45.604,61.890,0.0,-93,0.069,0.000,0.000
2014/10/01 14:03:14,1.46,38.29213,-122.30210,46.916,60.066,0.0,-93,0.025,0.000,0.470
2014/10/01 14:03:19,1.51,38.29333,-122.30207,47.572,59.400,0.0,-93,0.000,0.000,0.498
2014/10/01 14:03:24,2.15,38.29455,-122.30188,47.244,62.021,0.0,-93,0.000,0.000,0.453
2014/10/01 14:03:29,1.51,38.29578,-122.30171,50.853,61.092,0.0,-93,0.000,0.000,0.506
2014/10/01 14:03:34,1.51,38.29702,-122.30184,52.493,59.881,0.0,-93,0.003,0.000,0.470
2014/10/01 14:03:39,1.51,38.29818,-122.30217,55.446,59.143,0.0,-51,0.000,0.000,0.000
2014/10/01 14:03:44,2.13,38.29935,-122.30252,58.727,59.269,0.0,-51,0.000,0.000,0.432
2014/10/01 14:03:49,1.51,38.30050,-122.30286,60.039,59.584,0.0,-51,0.000,0.042,0.446
2014/10/01 14:03:54,2.13,38.30169,-122.30322,62.664,62.869,0.0,-51,0.000,0.000,0.617
2014/10/01 14:03:59,2.13,38.30296,-122.30358,62.664,65.527,0.0,-51,0.003,0.000,0.000
2014/10/01 14:04:04,1.51,38.30425,-122.30396,64.633,64.850,0.0,-51,0.086,0.000,0.000
2014/10/01 14:04:09,1.51,38.30548,-122.30431,64.961,62.290,0.0,-89,0.086,0.000,0.574
2014/10/01 14:04:14,2.13,38.30669,-122.30467,64.304,61.750,0.0,-89,0.083,0.000,0.561
2014/10/01 14:04:19,1.51,38.30787,-122.30502,72.507,60.700,0.0,-89,0.000,0.000,0.666
2014/10/01 14:04:24,1.51,38.30908,-122.30537,84.646,62.643,0.0,-89,0.000,0.042,0.606
2014/10/01 14:04:29,1.51,38.31032,-122.30573,90.223,64.634,0.0,-89,0.000,0.000,0.453
2014/10/01 14:04:34,1.51,38.31159,-122.30610,92.192,63.381,0.0,-89,0.006,0.042,0.440
2014/10/01 14:04:39,2.14,38.31281,-122.30646,107.940,63.080,0.0,-75,0.080,0.000,0.481
2014/10/01 14:04:44,1.51,38.31411,-122.30682,93.832,65.323,0.0,-75,0.080,0.083,0.000
2014/10/01 14:04:49,2.14,38.31538,-122.30714,92.192,64.096,0.0,-75,0.136,0.000,0.000
2014/10/01 14:04:54,1.51,38.31669,-122.30728,80.052,64.895,0.0,-75,0.072,0.042,0.000
2014/10/01 14:04:59,1.57,38.31801,-122.30730,70.538,64.528,0.0,-75,0.000,0.000,0.502
2014/10/01 14:05:04,2.19,38.31929,-122.30740,59.055,63.657,0.0,-75,0.042,0.000,0.490
2014/10/01 14:05:09,1.9,38.32056,-122.30784,50.853,65.882,0.0,-67,0.050,0.000,0.466
2014/10/01 14:05:14,1.51,38.32170,-122.30868,53.806,65.560,0.0,-67,0.036,0.000,0.443
2014/10/01 14:05:19,1.51,38.32270,-122.30982,64.633,67.626,0.0,-67,0.069,0.000,0.443
2014/10/01 14:05:24,1.51,38.32367,-122.31098,72.507,66.966,0.0,-67,0.127,0.000,0.463
2014/10/01 14:05:29,1.51,38.32466,-122.31195,80.052,59.703,0.0,-67,0.083,0.000,0.451
2014/10/01 14:05:34,1.51,38.32564,-122.31278,81.365,56.261,0.0,-67,0.044,0.000,0.442
2014/10/01 14:05:39,1.54,38.32658,-122.31359,80.052,55.606,0.0,-67,0.000,0.042,0.438
2014/10/01 14:05:44,1.54,38.32748,-122.31436,79.724,50.206,0.0,-77,0.000,0.042,0.431
2014/10/01 14:05:49,1.54,38.32825,-122.31502,78.084,41.482,0.0,-77,0.000,0.000,0.434
2014/10/01 14:05:54,1.54,38.32882,-122.31551,77.756,28.561,0.0,-77,0.006,0.042,0.439
2014/10/01 14:05:59,2.16,38.32913,-122.31578,75.459,9.272,0.0,-77,0.125,0.042,0.414
2014/10/01 14:06:04,2.16,38.32916,-122.31580,73.819,0.073,0.0,-77,0.091,0.000,0.458
2014/10/01 14:06:09,2.16,38.32917,-122.31581,68.898,0.012,0.0,-77,0.108,0.000,0.447
2014/10/01 14:06:14,1.54,38.32921,-122.31585,68.898,4.416,0.0,-65,0.050,0.000,0.435
2014/10/01 14:06:19,1.52,38.32924,-122.31588,72.178,0.500,0.0,-65,0.000,0.000,0.450
2014/10/01 14:06:24,1.52,38.32932,-122.31595,74.475,10.954,0.0,-65,0.085,0.000,0.466
2014/10/01 14:06:29,2.61,38.32960,-122.31619,75.459,21.958,0.0,-65,0.119,0.000,0.441
2014/10/01 14:06:34,2.17,38.33003,-122.31655,76.115,28.840,0.0,-65,0.089,0.000,0.459
2014/10/01 14:06:39,2.86,38.33055,-122.31699,76.772,32.272,0.0,-65,0.097,0.000,0.432
2014/10/01 14:06:44,1.52,38.33115,-122.31751,76.444,39.480,0.0,-55,0.111,0.000,0.463
2014/10/01 14:06:49,1.54,38.33186,-122.31812,75.787,44.844,0.0,-55,0.000,0.000,0.613
2014/10/01 14:06:54,1.52,38.33262,-122.31878,76.115,46.478,0.0,-55,0.111,0.000,0.450
2014/10/01 14:06:59,1.52,38.33341,-122.31942,77.756,47.257,0.0,-55,0.000,0.000,0.478
2014/10/01 14:07:04,1.52,38.33421,-122.32005,79.396,47.039,0.0,-55,0.000,0.000,0.458
2014/10/01 14:07:09,1.52,38.33498,-122.32066,81.037,43.174,0.0,-55,0.000,0.000,0.463
2014/10/01 14:07:14,1.52,38.33569,-122.32122,83.005,41.831,0.0,-61,0.006,0.000,0.454
2014/10/01 14:07:19,1.36,38.33641,-122.32178,84.318,42.146,0.0,-61,0.000,0.000,0.543
2014/10/01 14:07:24,1.72,38.33712,-122.32234,86.286,42.054,0.0,-61,0.000,0.000,0.478
2014/10/01 14:07:29,1.36,38.33782,-122.32290,87.927,38.783,0.0,-61,0.000,0.000,0.462
2014/10/01 14:07:34,1.36,38.33831,-122.32329,87.927,16.570,0.0,-61,0.006,0.000,0.460
2014/10/01 14:07:39,1.36,38.33843,-122.32338,86.942,3.158,0.0,-61,0.096,0.042,0.586
2014/10/01 14:07:44,1.36,38.33843,-122.32338,88.255,0.488,0.0,-75,0.064,0.000,0.467
2014/10/01 14:07:49,1.36,38.33859,-122.32350,89.239,16.710,0.0,-75,0.116,0.000,0.443
2014/10/01 14:07:55,1.72,38.33906,-122.32387,91.535,26.684,0.0,-75,0.044,0.000,0.435
2014/10/01 14:08:00,1.36,38.33955,-122.32422,92.192,29.888,0.0,-75,0.000,0.000,0.466
2014/10/01 14:08:05,1.73,38.34016,-122.32459,90.223,36.689,0.0,-75,0.000,0.000,0.462
2014/10/01 14:08:10,1.36,38.34091,-122.32499,88.255,43.047,0.0,-75,0.000,0.000,0.457
2014/10/01 14:08:15,1.41,38.34177,-122.32543,85.302,48.265,0.0,-75,0.006,0.000,0.526
2014/10/01 14:08:20,1.52,38.34271,-122.32592,83.661,52.260,0.0,-69,0.147,0.000,0.454
2014/10/01 14:08:25,1.36,38.34371,-122.32644,84.318,54.387,0.0,-69,0.125,0.000,0.460
2014/10/01 14:08:30,1.36,38.34474,-122.32697,83.990,55.953,0.0,-69,0.080,0.000,0.446
2014/10/01 14:08:35,1.36,38.34578,-122.32752,84.318,55.351,0.0,-69,0.000,0.000,0.482
2014/10/01 14:08:40,1.36,38.34681,-122.32806,85.958,56.125,0.0,-69,0.000,0.000,0.506
2014/10/01 14:08:45,1.36,38.34787,-122.32861,87.270,57.860,0.0,-69,0.000,0.000,0.478
2014/10/01 14:08:50,1.36,38.34897,-122.32918,88.911,59.035,0.0,-73,0.000,0.000,0.443
2014/10/01 14:08:55,1.36,38.35004,-122.32973,91.535,55.214,0.0,-73,0.006,0.000,0.454
2014/10/01 14:09:00,1.42,38.35102,-122.33025,94.160,50.085,0.0,-73,0.149,0.000,0.473
2014/10/01 14:09:05,1.36,38.35186,-122.33069,94.816,38.460,0.0,-73,0.055,0.000,0.487
2014/10/01 14:09:10,1.36,38.35233,-122.33095,95.144,19.889,0.0,-73,0.053,0.000,0.498
2014/10/01 14:09:15,1.36,38.35270,-122.33114,95.144,22.830,0.0,-73,0.028,0.000,0.689
2014/10/01 14:09:20,1.36,38.35324,-122.33142,94.488,32.916,0.0,-77,0.066,0.000,0.978
2014/10/01 14:09:25,1.36,38.35393,-122.33178,94.488,40.064,0.0,-77,0.000,0.000,0.961
2014/10/01 14:09:30,1.36,38.35472,-122.33219,93.176,44.194,0.0,-77,0.042,0.000,0.000
2014/10/01 14:09:35,1.36,38.35558,-122.33264,92.520,47.705,0.0,-77,0.028,0.000,0.000
2014/10/01 14:09:40,1.36,38.35649,-122.33312,93.176,49.599,0.0,-77,0.077,0.000,0.966
2014/10/01 14:09:45,1.36,38.35741,-122.33361,93.176,49.950,0.0,-77,0.000,0.000,2.238
2014/10/01 14:09:50,1.74,38.35833,-122.33409,93.832,49.522,0.0,-77,0.000,0.000,0.529
2014/10/01 14:09:55,1.36,38.35926,-122.33459,94.160,51.249,0.0,-77,0.000,0.000,0.462
2014/10/01 14:10:00,1.41,38.36024,-122.33510,94.816,53.435,0.0,-77,0.000,0.000,0.481
2014/10/01 14:10:05,1.36,38.36125,-122.33562,93.504,54.738,0.0,-77,0.006,0.000,0.504
2014/10/01 14:10:10,1.36,38.36229,-122.33617,92.520,56.409,0.0,-77,0.044,0.000,0.419
2014/10/01 14:10:15,1.36,38.36333,-122.33671,90.223,55.639,0.0,-77,0.000,0.000,0.420
2014/10/01 14:10:20,1.36,38.36436,-122.33726,90.879,55.677,0.0,-77,0.000,0.000,0.469
2014/10/01 14:10:25,1.74,38.36536,-122.33777,88.911,52.794,0.0,-73,0.003,0.000,0.451
2014/10/01 14:10:30,1.36,38.36633,-122.33828,86.286,51.904,0.0,-73,0.072,0.000,0.477
2014/10/01 14:10:35,1.36,38.36732,-122.33880,82.677,53.311,0.0,-73,0.113,0.000,0.466
2014/10/01 14:10:40,1.36,38.36831,-122.33931,81.365,53.438,0.0,-73,0.000,0.000,0.483
2014/10/01 14:10:45,1.36,38.36932,-122.33984,78.740,55.073,0.0,-73,0.077,0.000,0.435
2014/10/01 14:10:50,1.36,38.37037,-122.34038,77.428,57.580,0.0,-73,0.066,0.000,0.422
2014/10/01 14:10:55,1.36,38.37146,-122.34095,74.475,58.201,0.0,-97,0.094,0.000,0.434
2014/10/01 14:11:00,1.36,38.37256,-122.34152,72.178,59.410,0.0,-97,0.000,0.000,0.494
2014/10/01 14:11:05,1.75,38.37367,-122.34209,69.226,59.577,0.0,-97,0.000,0.000,0.502
2014/10/01 14:11:10,1.36,38.37478,-122.34265,68.570,60.163,0.0,-97,0.000,0.042,0.454
2014/10/01 14:11:15,1.36,38.37592,-122.34322,67.257,61.706,0.0,-97,0.000,0.000,0.546
2014/10/01 14:11:20,1.36,38.37709,-122.34384,63.976,63.790,0.0,-97,0.000,0.042,0.446
2014/10/01 14:11:25,1.36,38.37826,-122.34451,64.961,63.454,0.0,-101,0.003,0.000,0.454
2014/10/01 14:11:30,1.75,38.37940,-122.34522,64.961,62.518,0.0,-101,0.000,0.000,0.531
2014/10/01 14:11:35,1.75,38.38052,-122.34593,64.633,61.522,0.0,-101,0.154,0.000,0.423
2014/10/01 14:11:40,1.36,38.38163,-122.34665,65.289,62.001,0.0,-101,0.003,0.000,0.622
2014/10/01 14:11:45,1.36,38.38275,-122.34737,65.617,62.634,0.0,-101,0.086,0.000,0.418
2014/10/01 14:11:50,1.36,38.38386,-122.34808,67.585,61.109,0.0,-101,0.047,0.042,0.422
2014/10/01 14:11:55,1.75,38.38494,-122.34878,68.241,58.972,0.0,-97,0.101,0.000,0.474
2014/10/01 14:12:00,1.75,38.38599,-122.34945,68.570,58.218,0.0,-97,0.058,0.000,0.646
2014/10/01 14:12:05,1.75,38.38704,-122.35012,69.554,58.360,0.0,-97,0.064,0.000,0.438
2014/10/01 14:12:10,1.96,38.38809,-122.35080,70.866,57.959,0.0,-97,0.072,0.000,0.917
2014/10/01 14:12:15,1.75,38.38913,-122.35148,70.866,58.290,0.0,-97,0.042,0.000,0.000
2014/10/01 14:12:20,1.75,38.39016,-122.35219,70.210,57.795,0.0,-97,0.083,0.000,0.000
2014/10/01 14:12:25,1.75,38.39116,-122.35289,73.819,56.221,0.0,-97,0.108,0.000,0.418
2014/10/01 14:12:30,1.36,38.39216,-122.35359,76.115,57.992,0.0,-93,0.057,0.000,0.502
2014/10/01 14:12:35,1.4,38.39318,-122.35433,76.444,59.168,0.0,-93,0.091,0.000,0.510
2014/10/01 14:12:40,1.36,38.39419,-122.35518,78.412,61.161,0.0,-93,0.127,0.000,0.466
2014/10/01 14:12:45,1.36,38.39513,-122.35619,78.740,61.928,0.0,-93,0.000,0.000,0.498
2014/10/01 14:12:50,1.4,38.39606,-122.35725,88.255,62.429,0.0,-93,0.044,0.000,0.450
2014/10/01 14:12:55,1.36,38.39698,-122.35831,97.113,61.040,0.0,-93,0.113,0.000,0.466
2014/10/01 14:13:00,1.36,38.39789,-122.35933,98.425,61.363,0.0,-91,0.069,0.042,0.473
2014/10/01 14:13:05,1.36,38.39880,-122.36038,87.598,60.077,0.0,-91,0.000,0.000,0.434
2014/10/01 14:13:10,1.36,38.39970,-122.36140,79.068,59.470,0.0,-91,0.000,0.000,0.461
2014/10/01 14:13:15,1.4,38.40056,-122.36238,82.021,56.768,0.0,-91,0.000,0.000,0.478
2014/10/01 14:13:20,1.76,38.40141,-122.36334,86.942,55.099,0.0,-91,0.000,0.000,2.647
2014/10/01 14:13:25,1.36,38.40213,-122.36418,90.551,42.683,0.0,-91,0.003,0.000,0.523
2014/10/01 14:13:30,1.36,38.40267,-122.36486,94.488,37.576,0.0,-107,0.000,0.000,0.606
2014/10/01 14:13:35,1.36,38.40320,-122.36552,98.753,35.968,0.0,-107,0.000,0.000,0.000
2014/10/01 14:13:40,1.56,38.40374,-122.36612,104.003,36.147,0.0,-107,0.000,0.000,0.000
2014/10/01 14:13:45,2.11,38.40427,-122.36669,111.877,33.835,0.0,-107,0.000,0.000,0.000
2014/10/01 14:13:50,1.36,38.40479,-122.36721,115.157,31.931,0.0,-107,0.006,0.000,0.000
2014/10/01 14:13:55,1.36,38.40524,-122.36767,119.094,23.514,0.0,-107,0.000,0.000,0.000
2014/10/01 14:14:00,1.36,38.40556,-122.36800,122.375,17.413,0.0,-107,0.000,0.000,1.649
2014/10/01 14:14:05,1.36,38.40585,-122.36834,125.328,23.399,0.0,-107,0.000,0.000,0.511
2014/10/01 14:14:10,1.45,38.40623,-122.36888,129.265,32.446,0.0,-107,0.000,0.000,0.730
2014/10/01 14:14:15,1.36,38.40665,-122.36966,135.171,39.058,0.0,-107,0.000,0.000,0.509
2014/10/01 14:14:20,1.36,38.40707,-122.37059,142.388,42.825,0.0,-107,0.000,0.000,0.891
2014/10/01 14:14:25,1.36,38.40750,-122.37159,149.606,45.983,0.0,-107,0.000,0.000,1.310
2014/10/01 14:14:31,1.36,38.40805,-122.37289,157.480,48.609,0.0,-99,0.000,0.000,0.509
2014/10/01 14:14:36,1.36,38.40850,-122.37404,163.058,51.375,0.0,-99,0.000,0.000,4.321
2014/10/01 14:14:41,1.36,38.40893,-122.37521,168.307,47.668,0.0,-99,0.000,0.000,0.762
2014/10/01 14:14:46,1.36,38.40931,-122.37629,173.228,45.741,0.0,-99,0.003,0.000,0.502
2014/10/01 14:14:51,1.36,38.40969,-122.37738,177.165,47.379,0.0,-99,0.000,0.000,1.149
2014/10/01 14:14:56,1.36,38.41008,-122.37850,181.430,48.635,0.0,-99,0.097,0.000,0.870
2014/10/01 14:15:01,1.36,38.41051,-122.37963,184.383,50.081,0.0,-99,0.006,0.000,2.141
2014/10/01 14:15:06,1.36,38.41106,-122.38076,184.383,52.876,0.0,-93,0.050,0.000,1.298
2014/10/01 14:15:09,1.36,38.41173,-122.38180,186.352,52.074,0.0,-93,0.000,0.000,0.478
2014/10/01 14:15:14,1.53,38.41251,-122.38270,187.992,52.320,0.0,-93,0.066,0.000,0.000
2014/10/01 14:15:19,2.05,38.41338,-122.38345,186.352,53.468,0.0,-93,0.042,0.000,0.000
2014/10/01 14:15:24,2.48,38.41432,-122.38414,177.493,53.043,0.0,-93,0.000,0.042,0.761
2014/10/01 14:15:29,1.8,38.41526,-122.38481,171.260,53.914,0.0,-93,0.000,0.042,0.438
2014/10/01 14:15:34,2.12,38.41618,-122.38550,166.010,52.222,0.0,-91,0.003,0.042,0.000
2014/10/01 14:15:39,1.82,38.41708,-122.38617,160.761,51.761,0.0,-91,0.053,0.000,0.000
2014/10/01 14:15:44,1.82,38.41796,-122.38683,155.840,48.816,0.0,-91,0.069,0.000,0.449
2014/10/01 14:15:49,2.15,38.41879,-122.38745,149.934,47.117,0.0,-91,0.141,0.000,0.446
2014/10/01 14:15:54,2.06,38.41962,-122.38807,146.982,48.178,0.0,-91,0.119,0.000,0.435
2014/10/01 14:15:59,2.13,38.42048,-122.38872,143.373,49.707,0.0,-91,0.000,0.000,0.466
2014/10/01 14:16:04,2.13,38.42132,-122.38934,140.092,46.919,0.0,-95,0.075,0.000,0.491
2014/10/01 14:16:09,1.82,38.42213,-122.38994,135.499,46.788,0.0,-95,0.099,0.000,0.442
2014/10/01 14:16:14,1.36,38.42295,-122.39057,132.546,47.599,0.0,-95,0.094,0.000,0.582
2014/10/01 14:16:19,1.36,38.42376,-122.39124,130.249,49.200,0.0,-95,0.035,0.000,0.484
2014/10/01 14:16:24,1.77,38.42460,-122.39192,130.249,50.206,0.0,-95,0.000,0.000,0.454
2014/10/01 14:16:29,1.53,38.42544,-122.39260,132.874,49.409,0.0,-95,0.000,0.000,0.479
2014/10/01 14:16:34,1.53,38.42626,-122.39327,133.530,48.137,0.0,-93,0.003,0.000,0.478
2014/10/01 14:16:39,1.41,38.42708,-122.39395,136.155,49.163,0.0,-93,0.000,0.000,0.000
2014/10/01 14:16:44,1.36,38.42787,-122.39463,139.764,47.515,0.0,-93,0.050,0.000,0.000
2014/10/01 14:16:49,1.36,38.42864,-122.39533,138.123,47.244,0.0,-93,0.077,0.000,0.000
2014/10/01 14:16:54,1.41,38.42942,-122.39604,138.451,47.812,0.0,-93,0.055,0.000,2.071
2014/10/01 14:16:59,1.41,38.43022,-122.39678,139.436,50.180,0.0,-93,0.107,0.000,0.000
2014/10/01 14:17:04,1.53,38.43104,-122.39754,141.404,51.862,0.0,-93,0.000,0.000,0.000
2014/10/01 14:17:09,1.77,38.43190,-122.39832,145.997,51.470,0.0,-89,0.000,0.000,0.954
2014/10/01 14:17:14,1.78,38.43271,-122.39903,145.997,48.850,0.0,-89,0.000,0.000,0.000
2014/10/01 14:17:19,1.82,38.43351,-122.39973,148.294,47.988,0.0,-89,0.000,0.000,0.659
2014/10/01 14:17:24,1.78,38.43426,-122.40039,151.247,43.001,0.0,-89,0.000,0.000,0.910
2014/10/01 14:17:29,1.82,38.43496,-122.40105,152.231,44.020,0.0,-89,0.000,0.000,0.515
2014/10/01 14:17:34,1.78,38.43565,-122.40170,153.871,41.736,0.0,-89,0.000,0.000,0.453
2014/10/01 14:17:39,1.78,38.43634,-122.40232,155.840,41.821,0.0,-101,0.003,0.042,0.599
2014/10/01 14:17:44,1.92,38.43701,-122.40293,156.496,39.657,0.0,-101,0.094,0.000,0.626
2014/10/01 14:17:49,1.78,38.43764,-122.40349,153.871,37.693,0.0,-101,0.103,0.000,0.490
2014/10/01 14:17:54,1.78,38.43832,-122.40405,151.575,42.320,0.0,-101,0.000,0.042,0.466
2014/10/01 14:17:59,1.78,38.43903,-122.40469,151.247,43.315,0.0,-101,0.058,0.000,0.725
2014/10/01 14:18:04,1.78,38.43971,-122.40534,151.575,39.884,0.0,-101,0.072,0.000,0.000
2014/10/01 14:18:09,1.78,38.44031,-122.40589,151.903,35.608,0.0,-85,0.000,0.000,0.000
2014/10/01 14:18:14,1.81,38.44092,-122.40645,151.575,38.677,0.0,-85,0.000,0.000,0.470
2014/10/01 14:18:19,1.78,38.44157,-122.40703,151.575,40.188,0.0,-85,0.000,0.000,0.462
2014/10/01 14:18:24,2.07,38.44226,-122.40765,150.262,43.729,0.0,-85,0.000,0.000,0.490
2014/10/01 14:18:29,1.78,38.44301,-122.40833,148.294,46.450,0.0,-85,0.000,0.000,0.000
2014/10/01 14:18:34,1.78,38.44379,-122.40903,146.654,47.791,0.0,-85,0.000,0.000,0.822
2014/10/01 14:18:39,1.78,38.44459,-122.40977,145.013,50.679,0.0,-89,0.000,0.000,0.678
2014/10/01 14:18:44,1.36,38.44544,-122.41051,145.013,50.757,0.0,-89,0.000,0.000,0.910
2014/10/01 14:18:49,1.4,38.44625,-122.41124,145.341,48.568,0.0,-89,0.003,0.000,0.466
2014/10/01 14:18:55,1.36,38.44704,-122.41195,146.325,47.101,0.0,-89,0.000,0.000,0.476
2014/10/01 14:19:00,1.78,38.44779,-122.41261,148.294,43.010,0.0,-89,0.000,0.000,0.466
2014/10/01 14:19:05,1.78,38.44852,-122.41326,148.950,44.901,0.0,-89,0.000,0.000,0.510
2014/10/01 14:19:10,1.78,38.44925,-122.41392,151.575,44.389,0.0,-89,0.003,0.000,0.448
2014/10/01 14:19:15,1.78,38.44997,-122.41458,154.199,43.742,0.0,-87,0.130,0.000,0.734
2014/10/01 14:19:20,1.78,38.45068,-122.41524,155.184,44.017,0.0,-87,0.108,0.000,0.465
2014/10/01 14:19:25,1.78,38.45142,-122.41592,157.808,45.612,0.0,-87,0.113,0.000,0.457
2014/10/01 14:19:30,1.78,38.45216,-122.41661,160.761,46.664,0.0,-87,0.072,0.000,0.518
2014/10/01 14:19:35,1.78,38.45292,-122.41731,162.402,45.993,0.0,-87,0.000,0.000,0.461
2014/10/01 14:19:40,1.78,38.45365,-122.41800,163.714,45.010,0.0,-87,0.075,0.000,0.466
2014/10/01 14:19:45,1.78,38.45438,-122.41868,166.010,43.628,0.0,-85,0.028,0.000,0.490
2014/10/01 14:19:50,1.78,38.45513,-122.41938,167.323,38.188,0.0,-85,0.083,0.000,0.476
2014/10/01 14:19:55,1.78,38.45574,-122.41995,168.635,36.110,0.0,-85,0.064,0.000,0.497
2014/10/01 14:20:00,1.78,38.45634,-122.42052,169.948,37.470,0.0,-85,0.086,0.000,0.756
2014/10/01 14:20:05,1.78,38.45698,-122.42110,172.900,39.374,0.0,-85,0.000,0.000,0.810
2014/10/01 14:20:10,1.78,38.45761,-122.42168,174.541,39.013,0.0,-85,0.000,0.000,0.446
2014/10/01 14:20:15,1.78,38.45823,-122.42226,175.853,37.200,0.0,-85,0.000,0.000,0.488
2014/10/01 14:20:20,1.78,38.45882,-122.42281,175.197,37.296,0.0,-85,0.003,0.000,0.470
2014/10/01 14:20:25,1.78,38.45944,-122.42340,177.165,39.626,0.0,-85,0.202,0.000,0.468
2014/10/01 14:20:30,2.13,38.46008,-122.42399,176.837,39.982,0.0,-85,0.111,0.000,0.516
2014/10/01 14:20:35,1.81,38.46080,-122.42453,174.869,42.200,0.0,-85,0.050,0.000,0.513
2014/10/01 14:20:40,1.78,38.46153,-122.42505,172.900,41.434,0.0,-85,0.000,0.000,0.544
2014/10/01 14:20:45,1.78,38.46225,-122.42557,169.291,41.999,0.0,-71,0.125,0.000,0.453
2014/10/01 14:20:50,1.82,38.46301,-122.42612,164.698,43.221,0.0,-71,0.000,0.000,0.469
2014/10/01 14:20:55,1.81,38.46378,-122.42668,161.745,45.254,0.0,-71,0.000,0.000,0.481
2014/10/01 14:21:00,1.82,38.46459,-122.42724,158.465,45.763,0.0,-71,0.003,0.000,0.501
2014/10/01 14:21:05,1.82,38.46541,-122.42781,156.824,46.858,0.0,-71,0.000,0.000,0.510
2014/10/01 14:21:10,1.78,38.46623,-122.42843,154.199,48.515,0.0,-71,0.102,0.000,0.518
2014/10/01 14:21:15,1.82,38.46709,-122.42905,153.215,49.348,0.0,-71,0.085,0.000,0.473
2014/10/01 14:21:20,1.78,38.46795,-122.42966,153.543,48.748,0.0,-83,0.000,0.000,0.602
2014/10/01 14:21:25,1.82,38.46879,-122.43025,155.512,45.503,0.0,-83,0.000,0.000,0.471
2014/10/01 14:21:30,1.78,38.46961,-122.43077,151.903,46.133,0.0,-83,0.000,0.000,0.000
2014/10/01 14:21:35,1.78,38.47045,-122.43134,150.591,47.518,0.0,-83,0.000,0.000,0.000
2014/10/01 14:21:40,1.78,38.47128,-122.43194,152.887,46.762,0.0,-83,0.000,0.000,2.490
2014/10/01 14:21:45,1.78,38.47209,-122.43251,155.512,44.802,0.0,-83,0.000,0.000,1.019
2014/10/01 14:21:50,1.82,38.47287,-122.43304,157.480,43.664,0.0,-89,0.003,0.000,0.470
2014/10/01 14:21:55,1.82,38.47365,-122.43357,157.480,44.150,0.0,-89,0.003,0.000,0.464
2014/10/01 14:22:00,2.14,38.47442,-122.43407,159.449,40.725,0.0,-89,0.055,0.000,0.000
2014/10/01 14:22:05,1.78,38.47515,-122.43458,161.089,41.497,0.0,-89,0.072,0.000,0.000
2014/10/01 14:22:10,1.82,38.47589,-122.43510,163.714,42.184,0.0,-89,0.083,0.000,0.502
2014/10/01 14:22:15,1.78,38.47664,-122.43562,166.667,41.087,0.0,-89,0.044,0.000,0.506
2014/10/01 14:22:20,1.82,38.47727,-122.43626,173.556,40.013,0.0,-83,0.000,0.000,0.494
2014/10/01 14:22:25,1.79,38.47789,-122.43697,174.213,42.590,0.0,-83,0.000,0.042,0.466
2014/10/01 14:22:30,1.86,38.47853,-122.43772,173.556,43.435,0.0,-83,0.003,0.000,1.179
2014/10/01 14:22:35,1.79,38.47917,-122.43851,173.885,44.645,0.0,-83,0.108,0.000,0.469
2014/10/01 14:22:40,1.79,38.47984,-122.43928,177.822,44.050,0.0,-83,0.000,0.000,0.459
2014/10/01 14:22:45,1.79,38.48050,-122.44003,178.806,43.177,0.0,-83,0.000,0.000,0.466
2014/10/01 14:22:50,1.79,38.48112,-122.44077,182.087,42.106,0.0,-77,0.000,0.042,0.442
2014/10/01 14:22:55,1.86,38.48169,-122.44143,186.680,35.231,0.0,-77,0.000,0.000,0.454
2014/10/01 14:23:00,1.79,38.48217,-122.44203,190.617,33.090,0.0,-77,0.000,0.000,0.000
2014/10/01 14:23:05,1.79,38.48264,-122.44260,190.945,30.722,0.0,-77,0.003,0.000,0.000
2014/10/01 14:23:10,1.79,38.48311,-122.44316,194.226,32.239,0.0,-77,0.000,0.000,0.446
2014/10/01 14:23:15,1.79,38.48360,-122.44373,198.163,33.120,0.0,-77,0.003,0.000,0.986
2014/10/01 14:23:20,1.79,38.48406,-122.44428,196.522,30.900,0.0,-77,0.000,0.000,1.353
2014/10/01 14:23:25,1.79,38.48455,-122.44485,195.538,33.794,0.0,-83,0.000,0.042,0.580
2014/10/01 14:23:30,1.79,38.48503,-122.44541,199.803,31.440,0.0,-83,0.000,0.208,0.458
2014/10/01 14:23:35,1.9,38.48552,-122.44599,199.475,35.306,0.0,-83,0.000,0.000,0.478
2014/10/01 14:23:40,1.79,38.48604,-122.44662,201.772,33.262,0.0,-83,0.000,0.042,0.464
2014/10/01 14:23:45,1.87,38.48651,-122.44718,202.756,32.075,0.0,-83,0.003,0.000,0.494
2014/10/01 14:23:50,1.79,38.48698,-122.44774,203.740,30.745,0.0,-83,0.077,0.083,1.222
2014/10/01 14:23:55,1.79,38.48740,-122.44823,205.709,26.539,0.0,-75,0.003,0.000,0.460
2014/10/01 14:24:00,1.78,38.48777,-122.44867,206.365,23.072,0.0,-75,0.000,0.042,1.650
2014/10/01 14:24:05,1.78,38.48812,-122.44908,206.693,26.159,0.0,-75,0.000,0.000,0.485
2014/10/01 14:24:10,1.78,38.48855,-122.44959,208.005,30.729,0.0,-75,0.000,0.000,0.000
2014/10/01 14:24:15,1.78,38.48897,-122.45008,209.318,26.920,0.0,-75,0.000,0.000,0.000
2014/10/01 14:24:20,1.78,38.48938,-122.45057,211.286,28.742,0.0,-75,0.000,0.000,0.000
2014/10/01 14:24:25,1.78,38.48984,-122.45112,212.270,33.069,0.0,-87,0.000,0.000,0.000
2014/10/01 14:24:30,1.78,38.49035,-122.45171,213.583,34.846,0.0,-87,0.000,0.042,0.000
2014/10/01 14:24:35,1.78,38.49088,-122.45234,213.911,37.484,0.0,-87,0.003,0.000,0.000
2014/10/01 14:24:40,1.78,38.49144,-122.45300,217.192,38.867,0.0,-87,0.000,0.042,0.000
2014/10/01 14:24:45,1.78,38.49205,-122.45371,217.520,41.794,0.0,-87,0.000,0.000,0.477
2014/10/01 14:24:50,2.09,38.49262,-122.45440,217.848,37.039,0.0,-87,0.000,0.000,0.462
2014/10/01 14:24:55,1.78,38.49318,-122.45505,219.488,38.978,0.0,-79,0.006,0.083,0.510
2014/10/01 14:25:00,1.78,38.49373,-122.45569,219.816,34.870,0.0,-79,0.047,0.042,0.434
2014/10/01 14:25:05,1.78,38.49428,-122.45632,221.129,36.932,0.0,-79,0.126,0.000,0.538
2014/10/01 14:25:10,1.78,38.49484,-122.45697,223.425,36.742,0.0,-79,0.077,0.042,0.721
2014/10/01 14:25:15,1.78,38.49540,-122.45760,227.034,37.219,0.0,-79,0.044,0.042,0.465
2014/10/01 14:25:20,1.78,38.49596,-122.45824,225.722,37.514,0.0,-79,0.072,0.000,0.454
2014/10/01 14:25:25,1.78,38.49653,-122.45889,228.346,38.765,0.0,-83,0.053,0.000,0.478
2014/10/01 14:25:30,1.78,38.49708,-122.45953,231.627,34.175,0.0,-83,0.000,0.000,0.462
2014/10/01 14:25:35,1.78,38.49756,-122.46008,235.236,31.163,0.0,-83,0.050,0.042,0.445
2014/10/01 14:25:40,1.81,38.49805,-122.46062,233.268,32.395,0.0,-83,0.000,0.000,1.366
2014/10/01 14:25:45,1.78,38.49855,-122.46118,230.643,32.004,0.0,-83,0.000,0.042,0.414
2014/10/01 14:25:50,1.78,38.49901,-122.46171,229.659,31.372,0.0,-83,0.000,0.042,0.542
2014/10/01 14:25:55,1.81,38.49950,-122.46227,230.315,34.130,0.0,-83,0.006,0.000,0.502
2014/10/01 14:26:00,2.08,38.50002,-122.46287,229.331,34.833,0.0,-83,0.127,0.042,0.445
2014/10/01 14:26:05,2.08,38.50054,-122.46347,230.315,33.999,0.0,-83,0.047,0.000,0.449
2014/10/01 14:26:10,1.78,38.50099,-122.46398,232.612,25.059,0.0,-83,0.164,0.042,0.461
2014/10/01 14:26:15,1.81,38.50134,-122.46437,234.252,22.574,0.0,-83,0.036,0.000,0.000
2014/10/01 14:26:20,1.78,38.50162,-122.46469,235.892,14.351,0.0,-83,0.000,0.042,0.000
2014/10/01 14:26:25,2.08,38.50180,-122.46489,234.580,11.207,0.0,-83,0.117,0.042,0.465
2014/10/01 14:26:30,2.08,38.50196,-122.46506,234.908,8.506,0.0,-87,0.101,0.083,0.422
2014/10/01 14:26:36,1.78,38.50204,-122.46515,236.549,3.334,0.0,-87,0.053,0.000,0.000
2014/10/01 14:26:41,1.78,38.50206,-122.46516,238.189,0.047,0.0,-87,0.091,0.042,0.000
2014/10/01 14:26:46,1.78,38.50206,-122.46516,239.501,0.042,0.0,-87,0.025,0.000,0.000
2014/10/01 14:26:51,1.78,38.50206,-122.46517,239.173,0.447,0.0,-87,0.091,0.000,0.000
2014/10/01 14:26:56,1.78,38.50206,-122.46517,239.829,0.044,0.0,-87,0.080,0.000,0.000
2014/10/01 14:27:01,1.78,38.50206,-122.46516,240.157,1.191,0.0,-83,0.091,0.000,0.409
2014/10/01 14:27:06,2.08,38.50214,-122.46525,240.814,6.485,0.0,-83,0.097,0.083,0.474
2014/10/01 14:27:11,2.08,38.50223,-122.46536,240.157,6.181,0.0,-83,0.064,0.000,0.454
2014/10/01 14:27:16,2.08,38.50235,-122.46550,239.173,9.246,0.0,-83,0.094,0.083,0.543
2014/10/01 14:27:21,2.08,38.50250,-122.46569,239.501,10.544,0.0,-83,0.091,0.042,0.450
2014/10/01 14:27:26,1.78,38.50264,-122.46589,240.486,12.850,0.0,-83,0.000,0.000,0.475
2014/10/01 14:27:31,2.08,38.50282,-122.46619,239.501,14.912,0.0,-91,0.064,0.042,0.442
2014/10/01 14:27:36,2.08,38.50302,-122.46647,239.829,14.495,0.0,-91,0.047,0.083,0.457
2014/10/01 14:27:41,2.08,38.50313,-122.46666,241.142,0.054,0.0,-91,0.033,0.000,0.426
2014/10/01 14:27:46,2.08,38.50316,-122.46669,243.438,5.428,0.0,-91,0.099,0.000,0.442
2014/10/01 14:27:51,2.08,38.50328,-122.46669,237.533,4.438,0.0,-91,0.102,0.083,0.418
2014/10/01 14:27:56,2.11,38.50334,-122.46666,234.908,3.299,0.0,-91,0.077,0.000,0.446
2014/10/01 14:28:01,2.08,38.50339,-122.46663,229.003,3.937,0.0,-91,0.097,0.083,0.426
2014/10/01 14:28:06,2.23,38.50351,-122.46652,228.675,10.842,0.0,-85,0.000,0.042,0.424
2014/10/01 14:28:11,2.24,38.50371,-122.46631,223.097,12.897,0.0,-85,0.069,0.000,0.436
2014/10/01 14:28:16,1.89,38.50387,-122.46631,220.801,7.411,0.0,-85,0.041,0.042,0.478
2014/10/01 14:28:21,2.08,38.50400,-122.46653,220.144,13.918,0.0,-85,0.036,0.000,0.422
2014/10/01 14:28:26,2.08,38.50418,-122.46682,221.129,15.574,0.0,-85,0.000,0.083,0.462
2014/10/01 14:28:31,1.78,38.50438,-122.46714,222.441,16.667,0.0,-85,0.000,0.000,0.422
2014/10/01 14:28:36,1.78,38.50458,-122.46749,228.018,17.703,0.0,-87,0.000,0.083,0.522
2014/10/01 14:28:41,1.78,38.50479,-122.46784,232.283,16.118,0.0,-87,0.000,0.042,0.000
2014/10/01 14:28:46,1.78,38.50491,-122.46803,235.564,2.221,0.0,-87,0.000,0.042,0.000
2014/10/01 14:28:51,1.78,38.50494,-122.46812,239.501,6.744,0.0,-87,0.000,0.042,0.433
2014/10/01 14:28:56,1.78,38.50483,-122.46827,249.344,11.418,0.0,-87,0.000,0.000,0.506
2014/10/01 14:29:01,1.9,38.50463,-122.46849,249.344,14.452,0.0,-87,0.000,0.042,0.474
2014/10/01 14:29:06,1.8,38.50446,-122.46866,258.202,2.740,0.0,-75,0.000,0.000,0.419
2014/10/01 14:29:11,2.08,38.50446,-122.46866,262.795,0.649,0.0,-75,0.003,0.083,0.530
2014/10/01 14:29:16,1.77,38.50444,-122.46868,267.060,0.500,0.0,-75,0.154,0.000,0.478
2014/10/01 14:29:21,1.77,38.50439,-122.46872,268.045,4.675,0.0,-75,0.000,0.042,0.417
2014/10/01 14:29:26,1.77,38.50431,-122.46873,260.499,5.407,0.0,-75,0.000,0.000,0.435
2014/10/01 14:29:31,2.2,38.50428,-122.46866,262.795,2.571,0.0,-75,0.000,0.083,0.454
2014/10/01 14:29:36,1.91,38.50424,-122.46860,262.139,1.857,0.0,-79,0.006,0.000,0.446
2014/10/01 14:29:41,1.77,38.50420,-122.46853,264.436,3.422,0.0,-79,0.053,0.000,0.487
2014/10/01 14:29:46,1.91,38.50415,-122.46845,271.982,3.394,0.0,-79,0.058,0.000,0.466
2014/10/01 14:29:51,1.9,38.50409,-122.46833,276.903,6.794,0.0,-79,0.108,0.042,0.534
2014/10/01 14:29:56,2.5,38.50404,-122.46822,267.717,0.087,0.0,-79,0.000,0.042,0.476
2014/10/01 14:30:01,2.07,38.50403,-122.46822,260.827,0.009,0.0,-79,0.000,0.000,0.438
2014/10/01 14:30:06,1.79,38.50399,-122.46815,259.514,6.484,0.0,-79,0.000,0.000,0.458
2014/10/01 14:30:11,1.77,38.50390,-122.46804,252.953,5.636,0.0,-91,0.003,0.042,0.494
2014/10/01 14:30:16,1.77,38.50381,-122.46790,250.656,5.201,0.0,-91,0.000,0.042,0.462
2014/10/01 14:30:21,1.77,38.50376,-122.46781,248.031,1.981,0.0,-91,0.000,0.000,0.449
2014/10/01 14:30:26,2.07,38.50375,-122.46779,242.126,0.068,0.0,-91,0.000,0.042,0.430
2014/10/01 14:30:31,2.07,38.50375,-122.46778,238.845,0.332,0.0,-91,0.003,0.000,0.430
2014/10/01 14:30:36,1.77,38.50372,-122.46774,238.517,3.376,0.0,-91,0.000,0.000,0.414
2014/10/01 14:30:41,2.07,38.50366,-122.46764,238.189,5.379,0.0,-85,0.061,0.000,0.505
2014/10/01 14:30:46,2.26,38.50355,-122.46747,239.501,9.720,0.0,-85,0.028,0.042,0.418
2014/10/01 14:30:51,1.77,38.50349,-122.46735,243.438,0.609,0.0,-85,0.108,0.042,0.455
2014/10/01 14:30:56,1.85,38.50348,-122.46735,246.391,0.054,0.0,-85,0.086,0.083,0.418
2014/10/01 14:31:01,1.9,38.50348,-122.46735,248.360,0.063,0.0,-85,0.163,0.042,0.462
2014/10/01 14:31:06,1.9,38.50348,-122.46734,246.719,0.014,0.0,-85,0.000,0.042,0.000
2014/10/01 14:31:11,1.77,38.50348,-122.46733,245.079,0.449,0.0,-89,0.000,0.000,0.000
2014/10/01 14:31:16,2.06,38.50346,-122.46732,247.375,0.032,0.0,-89,0.000,0.042,0.445
2014/10/01 14:31:21,1.9,38.50346,-122.46731,250.984,0.042,0.0,-89,0.000,0.000,0.442
2014/10/01 14:31:26,1.9,38.50345,-122.46730,254.593,0.061,0.0,-89,0.000,0.000,0.430
2014/10/01 14:31:31,2.06,38.50343,-122.46726,257.874,5.594,0.0,-89,0.000,0.042,0.434
2014/10/01 14:31:36,2.28,38.50343,-122.46714,254.921,2.783,0.0,-89,0.000,0.042,0.509
2014/10/01 14:31:41,1.77,38.50348,-122.46708,254.265,3.281,0.0,-83,0.006,0.042,0.477
2014/10/01 14:31:46,1.93,38.50348,-122.46704,261.483,2.006,0.0,-83,0.033,0.000,0.515
2014/10/01 14:31:51,1.76,38.50344,-122.46704,271.982,2.300,0.0,-83,0.101,0.042,0.425
2014/10/01 14:31:56,2.28,38.50343,-122.46689,270.013,4.194,0.0,-83,0.000,0.000,0.443
2014/10/01 14:32:01,2.19,38.50352,-122.46690,246.719,5.250,0.0,-83,0.000,0.000,0.458
2014/10/01 14:32:06,2.43,38.50358,-122.46695,224.409,0.645,0.0,-83,0.000,0.083,0.483
2014/10/01 14:32:11,2.23,38.50358,-122.46694,219.488,0.102,0.0,-83,0.000,0.000,0.463
