Date-Time,DOP,Latitude,Longitude,Altitude (ft),Speed (mph),Heading (deg),mod1 SS (dBm),mod1 Down (Mbs),mod1 Up (Mbs),mod1 Ping (Sec)
2014/08/18 14:22:08,1.85,37.79572,-122.26712,26.575,2.141,0.0,-77,1.072,0.000,0.955
2014/08/18 14:22:13,1.85,37.79573,-122.26714,23.950,0.047,0.0,-77,1.000,2.833,0.468
2014/08/18 14:22:18,1.85,37.79573,-122.26710,22.638,3.204,0.0,-77,1.351,1.458,0.213
2014/08/18 14:22:23,1.94,37.79570,-122.26700,29.528,5.749,0.0,-77,0.177,0.000,2.802
2014/08/18 14:22:28,2.0,37.79563,-122.26686,37.073,6.927,0.0,-77,0.642,1.500,0.279
2014/08/18 14:22:33,2.11,37.79559,-122.26672,57.087,3.863,0.0,-77,1.529,1.792,0.189
2014/08/18 14:22:38,1.85,37.79556,-122.26672,82.677,1.316,0.0,-77,1.423,2.250,0.583
2014/08/18 14:22:43,1.94,37.79560,-122.26672,102.034,0.749,0.0,-77,1.275,1.542,1.549
2014/08/18 14:22:48,1.85,37.79562,-122.26670,117.126,1.392,0.0,-77,1.455,0.000,1.248
2014/08/18 14:22:53,1.85,37.79562,-122.26671,133.858,1.034,0.0,-77,1.398,1.500,0.717
2014/08/18 14:22:58,1.85,37.79563,-122.26671,160.761,1.396,0.0,-77,1.042,2.958,0.685
2014/08/18 14:23:03,1.85,37.79565,-122.26672,177.822,1.966,0.0,-75,0.460,2.875,0.562
2014/08/18 14:23:08,2.28,37.79571,-122.26677,181.430,2.542,0.0,-75,0.435,3.333,0.744
2014/08/18 14:23:13,1.85,37.79579,-122.26690,185.039,1.814,0.0,-75,0.996,3.708,0.753
2014/08/18 14:23:18,1.85,37.79586,-122.26700,161.417,0.250,0.0,-75,1.000,3.750,0.662
2014/08/18 14:23:23,1.86,37.79588,-122.26706,141.404,0.114,0.0,-75,0.917,3.958,0.345
2014/08/18 14:23:28,1.86,37.79589,-122.26709,128.609,0.060,0.0,-75,0.705,4.167,0.249
2014/08/18 14:23:33,2.29,37.79590,-122.26711,121.063,0.035,0.0,-75,1.394,0.000,0.260
2014/08/18 14:23:38,2.29,37.79591,-122.26713,113.517,0.038,0.0,-69,0.632,3.875,0.277
2014/08/18 14:23:43,2.42,37.79591,-122.26715,107.940,0.062,0.0,-69,0.627,3.875,0.341
2014/08/18 14:23:48,2.42,37.79591,-122.26716,103.675,0.034,0.0,-69,0.767,3.917,0.662
2014/08/18 14:23:53,1.86,37.79591,-122.26717,99.081,0.200,0.0,-69,1.077,3.917,0.938
2014/08/18 14:23:58,2.42,37.79591,-122.26719,93.504,0.034,0.0,-69,1.105,3.833,1.209
2014/08/18 14:24:03,2.42,37.79591,-122.26720,88.583,0.050,0.0,-69,0.939,3.958,1.021
2014/08/18 14:24:08,2.42,37.79591,-122.26721,83.990,0.109,0.0,-71,0.874,0.000,0.201
2014/08/18 14:24:13,2.29,37.79591,-122.26722,81.693,0.044,0.0,-71,1.266,0.083,0.229
2014/08/18 14:24:18,1.95,37.79591,-122.26722,81.365,0.037,0.0,-71,0.858,2.208,0.210
2014/08/18 14:24:23,2.43,37.79592,-122.26724,81.693,1.050,0.0,-71,0.845,0.000,0.250
2014/08/18 14:24:28,2.29,37.79592,-122.26725,80.381,0.060,0.0,-71,0.875,3.833,0.297
2014/08/18 14:24:33,2.29,37.79592,-122.26726,79.068,0.012,0.0,-71,0.841,3.292,0.300
2014/08/18 14:24:38,2.29,37.79593,-122.26726,78.412,0.036,0.0,-71,0.712,3.083,0.285
2014/08/18 14:24:43,2.43,37.79593,-122.26726,77.428,0.251,0.0,-71,1.066,3.292,0.649
2014/08/18 14:24:48,2.43,37.79594,-122.26731,76.772,3.358,0.0,-71,1.126,3.583,0.916
2014/08/18 14:24:53,4.09,37.79596,-122.26737,76.772,0.077,0.0,-71,1.022,4.125,0.905
2014/08/18 14:24:58,2.56,37.79597,-122.26742,74.803,3.928,0.0,-71,1.089,3.125,0.377
2014/08/18 14:25:03,1.95,37.79596,-122.26748,77.428,2.232,0.0,-71,1.778,3.708,0.282
2014/08/18 14:25:08,1.95,37.79591,-122.26755,82.349,4.853,0.0,-65,0.964,3.167,0.250
2014/08/18 14:25:13,2.43,37.79568,-122.26770,65.289,2.328,0.0,-65,0.908,2.125,0.203
2014/08/18 14:25:18,2.43,37.79563,-122.26772,60.367,0.018,0.0,-65,1.273,2.083,0.266
2014/08/18 14:25:23,1.95,37.79554,-122.26775,56.102,5.448,0.0,-65,0.708,3.708,0.689
2014/08/18 14:25:28,1.95,37.79541,-122.26759,48.885,12.960,0.0,-65,1.502,3.208,0.247
2014/08/18 14:25:33,2.11,37.79524,-122.26728,46.260,17.190,0.0,-65,1.248,2.125,0.251
2014/08/18 14:25:38,1.95,37.79508,-122.26692,46.260,15.439,0.0,-65,0.949,0.000,0.362
2014/08/18 14:25:43,2.11,37.79511,-122.26667,40.354,8.861,0.0,-71,1.606,1.667,0.214
2014/08/18 14:25:48,1.96,37.79524,-122.26658,43.635,7.811,0.0,-71,0.000,2.625,0.299
2014/08/18 14:25:53,1.96,37.79547,-122.26645,45.604,11.454,0.0,-71,1.290,2.667,0.245
2014/08/18 14:25:58,1.96,37.79563,-122.26662,43.635,14.846,0.0,-71,1.214,2.125,0.343
2014/08/18 14:26:03,2.44,37.79581,-122.26697,47.244,17.476,0.0,-71,0.722,2.625,1.051
2014/08/18 14:26:08,1.96,37.79592,-122.26725,49.541,6.280,0.0,-71,0.723,0.000,0.337
2014/08/18 14:26:13,1.96,37.79594,-122.26727,46.916,0.051,0.0,-73,0.000,0.000,0.000
2014/08/18 14:26:18,1.96,37.79594,-122.26728,41.995,0.042,0.0,-73,0.000,2.458,0.000
2014/08/18 14:26:23,1.96,37.79594,-122.26728,39.698,0.040,0.0,-73,0.017,3.167,0.354
2014/08/18 14:26:28,1.96,37.79594,-122.26728,36.745,0.095,0.0,-73,2.575,2.167,0.223
2014/08/18 14:26:33,2.44,37.79600,-122.26741,35.105,11.291,0.0,-73,2.911,1.625,0.194
2014/08/18 14:26:38,2.11,37.79613,-122.26778,35.433,18.065,0.0,-73,2.250,0.000,0.291
2014/08/18 14:26:43,1.96,37.79627,-122.26816,36.745,15.192,0.0,-55,2.855,1.083,0.199
2014/08/18 14:26:48,2.11,37.79638,-122.26859,37.073,21.385,0.0,-55,1.753,0.542,0.282
2014/08/18 14:26:53,2.11,37.79659,-122.26920,37.402,27.136,0.0,-55,2.355,0.500,0.285
2014/08/18 14:26:58,2.11,37.79679,-122.26982,43.963,25.604,0.0,-55,1.895,0.000,0.396
2014/08/18 14:27:03,1.96,37.79696,-122.27030,51.181,14.588,0.0,-55,1.683,1.083,0.290
2014/08/18 14:27:08,1.96,37.79708,-122.27065,54.462,17.717,0.0,-55,1.814,0.000,0.210
2014/08/18 14:27:14,1.96,37.79725,-122.27116,55.446,25.505,0.0,-67,2.369,1.042,0.205
2014/08/18 14:27:19,2.11,37.79751,-122.27187,53.806,34.502,0.0,-67,2.439,0.542,0.314
2014/08/18 14:27:24,2.1,37.79784,-122.27275,50.525,40.943,0.0,-67,2.611,0.000,2.650
2014/08/18 14:27:29,2.1,37.79822,-122.27373,49.541,45.713,0.0,-67,1.189,0.000,0.929
2014/08/18 14:27:34,2.1,37.79865,-122.27484,47.572,50.439,0.0,-67,0.364,0.542,0.298
2014/08/18 14:27:39,1.96,37.79912,-122.27604,44.948,53.774,0.0,-67,0.639,0.000,0.000
2014/08/18 14:27:44,1.96,37.79967,-122.27729,44.291,58.864,0.0,-65,0.000,2.208,6.250
2014/08/18 14:27:49,1.96,37.80020,-122.27851,42.323,49.958,0.0,-65,0.000,2.208,1.818
2014/08/18 14:27:54,1.96,37.80082,-122.27941,52.822,47.332,0.0,-65,0.000,2.125,1.650
2014/08/18 14:27:59,1.88,37.80170,-122.27992,58.727,49.383,0.0,-65,0.000,0.000,0.000
2014/08/18 14:28:04,1.88,37.80274,-122.27991,51.509,54.186,0.0,-65,0.000,1.042,7.122
2014/08/18 14:28:09,1.88,37.80379,-122.27943,31.168,57.998,0.0,-65,0.000,0.542,0.000
2014/08/18 14:28:14,2.31,37.80522,-122.27876,9.514,65.662,0.0,-65,0.000,0.500,7.111
2014/08/18 14:28:19,1.88,37.80641,-122.27812,13.451,63.054,0.0,-83,0.000,0.000,4.617
2014/08/18 14:28:24,2.05,37.80757,-122.27745,7.218,62.066,0.0,-83,0.000,1.042,0.000
2014/08/18 14:28:29,1.88,37.80868,-122.27670,4.921,63.312,0.0,-83,0.000,0.000,0.000
2014/08/18 14:28:34,1.88,37.80982,-122.27588,2.953,65.569,0.0,-83,0.000,0.000,0.000
2014/08/18 14:28:39,1.88,37.81093,-122.27504,27.231,63.280,0.0,-83,0.000,0.000,0.000
2014/08/18 14:28:44,1.88,37.81192,-122.27403,44.948,63.266,0.0,-83,0.000,0.000,0.000
2014/08/18 14:28:49,1.88,37.81288,-122.27294,49.213,64.630,0.0,-67,0.000,0.000,0.000
2014/08/18 14:28:54,1.88,37.81387,-122.27184,53.478,66.752,0.0,-67,0.000,0.000,6.450
2014/08/18 14:28:59,2.31,37.81499,-122.27093,61.352,65.759,0.0,-67,0.006,0.000,0.218
2014/08/18 14:29:04,1.88,37.81626,-122.27042,60.696,67.799,0.0,-67,0.003,0.042,0.582
2014/08/18 14:29:09,2.05,37.81760,-122.27006,59.055,68.728,0.0,-67,0.667,0.000,0.000
2014/08/18 14:29:14,1.88,37.81895,-122.26969,64.304,69.608,0.0,-67,0.422,0.292,0.272
2014/08/18 14:29:19,1.88,37.82034,-122.26931,59.383,71.488,0.0,-83,0.282,0.292,0.266
2014/08/18 14:29:24,1.88,37.82176,-122.26891,50.525,73.567,0.0,-83,0.524,0.792,0.625
2014/08/18 14:29:29,2.27,37.82321,-122.26847,47.572,73.499,0.0,-83,0.599,1.792,0.605
2014/08/18 14:29:34,2.05,37.82458,-122.26791,59.055,68.477,0.0,-83,0.667,1.750,0.657
2014/08/18 14:29:39,2.05,37.82591,-122.26752,80.052,67.884,0.0,-83,0.661,1.375,0.953
2014/08/18 14:29:44,2.05,37.82720,-122.26719,99.738,65.478,0.0,-83,1.047,1.333,0.491
2014/08/18 14:29:49,1.88,37.82850,-122.26694,104.987,65.094,0.0,-59,1.286,0.000,1.007
2014/08/18 14:29:54,1.88,37.82981,-122.26668,110.892,66.680,0.0,-59,0.791,1.583,1.038
2014/08/18 14:29:59,1.88,37.83115,-122.26641,114.829,67.393,0.0,-59,0.379,1.750,1.485
2014/08/18 14:30:04,1.88,37.83248,-122.26613,114.173,66.235,0.0,-59,0.625,0.958,0.833
2014/08/18 14:30:09,1.88,37.83377,-122.26588,115.486,63.594,0.0,-59,0.822,1.708,0.710
2014/08/18 14:30:14,1.88,37.83505,-122.26572,122.047,64.602,0.0,-59,0.614,1.625,0.866
2014/08/18 14:30:19,1.88,37.83637,-122.26556,128.937,67.003,0.0,-59,1.344,1.625,0.853
2014/08/18 14:30:24,1.88,37.83771,-122.26530,135.499,67.532,0.0,-71,0.688,1.000,0.657
2014/08/18 14:30:29,2.05,37.83898,-122.26467,141.732,68.650,0.0,-71,1.714,1.750,0.764
2014/08/18 14:30:34,1.88,37.84008,-122.26361,149.934,68.832,0.0,-71,1.155,1.333,1.278
2014/08/18 14:30:39,1.88,37.84091,-122.26221,155.840,68.781,0.0,-71,0.831,0.000,0.679
2014/08/18 14:30:44,2.1,37.84147,-122.26065,161.089,66.484,0.0,-71,1.517,1.333,0.629
2014/08/18 14:30:49,1.89,37.84195,-122.25914,165.354,64.421,0.0,-71,0.494,0.958,0.275
2014/08/18 14:30:54,1.89,37.84243,-122.25760,170.604,65.725,0.0,-73,2.036,0.000,0.382
2014/08/18 14:30:59,1.89,37.84291,-122.25609,178.478,62.676,0.0,-73,0.155,0.000,0.991
2014/08/18 14:31:04,1.87,37.84338,-122.25460,187.008,63.646,0.0,-73,0.624,0.958,0.601
2014/08/18 14:31:09,2.08,37.84391,-122.25308,193.570,66.262,0.0,-73,0.940,1.625,1.312
2014/08/18 14:31:14,2.09,37.84448,-122.25160,196.522,63.987,0.0,-73,1.095,2.708,0.000
2014/08/18 14:31:19,2.09,37.84506,-122.25012,198.819,66.291,0.0,-73,0.752,0.000,0.000
2014/08/18 14:31:24,2.09,37.84566,-122.24863,205.709,65.593,0.0,-51,0.000,1.708,0.000
2014/08/18 14:31:29,2.27,37.84629,-122.24725,221.785,60.731,0.0,-51,1.456,1.750,0.862
2014/08/18 14:31:34,1.87,37.84695,-122.24599,239.829,58.386,0.0,-51,0.680,1.750,0.689
2014/08/18 14:31:39,1.87,37.84762,-122.24479,256.890,55.836,0.0,-51,1.341,1.708,1.036
2014/08/18 14:31:44,1.87,37.84828,-122.24361,269.357,58.185,0.0,-51,1.689,1.750,1.130
2014/08/18 14:31:49,1.87,37.84897,-122.24238,275.591,60.965,0.0,-51,2.228,1.708,1.950
2014/08/18 14:31:54,1.87,37.84963,-122.24103,289.042,62.931,0.0,-77,1.579,1.250,3.981
2014/08/18 14:31:59,1.89,37.84996,-122.23951,315.289,62.865,0.0,-77,0.344,1.333,1.329
2014/08/18 14:32:04,1.93,37.84978,-122.23797,344.160,59.926,0.0,-77,0.844,0.000,0.559
2014/08/18 14:32:09,1.89,37.84922,-122.23664,371.391,59.163,0.0,-77,1.002,2.000,0.321
2014/08/18 14:32:14,1.89,37.84876,-122.23529,396.982,57.786,0.0,-77,0.696,1.958,0.378
2014/08/18 14:32:19,1.87,37.84869,-122.23388,421.260,53.825,0.0,-77,0.196,0.667,0.311
2014/08/18 14:32:24,1.87,37.84884,-122.23253,440.945,54.709,0.0,-77,0.691,1.958,0.338
2014/08/18 14:32:29,1.87,37.84897,-122.23114,459.974,55.314,0.0,-57,0.940,2.000,0.577
2014/08/18 14:32:34,1.87,37.84892,-122.22971,480.971,57.192,0.0,-57,0.834,1.958,0.562
2014/08/18 14:32:39,1.87,37.84875,-122.22828,504.265,57.831,0.0,-57,0.599,1.958,0.754
2014/08/18 14:32:44,1.89,37.84861,-122.22680,527.559,59.053,0.0,-57,0.817,0.000,1.407
2014/08/18 14:32:49,1.87,37.84883,-122.22534,550.525,59.575,0.0,-57,0.794,2.000,0.673
2014/08/18 14:32:54,1.87,37.84946,-122.22404,574.147,61.856,0.0,-57,0.703,1.958,0.642
2014/08/18 14:32:59,2.03,37.85046,-122.22312,602.034,61.001,0.0,-77,0.668,2.042,0.657
2014/08/18 14:33:05,1.87,37.85184,-122.22255,633.530,62.405,0.0,-77,0.727,2.042,2.342
2014/08/18 14:33:10,1.87,37.85300,-122.22195,657.808,63.066,0.0,-77,0.410,0.000,0.966
2014/08/18 14:33:15,1.87,37.85391,-122.22085,687.336,61.943,0.0,-77,0.816,1.958,0.245
2014/08/18 14:33:20,1.87,37.85442,-122.21942,721.785,62.780,0.0,-77,1.055,0.000,0.402
2014/08/18 14:33:25,1.87,37.85460,-122.21805,734.252,45.911,0.0,-77,0.573,1.958,0.410
2014/08/18 14:33:30,3.09,37.85487,-122.21720,750.000,32.331,0.0,-57,0.573,1.292,0.315
2014/08/18 14:33:35,3.68,37.85509,-122.21670,763.451,27.242,0.0,-57,0.424,0.000,0.330
2014/08/18 14:33:40,3.68,37.85509,-122.21670,763.451,27.242,0.0,-57,0.655,1.333,0.410
2014/08/18 14:33:45,3.68,37.85509,-122.21670,763.451,27.242,0.0,-57,0.918,1.958,1.049
2014/08/18 14:33:50,3.68,37.85509,-122.21670,763.451,27.242,0.0,-57,0.811,1.958,0.406
2014/08/18 14:33:55,3.68,37.85509,-122.21670,763.451,27.242,0.0,-57,0.756,1.958,0.589
2014/08/18 14:34:00,3.68,37.85509,-122.21670,763.451,27.242,0.0,-93,1.050,0.000,1.128
2014/08/18 14:34:05,3.68,37.85509,-122.21670,763.451,27.242,0.0,-93,0.673,1.333,1.802
2014/08/18 14:34:10,3.68,37.85509,-122.21670,763.451,27.242,0.0,-93,1.302,1.333,0.000
2014/08/18 14:34:15,3.68,37.85509,-122.21670,763.451,27.242,0.0,-93,0.634,0.625,7.882
2014/08/18 14:34:20,3.68,37.85509,-122.21670,763.451,27.242,0.0,-93,0.443,1.333,2.314
2014/08/18 14:34:25,3.68,37.85509,-122.21670,763.451,27.242,0.0,-93,1.012,0.000,2.437
2014/08/18 14:34:30,2.27,37.86277,-122.20922,887.139,47.800,0.0,-55,1.060,1.958,1.350
2014/08/18 14:34:35,2.27,37.86377,-122.20907,884.514,50.073,0.0,-55,0.534,2.000,1.138
2014/08/18 14:34:40,2.12,37.86476,-122.20858,868.766,55.181,0.0,-55,0.544,1.292,0.202
2014/08/18 14:34:45,1.96,37.86559,-122.20765,851.706,55.125,0.0,-55,0.320,0.000,0.215
2014/08/18 14:34:50,1.96,37.86613,-122.20639,832.021,57.656,0.0,-55,0.459,0.000,0.285
2014/08/18 14:34:55,1.96,37.86658,-122.20494,811.352,62.342,0.0,-55,0.714,0.000,0.250
2014/08/18 14:35:00,2.19,37.86700,-122.20344,789.370,62.699,0.0,-55,1.328,0.000,0.230
2014/08/18 14:35:05,1.87,37.86724,-122.20187,771.325,63.442,0.0,-89,0.941,0.000,0.286
2014/08/18 14:35:10,1.87,37.86731,-122.20029,748.360,61.658,0.0,-89,0.525,0.000,0.399
2014/08/18 14:35:15,1.95,37.86729,-122.19866,728.675,64.192,0.0,-89,0.257,0.000,1.044
2014/08/18 14:35:20,1.99,37.86752,-122.19700,703.084,69.092,0.0,-89,0.129,0.000,1.006
2014/08/18 14:35:25,1.87,37.86812,-122.19552,679.790,63.443,0.0,-89,0.193,0.042,0.393
2014/08/18 14:35:30,2.03,37.86895,-122.19431,658.136,64.480,0.0,-89,0.257,0.500,1.142
2014/08/18 14:35:35,2.34,37.86984,-122.19312,643.373,65.053,0.0,-97,0.174,0.000,0.474
2014/08/18 14:35:40,2.34,37.87072,-122.19194,626.640,63.629,0.0,-97,1.997,0.458,0.294
2014/08/18 14:35:45,1.93,37.87162,-122.19076,608.596,65.910,0.0,-97,2.061,0.583,0.334
2014/08/18 14:35:50,2.0,37.87254,-122.18955,588.583,66.040,0.0,-97,2.417,0.375,0.297
2014/08/18 14:35:55,2.0,37.87346,-122.18832,567.913,66.568,0.0,-97,1.339,1.333,0.345
2014/08/18 14:36:00,1.95,37.87441,-122.18714,548.228,66.419,0.0,-97,1.572,1.667,0.474
2014/08/18 14:36:05,1.93,37.87542,-122.18602,531.496,66.512,0.0,-69,1.994,1.667,0.442
2014/08/18 14:36:10,1.93,37.87650,-122.18498,517.060,68.237,0.0,-69,2.428,1.292,0.294
2014/08/18 14:36:15,1.93,37.87767,-122.18403,499.344,70.523,0.0,-69,2.831,1.417,0.217
2014/08/18 14:36:20,1.87,37.87890,-122.18310,489.829,71.467,0.0,-69,1.672,0.625,1.219
2014/08/18 14:36:25,1.87,37.88012,-122.18217,497.375,71.682,0.0,-69,0.908,0.250,0.198
2014/08/18 14:36:31,1.87,37.88131,-122.18126,513.780,68.317,0.0,-69,1.947,0.833,0.202
2014/08/18 14:36:36,1.87,37.88249,-122.18042,527.887,66.058,0.0,-51,1.881,1.167,0.199
2014/08/18 14:36:41,1.87,37.88365,-122.17968,542.323,64.573,0.0,-51,1.073,1.250,0.000
2014/08/18 14:36:46,1.87,37.88481,-122.17898,559.383,64.361,0.0,-51,1.691,1.583,0.000
2014/08/18 14:36:51,1.87,37.88596,-122.17827,576.115,63.585,0.0,-51,2.081,1.542,0.205
2014/08/18 14:36:56,1.87,37.88707,-122.17752,592.192,62.872,0.0,-51,2.756,1.250,0.229
2014/08/18 14:37:01,2.02,37.88809,-122.17663,595.801,59.190,0.0,-51,2.775,1.375,0.210
2014/08/18 14:37:06,2.02,37.88901,-122.17561,601.050,62.225,0.0,-51,1.522,1.750,0.455
2014/08/18 14:37:11,1.87,37.88988,-122.17443,605.315,63.460,0.0,-69,1.311,1.667,0.437
2014/08/18 14:37:16,2.14,37.89078,-122.17281,609.580,65.346,0.0,-69,1.850,0.000,1.053
2014/08/18 14:37:21,1.95,37.89128,-122.17164,617.782,65.286,0.0,-69,0.847,0.958,0.317
2014/08/18 14:37:26,2.02,37.89188,-122.16978,617.782,65.763,0.0,-69,0.498,0.917,0.222
2014/08/18 14:37:31,1.87,37.89227,-122.16819,609.908,64.696,0.0,-69,1.114,1.083,0.338
2014/08/18 14:37:36,1.87,37.89256,-122.16659,590.879,65.078,0.0,-69,1.836,1.750,0.429
2014/08/18 14:37:41,1.94,37.89275,-122.16493,573.819,67.310,0.0,-75,2.064,1.625,0.222
2014/08/18 14:37:46,1.89,37.89283,-122.16322,556.430,67.638,0.0,-75,0.746,0.750,1.389
2014/08/18 14:37:51,1.95,37.89280,-122.16155,540.026,63.534,0.0,-75,0.778,1.125,0.278
2014/08/18 14:37:56,1.98,37.89267,-122.15995,525.919,64.015,0.0,-75,1.526,1.458,0.345
2014/08/18 14:38:01,2.39,37.89244,-122.15830,508.202,66.282,0.0,-75,1.764,1.292,0.222
2014/08/18 14:38:06,2.36,37.89219,-122.15661,488.189,67.888,0.0,-75,1.819,0.667,0.310
2014/08/18 14:38:11,2.09,37.89194,-122.15493,470.801,65.870,0.0,-81,1.703,0.542,0.194
2014/08/18 14:38:16,2.09,37.89169,-122.15326,453.740,68.594,0.0,-81,2.844,1.083,0.223
2014/08/18 14:38:21,2.09,37.89143,-122.15154,436.680,69.760,0.0,-81,2.742,1.125,0.202
2014/08/18 14:38:26,2.09,37.89117,-122.14978,420.276,69.877,0.0,-81,0.832,0.000,0.338
2014/08/18 14:38:31,2.03,37.89092,-122.14810,405.840,65.119,0.0,-81,0.477,0.875,1.122
2014/08/18 14:38:36,1.89,37.89088,-122.14644,400.591,66.361,0.0,-81,0.626,0.500,0.298
2014/08/18 14:38:41,1.87,37.89108,-122.14478,408.793,67.010,0.0,-87,0.465,0.625,0.277
2014/08/18 14:38:46,1.89,37.89127,-122.14321,419.291,59.892,0.0,-87,0.356,0.917,1.806
2014/08/18 14:38:51,1.98,37.89121,-122.14171,432.743,59.143,0.0,-87,0.334,0.583,0.386
2014/08/18 14:38:56,1.87,37.89097,-122.14023,447.178,59.819,0.0,-87,0.357,1.917,2.349
2014/08/18 14:39:01,1.87,37.89070,-122.13874,455.381,60.375,0.0,-87,0.648,2.250,1.538
2014/08/18 14:39:06,1.94,37.89046,-122.13726,455.052,58.919,0.0,-87,1.128,0.000,1.045
2014/08/18 14:39:11,1.87,37.89044,-122.13572,442.585,61.805,0.0,-87,0.595,1.708,3.090
2014/08/18 14:39:16,2.15,37.89069,-122.13416,427.822,64.844,0.0,-85,1.408,1.375,0.901
2014/08/18 14:39:21,1.87,37.89107,-122.13258,412.402,65.010,0.0,-85,0.431,0.333,2.533
2014/08/18 14:39:26,1.87,37.89145,-122.13100,398.294,65.669,0.0,-85,0.636,0.833,0.885
2014/08/18 14:39:31,1.87,37.89185,-122.12940,383.530,66.837,0.0,-85,0.156,0.000,0.000
2014/08/18 14:39:36,1.94,37.89225,-122.12772,369.094,71.729,0.0,-85,0.228,0.333,6.399
2014/08/18 14:39:41,1.95,37.89267,-122.12598,361.549,72.267,0.0,-85,0.554,1.042,1.505
2014/08/18 14:39:46,1.87,37.89309,-122.12429,356.299,66.861,0.0,-89,0.397,1.000,0.782
2014/08/18 14:39:51,1.87,37.89349,-122.12263,351.378,69.121,0.0,-89,0.900,1.333,0.891
2014/08/18 14:39:56,1.87,37.89382,-122.12095,347.113,68.480,0.0,-89,0.783,1.333,0.280
2014/08/18 14:40:01,1.92,37.89410,-122.11922,344.160,69.839,0.0,-89,0.902,1.083,0.476
2014/08/18 14:40:06,1.87,37.89438,-122.11749,342.848,69.342,0.0,-89,0.592,0.000,0.851
2014/08/18 14:40:11,1.87,37.89467,-122.11575,343.176,71.887,0.0,-89,1.253,1.042,0.281
2014/08/18 14:40:16,1.87,37.89496,-122.11398,341.535,70.579,0.0,-73,0.883,1.000,0.706
2014/08/18 14:40:21,1.87,37.89525,-122.11225,341.207,68.229,0.0,-73,0.600,1.042,0.601
2014/08/18 14:40:26,1.87,37.89552,-122.11058,343.176,66.670,0.0,-73,0.338,0.000,0.738
2014/08/18 14:40:31,1.87,37.89579,-122.10892,341.207,66.817,0.0,-73,0.234,1.042,0.820
2014/08/18 14:40:36,1.87,37.89606,-122.10728,331.693,66.252,0.0,-73,0.271,0.708,0.782
2014/08/18 14:40:41,1.87,37.89633,-122.10563,321.522,66.100,0.0,-73,0.218,0.708,0.290
2014/08/18 14:40:46,1.87,37.89659,-122.10400,316.601,65.448,0.0,-67,0.414,0.000,0.202
2014/08/18 14:40:51,1.87,37.89686,-122.10235,318.898,66.998,0.0,-67,2.136,0.667,0.453
2014/08/18 14:40:56,1.87,37.89714,-122.10068,322.835,66.815,0.0,-67,2.244,1.042,0.993
2014/08/18 14:41:01,1.87,37.89739,-122.09901,325.787,67.606,0.0,-67,2.253,1.708,0.675
2014/08/18 14:41:06,1.87,37.89753,-122.09731,323.819,65.953,0.0,-67,2.222,1.417,0.566
2014/08/18 14:41:11,2.24,37.89759,-122.09563,313.320,67.847,0.0,-67,1.970,1.375,1.344
2014/08/18 14:41:16,1.89,37.89764,-122.09384,301.837,71.233,0.0,-67,1.722,0.000,1.081
2014/08/18 14:41:21,1.89,37.89769,-122.09206,306.102,70.556,0.0,-71,2.216,1.417,1.582
2014/08/18 14:41:26,1.87,37.89775,-122.09024,321.522,71.128,0.0,-71,1.720,1.458,0.413
2014/08/18 14:41:31,1.87,37.89780,-122.08844,336.942,71.348,0.0,-71,1.733,1.417,0.325
2014/08/18 14:41:36,1.97,37.89784,-122.08668,345.144,65.949,0.0,-71,1.911,1.083,1.237
2014/08/18 14:41:41,1.97,37.89785,-122.08506,340.551,63.946,0.0,-71,0.583,0.333,1.074
2014/08/18 14:41:46,1.92,37.89772,-122.08345,324.475,63.946,0.0,-71,1.836,0.000,0.570
2014/08/18 14:41:51,1.87,37.89743,-122.08184,308.071,66.193,0.0,-73,2.355,1.417,0.343
2014/08/18 14:41:56,1.87,37.89700,-122.08022,296.916,68.141,0.0,-73,2.511,1.792,0.320
2014/08/18 14:42:01,1.87,37.89654,-122.07860,283.793,66.040,0.0,-73,1.975,1.417,0.302
2014/08/18 14:42:06,1.87,37.89613,-122.07705,270.013,63.734,0.0,-73,0.739,0.000,0.000
2014/08/18 14:42:11,1.87,37.89586,-122.07554,267.060,60.684,0.0,-73,0.500,0.000,0.000
2014/08/18 14:42:16,1.87,37.89598,-122.07404,268.373,58.039,0.0,-73,0.394,0.000,0.000
2014/08/18 14:42:21,1.87,37.89645,-122.07276,266.404,55.027,0.0,-55,1.114,0.000,5.431
2014/08/18 14:42:26,1.87,37.89724,-122.07173,256.890,57.606,0.0,-55,3.158,0.000,0.218
2014/08/18 14:42:31,1.87,37.89830,-122.07109,241.470,59.226,0.0,-55,1.928,0.042,0.507
2014/08/18 14:42:36,1.87,37.89950,-122.07080,217.848,63.074,0.0,-55,0.000,0.417,0.000
2014/08/18 14:42:41,2.0,37.90075,-122.07053,201.772,63.036,0.0,-55,0.000,0.833,0.000
2014/08/18 14:42:46,2.21,37.90199,-122.07025,197.835,62.971,0.0,-55,0.000,0.000,0.000
2014/08/18 14:42:51,1.87,37.90323,-122.06998,204.068,62.545,0.0,-87,0.000,2.167,4.122
2014/08/18 14:42:56,1.86,37.90446,-122.06970,208.990,62.242,0.0,-87,0.000,0.000,0.000
2014/08/18 14:43:01,1.86,37.90570,-122.06943,213.583,62.618,0.0,-87,0.000,0.000,0.000
2014/08/18 14:43:06,1.86,37.90694,-122.06909,215.879,63.156,0.0,-87,0.000,0.000,0.000
2014/08/18 14:43:11,1.86,37.90818,-122.06867,208.661,64.595,0.0,-87,0.000,0.000,0.000
2014/08/18 14:43:16,1.86,37.90945,-122.06822,190.289,65.073,0.0,-87,0.000,0.000,0.000
2014/08/18 14:43:21,1.86,37.91071,-122.06776,173.885,65.180,0.0,-87,0.000,0.000,0.242
2014/08/18 14:43:26,1.86,37.91198,-122.06731,160.761,65.826,0.0,-75,0.039,0.125,0.242
2014/08/18 14:43:31,1.86,37.91328,-122.06685,145.669,68.871,0.0,-75,1.967,1.542,0.222
2014/08/18 14:43:36,1.86,37.91460,-122.06628,127.297,69.948,0.0,-75,1.351,1.292,0.298
2014/08/18 14:43:41,1.86,37.91587,-122.06544,108.596,72.695,0.0,-75,0.780,2.375,0.298
2014/08/18 14:43:46,1.86,37.91708,-122.06433,101.706,73.911,0.0,-75,1.013,0.000,0.296
2014/08/18 14:43:51,1.86,37.91829,-122.06330,107.283,71.449,0.0,-75,0.657,2.833,0.198
2014/08/18 14:43:56,1.86,37.91958,-122.06258,111.549,68.378,0.0,-53,0.872,1.750,0.269
2014/08/18 14:44:01,1.86,37.92081,-122.06203,115.814,64.693,0.0,-53,0.682,1.750,0.218
2014/08/18 14:44:06,1.86,37.92206,-122.06153,118.110,65.417,0.0,-53,1.139,3.250,0.634
2014/08/18 14:44:11,1.86,37.92334,-122.06109,107.940,66.593,0.0,-53,1.065,2.125,0.279
2014/08/18 14:44:16,1.86,37.92464,-122.06079,93.504,64.472,0.0,-53,1.135,1.708,0.233
2014/08/18 14:44:21,1.86,37.92593,-122.06062,78.740,64.671,0.0,-53,0.359,2.542,0.397
2014/08/18 14:44:26,2.2,37.92723,-122.06048,73.491,65.985,0.0,-63,0.611,0.792,1.543
2014/08/18 14:44:31,1.86,37.92855,-122.06035,74.803,66.193,0.0,-63,0.850,1.042,0.000
2014/08/18 14:44:36,1.86,37.92990,-122.06026,76.444,68.702,0.0,-63,0.540,1.083,0.000
2014/08/18 14:44:41,1.86,37.93129,-122.06018,77.428,69.934,0.0,-63,1.033,2.875,0.000
2014/08/18 14:44:46,1.86,37.93268,-122.06015,76.115,67.473,0.0,-63,1.130,3.417,0.337
2014/08/18 14:44:51,1.91,37.93405,-122.06016,74.147,68.210,0.0,-63,0.855,2.625,0.376
2014/08/18 14:44:56,1.91,37.93541,-122.06016,71.194,66.223,0.0,-77,0.604,2.250,0.291
2014/08/18 14:45:01,1.91,37.93672,-122.06021,71.850,63.771,0.0,-77,0.720,2.125,0.249
2014/08/18 14:45:06,1.91,37.93799,-122.06027,73.491,63.059,0.0,-77,0.522,2.167,0.362
2014/08/18 14:45:11,1.91,37.93926,-122.06026,71.850,63.327,0.0,-77,0.000,0.000,0.451
2014/08/18 14:45:16,1.91,37.94054,-122.06006,67.585,64.316,0.0,-77,0.422,1.875,2.039
2014/08/18 14:45:21,1.91,37.94179,-122.05967,64.304,63.372,0.0,-77,0.279,2.208,0.547
2014/08/18 14:45:26,1.91,37.94301,-122.05914,75.131,64.543,0.0,-77,0.700,2.417,0.495
2014/08/18 14:45:31,1.91,37.94421,-122.05860,87.927,62.962,0.0,-55,0.642,3.167,0.264
2014/08/18 14:45:36,1.91,37.94542,-122.05807,92.192,63.900,0.0,-55,0.000,0.000,0.000
2014/08/18 14:45:41,1.86,37.94663,-122.05753,85.630,63.554,0.0,-55,0.000,0.000,0.000
2014/08/18 14:45:46,1.86,37.94784,-122.05699,71.522,64.887,0.0,-55,0.000,0.000,0.000
2014/08/18 14:45:51,1.86,37.94907,-122.05645,63.320,63.600,0.0,-55,0.000,0.000,0.243
2014/08/18 14:45:56,1.85,37.95029,-122.05592,62.664,66.137,0.0,-55,0.006,0.000,0.244
2014/08/18 14:46:01,1.85,37.95156,-122.05536,61.680,68.365,0.0,-63,0.220,0.000,1.269
2014/08/18 14:46:06,1.85,37.95283,-122.05479,58.399,67.183,0.0,-63,0.241,0.000,0.293
2014/08/18 14:46:11,1.85,37.95408,-122.05419,54.790,66.503,0.0,-63,0.572,0.000,0.542
2014/08/18 14:46:16,1.85,37.95532,-122.05359,52.165,65.886,0.0,-63,0.631,0.000,0.267
2014/08/18 14:46:21,1.85,37.95654,-122.05298,52.493,64.789,0.0,-63,0.571,0.042,0.438
2014/08/18 14:46:26,1.85,37.95777,-122.05253,54.790,62.538,0.0,-63,0.481,0.000,0.402
2014/08/18 14:46:31,2.25,37.95899,-122.05247,54.462,58.065,0.0,-75,0.961,0.917,0.495
2014/08/18 14:46:36,1.85,37.96014,-122.05275,50.853,58.068,0.0,-75,1.300,1.542,0.543
2014/08/18 14:46:41,1.85,37.96122,-122.05326,42.979,57.401,0.0,-75,0.953,1.500,0.618
2014/08/18 14:46:46,1.85,37.96230,-122.05382,40.026,59.176,0.0,-75,0.709,1.458,0.570
2014/08/18 14:46:51,1.85,37.96346,-122.05442,39.042,64.030,0.0,-75,0.969,1.208,0.229
2014/08/18 14:46:56,1.85,37.96465,-122.05507,44.619,64.816,0.0,-75,0.839,1.625,0.209
2014/08/18 14:47:01,1.85,37.96581,-122.05581,51.181,64.108,0.0,-63,1.200,1.250,0.248
2014/08/18 14:47:06,1.51,37.96690,-122.05662,49.213,63.490,0.0,-63,0.499,1.042,0.630
2014/08/18 14:47:11,1.51,37.96794,-122.05747,38.714,60.499,0.0,-63,0.000,0.000,0.000
2014/08/18 14:47:16,1.51,37.96898,-122.05833,28.871,62.204,0.0,-63,0.000,0.000,0.000
2014/08/18 14:47:21,1.51,37.97001,-122.05918,26.903,59.677,0.0,-63,0.000,0.000,0.000
2014/08/18 14:47:26,1.51,37.97099,-122.05999,23.294,57.995,0.0,-63,0.000,0.000,0.000
2014/08/18 14:47:31,1.51,37.97195,-122.06079,20.341,55.944,0.0,-63,0.000,0.000,0.000
2014/08/18 14:47:36,1.51,37.97291,-122.06159,19.029,57.570,0.0,-71,0.000,0.000,0.721
2014/08/18 14:47:41,1.51,37.97391,-122.06241,16.732,60.189,0.0,-71,0.000,0.000,0.331
2014/08/18 14:47:46,1.51,37.97494,-122.06324,22.310,61.135,0.0,-71,0.006,0.042,0.228
2014/08/18 14:47:51,1.52,37.97603,-122.06395,28.215,61.294,0.0,-71,2.414,1.167,0.205
2014/08/18 14:47:56,1.52,37.97720,-122.06454,24.606,62.777,0.0,-71,2.800,0.708,0.241
2014/08/18 14:48:01,1.52,37.97840,-122.06500,15.092,62.238,0.0,-71,1.561,0.333,0.910
2014/08/18 14:48:06,1.52,37.97961,-122.06531,11.811,61.597,0.0,-75,1.050,0.500,0.449
2014/08/18 14:48:11,1.52,37.98084,-122.06556,10.499,61.519,0.0,-75,1.964,1.125,2.077
2014/08/18 14:48:16,1.52,37.98206,-122.06580,18.045,61.013,0.0,-75,0.869,0.292,0.352
2014/08/18 14:48:21,1.52,37.98323,-122.06603,21.325,56.818,0.0,-75,0.839,0.708,0.350
2014/08/18 14:48:26,1.52,37.98438,-122.06626,19.029,58.353,0.0,-75,1.733,1.167,0.637
2014/08/18 14:48:31,1.52,37.98555,-122.06648,10.499,59.978,0.0,-75,1.872,1.083,0.561
2014/08/18 14:48:36,1.52,37.98678,-122.06672,6.562,61.290,0.0,-59,2.239,0.542,0.350
2014/08/18 14:48:41,1.52,37.98797,-122.06696,7.546,58.794,0.0,-59,2.033,0.417,0.396
2014/08/18 14:48:46,1.52,37.98913,-122.06719,6.562,57.557,0.0,-59,2.378,0.000,0.190
2014/08/18 14:48:51,1.52,37.99029,-122.06739,6.890,57.973,0.0,-59,0.000,0.000,0.000
2014/08/18 14:48:56,1.52,37.99141,-122.06760,9.186,54.711,0.0,-59,0.000,0.000,0.000
2014/08/18 14:49:01,1.52,37.99230,-122.06788,11.155,38.403,0.0,-59,0.000,0.000,1.428
2014/08/18 14:49:06,1.52,37.99292,-122.06817,10.827,30.326,0.0,-51,0.000,0.000,0.250
2014/08/18 14:49:11,1.52,37.99343,-122.06849,11.811,26.166,0.0,-51,0.033,0.083,0.210
2014/08/18 14:49:16,1.52,37.99388,-122.06884,12.467,25.639,0.0,-51,3.136,1.083,0.249
2014/08/18 14:49:21,1.52,37.99426,-122.06920,13.780,21.964,0.0,-51,3.192,0.625,0.215
2014/08/18 14:49:26,1.62,37.99462,-122.06954,14.108,24.435,0.0,-51,3.192,0.583,0.195
2014/08/18 14:49:31,1.52,37.99504,-122.06993,15.420,25.384,0.0,-51,3.217,0.750,0.251
2014/08/18 14:49:36,1.62,37.99553,-122.06990,16.732,27.289,0.0,-69,2.778,0.375,0.217
2014/08/18 14:49:41,1.52,37.99563,-122.06925,23.622,27.296,0.0,-69,2.786,0.292,0.253
2014/08/18 14:49:46,1.57,37.99518,-122.06905,30.512,23.554,0.0,-69,2.006,0.417,0.302
2014/08/18 14:49:51,1.65,37.99486,-122.06949,34.777,26.999,0.0,-69,2.136,0.000,0.546
2014/08/18 14:49:56,1.52,37.99458,-122.07021,36.745,35.907,0.0,-69,1.186,0.208,0.641
2014/08/18 14:50:01,1.52,37.99431,-122.07099,39.042,33.016,0.0,-69,0.919,0.208,0.628
2014/08/18 14:50:06,1.52,37.99402,-122.07182,41.667,38.644,0.0,-69,1.789,0.708,0.294
2014/08/18 14:50:11,1.52,37.99368,-122.07280,44.619,44.933,0.0,-67,1.961,0.625,1.047
2014/08/18 14:50:16,1.52,37.99331,-122.07390,47.900,48.037,0.0,-67,1.170,0.917,0.000
2014/08/18 14:50:21,1.83,37.99291,-122.07506,52.822,52.358,0.0,-67,0.330,0.250,2.349
2014/08/18 14:50:26,1.83,37.99248,-122.07634,65.289,57.055,0.0,-67,0.289,0.000,1.206
2014/08/18 14:50:31,1.83,37.99208,-122.07776,78.740,61.200,0.0,-67,0.381,0.208,0.637
2014/08/18 14:50:36,2.0,37.99180,-122.07929,92.848,63.510,0.0,-67,0.592,0.125,1.051
2014/08/18 14:50:41,1.52,37.99165,-122.08092,107.612,64.780,0.0,-79,1.703,0.917,0.351
2014/08/18 14:50:46,1.83,37.99154,-122.08255,120.079,64.039,0.0,-79,1.519,0.792,0.321
2014/08/18 14:50:51,1.83,37.99142,-122.08418,128.609,64.310,0.0,-79,1.878,1.458,0.310
2014/08/18 14:50:56,1.83,37.99131,-122.08581,133.530,65.040,0.0,-79,1.808,0.958,0.234
2014/08/18 14:51:01,1.83,37.99120,-122.08749,136.483,66.848,0.0,-79,2.753,1.125,0.209
2014/08/18 14:51:06,1.52,37.99108,-122.08919,137.795,66.729,0.0,-79,2.964,0.750,0.274
2014/08/18 14:51:11,1.52,37.99096,-122.09089,140.420,66.568,0.0,-63,2.953,0.000,0.186
2014/08/18 14:51:16,1.52,37.99085,-122.09256,142.717,65.905,0.0,-63,2.747,0.625,0.302
2014/08/18 14:51:21,1.52,37.99073,-122.09423,145.669,65.420,0.0,-63,2.669,0.542,0.214
2014/08/18 14:51:26,1.52,37.99073,-122.09589,146.982,65.216,0.0,-63,2.331,0.375,0.211
2014/08/18 14:51:31,1.66,37.99094,-122.09753,149.278,66.381,0.0,-63,0.534,0.125,1.035
2014/08/18 14:51:36,1.52,37.99137,-122.09916,152.231,68.259,0.0,-63,0.596,0.208,1.382
2014/08/18 14:51:41,1.52,37.99196,-122.10067,156.824,65.921,0.0,-51,1.351,0.833,0.210
2014/08/18 14:51:47,1.52,37.99256,-122.10218,160.105,66.662,0.0,-51,1.418,1.792,0.206
2014/08/18 14:51:52,1.52,37.99328,-122.10400,159.449,66.771,0.0,-51,0.679,1.500,0.431
2014/08/18 14:51:57,1.52,37.99387,-122.10551,157.808,66.387,0.0,-51,1.486,2.458,0.281
2014/08/18 14:52:02,1.52,37.99446,-122.10701,156.168,66.184,0.0,-51,1.978,1.833,0.217
2014/08/18 14:52:07,1.52,37.99506,-122.10854,154.528,67.850,0.0,-51,1.220,0.000,0.417
2014/08/18 14:52:12,1.52,37.99568,-122.11009,153.871,68.477,0.0,-51,1.492,0.500,0.319
2014/08/18 14:52:17,1.52,37.99625,-122.11167,154.528,68.534,0.0,-89,0.649,0.500,0.605
2014/08/18 14:52:22,1.52,37.99659,-122.11337,159.777,68.484,0.0,-89,0.887,1.375,0.398
2014/08/18 14:52:27,1.52,37.99666,-122.11509,167.323,67.342,0.0,-89,0.456,0.750,0.282
2014/08/18 14:52:32,1.52,37.99647,-122.11678,173.556,67.057,0.0,-89,1.577,1.583,0.217
2014/08/18 14:52:37,1.52,37.99604,-122.11837,179.790,65.457,0.0,-89,0.847,0.000,0.323
2014/08/18 14:52:42,1.52,37.99541,-122.11975,189.304,60.453,0.0,-89,2.705,1.292,0.205
2014/08/18 14:52:47,1.82,37.99469,-122.12101,194.226,63.098,0.0,-63,2.886,1.667,0.318
2014/08/18 14:52:52,1.82,37.99395,-122.12229,193.241,62.180,0.0,-63,0.000,0.000,1.393
2014/08/18 14:52:57,1.82,37.99321,-122.12358,184.711,62.769,0.0,-63,1.619,0.583,0.245
2014/08/18 14:53:02,1.82,37.99246,-122.12489,170.932,64.271,0.0,-63,1.789,0.833,0.231
2014/08/18 14:53:07,1.52,37.99171,-122.12626,151.903,65.924,0.0,-63,2.417,1.375,0.213
2014/08/18 14:53:12,1.52,37.99116,-122.12780,138.780,67.444,0.0,-63,1.869,1.625,0.226
2014/08/18 14:53:17,1.52,37.99082,-122.12947,133.202,68.657,0.0,-77,0.986,2.208,0.221
2014/08/18 14:53:22,1.68,37.99049,-122.13117,139.108,69.166,0.0,-77,1.428,2.417,0.615
2014/08/18 14:53:27,1.68,37.99016,-122.13285,153.871,67.259,0.0,-77,1.675,3.583,0.569
2014/08/18 14:53:32,2.02,37.98983,-122.13450,169.291,66.047,0.0,-77,2.039,0.000,0.209
2014/08/18 14:53:37,1.81,37.98959,-122.13612,183.727,64.364,0.0,-77,1.917,1.833,0.309
2014/08/18 14:53:42,1.81,37.98962,-122.13778,198.819,65.701,0.0,-77,2.103,1.458,0.192
2014/08/18 14:53:47,1.81,37.98995,-122.13939,213.911,65.404,0.0,-91,2.089,0.000,0.514
2014/08/18 14:53:52,2.02,37.99058,-122.14086,229.331,65.829,0.0,-91,0.867,1.167,0.489
2014/08/18 14:53:57,1.52,37.99148,-122.14209,247.703,66.876,0.0,-91,2.931,0.000,0.255
2014/08/18 14:54:02,1.64,37.99262,-122.14301,269.685,68.234,0.0,-91,2.217,0.750,0.358
2014/08/18 14:54:07,1.64,37.99388,-122.14368,288.714,66.877,0.0,-91,2.083,1.792,0.374
2014/08/18 14:54:12,1.52,37.99510,-122.14430,304.790,64.190,0.0,-91,2.045,2.208,0.206
2014/08/18 14:54:17,1.64,37.99630,-122.14492,318.570,65.410,0.0,-91,2.339,1.458,0.261
2014/08/18 14:54:22,1.64,37.99754,-122.14555,331.037,66.206,0.0,-101,2.494,1.125,0.194
2014/08/18 14:54:27,1.65,37.99874,-122.14619,347.441,63.446,0.0,-101,2.842,0.000,0.263
2014/08/18 14:54:32,1.64,37.99981,-122.14704,362.533,62.866,0.0,-101,2.864,0.708,0.189
2014/08/18 14:54:37,1.81,38.00070,-122.14820,375.328,64.762,0.0,-101,3.050,0.000,0.190
2014/08/18 14:54:42,1.81,38.00144,-122.14956,386.155,64.302,0.0,-101,3.003,0.375,0.218
2014/08/18 14:54:47,1.81,38.00216,-122.15092,397.966,64.125,0.0,-101,2.747,0.375,0.277
2014/08/18 14:54:52,1.81,38.00289,-122.15226,414.042,63.712,0.0,-85,2.589,0.333,0.418
2014/08/18 14:54:57,1.52,38.00368,-122.15350,430.446,62.948,0.0,-85,2.503,0.750,0.226
2014/08/18 14:55:02,1.52,38.00450,-122.15472,449.803,62.719,0.0,-85,2.430,0.000,0.217
2014/08/18 14:55:07,1.52,38.00515,-122.15611,462.270,63.223,0.0,-85,2.278,1.417,0.306
2014/08/18 14:55:12,1.8,38.00553,-122.15762,471.785,61.657,0.0,-85,2.494,3.292,0.241
2014/08/18 14:55:17,1.8,38.00566,-122.15915,483.268,60.490,0.0,-85,1.883,1.500,0.203
2014/08/18 14:55:22,2.03,38.00575,-122.16071,493.110,62.955,0.0,-63,2.186,2.208,0.225
2014/08/18 14:55:27,1.8,38.00585,-122.16233,505.906,63.841,0.0,-63,1.797,2.500,0.384
2014/08/18 14:55:32,1.8,38.00604,-122.16392,517.717,63.592,0.0,-63,2.347,1.500,0.261
2014/08/18 14:55:37,1.8,38.00650,-122.16542,525.262,62.164,0.0,-63,1.228,1.083,0.222
2014/08/18 14:55:42,1.52,38.00719,-122.16670,527.231,61.448,0.0,-63,1.286,1.417,0.209
2014/08/18 14:55:47,1.52,38.00805,-122.16787,527.559,64.880,0.0,-63,2.400,0.000,0.214
2014/08/18 14:55:52,1.52,38.00896,-122.16908,523.622,66.218,0.0,-59,2.950,1.500,0.203
2014/08/18 14:55:57,1.52,38.00988,-122.17032,518.045,67.893,0.0,-59,2.392,1.417,0.222
2014/08/18 14:56:02,1.52,38.01083,-122.17159,512.139,68.980,0.0,-59,2.639,2.208,0.194
2014/08/18 14:56:07,1.52,38.01177,-122.17286,504.921,67.947,0.0,-59,2.784,1.458,0.226
2014/08/18 14:56:12,1.52,38.01271,-122.17414,498.031,69.437,0.0,-59,2.731,0.000,0.228
2014/08/18 14:56:17,1.52,38.01368,-122.17545,491.798,71.343,0.0,-59,2.836,1.417,0.213
2014/08/18 14:56:22,1.7,38.01462,-122.17676,493.766,67.839,0.0,-59,3.136,1.125,0.194
2014/08/18 14:56:27,1.52,38.01533,-122.17820,498.360,66.222,0.0,-61,2.428,1.083,0.217
2014/08/18 14:56:32,1.79,38.01572,-122.17974,506.890,62.720,0.0,-61,3.136,0.750,0.194
2014/08/18 14:56:37,2.04,38.01590,-122.18130,513.451,60.062,0.0,-61,3.381,0.000,0.194
2014/08/18 14:56:42,2.04,38.01603,-122.18278,521.654,59.433,0.0,-61,2.914,1.083,0.282
2014/08/18 14:56:47,2.04,38.01617,-122.18428,531.496,59.892,0.0,-61,1.700,0.000,0.243
2014/08/18 14:56:52,2.04,38.01631,-122.18577,542.651,57.009,0.0,-61,1.242,0.000,0.195
2014/08/18 14:56:57,1.7,38.01635,-122.18716,546.588,53.431,0.0,-79,1.716,0.083,0.242
2014/08/18 14:57:02,1.7,38.01619,-122.18858,548.885,57.963,0.0,-79,1.534,1.667,0.242
2014/08/18 14:57:07,1.52,38.01579,-122.19002,545.604,60.675,0.0,-79,2.378,1.458,0.234
2014/08/18 14:57:12,1.79,38.01530,-122.19143,539.370,60.646,0.0,-79,2.761,0.000,0.257
2014/08/18 14:57:17,1.79,38.01477,-122.19281,529.199,59.887,0.0,-79,1.284,0.708,0.223
2014/08/18 14:57:22,1.79,38.01423,-122.19416,512.467,59.595,0.0,-79,1.830,1.167,0.297
2014/08/18 14:57:27,1.79,38.01368,-122.19553,494.423,62.105,0.0,-51,2.308,4.167,0.310
2014/08/18 14:57:32,1.79,38.01309,-122.19694,470.801,63.917,0.0,-51,2.333,3.500,0.239
2014/08/18 14:57:37,1.79,38.01238,-122.19832,446.850,65.035,0.0,-51,2.200,2.833,0.212
2014/08/18 14:57:42,3.23,38.01175,-122.19973,420.604,62.880,0.0,-51,2.467,2.167,0.210
2014/08/18 14:57:47,1.79,38.01118,-122.20114,395.341,62.260,0.0,-51,3.342,0.917,0.209
2014/08/18 14:57:53,1.78,38.01061,-122.20255,371.719,63.421,0.0,-51,3.322,0.625,0.202
2014/08/18 14:57:58,1.78,38.01004,-122.20397,351.050,61.513,0.0,-73,2.667,0.000,0.234
2014/08/18 14:58:03,2.05,38.00949,-122.20536,337.927,60.831,0.0,-73,3.225,1.250,0.215
2014/08/18 14:58:08,2.03,38.00899,-122.20679,327.100,62.790,0.0,-73,3.370,0.625,0.203
2014/08/18 14:58:13,1.78,38.00859,-122.20837,316.601,66.711,0.0,-73,2.655,0.917,0.215
2014/08/18 14:58:18,1.52,38.00835,-122.21003,304.134,65.364,0.0,-73,2.148,1.833,0.317
2014/08/18 14:58:23,1.56,38.00826,-122.21172,291.339,67.038,0.0,-73,1.933,2.167,0.205
2014/08/18 14:58:28,1.56,38.00826,-122.21377,270.669,66.468,0.0,-97,2.333,1.875,0.203
2014/08/18 14:58:33,1.56,38.00826,-122.21540,248.688,62.181,0.0,-97,2.142,0.000,0.738
2014/08/18 14:58:38,2.02,38.00826,-122.21694,227.034,60.359,0.0,-97,0.592,0.625,0.322
2014/08/18 14:58:43,1.78,38.00829,-122.21849,208.333,61.542,0.0,-97,1.828,0.000,0.566
2014/08/18 14:58:48,1.78,38.00845,-122.22010,197.835,65.270,0.0,-97,1.411,0.917,0.341
2014/08/18 14:58:53,1.72,38.00875,-122.22170,188.648,62.380,0.0,-97,2.089,0.625,0.347
2014/08/18 14:58:58,1.72,38.00906,-122.22317,180.774,58.275,0.0,-97,2.142,0.292,0.364
2014/08/18 14:59:03,1.72,38.00939,-122.22452,175.853,52.203,0.0,-87,2.472,0.000,0.188
2014/08/18 14:59:08,1.72,38.00973,-122.22570,169.291,47.727,0.0,-87,2.589,0.625,0.198
2014/08/18 14:59:13,1.52,38.01004,-122.22681,153.871,44.776,0.0,-87,2.750,0.958,0.205
2014/08/18 14:59:18,1.52,38.01029,-122.22770,140.420,26.309,0.0,-87,2.583,0.000,0.319
2014/08/18 14:59:23,1.77,38.01037,-122.22790,140.748,0.038,0.0,-87,2.367,1.542,0.498
2014/08/18 14:59:28,1.77,38.01038,-122.22792,142.060,3.250,0.0,-87,2.039,0.333,0.365
2014/08/18 14:59:33,1.52,38.01052,-122.22798,148.294,11.368,0.0,-53,1.794,0.583,0.338
2014/08/18 14:59:38,2.16,38.01073,-122.22783,152.559,8.674,0.0,-53,2.319,0.000,0.190
2014/08/18 14:59:43,1.9,38.01079,-122.22791,150.919,3.845,0.0,-53,2.822,0.625,0.238
2014/08/18 14:59:48,1.52,38.01077,-122.22793,146.982,0.010,0.0,-53,3.325,1.208,0.209
2014/08/18 14:59:53,1.52,38.01078,-122.22792,147.310,0.030,0.0,-53,3.408,0.000,0.191
2014/08/18 14:59:58,1.52,38.01078,-122.22791,146.654,0.019,0.0,-53,3.336,0.958,0.209
2014/08/18 15:00:03,1.52,38.01078,-122.22791,146.982,0.014,0.0,-51,3.417,0.583,0.236
2014/08/18 15:00:08,1.52,38.01079,-122.22792,148.622,0.024,0.0,-51,3.244,0.000,0.236
2014/08/18 15:00:13,1.52,38.01079,-122.22792,150.591,0.021,0.0,-51,3.175,0.625,0.210
2014/08/18 15:00:18,1.52,38.01080,-122.22792,150.591,0.046,0.0,-51,2.644,0.625,0.201
2014/08/18 15:00:23,1.52,38.01080,-122.22792,150.591,0.016,0.0,-51,3.020,0.917,0.197
2014/08/18 15:00:28,1.52,38.01080,-122.22792,149.606,0.004,0.0,-51,3.044,0.917,0.211
2014/08/18 15:00:33,1.52,38.01080,-122.22792,148.622,0.013,0.0,-51,1.981,2.625,0.266
2014/08/18 15:00:38,1.52,38.01079,-122.22792,147.310,2.338,0.0,-51,2.478,0.000,0.310
2014/08/18 15:00:43,1.52,38.01066,-122.22804,144.029,11.971,0.0,-51,2.975,3.833,0.242
2014/08/18 15:00:48,1.52,38.01050,-122.22834,137.795,15.839,0.0,-51,2.025,0.625,0.189
2014/08/18 15:00:53,1.73,38.01056,-122.22893,133.202,29.788,0.0,-51,2.989,0.625,0.330
2014/08/18 15:00:58,1.73,38.01073,-122.22979,129.921,38.779,0.0,-51,3.194,0.000,0.236
2014/08/18 15:01:03,1.81,38.01101,-122.23080,129.921,44.587,0.0,-51,2.925,0.917,0.234
2014/08/18 15:01:08,1.74,38.01143,-122.23190,129.921,50.577,0.0,-59,2.556,0.917,0.206
2014/08/18 15:01:13,1.74,38.01193,-122.23315,121.719,58.262,0.0,-59,1.769,1.500,0.218
2014/08/18 15:01:18,1.51,38.01256,-122.23455,109.580,66.180,0.0,-59,2.458,2.167,0.209
2014/08/18 15:01:23,1.51,38.01326,-122.23601,103.675,68.343,0.0,-59,2.689,1.542,0.251
2014/08/18 15:01:28,1.56,38.01390,-122.23760,100.066,71.513,0.0,-59,2.539,1.583,0.194
2014/08/18 15:01:33,1.51,38.01438,-122.23932,95.801,72.272,0.0,-59,2.661,0.000,0.190
2014/08/18 15:01:38,1.51,38.01476,-122.24106,91.864,70.156,0.0,-79,2.492,1.250,0.359
2014/08/18 15:01:43,1.51,38.01501,-122.24285,87.927,71.722,0.0,-79,1.764,0.875,0.228
2014/08/18 15:01:48,1.51,38.01524,-122.24462,84.974,70.418,0.0,-79,2.064,3.417,0.282
2014/08/18 15:01:53,1.51,38.01530,-122.24639,81.693,68.583,0.0,-79,2.481,0.000,0.258
2014/08/18 15:01:58,1.51,38.01514,-122.24809,77.100,66.096,0.0,-79,1.053,1.292,0.922
2014/08/18 15:02:03,1.51,38.01486,-122.24974,71.850,66.498,0.0,-79,1.775,0.583,0.207
2014/08/18 15:02:08,1.75,38.01459,-122.25139,66.929,67.079,0.0,-91,1.844,0.708,0.328
2014/08/18 15:02:13,1.75,38.01430,-122.25311,61.680,69.100,0.0,-91,0.925,0.583,2.726
2014/08/18 15:02:18,1.75,38.01405,-122.25486,56.759,70.094,0.0,-91,1.444,0.000,0.529
2014/08/18 15:02:23,1.56,38.01384,-122.25659,60.696,65.704,0.0,-91,0.798,2.458,0.597
2014/08/18 15:02:28,1.98,38.01363,-122.25824,65.945,65.264,0.0,-91,0.704,1.208,2.851
2014/08/18 15:02:33,1.75,38.01348,-122.25983,70.866,62.144,0.0,-91,1.307,0.625,1.966
2014/08/18 15:02:38,1.75,38.01346,-122.26133,72.835,57.521,0.0,-69,1.311,0.000,5.843
2014/08/18 15:02:43,1.75,38.01356,-122.26278,72.507,55.874,0.0,-69,1.444,0.625,0.000
2014/08/18 15:02:48,1.97,38.01379,-122.26412,70.866,55.215,0.0,-69,0.878,0.000,0.000
2014/08/18 15:02:53,1.51,38.01414,-122.26549,64.304,56.830,0.0,-69,0.790,0.292,9.451
2014/08/18 15:02:58,1.51,38.01450,-122.26683,53.806,55.117,0.0,-69,0.000,2.042,1.815
2014/08/18 15:03:03,1.56,38.01489,-122.26801,53.806,46.458,0.0,-69,1.091,1.250,2.449
2014/08/18 15:03:08,1.74,38.01505,-122.26910,53.806,43.629,0.0,-69,1.697,1.250,2.086
2014/08/18 15:03:14,1.51,38.01461,-122.27021,55.774,43.488,0.0,-71,1.208,1.250,0.538
2014/08/18 15:03:19,1.51,38.01390,-122.27089,66.929,45.955,0.0,-71,1.145,0.000,0.314
2014/08/18 15:03:24,1.51,38.01315,-122.27156,79.396,45.212,0.0,-71,2.017,2.083,0.451
2014/08/18 15:03:29,1.51,38.01243,-122.27224,87.598,42.035,0.0,-71,1.889,1.708,0.266
2014/08/18 15:03:34,1.51,38.01177,-122.27284,89.567,39.107,0.0,-71,1.986,1.667,0.242
2014/08/18 15:03:39,1.51,38.01105,-122.27345,87.270,47.033,0.0,-71,2.522,0.875,0.270
2014/08/18 15:03:44,1.51,38.01024,-122.27422,82.349,51.777,0.0,-51,0.978,1.667,0.369
2014/08/18 15:03:49,1.51,38.00937,-122.27496,78.740,51.709,0.0,-51,1.772,0.000,0.214
2014/08/18 15:03:54,1.51,38.00846,-122.27572,79.396,56.684,0.0,-51,2.667,0.000,0.203
2014/08/18 15:03:59,1.74,38.00749,-122.27662,90.879,61.804,0.0,-51,2.619,0.042,0.223
2014/08/18 15:04:04,1.74,38.00646,-122.27753,103.346,63.637,0.0,-51,1.536,1.208,0.202
2014/08/18 15:04:09,1.74,38.00544,-122.27846,116.142,62.006,0.0,-51,2.206,1.250,0.289
2014/08/18 15:04:14,1.51,38.00443,-122.27940,126.969,61.326,0.0,-69,2.664,0.792,0.234
2014/08/18 15:04:19,1.51,38.00346,-122.28029,137.139,57.514,0.0,-69,2.705,1.000,0.247
2014/08/18 15:04:24,1.51,38.00258,-122.28111,137.139,53.151,0.0,-69,2.853,0.792,0.254
2014/08/18 15:04:29,1.53,38.00170,-122.28193,127.297,55.399,0.0,-69,2.167,0.750,0.528
2014/08/18 15:04:34,1.69,38.00079,-122.28274,112.205,56.317,0.0,-69,1.090,0.292,0.286
2014/08/18 15:04:39,1.53,37.99984,-122.28362,98.097,59.653,0.0,-69,1.040,0.333,0.292
2014/08/18 15:04:44,1.53,37.99886,-122.28453,84.646,59.821,0.0,-69,1.203,0.333,1.290
2014/08/18 15:04:49,1.53,37.99790,-122.28543,71.194,58.157,0.0,-69,0.171,0.000,0.000
2014/08/18 15:04:54,1.51,37.99703,-122.28642,59.383,59.000,0.0,-69,0.343,0.167,3.406
2014/08/18 15:04:59,1.51,37.99624,-122.28762,53.806,64.241,0.0,-69,0.412,0.667,0.690
2014/08/18 15:05:04,1.51,37.99556,-122.28908,63.976,67.917,0.0,-69,0.797,0.958,0.800
2014/08/18 15:05:09,1.73,37.99510,-122.29061,82.677,60.944,0.0,-69,1.522,0.958,0.810
2014/08/18 15:05:14,1.73,37.99483,-122.29209,97.113,58.686,0.0,-77,0.600,0.375,3.430
2014/08/18 15:05:19,1.73,37.99463,-122.29356,108.596,58.486,0.0,-77,1.066,0.500,1.416
2014/08/18 15:05:24,1.73,37.99442,-122.29505,121.063,59.387,0.0,-77,2.420,0.875,1.131
2014/08/18 15:05:29,1.51,37.99422,-122.29650,132.546,58.154,0.0,-77,2.419,1.125,0.581
2014/08/18 15:05:34,1.51,37.99401,-122.29797,144.357,58.044,0.0,-77,1.336,0.708,0.716
2014/08/18 15:05:39,1.5,37.99381,-122.29944,154.856,59.002,0.0,-77,2.497,0.000,0.210
2014/08/18 15:05:44,1.5,37.99361,-122.30092,162.073,59.616,0.0,-77,2.269,0.500,0.196
2014/08/18 15:05:49,1.5,37.99340,-122.30243,170.604,59.810,0.0,-73,1.578,0.500,0.246
2014/08/18 15:05:54,1.72,37.99318,-122.30394,176.181,59.924,0.0,-73,2.739,0.500,0.379
2014/08/18 15:05:59,1.55,37.99288,-122.30542,181.430,61.772,0.0,-73,2.417,0.542,0.382
2014/08/18 15:06:04,1.5,37.99245,-122.30692,187.336,63.030,0.0,-73,0.000,0.000,0.517
2014/08/18 15:06:09,1.5,37.99193,-122.30827,196.194,57.276,0.0,-73,1.386,0.333,0.219
2014/08/18 15:06:14,1.5,37.99133,-122.30950,208.661,58.053,0.0,-73,1.497,0.792,2.090
2014/08/18 15:06:19,1.5,37.99063,-122.31069,216.864,58.659,0.0,-51,0.796,1.208,0.468
2014/08/18 15:06:24,1.5,37.98989,-122.31182,225.066,57.632,0.0,-51,1.473,0.000,1.097
2014/08/18 15:06:29,1.5,37.98908,-122.31284,231.955,55.994,0.0,-51,1.661,1.000,1.486
2014/08/18 15:06:34,1.5,37.98821,-122.31374,237.533,57.292,0.0,-51,1.539,1.417,2.093
2014/08/18 15:06:39,1.5,37.98724,-122.31456,243.766,58.308,0.0,-51,1.975,0.000,4.565
2014/08/18 15:06:44,1.5,37.98621,-122.31526,246.391,57.739,0.0,-51,2.169,1.625,0.371
2014/08/18 15:06:49,1.5,37.98512,-122.31582,246.063,58.798,0.0,-79,1.933,1.125,0.617
2014/08/18 15:06:54,1.5,37.98397,-122.31623,249.672,60.006,0.0,-79,0.439,0.000,0.315
2014/08/18 15:06:59,1.5,37.98276,-122.31651,253.609,61.906,0.0,-79,1.114,0.500,0.379
2014/08/18 15:07:04,1.5,37.98155,-122.31680,257.874,61.206,0.0,-79,2.442,0.000,0.359
2014/08/18 15:07:09,1.5,37.98035,-122.31716,260.171,60.913,0.0,-79,1.861,0.000,2.270
2014/08/18 15:07:14,1.5,37.97917,-122.31756,264.764,60.608,0.0,-79,0.850,1.042,0.311
2014/08/18 15:07:19,1.5,37.97799,-122.31796,263.451,61.472,0.0,-81,1.200,0.000,0.918
2014/08/18 15:07:24,1.5,37.97678,-122.31836,252.953,61.041,0.0,-81,0.000,1.000,1.122
2014/08/18 15:07:29,1.5,37.97563,-122.31876,236.877,59.145,0.0,-81,0.350,0.500,2.534
2014/08/18 15:07:34,1.5,37.97447,-122.31914,224.738,59.296,0.0,-81,0.891,1.000,0.837
2014/08/18 15:07:39,1.5,37.97330,-122.31953,210.302,60.537,0.0,-81,1.450,0.000,1.744
2014/08/18 15:07:44,1.5,37.97213,-122.31992,194.226,58.974,0.0,-81,0.806,1.542,0.782
2014/08/18 15:07:49,1.5,37.97098,-122.32031,179.790,59.480,0.0,-81,0.758,0.500,1.323
2014/08/18 15:07:54,1.5,37.96981,-122.32070,163.386,60.150,0.0,-105,0.414,0.000,0.635
2014/08/18 15:07:59,1.5,37.96863,-122.32110,147.310,61.273,0.0,-105,1.292,0.000,0.363
2014/08/18 15:08:04,1.5,37.96744,-122.32162,130.906,64.432,0.0,-105,1.392,0.500,0.370
2014/08/18 15:08:09,1.5,37.96637,-122.32252,113.845,64.116,0.0,-105,1.811,0.000,1.428
2014/08/18 15:08:14,1.54,37.96552,-122.32375,100.066,64.027,0.0,-105,1.122,1.000,0.314
2014/08/18 15:08:19,1.54,37.96483,-122.32506,88.255,60.402,0.0,-105,2.458,0.000,0.800
2014/08/18 15:08:24,1.54,37.96416,-122.32633,81.693,61.101,0.0,-55,1.506,0.500,0.222
2014/08/18 15:08:29,1.54,37.96349,-122.32760,80.052,57.867,0.0,-55,3.089,1.042,0.402
2014/08/18 15:08:34,1.54,37.96274,-122.32872,85.302,58.944,0.0,-55,2.411,0.000,0.331
2014/08/18 15:08:39,1.5,37.96183,-122.32964,98.425,56.691,0.0,-55,2.514,1.000,0.243
2014/08/18 15:08:44,1.5,37.96087,-122.33028,110.892,53.124,0.0,-55,2.325,0.000,0.278
2014/08/18 15:08:49,1.49,37.95985,-122.33067,122.375,53.396,0.0,-55,1.411,0.000,0.211
2014/08/18 15:08:54,1.49,37.95878,-122.33083,125.656,55.032,0.0,-73,2.333,1.000,0.318
2014/08/18 15:08:59,1.49,37.95767,-122.33072,126.312,55.258,0.0,-73,2.244,1.000,0.275
2014/08/18 15:09:04,1.51,37.95659,-122.33035,122.375,55.838,0.0,-73,2.675,0.000,0.211
2014/08/18 15:09:09,1.54,37.95555,-122.32978,119.423,57.613,0.0,-73,2.328,1.042,0.238
2014/08/18 15:09:14,1.54,37.95447,-122.32916,120.079,59.931,0.0,-73,1.891,0.500,0.730
2014/08/18 15:09:19,1.54,37.95336,-122.32852,119.751,61.217,0.0,-73,1.658,0.000,0.310
2014/08/18 15:09:24,1.59,37.95226,-122.32794,118.766,56.410,0.0,-75,2.528,0.500,0.239
2014/08/18 15:09:29,1.57,37.95126,-122.32746,115.157,50.741,0.0,-75,2.672,0.500,0.351
2014/08/18 15:09:34,1.57,37.95040,-122.32705,111.220,41.346,0.0,-75,2.261,0.000,0.299
2014/08/18 15:09:39,1.51,37.94960,-122.32666,106.955,43.215,0.0,-75,2.067,0.542,0.286
2014/08/18 15:09:44,1.57,37.94876,-122.32625,102.034,47.226,0.0,-75,1.919,0.000,0.594
2014/08/18 15:09:49,1.51,37.94783,-122.32582,98.097,50.236,0.0,-75,2.422,0.500,0.230
2014/08/18 15:09:54,1.57,37.94686,-122.32537,94.488,51.680,0.0,-75,2.328,0.500,0.202
2014/08/18 15:09:59,1.57,37.94588,-122.32489,87.270,53.438,0.0,-79,1.850,0.000,0.879
2014/08/18 15:10:04,1.57,37.94488,-122.32440,81.365,52.965,0.0,-79,1.692,1.000,1.462
2014/08/18 15:10:09,1.49,37.94384,-122.32400,74.147,55.555,0.0,-79,1.669,1.542,1.831
2014/08/18 15:10:14,1.49,37.94267,-122.32388,74.803,58.213,0.0,-79,1.517,1.000,2.962
2014/08/18 15:10:19,1.49,37.94155,-122.32411,79.396,55.918,0.0,-79,0.975,1.042,0.947
2014/08/18 15:10:24,1.49,37.94049,-122.32461,85.630,57.160,0.0,-79,1.578,0.000,0.818
2014/08/18 15:10:29,1.49,37.93945,-122.32515,85.958,55.421,0.0,-77,1.211,1.500,1.547
2014/08/18 15:10:34,1.49,37.93840,-122.32568,88.255,55.581,0.0,-77,0.770,0.000,0.627
2014/08/18 15:10:39,1.49,37.93737,-122.32621,89.895,55.779,0.0,-77,0.000,1.000,0.987
2014/08/18 15:10:44,1.49,37.93632,-122.32672,89.895,55.798,0.0,-77,0.908,0.000,2.932
2014/08/18 15:10:49,1.49,37.93522,-122.32698,86.614,56.252,0.0,-77,0.483,0.000,0.722
2014/08/18 15:10:54,1.49,37.93408,-122.32686,82.021,57.338,0.0,-77,0.000,0.500,0.452
2014/08/18 15:10:59,1.53,37.93301,-122.32637,80.709,56.874,0.0,-51,0.000,1.000,0.405
2014/08/18 15:11:04,1.53,37.93201,-122.32567,81.693,56.910,0.0,-51,0.003,0.000,0.532
2014/08/18 15:11:09,1.59,37.93101,-122.32497,80.052,57.821,0.0,-51,0.789,1.625,2.215
2014/08/18 15:11:14,1.54,37.92996,-122.32425,70.210,60.131,0.0,-51,0.167,0.000,3.492
2014/08/18 15:11:19,1.54,37.92888,-122.32351,60.367,62.663,0.0,-51,0.892,0.500,0.503
2014/08/18 15:11:24,1.59,37.92775,-122.32275,55.118,64.029,0.0,-51,2.067,0.000,0.229
2014/08/18 15:11:29,1.53,37.92663,-122.32197,59.383,63.088,0.0,-51,1.105,1.042,0.291
2014/08/18 15:11:34,1.53,37.92556,-122.32121,64.633,60.407,0.0,-51,0.592,0.500,0.455
2014/08/18 15:11:39,1.53,37.92449,-122.32043,59.055,61.258,0.0,-51,0.477,0.000,1.463
2014/08/18 15:11:44,1.53,37.92340,-122.31961,47.572,65.038,0.0,-51,0.000,0.500,0.825
2014/08/18 15:11:49,2.16,37.92227,-122.31877,45.932,65.280,0.0,-51,0.374,1.042,1.187
2014/08/18 15:11:54,1.53,37.92109,-122.31809,54.790,62.525,0.0,-51,0.471,1.000,1.574
2014/08/18 15:11:59,1.53,37.91991,-122.31769,54.462,60.531,0.0,-51,0.729,0.000,1.081
2014/08/18 15:12:04,1.53,37.91870,-122.31757,48.885,60.259,0.0,-57,0.703,1.000,2.680
2014/08/18 15:12:09,1.53,37.91747,-122.31756,43.635,60.675,0.0,-57,0.000,0.542,4.066
2014/08/18 15:12:14,1.53,37.91624,-122.31756,40.682,61.752,0.0,-57,0.000,0.000,0.911
2014/08/18 15:12:19,1.53,37.91496,-122.31756,37.730,66.139,0.0,-57,0.000,1.500,2.954
2014/08/18 15:12:24,2.17,37.91362,-122.31755,34.121,65.614,0.0,-57,0.000,1.000,2.631
2014/08/18 15:12:29,1.94,37.91233,-122.31755,33.136,63.233,0.0,-57,0.000,1.000,2.543
2014/08/18 15:12:34,1.5,37.91106,-122.31744,32.480,63.627,0.0,-93,0.000,1.500,0.000
2014/08/18 15:12:39,1.53,37.90982,-122.31697,27.559,65.045,0.0,-93,0.000,0.000,4.277
2014/08/18 15:12:44,1.5,37.90865,-122.31623,13.780,66.046,0.0,-93,0.000,1.042,3.159
2014/08/18 15:12:49,1.53,37.90747,-122.31542,3.609,67.025,0.0,-93,0.000,1.500,2.623
2014/08/18 15:12:54,1.53,37.90629,-122.31461,8.202,67.478,0.0,-93,0.003,0.000,0.000
2014/08/18 15:12:59,1.53,37.90511,-122.31380,21.654,63.945,0.0,-93,0.239,1.000,6.146
2014/08/18 15:13:04,1.58,37.90397,-122.31302,26.247,65.464,0.0,-97,0.761,0.000,0.000
2014/08/18 15:13:09,1.52,37.90281,-122.31222,27.887,64.470,0.0,-97,0.152,1.083,6.634
2014/08/18 15:13:14,1.52,37.90171,-122.31146,28.543,61.911,0.0,-97,0.839,1.000,2.211
2014/08/18 15:13:19,1.52,37.90060,-122.31073,20.997,62.968,0.0,-97,1.647,1.500,1.361
2014/08/18 15:13:24,1.5,37.89945,-122.31005,7.874,63.049,0.0,-97,1.253,0.000,3.099
2014/08/18 15:13:29,1.5,37.89826,-122.30950,2.625,64.231,0.0,-97,0.003,1.000,2.506
2014/08/18 15:13:34,1.52,37.89704,-122.30901,10.499,62.189,0.0,-83,1.153,1.542,1.947
2014/08/18 15:13:39,1.52,37.89588,-122.30854,21.982,59.748,0.0,-83,0.519,0.000,0.965
2014/08/18 15:13:44,1.52,37.89473,-122.30807,33.793,59.216,0.0,-83,0.109,1.083,0.822
2014/08/18 15:13:49,1.49,37.89358,-122.30765,39.698,60.153,0.0,-83,0.122,0.000,0.951
2014/08/18 15:13:54,1.49,37.89235,-122.30756,41.667,63.023,0.0,-83,0.217,0.500,1.439
2014/08/18 15:13:59,1.49,37.89110,-122.30789,42.979,64.506,0.0,-83,0.133,0.000,1.038
2014/08/18 15:14:04,1.49,37.88986,-122.30849,41.339,67.218,0.0,-83,0.000,1.000,0.000
2014/08/18 15:14:09,1.49,37.88864,-122.30904,32.480,61.399,0.0,-95,0.000,0.542,1.476
2014/08/18 15:14:14,1.49,37.88743,-122.30928,30.512,60.418,0.0,-95,0.000,0.000,1.294
2014/08/18 15:14:19,1.49,37.88628,-122.30920,20.997,55.251,0.0,-95,0.006,1.000,0.226
2014/08/18 15:14:24,1.49,37.88515,-122.30896,8.202,58.616,0.0,-95,1.331,1.042,1.589
2014/08/18 15:14:29,1.49,37.88400,-122.30871,6.890,57.081,0.0,-95,2.258,0.000,0.850
2014/08/18 15:14:34,1.49,37.88293,-122.30847,8.858,49.429,0.0,-95,1.983,1.542,1.038
2014/08/18 15:14:39,1.49,37.88195,-122.30825,10.171,47.332,0.0,-65,2.103,1.000,0.299
2014/08/18 15:14:44,1.49,37.88114,-122.30806,11.483,34.497,0.0,-65,2.275,1.000,0.522
2014/08/18 15:14:49,1.49,37.88056,-122.30794,12.467,24.211,0.0,-65,1.197,0.000,0.446
2014/08/18 15:14:54,1.49,37.88012,-122.30784,13.451,20.472,0.0,-65,2.267,1.042,0.469
2014/08/18 15:14:59,1.97,37.87969,-122.30771,17.388,25.083,0.0,-65,1.660,1.000,0.315
2014/08/18 15:15:04,1.49,37.87907,-122.30757,23.294,34.958,0.0,-65,1.481,0.000,0.282
2014/08/18 15:15:09,1.49,37.87839,-122.30741,26.575,32.352,0.0,-53,1.458,0.000,2.485
2014/08/18 15:15:14,1.49,37.87790,-122.30728,26.575,22.682,0.0,-53,1.283,1.500,0.954
2014/08/18 15:15:19,1.49,37.87751,-122.30717,25.262,14.702,0.0,-53,1.550,1.042,1.153
2014/08/18 15:15:24,1.49,37.87717,-122.30706,22.310,19.518,0.0,-53,1.880,1.542,0.745
2014/08/18 15:15:29,1.49,37.87678,-122.30695,18.701,20.320,0.0,-53,2.353,0.000,1.107
2014/08/18 15:15:34,1.49,37.87635,-122.30682,14.108,23.768,0.0,-53,2.417,0.000,0.471
2014/08/18 15:15:39,1.49,37.87585,-122.30667,9.186,27.602,0.0,-67,3.014,0.000,0.236
2014/08/18 15:15:44,1.49,37.87529,-122.30650,8.202,30.134,0.0,-67,2.169,0.042,0.383
2014/08/18 15:15:49,1.49,37.87468,-122.30631,8.530,31.234,0.0,-67,0.975,0.833,0.597
2014/08/18 15:15:54,1.48,37.87410,-122.30613,8.858,28.399,0.0,-67,1.678,1.167,0.393
2014/08/18 15:15:59,1.48,37.87358,-122.30597,9.186,23.014,0.0,-67,2.583,0.958,0.238
2014/08/18 15:16:04,1.48,37.87330,-122.30588,9.186,8.356,0.0,-67,2.742,0.500,0.283
2014/08/18 15:16:09,1.48,37.87322,-122.30586,9.514,0.577,0.0,-67,2.747,1.083,0.397
2014/08/18 15:16:14,1.48,37.87322,-122.30585,9.514,1.773,0.0,-77,2.580,0.000,0.547
2014/08/18 15:16:19,1.48,37.87319,-122.30584,10.171,0.242,0.0,-77,2.339,1.000,0.336
2014/08/18 15:16:24,1.48,37.87312,-122.30582,10.499,4.811,0.0,-77,2.511,0.750,0.750
2014/08/18 15:16:29,1.98,37.87309,-122.30581,10.499,1.899,0.0,-77,2.569,1.042,0.362
2014/08/18 15:16:34,1.48,37.87292,-122.30576,10.499,15.066,0.0,-77,2.103,1.167,0.492
2014/08/18 15:16:39,1.48,37.87249,-122.30562,10.499,26.813,0.0,-77,2.342,0.833,1.081
2014/08/18 15:16:44,1.48,37.87191,-122.30544,11.155,31.451,0.0,-73,2.472,1.250,0.615
2014/08/18 15:16:49,1.48,37.87123,-122.30523,11.483,37.343,0.0,-73,2.350,0.833,0.317
2014/08/18 15:16:54,1.48,37.87050,-122.30501,11.811,36.847,0.0,-73,2.489,0.875,0.543
2014/08/18 15:16:59,1.48,37.86981,-122.30479,11.811,35.572,0.0,-73,2.417,1.333,1.101
2014/08/18 15:17:04,1.48,37.86913,-122.30458,11.811,33.397,0.0,-73,2.431,1.000,1.574
2014/08/18 15:17:09,1.48,37.86850,-122.30439,11.483,27.984,0.0,-73,2.481,0.000,2.323
2014/08/18 15:17:14,1.48,37.86809,-122.30426,11.155,19.198,0.0,-83,1.681,0.958,2.650
2014/08/18 15:17:19,1.48,37.86763,-122.30411,10.827,29.279,0.0,-83,0.822,1.458,1.062
2014/08/18 15:17:24,1.48,37.86699,-122.30390,10.499,32.812,0.0,-83,1.333,1.042,1.597
2014/08/18 15:17:29,1.48,37.86637,-122.30372,9.514,26.576,0.0,-83,0.936,0.000,1.403
2014/08/18 15:17:34,1.48,37.86590,-122.30357,11.811,23.783,0.0,-83,1.172,0.708,2.270
2014/08/18 15:17:39,1.48,37.86560,-122.30348,12.139,7.940,0.0,-83,1.803,1.042,1.679
2014/08/18 15:17:44,1.48,37.86544,-122.30343,13.123,10.166,0.0,-81,1.164,1.042,2.011
2014/08/18 15:17:49,1.48,37.86510,-122.30333,12.467,23.004,0.0,-81,0.808,1.042,1.875
2014/08/18 15:17:54,2.0,37.86467,-122.30321,12.467,16.380,0.0,-81,0.730,1.042,1.378
2014/08/18 15:17:59,2.0,37.86461,-122.30319,12.139,0.017,0.0,-81,0.586,1.042,0.702
2014/08/18 15:18:05,2.0,37.86461,-122.30319,11.811,0.024,0.0,-81,1.342,0.000,1.050
2014/08/18 15:18:10,2.0,37.86461,-122.30319,12.139,0.128,0.0,-81,1.259,0.708,1.410
2014/08/18 15:18:15,1.67,37.86450,-122.30316,12.467,11.133,0.0,-81,2.147,1.083,0.615
2014/08/18 15:18:20,1.5,37.86417,-122.30307,13.123,19.716,0.0,-83,1.267,1.042,1.114
2014/08/18 15:18:25,1.47,37.86390,-122.30300,12.139,6.201,0.0,-83,1.081,0.708,0.898
2014/08/18 15:18:30,1.47,37.86387,-122.30299,11.483,0.004,0.0,-83,1.555,0.000,0.474
2014/08/18 15:18:35,1.47,37.86387,-122.30299,12.139,2.095,0.0,-83,1.700,0.708,0.357
2014/08/18 15:18:40,1.47,37.86385,-122.30298,12.139,0.027,0.0,-83,2.008,0.667,0.540
2014/08/18 15:18:45,1.47,37.86385,-122.30298,11.483,1.699,0.0,-83,2.069,0.708,0.969
2014/08/18 15:18:50,1.47,37.86369,-122.30294,11.483,14.538,0.0,-83,1.922,0.000,0.537
2014/08/18 15:18:55,1.47,37.86332,-122.30283,11.155,21.772,0.0,-83,1.164,0.708,0.742
2014/08/18 15:19:00,1.47,37.86284,-122.30270,11.155,25.334,0.0,-83,0.692,0.000,1.594
2014/08/18 15:19:05,1.47,37.86231,-122.30254,10.171,28.365,0.0,-83,0.450,0.000,2.672
2014/08/18 15:19:10,1.47,37.86174,-122.30239,9.843,27.557,0.0,-83,0.286,0.333,0.775
2014/08/18 15:19:15,1.47,37.86119,-122.30224,9.514,29.936,0.0,-83,1.331,0.750,0.699
2014/08/18 15:19:20,1.47,37.86060,-122.30207,9.843,28.643,0.0,-83,1.828,0.000,0.000
2014/08/18 15:19:25,1.47,37.86011,-122.30194,10.171,18.727,0.0,-83,0.183,0.708,0.239
2014/08/18 15:19:30,1.47,37.85997,-122.30190,9.843,0.021,0.0,-83,1.814,0.000,0.434
2014/08/18 15:19:35,1.47,37.85997,-122.30190,9.186,0.020,0.0,-83,0.991,0.708,0.339
2014/08/18 15:19:40,1.47,37.85994,-122.30189,9.186,4.919,0.0,-83,0.897,0.000,0.685
2014/08/18 15:19:45,1.47,37.85971,-122.30182,9.186,17.138,0.0,-83,1.350,1.042,0.790
2014/08/18 15:19:50,1.47,37.85929,-122.30171,9.186,24.564,0.0,-79,1.300,1.042,1.277
2014/08/18 15:19:55,1.47,37.85873,-122.30155,9.186,31.234,0.0,-79,1.689,1.417,0.970
2014/08/18 15:20:00,1.47,37.85811,-122.30138,9.514,33.247,0.0,-79,1.778,1.042,0.636
2014/08/18 15:20:05,1.46,37.85760,-122.30124,9.514,17.405,0.0,-79,1.744,0.000,0.397
2014/08/18 15:20:10,1.46,37.85743,-122.30119,9.514,5.370,0.0,-79,1.167,0.000,2.078
2014/08/18 15:20:15,2.02,37.85732,-122.30116,9.843,4.474,0.0,-79,0.336,0.708,1.935
2014/08/18 15:20:20,1.46,37.85727,-122.30115,9.514,0.511,0.0,-91,0.434,0.333,1.276
2014/08/18 15:20:25,1.46,37.85727,-122.30115,9.514,1.811,0.0,-91,0.402,0.708,1.127
2014/08/18 15:20:30,1.46,37.85708,-122.30109,9.514,16.490,0.0,-91,0.117,0.000,2.910
2014/08/18 15:20:35,1.46,37.85667,-122.30098,9.514,22.521,0.0,-91,0.423,0.375,1.530
2014/08/18 15:20:40,1.46,37.85620,-122.30085,9.514,23.376,0.0,-91,0.186,0.000,3.610
2014/08/18 15:20:45,1.46,37.85594,-122.30078,9.514,5.164,0.0,-91,0.197,0.375,2.087
2014/08/18 15:20:50,1.46,37.85585,-122.30075,9.186,4.792,0.0,-91,0.375,0.000,0.000
2014/08/18 15:20:55,1.46,37.85578,-122.30073,9.186,5.859,0.0,-93,0.000,0.333,6.127
2014/08/18 15:21:00,1.46,37.85560,-122.30068,8.858,13.201,0.0,-93,0.000,0.000,0.941
2014/08/18 15:21:05,1.46,37.85527,-122.30059,9.514,18.506,0.0,-93,0.000,0.708,1.659
2014/08/18 15:21:10,1.46,37.85491,-122.30049,10.171,17.405,0.0,-93,0.000,1.083,0.000
2014/08/18 15:21:15,1.46,37.85457,-122.30039,11.155,16.958,0.0,-93,0.000,0.000,2.762
2014/08/18 15:21:20,1.46,37.85427,-122.30031,11.155,11.396,0.0,-93,0.000,1.042,6.267
2014/08/18 15:21:25,1.46,37.85414,-122.30028,10.827,5.524,0.0,-95,0.000,0.708,0.000
2014/08/18 15:21:30,1.66,37.85395,-122.30022,11.483,13.029,0.0,-95,0.000,0.000,0.000
2014/08/18 15:21:35,1.46,37.85374,-122.30016,11.811,4.217,0.0,-95,0.000,0.000,0.000
2014/08/18 15:21:40,1.46,37.85372,-122.30016,11.811,0.027,0.0,-95,0.000,0.375,2.512
2014/08/18 15:21:45,1.46,37.85366,-122.30015,11.483,8.557,0.0,-95,0.000,0.000,0.000
2014/08/18 15:21:50,1.46,37.85339,-122.30007,12.139,17.967,0.0,-95,0.000,0.000,0.000
2014/08/18 15:21:55,1.46,37.85294,-122.29994,12.139,24.748,0.0,-87,0.000,0.000,0.000
2014/08/18 15:22:00,1.46,37.85258,-122.29985,11.811,8.724,0.0,-87,0.003,0.000,3.083
2014/08/18 15:22:05,1.45,37.85249,-122.29982,11.483,3.180,0.0,-87,0.000,0.000,0.265
2014/08/18 15:22:10,1.45,37.85239,-122.29980,12.795,5.914,0.0,-87,0.000,0.000,0.000
2014/08/18 15:22:15,1.45,37.85235,-122.29979,13.123,0.861,0.0,-87,0.003,0.042,0.370
2014/08/18 15:22:20,1.45,37.85234,-122.29978,12.795,1.704,0.0,-87,0.200,0.000,2.389
2014/08/18 15:22:25,1.45,37.85219,-122.29974,13.123,12.930,0.0,-87,0.181,0.125,1.115
2014/08/18 15:22:30,1.45,37.85186,-122.29966,13.780,17.596,0.0,-87,0.448,0.417,1.762
2014/08/18 15:22:35,1.45,37.85159,-122.29960,13.451,7.152,0.0,-87,0.354,0.542,0.249
2014/08/18 15:22:40,2.05,37.85137,-122.29954,13.123,14.686,0.0,-87,0.484,0.000,0.811
2014/08/18 15:22:45,2.05,37.85104,-122.29946,14.108,17.341,0.0,-87,0.261,0.375,1.169
2014/08/18 15:22:50,2.05,37.85070,-122.29938,14.436,16.697,0.0,-87,0.141,0.458,2.320
2014/08/18 15:22:55,2.05,37.85050,-122.29933,14.436,3.732,0.0,-87,0.194,0.417,1.043
2014/08/18 15:23:00,1.45,37.85046,-122.29932,13.780,0.060,0.0,-87,0.657,0.708,0.848
2014/08/18 15:23:05,2.21,37.85044,-122.29932,14.764,3.056,0.0,-87,1.420,1.000,0.618
2014/08/18 15:23:10,1.45,37.85033,-122.29929,14.108,6.377,0.0,-87,1.733,1.167,0.658
2014/08/18 15:23:15,2.06,37.85028,-122.29928,15.420,3.997,0.0,-87,1.300,0.833,1.191
2014/08/18 15:23:20,1.45,37.85010,-122.29924,14.436,12.856,0.0,-87,1.108,1.167,1.186
2014/08/18 15:23:25,2.06,37.84981,-122.29917,13.451,14.353,0.0,-87,1.422,0.000,1.622
2014/08/18 15:23:30,2.06,37.84958,-122.29912,12.795,11.529,0.0,-89,0.528,1.792,2.186
2014/08/18 15:23:35,2.06,37.84925,-122.29904,12.139,18.465,0.0,-89,0.000,0.000,4.717
2014/08/18 15:23:40,1.45,37.84883,-122.29894,10.499,23.287,0.0,-89,0.208,0.375,3.341
2014/08/18 15:23:45,2.06,37.84843,-122.29885,13.451,16.932,0.0,-89,0.197,0.000,0.000
2014/08/18 15:23:50,1.45,37.84829,-122.29881,13.123,0.014,0.0,-89,0.000,0.000,6.902
2014/08/18 15:23:55,2.06,37.84828,-122.29881,15.748,2.276,0.0,-89,0.000,0.417,0.358
2014/08/18 15:24:00,2.06,37.84812,-122.29877,15.748,11.328,0.0,-89,0.000,1.458,1.102
2014/08/18 15:24:05,2.06,37.84795,-122.29874,16.732,6.541,0.0,-89,0.000,0.000,3.743
2014/08/18 15:24:10,2.06,37.84777,-122.29869,15.748,8.674,0.0,-89,0.000,0.750,0.000
2014/08/18 15:24:15,2.06,37.84769,-122.29868,16.732,3.404,0.0,-89,0.000,0.000,8.030
2014/08/18 15:24:20,2.07,37.84753,-122.29864,17.388,12.779,0.0,-89,0.000,0.708,0.000
2014/08/18 15:24:25,2.07,37.84724,-122.29858,18.045,16.580,0.0,-89,0.000,1.250,3.694
2014/08/18 15:24:30,1.44,37.84692,-122.29850,18.701,15.089,0.0,-89,0.003,1.417,2.075
2014/08/18 15:24:35,1.44,37.84667,-122.29844,14.764,8.606,0.0,-89,0.300,0.958,5.174
2014/08/18 15:24:40,1.44,37.84649,-122.29840,14.764,10.333,0.0,-89,0.228,0.500,0.000
2014/08/18 15:24:45,1.44,37.84624,-122.29834,14.436,13.278,0.0,-89,0.775,0.000,2.742
2014/08/18 15:24:50,1.44,37.84598,-122.29828,15.092,12.117,0.0,-89,0.844,1.000,3.405
2014/08/18 15:24:55,1.44,37.84576,-122.29823,16.076,12.160,0.0,-89,0.850,0.000,2.346
2014/08/18 15:25:00,1.44,37.84550,-122.29817,16.732,13.914,0.0,-89,0.000,0.000,0.000
2014/08/18 15:25:05,1.44,37.84519,-122.29811,19.685,16.700,0.0,-83,0.256,0.000,0.000
2014/08/18 15:25:10,1.44,37.84501,-122.29807,20.013,6.433,0.0,-83,0.331,0.000,0.000
2014/08/18 15:25:15,2.07,37.84486,-122.29804,19.029,6.329,0.0,-83,1.583,0.000,3.826
2014/08/18 15:25:20,2.07,37.84472,-122.29801,19.685,9.783,0.0,-83,1.878,0.000,0.805
2014/08/18 15:25:25,1.44,37.84442,-122.29795,19.685,19.282,0.0,-83,1.289,0.000,0.858
2014/08/18 15:25:30,1.44,37.84398,-122.29786,19.029,19.458,0.0,-83,0.003,0.042,0.517
2014/08/18 15:25:35,2.08,37.84380,-122.29782,18.045,2.374,0.0,-81,0.506,0.375,0.914
2014/08/18 15:25:40,2.08,37.84369,-122.29780,18.701,9.855,0.0,-81,1.792,0.833,2.126
2014/08/18 15:25:45,2.08,37.84339,-122.29774,18.373,16.485,0.0,-81,0.764,0.000,1.758
2014/08/18 15:25:50,2.08,37.84308,-122.29767,18.373,15.567,0.0,-81,0.653,0.667,0.000
2014/08/18 15:25:55,1.44,37.84279,-122.29761,17.717,11.795,0.0,-81,0.436,0.250,0.618
2014/08/18 15:26:00,1.43,37.84264,-122.29758,17.388,7.149,0.0,-81,0.655,0.417,0.310
2014/08/18 15:26:05,1.43,37.84244,-122.29753,20.341,11.246,0.0,-73,1.725,0.875,0.447
2014/08/18 15:26:10,2.47,37.84209,-122.29746,26.247,19.556,0.0,-73,2.211,1.083,0.749
2014/08/18 15:26:15,2.08,37.84169,-122.29738,21.325,18.295,0.0,-73,1.022,1.000,1.309
2014/08/18 15:26:20,2.08,37.84134,-122.29732,18.045,16.156,0.0,-73,2.000,0.667,0.264
2014/08/18 15:26:25,2.26,37.84097,-122.29726,14.764,20.309,0.0,-73,2.172,1.125,0.703
2014/08/18 15:26:30,1.43,37.84059,-122.29720,13.123,17.251,0.0,-73,1.075,1.000,1.178
2014/08/18 15:26:35,1.43,37.84025,-122.29714,13.780,18.911,0.0,-67,1.519,1.000,1.109
2014/08/18 15:26:40,2.09,37.83983,-122.29706,17.060,22.284,0.0,-67,1.486,0.000,1.730
2014/08/18 15:26:45,2.09,37.83936,-122.29696,20.997,25.034,0.0,-67,1.453,1.500,2.569
2014/08/18 15:26:50,2.09,37.83905,-122.29690,22.310,3.030,0.0,-67,0.943,1.500,3.403
2014/08/18 15:26:55,1.43,37.83896,-122.29688,23.294,8.743,0.0,-67,0.627,1.167,0.609
2014/08/18 15:27:00,1.43,37.83867,-122.29682,26.247,19.366,0.0,-67,1.044,0.000,0.898
2014/08/18 15:27:05,1.43,37.83823,-122.29674,29.856,24.644,0.0,-67,0.800,1.417,1.889
2014/08/18 15:27:10,2.09,37.83777,-122.29663,30.840,18.371,0.0,-55,0.299,0.000,0.000
2014/08/18 15:27:15,1.43,37.83743,-122.29652,28.543,16.031,0.0,-55,0.801,0.458,6.716
2014/08/18 15:27:20,1.43,37.83713,-122.29641,24.606,15.135,0.0,-55,0.431,0.958,1.910
2014/08/18 15:27:25,1.43,37.83679,-122.29626,20.669,19.578,0.0,-55,0.406,0.917,1.830
2014/08/18 15:27:30,1.43,37.83638,-122.29608,14.764,23.544,0.0,-55,0.242,0.000,4.562
2014/08/18 15:27:35,2.16,37.83596,-122.29587,13.451,24.374,0.0,-55,0.295,0.917,2.558
2014/08/18 15:27:40,2.58,37.83558,-122.29567,35.433,22.146,0.0,-65,0.347,0.000,0.000
2014/08/18 15:27:45,2.15,37.83512,-122.29546,29.856,24.005,0.0,-65,0.683,0.958,2.950
2014/08/18 15:27:50,2.09,37.83463,-122.29524,23.294,25.239,0.0,-65,1.631,0.958,3.162
2014/08/18 15:27:55,2.1,37.83411,-122.29500,18.373,27.823,0.0,-65,1.897,0.958,1.470
2014/08/18 15:28:00,2.1,37.83359,-122.29475,12.795,25.828,0.0,-65,2.106,0.000,2.759
2014/08/18 15:28:05,2.51,37.83310,-122.29452,10.827,24.899,0.0,-65,2.575,0.958,1.336
2014/08/18 15:28:10,2.51,37.83260,-122.29428,10.171,26.818,0.0,-61,1.850,0.917,0.000
2014/08/18 15:28:15,2.1,37.83205,-122.29408,7.546,28.353,0.0,-61,1.239,0.458,2.329
2014/08/18 15:28:20,3.24,37.83144,-122.29391,9.186,32.715,0.0,-61,0.511,0.000,0.000
2014/08/18 15:28:25,2.1,37.83072,-122.29380,9.843,38.006,0.0,-61,0.138,0.000,0.000
2014/08/18 15:28:30,2.56,37.82992,-122.29385,15.748,40.202,0.0,-61,0.227,0.000,0.000
2014/08/18 15:28:35,2.1,37.82912,-122.29385,24.278,39.479,0.0,-61,1.152,0.000,5.097
2014/08/18 15:28:40,2.1,37.82835,-122.29359,27.887,40.341,0.0,-73,0.646,0.000,0.761
2014/08/18 15:28:45,2.1,37.82764,-122.29298,26.575,44.412,0.0,-73,0.478,0.000,0.477
2014/08/18 15:28:50,2.56,37.82698,-122.29214,26.575,49.650,0.0,-73,0.500,0.000,0.000
2014/08/18 15:28:55,1.42,37.82614,-122.29142,50.525,51.735,0.0,-73,0.000,0.000,0.000
2014/08/18 15:29:00,1.42,37.82513,-122.29115,63.976,51.707,0.0,-73,0.000,0.000,0.000
2014/08/18 15:29:05,2.1,37.82406,-122.29139,73.491,55.859,0.0,-73,0.000,0.000,1.914
2014/08/18 15:29:10,2.1,37.82298,-122.29197,75.787,60.455,0.0,-73,0.000,0.042,0.730
2014/08/18 15:29:15,2.1,37.82187,-122.29267,74.803,64.877,0.0,-83,0.000,0.708,1.362
2014/08/18 15:29:20,2.1,37.82074,-122.29356,68.898,66.875,0.0,-83,0.000,0.667,0.000
2014/08/18 15:29:25,2.11,37.81968,-122.29460,61.352,66.418,0.0,-83,0.000,0.000,3.435
2014/08/18 15:29:30,1.4,37.81870,-122.29576,51.837,67.667,0.0,-83,0.000,0.833,0.000
2014/08/18 15:29:35,1.4,37.81773,-122.29698,41.010,66.499,0.0,-83,0.000,0.000,0.000
2014/08/18 15:29:40,1.4,37.81678,-122.29815,31.824,66.271,0.0,-83,0.000,0.292,0.000
2014/08/18 15:29:45,1.4,37.81586,-122.29931,26.575,63.156,0.0,-69,0.006,1.542,0.414
2014/08/18 15:29:50,1.4,37.81495,-122.30045,20.669,64.905,0.0,-69,0.331,0.625,2.449
2014/08/18 15:29:55,1.4,37.81401,-122.30162,16.076,65.346,0.0,-69,1.122,0.000,0.252
2014/08/18 15:30:00,1.4,37.81307,-122.30277,13.451,65.589,0.0,-69,1.117,1.667,0.539
2014/08/18 15:30:05,1.39,37.81200,-122.30373,11.155,64.734,0.0,-69,1.010,1.250,0.000
2014/08/18 15:30:10,1.94,37.81083,-122.30440,11.483,63.133,0.0,-69,0.379,0.625,3.621
2014/08/18 15:30:15,1.94,37.80963,-122.30478,14.108,59.293,0.0,-71,0.563,0.625,2.295
2014/08/18 15:30:20,1.94,37.80844,-122.30487,13.780,59.412,0.0,-71,0.630,2.417,1.119
2014/08/18 15:30:25,1.41,37.80722,-122.30468,14.764,62.490,0.0,-71,0.443,0.000,0.000
2014/08/18 15:30:30,2.11,37.80603,-122.30421,15.748,62.132,0.0,-71,0.000,0.000,0.000
2014/08/18 15:30:35,2.11,37.80494,-122.30348,15.748,61.943,0.0,-71,0.000,0.000,0.000
2014/08/18 15:30:40,1.94,37.80393,-122.30251,13.451,62.078,0.0,-71,0.000,0.000,0.000
2014/08/18 15:30:45,1.94,37.80313,-122.30136,10.827,61.161,0.0,-77,0.000,1.458,0.271
2014/08/18 15:30:50,2.55,37.80250,-122.30000,8.202,63.653,0.0,-77,0.006,2.542,0.287
2014/08/18 15:30:55,1.41,37.80204,-122.29844,2.953,69.031,0.0,-77,1.653,2.167,0.358
2014/08/18 15:31:00,1.39,37.80178,-122.29678,8.858,65.078,0.0,-77,1.347,0.000,0.299
2014/08/18 15:31:05,1.41,37.80175,-122.29521,24.606,58.465,0.0,-77,1.719,0.750,0.210
2014/08/18 15:31:10,1.41,37.80184,-122.29375,30.512,56.024,0.0,-77,0.414,0.000,1.062
2014/08/18 15:31:15,1.95,37.80213,-122.29249,22.310,50.171,0.0,-77,0.000,0.000,0.000
2014/08/18 15:31:20,1.65,37.80260,-122.29165,14.764,29.206,0.0,-89,0.000,0.000,0.000
2014/08/18 15:31:25,1.45,37.80302,-122.29128,5.249,25.340,0.0,-89,0.000,0.000,2.312
2014/08/18 15:31:30,2.12,37.80334,-122.29092,-0.328,18.342,0.0,-89,0.000,0.375,0.261
2014/08/18 15:31:35,1.94,37.80328,-122.29047,2.297,18.516,0.0,-89,0.006,1.417,1.043
2014/08/18 15:31:41,2.56,37.80314,-122.28997,-0.328,19.767,0.0,-89,0.758,1.792,0.594
2014/08/18 15:31:46,2.15,37.80307,-122.28966,0.328,7.032,0.0,-89,1.006,1.458,0.465
2014/08/18 15:31:51,1.4,37.80305,-122.28960,-1.640,0.147,0.0,-89,0.845,2.167,0.563
2014/08/18 15:31:56,1.55,37.80305,-122.28957,-0.656,3.269,0.0,-89,0.852,2.542,0.798
2014/08/18 15:32:01,1.48,37.80302,-122.28939,2.297,10.381,0.0,-89,0.803,0.000,1.903
2014/08/18 15:32:06,1.54,37.80294,-122.28908,-5.577,11.688,0.0,-89,1.125,3.083,2.130
2014/08/18 15:32:11,2.05,37.80291,-122.28876,8.530,15.709,0.0,-89,0.958,1.750,2.870
2014/08/18 15:32:16,1.43,37.80274,-122.28830,-5.906,23.018,0.0,-89,0.787,1.750,3.138
2014/08/18 15:32:21,1.94,37.80259,-122.28784,-4.921,15.728,0.0,-77,0.849,2.542,0.000
2014/08/18 15:32:26,1.62,37.80248,-122.28740,1.312,20.192,0.0,-77,0.680,0.000,3.278
2014/08/18 15:32:31,1.62,37.80234,-122.28687,2.625,22.374,0.0,-77,0.924,2.667,3.754
2014/08/18 15:32:36,1.61,37.80216,-122.28627,2.297,29.292,0.0,-77,1.383,3.292,1.965
2014/08/18 15:32:41,1.61,37.80196,-122.28552,-1.640,32.639,0.0,-77,0.750,2.083,2.209
2014/08/18 15:32:46,1.64,37.80175,-122.28474,-2.625,31.041,0.0,-77,0.745,0.000,2.766
2014/08/18 15:32:51,1.64,37.80155,-122.28404,-4.593,27.474,0.0,-71,0.689,0.000,0.000
2014/08/18 15:32:56,1.66,37.80137,-122.28343,-2.297,24.351,0.0,-71,0.530,2.125,0.000
2014/08/18 15:33:01,1.99,37.80116,-122.28289,-1.640,20.719,0.0,-71,0.669,0.000,9.286
2014/08/18 15:33:06,1.64,37.80108,-122.28265,0.656,4.227,0.0,-71,0.552,0.000,4.430
2014/08/18 15:33:11,1.64,37.80109,-122.28263,3.609,0.039,0.0,-71,0.552,1.708,1.670
2014/08/18 15:33:16,1.64,37.80107,-122.28256,5.577,8.243,0.0,-71,0.311,0.000,0.000
2014/08/18 15:33:21,1.64,37.80094,-122.28221,4.265,19.835,0.0,-71,0.955,1.417,1.310
2014/08/18 15:33:26,2.79,37.80074,-122.28170,2.953,24.076,0.0,-57,0.514,1.042,1.909
2014/08/18 15:33:31,1.64,37.80053,-122.28114,2.297,24.669,0.0,-57,0.719,0.000,0.000
2014/08/18 15:33:36,1.64,37.80030,-122.28055,2.625,27.780,0.0,-57,0.000,0.000,0.000
2014/08/18 15:33:41,2.8,37.80004,-122.27990,3.609,27.927,0.0,-57,0.503,0.000,0.000
2014/08/18 15:33:46,2.8,37.79979,-122.27926,3.609,28.034,0.0,-57,0.149,0.000,0.000
2014/08/18 15:33:51,6.87,37.79955,-122.27863,4.265,29.332,0.0,-57,0.087,0.000,0.000
2014/08/18 15:33:56,3.47,37.79930,-122.27795,8.202,31.904,0.0,-73,0.133,0.000,0.000
2014/08/18 15:34:01,1.98,37.79918,-122.27700,19.685,33.941,0.0,-73,0.149,0.000,0.000
2014/08/18 15:34:06,1.63,37.79869,-122.27643,9.186,29.607,0.0,-73,0.410,2.083,7.893
2014/08/18 15:34:11,1.63,37.79843,-122.27582,11.155,23.609,0.0,-73,0.712,2.083,3.223
2014/08/18 15:34:16,1.63,37.79826,-122.27545,14.764,13.189,0.0,-73,0.949,1.042,2.738
2014/08/18 15:34:21,1.98,37.79820,-122.27532,11.811,0.090,0.0,-73,0.572,0.000,3.157
2014/08/18 15:34:26,2.82,37.79819,-122.27532,7.874,0.852,0.0,-75,0.870,2.875,0.000
2014/08/18 15:34:31,2.82,37.79820,-122.27532,9.186,0.035,0.0,-75,0.438,2.083,2.656
2014/08/18 15:34:36,2.82,37.79819,-122.27533,12.467,0.092,0.0,-75,0.492,0.000,1.895
2014/08/18 15:34:41,2.82,37.79820,-122.27532,14.436,0.079,0.0,-75,0.750,2.958,2.155
2014/08/18 15:34:46,3.02,37.79817,-122.27525,14.436,7.221,0.0,-75,1.425,2.333,2.083
2014/08/18 15:34:51,4.0,37.79798,-122.27525,17.717,13.582,0.0,-75,1.590,2.083,1.959
2014/08/18 15:34:56,2.58,37.79769,-122.27541,22.966,15.146,0.0,-75,0.946,2.125,2.545
2014/08/18 15:35:01,2.58,37.79752,-122.27547,27.559,5.705,0.0,-75,0.610,0.000,1.842
2014/08/18 15:35:06,2.83,37.79739,-122.27532,22.966,14.470,0.0,-75,0.537,2.583,1.482
2014/08/18 15:35:11,3.03,37.79722,-122.27488,24.606,21.666,0.0,-75,0.632,2.083,1.957
2014/08/18 15:35:16,2.58,37.79702,-122.27438,16.732,22.835,0.0,-75,0.666,1.042,3.511
2014/08/18 15:35:21,2.83,37.79681,-122.27385,13.123,24.173,0.0,-75,0.427,2.167,2.439
2014/08/18 15:35:26,2.83,37.79661,-122.27337,10.827,15.597,0.0,-75,0.525,0.000,2.155
2014/08/18 15:35:31,2.59,37.79657,-122.27326,10.499,2.277,0.0,-73,0.764,2.083,2.011
2014/08/18 15:35:36,2.84,37.79648,-122.27302,10.171,16.363,0.0,-73,0.856,2.083,2.110
2014/08/18 15:35:41,2.84,37.79630,-122.27257,8.530,21.611,0.0,-73,1.316,0.000,2.130
2014/08/18 15:35:46,2.84,37.79611,-122.27208,6.890,20.876,0.0,-73,0.904,0.000,1.042
2014/08/18 15:35:51,2.59,37.79591,-122.27159,5.249,22.997,0.0,-73,0.793,0.000,0.254
2014/08/18 15:35:56,2.84,37.79572,-122.27112,4.593,15.313,0.0,-73,0.805,0.042,0.198
2014/08/18 15:36:01,2.85,37.79564,-122.27092,2.625,5.649,0.0,-75,1.147,1.625,0.569
2014/08/18 15:36:06,2.85,37.79559,-122.27078,0.984,9.816,0.0,-75,1.255,1.833,0.453
2014/08/18 15:36:11,2.85,37.79544,-122.27049,-7.546,15.987,0.0,-75,0.476,0.000,0.230
2014/08/18 15:36:16,2.59,37.79526,-122.27011,-11.155,17.073,0.0,-75,0.828,1.833,0.411
2014/08/18 15:36:21,2.59,37.79515,-122.26978,-7.218,7.668,0.0,-75,0.693,1.708,0.434
2014/08/18 15:36:26,2.59,37.79512,-122.26966,-1.640,7.791,0.0,-75,0.357,1.250,1.615
2014/08/18 15:36:31,2.85,37.79502,-122.26939,0.656,13.908,0.0,-81,0.480,1.583,1.342
2014/08/18 15:36:36,2.86,37.79486,-122.26902,-1.969,18.743,0.0,-81,0.434,2.417,1.736
2014/08/18 15:36:41,2.86,37.79470,-122.26860,-2.953,17.519,0.0,-81,0.897,0.000,3.390
2014/08/18 15:36:46,2.59,37.79454,-122.26820,-2.625,18.924,0.0,-81,0.775,1.792,2.687
2014/08/18 15:36:51,2.59,37.79436,-122.26775,-1.312,20.102,0.0,-81,0.780,0.000,0.000
2014/08/18 15:36:56,2.59,37.79422,-122.26738,-3.281,7.398,0.0,-81,0.764,1.208,8.095
2014/08/18 15:37:01,3.21,37.79422,-122.26735,-0.656,0.036,0.0,-77,0.203,0.625,3.739
2014/08/18 15:37:06,3.21,37.79423,-122.26734,2.953,0.023,0.0,-77,1.022,0.000,1.739
2014/08/18 15:37:11,2.59,37.79421,-122.26726,4.593,7.488,0.0,-77,1.244,1.875,1.963
2014/08/18 15:37:16,3.51,37.79438,-122.26709,10.171,14.188,0.0,-77,1.038,1.833,2.288
2014/08/18 15:37:21,2.87,37.79466,-122.26690,15.748,13.845,0.0,-77,1.048,2.583,0.000
2014/08/18 15:37:26,2.87,37.79475,-122.26684,17.060,0.045,0.0,-77,1.253,2.292,2.179
2014/08/18 15:37:31,2.87,37.79476,-122.26684,19.685,0.019,0.0,-77,0.756,0.000,1.103
2014/08/18 15:37:36,2.87,37.79476,-122.26683,24.278,0.046,0.0,-63,1.001,2.167,1.095
2014/08/18 15:37:41,2.59,37.79476,-122.26683,26.903,0.093,0.0,-63,0.582,0.000,0.000
2014/08/18 15:37:46,2.87,37.79483,-122.26678,32.152,9.694,0.0,-63,0.470,2.208,6.710
2014/08/18 15:37:51,6.02,37.79509,-122.26660,47.244,15.312,0.0,-63,0.718,0.000,1.996
2014/08/18 15:37:56,2.59,37.79540,-122.26641,59.711,7.913,0.0,-63,1.220,2.167,2.710
2014/08/18 15:38:01,2.59,37.79540,-122.26643,49.541,0.054,0.0,-63,1.581,1.458,1.100
2014/08/18 15:38:06,2.13,37.79539,-122.26644,50.853,0.108,0.0,-51,0.787,2.625,1.297
2014/08/18 15:38:11,2.13,37.79538,-122.26645,52.165,0.097,0.0,-51,1.036,2.167,1.563
2014/08/18 15:38:16,2.13,37.79538,-122.26644,52.822,0.034,0.0,-51,0.594,0.000,2.473
2014/08/18 15:38:21,2.13,37.79538,-122.26644,54.134,0.042,0.0,-51,0.799,2.208,1.583
2014/08/18 15:38:26,2.13,37.79540,-122.26643,55.446,3.782,0.0,-51,1.400,2.167,2.838
2014/08/18 15:38:31,2.18,37.79553,-122.26649,49.213,10.766,0.0,-51,1.323,2.208,1.607
2014/08/18 15:38:36,2.13,37.79567,-122.26682,50.853,16.625,0.0,-61,1.566,1.458,2.854
2014/08/18 15:38:41,2.73,37.79584,-122.26723,52.165,16.745,0.0,-61,1.528,0.000,1.370
2014/08/18 15:38:46,2.68,37.79591,-122.26737,47.900,0.053,0.0,-61,0.582,2.208,0.502
2014/08/18 15:38:51,2.69,37.79591,-122.26737,46.260,0.123,0.0,-61,0.971,2.167,0.426
2014/08/18 15:38:56,2.69,37.79591,-122.26737,44.291,0.017,0.0,-61,0.000,2.208,0.387
2014/08/18 15:39:01,2.13,37.79591,-122.26737,40.354,0.055,0.0,-61,1.545,0.000,0.326
2014/08/18 15:39:06,3.51,37.79591,-122.26736,35.761,0.091,0.0,-69,1.286,2.167,0.490
2014/08/18 15:39:11,2.13,37.79591,-122.26736,32.152,0.061,0.0,-69,1.187,2.167,0.646
2014/08/18 15:39:16,2.13,37.79592,-122.26741,28.215,3.756,0.0,-69,1.332,2.208,1.378
2014/08/18 15:39:21,2.18,37.79590,-122.26751,30.184,5.393,0.0,-69,1.244,2.167,2.298
2014/08/18 15:39:26,2.58,37.79584,-122.26747,23.950,2.903,0.0,-69,1.352,1.458,2.726
2014/08/18 15:39:31,2.13,37.79584,-122.26746,26.575,0.981,0.0,-69,1.611,0.000,2.318
2014/08/18 15:39:36,2.41,37.79579,-122.26734,19.685,7.734,0.0,-69,0.550,2.167,1.503
2014/08/18 15:39:41,2.41,37.79570,-122.26712,15.748,11.312,0.0,-69,0.961,2.208,2.098
2014/08/18 15:39:46,2.41,37.79558,-122.26685,14.108,12.011,0.0,-69,1.165,2.167,0.911
2014/08/18 15:39:51,2.06,37.79546,-122.26670,16.076,6.376,0.0,-69,0.444,0.000,0.834
2014/08/18 15:39:56,3.24,37.79544,-122.26674,21.325,2.361,0.0,-69,0.864,2.208,1.114
2014/08/18 15:40:01,2.13,37.79544,-122.26676,25.262,0.676,0.0,-69,0.712,2.167,2.250
2014/08/18 15:40:06,2.18,37.79541,-122.26674,26.903,3.053,0.0,-69,0.633,2.167,1.862
2014/08/18 15:40:11,2.7,37.79541,-122.26674,23.950,1.324,0.0,-73,0.606,2.208,1.913
