Date-Time,DOP,Latitude,Longitude,Altitude (ft),Speed (mph),Heading (deg),mod1 SS (dBm),mod1 Down (Mbs),mod1 Up (Mbs),mod1 Ping (Sec)
2014/09/26 08:47:33,2.89,37.80259,-122.29936,-2.297,57.406,0.0,-95,1.853,1.375,0.298
2014/09/26 08:47:38,2.89,37.80259,-122.29936,-2.297,57.406,0.0,-95,1.983,0.000,0.208
2014/09/26 08:47:43,4.0,37.80331,-122.30101,23.622,60.264,0.0,-95,2.739,0.000,0.158
2014/09/26 08:47:48,5.48,37.80464,-122.30278,54.462,62.095,0.0,-69,3.117,0.042,0.172
2014/09/26 08:47:53,4.57,37.80596,-122.30380,37.402,60.594,0.0,-69,3.053,0.625,0.307
2014/09/26 08:47:58,4.57,37.80713,-122.30431,32.808,62.503,0.0,-69,2.778,0.917,0.519
2014/09/26 08:48:03,4.57,37.80713,-122.30431,32.808,62.503,0.0,-69,1.925,0.833,0.409
2014/09/26 08:48:08,2.88,37.80961,-122.30445,34.449,60.070,0.0,-69,0.863,0.750,0.361
2014/09/26 08:48:13,2.88,37.81078,-122.30408,20.341,59.681,0.0,-69,1.506,1.667,0.503
2014/09/26 08:48:18,2.88,37.81186,-122.30347,16.076,58.429,0.0,-75,2.197,1.750,0.530
2014/09/26 08:48:23,2.88,37.81282,-122.30263,21.325,57.733,0.0,-75,1.496,1.792,0.536
2014/09/26 08:48:28,2.88,37.81363,-122.30157,24.606,58.548,0.0,-75,1.718,1.750,0.390
2014/09/26 08:48:33,2.88,37.81440,-122.30042,28.871,59.771,0.0,-75,1.964,1.542,0.270
2014/09/26 08:48:38,2.92,37.81519,-122.29923,40.026,61.758,0.0,-75,1.914,1.667,0.345
2014/09/26 08:48:43,6.35,37.81598,-122.29797,54.462,64.855,0.0,-75,2.030,1.667,0.530
2014/09/26 08:48:48,2.56,37.81688,-122.29675,67.585,67.378,0.0,-93,0.591,0.917,0.410
2014/09/26 08:48:53,2.56,37.81791,-122.29565,62.992,67.469,0.0,-93,0.000,0.000,0.000
2014/09/26 08:48:58,2.56,37.81897,-122.29472,79.396,62.619,0.0,-93,0.000,0.125,6.005
2014/09/26 08:49:03,2.56,37.82003,-122.29386,94.488,63.801,0.0,-93,0.000,1.667,0.294
2014/09/26 08:49:08,2.56,37.82112,-122.29297,96.457,64.920,0.0,-93,0.006,1.792,0.330
2014/09/26 08:49:13,2.56,37.82225,-122.29214,99.738,63.927,0.0,-93,2.019,1.292,0.464
2014/09/26 08:49:18,2.56,37.82341,-122.29147,100.394,62.985,0.0,-93,0.997,0.000,1.683
2014/09/26 08:49:23,2.56,37.82456,-122.29091,98.425,60.506,0.0,-83,0.321,0.250,0.693
2014/09/26 08:49:28,2.56,37.82580,-122.29069,106.299,64.353,0.0,-83,1.118,0.000,0.306
2014/09/26 08:49:33,2.56,37.82705,-122.29110,125.000,64.539,0.0,-83,0.508,0.500,1.782
2014/09/26 08:49:38,2.56,37.82807,-122.29204,121.391,63.954,0.0,-83,0.114,0.125,4.142
2014/09/26 08:49:43,2.56,37.82907,-122.29293,101.706,61.515,0.0,-83,0.545,0.000,0.922
2014/09/26 08:49:48,2.56,37.83026,-122.29331,81.365,62.574,0.0,-83,0.551,0.333,0.790
2014/09/26 08:49:53,2.56,37.83149,-122.29351,68.241,60.812,0.0,-63,0.641,1.000,3.343
2014/09/26 08:49:58,2.56,37.83271,-122.29385,44.291,63.923,0.0,-63,0.417,0.667,0.828
2014/09/26 08:50:03,2.56,37.83391,-122.29453,22.638,66.136,0.0,-63,1.596,1.042,1.402
2014/09/26 08:50:08,2.56,37.83512,-122.29522,12.795,65.821,0.0,-63,2.061,0.000,0.957
2014/09/26 08:50:13,2.56,37.83635,-122.29585,24.278,65.896,0.0,-63,1.878,1.250,1.729
2014/09/26 08:50:18,2.55,37.83759,-122.29639,39.698,64.791,0.0,-63,1.650,0.875,1.286
2014/09/26 08:50:23,2.19,37.83884,-122.29668,48.228,62.706,0.0,-71,0.000,1.042,1.169
2014/09/26 08:50:28,2.18,37.84011,-122.29691,41.667,64.557,0.0,-71,0.925,0.625,2.922
2014/09/26 08:50:33,2.76,37.84140,-122.29715,34.449,64.448,0.0,-71,1.478,0.875,0.758
2014/09/26 08:50:39,2.11,37.84267,-122.29742,32.152,64.338,0.0,-71,1.833,1.042,0.526
2014/09/26 08:50:44,2.41,37.84394,-122.29771,36.745,63.933,0.0,-71,1.847,1.250,0.861
2014/09/26 08:50:49,2.11,37.84524,-122.29799,42.979,65.942,0.0,-71,1.997,0.000,0.158
2014/09/26 08:50:54,2.11,37.84655,-122.29828,35.105,65.917,0.0,-85,1.761,0.625,0.228
2014/09/26 08:50:59,2.1,37.84785,-122.29859,38.386,64.909,0.0,-85,2.966,0.792,2.178
2014/09/26 08:51:04,2.14,37.84911,-122.29888,37.402,61.664,0.0,-85,0.731,0.667,0.277
2014/09/26 08:51:09,2.41,37.85040,-122.29918,36.089,65.486,0.0,-85,1.867,0.000,0.779
2014/09/26 08:51:14,2.41,37.85170,-122.29950,34.449,65.340,0.0,-85,0.342,0.375,0.910
2014/09/26 08:51:19,2.4,37.85298,-122.29984,28.871,63.900,0.0,-85,0.202,0.208,3.240
2014/09/26 08:51:24,2.4,37.85424,-122.30019,24.278,64.189,0.0,-85,0.266,0.000,0.578
2014/09/26 08:51:29,2.1,37.85548,-122.30053,22.966,62.077,0.0,-95,0.159,0.250,3.880
2014/09/26 08:51:34,2.1,37.85669,-122.30087,24.606,61.376,0.0,-95,0.450,0.000,3.573
2014/09/26 08:51:39,2.09,37.85784,-122.30118,23.622,55.984,0.0,-95,0.212,0.208,1.158
2014/09/26 08:51:44,2.09,37.85889,-122.30145,26.903,51.150,0.0,-95,0.819,0.458,0.270
2014/09/26 08:51:49,2.09,37.85989,-122.30172,27.559,51.910,0.0,-95,1.825,0.833,0.368
2014/09/26 08:51:54,2.09,37.86089,-122.30199,20.013,49.455,0.0,-95,1.238,0.625,0.922
2014/09/26 08:51:59,2.09,37.86180,-122.30224,16.404,44.425,0.0,-83,0.870,0.000,0.655
2014/09/26 08:52:04,2.09,37.86274,-122.30251,13.451,50.473,0.0,-83,0.892,0.625,1.397
2014/09/26 08:52:09,2.09,37.86373,-122.30278,20.997,49.923,0.0,-83,0.322,0.625,1.720
2014/09/26 08:52:14,2.09,37.86475,-122.30304,25.919,53.745,0.0,-83,1.453,0.875,0.585
2014/09/26 08:52:19,2.08,37.86586,-122.30336,29.856,57.788,0.0,-83,1.244,0.833,0.514
2014/09/26 08:52:24,2.08,37.86695,-122.30369,27.231,55.010,0.0,-83,1.152,0.833,0.670
2014/09/26 08:52:29,2.08,37.86806,-122.30402,26.903,57.839,0.0,-83,0.910,0.000,0.802
2014/09/26 08:52:34,2.08,37.86918,-122.30437,25.262,57.903,0.0,-83,1.575,0.833,0.570
2014/09/26 08:52:39,2.08,37.87060,-122.30481,16.404,62.759,0.0,-83,2.339,1.042,0.262
2014/09/26 08:52:44,2.08,37.87181,-122.30519,13.451,61.917,0.0,-83,2.572,1.292,0.302
2014/09/26 08:52:49,2.08,37.87305,-122.30557,10.827,63.999,0.0,-83,2.594,0.833,0.224
2014/09/26 08:52:54,2.08,37.87428,-122.30595,10.499,62.244,0.0,-83,3.153,0.875,0.175
2014/09/26 08:52:59,2.07,37.87547,-122.30632,9.514,59.401,0.0,-75,2.500,0.625,0.469
2014/09/26 08:53:04,2.07,37.87659,-122.30668,19.029,56.568,0.0,-75,2.105,0.000,0.382
2014/09/26 08:53:09,2.07,37.87768,-122.30701,27.559,55.021,0.0,-75,2.231,0.792,1.574
2014/09/26 08:53:14,2.07,37.87875,-122.30730,30.840,54.185,0.0,-75,0.908,0.625,0.000
2014/09/26 08:53:19,2.07,37.87983,-122.30754,21.654,54.796,0.0,-75,0.841,0.000,7.139
2014/09/26 08:53:24,2.07,37.88091,-122.30778,20.341,54.575,0.0,-75,1.578,0.417,0.724
2014/09/26 08:53:29,2.03,37.88201,-122.30803,24.278,57.561,0.0,-59,1.816,1.042,0.751
2014/09/26 08:53:34,2.72,37.88320,-122.30831,28.215,61.077,0.0,-59,1.170,1.292,1.879
2014/09/26 08:53:39,2.72,37.88444,-122.30858,26.247,63.693,0.0,-59,1.717,0.833,1.582
2014/09/26 08:53:44,2.03,37.88569,-122.30875,48.228,61.157,0.0,-59,2.058,1.042,1.454
2014/09/26 08:53:49,2.03,37.88689,-122.30884,60.367,59.163,0.0,-59,0.000,0.000,0.425
2014/09/26 08:53:54,2.03,37.88804,-122.30865,64.633,56.513,0.0,-59,1.055,1.167,3.282
2014/09/26 08:53:59,2.03,37.88916,-122.30834,49.213,57.406,0.0,-59,0.277,0.333,1.746
2014/09/26 08:54:04,1.91,37.89031,-122.30814,45.604,58.941,0.0,-87,0.795,0.833,0.708
2014/09/26 08:54:09,2.02,37.89153,-122.30864,83.333,59.831,0.0,-87,1.767,1.208,0.898
2014/09/26 08:54:14,2.02,37.89274,-122.30894,79.396,61.970,0.0,-87,2.361,1.167,0.455
2014/09/26 08:54:19,2.02,37.89396,-122.30938,59.711,64.290,0.0,-87,2.558,0.000,0.570
2014/09/26 08:54:24,2.02,37.89517,-122.31003,50.853,65.267,0.0,-87,1.011,0.625,0.229
2014/09/26 08:54:29,2.02,37.89628,-122.31085,44.948,63.269,0.0,-87,3.105,0.875,0.224
2014/09/26 08:54:35,2.08,37.89731,-122.31169,47.900,60.282,0.0,-53,3.264,0.833,0.307
2014/09/26 08:54:40,2.02,37.89831,-122.31250,57.415,60.244,0.0,-53,2.825,0.000,0.385
2014/09/26 08:54:45,2.02,37.89934,-122.31333,62.992,61.480,0.0,-53,2.064,0.875,0.511
2014/09/26 08:54:50,2.02,37.90035,-122.31418,70.538,60.841,0.0,-53,0.750,0.292,0.940
2014/09/26 08:54:55,2.02,37.90138,-122.31501,61.680,60.892,0.0,-53,1.178,1.167,1.661
2014/09/26 08:55:00,2.01,37.90241,-122.31586,63.648,62.662,0.0,-53,1.936,0.917,1.730
2014/09/26 08:55:05,2.01,37.90345,-122.31672,70.866,60.234,0.0,-53,0.628,1.000,2.151
2014/09/26 08:55:10,2.01,37.90446,-122.31755,73.491,59.898,0.0,-53,1.469,1.083,1.594
2014/09/26 08:55:15,2.01,37.90548,-122.31839,77.428,61.310,0.0,-53,1.503,0.000,3.386
2014/09/26 08:55:20,2.08,37.90653,-122.31926,77.428,62.621,0.0,-53,0.502,0.958,0.478
2014/09/26 08:55:25,2.07,37.90758,-122.32013,79.396,63.220,0.0,-53,0.421,0.750,0.790
2014/09/26 08:55:30,2.07,37.90864,-122.32100,84.318,63.192,0.0,-53,0.663,0.000,0.962
2014/09/26 08:55:35,2.01,37.90970,-122.32188,82.677,62.663,0.0,-73,0.000,0.667,3.737
2014/09/26 08:55:40,2.07,37.91076,-122.32275,80.709,63.062,0.0,-73,0.000,1.000,1.291
2014/09/26 08:55:45,2.01,37.91184,-122.32358,66.601,61.143,0.0,-73,0.000,1.333,1.131
2014/09/26 08:55:50,2.02,37.91288,-122.32442,65.617,61.815,0.0,-73,0.000,1.083,1.455
2014/09/26 08:55:55,2.0,37.91392,-122.32530,62.336,62.048,0.0,-73,0.000,0.000,0.601
2014/09/26 08:56:00,2.0,37.91491,-122.32620,62.336,59.626,0.0,-73,0.000,1.125,1.202
2014/09/26 08:56:05,2.0,37.91586,-122.32714,58.399,59.425,0.0,-73,0.006,1.292,3.563
2014/09/26 08:56:10,2.0,37.91679,-122.32814,54.790,60.494,0.0,-75,0.503,0.667,1.824
2014/09/26 08:56:15,2.0,37.91767,-122.32919,54.134,59.588,0.0,-75,0.697,0.708,2.111
2014/09/26 08:56:20,2.0,37.91850,-122.33027,51.509,58.830,0.0,-75,0.861,0.000,0.000
2014/09/26 08:56:25,2.0,37.91929,-122.33138,41.667,59.660,0.0,-75,0.083,0.708,4.229
2014/09/26 08:56:30,2.02,37.92005,-122.33256,37.073,59.751,0.0,-75,0.423,0.333,0.823
2014/09/26 08:56:35,1.99,37.92067,-122.33388,35.105,60.838,0.0,-75,0.333,0.000,1.310
2014/09/26 08:56:40,1.99,37.92115,-122.33529,21.982,58.266,0.0,-87,0.244,0.333,2.506
2014/09/26 08:56:45,1.99,37.92149,-122.33697,26.575,57.809,0.0,-87,0.133,0.333,4.474
2014/09/26 08:56:50,1.99,37.92161,-122.33844,24.934,57.854,0.0,-87,1.139,0.000,0.230
2014/09/26 08:56:55,1.99,37.92168,-122.33989,18.045,56.521,0.0,-87,1.283,0.333,0.215
2014/09/26 08:57:00,1.99,37.92175,-122.34132,11.155,55.808,0.0,-87,1.631,1.000,0.409
2014/09/26 08:57:05,1.99,37.92180,-122.34274,18.701,55.770,0.0,-87,1.183,0.625,0.415
2014/09/26 08:57:10,1.99,37.92185,-122.34414,20.341,53.445,0.0,-79,0.889,0.667,0.469
2014/09/26 08:57:15,2.68,37.92191,-122.34549,20.341,53.273,0.0,-79,0.919,0.000,3.913
2014/09/26 08:57:20,2.18,37.92195,-122.34686,20.013,54.784,0.0,-79,0.848,0.333,1.045
2014/09/26 08:57:25,3.48,37.92195,-122.34829,22.310,56.933,0.0,-79,1.017,0.667,0.921
2014/09/26 08:57:30,1.98,37.92193,-122.34970,20.669,56.035,0.0,-79,1.480,1.542,1.146
2014/09/26 08:57:35,1.98,37.92190,-122.35113,14.108,57.576,0.0,-79,1.564,1.000,2.018
2014/09/26 08:57:40,1.98,37.92186,-122.35260,10.827,59.422,0.0,-57,1.761,1.000,1.837
2014/09/26 08:57:45,2.18,37.92188,-122.35413,8.530,60.092,0.0,-57,0.495,0.667,0.694
2014/09/26 08:57:50,1.98,37.92205,-122.35564,4.921,60.164,0.0,-57,1.544,0.958,0.739
2014/09/26 08:57:55,1.97,37.92238,-122.35709,8.530,58.954,0.0,-57,1.261,0.000,0.456
2014/09/26 08:58:00,1.97,37.92284,-122.35842,-0.328,57.391,0.0,-57,1.256,0.000,0.600
2014/09/26 08:58:05,1.97,37.92345,-122.35968,4.265,56.989,0.0,-57,0.405,0.000,0.966
2014/09/26 08:58:10,2.28,37.92413,-122.36077,5.906,51.959,0.0,-99,0.684,0.000,1.053
2014/09/26 08:58:15,1.97,37.92477,-122.36178,10.827,49.559,0.0,-99,0.222,0.000,3.762
2014/09/26 08:58:20,2.67,37.92539,-122.36279,11.155,51.423,0.0,-99,0.114,0.000,0.000
2014/09/26 08:58:25,1.97,37.92599,-122.36392,24.606,53.614,0.0,-99,0.069,0.000,0.000
2014/09/26 08:58:30,1.97,37.92648,-122.36510,34.449,52.495,0.0,-99,0.000,0.000,0.000
2014/09/26 08:58:35,1.97,37.92686,-122.36638,32.808,55.699,0.0,-99,0.000,0.042,0.215
2014/09/26 08:58:40,1.96,37.92714,-122.36781,45.604,61.631,0.0,-99,0.000,0.000,0.000
2014/09/26 08:58:45,1.96,37.92727,-122.36944,48.885,65.845,0.0,-85,0.000,0.417,4.779
2014/09/26 08:58:50,1.96,37.92729,-122.37112,46.916,67.002,0.0,-85,0.000,0.417,1.260
2014/09/26 08:58:55,1.96,37.92728,-122.37285,52.165,68.425,0.0,-85,0.000,0.667,2.030
2014/09/26 08:59:00,1.55,37.92730,-122.37456,39.698,66.227,0.0,-85,0.006,1.125,0.691
2014/09/26 08:59:05,1.55,37.92731,-122.37619,35.433,61.498,0.0,-85,1.339,0.792,0.757
2014/09/26 08:59:10,1.69,37.92736,-122.37764,36.745,53.979,0.0,-85,0.006,1.000,0.321
2014/09/26 08:59:15,1.55,37.92746,-122.37893,36.745,48.044,0.0,-63,0.302,1.250,0.300
2014/09/26 08:59:20,1.55,37.92766,-122.38010,31.168,49.004,0.0,-63,0.587,0.458,2.348
2014/09/26 08:59:25,1.55,37.92798,-122.38132,33.793,50.690,0.0,-63,0.198,0.000,2.602
2014/09/26 08:59:30,1.55,37.92829,-122.38242,37.073,42.317,0.0,-63,0.042,0.250,2.275
2014/09/26 08:59:35,1.55,37.92860,-122.38329,31.824,34.194,0.0,-63,0.072,0.250,2.306
2014/09/26 08:59:40,1.58,37.92897,-122.38393,24.278,30.236,0.0,-63,0.527,0.542,0.979
2014/09/26 08:59:45,1.55,37.92957,-122.38419,15.420,32.040,0.0,-69,0.998,0.875,0.482
2014/09/26 08:59:50,1.54,37.93004,-122.38455,14.108,22.376,0.0,-69,1.436,0.875,0.498
2014/09/26 08:59:55,1.54,37.93036,-122.38461,18.373,19.136,0.0,-69,2.044,0.792,0.868
2014/09/26 09:00:00,1.54,37.93072,-122.38411,23.622,32.285,0.0,-69,2.717,0.833,0.931
2014/09/26 09:00:05,1.54,37.93125,-122.38345,24.278,39.825,0.0,-69,2.078,1.042,0.670
2014/09/26 09:00:10,2.39,37.93194,-122.38282,29.856,43.294,0.0,-69,2.164,1.000,0.998
2014/09/26 09:00:15,1.54,37.93266,-122.38220,29.199,43.606,0.0,-71,2.331,0.875,1.040
2014/09/26 09:00:20,1.54,37.93337,-122.38157,32.152,41.658,0.0,-71,1.003,0.833,0.253
2014/09/26 09:00:25,1.54,37.93403,-122.38097,32.480,41.988,0.0,-71,0.872,0.958,0.563
2014/09/26 09:00:30,1.54,37.93479,-122.38035,31.824,46.510,0.0,-71,2.033,0.750,0.277
2014/09/26 09:00:35,1.54,37.93560,-122.37973,36.089,47.454,0.0,-71,2.228,0.000,0.183
2014/09/26 09:00:40,1.54,37.93644,-122.37915,43.963,47.537,0.0,-71,1.525,0.792,0.657
2014/09/26 09:00:45,1.54,37.93729,-122.37860,46.916,46.212,0.0,-71,0.236,0.417,2.245
2014/09/26 09:00:50,1.54,37.93809,-122.37805,44.948,46.234,0.0,-81,0.154,0.000,0.593
2014/09/26 09:00:55,1.53,37.93894,-122.37749,33.136,47.971,0.0,-81,0.128,0.250,2.491
2014/09/26 09:01:00,1.53,37.93978,-122.37692,29.528,46.544,0.0,-81,0.319,0.250,0.000
2014/09/26 09:01:05,1.53,37.94060,-122.37635,30.512,47.118,0.0,-81,0.900,0.625,0.000
2014/09/26 09:01:10,1.57,37.94140,-122.37577,30.840,45.094,0.0,-81,1.603,1.042,1.433
2014/09/26 09:01:15,1.53,37.94220,-122.37518,31.168,46.820,0.0,-81,2.106,1.375,0.198
2014/09/26 09:01:20,1.53,37.94305,-122.37458,34.121,50.561,0.0,-79,2.453,0.000,0.362
2014/09/26 09:01:25,1.53,37.94396,-122.37393,33.465,52.511,0.0,-79,2.078,0.917,0.650
2014/09/26 09:01:30,1.53,37.94483,-122.37332,34.449,46.489,0.0,-79,1.039,0.917,1.078
2014/09/26 09:01:35,1.53,37.94561,-122.37276,35.761,42.876,0.0,-79,1.236,1.417,2.026
2014/09/26 09:01:40,1.53,37.94627,-122.37228,34.777,31.675,0.0,-79,1.102,0.000,1.066
2014/09/26 09:01:45,1.53,37.94675,-122.37191,33.465,31.071,0.0,-79,0.782,0.958,3.778
2014/09/26 09:01:50,1.53,37.94732,-122.37128,33.793,41.275,0.0,-77,0.478,0.833,0.919
2014/09/26 09:01:55,1.53,37.94792,-122.37049,32.480,45.444,0.0,-77,0.789,0.542,1.073
2014/09/26 09:02:00,1.67,37.94865,-122.36989,33.465,42.503,0.0,-77,1.122,1.000,0.471
2014/09/26 09:02:05,1.52,37.94951,-122.36986,35.105,44.378,0.0,-77,2.303,1.250,0.370
2014/09/26 09:02:10,1.52,37.95024,-122.37044,31.496,43.888,0.0,-77,2.072,0.000,0.830
2014/09/26 09:02:15,1.52,37.95075,-122.37142,35.433,47.046,0.0,-77,1.750,1.292,0.571
2014/09/26 09:02:20,1.52,37.95140,-122.37231,26.247,49.710,0.0,-73,1.267,0.958,0.759
2014/09/26 09:02:26,1.52,37.95221,-122.37295,23.622,45.631,0.0,-73,0.954,0.000,1.499
2014/09/26 09:02:31,1.52,37.95302,-122.37332,19.685,40.337,0.0,-73,0.850,1.292,3.110
2014/09/26 09:02:36,1.52,37.95353,-122.37344,17.060,16.695,0.0,-73,0.747,1.000,1.684
2014/09/26 09:02:41,1.52,37.95377,-122.37348,14.764,9.648,0.0,-73,0.959,0.000,0.000
2014/09/26 09:02:46,1.52,37.95417,-122.37350,12.139,26.782,0.0,-73,0.542,1.500,1.243
2014/09/26 09:02:51,1.76,37.95478,-122.37350,17.060,31.686,0.0,-73,1.030,1.667,1.322
2014/09/26 09:02:56,1.52,37.95558,-122.37355,18.045,46.605,0.0,-91,0.594,0.000,0.885
2014/09/26 09:03:01,1.54,37.95658,-122.37356,20.997,51.368,0.0,-91,0.611,1.125,1.353
2014/09/26 09:03:06,1.51,37.95762,-122.37358,24.278,51.830,0.0,-91,0.267,0.375,3.546
2014/09/26 09:03:11,1.66,37.95869,-122.37359,26.575,54.817,0.0,-91,0.978,0.000,0.471
2014/09/26 09:03:16,1.66,37.95982,-122.37360,24.934,56.528,0.0,-91,1.075,0.458,0.546
2014/09/26 09:03:21,1.51,37.96090,-122.37361,23.294,50.740,0.0,-91,0.711,0.000,1.032
2014/09/26 09:03:26,1.51,37.96184,-122.37366,22.310,44.116,0.0,-99,0.428,0.000,0.000
2014/09/26 09:03:31,1.51,37.96257,-122.37367,21.654,28.238,0.0,-99,0.244,0.000,1.333
2014/09/26 09:03:36,1.66,37.96295,-122.37367,21.982,11.784,0.0,-99,0.203,0.000,0.625
2014/09/26 09:03:41,1.99,37.96304,-122.37367,21.654,0.737,0.0,-99,0.636,0.000,0.762
2014/09/26 09:03:46,1.66,37.96322,-122.37385,21.325,20.607,0.0,-99,0.242,0.375,5.057
2014/09/26 09:03:51,1.66,37.96321,-122.37456,14.108,32.606,0.0,-99,0.220,0.000,0.000
2014/09/26 09:03:56,1.66,37.96321,-122.37547,9.514,35.762,0.0,-91,0.141,0.000,0.193
2014/09/26 09:04:01,1.66,37.96322,-122.37614,4.593,16.779,0.0,-91,0.295,0.000,0.000
2014/09/26 09:04:06,1.66,37.96299,-122.37633,7.218,19.417,0.0,-91,0.380,0.375,1.021
2014/09/26 09:04:11,2.09,37.96247,-122.37633,14.436,29.051,0.0,-91,0.383,0.000,2.832
2014/09/26 09:04:16,1.65,37.96186,-122.37634,20.997,30.736,0.0,-91,0.419,0.000,0.473
2014/09/26 09:04:21,1.65,37.96128,-122.37633,29.856,27.270,0.0,-91,0.800,0.417,0.190
2014/09/26 09:04:26,1.72,37.96080,-122.37630,35.761,20.650,0.0,-93,0.636,0.750,0.839
2014/09/26 09:04:31,1.65,37.96044,-122.37627,33.465,13.329,0.0,-93,0.331,0.000,1.802
2014/09/26 09:04:36,1.65,37.96031,-122.37620,31.824,5.878,0.0,-93,0.000,0.000,3.837
2014/09/26 09:04:41,1.65,37.96037,-122.37616,30.840,3.437,0.0,-93,0.292,0.792,0.000
2014/09/26 09:04:46,1.65,37.96038,-122.37617,22.966,0.062,0.0,-93,0.253,0.375,0.631
2014/09/26 09:04:51,1.65,37.96037,-122.37618,18.373,0.028,0.0,-93,0.292,0.375,2.206
2014/09/26 09:04:56,1.65,37.96037,-122.37618,18.373,0.022,0.0,-93,0.238,0.375,2.274
2014/09/26 09:05:01,1.65,37.96037,-122.37619,19.685,0.154,0.0,-101,0.447,0.000,1.157
2014/09/26 09:05:06,1.65,37.96037,-122.37620,20.997,0.097,0.0,-101,1.076,0.792,1.162
2014/09/26 09:05:11,1.72,37.96037,-122.37620,26.247,0.470,0.0,-101,0.719,0.750,3.290
2014/09/26 09:05:16,1.65,37.96038,-122.37621,28.543,0.592,0.0,-101,0.586,0.000,2.790
2014/09/26 09:05:21,1.65,37.96042,-122.37624,42.651,2.204,0.0,-101,0.650,0.750,0.000
2014/09/26 09:05:26,1.64,37.96045,-122.37625,48.228,2.634,0.0,-101,0.806,0.000,4.588
2014/09/26 09:05:31,1.64,37.96080,-122.37631,47.572,27.467,0.0,-101,0.814,0.750,3.294
2014/09/26 09:05:36,1.64,37.96143,-122.37632,33.793,31.731,0.0,-101,0.567,1.042,0.811
2014/09/26 09:05:41,1.64,37.96210,-122.37630,27.231,35.182,0.0,-101,1.011,0.000,0.694
2014/09/26 09:05:46,1.64,37.96287,-122.37630,29.199,26.662,0.0,-101,0.539,0.792,2.853
2014/09/26 09:05:51,1.7,37.96316,-122.37617,23.950,15.632,0.0,-101,0.628,0.000,1.306
2014/09/26 09:05:56,1.64,37.96316,-122.37545,25.591,34.324,0.0,-101,0.494,0.750,2.310
2014/09/26 09:06:01,1.64,37.96317,-122.37459,27.887,32.012,0.0,-101,0.133,0.000,1.482
2014/09/26 09:06:06,1.64,37.96317,-122.37408,29.199,10.857,0.0,-101,0.392,0.417,0.570
2014/09/26 09:06:11,1.64,37.96317,-122.37402,31.496,0.218,0.0,-101,0.789,0.000,0.678
2014/09/26 09:06:16,1.64,37.96317,-122.37403,34.449,0.186,0.0,-101,1.366,1.125,0.438
2014/09/26 09:06:21,1.71,37.96318,-122.37403,37.402,0.151,0.0,-101,1.124,1.125,1.790
2014/09/26 09:06:26,1.96,37.96321,-122.37382,42.979,16.369,0.0,-101,0.527,0.750,1.821
2014/09/26 09:06:31,1.96,37.96362,-122.37366,30.184,28.967,0.0,-93,0.329,0.875,2.237
2014/09/26 09:06:36,1.96,37.96439,-122.37365,30.840,44.379,0.0,-93,0.293,0.000,0.000
2014/09/26 09:06:41,1.96,37.96537,-122.37364,32.480,49.343,0.0,-93,0.111,0.750,5.982
2014/09/26 09:06:46,1.95,37.96638,-122.37363,32.152,49.480,0.0,-93,0.105,0.375,2.662
2014/09/26 09:06:51,1.95,37.96733,-122.37362,30.512,44.855,0.0,-93,0.201,0.000,0.394
2014/09/26 09:06:56,1.95,37.96821,-122.37361,27.231,45.349,0.0,-93,0.436,1.167,0.257
2014/09/26 09:07:01,1.95,37.96913,-122.37334,21.325,48.657,0.0,-93,0.487,0.000,1.882
2014/09/26 09:07:06,1.95,37.96995,-122.37265,21.654,50.348,0.0,-93,0.432,0.375,2.518
2014/09/26 09:07:11,2.0,37.97071,-122.37176,18.373,52.455,0.0,-93,0.582,0.375,0.864
2014/09/26 09:07:16,1.95,37.97151,-122.37082,17.388,54.607,0.0,-93,1.142,0.875,0.730
2014/09/26 09:07:21,1.95,37.97231,-122.36988,18.045,53.870,0.0,-93,1.036,1.250,0.931
2014/09/26 09:07:26,1.95,37.97309,-122.36895,18.045,53.662,0.0,-93,0.758,0.750,0.441
2014/09/26 09:07:31,1.95,37.97378,-122.36793,18.373,51.969,0.0,-93,1.214,0.000,0.417
2014/09/26 09:07:36,1.94,37.97415,-122.36681,21.982,45.539,0.0,-85,1.736,1.125,0.159
2014/09/26 09:07:41,1.94,37.97424,-122.36591,24.606,24.271,0.0,-85,2.533,1.125,0.446
2014/09/26 09:07:46,2.83,37.97424,-122.36555,24.606,6.482,0.0,-85,2.225,0.750,0.346
2014/09/26 09:07:51,1.94,37.97424,-122.36552,24.278,0.134,0.0,-85,1.792,0.792,0.318
2014/09/26 09:07:56,2.82,37.97424,-122.36551,27.559,0.089,0.0,-85,2.114,0.000,0.219
2014/09/26 09:08:01,1.94,37.97423,-122.36531,37.402,20.139,0.0,-85,1.247,1.125,0.233
2014/09/26 09:08:06,1.94,37.97423,-122.36446,40.354,41.688,0.0,-73,1.325,0.792,0.394
2014/09/26 09:08:11,1.94,37.97425,-122.36327,48.228,48.850,0.0,-73,1.514,1.125,0.502
2014/09/26 09:08:16,1.94,37.97456,-122.36205,48.885,52.596,0.0,-73,1.583,0.000,0.690
2014/09/26 09:08:21,1.93,37.97517,-122.36096,45.932,52.782,0.0,-73,1.619,1.500,0.849
2014/09/26 09:08:26,1.93,37.97583,-122.35990,59.055,50.692,0.0,-73,2.214,1.083,0.954
2014/09/26 09:08:31,1.93,37.97644,-122.35889,75.787,50.634,0.0,-73,1.375,0.875,0.438
2014/09/26 09:08:36,1.93,37.97708,-122.35784,82.677,53.411,0.0,-79,1.628,0.375,0.168
2014/09/26 09:08:41,1.93,37.97775,-122.35674,84.974,55.573,0.0,-79,0.000,0.000,1.197
2014/09/26 09:08:46,1.93,37.97843,-122.35561,86.614,55.754,0.0,-79,1.744,0.792,0.182
2014/09/26 09:08:51,1.93,37.97911,-122.35449,86.614,55.747,0.0,-79,1.617,0.375,1.278
2014/09/26 09:08:56,1.93,37.97977,-122.35338,86.614,53.915,0.0,-79,0.722,0.792,1.097
2014/09/26 09:09:01,1.92,37.98043,-122.35230,89.239,53.092,0.0,-79,1.261,0.000,0.206
2014/09/26 09:09:06,1.92,37.98109,-122.35123,93.504,53.670,0.0,-79,1.542,0.792,0.351
2014/09/26 09:09:11,1.92,37.98166,-122.35010,104.331,51.958,0.0,-75,1.661,1.167,0.570
2014/09/26 09:09:16,1.92,37.98193,-122.34885,123.688,50.997,0.0,-75,1.795,0.750,2.355
2014/09/26 09:09:21,1.92,37.98195,-122.34755,142.717,51.027,0.0,-75,0.714,0.375,0.327
2014/09/26 09:09:27,1.92,37.98195,-122.34627,166.010,49.987,0.0,-75,1.223,0.000,0.270
2014/09/26 09:09:32,1.92,37.98204,-122.34501,183.727,49.665,0.0,-75,0.257,0.000,5.275
2014/09/26 09:09:37,2.15,37.98239,-122.34383,208.990,50.099,0.0,-75,0.271,0.375,0.224
2014/09/26 09:09:42,1.91,37.98298,-122.34283,225.394,49.558,0.0,-91,0.668,0.750,0.558
2014/09/26 09:09:47,1.91,37.98381,-122.34206,234.252,52.743,0.0,-91,0.556,0.792,2.122
2014/09/26 09:09:52,1.91,37.98474,-122.34138,228.346,53.040,0.0,-91,0.272,0.000,4.198
2014/09/26 09:09:57,2.14,37.98562,-122.34072,209.318,49.805,0.0,-91,0.080,0.417,2.338
2014/09/26 09:10:02,1.91,37.98636,-122.34017,193.570,35.116,0.0,-91,0.251,0.000,1.263
2014/09/26 09:10:07,1.91,37.98681,-122.33983,182.743,18.324,0.0,-91,0.699,0.750,1.265
2014/09/26 09:10:12,1.91,37.98693,-122.33974,177.493,1.376,0.0,-99,0.804,0.750,1.722
2014/09/26 09:10:17,1.91,37.98699,-122.33968,175.197,14.918,0.0,-99,0.672,0.792,2.719
2014/09/26 09:10:22,1.91,37.98750,-122.33930,166.667,38.325,0.0,-99,1.059,0.792,3.941
2014/09/26 09:10:27,1.9,37.98825,-122.33875,154.856,46.151,0.0,-99,0.714,0.000,0.000
2014/09/26 09:10:32,2.14,37.98908,-122.33815,140.420,48.184,0.0,-99,1.086,0.750,3.569
2014/09/26 09:10:37,2.14,37.98991,-122.33753,127.625,47.475,0.0,-99,1.414,1.208,2.902
2014/09/26 09:10:42,1.9,37.99064,-122.33679,124.672,45.491,0.0,-93,1.816,1.375,0.909
2014/09/26 09:10:47,1.9,37.99108,-122.33578,133.530,45.761,0.0,-93,1.064,0.000,1.459
2014/09/26 09:10:52,1.9,37.99119,-122.33462,147.638,46.468,0.0,-93,0.633,0.500,0.467
2014/09/26 09:10:57,1.9,37.99097,-122.33357,153.215,41.298,0.0,-93,0.914,0.000,0.548
2014/09/26 09:11:02,1.89,37.99065,-122.33260,158.465,41.000,0.0,-93,1.264,0.458,0.454
2014/09/26 09:11:07,1.89,37.99036,-122.33166,159.449,38.726,0.0,-93,1.186,0.875,0.414
2014/09/26 09:11:12,1.89,37.99012,-122.33088,156.496,24.992,0.0,-93,1.817,0.875,0.518
2014/09/26 09:11:17,1.89,37.99002,-122.33049,153.871,9.588,0.0,-85,1.722,0.000,0.549
2014/09/26 09:11:22,1.89,37.98998,-122.33016,158.793,19.235,0.0,-85,2.008,0.042,0.854
2014/09/26 09:11:27,1.89,37.98994,-122.32957,142.060,23.754,0.0,-85,1.989,0.583,0.482
2014/09/26 09:11:32,1.89,37.98995,-122.32895,151.575,27.200,0.0,-85,2.092,0.292,0.242
2014/09/26 09:11:37,1.89,37.99001,-122.32809,154.856,39.161,0.0,-85,2.078,0.625,0.786
2014/09/26 09:11:42,1.88,37.99024,-122.32702,137.139,47.523,0.0,-85,1.092,0.000,0.000
2014/09/26 09:11:47,1.88,37.99049,-122.32589,133.858,44.972,0.0,-97,0.508,0.625,0.798
2014/09/26 09:11:52,1.88,37.99031,-122.32480,135.499,41.808,0.0,-97,0.906,0.583,0.550
2014/09/26 09:11:57,1.99,37.98989,-122.32383,151.247,41.770,0.0,-97,1.403,0.000,1.627
2014/09/26 09:12:02,1.99,37.98952,-122.32310,169.619,27.004,0.0,-97,0.475,0.750,0.888
2014/09/26 09:12:07,1.99,37.98931,-122.32273,167.651,9.300,0.0,-97,1.564,0.292,0.769
2014/09/26 09:12:12,1.88,37.98923,-122.32262,164.370,8.025,0.0,-97,1.547,0.208,0.483
2014/09/26 09:12:17,1.99,37.98899,-122.32224,167.979,26.237,0.0,-97,1.436,0.000,0.768
2014/09/26 09:12:22,1.99,37.98862,-122.32160,179.462,34.646,0.0,-97,0.738,0.250,0.503
2014/09/26 09:12:27,2.15,37.98830,-122.32076,194.882,38.496,0.0,-97,1.614,0.250,0.163
2014/09/26 09:12:32,2.52,37.98794,-122.31985,212.270,40.594,0.0,-97,1.900,0.750,0.243
2014/09/26 09:12:37,2.14,37.98755,-122.31897,233.596,38.040,0.0,-97,2.478,0.750,0.262
2014/09/26 09:12:42,1.91,37.98726,-122.31821,259.843,29.847,0.0,-97,1.075,0.500,0.357
2014/09/26 09:12:47,1.91,37.98704,-122.31757,288.058,25.105,0.0,-99,0.295,0.125,1.271
2014/09/26 09:12:52,1.87,37.98686,-122.31695,298.885,30.226,0.0,-99,0.417,0.000,0.000
2014/09/26 09:12:57,1.86,37.98679,-122.31621,304.462,27.309,0.0,-99,0.539,0.250,5.521
2014/09/26 09:13:02,1.86,37.98677,-122.31550,307.743,28.726,0.0,-99,0.317,0.000,0.953
2014/09/26 09:13:07,1.86,37.98675,-122.31476,312.992,30.709,0.0,-99,0.258,0.417,3.955
2014/09/26 09:13:12,1.86,37.98673,-122.31402,310.367,26.325,0.0,-99,0.000,0.125,1.418
2014/09/26 09:13:17,1.86,37.98655,-122.31349,304.790,23.284,0.0,-99,0.289,0.500,0.290
2014/09/26 09:13:22,1.86,37.98604,-122.31353,279.856,29.000,0.0,-75,0.472,0.000,0.000
2014/09/26 09:13:27,1.86,37.98601,-122.31418,256.562,28.700,0.0,-75,0.000,0.000,0.000
2014/09/26 09:13:32,1.86,37.98657,-122.31426,257.546,34.976,0.0,-75,0.000,0.000,0.000
2014/09/26 09:13:37,1.85,37.98737,-122.31382,257.546,49.665,0.0,-75,0.000,0.000,0.000
2014/09/26 09:13:42,1.85,37.98825,-122.31315,250.984,50.373,0.0,-75,0.000,0.000,0.000
2014/09/26 09:13:47,1.85,37.98906,-122.31238,249.016,51.906,0.0,-75,0.000,0.000,0.000
2014/09/26 09:13:52,1.85,37.98987,-122.31143,238.189,58.735,0.0,-63,0.000,0.000,3.149
2014/09/26 09:13:57,1.85,37.99067,-122.31028,231.627,59.087,0.0,-63,0.000,0.000,2.650
2014/09/26 09:14:02,1.85,37.99136,-122.30906,229.003,59.705,0.0,-63,0.000,0.000,0.167
2014/09/26 09:14:07,1.85,37.99197,-122.30773,229.331,61.130,0.0,-63,0.077,0.000,0.194
2014/09/26 09:14:12,1.84,37.99247,-122.30630,224.081,61.982,0.0,-63,0.822,0.042,0.178
2014/09/26 09:14:17,1.84,37.99287,-122.30479,219.160,63.557,0.0,-63,1.353,0.375,1.034
2014/09/26 09:14:22,1.84,37.99314,-122.30321,211.942,63.575,0.0,-77,0.537,1.833,0.242
2014/09/26 09:14:27,2.64,37.99337,-122.30162,207.349,62.602,0.0,-77,1.345,1.500,0.305
2014/09/26 09:14:32,1.84,37.99359,-122.30003,197.507,62.810,0.0,-77,0.773,0.000,0.170
2014/09/26 09:14:37,1.84,37.99380,-122.29844,186.680,64.155,0.0,-77,1.235,1.292,0.530
2014/09/26 09:14:42,1.84,37.99402,-122.29685,168.307,63.005,0.0,-77,0.619,1.208,0.324
2014/09/26 09:14:47,1.84,37.99424,-122.29524,152.887,64.859,0.0,-77,0.742,1.042,0.161
2014/09/26 09:14:52,1.83,37.99447,-122.29362,138.451,64.842,0.0,-75,0.669,1.292,0.215
2014/09/26 09:14:57,1.83,37.99469,-122.29199,125.984,65.238,0.0,-75,0.934,1.958,0.295
2014/09/26 09:15:02,1.83,37.99499,-122.29038,114.173,65.114,0.0,-75,1.085,1.917,0.458
2014/09/26 09:15:07,1.83,37.99550,-122.28884,101.050,66.155,0.0,-75,0.000,0.250,3.374
2014/09/26 09:15:12,1.83,37.99620,-122.28739,96.457,68.388,0.0,-75,0.050,1.708,0.194
2014/09/26 09:15:17,1.83,37.99709,-122.28608,103.675,67.730,0.0,-75,0.984,1.958,1.381
2014/09/26 09:15:22,1.83,37.99811,-122.28500,114.501,65.898,0.0,-75,0.000,1.333,0.149
2014/09/26 09:15:27,1.82,37.99918,-122.28399,127.625,65.615,0.0,-71,1.972,0.000,0.174
2014/09/26 09:15:32,1.82,38.00022,-122.28302,140.420,63.897,0.0,-71,0.352,0.958,2.122
2014/09/26 09:15:37,1.82,38.00126,-122.28205,154.856,64.323,0.0,-71,0.373,0.250,0.299
2014/09/26 09:15:42,1.82,38.00229,-122.28110,165.026,61.354,0.0,-71,1.077,2.792,0.640
2014/09/26 09:15:47,1.82,38.00331,-122.28016,162.402,62.991,0.0,-71,0.181,0.333,0.201
2014/09/26 09:15:52,1.82,38.00435,-122.27920,152.559,65.006,0.0,-71,0.666,0.750,0.886
2014/09/26 09:15:57,1.82,38.00563,-122.27801,137.795,66.254,0.0,-91,0.556,1.625,0.363
2014/09/26 09:16:02,1.81,38.00667,-122.27703,124.016,63.050,0.0,-91,1.891,1.917,0.889
2014/09/26 09:16:07,1.81,38.00770,-122.27608,112.533,63.816,0.0,-91,2.380,1.417,0.170
2014/09/26 09:16:12,1.81,38.00874,-122.27512,103.675,63.569,0.0,-91,2.806,0.000,0.191
2014/09/26 09:16:17,1.81,38.00974,-122.27417,107.612,61.257,0.0,-91,3.297,0.833,0.189
2014/09/26 09:16:22,1.81,38.01072,-122.27326,112.205,60.173,0.0,-91,2.919,0.000,0.210
2014/09/26 09:16:27,1.81,38.01169,-122.27235,112.205,59.517,0.0,-57,2.600,0.542,0.250
2014/09/26 09:16:32,1.81,38.01270,-122.27141,105.971,64.881,0.0,-57,2.530,0.542,0.221
2014/09/26 09:16:37,1.8,38.01377,-122.27046,98.425,63.710,0.0,-57,2.953,0.833,0.197
2014/09/26 09:16:42,1.8,38.01478,-122.26954,104.331,61.831,0.0,-57,2.858,0.000,0.823
2014/09/26 09:16:47,1.8,38.01579,-122.26860,114.173,62.525,0.0,-57,0.828,0.250,0.173
2014/09/26 09:16:52,1.8,38.01679,-122.26765,123.031,62.388,0.0,-57,1.700,0.833,0.357
2014/09/26 09:16:57,1.8,38.01775,-122.26675,129.265,59.134,0.0,-65,1.897,1.042,0.170
2014/09/26 09:17:02,1.8,38.01875,-122.26582,127.297,63.797,0.0,-65,2.333,0.000,0.000
2014/09/26 09:17:07,1.8,38.01976,-122.26489,115.486,60.499,0.0,-65,1.244,0.875,0.000
2014/09/26 09:17:12,1.79,38.02073,-122.26399,103.346,61.202,0.0,-65,2.300,1.083,0.000
2014/09/26 09:17:17,1.79,38.02177,-122.26303,88.255,66.185,0.0,-65,3.006,1.625,0.650
2014/09/26 09:17:22,1.79,38.02285,-122.26203,84.318,64.916,0.0,-65,1.736,0.000,0.497
2014/09/26 09:17:27,1.79,38.02387,-122.26108,90.551,62.794,0.0,-65,1.022,0.583,0.278
2014/09/26 09:17:32,1.79,38.02488,-122.26015,102.690,61.996,0.0,-65,1.725,1.375,0.190
2014/09/26 09:17:37,1.7,38.02588,-122.25921,114.173,61.904,0.0,-65,2.025,1.625,0.370
2014/09/26 09:17:42,1.7,38.02689,-122.25827,127.953,62.474,0.0,-65,1.811,1.958,0.357
2014/09/26 09:17:47,1.7,38.02792,-122.25732,141.732,64.640,0.0,-65,2.284,1.958,0.557
2014/09/26 09:17:52,1.7,38.02899,-122.25631,154.199,67.580,0.0,-65,2.264,1.125,0.299
2014/09/26 09:17:57,1.78,38.03005,-122.25530,167.979,63.477,0.0,-65,2.278,0.000,0.250
2014/09/26 09:18:03,1.69,38.03106,-122.25434,181.430,63.506,0.0,-69,1.906,1.083,0.229
2014/09/26 09:18:08,1.69,38.03209,-122.25339,194.226,63.189,0.0,-69,1.839,1.333,0.196
2014/09/26 09:18:13,1.69,38.03312,-122.25243,199.147,63.600,0.0,-69,1.358,0.833,0.618
2014/09/26 09:18:18,1.69,38.03414,-122.25148,201.772,62.329,0.0,-69,0.055,0.250,3.222
2014/09/26 09:18:23,1.69,38.03515,-122.25054,206.037,62.596,0.0,-69,0.371,0.833,0.250
2014/09/26 09:18:28,1.69,38.03616,-122.24960,207.677,62.406,0.0,-69,0.940,0.000,0.502
2014/09/26 09:18:33,1.69,38.03717,-122.24866,209.646,62.153,0.0,-81,1.061,1.667,0.871
2014/09/26 09:18:38,1.68,38.03817,-122.24771,210.630,62.671,0.0,-81,0.904,1.125,0.991
2014/09/26 09:18:43,1.68,38.03908,-122.24660,213.255,62.847,0.0,-81,0.493,1.083,0.187
2014/09/26 09:18:48,1.68,38.03992,-122.24542,216.535,62.696,0.0,-81,0.519,1.125,0.000
2014/09/26 09:18:53,1.68,38.04076,-122.24423,220.144,62.158,0.0,-81,0.835,0.792,0.000
2014/09/26 09:18:58,1.68,38.04158,-122.24306,224.081,61.683,0.0,-81,0.487,0.542,0.395
2014/09/26 09:19:03,1.68,38.04241,-122.24189,227.362,61.632,0.0,-103,1.233,1.208,1.189
2014/09/26 09:19:08,1.68,38.04324,-122.24073,230.643,61.698,0.0,-103,1.889,1.417,0.442
2014/09/26 09:19:13,1.68,38.04406,-122.23956,234.252,61.087,0.0,-103,2.133,0.000,0.340
2014/09/26 09:19:18,1.67,38.04488,-122.23839,237.533,62.752,0.0,-103,1.942,1.125,0.394
2014/09/26 09:19:23,1.7,38.04572,-122.23719,242.454,62.401,0.0,-103,1.119,0.292,0.607
2014/09/26 09:19:28,1.67,38.04655,-122.23602,247.047,61.955,0.0,-103,1.581,0.833,0.323
2014/09/26 09:19:33,1.67,38.04738,-122.23485,249.672,61.101,0.0,-91,2.522,1.083,0.166
2014/09/26 09:19:38,1.67,38.04817,-122.23373,249.672,57.895,0.0,-91,2.458,0.000,0.175
2014/09/26 09:19:43,1.67,38.04898,-122.23262,238.517,61.799,0.0,-91,0.958,0.000,0.998
2014/09/26 09:19:48,1.67,38.04984,-122.23143,221.457,62.783,0.0,-91,2.167,0.875,0.246
2014/09/26 09:19:53,1.67,38.05068,-122.23022,204.068,63.825,0.0,-91,1.794,0.250,0.215
2014/09/26 09:19:58,1.66,38.05153,-122.22901,187.336,62.813,0.0,-91,1.925,0.583,0.244
2014/09/26 09:20:03,1.66,38.05239,-122.22779,177.493,64.399,0.0,-91,1.875,0.000,0.302
2014/09/26 09:20:08,1.66,38.05322,-122.22661,169.291,60.672,0.0,-83,1.658,0.542,0.197
2014/09/26 09:20:13,1.66,38.05409,-122.22552,161.745,60.978,0.0,-83,2.900,0.542,0.279
2014/09/26 09:20:18,1.66,38.05519,-122.22489,156.168,58.886,0.0,-83,2.164,0.000,0.398
2014/09/26 09:20:23,1.66,38.05629,-122.22480,153.215,52.264,0.0,-83,1.925,0.542,0.254
2014/09/26 09:20:28,1.74,38.05731,-122.22490,150.919,51.759,0.0,-83,2.303,0.000,0.250
2014/09/26 09:20:33,1.74,38.05840,-122.22501,150.591,55.282,0.0,-83,2.511,0.583,0.262
2014/09/26 09:20:38,1.65,38.05956,-122.22512,164.370,57.869,0.0,-71,1.836,0.250,0.721
2014/09/26 09:20:43,1.65,38.06071,-122.22521,181.759,56.894,0.0,-71,1.519,0.292,0.217
2014/09/26 09:20:48,1.73,38.06183,-122.22530,173.556,57.530,0.0,-71,0.861,0.250,0.473
2014/09/26 09:20:53,1.65,38.06299,-122.22540,176.837,59.386,0.0,-71,1.633,0.833,1.178
2014/09/26 09:20:58,1.73,38.06415,-122.22549,185.367,57.449,0.0,-71,2.097,1.333,1.053
2014/09/26 09:21:03,2.23,38.06528,-122.22558,181.430,53.599,0.0,-71,1.864,0.833,1.938
2014/09/26 09:21:08,2.22,38.06632,-122.22570,188.648,49.976,0.0,-53,2.064,1.083,0.471
2014/09/26 09:21:13,2.22,38.06733,-122.22594,186.680,50.244,0.0,-53,1.708,1.125,0.282
2014/09/26 09:21:18,2.22,38.06822,-122.22634,184.055,41.322,0.0,-53,0.745,0.542,0.210
2014/09/26 09:21:23,2.22,38.06884,-122.22666,171.588,26.169,0.0,-53,0.780,0.000,0.207
2014/09/26 09:21:28,2.21,38.06924,-122.22686,168.635,20.975,0.0,-53,1.699,1.083,0.410
2014/09/26 09:21:33,2.21,38.06986,-122.22717,163.386,42.824,0.0,-53,1.519,1.083,0.490
2014/09/26 09:21:38,2.21,38.07080,-122.22766,155.184,51.656,0.0,-59,1.917,1.125,0.457
2014/09/26 09:21:43,2.4,38.07173,-122.22837,140.748,53.551,0.0,-59,2.400,1.333,0.763
2014/09/26 09:21:48,2.4,38.07269,-122.22917,125.328,58.865,0.0,-59,0.000,0.875,0.497
2014/09/26 09:21:53,2.2,38.07376,-122.23001,113.189,64.606,0.0,-59,1.847,1.083,0.397
2014/09/26 09:21:58,2.39,38.07492,-122.23088,119.423,68.764,0.0,-59,1.511,1.375,0.549
2014/09/26 09:22:03,1.63,38.07614,-122.23172,126.640,68.810,0.0,-59,2.025,0.000,2.298
2014/09/26 09:22:08,1.63,38.07743,-122.23235,113.845,68.851,0.0,-59,1.630,0.833,1.150
2014/09/26 09:22:13,1.71,38.07874,-122.23282,95.144,69.691,0.0,-63,1.844,1.125,0.429
2014/09/26 09:22:18,1.63,38.08013,-122.23313,82.349,69.478,0.0,-63,1.772,0.292,1.942
2014/09/26 09:22:23,1.69,38.08150,-122.23329,80.381,68.296,0.0,-63,0.814,0.000,0.207
2014/09/26 09:22:28,1.63,38.08288,-122.23326,83.005,67.978,0.0,-63,2.192,0.542,0.617
2014/09/26 09:22:33,1.63,38.08419,-122.23308,78.084,63.458,0.0,-63,2.450,0.833,0.397
2014/09/26 09:22:38,1.63,38.08542,-122.23278,82.677,62.480,0.0,-63,2.797,0.000,0.299
2014/09/26 09:22:43,1.62,38.08660,-122.23236,75.459,59.340,0.0,-79,2.503,0.542,1.106
2014/09/26 09:22:48,1.62,38.08770,-122.23188,71.194,56.819,0.0,-79,1.092,0.250,0.254
2014/09/26 09:22:53,1.62,38.08872,-122.23138,69.226,52.216,0.0,-79,1.444,0.833,0.438
2014/09/26 09:22:58,2.17,38.08956,-122.23100,74.475,39.423,0.0,-79,1.825,0.000,0.441
2014/09/26 09:23:03,1.81,38.09009,-122.23048,68.241,32.479,0.0,-79,0.781,0.000,0.210
2014/09/26 09:23:08,1.81,38.09028,-122.22965,50.853,32.183,0.0,-79,1.444,0.000,0.554
2014/09/26 09:23:13,1.81,38.09075,-122.22912,40.026,30.274,0.0,-79,1.108,0.042,1.149
2014/09/26 09:23:18,1.86,38.09083,-122.22842,36.745,30.637,0.0,-79,0.705,0.500,2.609
2014/09/26 09:23:23,2.53,38.09067,-122.22745,25.919,44.535,0.0,-79,0.983,0.542,0.000
2014/09/26 09:23:28,2.16,38.09038,-122.22642,42.651,44.888,0.0,-79,0.614,0.250,4.570
2014/09/26 09:23:33,2.16,38.09005,-122.22525,58.399,52.734,0.0,-79,0.500,0.000,0.000
2014/09/26 09:23:38,2.16,38.08968,-122.22392,77.756,57.739,0.0,-79,0.344,0.125,7.776
2014/09/26 09:23:43,1.61,38.08928,-122.22249,94.488,60.437,0.0,-91,0.428,0.000,0.000
2014/09/26 09:23:48,1.61,38.08889,-122.22106,110.564,58.190,0.0,-91,0.300,0.208,0.000
2014/09/26 09:23:53,1.61,38.08848,-122.21968,133.858,58.450,0.0,-91,0.286,0.292,0.354
2014/09/26 09:23:58,1.68,38.08795,-122.21836,146.654,56.842,0.0,-91,1.147,0.000,0.259
2014/09/26 09:24:03,2.33,38.08739,-122.21712,170.604,54.357,0.0,-91,0.580,0.375,0.627
2014/09/26 09:24:08,1.68,38.08675,-122.21571,187.664,51.816,0.0,-91,1.198,0.500,1.314
2014/09/26 09:24:13,1.68,38.08635,-122.21450,206.693,51.814,0.0,-91,1.639,0.625,1.230
2014/09/26 09:24:18,1.68,38.08604,-122.21331,217.520,48.186,0.0,-79,1.911,0.875,1.518
2014/09/26 09:24:23,1.67,38.08581,-122.21220,220.801,42.472,0.0,-79,2.175,0.625,0.762
2014/09/26 09:24:28,1.67,38.08562,-122.21127,232.612,30.028,0.0,-79,2.408,0.750,0.529
2014/09/26 09:24:33,1.67,38.08555,-122.21093,240.486,5.072,0.0,-79,2.625,1.083,0.269
2014/09/26 09:24:38,1.67,38.08554,-122.21091,244.094,0.503,0.0,-79,0.875,0.500,0.702
2014/09/26 09:24:43,1.67,38.08554,-122.21092,246.063,0.584,0.0,-79,1.628,1.000,0.731
2014/09/26 09:24:48,1.67,38.08554,-122.21092,243.110,0.362,0.0,-63,2.370,1.208,0.665
2014/09/26 09:24:53,1.67,38.08554,-122.21093,242.782,0.190,0.0,-63,1.789,0.000,1.002
2014/09/26 09:24:58,1.67,38.08555,-122.21093,235.892,0.278,0.0,-63,2.136,0.875,0.370
2014/09/26 09:25:03,1.66,38.08551,-122.21075,233.268,13.768,0.0,-63,1.700,0.875,0.352
2014/09/26 09:25:08,1.66,38.08557,-122.21031,235.564,21.633,0.0,-63,0.634,0.875,0.582
2014/09/26 09:25:13,1.66,38.08603,-122.20996,233.596,29.992,0.0,-63,1.458,0.792,0.470
2014/09/26 09:25:18,1.66,38.08668,-122.20974,219.488,36.600,0.0,-53,2.067,0.958,0.423
2014/09/26 09:25:23,1.66,38.08744,-122.20957,202.756,40.234,0.0,-53,1.720,1.250,0.717
2014/09/26 09:25:28,1.66,38.08812,-122.20909,196.850,35.817,0.0,-53,2.050,0.875,1.351
2014/09/26 09:25:33,1.66,38.08866,-122.20869,192.585,26.155,0.0,-53,2.411,1.250,0.378
2014/09/26 09:25:38,2.28,38.08892,-122.20840,181.102,14.903,0.0,-53,2.675,0.542,0.283
2014/09/26 09:25:43,1.65,38.08874,-122.20794,161.745,26.490,0.0,-53,2.456,0.000,0.277
2014/09/26 09:25:48,1.83,38.08837,-122.20725,162.073,37.038,0.0,-77,1.528,0.375,1.010
2014/09/26 09:25:53,2.46,38.08791,-122.20639,154.856,43.133,0.0,-77,1.970,0.208,0.550
2014/09/26 09:25:58,1.83,38.08738,-122.20545,148.950,47.468,0.0,-77,2.839,0.917,0.561
2014/09/26 09:26:03,2.26,38.08684,-122.20446,136.155,45.397,0.0,-77,2.647,1.083,0.312
2014/09/26 09:26:08,2.26,38.08642,-122.20371,128.609,25.998,0.0,-77,2.650,0.917,0.438
2014/09/26 09:26:13,1.65,38.08624,-122.20340,121.719,8.081,0.0,-77,2.514,0.917,0.463
2014/09/26 09:26:18,1.64,38.08607,-122.20345,128.281,10.128,0.0,-77,1.461,1.125,0.439
2014/09/26 09:26:23,1.64,38.08586,-122.20328,129.921,15.196,0.0,-81,1.497,0.750,0.452
2014/09/26 09:26:28,1.64,38.08570,-122.20310,126.640,6.514,0.0,-81,0.717,0.542,0.461
2014/09/26 10:09:41,24.52,38.08370,-122.19408,34.777,8.395,0.0,-77,1.461,2.083,0.166
2014/09/26 10:09:46,24.1,38.08346,-122.19381,126.640,26.532,0.0,-77,0.905,1.750,0.161
2014/09/26 10:09:51,23.69,38.08294,-122.19359,218.832,34.428,0.0,-77,1.443,1.250,0.152
2014/09/26 10:09:56,23.3,38.08232,-122.19326,262.139,33.492,0.0,-77,0.705,0.667,0.156
2014/09/26 10:10:01,22.92,38.08194,-122.19280,336.614,23.507,0.0,-77,0.648,1.000,0.187
2014/09/26 10:10:06,22.56,38.08148,-122.19257,182.087,8.029,0.0,-67,1.050,1.333,0.170
2014/09/26 10:10:11,22.2,38.08131,-122.19243,140.748,9.739,0.0,-67,1.049,1.125,0.182
2014/09/26 10:10:16,21.86,38.08110,-122.19231,115.157,16.753,0.0,-67,1.104,1.000,0.190
2014/09/26 10:10:21,21.52,38.08079,-122.19258,149.278,26.052,0.0,-67,1.105,0.875,0.169
2014/09/26 10:10:26,21.2,38.08026,-122.19300,171.916,33.870,0.0,-67,0.648,0.958,0.172
2014/09/26 10:10:31,20.89,38.07961,-122.19343,167.651,35.101,0.0,-67,1.247,1.500,0.198
2014/09/26 10:10:36,20.58,38.07889,-122.19330,211.942,38.308,0.0,-69,0.787,1.500,0.201
2014/09/26 10:10:41,20.29,38.07832,-122.19256,192.913,43.006,0.0,-69,0.854,1.458,0.363
2014/09/26 10:10:46,20.29,38.07832,-122.19256,192.913,43.006,0.0,-69,1.560,1.042,0.162
2014/09/26 10:10:51,19.72,38.07754,-122.19051,203.412,42.869,0.0,-69,1.469,1.542,0.225
2014/09/26 10:10:56,19.45,38.07680,-122.18977,275.262,49.660,0.0,-69,0.779,1.417,0.501
2014/09/26 10:11:01,19.18,38.07590,-122.18899,312.008,55.782,0.0,-69,0.771,1.042,0.341
2014/09/26 10:11:06,18.92,38.07486,-122.18816,315.617,60.368,0.0,-69,0.788,1.208,0.469
2014/09/26 10:11:11,18.67,38.07381,-122.18728,342.192,63.461,0.0,-81,0.895,1.125,0.387
2014/09/26 10:11:16,18.62,38.07359,-122.18711,337.270,62.637,0.0,-81,0.806,1.750,0.249
2014/09/26 10:11:21,18.19,38.07150,-122.18557,239.829,60.665,0.0,-81,0.810,1.125,0.349
2014/09/26 10:11:26,17.96,38.07046,-122.18474,211.942,61.986,0.0,-81,1.257,1.333,0.339
2014/09/26 10:11:31,17.73,38.06955,-122.18380,197.178,57.969,0.0,-81,1.262,1.500,0.189
2014/09/26 10:11:36,17.51,38.06876,-122.18264,161.089,59.270,0.0,-81,1.460,1.208,0.204
2014/09/26 10:11:41,17.3,38.06831,-122.18129,189.961,58.690,0.0,-61,0.853,1.417,0.182
2014/09/26 10:11:46,17.09,38.06785,-122.17983,135.499,60.856,0.0,-61,1.052,1.833,0.309
2014/09/26 10:11:51,16.88,38.06758,-122.17828,172.572,62.766,0.0,-61,1.240,1.458,0.247
2014/09/26 10:11:56,16.69,38.06727,-122.17668,205.052,66.282,0.0,-61,0.596,1.125,0.261
2014/09/26 10:12:01,16.49,38.06694,-122.17502,236.549,67.977,0.0,-61,0.000,0.000,0.417
2014/09/26 10:12:06,16.3,38.06660,-122.17333,269.685,69.208,0.0,-61,0.404,0.708,1.141
2014/09/26 10:12:11,16.11,38.06627,-122.17161,307.087,69.463,0.0,-75,0.314,0.583,0.247
2014/09/26 10:12:16,15.93,38.06590,-122.16989,318.898,68.811,0.0,-75,0.409,1.000,0.178
2014/09/26 10:12:21,15.75,38.06555,-122.16818,348.753,67.336,0.0,-75,0.389,1.125,0.173
2014/09/26 10:12:26,15.58,38.06518,-122.16651,343.832,67.519,0.0,-75,0.850,1.542,0.180
2014/09/26 10:12:31,15.58,38.06518,-122.16651,343.832,67.519,0.0,-75,0.703,1.167,0.162
2014/09/26 10:12:36,15.24,38.06441,-122.16330,254.265,65.901,0.0,-75,0.804,1.875,0.192
2014/09/26 10:12:41,15.08,38.06409,-122.16167,284.449,65.522,0.0,-77,0.768,2.042,0.334
2014/09/26 10:12:46,15.02,38.06393,-122.16106,281.824,64.263,0.0,-77,0.875,2.292,0.153
2014/09/26 10:12:51,4.77,38.06308,-122.15867,324.147,65.458,0.0,-77,1.480,1.958,0.203
2014/09/26 10:12:56,4.77,38.06254,-122.15714,326.115,67.375,0.0,-77,1.550,1.875,1.171
2014/09/26 10:13:01,14.46,38.06202,-122.15560,328.084,65.633,0.0,-77,0.185,1.000,0.179
2014/09/26 10:13:06,4.77,38.06148,-122.15407,324.147,66.263,0.0,-77,0.753,1.917,0.174
2014/09/26 10:13:11,4.77,38.06076,-122.15264,305.774,66.499,0.0,-77,1.199,1.750,0.174
2014/09/26 10:13:16,4.77,38.05980,-122.15144,268.373,66.378,0.0,-61,1.103,1.750,0.194
2014/09/26 10:13:21,4.78,38.05873,-122.15047,238.189,66.073,0.0,-61,0.691,1.375,0.278
2014/09/26 10:13:26,4.78,38.05763,-122.14951,219.816,68.056,0.0,-61,1.022,3.417,0.405
2014/09/26 10:13:31,4.78,38.05652,-122.14854,207.677,66.637,0.0,-61,0.930,0.000,0.346
2014/09/26 10:13:36,4.78,38.05542,-122.14758,198.491,67.159,0.0,-61,0.439,2.542,1.711
2014/09/26 10:13:41,4.78,38.05431,-122.14661,187.336,66.259,0.0,-61,0.245,0.333,0.841
2014/09/26 10:13:46,4.78,38.05325,-122.14567,181.102,64.128,0.0,-89,0.189,0.458,0.289
2014/09/26 10:13:51,2.35,38.05218,-122.14473,174.541,66.141,0.0,-89,0.616,0.000,0.210
2014/09/26 10:13:56,2.35,38.05116,-122.14363,176.837,66.342,0.0,-89,0.959,0.000,0.231
2014/09/26 10:14:01,2.35,38.05044,-122.14222,190.617,65.408,0.0,-89,0.687,0.125,0.443
2014/09/26 10:14:06,2.35,38.05009,-122.14064,194.882,65.334,0.0,-89,0.438,0.833,0.307
2014/09/26 10:14:11,2.36,38.05011,-122.13900,194.882,64.919,0.0,-89,0.848,0.917,0.310
2014/09/26 10:14:16,2.36,38.05029,-122.13734,180.446,66.530,0.0,-53,1.091,1.250,0.625
2014/09/26 10:14:22,2.25,38.05049,-122.13568,175.525,64.929,0.0,-53,0.000,0.875,0.661
2014/09/26 10:14:27,2.25,38.05049,-122.13401,164.698,67.212,0.0,-53,0.946,0.750,0.423
2014/09/26 10:14:32,2.25,38.05021,-122.13235,156.496,65.745,0.0,-53,1.233,1.250,0.642
2014/09/26 10:14:37,2.25,38.04963,-122.13086,144.357,65.717,0.0,-53,0.773,1.000,1.065
2014/09/26 10:14:42,2.25,38.04852,-122.12943,151.575,65.725,0.0,-53,0.676,0.875,0.926
2014/09/26 10:14:47,2.25,38.04740,-122.12849,152.887,67.207,0.0,-67,0.470,1.125,1.090
2014/09/26 10:14:52,1.63,38.04626,-122.12758,157.152,67.443,0.0,-67,0.639,1.792,3.550
2014/09/26 10:14:57,1.63,38.04511,-122.12665,160.433,68.576,0.0,-67,1.175,0.792,1.501
2014/09/26 10:15:02,1.63,38.04394,-122.12571,166.010,68.598,0.0,-67,1.061,1.375,0.982
2014/09/26 10:15:07,1.63,38.04278,-122.12478,171.588,67.697,0.0,-67,0.614,0.792,1.602
2014/09/26 10:15:12,1.63,38.04170,-122.12391,178.150,62.271,0.0,-67,0.681,0.000,1.650
2014/09/26 10:15:17,1.63,38.04063,-122.12305,184.383,63.763,0.0,-79,0.672,0.958,1.590
2014/09/26 10:15:22,1.63,38.03956,-122.12218,190.617,60.782,0.0,-79,0.562,0.792,1.569
2014/09/26 10:15:27,1.64,38.03854,-122.12137,193.898,59.908,0.0,-79,0.949,1.208,0.794
2014/09/26 10:15:32,1.64,38.03755,-122.12056,188.976,58.383,0.0,-79,0.000,0.792,1.631
2014/09/26 10:15:37,1.64,38.03655,-122.11975,177.165,60.224,0.0,-79,0.670,1.583,0.479
2014/09/26 10:15:42,1.64,38.03555,-122.11893,158.465,58.771,0.0,-79,0.649,0.000,0.890
2014/09/26 10:15:47,1.64,38.03456,-122.11814,139.108,58.767,0.0,-79,0.667,1.292,0.668
2014/09/26 10:15:52,1.64,38.03350,-122.11750,123.360,58.567,0.0,-75,0.451,1.208,0.251
2014/09/26 10:15:57,1.64,38.03235,-122.11721,108.268,57.568,0.0,-75,0.515,0.000,0.941
2014/09/26 10:16:02,1.64,38.03117,-122.11719,89.895,59.253,0.0,-75,0.703,1.167,1.293
2014/09/26 10:16:07,1.64,38.02997,-122.11715,70.538,59.565,0.0,-75,0.968,1.208,0.466
2014/09/26 10:16:12,1.64,38.02882,-122.11677,56.430,60.242,0.0,-75,0.631,1.208,1.243
2014/09/26 10:16:17,1.64,38.02776,-122.11608,55.446,58.607,0.0,-75,0.498,1.625,0.282
2014/09/26 10:16:22,1.64,38.02689,-122.11514,52.493,56.176,0.0,-93,0.803,2.083,0.329
2014/09/26 10:16:27,1.64,38.02623,-122.11403,52.822,53.906,0.0,-93,0.716,0.000,0.362
2014/09/26 10:16:32,1.64,38.02571,-122.11280,48.885,54.428,0.0,-93,1.027,1.583,0.910
2014/09/26 10:16:37,1.64,38.02522,-122.11156,39.370,55.331,0.0,-93,2.036,1.583,1.790
2014/09/26 10:16:42,1.64,38.02472,-122.11029,27.231,56.591,0.0,-93,1.741,1.667,1.529
2014/09/26 10:16:47,1.64,38.02420,-122.10900,19.685,57.607,0.0,-93,1.067,1.583,0.478
2014/09/26 10:16:53,1.64,38.02364,-122.10772,19.357,57.329,0.0,-77,1.122,2.375,1.098
2014/09/26 10:16:58,1.64,38.02308,-122.10644,17.388,56.875,0.0,-77,1.002,1.417,1.169
2014/09/26 10:17:03,1.64,38.02245,-122.10493,15.748,55.242,0.0,-77,0.657,1.917,1.090
2014/09/26 10:17:08,1.64,38.02194,-122.10368,12.795,54.602,0.0,-77,0.558,1.875,1.354
2014/09/26 10:17:13,1.64,38.02145,-122.10246,12.795,53.969,0.0,-77,1.025,1.875,0.863
2014/09/26 10:17:18,1.64,38.02096,-122.10122,13.451,55.052,0.0,-77,1.200,1.667,0.382
2014/09/26 10:17:23,1.64,38.02045,-122.09993,14.108,58.955,0.0,-73,1.236,1.458,0.914
2014/09/26 10:17:28,1.64,38.01990,-122.09853,19.029,63.515,0.0,-73,1.286,0.000,0.266
2014/09/26 10:17:33,1.64,38.01925,-122.09711,27.887,64.500,0.0,-73,0.900,1.958,0.314
2014/09/26 10:17:38,1.64,38.01838,-122.09587,42.323,65.175,0.0,-73,0.298,1.417,0.829
2014/09/26 10:17:43,1.65,38.01735,-122.09482,45.276,67.212,0.0,-73,1.019,1.875,0.896
2014/09/26 10:17:48,1.88,38.01629,-122.09377,50.853,66.494,0.0,-73,1.132,0.000,0.810
2014/09/26 10:17:53,1.65,38.01525,-122.09275,57.087,64.347,0.0,-73,0.544,1.958,1.433
2014/09/26 10:17:58,1.65,38.01422,-122.09174,58.071,65.904,0.0,-91,0.241,0.958,0.437
2014/09/26 10:18:03,1.65,38.01317,-122.09070,63.320,66.201,0.0,-91,0.440,1.917,0.553
2014/09/26 10:18:08,1.65,38.01212,-122.08967,66.929,66.380,0.0,-91,1.064,1.917,0.448
2014/09/26 10:18:13,1.65,38.01106,-122.08864,66.929,66.455,0.0,-91,0.617,1.875,0.484
2014/09/26 10:18:18,1.65,38.01001,-122.08758,59.055,67.115,0.0,-91,1.453,1.917,1.266
2014/09/26 10:18:23,1.75,38.00897,-122.08645,44.948,69.016,0.0,-91,1.550,1.875,1.202
2014/09/26 10:18:28,1.65,38.00790,-122.08530,30.512,70.475,0.0,-51,0.391,0.000,0.209
2014/09/26 10:18:33,1.65,38.00681,-122.08412,15.748,71.216,0.0,-51,0.576,1.625,0.200
2014/09/26 10:18:38,1.65,38.00573,-122.08293,17.060,70.662,0.0,-51,0.764,1.458,0.238
2014/09/26 10:18:43,1.65,38.00465,-122.08174,35.105,70.310,0.0,-51,0.885,1.875,0.418
2014/09/26 10:18:48,1.65,38.00360,-122.08057,51.837,69.115,0.0,-51,0.586,1.958,0.173
2014/09/26 10:18:53,1.65,38.00256,-122.07944,67.585,66.907,0.0,-51,0.926,1.417,0.265
2014/09/26 10:18:58,1.65,38.00156,-122.07834,80.052,64.842,0.0,-75,1.321,1.875,0.303
2014/09/26 10:19:03,1.65,38.00058,-122.07727,83.005,64.579,0.0,-75,1.052,0.000,0.210
2014/09/26 10:19:08,1.65,37.99960,-122.07618,81.037,66.163,0.0,-75,1.098,1.417,0.370
2014/09/26 10:19:13,1.65,37.99862,-122.07499,68.241,68.315,0.0,-75,0.475,0.917,0.219
2014/09/26 10:19:18,1.65,37.99765,-122.07377,52.822,67.540,0.0,-75,0.791,1.917,0.223
2014/09/26 10:19:23,1.65,37.99668,-122.07256,36.089,68.273,0.0,-75,0.641,1.875,0.538
2014/09/26 10:19:28,1.65,37.99570,-122.07136,27.559,66.963,0.0,-81,0.969,1.875,0.734
2014/09/26 10:19:33,1.65,37.99472,-122.07018,27.887,67.604,0.0,-81,0.687,0.000,0.673
2014/09/26 10:19:38,1.65,37.99363,-122.06915,31.496,67.259,0.0,-81,0.927,0.000,0.198
2014/09/26 10:19:43,1.65,37.99243,-122.06837,34.121,67.303,0.0,-81,2.295,0.167,0.173
2014/09/26 10:19:48,1.65,37.99115,-122.06786,35.433,67.221,0.0,-81,1.918,1.750,0.190
2014/09/26 10:19:53,1.65,37.98980,-122.06755,31.496,68.148,0.0,-81,1.234,1.583,0.318
2014/09/26 10:19:58,1.65,37.98845,-122.06729,27.231,67.935,0.0,-81,1.556,1.458,0.210
2014/09/26 10:20:03,1.66,37.98708,-122.06702,22.966,69.106,0.0,-51,0.573,0.583,1.130
2014/09/26 10:20:08,1.66,37.98571,-122.06675,25.591,69.622,0.0,-51,0.485,0.917,0.215
2014/09/26 10:20:13,1.66,37.98432,-122.06645,35.433,70.578,0.0,-51,1.162,1.833,0.734
2014/09/26 10:20:18,1.66,37.98292,-122.06616,39.042,69.503,0.0,-51,1.286,1.250,1.622
2014/09/26 10:20:23,1.66,37.98153,-122.06588,39.370,70.614,0.0,-51,0.778,0.000,0.466
2014/09/26 10:20:28,1.66,37.98013,-122.06561,35.105,70.422,0.0,-51,0.341,0.000,0.824
2014/09/26 10:20:33,1.66,37.97874,-122.06528,43.307,70.958,0.0,-91,0.190,1.542,1.350
2014/09/26 10:20:38,1.66,37.97735,-122.06478,61.680,71.673,0.0,-91,0.197,0.375,1.389
2014/09/26 10:20:43,1.66,37.97603,-122.06412,64.961,70.029,0.0,-91,0.350,0.750,0.736
2014/09/26 10:20:48,1.66,37.97479,-122.06331,59.383,68.861,0.0,-91,0.000,0.000,0.411
2014/09/26 10:20:53,1.66,37.97361,-122.06237,51.837,70.280,0.0,-91,0.837,1.583,0.268
2014/09/26 10:20:58,1.66,37.97242,-122.06140,53.806,70.102,0.0,-91,0.720,1.625,0.000
2014/09/26 10:21:03,1.66,37.97124,-122.06043,53.478,69.304,0.0,-77,0.440,1.542,0.000
2014/09/26 10:21:08,1.66,37.97008,-122.05947,58.071,68.904,0.0,-77,0.750,1.208,1.050
2014/09/26 10:21:13,1.66,37.96892,-122.05851,64.633,69.161,0.0,-77,0.321,0.917,2.346
2014/09/26 10:21:18,1.66,37.96776,-122.05754,74.803,69.350,0.0,-77,0.722,1.917,0.942
2014/09/26 10:21:23,1.66,37.96660,-122.05661,80.381,68.148,0.0,-77,1.181,0.000,0.938
2014/09/26 10:21:28,1.66,37.96540,-122.05574,83.661,69.930,0.0,-77,0.573,2.083,3.095
2014/09/26 10:21:33,1.66,37.96411,-122.05496,75.131,71.283,0.0,-83,0.658,0.000,1.774
2014/09/26 10:21:38,1.66,37.96279,-122.05426,73.491,71.566,0.0,-83,0.454,1.167,2.486
2014/09/26 10:21:43,1.66,37.96145,-122.05357,74.475,70.930,0.0,-83,0.468,1.125,0.822
2014/09/26 10:21:48,1.66,37.96015,-122.05291,77.428,69.215,0.0,-83,0.713,1.625,0.597
2014/09/26 10:21:53,1.66,37.95880,-122.05260,80.709,67.007,0.0,-83,0.863,1.500,0.598
2014/09/26 10:21:58,2.32,37.95748,-122.05275,83.333,65.353,0.0,-83,0.812,1.542,0.950
2014/09/26 10:22:03,1.66,37.95624,-122.05329,78.084,66.092,0.0,-83,0.899,0.000,4.146
2014/09/26 10:22:08,1.66,37.95499,-122.05390,73.163,66.685,0.0,-81,0.305,0.000,0.000
2014/09/26 10:22:13,1.66,37.95373,-122.05453,72.835,68.205,0.0,-81,0.230,1.167,0.000
2014/09/26 10:22:18,1.66,37.95244,-122.05513,76.115,68.393,0.0,-81,0.125,0.000,0.000
2014/09/26 10:22:23,1.66,37.95113,-122.05571,76.115,69.815,0.0,-81,0.372,0.000,0.000
2014/09/26 10:22:28,1.66,37.94981,-122.05629,77.756,69.227,0.0,-81,0.115,0.000,0.000
2014/09/26 10:22:33,1.67,37.94849,-122.05688,81.365,70.747,0.0,-81,0.135,0.000,0.000
2014/09/26 10:22:38,1.67,37.94715,-122.05747,93.832,69.845,0.0,-77,0.158,0.000,0.000
2014/09/26 10:22:43,1.67,37.94582,-122.05806,103.018,68.842,0.0,-77,0.187,0.000,0.000
2014/09/26 10:22:48,1.67,37.94451,-122.05865,95.144,67.902,0.0,-77,0.000,0.000,0.000
2014/09/26 10:22:53,1.67,37.94322,-122.05924,84.646,68.650,0.0,-77,0.172,0.000,0.000
2014/09/26 10:22:58,1.61,37.94191,-122.05982,76.444,69.971,0.0,-77,0.118,0.000,0.165
2014/09/26 10:23:03,2.25,37.94055,-122.06025,74.475,68.968,0.0,-77,1.206,0.125,0.183
2014/09/26 10:23:08,1.61,37.93917,-122.06045,73.491,69.444,0.0,-55,1.092,1.875,0.421
2014/09/26 10:23:13,1.61,37.93777,-122.06045,73.163,70.053,0.0,-55,0.971,1.417,0.498
2014/09/26 10:23:18,2.25,37.93636,-122.06041,74.475,69.234,0.0,-55,0.501,0.000,0.188
2014/09/26 10:23:23,2.25,37.93498,-122.06036,76.444,68.747,0.0,-55,1.049,0.750,0.238
2014/09/26 10:23:28,1.61,37.93361,-122.06035,81.365,67.700,0.0,-55,1.401,1.250,0.178
2014/09/26 10:23:33,2.25,37.93227,-122.06036,85.958,65.473,0.0,-55,1.253,1.250,0.243
2014/09/26 10:23:38,2.46,37.93095,-122.06037,115.486,66.687,0.0,-73,0.484,0.625,0.306
2014/09/26 10:23:43,1.61,37.92961,-122.06046,107.612,66.035,0.0,-73,0.739,1.625,0.308
2014/09/26 10:23:48,1.74,37.92830,-122.06058,105.643,65.602,0.0,-73,0.952,1.875,0.314
2014/09/26 10:23:53,2.47,37.92700,-122.06073,99.409,64.506,0.0,-73,0.950,1.583,0.943
2014/09/26 10:23:58,2.25,37.92567,-122.06089,108.268,67.687,0.0,-73,0.490,1.292,0.312
2014/09/26 10:24:03,1.62,37.92431,-122.06108,119.094,66.978,0.0,-73,0.560,1.500,0.309
2014/09/26 10:24:08,1.62,37.92299,-122.06144,124.672,65.697,0.0,-71,0.712,0.958,0.277
2014/09/26 10:24:13,1.62,37.92173,-122.06190,122.703,64.547,0.0,-71,0.000,0.000,0.773
2014/09/26 10:24:18,1.75,37.92049,-122.06241,120.079,65.055,0.0,-71,0.000,0.375,0.228
2014/09/26 10:24:23,1.62,37.91927,-122.06299,115.157,64.561,0.0,-71,0.008,1.542,0.184
2014/09/26 10:24:28,1.6,37.91810,-122.06373,113.189,64.414,0.0,-71,0.361,1.625,0.365
2014/09/26 10:24:33,1.6,37.91706,-122.06469,115.814,63.549,0.0,-71,0.391,1.167,0.763
2014/09/26 10:24:38,1.6,37.91605,-122.06568,124.344,62.997,0.0,-71,0.382,0.750,0.412
2014/09/26 10:24:43,1.6,37.91495,-122.06647,135.499,62.258,0.0,-67,0.700,1.250,0.318
2014/09/26 10:24:48,2.21,37.91377,-122.06697,149.278,62.876,0.0,-67,0.364,1.125,1.018
2014/09/26 10:24:53,1.62,37.91257,-122.06740,160.105,59.630,0.0,-67,0.719,1.250,0.215
2014/09/26 10:24:58,1.62,37.91143,-122.06781,173.885,59.877,0.0,-67,0.561,1.708,0.282
2014/09/26 10:25:03,1.62,37.91025,-122.06823,188.320,61.400,0.0,-67,0.996,1.875,0.904
2014/09/26 10:25:08,1.62,37.90906,-122.06869,200.459,61.385,0.0,-67,0.635,1.833,0.160
2014/09/26 10:25:13,1.62,37.90787,-122.06913,211.942,61.845,0.0,-77,0.000,0.000,0.494
2014/09/26 10:25:18,1.62,37.90665,-122.06956,218.504,64.332,0.0,-77,0.507,1.750,0.348
2014/09/26 10:25:23,1.6,37.90538,-122.06999,219.488,66.582,0.0,-77,0.716,1.917,0.414
2014/09/26 10:25:28,1.6,37.90408,-122.07031,214.239,65.223,0.0,-77,0.743,1.958,0.289
2014/09/26 10:25:33,1.6,37.90280,-122.07058,209.318,65.215,0.0,-77,0.486,0.000,0.590
2014/09/26 10:25:38,2.26,37.90151,-122.07085,212.598,65.063,0.0,-77,1.060,1.958,1.342
2014/09/26 10:25:43,2.26,37.90025,-122.07111,222.769,61.463,0.0,-83,1.110,1.917,1.175
2014/09/26 10:25:48,2.22,37.89899,-122.07137,229.003,63.272,0.0,-83,0.538,1.458,2.042
2014/09/26 10:25:53,2.22,37.89781,-122.07200,240.814,63.579,0.0,-83,0.528,0.542,3.838
2014/09/26 10:25:58,1.6,37.89689,-122.07310,258.530,63.134,0.0,-83,0.511,0.000,0.000
2014/09/26 10:26:03,1.6,37.89632,-122.07453,265.748,63.403,0.0,-83,0.455,1.458,0.000
2014/09/26 10:26:08,1.6,37.89618,-122.07614,267.388,63.684,0.0,-83,0.492,1.708,0.174
2014/09/26 10:26:13,1.9,37.89648,-122.07771,274.606,64.018,0.0,-53,0.826,1.458,0.158
2014/09/26 10:26:18,1.75,37.89690,-122.07925,290.682,63.920,0.0,-53,0.862,0.000,0.270
2014/09/26 10:26:24,1.75,37.89733,-122.08080,303.150,64.595,0.0,-53,0.660,0.958,0.168
2014/09/26 10:26:29,1.75,37.89773,-122.08237,313.320,65.518,0.0,-53,0.654,1.458,0.250
2014/09/26 10:26:34,1.75,37.89806,-122.08399,331.365,65.712,0.0,-53,0.730,1.500,0.703
2014/09/26 10:26:39,1.75,37.89818,-122.08563,342.520,65.416,0.0,-53,0.791,0.000,1.510
2014/09/26 10:26:44,1.75,37.89815,-122.08728,348.753,66.106,0.0,-53,0.374,1.458,0.572
2014/09/26 10:26:49,1.75,37.89810,-122.08901,333.661,69.631,0.0,-77,0.141,0.958,0.350
2014/09/26 10:26:54,1.75,37.89805,-122.09083,320.866,71.791,0.0,-77,0.489,1.458,0.519
2014/09/26 10:26:59,1.75,37.89800,-122.09260,306.102,69.381,0.0,-77,0.725,0.000,0.177
2014/09/26 10:27:04,1.75,37.89794,-122.09433,310.696,68.014,0.0,-77,1.178,1.542,0.427
2014/09/26 10:27:09,1.75,37.89789,-122.09604,317.585,67.649,0.0,-77,1.146,1.542,0.766
2014/09/26 10:27:14,1.75,37.89780,-122.09776,325.459,67.715,0.0,-77,1.205,1.458,0.000
2014/09/26 10:27:19,1.77,37.89763,-122.09946,328.412,67.224,0.0,-69,0.997,2.042,0.000
2014/09/26 10:27:24,1.75,37.89736,-122.10115,325.787,67.362,0.0,-69,1.135,2.000,0.273
2014/09/26 10:27:29,1.75,37.89709,-122.10283,324.475,67.886,0.0,-69,0.796,1.458,1.162
2014/09/26 10:27:34,1.76,37.89681,-122.10452,323.163,67.924,0.0,-69,0.860,0.000,1.631
2014/09/26 10:27:39,1.76,37.89653,-122.10622,323.819,68.192,0.0,-69,0.894,1.667,1.030
2014/09/26 10:27:44,1.76,37.89627,-122.10786,325.131,66.244,0.0,-69,0.777,1.917,1.410
2014/09/26 10:27:49,1.76,37.89593,-122.10992,325.131,70.646,0.0,-77,1.091,0.000,2.159
2014/09/26 10:27:54,1.83,37.89566,-122.11169,329.724,71.051,0.0,-77,1.059,2.125,1.130
2014/09/26 10:27:59,1.83,37.89541,-122.11346,333.005,70.614,0.0,-77,0.609,1.750,0.963
2014/09/26 10:28:04,1.83,37.89516,-122.11517,335.630,66.337,0.0,-77,0.359,1.042,0.569
2014/09/26 10:28:09,1.83,37.89489,-122.11681,338.583,65.595,0.0,-77,1.011,1.958,0.488
2014/09/26 10:28:14,1.84,37.89462,-122.11847,340.551,67.461,0.0,-77,0.958,0.000,1.510
2014/09/26 10:28:19,1.84,37.89435,-122.12012,341.864,64.467,0.0,-81,1.373,1.625,0.683
2014/09/26 10:28:24,1.84,37.89408,-122.12172,344.160,63.971,0.0,-81,0.841,1.583,1.790
2014/09/26 10:28:29,1.84,37.89374,-122.12328,348.097,64.172,0.0,-81,1.378,1.625,2.198
2014/09/26 10:28:34,1.76,37.89336,-122.12486,350.722,65.154,0.0,-81,0.675,1.083,2.911
2014/09/26 10:28:39,1.76,37.89296,-122.12644,351.378,66.122,0.0,-81,1.052,1.625,2.115
2014/09/26 10:28:44,1.77,37.89257,-122.12805,359.252,67.025,0.0,-81,0.419,0.000,2.126
2014/09/26 10:28:49,1.77,37.89217,-122.12968,371.063,67.594,0.0,-81,0.379,1.625,0.000
2014/09/26 10:28:54,1.77,37.89177,-122.13133,385.171,68.207,0.0,-71,0.653,0.000,2.138
2014/09/26 10:28:59,1.77,37.89136,-122.13297,394.357,65.382,0.0,-71,0.655,0.000,0.201
2014/09/26 10:29:04,2.53,37.89099,-122.13455,406.824,65.522,0.0,-71,1.514,0.000,0.229
2014/09/26 10:29:09,2.53,37.89080,-122.13621,421.260,66.282,0.0,-71,0.409,0.042,2.079
2014/09/26 10:29:14,1.77,37.89090,-122.13789,439.633,67.407,0.0,-71,1.058,0.667,0.270
2014/09/26 10:29:19,1.79,37.89118,-122.13955,434.711,65.123,0.0,-71,0.582,1.500,0.282
2014/09/26 10:29:24,1.79,37.89145,-122.14118,424.213,66.393,0.0,-87,0.502,1.542,0.471
2014/09/26 10:29:29,1.77,37.89162,-122.14291,411.745,70.422,0.0,-87,0.854,1.208,0.618
2014/09/26 10:29:34,1.77,37.89155,-122.14475,396.982,73.508,0.0,-87,0.782,1.250,0.370
2014/09/26 10:29:39,1.77,37.89140,-122.14653,386.155,67.490,0.0,-87,0.987,1.708,0.569
2014/09/26 10:29:44,1.77,37.89134,-122.14818,387.795,65.337,0.0,-87,0.671,1.708,0.402
2014/09/26 10:29:49,1.77,37.89150,-122.14980,397.638,65.824,0.0,-87,0.708,1.917,0.810
2014/09/26 10:29:54,1.77,37.89176,-122.15140,426.181,64.243,0.0,-79,0.863,2.000,1.269
2014/09/26 10:29:59,1.78,37.89200,-122.15297,448.491,62.550,0.0,-79,0.912,2.958,2.461
2014/09/26 10:30:04,1.78,37.89224,-122.15451,467.192,61.699,0.0,-79,1.019,1.917,1.838
2014/09/26 10:30:09,1.78,37.89246,-122.15603,485.892,60.799,0.0,-79,0.939,0.000,0.217
2014/09/26 10:30:14,1.78,37.89270,-122.15756,504.593,62.967,0.0,-79,0.853,1.708,0.862
2014/09/26 10:30:19,1.78,37.89295,-122.15917,523.622,65.440,0.0,-79,0.000,1.875,0.949
2014/09/26 10:30:24,2.22,37.89312,-122.16083,546.916,66.033,0.0,-87,0.977,2.083,1.939
2014/09/26 10:30:29,1.78,37.89320,-122.16250,584.646,65.557,0.0,-87,0.620,1.875,0.765
2014/09/26 10:30:34,1.8,37.89317,-122.16410,613.517,61.729,0.0,-87,0.671,1.917,0.723
2014/09/26 10:30:39,1.8,37.89304,-122.16568,631.890,62.869,0.0,-87,0.523,0.000,1.269
2014/09/26 10:30:44,1.78,37.89280,-122.16731,633.202,65.349,0.0,-87,0.772,1.250,1.538
2014/09/26 10:30:49,1.78,37.89247,-122.16894,637.467,66.616,0.0,-87,0.893,1.292,0.702
2014/09/26 10:30:54,1.78,37.89203,-122.17053,620.735,63.275,0.0,-87,0.772,0.000,1.102
2014/09/26 10:30:59,1.78,37.89149,-122.17202,623.360,64.730,0.0,-93,0.683,1.875,3.978
2014/09/26 10:31:04,1.78,37.89083,-122.17348,618.766,66.236,0.0,-93,0.207,0.667,0.410
2014/09/26 10:31:09,1.79,37.89005,-122.17482,621.063,64.617,0.0,-93,0.368,1.250,0.166
2014/09/26 10:31:14,2.35,37.88916,-122.17603,582.349,64.267,0.0,-93,1.202,1.917,0.247
2014/09/26 10:31:19,2.57,37.88817,-122.17711,560.696,65.101,0.0,-93,1.319,0.000,0.848
2014/09/26 10:31:24,2.57,37.88708,-122.17803,552.822,64.781,0.0,-93,1.147,1.917,1.882
2014/09/26 10:31:29,2.57,37.88592,-122.17878,541.667,65.071,0.0,-89,1.121,1.875,1.858
2014/09/26 10:31:34,2.57,37.88474,-122.17950,532.480,64.185,0.0,-89,0.969,1.917,1.070
2014/09/26 10:31:39,2.57,37.88359,-122.18021,518.045,63.709,0.0,-89,0.863,2.083,0.330
2014/09/26 10:31:44,2.22,37.88246,-122.18097,501.640,64.388,0.0,-89,1.130,1.917,0.610
2014/09/26 10:31:49,1.81,37.88142,-122.18194,497.047,65.417,0.0,-89,1.107,1.875,1.398
2014/09/26 10:31:54,1.81,37.88046,-122.18312,489.501,67.676,0.0,-89,0.749,1.917,1.141
2014/09/26 10:31:59,1.83,37.87953,-122.18434,482.940,64.753,0.0,-63,0.630,0.000,2.018
2014/09/26 10:32:04,1.82,37.87863,-122.18552,483.268,64.172,0.0,-63,0.948,1.917,3.437
2014/09/26 10:32:09,1.79,37.87762,-122.18653,507.218,63.604,0.0,-63,0.562,1.333,1.638
2014/09/26 10:32:14,2.14,37.87651,-122.18732,531.824,63.489,0.0,-63,1.261,1.917,2.319
2014/09/26 10:32:19,1.8,37.87532,-122.18793,547.244,64.500,0.0,-63,1.246,1.917,2.221
2014/09/26 10:32:24,2.59,37.87411,-122.18854,566.601,63.197,0.0,-63,0.720,0.000,2.287
2014/09/26 10:32:29,3.47,37.87301,-122.18939,575.459,64.641,0.0,-89,0.966,1.917,0.000
2014/09/26 10:32:34,3.47,37.87206,-122.19048,593.832,62.703,0.0,-89,0.872,1.333,0.709
2014/09/26 10:32:39,3.63,37.87121,-122.19163,602.034,61.162,0.0,-89,0.827,2.000,0.682
2014/09/26 10:32:44,3.63,37.87036,-122.19277,612.861,62.518,0.0,-89,0.754,1.958,0.897
2014/09/26 10:32:49,3.62,37.86949,-122.19393,628.281,62.540,0.0,-89,0.591,2.042,0.598
2014/09/26 10:32:54,2.62,37.86864,-122.19508,646.654,61.428,0.0,-89,0.743,1.958,0.506
2014/09/26 10:32:59,2.62,37.86792,-122.19636,670.604,62.405,0.0,-89,0.472,0.000,0.536
2014/09/26 10:33:04,1.8,37.86750,-122.19778,704.396,60.562,0.0,-63,0.492,2.125,0.000
2014/09/26 10:33:09,1.8,37.86741,-122.19935,729.987,60.941,0.0,-63,1.100,1.333,0.000
2014/09/26 10:33:14,1.8,37.86743,-122.20091,754.593,62.260,0.0,-63,1.211,0.000,0.307
2014/09/26 10:33:19,2.6,37.86730,-122.20247,786.745,61.467,0.0,-63,1.153,2.000,0.698
2014/09/26 10:33:24,2.6,37.86701,-122.20397,801.837,60.129,0.0,-63,0.973,1.958,0.649
2014/09/26 10:33:29,3.44,37.86658,-122.20540,816.273,59.235,0.0,-63,0.696,2.042,0.718
2014/09/26 10:33:34,3.44,37.86615,-122.20681,840.223,59.824,0.0,-83,0.786,2.000,0.531
2014/09/26 10:33:39,3.43,37.86550,-122.20807,863.845,59.156,0.0,-83,0.808,1.333,0.674
2014/09/26 10:33:44,3.43,37.86453,-122.20898,877.625,60.353,0.0,-83,1.022,1.958,1.098
2014/09/26 10:33:49,2.47,37.86343,-122.20944,891.732,56.613,0.0,-83,0.872,0.000,2.154
2014/09/26 10:33:54,2.61,37.86235,-122.20995,897.638,57.734,0.0,-83,0.555,2.000,1.635
2014/09/26 10:33:59,2.69,37.86132,-122.21066,896.325,59.087,0.0,-83,0.865,0.000,0.184
2014/09/26 10:34:04,10.32,37.86060,-122.21111,897.966,68.416,0.0,-71,1.612,0.167,0.203
2014/09/26 10:34:09,10.32,37.86060,-122.21111,897.966,68.416,0.0,-71,0.858,1.333,0.673
2014/09/26 10:34:14,10.32,37.86060,-122.21111,897.966,68.416,0.0,-71,0.509,1.167,0.538
2014/09/26 10:34:19,10.32,37.86060,-122.21111,897.966,68.416,0.0,-71,0.593,1.750,0.499
2014/09/26 10:34:24,10.32,37.86060,-122.21111,897.966,68.416,0.0,-71,0.993,1.750,0.502
2014/09/26 10:34:29,10.32,37.86060,-122.21111,897.966,68.416,0.0,-71,1.313,0.000,0.326
2014/09/26 10:34:34,10.32,37.86060,-122.21111,897.966,68.416,0.0,-73,0.895,1.750,0.460
2014/09/26 10:34:39,2.53,37.85457,-122.21980,758.530,60.339,0.0,-73,1.105,1.833,0.518
2014/09/26 10:34:44,2.22,37.85393,-122.22113,709.646,61.668,0.0,-73,1.428,1.750,0.519
2014/09/26 10:34:49,2.22,37.85301,-122.22217,679.134,62.682,0.0,-73,1.047,1.500,0.454
2014/09/26 10:34:54,2.22,37.85185,-122.22275,643.701,64.237,0.0,-73,0.927,1.083,0.357
2014/09/26 10:34:59,2.65,37.85060,-122.22324,621.063,65.396,0.0,-73,0.600,1.167,0.340
2014/09/26 10:35:04,3.52,37.84955,-122.22418,591.864,62.452,0.0,-73,1.329,2.000,0.766
2014/09/26 10:35:09,2.22,37.84892,-122.22551,563.976,61.762,0.0,-83,1.026,1.625,1.803
2014/09/26 10:35:14,2.22,37.84875,-122.22710,529.528,63.653,0.0,-83,0.617,0.875,0.282
2014/09/26 10:35:19,1.84,37.84893,-122.22870,508.530,63.149,0.0,-83,0.805,1.667,0.427
2014/09/26 10:35:24,1.82,37.84910,-122.23028,484.580,62.924,0.0,-83,0.659,0.000,1.110
2014/09/26 10:35:29,1.82,37.84908,-122.23190,450.131,63.944,0.0,-83,0.802,2.917,0.242
2014/09/26 10:35:34,1.82,37.84892,-122.23355,414.042,65.715,0.0,-83,1.497,2.167,0.250
2014/09/26 10:35:39,1.82,37.84894,-122.23521,380.906,65.290,0.0,-59,1.155,1.708,0.275
2014/09/26 10:35:44,1.82,37.84945,-122.23668,356.627,59.415,0.0,-59,0.592,1.708,2.794
2014/09/26 10:35:49,1.82,37.84999,-122.23796,345.801,57.096,0.0,-59,0.964,1.125,0.674
2014/09/26 10:35:54,1.86,37.85016,-122.23938,314.304,56.754,0.0,-59,1.432,1.708,0.894
2014/09/26 10:35:59,1.86,37.84995,-122.24080,291.667,57.296,0.0,-59,1.161,0.000,0.850
2014/09/26 10:36:04,1.86,37.84943,-122.24210,280.184,57.864,0.0,-59,0.395,2.042,0.346
2014/09/26 10:36:09,1.83,37.84881,-122.24342,271.325,60.044,0.0,-81,0.371,1.167,2.694
2014/09/26 10:36:14,1.83,37.84825,-122.24473,254.593,57.925,0.0,-81,0.911,0.000,0.929
2014/09/26 10:36:19,1.83,37.84776,-122.24591,224.409,45.269,0.0,-81,0.827,1.958,0.626
2014/09/26 10:36:24,1.83,37.84734,-122.24673,208.661,31.380,0.0,-81,0.944,1.708,1.206
2014/09/26 10:36:29,1.85,37.84705,-122.24724,199.803,18.706,0.0,-81,1.128,1.167,1.314
2014/09/26 10:36:34,1.85,37.84694,-122.24738,199.803,4.820,0.0,-81,0.970,1.125,0.909
2014/09/26 10:36:39,1.86,37.84683,-122.24753,198.491,17.883,0.0,-95,1.033,1.708,1.450
2014/09/26 10:36:44,1.86,37.84648,-122.24808,194.882,35.749,0.0,-95,0.977,1.708,1.438
2014/09/26 10:36:49,1.86,37.84609,-122.24888,179.462,37.394,0.0,-95,0.448,0.583,0.000
2014/09/26 10:36:54,1.86,37.84576,-122.24975,180.446,37.616,0.0,-95,0.704,0.000,0.000
2014/09/26 10:36:59,1.86,37.84544,-122.25059,170.932,34.436,0.0,-95,1.162,1.625,1.573
2014/09/26 10:37:04,1.86,37.84519,-122.25129,168.307,25.025,0.0,-95,0.669,0.000,0.000
2014/09/26 10:37:09,1.86,37.84510,-122.25167,157.152,4.154,0.0,-95,1.050,1.708,4.533
2014/09/26 10:37:14,1.86,37.84514,-122.25184,150.919,12.152,0.0,-77,1.383,1.125,2.746
2014/09/26 10:54:25,4.07,37.80002,-122.27922,79.396,53.433,0.0,-79,1.398,1.708,0.850
2014/09/26 10:54:30,4.07,37.79939,-122.27804,78.740,56.567,0.0,-79,1.417,1.542,1.249
2014/09/26 10:54:35,4.06,37.79891,-122.27673,69.882,57.668,0.0,-79,1.364,0.750,4.569
2014/09/26 10:54:40,4.06,37.79843,-122.27542,68.898,56.708,0.0,-79,0.812,1.500,0.836
2014/09/26 10:54:45,4.06,37.79795,-122.27409,71.850,55.243,0.0,-65,1.077,0.000,1.069
2014/09/26 10:54:50,4.06,37.79749,-122.27282,65.945,56.189,0.0,-65,0.720,1.208,3.949
2014/09/26 10:54:55,9.8,37.79702,-122.27142,101.706,61.583,0.0,-65,0.109,0.292,1.545
2014/09/26 10:55:00,3.51,37.79647,-122.26993,82.021,64.073,0.0,-65,0.821,1.500,0.570
2014/09/26 10:55:05,3.51,37.79590,-122.26847,74.803,63.399,0.0,-65,1.019,1.250,0.894
2014/09/26 10:55:10,3.51,37.79534,-122.26697,51.181,66.311,0.0,-65,1.633,0.000,0.203
2014/09/26 10:55:15,3.52,37.79464,-122.26553,35.105,67.748,0.0,-81,0.816,1.208,0.262
2014/09/26 10:55:20,3.52,37.79373,-122.26426,30.512,66.043,0.0,-81,1.572,1.792,0.338
2014/09/26 10:55:25,3.52,37.79276,-122.26315,35.105,63.671,0.0,-81,2.353,1.833,0.854
2014/09/26 10:55:30,3.52,37.79181,-122.26203,53.806,63.936,0.0,-81,1.719,1.625,0.327
2014/09/26 10:55:35,3.53,37.79092,-122.26087,74.147,64.177,0.0,-81,1.695,1.958,0.930
2014/09/26 10:55:40,4.68,37.79025,-122.25952,75.459,62.042,0.0,-81,1.500,0.000,0.206
2014/09/26 10:55:45,3.53,37.78986,-122.25804,68.898,63.481,0.0,-89,0.361,0.792,0.303
2014/09/26 10:55:50,3.53,37.78960,-122.25650,42.323,64.016,0.0,-89,0.260,0.000,0.281
2014/09/26 10:55:55,2.24,37.78934,-122.25489,38.386,65.750,0.0,-89,0.819,1.208,1.598
2014/09/26 10:56:00,2.06,37.78903,-122.25332,48.556,62.739,0.0,-89,0.951,1.625,2.086
2014/09/26 10:56:05,2.06,37.78867,-122.25184,47.900,58.677,0.0,-89,1.562,2.042,1.043
2014/09/26 10:56:10,2.06,37.78826,-122.25049,42.651,55.612,0.0,-89,1.989,2.083,0.456
2014/09/26 10:56:15,2.06,37.78784,-122.24920,45.604,54.837,0.0,-79,0.871,0.000,0.361
2014/09/26 10:56:20,2.06,37.78736,-122.24793,47.572,56.016,0.0,-79,1.673,1.250,0.236
2014/09/26 10:56:25,2.06,37.78683,-122.24664,52.493,57.251,0.0,-79,2.100,1.000,0.682
2014/09/26 10:56:30,2.06,37.78622,-122.24532,58.071,63.450,0.0,-79,1.422,1.583,1.870
2014/09/26 10:56:35,2.06,37.78548,-122.24392,54.134,68.179,0.0,-79,1.328,1.125,0.377
2014/09/26 10:56:40,2.06,37.78470,-122.24245,57.087,70.391,0.0,-79,0.456,1.083,1.121
2014/09/26 10:56:45,2.06,37.78391,-122.24105,66.273,65.603,0.0,-79,0.331,0.000,2.224
2014/09/26 10:56:50,2.06,37.78281,-122.23967,63.648,62.218,0.0,-93,0.000,1.083,0.223
2014/09/26 10:56:55,2.06,37.78177,-122.23897,61.680,57.061,0.0,-93,1.485,1.542,0.209
2014/09/26 10:57:00,2.06,37.78067,-122.23857,52.822,58.491,0.0,-93,1.600,2.125,0.559
2014/09/26 10:57:05,2.06,37.77956,-122.23821,54.790,56.427,0.0,-93,2.217,2.083,0.509
2014/09/26 10:57:10,2.06,37.77855,-122.23778,53.478,50.510,0.0,-93,2.756,0.000,0.221
2014/09/26 10:57:15,2.06,37.77764,-122.23721,49.869,51.319,0.0,-93,2.431,1.042,0.514
2014/09/26 10:57:20,2.06,37.77679,-122.23649,43.635,49.246,0.0,-57,1.731,0.500,0.294
2014/09/26 10:57:25,2.06,37.77610,-122.23564,52.493,47.117,0.0,-57,2.497,1.083,0.202
2014/09/26 10:57:30,2.06,37.77551,-122.23474,55.118,44.422,0.0,-57,3.008,0.500,0.198
2014/09/26 10:57:35,2.06,37.77507,-122.23379,53.806,43.906,0.0,-57,2.656,1.042,0.337
2014/09/26 10:57:40,2.06,37.77467,-122.23268,53.806,51.527,0.0,-57,2.469,0.000,0.198
2014/09/26 10:57:45,2.06,37.77426,-122.23149,57.743,51.432,0.0,-57,2.970,1.042,0.193
2014/09/26 10:57:50,2.06,37.77389,-122.23046,68.898,37.541,0.0,-83,2.828,1.042,0.215
2014/09/26 10:57:55,2.06,37.77363,-122.22969,75.131,35.684,0.0,-83,2.731,0.000,0.202
2014/09/26 10:58:01,2.06,37.77332,-122.22874,80.709,43.976,0.0,-83,2.466,1.083,0.515
2014/09/26 10:58:06,2.06,37.77297,-122.22769,73.819,46.708,0.0,-83,1.986,0.000,0.308
2014/09/26 10:58:11,2.06,37.77264,-122.22664,58.399,41.822,0.0,-83,1.006,1.000,0.278
2014/09/26 10:58:16,2.07,37.77230,-122.22561,46.588,46.534,0.0,-83,1.556,1.042,0.000
2014/09/26 10:58:21,2.07,37.77190,-122.22457,34.121,45.123,0.0,-55,2.089,2.083,0.000
2014/09/26 10:58:26,2.07,37.77143,-122.22375,34.121,36.870,0.0,-55,2.439,0.000,0.000
2014/09/26 10:58:31,2.07,37.77093,-122.22308,42.651,34.693,0.0,-55,2.711,1.583,0.937
2014/09/26 10:58:36,2.26,37.77038,-122.22251,43.635,35.108,0.0,-55,0.923,0.542,0.210
2014/09/26 10:58:41,2.07,37.76979,-122.22205,44.619,32.917,0.0,-55,1.113,1.625,0.265
2014/09/26 10:58:46,2.07,37.76937,-122.22173,44.291,17.144,0.0,-55,1.572,2.042,0.673
2014/09/26 10:58:51,3.09,37.76927,-122.22146,55.118,12.460,0.0,-55,1.983,2.083,1.658
2014/09/26 10:58:56,2.07,37.76944,-122.22116,67.585,13.092,0.0,-65,1.883,1.833,1.702
2014/09/26 10:59:01,9.37,37.76954,-122.22107,76.115,3.026,0.0,-65,1.319,2.083,1.001
2014/09/26 10:59:06,2.58,37.76962,-122.22096,113.845,6.834,0.0,-65,1.864,0.000,0.538
2014/09/26 10:59:11,3.6,37.76989,-122.22055,98.753,28.640,0.0,-65,1.378,0.000,0.986
2014/09/26 10:59:16,2.07,37.77035,-122.21980,105.315,39.061,0.0,-65,0.312,0.000,1.747
2014/09/26 10:59:21,2.07,37.77091,-122.21903,113.845,41.401,0.0,-65,1.950,0.083,0.442
2014/09/26 10:59:26,2.07,37.77139,-122.21834,124.672,34.946,0.0,-91,0.852,0.250,0.350
2014/09/26 10:59:31,2.07,37.77175,-122.21773,132.874,31.515,0.0,-91,0.821,0.375,0.805
2014/09/26 10:59:36,2.07,37.77169,-122.21697,114.173,30.436,0.0,-91,0.911,0.750,0.314
2014/09/26 10:59:41,2.07,37.77145,-122.21646,123.688,16.422,0.0,-91,1.003,0.542,0.346
2014/09/26 10:59:46,2.07,37.77141,-122.21640,95.801,0.928,0.0,-91,1.583,0.000,1.132
2014/09/26 10:59:51,2.07,37.77141,-122.21639,84.974,0.307,0.0,-91,1.117,0.625,0.314
2014/09/26 10:59:56,2.07,37.77141,-122.21639,82.349,0.191,0.0,-75,2.403,1.333,0.357
2014/09/26 11:00:01,2.07,37.77142,-122.21638,81.365,0.166,0.0,-75,2.297,0.542,0.229
2014/09/26 11:00:06,2.07,37.77143,-122.21638,80.381,0.096,0.0,-75,2.694,0.542,0.185
2014/09/26 11:00:11,2.07,37.77143,-122.21637,81.365,0.017,0.0,-75,2.586,0.750,0.243
2014/09/26 11:00:16,2.07,37.77143,-122.21637,81.693,0.109,0.0,-75,2.222,1.042,0.546
2014/09/26 11:00:21,2.07,37.77143,-122.21638,81.037,0.454,0.0,-75,2.558,0.708,0.167
2014/09/26 11:00:26,2.07,37.77137,-122.21636,79.396,7.418,0.0,-75,3.097,0.625,0.194
2014/09/26 11:00:31,2.07,37.77110,-122.21665,76.444,19.654,0.0,-75,1.986,0.542,0.263
2014/09/26 11:00:36,2.07,37.77095,-122.21681,75.459,5.511,0.0,-75,1.528,0.750,0.272
2014/09/26 11:00:41,2.44,37.77090,-122.21688,74.803,6.390,0.0,-75,2.583,0.458,0.201
2014/09/26 11:00:46,2.07,37.77076,-122.21705,73.819,9.109,0.0,-75,1.745,1.292,0.217
2014/09/26 11:00:51,2.07,37.77072,-122.21708,73.163,1.104,0.0,-75,1.994,1.125,0.221
2014/09/26 11:00:56,2.07,37.77070,-122.21710,72.835,0.672,0.0,-75,2.303,0.917,0.241
2014/09/26 11:01:01,2.07,37.77061,-122.21714,89.239,8.748,0.0,-73,2.497,0.000,0.277
2014/09/26 11:01:06,2.07,37.77025,-122.21670,89.895,33.688,0.0,-73,2.178,0.792,0.296
2014/09/26 11:01:11,2.07,37.76974,-122.21608,88.911,36.714,0.0,-73,2.575,0.500,0.229
2014/09/26 11:01:16,2.07,37.76920,-122.21543,83.990,37.402,0.0,-73,2.975,0.625,0.238
2014/09/26 11:01:21,2.07,37.76866,-122.21479,87.927,35.413,0.0,-73,1.750,0.500,0.626
2014/09/26 11:01:26,2.07,37.76816,-122.21420,83.661,34.288,0.0,-73,0.614,0.000,1.874
2014/09/26 11:01:31,2.07,37.76764,-122.21360,78.740,34.393,0.0,-57,2.289,0.250,0.336
2014/09/26 11:01:36,2.07,37.76731,-122.21323,74.803,14.169,0.0,-57,1.186,0.417,0.884
2014/09/26 11:01:41,2.07,37.76731,-122.21309,84.974,8.492,0.0,-57,1.011,0.125,0.693
2014/09/26 11:01:46,2.07,37.76758,-122.21342,78.084,26.663,0.0,-57,0.422,0.000,2.278
2014/09/26 11:01:51,2.07,37.76802,-122.21396,77.756,31.843,0.0,-57,0.925,0.250,0.241
2014/09/26 11:01:56,2.07,37.76849,-122.21450,78.084,29.539,0.0,-57,2.136,0.917,0.278
2014/09/26 11:02:01,2.07,37.76890,-122.21499,77.756,27.095,0.0,-75,1.653,1.042,0.961
2014/09/26 11:02:06,2.07,37.76929,-122.21548,70.538,28.412,0.0,-75,0.503,0.292,1.298
2014/09/26 11:02:11,2.4,37.76971,-122.21598,70.538,26.862,0.0,-75,2.456,0.750,0.222
2014/09/26 11:02:16,2.07,37.77006,-122.21640,72.835,19.958,0.0,-75,2.758,0.625,0.153
2014/09/26 11:02:21,2.07,37.77031,-122.21669,75.787,13.525,0.0,-75,2.364,0.750,0.242
2014/09/26 11:02:26,2.07,37.77043,-122.21684,83.333,2.265,0.0,-75,2.361,0.000,0.158
2014/09/26 11:02:31,2.07,37.77045,-122.21684,86.942,0.366,0.0,-69,2.964,0.875,0.247
2014/09/26 11:02:36,2.07,37.77047,-122.21684,90.551,0.198,0.0,-69,2.789,0.792,0.294
2014/09/26 11:02:41,2.07,37.77047,-122.21684,91.535,0.174,0.0,-69,2.347,0.500,0.186
2014/09/26 11:02:46,2.07,37.77047,-122.21684,93.504,0.387,0.0,-69,3.033,0.500,0.374
2014/09/26 11:02:51,2.07,37.77047,-122.21684,98.097,0.175,0.0,-69,3.569,0.625,0.197
2014/09/26 11:02:56,2.07,37.77050,-122.21688,98.425,5.107,0.0,-69,2.933,0.917,0.182
2014/09/26 11:03:01,2.07,37.77059,-122.21702,94.160,6.110,0.0,-69,3.030,0.750,0.358
2014/09/26 11:03:06,2.07,37.77057,-122.21704,77.100,1.030,0.0,-69,3.333,1.125,0.270
2014/09/26 11:03:11,2.07,37.77057,-122.21708,65.617,1.452,0.0,-69,2.950,0.000,0.282
2014/09/26 11:03:16,2.07,37.77059,-122.21712,64.961,5.226,0.0,-69,0.997,1.083,0.744
2014/09/26 11:03:21,2.07,37.77043,-122.21748,63.976,25.043,0.0,-69,1.069,0.750,0.322
2014/09/26 11:03:26,2.38,37.77000,-122.21806,60.039,31.718,0.0,-69,0.937,1.250,0.177
2014/09/26 11:03:31,2.07,37.76957,-122.21864,54.790,31.402,0.0,-69,1.103,1.750,0.266
2014/09/26 11:03:36,2.07,37.76916,-122.21919,57.743,27.399,0.0,-63,1.512,1.750,0.537
2014/09/26 11:03:41,2.07,37.76883,-122.21964,53.150,17.226,0.0,-63,1.508,0.000,0.816
2014/09/26 11:03:46,2.07,37.76872,-122.21980,51.509,2.186,0.0,-63,0.772,0.917,0.829
2014/09/26 11:03:51,2.07,37.76872,-122.21980,53.150,0.014,0.0,-63,1.403,0.583,0.561
2014/09/26 11:03:56,2.07,37.76870,-122.21981,49.213,0.266,0.0,-63,1.053,0.417,0.301
2014/09/26 11:04:01,2.07,37.76871,-122.21982,52.493,0.136,0.0,-63,1.049,0.708,0.410
2014/09/26 11:04:06,2.07,37.76870,-122.21984,52.165,0.536,0.0,-75,1.481,2.167,0.890
2014/09/26 11:04:11,2.07,37.76869,-122.21984,56.430,0.060,0.0,-75,1.819,0.000,0.790
2014/09/26 11:04:16,2.07,37.76868,-122.21983,55.446,0.049,0.0,-75,1.633,2.167,0.549
2014/09/26 11:04:21,1.68,37.76868,-122.21983,57.087,0.038,0.0,-75,1.614,0.833,0.185
2014/09/26 11:04:26,1.68,37.76868,-122.21983,62.992,0.114,0.0,-75,1.992,0.375,0.317
2014/09/26 11:04:31,1.68,37.76868,-122.21985,78.412,0.018,0.0,-75,1.483,0.417,0.274
2014/09/26 11:04:36,1.68,37.76869,-122.21985,84.646,0.084,0.0,-73,2.139,1.583,0.421
2014/09/26 11:04:41,1.68,37.76869,-122.21986,89.239,0.020,0.0,-73,2.500,1.250,0.168
2014/09/26 11:04:46,1.68,37.76870,-122.21986,90.551,0.136,0.0,-73,1.664,0.000,0.498
2014/09/26 11:04:51,1.68,37.76870,-122.21986,91.864,0.108,0.0,-73,0.759,0.000,0.781
2014/09/26 11:04:56,1.68,37.76870,-122.21987,90.223,0.070,0.0,-73,2.183,0.375,0.189
2014/09/26 11:05:01,1.68,37.76870,-122.21987,90.551,0.148,0.0,-73,1.756,0.792,1.198
2014/09/26 11:05:06,1.68,37.76870,-122.21987,87.927,0.041,0.0,-73,1.395,0.000,0.358
2014/09/26 11:05:11,1.68,37.76870,-122.21987,84.318,0.063,0.0,-75,2.261,0.417,0.513
2014/09/26 11:05:16,2.07,37.76870,-122.21988,83.005,1.719,0.0,-75,2.061,0.000,0.409
2014/09/26 11:05:21,1.69,37.76868,-122.22009,79.068,13.473,0.0,-75,0.741,0.375,1.217
2014/09/26 11:05:26,1.69,37.76910,-122.22030,77.428,29.559,0.0,-75,0.884,0.792,0.418
2014/09/26 11:05:31,1.69,37.76971,-122.22054,81.693,30.330,0.0,-75,0.686,1.625,0.250
2014/09/26 11:05:36,1.69,37.77019,-122.22092,78.412,27.623,0.0,-75,1.192,0.000,1.179
2014/09/26 11:05:41,1.69,37.77059,-122.22143,74.147,28.994,0.0,-67,2.431,0.917,0.200
2014/09/26 11:05:46,1.69,37.77093,-122.22196,74.803,24.650,0.0,-67,2.278,1.167,0.276
2014/09/26 11:05:51,1.69,37.77119,-122.22246,75.787,23.320,0.0,-67,2.786,1.208,0.210
2014/09/26 11:05:56,1.69,37.77142,-122.22288,70.866,13.388,0.0,-67,2.356,1.583,0.429
2014/09/26 11:06:01,1.69,37.77151,-122.22305,70.866,5.179,0.0,-67,2.542,1.583,0.262
2014/09/26 11:06:06,1.69,37.77157,-122.22317,72.178,7.790,0.0,-67,1.564,0.417,0.622
2014/09/26 11:06:11,1.69,37.77167,-122.22338,73.163,9.379,0.0,-57,1.978,0.417,0.257
2014/09/26 11:06:16,1.69,37.77179,-122.22360,73.163,11.430,0.0,-57,2.733,0.000,0.196
2014/09/26 11:06:21,1.69,37.77193,-122.22390,73.163,14.380,0.0,-57,2.847,0.792,0.197
2014/09/26 11:06:26,1.69,37.77205,-122.22423,78.084,14.996,0.0,-57,2.681,1.583,0.329
2014/09/26 11:06:31,1.69,37.77221,-122.22466,78.084,22.765,0.0,-57,2.892,1.583,0.192
2014/09/26 11:06:36,1.69,37.77239,-122.22518,78.412,20.518,0.0,-57,2.592,1.208,0.153
2014/09/26 11:06:41,1.7,37.77256,-122.22569,79.068,23.144,0.0,-65,2.328,0.000,0.231
2014/09/26 11:06:46,1.7,37.77275,-122.22629,80.709,27.958,0.0,-65,0.000,0.750,0.195
2014/09/26 11:06:51,1.7,37.77300,-122.22704,85.630,34.304,0.0,-65,2.044,0.833,0.000
2014/09/26 11:06:56,1.7,37.77327,-122.22794,86.942,41.682,0.0,-65,2.094,0.000,0.000
2014/09/26 11:07:01,1.7,37.77361,-122.22897,85.630,43.595,0.0,-65,0.914,0.375,0.530
2014/09/26 11:07:06,1.7,37.77394,-122.22998,76.772,44.661,0.0,-65,2.534,1.167,0.326
2014/09/26 11:07:11,1.7,37.77431,-122.23109,62.336,49.870,0.0,-65,3.167,0.000,0.190
2014/09/26 11:07:16,1.7,37.77471,-122.23230,51.509,52.502,0.0,-77,2.581,1.208,0.360
2014/09/26 11:07:21,1.7,37.77514,-122.23352,41.010,53.850,0.0,-77,1.955,1.208,0.334
2014/09/26 11:07:26,1.7,37.77571,-122.23474,37.073,56.319,0.0,-77,2.056,1.208,0.837
2014/09/26 11:07:31,1.7,37.77644,-122.23583,36.417,56.401,0.0,-77,2.355,1.167,0.782
2014/09/26 11:07:36,1.7,37.77722,-122.23664,39.370,43.439,0.0,-77,2.464,1.208,0.220
2014/09/26 11:07:41,1.7,37.77771,-122.23699,37.073,20.849,0.0,-77,2.750,0.000,0.245
2014/09/26 11:07:46,1.7,37.77794,-122.23713,12.467,13.408,0.0,-61,2.086,0.000,0.343
2014/09/26 11:07:51,1.7,37.77829,-122.23735,29.199,23.087,0.0,-61,1.092,0.833,0.175
2014/09/26 11:07:56,1.71,37.77879,-122.23764,41.339,28.686,0.0,-61,2.489,0.000,0.351
2014/09/26 11:08:01,1.85,37.77929,-122.23787,53.478,20.436,0.0,-61,2.753,0.792,0.186
2014/09/26 11:08:06,1.71,37.77963,-122.23801,51.181,16.488,0.0,-61,2.969,0.792,0.155
2014/09/26 11:08:11,1.71,37.77999,-122.23813,51.837,20.571,0.0,-61,3.281,0.000,0.167
2014/09/26 11:08:16,1.71,37.78040,-122.23828,52.493,22.342,0.0,-59,3.539,0.792,0.210
2014/09/26 11:08:21,1.71,37.78083,-122.23844,52.822,21.432,0.0,-59,3.300,1.208,0.463
2014/09/26 11:08:26,1.71,37.78122,-122.23858,55.118,19.780,0.0,-59,2.575,1.958,0.183
2014/09/26 11:08:31,1.96,37.78158,-122.23873,59.711,19.657,0.0,-59,3.564,1.250,0.258
2014/09/26 11:08:36,1.71,37.78205,-122.23895,56.759,27.668,0.0,-59,3.528,0.000,0.272
2014/09/26 11:08:41,1.85,37.78257,-122.23928,53.478,30.056,0.0,-59,3.006,1.167,0.162
2014/09/26 11:08:46,1.71,37.78308,-122.23975,45.276,32.466,0.0,-79,2.686,0.000,0.833
2014/09/26 11:08:51,1.71,37.78355,-122.24032,45.276,31.377,0.0,-79,1.053,0.000,2.314
2014/09/26 11:08:56,1.71,37.78399,-122.24095,46.916,33.836,0.0,-79,0.442,0.000,0.357
2014/09/26 11:09:01,1.71,37.78438,-122.24162,45.276,33.753,0.0,-79,1.147,0.000,1.937
2014/09/26 11:09:06,1.71,37.78479,-122.24239,44.619,38.567,0.0,-79,0.419,0.000,1.271
2014/09/26 11:09:11,1.71,37.78522,-122.24321,46.916,40.700,0.0,-79,0.480,0.000,1.662
2014/09/26 11:09:16,1.72,37.78570,-122.24410,50.197,42.616,0.0,-79,1.661,0.042,0.231
2014/09/26 11:09:21,1.72,37.78619,-122.24502,51.181,42.990,0.0,-81,2.431,0.958,0.292
2014/09/26 11:09:26,1.72,37.78666,-122.24596,46.916,44.273,0.0,-81,1.583,0.583,0.330
2014/09/26 11:09:31,1.72,37.78709,-122.24691,44.619,43.939,0.0,-81,1.886,0.667,0.434
2014/09/26 11:09:36,1.72,37.78751,-122.24791,45.604,45.553,0.0,-81,2.370,0.000,0.217
2014/09/26 11:09:41,1.72,37.78791,-122.24899,45.276,48.167,0.0,-81,2.269,0.333,0.318
2014/09/26 11:09:46,1.72,37.78830,-122.25014,45.276,49.207,0.0,-81,1.650,1.667,0.787
2014/09/26 11:09:51,1.72,37.78866,-122.25130,44.291,49.074,0.0,-73,1.146,1.292,1.814
2014/09/26 11:09:56,1.72,37.78900,-122.25246,45.604,49.134,0.0,-73,0.457,0.958,0.199
2014/09/26 11:10:01,1.72,37.78928,-122.25363,46.916,48.120,0.0,-73,1.358,1.708,0.413
2014/09/26 11:10:06,1.72,37.78952,-122.25481,46.260,47.874,0.0,-73,1.442,1.792,0.478
2014/09/26 11:10:11,1.72,37.78973,-122.25598,49.541,48.385,0.0,-73,1.881,1.750,0.524
2014/09/26 11:10:16,1.72,37.78994,-122.25717,61.352,47.696,0.0,-73,0.844,0.833,1.214
2014/09/26 11:10:21,1.72,37.79015,-122.25828,73.491,43.149,0.0,-91,0.500,0.417,0.000
2014/09/26 11:10:26,1.72,37.79045,-122.25934,79.396,45.837,0.0,-91,0.195,0.375,1.157
2014/09/26 11:10:31,1.72,37.79090,-122.26034,81.037,45.311,0.0,-91,0.969,0.417,1.061
2014/09/26 11:10:36,1.73,37.79147,-122.26121,75.787,43.597,0.0,-91,0.398,0.250,0.709
2014/09/26 11:10:41,1.73,37.79210,-122.26198,71.850,43.057,0.0,-91,0.661,0.000,0.461
2014/09/26 11:10:46,1.73,37.79275,-122.26273,65.617,44.642,0.0,-91,1.819,1.625,0.487
2014/09/26 11:10:51,1.73,37.79343,-122.26350,59.383,46.206,0.0,-73,2.156,1.750,0.550
2014/09/26 11:10:56,1.73,37.79411,-122.26420,46.260,41.436,0.0,-73,1.842,1.667,0.511
2014/09/26 11:11:01,1.8,37.79467,-122.26494,38.714,39.926,0.0,-73,2.339,1.625,1.034
2014/09/26 11:11:06,1.73,37.79516,-122.26572,34.777,37.039,0.0,-73,3.072,1.625,0.389
2014/09/26 11:11:11,1.73,37.79552,-122.26641,34.449,29.469,0.0,-73,2.339,1.458,0.225
2014/09/26 11:11:16,1.73,37.79579,-122.26702,36.417,25.713,0.0,-73,2.450,1.667,0.334
2014/09/26 11:11:21,1.99,37.79596,-122.26737,41.339,7.081,0.0,-73,2.033,1.625,0.254
2014/09/26 11:11:26,1.99,37.79599,-122.26745,41.339,3.972,0.0,-79,2.592,1.000,0.241
2014/09/26 11:11:31,1.99,37.79593,-122.26754,50.525,3.270,0.0,-79,3.167,1.167,0.199
2014/09/26 11:11:36,2.06,37.79591,-122.26750,60.039,1.032,0.0,-79,3.333,1.167,0.435
2014/09/26 11:11:41,3.01,37.79592,-122.26750,67.913,0.445,0.0,-79,2.506,1.000,0.216
2014/09/26 11:11:46,4.59,37.79594,-122.26749,70.210,3.647,0.0,-79,2.625,1.000,0.282
2014/09/26 11:11:51,5.85,37.79595,-122.26748,74.147,3.173,0.0,-79,0.897,0.458,1.171
2014/09/26 11:11:56,3.01,37.79605,-122.26752,135.827,1.302,0.0,-79,1.998,0.000,0.253
2014/09/26 11:12:01,3.02,37.79607,-122.26750,150.262,1.630,0.0,-79,1.878,1.625,0.190
2014/09/26 11:12:06,2.29,37.79606,-122.26748,157.480,0.215,0.0,-79,2.361,1.000,0.330
2014/09/26 11:12:11,3.02,37.79606,-122.26749,162.402,0.196,0.0,-79,2.355,0.958,0.298
2014/09/26 11:12:16,2.29,37.79613,-122.26750,204.068,0.541,0.0,-79,1.553,0.708,0.242
2014/09/26 11:12:21,2.29,37.79616,-122.26751,213.255,1.181,0.0,-79,2.850,0.667,0.201
2014/09/26 11:12:26,1.74,37.79614,-122.26752,210.630,0.822,0.0,-79,1.886,0.500,0.225
2014/09/26 11:12:31,2.06,37.79610,-122.26748,196.194,0.604,0.0,-79,2.514,0.667,0.229
2014/09/26 11:12:36,3.03,37.79609,-122.26747,183.399,0.414,0.0,-79,3.328,0.000,0.202
2014/09/26 11:12:41,2.39,37.79606,-122.26747,171.260,0.159,0.0,-79,3.417,0.667,0.333
2014/09/26 11:12:46,2.01,37.79606,-122.26748,165.026,0.340,0.0,-79,3.344,0.958,0.266
2014/09/26 11:12:51,2.01,37.79605,-122.26741,164.370,4.453,0.0,-79,3.033,1.458,0.247
