Date-Time,DOP,Latitude,Longitude,Altitude (ft),Speed (mph),Heading (deg),mod1 SS (dBm),mod1 Down (Mbs),mod1 Up (Mbs),mod1 Ping (Sec)
2014/09/23 10:23:50,7.19,37.79661,-122.26955,-75.131,34.135,0.0,-67,3.697,0.000,0.189
2014/09/23 10:23:55,7.2,37.79692,-122.27000,-69.882,25.117,0.0,-67,2.577,0.833,1.421
2014/09/23 10:24:00,7.22,37.79719,-122.27055,-197.178,28.360,0.0,-67,0.883,0.583,1.825
2014/09/23 10:24:05,4.74,37.79743,-122.27156,51.837,36.267,0.0,-67,1.050,0.792,1.213
2014/09/23 10:24:10,4.75,37.79776,-122.27246,64.304,40.848,0.0,-67,1.378,1.208,0.186
2014/09/23 10:24:15,4.75,37.79812,-122.27345,69.882,44.112,0.0,-67,1.728,0.250,0.329
2014/09/23 10:24:20,4.75,37.79850,-122.27443,67.257,44.440,0.0,-75,0.372,0.375,1.689
2014/09/23 10:24:25,4.75,37.79892,-122.27549,65.289,49.222,0.0,-75,0.673,0.000,1.745
2014/09/23 10:24:30,4.75,37.79937,-122.27665,66.929,52.211,0.0,-75,0.539,0.667,0.161
2014/09/23 10:24:35,7.34,37.79985,-122.27788,64.633,57.433,0.0,-75,1.221,1.333,0.189
2014/09/23 10:24:40,4.76,37.80040,-122.27932,70.866,65.284,0.0,-75,2.331,1.375,0.588
2014/09/23 10:24:45,4.76,37.80095,-122.28069,73.163,58.484,0.0,-75,1.139,1.000,0.285
2014/09/23 10:24:50,4.76,37.80145,-122.28199,79.396,55.562,0.0,-65,2.314,2.125,0.517
2014/09/23 10:24:55,4.76,37.80198,-122.28328,90.223,58.126,0.0,-65,3.128,1.708,0.170
2014/09/23 10:25:00,2.33,37.80249,-122.28461,102.034,57.199,0.0,-65,2.419,0.375,0.462
2014/09/23 10:25:05,2.33,37.80284,-122.28597,110.236,55.434,0.0,-65,2.306,0.500,0.157
2014/09/23 10:25:10,2.33,37.80305,-122.28733,114.173,53.697,0.0,-65,2.230,1.250,0.351
2014/09/23 10:25:15,2.33,37.80310,-122.28901,112.533,56.345,0.0,-65,2.936,0.500,0.161
2014/09/23 10:25:20,2.23,37.80298,-122.29042,106.955,55.504,0.0,-79,3.331,0.000,0.210
2014/09/23 10:25:25,2.23,37.80276,-122.29181,99.738,56.956,0.0,-79,2.389,0.375,0.234
2014/09/23 10:25:30,2.23,37.80253,-122.29326,83.661,59.735,0.0,-79,2.806,0.375,0.698
2014/09/23 10:25:35,2.23,37.80228,-122.29479,68.241,62.054,0.0,-79,0.661,0.000,0.280
2014/09/23 10:25:40,2.23,37.80215,-122.29636,51.181,62.618,0.0,-79,0.964,0.375,0.361
2014/09/23 10:25:45,2.23,37.80227,-122.29795,43.307,63.659,0.0,-79,1.236,2.583,1.696
2014/09/23 10:25:50,2.23,37.80265,-122.29955,44.291,67.257,0.0,-79,1.028,0.000,3.649
2014/09/23 10:25:55,2.24,37.80332,-122.30106,47.572,69.145,0.0,-81,0.652,1.042,0.473
2014/09/23 10:26:00,2.24,37.80422,-122.30237,51.181,68.423,0.0,-81,1.561,1.333,0.357
2014/09/23 10:26:05,2.24,37.80532,-122.30339,54.790,67.912,0.0,-81,2.067,1.625,0.244
2014/09/23 10:26:10,2.56,37.80655,-122.30410,54.134,66.161,0.0,-81,1.867,1.000,0.348
2014/09/23 10:26:15,2.16,37.80785,-122.30448,52.822,66.847,0.0,-81,2.197,0.000,0.296
2014/09/23 10:26:20,2.16,37.80920,-122.30448,60.039,67.051,0.0,-81,2.450,0.667,0.246
2014/09/23 10:26:25,2.12,37.81049,-122.30418,59.711,65.037,0.0,-61,1.417,0.000,0.175
2014/09/23 10:26:30,3.83,37.81168,-122.30357,57.743,64.155,0.0,-61,2.331,0.333,0.167
2014/09/23 10:26:35,2.13,37.81276,-122.30265,58.727,66.356,0.0,-61,2.964,0.292,0.322
2014/09/23 10:26:40,2.52,37.81371,-122.30143,54.462,68.028,0.0,-61,2.783,0.333,0.437
2014/09/23 10:26:45,2.52,37.81459,-122.30013,63.976,66.049,0.0,-61,1.720,0.333,0.317
2014/09/23 10:26:50,2.52,37.81536,-122.29891,72.507,58.803,0.0,-61,1.444,0.000,0.285
2014/09/23 10:26:56,2.13,37.81612,-122.29775,83.661,60.213,0.0,-85,1.758,0.667,0.288
2014/09/23 10:27:01,2.13,37.81699,-122.29663,89.895,63.022,0.0,-85,1.847,0.000,0.242
2014/09/23 10:27:06,2.27,37.81797,-122.29559,87.927,64.239,0.0,-85,1.117,0.667,1.880
2014/09/23 10:27:11,2.13,37.81903,-122.29466,100.394,64.094,0.0,-85,1.286,0.000,0.261
2014/09/23 10:27:16,2.53,37.82010,-122.29378,110.564,62.018,0.0,-85,2.030,1.000,0.322
2014/09/23 10:27:21,2.13,37.82114,-122.29294,116.470,60.180,0.0,-85,1.703,1.292,0.249
2014/09/23 10:27:26,2.28,37.82219,-122.29217,116.470,61.425,0.0,-71,2.556,1.333,0.333
2014/09/23 10:27:31,2.13,37.82328,-122.29153,120.735,58.832,0.0,-71,1.223,1.333,0.524
2014/09/23 10:27:36,1.56,37.82439,-122.29100,130.906,59.311,0.0,-71,0.498,0.000,2.173
2014/09/23 10:27:41,1.74,37.82551,-122.29068,137.467,57.250,0.0,-71,0.568,1.292,0.478
2014/09/23 10:27:46,2.14,37.82664,-122.29088,140.092,56.225,0.0,-71,1.211,2.375,0.830
2014/09/23 10:27:51,1.56,37.82763,-122.29154,139.436,55.864,0.0,-71,2.094,2.417,0.181
2014/09/23 10:27:56,1.56,37.82850,-122.29248,137.795,57.941,0.0,-71,1.308,0.000,3.844
2014/09/23 10:28:01,1.56,37.82957,-122.29314,132.218,60.637,0.0,-73,0.536,0.667,0.184
2014/09/23 10:28:06,1.56,37.83080,-122.29338,112.861,62.636,0.0,-73,0.764,0.000,0.000
2014/09/23 10:28:11,1.56,37.83205,-122.29360,90.551,62.199,0.0,-73,0.000,0.333,3.753
2014/09/23 10:28:16,1.56,37.83320,-122.29408,66.929,59.291,0.0,-73,0.000,2.042,1.790
2014/09/23 10:28:21,2.29,37.83430,-122.29473,53.150,62.041,0.0,-73,0.000,2.750,1.390
2014/09/23 10:28:26,1.56,37.83548,-122.29538,49.869,64.762,0.0,-73,0.000,2.208,1.394
2014/09/23 10:28:31,2.19,37.83671,-122.29601,50.197,66.099,0.0,-81,0.000,1.583,3.234
2014/09/23 10:28:36,1.74,37.83798,-122.29650,57.743,66.732,0.0,-81,0.006,0.000,0.000
2014/09/23 10:28:41,2.19,37.83932,-122.29675,47.900,67.596,0.0,-81,0.544,1.583,1.430
2014/09/23 10:28:46,1.57,37.84068,-122.29698,35.761,68.136,0.0,-81,0.840,3.250,0.663
2014/09/23 10:28:51,1.74,37.84201,-122.29726,31.824,65.972,0.0,-81,2.077,2.708,0.743
2014/09/23 10:28:56,2.19,37.84332,-122.29755,32.480,65.969,0.0,-81,3.036,3.208,0.371
2014/09/23 10:29:01,1.67,37.84464,-122.29785,31.168,66.725,0.0,-67,3.083,0.000,0.230
2014/09/23 10:29:06,1.57,37.84598,-122.29813,31.496,67.940,0.0,-67,1.464,0.000,0.541
2014/09/23 10:29:11,1.85,37.84737,-122.29843,33.136,76.368,0.0,-67,1.161,1.083,0.449
2014/09/23 10:29:16,1.6,37.84874,-122.29873,38.714,66.048,0.0,-67,1.192,1.625,1.057
2014/09/23 10:29:21,1.57,37.85002,-122.29903,36.089,63.946,0.0,-67,1.342,0.000,1.574
2014/09/23 10:29:26,2.19,37.85128,-122.29933,39.042,63.646,0.0,-67,0.417,1.083,0.000
2014/09/23 10:29:31,1.67,37.85253,-122.29965,38.714,64.422,0.0,-97,0.159,0.000,1.107
2014/09/23 10:29:36,1.74,37.85380,-122.30000,38.386,64.572,0.0,-97,0.391,0.542,0.451
2014/09/23 10:29:41,1.57,37.85504,-122.30035,40.354,61.963,0.0,-97,0.492,0.000,2.173
2014/09/23 10:29:46,1.57,37.85624,-122.30068,43.307,60.744,0.0,-97,0.000,0.000,0.000
2014/09/23 10:29:51,2.2,37.85743,-122.30101,43.963,61.105,0.0,-97,0.000,1.083,8.410
2014/09/23 10:29:56,1.68,37.85864,-122.30135,43.963,63.000,0.0,-97,0.000,0.500,0.893
2014/09/23 10:30:01,1.74,37.85990,-122.30170,43.635,63.604,0.0,-97,0.000,2.125,0.586
2014/09/23 10:30:06,1.57,37.86110,-122.30203,46.916,59.707,0.0,-85,0.006,3.208,0.706
2014/09/23 10:30:11,1.74,37.86228,-122.30236,49.541,60.287,0.0,-85,0.883,1.083,0.355
2014/09/23 10:30:16,1.68,37.86345,-122.30269,49.541,60.547,0.0,-85,0.917,0.000,0.282
2014/09/23 10:30:21,1.59,37.86466,-122.30303,47.244,61.668,0.0,-85,0.903,0.542,0.194
2014/09/23 10:30:26,1.68,37.86593,-122.30340,50.197,66.278,0.0,-85,1.656,1.583,0.250
2014/09/23 10:30:31,1.57,37.86724,-122.30380,54.134,69.291,0.0,-85,2.172,1.625,0.194
2014/09/23 10:30:36,1.57,37.86859,-122.30420,53.150,68.920,0.0,-79,1.658,0.000,0.323
2014/09/23 10:30:41,1.57,37.86994,-122.30462,60.367,69.438,0.0,-79,1.925,0.500,0.161
2014/09/23 10:30:46,1.68,37.87132,-122.30505,63.976,71.105,0.0,-79,1.967,0.000,0.149
2014/09/23 10:30:51,1.57,37.87271,-122.30549,65.617,71.400,0.0,-79,2.739,0.542,0.247
2014/09/23 10:30:56,1.58,37.87410,-122.30592,65.945,70.762,0.0,-79,2.972,0.583,0.197
2014/09/23 10:31:01,1.74,37.87546,-122.30635,65.617,69.670,0.0,-79,1.970,1.042,0.250
2014/09/23 10:31:06,1.69,37.87681,-122.30678,72.507,68.400,0.0,-67,1.922,1.750,0.143
2014/09/23 10:31:11,1.58,37.87816,-122.30720,81.037,69.872,0.0,-67,2.814,1.042,0.182
2014/09/23 10:31:16,1.58,37.87954,-122.30752,71.850,69.635,0.0,-67,3.167,0.000,1.377
2014/09/23 10:31:21,2.2,37.88092,-122.30782,57.743,68.700,0.0,-67,0.642,0.542,0.170
2014/09/23 10:31:26,2.2,37.88225,-122.30813,52.165,65.281,0.0,-67,1.891,1.042,0.170
2014/09/23 10:31:31,1.74,37.88355,-122.30843,43.963,66.711,0.0,-67,2.347,0.000,0.269
2014/09/23 10:31:36,1.74,37.88488,-122.30871,40.354,66.770,0.0,-73,2.786,0.000,0.177
2014/09/23 10:31:41,1.74,37.88621,-122.30894,57.087,66.611,0.0,-73,3.247,0.125,0.170
2014/09/23 10:31:46,1.58,37.88755,-122.30899,75.131,67.140,0.0,-73,2.253,1.000,0.449
2014/09/23 10:31:51,1.58,37.88887,-122.30866,88.255,68.114,0.0,-73,1.464,0.667,0.197
2014/09/23 10:31:56,1.94,37.89016,-122.30806,92.520,68.829,0.0,-73,1.039,1.042,1.131
2014/09/23 10:32:01,1.69,37.89144,-122.30749,91.207,66.306,0.0,-73,0.222,0.375,0.909
2014/09/23 10:32:06,2.2,37.89271,-122.30734,84.646,61.894,0.0,-73,0.000,0.000,0.000
2014/09/23 10:32:11,2.2,37.89392,-122.30757,75.787,59.000,0.0,-93,0.087,0.125,6.087
2014/09/23 10:32:16,2.2,37.89504,-122.30801,63.320,59.122,0.0,-93,0.000,0.250,0.000
2014/09/23 10:32:21,2.2,37.89621,-122.30848,43.307,62.495,0.0,-93,0.000,0.000,0.886
2014/09/23 10:32:26,2.2,37.89744,-122.30899,27.559,65.651,0.0,-93,0.000,0.833,0.738
2014/09/23 10:32:31,2.2,37.89872,-122.30951,20.013,67.400,0.0,-93,0.000,1.250,0.634
2014/09/23 10:32:36,1.7,37.90001,-122.31012,33.136,67.995,0.0,-93,0.006,0.958,0.890
2014/09/23 10:32:41,1.7,37.90118,-122.31090,53.478,64.736,0.0,-77,1.964,1.000,0.753
2014/09/23 10:32:46,1.58,37.90233,-122.31168,60.696,64.778,0.0,-77,2.067,1.125,0.554
2014/09/23 10:32:51,1.58,37.90349,-122.31248,62.664,66.820,0.0,-77,1.561,1.000,0.389
2014/09/23 10:32:56,1.7,37.90470,-122.31332,61.352,69.672,0.0,-77,0.000,1.042,0.609
2014/09/23 10:33:01,2.21,37.90594,-122.31417,51.509,71.099,0.0,-77,1.547,0.458,2.531
2014/09/23 10:33:06,2.21,37.90720,-122.31503,40.682,70.381,0.0,-77,0.970,0.000,0.993
2014/09/23 10:33:11,1.58,37.90841,-122.31585,47.572,65.708,0.0,-97,0.914,0.542,2.705
2014/09/23 10:33:16,1.58,37.90957,-122.31663,58.071,65.610,0.0,-97,0.306,0.375,0.985
2014/09/23 10:33:21,1.58,37.91081,-122.31718,62.664,65.160,0.0,-97,1.203,0.875,0.778
2014/09/23 10:33:26,1.7,37.91213,-122.31737,62.992,65.903,0.0,-97,0.785,1.083,0.830
2014/09/23 10:33:31,1.7,37.91348,-122.31738,64.961,67.942,0.0,-97,0.554,0.000,1.582
2014/09/23 10:33:36,2.21,37.91483,-122.31739,66.601,66.801,0.0,-97,0.378,0.750,0.000
2014/09/23 10:33:41,1.59,37.91616,-122.31739,68.570,65.102,0.0,-97,0.224,0.208,1.103
2014/09/23 10:33:46,1.94,37.91746,-122.31740,72.178,64.607,0.0,-97,0.824,0.875,0.998
2014/09/23 10:33:51,1.59,37.91874,-122.31740,77.100,61.729,0.0,-97,1.005,1.208,0.670
2014/09/23 10:33:56,1.59,37.91994,-122.31752,83.990,58.959,0.0,-97,1.196,1.000,0.350
2014/09/23 10:34:01,1.59,37.92110,-122.31789,84.646,62.241,0.0,-97,0.482,0.792,0.881
2014/09/23 10:34:06,1.59,37.92228,-122.31855,75.459,63.784,0.0,-97,0.699,1.083,0.758
2014/09/23 10:34:11,2.19,37.92339,-122.31930,75.131,61.645,0.0,-97,1.388,0.750,1.318
2014/09/23 10:34:16,1.59,37.92446,-122.32000,85.302,59.073,0.0,-73,1.667,0.833,0.855
2014/09/23 10:34:21,1.59,37.92549,-122.32069,91.864,56.874,0.0,-73,1.216,0.750,0.630
2014/09/23 10:34:26,1.59,37.92648,-122.32139,88.583,57.445,0.0,-73,1.273,0.958,0.938
2014/09/23 10:34:31,1.59,37.92750,-122.32212,83.333,59.523,0.0,-73,0.688,0.875,2.707
2014/09/23 10:34:36,1.59,37.92854,-122.32289,82.021,60.087,0.0,-73,0.958,0.000,1.202
2014/09/23 10:34:41,1.59,37.92959,-122.32369,89.239,60.042,0.0,-73,0.947,0.708,0.805
2014/09/23 10:34:46,2.2,37.93058,-122.32443,96.785,55.848,0.0,-73,0.858,0.875,0.593
2014/09/23 10:34:51,1.59,37.93156,-122.32515,101.706,57.318,0.0,-73,0.711,0.792,0.258
2014/09/23 10:34:56,1.59,37.93259,-122.32588,99.081,60.188,0.0,-73,0.326,0.500,0.430
2014/09/23 10:35:01,1.59,37.93370,-122.32656,94.816,62.411,0.0,-73,0.802,0.833,0.584
2014/09/23 10:35:06,2.2,37.93493,-122.32683,101.050,60.929,0.0,-73,0.972,1.042,2.918
2014/09/23 10:35:11,1.59,37.93613,-122.32663,110.236,60.604,0.0,-73,0.575,1.083,2.191
2014/09/23 10:35:16,1.59,37.93725,-122.32609,114.829,58.862,0.0,-57,0.464,1.042,1.223
2014/09/23 10:35:21,1.59,37.93833,-122.32553,113.189,58.249,0.0,-57,0.848,1.375,1.136
2014/09/23 10:35:26,1.59,37.93941,-122.32497,109.252,58.160,0.0,-57,0.707,0.875,2.099
2014/09/23 10:35:31,2.21,37.94048,-122.32442,105.315,56.989,0.0,-57,0.664,0.000,0.905
2014/09/23 10:35:36,2.21,37.94152,-122.32394,102.034,53.390,0.0,-57,0.211,0.542,3.930
2014/09/23 10:35:41,2.21,37.94261,-122.32370,100.394,56.605,0.0,-57,0.714,0.542,1.990
2014/09/23 10:35:46,2.21,37.94379,-122.32379,90.223,60.306,0.0,-55,0.732,1.125,2.509
2014/09/23 10:35:51,2.21,37.94496,-122.32423,91.864,61.510,0.0,-55,0.646,1.167,2.075
2014/09/23 10:35:56,2.21,37.94611,-122.32478,96.129,60.837,0.0,-55,0.547,0.000,1.023
2014/09/23 10:36:01,2.21,37.94725,-122.32533,104.003,60.137,0.0,-55,0.744,1.417,0.775
2014/09/23 10:36:06,2.21,37.94838,-122.32587,111.549,59.526,0.0,-55,0.639,1.417,0.846
2014/09/23 10:36:11,2.21,37.94953,-122.32642,121.391,62.089,0.0,-55,0.822,1.375,1.614
2014/09/23 10:36:16,1.59,37.95071,-122.32698,127.625,62.311,0.0,-55,1.122,0.000,3.551
2014/09/23 10:36:21,1.59,37.95187,-122.32754,133.202,61.265,0.0,-81,0.650,0.958,1.670
2014/09/23 10:36:26,1.6,37.95301,-122.32811,139.764,60.046,0.0,-81,0.682,0.958,2.822
2014/09/23 10:36:31,1.73,37.95411,-122.32873,139.764,61.000,0.0,-81,0.691,1.375,3.182
2014/09/23 10:36:36,1.6,37.95545,-122.32952,132.218,61.500,0.0,-81,0.375,0.000,2.371
2014/09/23 10:36:41,2.21,37.95659,-122.33016,131.890,64.525,0.0,-81,0.582,1.417,0.000
2014/09/23 10:36:46,2.22,37.95788,-122.33058,132.546,67.968,0.0,-81,0.965,0.458,5.531
2014/09/23 10:36:51,2.22,37.95927,-122.33062,133.858,69.039,0.0,-73,1.305,1.583,0.678
2014/09/23 10:36:56,2.22,37.96059,-122.33024,124.344,67.492,0.0,-73,1.427,0.000,1.102
2014/09/23 10:37:01,2.22,37.96179,-122.32948,104.659,65.829,0.0,-73,0.937,0.917,1.699
2014/09/23 10:37:06,1.73,37.96281,-122.32840,88.911,67.421,0.0,-73,0.801,1.417,2.278
2014/09/23 10:37:11,2.22,37.96363,-122.32702,83.990,68.237,0.0,-73,0.461,0.917,2.567
2014/09/23 10:37:16,2.69,37.96440,-122.32557,81.365,68.065,0.0,-73,0.000,0.000,0.000
2014/09/23 10:37:21,2.22,37.96513,-122.32416,89.239,64.920,0.0,-55,0.379,0.958,4.809
2014/09/23 10:37:26,2.09,37.96589,-122.32287,99.409,63.102,0.0,-55,0.616,1.417,4.431
2014/09/23 10:37:31,1.6,37.96686,-122.32184,112.205,63.197,0.0,-55,0.369,0.958,2.554
2014/09/23 10:37:36,1.93,37.96798,-122.32116,131.234,61.485,0.0,-55,1.173,1.458,0.000
2014/09/23 10:37:41,1.6,37.96919,-122.32073,148.294,63.786,0.0,-55,1.478,0.000,2.715
2014/09/23 10:37:46,2.22,37.97044,-122.32031,171.916,63.260,0.0,-55,0.570,1.000,3.146
2014/09/23 10:37:51,2.69,37.97166,-122.31989,193.898,62.533,0.0,-87,1.098,0.958,2.762
2014/09/23 10:37:56,1.74,37.97288,-122.31948,214.239,63.744,0.0,-87,0.748,1.458,3.738
2014/09/23 10:38:01,1.74,37.97412,-122.31906,235.892,63.873,0.0,-87,0.442,0.500,0.000
2014/09/23 10:38:06,1.74,37.97537,-122.31863,255.577,64.332,0.0,-87,0.141,0.000,4.783
2014/09/23 10:38:11,2.22,37.97659,-122.31822,272.638,62.160,0.0,-87,0.470,1.000,1.791
2014/09/23 10:38:16,1.74,37.97780,-122.31782,285.105,62.066,0.0,-87,1.207,1.458,1.526
2014/09/23 10:38:21,1.74,37.97903,-122.31741,286.745,63.646,0.0,-87,1.026,0.958,1.978
2014/09/23 10:38:26,1.74,37.98029,-122.31699,280.840,65.004,0.0,-93,0.371,0.000,0.000
2014/09/23 10:38:31,1.74,37.98155,-122.31657,276.575,65.126,0.0,-93,0.109,0.000,8.866
2014/09/23 10:38:36,1.74,37.98283,-122.31613,272.638,66.812,0.0,-93,0.547,1.000,2.661
2014/09/23 10:38:41,1.74,37.98417,-122.31568,269.029,69.659,0.0,-93,1.273,0.958,2.742
2014/09/23 10:38:46,1.75,37.98548,-122.31514,266.076,68.148,0.0,-93,1.542,1.458,0.000
2014/09/23 10:38:51,3.62,37.98672,-122.31438,257.874,69.052,0.0,-93,1.517,1.000,3.512
2014/09/23 10:38:56,2.22,37.98791,-122.31354,250.000,67.854,0.0,-87,0.595,0.000,3.059
2014/09/23 10:39:01,1.75,37.98900,-122.31252,237.533,67.206,0.0,-87,0.412,0.958,0.495
2014/09/23 10:39:06,1.75,37.98997,-122.31136,231.299,64.977,0.0,-87,0.826,1.458,1.289
2014/09/23 10:39:11,2.22,37.99081,-122.31011,225.394,63.933,0.0,-87,0.734,0.000,2.658
2014/09/23 10:39:16,2.22,37.99152,-122.30879,219.488,62.142,0.0,-87,0.599,1.458,0.000
2014/09/23 10:39:21,1.75,37.99212,-122.30739,206.693,63.161,0.0,-87,0.671,1.000,2.933
2014/09/23 10:39:26,1.75,37.99260,-122.30588,189.961,64.803,0.0,-57,1.171,1.458,2.531
2014/09/23 10:39:31,1.75,37.99296,-122.30431,178.478,64.285,0.0,-57,1.181,0.000,4.578
2014/09/23 10:39:36,1.75,37.99322,-122.30268,171.260,65.186,0.0,-57,1.014,1.000,1.927
2014/09/23 10:39:41,1.75,37.99343,-122.30109,162.402,63.432,0.0,-57,1.301,1.000,1.210
2014/09/23 10:39:46,1.77,37.99365,-122.29950,156.496,62.728,0.0,-57,1.413,1.458,1.536
2014/09/23 10:39:51,1.75,37.99387,-122.29793,141.732,62.561,0.0,-57,0.627,0.958,2.598
2014/09/23 10:39:56,1.75,37.99409,-122.29636,130.906,62.540,0.0,-53,1.078,0.000,1.706
2014/09/23 10:40:01,1.76,37.99431,-122.29481,118.110,62.198,0.0,-53,1.566,1.542,1.135
2014/09/23 10:40:06,1.76,37.99452,-122.29324,105.643,63.561,0.0,-53,0.354,1.000,2.302
2014/09/23 10:40:11,1.76,37.99475,-122.29166,92.848,62.688,0.0,-53,0.569,1.000,1.441
2014/09/23 10:40:16,2.51,37.99508,-122.29011,76.772,64.234,0.0,-53,0.564,0.958,1.370
2014/09/23 10:40:21,1.76,37.99560,-122.28861,61.024,64.519,0.0,-53,0.305,0.000,4.074
2014/09/23 10:40:26,1.76,37.99633,-122.28719,65.289,66.455,0.0,-53,0.798,1.042,3.330
2014/09/23 10:40:31,1.76,37.99725,-122.28591,77.756,67.987,0.0,-75,0.751,0.500,0.000
2014/09/23 10:40:36,1.76,37.99830,-122.28485,90.551,67.433,0.0,-75,1.201,1.000,2.779
2014/09/23 10:40:41,2.22,37.99940,-122.28382,104.331,68.285,0.0,-75,1.200,0.000,0.566
2014/09/23 10:40:46,2.22,38.00051,-122.28279,119.094,68.911,0.0,-75,0.755,0.000,1.895
2014/09/23 10:40:51,1.76,38.00163,-122.28175,132.874,68.726,0.0,-75,0.403,0.042,0.177
2014/09/23 10:40:56,2.22,38.00274,-122.28073,137.139,67.450,0.0,-75,0.447,0.875,0.602
2014/09/23 10:41:01,2.22,38.00383,-122.27972,130.249,67.866,0.0,-87,0.117,0.542,3.423
2014/09/23 10:41:06,2.22,38.00495,-122.27868,118.438,69.485,0.0,-87,0.000,1.083,0.298
2014/09/23 10:41:11,2.22,38.00608,-122.27763,106.299,70.022,0.0,-87,0.880,1.708,0.269
2014/09/23 10:41:16,2.22,38.00719,-122.27660,94.816,67.353,0.0,-87,0.708,1.875,0.386
2014/09/23 10:41:21,1.77,38.00831,-122.27556,83.333,70.337,0.0,-87,1.060,1.708,0.418
2014/09/23 10:41:26,1.77,38.00945,-122.27450,84.318,69.737,0.0,-87,1.060,1.875,0.434
2014/09/23 10:41:31,1.77,38.01056,-122.27345,93.832,67.751,0.0,-67,0.909,1.750,0.517
2014/09/23 10:41:36,1.77,38.01164,-122.27245,95.144,66.461,0.0,-67,0.612,1.667,0.359
2014/09/23 10:41:41,1.77,38.01272,-122.27145,87.270,67.103,0.0,-67,0.778,1.125,0.538
2014/09/23 10:41:46,1.77,38.01382,-122.27043,80.052,67.786,0.0,-67,0.554,1.208,0.509
2014/09/23 10:41:51,1.77,38.01492,-122.26943,86.942,67.330,0.0,-67,1.162,0.000,0.000
2014/09/23 10:41:56,1.77,38.01604,-122.26838,100.066,70.226,0.0,-67,0.770,0.875,3.938
2014/09/23 10:42:01,1.77,38.01718,-122.26729,109.580,70.736,0.0,-55,1.126,1.375,0.369
2014/09/23 10:42:06,3.54,38.01832,-122.26624,114.173,70.184,0.0,-55,0.483,1.750,0.453
2014/09/23 10:42:11,3.54,38.01946,-122.26518,101.706,71.048,0.0,-55,0.757,1.667,0.217
2014/09/23 10:42:16,2.22,38.02060,-122.26413,89.567,69.056,0.0,-55,0.942,1.292,0.210
2014/09/23 10:42:21,1.77,38.02172,-122.26309,71.522,68.860,0.0,-55,0.703,1.458,0.237
2014/09/23 10:42:26,1.78,38.02284,-122.26204,65.945,70.807,0.0,-55,0.981,1.542,0.281
2014/09/23 10:42:31,1.78,38.02399,-122.26097,79.396,69.234,0.0,-55,0.554,1.000,0.167
2014/09/23 10:42:36,2.22,38.02506,-122.25998,92.520,64.608,0.0,-63,1.232,1.708,0.382
2014/09/23 10:42:41,2.22,38.02609,-122.25903,106.627,62.618,0.0,-63,1.572,1.833,0.483
2014/09/23 10:42:46,2.22,38.02712,-122.25807,121.391,63.817,0.0,-63,1.522,1.625,0.484
2014/09/23 10:42:51,2.22,38.02816,-122.25710,135.827,64.320,0.0,-63,1.892,1.750,0.502
2014/09/23 10:42:56,2.22,38.02923,-122.25611,151.903,67.304,0.0,-63,0.817,1.833,0.490
2014/09/23 10:43:01,2.22,38.03027,-122.25515,166.339,62.563,0.0,-63,0.806,1.708,0.495
2014/09/23 10:43:06,1.78,38.03128,-122.25420,181.102,61.826,0.0,-79,1.238,1.417,1.358
2014/09/23 10:43:11,1.8,38.03228,-122.25327,193.898,62.142,0.0,-79,0.308,0.000,0.351
2014/09/23 10:43:16,2.4,38.03331,-122.25231,197.178,64.539,0.0,-79,1.295,0.667,0.582
2014/09/23 10:43:21,1.8,38.03437,-122.25132,198.163,67.505,0.0,-79,1.773,1.208,1.250
2014/09/23 10:43:26,1.81,38.03550,-122.25027,199.147,70.258,0.0,-79,1.504,0.875,0.417
2014/09/23 10:43:31,1.78,38.03659,-122.24926,200.131,65.168,0.0,-79,1.222,1.125,0.294
2014/09/23 10:43:36,1.78,38.03764,-122.24827,203.084,65.470,0.0,-75,1.120,1.083,0.710
2014/09/23 10:43:41,1.79,38.03867,-122.24721,207.677,66.292,0.0,-75,0.749,1.417,1.067
2014/09/23 10:43:46,1.79,38.03959,-122.24596,212.598,68.214,0.0,-75,0.466,1.917,3.037
2014/09/23 10:43:51,2.22,38.04054,-122.24462,217.192,72.256,0.0,-75,0.401,0.958,0.000
2014/09/23 10:43:56,2.22,38.04147,-122.24330,221.129,67.225,0.0,-75,0.459,0.000,4.123
2014/09/23 10:44:01,1.79,38.04238,-122.24202,225.066,68.038,0.0,-75,0.583,1.458,3.202
2014/09/23 10:44:06,1.79,38.04329,-122.24073,230.315,66.276,0.0,-99,0.136,0.542,4.607
2014/09/23 10:44:11,1.79,38.04413,-122.23955,237.533,60.438,0.0,-99,0.622,1.542,1.552
2014/09/23 10:44:16,2.22,38.04495,-122.23839,241.798,62.068,0.0,-99,1.078,0.000,0.456
2014/09/23 10:44:21,2.22,38.04577,-122.23722,246.063,60.372,0.0,-99,0.835,2.125,0.210
2014/09/23 10:44:26,2.22,38.04660,-122.23605,249.672,62.723,0.0,-99,1.455,1.583,0.257
2014/09/23 10:44:31,3.47,38.04743,-122.23488,251.969,62.126,0.0,-99,0.868,2.000,1.189
2014/09/23 10:44:36,2.22,38.04825,-122.23370,251.640,62.046,0.0,-99,1.190,2.042,0.000
2014/09/23 10:44:42,2.22,38.04910,-122.23250,240.814,63.610,0.0,-97,0.723,2.542,1.502
2014/09/23 10:44:47,2.22,38.04996,-122.23127,223.425,65.121,0.0,-97,1.110,0.000,0.000
2014/09/23 10:44:52,2.22,38.05084,-122.23002,207.677,65.814,0.0,-97,1.033,1.917,1.066
2014/09/23 10:44:57,2.22,38.05173,-122.22876,189.961,66.817,0.0,-97,1.074,1.292,2.231
2014/09/23 10:45:02,1.8,38.05262,-122.22749,180.774,66.590,0.0,-97,1.484,1.958,1.982
2014/09/23 10:45:07,1.8,38.05350,-122.22625,172.900,63.829,0.0,-97,1.054,1.958,1.427
2014/09/23 10:45:12,1.8,38.05444,-122.22526,159.449,59.466,0.0,-57,1.066,1.917,1.950
2014/09/23 10:45:17,1.8,38.05551,-122.22482,149.606,55.664,0.0,-57,1.049,0.000,2.177
2014/09/23 10:45:22,1.8,38.05658,-122.22482,150.591,52.502,0.0,-57,1.349,1.958,0.000
2014/09/23 10:45:27,1.8,38.05764,-122.22491,153.215,51.811,0.0,-57,0.728,1.958,3.315
2014/09/23 10:45:32,1.8,38.05864,-122.22500,157.152,48.755,0.0,-57,0.711,2.000,2.070
2014/09/23 10:45:37,1.8,38.05961,-122.22509,159.449,47.747,0.0,-57,0.752,2.042,1.390
2014/09/23 10:45:42,1.8,38.06058,-122.22515,171.260,48.526,0.0,-65,0.927,0.000,1.351
2014/09/23 10:45:47,1.8,38.06157,-122.22520,178.806,49.508,0.0,-65,0.706,1.333,0.973
2014/09/23 10:45:52,2.6,38.06262,-122.22530,182.743,55.217,0.0,-65,1.084,1.333,1.012
2014/09/23 10:45:57,1.8,38.06375,-122.22541,182.743,55.915,0.0,-65,1.365,1.333,0.698
2014/09/23 10:46:02,1.8,38.06484,-122.22551,181.759,52.475,0.0,-65,0.849,0.000,0.963
2014/09/23 10:46:07,2.07,38.06576,-122.22560,187.992,42.236,0.0,-65,1.292,1.333,1.518
2014/09/23 10:46:12,2.68,38.06664,-122.22571,178.806,44.864,0.0,-59,1.633,1.333,0.000
2014/09/23 10:46:17,2.68,38.06755,-122.22597,176.509,48.291,0.0,-59,1.267,0.000,3.781
2014/09/23 10:46:22,2.22,38.06835,-122.22635,176.181,37.577,0.0,-59,1.067,0.000,0.161
2014/09/23 10:46:27,2.22,38.06893,-122.22664,177.493,23.631,0.0,-59,1.567,0.000,0.178
2014/09/23 10:46:32,1.91,38.06935,-122.22686,179.462,26.977,0.0,-59,0.913,0.167,0.750
2014/09/23 10:46:37,1.81,38.06997,-122.22719,170.932,37.923,0.0,-59,1.475,0.917,1.050
2014/09/23 10:46:42,2.61,38.07072,-122.22761,165.682,43.024,0.0,-59,0.000,0.875,0.237
2014/09/23 10:46:47,3.41,38.07152,-122.22820,152.559,48.767,0.0,-55,0.626,1.208,1.106
2014/09/23 10:46:52,1.81,38.07239,-122.22893,138.451,54.297,0.0,-55,0.666,0.875,1.035
2014/09/23 10:46:57,1.81,38.07335,-122.22971,123.688,58.522,0.0,-55,0.898,1.292,1.430
2014/09/23 10:47:02,1.81,38.07440,-122.23049,108.268,62.680,0.0,-55,0.672,1.458,1.195
2014/09/23 10:47:07,1.81,38.07551,-122.23131,102.362,65.305,0.0,-55,0.583,0.000,2.274
2014/09/23 10:47:12,1.81,38.07672,-122.23203,98.425,66.987,0.0,-55,0.852,1.083,2.322
2014/09/23 10:47:17,1.81,38.07800,-122.23257,91.864,69.225,0.0,-73,1.461,1.458,1.838
2014/09/23 10:47:22,1.82,38.07941,-122.23298,74.147,74.022,0.0,-73,2.080,1.292,4.891
2014/09/23 10:47:27,1.82,38.08092,-122.23323,60.696,76.708,0.0,-73,1.013,0.458,0.000
2014/09/23 10:47:32,1.82,38.08244,-122.23327,59.383,74.247,0.0,-73,0.714,1.042,2.789
2014/09/23 10:47:37,1.82,38.08390,-122.23312,56.430,72.139,0.0,-73,0.852,0.000,2.317
2014/09/23 10:47:42,1.82,38.08532,-122.23280,54.134,70.672,0.0,-73,1.213,1.292,2.579
2014/09/23 10:47:47,1.82,38.08665,-122.23233,43.963,67.929,0.0,-65,0.987,0.917,4.967
2014/09/23 10:47:52,1.82,38.08795,-122.23179,32.480,67.903,0.0,-65,0.689,0.000,0.393
2014/09/23 10:47:57,1.82,38.08922,-122.23124,28.871,65.124,0.0,-65,1.008,1.583,0.649
2014/09/23 10:48:02,1.82,38.09047,-122.23071,32.152,66.119,0.0,-65,1.012,1.542,1.713
2014/09/23 10:48:07,1.82,38.09173,-122.23026,35.761,63.727,0.0,-65,1.024,1.042,3.412
2014/09/23 10:48:12,1.82,38.09293,-122.23001,50.197,59.776,0.0,-65,1.337,0.000,1.823
2014/09/23 10:48:17,1.82,38.09410,-122.22986,68.241,57.134,0.0,-71,1.066,1.500,3.098
2014/09/23 10:48:22,1.86,38.09519,-122.22976,83.661,52.820,0.0,-71,0.795,1.042,3.130
2014/09/23 10:48:27,1.86,38.09623,-122.22972,85.302,52.046,0.0,-71,1.467,1.000,0.000
2014/09/23 10:48:32,1.86,38.09731,-122.22970,83.990,54.719,0.0,-71,0.418,0.000,2.850
2014/09/23 10:48:37,1.86,38.09842,-122.22970,80.381,56.151,0.0,-71,0.441,1.042,4.076
2014/09/23 10:48:42,1.83,38.09956,-122.22967,73.491,57.047,0.0,-71,0.476,0.542,1.071
2014/09/23 10:48:47,1.91,38.10073,-122.22965,64.961,56.849,0.0,-71,1.121,1.000,1.241
2014/09/23 10:48:52,1.92,38.10189,-122.22963,57.743,57.874,0.0,-71,0.925,0.000,1.255
2014/09/23 10:48:57,1.92,38.10307,-122.22961,55.446,59.129,0.0,-71,0.677,1.542,1.969
2014/09/23 10:49:02,1.92,38.10427,-122.22960,50.853,59.239,0.0,-71,0.825,1.042,3.787
2014/09/23 10:49:07,1.92,38.10548,-122.22958,51.509,60.229,0.0,-71,0.725,1.000,0.971
2014/09/23 10:49:12,1.92,38.10668,-122.22957,52.822,59.327,0.0,-71,0.943,0.000,0.000
2014/09/23 10:49:17,1.92,38.10787,-122.22956,53.150,58.682,0.0,-71,0.355,1.542,2.883
2014/09/23 10:49:22,1.92,38.10907,-122.22954,49.869,59.781,0.0,-61,0.914,1.000,1.267
2014/09/23 10:49:27,1.92,38.11028,-122.22952,55.774,59.580,0.0,-61,1.169,1.542,2.398
2014/09/23 10:49:32,1.92,38.11147,-122.22959,61.352,58.629,0.0,-61,0.538,0.708,0.227
2014/09/23 10:49:37,1.92,38.11264,-122.22967,70.866,58.276,0.0,-61,0.253,0.000,0.000
2014/09/23 10:49:42,1.92,38.11380,-122.22976,85.958,56.885,0.0,-61,0.732,0.500,1.375
2014/09/23 10:49:47,1.92,38.11492,-122.22985,102.034,56.487,0.0,-61,0.834,1.000,1.942
2014/09/23 10:49:52,1.92,38.11607,-122.22994,113.189,57.753,0.0,-85,0.627,0.000,0.000
2014/09/23 10:49:57,1.93,38.11725,-122.23003,120.079,59.068,0.0,-85,0.000,1.542,4.135
2014/09/23 10:50:02,1.93,38.11844,-122.23013,125.328,60.523,0.0,-85,0.105,0.542,3.334
2014/09/23 10:50:07,1.93,38.11967,-122.23023,129.593,61.027,0.0,-85,0.259,0.000,1.683
2014/09/23 10:50:12,2.18,38.12088,-122.23024,130.906,60.975,0.0,-85,0.485,1.042,1.490
2014/09/23 10:50:17,1.93,38.12212,-122.23008,139.436,62.559,0.0,-85,1.110,1.500,2.130
2014/09/23 10:50:22,2.06,38.12333,-122.22973,141.732,59.432,0.0,-71,1.268,1.042,2.643
2014/09/23 10:50:27,1.93,38.12450,-122.22925,136.483,61.273,0.0,-71,0.925,0.000,3.883
2014/09/23 10:50:32,1.93,38.12562,-122.22859,131.562,62.173,0.0,-71,0.528,1.042,1.522
2014/09/23 10:50:37,1.93,38.12675,-122.22787,120.735,63.270,0.0,-71,1.322,1.542,0.000
2014/09/23 10:50:42,1.93,38.12786,-122.22715,113.845,60.928,0.0,-71,0.546,0.000,4.578
2014/09/23 10:50:47,1.93,38.12893,-122.22647,114.501,57.492,0.0,-71,0.896,1.000,1.982
2014/09/23 10:50:52,1.93,38.12995,-122.22581,110.892,57.182,0.0,-69,1.441,0.000,3.118
2014/09/23 10:50:57,1.94,38.13101,-122.22514,105.971,60.509,0.0,-69,1.041,1.250,3.182
2014/09/23 10:51:02,1.94,38.13212,-122.22443,103.675,63.159,0.0,-69,0.759,1.000,0.000
2014/09/23 10:51:07,1.94,38.13325,-122.22371,103.675,63.441,0.0,-69,0.887,0.000,3.099
2014/09/23 10:51:12,1.94,38.13440,-122.22298,107.283,63.899,0.0,-69,0.663,1.542,2.703
2014/09/23 10:51:17,1.94,38.13559,-122.22222,109.580,68.087,0.0,-69,0.923,1.000,1.795
2014/09/23 10:51:22,1.94,38.13684,-122.22142,114.501,71.775,0.0,-69,0.895,1.542,1.550
2014/09/23 10:51:27,1.94,38.13815,-122.22059,132.218,72.796,0.0,-77,1.301,0.000,4.782
2014/09/23 10:51:32,2.07,38.13945,-122.21975,162.073,71.948,0.0,-77,0.815,1.042,2.686
2014/09/23 10:51:37,1.94,38.14075,-122.21893,196.850,71.905,0.0,-77,0.963,0.500,0.000
2014/09/23 10:51:42,1.94,38.14204,-122.21811,232.283,70.964,0.0,-77,0.892,0.542,0.974
2014/09/23 10:51:47,1.94,38.14331,-122.21741,260.171,69.161,0.0,-77,1.176,1.000,1.291
2014/09/23 10:51:52,1.94,38.14463,-122.21692,286.417,67.184,0.0,-77,0.631,0.000,0.000
2014/09/23 10:51:57,2.76,38.14595,-122.21666,312.336,66.035,0.0,-73,0.420,1.042,3.626
2014/09/23 10:52:02,1.95,38.14720,-122.21663,330.052,59.622,0.0,-73,0.104,0.000,0.000
2014/09/23 10:52:07,1.95,38.14846,-122.21672,352.034,63.951,0.0,-73,0.000,0.000,0.000
2014/09/23 10:52:12,1.95,38.14970,-122.21676,373.688,59.982,0.0,-73,0.000,0.000,0.000
2014/09/23 10:52:17,1.85,38.15091,-122.21661,396.982,60.902,0.0,-73,0.000,0.000,5.391
2014/09/23 10:52:22,1.85,38.15212,-122.21627,419.619,62.797,0.0,-73,0.000,0.000,0.000
2014/09/23 10:52:27,1.86,38.15352,-122.21564,426.509,61.203,0.0,-89,0.000,0.000,9.055
2014/09/23 10:52:32,1.86,38.15462,-122.21493,423.556,62.135,0.0,-89,0.000,0.000,1.986
2014/09/23 10:52:37,2.07,38.15572,-122.21415,413.714,62.433,0.0,-89,0.044,0.125,0.423
2014/09/23 10:52:42,1.86,38.15680,-122.21339,395.669,60.305,0.0,-89,2.278,0.833,0.318
2014/09/23 10:52:47,1.86,38.15787,-122.21263,373.360,60.889,0.0,-89,1.000,0.000,0.598
2014/09/23 10:52:52,1.86,38.15897,-122.21185,355.643,64.659,0.0,-89,1.459,0.833,0.240
2014/09/23 10:52:57,1.86,38.16011,-122.21104,350.394,64.974,0.0,-69,0.906,0.875,0.390
2014/09/23 10:53:02,1.86,38.16123,-122.21024,361.549,63.169,0.0,-69,0.948,1.292,1.211
2014/09/23 10:53:07,2.07,38.16233,-122.20945,382.874,62.183,0.0,-69,0.535,0.958,0.906
2014/09/23 10:53:12,1.86,38.16335,-122.20854,405.840,62.289,0.0,-69,0.949,1.000,0.793
2014/09/23 10:53:17,1.86,38.16423,-122.20749,427.165,58.544,0.0,-69,0.944,1.208,0.601
2014/09/23 10:53:22,1.86,38.16495,-122.20634,442.257,56.759,0.0,-69,0.732,1.000,0.930
2014/09/23 10:53:27,1.86,38.16567,-122.20524,452.428,55.569,0.0,-69,0.896,0.833,1.026
2014/09/23 10:53:32,2.2,38.16639,-122.20414,455.052,56.269,0.0,-83,0.814,0.875,0.775
2014/09/23 10:53:37,1.89,38.16712,-122.20303,453.084,56.012,0.0,-83,1.747,1.000,0.694
2014/09/23 10:53:42,1.86,38.16779,-122.20195,449.475,51.867,0.0,-83,1.436,1.250,0.672
2014/09/23 10:53:47,1.87,38.16837,-122.20093,443.241,47.189,0.0,-83,0.887,0.875,1.070
2014/09/23 10:53:52,1.87,38.16877,-122.20000,450.459,32.988,0.0,-83,0.876,1.083,0.637
2014/09/23 10:53:57,1.87,38.16892,-122.19958,454.724,7.632,0.0,-83,0.000,1.208,0.282
2014/09/23 10:54:02,1.89,38.16893,-122.19943,456.365,11.130,0.0,-69,1.222,0.875,0.582
2014/09/23 10:54:07,1.87,38.16869,-122.19914,450.459,19.952,0.0,-69,1.111,0.958,0.894
2014/09/23 10:54:12,1.9,38.16835,-122.19896,458.990,20.714,0.0,-69,0.959,1.250,0.688
2014/09/23 10:54:17,1.87,38.16792,-122.19891,469.488,23.158,0.0,-69,0.763,0.000,1.131
2014/09/23 10:54:22,1.9,38.16741,-122.19910,477.362,28.431,0.0,-69,0.711,0.875,0.958
2014/09/23 10:54:28,1.91,38.16686,-122.19944,489.829,31.720,0.0,-69,1.315,0.958,0.629
2014/09/23 10:54:33,1.97,38.16621,-122.19956,501.640,34.324,0.0,-59,0.668,1.375,0.923
2014/09/23 10:54:38,1.87,38.16551,-122.19937,516.076,37.062,0.0,-59,0.261,0.958,0.880
2014/09/23 10:54:43,1.87,38.16487,-122.19885,528.215,38.429,0.0,-59,0.631,1.208,0.662
2014/09/23 10:54:48,1.87,38.16424,-122.19833,551.837,36.441,0.0,-59,1.150,1.083,1.279
2014/09/23 10:54:53,1.87,38.16365,-122.19798,574.147,29.173,0.0,-59,1.391,1.000,1.011
2014/09/23 10:54:58,1.87,38.16319,-122.19750,584.318,29.101,0.0,-59,1.931,1.208,0.634
2014/09/23 10:55:03,1.87,38.16288,-122.19682,594.488,32.077,0.0,-55,1.572,1.000,1.239
2014/09/23 10:55:08,1.87,38.16270,-122.19603,595.801,32.435,0.0,-55,1.519,0.000,0.911
2014/09/23 10:55:13,1.88,38.16240,-122.19528,586.286,33.011,0.0,-55,1.344,0.958,1.410
2014/09/23 10:55:18,1.88,38.16186,-122.19470,572.178,38.144,0.0,-55,0.699,0.750,1.003
2014/09/23 10:55:23,2.19,38.16115,-122.19417,561.352,42.915,0.0,-55,1.150,0.833,1.007
2014/09/23 10:55:28,2.19,38.16042,-122.19357,536.745,41.915,0.0,-55,0.880,1.167,0.813
2014/09/23 10:55:33,2.19,38.15994,-122.19274,523.294,39.731,0.0,-55,0.868,1.208,1.519
2014/09/23 10:55:38,1.91,38.15978,-122.19176,523.622,40.563,0.0,-81,0.843,1.250,1.816
2014/09/23 10:55:43,1.93,38.15971,-122.19070,510.171,43.373,0.0,-81,1.140,1.750,2.503
2014/09/23 10:55:48,1.93,38.15962,-122.18960,490.157,44.078,0.0,-81,0.665,1.417,2.719
2014/09/23 10:55:53,1.88,38.15954,-122.18848,468.176,43.620,0.0,-81,0.792,0.000,1.519
2014/09/23 10:55:58,1.91,38.15945,-122.18745,448.491,38.205,0.0,-81,1.473,1.375,1.672
2014/09/23 10:56:03,2.19,38.15931,-122.18654,436.024,33.484,0.0,-81,1.576,1.417,2.998
2014/09/23 10:56:08,1.88,38.15907,-122.18581,424.869,20.630,0.0,-77,0.925,0.917,3.023
2014/09/23 10:56:13,1.88,38.15883,-122.18537,416.667,21.806,0.0,-77,1.254,1.417,1.898
2014/09/23 10:56:18,1.88,38.15855,-122.18506,416.995,11.784,0.0,-77,1.283,0.917,0.000
2014/09/23 10:56:23,1.91,38.15835,-122.18519,428.806,14.019,0.0,-77,0.818,0.917,3.998
2014/09/23 10:56:28,2.71,38.15830,-122.18563,441.929,13.166,0.0,-77,1.257,0.000,1.702
2014/09/23 10:56:33,1.88,38.15830,-122.18574,442.585,4.506,0.0,-77,0.526,1.417,1.815
2014/09/23 10:56:38,1.88,38.15839,-122.18576,443.241,6.555,0.0,-63,1.181,0.917,3.283
2014/09/23 10:56:43,1.89,38.15849,-122.18575,443.898,5.026,0.0,-63,1.325,0.958,1.797
2014/09/23 10:56:48,1.89,38.15849,-122.18575,451.772,0.189,0.0,-63,0.737,1.375,1.223
2014/09/23 10:56:53,1.89,38.15849,-122.18573,458.661,0.131,0.0,-63,1.271,0.958,2.385
2014/09/23 10:56:58,1.89,38.15848,-122.18571,465.879,0.095,0.0,-63,1.369,1.375,1.983
2014/09/23 10:57:03,1.89,38.15848,-122.18569,476.378,0.088,0.0,-63,1.855,0.000,2.530
2014/09/23 10:57:08,1.89,38.15848,-122.18568,484.580,0.097,0.0,-77,1.055,1.458,2.582
2014/09/23 10:57:13,1.89,38.15848,-122.18566,494.423,0.057,0.0,-77,1.064,0.958,2.639
2014/09/23 10:57:18,1.89,38.15848,-122.18565,501.640,0.032,0.0,-77,1.064,1.458,2.771
2014/09/23 10:57:23,1.89,38.15848,-122.18565,503.937,0.022,0.0,-77,0.470,1.000,1.846
2014/09/23 10:57:28,1.89,38.15848,-122.18564,504.921,0.036,0.0,-77,0.758,0.000,2.662
2014/09/23 10:57:33,1.89,38.15848,-122.18564,501.969,0.017,0.0,-77,1.191,1.458,1.115
2014/09/23 10:57:38,1.89,38.15848,-122.18565,496.391,0.039,0.0,-79,1.181,1.458,2.906
2014/09/23 10:57:43,1.89,38.15847,-122.18565,492.126,0.011,0.0,-79,1.339,0.958,0.000
2014/09/23 10:57:48,1.89,38.15847,-122.18565,488.189,0.012,0.0,-79,0.373,0.000,2.535
2014/09/23 10:57:53,1.89,38.15847,-122.18565,485.892,0.058,0.0,-79,0.816,1.458,2.671
2014/09/23 10:57:58,1.89,38.15847,-122.18565,487.205,0.024,0.0,-79,0.870,1.375,1.697
2014/09/23 10:58:03,1.89,38.15847,-122.18565,490.486,0.054,0.0,-79,1.132,1.500,2.490
2014/09/23 10:58:08,1.89,38.15848,-122.18564,495.079,0.049,0.0,-79,0.586,0.958,1.302
2014/09/23 10:58:13,1.89,38.15848,-122.18564,499.672,0.063,0.0,-77,0.663,0.958,2.947
2014/09/23 10:58:18,1.9,38.15848,-122.18563,502.953,0.060,0.0,-77,1.597,0.000,1.943
2014/09/23 10:58:23,1.9,38.15848,-122.18563,505.906,0.020,0.0,-77,2.361,1.458,1.050
2014/09/23 10:58:28,1.9,38.15849,-122.18563,509.186,0.014,0.0,-77,1.664,1.000,0.986
2014/09/23 10:58:33,1.9,38.15849,-122.18562,512.467,0.006,0.0,-77,0.781,1.458,1.371
2014/09/23 10:58:38,1.9,38.15849,-122.18562,515.748,0.049,0.0,-77,0.683,0.000,3.294
2014/09/23 10:58:43,1.9,38.15849,-122.18562,517.388,0.057,0.0,-77,0.800,1.458,2.110
2014/09/23 10:58:48,2.72,38.15848,-122.18562,514.764,0.048,0.0,-77,1.103,1.000,0.000
2014/09/23 10:58:53,2.72,38.15848,-122.18563,509.186,0.030,0.0,-77,0.983,1.458,2.390
2014/09/23 10:58:58,2.72,38.15847,-122.18563,504.593,0.028,0.0,-77,1.001,0.958,3.788
2014/09/23 10:59:03,1.9,38.15847,-122.18563,501.312,0.114,0.0,-77,0.880,0.000,2.209
2014/09/23 10:59:08,1.9,38.15847,-122.18564,497.047,0.096,0.0,-77,1.842,1.500,1.186
2014/09/23 10:59:13,1.9,38.15847,-122.18565,492.454,0.066,0.0,-81,1.456,1.125,2.098
2014/09/23 10:59:18,1.9,38.15847,-122.18566,488.517,0.080,0.0,-81,2.036,1.000,2.733
2014/09/23 10:59:23,1.9,38.15848,-122.18566,486.877,0.042,0.0,-81,0.997,1.458,2.171
2014/09/23 10:59:28,1.9,38.15848,-122.18567,485.892,0.117,0.0,-81,1.095,0.000,0.000
2014/09/23 10:59:33,1.9,38.15849,-122.18566,483.596,0.039,0.0,-81,1.267,1.000,5.214
2014/09/23 10:59:38,1.9,38.15849,-122.18566,482.612,0.061,0.0,-81,1.100,1.083,1.966
2014/09/23 10:59:43,1.9,38.15849,-122.18567,480.971,0.014,0.0,-79,0.650,1.625,1.711
2014/09/23 10:59:48,1.9,38.15849,-122.18567,479.987,0.053,0.0,-79,0.958,1.042,2.962
2014/09/23 10:59:53,1.9,38.15849,-122.18567,479.331,0.006,0.0,-79,0.998,0.000,2.577
2014/09/23 10:59:58,1.91,38.15849,-122.18567,478.346,0.029,0.0,-79,1.132,0.000,0.173
2014/09/23 11:00:03,1.91,38.15849,-122.18567,477.690,0.019,0.0,-79,1.679,0.125,0.169
2014/09/23 11:00:08,1.91,38.15849,-122.18567,475.394,0.006,0.0,-79,0.683,1.000,0.747
2014/09/23 11:00:13,1.91,38.15849,-122.18567,472.769,0.041,0.0,-79,1.111,1.208,0.654
2014/09/23 11:00:18,1.91,38.15848,-122.18568,467.192,0.017,0.0,-79,0.611,1.083,0.669
2014/09/23 11:00:23,1.91,38.15847,-122.18569,458.005,0.030,0.0,-79,1.342,0.875,0.798
2014/09/23 11:00:28,1.91,38.15846,-122.18569,453.412,0.078,0.0,-79,1.989,1.125,0.631
2014/09/23 11:00:33,1.91,38.15846,-122.18570,450.459,0.065,0.0,-79,1.917,1.125,0.702
2014/09/23 11:00:38,1.91,38.15846,-122.18570,449.147,0.019,0.0,-79,1.212,0.833,0.934
2014/09/23 11:00:43,1.91,38.15846,-122.18570,448.491,0.010,0.0,-79,0.949,1.125,0.790
2014/09/23 11:00:48,1.91,38.15846,-122.18570,449.147,0.086,0.0,-79,1.308,1.250,0.641
2014/09/23 11:00:53,1.91,38.15847,-122.18570,453.084,0.124,0.0,-79,1.272,0.000,0.908
2014/09/23 11:00:58,1.91,38.15847,-122.18569,456.037,0.014,0.0,-79,0.641,0.833,0.769
2014/09/23 11:01:03,2.16,38.15847,-122.18568,459.318,0.011,0.0,-79,1.031,1.125,0.666
2014/09/23 11:01:08,1.91,38.15847,-122.18568,460.302,0.044,0.0,-79,1.429,1.083,1.222
2014/09/23 11:01:13,1.91,38.15848,-122.18568,461.942,0.096,0.0,-79,0.883,0.875,0.170
2014/09/23 11:01:18,2.16,38.15848,-122.18568,463.255,0.023,0.0,-79,0.665,0.917,0.502
2014/09/23 11:01:23,2.16,38.15849,-122.18568,462.270,0.062,0.0,-79,1.261,1.250,0.591
2014/09/23 11:01:28,2.16,38.15849,-122.18569,458.333,0.087,0.0,-79,0.660,1.208,1.942
2014/09/23 11:01:33,1.91,38.15850,-122.18570,454.396,0.043,0.0,-79,1.180,1.417,2.338
2014/09/23 11:01:38,2.16,38.15851,-122.18570,455.052,0.095,0.0,-79,1.409,1.292,2.110
2014/09/23 11:01:43,2.16,38.15851,-122.18570,456.365,0.044,0.0,-79,1.132,1.292,3.481
2014/09/23 11:01:48,2.16,38.15852,-122.18570,455.709,0.032,0.0,-81,1.156,0.000,2.415
2014/09/23 11:01:53,2.16,38.15851,-122.18570,451.115,0.029,0.0,-81,1.581,1.292,1.211
2014/09/23 11:01:58,2.16,38.15851,-122.18571,446.194,0.092,0.0,-81,0.749,1.292,1.851
2014/09/23 11:02:03,2.16,38.15850,-122.18571,440.289,0.043,0.0,-81,1.034,1.333,1.583
2014/09/23 11:02:08,2.16,38.15849,-122.18571,437.992,0.021,0.0,-81,1.604,1.292,2.098
2014/09/23 11:02:13,2.16,38.15849,-122.18571,437.664,0.005,0.0,-81,1.657,0.000,2.710
2014/09/23 11:02:18,2.16,38.15850,-122.18571,440.945,0.029,0.0,-81,1.071,0.917,2.423
2014/09/23 11:02:23,2.15,38.15850,-122.18570,443.898,0.052,0.0,-79,1.248,1.333,2.299
2014/09/23 11:02:28,2.15,38.15850,-122.18570,447.835,0.038,0.0,-79,0.884,1.375,2.690
2014/09/23 11:02:33,2.15,38.15851,-122.18569,452.100,0.041,0.0,-79,1.236,0.000,1.466
2014/09/23 11:02:38,2.15,38.15851,-122.18569,452.428,0.091,0.0,-79,1.269,1.625,1.326
2014/09/23 11:02:43,2.97,38.15851,-122.18569,451.772,0.035,0.0,-79,1.134,1.333,2.979
2014/09/23 11:02:48,1.92,38.15850,-122.18570,449.475,0.048,0.0,-79,1.044,0.958,3.110
2014/09/23 11:02:53,1.92,38.15850,-122.18571,443.898,0.082,0.0,-77,1.143,1.375,1.749
2014/09/23 11:02:58,1.92,38.15851,-122.18573,439.961,0.052,0.0,-77,1.082,0.000,0.000
2014/09/23 11:03:03,1.92,38.15851,-122.18574,435.696,0.025,0.0,-77,1.107,1.417,4.159
2014/09/23 11:03:08,1.92,38.15851,-122.18575,432.087,0.015,0.0,-77,1.515,1.375,2.435
2014/09/23 11:03:13,2.15,38.15851,-122.18575,430.446,0.031,0.0,-77,0.679,0.000,1.903
2014/09/23 11:03:18,2.15,38.15851,-122.18575,429.134,0.027,0.0,-77,1.241,1.417,3.026
2014/09/23 11:03:23,1.92,38.15850,-122.18574,428.150,0.028,0.0,-79,1.207,0.917,1.922
2014/09/23 11:03:28,1.92,38.15850,-122.18574,427.493,0.089,0.0,-79,1.313,1.375,1.875
2014/09/23 11:03:33,1.92,38.15849,-122.18574,427.822,0.015,0.0,-79,1.267,0.958,3.414
2014/09/23 11:03:38,1.92,38.15849,-122.18573,428.150,0.061,0.0,-79,1.639,0.917,1.682
2014/09/23 11:03:43,1.92,38.15849,-122.18573,430.446,0.033,0.0,-79,1.201,1.417,2.279
2014/09/23 11:03:48,2.15,38.15849,-122.18573,430.446,0.040,0.0,-79,1.157,0.917,2.351
2014/09/23 11:03:53,1.92,38.15849,-122.18573,430.118,0.027,0.0,-79,1.544,0.958,2.138
2014/09/23 11:03:58,1.93,38.15849,-122.18573,432.415,0.040,0.0,-79,1.212,1.375,0.000
2014/09/23 11:04:03,1.93,38.15849,-122.18574,433.399,0.076,0.0,-79,0.000,0.000,2.494
2014/09/23 11:04:08,1.93,38.15850,-122.18574,434.383,0.041,0.0,-79,1.074,0.958,3.245
2014/09/23 11:04:13,1.93,38.15850,-122.18574,434.711,0.027,0.0,-79,0.714,1.042,1.882
2014/09/23 11:04:18,2.14,38.15850,-122.18573,435.367,0.033,0.0,-79,0.588,1.500,1.390
2014/09/23 11:04:23,1.93,38.15850,-122.18573,435.039,0.014,0.0,-79,0.998,1.000,2.539
2014/09/23 11:04:28,2.14,38.15850,-122.18573,434.711,0.105,0.0,-79,1.065,1.500,2.542
2014/09/23 11:04:33,2.14,38.15850,-122.18573,434.711,0.049,0.0,-79,1.219,0.000,2.438
2014/09/23 11:04:38,2.14,38.15851,-122.18572,435.367,0.026,0.0,-79,0.954,1.000,3.118
2014/09/23 11:04:44,2.14,38.15851,-122.18572,435.696,0.016,0.0,-79,0.658,1.042,1.486
2014/09/23 11:04:49,2.14,38.15851,-122.18571,436.024,0.059,0.0,-79,0.670,1.500,1.966
2014/09/23 11:04:54,2.14,38.15851,-122.18571,434.711,0.038,0.0,-79,0.710,1.000,2.943
2014/09/23 11:04:59,2.14,38.15851,-122.18570,436.024,0.025,0.0,-79,1.343,0.000,2.710
2014/09/23 11:05:04,2.14,38.15851,-122.18569,436.352,0.062,0.0,-79,1.453,1.500,0.000
2014/09/23 11:05:09,2.14,38.15851,-122.18569,435.039,0.047,0.0,-79,1.685,1.083,4.710
2014/09/23 11:05:14,2.14,38.15850,-122.18570,434.055,0.020,0.0,-79,1.036,1.125,2.899
2014/09/23 11:05:19,2.14,38.15850,-122.18570,432.087,0.018,0.0,-79,0.882,1.667,3.482
2014/09/23 11:05:24,2.14,38.15850,-122.18570,433.727,0.085,0.0,-79,1.250,0.000,2.281
2014/09/23 11:05:29,1.93,38.15850,-122.18570,435.039,0.024,0.0,-79,1.022,1.083,0.000
2014/09/23 11:05:34,1.93,38.15849,-122.18569,436.352,0.048,0.0,-79,0.879,1.167,2.206
2014/09/23 11:05:39,1.93,38.15849,-122.18569,437.008,0.029,0.0,-79,1.228,1.125,3.490
2014/09/23 11:05:44,1.93,38.15849,-122.18568,435.367,0.095,0.0,-79,1.538,1.083,2.450
2014/09/23 11:05:49,1.93,38.15849,-122.18568,434.055,0.023,0.0,-79,1.459,1.667,2.042
2014/09/23 11:05:54,1.93,38.15849,-122.18569,430.446,0.047,0.0,-79,1.089,0.000,3.682
2014/09/23 11:05:59,1.93,38.15848,-122.18570,425.197,0.051,0.0,-79,1.157,1.125,2.351
2014/09/23 11:06:04,1.93,38.15848,-122.18571,420.604,0.092,0.0,-79,1.281,1.125,2.145
2014/09/23 11:06:09,1.93,38.15848,-122.18572,418.307,0.072,0.0,-79,1.042,1.625,0.000
2014/09/23 11:06:14,1.93,38.15848,-122.18573,417.651,0.055,0.0,-79,0.737,0.000,3.026
2014/09/23 11:06:19,2.13,38.15848,-122.18573,416.667,0.023,0.0,-79,1.244,1.125,2.442
2014/09/23 11:06:24,2.13,38.15847,-122.18574,414.370,0.022,0.0,-79,1.397,1.667,2.659
2014/09/23 11:06:29,2.13,38.15847,-122.18574,412.073,0.021,0.0,-79,1.167,1.083,1.826
2014/09/23 11:06:34,2.13,38.15847,-122.18574,410.105,0.070,0.0,-79,1.626,1.125,2.493
2014/09/23 11:06:39,2.13,38.15847,-122.18573,408.465,0.050,0.0,-79,0.894,1.083,2.362
2014/09/23 11:06:44,2.13,38.15847,-122.18573,408.793,0.035,0.0,-79,0.660,0.583,4.329
2014/09/23 11:06:49,2.2,38.15847,-122.18573,410.761,0.089,0.0,-79,0.373,0.000,1.232
2014/09/23 11:06:54,2.12,38.15847,-122.18573,411.745,0.025,0.0,-79,0.702,2.042,3.070
2014/09/23 11:06:59,2.02,38.15847,-122.18573,413.058,0.053,0.0,-79,0.793,1.125,2.119
2014/09/23 11:07:04,2.02,38.15847,-122.18574,413.058,0.054,0.0,-81,0.896,1.083,2.361
2014/09/23 11:07:09,1.94,38.15847,-122.18575,412.402,0.022,0.0,-81,1.156,0.000,2.290
2014/09/23 11:07:14,1.94,38.15847,-122.18575,411.089,0.094,0.0,-81,1.549,0.000,0.210
2014/09/23 11:07:19,1.94,38.15847,-122.18575,412.073,0.060,0.0,-81,1.417,0.125,0.418
2014/09/23 11:07:24,1.94,38.15847,-122.18574,411.745,0.047,0.0,-81,1.311,1.250,0.387
2014/09/23 11:07:29,1.94,38.15847,-122.18574,411.417,0.095,0.0,-81,0.933,0.958,0.842
2014/09/23 11:07:34,1.94,38.15847,-122.18573,411.745,0.060,0.0,-81,0.653,1.292,1.078
2014/09/23 11:07:39,1.94,38.15846,-122.18573,408.793,0.075,0.0,-81,0.636,1.875,1.890
2014/09/23 11:07:45,1.94,38.15846,-122.18572,409.449,0.108,0.0,-81,0.692,1.125,3.817
2014/09/23 11:07:50,1.94,38.15845,-122.18572,409.777,0.039,0.0,-81,0.947,1.000,2.603
2014/09/23 11:07:55,1.94,38.15845,-122.18573,412.402,0.064,0.0,-81,0.724,0.000,2.346
2014/09/23 11:08:00,1.94,38.15845,-122.18573,416.010,0.055,0.0,-81,0.513,1.583,1.895
2014/09/23 11:08:05,1.94,38.15845,-122.18574,417.979,0.131,0.0,-79,0.768,1.042,2.407
2014/09/23 11:08:10,1.94,38.15845,-122.18575,419.291,0.077,0.0,-79,0.646,0.000,1.842
2014/09/23 11:08:15,1.94,38.15845,-122.18576,421.588,0.013,0.0,-79,1.218,1.667,2.842
2014/09/23 11:08:20,1.94,38.15845,-122.18576,425.197,0.068,0.0,-79,0.991,1.042,2.378
2014/09/23 11:08:25,1.94,38.15845,-122.18576,427.493,0.093,0.0,-79,1.357,1.542,1.842
2014/09/23 11:08:30,2.13,38.15844,-122.18576,429.462,0.012,0.0,-79,0.719,1.042,0.000
2014/09/23 11:08:35,2.13,38.15844,-122.18575,428.806,0.059,0.0,-79,0.926,1.042,3.239
2014/09/23 11:08:40,2.13,38.15844,-122.18574,429.134,0.028,0.0,-79,0.873,0.000,2.637
2014/09/23 11:08:45,2.13,38.15844,-122.18574,432.087,0.039,0.0,-79,0.773,1.583,1.342
2014/09/23 11:08:50,3.31,38.15845,-122.18573,436.024,0.050,0.0,-79,0.724,1.042,3.191
2014/09/23 11:08:55,2.69,38.15845,-122.18573,445.538,0.043,0.0,-79,1.133,1.042,1.287
2014/09/23 11:09:00,2.69,38.15845,-122.18574,453.740,0.027,0.0,-79,1.578,0.000,1.769
2014/09/23 11:09:05,1.94,38.15845,-122.18575,459.646,0.058,0.0,-79,0.714,1.542,3.243
2014/09/23 11:09:10,1.94,38.15845,-122.18575,467.520,0.052,0.0,-79,1.097,1.042,2.315
2014/09/23 11:09:15,1.94,38.15845,-122.18575,471.457,0.050,0.0,-79,0.891,1.583,1.926
2014/09/23 11:09:20,1.94,38.15845,-122.18575,471.129,0.066,0.0,-79,0.902,1.042,3.658
2014/09/23 11:09:25,1.94,38.15845,-122.18575,472.441,0.029,0.0,-79,1.282,1.167,2.048
2014/09/23 11:09:30,1.94,38.15844,-122.18575,475.394,0.024,0.0,-79,1.897,0.000,1.354
2014/09/23 11:09:35,1.94,38.15844,-122.18575,478.018,0.056,0.0,-79,0.795,1.667,2.250
2014/09/23 11:09:40,1.94,38.15844,-122.18576,476.706,0.022,0.0,-79,0.351,1.042,1.960
2014/09/23 11:09:45,1.94,38.15844,-122.18576,475.394,0.017,0.0,-79,1.182,1.542,2.703
2014/09/23 11:09:50,1.94,38.15844,-122.18576,473.097,0.027,0.0,-79,1.062,0.000,0.000
2014/09/23 11:09:55,1.94,38.15844,-122.18576,469.488,0.044,0.0,-79,0.711,1.042,2.785
2014/09/23 11:10:00,1.94,38.15844,-122.18576,467.848,0.075,0.0,-79,0.664,1.583,1.755
2014/09/23 11:10:05,1.95,38.15844,-122.18576,467.848,0.039,0.0,-79,0.721,1.042,0.000
2014/09/23 11:10:10,1.95,38.15844,-122.18577,466.864,0.062,0.0,-79,1.181,0.000,0.630
2014/09/23 11:10:15,1.95,38.15844,-122.18577,465.551,0.053,0.0,-79,0.977,1.250,1.679
2014/09/23 11:10:20,1.95,38.15844,-122.18577,461.286,0.054,0.0,-79,0.817,1.583,0.000
2014/09/23 11:10:25,1.95,38.15845,-122.18577,457.677,0.017,0.0,-79,0.841,1.042,3.397
2014/09/23 11:10:30,1.95,38.15845,-122.18577,454.396,0.031,0.0,-79,1.531,0.000,2.234
2014/09/23 11:10:35,1.95,38.15846,-122.18577,453.412,0.083,0.0,-79,0.651,1.542,1.891
2014/09/23 11:10:40,1.95,38.15846,-122.18577,453.084,0.019,0.0,-77,0.642,1.042,3.614
2014/09/23 11:10:45,2.1,38.15847,-122.18577,454.068,0.014,0.0,-77,0.808,1.042,1.826
2014/09/23 11:10:50,2.1,38.15847,-122.18577,456.693,0.011,0.0,-77,0.683,1.583,1.955
2014/09/23 11:10:55,1.95,38.15848,-122.18576,458.005,0.055,0.0,-77,1.212,1.042,3.607
2014/09/23 11:11:00,1.95,38.15848,-122.18576,459.974,0.030,0.0,-77,1.404,0.000,1.270
2014/09/23 11:11:05,1.95,38.15847,-122.18575,458.333,0.009,0.0,-77,0.970,1.542,1.966
2014/09/23 11:11:10,2.09,38.15848,-122.18575,458.005,0.060,0.0,-77,0.719,1.042,3.167
2014/09/23 11:11:15,2.67,38.15849,-122.18576,453.412,0.057,0.0,-79,1.356,1.042,0.000
2014/09/23 11:11:20,2.67,38.15850,-122.18576,449.147,0.061,0.0,-79,1.418,1.583,0.933
2014/09/23 11:11:25,1.95,38.15851,-122.18577,446.522,0.029,0.0,-79,1.026,0.000,1.501
2014/09/23 11:11:30,1.95,38.15851,-122.18577,446.194,0.017,0.0,-79,0.624,1.042,1.747
2014/09/23 11:11:35,1.95,38.15851,-122.18577,447.507,0.012,0.0,-79,0.813,1.542,2.439
2014/09/23 11:11:40,1.95,38.15850,-122.18576,447.507,0.006,0.0,-79,0.676,1.042,0.000
2014/09/23 11:11:45,1.95,38.15850,-122.18576,450.787,0.012,0.0,-81,1.279,1.083,4.060
2014/09/23 11:11:50,1.95,38.15849,-122.18576,450.787,0.047,0.0,-81,1.028,1.333,2.538
2014/09/23 11:11:55,1.95,38.15849,-122.18576,449.803,0.016,0.0,-81,1.244,0.000,1.590
2014/09/23 11:12:00,1.95,38.15850,-122.18576,448.819,0.078,0.0,-81,1.222,1.042,1.975
2014/09/23 11:12:05,1.95,38.15850,-122.18576,448.163,0.032,0.0,-81,1.200,1.042,0.000
2014/09/23 11:12:10,1.95,38.15850,-122.18576,448.491,0.031,0.0,-81,0.895,1.583,2.559
2014/09/23 11:12:15,1.95,38.15850,-122.18575,450.459,0.048,0.0,-81,1.057,1.042,3.190
2014/09/23 11:12:20,1.95,38.15850,-122.18574,450.459,0.039,0.0,-81,1.558,0.000,2.634
2014/09/23 11:12:25,1.95,38.15849,-122.18574,448.819,0.063,0.0,-81,1.864,1.583,1.566
2014/09/23 11:12:30,1.95,38.15848,-122.18574,447.178,0.025,0.0,-81,1.489,1.083,1.930
2014/09/23 11:12:35,1.95,38.15848,-122.18573,445.866,0.013,0.0,-81,1.809,1.042,1.857
2014/09/23 11:12:40,1.95,38.15847,-122.18573,444.882,0.044,0.0,-81,1.753,0.000,2.210
2014/09/23 11:12:45,1.95,38.15847,-122.18574,445.866,0.007,0.0,-81,0.000,1.583,2.829
2014/09/23 11:12:50,1.95,38.15847,-122.18574,445.866,0.021,0.0,-81,0.660,1.042,2.729
