Date-Time,DOP,Latitude,Longitude,Altitude (ft),Speed (mph),Heading (deg),mod1 SS (dBm),mod1 Down (Mbs),mod1 Up (Mbs),mod1 Ping (Sec)
2014/08/28 15:31:06,1.94,38.32186,-122.30578,99.081,20.601,0.0,-83,0.672,0.583,0.319
2014/08/28 15:31:11,2.5,38.32177,-122.30632,98.097,21.129,0.0,-83,1.689,0.583,0.400
2014/08/28 15:31:16,1.94,38.32167,-122.30684,97.769,20.621,0.0,-83,2.589,0.333,0.609
2014/08/28 15:31:21,1.94,38.32159,-122.30727,96.785,8.826,0.0,-83,2.164,0.833,0.277
2014/08/28 15:31:26,1.94,38.32154,-122.30753,95.472,14.467,0.0,-83,1.703,0.458,0.512
2014/08/28 15:31:31,1.94,38.32150,-122.30774,95.801,0.436,0.0,-83,2.972,0.458,0.175
2014/08/28 15:31:36,2.07,38.32150,-122.30773,96.129,0.037,0.0,-57,4.014,1.167,0.230
2014/08/28 15:31:41,1.94,38.32150,-122.30773,95.801,0.021,0.0,-57,3.983,0.833,0.272
2014/08/28 15:31:46,1.94,38.32150,-122.30773,95.472,0.028,0.0,-57,3.778,0.000,0.164
2014/08/28 15:31:51,1.94,38.32151,-122.30774,93.832,0.026,0.0,-57,3.797,0.792,0.181
2014/08/28 15:31:56,1.94,38.32151,-122.30774,94.160,0.017,0.0,-57,3.684,0.625,0.184
2014/08/28 15:32:01,1.94,38.32151,-122.30775,94.160,0.049,0.0,-57,3.911,0.875,0.259
2014/08/28 15:32:06,2.07,38.32151,-122.30775,95.144,0.630,0.0,-61,3.900,0.833,0.166
2014/08/28 15:32:11,1.94,38.32146,-122.30808,97.441,22.130,0.0,-61,4.011,0.625,0.161
2014/08/28 15:32:16,1.94,38.32136,-122.30861,99.081,15.644,0.0,-61,3.586,0.542,0.168
2014/08/28 15:32:21,1.94,38.32134,-122.30871,98.425,0.039,0.0,-61,3.458,0.750,0.164
2014/08/28 15:32:26,2.07,38.32134,-122.30871,99.738,0.053,0.0,-61,3.692,0.583,0.310
2014/08/28 15:32:31,1.94,38.32134,-122.30871,100.722,0.023,0.0,-61,3.328,1.167,0.220
2014/08/28 15:32:36,1.94,38.32134,-122.30871,100.394,0.030,0.0,-61,3.456,0.750,0.208
2014/08/28 15:32:41,1.94,38.32134,-122.30871,100.066,0.049,0.0,-61,3.647,0.542,0.161
2014/08/28 15:32:46,1.94,38.32133,-122.30876,100.066,7.498,0.0,-61,3.558,0.000,0.230
2014/08/28 15:32:51,1.94,38.32120,-122.30900,97.769,15.228,0.0,-61,2.853,0.625,0.586
2014/08/28 15:32:56,1.94,38.32082,-122.30874,88.583,27.276,0.0,-61,2.539,0.292,0.245
2014/08/28 15:33:01,1.94,38.32027,-122.30831,72.178,37.709,0.0,-61,3.094,0.500,0.213
2014/08/28 15:33:06,1.94,38.31947,-122.30789,60.039,45.158,0.0,-61,2.622,0.375,0.224
2014/08/28 15:33:11,1.94,38.31854,-122.30770,70.866,47.986,0.0,-65,2.594,0.333,0.148
2014/08/28 15:33:16,1.93,38.31755,-122.30758,76.772,49.950,0.0,-65,2.428,0.292,0.169
2014/08/28 15:33:21,1.93,38.31652,-122.30751,88.255,52.445,0.0,-65,2.647,0.000,0.261
2014/08/28 15:33:26,2.29,38.31544,-122.30733,94.160,56.399,0.0,-65,0.000,0.292,0.849
2014/08/28 15:33:31,2.29,38.31429,-122.30703,99.409,60.596,0.0,-65,1.072,0.083,0.173
2014/08/28 15:33:36,1.93,38.31311,-122.30671,96.457,59.476,0.0,-65,3.175,0.375,0.258
2014/08/28 15:33:41,2.42,38.31198,-122.30639,86.614,55.244,0.0,-51,3.466,0.458,0.261
2014/08/28 15:33:46,1.93,38.31090,-122.30608,82.021,55.994,0.0,-51,3.006,0.458,0.293
2014/08/28 15:33:51,2.18,38.30978,-122.30574,79.396,58.998,0.0,-51,2.500,0.375,0.208
2014/08/28 15:33:56,1.93,38.30860,-122.30539,75.131,60.940,0.0,-51,2.422,0.000,0.373
2014/08/28 15:34:01,1.93,38.30740,-122.30504,72.835,62.293,0.0,-51,1.928,0.375,0.680
2014/08/28 15:34:06,1.93,38.30622,-122.30470,71.522,57.458,0.0,-51,1.161,0.167,0.646
2014/08/28 15:34:11,2.19,38.30513,-122.30438,69.226,55.100,0.0,-85,0.739,0.000,3.418
2014/08/28 15:34:16,3.34,38.30404,-122.30405,72.178,55.156,0.0,-85,0.231,0.000,0.000
2014/08/28 15:34:21,2.19,38.30300,-122.30375,79.068,53.033,0.0,-85,0.000,0.083,3.254
2014/08/28 15:34:26,2.26,38.30193,-122.30344,78.412,54.588,0.0,-85,0.000,0.125,1.974
2014/08/28 15:34:31,2.2,38.30085,-122.30312,76.444,55.816,0.0,-85,0.000,0.000,0.000
2014/08/28 15:34:36,2.26,38.29975,-122.30281,75.131,55.043,0.0,-85,0.000,0.083,1.062
2014/08/28 15:34:41,2.2,38.29864,-122.30250,72.178,53.864,0.0,-79,0.000,3.083,0.962
2014/08/28 15:34:46,1.93,38.29766,-122.30222,66.273,47.441,0.0,-79,0.000,2.375,1.055
2014/08/28 15:34:51,1.93,38.29665,-122.30195,59.383,53.535,0.0,-79,0.000,2.958,0.000
2014/08/28 15:34:56,1.93,38.29558,-122.30193,55.774,54.711,0.0,-79,0.036,2.625,0.000
2014/08/28 15:35:01,2.25,38.29445,-122.30211,50.525,58.196,0.0,-79,0.000,2.792,0.177
2014/08/28 15:35:06,2.25,38.29325,-122.30229,48.228,60.861,0.0,-79,1.536,1.458,0.919
2014/08/28 15:35:11,2.24,38.29203,-122.30228,48.556,60.301,0.0,-79,1.233,0.000,0.924
2014/08/28 15:35:16,2.24,38.29086,-122.30206,45.932,56.769,0.0,-65,0.554,0.958,0.181
2014/08/28 15:35:21,2.2,38.28976,-122.30176,43.963,55.304,0.0,-65,0.651,2.833,0.242
2014/08/28 15:35:26,1.93,38.28866,-122.30147,42.651,56.638,0.0,-65,1.617,3.333,0.198
2014/08/28 15:35:31,1.93,38.28753,-122.30117,39.370,56.664,0.0,-65,0.646,1.375,0.558
2014/08/28 15:35:36,1.93,38.28636,-122.30088,34.777,60.213,0.0,-65,0.611,1.000,0.583
2014/08/28 15:35:41,2.2,38.28515,-122.30071,40.026,60.666,0.0,-65,0.498,0.958,0.386
2014/08/28 15:35:46,1.93,38.28390,-122.30063,48.228,62.164,0.0,-83,0.605,2.417,0.770
2014/08/28 15:35:51,1.93,38.28264,-122.30056,58.727,63.722,0.0,-83,0.520,0.000,0.406
2014/08/28 15:35:56,2.23,38.28133,-122.30041,64.304,66.475,0.0,-83,0.849,1.958,0.215
2014/08/28 15:36:01,2.22,38.27998,-122.30018,59.711,69.197,0.0,-83,0.791,2.292,0.200
2014/08/28 15:36:06,1.93,38.27859,-122.29985,49.869,70.739,0.0,-83,1.290,2.833,0.349
2014/08/28 15:36:11,2.21,38.27720,-122.29951,42.651,70.131,0.0,-83,1.265,1.833,0.508
2014/08/28 15:36:16,1.93,38.27581,-122.29922,37.730,70.332,0.0,-79,0.676,1.000,0.302
2014/08/28 15:36:21,1.93,38.27439,-122.29901,34.777,71.093,0.0,-79,0.848,0.000,0.298
2014/08/28 15:36:26,1.93,38.27296,-122.29886,35.105,71.127,0.0,-79,0.633,1.875,1.429
2014/08/28 15:36:31,2.19,38.27139,-122.29877,35.105,54.852,0.0,-79,0.774,1.250,2.366
2014/08/28 15:36:36,1.92,38.27039,-122.29876,33.136,47.176,0.0,-79,0.957,2.167,1.077
2014/08/28 15:36:41,1.92,38.26941,-122.29879,32.808,49.691,0.0,-79,1.057,0.000,0.345
2014/08/28 15:36:46,1.92,38.26849,-122.29885,33.136,40.734,0.0,-73,1.174,3.292,0.466
2014/08/28 15:36:51,1.92,38.26787,-122.29891,32.480,20.114,0.0,-73,1.159,4.292,0.710
2014/08/28 15:36:56,1.92,38.26765,-122.29893,30.840,8.982,0.0,-73,1.030,3.417,0.202
2014/08/28 15:37:01,1.92,38.26746,-122.29895,30.840,9.143,0.0,-73,2.568,2.833,0.594
2014/08/28 15:37:06,1.92,38.26731,-122.29897,30.512,3.774,0.0,-73,2.106,1.708,0.397
2014/08/28 15:37:11,1.92,38.26730,-122.29897,30.184,0.000,0.0,-73,0.717,0.000,1.970
2014/08/28 15:37:16,1.92,38.26728,-122.29897,28.215,2.109,0.0,-73,0.136,0.583,1.589
2014/08/28 15:37:21,1.92,38.26720,-122.29898,27.887,4.078,0.0,-83,0.128,0.000,4.338
2014/08/28 15:37:26,1.92,38.26712,-122.29899,26.903,4.257,0.0,-83,0.147,0.000,0.000
2014/08/28 15:37:31,1.92,38.26697,-122.29901,26.903,8.928,0.0,-83,0.000,0.583,0.000
2014/08/28 15:37:36,2.19,38.26674,-122.29903,26.903,11.674,0.0,-83,0.686,1.167,0.000
2014/08/28 15:37:41,1.92,38.26657,-122.29905,26.903,6.671,0.0,-83,0.435,1.708,0.606
2014/08/28 15:37:46,1.92,38.26639,-122.29907,25.919,11.477,0.0,-83,1.045,0.000,1.270
2014/08/28 15:37:51,1.92,38.26614,-122.29910,27.231,12.945,0.0,-69,1.704,2.250,2.557
2014/08/28 15:37:56,1.78,38.26592,-122.29912,29.199,8.022,0.0,-69,1.262,0.000,0.851
2014/08/28 15:38:01,1.78,38.26577,-122.29914,29.199,9.245,0.0,-69,0.806,0.000,0.162
2014/08/28 15:38:06,1.78,38.26557,-122.29916,29.199,9.748,0.0,-69,1.422,0.167,0.218
2014/08/28 15:38:11,1.78,38.26548,-122.29917,29.856,4.380,0.0,-69,0.999,2.000,0.518
2014/08/28 15:38:16,1.78,38.26535,-122.29918,31.496,8.760,0.0,-69,1.154,1.833,0.466
2014/08/28 15:38:21,1.78,38.26510,-122.29921,32.152,13.727,0.0,-67,1.012,1.875,0.427
2014/08/28 15:38:26,1.78,38.26484,-122.29924,31.824,11.400,0.0,-67,1.425,1.833,0.442
2014/08/28 15:38:31,1.78,38.26469,-122.29926,30.840,5.590,0.0,-67,1.725,1.708,0.426
2014/08/28 15:38:36,1.78,38.26455,-122.29928,30.512,7.961,0.0,-67,1.084,1.875,0.470
2014/08/28 15:38:41,1.78,38.26436,-122.29930,29.199,9.336,0.0,-67,1.173,1.750,0.426
2014/08/28 15:38:46,1.78,38.26419,-122.29932,27.887,9.339,0.0,-67,1.193,1.708,0.470
2014/08/28 15:38:51,1.94,38.26395,-122.29935,27.231,14.149,0.0,-69,1.165,1.750,0.458
2014/08/28 15:38:56,1.78,38.26359,-122.29940,25.919,18.336,0.0,-69,1.460,1.708,0.297
2014/08/28 15:39:01,1.78,38.26322,-122.29947,25.919,17.819,0.0,-69,1.797,1.708,0.517
2014/08/28 15:39:06,1.78,38.26290,-122.29955,25.262,14.527,0.0,-69,0.746,1.625,0.401
2014/08/28 15:39:11,2.04,38.26261,-122.29964,24.278,15.730,0.0,-69,0.664,0.000,0.911
2014/08/28 15:39:16,1.78,38.26232,-122.29974,22.310,13.806,0.0,-69,0.449,1.125,0.747
2014/08/28 15:39:21,1.94,38.26212,-122.29982,20.013,10.012,0.0,-69,0.520,1.083,0.370
2014/08/28 15:39:26,1.78,38.26193,-122.29990,19.357,9.396,0.0,-79,0.333,0.750,0.405
2014/08/28 15:39:31,1.78,38.26176,-122.29998,18.045,9.191,0.0,-79,0.061,0.500,1.169
2014/08/28 15:39:36,1.78,38.26158,-122.30008,16.404,10.414,0.0,-79,0.137,0.250,2.676
2014/08/28 15:39:41,1.78,38.26142,-122.30015,18.045,4.251,0.0,-79,0.177,0.542,0.362
2014/08/28 15:39:46,1.78,38.26137,-122.30018,20.997,3.601,0.0,-79,0.395,0.667,0.610
2014/08/28 15:39:51,1.78,38.26130,-122.30022,25.262,4.572,0.0,-79,0.392,0.917,0.000
2014/08/28 15:39:56,1.78,38.26121,-122.30028,28.543,5.270,0.0,-93,0.169,0.375,0.000
2014/08/28 15:40:01,1.78,38.26111,-122.30034,31.496,4.629,0.0,-93,0.558,0.917,0.573
2014/08/28 15:40:06,1.78,38.26104,-122.30039,33.465,3.743,0.0,-93,0.155,0.000,2.658
2014/08/28 15:40:11,1.78,38.26102,-122.30041,34.449,0.022,0.0,-93,0.149,0.458,0.301
2014/08/28 15:40:16,1.81,38.26101,-122.30041,34.777,0.887,0.0,-93,0.794,1.333,0.270
2014/08/28 15:40:21,1.78,38.26096,-122.30045,35.433,4.556,0.0,-93,0.902,1.583,0.357
2014/08/28 15:40:26,1.77,38.26083,-122.30053,34.777,8.916,0.0,-87,0.642,1.458,0.610
2014/08/28 15:40:31,1.81,38.26068,-122.30063,31.824,8.289,0.0,-87,0.264,0.000,1.580
2014/08/28 15:40:36,1.98,38.26052,-122.30074,28.871,9.671,0.0,-87,0.161,0.375,3.258
2014/08/28 15:40:41,1.77,38.26035,-122.30087,22.638,10.019,0.0,-87,0.417,0.167,2.786
2014/08/28 15:40:46,1.77,38.26022,-122.30097,15.748,6.232,0.0,-87,0.355,0.375,0.801
2014/08/28 15:40:51,1.77,38.26012,-122.30104,14.764,5.255,0.0,-87,0.221,0.000,1.355
2014/08/28 15:40:56,1.77,38.26001,-122.30113,17.717,8.967,0.0,-89,0.152,0.375,3.283
2014/08/28 15:41:01,1.77,38.25991,-122.30120,16.732,4.289,0.0,-89,0.169,0.000,0.000
2014/08/28 15:41:06,1.77,38.25984,-122.30126,17.060,4.580,0.0,-89,0.000,0.583,1.712
2014/08/28 15:41:11,1.93,38.25978,-122.30131,16.732,2.886,0.0,-89,0.000,0.792,0.000
2014/08/28 15:41:16,1.93,38.25976,-122.30132,19.357,0.045,0.0,-89,0.000,1.125,5.206
2014/08/28 15:41:21,1.77,38.25976,-122.30131,21.325,0.443,0.0,-89,0.000,0.000,0.000
2014/08/28 15:41:26,1.77,38.25975,-122.30131,24.606,0.058,0.0,-89,0.000,0.333,6.129
2014/08/28 15:41:31,1.77,38.25975,-122.30131,23.950,0.020,0.0,-89,0.000,0.833,2.910
2014/08/28 15:41:36,1.77,38.25974,-122.30132,20.669,0.029,0.0,-89,0.000,0.000,2.310
2014/08/28 15:41:41,1.77,38.25974,-122.30132,18.701,0.009,0.0,-89,0.000,1.000,3.122
2014/08/28 15:41:46,1.77,38.25974,-122.30132,16.076,0.049,0.0,-89,0.000,1.042,2.110
2014/08/28 15:41:51,1.77,38.25973,-122.30133,16.076,0.021,0.0,-89,0.000,1.125,1.718
2014/08/28 15:41:56,1.77,38.25973,-122.30133,16.076,0.005,0.0,-89,0.000,1.125,1.943
2014/08/28 15:42:01,1.77,38.25973,-122.30133,16.076,0.317,0.0,-89,0.003,0.000,2.318
2014/08/28 15:42:06,1.77,38.25972,-122.30133,17.388,1.407,0.0,-89,0.103,1.167,0.916
2014/08/28 15:42:11,1.77,38.25967,-122.30138,18.045,3.334,0.0,-89,0.125,0.750,0.000
2014/08/28 15:42:16,1.77,38.25957,-122.30145,18.045,8.380,0.0,-89,0.050,0.000,3.722
2014/08/28 15:42:21,1.77,38.25938,-122.30162,19.029,12.338,0.0,-89,0.055,0.375,3.806
2014/08/28 15:42:26,1.77,38.25919,-122.30177,20.669,10.251,0.0,-89,0.152,0.000,0.360
2014/08/28 15:42:31,1.77,38.25898,-122.30195,20.013,15.156,0.0,-85,0.003,0.417,3.156
2014/08/28 15:42:36,1.77,38.25869,-122.30217,19.029,16.652,0.0,-85,0.000,0.000,1.278
2014/08/28 15:42:41,1.77,38.25846,-122.30234,18.701,9.027,0.0,-85,0.000,0.375,1.087
2014/08/28 15:42:46,1.77,38.25839,-122.30240,17.060,2.840,0.0,-85,0.006,1.542,0.525
2014/08/28 15:42:51,1.77,38.25838,-122.30241,14.436,0.042,0.0,-85,0.730,1.792,0.622
2014/08/28 15:42:56,1.76,38.25838,-122.30242,12.139,0.040,0.0,-85,0.545,1.833,0.902
2014/08/28 15:43:01,1.76,38.25838,-122.30242,10.827,0.055,0.0,-85,0.645,1.833,0.737
2014/08/28 15:43:06,1.76,38.25838,-122.30242,7.874,0.113,0.0,-85,1.094,1.833,1.238
2014/08/28 15:43:11,1.76,38.25838,-122.30243,9.843,1.852,0.0,-85,1.110,1.958,0.922
2014/08/28 15:43:16,1.76,38.25835,-122.30245,9.843,0.085,0.0,-85,0.737,0.000,1.390
2014/08/28 15:43:21,1.76,38.25835,-122.30245,10.499,0.039,0.0,-85,1.069,1.833,0.000
2014/08/28 15:43:26,1.76,38.25835,-122.30245,11.811,0.049,0.0,-85,0.612,2.625,2.410
2014/08/28 15:43:31,1.76,38.25835,-122.30246,11.483,0.060,0.0,-85,1.249,2.292,1.851
2014/08/28 15:43:36,1.76,38.25836,-122.30246,9.514,0.023,0.0,-73,1.286,2.250,2.261
2014/08/28 15:43:41,1.76,38.25836,-122.30246,9.514,0.021,0.0,-73,0.803,2.000,2.354
2014/08/28 15:43:46,1.76,38.25836,-122.30247,9.186,0.042,0.0,-73,0.989,1.583,0.000
2014/08/28 15:43:51,1.76,38.25836,-122.30247,8.202,0.071,0.0,-73,1.272,0.000,0.000
2014/08/28 15:43:56,1.76,38.25836,-122.30247,7.546,0.022,0.0,-73,1.600,2.083,1.327
2014/08/28 15:44:01,1.76,38.25835,-122.30247,7.874,1.378,0.0,-73,1.970,2.042,1.301
2014/08/28 15:44:06,1.76,38.25816,-122.30258,9.186,14.686,0.0,-77,1.492,2.083,0.698
2014/08/28 15:44:11,1.79,38.25789,-122.30274,16.732,15.017,0.0,-77,1.099,0.000,1.853
2014/08/28 15:44:16,1.93,38.25751,-122.30294,21.325,23.854,0.0,-77,0.650,2.083,0.000
2014/08/28 15:44:21,1.76,38.25699,-122.30316,21.654,32.064,0.0,-77,0.227,0.000,3.938
2014/08/28 15:44:26,1.76,38.25634,-122.30339,19.357,35.729,0.0,-77,0.127,1.500,3.848
2014/08/28 15:44:31,1.76,38.25559,-122.30356,12.795,38.601,0.0,-77,0.431,1.375,1.690
2014/08/28 15:44:36,1.76,38.25479,-122.30366,14.764,41.346,0.0,-85,0.540,0.000,0.000
2014/08/28 15:44:41,1.76,38.25390,-122.30363,18.701,45.920,0.0,-85,0.300,0.000,7.710
2014/08/28 15:44:46,1.82,38.25294,-122.30347,23.294,50.222,0.0,-85,0.237,0.708,0.000
2014/08/28 15:44:51,2.01,38.25194,-122.30315,25.262,52.430,0.0,-85,0.177,0.000,4.710
2014/08/28 15:44:57,1.76,38.25092,-122.30264,25.919,56.528,0.0,-85,0.164,0.958,0.377
2014/08/28 15:45:02,1.75,38.24990,-122.30192,24.278,59.606,0.0,-85,0.611,1.417,0.288
2014/08/28 15:45:07,1.75,38.24893,-122.30095,23.294,61.665,0.0,-79,0.401,0.000,3.229
2014/08/28 15:45:12,1.75,38.24810,-122.29977,22.638,62.813,0.0,-79,0.344,0.000,0.000
2014/08/28 15:45:17,1.75,38.24744,-122.29844,19.685,61.537,0.0,-79,0.553,1.375,0.000
2014/08/28 15:45:22,1.81,38.24697,-122.29705,16.076,58.205,0.0,-79,0.221,0.000,0.000
2014/08/28 15:45:27,1.81,38.24655,-122.29566,14.764,58.874,0.0,-79,0.256,0.000,0.865
2014/08/28 15:45:32,1.81,38.24614,-122.29428,18.373,56.844,0.0,-79,0.410,0.000,0.218
2014/08/28 15:45:37,1.75,38.24573,-122.29293,29.199,57.025,0.0,-79,0.437,0.042,0.219
2014/08/28 15:45:42,1.75,38.24533,-122.29161,46.916,53.537,0.0,-89,0.570,0.625,0.230
2014/08/28 15:45:47,1.75,38.24496,-122.29037,67.257,49.692,0.0,-89,0.247,0.000,1.802
2014/08/28 15:45:52,1.81,38.24466,-122.28928,83.661,43.405,0.0,-89,0.728,0.542,0.558
2014/08/28 15:45:57,1.81,38.24440,-122.28822,97.441,43.790,0.0,-89,0.000,1.833,0.469
2014/08/28 15:46:02,1.75,38.24416,-122.28713,108.924,44.918,0.0,-89,0.747,1.750,0.529
2014/08/28 15:46:07,1.75,38.24394,-122.28601,117.126,45.573,0.0,-89,1.034,1.708,0.449
2014/08/28 15:46:12,1.81,38.24376,-122.28492,120.407,42.659,0.0,-77,1.352,1.667,0.589
2014/08/28 15:46:17,1.81,38.24361,-122.28385,120.407,42.796,0.0,-77,1.242,1.250,0.769
2014/08/28 15:46:22,1.81,38.24348,-122.28278,118.438,43.666,0.0,-77,1.067,1.583,0.730
2014/08/28 15:46:27,1.81,38.24335,-122.28166,114.173,44.177,0.0,-77,1.614,1.500,0.409
2014/08/28 15:46:32,1.81,38.24322,-122.28054,106.627,44.356,0.0,-77,1.106,1.750,0.426
2014/08/28 15:46:37,1.8,38.24309,-122.27936,99.081,48.076,0.0,-77,0.443,1.583,0.666
2014/08/28 15:46:42,1.75,38.24300,-122.27812,95.472,48.459,0.0,-67,0.895,1.792,0.465
2014/08/28 15:46:47,1.75,38.24296,-122.27687,100.394,50.781,0.0,-67,0.982,1.833,0.449
2014/08/28 15:46:52,1.74,38.24292,-122.27555,103.675,53.586,0.0,-67,0.997,1.250,0.448
2014/08/28 15:46:57,1.84,38.24289,-122.27416,103.675,55.806,0.0,-67,0.809,0.000,0.454
2014/08/28 15:47:02,1.84,38.24268,-122.27274,96.457,56.309,0.0,-67,0.475,0.792,0.354
2014/08/28 15:47:07,1.99,38.24234,-122.27145,89.567,48.202,0.0,-67,1.199,1.333,0.277
2014/08/28 15:47:12,1.74,38.24191,-122.27039,85.958,45.313,0.0,-91,1.187,1.750,0.274
2014/08/28 15:47:17,1.74,38.24144,-122.26944,82.021,44.281,0.0,-91,0.919,1.292,0.473
2014/08/28 15:47:22,1.8,38.24086,-122.26851,77.100,46.837,0.0,-91,0.731,1.542,0.542
2014/08/28 15:47:27,1.99,38.24020,-122.26764,75.459,48.715,0.0,-91,0.954,1.917,0.808
2014/08/28 15:47:32,1.74,38.23945,-122.26678,77.428,51.016,0.0,-91,0.860,2.375,2.021
2014/08/28 15:47:37,1.76,38.23869,-122.26589,79.396,50.549,0.0,-91,1.265,2.333,1.992
2014/08/28 15:47:42,1.74,38.23798,-122.26504,79.396,47.205,0.0,-91,1.189,1.792,2.326
2014/08/28 15:47:47,1.99,38.23725,-122.26419,78.740,50.598,0.0,-93,1.111,0.000,1.374
2014/08/28 15:47:52,1.74,38.23648,-122.26329,78.084,52.789,0.0,-93,1.022,2.042,0.000
2014/08/28 15:47:57,1.74,38.23569,-122.26237,77.428,53.265,0.0,-93,0.447,0.000,0.000
2014/08/28 15:48:02,1.74,38.23491,-122.26145,77.100,53.522,0.0,-93,0.408,0.000,0.000
2014/08/28 15:48:07,1.74,38.23408,-122.26057,74.475,53.793,0.0,-93,0.210,0.000,0.000
2014/08/28 15:48:12,1.74,38.23317,-122.25982,75.459,53.767,0.0,-93,0.276,0.000,8.878
2014/08/28 15:48:17,1.85,38.23221,-122.25927,73.163,50.560,0.0,-97,0.442,0.000,0.000
2014/08/28 15:48:22,1.74,38.23124,-122.25888,68.898,51.770,0.0,-97,0.392,0.000,4.099
2014/08/28 15:48:27,1.77,38.23019,-122.25864,65.617,54.573,0.0,-97,0.313,0.000,3.006
2014/08/28 15:48:32,1.73,38.22906,-122.25853,65.289,56.350,0.0,-97,0.698,0.000,0.375
2014/08/28 15:48:37,1.73,38.22798,-122.25843,63.648,53.198,0.0,-97,0.477,0.042,0.330
2014/08/28 15:48:42,1.85,38.22689,-122.25834,66.929,53.214,0.0,-97,0.997,1.917,0.464
2014/08/28 15:48:47,1.84,38.22583,-122.25824,71.522,52.638,0.0,-77,0.952,1.833,0.486
2014/08/28 15:48:52,1.84,38.22479,-122.25816,75.459,50.468,0.0,-77,0.615,1.875,0.502
2014/08/28 15:48:57,1.84,38.22379,-122.25808,79.396,49.851,0.0,-77,0.698,1.792,0.442
2014/08/28 15:49:02,1.84,38.22278,-122.25799,83.661,50.963,0.0,-77,0.357,1.250,0.000
2014/08/28 15:49:07,1.84,38.22176,-122.25791,86.942,48.864,0.0,-77,0.058,0.000,0.000
2014/08/28 15:49:12,1.84,38.22088,-122.25784,90.223,40.113,0.0,-77,0.116,0.167,0.000
2014/08/28 15:49:17,1.84,38.22018,-122.25777,92.520,31.023,0.0,-91,0.210,0.000,1.598
2014/08/28 15:49:22,1.84,38.21971,-122.25771,94.488,19.346,0.0,-91,0.105,0.000,0.000
2014/08/28 15:49:27,1.84,38.21927,-122.25765,94.816,26.067,0.0,-91,0.160,0.000,0.000
2014/08/28 15:49:32,1.84,38.21877,-122.25757,93.504,23.573,0.0,-91,0.000,0.000,0.000
2014/08/28 15:49:37,1.84,38.21851,-122.25752,93.176,4.893,0.0,-91,0.180,0.000,0.000
2014/08/28 15:49:42,1.87,38.21847,-122.25751,92.192,0.012,0.0,-91,0.215,0.000,0.000
2014/08/28 15:49:47,1.87,38.21847,-122.25751,91.535,0.030,0.0,-91,0.229,0.000,0.000
2014/08/28 15:49:52,1.84,38.21834,-122.25749,92.192,12.894,0.0,-85,0.259,0.000,0.000
2014/08/28 15:49:57,1.87,38.21812,-122.25746,91.535,6.210,0.0,-85,0.231,0.000,0.000
2014/08/28 15:50:02,1.87,38.21801,-122.25744,89.895,5.397,0.0,-85,0.180,0.000,0.000
2014/08/28 15:50:07,1.87,38.21786,-122.25742,89.895,9.934,0.0,-85,0.083,0.000,8.666
2014/08/28 15:50:12,1.87,38.21766,-122.25738,90.551,11.742,0.0,-85,0.853,0.042,1.578
2014/08/28 15:50:17,1.87,38.21735,-122.25733,90.223,16.233,0.0,-85,0.309,0.000,0.000
2014/08/28 15:50:22,1.87,38.21703,-122.25728,89.895,15.595,0.0,-87,0.111,0.083,5.330
2014/08/28 15:50:27,1.83,38.21673,-122.25723,88.255,12.155,0.0,-87,0.080,0.042,0.000
2014/08/28 15:50:32,1.87,38.21660,-122.25721,87.598,5.036,0.0,-87,0.100,0.083,0.000
2014/08/28 15:50:37,1.87,38.21640,-122.25718,85.958,10.102,0.0,-87,0.138,0.000,0.000
2014/08/28 15:50:42,1.87,38.21621,-122.25714,83.661,8.651,0.0,-87,0.191,0.125,0.000
2014/08/28 15:50:47,1.87,38.21611,-122.25712,80.709,1.895,0.0,-87,0.180,0.000,0.000
2014/08/28 15:50:52,1.86,38.21611,-122.25712,78.740,0.050,0.0,-87,0.534,0.125,0.918
2014/08/28 15:50:57,1.82,38.21611,-122.25712,77.756,0.042,0.0,-87,0.183,0.000,0.000
2014/08/28 15:51:02,1.82,38.21605,-122.25711,76.772,5.751,0.0,-87,0.000,0.500,0.000
2014/08/28 15:51:07,1.82,38.21593,-122.25709,75.459,5.999,0.0,-87,0.094,0.125,0.000
2014/08/28 15:51:12,1.86,38.21585,-122.25707,73.819,3.850,0.0,-87,0.309,0.000,0.000
2014/08/28 15:51:17,1.86,38.21583,-122.25707,72.507,0.059,0.0,-87,0.237,0.000,7.914
2014/08/28 15:51:22,1.82,38.21578,-122.25706,73.163,7.016,0.0,-93,0.102,0.000,0.000
2014/08/28 15:51:27,1.82,38.21562,-122.25704,73.819,7.409,0.0,-93,0.072,0.000,0.000
2014/08/28 15:51:32,1.86,38.21552,-122.25702,71.850,3.776,0.0,-93,0.165,0.000,0.000
2014/08/28 15:51:37,1.86,38.21539,-122.25700,69.554,11.058,0.0,-93,0.069,0.000,2.193
2014/08/28 15:51:42,1.86,38.21513,-122.25696,66.929,13.392,0.0,-93,0.000,0.000,7.022
2014/08/28 15:51:47,1.86,38.21484,-122.25691,65.617,15.464,0.0,-93,0.111,0.000,0.000
2014/08/28 15:51:52,1.86,38.21447,-122.25685,65.945,21.566,0.0,-95,0.096,0.000,0.216
2014/08/28 15:51:57,1.86,38.21402,-122.25678,67.585,22.628,0.0,-95,0.502,0.042,1.392
2014/08/28 15:52:02,1.81,38.21358,-122.25671,66.929,21.364,0.0,-95,0.072,0.000,0.000
2014/08/28 15:52:07,1.81,38.21318,-122.25665,67.585,17.249,0.0,-95,0.097,0.125,7.114
2014/08/28 15:52:12,1.81,38.21300,-122.25663,70.538,4.950,0.0,-95,0.000,0.083,0.000
2014/08/28 15:52:17,1.81,38.21283,-122.25662,75.131,10.058,0.0,-95,0.140,0.000,0.000
2014/08/28 15:52:22,1.81,38.21272,-122.25661,76.772,3.451,0.0,-95,0.135,0.125,0.000
2014/08/28 15:52:27,1.81,38.21253,-122.25659,79.068,15.483,0.0,-89,0.115,0.000,0.000
2014/08/28 15:52:32,1.81,38.21217,-122.25656,80.709,21.047,0.0,-89,0.157,0.125,0.000
2014/08/28 15:52:37,1.81,38.21168,-122.25652,82.021,25.027,0.0,-89,0.170,0.000,0.000
2014/08/28 15:52:42,1.81,38.21121,-122.25649,83.005,19.820,0.0,-89,0.196,0.000,0.000
2014/08/28 15:52:47,1.81,38.21089,-122.25648,83.005,14.829,0.0,-89,0.000,0.000,0.000
2014/08/28 15:52:52,1.81,38.21054,-122.25646,83.990,17.656,0.0,-89,0.166,0.000,0.000
2014/08/28 15:52:57,1.81,38.21016,-122.25644,83.661,17.988,0.0,-95,0.083,0.000,0.000
2014/08/28 15:53:02,1.81,38.20995,-122.25643,83.661,6.382,0.0,-95,0.100,0.000,0.000
2014/08/28 15:53:07,1.8,38.20987,-122.25643,83.990,1.623,0.0,-95,0.118,0.000,0.000
2014/08/28 15:53:12,1.7,38.20986,-122.25643,85.302,0.032,0.0,-95,0.162,0.000,0.000
2014/08/28 15:53:17,1.7,38.20985,-122.25643,85.958,2.053,0.0,-95,0.172,0.000,0.000
2014/08/28 15:53:22,1.7,38.20984,-122.25643,84.974,0.004,0.0,-95,0.513,0.000,0.187
2014/08/28 15:53:27,1.7,38.20984,-122.25643,84.974,0.111,0.0,-89,0.723,0.042,0.186
2014/08/28 15:53:32,1.7,38.20973,-122.25642,83.333,12.096,0.0,-89,0.141,0.000,3.173
2014/08/28 15:53:37,1.7,38.20938,-122.25641,81.365,21.942,0.0,-89,0.147,0.125,0.000
2014/08/28 15:53:42,1.7,38.20889,-122.25638,80.709,24.318,0.0,-89,0.141,0.000,0.000
2014/08/28 15:53:48,1.7,38.20856,-122.25636,80.381,8.455,0.0,-89,0.204,0.083,9.370
2014/08/28 15:53:53,1.7,38.20844,-122.25635,79.396,4.986,0.0,-89,0.204,0.000,0.000
2014/08/28 15:53:58,1.94,38.20832,-122.25635,79.724,6.151,0.0,-87,0.000,0.125,0.000
2014/08/28 15:54:03,1.7,38.20816,-122.25635,80.381,10.826,0.0,-87,0.280,0.000,0.000
2014/08/28 15:54:08,1.7,38.20792,-122.25633,81.037,15.142,0.0,-87,0.254,0.125,0.000
2014/08/28 15:54:13,1.69,38.20772,-122.25632,81.365,6.605,0.0,-87,0.633,0.250,9.050
2014/08/28 15:54:18,1.69,38.20763,-122.25632,81.365,3.080,0.0,-87,0.229,0.583,4.142
2014/08/28 15:54:23,1.76,38.20759,-122.25631,81.037,3.624,0.0,-87,1.085,1.000,1.393
2014/08/28 15:54:28,1.69,38.20757,-122.25631,80.709,0.096,0.0,-87,1.051,0.833,0.594
2014/08/28 15:54:33,1.69,38.20756,-122.25631,80.381,0.215,0.0,-83,0.821,0.000,5.562
2014/08/28 15:54:38,1.69,38.20749,-122.25631,80.381,7.273,0.0,-83,0.589,0.125,0.000
2014/08/28 15:54:43,1.69,38.20728,-122.25630,80.381,10.399,0.0,-83,0.631,0.250,3.637
2014/08/28 15:54:48,1.69,38.20718,-122.25630,80.052,2.824,0.0,-83,0.690,0.375,5.170
2014/08/28 15:54:53,1.69,38.20709,-122.25630,79.396,6.503,0.0,-83,0.587,0.208,1.603
2014/08/28 15:54:58,1.69,38.20693,-122.25629,79.068,8.659,0.0,-83,0.901,0.500,2.714
2014/08/28 15:55:03,1.69,38.20674,-122.25628,79.396,10.277,0.0,-83,0.333,0.125,0.000
2014/08/28 15:55:08,1.69,38.20654,-122.25628,79.068,9.485,0.0,-83,0.620,0.000,3.505
2014/08/28 15:55:13,1.69,38.20635,-122.25627,79.068,9.250,0.0,-83,0.663,0.250,0.000
2014/08/28 15:55:18,1.69,38.20616,-122.25627,79.068,10.432,0.0,-83,0.533,0.250,6.454
2014/08/28 15:55:23,1.69,38.20594,-122.25628,79.724,10.514,0.0,-83,0.787,0.458,2.006
2014/08/28 15:55:28,1.68,38.20574,-122.25628,78.740,11.050,0.0,-83,0.597,0.000,6.530
2014/08/28 15:55:33,1.68,38.20552,-122.25628,78.084,9.829,0.0,-81,0.386,0.250,0.000
2014/08/28 15:55:38,1.68,38.20536,-122.25628,78.412,7.314,0.0,-81,0.553,0.000,3.590
2014/08/28 15:55:43,1.68,38.20522,-122.25629,78.412,6.926,0.0,-81,0.000,0.250,0.000
2014/08/28 15:55:48,1.68,38.20502,-122.25629,79.068,11.234,0.0,-81,0.190,0.000,0.000
2014/08/28 15:55:53,1.68,38.20480,-122.25629,77.756,9.745,0.0,-81,0.251,0.000,0.000
2014/08/28 15:55:58,1.68,38.20463,-122.25629,76.115,7.950,0.0,-81,0.251,0.000,0.000
2014/08/28 15:56:03,1.68,38.20447,-122.25630,77.428,8.295,0.0,-75,0.292,0.000,0.000
2014/08/28 15:56:08,1.68,38.20427,-122.25630,78.084,10.740,0.0,-75,0.177,0.000,0.000
2014/08/28 15:56:13,1.68,38.20405,-122.25630,75.459,10.886,0.0,-75,0.121,0.000,0.000
2014/08/28 15:56:18,1.72,38.20378,-122.25631,74.475,14.703,0.0,-75,0.000,0.000,0.000
2014/08/28 15:56:23,1.72,38.20348,-122.25631,71.850,15.625,0.0,-75,0.155,0.000,0.000
2014/08/28 15:56:28,1.72,38.20316,-122.25632,69.882,15.309,0.0,-75,0.146,0.000,0.000
2014/08/28 15:56:33,1.72,38.20291,-122.25632,69.226,10.374,0.0,-75,0.221,0.000,0.000
2014/08/28 15:56:38,1.72,38.20271,-122.25632,67.585,10.628,0.0,-81,0.205,0.000,0.382
2014/08/28 15:56:43,1.67,38.20247,-122.25633,65.945,12.850,0.0,-81,1.433,0.000,0.438
2014/08/28 15:56:48,1.67,38.20221,-122.25633,63.976,12.727,0.0,-81,0.683,0.042,0.000
2014/08/28 15:56:53,1.72,38.20196,-122.25633,62.992,12.388,0.0,-81,0.124,0.083,0.000
2014/08/28 15:56:58,1.67,38.20165,-122.25633,63.648,13.285,0.0,-81,0.172,0.000,0.000
2014/08/28 15:57:03,1.77,38.20137,-122.25633,62.664,15.098,0.0,-81,0.199,0.125,0.000
2014/08/28 15:57:08,1.67,38.20112,-122.25633,60.696,9.226,0.0,-81,0.226,0.000,0.000
2014/08/28 15:57:13,1.67,38.20093,-122.25633,57.087,9.537,0.0,-81,0.262,0.000,0.000
2014/08/28 15:57:18,1.67,38.20074,-122.25634,55.446,9.704,0.0,-81,0.000,0.125,0.000
2014/08/28 15:57:23,1.67,38.20051,-122.25634,55.118,13.616,0.0,-81,0.122,0.125,0.000
2014/08/28 15:57:28,1.67,38.20019,-122.25634,54.790,18.634,0.0,-81,0.055,0.000,0.000
2014/08/28 15:57:33,1.67,38.19977,-122.25635,54.790,24.053,0.0,-81,0.053,0.000,0.000
2014/08/28 15:57:38,1.67,38.19925,-122.25636,54.462,25.596,0.0,-85,0.044,0.125,0.000
2014/08/28 15:57:43,2.04,38.19876,-122.25637,55.118,23.387,0.0,-85,0.083,0.000,0.000
2014/08/28 15:57:48,1.98,38.19828,-122.25637,58.399,23.404,0.0,-85,0.114,0.000,0.000
2014/08/28 15:57:53,1.97,38.19782,-122.25638,58.727,23.133,0.0,-85,0.131,0.000,0.000
2014/08/28 15:57:58,2.43,38.19755,-122.25638,58.399,23.486,0.0,-85,0.136,0.000,0.000
2014/08/28 15:58:03,1.8,38.19694,-122.25640,97.441,19.884,0.0,-85,0.094,0.000,0.000
2014/08/28 15:58:08,1.71,38.19653,-122.25640,71.194,16.597,0.0,-71,0.147,0.000,0.000
2014/08/28 15:58:13,1.68,38.19623,-122.25639,73.163,14.577,0.0,-71,0.000,0.000,0.000
2014/08/28 15:58:18,1.71,38.19596,-122.25639,69.882,13.558,0.0,-71,0.146,0.000,0.000
2014/08/28 15:58:23,1.66,38.19571,-122.25638,70.538,11.229,0.0,-71,0.108,0.000,0.000
2014/08/28 15:58:28,1.66,38.19556,-122.25637,71.194,1.368,0.0,-71,0.125,0.000,0.203
2014/08/28 15:58:33,1.7,38.19555,-122.25637,72.835,2.361,0.0,-71,0.961,0.042,0.179
2014/08/28 15:58:38,1.75,38.19544,-122.25637,72.835,6.203,0.0,-71,0.130,0.000,3.910
2014/08/28 15:58:43,1.7,38.19532,-122.25636,72.507,6.805,0.0,-81,0.084,0.125,0.000
2014/08/28 15:58:48,1.7,38.19513,-122.25634,72.178,10.496,0.0,-81,0.125,0.000,0.000
2014/08/28 15:58:53,1.7,38.19493,-122.25631,71.850,9.905,0.0,-81,0.000,0.083,0.000
2014/08/28 15:58:58,1.7,38.19478,-122.25629,71.194,4.451,0.0,-81,0.000,0.000,0.000
2014/08/28 15:59:03,1.7,38.19469,-122.25628,71.522,4.760,0.0,-81,0.000,0.125,0.000
2014/08/28 15:59:08,1.7,38.19455,-122.25626,70.866,9.130,0.0,-81,0.000,0.125,0.000
2014/08/28 15:59:13,1.7,38.19434,-122.25623,69.882,10.479,0.0,-81,0.000,0.000,0.000
2014/08/28 15:59:18,1.69,38.19413,-122.25620,69.226,10.909,0.0,-81,0.000,0.000,0.000
2014/08/28 15:59:23,1.69,38.19393,-122.25616,68.898,8.928,0.0,-81,0.000,0.125,0.000
2014/08/28 15:59:28,1.69,38.19378,-122.25614,68.241,8.182,0.0,-81,0.000,0.000,0.000
2014/08/28 15:59:33,1.93,38.19353,-122.25611,68.898,14.712,0.0,-81,0.000,0.000,0.000
2014/08/28 15:59:39,1.69,38.19323,-122.25606,68.898,15.058,0.0,-81,0.000,0.125,0.000
2014/08/28 15:59:44,1.69,38.19291,-122.25601,69.554,16.256,0.0,-79,0.000,0.000,0.000
2014/08/28 15:59:49,1.69,38.19260,-122.25597,71.194,14.633,0.0,-79,0.000,0.000,0.000
2014/08/28 15:59:54,1.69,38.19234,-122.25593,71.850,11.631,0.0,-79,0.000,0.125,0.000
2014/08/28 15:59:59,1.73,38.19215,-122.25591,72.178,8.594,0.0,-79,0.000,0.000,0.000
2014/08/28 16:00:04,1.69,38.19205,-122.25590,72.178,1.123,0.0,-79,0.000,0.083,0.000
2014/08/28 16:00:09,1.69,38.19205,-122.25589,70.866,0.007,0.0,-79,0.000,0.000,0.000
2014/08/28 16:00:14,1.69,38.19205,-122.25590,71.522,0.017,0.0,-77,0.000,0.000,0.000
2014/08/28 16:00:19,1.92,38.19205,-122.25590,72.507,0.045,0.0,-77,0.000,0.125,0.000
2014/08/28 16:00:24,1.68,38.19205,-122.25590,73.491,0.023,0.0,-77,0.000,0.000,0.000
2014/08/28 16:00:29,1.68,38.19205,-122.25590,74.147,0.001,0.0,-77,0.000,0.000,0.000
2014/08/28 16:00:34,1.68,38.19205,-122.25590,74.147,0.060,0.0,-77,0.000,0.125,0.000
2014/08/28 16:00:39,1.68,38.19198,-122.25589,74.147,5.196,0.0,-77,0.000,0.000,0.000
2014/08/28 16:00:44,1.68,38.19191,-122.25588,72.835,2.717,0.0,-77,0.000,0.000,0.000
2014/08/28 16:00:49,1.68,38.19180,-122.25587,73.491,6.456,0.0,-77,0.000,0.125,0.000
2014/08/28 16:00:54,1.68,38.19162,-122.25585,74.475,11.505,0.0,-77,0.000,0.000,0.000
2014/08/28 16:00:59,1.68,38.19140,-122.25583,75.459,10.806,0.0,-77,0.000,0.000,0.000
2014/08/28 16:01:04,1.68,38.19114,-122.25580,76.444,13.636,0.0,-77,0.000,0.125,0.000
2014/08/28 16:01:09,1.68,38.19089,-122.25578,77.100,11.767,0.0,-77,0.000,0.000,0.000
2014/08/28 16:01:14,1.68,38.19067,-122.25576,78.084,10.395,0.0,-77,0.000,0.000,0.000
2014/08/28 16:01:19,1.67,38.19043,-122.25575,78.740,12.257,0.0,-73,0.000,0.000,0.000
2014/08/28 16:01:24,1.67,38.19017,-122.25573,79.396,13.020,0.0,-73,0.000,0.000,0.000
2014/08/28 16:01:29,1.67,38.18990,-122.25571,80.052,14.862,0.0,-73,0.000,0.000,0.000
2014/08/28 16:01:34,1.67,38.18957,-122.25568,82.021,16.628,0.0,-73,0.000,0.000,0.000
2014/08/28 16:01:39,1.67,38.18924,-122.25566,82.349,16.056,0.0,-73,0.000,0.000,7.579
2014/08/28 16:01:44,1.67,38.18891,-122.25563,82.021,16.867,0.0,-73,0.000,0.000,2.691
2014/08/28 16:01:49,1.67,38.18858,-122.25560,82.021,16.437,0.0,-71,0.006,0.000,0.906
2014/08/28 16:01:54,1.67,38.18822,-122.25558,81.037,18.828,0.0,-71,0.914,0.000,0.717
2014/08/28 16:01:59,1.4,38.18783,-122.25555,79.724,19.252,0.0,-71,0.378,0.042,0.000
2014/08/28 16:02:04,1.4,38.18743,-122.25552,77.100,21.253,0.0,-71,0.083,0.083,2.896
2014/08/28 16:02:09,1.4,38.18698,-122.25550,73.819,22.702,0.0,-71,0.509,0.042,0.000
2014/08/28 16:02:14,1.37,38.18657,-122.25548,69.882,18.678,0.0,-71,0.210,0.000,0.000
2014/08/28 16:02:19,1.37,38.18622,-122.25547,65.617,16.053,0.0,-61,0.216,0.000,0.000
2014/08/28 16:02:24,1.37,38.18594,-122.25547,62.992,9.040,0.0,-61,0.503,0.083,0.000
2014/08/28 16:02:29,1.37,38.18589,-122.25547,62.992,0.017,0.0,-61,0.503,0.000,0.000
2014/08/28 16:02:34,1.37,38.18589,-122.25547,62.664,0.050,0.0,-61,0.494,0.125,0.000
2014/08/28 16:02:39,1.37,38.18589,-122.25547,61.680,0.004,0.0,-61,0.511,0.000,0.000
2014/08/28 16:02:44,1.37,38.18588,-122.25547,63.976,0.514,0.0,-61,0.494,0.125,0.000
2014/08/28 16:02:49,1.37,38.18584,-122.25548,67.257,3.927,0.0,-71,0.417,0.000,0.000
2014/08/28 16:02:54,1.37,38.18561,-122.25547,66.273,14.847,0.0,-71,0.494,0.000,0.000
2014/08/28 16:02:59,1.37,38.18526,-122.25548,64.633,18.919,0.0,-71,0.503,0.000,0.000
2014/08/28 16:03:04,1.37,38.18488,-122.25548,63.976,19.739,0.0,-71,0.000,0.000,0.000
2014/08/28 16:03:09,1.37,38.18445,-122.25549,63.976,21.195,0.0,-71,0.511,0.000,0.000
2014/08/28 16:03:14,1.62,38.18400,-122.25549,64.304,21.959,0.0,-71,0.486,0.000,0.000
2014/08/28 16:03:19,1.37,38.18354,-122.25549,63.976,24.161,0.0,-71,0.508,0.000,0.000
2014/08/28 16:03:24,1.37,38.18307,-122.25547,63.976,22.398,0.0,-81,0.494,0.000,0.000
2014/08/28 16:03:29,1.37,38.18262,-122.25543,62.008,22.213,0.0,-81,0.508,0.000,0.000
2014/08/28 16:03:34,1.37,38.18219,-122.25537,61.352,22.053,0.0,-81,0.497,0.000,0.000
2014/08/28 16:03:39,1.37,38.18174,-122.25530,60.696,24.456,0.0,-81,0.492,0.000,0.000
2014/08/28 16:03:44,1.37,38.18122,-122.25521,59.711,26.005,0.0,-81,0.506,0.000,8.190
2014/08/28 16:03:49,1.61,38.18071,-122.25513,58.727,26.135,0.0,-81,1.250,0.000,0.374
2014/08/28 16:03:54,1.37,38.18020,-122.25504,58.399,25.288,0.0,-65,0.000,0.000,0.000
2014/08/28 16:03:59,1.37,38.17966,-122.25495,58.399,28.773,0.0,-65,0.883,0.042,3.342
2014/08/28 16:04:04,1.37,38.17912,-122.25486,59.055,24.698,0.0,-65,1.316,0.542,0.000
2014/08/28 16:04:09,1.4,38.17864,-122.25477,59.383,23.661,0.0,-65,0.575,1.250,0.000
2014/08/28 16:04:14,1.4,38.17817,-122.25470,59.055,23.545,0.0,-65,1.309,0.000,0.000
2014/08/28 16:04:19,1.4,38.17771,-122.25462,58.727,23.907,0.0,-65,0.500,0.708,5.666
2014/08/28 16:04:24,1.41,38.17720,-122.25453,60.039,26.329,0.0,-73,0.407,0.417,1.071
2014/08/28 16:04:29,1.37,38.17670,-122.25445,61.352,24.851,0.0,-73,1.071,2.292,1.789
2014/08/28 16:04:34,1.37,38.17622,-122.25437,62.336,23.083,0.0,-73,1.708,2.667,2.943
2014/08/28 16:04:39,1.37,38.17577,-122.25429,62.992,22.524,0.0,-73,1.497,1.250,0.193
2014/08/28 16:04:44,1.37,38.17532,-122.25422,64.633,22.481,0.0,-73,2.228,0.000,0.457
2014/08/28 16:04:49,1.6,38.17494,-122.25415,65.945,14.152,0.0,-73,1.839,0.000,0.421
2014/08/28 16:04:54,1.37,38.17471,-122.25411,65.289,9.344,0.0,-73,2.350,0.667,0.477
2014/08/28 16:04:59,1.4,38.17458,-122.25409,65.617,2.528,0.0,-73,2.747,0.625,0.169
2014/08/28 16:05:04,1.37,38.17458,-122.25409,64.961,0.008,0.0,-73,3.233,0.000,0.226
2014/08/28 16:05:09,1.37,38.17456,-122.25409,64.961,4.873,0.0,-73,3.397,1.250,0.000
2014/08/28 16:05:14,1.4,38.17436,-122.25405,65.289,11.196,0.0,-73,3.189,0.000,0.000
2014/08/28 16:05:19,1.37,38.17413,-122.25401,65.289,13.096,0.0,-73,2.141,0.667,0.219
2014/08/28 16:05:24,1.37,38.17383,-122.25397,65.289,15.099,0.0,-73,2.914,0.625,0.267
2014/08/28 16:05:29,1.37,38.17352,-122.25391,65.617,16.959,0.0,-69,3.069,0.625,0.238
2014/08/28 16:05:34,1.41,38.17315,-122.25385,65.289,18.613,0.0,-69,2.864,0.000,0.318
2014/08/28 16:05:39,1.41,38.17276,-122.25379,64.961,20.036,0.0,-69,1.103,0.000,0.919
2014/08/28 16:05:44,1.41,38.17236,-122.25372,63.976,19.797,0.0,-69,0.906,0.000,0.319
2014/08/28 16:05:49,1.37,38.17207,-122.25367,63.320,7.561,0.0,-69,1.778,0.000,0.350
2014/08/28 16:05:54,1.4,38.17203,-122.25366,62.664,0.007,0.0,-69,3.397,0.000,0.215
2014/08/28 16:05:59,1.4,38.17202,-122.25366,62.992,0.012,0.0,-65,3.336,0.000,0.167
2014/08/28 16:06:04,1.4,38.17203,-122.25366,62.664,0.034,0.0,-65,3.581,0.000,0.183
2014/08/28 16:06:09,1.4,38.17203,-122.25366,62.336,0.029,0.0,-65,3.114,0.000,0.198
2014/08/28 16:06:14,1.37,38.17202,-122.25366,62.336,1.562,0.0,-65,3.325,0.000,0.167
2014/08/28 16:06:19,1.37,38.17187,-122.25363,62.336,11.273,0.0,-65,3.169,0.000,0.314
2014/08/28 16:06:24,1.37,38.17160,-122.25359,62.664,13.550,0.0,-65,3.047,0.000,0.234
2014/08/28 16:06:29,1.4,38.17129,-122.25354,61.352,17.936,0.0,-67,2.753,0.000,0.230
2014/08/28 16:06:34,1.4,38.17088,-122.25347,60.696,21.879,0.0,-67,2.767,0.042,0.242
2014/08/28 16:06:39,1.4,38.17043,-122.25340,60.039,23.066,0.0,-67,1.647,0.292,2.218
2014/08/28 16:06:44,1.4,38.16992,-122.25331,58.399,27.886,0.0,-67,1.228,0.375,0.282
2014/08/28 16:06:49,1.62,38.16933,-122.25321,57.087,31.743,0.0,-67,2.475,0.500,0.179
2014/08/28 16:06:54,1.62,38.16866,-122.25310,55.118,34.904,0.0,-67,3.472,0.750,0.370
2014/08/28 16:06:59,1.6,38.16796,-122.25300,52.822,34.566,0.0,-53,3.242,0.958,0.170
2014/08/28 16:07:05,1.6,38.16730,-122.25294,50.525,28.134,0.0,-53,3.047,0.917,0.166
2014/08/28 16:07:10,1.62,38.16688,-122.25292,50.853,13.378,0.0,-53,1.150,0.208,3.125
2014/08/28 16:07:15,1.62,38.16677,-122.25292,53.150,4.151,0.0,-53,1.389,0.000,0.204
2014/08/28 16:07:20,1.62,38.16668,-122.25292,53.150,2.163,0.0,-53,2.222,0.417,0.382
2014/08/28 16:07:25,1.62,38.16667,-122.25292,51.509,0.055,0.0,-53,2.806,0.458,0.157
2014/08/28 16:07:30,1.62,38.16667,-122.25292,50.525,0.026,0.0,-53,2.725,0.417,0.159
2014/08/28 16:07:35,1.62,38.16667,-122.25292,51.837,0.040,0.0,-51,3.158,0.667,0.186
2014/08/28 16:07:40,1.62,38.16667,-122.25293,52.822,0.007,0.0,-51,3.228,0.750,0.210
2014/08/28 16:07:45,1.62,38.16667,-122.25293,53.806,0.353,0.0,-51,3.192,0.708,0.164
2014/08/28 16:07:50,1.62,38.16655,-122.25292,53.150,10.982,0.0,-51,3.500,0.708,0.162
2014/08/28 16:07:55,1.59,38.16624,-122.25293,51.509,18.598,0.0,-51,3.522,1.375,0.162
2014/08/28 16:08:00,1.8,38.16576,-122.25295,46.588,20.489,0.0,-51,3.489,1.125,0.186
2014/08/28 16:08:05,1.59,38.16532,-122.25297,45.932,24.145,0.0,-51,3.322,0.625,0.191
2014/08/28 16:08:10,1.59,38.16476,-122.25300,52.165,30.841,0.0,-51,2.753,0.542,0.350
2014/08/28 16:08:15,1.59,38.16407,-122.25305,58.727,36.516,0.0,-51,2.261,0.708,0.514
2014/08/28 16:08:20,1.59,38.16330,-122.25310,64.304,38.750,0.0,-51,2.492,1.375,0.237
2014/08/28 16:08:25,1.83,38.16251,-122.25316,64.961,39.245,0.0,-51,1.641,0.542,0.455
2014/08/28 16:08:30,1.59,38.16171,-122.25323,55.446,40.764,0.0,-51,1.367,0.000,0.309
2014/08/28 16:08:35,1.83,38.16086,-122.25328,58.071,43.962,0.0,-71,1.736,0.500,0.649
2014/08/28 16:08:40,1.83,38.15996,-122.25336,55.774,44.644,0.0,-71,0.894,0.125,0.340
2014/08/28 16:08:45,1.83,38.15907,-122.25343,55.118,43.202,0.0,-71,1.609,0.000,0.567
2014/08/28 16:08:50,1.59,38.15821,-122.25350,51.837,42.047,0.0,-71,0.611,0.542,0.000
2014/08/28 16:08:55,1.59,38.15738,-122.25356,52.165,40.851,0.0,-71,0.581,0.000,0.000
2014/08/28 16:09:00,1.83,38.15657,-122.25361,54.462,39.922,0.0,-71,0.594,0.250,1.209
2014/08/28 16:09:05,1.59,38.15582,-122.25367,60.039,34.871,0.0,-85,0.375,0.000,2.478
2014/08/28 16:09:10,1.83,38.15512,-122.25374,57.415,37.000,0.0,-85,0.250,0.000,0.000
2014/08/28 16:09:15,1.83,38.15440,-122.25385,53.150,30.903,0.0,-85,0.145,0.125,0.636
2014/08/28 16:09:20,1.59,38.15406,-122.25391,51.837,5.904,0.0,-85,0.267,0.000,0.000
2014/08/28 16:09:25,1.59,38.15403,-122.25392,50.197,0.047,0.0,-85,0.317,0.125,4.658
2014/08/28 16:09:30,1.59,38.15404,-122.25392,43.307,0.069,0.0,-85,0.534,0.167,0.692
2014/08/28 16:09:35,1.59,38.15404,-122.25393,37.073,0.030,0.0,-85,0.454,0.000,0.000
2014/08/28 16:09:40,1.59,38.15405,-122.25393,33.465,0.021,0.0,-83,0.440,0.208,2.673
2014/08/28 16:09:45,1.59,38.15405,-122.25393,31.168,0.026,0.0,-83,0.200,0.625,1.881
2014/08/28 16:09:50,1.59,38.15405,-122.25393,29.528,0.048,0.0,-83,0.344,0.625,2.717
2014/08/28 16:09:55,1.59,38.15405,-122.25393,28.215,0.030,0.0,-83,0.220,0.375,2.209
2014/08/28 16:10:00,1.59,38.15405,-122.25393,27.231,0.040,0.0,-83,0.244,0.000,2.359
2014/08/28 16:10:05,1.78,38.15405,-122.25394,26.247,0.498,0.0,-83,0.217,0.375,2.379
2014/08/28 16:10:10,1.59,38.15403,-122.25394,23.622,5.475,0.0,-79,0.161,0.375,4.286
2014/08/28 16:10:15,1.59,38.15365,-122.25400,24.606,27.848,0.0,-79,0.214,0.250,0.000
2014/08/28 16:10:20,1.59,38.15294,-122.25412,24.278,41.177,0.0,-79,0.225,0.292,5.401
2014/08/28 16:10:25,1.78,38.15204,-122.25427,24.934,47.870,0.0,-79,0.292,0.375,2.270
2014/08/28 16:10:30,1.78,38.15113,-122.25441,28.215,42.342,0.0,-79,0.275,0.000,3.240
2014/08/28 16:10:35,1.78,38.15042,-122.25452,32.808,27.877,0.0,-79,0.208,0.292,1.969
2014/08/28 16:10:40,1.78,38.15004,-122.25458,33.465,13.078,0.0,-79,0.658,0.250,0.417
2014/08/28 16:10:45,1.78,38.14982,-122.25462,34.449,10.308,0.0,-79,0.822,0.583,0.832
2014/08/28 16:10:50,1.77,38.14957,-122.25465,37.730,15.130,0.0,-79,0.392,0.250,0.770
2014/08/28 16:10:55,1.77,38.14921,-122.25471,36.745,18.323,0.0,-79,0.628,0.000,0.698
2014/08/28 16:11:00,2.27,38.14881,-122.25478,36.745,21.706,0.0,-79,0.600,0.375,2.184
2014/08/28 16:11:05,1.77,38.14839,-122.25484,37.730,20.147,0.0,-79,0.803,0.375,0.819
2014/08/28 16:11:10,1.77,38.14809,-122.25489,37.073,8.487,0.0,-87,0.684,0.542,1.330
2014/08/28 16:11:15,1.59,38.14799,-122.25491,35.761,3.216,0.0,-87,1.175,0.583,0.737
2014/08/28 16:11:20,1.59,38.14797,-122.25491,37.073,0.009,0.0,-87,0.858,0.375,1.010
2014/08/28 16:11:25,1.59,38.14797,-122.25491,37.402,0.021,0.0,-87,1.061,0.542,1.202
2014/08/28 16:11:30,1.59,38.14797,-122.25491,38.714,0.032,0.0,-87,0.650,0.000,2.093
2014/08/28 16:11:35,1.59,38.14797,-122.25491,38.714,0.012,0.0,-87,0.353,0.250,2.034
2014/08/28 16:11:40,1.59,38.14797,-122.25491,36.745,0.054,0.0,-87,1.461,0.417,0.371
2014/08/28 16:11:45,1.59,38.14797,-122.25491,35.105,0.009,0.0,-85,1.450,0.000,0.651
2014/08/28 16:11:50,1.59,38.14798,-122.25491,35.761,0.024,0.0,-85,1.061,0.375,0.576
2014/08/28 16:11:55,1.59,38.14798,-122.25491,35.105,0.020,0.0,-85,0.842,0.542,1.303
2014/08/28 16:12:00,1.59,38.14798,-122.25491,33.793,0.014,0.0,-85,1.189,0.500,0.654
2014/08/28 16:12:05,1.59,38.14798,-122.25491,32.152,0.044,0.0,-85,0.786,0.000,2.039
2014/08/28 16:12:10,1.59,38.14798,-122.25491,31.168,0.002,0.0,-85,0.564,0.292,2.388
2014/08/28 16:12:15,1.59,38.14798,-122.25491,31.168,0.030,0.0,-91,0.989,0.250,0.793
2014/08/28 16:12:20,1.59,38.14797,-122.25491,31.168,1.365,0.0,-91,1.139,0.417,1.304
2014/08/28 16:12:25,1.76,38.14783,-122.25493,33.793,10.880,0.0,-91,1.575,0.000,1.074
2014/08/28 16:12:30,1.76,38.14757,-122.25498,35.761,14.886,0.0,-91,1.261,0.375,0.635
2014/08/28 16:12:35,1.76,38.14722,-122.25503,38.058,20.684,0.0,-91,0.911,0.542,0.531
2014/08/28 16:12:40,1.76,38.14673,-122.25511,36.417,27.780,0.0,-91,0.753,0.250,1.829
2014/08/28 16:12:45,1.59,38.14611,-122.25521,36.089,33.201,0.0,-69,0.611,0.125,4.358
2014/08/28 16:12:50,1.59,38.14542,-122.25532,37.402,35.338,0.0,-69,1.533,0.000,1.695
2014/08/28 16:12:55,1.59,38.14468,-122.25544,35.761,38.555,0.0,-69,1.206,0.375,2.317
2014/08/28 16:13:00,1.59,38.14388,-122.25558,34.777,41.431,0.0,-69,0.769,0.292,2.470
2014/08/28 16:13:05,1.59,38.14308,-122.25571,33.793,35.438,0.0,-69,0.914,0.542,0.909
2014/08/28 16:13:10,1.75,38.14264,-122.25578,32.480,6.335,0.0,-69,0.525,0.250,2.107
2014/08/28 16:13:15,1.59,38.14263,-122.25578,36.089,0.035,0.0,-73,1.281,0.542,0.766
2014/08/28 16:13:20,1.75,38.14262,-122.25578,36.089,0.043,0.0,-73,1.322,0.375,1.250
2014/08/28 16:13:25,1.59,38.14262,-122.25579,36.745,0.048,0.0,-73,1.595,0.000,0.378
2014/08/28 16:13:30,1.5,38.14260,-122.25580,39.042,6.509,0.0,-73,1.903,0.375,0.314
2014/08/28 16:13:35,1.85,38.14221,-122.25586,41.010,28.805,0.0,-73,0.728,0.250,1.062
2014/08/28 16:13:40,1.59,38.14149,-122.25597,44.291,41.015,0.0,-73,0.720,0.292,1.106
2014/08/28 16:13:45,1.59,38.14060,-122.25612,41.995,47.382,0.0,-73,0.283,0.125,3.062
2014/08/28 16:13:50,1.88,38.13963,-122.25623,34.449,49.409,0.0,-75,0.620,0.375,0.466
2014/08/28 16:13:55,1.59,38.13868,-122.25633,35.761,45.155,0.0,-75,1.928,0.000,0.216
2014/08/28 16:14:00,1.58,38.13788,-122.25644,39.370,35.873,0.0,-75,2.575,1.125,0.210
2014/08/28 16:14:05,1.43,38.13737,-122.25681,31.824,28.464,0.0,-75,3.011,1.250,0.154
2014/08/28 16:14:10,1.5,38.13759,-122.25739,34.449,29.460,0.0,-75,3.061,1.167,0.157
2014/08/28 16:14:15,1.5,38.13820,-122.25721,43.963,36.692,0.0,-75,2.539,0.458,0.389
2014/08/28 16:14:20,1.4,38.13898,-122.25671,50.853,47.814,0.0,-65,2.764,1.542,0.302
2014/08/28 16:14:25,1.4,38.13988,-122.25599,58.071,56.907,0.0,-65,3.031,0.917,0.278
2014/08/28 16:14:30,1.9,38.14078,-122.25495,63.976,64.730,0.0,-65,1.450,0.000,0.000
2014/08/28 16:14:35,1.4,38.14159,-122.25358,68.570,67.528,0.0,-65,0.000,0.500,0.464
2014/08/28 16:14:40,1.58,38.14216,-122.25206,69.554,66.432,0.0,-65,0.425,0.375,0.590
2014/08/28 16:14:45,1.4,38.14249,-122.25040,67.913,68.365,0.0,-65,0.331,0.000,1.212
2014/08/28 16:14:50,1.44,38.14250,-122.24863,67.257,70.627,0.0,-77,0.296,0.792,2.030
2014/08/28 16:14:55,1.41,38.14231,-122.24681,66.929,72.916,0.0,-77,0.108,0.250,4.802
2014/08/28 16:15:00,1.47,38.14209,-122.24497,67.913,73.405,0.0,-77,0.113,0.500,1.288
2014/08/28 16:15:05,1.58,38.14186,-122.24314,75.131,71.058,0.0,-77,0.560,0.667,1.730
2014/08/28 16:15:10,1.61,38.14166,-122.24143,90.551,65.974,0.0,-77,0.439,0.625,1.797
2014/08/28 16:15:15,1.53,38.14147,-122.23978,106.955,64.998,0.0,-77,0.975,0.625,1.682
2014/08/28 16:15:20,1.41,38.14135,-122.23814,122.703,64.663,0.0,-85,0.536,0.000,1.310
2014/08/28 16:15:25,1.41,38.14132,-122.23648,130.577,66.367,0.0,-85,0.706,0.667,0.969
2014/08/28 16:15:30,1.44,38.14129,-122.23478,127.297,67.251,0.0,-85,0.200,0.125,0.467
2014/08/28 16:15:35,1.41,38.14128,-122.23307,116.470,67.522,0.0,-85,1.664,0.000,0.000
2014/08/28 16:15:40,1.41,38.14129,-122.23133,111.877,68.814,0.0,-85,0.411,0.000,2.944
2014/08/28 16:15:45,1.5,38.14128,-122.22960,109.908,68.426,0.0,-85,0.286,0.000,2.376
2014/08/28 16:15:50,1.44,38.14126,-122.22795,107.283,60.117,0.0,-85,0.269,0.000,2.341
2014/08/28 16:15:55,1.41,38.14125,-122.22653,105.315,53.321,0.0,-85,0.564,0.000,1.574
2014/08/28 16:16:00,1.44,38.14121,-122.22515,104.659,55.014,0.0,-85,0.238,0.000,0.318
2014/08/28 16:16:05,1.64,38.14106,-122.22384,110.564,48.252,0.0,-85,1.331,0.042,0.184
2014/08/28 16:16:10,1.41,38.14069,-122.22278,119.094,45.430,0.0,-85,1.145,0.333,0.642
2014/08/28 16:16:15,1.41,38.14006,-122.22192,120.735,45.677,0.0,-85,0.367,0.792,0.602
2014/08/28 16:16:20,1.41,38.13927,-122.22140,115.157,43.237,0.0,-85,1.753,0.917,0.273
2014/08/28 16:16:25,2.14,38.13839,-122.22123,111.877,45.315,0.0,-67,1.914,0.750,0.229
2014/08/28 16:16:30,1.63,38.13747,-122.22146,108.268,48.413,0.0,-67,1.758,0.708,0.555
2014/08/28 16:16:35,1.43,38.13652,-122.22201,102.034,54.581,0.0,-67,1.267,0.500,0.000
2014/08/28 16:16:40,1.58,38.13547,-122.22263,101.050,59.383,0.0,-67,1.044,0.542,0.000
2014/08/28 16:16:46,1.58,38.13436,-122.22332,99.081,63.535,0.0,-67,1.239,0.000,0.249
2014/08/28 16:16:51,1.58,38.13318,-122.22406,98.753,67.273,0.0,-67,0.339,0.208,3.293
2014/08/28 16:16:56,1.58,38.13194,-122.22482,99.409,68.459,0.0,-79,0.543,0.542,0.522
2014/08/28 16:17:01,1.58,38.13071,-122.22559,105.315,68.009,0.0,-79,0.420,0.000,1.027
2014/08/28 16:17:06,1.87,38.12949,-122.22637,111.877,68.281,0.0,-79,0.243,0.542,1.519
2014/08/28 16:17:11,1.58,38.12827,-122.22713,116.142,66.254,0.0,-79,0.925,0.917,0.602
2014/08/28 16:17:16,1.58,38.12713,-122.22785,120.079,61.344,0.0,-79,1.652,1.500,2.049
2014/08/28 16:17:21,1.58,38.12607,-122.22853,126.640,57.919,0.0,-79,1.939,1.667,0.651
2014/08/28 16:17:26,1.47,38.12506,-122.22917,137.467,55.749,0.0,-69,1.558,0.583,0.720
2014/08/28 16:17:31,2.14,38.12402,-122.22970,144.029,56.101,0.0,-69,0.739,0.000,2.894
2014/08/28 16:17:36,2.91,38.12293,-122.23012,145.013,56.823,0.0,-69,1.480,0.333,0.145
2014/08/28 16:17:41,1.62,38.12184,-122.23041,133.858,52.159,0.0,-69,3.772,0.000,0.292
2014/08/28 16:17:46,1.67,38.12088,-122.23051,132.218,43.860,0.0,-69,3.081,0.917,0.193
2014/08/28 16:17:51,1.62,38.12005,-122.23052,131.890,40.108,0.0,-69,3.811,0.333,0.181
2014/08/28 16:17:56,1.57,38.11926,-122.23046,130.249,39.819,0.0,-59,3.778,0.583,0.202
2014/08/28 16:18:01,1.57,38.11846,-122.23039,126.640,39.176,0.0,-59,2.355,0.625,1.410
2014/08/28 16:18:06,1.7,38.11776,-122.23031,128.281,31.971,0.0,-59,2.303,0.000,0.359
2014/08/28 16:18:11,1.57,38.11712,-122.23025,125.984,34.012,0.0,-59,1.503,0.333,0.218
2014/08/28 16:18:16,2.71,38.11640,-122.23020,112.861,38.985,0.0,-59,1.011,0.583,0.674
2014/08/28 16:18:21,1.43,38.11556,-122.23013,109.908,44.015,0.0,-59,0.288,0.000,2.650
2014/08/28 16:18:26,1.35,38.11462,-122.23007,99.081,48.123,0.0,-59,0.798,0.333,0.262
2014/08/28 16:18:31,1.74,38.11360,-122.23000,84.974,54.477,0.0,-91,1.826,0.917,0.280
2014/08/28 16:18:36,1.35,38.11242,-122.22990,71.194,61.672,0.0,-91,0.000,1.250,0.349
2014/08/28 16:18:41,1.67,38.11114,-122.22981,62.664,65.030,0.0,-91,1.914,0.000,0.861
2014/08/28 16:18:46,1.35,38.10982,-122.22978,58.399,66.485,0.0,-91,1.439,0.583,0.623
2014/08/28 16:18:51,1.42,38.10849,-122.22979,53.150,63.993,0.0,-91,1.178,0.333,0.398
2014/08/28 16:18:56,1.35,38.10722,-122.22981,54.462,62.427,0.0,-91,2.797,0.625,0.161
2014/08/28 16:19:01,1.48,38.10602,-122.22983,49.869,54.295,0.0,-65,2.486,0.000,0.166
2014/08/28 16:19:06,1.35,38.10499,-122.22986,46.260,48.165,0.0,-65,1.511,0.000,0.369
2014/08/28 16:19:11,1.35,38.10406,-122.22987,48.885,44.837,0.0,-65,0.764,0.625,0.158
2014/08/28 16:19:16,1.4,38.10316,-122.22988,54.134,44.819,0.0,-65,2.289,1.208,0.166
2014/08/28 16:19:21,1.35,38.10226,-122.22989,58.399,45.293,0.0,-65,3.381,0.917,0.178
2014/08/28 16:19:26,1.35,38.10133,-122.22991,64.961,46.274,0.0,-65,3.825,0.917,0.221
2014/08/28 16:19:31,1.35,38.10041,-122.22992,69.554,44.723,0.0,-71,3.225,0.292,0.749
2014/08/28 16:19:36,1.35,38.09954,-122.22993,72.178,40.720,0.0,-71,1.661,0.000,0.427
2014/08/28 16:19:41,1.35,38.09876,-122.22994,78.084,38.459,0.0,-71,0.814,0.000,0.000
2014/08/28 16:19:46,1.44,38.09795,-122.22995,84.646,41.148,0.0,-71,0.000,0.000,0.951
2014/08/28 16:19:51,1.43,38.09708,-122.22997,91.535,45.754,0.0,-71,0.000,0.000,0.159
2014/08/28 16:19:56,1.57,38.09611,-122.22998,97.113,49.907,0.0,-71,0.006,0.042,0.550
2014/08/28 16:20:01,1.35,38.09485,-122.23004,90.551,56.247,0.0,-85,0.569,0.333,1.594
2014/08/28 16:20:06,1.41,38.09363,-122.23018,76.772,64.781,0.0,-85,2.756,0.667,0.325
2014/08/28 16:20:11,1.68,38.09228,-122.23040,63.320,70.027,0.0,-85,3.267,1.042,0.166
2014/08/28 16:20:16,1.84,38.09086,-122.23079,65.289,72.032,0.0,-85,2.878,0.542,0.187
2014/08/28 16:20:21,1.43,38.08947,-122.23135,55.118,74.631,0.0,-85,0.000,0.250,0.161
2014/08/28 16:20:26,1.88,38.08810,-122.23196,53.478,69.571,0.0,-85,0.000,1.417,0.326
2014/08/28 16:20:31,1.88,38.08681,-122.23250,59.055,66.918,0.0,-85,0.000,0.000,0.559
2014/08/28 16:20:36,1.41,38.08551,-122.23297,66.929,66.646,0.0,-67,0.006,1.833,0.579
2014/08/28 16:20:41,1.87,38.08418,-122.23326,70.866,68.424,0.0,-67,0.716,1.292,0.290
2014/08/28 16:20:46,1.5,38.08277,-122.23341,83.990,71.558,0.0,-67,0.898,1.375,0.489
2014/08/28 16:20:51,1.5,38.08131,-122.23342,83.990,74.138,0.0,-67,1.978,1.750,0.454
2014/08/28 16:20:56,2.11,38.07982,-122.23323,87.927,73.569,0.0,-67,2.200,1.417,0.229
2014/08/28 16:21:01,1.56,38.07839,-122.23288,101.050,71.377,0.0,-67,1.789,1.292,0.878
2014/08/28 16:21:06,1.56,38.07709,-122.23239,114.829,65.366,0.0,-79,1.117,0.000,0.469
2014/08/28 16:21:11,2.11,38.07587,-122.23174,119.423,67.451,0.0,-79,0.844,0.250,0.266
2014/08/28 16:21:16,1.56,38.07466,-122.23090,115.486,70.819,0.0,-79,2.997,0.625,0.186
2014/08/28 16:21:21,1.56,38.07342,-122.22997,120.079,71.576,0.0,-79,1.853,0.000,0.262
2014/08/28 16:21:26,1.5,38.07219,-122.22905,134.514,71.200,0.0,-79,2.778,0.250,0.189
2014/08/28 16:21:31,1.79,38.07091,-122.22826,149.934,70.507,0.0,-79,2.692,0.500,0.360
2014/08/28 16:21:36,1.56,38.06957,-122.22764,162.402,70.870,0.0,-69,2.892,0.375,0.157
2014/08/28 16:21:41,1.5,38.06824,-122.22704,168.963,68.825,0.0,-69,1.966,1.125,0.205
2014/08/28 16:21:46,1.6,38.06688,-122.22675,173.885,68.439,0.0,-69,2.456,0.625,0.161
2014/08/28 16:21:51,1.5,38.06550,-122.22666,180.446,68.336,0.0,-69,1.136,0.375,0.958
2014/08/28 16:21:56,1.5,38.06414,-122.22658,179.462,68.224,0.0,-69,3.106,0.000,0.183
2014/08/28 16:22:01,1.54,38.06277,-122.22649,184.711,68.078,0.0,-69,3.831,0.833,0.205
2014/08/28 16:22:06,1.5,38.06140,-122.22641,185.367,68.656,0.0,-51,2.947,1.500,0.154
2014/08/28 16:22:11,1.56,38.06003,-122.22632,178.806,67.419,0.0,-51,2.739,1.292,0.194
2014/08/28 16:22:16,1.5,38.05867,-122.22623,166.995,68.283,0.0,-51,2.153,0.667,0.258
2014/08/28 16:22:21,1.5,38.05735,-122.22615,156.824,64.415,0.0,-51,1.514,0.375,0.538
2014/08/28 16:22:26,1.5,38.05611,-122.22607,145.013,60.068,0.0,-51,2.825,0.542,0.174
2014/08/28 16:22:31,1.5,38.05493,-122.22616,141.404,57.873,0.0,-51,2.530,0.583,0.446
2014/08/28 16:22:36,1.56,38.05385,-122.22675,145.997,59.313,0.0,-51,2.045,0.500,0.314
2014/08/28 16:22:42,1.5,38.05297,-122.22773,155.512,59.214,0.0,-61,2.325,0.500,0.342
2014/08/28 16:22:47,2.17,38.05214,-122.22881,163.714,57.750,0.0,-61,1.647,0.000,0.791
2014/08/28 16:22:52,2.24,38.05133,-122.22986,176.837,57.412,0.0,-61,1.442,0.708,0.398
2014/08/28 16:22:57,2.24,38.05053,-122.23090,193.570,56.878,0.0,-61,2.636,0.458,0.171
2014/08/28 16:23:02,2.24,38.04975,-122.23193,208.333,56.064,0.0,-61,2.547,0.625,0.182
2014/08/28 16:23:07,2.24,38.04897,-122.23295,226.050,55.654,0.0,-61,2.544,0.917,0.224
2014/08/28 16:23:12,2.24,38.04820,-122.23401,235.892,58.158,0.0,-73,2.503,1.292,0.389
2014/08/28 16:23:17,2.25,38.04739,-122.23516,232.283,62.509,0.0,-73,1.322,0.833,0.618
2014/08/28 16:23:22,1.66,38.04654,-122.23639,228.346,65.168,0.0,-73,2.564,0.625,0.176
2014/08/28 16:23:27,3.1,38.04564,-122.23763,239.501,66.624,0.0,-73,1.382,1.458,0.499
2014/08/28 16:23:32,1.71,38.04475,-122.23890,243.110,66.585,0.0,-73,0.810,1.833,0.422
2014/08/28 16:23:37,1.53,38.04387,-122.24015,238.189,65.002,0.0,-73,1.758,1.750,0.486
2014/08/28 16:23:42,1.6,38.04300,-122.24140,235.892,65.205,0.0,-89,2.275,0.000,0.462
2014/08/28 16:23:47,1.6,38.04213,-122.24263,232.940,65.121,0.0,-89,2.739,1.750,0.337
2014/08/28 16:23:52,3.12,38.04126,-122.24387,229.987,64.859,0.0,-89,2.836,1.792,0.288
2014/08/28 16:23:57,3.13,38.04041,-122.24510,225.394,64.205,0.0,-89,2.494,1.167,0.331
2014/08/28 16:24:02,1.6,38.03954,-122.24634,218.832,64.539,0.0,-89,1.061,0.417,0.486
2014/08/28 16:24:07,1.51,38.03864,-122.24752,218.504,64.602,0.0,-89,1.067,0.500,0.247
2014/08/28 16:24:12,1.56,38.03764,-122.24856,201.115,64.954,0.0,-81,0.954,0.958,0.231
2014/08/28 16:24:17,1.36,38.03659,-122.24954,194.882,65.610,0.0,-81,1.518,1.333,0.402
2014/08/28 16:24:22,1.36,38.03552,-122.25053,190.945,66.415,0.0,-81,1.739,0.958,0.409
2014/08/28 16:24:27,1.36,38.03446,-122.25151,185.696,64.506,0.0,-81,2.311,0.792,0.528
2014/08/28 16:24:32,1.36,38.03343,-122.25246,182.743,63.165,0.0,-81,2.094,0.375,0.266
2014/08/28 16:24:37,1.36,38.03241,-122.25340,175.853,62.115,0.0,-81,2.744,0.000,0.286
2014/08/28 16:24:42,1.36,38.03140,-122.25434,164.698,62.531,0.0,-81,0.881,0.333,1.694
2014/08/28 16:24:47,1.43,38.03039,-122.25527,151.575,61.770,0.0,-77,1.094,0.167,0.207
2014/08/28 16:24:52,1.55,38.02942,-122.25617,138.451,58.835,0.0,-77,2.133,0.875,0.282
2014/08/28 16:24:57,1.89,38.02847,-122.25704,126.640,58.877,0.0,-77,2.917,1.708,0.249
2014/08/28 16:25:02,1.89,38.02750,-122.25793,114.501,59.179,0.0,-77,3.086,0.875,0.266
2014/08/28 16:25:07,1.89,38.02652,-122.25883,104.003,61.181,0.0,-77,2.903,0.625,0.382
2014/08/28 16:25:12,1.55,38.02553,-122.25976,90.223,61.542,0.0,-77,2.189,0.750,0.230
2014/08/28 16:25:17,1.43,38.02453,-122.26069,76.444,62.073,0.0,-61,1.900,0.375,0.547
2014/08/28 16:25:22,1.43,38.02352,-122.26163,63.648,62.801,0.0,-61,2.747,0.000,0.210
2014/08/28 16:25:27,1.43,38.02248,-122.26259,58.071,64.350,0.0,-61,1.100,0.625,0.183
2014/08/28 16:25:32,1.42,38.02145,-122.26356,67.257,63.099,0.0,-61,1.497,0.125,1.899
2014/08/28 16:25:37,1.89,38.02045,-122.26449,79.068,59.677,0.0,-61,0.625,0.250,3.030
2014/08/28 16:25:42,1.89,38.01950,-122.26537,91.535,58.181,0.0,-61,1.897,0.875,0.251
2014/08/28 16:25:47,1.89,38.01857,-122.26624,99.081,56.531,0.0,-63,2.303,1.042,0.189
2014/08/28 16:25:52,1.89,38.01765,-122.26709,100.066,56.641,0.0,-63,3.211,0.875,0.159
2014/08/28 16:25:57,1.43,38.01673,-122.26794,90.879,57.038,0.0,-63,1.048,0.250,2.280
2014/08/28 16:26:02,1.43,38.01581,-122.26880,80.709,56.638,0.0,-63,1.486,0.000,0.191
2014/08/28 16:26:07,1.36,38.01491,-122.26963,71.522,54.535,0.0,-63,1.839,0.625,0.469
2014/08/28 16:26:12,1.43,38.01402,-122.27045,66.273,55.106,0.0,-63,2.008,1.083,0.910
2014/08/28 16:26:17,1.36,38.01311,-122.27129,72.835,56.310,0.0,-61,2.908,0.750,1.022
2014/08/28 16:26:22,1.36,38.01219,-122.27214,81.365,56.650,0.0,-61,2.747,0.958,1.079
2014/08/28 16:26:27,1.36,38.01126,-122.27300,84.318,57.785,0.0,-61,0.000,1.167,0.198
2014/08/28 16:26:32,1.36,38.01033,-122.27387,80.381,57.948,0.0,-61,3.003,0.958,0.290
2014/08/28 16:26:37,1.52,38.00936,-122.27476,75.787,61.356,0.0,-61,3.044,0.500,0.453
2014/08/28 16:26:42,1.43,38.00832,-122.27569,77.100,64.182,0.0,-61,1.892,0.500,0.442
2014/08/28 16:26:47,1.89,38.00726,-122.27665,97.769,65.302,0.0,-61,0.931,0.000,1.109
2014/08/28 16:26:52,1.89,38.00620,-122.27764,113.845,64.938,0.0,-79,0.600,0.542,1.138
2014/08/28 16:26:57,1.54,38.00515,-122.27864,124.672,65.394,0.0,-79,0.467,0.250,0.163
2014/08/28 16:27:02,1.54,38.00411,-122.27966,134.843,65.646,0.0,-79,0.466,0.000,1.123
2014/08/28 16:27:07,1.54,38.00304,-122.28065,142.717,65.791,0.0,-79,1.220,0.500,0.299
2014/08/28 16:27:12,1.89,38.00198,-122.28163,139.108,64.552,0.0,-79,2.742,1.000,0.281
2014/08/28 16:27:17,1.36,38.00095,-122.28259,125.984,63.488,0.0,-79,0.539,0.000,0.000
2014/08/28 16:27:22,1.36,37.99992,-122.28355,111.549,63.146,0.0,-77,0.753,0.250,0.000
2014/08/28 16:27:27,1.54,37.99892,-122.28448,98.753,61.487,0.0,-77,0.717,0.250,0.311
2014/08/28 16:27:32,1.43,37.99790,-122.28542,83.661,64.079,0.0,-77,1.717,0.000,1.218
2014/08/28 16:27:37,1.43,37.99692,-122.28656,71.194,67.848,0.0,-77,1.006,0.750,0.371
2014/08/28 16:27:42,1.8,37.99594,-122.28824,69.882,68.051,0.0,-77,1.297,0.708,1.502
2014/08/28 16:27:47,1.79,37.99535,-122.28976,82.349,65.023,0.0,-77,0.863,0.458,0.203
2014/08/28 16:27:52,1.42,37.99498,-122.29130,94.816,62.376,0.0,-73,0.434,0.000,0.410
2014/08/28 16:27:57,1.36,37.99475,-122.29284,109.580,60.693,0.0,-73,0.536,1.125,1.197
2014/08/28 16:28:02,1.52,37.99454,-122.29433,124.672,59.675,0.0,-73,0.384,0.708,0.440
2014/08/28 16:28:07,1.52,37.99433,-122.29583,142.717,60.988,0.0,-73,1.481,1.208,0.537
2014/08/28 16:28:12,1.36,37.99411,-122.29738,154.528,63.096,0.0,-73,1.900,0.000,0.861
2014/08/28 16:28:17,1.36,37.99389,-122.29897,167.651,64.533,0.0,-73,0.760,1.083,1.258
2014/08/28 16:28:22,1.36,37.99367,-122.30060,175.525,65.641,0.0,-67,0.708,0.583,3.198
2014/08/28 16:28:27,1.42,37.99344,-122.30226,180.118,67.128,0.0,-67,0.000,0.000,0.615
2014/08/28 16:28:32,1.43,37.99319,-122.30394,189.961,66.942,0.0,-67,0.000,0.958,0.854
2014/08/28 16:28:37,1.36,37.99283,-122.30559,191.929,67.690,0.0,-67,0.000,0.958,1.459
2014/08/28 16:28:42,1.42,37.99234,-122.30717,200.131,63.875,0.0,-67,0.000,1.625,2.783
2014/08/28 16:28:47,1.36,37.99175,-122.30861,210.630,63.441,0.0,-67,0.000,1.167,2.211
2014/08/28 16:28:52,1.43,37.99105,-122.30996,220.472,63.791,0.0,-67,0.000,0.000,2.430
2014/08/28 16:28:57,1.36,37.99026,-122.31126,228.675,64.846,0.0,-51,0.006,1.125,2.619
2014/08/28 16:29:02,1.36,37.98937,-122.31248,238.845,65.333,0.0,-51,1.803,1.667,0.000
2014/08/28 16:29:07,1.36,37.98838,-122.31357,244.751,65.413,0.0,-51,2.355,0.958,1.010
2014/08/28 16:29:12,1.42,37.98730,-122.31453,248.031,66.887,0.0,-51,2.259,0.000,0.881
2014/08/28 16:29:17,1.42,37.98610,-122.31535,248.031,68.777,0.0,-51,1.297,1.458,1.221
2014/08/28 16:29:22,1.36,37.98478,-122.31597,255.249,70.107,0.0,-51,0.492,0.958,1.539
2014/08/28 16:29:27,1.36,37.98338,-122.31637,265.748,70.898,0.0,-81,0.256,0.000,0.000
2014/08/28 16:29:32,1.36,37.98197,-122.31668,276.903,70.887,0.0,-81,0.000,0.000,9.158
2014/08/28 16:29:37,1.43,37.98060,-122.31707,280.184,67.317,0.0,-81,0.000,0.500,1.302
2014/08/28 16:29:42,1.36,37.97933,-122.31750,287.402,64.491,0.0,-81,0.000,0.958,1.211
2014/08/28 16:29:47,1.36,37.97807,-122.31793,289.042,65.422,0.0,-81,0.000,1.417,1.698
2014/08/28 16:29:52,1.36,37.97681,-122.31836,279.528,64.554,0.0,-81,0.000,0.958,0.000
2014/08/28 16:29:57,1.76,37.97553,-122.31877,263.780,66.296,0.0,-91,0.000,0.000,5.438
2014/08/28 16:30:02,1.81,37.97421,-122.31922,240.157,68.489,0.0,-91,0.006,0.000,0.388
2014/08/28 16:30:07,1.76,37.97288,-122.31967,216.864,68.612,0.0,-91,0.300,0.000,2.141
2014/08/28 16:30:12,1.81,37.97157,-122.32011,196.850,66.361,0.0,-91,0.003,0.000,0.218
2014/08/28 16:30:17,1.77,37.97029,-122.32054,174.213,66.450,0.0,-91,0.380,0.000,0.579
2014/08/28 16:30:22,1.77,37.96899,-122.32098,156.496,67.219,0.0,-91,1.039,0.042,1.958
2014/08/28 16:30:27,1.77,37.96770,-122.32148,137.139,67.335,0.0,-93,1.203,0.458,0.716
2014/08/28 16:30:31,1.36,37.96652,-122.32236,120.735,69.572,0.0,-93,0.000,0.708,0.690
2014/08/28 16:30:36,1.85,37.96557,-122.32368,106.299,70.813,0.0,-93,1.414,0.583,1.109
2014/08/28 16:30:41,1.82,37.96477,-122.32518,90.879,70.780,0.0,-93,0.669,0.375,1.382
2014/08/28 16:30:46,1.82,37.96401,-122.32662,83.333,65.837,0.0,-93,0.869,0.750,0.776
2014/08/28 16:30:51,1.43,37.96325,-122.32799,85.630,65.166,0.0,-93,2.339,0.000,0.417
2014/08/28 16:30:56,1.41,37.96234,-122.32915,97.441,63.696,0.0,-93,2.750,0.750,0.286
2014/08/28 16:31:01,1.41,37.96134,-122.32998,110.892,55.676,0.0,-75,2.086,0.542,0.423
2014/08/28 16:31:06,1.82,37.96035,-122.33049,121.719,53.322,0.0,-75,1.575,0.583,0.708
2014/08/28 16:31:11,1.86,37.95928,-122.33077,128.937,55.401,0.0,-75,0.472,0.208,3.177
2014/08/28 16:31:16,1.82,37.95812,-122.33079,137.795,58.936,0.0,-75,1.878,0.708,0.510
2014/08/28 16:31:21,1.36,37.95693,-122.33049,138.780,61.097,0.0,-75,2.078,1.000,0.569
2014/08/28 16:31:26,1.51,37.95579,-122.32991,134.843,60.608,0.0,-75,2.497,1.250,0.377
2014/08/28 16:31:31,1.41,37.95468,-122.32925,125.656,61.210,0.0,-77,2.228,0.750,0.289
2014/08/28 16:31:36,1.41,37.95354,-122.32858,124.672,63.855,0.0,-77,1.397,0.375,1.058
2014/08/28 16:31:41,1.39,37.95237,-122.32796,121.391,63.195,0.0,-77,1.269,1.167,0.409
2014/08/28 16:31:46,1.36,37.95118,-122.32738,116.470,64.224,0.0,-77,1.736,0.833,0.698
2014/08/28 16:31:51,1.36,37.94995,-122.32679,113.189,65.951,0.0,-77,0.000,1.042,0.923
2014/08/28 16:31:56,1.44,37.94872,-122.32620,109.908,63.665,0.0,-77,0.000,0.958,1.930
2014/08/28 16:32:01,1.78,37.94757,-122.32565,104.003,60.006,0.0,-85,0.000,0.000,2.491
2014/08/28 16:32:06,1.96,37.94643,-122.32511,99.081,60.664,0.0,-85,0.000,1.750,3.138
2014/08/28 16:32:11,1.78,37.94527,-122.32455,94.816,63.522,0.0,-85,0.000,2.417,0.000
2014/08/28 16:32:16,1.36,37.94403,-122.32402,87.270,65.950,0.0,-85,0.000,0.000,6.030
2014/08/28 16:32:21,1.92,37.94271,-122.32386,83.333,66.153,0.0,-85,0.000,1.500,1.779
2014/08/28 16:32:26,1.78,37.94139,-122.32417,90.223,66.035,0.0,-85,0.000,0.000,4.210
2014/08/28 16:32:31,1.36,37.94015,-122.32477,97.769,65.939,0.0,-51,0.000,1.625,0.000
2014/08/28 16:32:36,1.36,37.93893,-122.32539,103.346,65.603,0.0,-51,0.000,1.500,2.681
2014/08/28 16:32:41,1.41,37.93770,-122.32602,108.924,65.872,0.0,-51,0.000,0.000,2.958
2014/08/28 16:32:46,1.41,37.93646,-122.32664,112.205,66.293,0.0,-51,0.000,1.500,0.000
2014/08/28 16:32:51,1.41,37.93514,-122.32697,106.955,67.394,0.0,-51,0.000,0.000,9.930
2014/08/28 16:32:56,1.41,37.93379,-122.32676,98.753,68.425,0.0,-51,0.000,0.750,0.000
2014/08/28 16:33:01,1.41,37.93256,-122.32606,96.457,67.149,0.0,-51,0.000,0.792,4.995
2014/08/28 16:33:06,1.41,37.93140,-122.32524,94.488,66.208,0.0,-51,0.000,0.000,1.231
2014/08/28 16:33:11,1.41,37.93023,-122.32444,81.365,66.860,0.0,-51,0.000,0.750,4.539
2014/08/28 16:33:16,1.56,37.92904,-122.32363,65.617,68.452,0.0,-51,0.000,0.000,0.000
2014/08/28 16:33:21,1.41,37.92785,-122.32282,55.446,65.972,0.0,-51,0.000,1.542,4.170
2014/08/28 16:33:26,1.41,37.92674,-122.32205,61.024,61.217,0.0,-51,0.006,0.000,0.989
2014/08/28 16:33:31,1.41,37.92568,-122.32129,65.945,60.001,0.0,-51,1.550,1.500,0.970
2014/08/28 16:33:36,1.41,37.92463,-122.32052,60.696,62.139,0.0,-51,0.783,0.000,0.867
2014/08/28 16:33:41,1.41,37.92352,-122.31969,48.228,66.237,0.0,-51,0.781,0.750,0.509
2014/08/28 16:33:46,1.41,37.92236,-122.31884,42.323,65.732,0.0,-51,0.700,0.750,0.629
2014/08/28 16:33:51,1.41,37.92118,-122.31812,52.493,64.690,0.0,-51,0.447,0.000,0.758
2014/08/28 16:33:56,1.41,37.91993,-122.31769,54.462,64.404,0.0,-51,0.003,1.542,0.789
2014/08/28 16:34:01,1.41,37.91862,-122.31756,51.181,64.933,0.0,-51,0.316,0.000,2.337
2014/08/28 16:34:06,1.41,37.91730,-122.31756,50.525,65.434,0.0,-55,0.704,0.750,0.629
2014/08/28 16:34:11,1.41,37.91597,-122.31757,50.197,66.375,0.0,-55,0.763,1.500,0.882
2014/08/28 16:34:16,1.93,37.91463,-122.31756,49.869,66.208,0.0,-55,0.860,0.792,0.371
2014/08/28 16:34:21,1.41,37.91329,-122.31756,50.525,67.086,0.0,-55,0.857,0.000,0.000
2014/08/28 16:34:26,1.45,37.91194,-122.31755,50.525,66.216,0.0,-55,0.089,0.792,4.159
2014/08/28 16:34:31,1.56,37.91066,-122.31734,48.885,61.489,0.0,-55,0.000,0.000,5.048
2014/08/28 16:34:36,1.41,37.90953,-122.31682,41.339,58.749,0.0,-91,0.000,0.000,1.710
2014/08/28 16:34:41,1.41,37.90850,-122.31614,21.982,57.557,0.0,-91,0.000,0.750,0.000
2014/08/28 16:34:46,1.41,37.90749,-122.31545,8.858,56.096,0.0,-91,0.000,0.000,7.009
2014/08/28 16:34:51,1.93,37.90651,-122.31478,10.171,55.429,0.0,-91,0.000,0.750,0.000
2014/08/28 16:34:56,1.41,37.90552,-122.31410,25.919,54.878,0.0,-91,0.000,0.000,0.000
2014/08/28 16:35:01,1.41,37.90455,-122.31342,35.105,55.813,0.0,-91,0.000,0.000,0.000
2014/08/28 16:35:06,1.41,37.90354,-122.31272,36.089,58.927,0.0,-79,0.000,0.000,3.258
2014/08/28 16:35:11,1.4,37.90247,-122.31199,36.745,61.613,0.0,-79,0.000,0.000,0.000
2014/08/28 16:35:16,1.4,37.90136,-122.31123,35.761,63.773,0.0,-79,0.000,0.000,6.079
2014/08/28 16:35:21,1.4,37.90018,-122.31048,22.966,67.185,0.0,-79,0.061,0.000,0.292
2014/08/28 16:35:26,1.4,37.89894,-122.30980,9.514,67.165,0.0,-79,1.317,0.042,0.171
2014/08/28 16:35:31,1.51,37.89767,-122.30927,12.795,64.650,0.0,-79,0.530,0.375,1.271
2014/08/28 16:35:36,1.55,37.89645,-122.30877,28.871,63.155,0.0,-79,1.086,0.833,0.482
2014/08/28 16:35:41,1.45,37.89524,-122.30828,43.963,62.264,0.0,-55,1.351,1.292,0.711
2014/08/28 16:35:46,1.75,37.89404,-122.30780,54.790,62.984,0.0,-55,0.620,1.000,1.170
2014/08/28 16:35:51,1.75,37.89284,-122.30754,57.743,56.146,0.0,-55,0.594,0.625,0.590
2014/08/28 16:35:56,1.56,37.89184,-122.30763,58.399,42.740,0.0,-55,0.661,1.250,0.670
2014/08/28 16:36:01,1.56,37.89117,-122.30784,62.664,27.453,0.0,-55,0.681,1.000,1.278
2014/08/28 16:36:06,1.4,37.89077,-122.30801,63.648,18.373,0.0,-55,0.838,1.000,1.030
2014/08/28 16:36:11,1.4,37.89052,-122.30813,62.008,10.975,0.0,-51,0.642,1.208,0.651
2014/08/28 16:36:16,1.56,37.89042,-122.30817,62.992,4.066,0.0,-51,1.162,1.000,1.170
2014/08/28 16:36:21,1.4,37.89027,-122.30824,69.554,10.442,0.0,-51,0.661,0.000,0.979
2014/08/28 16:36:26,1.4,37.89005,-122.30836,69.226,12.008,0.0,-51,0.755,0.958,0.583
2014/08/28 16:36:31,1.4,37.88986,-122.30845,66.601,8.922,0.0,-51,0.789,1.375,1.139
2014/08/28 16:36:36,1.4,37.88968,-122.30854,63.320,9.570,0.0,-51,1.586,1.000,0.871
2014/08/28 16:36:41,1.4,37.88949,-122.30863,61.352,10.619,0.0,-59,1.855,0.958,0.568
2014/08/28 16:36:46,1.4,37.88927,-122.30874,55.774,12.118,0.0,-59,1.498,1.333,1.224
2014/08/28 16:36:51,1.4,37.88904,-122.30886,51.181,12.806,0.0,-59,1.131,1.000,1.462
2014/08/28 16:36:56,1.4,37.88884,-122.30894,45.932,6.373,0.0,-59,1.218,1.750,2.123
2014/08/28 16:37:01,1.4,37.88878,-122.30896,45.604,1.707,0.0,-59,1.714,0.000,1.498
2014/08/28 16:37:06,1.45,37.88869,-122.30900,48.228,7.397,0.0,-59,1.030,1.208,1.502
2014/08/28 16:37:11,1.4,37.88851,-122.30905,58.399,8.699,0.0,-67,0.703,0.833,0.614
2014/08/28 16:37:16,1.4,37.88829,-122.30911,64.633,11.759,0.0,-67,0.719,0.875,0.545
2014/08/28 16:37:21,1.45,37.88808,-122.30916,66.929,9.968,0.0,-67,0.536,0.000,1.055
2014/08/28 16:37:26,1.45,37.88790,-122.30921,65.289,9.598,0.0,-67,1.175,0.833,1.493
2014/08/28 16:37:31,1.4,37.88774,-122.30924,61.024,6.449,0.0,-67,0.894,1.208,2.099
2014/08/28 16:37:36,1.4,37.88762,-122.30925,57.743,8.039,0.0,-67,0.688,1.625,2.762
2014/08/28 16:37:41,1.36,37.88742,-122.30927,55.774,10.257,0.0,-67,0.701,0.000,2.691
2014/08/28 16:37:46,1.36,37.88724,-122.30927,53.150,6.994,0.0,-65,1.081,1.208,2.558
2014/08/28 16:37:51,1.36,37.88710,-122.30928,54.134,7.017,0.0,-65,1.083,1.333,2.049
2014/08/28 16:37:56,1.36,37.88690,-122.30928,56.430,10.607,0.0,-65,1.881,1.000,2.511
2014/08/28 16:38:01,1.43,37.88672,-122.30927,54.462,6.037,0.0,-65,1.555,0.958,1.602
2014/08/28 16:38:06,1.46,37.88658,-122.30926,52.165,6.126,0.0,-65,0.000,1.458,0.000
2014/08/28 16:38:11,1.4,37.88646,-122.30925,48.556,6.856,0.0,-65,0.986,1.000,3.090
2014/08/28 16:38:16,1.36,37.88631,-122.30922,46.260,9.059,0.0,-73,1.028,0.000,2.591
2014/08/28 16:38:21,1.36,37.88608,-122.30917,47.900,12.603,0.0,-73,1.183,1.458,1.230
2014/08/28 16:38:26,1.36,37.88580,-122.30911,42.651,15.473,0.0,-73,1.086,0.958,4.418
2014/08/28 16:38:31,1.36,37.88549,-122.30904,36.089,13.533,0.0,-73,0.656,0.500,2.302
2014/08/28 16:38:36,1.36,37.88536,-122.30901,32.808,2.290,0.0,-73,0.877,1.083,1.758
2014/08/28 16:38:41,1.4,37.88529,-122.30900,31.496,4.914,0.0,-73,0.766,0.000,2.117
2014/08/28 16:38:46,1.4,37.88518,-122.30897,29.528,7.354,0.0,-77,1.335,1.458,2.541
2014/08/28 16:38:51,1.4,37.88500,-122.30893,27.887,10.017,0.0,-77,1.067,1.000,2.426
2014/08/28 16:38:56,1.44,37.88478,-122.30888,26.575,11.855,0.0,-77,0.568,0.958,2.162
2014/08/28 16:39:01,1.56,37.88458,-122.30884,24.606,8.161,0.0,-77,0.450,1.458,2.263
2014/08/28 16:39:06,1.4,37.88447,-122.30881,22.310,5.369,0.0,-77,0.490,1.000,0.000
2014/08/28 16:39:11,1.52,37.88433,-122.30878,20.997,11.867,0.0,-77,0.741,0.958,2.662
2014/08/28 16:39:16,1.95,37.88406,-122.30872,21.325,13.599,0.0,-81,0.957,0.000,2.706
2014/08/28 16:39:21,1.4,37.88376,-122.30866,20.997,15.396,0.0,-81,0.880,1.458,4.541
2014/08/28 16:39:26,1.4,37.88353,-122.30861,22.310,4.270,0.0,-81,0.269,1.042,1.411
2014/08/28 16:39:31,1.81,37.88347,-122.30859,22.638,3.423,0.0,-81,0.603,1.458,1.890
2014/08/28 16:39:36,1.4,37.88336,-122.30857,23.622,7.131,0.0,-81,0.992,1.000,3.294
2014/08/28 16:39:41,1.36,37.88311,-122.30851,25.591,16.267,0.0,-81,0.385,1.000,1.698
2014/08/28 16:39:46,1.56,37.88276,-122.30843,26.575,18.393,0.0,-81,0.487,0.000,2.438
2014/08/28 16:39:51,1.56,37.88238,-122.30834,27.559,19.818,0.0,-75,0.451,1.500,0.000
2014/08/28 16:39:56,1.4,37.88201,-122.30826,27.887,17.379,0.0,-75,0.465,0.958,4.310
2014/08/28 16:40:01,2.08,37.88174,-122.30819,27.559,10.820,0.0,-75,0.954,0.000,1.879
2014/08/28 16:40:06,1.95,37.88155,-122.30815,31.168,9.043,0.0,-75,0.875,1.458,1.990
2014/08/28 16:40:11,1.4,37.88130,-122.30810,31.496,17.038,0.0,-75,0.934,1.500,3.958
2014/08/28 16:40:16,1.95,37.88100,-122.30804,31.824,11.355,0.0,-75,1.296,0.958,2.002
2014/08/28 16:40:21,1.56,37.88079,-122.30799,31.168,12.686,0.0,-59,1.500,1.458,1.010
2014/08/28 16:40:26,1.56,37.88051,-122.30792,29.856,16.218,0.0,-59,1.204,0.000,2.218
2014/08/28 16:40:31,1.36,37.88010,-122.30783,30.512,23.288,0.0,-59,0.875,1.000,1.962
2014/08/28 16:40:36,1.36,37.87965,-122.30773,34.121,21.106,0.0,-59,0.689,1.458,2.657
2014/08/28 16:40:41,1.95,37.87930,-122.30766,37.730,16.883,0.0,-59,0.974,0.000,0.366
2014/08/28 16:40:46,1.4,37.87895,-122.30758,40.026,17.025,0.0,-59,1.378,1.542,0.791
2014/08/28 16:40:51,1.36,37.87862,-122.30751,41.339,16.352,0.0,-55,1.858,1.042,0.000
2014/08/28 16:40:56,1.4,37.87831,-122.30743,43.307,15.951,0.0,-55,0.344,0.000,5.290
2014/08/28 16:41:01,1.4,37.87794,-122.30733,42.979,20.595,0.0,-55,0.702,1.000,0.710
2014/08/28 16:41:06,1.36,37.87754,-122.30722,40.682,19.902,0.0,-55,1.023,1.042,2.330
2014/08/28 16:41:11,1.35,37.87716,-122.30710,37.402,19.890,0.0,-55,0.766,0.000,0.000
2014/08/28 16:41:16,1.4,37.87676,-122.30698,33.136,21.243,0.0,-55,0.916,1.542,3.018
2014/08/28 16:41:21,1.39,37.87635,-122.30682,23.950,22.237,0.0,-61,0.254,0.000,0.000
2014/08/28 16:41:26,1.39,37.87593,-122.30669,17.717,19.387,0.0,-61,0.941,0.500,7.590
2014/08/28 16:41:31,1.98,37.87557,-122.30658,15.420,18.739,0.0,-61,1.047,1.250,1.431
2014/08/28 16:41:36,1.95,37.87526,-122.30648,13.780,10.810,0.0,-61,1.376,1.042,0.000
2014/08/28 16:41:41,1.95,37.87524,-122.30648,15.092,0.056,0.0,-61,1.011,1.542,2.071
2014/08/28 16:41:46,1.95,37.87517,-122.30646,15.092,5.545,0.0,-61,0.650,0.000,4.111
2014/08/28 16:41:51,1.95,37.87504,-122.30642,15.420,8.398,0.0,-61,1.336,1.000,2.223
2014/08/28 16:41:56,1.95,37.87481,-122.30635,15.748,13.992,0.0,-59,1.428,1.542,2.300
2014/08/28 16:42:01,1.98,37.87454,-122.30626,15.748,12.204,0.0,-59,1.172,0.000,0.000
2014/08/28 16:42:06,1.95,37.87441,-122.30622,17.388,2.750,0.0,-59,1.352,1.000,0.623
2014/08/28 16:42:11,1.98,37.87431,-122.30618,17.060,7.555,0.0,-59,1.225,1.375,1.751
2014/08/28 16:42:16,1.95,37.87407,-122.30611,17.060,15.877,0.0,-59,0.863,1.500,3.091
2014/08/28 16:42:21,1.95,37.87378,-122.30602,15.748,11.811,0.0,-59,1.148,1.042,2.130
2014/08/28 16:42:26,1.95,37.87364,-122.30598,16.404,4.356,0.0,-57,1.336,0.000,1.407
2014/08/28 16:42:31,1.95,37.87352,-122.30594,16.404,9.183,0.0,-57,0.886,1.542,0.000
2014/08/28 16:42:36,1.95,37.87326,-122.30586,14.764,16.048,0.0,-57,1.050,1.042,3.458
2014/08/28 16:42:41,1.95,37.87297,-122.30577,14.764,9.987,0.0,-57,0.945,0.000,2.544
2014/08/28 16:42:46,1.95,37.87286,-122.30573,15.092,6.847,0.0,-57,1.504,1.500,2.079
2014/08/28 16:42:51,1.95,37.87264,-122.30567,15.748,14.287,0.0,-57,1.176,1.042,0.000
2014/08/28 16:42:56,1.95,37.87231,-122.30556,15.092,16.442,0.0,-67,0.824,0.000,5.902
2014/08/28 16:43:01,1.95,37.87211,-122.30550,15.748,5.809,0.0,-67,0.632,1.000,3.678
2014/08/28 16:43:06,1.95,37.87208,-122.30549,15.092,0.064,0.0,-67,0.727,1.000,1.882
2014/08/28 16:43:11,1.95,37.87209,-122.30549,12.795,0.063,0.0,-67,1.024,1.042,2.449
2014/08/28 16:43:16,1.95,37.87205,-122.30548,10.499,2.967,0.0,-67,0.859,0.000,2.237
2014/08/28 16:43:21,1.95,37.87201,-122.30548,13.123,3.679,0.0,-67,0.776,0.000,0.171
2014/08/28 16:43:26,1.95,37.87179,-122.30541,13.451,16.709,0.0,-77,0.890,0.125,0.188
2014/08/28 16:43:31,1.95,37.87139,-122.30528,13.123,23.176,0.0,-77,1.140,1.208,0.382
2014/08/28 16:43:36,1.97,37.87088,-122.30512,11.483,27.671,0.0,-77,1.555,0.833,0.590
2014/08/28 16:43:41,2.3,37.87034,-122.30494,10.499,26.329,0.0,-77,1.360,0.958,0.591
2014/08/28 16:43:46,1.95,37.87012,-122.30488,12.139,1.227,0.0,-77,0.990,1.000,0.390
2014/08/28 16:43:51,1.95,37.87011,-122.30487,13.451,0.059,0.0,-77,1.694,1.042,0.552
2014/08/28 16:43:56,1.97,37.87011,-122.30487,14.436,0.044,0.0,-77,1.846,0.000,0.750
2014/08/28 16:44:01,1.95,37.87011,-122.30487,14.436,0.017,0.0,-69,1.782,0.958,0.990
2014/08/28 16:44:06,1.97,37.86999,-122.30484,13.123,12.308,0.0,-69,1.095,1.625,1.603
2014/08/28 16:44:11,1.95,37.86966,-122.30474,11.811,19.456,0.0,-69,0.740,1.083,2.389
2014/08/28 16:44:16,2.3,37.86925,-122.30461,11.155,21.010,0.0,-69,0.753,1.208,1.720
2014/08/28 16:44:21,1.95,37.86888,-122.30449,9.514,17.371,0.0,-69,0.896,1.292,1.257
2014/08/28 16:44:26,1.95,37.86859,-122.30440,9.843,14.192,0.0,-69,1.219,0.958,2.557
2014/08/28 16:44:31,1.95,37.86824,-122.30429,10.171,20.137,0.0,-77,0.666,0.000,2.110
2014/08/28 16:44:36,1.95,37.86786,-122.30417,9.186,19.712,0.0,-77,0.749,1.417,1.362
2014/08/28 16:44:41,1.95,37.86749,-122.30405,8.202,19.034,0.0,-77,0.749,1.542,3.705
2014/08/28 16:44:46,1.95,37.86706,-122.30390,6.562,22.516,0.0,-77,1.334,1.042,0.432
2014/08/28 16:44:51,2.9,37.86662,-122.30376,6.890,22.915,0.0,-77,1.234,0.000,0.771
2014/08/28 16:44:56,1.95,37.86622,-122.30364,6.890,19.471,0.0,-77,0.244,1.542,1.337
2014/08/28 16:45:01,1.95,37.86580,-122.30351,5.577,23.002,0.0,-73,0.185,0.750,2.244
2014/08/28 16:45:06,1.95,37.86537,-122.30339,5.906,21.022,0.0,-73,0.468,0.000,1.100
2014/08/28 16:45:11,1.95,37.86505,-122.30330,6.234,9.058,0.0,-73,0.438,1.167,0.959
2014/08/28 16:45:16,1.95,37.86499,-122.30329,6.562,2.483,0.0,-73,0.748,1.167,1.930
2014/08/28 16:45:21,1.95,37.86489,-122.30326,7.874,7.248,0.0,-73,0.523,0.792,3.249
2014/08/28 16:45:26,1.97,37.86470,-122.30322,9.186,13.243,0.0,-73,0.558,1.167,1.122
2014/08/28 16:45:31,1.95,37.86445,-122.30315,9.186,13.057,0.0,-83,0.421,0.000,0.819
2014/08/28 16:45:36,1.95,37.86425,-122.30309,14.108,2.906,0.0,-83,0.508,1.167,4.547
2014/08/28 16:45:41,2.3,37.86424,-122.30310,15.748,0.097,0.0,-83,0.416,0.750,0.000
2014/08/28 16:45:46,2.3,37.86425,-122.30311,14.108,0.194,0.0,-83,0.572,0.000,5.778
2014/08/28 16:45:51,2.3,37.86421,-122.30309,15.420,4.766,0.0,-83,0.481,0.833,3.118
2014/08/28 16:45:56,1.97,37.86413,-122.30307,18.373,0.889,0.0,-83,0.863,0.833,1.953
2014/08/28 16:46:01,1.97,37.86413,-122.30307,19.685,0.478,0.0,-83,0.667,1.250,0.000
2014/08/28 16:46:06,1.95,37.86405,-122.30306,25.591,7.250,0.0,-71,1.020,1.250,3.418
2014/08/28 16:46:11,2.29,37.86380,-122.30298,21.325,17.750,0.0,-71,0.894,0.000,2.683
2014/08/28 16:46:16,2.29,37.86337,-122.30286,19.357,24.453,0.0,-71,0.440,1.333,2.578
2014/08/28 16:46:21,1.95,37.86287,-122.30271,23.294,24.594,0.0,-71,0.187,0.917,3.502
2014/08/28 16:46:26,1.94,37.86252,-122.30262,17.717,12.838,0.0,-71,0.441,0.917,1.518
2014/08/28 16:46:31,2.29,37.86228,-122.30255,13.451,12.885,0.0,-71,1.179,1.375,2.502
2014/08/28 16:46:36,2.29,37.86201,-122.30247,9.186,13.841,0.0,-79,0.000,0.000,2.549
2014/08/28 16:46:41,1.94,37.86176,-122.30241,13.123,9.252,0.0,-79,1.155,0.000,0.000
2014/08/28 16:46:46,1.94,37.86165,-122.30238,14.108,4.786,0.0,-79,0.425,1.375,1.427
2014/08/28 16:46:51,2.29,37.86146,-122.30233,14.108,14.087,0.0,-79,0.608,1.708,0.000
2014/08/28 16:46:56,2.29,37.86114,-122.30223,13.780,16.983,0.0,-79,0.652,0.000,2.342
2014/08/28 16:47:01,2.29,37.86090,-122.30216,13.123,5.641,0.0,-79,0.294,1.333,6.018
2014/08/28 16:47:06,1.94,37.86088,-122.30216,11.483,0.104,0.0,-83,0.437,0.917,1.755
2014/08/28 16:47:11,1.94,37.86088,-122.30215,11.155,1.661,0.0,-83,0.571,1.375,0.000
2014/08/28 16:47:16,1.94,37.86082,-122.30214,14.108,1.671,0.0,-83,0.396,0.917,3.742
2014/08/28 16:47:21,2.29,37.86080,-122.30214,12.795,2.311,0.0,-83,0.518,0.000,2.346
2014/08/28 16:47:26,2.29,37.86067,-122.30210,11.483,9.485,0.0,-83,0.347,1.375,3.110
2014/08/28 16:47:31,2.29,37.86043,-122.30203,11.155,13.430,0.0,-83,0.086,0.917,4.536
2014/08/28 16:47:36,1.94,37.86017,-122.30196,9.843,13.747,0.0,-81,0.400,0.917,0.000
2014/08/28 16:47:41,1.94,37.85989,-122.30188,10.171,12.193,0.0,-81,0.108,0.000,5.599
2014/08/28 16:47:46,2.29,37.85982,-122.30186,10.171,0.039,0.0,-81,0.876,0.917,1.989
2014/08/28 16:47:51,1.94,37.85982,-122.30186,12.139,0.011,0.0,-81,1.806,0.917,1.770
2014/08/28 16:47:56,1.94,37.85981,-122.30186,14.436,0.508,0.0,-81,1.039,1.333,3.137
2014/08/28 16:48:01,1.94,37.85972,-122.30184,13.780,9.727,0.0,-81,0.717,0.917,2.331
2014/08/28 16:48:06,1.94,37.85946,-122.30176,15.092,13.915,0.0,-81,0.927,1.375,2.029
2014/08/28 16:48:11,2.29,37.85920,-122.30169,14.108,13.170,0.0,-65,0.469,0.000,2.270
2014/08/28 16:48:16,1.94,37.85893,-122.30161,13.451,14.676,0.0,-65,0.434,1.458,0.678
2014/08/28 16:48:21,2.28,37.85869,-122.30155,11.155,6.722,0.0,-65,0.844,1.375,1.251
2014/08/28 16:48:26,1.94,37.85863,-122.30154,13.780,0.023,0.0,-65,0.850,0.917,1.243
2014/08/28 16:48:31,1.94,37.85864,-122.30153,13.780,0.044,0.0,-65,0.675,0.000,1.685
2014/08/28 16:48:36,2.28,37.85858,-122.30152,13.123,8.036,0.0,-65,0.689,0.917,0.552
2014/08/28 16:48:41,2.28,37.85833,-122.30145,13.451,15.045,0.0,-79,1.007,1.375,0.810
2014/08/28 16:48:46,1.94,37.85804,-122.30137,13.451,14.202,0.0,-79,1.131,1.375,3.254
2014/08/28 16:48:51,2.28,37.85777,-122.30129,14.108,13.476,0.0,-79,0.667,0.000,2.894
2014/08/28 16:48:56,1.93,37.85754,-122.30123,13.451,8.809,0.0,-79,0.190,1.375,0.000
2014/08/28 16:49:01,1.93,37.85742,-122.30120,15.420,4.935,0.0,-79,0.208,0.000,2.555
2014/08/28 16:49:06,1.93,37.85732,-122.30117,15.092,5.057,0.0,-79,0.124,1.125,3.218
2014/08/28 16:49:11,1.93,37.85721,-122.30114,14.436,5.453,0.0,-93,0.903,0.000,0.927
2014/08/28 16:49:16,1.93,37.85712,-122.30111,14.436,4.576,0.0,-93,0.584,1.083,1.713
2014/08/28 16:49:21,2.28,37.85696,-122.30106,14.108,7.502,0.0,-93,0.672,0.458,1.791
2014/08/28 16:49:26,1.93,37.85681,-122.30103,14.108,7.938,0.0,-93,1.162,0.917,2.938
2014/08/28 16:49:31,1.93,37.85656,-122.30095,14.108,16.088,0.0,-93,0.545,0.917,0.363
2014/08/28 16:49:36,2.28,37.85626,-122.30087,13.780,14.826,0.0,-93,0.740,1.083,0.715
2014/08/28 16:49:41,1.93,37.85596,-122.30079,12.795,16.277,0.0,-79,0.929,0.917,2.830
2014/08/28 16:49:46,1.93,37.85566,-122.30070,12.139,11.478,0.0,-79,0.889,0.000,2.143
2014/08/28 16:49:51,2.27,37.85554,-122.30067,11.811,5.249,0.0,-79,0.382,0.917,2.050
2014/08/28 16:49:56,2.27,37.85543,-122.30064,13.123,4.662,0.0,-79,0.753,0.958,1.279
2014/08/28 16:50:01,2.27,37.85528,-122.30060,13.123,6.816,0.0,-79,0.576,0.917,1.559
2014/08/28 16:50:06,1.93,37.85509,-122.30054,13.123,13.235,0.0,-79,0.500,0.000,0.943
2014/08/28 16:50:11,1.93,37.85487,-122.30048,13.123,11.144,0.0,-79,0.473,1.417,3.746
2014/08/28 16:50:16,1.93,37.85458,-122.30040,13.451,15.629,0.0,-77,0.000,0.875,3.141
2014/08/28 16:50:21,1.93,37.85430,-122.30032,13.780,11.941,0.0,-77,0.000,0.458,3.423
2014/08/28 16:50:27,1.93,37.85412,-122.30028,13.451,7.883,0.0,-77,0.000,0.000,0.000
2014/08/28 16:50:32,1.93,37.85391,-122.30022,13.780,14.706,0.0,-77,0.000,0.000,0.000
2014/08/28 16:50:37,1.93,37.85358,-122.30012,15.420,16.835,0.0,-77,0.000,0.458,9.191
2014/08/28 16:50:42,2.27,37.85329,-122.30004,16.404,11.122,0.0,-77,0.000,0.000,0.000
2014/08/28 16:50:47,2.27,37.85311,-122.29999,17.060,8.712,0.0,-89,0.000,0.458,6.827
2014/08/28 16:50:52,1.92,37.85292,-122.29994,20.669,10.980,0.0,-89,0.000,1.375,1.047
2014/08/28 16:50:57,2.0,37.85271,-122.29988,20.013,9.790,0.0,-89,0.000,0.000,1.476
2014/08/28 16:51:02,1.92,37.85254,-122.29984,19.685,9.617,0.0,-89,0.003,1.375,4.343
2014/08/28 16:51:07,2.26,37.85230,-122.29977,20.669,12.181,0.0,-89,0.119,0.000,3.494
2014/08/28 16:51:12,1.92,37.85214,-122.29973,20.669,3.916,0.0,-89,0.000,1.375,0.000
2014/08/28 16:51:17,1.92,37.85204,-122.29971,24.278,9.272,0.0,-85,0.150,0.000,4.169
2014/08/28 16:51:22,1.92,37.85180,-122.29965,22.310,11.762,0.0,-85,0.542,1.083,0.318
2014/08/28 16:51:27,1.92,37.85160,-122.29960,22.310,6.614,0.0,-85,0.717,0.000,2.750
2014/08/28 16:51:32,1.92,37.85151,-122.29958,20.997,4.482,0.0,-85,0.236,0.000,1.955
2014/08/28 16:51:37,1.92,37.85134,-122.29955,19.685,11.334,0.0,-85,0.091,0.000,0.000
2014/08/28 16:51:42,1.92,37.85106,-122.29948,19.685,15.804,0.0,-85,0.171,0.000,3.646
2014/08/28 16:51:47,2.04,37.85081,-122.29941,20.669,9.345,0.0,-95,0.218,0.000,1.601
2014/08/28 16:51:52,1.92,37.85060,-122.29937,21.325,14.223,0.0,-95,0.164,0.000,0.323
2014/08/28 16:51:57,1.92,37.85029,-122.29929,20.669,15.103,0.0,-95,1.006,0.000,1.962
2014/08/28 16:52:02,2.04,37.85018,-122.29927,21.654,0.909,0.0,-95,0.816,0.000,2.159
2014/08/28 16:52:07,2.04,37.85013,-122.29926,20.997,3.490,0.0,-95,0.397,0.000,0.709
2014/08/28 16:52:12,2.46,37.85004,-122.29924,20.341,7.627,0.0,-95,1.428,0.042,0.291
2014/08/28 16:52:17,2.25,37.84980,-122.29918,21.325,14.232,0.0,-95,1.720,0.000,0.246
2014/08/28 16:52:22,2.25,37.84953,-122.29912,23.622,12.471,0.0,-93,0.192,0.083,4.542
2014/08/28 16:52:27,2.46,37.84927,-122.29906,25.591,16.271,0.0,-93,1.114,0.000,0.386
2014/08/28 16:52:32,2.25,37.84887,-122.29897,25.262,22.207,0.0,-93,0.197,0.000,0.000
2014/08/28 16:52:37,2.25,37.84847,-122.29886,25.919,17.843,0.0,-93,0.169,0.083,6.495
2014/08/28 16:52:42,2.25,37.84817,-122.29879,24.606,11.965,0.0,-93,0.000,0.042,3.349
2014/08/28 16:52:47,2.25,37.84797,-122.29875,21.325,9.237,0.0,-93,0.000,1.708,0.700
2014/08/28 16:52:52,2.25,37.84777,-122.29870,20.341,11.990,0.0,-91,0.000,2.417,1.889
2014/08/28 16:52:57,2.3,37.84763,-122.29867,19.685,0.793,0.0,-91,0.000,2.875,2.215
2014/08/28 16:53:02,2.25,37.84758,-122.29866,19.685,7.044,0.0,-91,0.000,2.000,2.543
2014/08/28 16:53:07,2.46,37.84736,-122.29861,20.669,12.338,0.0,-91,0.000,0.000,1.974
2014/08/28 16:53:12,2.76,37.84711,-122.29855,21.325,14.899,0.0,-91,0.000,2.875,0.000
2014/08/28 16:53:17,2.24,37.84685,-122.29847,17.388,8.136,0.0,-91,0.000,2.917,3.082
2014/08/28 16:53:22,2.24,37.84679,-122.29847,18.701,1.504,0.0,-93,0.000,1.083,0.913
2014/08/28 16:53:27,2.24,37.84669,-122.29845,24.278,7.180,0.0,-93,0.000,2.208,1.058
2014/08/28 16:53:32,1.58,37.84648,-122.29840,30.184,12.530,0.0,-93,0.000,0.000,0.890
2014/08/28 16:53:37,1.45,37.84623,-122.29834,32.808,12.743,0.0,-93,0.003,2.875,1.750
2014/08/28 16:53:42,1.58,37.84612,-122.29832,29.199,0.021,0.0,-93,0.756,2.083,0.493
2014/08/28 16:53:47,1.45,37.84612,-122.29832,27.231,0.189,0.0,-93,0.738,0.000,0.445
2014/08/28 16:53:52,2.24,37.84607,-122.29831,31.824,6.612,0.0,-85,0.357,0.958,0.577
2014/08/28 16:53:57,1.45,37.84588,-122.29829,30.184,9.232,0.0,-85,0.918,1.917,1.350
2014/08/28 16:54:02,1.59,37.84576,-122.29826,31.824,3.796,0.0,-85,1.128,2.875,0.930
2014/08/28 16:54:07,1.59,37.84567,-122.29826,24.606,5.000,0.0,-85,1.867,2.833,0.319
2014/08/28 16:54:12,1.45,37.84557,-122.29826,15.748,4.660,0.0,-85,1.444,0.000,1.018
2014/08/28 16:54:17,1.48,37.84549,-122.29824,12.795,5.068,0.0,-85,0.920,2.875,1.222
2014/08/28 16:54:22,1.48,37.84535,-122.29822,12.467,7.502,0.0,-85,0.725,2.375,1.160
2014/08/28 16:54:27,1.54,37.84520,-122.29819,12.139,7.235,0.0,-81,1.144,2.875,1.218
2014/08/28 16:54:32,1.49,37.84506,-122.29816,13.123,5.713,0.0,-81,1.388,1.917,1.970
2014/08/28 16:54:37,1.45,37.84495,-122.29813,11.483,5.621,0.0,-81,0.930,0.000,2.922
2014/08/28 16:54:42,1.49,37.84480,-122.29809,10.827,11.952,0.0,-81,1.337,1.875,1.178
2014/08/28 16:54:47,1.49,37.84452,-122.29803,10.827,15.432,0.0,-81,0.908,2.875,1.210
2014/08/28 16:54:52,1.45,37.84427,-122.29798,12.467,10.687,0.0,-81,1.032,1.917,1.625
2014/08/28 16:54:57,1.67,37.84408,-122.29793,16.732,6.970,0.0,-85,1.071,0.000,1.610
2014/08/28 16:55:02,2.47,37.84400,-122.29789,27.559,4.003,0.0,-85,0.633,2.833,2.241
2014/08/28 16:55:07,2.22,37.84390,-122.29786,28.871,6.945,0.0,-85,1.278,2.000,1.194
2014/08/28 16:55:12,2.22,37.84374,-122.29782,31.168,11.914,0.0,-85,1.225,2.917,1.235
2014/08/28 16:55:17,2.26,37.84348,-122.29776,31.496,13.156,0.0,-85,0.659,1.917,0.710
2014/08/28 16:55:23,1.49,37.84305,-122.29768,28.215,21.717,0.0,-85,1.186,0.000,0.645
2014/08/28 16:55:28,1.45,37.84269,-122.29761,25.591,15.006,0.0,-73,1.013,2.833,1.482
2014/08/28 16:55:33,2.21,37.84248,-122.29757,33.465,8.939,0.0,-73,0.740,1.917,2.283
2014/08/28 16:55:38,1.45,37.84238,-122.29755,51.181,6.775,0.0,-73,1.752,2.208,1.997
2014/08/28 16:55:43,1.6,37.84217,-122.29751,46.916,10.071,0.0,-73,1.425,1.917,0.000
2014/08/28 16:55:48,1.71,37.84197,-122.29747,50.853,9.208,0.0,-73,0.816,0.000,3.330
2014/08/28 16:55:53,2.5,37.84179,-122.29742,58.071,8.013,0.0,-73,1.364,1.917,3.303
2014/08/28 16:55:58,2.25,37.84161,-122.29738,55.118,8.161,0.0,-63,1.392,0.000,2.370
2014/08/28 16:56:03,1.59,37.84140,-122.29733,49.213,10.186,0.0,-63,1.040,3.792,3.700
2014/08/28 16:56:08,2.41,37.84117,-122.29729,49.213,11.733,0.0,-63,1.545,1.917,0.000
2014/08/28 16:56:13,1.52,37.84095,-122.29726,50.525,10.588,0.0,-63,0.881,0.000,5.065
2014/08/28 16:56:18,1.52,37.84076,-122.29724,52.822,7.261,0.0,-63,0.857,1.917,1.671
2014/08/28 16:56:23,1.52,37.84060,-122.29721,48.885,9.664,0.0,-63,1.701,2.042,1.316
2014/08/28 16:56:28,1.52,37.84036,-122.29720,40.682,12.861,0.0,-71,1.172,0.958,0.639
2014/08/28 16:56:33,1.49,37.84009,-122.29715,39.698,15.473,0.0,-71,0.817,0.000,0.821
2014/08/28 16:56:38,1.45,37.83973,-122.29708,36.745,19.658,0.0,-71,0.779,2.125,0.730
2014/08/28 16:56:43,1.45,37.83933,-122.29700,39.698,19.398,0.0,-71,0.855,1.917,0.315
2014/08/28 16:56:48,2.28,37.83897,-122.29692,43.635,17.274,0.0,-71,0.944,0.000,0.490
2014/08/28 16:56:53,1.45,37.83865,-122.29685,44.619,15.319,0.0,-71,0.805,0.000,0.194
2014/08/28 16:56:58,1.49,37.83837,-122.29680,43.307,13.067,0.0,-71,1.340,0.000,0.667
2014/08/28 16:57:03,1.45,37.83815,-122.29675,42.323,9.993,0.0,-61,0.836,0.042,0.412
2014/08/28 16:57:08,1.45,37.83795,-122.29670,41.339,11.204,0.0,-61,1.294,0.667,0.684
2014/08/28 16:57:13,1.45,37.83773,-122.29663,40.354,11.265,0.0,-61,0.792,0.000,1.431
2014/08/28 16:57:18,1.45,37.83756,-122.29658,39.698,8.233,0.0,-61,1.339,0.708,0.768
2014/08/28 16:57:23,2.64,37.83740,-122.29652,42.323,9.042,0.0,-61,0.916,0.667,1.226
2014/08/28 16:57:28,2.64,37.83719,-122.29645,43.963,12.731,0.0,-61,0.629,0.583,1.174
2014/08/28 16:57:33,2.64,37.83689,-122.29631,44.948,19.354,0.0,-59,0.490,0.875,1.439
2014/08/28 16:57:38,1.48,37.83648,-122.29611,39.698,24.397,0.0,-59,0.543,0.750,0.989
2014/08/28 16:57:43,1.67,37.83596,-122.29586,36.417,30.807,0.0,-59,0.724,0.500,1.942
2014/08/28 16:57:48,1.48,37.83537,-122.29559,37.073,31.969,0.0,-59,0.696,0.625,1.199
2014/08/28 16:57:53,1.48,37.83481,-122.29533,28.871,30.000,0.0,-59,0.908,0.833,1.130
2014/08/28 16:57:58,1.48,37.83423,-122.29506,25.919,31.703,0.0,-59,1.088,0.750,0.469
2014/08/28 16:58:03,1.48,37.83365,-122.29478,22.966,30.151,0.0,-75,0.728,0.583,0.421
2014/08/28 16:58:08,1.62,37.83312,-122.29452,22.638,28.530,0.0,-75,1.217,0.000,0.314
2014/08/28 16:58:13,1.43,37.83256,-122.29426,23.294,30.338,0.0,-75,1.886,0.958,0.994
2014/08/28 16:58:18,1.47,37.83194,-122.29405,24.934,33.538,0.0,-75,1.681,0.917,2.254
2014/08/28 16:58:23,1.52,37.83126,-122.29387,24.934,36.075,0.0,-75,0.859,1.292,3.003
2014/08/28 16:58:28,1.47,37.83048,-122.29382,34.121,39.482,0.0,-75,0.358,0.792,3.215
2014/08/28 16:58:33,1.43,37.82966,-122.29384,37.730,38.668,0.0,-71,0.841,0.000,2.471
2014/08/28 16:58:38,1.46,37.82888,-122.29372,44.619,40.653,0.0,-71,1.064,1.208,0.982
2014/08/28 16:58:43,1.43,37.82816,-122.29319,42.323,43.108,0.0,-71,1.045,1.417,1.590
2014/08/28 16:58:48,1.62,37.82758,-122.29240,49.869,41.621,0.0,-71,1.183,1.208,1.538
2014/08/28 16:58:53,1.72,37.82712,-122.29151,50.853,42.769,0.0,-71,0.933,1.167,2.211
2014/08/28 16:58:58,1.73,37.82668,-122.29053,50.525,46.996,0.0,-71,0.645,0.000,0.000
2014/08/28 16:59:03,1.62,37.82639,-122.28934,49.869,49.110,0.0,-71,1.052,1.667,5.963
2014/08/28 16:59:08,2.36,37.82637,-122.28820,45.604,41.901,0.0,-67,1.350,1.167,2.058
2014/08/28 16:59:13,1.71,37.82648,-122.28729,39.042,34.436,0.0,-67,1.086,0.000,3.659
2014/08/28 16:59:18,1.64,37.82662,-122.28653,33.465,27.502,0.0,-67,0.697,1.750,0.000
2014/08/28 16:59:23,1.63,37.82674,-122.28592,35.433,16.014,0.0,-67,1.421,1.125,3.741
2014/08/28 16:59:28,1.63,37.82680,-122.28553,35.105,17.410,0.0,-67,1.276,0.000,2.286
2014/08/28 16:59:33,1.63,37.82686,-122.28510,37.073,17.544,0.0,-67,1.075,1.750,2.190
2014/08/28 16:59:38,1.63,37.82695,-122.28462,40.682,20.500,0.0,-75,0.654,1.167,2.594
2014/08/28 16:59:43,2.36,37.82705,-122.28410,43.963,20.512,0.0,-75,0.589,1.208,2.575
2014/08/28 16:59:48,1.63,37.82715,-122.28361,46.260,18.856,0.0,-75,1.362,1.125,2.395
2014/08/28 16:59:53,1.63,37.82722,-122.28322,45.276,12.660,0.0,-75,1.419,0.000,2.614
2014/08/28 16:59:58,1.63,37.82726,-122.28295,42.323,10.096,0.0,-75,1.490,1.167,2.078
2014/08/28 17:00:03,2.58,37.82728,-122.28269,40.682,12.653,0.0,-75,0.747,1.167,3.150
2014/08/28 17:00:08,1.63,37.82729,-122.28230,43.963,17.553,0.0,-81,0.856,0.583,1.538
2014/08/28 17:00:13,1.63,37.82728,-122.28184,46.588,18.162,0.0,-81,0.861,1.458,1.038
2014/08/28 17:00:18,1.64,37.82724,-122.28145,50.197,10.063,0.0,-81,0.850,0.000,1.306
2014/08/28 17:00:23,2.48,37.82722,-122.28127,50.853,5.925,0.0,-81,0.877,1.167,0.000
2014/08/28 17:00:28,1.65,37.82719,-122.28108,49.869,9.087,0.0,-81,0.831,0.000,6.402
2014/08/28 17:00:33,1.67,37.82714,-122.28080,51.181,14.238,0.0,-81,0.908,1.167,3.770
2014/08/28 17:00:38,1.64,37.82705,-122.28041,49.541,17.182,0.0,-79,0.489,0.625,2.342
2014/08/28 17:00:43,1.7,37.82695,-122.27997,45.932,18.616,0.0,-79,0.917,0.000,2.028
2014/08/28 17:00:48,1.64,37.82685,-122.27951,46.260,18.339,0.0,-79,0.420,1.167,2.890
2014/08/28 17:00:54,1.64,37.82676,-122.27912,45.276,13.013,0.0,-79,0.336,1.125,0.000
2014/08/28 17:00:59,1.64,37.82668,-122.27881,44.619,13.304,0.0,-79,0.217,0.625,6.682
2014/08/28 17:01:04,1.64,37.82660,-122.27846,45.604,15.822,0.0,-79,1.027,0.000,0.000
2014/08/28 17:01:09,1.64,37.82649,-122.27798,45.604,22.986,0.0,-79,0.567,1.125,3.330
2014/08/28 17:01:14,1.64,37.82633,-122.27733,45.276,29.939,0.0,-73,0.331,1.208,3.330
2014/08/28 17:01:19,2.36,37.82614,-122.27653,47.572,33.056,0.0,-73,0.306,0.625,2.279
2014/08/28 17:01:24,1.65,37.82598,-122.27581,49.213,28.262,0.0,-73,0.861,0.000,0.733
2014/08/28 17:01:29,1.74,37.82583,-122.27523,51.509,21.724,0.0,-73,0.000,1.167,0.898
2014/08/28 17:01:34,1.66,37.82567,-122.27461,55.774,29.109,0.0,-73,0.871,0.583,4.370
2014/08/28 17:01:39,1.66,37.82545,-122.27381,57.743,36.238,0.0,-73,0.285,0.000,1.382
2014/08/28 17:01:44,1.66,37.82520,-122.27285,62.008,43.040,0.0,-79,0.136,0.000,0.000
2014/08/28 17:01:49,1.66,37.82490,-122.27175,65.617,47.627,0.0,-79,0.033,0.000,6.967
2014/08/28 17:01:54,1.76,37.82458,-122.27059,82.349,48.000,0.0,-79,0.635,0.000,0.171
2014/08/28 17:01:59,1.65,37.82397,-122.26966,98.425,47.269,0.0,-79,1.064,0.125,0.294
2014/08/28 17:02:04,1.65,37.82304,-122.26931,109.252,49.726,0.0,-79,0.893,1.375,0.294
2014/08/28 17:02:09,1.66,37.82197,-122.26951,103.346,57.124,0.0,-79,0.782,1.750,0.351
2014/08/28 17:02:14,1.67,37.82077,-122.26978,81.037,61.582,0.0,-55,0.845,1.667,0.199
2014/08/28 17:02:19,1.81,37.81951,-122.27007,66.273,65.195,0.0,-55,1.324,1.500,0.681
2014/08/28 17:02:24,1.65,37.81818,-122.27036,63.320,68.143,0.0,-55,1.303,1.375,0.502
2014/08/28 17:02:29,2.36,37.81681,-122.27073,62.664,70.408,0.0,-55,0.803,0.000,0.439
2014/08/28 17:02:34,2.47,37.81545,-122.27121,59.711,70.488,0.0,-55,0.305,0.750,0.637
2014/08/28 17:02:39,1.67,37.81418,-122.27195,53.478,70.165,0.0,-55,0.790,0.875,1.147
2014/08/28 17:02:44,1.67,37.81307,-122.27305,49.541,69.344,0.0,-59,0.786,1.125,0.548
2014/08/28 17:02:49,2.47,37.81202,-122.27423,41.339,70.915,0.0,-59,0.958,1.125,0.243
2014/08/28 17:02:54,1.67,37.81088,-122.27536,24.606,73.638,0.0,-59,0.446,0.750,0.413
2014/08/28 17:02:59,2.47,37.80959,-122.27631,5.906,73.082,0.0,-59,0.749,0.750,1.338
2014/08/28 17:03:04,2.47,37.80831,-122.27721,-4.265,72.812,0.0,-59,0.675,0.792,1.323
2014/08/28 17:03:09,2.36,37.80707,-122.27804,-1.312,68.167,0.0,-59,1.042,0.625,1.231
2014/08/28 17:03:14,2.57,37.80581,-122.27884,-3.609,70.907,0.0,-71,0.922,0.833,1.050
2014/08/28 17:03:19,2.36,37.80456,-122.27961,0.328,67.450,0.0,-71,0.594,0.750,0.999
2014/08/28 17:03:24,1.66,37.80334,-122.28021,32.480,63.460,0.0,-71,0.295,0.000,1.903
2014/08/28 17:03:29,1.68,37.80209,-122.28033,59.383,61.654,0.0,-71,0.311,0.625,0.932
2014/08/28 17:03:34,1.66,37.80094,-122.27991,77.100,57.814,0.0,-71,0.657,0.625,1.744
2014/08/28 17:03:39,1.7,37.80000,-122.27904,73.491,58.369,0.0,-71,1.051,0.375,1.798
2014/08/28 17:03:44,1.67,37.79938,-122.27791,58.071,53.139,0.0,-71,0.808,0.542,2.014
2014/08/28 17:03:49,1.7,37.79891,-122.27671,38.714,53.337,0.0,-67,1.063,1.125,1.231
2014/08/28 17:03:54,1.7,37.79844,-122.27561,38.386,42.184,0.0,-67,1.489,0.000,1.701
2014/08/28 17:03:59,1.67,37.79821,-122.27494,40.682,21.925,0.0,-67,0.665,1.042,0.000
2014/08/28 17:04:04,1.67,37.79801,-122.27449,43.307,19.442,0.0,-67,0.740,0.875,4.151
2014/08/28 17:04:09,1.67,37.79776,-122.27402,43.963,26.207,0.0,-67,0.710,1.083,4.891
2014/08/28 17:04:14,1.68,37.79746,-122.27331,41.995,36.230,0.0,-67,0.583,0.000,1.858
2014/08/28 17:04:19,1.67,37.79712,-122.27245,39.042,38.439,0.0,-73,0.000,1.208,0.000
2014/08/28 17:04:24,1.67,37.79683,-122.27160,33.465,33.016,0.0,-73,0.944,0.750,0.677
2014/08/28 17:04:29,1.67,37.79659,-122.27096,27.559,23.458,0.0,-73,0.584,2.000,0.739
2014/08/28 17:04:34,1.67,37.79642,-122.27049,18.045,20.169,0.0,-73,1.369,1.958,0.467
2014/08/28 17:04:39,2.46,37.79630,-122.27012,10.827,11.125,0.0,-73,1.242,1.167,0.302
2014/08/28 17:04:44,2.74,37.79628,-122.27006,10.171,0.110,0.0,-73,0.896,1.958,0.290
2014/08/28 17:04:49,2.36,37.79627,-122.27006,10.499,0.209,0.0,-65,0.753,2.000,0.690
2014/08/28 17:04:54,2.71,37.79626,-122.27002,7.874,1.661,0.0,-65,0.829,0.000,1.610
2014/08/28 17:04:59,2.48,37.79619,-122.26987,5.906,12.140,0.0,-65,1.226,2.542,2.338
2014/08/28 17:05:04,1.83,37.79602,-122.26959,26.903,16.443,0.0,-65,0.770,2.333,1.954
2014/08/28 17:05:09,1.78,37.79588,-122.26930,35.761,3.552,0.0,-65,0.605,1.750,2.199
2014/08/28 17:05:14,1.73,37.79592,-122.26927,29.856,0.184,0.0,-65,0.695,1.875,1.890
2014/08/28 17:05:19,1.69,37.79592,-122.26927,33.793,0.077,0.0,-69,0.948,1.792,0.739
2014/08/28 17:05:24,1.73,37.79592,-122.26927,33.465,0.179,0.0,-69,0.556,1.708,1.282
2014/08/28 17:05:29,1.69,37.79592,-122.26927,34.777,0.037,0.0,-69,0.616,1.750,1.378
2014/08/28 17:05:34,1.68,37.79591,-122.26926,35.761,0.100,0.0,-69,0.756,0.000,2.291
2014/08/28 17:05:39,2.62,37.79591,-122.26926,35.433,0.250,0.0,-69,0.686,1.750,1.970
2014/08/28 17:05:44,1.69,37.79579,-122.26896,34.777,21.313,0.0,-69,0.852,1.792,2.421
2014/08/28 17:05:49,2.35,37.79558,-122.26842,24.606,21.996,0.0,-69,0.842,1.750,2.677
2014/08/28 17:05:54,1.68,37.79549,-122.26819,16.404,2.074,0.0,-73,0.705,1.833,1.610
2014/08/28 17:05:59,1.7,37.79549,-122.26818,18.701,0.009,0.0,-73,0.726,2.292,2.230
2014/08/28 17:06:04,2.45,37.79548,-122.26818,14.108,0.051,0.0,-73,0.988,0.000,1.842
2014/08/28 17:06:09,1.7,37.79542,-122.26802,9.186,14.861,0.0,-73,0.860,2.375,2.578
2014/08/28 17:06:14,2.49,37.79524,-122.26755,7.874,21.734,0.0,-73,1.510,1.750,0.458
2014/08/28 17:06:19,1.78,37.79509,-122.26715,3.937,11.283,0.0,-73,1.083,1.875,0.667
2014/08/28 17:06:24,1.69,37.79504,-122.26702,6.890,1.007,0.0,-71,0.836,1.208,0.278
2014/08/28 17:06:29,1.69,37.79500,-122.26690,6.890,6.930,0.0,-71,1.561,1.167,0.294
2014/08/28 17:06:34,2.62,37.79500,-122.26673,15.420,2.623,0.0,-71,1.694,0.000,0.461
2014/08/28 17:06:39,2.35,37.79504,-122.26668,16.732,1.454,0.0,-71,1.342,1.792,1.344
2014/08/28 17:06:44,2.49,37.79504,-122.26668,17.717,0.125,0.0,-71,1.463,1.917,1.223
2014/08/28 17:06:49,2.44,37.79504,-122.26667,18.045,0.284,0.0,-71,2.261,1.750,1.590
2014/08/28 17:06:54,2.44,37.79505,-122.26666,26.247,3.861,0.0,-57,2.475,1.833,1.346
2014/08/28 17:06:59,1.75,37.79514,-122.26660,47.900,9.139,0.0,-57,1.845,0.000,1.165
2014/08/28 17:07:04,1.7,37.79529,-122.26649,62.008,6.181,0.0,-57,1.608,1.750,2.006
2014/08/28 17:07:09,2.44,37.79551,-122.26649,31.496,12.650,0.0,-57,2.225,1.750,1.434
2014/08/28 17:07:14,2.44,37.79568,-122.26689,35.105,20.745,0.0,-57,1.027,1.750,1.687
2014/08/28 17:07:19,2.44,37.79586,-122.26730,28.215,12.756,0.0,-57,1.145,1.125,1.958
2014/08/28 17:07:24,2.74,37.79592,-122.26740,13.451,0.846,0.0,-67,0.905,1.833,0.850
2014/08/28 17:07:29,2.44,37.79591,-122.26739,19.685,0.012,0.0,-67,0.868,1.708,0.551
2014/08/28 17:07:34,2.44,37.79590,-122.26739,22.310,0.308,0.0,-67,1.069,1.750,1.282
2014/08/28 17:07:39,1.79,37.79590,-122.26751,21.654,7.290,0.0,-67,1.675,0.000,2.429
2014/08/28 17:07:44,1.84,37.79584,-122.26751,21.982,1.861,0.0,-67,0.587,0.000,1.360
2014/08/28 17:07:49,1.8,37.79586,-122.26745,31.496,5.703,0.0,-67,1.574,0.000,0.311
2014/08/28 17:07:54,1.7,37.79576,-122.26718,24.606,14.097,0.0,-67,1.212,0.042,0.270
2014/08/28 17:07:59,1.93,37.79562,-122.26686,19.029,13.436,0.0,-65,0.888,0.833,0.655
2014/08/28 17:08:04,1.76,37.79550,-122.26670,26.247,3.223,0.0,-65,0.651,0.667,0.331
2014/08/28 17:08:09,1.75,37.79550,-122.26678,40.682,4.797,0.0,-65,1.272,1.375,0.478
