Date-Time,DOP,Latitude,Longitude,Altitude (ft),Speed (mph),Heading (deg),mod1 SS (dBm),mod1 Down (Mbs),mod1 Up (Mbs),mod1 Ping (Sec)
2014/09/26 08:47:33,2.89,37.80259,-122.29936,-2.297,57.406,0.0,-95,1.853,1.375,0.298
2014/09/26 08:47:38,2.89,37.80259,-122.29936,-2.297,57.406,0.0,-95,1.983,0.000,0.208
2014/09/26 08:47:43,4.0,37.80331,-122.30101,23.622,60.264,0.0,-95,2.739,0.000,0.158
2014/09/26 08:47:48,5.48,37.80464,-122.30278,54.462,62.095,0.0,-69,3.117,0.042,0.172
2014/09/26 08:47:53,4.57,37.80596,-122.30380,37.402,60.594,0.0,-69,3.053,0.625,0.307
2014/09/26 08:47:58,4.57,37.80713,-122.30431,32.808,62.503,0.0,-69,2.778,0.917,0.519
2014/09/26 08:48:03,4.57,37.80713,-122.30431,32.808,62.503,0.0,-69,1.925,0.833,0.409
2014/09/26 08:48:08,2.88,37.80961,-122.30445,34.449,60.070,0.0,-69,0.863,0.750,0.361
2014/09/26 08:48:13,2.88,37.81078,-122.30408,20.341,59.681,0.0,-69,1.506,1.667,0.503
2014/09/26 08:48:18,2.88,37.81186,-122.30347,16.076,58.429,0.0,-75,2.197,1.750,0.530
2014/09/26 08:48:23,2.88,37.81282,-122.30263,21.325,57.733,0.0,-75,1.496,1.792,0.536
2014/09/26 08:48:28,2.88,37.81363,-122.30157,24.606,58.548,0.0,-75,1.718,1.750,0.390
2014/09/26 08:48:33,2.88,37.81440,-122.30042,28.871,59.771,0.0,-75,1.964,1.542,0.270
2014/09/26 08:48:38,2.92,37.81519,-122.29923,40.026,61.758,0.0,-75,1.914,1.667,0.345
2014/09/26 08:48:43,6.35,37.81598,-122.29797,54.462,64.855,0.0,-75,2.030,1.667,0.530
2014/09/26 08:48:48,2.56,37.81688,-122.29675,67.585,67.378,0.0,-93,0.591,0.917,0.410
2014/09/26 08:48:53,2.56,37.81791,-122.29565,62.992,67.469,0.0,-93,0.000,0.000,0.000
2014/09/26 08:48:58,2.56,37.81897,-122.29472,79.396,62.619,0.0,-93,0.000,0.125,6.005
2014/09/26 08:49:03,2.56,37.82003,-122.29386,94.488,63.801,0.0,-93,0.000,1.667,0.294
2014/09/26 08:49:08,2.56,37.82112,-122.29297,96.457,64.920,0.0,-93,0.006,1.792,0.330
2014/09/26 08:49:13,2.56,37.82225,-122.29214,99.738,63.927,0.0,-93,2.019,1.292,0.464
2014/09/26 08:49:18,2.56,37.82341,-122.29147,100.394,62.985,0.0,-93,0.997,0.000,1.683
2014/09/26 08:49:23,2.56,37.82456,-122.29091,98.425,60.506,0.0,-83,0.321,0.250,0.693
2014/09/26 08:49:28,2.56,37.82580,-122.29069,106.299,64.353,0.0,-83,1.118,0.000,0.306
2014/09/26 08:49:33,2.56,37.82705,-122.29110,125.000,64.539,0.0,-83,0.508,0.500,1.782
2014/09/26 08:49:38,2.56,37.82807,-122.29204,121.391,63.954,0.0,-83,0.114,0.125,4.142
2014/09/26 08:49:43,2.56,37.82907,-122.29293,101.706,61.515,0.0,-83,0.545,0.000,0.922
2014/09/26 08:49:48,2.56,37.83026,-122.29331,81.365,62.574,0.0,-83,0.551,0.333,0.790
2014/09/26 08:49:53,2.56,37.83149,-122.29351,68.241,60.812,0.0,-63,0.641,1.000,3.343
2014/09/26 08:49:58,2.56,37.83271,-122.29385,44.291,63.923,0.0,-63,0.417,0.667,0.828
2014/09/26 08:50:03,2.56,37.83391,-122.29453,22.638,66.136,0.0,-63,1.596,1.042,1.402
2014/09/26 08:50:08,2.56,37.83512,-122.29522,12.795,65.821,0.0,-63,2.061,0.000,0.957
2014/09/26 08:50:13,2.56,37.83635,-122.29585,24.278,65.896,0.0,-63,1.878,1.250,1.729
2014/09/26 08:50:18,2.55,37.83759,-122.29639,39.698,64.791,0.0,-63,1.650,0.875,1.286
2014/09/26 08:50:23,2.19,37.83884,-122.29668,48.228,62.706,0.0,-71,0.000,1.042,1.169
2014/09/26 08:50:28,2.18,37.84011,-122.29691,41.667,64.557,0.0,-71,0.925,0.625,2.922
2014/09/26 08:50:33,2.76,37.84140,-122.29715,34.449,64.448,0.0,-71,1.478,0.875,0.758
2014/09/26 08:50:39,2.11,37.84267,-122.29742,32.152,64.338,0.0,-71,1.833,1.042,0.526
2014/09/26 08:50:44,2.41,37.84394,-122.29771,36.745,63.933,0.0,-71,1.847,1.250,0.861
2014/09/26 08:50:49,2.11,37.84524,-122.29799,42.979,65.942,0.0,-71,1.997,0.000,0.158
2014/09/26 08:50:54,2.11,37.84655,-122.29828,35.105,65.917,0.0,-85,1.761,0.625,0.228
2014/09/26 08:50:59,2.1,37.84785,-122.29859,38.386,64.909,0.0,-85,2.966,0.792,2.178
2014/09/26 08:51:04,2.14,37.84911,-122.29888,37.402,61.664,0.0,-85,0.731,0.667,0.277
2014/09/26 08:51:09,2.41,37.85040,-122.29918,36.089,65.486,0.0,-85,1.867,0.000,0.779
2014/09/26 08:51:14,2.41,37.85170,-122.29950,34.449,65.340,0.0,-85,0.342,0.375,0.910
2014/09/26 08:51:19,2.4,37.85298,-122.29984,28.871,63.900,0.0,-85,0.202,0.208,3.240
2014/09/26 08:51:24,2.4,37.85424,-122.30019,24.278,64.189,0.0,-85,0.266,0.000,0.578
2014/09/26 08:51:29,2.1,37.85548,-122.30053,22.966,62.077,0.0,-95,0.159,0.250,3.880
2014/09/26 08:51:34,2.1,37.85669,-122.30087,24.606,61.376,0.0,-95,0.450,0.000,3.573
2014/09/26 08:51:39,2.09,37.85784,-122.30118,23.622,55.984,0.0,-95,0.212,0.208,1.158
2014/09/26 08:51:44,2.09,37.85889,-122.30145,26.903,51.150,0.0,-95,0.819,0.458,0.270
2014/09/26 08:51:49,2.09,37.85989,-122.30172,27.559,51.910,0.0,-95,1.825,0.833,0.368
2014/09/26 08:51:54,2.09,37.86089,-122.30199,20.013,49.455,0.0,-95,1.238,0.625,0.922
2014/09/26 08:51:59,2.09,37.86180,-122.30224,16.404,44.425,0.0,-83,0.870,0.000,0.655
2014/09/26 08:52:04,2.09,37.86274,-122.30251,13.451,50.473,0.0,-83,0.892,0.625,1.397
2014/09/26 08:52:09,2.09,37.86373,-122.30278,20.997,49.923,0.0,-83,0.322,0.625,1.720
2014/09/26 08:52:14,2.09,37.86475,-122.30304,25.919,53.745,0.0,-83,1.453,0.875,0.585
2014/09/26 08:52:19,2.08,37.86586,-122.30336,29.856,57.788,0.0,-83,1.244,0.833,0.514
2014/09/26 08:52:24,2.08,37.86695,-122.30369,27.231,55.010,0.0,-83,1.152,0.833,0.670
2014/09/26 08:52:29,2.08,37.86806,-122.30402,26.903,57.839,0.0,-83,0.910,0.000,0.802
2014/09/26 08:52:34,2.08,37.86918,-122.30437,25.262,57.903,0.0,-83,1.575,0.833,0.570
2014/09/26 08:52:39,2.08,37.87060,-122.30481,16.404,62.759,0.0,-83,2.339,1.042,0.262
2014/09/26 08:52:44,2.08,37.87181,-122.30519,13.451,61.917,0.0,-83,2.572,1.292,0.302
2014/09/26 08:52:49,2.08,37.87305,-122.30557,10.827,63.999,0.0,-83,2.594,0.833,0.224
2014/09/26 08:52:54,2.08,37.87428,-122.30595,10.499,62.244,0.0,-83,3.153,0.875,0.175
2014/09/26 08:52:59,2.07,37.87547,-122.30632,9.514,59.401,0.0,-75,2.500,0.625,0.469
2014/09/26 08:53:04,2.07,37.87659,-122.30668,19.029,56.568,0.0,-75,2.105,0.000,0.382
2014/09/26 08:53:09,2.07,37.87768,-122.30701,27.559,55.021,0.0,-75,2.231,0.792,1.574
2014/09/26 08:53:14,2.07,37.87875,-122.30730,30.840,54.185,0.0,-75,0.908,0.625,0.000
2014/09/26 08:53:19,2.07,37.87983,-122.30754,21.654,54.796,0.0,-75,0.841,0.000,7.139
2014/09/26 08:53:24,2.07,37.88091,-122.30778,20.341,54.575,0.0,-75,1.578,0.417,0.724
2014/09/26 08:53:29,2.03,37.88201,-122.30803,24.278,57.561,0.0,-59,1.816,1.042,0.751
2014/09/26 08:53:34,2.72,37.88320,-122.30831,28.215,61.077,0.0,-59,1.170,1.292,1.879
2014/09/26 08:53:39,2.72,37.88444,-122.30858,26.247,63.693,0.0,-59,1.717,0.833,1.582
2014/09/26 08:53:44,2.03,37.88569,-122.30875,48.228,61.157,0.0,-59,2.058,1.042,1.454
2014/09/26 08:53:49,2.03,37.88689,-122.30884,60.367,59.163,0.0,-59,0.000,0.000,0.425
2014/09/26 08:53:54,2.03,37.88804,-122.30865,64.633,56.513,0.0,-59,1.055,1.167,3.282
2014/09/26 08:53:59,2.03,37.88916,-122.30834,49.213,57.406,0.0,-59,0.277,0.333,1.746
2014/09/26 08:54:04,1.91,37.89031,-122.30814,45.604,58.941,0.0,-87,0.795,0.833,0.708
2014/09/26 08:54:09,2.02,37.89153,-122.30864,83.333,59.831,0.0,-87,1.767,1.208,0.898
2014/09/26 08:54:14,2.02,37.89274,-122.30894,79.396,61.970,0.0,-87,2.361,1.167,0.455
2014/09/26 08:54:19,2.02,37.89396,-122.30938,59.711,64.290,0.0,-87,2.558,0.000,0.570
2014/09/26 08:54:24,2.02,37.89517,-122.31003,50.853,65.267,0.0,-87,1.011,0.625,0.229
2014/09/26 08:54:29,2.02,37.89628,-122.31085,44.948,63.269,0.0,-87,3.105,0.875,0.224
2014/09/26 08:54:35,2.08,37.89731,-122.31169,47.900,60.282,0.0,-53,3.264,0.833,0.307
2014/09/26 08:54:40,2.02,37.89831,-122.31250,57.415,60.244,0.0,-53,2.825,0.000,0.385
2014/09/26 08:54:45,2.02,37.89934,-122.31333,62.992,61.480,0.0,-53,2.064,0.875,0.511
2014/09/26 08:54:50,2.02,37.90035,-122.31418,70.538,60.841,0.0,-53,0.750,0.292,0.940
2014/09/26 08:54:55,2.02,37.90138,-122.31501,61.680,60.892,0.0,-53,1.178,1.167,1.661
2014/09/26 08:55:00,2.01,37.90241,-122.31586,63.648,62.662,0.0,-53,1.936,0.917,1.730
2014/09/26 08:55:05,2.01,37.90345,-122.31672,70.866,60.234,0.0,-53,0.628,1.000,2.151
2014/09/26 08:55:10,2.01,37.90446,-122.31755,73.491,59.898,0.0,-53,1.469,1.083,1.594
2014/09/26 08:55:15,2.01,37.90548,-122.31839,77.428,61.310,0.0,-53,1.503,0.000,3.386
2014/09/26 08:55:20,2.08,37.90653,-122.31926,77.428,62.621,0.0,-53,0.502,0.958,0.478
2014/09/26 08:55:25,2.07,37.90758,-122.32013,79.396,63.220,0.0,-53,0.421,0.750,0.790
2014/09/26 08:55:30,2.07,37.90864,-122.32100,84.318,63.192,0.0,-53,0.663,0.000,0.962
2014/09/26 08:55:35,2.01,37.90970,-122.32188,82.677,62.663,0.0,-73,0.000,0.667,3.737
2014/09/26 08:55:40,2.07,37.91076,-122.32275,80.709,63.062,0.0,-73,0.000,1.000,1.291
2014/09/26 08:55:45,2.01,37.91184,-122.32358,66.601,61.143,0.0,-73,0.000,1.333,1.131
2014/09/26 08:55:50,2.02,37.91288,-122.32442,65.617,61.815,0.0,-73,0.000,1.083,1.455
2014/09/26 08:55:55,2.0,37.91392,-122.32530,62.336,62.048,0.0,-73,0.000,0.000,0.601
2014/09/26 08:56:00,2.0,37.91491,-122.32620,62.336,59.626,0.0,-73,0.000,1.125,1.202
2014/09/26 08:56:05,2.0,37.91586,-122.32714,58.399,59.425,0.0,-73,0.006,1.292,3.563
2014/09/26 08:56:10,2.0,37.91679,-122.32814,54.790,60.494,0.0,-75,0.503,0.667,1.824
2014/09/26 08:56:15,2.0,37.91767,-122.32919,54.134,59.588,0.0,-75,0.697,0.708,2.111
2014/09/26 08:56:20,2.0,37.91850,-122.33027,51.509,58.830,0.0,-75,0.861,0.000,0.000
2014/09/26 08:56:25,2.0,37.91929,-122.33138,41.667,59.660,0.0,-75,0.083,0.708,4.229
2014/09/26 08:56:30,2.02,37.92005,-122.33256,37.073,59.751,0.0,-75,0.423,0.333,0.823
2014/09/26 08:56:35,1.99,37.92067,-122.33388,35.105,60.838,0.0,-75,0.333,0.000,1.310
2014/09/26 08:56:40,1.99,37.92115,-122.33529,21.982,58.266,0.0,-87,0.244,0.333,2.506
2014/09/26 08:56:45,1.99,37.92149,-122.33697,26.575,57.809,0.0,-87,0.133,0.333,4.474
2014/09/26 08:56:50,1.99,37.92161,-122.33844,24.934,57.854,0.0,-87,1.139,0.000,0.230
2014/09/26 08:56:55,1.99,37.92168,-122.33989,18.045,56.521,0.0,-87,1.283,0.333,0.215
2014/09/26 08:57:00,1.99,37.92175,-122.34132,11.155,55.808,0.0,-87,1.631,1.000,0.409
2014/09/26 08:57:05,1.99,37.92180,-122.34274,18.701,55.770,0.0,-87,1.183,0.625,0.415
2014/09/26 08:57:10,1.99,37.92185,-122.34414,20.341,53.445,0.0,-79,0.889,0.667,0.469
2014/09/26 08:57:15,2.68,37.92191,-122.34549,20.341,53.273,0.0,-79,0.919,0.000,3.913
2014/09/26 08:57:20,2.18,37.92195,-122.34686,20.013,54.784,0.0,-79,0.848,0.333,1.045
2014/09/26 08:57:25,3.48,37.92195,-122.34829,22.310,56.933,0.0,-79,1.017,0.667,0.921
2014/09/26 08:57:30,1.98,37.92193,-122.34970,20.669,56.035,0.0,-79,1.480,1.542,1.146
2014/09/26 08:57:35,1.98,37.92190,-122.35113,14.108,57.576,0.0,-79,1.564,1.000,2.018
2014/09/26 08:57:40,1.98,37.92186,-122.35260,10.827,59.422,0.0,-57,1.761,1.000,1.837
2014/09/26 08:57:45,2.18,37.92188,-122.35413,8.530,60.092,0.0,-57,0.495,0.667,0.694
2014/09/26 08:57:50,1.98,37.92205,-122.35564,4.921,60.164,0.0,-57,1.544,0.958,0.739
2014/09/26 08:57:55,1.97,37.92238,-122.35709,8.530,58.954,0.0,-57,1.261,0.000,0.456
2014/09/26 08:58:00,1.97,37.92284,-122.35842,-0.328,57.391,0.0,-57,1.256,0.000,0.600
2014/09/26 08:58:05,1.97,37.92345,-122.35968,4.265,56.989,0.0,-57,0.405,0.000,0.966
2014/09/26 08:58:10,2.28,37.92413,-122.36077,5.906,51.959,0.0,-99,0.684,0.000,1.053
2014/09/26 08:58:15,1.97,37.92477,-122.36178,10.827,49.559,0.0,-99,0.222,0.000,3.762
2014/09/26 08:58:20,2.67,37.92539,-122.36279,11.155,51.423,0.0,-99,0.114,0.000,0.000
2014/09/26 08:58:25,1.97,37.92599,-122.36392,24.606,53.614,0.0,-99,0.069,0.000,0.000
2014/09/26 08:58:30,1.97,37.92648,-122.36510,34.449,52.495,0.0,-99,0.000,0.000,0.000
2014/09/26 08:58:35,1.97,37.92686,-122.36638,32.808,55.699,0.0,-99,0.000,0.042,0.215
2014/09/26 08:58:40,1.96,37.92714,-122.36781,45.604,61.631,0.0,-99,0.000,0.000,0.000
2014/09/26 08:58:45,1.96,37.92727,-122.36944,48.885,65.845,0.0,-85,0.000,0.417,4.779
2014/09/26 08:58:50,1.96,37.92729,-122.37112,46.916,67.002,0.0,-85,0.000,0.417,1.260
2014/09/26 08:58:55,1.96,37.92728,-122.37285,52.165,68.425,0.0,-85,0.000,0.667,2.030
2014/09/26 08:59:00,1.55,37.92730,-122.37456,39.698,66.227,0.0,-85,0.006,1.125,0.691
2014/09/26 08:59:05,1.55,37.92731,-122.37619,35.433,61.498,0.0,-85,1.339,0.792,0.757
2014/09/26 08:59:10,1.69,37.92736,-122.37764,36.745,53.979,0.0,-85,0.006,1.000,0.321
2014/09/26 08:59:15,1.55,37.92746,-122.37893,36.745,48.044,0.0,-63,0.302,1.250,0.300
2014/09/26 08:59:20,1.55,37.92766,-122.38010,31.168,49.004,0.0,-63,0.587,0.458,2.348
2014/09/26 08:59:25,1.55,37.92798,-122.38132,33.793,50.690,0.0,-63,0.198,0.000,2.602
2014/09/26 08:59:30,1.55,37.92829,-122.38242,37.073,42.317,0.0,-63,0.042,0.250,2.275
2014/09/26 08:59:35,1.55,37.92860,-122.38329,31.824,34.194,0.0,-63,0.072,0.250,2.306
2014/09/26 08:59:40,1.58,37.92897,-122.38393,24.278,30.236,0.0,-63,0.527,0.542,0.979
2014/09/26 08:59:45,1.55,37.92957,-122.38419,15.420,32.040,0.0,-69,0.998,0.875,0.482
2014/09/26 08:59:50,1.54,37.93004,-122.38455,14.108,22.376,0.0,-69,1.436,0.875,0.498
2014/09/26 08:59:55,1.54,37.93036,-122.38461,18.373,19.136,0.0,-69,2.044,0.792,0.868
2014/09/26 09:00:00,1.54,37.93072,-122.38411,23.622,32.285,0.0,-69,2.717,0.833,0.931
2014/09/26 09:00:05,1.54,37.93125,-122.38345,24.278,39.825,0.0,-69,2.078,1.042,0.670
2014/09/26 09:00:10,2.39,37.93194,-122.38282,29.856,43.294,0.0,-69,2.164,1.000,0.998
2014/09/26 09:00:15,1.54,37.93266,-122.38220,29.199,43.606,0.0,-71,2.331,0.875,1.040
2014/09/26 09:00:20,1.54,37.93337,-122.38157,32.152,41.658,0.0,-71,1.003,0.833,0.253
2014/09/26 09:00:25,1.54,37.93403,-122.38097,32.480,41.988,0.0,-71,0.872,0.958,0.563
2014/09/26 09:00:30,1.54,37.93479,-122.38035,31.824,46.510,0.0,-71,2.033,0.750,0.277
2014/09/26 09:00:35,1.54,37.93560,-122.37973,36.089,47.454,0.0,-71,2.228,0.000,0.183
2014/09/26 09:00:40,1.54,37.93644,-122.37915,43.963,47.537,0.0,-71,1.525,0.792,0.657
2014/09/26 09:00:45,1.54,37.93729,-122.37860,46.916,46.212,0.0,-71,0.236,0.417,2.245
2014/09/26 09:00:50,1.54,37.93809,-122.37805,44.948,46.234,0.0,-81,0.154,0.000,0.593
2014/09/26 09:00:55,1.53,37.93894,-122.37749,33.136,47.971,0.0,-81,0.128,0.250,2.491
2014/09/26 09:01:00,1.53,37.93978,-122.37692,29.528,46.544,0.0,-81,0.319,0.250,0.000
2014/09/26 09:01:05,1.53,37.94060,-122.37635,30.512,47.118,0.0,-81,0.900,0.625,0.000
2014/09/26 09:01:10,1.57,37.94140,-122.37577,30.840,45.094,0.0,-81,1.603,1.042,1.433
2014/09/26 09:01:15,1.53,37.94220,-122.37518,31.168,46.820,0.0,-81,2.106,1.375,0.198
2014/09/26 09:01:20,1.53,37.94305,-122.37458,34.121,50.561,0.0,-79,2.453,0.000,0.362
2014/09/26 09:01:25,1.53,37.94396,-122.37393,33.465,52.511,0.0,-79,2.078,0.917,0.650
2014/09/26 09:01:30,1.53,37.94483,-122.37332,34.449,46.489,0.0,-79,1.039,0.917,1.078
2014/09/26 09:01:35,1.53,37.94561,-122.37276,35.761,42.876,0.0,-79,1.236,1.417,2.026
2014/09/26 09:01:40,1.53,37.94627,-122.37228,34.777,31.675,0.0,-79,1.102,0.000,1.066
2014/09/26 09:01:45,1.53,37.94675,-122.37191,33.465,31.071,0.0,-79,0.782,0.958,3.778
2014/09/26 09:01:50,1.53,37.94732,-122.37128,33.793,41.275,0.0,-77,0.478,0.833,0.919
2014/09/26 09:01:55,1.53,37.94792,-122.37049,32.480,45.444,0.0,-77,0.789,0.542,1.073
2014/09/26 09:02:00,1.67,37.94865,-122.36989,33.465,42.503,0.0,-77,1.122,1.000,0.471
2014/09/26 09:02:05,1.52,37.94951,-122.36986,35.105,44.378,0.0,-77,2.303,1.250,0.370
2014/09/26 09:02:10,1.52,37.95024,-122.37044,31.496,43.888,0.0,-77,2.072,0.000,0.830
2014/09/26 09:02:15,1.52,37.95075,-122.37142,35.433,47.046,0.0,-77,1.750,1.292,0.571
2014/09/26 09:02:20,1.52,37.95140,-122.37231,26.247,49.710,0.0,-73,1.267,0.958,0.759
2014/09/26 09:02:26,1.52,37.95221,-122.37295,23.622,45.631,0.0,-73,0.954,0.000,1.499
2014/09/26 09:02:31,1.52,37.95302,-122.37332,19.685,40.337,0.0,-73,0.850,1.292,3.110
2014/09/26 09:02:36,1.52,37.95353,-122.37344,17.060,16.695,0.0,-73,0.747,1.000,1.684
2014/09/26 09:02:41,1.52,37.95377,-122.37348,14.764,9.648,0.0,-73,0.959,0.000,0.000
2014/09/26 09:02:46,1.52,37.95417,-122.37350,12.139,26.782,0.0,-73,0.542,1.500,1.243
2014/09/26 09:02:51,1.76,37.95478,-122.37350,17.060,31.686,0.0,-73,1.030,1.667,1.322
2014/09/26 09:02:56,1.52,37.95558,-122.37355,18.045,46.605,0.0,-91,0.594,0.000,0.885
2014/09/26 09:03:01,1.54,37.95658,-122.37356,20.997,51.368,0.0,-91,0.611,1.125,1.353
2014/09/26 09:03:06,1.51,37.95762,-122.37358,24.278,51.830,0.0,-91,0.267,0.375,3.546
2014/09/26 09:03:11,1.66,37.95869,-122.37359,26.575,54.817,0.0,-91,0.978,0.000,0.471
2014/09/26 09:03:16,1.66,37.95982,-122.37360,24.934,56.528,0.0,-91,1.075,0.458,0.546
2014/09/26 09:03:21,1.51,37.96090,-122.37361,23.294,50.740,0.0,-91,0.711,0.000,1.032
2014/09/26 09:03:26,1.51,37.96184,-122.37366,22.310,44.116,0.0,-99,0.428,0.000,0.000
2014/09/26 09:03:31,1.51,37.96257,-122.37367,21.654,28.238,0.0,-99,0.244,0.000,1.333
2014/09/26 09:03:36,1.66,37.96295,-122.37367,21.982,11.784,0.0,-99,0.203,0.000,0.625
2014/09/26 09:03:41,1.99,37.96304,-122.37367,21.654,0.737,0.0,-99,0.636,0.000,0.762
2014/09/26 09:03:46,1.66,37.96322,-122.37385,21.325,20.607,0.0,-99,0.242,0.375,5.057
2014/09/26 09:03:51,1.66,37.96321,-122.37456,14.108,32.606,0.0,-99,0.220,0.000,0.000
2014/09/26 09:03:56,1.66,37.96321,-122.37547,9.514,35.762,0.0,-91,0.141,0.000,0.193
2014/09/26 09:04:01,1.66,37.96322,-122.37614,4.593,16.779,0.0,-91,0.295,0.000,0.000
2014/09/26 09:04:06,1.66,37.96299,-122.37633,7.218,19.417,0.0,-91,0.380,0.375,1.021
2014/09/26 09:04:11,2.09,37.96247,-122.37633,14.436,29.051,0.0,-91,0.383,0.000,2.832
2014/09/26 09:04:16,1.65,37.96186,-122.37634,20.997,30.736,0.0,-91,0.419,0.000,0.473
2014/09/26 09:04:21,1.65,37.96128,-122.37633,29.856,27.270,0.0,-91,0.800,0.417,0.190
2014/09/26 09:04:26,1.72,37.96080,-122.37630,35.761,20.650,0.0,-93,0.636,0.750,0.839
2014/09/26 09:04:31,1.65,37.96044,-122.37627,33.465,13.329,0.0,-93,0.331,0.000,1.802
2014/09/26 09:04:36,1.65,37.96031,-122.37620,31.824,5.878,0.0,-93,0.000,0.000,3.837
2014/09/26 09:04:41,1.65,37.96037,-122.37616,30.840,3.437,0.0,-93,0.292,0.792,0.000
2014/09/26 09:04:46,1.65,37.96038,-122.37617,22.966,0.062,0.0,-93,0.253,0.375,0.631
2014/09/26 09:04:51,1.65,37.96037,-122.37618,18.373,0.028,0.0,-93,0.292,0.375,2.206
2014/09/26 09:04:56,1.65,37.96037,-122.37618,18.373,0.022,0.0,-93,0.238,0.375,2.274
2014/09/26 09:05:01,1.65,37.96037,-122.37619,19.685,0.154,0.0,-101,0.447,0.000,1.157
2014/09/26 09:05:06,1.65,37.96037,-122.37620,20.997,0.097,0.0,-101,1.076,0.792,1.162
2014/09/26 09:05:11,1.72,37.96037,-122.37620,26.247,0.470,0.0,-101,0.719,0.750,3.290
2014/09/26 09:05:16,1.65,37.96038,-122.37621,28.543,0.592,0.0,-101,0.586,0.000,2.790
2014/09/26 09:05:21,1.65,37.96042,-122.37624,42.651,2.204,0.0,-101,0.650,0.750,0.000
2014/09/26 09:05:26,1.64,37.96045,-122.37625,48.228,2.634,0.0,-101,0.806,0.000,4.588
2014/09/26 09:05:31,1.64,37.96080,-122.37631,47.572,27.467,0.0,-101,0.814,0.750,3.294
2014/09/26 09:05:36,1.64,37.96143,-122.37632,33.793,31.731,0.0,-101,0.567,1.042,0.811
2014/09/26 09:05:41,1.64,37.96210,-122.37630,27.231,35.182,0.0,-101,1.011,0.000,0.694
2014/09/26 09:05:46,1.64,37.96287,-122.37630,29.199,26.662,0.0,-101,0.539,0.792,2.853
2014/09/26 09:05:51,1.7,37.96316,-122.37617,23.950,15.632,0.0,-101,0.628,0.000,1.306
2014/09/26 09:05:56,1.64,37.96316,-122.37545,25.591,34.324,0.0,-101,0.494,0.750,2.310
2014/09/26 09:06:01,1.64,37.96317,-122.37459,27.887,32.012,0.0,-101,0.133,0.000,1.482
2014/09/26 09:06:06,1.64,37.96317,-122.37408,29.199,10.857,0.0,-101,0.392,0.417,0.570
2014/09/26 09:06:11,1.64,37.96317,-122.37402,31.496,0.218,0.0,-101,0.789,0.000,0.678
2014/09/26 09:06:16,1.64,37.96317,-122.37403,34.449,0.186,0.0,-101,1.366,1.125,0.438
2014/09/26 09:06:21,1.71,37.96318,-122.37403,37.402,0.151,0.0,-101,1.124,1.125,1.790
2014/09/26 09:06:26,1.96,37.96321,-122.37382,42.979,16.369,0.0,-101,0.527,0.750,1.821
2014/09/26 09:06:31,1.96,37.96362,-122.37366,30.184,28.967,0.0,-93,0.329,0.875,2.237
2014/09/26 09:06:36,1.96,37.96439,-122.37365,30.840,44.379,0.0,-93,0.293,0.000,0.000
2014/09/26 09:06:41,1.96,37.96537,-122.37364,32.480,49.343,0.0,-93,0.111,0.750,5.982
2014/09/26 09:06:46,1.95,37.96638,-122.37363,32.152,49.480,0.0,-93,0.105,0.375,2.662
2014/09/26 09:06:51,1.95,37.96733,-122.37362,30.512,44.855,0.0,-93,0.201,0.000,0.394
2014/09/26 09:06:56,1.95,37.96821,-122.37361,27.231,45.349,0.0,-93,0.436,1.167,0.257
2014/09/26 09:07:01,1.95,37.96913,-122.37334,21.325,48.657,0.0,-93,0.487,0.000,1.882
2014/09/26 09:07:06,1.95,37.96995,-122.37265,21.654,50.348,0.0,-93,0.432,0.375,2.518
2014/09/26 09:07:11,2.0,37.97071,-122.37176,18.373,52.455,0.0,-93,0.582,0.375,0.864
2014/09/26 09:07:16,1.95,37.97151,-122.37082,17.388,54.607,0.0,-93,1.142,0.875,0.730
2014/09/26 09:07:21,1.95,37.97231,-122.36988,18.045,53.870,0.0,-93,1.036,1.250,0.931
2014/09/26 09:07:26,1.95,37.97309,-122.36895,18.045,53.662,0.0,-93,0.758,0.750,0.441
2014/09/26 09:07:31,1.95,37.97378,-122.36793,18.373,51.969,0.0,-93,1.214,0.000,0.417
2014/09/26 09:07:36,1.94,37.97415,-122.36681,21.982,45.539,0.0,-85,1.736,1.125,0.159
2014/09/26 09:07:41,1.94,37.97424,-122.36591,24.606,24.271,0.0,-85,2.533,1.125,0.446
2014/09/26 09:07:46,2.83,37.97424,-122.36555,24.606,6.482,0.0,-85,2.225,0.750,0.346
2014/09/26 09:07:51,1.94,37.97424,-122.36552,24.278,0.134,0.0,-85,1.792,0.792,0.318
2014/09/26 09:07:56,2.82,37.97424,-122.36551,27.559,0.089,0.0,-85,2.114,0.000,0.219
2014/09/26 09:08:01,1.94,37.97423,-122.36531,37.402,20.139,0.0,-85,1.247,1.125,0.233
2014/09/26 09:08:06,1.94,37.97423,-122.36446,40.354,41.688,0.0,-73,1.325,0.792,0.394
2014/09/26 09:08:11,1.94,37.97425,-122.36327,48.228,48.850,0.0,-73,1.514,1.125,0.502
2014/09/26 09:08:16,1.94,37.97456,-122.36205,48.885,52.596,0.0,-73,1.583,0.000,0.690
2014/09/26 09:08:21,1.93,37.97517,-122.36096,45.932,52.782,0.0,-73,1.619,1.500,0.849
2014/09/26 09:08:26,1.93,37.97583,-122.35990,59.055,50.692,0.0,-73,2.214,1.083,0.954
2014/09/26 09:08:31,1.93,37.97644,-122.35889,75.787,50.634,0.0,-73,1.375,0.875,0.438
2014/09/26 09:08:36,1.93,37.97708,-122.35784,82.677,53.411,0.0,-79,1.628,0.375,0.168
2014/09/26 09:08:41,1.93,37.97775,-122.35674,84.974,55.573,0.0,-79,0.000,0.000,1.197
2014/09/26 09:08:46,1.93,37.97843,-122.35561,86.614,55.754,0.0,-79,1.744,0.792,0.182
2014/09/26 09:08:51,1.93,37.97911,-122.35449,86.614,55.747,0.0,-79,1.617,0.375,1.278
2014/09/26 09:08:56,1.93,37.97977,-122.35338,86.614,53.915,0.0,-79,0.722,0.792,1.097
2014/09/26 09:09:01,1.92,37.98043,-122.35230,89.239,53.092,0.0,-79,1.261,0.000,0.206
2014/09/26 09:09:06,1.92,37.98109,-122.35123,93.504,53.670,0.0,-79,1.542,0.792,0.351
2014/09/26 09:09:11,1.92,37.98166,-122.35010,104.331,51.958,0.0,-75,1.661,1.167,0.570
2014/09/26 09:09:16,1.92,37.98193,-122.34885,123.688,50.997,0.0,-75,1.795,0.750,2.355
2014/09/26 09:09:21,1.92,37.98195,-122.34755,142.717,51.027,0.0,-75,0.714,0.375,0.327
2014/09/26 09:09:27,1.92,37.98195,-122.34627,166.010,49.987,0.0,-75,1.223,0.000,0.270
2014/09/26 09:09:32,1.92,37.98204,-122.34501,183.727,49.665,0.0,-75,0.257,0.000,5.275
2014/09/26 09:09:37,2.15,37.98239,-122.34383,208.990,50.099,0.0,-75,0.271,0.375,0.224
2014/09/26 09:09:42,1.91,37.98298,-122.34283,225.394,49.558,0.0,-91,0.668,0.750,0.558
2014/09/26 09:09:47,1.91,37.98381,-122.34206,234.252,52.743,0.0,-91,0.556,0.792,2.122
2014/09/26 09:09:52,1.91,37.98474,-122.34138,228.346,53.040,0.0,-91,0.272,0.000,4.198
2014/09/26 09:09:57,2.14,37.98562,-122.34072,209.318,49.805,0.0,-91,0.080,0.417,2.338
2014/09/26 09:10:02,1.91,37.98636,-122.34017,193.570,35.116,0.0,-91,0.251,0.000,1.263
2014/09/26 09:10:07,1.91,37.98681,-122.33983,182.743,18.324,0.0,-91,0.699,0.750,1.265
2014/09/26 09:10:12,1.91,37.98693,-122.33974,177.493,1.376,0.0,-99,0.804,0.750,1.722
2014/09/26 09:10:17,1.91,37.98699,-122.33968,175.197,14.918,0.0,-99,0.672,0.792,2.719
2014/09/26 09:10:22,1.91,37.98750,-122.33930,166.667,38.325,0.0,-99,1.059,0.792,3.941
2014/09/26 09:10:27,1.9,37.98825,-122.33875,154.856,46.151,0.0,-99,0.714,0.000,0.000
2014/09/26 09:10:32,2.14,37.98908,-122.33815,140.420,48.184,0.0,-99,1.086,0.750,3.569
2014/09/26 09:10:37,2.14,37.98991,-122.33753,127.625,47.475,0.0,-99,1.414,1.208,2.902
2014/09/26 09:10:42,1.9,37.99064,-122.33679,124.672,45.491,0.0,-93,1.816,1.375,0.909
2014/09/26 09:10:47,1.9,37.99108,-122.33578,133.530,45.761,0.0,-93,1.064,0.000,1.459
2014/09/26 09:10:52,1.9,37.99119,-122.33462,147.638,46.468,0.0,-93,0.633,0.500,0.467
2014/09/26 09:10:57,1.9,37.99097,-122.33357,153.215,41.298,0.0,-93,0.914,0.000,0.548
2014/09/26 09:11:02,1.89,37.99065,-122.33260,158.465,41.000,0.0,-93,1.264,0.458,0.454
2014/09/26 09:11:07,1.89,37.99036,-122.33166,159.449,38.726,0.0,-93,1.186,0.875,0.414
2014/09/26 09:11:12,1.89,37.99012,-122.33088,156.496,24.992,0.0,-93,1.817,0.875,0.518
2014/09/26 09:11:17,1.89,37.99002,-122.33049,153.871,9.588,0.0,-85,1.722,0.000,0.549
2014/09/26 09:11:22,1.89,37.98998,-122.33016,158.793,19.235,0.0,-85,2.008,0.042,0.854
2014/09/26 09:11:27,1.89,37.98994,-122.32957,142.060,23.754,0.0,-85,1.989,0.583,0.482
2014/09/26 09:11:32,1.89,37.98995,-122.32895,151.575,27.200,0.0,-85,2.092,0.292,0.242
2014/09/26 09:11:37,1.89,37.99001,-122.32809,154.856,39.161,0.0,-85,2.078,0.625,0.786
2014/09/26 09:11:42,1.88,37.99024,-122.32702,137.139,47.523,0.0,-85,1.092,0.000,0.000
2014/09/26 09:11:47,1.88,37.99049,-122.32589,133.858,44.972,0.0,-97,0.508,0.625,0.798
2014/09/26 09:11:52,1.88,37.99031,-122.32480,135.499,41.808,0.0,-97,0.906,0.583,0.550
2014/09/26 09:11:57,1.99,37.98989,-122.32383,151.247,41.770,0.0,-97,1.403,0.000,1.627
2014/09/26 09:12:02,1.99,37.98952,-122.32310,169.619,27.004,0.0,-97,0.475,0.750,0.888
2014/09/26 09:12:07,1.99,37.98931,-122.32273,167.651,9.300,0.0,-97,1.564,0.292,0.769
2014/09/26 09:12:12,1.88,37.98923,-122.32262,164.370,8.025,0.0,-97,1.547,0.208,0.483
2014/09/26 09:12:17,1.99,37.98899,-122.32224,167.979,26.237,0.0,-97,1.436,0.000,0.768
2014/09/26 09:12:22,1.99,37.98862,-122.32160,179.462,34.646,0.0,-97,0.738,0.250,0.503
2014/09/26 09:12:27,2.15,37.98830,-122.32076,194.882,38.496,0.0,-97,1.614,0.250,0.163
2014/09/26 09:12:32,2.52,37.98794,-122.31985,212.270,40.594,0.0,-97,1.900,0.750,0.243
2014/09/26 09:12:37,2.14,37.98755,-122.31897,233.596,38.040,0.0,-97,2.478,0.750,0.262
2014/09/26 09:12:42,1.91,37.98726,-122.31821,259.843,29.847,0.0,-97,1.075,0.500,0.357
2014/09/26 09:12:47,1.91,37.98704,-122.31757,288.058,25.105,0.0,-99,0.295,0.125,1.271
2014/09/26 09:12:52,1.87,37.98686,-122.31695,298.885,30.226,0.0,-99,0.417,0.000,0.000
2014/09/26 09:12:57,1.86,37.98679,-122.31621,304.462,27.309,0.0,-99,0.539,0.250,5.521
2014/09/26 09:13:02,1.86,37.98677,-122.31550,307.743,28.726,0.0,-99,0.317,0.000,0.953
2014/09/26 09:13:07,1.86,37.98675,-122.31476,312.992,30.709,0.0,-99,0.258,0.417,3.955
2014/09/26 09:13:12,1.86,37.98673,-122.31402,310.367,26.325,0.0,-99,0.000,0.125,1.418
2014/09/26 09:13:17,1.86,37.98655,-122.31349,304.790,23.284,0.0,-99,0.289,0.500,0.290
2014/09/26 09:13:22,1.86,37.98604,-122.31353,279.856,29.000,0.0,-75,0.472,0.000,0.000
2014/09/26 09:13:27,1.86,37.98601,-122.31418,256.562,28.700,0.0,-75,0.000,0.000,0.000
2014/09/26 09:13:32,1.86,37.98657,-122.31426,257.546,34.976,0.0,-75,0.000,0.000,0.000
2014/09/26 09:13:37,1.85,37.98737,-122.31382,257.546,49.665,0.0,-75,0.000,0.000,0.000
2014/09/26 09:13:42,1.85,37.98825,-122.31315,250.984,50.373,0.0,-75,0.000,0.000,0.000
2014/09/26 09:13:47,1.85,37.98906,-122.31238,249.016,51.906,0.0,-75,0.000,0.000,0.000
2014/09/26 09:13:52,1.85,37.98987,-122.31143,238.189,58.735,0.0,-63,0.000,0.000,3.149
2014/09/26 09:13:57,1.85,37.99067,-122.31028,231.627,59.087,0.0,-63,0.000,0.000,2.650
2014/09/26 09:14:02,1.85,37.99136,-122.30906,229.003,59.705,0.0,-63,0.000,0.000,0.167
2014/09/26 09:14:07,1.85,37.99197,-122.30773,229.331,61.130,0.0,-63,0.077,0.000,0.194
2014/09/26 09:14:12,1.84,37.99247,-122.30630,224.081,61.982,0.0,-63,0.822,0.042,0.178
2014/09/26 09:14:17,1.84,37.99287,-122.30479,219.160,63.557,0.0,-63,1.353,0.375,1.034
2014/09/26 09:14:22,1.84,37.99314,-122.30321,211.942,63.575,0.0,-77,0.537,1.833,0.242
2014/09/26 09:14:27,2.64,37.99337,-122.30162,207.349,62.602,0.0,-77,1.345,1.500,0.305
2014/09/26 09:14:32,1.84,37.99359,-122.30003,197.507,62.810,0.0,-77,0.773,0.000,0.170
2014/09/26 09:14:37,1.84,37.99380,-122.29844,186.680,64.155,0.0,-77,1.235,1.292,0.530
2014/09/26 09:14:42,1.84,37.99402,-122.29685,168.307,63.005,0.0,-77,0.619,1.208,0.324
2014/09/26 09:14:47,1.84,37.99424,-122.29524,152.887,64.859,0.0,-77,0.742,1.042,0.161
2014/09/26 09:14:52,1.83,37.99447,-122.29362,138.451,64.842,0.0,-75,0.669,1.292,0.215
2014/09/26 09:14:57,1.83,37.99469,-122.29199,125.984,65.238,0.0,-75,0.934,1.958,0.295
2014/09/26 09:15:02,1.83,37.99499,-122.29038,114.173,65.114,0.0,-75,1.085,1.917,0.458
2014/09/26 09:15:07,1.83,37.99550,-122.28884,101.050,66.155,0.0,-75,0.000,0.250,3.374
2014/09/26 09:15:12,1.83,37.99620,-122.28739,96.457,68.388,0.0,-75,0.050,1.708,0.194
2014/09/26 09:15:17,1.83,37.99709,-122.28608,103.675,67.730,0.0,-75,0.984,1.958,1.381
2014/09/26 09:15:22,1.83,37.99811,-122.28500,114.501,65.898,0.0,-75,0.000,1.333,0.149
2014/09/26 09:15:27,1.82,37.99918,-122.28399,127.625,65.615,0.0,-71,1.972,0.000,0.174
2014/09/26 09:15:32,1.82,38.00022,-122.28302,140.420,63.897,0.0,-71,0.352,0.958,2.122
2014/09/26 09:15:37,1.82,38.00126,-122.28205,154.856,64.323,0.0,-71,0.373,0.250,0.299
2014/09/26 09:15:42,1.82,38.00229,-122.28110,165.026,61.354,0.0,-71,1.077,2.792,0.640
2014/09/26 09:15:47,1.82,38.00331,-122.28016,162.402,62.991,0.0,-71,0.181,0.333,0.201
2014/09/26 09:15:52,1.82,38.00435,-122.27920,152.559,65.006,0.0,-71,0.666,0.750,0.886
2014/09/26 09:15:57,1.82,38.00563,-122.27801,137.795,66.254,0.0,-91,0.556,1.625,0.363
2014/09/26 09:16:02,1.81,38.00667,-122.27703,124.016,63.050,0.0,-91,1.891,1.917,0.889
2014/09/26 09:16:07,1.81,38.00770,-122.27608,112.533,63.816,0.0,-91,2.380,1.417,0.170
2014/09/26 09:16:12,1.81,38.00874,-122.27512,103.675,63.569,0.0,-91,2.806,0.000,0.191
2014/09/26 09:16:17,1.81,38.00974,-122.27417,107.612,61.257,0.0,-91,3.297,0.833,0.189
2014/09/26 09:16:22,1.81,38.01072,-122.27326,112.205,60.173,0.0,-91,2.919,0.000,0.210
2014/09/26 09:16:27,1.81,38.01169,-122.27235,112.205,59.517,0.0,-57,2.600,0.542,0.250
2014/09/26 09:16:32,1.81,38.01270,-122.27141,105.971,64.881,0.0,-57,2.530,0.542,0.221
2014/09/26 09:16:37,1.8,38.01377,-122.27046,98.425,63.710,0.0,-57,2.953,0.833,0.197
2014/09/26 09:16:42,1.8,38.01478,-122.26954,104.331,61.831,0.0,-57,2.858,0.000,0.823
2014/09/26 09:16:47,1.8,38.01579,-122.26860,114.173,62.525,0.0,-57,0.828,0.250,0.173
2014/09/26 09:16:52,1.8,38.01679,-122.26765,123.031,62.388,0.0,-57,1.700,0.833,0.357
2014/09/26 09:16:57,1.8,38.01775,-122.26675,129.265,59.134,0.0,-65,1.897,1.042,0.170
2014/09/26 09:17:02,1.8,38.01875,-122.26582,127.297,63.797,0.0,-65,2.333,0.000,0.000
2014/09/26 09:17:07,1.8,38.01976,-122.26489,115.486,60.499,0.0,-65,1.244,0.875,0.000
2014/09/26 09:17:12,1.79,38.02073,-122.26399,103.346,61.202,0.0,-65,2.300,1.083,0.000
2014/09/26 09:17:17,1.79,38.02177,-122.26303,88.255,66.185,0.0,-65,3.006,1.625,0.650
2014/09/26 09:17:22,1.79,38.02285,-122.26203,84.318,64.916,0.0,-65,1.736,0.000,0.497
2014/09/26 09:17:27,1.79,38.02387,-122.26108,90.551,62.794,0.0,-65,1.022,0.583,0.278
2014/09/26 09:17:32,1.79,38.02488,-122.26015,102.690,61.996,0.0,-65,1.725,1.375,0.190
2014/09/26 09:17:37,1.7,38.02588,-122.25921,114.173,61.904,0.0,-65,2.025,1.625,0.370
2014/09/26 09:17:42,1.7,38.02689,-122.25827,127.953,62.474,0.0,-65,1.811,1.958,0.357
2014/09/26 09:17:47,1.7,38.02792,-122.25732,141.732,64.640,0.0,-65,2.284,1.958,0.557
2014/09/26 09:17:52,1.7,38.02899,-122.25631,154.199,67.580,0.0,-65,2.264,1.125,0.299
2014/09/26 09:17:57,1.78,38.03005,-122.25530,167.979,63.477,0.0,-65,2.278,0.000,0.250
2014/09/26 09:18:03,1.69,38.03106,-122.25434,181.430,63.506,0.0,-69,1.906,1.083,0.229
2014/09/26 09:18:08,1.69,38.03209,-122.25339,194.226,63.189,0.0,-69,1.839,1.333,0.196
2014/09/26 09:18:13,1.69,38.03312,-122.25243,199.147,63.600,0.0,-69,1.358,0.833,0.618
2014/09/26 09:18:18,1.69,38.03414,-122.25148,201.772,62.329,0.0,-69,0.055,0.250,3.222
2014/09/26 09:18:23,1.69,38.03515,-122.25054,206.037,62.596,0.0,-69,0.371,0.833,0.250
2014/09/26 09:18:28,1.69,38.03616,-122.24960,207.677,62.406,0.0,-69,0.940,0.000,0.502
2014/09/26 09:18:33,1.69,38.03717,-122.24866,209.646,62.153,0.0,-81,1.061,1.667,0.871
2014/09/26 09:18:38,1.68,38.03817,-122.24771,210.630,62.671,0.0,-81,0.904,1.125,0.991
2014/09/26 09:18:43,1.68,38.03908,-122.24660,213.255,62.847,0.0,-81,0.493,1.083,0.187
2014/09/26 09:18:48,1.68,38.03992,-122.24542,216.535,62.696,0.0,-81,0.519,1.125,0.000
2014/09/26 09:18:53,1.68,38.04076,-122.24423,220.144,62.158,0.0,-81,0.835,0.792,0.000
2014/09/26 09:18:58,1.68,38.04158,-122.24306,224.081,61.683,0.0,-81,0.487,0.542,0.395
2014/09/26 09:19:03,1.68,38.04241,-122.24189,227.362,61.632,0.0,-103,1.233,1.208,1.189
2014/09/26 09:19:08,1.68,38.04324,-122.24073,230.643,61.698,0.0,-103,1.889,1.417,0.442
2014/09/26 09:19:13,1.68,38.04406,-122.23956,234.252,61.087,0.0,-103,2.133,0.000,0.340
2014/09/26 09:19:18,1.67,38.04488,-122.23839,237.533,62.752,0.0,-103,1.942,1.125,0.394
2014/09/26 09:19:23,1.7,38.04572,-122.23719,242.454,62.401,0.0,-103,1.119,0.292,0.607
2014/09/26 09:19:28,1.67,38.04655,-122.23602,247.047,61.955,0.0,-103,1.581,0.833,0.323
2014/09/26 09:19:33,1.67,38.04738,-122.23485,249.672,61.101,0.0,-91,2.522,1.083,0.166
2014/09/26 09:19:38,1.67,38.04817,-122.23373,249.672,57.895,0.0,-91,2.458,0.000,0.175
2014/09/26 09:19:43,1.67,38.04898,-122.23262,238.517,61.799,0.0,-91,0.958,0.000,0.998
2014/09/26 09:19:48,1.67,38.04984,-122.23143,221.457,62.783,0.0,-91,2.167,0.875,0.246
2014/09/26 09:19:53,1.67,38.05068,-122.23022,204.068,63.825,0.0,-91,1.794,0.250,0.215
2014/09/26 09:19:58,1.66,38.05153,-122.22901,187.336,62.813,0.0,-91,1.925,0.583,0.244
2014/09/26 09:20:03,1.66,38.05239,-122.22779,177.493,64.399,0.0,-91,1.875,0.000,0.302
2014/09/26 09:20:08,1.66,38.05322,-122.22661,169.291,60.672,0.0,-83,1.658,0.542,0.197
2014/09/26 09:20:13,1.66,38.05409,-122.22552,161.745,60.978,0.0,-83,2.900,0.542,0.279
2014/09/26 09:20:18,1.66,38.05519,-122.22489,156.168,58.886,0.0,-83,2.164,0.000,0.398
2014/09/26 09:20:23,1.66,38.05629,-122.22480,153.215,52.264,0.0,-83,1.925,0.542,0.254
2014/09/26 09:20:28,1.74,38.05731,-122.22490,150.919,51.759,0.0,-83,2.303,0.000,0.250
2014/09/26 09:20:33,1.74,38.05840,-122.22501,150.591,55.282,0.0,-83,2.511,0.583,0.262
2014/09/26 09:20:38,1.65,38.05956,-122.22512,164.370,57.869,0.0,-71,1.836,0.250,0.721
2014/09/26 09:20:43,1.65,38.06071,-122.22521,181.759,56.894,0.0,-71,1.519,0.292,0.217
2014/09/26 09:20:48,1.73,38.06183,-122.22530,173.556,57.530,0.0,-71,0.861,0.250,0.473
2014/09/26 09:20:53,1.65,38.06299,-122.22540,176.837,59.386,0.0,-71,1.633,0.833,1.178
2014/09/26 09:20:58,1.73,38.06415,-122.22549,185.367,57.449,0.0,-71,2.097,1.333,1.053
2014/09/26 09:21:03,2.23,38.06528,-122.22558,181.430,53.599,0.0,-71,1.864,0.833,1.938
2014/09/26 09:21:08,2.22,38.06632,-122.22570,188.648,49.976,0.0,-53,2.064,1.083,0.471
2014/09/26 09:21:13,2.22,38.06733,-122.22594,186.680,50.244,0.0,-53,1.708,1.125,0.282
2014/09/26 09:21:18,2.22,38.06822,-122.22634,184.055,41.322,0.0,-53,0.745,0.542,0.210
2014/09/26 09:21:23,2.22,38.06884,-122.22666,171.588,26.169,0.0,-53,0.780,0.000,0.207
2014/09/26 09:21:28,2.21,38.06924,-122.22686,168.635,20.975,0.0,-53,1.699,1.083,0.410
2014/09/26 09:21:33,2.21,38.06986,-122.22717,163.386,42.824,0.0,-53,1.519,1.083,0.490
2014/09/26 09:21:38,2.21,38.07080,-122.22766,155.184,51.656,0.0,-59,1.917,1.125,0.457
2014/09/26 09:21:43,2.4,38.07173,-122.22837,140.748,53.551,0.0,-59,2.400,1.333,0.763
2014/09/26 09:21:48,2.4,38.07269,-122.22917,125.328,58.865,0.0,-59,0.000,0.875,0.497
2014/09/26 09:21:53,2.2,38.07376,-122.23001,113.189,64.606,0.0,-59,1.847,1.083,0.397
2014/09/26 09:21:58,2.39,38.07492,-122.23088,119.423,68.764,0.0,-59,1.511,1.375,0.549
2014/09/26 09:22:03,1.63,38.07614,-122.23172,126.640,68.810,0.0,-59,2.025,0.000,2.298
2014/09/26 09:22:08,1.63,38.07743,-122.23235,113.845,68.851,0.0,-59,1.630,0.833,1.150
2014/09/26 09:22:13,1.71,38.07874,-122.23282,95.144,69.691,0.0,-63,1.844,1.125,0.429
2014/09/26 09:22:18,1.63,38.08013,-122.23313,82.349,69.478,0.0,-63,1.772,0.292,1.942
2014/09/26 09:22:23,1.69,38.08150,-122.23329,80.381,68.296,0.0,-63,0.814,0.000,0.207
2014/09/26 09:22:28,1.63,38.08288,-122.23326,83.005,67.978,0.0,-63,2.192,0.542,0.617
2014/09/26 09:22:33,1.63,38.08419,-122.23308,78.084,63.458,0.0,-63,2.450,0.833,0.397
2014/09/26 09:22:38,1.63,38.08542,-122.23278,82.677,62.480,0.0,-63,2.797,0.000,0.299
2014/09/26 09:22:43,1.62,38.08660,-122.23236,75.459,59.340,0.0,-79,2.503,0.542,1.106
2014/09/26 09:22:48,1.62,38.08770,-122.23188,71.194,56.819,0.0,-79,1.092,0.250,0.254
2014/09/26 09:22:53,1.62,38.08872,-122.23138,69.226,52.216,0.0,-79,1.444,0.833,0.438
2014/09/26 09:22:58,2.17,38.08956,-122.23100,74.475,39.423,0.0,-79,1.825,0.000,0.441
2014/09/26 09:23:03,1.81,38.09009,-122.23048,68.241,32.479,0.0,-79,0.781,0.000,0.210
2014/09/26 09:23:08,1.81,38.09028,-122.22965,50.853,32.183,0.0,-79,1.444,0.000,0.554
2014/09/26 09:23:13,1.81,38.09075,-122.22912,40.026,30.274,0.0,-79,1.108,0.042,1.149
2014/09/26 09:23:18,1.86,38.09083,-122.22842,36.745,30.637,0.0,-79,0.705,0.500,2.609
2014/09/26 09:23:23,2.53,38.09067,-122.22745,25.919,44.535,0.0,-79,0.983,0.542,0.000
2014/09/26 09:23:28,2.16,38.09038,-122.22642,42.651,44.888,0.0,-79,0.614,0.250,4.570
2014/09/26 09:23:33,2.16,38.09005,-122.22525,58.399,52.734,0.0,-79,0.500,0.000,0.000
2014/09/26 09:23:38,2.16,38.08968,-122.22392,77.756,57.739,0.0,-79,0.344,0.125,7.776
2014/09/26 09:23:43,1.61,38.08928,-122.22249,94.488,60.437,0.0,-91,0.428,0.000,0.000
2014/09/26 09:23:48,1.61,38.08889,-122.22106,110.564,58.190,0.0,-91,0.300,0.208,0.000
2014/09/26 09:23:53,1.61,38.08848,-122.21968,133.858,58.450,0.0,-91,0.286,0.292,0.354
2014/09/26 09:23:58,1.68,38.08795,-122.21836,146.654,56.842,0.0,-91,1.147,0.000,0.259
2014/09/26 09:24:03,2.33,38.08739,-122.21712,170.604,54.357,0.0,-91,0.580,0.375,0.627
2014/09/26 09:24:08,1.68,38.08675,-122.21571,187.664,51.816,0.0,-91,1.198,0.500,1.314
2014/09/26 09:24:13,1.68,38.08635,-122.21450,206.693,51.814,0.0,-91,1.639,0.625,1.230
2014/09/26 09:24:18,1.68,38.08604,-122.21331,217.520,48.186,0.0,-79,1.911,0.875,1.518
2014/09/26 09:24:23,1.67,38.08581,-122.21220,220.801,42.472,0.0,-79,2.175,0.625,0.762
2014/09/26 09:24:28,1.67,38.08562,-122.21127,232.612,30.028,0.0,-79,2.408,0.750,0.529
2014/09/26 09:24:33,1.67,38.08555,-122.21093,240.486,5.072,0.0,-79,2.625,1.083,0.269
2014/09/26 09:24:38,1.67,38.08554,-122.21091,244.094,0.503,0.0,-79,0.875,0.500,0.702
2014/09/26 09:24:43,1.67,38.08554,-122.21092,246.063,0.584,0.0,-79,1.628,1.000,0.731
2014/09/26 09:24:48,1.67,38.08554,-122.21092,243.110,0.362,0.0,-63,2.370,1.208,0.665
2014/09/26 09:24:53,1.67,38.08554,-122.21093,242.782,0.190,0.0,-63,1.789,0.000,1.002
2014/09/26 09:24:58,1.67,38.08555,-122.21093,235.892,0.278,0.0,-63,2.136,0.875,0.370
2014/09/26 09:25:03,1.66,38.08551,-122.21075,233.268,13.768,0.0,-63,1.700,0.875,0.352
2014/09/26 09:25:08,1.66,38.08557,-122.21031,235.564,21.633,0.0,-63,0.634,0.875,0.582
2014/09/26 09:25:13,1.66,38.08603,-122.20996,233.596,29.992,0.0,-63,1.458,0.792,0.470
2014/09/26 09:25:18,1.66,38.08668,-122.20974,219.488,36.600,0.0,-53,2.067,0.958,0.423
2014/09/26 09:25:23,1.66,38.08744,-122.20957,202.756,40.234,0.0,-53,1.720,1.250,0.717
2014/09/26 09:25:28,1.66,38.08812,-122.20909,196.850,35.817,0.0,-53,2.050,0.875,1.351
2014/09/26 09:25:33,1.66,38.08866,-122.20869,192.585,26.155,0.0,-53,2.411,1.250,0.378
2014/09/26 09:25:38,2.28,38.08892,-122.20840,181.102,14.903,0.0,-53,2.675,0.542,0.283
2014/09/26 09:25:43,1.65,38.08874,-122.20794,161.745,26.490,0.0,-53,2.456,0.000,0.277
2014/09/26 09:25:48,1.83,38.08837,-122.20725,162.073,37.038,0.0,-77,1.528,0.375,1.010
2014/09/26 09:25:53,2.46,38.08791,-122.20639,154.856,43.133,0.0,-77,1.970,0.208,0.550
2014/09/26 09:25:58,1.83,38.08738,-122.20545,148.950,47.468,0.0,-77,2.839,0.917,0.561
2014/09/26 09:26:03,2.26,38.08684,-122.20446,136.155,45.397,0.0,-77,2.647,1.083,0.312
2014/09/26 09:26:08,2.26,38.08642,-122.20371,128.609,25.998,0.0,-77,2.650,0.917,0.438
2014/09/26 09:26:13,1.65,38.08624,-122.20340,121.719,8.081,0.0,-77,2.514,0.917,0.463
2014/09/26 09:26:18,1.64,38.08607,-122.20345,128.281,10.128,0.0,-77,1.461,1.125,0.439
2014/09/26 09:26:23,1.64,38.08586,-122.20328,129.921,15.196,0.0,-81,1.497,0.750,0.452
2014/09/26 09:26:28,1.64,38.08570,-122.20310,126.640,6.514,0.0,-81,0.717,0.542,0.461
