Date-Time,DOP,Latitude,Longitude,Altitude (ft),Speed (mph),Heading (deg),mod1 SS (dBm),mod1 Down (Mbs),mod1 Up (Mbs),mod1 Ping (Sec)
2014/08/19 10:18:36,6.43,37.71781,-122.17756,60.696,23.923,0.0,-59,0.967,1.750,0.537
2014/08/19 10:18:41,6.43,37.71818,-122.17796,27.231,21.126,0.0,-59,0.937,1.333,0.576
2014/08/19 10:18:46,10.91,37.71824,-122.17852,22.310,26.388,0.0,-59,0.461,0.333,0.636
2014/08/19 10:18:51,6.43,37.71829,-122.17914,14.108,23.237,0.0,-59,0.256,0.167,0.683
2014/08/19 10:18:56,6.43,37.71830,-122.17956,24.278,9.986,0.0,-59,0.259,0.000,0.450
2014/08/19 10:19:01,6.42,37.71834,-122.17963,25.919,0.365,0.0,-59,0.296,0.625,1.693
2014/08/19 10:19:06,6.42,37.71833,-122.17961,18.373,1.194,0.0,-51,0.807,0.625,1.294
2014/08/19 10:19:11,8.58,37.71829,-122.17963,28.543,4.829,0.0,-51,0.685,1.667,3.153
2014/08/19 10:19:16,6.42,37.71845,-122.17963,29.856,11.457,0.0,-51,0.969,0.958,2.085
2014/08/19 10:19:21,8.59,37.71857,-122.17920,33.136,23.282,0.0,-51,0.607,0.000,0.000
2014/08/19 10:19:26,3.54,37.71874,-122.17858,36.745,28.073,0.0,-51,0.340,0.625,5.177
2014/08/19 10:19:31,3.92,37.71894,-122.17791,52.165,29.315,0.0,-51,0.841,1.000,3.229
2014/08/19 10:19:36,3.54,37.71912,-122.17717,75.787,32.710,0.0,-53,1.115,0.000,2.654
2014/08/19 10:19:41,3.54,37.71930,-122.17636,84.646,32.853,0.0,-53,0.526,1.000,0.000
2014/08/19 10:19:46,3.54,37.71946,-122.17556,79.724,30.166,0.0,-53,0.593,0.000,3.922
2014/08/19 10:19:51,4.17,37.71962,-122.17499,77.100,17.919,0.0,-53,0.425,0.667,5.167
2014/08/19 10:19:56,3.54,37.71948,-122.17477,62.336,13.982,0.0,-53,0.137,0.333,1.138
2014/08/19 10:20:01,3.54,37.71913,-122.17502,42.979,24.241,0.0,-53,0.325,0.000,0.000
2014/08/19 10:20:06,1.97,37.71868,-122.17545,47.572,28.177,0.0,-53,0.120,1.042,4.195
2014/08/19 10:20:11,2.65,37.71872,-122.17605,48.885,27.428,0.0,-81,0.094,0.708,4.869
2014/08/19 10:20:16,1.69,37.71922,-122.17657,43.963,34.255,0.0,-81,0.125,1.083,1.388
2014/08/19 10:20:21,2.09,37.71980,-122.17717,38.058,39.840,0.0,-81,0.390,0.000,4.288
2014/08/19 10:20:26,1.69,37.72049,-122.17788,36.417,48.266,0.0,-81,0.838,0.667,0.000
2014/08/19 10:20:31,2.09,37.72126,-122.17874,34.777,54.038,0.0,-81,0.478,0.000,5.737
2014/08/19 10:20:36,2.09,37.72214,-122.17964,34.121,56.844,0.0,-81,0.547,0.667,0.000
2014/08/19 10:20:41,2.09,37.72305,-122.18057,32.152,58.429,0.0,-73,0.459,0.708,3.702
2014/08/19 10:20:46,2.09,37.72400,-122.18153,31.824,62.288,0.0,-73,0.776,1.042,3.897
2014/08/19 10:20:51,2.09,37.72497,-122.18254,41.995,64.408,0.0,-73,0.585,0.000,0.000
2014/08/19 10:20:56,1.69,37.72601,-122.18348,53.806,63.388,0.0,-73,0.559,0.333,0.566
2014/08/19 10:21:01,2.09,37.72707,-122.18441,54.790,64.063,0.0,-73,0.389,1.583,2.018
2014/08/19 10:21:06,2.94,37.72813,-122.18533,43.963,63.746,0.0,-73,0.217,0.333,2.457
2014/08/19 10:21:11,1.69,37.72920,-122.18625,30.840,65.055,0.0,-83,0.257,0.708,0.000
2014/08/19 10:21:16,1.96,37.73030,-122.18719,25.262,66.729,0.0,-83,0.117,0.000,3.061
2014/08/19 10:21:21,1.69,37.73140,-122.18814,24.934,66.896,0.0,-83,0.058,0.333,6.266
2014/08/19 10:21:26,1.69,37.73250,-122.18911,20.997,66.824,0.0,-83,0.383,0.000,0.952
2014/08/19 10:21:31,2.09,37.73360,-122.19007,17.388,67.514,0.0,-83,0.301,0.708,0.766
2014/08/19 10:21:36,1.69,37.73474,-122.19108,15.748,69.704,0.0,-83,0.233,0.708,1.454
2014/08/19 10:21:41,1.69,37.73586,-122.19206,13.123,65.555,0.0,-69,0.332,0.708,1.360
2014/08/19 10:21:46,1.69,37.73693,-122.19300,10.171,65.199,0.0,-69,0.394,0.708,1.810
2014/08/19 10:21:51,1.42,37.73801,-122.19395,7.546,65.520,0.0,-69,0.000,0.000,1.718
2014/08/19 10:21:56,1.42,37.73911,-122.19492,6.562,67.432,0.0,-69,0.211,0.667,0.623
2014/08/19 10:22:01,1.42,37.74022,-122.19589,7.218,66.559,0.0,-69,0.137,0.708,0.612
2014/08/19 10:22:06,1.68,37.74128,-122.19683,8.202,63.623,0.0,-69,1.441,1.375,0.529
2014/08/19 10:22:11,1.42,37.74231,-122.19775,7.546,62.059,0.0,-69,1.433,1.750,0.629
2014/08/19 10:22:16,1.42,37.74333,-122.19865,7.218,61.904,0.0,-57,1.499,1.708,1.014
2014/08/19 10:22:21,1.34,37.74432,-122.19952,6.890,58.980,0.0,-57,0.555,0.000,2.337
2014/08/19 10:22:26,1.34,37.74530,-122.20038,6.890,60.596,0.0,-57,0.571,1.042,0.000
2014/08/19 10:22:31,1.34,37.74632,-122.20128,6.562,61.889,0.0,-57,0.459,1.667,3.806
2014/08/19 10:22:36,1.34,37.74729,-122.20213,6.234,55.504,0.0,-57,0.307,1.042,4.306
2014/08/19 10:22:41,1.34,37.74822,-122.20295,6.234,58.263,0.0,-57,0.274,0.000,1.203
2014/08/19 10:22:46,1.45,37.74920,-122.20381,5.906,60.178,0.0,-67,0.794,2.167,1.069
2014/08/19 10:22:51,1.34,37.75014,-122.20464,5.249,55.941,0.0,-67,1.526,1.917,2.386
2014/08/19 10:22:56,1.34,37.75110,-122.20548,5.249,59.506,0.0,-67,0.625,1.083,0.418
2014/08/19 10:23:01,1.34,37.75210,-122.20636,4.921,61.076,0.0,-67,0.697,1.417,0.553
2014/08/19 10:23:06,1.34,37.75311,-122.20725,4.265,61.777,0.0,-67,0.789,2.000,1.161
2014/08/19 10:23:11,1.35,37.75413,-122.20814,3.609,60.486,0.0,-67,0.584,1.458,3.217
2014/08/19 10:23:16,1.34,37.75512,-122.20902,4.265,60.428,0.0,-57,0.722,0.000,0.802
2014/08/19 10:23:21,1.34,37.75612,-122.20990,3.609,60.624,0.0,-57,1.234,2.000,0.529
2014/08/19 10:23:26,1.34,37.75714,-122.21078,2.625,62.004,0.0,-57,0.711,1.292,1.629
2014/08/19 10:23:31,1.34,37.75816,-122.21169,3.281,62.180,0.0,-57,0.790,1.000,1.325
2014/08/19 10:23:36,1.34,37.75919,-122.21259,3.609,62.023,0.0,-57,0.924,1.500,1.846
2014/08/19 10:23:41,1.34,37.76023,-122.21349,2.953,62.776,0.0,-57,1.558,1.542,2.289
2014/08/19 10:23:46,1.34,37.76126,-122.21440,1.969,62.913,0.0,-57,0.957,1.583,2.070
2014/08/19 10:23:51,1.34,37.76232,-122.21533,3.281,64.967,0.0,-57,0.854,0.000,0.000
2014/08/19 10:23:56,1.37,37.76339,-122.21627,2.297,64.831,0.0,-57,0.672,1.583,4.286
2014/08/19 10:24:01,1.34,37.76446,-122.21722,1.969,66.343,0.0,-57,0.662,1.708,1.134
2014/08/19 10:24:06,1.34,37.76556,-122.21814,6.562,64.389,0.0,-57,1.230,1.667,2.510
2014/08/19 10:24:11,1.34,37.76668,-122.21896,20.669,65.038,0.0,-57,0.795,1.833,1.050
2014/08/19 10:24:16,1.34,37.76778,-122.21976,33.793,60.882,0.0,-57,0.379,1.083,0.519
2014/08/19 10:24:21,1.34,37.76882,-122.22051,37.402,59.667,0.0,-51,0.820,0.000,0.515
2014/08/19 10:24:26,1.43,37.76985,-122.22126,32.808,58.888,0.0,-51,1.339,2.208,1.443
2014/08/19 10:24:31,1.37,37.77078,-122.22218,25.591,57.747,0.0,-51,0.596,1.083,1.437
2014/08/19 10:24:36,1.34,37.77154,-122.22326,21.654,56.339,0.0,-51,0.968,1.708,0.602
2014/08/19 10:24:41,1.34,37.77211,-122.22446,24.934,54.182,0.0,-51,0.608,1.750,0.485
2014/08/19 10:24:46,1.38,37.77250,-122.22559,33.793,43.996,0.0,-51,0.830,2.250,0.331
2014/08/19 10:24:51,1.59,37.77281,-122.22654,41.339,40.059,0.0,-53,0.818,0.000,0.702
2014/08/19 10:24:56,1.38,37.77308,-122.22734,48.228,30.596,0.0,-53,0.754,2.208,1.346
2014/08/19 10:25:01,1.28,37.77333,-122.22807,50.853,31.431,0.0,-53,0.373,2.667,1.450
2014/08/19 10:25:06,1.46,37.77359,-122.22887,48.885,37.086,0.0,-53,0.496,0.000,2.837
2014/08/19 10:25:11,1.26,37.77390,-122.22978,41.995,40.274,0.0,-53,0.388,1.625,1.916
2014/08/19 10:25:16,1.26,37.77423,-122.23078,30.184,44.549,0.0,-53,1.127,1.625,0.864
2014/08/19 10:25:21,1.28,37.77458,-122.23184,20.341,44.707,0.0,-73,1.744,1.667,1.368
2014/08/19 10:25:26,1.28,37.77495,-122.23291,18.045,47.121,0.0,-73,1.539,0.000,0.000
2014/08/19 10:25:31,1.26,37.77537,-122.23401,16.076,48.469,0.0,-73,0.892,1.625,1.475
2014/08/19 10:25:36,1.3,37.77593,-122.23504,14.436,50.819,0.0,-73,0.770,0.000,0.000
2014/08/19 10:25:41,1.55,37.77661,-122.23597,13.123,48.059,0.0,-73,0.522,1.750,1.434
2014/08/19 10:25:46,1.44,37.77740,-122.23674,10.499,50.099,0.0,-73,0.495,0.000,0.780
2014/08/19 10:25:51,1.35,37.77828,-122.23740,9.514,50.488,0.0,-51,0.955,0.000,0.209
2014/08/19 10:25:56,1.7,37.77926,-122.23787,6.562,52.705,0.0,-51,0.453,0.000,1.890
2014/08/19 10:26:01,1.35,37.78028,-122.23825,8.530,53.128,0.0,-51,0.966,0.042,0.250
2014/08/19 10:26:06,1.38,37.78133,-122.23865,9.186,54.265,0.0,-51,0.871,1.667,0.309
2014/08/19 10:26:11,1.44,37.78234,-122.23916,12.139,53.247,0.0,-51,0.762,1.333,0.482
2014/08/19 10:26:16,1.35,37.78315,-122.23988,17.388,47.184,0.0,-51,1.070,1.750,0.441
2014/08/19 10:26:21,1.35,37.78383,-122.24078,15.748,49.662,0.0,-51,0.880,1.458,1.070
2014/08/19 10:26:26,1.35,37.78444,-122.24180,14.108,51.341,0.0,-77,0.597,1.458,0.775
2014/08/19 10:26:31,1.35,37.78503,-122.24289,12.139,52.499,0.0,-77,0.228,0.833,2.462
2014/08/19 10:26:36,1.35,37.78562,-122.24400,13.451,53.149,0.0,-77,0.206,0.542,1.876
2014/08/19 10:26:41,1.35,37.78622,-122.24506,12.467,50.383,0.0,-77,0.958,1.125,0.302
2014/08/19 10:26:46,1.35,37.78677,-122.24614,9.514,50.760,0.0,-77,0.864,1.500,0.594
2014/08/19 10:26:51,1.35,37.78726,-122.24729,7.874,51.344,0.0,-77,0.822,1.458,0.762
2014/08/19 10:26:56,1.35,37.78772,-122.24846,8.530,52.190,0.0,-83,0.898,0.000,0.878
2014/08/19 10:27:01,1.35,37.78815,-122.24967,8.202,50.962,0.0,-83,1.089,1.500,1.019
2014/08/19 10:27:06,1.35,37.78852,-122.25082,7.546,48.551,0.0,-83,0.784,2.417,3.009
2014/08/19 10:27:11,1.35,37.78886,-122.25200,6.890,50.626,0.0,-83,0.488,1.458,2.090
2014/08/19 10:27:16,1.35,37.78919,-122.25327,5.577,53.672,0.0,-83,0.721,2.000,0.679
2014/08/19 10:27:21,1.39,37.78946,-122.25459,7.218,55.196,0.0,-83,0.985,2.000,1.074
2014/08/19 10:27:26,1.54,37.78969,-122.25595,11.483,54.285,0.0,-71,0.997,2.000,2.017
2014/08/19 10:27:31,1.35,37.78993,-122.25732,28.871,56.033,0.0,-71,0.769,0.000,2.618
2014/08/19 10:27:36,1.35,37.79020,-122.25866,44.619,53.445,0.0,-71,0.288,1.542,3.066
2014/08/19 10:27:41,1.35,37.79063,-122.25983,53.806,49.435,0.0,-71,0.086,1.042,0.000
2014/08/19 10:27:46,1.35,37.79120,-122.26086,51.509,48.768,0.0,-71,0.260,0.000,1.007
2014/08/19 10:27:51,1.35,37.79189,-122.26175,42.979,49.651,0.0,-71,0.000,1.083,0.811
2014/08/19 10:27:56,1.35,37.79263,-122.26261,29.528,48.739,0.0,-75,0.356,1.583,0.433
2014/08/19 10:28:01,1.35,37.79335,-122.26343,19.029,47.326,0.0,-75,0.964,2.083,0.697
2014/08/19 10:28:06,1.35,37.79405,-122.26416,19.357,42.515,0.0,-75,0.000,1.042,2.175
2014/08/19 10:28:11,1.48,37.79462,-122.26485,16.404,36.139,0.0,-75,1.249,0.000,2.311
2014/08/19 10:28:16,1.35,37.79502,-122.26545,13.780,27.625,0.0,-75,1.244,1.000,1.646
2014/08/19 10:28:21,1.5,37.79533,-122.26599,14.108,25.179,0.0,-75,1.072,1.292,2.695
2014/08/19 10:28:26,1.35,37.79556,-122.26650,14.436,22.363,0.0,-75,0.898,1.542,1.822
2014/08/19 10:28:31,1.48,37.79576,-122.26697,22.638,20.107,0.0,-51,0.863,2.250,2.809
2014/08/19 10:28:36,1.39,37.79590,-122.26730,29.199,9.438,0.0,-51,0.930,1.208,3.661
2014/08/19 10:28:41,1.43,37.79594,-122.26745,32.480,5.548,0.0,-51,0.479,0.000,0.965
2014/08/19 10:28:46,1.35,37.79588,-122.26750,28.543,3.132,0.0,-51,0.229,1.250,0.429
2014/08/19 10:28:51,1.35,37.79587,-122.26747,28.871,0.025,0.0,-51,1.337,1.875,0.502
2014/08/19 10:28:56,2.05,37.79587,-122.26747,24.606,0.039,0.0,-51,1.183,1.875,0.449
2014/08/19 10:29:01,1.58,37.79587,-122.26748,17.717,0.105,0.0,-63,1.269,1.875,1.553
2014/08/19 10:29:06,1.58,37.79586,-122.26748,13.451,0.036,0.0,-63,1.042,1.875,0.000
2014/08/19 10:29:11,1.37,37.79585,-122.26746,11.483,1.938,0.0,-63,0.902,1.875,2.283
2014/08/19 10:29:16,1.35,37.79582,-122.26738,19.685,5.378,0.0,-63,0.701,0.000,2.077
2014/08/19 10:29:21,1.35,37.79576,-122.26719,31.496,9.329,0.0,-63,0.615,1.833,2.523
2014/08/19 10:29:26,1.38,37.79567,-122.26695,37.402,10.666,0.0,-63,0.909,1.875,2.190
2014/08/19 10:29:31,1.46,37.79560,-122.26677,52.822,5.429,0.0,-69,0.578,1.917,2.837
2014/08/19 10:29:36,1.4,37.79558,-122.26673,71.194,0.954,0.0,-69,0.822,1.875,2.577
2014/08/19 10:29:41,1.57,37.79559,-122.26674,75.131,1.874,0.0,-69,1.505,1.250,2.874
2014/08/19 10:29:46,1.57,37.79559,-122.26676,72.178,0.541,0.0,-69,0.981,0.000,1.438
2014/08/19 10:29:51,1.57,37.79559,-122.26677,84.318,3.331,0.0,-69,0.888,1.917,2.074
2014/08/19 10:29:56,1.56,37.79567,-122.26679,104.659,0.468,0.0,-69,0.579,1.250,2.599
