Date-Time,DOP,Latitude,Longitude,Altitude (ft),Speed (mph),Heading (deg),mod1 SS (dBm),mod1 Down (Mbs),mod1 Up (Mbs),mod1 Ping (Sec)
2014/08/19 14:51:36,3.36,37.79486,-122.26739,15.748,0.233,0.0,-77,1.016,2.000,0.297
2014/08/19 14:51:41,3.37,37.79485,-122.26739,17.060,2.373,0.0,-77,0.864,2.917,0.244
2014/08/19 14:51:46,3.45,37.79479,-122.26732,20.669,7.666,0.0,-77,1.098,2.167,0.601
2014/08/19 14:51:51,3.37,37.79469,-122.26718,33.465,8.968,0.0,-75,0.983,2.542,0.578
2014/08/19 14:51:56,3.38,37.79469,-122.26699,48.885,5.209,0.0,-75,1.069,1.417,1.220
2014/08/19 14:52:01,3.38,37.79471,-122.26689,47.900,0.533,0.0,-75,0.525,1.708,0.709
2014/08/19 14:52:06,3.38,37.79477,-122.26674,46.916,9.152,0.0,-75,0.719,2.500,0.677
2014/08/19 14:52:11,3.38,37.79470,-122.26638,46.916,19.512,0.0,-75,0.876,2.458,0.456
2014/08/19 14:52:16,3.39,37.79447,-122.26581,40.354,28.895,0.0,-75,0.702,1.875,0.455
2014/08/19 14:52:21,3.39,37.79410,-122.26512,38.386,36.747,0.0,-71,0.000,1.583,0.230
2014/08/19 14:52:26,3.39,37.79359,-122.26432,48.556,42.551,0.0,-71,0.691,2.167,0.249
2014/08/19 14:52:31,3.4,37.79295,-122.26348,61.024,48.722,0.0,-71,0.691,2.958,0.669
2014/08/19 14:52:36,2.19,37.79222,-122.26258,73.163,51.939,0.0,-71,0.996,3.667,0.528
2014/08/19 14:52:41,2.19,37.79147,-122.26168,82.021,50.353,0.0,-71,1.029,3.292,0.501
2014/08/19 14:52:46,2.19,37.79080,-122.26075,83.005,49.079,0.0,-71,1.722,0.000,0.849
2014/08/19 14:52:51,2.19,37.79029,-122.25966,79.068,51.400,0.0,-75,0.000,1.500,3.770
2014/08/19 14:52:56,2.19,37.78991,-122.25844,70.538,52.293,0.0,-75,0.000,0.000,4.288
2014/08/19 14:53:01,2.19,37.78967,-122.25712,50.853,55.738,0.0,-75,0.000,0.000,0.000
2014/08/19 14:53:06,2.19,37.78942,-122.25568,35.105,59.948,0.0,-75,0.000,0.000,0.000
2014/08/19 14:53:11,2.19,37.78916,-122.25417,26.575,61.985,0.0,-75,0.000,0.000,0.000
2014/08/19 14:53:16,2.19,37.78886,-122.25261,24.278,62.922,0.0,-75,0.000,0.000,0.200
2014/08/19 14:53:21,1.87,37.78846,-122.25107,26.903,67.016,0.0,-61,0.047,0.083,0.206
2014/08/19 14:53:26,1.87,37.78796,-122.24952,30.184,66.194,0.0,-61,1.689,2.500,0.309
2014/08/19 14:53:31,1.87,37.78742,-122.24802,30.184,64.942,0.0,-61,0.986,0.792,0.208
2014/08/19 14:53:36,1.87,37.78681,-122.24654,38.714,66.942,0.0,-61,2.458,1.167,0.206
2014/08/19 14:53:41,1.87,37.78608,-122.24508,42.651,68.896,0.0,-61,2.406,0.625,0.249
2014/08/19 14:53:46,2.2,37.78533,-122.24367,43.307,64.335,0.0,-61,1.919,0.000,0.790
2014/08/19 14:53:51,1.87,37.78460,-122.24229,40.682,65.076,0.0,-61,0.992,0.792,0.687
2014/08/19 14:53:56,3.16,37.78383,-122.24096,42.979,64.666,0.0,-83,0.641,0.500,0.634
2014/08/19 14:54:01,1.56,37.78295,-122.23982,43.963,61.015,0.0,-83,0.750,0.375,0.719
2014/08/19 14:54:06,1.56,37.78191,-122.23905,41.010,59.087,0.0,-83,1.355,1.000,0.258
2014/08/19 14:54:11,1.56,37.78079,-122.23860,41.010,59.311,0.0,-83,2.106,2.292,0.249
2014/08/19 14:54:16,1.71,37.77962,-122.23817,43.307,61.787,0.0,-83,2.497,2.500,0.237
2014/08/19 14:54:21,1.54,37.77847,-122.23767,40.682,59.674,0.0,-83,3.003,1.375,0.354
2014/08/19 14:54:26,1.52,37.77740,-122.23694,39.042,61.489,0.0,-51,1.983,0.667,0.585
2014/08/19 14:54:31,1.72,37.77645,-122.23596,23.622,58.208,0.0,-51,2.667,0.708,0.299
2014/08/19 14:54:36,1.87,37.77568,-122.23479,29.856,60.802,0.0,-51,3.194,0.000,0.238
2014/08/19 14:54:41,1.72,37.77507,-122.23351,30.184,56.634,0.0,-51,1.650,0.792,0.370
2014/08/19 14:54:46,1.54,37.77462,-122.23223,32.480,54.311,0.0,-51,2.003,1.083,0.275
2014/08/19 14:54:51,1.54,37.77421,-122.23101,42.651,49.707,0.0,-51,2.386,2.083,0.308
2014/08/19 14:54:56,1.54,37.77385,-122.22994,59.055,39.782,0.0,-73,1.942,1.750,0.466
2014/08/19 14:55:01,1.52,37.77356,-122.22906,68.241,37.841,0.0,-73,2.103,0.833,0.196
2014/08/19 14:55:06,1.57,37.77325,-122.22813,71.194,42.655,0.0,-73,0.000,0.000,0.292
2014/08/19 14:55:11,1.58,37.77290,-122.22705,67.913,48.755,0.0,-73,1.092,0.500,0.310
2014/08/19 14:55:16,1.54,37.77251,-122.22583,58.071,54.498,0.0,-73,0.783,0.625,0.338
2014/08/19 14:55:21,1.79,37.77209,-122.22463,49.541,43.912,0.0,-73,1.351,1.000,0.377
2014/08/19 14:55:26,1.52,37.77178,-122.22397,47.572,18.287,0.0,-57,1.094,0.958,0.230
2014/08/19 14:55:31,1.52,37.77169,-122.22380,47.900,2.990,0.0,-57,1.299,1.583,0.765
2014/08/19 14:55:36,1.52,37.77161,-122.22365,47.900,12.755,0.0,-57,1.691,1.542,0.818
2014/08/19 14:55:41,1.54,37.77138,-122.22327,49.869,24.089,0.0,-57,1.975,2.333,0.700
2014/08/19 14:55:46,2.07,37.77098,-122.22272,49.869,32.278,0.0,-57,1.753,0.000,0.760
2014/08/19 14:55:51,1.73,37.77045,-122.22213,51.837,37.549,0.0,-57,1.242,1.042,0.349
2014/08/19 14:55:56,1.52,37.76978,-122.22155,56.759,42.062,0.0,-57,2.784,1.625,0.203
2014/08/19 14:56:01,1.52,37.76911,-122.22105,61.680,29.987,0.0,-51,3.333,0.958,0.230
2014/08/19 14:56:06,1.52,37.76876,-122.22078,62.664,15.691,0.0,-51,2.178,0.000,0.709
2014/08/19 14:56:11,1.52,37.76853,-122.22061,62.336,14.273,0.0,-51,1.530,0.292,0.290
2014/08/19 14:56:16,1.58,37.76827,-122.22042,60.696,15.738,0.0,-51,2.703,0.667,0.250
2014/08/19 14:56:21,1.52,37.76801,-122.22022,59.055,13.064,0.0,-51,1.252,0.292,0.222
2014/08/19 14:56:26,1.58,37.76790,-122.22014,57.415,3.661,0.0,-51,0.331,4.167,0.842
2014/08/19 14:56:31,1.73,37.76785,-122.22010,54.462,4.152,0.0,-59,1.181,0.000,1.021
2014/08/19 14:56:36,1.58,37.76770,-122.21999,52.493,12.247,0.0,-59,1.653,3.500,0.349
2014/08/19 14:56:41,1.53,37.76743,-122.21978,49.213,19.927,0.0,-59,1.655,4.042,0.333
2014/08/19 14:56:46,1.53,37.76699,-122.21946,44.291,28.139,0.0,-59,2.158,3.042,0.252
2014/08/19 14:56:51,1.53,37.76647,-122.21906,37.402,33.166,0.0,-59,2.614,1.167,0.206
2014/08/19 14:56:57,1.58,37.76584,-122.21856,30.512,39.715,0.0,-59,2.911,0.542,0.263
2014/08/19 14:57:02,1.53,37.76518,-122.21798,24.278,39.898,0.0,-53,2.750,0.000,0.270
2014/08/19 14:57:07,1.53,37.76449,-122.21737,20.341,42.292,0.0,-53,2.183,0.583,0.237
2014/08/19 14:57:12,1.53,37.76377,-122.21675,18.045,43.491,0.0,-53,1.561,1.167,0.262
2014/08/19 14:57:17,1.53,37.76304,-122.21611,16.404,44.973,0.0,-53,2.605,0.000,0.222
2014/08/19 14:57:22,1.53,37.76229,-122.21545,14.436,45.304,0.0,-53,3.267,1.167,0.214
2014/08/19 14:57:27,1.53,37.76154,-122.21478,12.795,45.124,0.0,-53,2.369,0.583,1.301
2014/08/19 14:57:32,1.53,37.76090,-122.21423,11.155,32.155,0.0,-51,0.905,0.000,0.238
2014/08/19 14:57:37,1.56,37.76048,-122.21385,9.843,22.033,0.0,-51,2.079,1.167,0.209
2014/08/19 14:57:42,1.56,37.76016,-122.21357,8.858,15.254,0.0,-51,3.042,2.375,0.196
2014/08/19 14:57:47,1.56,37.75993,-122.21337,8.202,13.589,0.0,-51,2.447,1.167,0.189
2014/08/19 14:57:52,1.56,37.75970,-122.21317,7.874,13.428,0.0,-51,2.292,1.750,0.249
2014/08/19 14:57:57,1.56,37.75950,-122.21300,6.890,11.319,0.0,-51,2.917,0.000,0.327
2014/08/19 14:58:02,1.56,37.75932,-122.21284,6.234,10.850,0.0,-51,3.244,2.292,0.219
2014/08/19 14:58:07,1.56,37.75923,-122.21275,5.906,1.556,0.0,-57,3.419,0.625,0.187
2014/08/19 14:58:12,1.56,37.75916,-122.21270,5.577,6.696,0.0,-57,3.253,0.583,0.215
2014/08/19 14:58:17,1.56,37.75897,-122.21253,5.249,16.574,0.0,-57,3.311,0.000,0.189
2014/08/19 14:58:22,1.56,37.75868,-122.21227,5.249,17.634,0.0,-57,2.781,1.167,0.400
2014/08/19 14:58:27,1.56,37.75836,-122.21199,4.593,21.747,0.0,-57,1.653,0.583,0.878
2014/08/19 14:58:32,1.56,37.75799,-122.21167,4.593,23.247,0.0,-57,1.414,0.542,0.497
2014/08/19 14:58:37,1.56,37.75763,-122.21136,4.593,19.530,0.0,-73,2.020,0.000,0.359
2014/08/19 14:58:42,1.56,37.75731,-122.21108,4.921,21.261,0.0,-73,1.625,1.167,0.215
2014/08/19 14:58:47,1.53,37.75691,-122.21072,5.577,26.070,0.0,-73,1.781,0.000,0.258
2014/08/19 14:58:52,1.51,37.75648,-122.21034,5.906,26.404,0.0,-73,2.497,1.167,0.210
2014/08/19 14:58:57,1.51,37.75603,-122.20995,7.218,27.450,0.0,-73,2.461,0.000,0.205
2014/08/19 14:59:02,1.51,37.75557,-122.20956,9.186,27.815,0.0,-73,1.800,1.792,0.510
2014/08/19 14:59:07,1.51,37.75511,-122.20916,9.514,27.520,0.0,-79,1.417,0.583,1.653
2014/08/19 14:59:12,1.51,37.75461,-122.20873,9.186,30.210,0.0,-79,1.319,0.000,0.239
2014/08/19 14:59:17,1.57,37.75402,-122.20821,9.514,31.675,0.0,-79,2.050,2.292,0.237
2014/08/19 14:59:22,1.98,37.75346,-122.20771,9.843,36.764,0.0,-79,2.128,1.750,0.221
2014/08/19 14:59:27,1.51,37.75282,-122.20716,10.171,39.254,0.0,-79,2.400,2.333,0.230
2014/08/19 14:59:32,1.51,37.75216,-122.20658,9.843,40.161,0.0,-79,2.886,0.000,0.208
2014/08/19 14:59:37,1.51,37.75152,-122.20602,10.499,35.998,0.0,-57,3.061,2.333,0.191
2014/08/19 14:59:42,1.57,37.75098,-122.20555,10.827,30.409,0.0,-57,2.561,1.167,0.270
2014/08/19 14:59:47,1.57,37.75048,-122.20511,11.155,30.674,0.0,-57,2.181,0.000,0.251
2014/08/19 14:59:52,1.57,37.74999,-122.20468,11.811,29.224,0.0,-57,2.466,0.625,0.433
2014/08/19 14:59:57,1.51,37.74950,-122.20425,11.811,29.740,0.0,-57,2.145,0.000,0.296
2014/08/19 15:00:02,1.57,37.74899,-122.20381,11.811,32.766,0.0,-57,1.164,0.542,1.692
2014/08/19 15:00:07,1.51,37.74843,-122.20332,12.139,35.470,0.0,-57,1.556,0.583,0.221
2014/08/19 15:00:12,1.76,37.74781,-122.20278,12.139,39.637,0.0,-63,2.325,0.000,0.188
2014/08/19 15:00:17,1.57,37.74714,-122.20219,10.499,40.687,0.0,-63,2.333,1.167,0.245
2014/08/19 15:00:22,1.57,37.74645,-122.20158,10.499,42.564,0.0,-63,2.464,0.000,0.354
2014/08/19 15:00:27,1.51,37.74574,-122.20096,11.155,42.828,0.0,-63,2.553,0.000,0.209
2014/08/19 15:00:32,1.57,37.74505,-122.20035,11.155,41.400,0.0,-63,1.933,0.000,0.263
2014/08/19 15:00:37,1.82,37.74433,-122.19972,12.467,45.135,0.0,-63,1.297,0.042,0.226
2014/08/19 15:00:42,1.51,37.74354,-122.19903,13.780,49.918,0.0,-79,1.969,0.458,0.186
2014/08/19 15:00:47,1.57,37.74269,-122.19828,15.092,51.930,0.0,-79,1.781,0.750,0.270
2014/08/19 15:00:52,1.57,37.74183,-122.19752,16.076,52.744,0.0,-79,0.867,1.042,1.842
2014/08/19 15:00:57,1.77,37.74096,-122.19676,15.092,53.099,0.0,-79,1.597,0.875,0.769
2014/08/19 15:01:02,1.57,37.74010,-122.19600,14.436,53.170,0.0,-79,1.239,1.583,2.254
2014/08/19 15:01:07,1.57,37.73930,-122.19528,19.685,41.597,0.0,-79,1.306,0.833,2.615
2014/08/19 15:01:12,1.51,37.73883,-122.19486,21.325,21.831,0.0,-57,1.756,1.500,1.828
2014/08/19 15:01:17,1.51,37.73852,-122.19460,20.669,12.265,0.0,-57,1.683,0.917,1.748
2014/08/19 15:01:22,1.51,37.73842,-122.19451,20.013,4.446,0.0,-57,1.470,1.208,1.869
2014/08/19 15:01:27,1.51,37.73833,-122.19444,19.029,5.842,0.0,-57,1.872,0.000,1.482
2014/08/19 15:01:32,1.56,37.73811,-122.19425,20.013,17.694,0.0,-57,1.542,1.250,0.421
2014/08/19 15:01:37,1.5,37.73776,-122.19394,20.669,23.063,0.0,-57,1.268,0.917,0.438
2014/08/19 15:01:42,1.5,37.73736,-122.19359,21.654,24.981,0.0,-67,1.271,1.500,0.262
2014/08/19 15:01:47,1.5,37.73696,-122.19324,22.310,19.301,0.0,-67,1.256,1.208,0.737
2014/08/19 15:01:52,1.5,37.73673,-122.19303,23.294,11.490,0.0,-67,1.078,0.750,0.301
2014/08/19 15:01:57,1.5,37.73651,-122.19284,23.294,13.506,0.0,-67,2.406,0.000,0.213
2014/08/19 15:02:02,1.5,37.73627,-122.19262,23.294,16.514,0.0,-67,2.425,0.583,0.378
2014/08/19 15:02:07,1.5,37.73595,-122.19234,23.294,22.127,0.0,-67,1.789,0.625,0.528
2014/08/19 15:02:12,1.5,37.73556,-122.19200,23.294,23.164,0.0,-67,1.744,1.208,0.849
2014/08/19 15:02:17,1.5,37.73517,-122.19166,24.278,24.764,0.0,-69,2.022,1.208,0.490
2014/08/19 15:02:22,1.5,37.73475,-122.19129,25.262,27.144,0.0,-69,2.155,1.250,0.262
2014/08/19 15:02:27,1.5,37.73426,-122.19085,25.262,32.062,0.0,-69,2.081,1.250,0.322
2014/08/19 15:02:32,1.5,37.73370,-122.19035,26.575,35.885,0.0,-69,1.056,0.000,0.530
2014/08/19 15:02:37,1.5,37.73308,-122.18981,28.871,38.356,0.0,-69,1.008,1.167,1.595
2014/08/19 15:02:42,1.5,37.73246,-122.18926,29.528,37.639,0.0,-69,1.383,1.000,0.494
2014/08/19 15:02:47,2.05,37.73182,-122.18869,30.184,39.191,0.0,-79,1.242,0.625,2.342
2014/08/19 15:02:52,1.5,37.73117,-122.18812,30.840,41.017,0.0,-79,1.794,1.792,0.945
2014/08/19 15:02:57,1.5,37.73047,-122.18750,31.824,42.784,0.0,-79,1.475,1.417,0.785
2014/08/19 15:03:02,1.56,37.72976,-122.18687,34.777,42.997,0.0,-79,1.339,0.000,0.958
2014/08/19 15:03:07,1.5,37.72905,-122.18627,40.026,41.460,0.0,-79,0.614,0.708,0.663
2014/08/19 15:03:12,1.5,37.72837,-122.18568,46.916,41.344,0.0,-79,0.795,0.000,0.942
2014/08/19 15:03:17,1.5,37.72767,-122.18507,55.118,42.169,0.0,-89,0.778,1.375,0.000
2014/08/19 15:03:22,1.67,37.72698,-122.18446,60.696,42.370,0.0,-89,0.459,0.333,0.789
2014/08/19 15:03:27,1.5,37.72625,-122.18382,62.336,46.440,0.0,-89,1.172,1.375,0.361
2014/08/19 15:03:32,1.5,37.72546,-122.18313,56.102,48.032,0.0,-89,1.725,1.375,0.514
2014/08/19 15:03:37,1.52,37.72468,-122.18239,44.619,49.935,0.0,-89,1.928,1.375,0.914
2014/08/19 15:03:42,1.69,37.72388,-122.18159,34.777,51.867,0.0,-89,1.766,0.000,0.879
2014/08/19 15:03:47,2.2,37.72305,-122.18075,30.840,53.250,0.0,-77,1.556,1.000,0.493
2014/08/19 15:03:52,1.52,37.72222,-122.17990,30.840,53.844,0.0,-77,1.466,1.042,0.477
2014/08/19 15:03:57,1.85,37.72137,-122.17906,32.152,54.113,0.0,-77,1.422,1.083,0.257
2014/08/19 15:04:02,1.5,37.72050,-122.17818,32.480,54.458,0.0,-77,1.267,0.667,0.390
2014/08/19 15:04:07,1.5,37.71966,-122.17736,32.808,51.118,0.0,-77,1.161,0.708,0.699
2014/08/19 15:04:12,1.54,37.71887,-122.17655,33.793,51.167,0.0,-77,1.250,0.000,0.518
2014/08/19 15:04:17,1.51,37.71806,-122.17571,29.199,52.860,0.0,-81,0.581,0.000,0.000
2014/08/19 15:04:22,1.51,37.71722,-122.17487,29.528,53.976,0.0,-81,1.742,0.750,0.242
2014/08/19 15:04:27,1.69,37.71636,-122.17401,27.887,55.260,0.0,-81,2.617,1.000,0.274
2014/08/19 15:04:32,1.86,37.71548,-122.17312,27.231,56.461,0.0,-81,2.442,1.042,0.217
2014/08/19 15:04:37,1.69,37.71459,-122.17220,26.575,58.880,0.0,-81,1.583,0.000,0.219
2014/08/19 15:04:42,1.5,37.71371,-122.17122,24.278,57.980,0.0,-81,1.847,1.333,0.299
2014/08/19 15:04:47,1.49,37.71292,-122.17020,24.934,54.636,0.0,-81,1.964,1.708,0.274
2014/08/19 15:04:52,1.51,37.71221,-122.16917,26.575,53.716,0.0,-85,1.867,0.000,0.257
2014/08/19 15:04:57,1.51,37.71150,-122.16814,27.887,53.759,0.0,-85,2.228,0.708,0.202
2014/08/19 15:05:02,1.49,37.71078,-122.16712,29.856,55.074,0.0,-85,2.150,0.667,0.211
2014/08/19 15:05:07,1.51,37.71005,-122.16603,32.808,57.406,0.0,-85,1.561,0.333,0.298
2014/08/19 15:05:12,1.51,37.70930,-122.16489,35.433,59.221,0.0,-85,0.747,0.000,0.902
2014/08/19 15:05:17,1.51,37.70852,-122.16375,36.745,60.599,0.0,-85,0.506,0.000,1.087
2014/08/19 15:05:22,1.51,37.70770,-122.16259,35.433,61.202,0.0,-83,0.967,0.000,0.925
2014/08/19 15:05:27,1.51,37.70689,-122.16143,35.761,61.014,0.0,-83,2.061,0.000,0.198
2014/08/19 15:05:32,1.51,37.70608,-122.16026,38.714,61.418,0.0,-83,2.511,0.042,0.336
2014/08/19 15:05:37,1.54,37.70526,-122.15906,37.073,64.149,0.0,-83,0.000,0.667,0.000
2014/08/19 15:05:42,1.51,37.70439,-122.15787,37.730,63.469,0.0,-83,1.564,0.833,0.282
2014/08/19 15:05:47,1.51,37.70352,-122.15670,39.042,63.746,0.0,-83,1.030,1.167,0.329
2014/08/19 15:05:52,1.51,37.70268,-122.15548,41.010,63.594,0.0,-51,1.903,1.125,0.229
2014/08/19 15:05:57,1.51,37.70186,-122.15430,40.354,60.372,0.0,-51,1.500,0.000,0.000
2014/08/19 15:06:02,1.51,37.70108,-122.15316,40.354,59.672,0.0,-51,2.656,0.750,0.000
2014/08/19 15:06:07,1.51,37.70028,-122.15201,41.010,60.526,0.0,-51,2.911,0.583,0.210
2014/08/19 15:06:12,1.51,37.69947,-122.15084,41.010,63.236,0.0,-51,2.508,0.625,0.269
2014/08/19 15:06:17,1.51,37.69861,-122.14966,41.995,61.702,0.0,-51,2.825,0.625,0.274
2014/08/19 15:06:22,1.51,37.69781,-122.14849,42.323,62.087,0.0,-77,2.905,1.292,0.386
2014/08/19 15:06:27,1.51,37.69701,-122.14734,39.370,59.437,0.0,-77,2.261,0.958,0.525
2014/08/19 15:06:32,1.51,37.69623,-122.14622,37.730,58.099,0.0,-77,1.103,0.000,1.779
2014/08/19 15:06:37,1.51,37.69548,-122.14512,36.089,56.222,0.0,-77,0.569,0.375,0.501
2014/08/19 15:06:42,1.51,37.69476,-122.14410,34.777,52.613,0.0,-77,1.800,1.750,0.402
2014/08/19 15:06:47,1.56,37.69404,-122.14315,34.121,51.050,0.0,-77,1.169,1.292,0.894
2014/08/19 15:06:52,1.51,37.69332,-122.14222,33.465,51.068,0.0,-77,0.594,0.417,0.926
2014/08/19 15:06:57,1.51,37.69265,-122.14125,33.793,50.103,0.0,-99,1.686,0.375,0.310
2014/08/19 15:07:02,1.5,37.69201,-122.14037,34.449,46.994,0.0,-99,2.278,0.667,0.290
2014/08/19 15:07:07,1.5,37.69133,-122.13950,35.105,47.962,0.0,-99,2.475,0.000,0.241
2014/08/19 15:07:12,1.53,37.69071,-122.13868,32.152,41.598,0.0,-99,2.825,0.833,0.317
2014/08/19 15:07:17,1.5,37.69027,-122.13783,30.512,42.118,0.0,-99,2.466,0.500,0.227
2014/08/19 15:07:22,1.59,37.69004,-122.13678,30.512,43.388,0.0,-99,2.597,0.625,0.301
2014/08/19 15:07:27,1.5,37.69014,-122.13557,42.979,50.762,0.0,-85,2.117,0.000,0.405
2014/08/19 15:07:32,1.5,37.69034,-122.13427,66.929,54.830,0.0,-85,1.294,0.000,1.526
2014/08/19 15:07:37,1.5,37.69054,-122.13290,60.039,54.475,0.0,-85,0.566,0.375,0.219
2014/08/19 15:07:42,1.5,37.69073,-122.13153,63.648,55.499,0.0,-85,0.557,0.333,3.119
2014/08/19 15:07:47,1.5,37.69084,-122.13015,72.507,53.787,0.0,-85,0.283,0.958,0.950
2014/08/19 15:07:52,1.5,37.69080,-122.12883,78.740,52.978,0.0,-85,0.872,0.000,0.703
2014/08/19 15:07:57,1.5,37.69070,-122.12746,81.037,54.837,0.0,-77,0.997,1.208,0.547
2014/08/19 15:08:02,1.5,37.69055,-122.12605,75.787,56.295,0.0,-77,0.903,1.167,1.761
2014/08/19 15:08:07,1.5,37.69037,-122.12464,72.835,57.649,0.0,-77,0.056,0.292,2.015
2014/08/19 15:08:12,1.5,37.69014,-122.12318,66.929,59.181,0.0,-77,1.331,0.958,0.503
2014/08/19 15:08:17,1.53,37.68990,-122.12172,67.913,58.777,0.0,-77,1.833,1.167,0.441
2014/08/19 15:08:23,1.5,37.68968,-122.12029,74.803,56.026,0.0,-77,1.711,0.292,0.243
2014/08/19 15:08:28,1.5,37.68947,-122.11896,80.052,53.016,0.0,-53,1.253,0.000,0.446
2014/08/19 15:08:33,1.5,37.68925,-122.11764,88.255,52.087,0.0,-53,1.575,0.708,0.294
2014/08/19 15:08:38,1.5,37.68902,-122.11638,95.144,50.379,0.0,-53,0.836,0.292,1.251
2014/08/19 15:08:43,1.5,37.68878,-122.11510,97.769,53.146,0.0,-53,0.550,0.000,1.310
2014/08/19 15:08:48,1.5,37.68858,-122.11378,97.113,53.669,0.0,-53,0.286,0.167,3.462
2014/08/19 15:08:53,1.5,37.68848,-122.11240,91.207,55.250,0.0,-53,0.305,0.000,3.509
2014/08/19 15:08:58,1.53,37.68850,-122.11097,81.365,57.714,0.0,-53,0.261,0.167,1.215
2014/08/19 15:09:03,1.5,37.68866,-122.10922,77.756,58.888,0.0,-87,0.522,0.292,1.152
2014/08/19 15:09:08,1.5,37.68883,-122.10768,84.318,61.851,0.0,-87,0.547,0.000,1.779
2014/08/19 15:09:13,1.69,37.68900,-122.10614,93.504,61.294,0.0,-87,0.192,0.000,3.199
2014/08/19 15:09:18,1.5,37.68915,-122.10459,105.971,62.282,0.0,-87,0.244,0.125,1.973
2014/08/19 15:09:23,1.55,37.68931,-122.10306,117.126,59.165,0.0,-87,0.695,0.000,0.927
2014/08/19 15:09:28,1.55,37.68947,-122.10158,130.577,58.615,0.0,-87,1.358,0.292,0.332
2014/08/19 15:09:33,1.55,37.68962,-122.10012,145.013,59.117,0.0,-71,1.186,0.000,0.802
2014/08/19 15:09:38,1.55,37.68979,-122.09861,160.105,60.749,0.0,-71,1.192,0.292,0.810
2014/08/19 15:09:43,1.63,37.68996,-122.09710,175.197,60.196,0.0,-71,1.181,0.292,0.202
2014/08/19 15:09:48,1.49,37.69014,-122.09560,193.570,63.075,0.0,-71,2.067,0.750,0.210
2014/08/19 15:09:53,1.49,37.69029,-122.09400,207.677,64.052,0.0,-71,2.336,1.667,0.529
2014/08/19 15:09:58,1.49,37.69039,-122.09240,219.488,64.171,0.0,-71,1.333,0.667,0.207
2014/08/19 15:10:03,1.49,37.69045,-122.09078,222.113,62.823,0.0,-53,1.281,1.417,0.278
2014/08/19 15:10:08,1.49,37.69048,-122.08923,220.144,61.128,0.0,-53,1.858,0.000,0.485
2014/08/19 15:10:13,1.49,37.69050,-122.08770,213.583,59.041,0.0,-53,0.627,1.458,0.541
2014/08/19 15:10:18,2.96,37.69052,-122.08617,196.522,61.722,0.0,-53,0.246,0.833,2.909
2014/08/19 15:10:23,1.49,37.69053,-122.08456,177.165,64.495,0.0,-53,0.849,0.708,0.758
2014/08/19 15:10:28,1.49,37.69055,-122.08290,164.042,65.913,0.0,-53,0.856,0.667,0.967
2014/08/19 15:10:33,1.49,37.69056,-122.08122,156.824,66.460,0.0,-79,0.857,0.000,1.994
2014/08/19 15:10:38,1.49,37.69057,-122.07956,160.761,64.684,0.0,-79,0.375,0.708,0.000
2014/08/19 15:10:43,1.49,37.69058,-122.07792,169.948,65.844,0.0,-79,0.972,0.167,8.103
2014/08/19 15:10:48,1.97,37.69060,-122.07627,183.399,64.606,0.0,-79,0.766,1.000,1.859
2014/08/19 15:10:53,1.49,37.69060,-122.07465,195.866,63.033,0.0,-79,0.654,0.000,1.178
2014/08/19 15:10:58,1.64,37.69062,-122.07307,204.396,62.057,0.0,-79,0.000,1.125,2.561
2014/08/19 15:11:03,1.49,37.69070,-122.07151,203.084,61.058,0.0,-79,0.339,0.000,0.000
2014/08/19 15:11:08,1.49,37.69085,-122.06997,198.491,60.935,0.0,-81,0.000,0.000,0.000
2014/08/19 15:11:13,1.49,37.69108,-122.06844,196.522,60.428,0.0,-81,0.000,0.000,1.529
2014/08/19 15:11:18,1.49,37.69139,-122.06696,193.241,61.222,0.0,-81,0.000,0.000,0.238
2014/08/19 15:11:23,1.54,37.69178,-122.06548,193.241,62.162,0.0,-81,0.008,0.000,0.191
2014/08/19 15:11:28,1.49,37.69220,-122.06398,198.819,63.238,0.0,-81,1.136,0.000,0.259
2014/08/19 15:11:33,1.49,37.69263,-122.06248,211.286,63.665,0.0,-81,0.876,0.042,0.402
2014/08/19 15:11:38,1.49,37.69305,-122.06098,224.738,62.973,0.0,-77,0.980,1.708,0.229
2014/08/19 15:11:43,1.49,37.69342,-122.05947,235.892,61.672,0.0,-77,0.483,0.875,1.083
2014/08/19 15:11:48,1.48,37.69361,-122.05794,254.921,60.050,0.0,-77,0.315,0.458,0.210
2014/08/19 15:11:53,1.48,37.69363,-122.05643,259.514,59.649,0.0,-77,0.715,0.542,0.243
2014/08/19 15:11:58,1.48,37.69349,-122.05489,272.310,61.356,0.0,-77,0.000,1.125,1.178
2014/08/19 15:12:03,1.48,37.69333,-122.05333,288.058,62.104,0.0,-77,0.515,0.750,0.442
2014/08/19 15:12:08,1.54,37.69329,-122.05172,299.213,65.392,0.0,-83,0.827,0.000,1.690
2014/08/19 15:12:13,1.48,37.69344,-122.05008,304.790,66.199,0.0,-83,0.611,0.500,0.206
2014/08/19 15:12:18,1.48,37.69380,-122.04847,309.711,65.965,0.0,-83,0.986,1.167,0.333
2014/08/19 15:12:23,1.48,37.69436,-122.04697,311.680,65.600,0.0,-83,0.953,2.083,0.273
2014/08/19 15:12:28,1.48,37.69507,-122.04561,309.383,61.996,0.0,-83,0.863,1.583,0.282
2014/08/19 15:12:33,1.48,37.69589,-122.04445,309.055,61.968,0.0,-83,0.756,1.833,0.210
2014/08/19 15:12:38,1.48,37.69682,-122.04340,316.273,64.295,0.0,-67,0.964,1.958,0.234
2014/08/19 15:12:43,1.48,37.69781,-122.04232,327.428,65.295,0.0,-67,0.866,2.125,0.246
2014/08/19 15:12:48,1.66,37.69881,-122.04125,340.223,65.249,0.0,-67,0.725,2.250,0.250
2014/08/19 15:12:53,1.63,37.69977,-122.04012,352.362,64.973,0.0,-67,0.839,2.333,0.290
2014/08/19 15:12:58,1.53,37.70051,-122.03899,358.924,52.284,0.0,-67,0.561,2.750,0.529
2014/08/19 15:13:03,1.53,37.70101,-122.03797,366.798,43.587,0.0,-67,0.519,2.500,0.794
2014/08/19 15:13:08,1.46,37.70135,-122.03708,381.890,37.234,0.0,-67,0.456,1.042,0.000
2014/08/19 15:13:13,1.63,37.70162,-122.03617,382.218,40.527,0.0,-101,1.068,0.542,0.000
2014/08/19 15:13:18,2.25,37.70184,-122.03514,385.499,43.500,0.0,-101,0.343,0.000,1.069
2014/08/19 15:13:23,2.25,37.70198,-122.03402,395.341,45.025,0.0,-101,0.234,0.542,2.711
2014/08/19 15:13:28,2.32,37.70201,-122.03283,413.058,48.287,0.0,-101,0.688,1.583,0.862
2014/08/19 15:13:33,1.51,37.70194,-122.03158,433.727,50.050,0.0,-101,0.944,1.750,0.442
2014/08/19 15:13:38,1.58,37.70173,-122.03032,447.178,50.759,0.0,-101,0.470,1.583,0.510
2014/08/19 15:13:43,1.48,37.70141,-122.02906,447.178,53.132,0.0,-79,0.521,2.125,0.549
2014/08/19 15:13:48,1.95,37.70106,-122.02777,444.882,54.747,0.0,-79,0.552,0.000,0.493
2014/08/19 15:13:53,1.87,37.70082,-122.02654,439.304,44.170,0.0,-79,0.605,1.625,0.758
2014/08/19 15:13:58,1.46,37.70073,-122.02555,436.680,37.102,0.0,-79,0.558,1.875,0.849
2014/08/19 15:14:03,1.87,37.70071,-122.02463,433.399,36.719,0.0,-79,0.559,1.792,1.223
2014/08/19 15:14:08,1.87,37.70076,-122.02368,431.759,38.526,0.0,-79,0.655,2.292,0.931
2014/08/19 15:14:13,1.46,37.70087,-122.02276,430.446,31.015,0.0,-55,0.686,1.875,0.987
2014/08/19 15:14:18,1.45,37.70100,-122.02206,429.134,27.496,0.0,-55,0.517,0.000,1.189
2014/08/19 15:14:23,1.45,37.70115,-122.02140,428.806,25.857,0.0,-55,0.704,2.542,0.400
2014/08/19 15:14:28,1.45,37.70133,-122.02079,428.150,27.599,0.0,-55,0.691,2.375,0.404
2014/08/19 15:14:33,1.51,37.70158,-122.02004,428.150,35.259,0.0,-55,0.681,1.833,0.981
2014/08/19 15:14:38,1.45,37.70191,-122.01918,431.102,38.564,0.0,-55,0.947,1.875,0.418
2014/08/19 15:14:43,1.45,37.70223,-122.01827,438.648,40.021,0.0,-73,1.055,0.000,0.806
2014/08/19 15:14:48,1.45,37.70249,-122.01732,449.803,39.310,0.0,-73,0.836,2.125,0.707
2014/08/19 15:14:53,1.45,37.70268,-122.01639,453.740,35.928,0.0,-73,0.513,2.042,0.714
2014/08/19 15:14:58,1.9,37.70278,-122.01557,458.661,31.150,0.0,-73,0.543,1.875,1.515
2014/08/19 15:15:03,1.88,37.70283,-122.01477,465.551,33.321,0.0,-73,0.843,1.917,1.734
2014/08/19 15:15:08,1.88,37.70287,-122.01389,470.472,35.984,0.0,-73,0.878,2.042,1.150
2014/08/19 15:15:13,1.88,37.70291,-122.01293,477.362,39.674,0.0,-73,0.819,1.583,1.450
2014/08/19 15:15:18,1.88,37.70296,-122.01193,484.252,39.883,0.0,-81,0.545,1.083,1.739
2014/08/19 15:15:23,1.88,37.70300,-122.01092,493.110,39.766,0.0,-81,0.246,1.083,0.930
2014/08/19 15:15:28,1.88,37.70305,-122.00990,503.281,41.187,0.0,-81,0.321,0.000,1.310
2014/08/19 15:15:33,1.88,37.70310,-122.00882,512.467,44.373,0.0,-81,0.569,1.625,0.783
2014/08/19 15:15:38,1.88,37.70315,-122.00765,521.325,47.002,0.0,-81,0.477,1.042,0.502
2014/08/19 15:15:43,2.03,37.70321,-122.00649,530.184,46.198,0.0,-81,0.440,1.625,0.538
2014/08/19 15:15:48,1.88,37.70326,-122.00530,539.698,47.742,0.0,-57,0.472,1.583,0.471
2014/08/19 15:15:53,1.88,37.70332,-122.00409,549.541,48.271,0.0,-57,0.717,1.625,0.694
2014/08/19 15:15:58,1.88,37.70337,-122.00283,558.727,51.072,0.0,-57,0.658,1.583,0.514
2014/08/19 15:16:03,2.02,37.70340,-122.00154,571.850,50.913,0.0,-57,0.290,0.000,2.063
2014/08/19 15:16:08,1.88,37.70336,-122.00023,586.286,51.419,0.0,-57,0.607,1.083,0.490
2014/08/19 15:16:13,2.04,37.70324,-121.99897,602.362,50.086,0.0,-57,0.700,1.583,1.109
2014/08/19 15:16:18,2.04,37.70307,-121.99773,620.735,49.642,0.0,-65,0.461,1.833,1.097
2014/08/19 15:16:23,2.12,37.70282,-121.99648,634.186,51.730,0.0,-65,0.811,1.583,1.402
2014/08/19 15:16:28,2.03,37.70249,-121.99523,644.029,52.195,0.0,-65,0.658,1.583,1.663
2014/08/19 15:16:33,2.36,37.70210,-121.99398,654.199,54.034,0.0,-65,0.484,0.000,1.507
2014/08/19 15:16:38,2.36,37.70162,-121.99273,665.026,54.754,0.0,-65,0.570,0.000,2.311
2014/08/19 15:16:43,2.04,37.70109,-121.99152,677.493,54.576,0.0,-65,0.737,0.000,0.403
2014/08/19 15:16:48,1.66,37.70058,-121.99031,691.273,53.948,0.0,-73,0.787,0.000,0.535
2014/08/19 15:16:53,1.46,37.70011,-121.98912,702.756,51.589,0.0,-73,0.357,0.042,0.693
2014/08/19 15:16:58,1.46,37.69976,-121.98786,709.974,54.192,0.0,-73,0.655,1.000,0.791
2014/08/19 15:17:03,1.46,37.69952,-121.98649,713.583,56.047,0.0,-73,1.421,0.833,0.591
2014/08/19 15:17:08,1.89,37.69936,-121.98505,717.192,57.575,0.0,-73,0.601,1.250,0.819
2014/08/19 15:17:13,1.89,37.69919,-121.98361,724.738,57.543,0.0,-73,0.792,1.125,1.402
2014/08/19 15:17:18,1.44,37.69900,-121.98217,734.908,57.622,0.0,-73,1.029,1.500,1.137
2014/08/19 15:17:23,1.44,37.69876,-121.98077,743.438,55.391,0.0,-91,1.236,0.000,1.838
2014/08/19 15:17:28,1.44,37.69854,-121.97941,752.625,54.878,0.0,-91,1.259,0.958,1.059
2014/08/19 15:17:33,1.44,37.69831,-121.97805,760.171,54.359,0.0,-91,1.047,1.000,1.334
2014/08/19 15:17:38,1.44,37.69807,-121.97669,762.795,56.565,0.0,-91,0.575,1.500,2.242
2014/08/19 15:17:43,1.98,37.69781,-121.97522,762.139,61.969,0.0,-91,1.058,1.500,3.007
2014/08/19 15:17:48,2.38,37.69754,-121.97366,755.906,63.306,0.0,-91,0.606,1.333,2.399
2014/08/19 15:17:53,1.44,37.69733,-121.97206,743.438,64.427,0.0,-77,0.000,0.000,2.626
2014/08/19 15:17:58,1.44,37.69719,-121.97046,726.378,62.614,0.0,-77,0.875,1.375,2.758
2014/08/19 15:18:03,1.45,37.69713,-121.96890,708.333,62.217,0.0,-77,0.678,1.375,0.000
2014/08/19 15:18:08,2.14,37.69713,-121.96731,689.961,63.819,0.0,-77,0.695,0.000,2.290
2014/08/19 15:18:13,1.48,37.69721,-121.96567,672.900,65.397,0.0,-77,0.487,1.375,3.231
2014/08/19 15:18:18,1.68,37.69737,-121.96406,658.136,62.570,0.0,-77,0.971,0.875,2.310
2014/08/19 15:18:23,2.51,37.69759,-121.96254,645.341,61.189,0.0,-63,1.212,1.542,0.676
2014/08/19 15:18:29,2.05,37.69789,-121.96075,624.672,59.749,0.0,-63,1.169,0.917,2.314
2014/08/19 15:18:34,1.45,37.69814,-121.95929,607.612,58.797,0.0,-63,1.188,0.000,1.523
2014/08/19 15:18:39,1.45,37.69830,-121.95781,591.864,59.898,0.0,-63,0.770,1.375,0.000
2014/08/19 15:18:44,1.45,37.69832,-121.95628,576.115,61.148,0.0,-63,0.810,1.375,3.426
2014/08/19 15:18:49,1.45,37.69831,-121.95474,560.367,60.308,0.0,-63,1.180,0.958,3.334
2014/08/19 15:18:54,1.45,37.69830,-121.95324,544.948,59.170,0.0,-75,1.400,0.000,2.314
2014/08/19 15:18:59,1.45,37.69829,-121.95170,529.199,62.061,0.0,-75,0.744,1.458,0.000
2014/08/19 15:19:04,1.45,37.69828,-121.95010,512.467,64.389,0.0,-75,1.122,0.000,4.825
2014/08/19 15:19:09,2.05,37.69827,-121.94847,496.063,64.625,0.0,-75,0.130,1.000,5.102
2014/08/19 15:19:14,1.45,37.69826,-121.94685,481.627,63.457,0.0,-75,0.459,1.042,0.000
2014/08/19 15:19:19,1.45,37.69825,-121.94526,466.207,61.864,0.0,-75,0.354,0.000,4.094
2014/08/19 15:19:24,1.45,37.69824,-121.94372,451.444,59.904,0.0,-67,0.427,1.208,3.082
2014/08/19 15:19:29,1.48,37.69823,-121.94222,436.680,57.900,0.0,-67,0.303,0.000,0.000
2014/08/19 15:19:34,1.45,37.69822,-121.94077,420.932,57.164,0.0,-67,0.324,0.500,5.771
2014/08/19 15:19:39,1.45,37.69821,-121.93932,406.168,58.002,0.0,-67,0.517,1.042,2.464
2014/08/19 15:19:44,1.45,37.69819,-121.93782,391.404,60.049,0.0,-67,0.303,0.000,2.134
2014/08/19 15:19:49,1.45,37.69819,-121.93630,382.546,60.021,0.0,-67,0.511,1.208,1.969
2014/08/19 15:19:54,1.45,37.69826,-121.93483,377.953,57.367,0.0,-67,0.631,1.042,2.458
2014/08/19 15:19:59,1.44,37.69845,-121.93343,375.000,56.197,0.0,-61,0.801,1.125,1.409
2014/08/19 15:20:04,1.44,37.69876,-121.93203,374.016,58.329,0.0,-61,0.784,0.000,1.622
2014/08/19 15:20:09,1.87,37.69910,-121.93061,373.360,59.162,0.0,-61,0.734,1.542,3.262
2014/08/19 15:20:14,1.47,37.69944,-121.92917,376.969,59.160,0.0,-61,0.374,0.000,1.417
2014/08/19 15:20:19,1.44,37.69976,-121.92771,390.092,60.031,0.0,-61,0.188,1.542,0.393
2014/08/19 15:20:24,1.44,37.70008,-121.92625,395.341,58.140,0.0,-61,0.492,1.042,0.782
2014/08/19 15:20:29,1.44,37.70041,-121.92485,394.029,55.695,0.0,-71,0.872,0.000,1.386
2014/08/19 15:20:34,1.44,37.70068,-121.92355,387.795,52.430,0.0,-71,0.693,1.250,1.507
2014/08/19 15:20:39,1.52,37.70095,-121.92236,386.155,47.150,0.0,-71,1.166,1.167,1.053
2014/08/19 15:20:44,1.47,37.70113,-121.92122,382.874,44.630,0.0,-71,1.192,1.542,0.754
2014/08/19 15:20:49,1.44,37.70127,-121.92017,381.234,40.754,0.0,-71,0.573,0.000,1.564
2014/08/19 15:20:54,1.7,37.70138,-121.91919,378.609,38.450,0.0,-71,0.791,1.000,0.882
2014/08/19 15:20:59,1.53,37.70148,-121.91822,369.423,37.891,0.0,-57,0.671,0.000,1.183
2014/08/19 15:21:04,1.44,37.70150,-121.91724,368.110,40.707,0.0,-57,0.801,1.583,1.779
2014/08/19 15:21:09,1.49,37.70141,-121.91618,363.517,41.638,0.0,-57,0.795,1.042,1.135
2014/08/19 15:21:14,1.44,37.70131,-121.91515,358.924,40.600,0.0,-57,0.814,1.208,0.680
2014/08/19 15:21:19,1.44,37.70125,-121.91411,357.940,42.067,0.0,-57,0.631,1.042,1.142
2014/08/19 15:21:24,1.44,37.70128,-121.91302,355.971,43.877,0.0,-57,1.170,1.167,0.878
2014/08/19 15:21:29,1.44,37.70138,-121.91191,353.018,44.748,0.0,-65,1.045,0.000,0.818
2014/08/19 15:21:34,1.44,37.70142,-121.91078,350.066,44.943,0.0,-65,1.208,1.542,2.287
2014/08/19 15:21:39,1.44,37.70140,-121.90969,350.394,40.887,0.0,-65,1.067,1.000,1.994
2014/08/19 15:21:44,1.47,37.70120,-121.90876,353.018,37.274,0.0,-65,1.122,1.792,1.475
2014/08/19 15:21:49,1.47,37.70082,-121.90791,354.003,38.289,0.0,-65,1.149,0.000,3.065
2014/08/19 15:21:54,2.08,37.70044,-121.90708,359.580,36.633,0.0,-65,0.753,1.167,0.678
2014/08/19 15:21:59,2.08,37.70025,-121.90637,363.845,22.765,0.0,-65,0.768,0.000,0.571
2014/08/19 15:22:04,2.48,37.70031,-121.90604,367.126,3.952,0.0,-81,0.689,1.042,0.933
2014/08/19 15:22:09,1.43,37.70030,-121.90602,360.892,2.967,0.0,-81,0.962,1.042,0.758
2014/08/19 15:22:14,1.43,37.70019,-121.90585,359.908,14.591,0.0,-81,1.021,0.000,0.994
2014/08/19 15:22:19,1.43,37.69986,-121.90557,346.457,21.766,0.0,-81,1.247,1.542,1.870
2014/08/19 15:22:24,1.43,37.69947,-121.90524,339.239,22.305,0.0,-81,0.943,1.042,1.330
2014/08/19 15:22:29,2.08,37.69928,-121.90510,336.614,0.911,0.0,-81,1.137,1.542,1.635
2014/08/19 15:22:34,2.08,37.69927,-121.90510,335.958,0.016,0.0,-71,0.978,0.000,0.000
2014/08/19 15:22:39,2.09,37.69927,-121.90510,338.255,0.035,0.0,-71,1.190,1.042,0.834
2014/08/19 15:22:44,2.09,37.69923,-121.90510,333.990,0.437,0.0,-71,0.978,1.125,0.727
2014/08/19 15:22:49,2.09,37.69922,-121.90509,333.990,0.038,0.0,-71,1.401,1.042,1.177
2014/08/19 15:22:54,2.09,37.69921,-121.90509,333.661,0.133,0.0,-71,1.468,1.000,1.754
2014/08/19 15:22:59,2.09,37.69922,-121.90509,335.630,0.524,0.0,-71,1.076,1.542,2.638
2014/08/19 15:23:04,2.09,37.69921,-121.90509,335.630,0.058,0.0,-81,1.086,0.542,4.483
2014/08/19 15:23:09,2.09,37.69921,-121.90509,334.974,0.028,0.0,-81,1.597,0.000,0.388
2014/08/19 15:23:14,2.09,37.69917,-121.90506,337.598,6.053,0.0,-81,0.840,1.333,0.381
2014/08/19 15:23:19,1.43,37.69901,-121.90491,339.895,13.087,0.0,-81,0.807,1.542,1.121
2014/08/19 15:23:24,2.09,37.69878,-121.90474,340.551,11.822,0.0,-81,0.737,1.042,1.611
2014/08/19 15:23:29,1.43,37.69861,-121.90488,338.255,11.020,0.0,-81,0.654,0.000,0.767
2014/08/19 15:23:34,1.43,37.69853,-121.90520,333.990,15.376,0.0,-67,0.443,1.542,1.694
2014/08/19 15:23:39,1.43,37.69836,-121.90561,331.037,19.947,0.0,-67,1.044,1.125,0.897
2014/08/19 15:23:44,1.43,37.69812,-121.90601,329.724,20.624,0.0,-67,1.439,0.000,1.658
2014/08/19 15:23:49,1.42,37.69781,-121.90638,330.709,21.151,0.0,-67,0.645,1.542,0.000
2014/08/19 15:23:54,1.49,37.69761,-121.90676,332.349,13.056,0.0,-67,0.412,1.042,4.031
2014/08/19 15:23:59,1.63,37.69777,-121.90699,331.693,15.154,0.0,-67,0.484,1.042,2.219
2014/08/19 15:24:04,1.63,37.69816,-121.90716,333.661,22.842,0.0,-67,0.863,1.042,2.765
2014/08/19 15:24:09,1.63,37.69863,-121.90735,339.239,24.906,0.0,-77,0.892,0.000,4.178
2014/08/19 15:24:14,1.48,37.69909,-121.90752,346.785,23.155,0.0,-77,1.203,0.000,0.698
2014/08/19 15:24:19,1.7,37.69944,-121.90765,346.785,15.650,0.0,-77,0.000,1.375,0.829
2014/08/19 15:24:24,1.48,37.69958,-121.90770,348.425,6.941,0.0,-77,1.164,1.042,1.859
2014/08/19 15:24:29,1.61,37.69984,-121.90780,349.081,18.871,0.0,-77,0.759,1.042,2.695
2014/08/19 15:24:34,1.61,37.70025,-121.90795,347.113,22.095,0.0,-77,0.525,1.000,3.271
2014/08/19 15:24:39,1.61,37.70068,-121.90822,346.457,26.192,0.0,-77,0.980,0.000,1.176
2014/08/19 15:24:44,1.4,37.70103,-121.90875,347.113,28.465,0.0,-77,0.536,1.167,2.411
2014/08/19 15:24:49,1.4,37.70122,-121.90946,346.785,31.491,0.0,-77,0.719,0.000,1.469
2014/08/19 15:24:54,1.93,37.70127,-121.91024,346.785,30.314,0.0,-77,1.298,1.292,0.750
2014/08/19 15:24:59,1.4,37.70125,-121.91101,346.129,32.090,0.0,-77,0.672,0.000,0.798
2014/08/19 15:25:04,1.4,37.70121,-121.91186,341.207,34.465,0.0,-77,0.947,0.000,0.251
2014/08/19 15:25:09,1.4,37.70112,-121.91274,333.990,36.549,0.0,-61,0.937,0.083,0.202
2014/08/19 15:25:14,1.4,37.70107,-121.91369,331.365,38.147,0.0,-61,0.811,1.208,0.650
2014/08/19 15:25:19,1.4,37.70110,-121.91465,339.239,38.704,0.0,-61,0.547,0.000,0.964
2014/08/19 15:25:24,1.42,37.70118,-121.91564,343.504,39.430,0.0,-61,0.990,0.917,0.814
2014/08/19 15:25:29,1.42,37.70127,-121.91662,345.144,39.214,0.0,-61,1.015,1.250,0.643
2014/08/19 15:25:34,1.4,37.70127,-121.91758,343.176,36.243,0.0,-61,0.588,1.083,1.482
2014/08/19 15:25:39,1.77,37.70120,-121.91843,345.801,31.735,0.0,-55,0.711,0.875,0.776
2014/08/19 15:25:44,1.4,37.70100,-121.91911,350.722,28.329,0.0,-55,0.974,1.208,0.647
2014/08/19 15:25:49,1.54,37.70059,-121.91967,318.241,30.780,0.0,-55,0.383,1.125,1.701
2014/08/19 15:25:54,1.4,37.70010,-121.92010,304.134,30.311,0.0,-55,0.443,0.833,0.757
2014/08/19 15:25:59,1.39,37.69961,-121.92053,301.509,28.460,0.0,-55,1.108,0.833,0.537
2014/08/19 15:26:04,1.41,37.69912,-121.92073,300.853,24.595,0.0,-55,1.023,0.958,0.750
2014/08/19 15:26:09,1.39,37.69863,-121.92057,307.743,27.934,0.0,-55,0.742,0.958,0.498
2014/08/19 15:26:14,1.39,37.69810,-121.92038,311.352,28.118,0.0,-59,0.535,1.667,1.211
2014/08/19 15:26:19,1.39,37.69756,-121.92016,315.945,29.341,0.0,-59,0.940,0.000,1.906
2014/08/19 15:26:24,1.39,37.69701,-121.91995,318.898,28.338,0.0,-59,1.036,1.250,3.147
2014/08/19 15:26:29,1.39,37.69646,-121.91974,319.882,29.502,0.0,-59,1.000,1.583,0.450
2014/08/19 15:26:34,1.39,37.69588,-121.91952,321.850,30.699,0.0,-59,0.825,1.208,0.902
2014/08/19 15:26:39,1.39,37.69528,-121.91929,322.178,32.592,0.0,-59,0.891,0.000,0.666
2014/08/19 15:26:44,1.44,37.69463,-121.91903,322.178,34.449,0.0,-81,0.842,1.167,0.666
2014/08/19 15:26:49,1.39,37.69397,-121.91878,323.819,34.772,0.0,-81,0.735,1.167,2.224
2014/08/19 15:26:54,1.39,37.69330,-121.91851,324.803,34.893,0.0,-81,0.728,1.167,1.661
2014/08/19 15:26:59,1.39,37.69267,-121.91825,324.475,31.913,0.0,-81,0.936,1.167,2.151
2014/08/19 15:27:04,1.39,37.69217,-121.91787,327.428,27.853,0.0,-81,1.155,1.458,0.000
2014/08/19 15:27:09,1.94,37.69187,-121.91724,333.661,30.478,0.0,-81,0.877,1.000,4.410
2014/08/19 15:27:14,2.32,37.69166,-121.91652,341.864,30.532,0.0,-75,1.121,0.000,2.598
2014/08/19 15:27:19,2.13,37.69157,-121.91576,342.848,30.465,0.0,-75,0.744,1.042,0.546
2014/08/19 15:27:24,1.44,37.69147,-121.91507,345.801,26.627,0.0,-75,0.900,1.333,3.144
2014/08/19 15:27:29,1.41,37.69108,-121.91470,346.785,25.341,0.0,-75,1.034,1.000,2.718
2014/08/19 15:27:34,1.41,37.69061,-121.91473,337.598,19.140,0.0,-75,1.302,1.042,2.110
2014/08/19 15:27:39,2.46,37.69037,-121.91499,335.630,17.262,0.0,-75,0.930,1.000,3.619
2014/08/19 15:27:44,1.4,37.69040,-121.91554,340.223,27.212,0.0,-55,0.987,1.042,2.423
2014/08/19 15:27:49,1.38,37.69048,-121.91628,343.176,32.192,0.0,-55,0.770,1.208,1.339
2014/08/19 15:27:54,1.38,37.69060,-121.91713,345.472,35.566,0.0,-55,0.689,1.000,2.591
2014/08/19 15:27:59,1.94,37.69083,-121.91797,343.504,36.335,0.0,-55,0.839,1.000,0.000
2014/08/19 15:28:04,1.38,37.69146,-121.91857,339.239,42.945,0.0,-55,0.751,1.542,2.601
2014/08/19 15:28:09,1.38,37.69232,-121.91901,340.223,48.111,0.0,-55,0.547,0.000,3.822
2014/08/19 15:28:14,1.38,37.69326,-121.91944,337.927,51.056,0.0,-55,0.702,0.583,0.939
2014/08/19 15:28:19,1.38,37.69425,-121.91986,339.567,53.710,0.0,-75,1.328,1.667,0.925
2014/08/19 15:28:24,1.38,37.69529,-121.92031,341.207,55.354,0.0,-75,1.136,1.167,2.051
2014/08/19 15:28:29,1.38,37.69637,-121.92077,341.535,56.603,0.0,-75,0.576,0.000,2.235
2014/08/19 15:28:34,1.38,37.69744,-121.92120,340.551,57.242,0.0,-75,0.841,1.167,2.374
2014/08/19 15:28:39,1.38,37.69856,-121.92164,344.816,59.185,0.0,-75,1.495,1.250,1.590
2014/08/19 15:28:44,1.38,37.69970,-121.92209,356.627,59.954,0.0,-75,0.689,0.000,0.000
2014/08/19 15:28:49,1.38,37.70082,-121.92253,364.501,56.890,0.0,-65,0.946,1.750,3.370
2014/08/19 15:28:54,1.38,37.70192,-121.92296,363.189,57.743,0.0,-65,1.097,1.333,0.843
2014/08/19 15:28:59,1.38,37.70303,-121.92347,361.877,59.711,0.0,-65,0.927,0.000,1.749
2014/08/19 15:29:04,1.38,37.70412,-121.92411,357.612,60.451,0.0,-65,0.274,0.000,0.000
2014/08/19 15:29:09,1.95,37.70518,-121.92491,350.722,61.486,0.0,-65,0.566,1.750,4.843
2014/08/19 15:29:14,1.38,37.70622,-121.92577,346.457,62.302,0.0,-65,0.462,1.167,2.055
2014/08/19 15:29:19,1.38,37.70727,-121.92665,346.785,63.240,0.0,-51,0.580,1.208,0.728
2014/08/19 15:29:24,1.38,37.70832,-121.92753,348.097,61.818,0.0,-51,0.000,0.000,1.574
2014/08/19 15:29:29,1.38,37.70931,-121.92837,348.425,57.057,0.0,-51,0.807,1.167,3.150
2014/08/19 15:29:34,1.38,37.71027,-121.92918,348.425,58.437,0.0,-51,0.957,1.125,3.051
2014/08/19 15:29:39,1.38,37.71128,-121.93002,350.066,61.568,0.0,-51,1.106,0.000,1.662
2014/08/19 15:29:44,1.95,37.71232,-121.93090,353.346,63.055,0.0,-51,0.888,1.208,1.306
2014/08/19 15:29:49,1.95,37.71338,-121.93180,355.315,63.957,0.0,-85,0.833,1.167,1.738
2014/08/19 15:29:54,1.37,37.71445,-121.93269,356.627,63.717,0.0,-85,0.995,1.167,0.743
2014/08/19 15:29:59,1.37,37.71552,-121.93358,358.596,63.977,0.0,-85,0.981,0.000,1.989
2014/08/19 15:30:04,1.37,37.71659,-121.93445,356.955,62.479,0.0,-85,0.558,1.208,1.855
2014/08/19 15:30:09,1.37,37.71764,-121.93532,357.940,62.146,0.0,-85,0.432,1.333,0.806
2014/08/19 15:30:14,1.58,37.71868,-121.93620,360.236,62.890,0.0,-85,0.688,0.000,0.994
2014/08/19 15:30:19,2.16,37.71974,-121.93709,360.892,63.850,0.0,-85,0.389,1.125,2.030
2014/08/19 15:30:24,2.16,37.72083,-121.93796,365.486,64.196,0.0,-97,0.563,0.000,1.614
2014/08/19 15:30:29,2.2,37.72195,-121.93882,371.391,66.163,0.0,-97,0.607,1.167,0.969
2014/08/19 15:30:34,2.2,37.72308,-121.93970,377.953,65.550,0.0,-97,0.486,1.167,1.539
2014/08/19 15:30:39,2.06,37.72419,-121.94056,382.546,64.486,0.0,-97,0.535,1.167,2.350
2014/08/19 15:30:44,2.06,37.72529,-121.94141,388.123,65.346,0.0,-97,0.382,1.167,3.857
2014/08/19 15:30:49,2.26,37.72642,-121.94228,391.076,65.985,0.0,-97,0.519,0.000,3.072
2014/08/19 15:30:54,2.06,37.72756,-121.94317,398.622,66.853,0.0,-89,0.417,1.333,2.587
2014/08/19 15:30:59,2.06,37.72868,-121.94404,406.168,64.648,0.0,-89,0.462,0.000,2.835
2014/08/19 15:31:04,1.6,37.72978,-121.94489,411.417,64.528,0.0,-89,1.133,1.167,0.000
2014/08/19 15:31:10,2.26,37.73090,-121.94576,417.651,65.629,0.0,-89,0.900,1.167,2.297
2014/08/19 15:31:15,2.26,37.73203,-121.94664,424.213,66.404,0.0,-89,0.944,1.208,2.250
2014/08/19 15:31:20,2.26,37.73317,-121.94753,428.806,66.613,0.0,-89,0.972,1.167,3.249
2014/08/19 15:31:25,2.26,37.73432,-121.94842,434.055,68.338,0.0,-77,0.747,1.167,0.871
2014/08/19 15:31:30,2.21,37.73551,-121.94932,437.336,69.177,0.0,-77,0.775,0.000,1.446
2014/08/19 15:31:35,2.26,37.73674,-121.95017,440.617,70.863,0.0,-77,1.049,1.125,1.818
2014/08/19 15:31:40,1.58,37.73800,-121.95104,433.399,71.925,0.0,-77,0.618,1.167,0.000
2014/08/19 15:31:45,1.58,37.73925,-121.95190,422.244,70.970,0.0,-77,0.835,1.167,4.002
2014/08/19 15:31:50,1.58,37.74051,-121.95277,412.402,71.384,0.0,-77,1.355,0.000,2.627
2014/08/19 15:31:55,1.6,37.74178,-121.95364,404.528,72.746,0.0,-69,1.431,1.167,2.421
2014/08/19 15:32:00,2.41,37.74306,-121.95452,398.950,73.308,0.0,-69,0.730,1.750,4.290
2014/08/19 15:32:05,2.27,37.74437,-121.95541,402.231,74.187,0.0,-69,0.561,0.000,0.000
2014/08/19 15:32:10,2.17,37.74569,-121.95624,415.354,71.631,0.0,-69,0.767,1.167,2.990
2014/08/19 15:32:15,2.27,37.74692,-121.95699,425.525,63.909,0.0,-69,0.313,1.750,2.908
2014/08/19 15:32:20,1.95,37.74808,-121.95767,430.774,64.561,0.0,-69,0.664,1.167,2.538
2014/08/19 15:32:25,1.95,37.74929,-121.95839,428.478,67.930,0.0,-69,0.607,0.000,2.503
2014/08/19 15:32:30,2.06,37.75052,-121.95915,424.541,68.505,0.0,-69,0.857,1.750,0.000
2014/08/19 15:32:35,1.95,37.75173,-121.95992,418.963,65.168,0.0,-69,0.364,0.000,6.106
2014/08/19 15:32:40,2.06,37.75289,-121.96067,417.651,66.439,0.0,-69,0.564,1.167,2.783
2014/08/19 15:32:45,2.27,37.75437,-121.96165,413.386,70.251,0.0,-69,0.750,1.167,1.678
2014/08/19 15:32:50,2.17,37.75537,-121.96231,409.449,70.976,0.0,-69,0.645,0.000,2.121
2014/08/19 15:32:55,2.17,37.75690,-121.96332,407.480,71.605,0.0,-69,1.077,0.000,3.405
2014/08/19 15:33:00,1.95,37.75816,-121.96416,404.856,69.548,0.0,-73,1.403,0.000,0.231
2014/08/19 15:33:05,2.06,37.75912,-121.96478,410.761,63.862,0.0,-73,1.661,0.042,0.518
2014/08/19 15:33:10,2.48,37.76047,-121.96567,413.714,61.847,0.0,-73,0.514,0.708,0.203
2014/08/19 15:33:15,1.95,37.76160,-121.96646,412.730,65.923,0.0,-73,0.792,0.792,0.378
2014/08/19 15:33:20,2.06,37.76256,-121.96709,414.698,67.270,0.0,-73,0.257,0.000,0.903
2014/08/19 15:33:25,2.06,37.76377,-121.96787,422.572,67.624,0.0,-73,0.597,0.500,0.730
2014/08/19 15:33:30,2.18,37.76522,-121.96882,427.493,68.036,0.0,-81,0.793,1.125,1.097
2014/08/19 15:33:35,1.95,37.76645,-121.96962,429.462,70.150,0.0,-81,1.195,1.083,1.726
2014/08/19 15:33:40,1.95,37.76772,-121.97042,434.383,69.765,0.0,-81,0.909,1.583,2.314
2014/08/19 15:33:45,2.06,37.76876,-121.97100,437.992,70.928,0.0,-81,0.516,1.875,0.000
2014/08/19 15:33:50,1.95,37.77008,-121.97166,440.945,70.318,0.0,-81,0.404,0.000,0.278
2014/08/19 15:33:55,2.06,37.77167,-121.97246,445.538,71.288,0.0,-81,0.912,1.500,1.893
2014/08/19 15:34:00,2.06,37.77298,-121.97311,446.194,68.393,0.0,-67,0.735,1.167,0.000
2014/08/19 15:34:05,2.06,37.77426,-121.97375,447.507,68.005,0.0,-67,0.993,1.167,4.727
2014/08/19 15:34:10,2.06,37.77554,-121.97439,449.147,68.923,0.0,-67,0.000,1.292,1.622
2014/08/19 15:34:15,2.06,37.77684,-121.97504,449.475,68.946,0.0,-67,0.724,0.000,1.455
2014/08/19 15:34:20,1.95,37.77813,-121.97568,451.115,69.157,0.0,-67,0.862,1.125,2.498
2014/08/19 15:34:25,1.95,37.77943,-121.97633,452.756,69.098,0.0,-67,0.667,1.167,1.114
2014/08/19 15:34:30,1.95,37.78072,-121.97697,454.068,67.968,0.0,-67,1.064,0.000,2.674
2014/08/19 15:34:35,1.95,37.78197,-121.97760,453.740,66.704,0.0,-69,0.500,0.583,2.867
2014/08/19 15:34:40,1.95,37.78321,-121.97829,453.084,68.112,0.0,-69,0.658,1.167,0.580
2014/08/19 15:34:45,2.49,37.78446,-121.97901,454.724,68.092,0.0,-69,0.691,0.000,0.611
2014/08/19 15:34:50,2.49,37.78571,-121.97972,456.037,67.721,0.0,-69,0.714,1.750,1.391
2014/08/19 15:34:55,1.95,37.78690,-121.98040,457.677,63.307,0.0,-69,0.548,0.000,0.425
2014/08/19 15:35:00,1.95,37.78808,-121.98100,457.349,65.099,0.0,-69,0.403,1.167,0.539
2014/08/19 15:35:05,2.29,37.78932,-121.98157,453.084,65.820,0.0,-55,1.031,1.750,0.518
2014/08/19 15:35:10,2.06,37.79059,-121.98215,448.819,67.298,0.0,-55,1.431,1.167,0.735
2014/08/19 15:35:15,2.06,37.79188,-121.98275,444.882,69.800,0.0,-55,0.875,0.000,0.986
2014/08/19 15:35:20,2.29,37.79323,-121.98337,440.289,72.633,0.0,-55,0.606,1.458,2.028
2014/08/19 15:35:25,2.06,37.79457,-121.98403,436.680,71.594,0.0,-55,0.980,1.125,2.302
2014/08/19 15:35:30,2.06,37.79584,-121.98484,436.024,70.315,0.0,-55,0.972,0.000,0.779
2014/08/19 15:35:35,2.06,37.79709,-121.98572,446.522,67.761,0.0,-99,0.822,1.208,0.746
2014/08/19 15:35:40,2.06,37.79825,-121.98658,446.850,68.168,0.0,-99,0.531,0.000,0.000
2014/08/19 15:35:45,3.15,37.79943,-121.98743,443.570,67.978,0.0,-99,0.227,0.583,6.134
2014/08/19 15:35:50,2.5,37.80069,-121.98815,439.961,69.102,0.0,-99,0.414,0.000,0.430
2014/08/19 15:35:55,1.95,37.80197,-121.98874,437.008,65.262,0.0,-99,0.480,0.583,0.430
2014/08/19 15:36:00,1.95,37.80319,-121.98927,434.711,64.221,0.0,-99,0.291,0.542,2.047
2014/08/19 15:36:05,2.5,37.80442,-121.98981,428.478,65.359,0.0,-99,0.208,0.583,0.703
2014/08/19 15:36:10,2.5,37.80568,-121.99036,420.276,66.648,0.0,-99,0.841,1.167,1.207
2014/08/19 15:36:15,1.95,37.80694,-121.99090,414.698,65.664,0.0,-99,0.815,0.000,0.977
2014/08/19 15:36:20,1.95,37.80818,-121.99144,407.152,64.817,0.0,-99,0.630,1.167,3.351
2014/08/19 15:36:25,1.95,37.80939,-121.99196,400.591,61.854,0.0,-99,0.479,1.167,3.770
2014/08/19 15:36:30,1.95,37.81055,-121.99245,397.638,60.123,0.0,-99,0.582,0.583,0.000
2014/08/19 15:36:35,1.95,37.81167,-121.99289,398.622,53.644,0.0,-99,0.622,1.000,3.754
2014/08/19 15:36:40,2.25,37.81260,-121.99313,403.543,41.211,0.0,-75,0.417,1.167,1.002
2014/08/19 15:36:45,2.57,37.81327,-121.99323,405.184,23.987,0.0,-75,0.512,0.000,1.778
2014/08/19 15:36:50,2.57,37.81362,-121.99326,405.184,9.390,0.0,-75,0.641,1.167,2.523
2014/08/19 15:36:55,2.57,37.81368,-121.99326,401.903,0.330,0.0,-75,0.666,1.167,0.000
2014/08/19 15:37:00,2.57,37.81368,-121.99325,397.966,0.081,0.0,-75,0.872,1.125,2.802
2014/08/19 15:37:05,2.57,37.81369,-121.99325,393.373,0.432,0.0,-75,0.937,1.208,6.365
2014/08/19 15:37:10,2.57,37.81370,-121.99323,395.669,1.291,0.0,-87,1.114,0.000,0.000
2014/08/19 15:37:15,2.57,37.81388,-121.99324,397.638,15.045,0.0,-87,1.819,1.583,4.072
2014/08/19 15:37:20,2.65,37.81427,-121.99325,399.606,22.740,0.0,-87,0.763,1.500,1.854
2014/08/19 15:37:25,2.57,37.81480,-121.99325,400.262,29.136,0.0,-87,0.784,0.000,1.179
2014/08/19 15:37:30,3.29,37.81545,-121.99324,402.231,33.963,0.0,-87,0.832,1.542,1.157
2014/08/19 15:37:35,2.57,37.81597,-121.99323,403.543,18.608,0.0,-87,0.507,1.542,2.171
2014/08/19 15:37:40,2.57,37.81620,-121.99323,405.184,8.046,0.0,-99,0.786,0.750,4.847
2014/08/19 15:37:45,3.28,37.81637,-121.99323,414.370,7.180,0.0,-99,1.181,0.000,0.000
2014/08/19 15:37:50,3.28,37.81652,-121.99322,423.228,11.037,0.0,-99,0.724,1.542,5.046
2014/08/19 15:37:55,3.28,37.81683,-121.99322,420.276,19.268,0.0,-99,0.713,0.000,3.407
2014/08/19 15:38:00,1.61,37.81721,-121.99321,408.465,18.536,0.0,-99,0.684,0.750,1.698
2014/08/19 15:38:05,1.61,37.81756,-121.99320,401.247,17.389,0.0,-99,0.298,1.125,2.669
2014/08/19 15:38:10,1.61,37.81793,-121.99319,396.325,21.164,0.0,-97,0.499,0.750,2.772
2014/08/19 15:38:15,1.61,37.81838,-121.99317,393.373,22.692,0.0,-97,0.493,0.000,0.000
2014/08/19 15:38:20,1.61,37.81883,-121.99316,389.436,22.025,0.0,-97,0.000,0.750,0.000
2014/08/19 15:38:25,1.56,37.81919,-121.99315,389.108,11.512,0.0,-97,0.446,0.000,0.000
2014/08/19 15:38:30,1.59,37.81934,-121.99315,389.108,5.299,0.0,-97,0.403,0.000,0.000
2014/08/19 15:38:35,1.56,37.81945,-121.99315,390.748,5.794,0.0,-97,0.363,0.000,7.550
2014/08/19 15:38:40,1.56,37.81961,-121.99316,401.247,9.402,0.0,-97,0.887,0.000,1.611
2014/08/19 15:38:45,1.81,37.81982,-121.99315,400.262,12.280,0.0,-91,1.412,0.000,0.265
2014/08/19 15:38:50,1.56,37.82007,-121.99314,397.966,11.270,0.0,-91,0.764,0.042,1.131
2014/08/19 15:38:55,1.56,37.82021,-121.99313,399.934,4.879,0.0,-91,0.583,0.792,0.618
2014/08/19 15:39:00,1.62,37.82029,-121.99313,400.262,3.982,0.0,-91,0.326,0.958,0.502
2014/08/19 15:39:05,1.56,37.82041,-121.99313,401.903,7.875,0.0,-91,0.428,0.333,0.000
2014/08/19 15:39:10,1.56,37.82065,-121.99313,403.543,15.391,0.0,-91,0.221,0.000,3.990
2014/08/19 15:39:15,1.56,37.82104,-121.99315,401.247,21.432,0.0,-93,0.166,0.625,5.170
2014/08/19 15:39:20,1.56,37.82152,-121.99321,399.606,26.169,0.0,-93,0.564,1.708,0.508
2014/08/19 15:39:25,1.57,37.82211,-121.99333,401.575,32.622,0.0,-93,0.817,1.708,0.363
2014/08/19 15:39:30,1.57,37.82275,-121.99350,405.512,31.283,0.0,-93,0.867,1.917,0.966
2014/08/19 15:39:35,1.57,37.82334,-121.99372,398.950,31.345,0.0,-93,0.733,0.000,1.006
2014/08/19 15:39:40,1.57,37.82397,-121.99403,388.780,36.707,0.0,-93,0.661,1.833,0.390
2014/08/19 15:39:45,1.57,37.82469,-121.99446,383.858,42.607,0.0,-87,0.439,1.083,0.469
2014/08/19 15:39:50,1.57,37.82542,-121.99500,388.451,40.135,0.0,-87,0.485,1.000,0.979
2014/08/19 15:39:55,1.57,37.82608,-121.99561,396.982,41.295,0.0,-87,1.326,1.667,1.165
2014/08/19 15:40:00,1.57,37.82671,-121.99632,399.934,40.994,0.0,-87,0.768,1.667,0.693
2014/08/19 15:40:05,1.57,37.82724,-121.99704,394.029,37.343,0.0,-87,0.636,2.250,1.010
2014/08/19 15:40:10,1.82,37.82772,-121.99777,392.388,38.662,0.0,-87,1.122,0.000,1.170
2014/08/19 15:40:15,1.82,37.82818,-121.99848,391.732,34.235,0.0,-85,0.711,2.042,1.061
2014/08/19 15:40:20,1.82,37.82862,-121.99915,392.388,34.848,0.0,-85,1.233,1.875,0.989
2014/08/19 15:40:25,1.82,37.82908,-121.99984,391.076,31.792,0.0,-85,1.020,1.792,1.494
2014/08/19 15:40:30,1.82,37.82943,-122.00040,391.404,27.376,0.0,-85,0.896,1.708,0.522
2014/08/19 15:40:35,1.57,37.82982,-122.00099,393.373,31.522,0.0,-85,0.520,1.792,0.563
2014/08/19 15:40:40,1.57,37.83022,-122.00162,393.701,32.979,0.0,-85,1.228,2.000,0.518
2014/08/19 15:40:45,1.57,37.83061,-122.00222,394.357,25.531,0.0,-85,1.775,1.875,0.475
2014/08/19 15:40:50,1.71,37.83091,-122.00268,395.013,22.696,0.0,-65,0.900,1.792,0.637
2014/08/19 15:40:55,1.71,37.83120,-122.00313,393.701,23.606,0.0,-65,0.708,2.000,0.522
2014/08/19 15:41:00,1.71,37.83149,-122.00357,392.717,18.588,0.0,-65,1.333,1.833,0.595
2014/08/19 15:41:05,1.71,37.83167,-122.00386,391.732,12.701,0.0,-65,0.909,0.000,0.416
2014/08/19 15:41:10,1.71,37.83179,-122.00404,391.076,3.382,0.0,-65,1.173,1.792,0.479
2014/08/19 15:41:15,1.71,37.83180,-122.00405,392.717,0.028,0.0,-65,0.805,1.792,1.725
2014/08/19 15:41:20,1.71,37.83180,-122.00405,394.357,0.021,0.0,-79,0.000,1.792,0.000
2014/08/19 15:41:25,1.46,37.83182,-122.00407,394.685,2.746,0.0,-79,0.943,2.625,2.482
2014/08/19 15:41:30,1.71,37.83192,-122.00422,395.341,10.835,0.0,-79,1.540,1.958,1.302
2014/08/19 15:41:35,1.71,37.83208,-122.00448,395.013,15.895,0.0,-79,1.091,2.042,1.171
2014/08/19 15:41:40,1.71,37.83233,-122.00487,392.388,22.086,0.0,-79,0.578,1.333,1.478
2014/08/19 15:41:45,1.71,37.83264,-122.00535,389.764,26.250,0.0,-79,0.481,0.000,2.086
2014/08/19 15:41:50,1.71,37.83299,-122.00589,388.780,26.994,0.0,-87,0.726,1.625,1.013
2014/08/19 15:41:55,1.71,37.83335,-122.00643,387.467,29.786,0.0,-87,0.706,2.000,1.037
2014/08/19 15:42:00,1.72,37.83375,-122.00706,385.171,32.183,0.0,-87,0.808,1.958,1.318
2014/08/19 15:42:05,1.72,37.83416,-122.00773,382.546,34.233,0.0,-87,0.558,2.083,2.371
2014/08/19 15:42:10,1.72,37.83460,-122.00844,381.562,36.456,0.0,-87,0.683,0.000,3.386
2014/08/19 15:42:15,1.72,37.83507,-122.00923,380.249,42.243,0.0,-87,0.673,1.375,1.327
2014/08/19 15:42:20,1.72,37.83558,-122.01008,377.953,39.899,0.0,-91,0.583,2.125,1.377
2014/08/19 15:42:25,1.72,37.83603,-122.01083,376.640,34.474,0.0,-91,0.669,2.000,1.226
2014/08/19 15:42:30,1.72,37.83641,-122.01145,375.984,28.882,0.0,-91,1.461,0.000,1.555
2014/08/19 15:42:35,1.72,37.83668,-122.01190,376.640,11.244,0.0,-91,1.594,1.958,1.091
2014/08/19 15:42:40,1.72,37.83673,-122.01197,379.593,0.058,0.0,-91,0.929,2.667,0.985
2014/08/19 15:42:45,1.72,37.83676,-122.01202,380.906,4.336,0.0,-91,0.780,1.958,1.169
2014/08/19 15:42:50,1.72,37.83678,-122.01206,383.202,0.019,0.0,-91,1.220,2.292,0.874
2014/08/19 15:42:55,1.72,37.83680,-122.01210,384.843,3.521,0.0,-71,0.894,2.083,0.628
2014/08/19 15:43:00,1.72,37.83684,-122.01215,383.858,0.114,0.0,-71,1.213,0.000,0.679
2014/08/19 15:43:06,1.72,37.83686,-122.01220,386.483,5.468,0.0,-71,1.180,2.000,0.671
2014/08/19 15:43:11,1.72,37.83699,-122.01241,384.843,14.597,0.0,-71,0.703,1.958,1.213
2014/08/19 15:43:16,1.72,37.83724,-122.01282,381.234,24.437,0.0,-71,0.825,1.958,1.258
2014/08/19 15:43:21,1.72,37.83758,-122.01337,378.281,29.254,0.0,-71,0.873,2.000,0.000
2014/08/19 15:43:26,1.72,37.83796,-122.01401,374.672,33.346,0.0,-83,0.644,2.000,2.414
2014/08/19 15:43:31,2.21,37.83840,-122.01474,370.735,38.193,0.0,-83,1.147,0.000,0.486
2014/08/19 15:43:36,1.72,37.83887,-122.01553,366.470,39.336,0.0,-83,1.136,0.000,0.523
2014/08/19 15:43:41,1.72,37.83939,-122.01639,365.157,45.627,0.0,-83,1.433,0.000,0.199
2014/08/19 15:43:46,1.72,37.83999,-122.01738,361.549,50.942,0.0,-83,1.387,0.083,0.247
2014/08/19 15:43:51,1.72,37.84063,-122.01842,359.580,52.317,0.0,-83,0.683,1.458,0.303
2014/08/19 15:43:56,2.02,37.84131,-122.01943,355.643,51.511,0.0,-79,1.030,1.792,0.492
2014/08/19 15:44:01,1.72,37.84199,-122.02037,354.987,48.694,0.0,-79,0.987,1.875,0.507
2014/08/19 15:44:06,2.21,37.84262,-122.02121,354.659,43.121,0.0,-79,0.638,1.875,0.426
2014/08/19 15:44:11,2.21,37.84322,-122.02202,353.346,43.965,0.0,-79,1.445,1.250,1.029
2014/08/19 15:44:16,1.73,37.84380,-122.02279,351.378,41.523,0.0,-79,0.788,1.000,1.170
2014/08/19 15:44:21,1.73,37.84439,-122.02357,347.769,41.777,0.0,-79,1.034,1.083,0.770
2014/08/19 15:44:26,1.73,37.84493,-122.02427,343.504,36.086,0.0,-101,0.710,1.250,2.318
2014/08/19 15:44:31,1.73,37.84545,-122.02497,338.255,40.371,0.0,-101,0.384,2.458,2.646
2014/08/19 15:44:36,2.21,37.84603,-122.02573,334.318,42.702,0.0,-101,0.567,0.000,0.000
2014/08/19 15:44:41,2.21,37.84663,-122.02650,322.178,43.176,0.0,-101,0.464,1.208,0.703
2014/08/19 15:44:46,2.21,37.84721,-122.02711,313.320,29.788,0.0,-101,0.527,1.625,0.950
2014/08/19 15:44:51,1.73,37.84764,-122.02749,309.711,24.656,0.0,-101,0.672,1.667,0.533
2014/08/19 15:44:56,1.73,37.84806,-122.02778,315.617,23.032,0.0,-87,0.642,2.208,0.575
2014/08/19 15:45:01,1.73,37.84849,-122.02803,313.648,25.967,0.0,-87,0.510,0.000,0.613
2014/08/19 15:45:06,2.21,37.84905,-122.02830,309.711,32.064,0.0,-87,0.411,2.208,0.729
2014/08/19 15:45:11,1.73,37.84969,-122.02851,307.415,33.089,0.0,-87,0.561,2.250,1.350
2014/08/19 15:45:16,1.73,37.85031,-122.02863,303.478,26.691,0.0,-87,0.772,1.667,0.610
2014/08/19 15:45:21,1.73,37.85081,-122.02869,303.806,24.043,0.0,-87,0.364,1.125,0.802
2014/08/19 15:45:26,1.73,37.85128,-122.02874,304.790,22.661,0.0,-87,0.583,1.708,0.218
2014/08/19 15:45:31,1.73,37.85172,-122.02879,305.774,21.921,0.0,-81,1.176,0.000,0.290
2014/08/19 15:45:36,1.73,37.85215,-122.02883,306.430,21.178,0.0,-81,0.761,1.667,0.370
2014/08/19 15:45:41,1.47,37.85258,-122.02887,306.102,20.564,0.0,-81,0.960,2.208,0.497
2014/08/19 15:45:46,1.89,37.85285,-122.02890,305.118,3.596,0.0,-81,1.203,1.625,1.750
2014/08/19 15:45:51,1.73,37.85288,-122.02890,304.462,1.801,0.0,-81,0.879,1.833,1.422
2014/08/19 15:45:56,1.89,37.85290,-122.02891,304.134,0.098,0.0,-81,1.024,1.667,2.662
2014/08/19 15:46:01,1.73,37.85295,-122.02891,305.446,7.155,0.0,-75,1.075,1.708,1.183
2014/08/19 15:46:06,1.73,37.85319,-122.02894,306.759,15.644,0.0,-75,0.943,1.625,1.185
2014/08/19 15:46:11,1.73,37.85359,-122.02899,306.430,24.312,0.0,-75,0.736,1.792,1.830
2014/08/19 15:46:16,1.73,37.85415,-122.02908,303.806,30.738,0.0,-75,0.645,0.000,2.065
2014/08/19 15:46:21,1.74,37.85479,-122.02927,303.150,33.988,0.0,-75,0.343,1.750,1.594
2014/08/19 15:46:26,1.74,37.85541,-122.02954,304.790,31.265,0.0,-75,0.650,1.708,0.661
2014/08/19 15:46:31,1.74,37.85598,-122.02985,304.790,30.706,0.0,-83,1.186,1.667,0.998
2014/08/19 15:46:36,1.74,37.85658,-122.03021,303.150,35.118,0.0,-83,0.931,1.667,0.980
2014/08/19 15:46:41,1.74,37.85728,-122.03064,300.853,41.067,0.0,-83,0.553,2.167,0.761
2014/08/19 15:46:46,2.21,37.85798,-122.03107,299.213,35.857,0.0,-83,0.700,0.000,0.747
2014/08/19 15:46:51,2.21,37.85854,-122.03141,297.900,26.152,0.0,-83,0.651,1.917,0.414
2014/08/19 15:46:56,2.21,37.85888,-122.03162,296.588,16.395,0.0,-83,0.719,2.208,0.498
2014/08/19 15:47:01,1.74,37.85917,-122.03180,294.619,17.038,0.0,-77,0.994,2.292,0.570
2014/08/19 15:47:06,1.74,37.85949,-122.03199,293.635,17.700,0.0,-77,1.221,2.167,0.701
2014/08/19 15:47:11,1.74,37.85987,-122.03223,292.651,26.520,0.0,-77,1.461,0.000,1.366
2014/08/19 15:47:16,2.21,37.86037,-122.03254,291.010,28.312,0.0,-77,1.392,2.208,2.417
2014/08/19 15:47:21,1.74,37.86084,-122.03282,291.667,24.573,0.0,-77,1.181,2.208,1.621
2014/08/19 15:47:26,1.74,37.86133,-122.03312,288.386,29.567,0.0,-77,1.269,2.083,2.490
2014/08/19 15:47:31,1.74,37.86190,-122.03359,281.824,37.616,0.0,-77,0.776,2.083,1.898
2014/08/19 15:47:36,1.74,37.86252,-122.03426,271.325,42.734,0.0,-73,1.018,2.042,1.543
2014/08/19 15:47:41,1.74,37.86310,-122.03502,265.420,41.630,0.0,-73,0.243,0.000,1.818
2014/08/19 15:47:46,1.74,37.86364,-122.03573,263.780,34.684,0.0,-73,0.481,1.708,0.959
2014/08/19 15:47:51,1.74,37.86407,-122.03630,263.780,28.384,0.0,-73,0.000,2.500,1.161
2014/08/19 15:47:56,1.74,37.86441,-122.03674,262.467,20.184,0.0,-73,0.791,2.042,0.972
2014/08/19 15:48:01,1.74,37.86470,-122.03708,261.155,20.813,0.0,-73,1.131,2.083,0.768
2014/08/19 15:48:06,1.74,37.86506,-122.03747,260.499,24.892,0.0,-51,1.161,2.042,0.630
2014/08/19 15:48:11,1.74,37.86547,-122.03784,257.546,26.926,0.0,-51,1.555,2.083,0.606
2014/08/19 15:48:16,1.74,37.86596,-122.03822,255.249,30.468,0.0,-51,1.562,0.000,0.327
2014/08/19 15:48:21,1.74,37.86656,-122.03866,255.577,35.390,0.0,-51,0.804,0.000,0.199
2014/08/19 15:48:26,1.74,37.86715,-122.03909,256.890,31.251,0.0,-51,0.916,0.083,0.204
2014/08/19 15:48:31,1.75,37.86768,-122.03948,255.906,32.295,0.0,-51,0.909,1.750,0.343
2014/08/19 15:48:36,1.75,37.86828,-122.03991,255.906,36.827,0.0,-91,1.484,1.750,0.498
2014/08/19 15:48:41,1.75,37.86898,-122.04043,253.937,44.417,0.0,-91,1.585,1.708,0.423
2014/08/19 15:48:46,1.75,37.86981,-122.04104,252.625,48.985,0.0,-91,0.867,1.458,0.503
2014/08/19 15:48:51,1.75,37.87068,-122.04167,252.297,50.565,0.0,-91,0.506,1.042,0.489
2014/08/19 15:48:56,1.75,37.87156,-122.04232,252.297,51.356,0.0,-91,0.477,0.000,0.954
2014/08/19 15:49:01,1.75,37.87246,-122.04300,251.640,52.650,0.0,-91,0.483,0.625,2.109
2014/08/19 15:49:06,2.2,37.87339,-122.04368,249.672,53.998,0.0,-87,0.860,1.750,1.654
2014/08/19 15:49:11,1.75,37.87433,-122.04439,248.688,53.138,0.0,-87,0.545,1.708,1.902
2014/08/19 15:49:16,1.75,37.87518,-122.04514,244.751,49.005,0.0,-87,0.706,2.000,1.222
2014/08/19 15:49:21,1.93,37.87580,-122.04576,234.908,34.205,0.0,-87,0.638,1.500,0.794
2014/08/19 15:49:26,1.75,37.87629,-122.04630,227.690,32.410,0.0,-87,0.510,0.000,1.163
2014/08/19 15:49:31,1.75,37.87678,-122.04683,221.785,32.076,0.0,-87,0.323,2.125,0.609
2014/08/19 15:49:36,1.93,37.87729,-122.04738,213.583,34.426,0.0,-87,1.199,1.542,0.247
2014/08/19 15:49:41,1.75,37.87784,-122.04795,206.365,35.516,0.0,-83,1.349,1.000,0.759
2014/08/19 15:49:46,1.75,37.87842,-122.04848,202.428,34.420,0.0,-83,0.663,0.000,0.363
2014/08/19 15:49:51,1.86,37.87896,-122.04889,201.444,30.035,0.0,-83,0.749,1.542,0.672
2014/08/19 15:49:56,1.75,37.87941,-122.04919,204.068,24.356,0.0,-83,0.740,1.000,1.228
2014/08/19 15:50:01,2.04,37.87972,-122.04939,205.709,9.471,0.0,-83,0.291,0.000,2.560
2014/08/19 15:50:06,2.04,37.87988,-122.04948,211.942,7.980,0.0,-83,0.562,1.042,0.199
2014/08/19 15:50:11,2.04,37.88006,-122.04960,213.583,15.176,0.0,-87,1.696,1.500,0.335
2014/08/19 15:50:16,1.75,37.88025,-122.04973,214.567,3.692,0.0,-87,0.737,2.000,0.520
2014/08/19 15:50:21,1.75,37.88027,-122.04973,217.520,0.006,0.0,-87,1.071,0.000,1.290
2014/08/19 15:50:26,2.04,37.88027,-122.04973,216.864,0.034,0.0,-87,0.714,1.958,0.631
2014/08/19 15:50:31,1.75,37.88028,-122.04974,216.864,2.278,0.0,-87,0.816,1.875,0.737
2014/08/19 15:50:36,1.75,37.88038,-122.04980,216.864,9.841,0.0,-87,0.990,2.042,0.458
2014/08/19 15:50:42,1.75,37.88061,-122.04995,218.504,14.281,0.0,-91,0.491,0.000,0.982
2014/08/19 15:50:47,1.75,37.88098,-122.05017,220.472,25.522,0.0,-91,0.221,1.042,0.487
2014/08/19 15:50:52,1.75,37.88150,-122.05057,215.879,33.988,0.0,-91,0.356,1.667,0.897
2014/08/19 15:50:57,1.76,37.88206,-122.05108,207.021,29.127,0.0,-91,0.681,2.000,0.991
2014/08/19 15:51:02,1.76,37.88235,-122.05139,199.803,11.786,0.0,-91,1.063,2.000,1.558
2014/08/19 15:51:07,1.76,37.88262,-122.05165,197.178,23.230,0.0,-91,1.145,0.000,2.315
2014/08/19 15:51:12,1.76,37.88305,-122.05213,188.320,32.476,0.0,-71,0.889,2.458,0.223
2014/08/19 15:51:17,1.95,37.88355,-122.05270,180.446,34.293,0.0,-71,1.017,1.833,1.130
2014/08/19 15:51:22,1.76,37.88415,-122.05339,178.806,43.196,0.0,-71,0.692,2.083,0.423
2014/08/19 15:51:27,1.76,37.88479,-122.05412,176.509,43.380,0.0,-71,0.000,0.000,0.446
2014/08/19 15:51:32,1.96,37.88543,-122.05483,170.276,41.888,0.0,-71,0.524,1.833,0.417
2014/08/19 15:51:37,1.76,37.88611,-122.05549,166.010,45.007,0.0,-71,0.442,1.792,0.000
2014/08/19 15:51:42,1.76,37.88692,-122.05604,166.010,46.057,0.0,-71,0.310,0.625,4.742
2014/08/19 15:51:47,1.76,37.88776,-122.05658,164.370,46.820,0.0,-81,0.769,0.000,0.790
2014/08/19 15:51:52,1.76,37.88858,-122.05712,165.026,45.267,0.0,-81,1.243,1.792,1.046
2014/08/19 15:51:57,1.76,37.88932,-122.05775,170.604,42.413,0.0,-81,0.941,1.250,1.821
2014/08/19 15:52:02,1.76,37.88990,-122.05845,162.730,39.043,0.0,-81,0.644,1.208,1.531
2014/08/19 15:52:07,2.19,37.89037,-122.05923,159.121,38.633,0.0,-81,0.638,1.208,2.290
2014/08/19 15:52:12,2.19,37.89077,-122.06004,156.496,32.579,0.0,-81,0.712,0.000,0.000
2014/08/19 15:52:17,2.19,37.89111,-122.06077,159.449,37.149,0.0,-75,0.602,1.833,3.410
2014/08/19 15:52:22,2.36,37.89152,-122.06164,162.402,41.274,0.0,-75,0.523,1.792,2.130
2014/08/19 15:52:27,2.19,37.89195,-122.06259,166.010,46.028,0.0,-75,0.543,1.208,2.834
2014/08/19 15:52:32,2.4,37.89246,-122.06364,166.995,50.336,0.0,-75,0.000,0.000,0.000
2014/08/19 15:52:37,2.19,37.89303,-122.06474,167.651,53.771,0.0,-75,0.000,0.000,0.000
2014/08/19 15:52:42,2.36,37.89365,-122.06591,175.525,56.479,0.0,-75,0.000,0.000,0.000
2014/08/19 15:52:47,1.76,37.89430,-122.06713,194.882,60.410,0.0,-61,0.000,0.000,7.206
2014/08/19 15:52:52,1.76,37.89499,-122.06844,219.816,62.116,0.0,-61,0.000,0.000,0.198
2014/08/19 15:52:57,1.76,37.89565,-122.06975,237.861,59.189,0.0,-61,0.008,0.042,0.207
2014/08/19 15:53:02,1.76,37.89610,-122.07109,241.798,57.753,0.0,-61,2.769,1.250,0.230
2014/08/19 15:53:07,1.76,37.89633,-122.07255,230.315,60.145,0.0,-61,2.280,1.083,0.201
2014/08/19 15:53:12,2.04,37.89634,-122.07416,223.097,64.389,0.0,-61,2.278,0.667,0.241
2014/08/19 15:53:17,1.76,37.89632,-122.07579,243.766,62.131,0.0,-51,1.241,0.167,0.203
2014/08/19 15:53:22,1.76,37.89649,-122.07727,268.701,56.885,0.0,-51,0.905,0.750,0.199
2014/08/19 15:53:27,1.76,37.89682,-122.07863,281.168,56.746,0.0,-51,1.365,0.000,0.745
2014/08/19 15:53:32,1.77,37.89714,-122.07994,286.089,50.984,0.0,-51,0.900,1.250,0.314
2014/08/19 15:53:37,1.77,37.89746,-122.08118,291.339,52.874,0.0,-51,1.214,1.167,0.458
2014/08/19 15:53:42,1.77,37.89778,-122.08249,301.837,54.751,0.0,-51,1.811,1.750,0.662
2014/08/19 15:53:47,1.84,37.89806,-122.08385,312.336,55.622,0.0,-51,2.067,1.458,0.326
2014/08/19 15:53:52,1.77,37.89818,-122.08525,328.084,55.536,0.0,-73,1.280,0.792,1.197
2014/08/19 15:53:57,1.77,37.89819,-122.08671,339.895,58.343,0.0,-73,0.800,0.292,0.722
2014/08/19 15:54:02,1.77,37.89814,-122.08822,326.772,61.320,0.0,-73,1.155,1.000,1.462
2014/08/19 15:54:07,1.77,37.89809,-122.08979,310.696,63.818,0.0,-73,0.898,1.458,0.770
2014/08/19 15:54:12,1.77,37.89803,-122.09144,295.276,66.883,0.0,-73,1.121,0.000,1.969
2014/08/19 15:54:17,1.77,37.89798,-122.09316,291.339,68.136,0.0,-73,1.369,1.167,2.010
2014/08/19 15:54:22,1.77,37.89794,-122.09484,302.165,63.977,0.0,-79,1.331,0.958,0.000
2014/08/19 15:54:27,1.77,37.89789,-122.09640,313.976,59.874,0.0,-79,0.916,0.750,2.797
2014/08/19 15:54:32,1.77,37.89783,-122.09788,331.037,57.332,0.0,-79,0.919,0.958,2.511
2014/08/19 15:54:37,1.77,37.89769,-122.09930,340.223,55.662,0.0,-79,1.248,0.000,3.410
2014/08/19 15:54:42,1.77,37.89748,-122.10073,346.129,58.374,0.0,-79,1.395,1.375,3.563
2014/08/19 15:54:47,2.05,37.89725,-122.10219,352.362,58.484,0.0,-79,1.314,0.000,2.691
2014/08/19 15:54:52,1.77,37.89700,-122.10364,360.236,60.166,0.0,-67,1.872,0.792,0.630
2014/08/19 15:54:57,1.77,37.89677,-122.10512,372.047,59.661,0.0,-67,1.447,0.792,0.282
2014/08/19 15:55:02,1.77,37.89653,-122.10663,380.577,61.846,0.0,-67,1.558,0.792,0.790
2014/08/19 15:55:07,2.28,37.89627,-122.10820,395.997,65.049,0.0,-67,1.594,0.792,0.703
2014/08/19 15:55:12,1.89,37.89600,-122.10983,400.591,66.048,0.0,-67,1.258,0.833,0.597
2014/08/19 15:55:17,1.89,37.89575,-122.11146,409.777,66.003,0.0,-67,1.259,1.167,0.531
2014/08/19 15:55:22,1.89,37.89550,-122.11312,409.449,66.453,0.0,-77,0.688,0.000,2.842
2014/08/19 15:55:27,1.89,37.89525,-122.11469,413.386,61.403,0.0,-77,1.020,0.417,1.211
2014/08/19 15:55:32,1.89,37.89500,-122.11622,402.887,62.087,0.0,-77,0.942,1.417,1.410
2014/08/19 15:55:37,1.89,37.89474,-122.11779,400.919,63.862,0.0,-77,1.069,1.042,2.027
2014/08/19 15:55:42,1.89,37.89448,-122.11930,403.215,59.550,0.0,-77,1.134,1.292,0.918
2014/08/19 15:55:47,1.77,37.89425,-122.12074,400.919,57.472,0.0,-77,0.680,0.000,0.279
2014/08/19 15:55:52,1.89,37.89400,-122.12215,416.010,55.485,0.0,-77,1.247,1.167,0.448
2014/08/19 15:55:57,1.77,37.89368,-122.12349,411.417,56.318,0.0,-75,1.641,1.208,0.538
2014/08/19 15:56:02,1.89,37.89333,-122.12494,410.433,61.500,0.0,-75,0.000,1.167,1.056
2014/08/19 15:56:07,1.77,37.89297,-122.12645,402.559,59.133,0.0,-75,1.761,0.000,0.353
2014/08/19 15:56:12,1.77,37.89265,-122.12778,408.793,52.198,0.0,-75,2.305,1.167,0.295
2014/08/19 15:56:17,2.05,37.89234,-122.12903,416.339,51.610,0.0,-75,1.717,0.792,0.770
2014/08/19 15:56:22,1.78,37.89199,-122.13034,419.291,56.742,0.0,-75,1.547,0.000,0.714
2014/08/19 15:56:27,1.78,37.89164,-122.13176,429.134,59.700,0.0,-77,1.434,1.250,0.524
2014/08/19 15:56:32,1.78,37.89129,-122.13320,441.601,59.361,0.0,-77,1.447,1.208,0.283
2014/08/19 15:56:37,1.78,37.89096,-122.13466,454.068,60.707,0.0,-77,2.089,0.000,0.269
2014/08/19 15:56:42,1.78,37.89082,-122.13621,470.472,62.074,0.0,-77,1.736,0.792,0.517
2014/08/19 15:56:47,1.85,37.89091,-122.13776,479.987,59.941,0.0,-77,1.972,1.542,0.659
2014/08/19 15:56:52,1.78,37.89116,-122.13927,474.081,59.730,0.0,-77,1.133,0.833,1.593
2014/08/19 15:56:57,1.78,37.89142,-122.14076,465.551,59.314,0.0,-95,0.323,0.000,0.354
2014/08/19 15:57:02,1.78,37.89161,-122.14226,453.412,60.472,0.0,-95,1.208,1.208,0.457
2014/08/19 15:57:07,1.85,37.89163,-122.14381,439.304,61.618,0.0,-95,0.831,0.792,1.563
2014/08/19 15:57:12,1.78,37.89151,-122.14540,423.556,65.295,0.0,-95,0.741,1.208,1.477
2014/08/19 15:57:17,1.78,37.89137,-122.14707,416.339,66.394,0.0,-95,0.806,0.000,1.489
2014/08/19 15:57:22,1.78,37.89138,-122.14873,411.745,65.345,0.0,-95,0.811,1.167,0.762
2014/08/19 15:57:27,1.78,37.89158,-122.15035,423.885,64.788,0.0,-77,1.315,1.292,0.390
2014/08/19 15:57:32,2.16,37.89182,-122.15195,443.570,63.699,0.0,-77,1.057,1.583,0.658
2014/08/19 15:57:37,1.78,37.89205,-122.15354,460.630,63.680,0.0,-77,1.139,1.958,0.539
2014/08/19 15:57:42,1.78,37.89229,-122.15511,476.706,62.643,0.0,-77,1.475,1.583,0.338
2014/08/19 15:57:47,1.78,37.89256,-122.15695,498.688,61.344,0.0,-77,1.174,0.792,0.827
2014/08/19 15:57:52,1.78,37.89279,-122.15849,517.717,61.569,0.0,-77,0.803,0.000,0.332
2014/08/19 15:57:57,1.78,37.89299,-122.16000,535.433,60.456,0.0,-77,1.395,1.167,0.458
2014/08/19 15:58:02,1.78,37.89311,-122.16153,555.774,60.637,0.0,-83,1.250,1.208,0.649
2014/08/19 15:58:07,1.78,37.89314,-122.16308,575.459,60.730,0.0,-83,1.736,0.792,0.277
2014/08/19 15:58:12,1.78,37.89308,-122.16457,595.801,58.770,0.0,-83,1.931,1.625,0.826
2014/08/19 15:58:17,1.78,37.89295,-122.16605,611.877,58.149,0.0,-83,0.869,0.417,0.582
2014/08/19 15:58:22,1.78,37.89273,-122.16749,630.906,58.628,0.0,-83,1.008,0.000,0.614
2014/08/19 15:58:27,1.9,37.89243,-122.16893,642.717,58.611,0.0,-83,1.297,0.792,0.994
2014/08/19 15:58:32,1.9,37.89206,-122.17029,648.622,54.909,0.0,-91,1.855,0.833,0.276
2014/08/19 15:58:37,1.81,37.89165,-122.17159,647.966,55.217,0.0,-91,1.728,0.792,0.202
2014/08/19 15:58:42,1.78,37.89111,-122.17285,637.467,57.315,0.0,-91,0.825,0.000,0.240
2014/08/19 15:58:47,1.78,37.89048,-122.17407,632.874,56.498,0.0,-91,0.581,0.375,4.383
2014/08/19 15:58:52,1.78,37.88977,-122.17519,631.234,57.300,0.0,-91,2.250,0.000,0.218
2014/08/19 15:58:57,1.9,37.88896,-122.17623,626.640,56.933,0.0,-91,2.122,0.833,0.285
2014/08/19 15:59:02,1.9,37.88807,-122.17715,617.782,57.929,0.0,-85,2.264,1.167,0.245
2014/08/19 15:59:07,1.9,37.88711,-122.17797,612.533,58.545,0.0,-85,2.819,0.000,0.243
2014/08/19 15:59:12,1.9,37.88607,-122.17867,597.113,60.073,0.0,-85,2.933,0.792,0.209
2014/08/19 15:59:17,1.91,37.88497,-122.17934,577.428,61.125,0.0,-85,2.117,0.792,0.217
2014/08/19 15:59:22,1.94,37.88388,-122.18003,559.055,59.777,0.0,-85,1.653,0.000,0.462
2014/08/19 15:59:27,1.78,37.88283,-122.18070,540.354,58.518,0.0,-85,1.297,2.000,1.398
2014/08/19 15:59:32,1.78,37.88183,-122.18153,530.840,60.711,0.0,-67,1.917,1.292,0.330
2014/08/19 15:59:37,1.78,37.88092,-122.18257,524.934,60.694,0.0,-67,2.155,1.542,0.369
2014/08/19 15:59:42,1.78,37.88008,-122.18366,523.622,58.684,0.0,-67,1.706,1.208,0.219
2014/08/19 15:59:47,1.78,37.87925,-122.18474,530.512,59.979,0.0,-67,0.000,0.000,0.194
2014/08/19 15:59:52,1.78,37.87839,-122.18579,550.197,59.267,0.0,-67,0.789,0.792,0.276
2014/08/19 15:59:57,1.79,37.87746,-122.18664,566.929,57.445,0.0,-67,0.531,1.167,0.334
2014/08/19 16:00:02,1.86,37.87641,-122.18736,570.210,58.557,0.0,-67,1.102,1.583,0.960
2014/08/19 16:00:07,1.79,37.87531,-122.18790,579.068,59.898,0.0,-79,1.722,2.000,0.804
2014/08/19 16:00:12,1.98,37.87418,-122.18849,586.942,62.317,0.0,-79,1.414,1.583,0.842
2014/08/19 16:00:17,1.91,37.87309,-122.18933,596.785,64.463,0.0,-79,1.839,1.625,0.282
2014/08/19 16:00:22,1.91,37.87212,-122.19043,604.987,65.044,0.0,-79,2.178,1.167,0.234
2014/08/19 16:00:27,1.91,37.87123,-122.19159,627.297,63.322,0.0,-79,1.855,1.208,0.410
2014/08/19 16:00:32,1.91,37.87037,-122.19273,642.060,60.260,0.0,-79,1.795,0.000,1.149
2014/08/19 16:00:37,1.91,37.86956,-122.19380,659.121,56.425,0.0,-93,1.739,1.583,0.627
2014/08/19 16:00:42,1.98,37.86880,-122.19481,677.493,53.723,0.0,-93,1.381,1.875,0.566
2014/08/19 16:00:47,1.98,37.86814,-122.19587,694.554,52.094,0.0,-93,1.133,1.292,0.818
2014/08/19 16:00:52,1.86,37.86768,-122.19703,714.895,50.686,0.0,-93,0.908,0.000,1.310
2014/08/19 16:00:57,1.86,37.86746,-122.19825,732.940,48.665,0.0,-93,1.109,0.000,0.210
2014/08/19 16:01:02,1.86,37.86743,-122.19950,758.202,51.453,0.0,-93,1.863,0.042,0.203
2014/08/19 16:01:07,1.86,37.86743,-122.20096,778.871,60.211,0.0,-93,1.775,1.250,0.331
2014/08/19 16:01:12,1.98,37.86730,-122.20243,800.853,56.737,0.0,-93,1.489,0.875,0.505
2014/08/19 16:01:17,1.98,37.86703,-122.20378,820.866,54.746,0.0,-93,1.417,0.917,0.794
2014/08/19 16:01:22,3.73,37.86665,-122.20508,844.160,54.847,0.0,-93,1.397,1.042,0.303
2014/08/19 16:01:27,3.73,37.86627,-122.20636,858.596,51.436,0.0,-93,1.844,1.667,0.361
2014/08/19 16:01:32,1.98,37.86582,-122.20749,870.079,49.315,0.0,-93,2.028,0.000,0.364
2014/08/19 16:01:37,2.36,37.86513,-122.20843,894.685,52.135,0.0,-79,2.331,1.333,0.267
2014/08/19 16:01:42,2.29,37.86421,-122.20907,913.058,52.731,0.0,-79,2.422,0.583,0.259
2014/08/19 16:01:47,2.29,37.86321,-122.20947,916.667,52.586,0.0,-79,1.831,1.375,0.478
2014/08/19 16:01:52,3.72,37.86225,-122.20998,913.386,52.087,0.0,-79,1.210,2.333,0.529
2014/08/19 16:01:57,4.53,37.86132,-122.21066,912.730,55.732,0.0,-79,1.922,1.667,0.671
2014/08/19 16:02:02,10.23,37.86110,-122.21079,910.761,59.213,0.0,-79,1.700,0.000,0.530
2014/08/19 16:02:07,10.23,37.86110,-122.21079,910.761,59.213,0.0,-87,1.425,2.042,0.803
2014/08/19 16:02:12,10.23,37.86110,-122.21079,910.761,59.213,0.0,-87,1.472,1.667,2.018
2014/08/19 16:02:17,10.23,37.86110,-122.21079,910.761,59.213,0.0,-87,0.868,1.583,0.423
2014/08/19 16:02:22,10.23,37.86110,-122.21079,910.761,59.213,0.0,-87,0.755,1.875,0.211
2014/08/19 16:02:27,10.23,37.86110,-122.21079,910.761,59.213,0.0,-87,1.294,1.667,0.258
2014/08/19 16:02:32,10.23,37.86110,-122.21079,910.761,59.213,0.0,-87,2.181,1.667,0.591
2014/08/19 16:02:37,1.87,37.85454,-122.21949,746.719,57.018,0.0,-87,1.475,1.708,0.402
2014/08/19 16:02:42,1.87,37.85408,-122.22075,744.423,54.459,0.0,-71,0.728,1.833,0.474
2014/08/19 16:02:47,1.87,37.85338,-122.22181,722.769,55.835,0.0,-71,0.941,0.000,0.243
2014/08/19 16:02:52,1.92,37.85244,-122.22249,695.210,53.572,0.0,-71,1.284,1.708,0.609
2014/08/19 16:02:57,1.92,37.85139,-122.22290,660.761,56.126,0.0,-71,1.239,1.792,0.370
2014/08/19 16:03:02,1.92,37.85031,-122.22340,625.656,57.898,0.0,-71,1.095,1.667,0.629
2014/08/19 16:03:07,1.79,37.84944,-122.22435,601.706,56.244,0.0,-71,1.661,1.667,0.518
2014/08/19 16:03:12,1.92,37.84890,-122.22559,570.210,57.034,0.0,-85,1.558,1.375,0.240
2014/08/19 16:03:17,1.79,37.84876,-122.22705,537.073,59.073,0.0,-85,0.732,1.333,0.466
2014/08/19 16:03:22,1.79,37.84890,-122.22856,501.969,60.300,0.0,-85,0.812,1.708,1.214
2014/08/19 16:03:27,2.15,37.84905,-122.23008,471.785,60.745,0.0,-85,1.190,2.333,2.311
2014/08/19 16:03:33,2.06,37.84907,-122.23160,447.835,59.803,0.0,-85,1.459,1.917,0.798
2014/08/19 16:03:38,1.79,37.84892,-122.23311,424.869,60.873,0.0,-85,1.616,1.583,0.377
2014/08/19 16:03:43,1.79,37.84884,-122.23465,404.528,60.015,0.0,-57,2.136,0.000,0.326
2014/08/19 16:03:48,1.79,37.84917,-122.23607,374.016,58.040,0.0,-57,2.411,2.125,0.207
2014/08/19 16:03:53,1.79,37.84975,-122.23736,353.675,57.409,0.0,-57,1.125,1.042,0.234
2014/08/19 16:03:58,2.08,37.85010,-122.23877,330.052,59.749,0.0,-57,1.283,1.583,0.314
2014/08/19 16:04:03,1.79,37.85002,-122.24029,304.462,61.465,0.0,-57,0.820,0.000,0.854
2014/08/19 16:04:08,1.79,37.84953,-122.24172,296.260,61.795,0.0,-57,1.186,2.083,1.388
2014/08/19 16:04:13,1.79,37.84887,-122.24304,289.370,62.100,0.0,-69,1.205,1.583,0.535
2014/08/19 16:04:18,1.79,37.84814,-122.24435,283.136,64.016,0.0,-69,0.660,0.000,3.751
2014/08/19 16:04:23,1.79,37.84737,-122.24573,274.934,69.599,0.0,-69,0.723,1.042,0.386
2014/08/19 16:04:28,1.79,37.84660,-122.24720,261.811,70.088,0.0,-69,1.578,2.083,0.590
2014/08/19 16:04:33,1.79,37.84592,-122.24878,245.407,70.928,0.0,-69,1.705,1.625,1.226
2014/08/19 16:04:38,2.06,37.84530,-122.25038,239.501,69.184,0.0,-69,1.428,1.583,0.900
2014/08/19 16:04:43,1.79,37.84469,-122.25195,235.236,68.144,0.0,-69,0.734,1.583,0.827
2014/08/19 16:04:48,2.06,37.84410,-122.25348,234.908,66.427,0.0,-63,0.635,1.042,1.467
2014/08/19 16:04:53,1.79,37.84353,-122.25499,229.003,64.938,0.0,-63,1.273,0.000,0.530
2014/08/19 16:04:58,1.79,37.84304,-122.25649,219.488,62.646,0.0,-63,1.062,1.583,0.233
2014/08/19 16:05:03,1.79,37.84258,-122.25794,211.942,63.441,0.0,-63,1.087,2.125,0.302
2014/08/19 16:05:08,1.79,37.84214,-122.25936,210.630,59.541,0.0,-63,0.326,1.042,0.000
2014/08/19 16:05:13,1.79,37.84170,-122.26074,206.693,58.539,0.0,-63,0.227,0.000,0.000
2014/08/19 16:05:18,2.09,37.84123,-122.26209,201.772,58.694,0.0,-81,0.117,1.042,2.386
2014/08/19 16:05:23,2.09,37.84059,-122.26335,188.648,58.253,0.0,-81,0.792,1.583,2.410
2014/08/19 16:05:28,1.79,37.83976,-122.26440,182.743,58.814,0.0,-81,0.838,0.000,0.000
2014/08/19 16:05:33,1.79,37.83875,-122.26516,176.181,58.623,0.0,-81,0.436,0.500,5.755
2014/08/19 16:05:38,1.79,37.83764,-122.26561,169.619,58.369,0.0,-81,1.169,1.500,1.575
2014/08/19 16:05:43,1.83,37.83642,-122.26584,163.058,63.672,0.0,-81,1.206,0.000,1.043
2014/08/19 16:05:48,1.83,37.83514,-122.26608,157.152,64.657,0.0,-75,0.888,2.083,1.058
2014/08/19 16:05:53,1.87,37.83386,-122.26635,146.982,64.784,0.0,-75,0.716,1.542,2.274
2014/08/19 16:05:58,1.87,37.83256,-122.26663,129.265,66.431,0.0,-75,1.445,1.875,0.925
2014/08/19 16:06:03,1.87,37.83123,-122.26689,117.126,66.550,0.0,-75,1.278,1.583,1.032
2014/08/19 16:06:08,1.87,37.82986,-122.26718,109.252,70.865,0.0,-75,1.789,2.125,1.506
2014/08/19 16:06:13,1.79,37.82845,-122.26748,105.643,70.953,0.0,-75,1.194,1.042,3.822
2014/08/19 16:06:18,1.9,37.82707,-122.26780,98.753,69.085,0.0,-73,1.049,1.542,0.930
2014/08/19 16:06:23,1.79,37.82571,-122.26816,84.318,69.332,0.0,-73,0.000,0.000,0.893
2014/08/19 16:06:28,1.99,37.82431,-122.26852,63.320,73.112,0.0,-73,0.840,2.083,1.314
2014/08/19 16:06:33,2.27,37.82302,-122.26889,53.806,62.867,0.0,-73,0.843,0.000,2.603
2014/08/19 16:06:38,1.87,37.82181,-122.26923,62.008,61.035,0.0,-73,1.099,0.000,0.351
2014/08/19 16:06:43,2.0,37.82060,-122.26957,71.522,62.428,0.0,-73,1.476,0.042,0.230
2014/08/19 16:06:48,1.87,37.81939,-122.26990,75.787,61.420,0.0,-73,1.870,1.458,0.310
2014/08/19 16:06:53,1.9,37.81818,-122.27023,73.491,61.296,0.0,-69,2.019,1.583,0.926
2014/08/19 16:06:58,1.79,37.81699,-122.27061,72.507,61.296,0.0,-69,1.378,0.875,1.770
2014/08/19 16:07:03,1.79,37.81580,-122.27101,73.163,61.402,0.0,-69,0.342,0.375,0.381
2014/08/19 16:07:08,1.87,37.81466,-122.27156,71.522,60.827,0.0,-69,0.588,0.750,0.210
2014/08/19 16:07:13,1.79,37.81362,-122.27238,67.913,61.156,0.0,-69,1.073,1.458,0.310
2014/08/19 16:07:18,1.79,37.81270,-122.27338,65.617,60.716,0.0,-69,1.264,0.000,0.502
2014/08/19 16:07:23,1.79,37.81178,-122.27441,59.711,61.281,0.0,-69,0.841,1.667,1.831
2014/08/19 16:07:28,1.93,37.81080,-122.27537,45.276,61.850,0.0,-69,1.423,0.000,0.590
2014/08/19 16:07:33,2.0,37.80949,-122.27632,30.184,64.004,0.0,-69,1.197,0.500,1.110
2014/08/19 16:07:38,1.79,37.80837,-122.27708,29.528,62.983,0.0,-69,1.706,1.125,0.727
2014/08/19 16:07:43,1.79,37.80726,-122.27782,32.808,62.654,0.0,-69,1.939,1.917,0.533
2014/08/19 16:07:48,1.79,37.80614,-122.27851,35.433,61.382,0.0,-69,2.131,1.333,0.210
2014/08/19 16:07:53,1.87,37.80504,-122.27919,34.777,59.520,0.0,-75,2.000,0.625,0.410
2014/08/19 16:07:58,2.0,37.80400,-122.27986,52.822,56.665,0.0,-75,0.141,0.250,3.365
2014/08/19 16:08:03,1.79,37.80296,-122.28030,65.617,53.289,0.0,-75,0.562,0.000,0.682
2014/08/19 16:08:08,1.79,37.80188,-122.28028,76.444,54.171,0.0,-75,0.983,0.417,1.654
2014/08/19 16:08:13,1.79,37.80085,-122.27983,83.333,54.970,0.0,-75,1.478,0.667,1.526
2014/08/19 16:08:18,1.83,37.79999,-122.27899,76.444,52.877,0.0,-75,2.117,1.167,1.038
2014/08/19 16:08:23,1.87,37.79941,-122.27792,67.257,51.421,0.0,-69,2.136,1.167,0.543
2014/08/19 16:08:28,1.83,37.79897,-122.27676,52.165,51.432,0.0,-69,1.069,1.167,0.882
2014/08/19 16:08:33,1.87,37.79848,-122.27561,51.509,51.036,0.0,-69,1.378,0.000,0.269
2014/08/19 16:08:38,1.79,37.79803,-122.27447,53.806,49.811,0.0,-69,0.704,1.208,2.951
2014/08/19 16:08:43,1.83,37.79752,-122.27340,57.743,48.561,0.0,-69,0.532,0.292,0.554
2014/08/19 16:08:48,1.87,37.79709,-122.27229,56.430,49.133,0.0,-69,0.731,0.583,0.242
2014/08/19 16:08:53,1.94,37.79669,-122.27117,49.541,45.682,0.0,-69,2.167,1.458,0.263
2014/08/19 16:08:58,1.83,37.79633,-122.27025,36.089,34.311,0.0,-51,1.833,0.000,0.262
2014/08/19 16:09:03,1.83,37.79610,-122.26966,30.184,17.027,0.0,-51,2.008,0.917,0.250
2014/08/19 16:09:08,1.79,37.79599,-122.26946,37.730,7.057,0.0,-51,2.208,1.458,0.242
2014/08/19 16:09:13,1.94,37.79588,-122.26935,36.745,6.342,0.0,-51,1.617,0.958,0.350
2014/08/19 16:09:18,1.94,37.79586,-122.26931,37.730,1.124,0.0,-51,1.705,0.583,0.299
2014/08/19 16:09:23,1.94,37.79581,-122.26925,39.370,6.322,0.0,-51,1.450,0.583,0.702
2014/08/19 16:09:28,2.08,37.79563,-122.26929,39.698,10.299,0.0,-79,1.095,0.000,0.570
2014/08/19 16:09:33,1.94,37.79543,-122.26938,38.058,9.312,0.0,-79,0.917,0.625,0.366
2014/08/19 16:09:38,2.08,37.79528,-122.26946,45.276,7.310,0.0,-79,1.102,0.875,0.355
2014/08/19 16:09:43,1.94,37.79505,-122.26959,43.635,15.327,0.0,-79,1.100,0.000,0.000
2014/08/19 16:09:48,1.94,37.79475,-122.26975,43.963,15.854,0.0,-79,2.172,0.958,0.000
2014/08/19 16:09:53,1.94,37.79458,-122.26978,51.181,2.789,0.0,-79,1.928,1.208,0.374
2014/08/19 16:09:58,1.94,37.79451,-122.26982,58.399,3.677,0.0,-87,2.136,0.292,0.335
2014/08/19 16:10:03,1.94,37.79445,-122.26986,56.430,6.649,0.0,-87,1.878,0.000,0.246
2014/08/19 16:10:08,1.94,37.79433,-122.26963,60.696,15.460,0.0,-87,0.000,0.583,0.471
2014/08/19 16:10:13,2.18,37.79419,-122.26925,57.087,14.940,0.0,-87,0.000,0.000,0.000
2014/08/19 16:10:18,1.94,37.79412,-122.26908,56.102,2.880,0.0,-87,0.000,0.292,6.411
