Date-Time,DOP,Latitude,Longitude,Altitude (ft),Speed (mph),Heading (deg),mod1 SS (dBm),mod1 Down (Mbs),mod1 Up (Mbs),mod1 Ping (Sec)
2014/09/19 10:52:24,4.72,37.79594,-122.26720,73.163,0.034,0.0,-73,1.138,2.917,0.442
2014/09/19 10:52:29,4.72,37.79594,-122.26720,75.459,0.288,0.0,-73,1.106,3.375,0.257
2014/09/19 10:52:34,2.51,37.79594,-122.26719,75.787,0.343,0.0,-73,1.472,3.000,0.196
2014/09/19 10:52:39,2.5,37.79596,-122.26725,71.850,7.780,0.0,-73,1.784,1.833,0.209
2014/09/19 10:52:44,2.5,37.79606,-122.26752,68.898,15.744,0.0,-73,0.618,2.208,0.180
2014/09/19 10:52:49,2.5,37.79622,-122.26796,65.945,21.795,0.0,-73,0.898,2.833,0.188
2014/09/19 10:52:54,2.5,37.79639,-122.26853,63.320,24.030,0.0,-73,1.401,3.250,0.333
2014/09/19 10:52:59,2.5,37.79660,-122.26917,67.913,30.402,0.0,-77,1.020,3.667,0.610
2014/09/19 10:53:04,2.5,37.79685,-122.26993,77.756,33.385,0.0,-77,0.822,0.000,1.172
2014/09/19 10:53:09,2.5,37.79713,-122.27072,86.942,34.904,0.0,-77,0.448,3.083,0.552
2014/09/19 10:53:14,2.5,37.79745,-122.27162,85.958,42.350,0.0,-77,0.704,2.458,0.281
2014/09/19 10:53:19,2.5,37.79783,-122.27265,84.974,44.489,0.0,-77,1.111,3.417,0.320
2014/09/19 10:53:24,2.5,37.79819,-122.27363,83.661,44.303,0.0,-77,0.609,2.458,0.654
2014/09/19 10:53:29,2.5,37.79862,-122.27477,81.037,54.067,0.0,-77,0.448,1.958,2.832
2014/09/19 10:53:34,2.5,37.79912,-122.27609,79.068,59.972,0.0,-77,0.325,1.000,1.593
2014/09/19 10:53:39,2.5,37.79966,-122.27749,77.428,61.603,0.0,-77,0.954,2.958,1.007
2014/09/19 10:53:44,2.5,37.80021,-122.27888,75.459,61.673,0.0,-77,0.895,0.000,0.629
2014/09/19 10:53:49,2.49,37.80079,-122.28031,70.866,64.690,0.0,-77,0.964,2.458,0.433
2014/09/19 10:53:54,2.49,37.80132,-122.28167,74.475,56.904,0.0,-77,1.017,1.458,0.873
2014/09/19 10:54:00,2.49,37.80182,-122.28293,82.677,54.225,0.0,-65,1.047,0.958,0.513
2014/09/19 10:54:05,2.4,37.80231,-122.28415,90.551,54.257,0.0,-65,2.267,0.000,0.233
2014/09/19 10:54:10,2.4,37.80269,-122.28542,95.801,53.453,0.0,-65,1.653,3.000,0.701
2014/09/19 10:54:15,2.45,37.80295,-122.28672,98.097,52.103,0.0,-65,1.059,1.458,0.241
2014/09/19 10:54:20,2.4,37.80308,-122.28802,98.425,51.089,0.0,-65,1.232,1.958,0.294
2014/09/19 10:54:25,2.46,37.80309,-122.28932,95.801,51.895,0.0,-65,0.950,2.500,0.331
2014/09/19 10:54:30,2.46,37.80297,-122.29064,90.879,52.206,0.0,-81,0.850,1.958,0.654
2014/09/19 10:54:35,2.47,37.80277,-122.29194,80.052,52.287,0.0,-81,0.818,1.583,0.527
2014/09/19 10:54:40,2.47,37.80257,-122.29322,67.585,51.150,0.0,-81,0.874,1.958,1.132
2014/09/19 10:54:45,2.47,37.80235,-122.29452,56.430,56.045,0.0,-81,0.904,1.500,0.593
2014/09/19 10:54:50,2.47,37.80216,-122.29598,43.635,59.467,0.0,-81,1.216,0.000,0.908
2014/09/19 10:54:55,2.47,37.80221,-122.29748,33.136,59.218,0.0,-81,0.672,1.458,3.380
2014/09/19 10:55:00,2.47,37.80248,-122.29895,29.199,60.894,0.0,-81,1.083,1.042,0.204
2014/09/19 10:55:05,2.47,37.80299,-122.30038,26.247,61.767,0.0,-79,0.841,0.958,0.941
2014/09/19 10:55:10,2.48,37.80386,-122.30190,26.903,62.123,0.0,-79,0.699,0.000,0.882
2014/09/19 10:55:15,2.48,37.80480,-122.30296,25.919,63.628,0.0,-79,0.640,1.958,3.436
2014/09/19 10:55:20,2.48,37.80591,-122.30379,24.606,64.482,0.0,-79,0.946,1.500,1.561
2014/09/19 10:55:25,2.48,37.80710,-122.30432,20.013,61.441,0.0,-79,0.905,1.458,2.046
2014/09/19 10:55:30,2.48,37.80830,-122.30454,20.013,58.733,0.0,-79,0.806,1.500,2.414
2014/09/19 10:55:35,2.81,37.80949,-122.30450,21.654,59.403,0.0,-53,1.324,1.583,2.089
2014/09/19 10:55:40,2.49,37.81066,-122.30417,18.701,60.859,0.0,-53,1.187,0.000,1.984
2014/09/19 10:55:45,2.49,37.81178,-122.30354,24.606,62.418,0.0,-53,1.196,2.167,1.619
2014/09/19 10:55:50,2.49,37.81278,-122.30266,19.357,60.575,0.0,-53,0.987,1.667,2.092
2014/09/19 10:55:55,2.49,37.81357,-122.30168,19.029,52.044,0.0,-53,1.972,1.625,1.920
2014/09/19 10:56:00,3.6,37.81425,-122.30062,22.966,53.798,0.0,-53,1.786,1.625,1.050
2014/09/19 10:56:05,3.59,37.81495,-122.29955,31.824,55.426,0.0,-75,1.450,2.208,1.814
2014/09/19 10:56:10,3.59,37.81567,-122.29839,43.963,59.755,0.0,-75,1.639,0.000,2.185
2014/09/19 10:56:15,2.5,37.81644,-122.29730,52.493,54.026,0.0,-75,0.000,0.000,0.274
2014/09/19 10:56:20,2.5,37.81718,-122.29639,57.743,51.172,0.0,-75,0.886,0.042,1.236
2014/09/19 10:56:25,2.5,37.81799,-122.29554,59.055,53.916,0.0,-75,0.436,0.667,0.737
2014/09/19 10:56:30,2.5,37.81891,-122.29474,68.241,56.423,0.0,-75,0.333,1.208,1.001
2014/09/19 10:56:35,2.5,37.81986,-122.29395,80.052,57.342,0.0,-71,0.492,0.000,2.322
2014/09/19 10:56:40,2.5,37.82083,-122.29317,84.318,57.320,0.0,-71,0.767,0.875,0.246
2014/09/19 10:56:46,2.5,37.82182,-122.29241,90.223,57.587,0.0,-71,1.425,1.292,1.093
2014/09/19 10:56:51,2.51,37.82286,-122.29175,90.223,58.729,0.0,-71,0.981,0.958,0.301
2014/09/19 10:56:56,1.76,37.82395,-122.29119,90.551,58.794,0.0,-71,0.932,0.000,0.654
2014/09/19 10:57:01,1.76,37.82507,-122.29074,97.441,57.720,0.0,-71,1.055,1.500,0.658
2014/09/19 10:57:06,1.76,37.82620,-122.29075,102.690,56.065,0.0,-71,0.788,1.917,1.643
2014/09/19 10:57:11,1.76,37.82725,-122.29123,106.299,55.226,0.0,-79,0.000,1.250,3.309
2014/09/19 10:57:16,2.51,37.82812,-122.29210,100.066,56.102,0.0,-79,0.000,0.000,3.664
2014/09/19 10:57:21,1.76,37.82906,-122.29291,91.207,57.130,0.0,-79,0.000,1.250,0.000
2014/09/19 10:57:26,1.76,37.83018,-122.29329,77.100,58.306,0.0,-79,0.000,0.792,4.926
2014/09/19 10:57:31,1.76,37.83136,-122.29348,59.055,59.603,0.0,-79,0.000,0.000,0.000
2014/09/19 10:57:36,1.76,37.83252,-122.29375,41.010,57.952,0.0,-79,0.000,1.333,7.635
2014/09/19 10:57:41,1.76,37.83360,-122.29433,20.997,59.138,0.0,-69,0.000,0.917,2.829
2014/09/19 10:57:46,1.76,37.83470,-122.29497,16.404,61.179,0.0,-69,0.000,0.000,2.426
2014/09/19 10:57:51,2.22,37.83586,-122.29558,19.357,63.820,0.0,-69,0.000,1.375,0.000
2014/09/19 10:57:56,1.76,37.83708,-122.29618,28.215,65.549,0.0,-69,0.000,1.375,3.082
2014/09/19 10:58:01,1.77,37.83836,-122.29658,31.824,65.514,0.0,-69,0.000,0.917,3.027
2014/09/19 10:58:06,1.77,37.83965,-122.29680,21.325,65.353,0.0,-69,0.000,1.042,2.997
2014/09/19 10:58:11,2.22,37.84092,-122.29703,15.748,60.698,0.0,-51,0.006,0.917,2.642
2014/09/19 10:58:16,1.77,37.84211,-122.29728,16.404,58.015,0.0,-51,2.217,0.000,2.871
2014/09/19 10:58:21,1.77,37.84326,-122.29754,15.092,58.526,0.0,-51,1.769,1.375,1.612
2014/09/19 10:58:26,2.22,37.84443,-122.29781,15.420,60.494,0.0,-51,1.100,1.375,2.934
2014/09/19 10:58:31,1.77,37.84565,-122.29807,15.420,63.314,0.0,-51,1.033,0.000,0.169
2014/09/19 10:58:36,1.77,37.84692,-122.29835,15.420,65.289,0.0,-51,0.308,1.083,1.645
2014/09/19 10:58:41,1.8,37.84830,-122.29866,14.764,73.561,0.0,-93,0.723,0.000,3.894
2014/09/19 10:58:46,2.22,37.84969,-122.29902,-17.060,68.482,0.0,-93,0.497,0.917,0.000
2014/09/19 10:58:51,1.79,37.85112,-122.29936,-12.139,70.554,0.0,-93,0.421,0.000,5.210
2014/09/19 10:58:56,1.77,37.85247,-122.29971,-9.514,66.069,0.0,-93,0.257,0.958,3.037
2014/09/19 10:59:01,1.79,37.85376,-122.30007,-3.937,64.734,0.0,-93,0.301,0.917,2.726
2014/09/19 10:59:06,1.8,37.85498,-122.30041,0.656,60.237,0.0,-93,0.459,0.000,1.961
2014/09/19 10:59:11,1.8,37.85613,-122.30074,3.609,58.879,0.0,-93,0.190,1.042,0.000
2014/09/19 10:59:16,1.8,37.85730,-122.30107,6.562,59.428,0.0,-87,0.487,0.000,2.908
2014/09/19 10:59:21,1.8,37.85846,-122.30139,8.530,58.564,0.0,-87,0.080,0.917,3.039
2014/09/19 10:59:26,2.77,37.85961,-122.30171,10.827,58.587,0.0,-87,0.574,0.917,2.709
2014/09/19 10:59:31,2.55,37.86078,-122.30204,13.451,59.842,0.0,-87,1.167,1.417,1.457
2014/09/19 10:59:36,2.55,37.86196,-122.30236,15.748,60.584,0.0,-87,0.853,0.917,4.950
2014/09/19 10:59:41,1.78,37.86340,-122.30276,16.732,60.570,0.0,-87,0.833,0.000,0.000
2014/09/19 10:59:46,1.78,37.86458,-122.30309,18.045,57.962,0.0,-87,0.329,0.917,5.056
2014/09/19 10:59:51,1.78,37.86574,-122.30342,18.373,59.237,0.0,-87,0.489,1.083,1.273
2014/09/19 10:59:56,2.39,37.86690,-122.30377,19.685,61.416,0.0,-87,0.885,0.917,1.254
2014/09/19 11:00:01,1.78,37.86813,-122.30415,20.669,64.457,0.0,-87,1.025,0.917,2.017
2014/09/19 11:00:06,1.78,37.86942,-122.30455,20.997,66.860,0.0,-87,0.316,0.000,1.969
2014/09/19 11:00:11,2.56,37.87072,-122.30496,21.325,65.985,0.0,-87,0.645,0.958,1.409
2014/09/19 11:00:16,1.78,37.87201,-122.30536,23.950,66.107,0.0,-85,0.542,0.917,0.925
2014/09/19 11:00:21,1.78,37.87329,-122.30576,24.278,64.424,0.0,-85,0.768,1.375,0.815
2014/09/19 11:00:26,1.79,37.87454,-122.30615,24.278,65.297,0.0,-85,0.672,0.958,0.914
2014/09/19 11:00:31,1.79,37.87585,-122.30656,23.294,67.590,0.0,-85,0.495,0.000,1.512
2014/09/19 11:00:36,1.79,37.87716,-122.30696,34.777,65.796,0.0,-85,0.481,0.917,2.146
2014/09/19 11:00:41,1.79,37.87846,-122.30733,37.730,67.008,0.0,-85,1.005,1.375,2.328
2014/09/19 11:00:46,1.79,37.87980,-122.30763,28.215,67.682,0.0,-51,0.631,0.000,5.082
2014/09/19 11:00:51,1.79,37.88112,-122.30792,22.638,65.222,0.0,-51,1.081,0.917,1.673
2014/09/19 11:00:56,1.79,37.88243,-122.30821,19.685,67.184,0.0,-51,1.034,1.417,2.143
2014/09/19 11:01:01,1.79,37.88376,-122.30851,17.717,66.316,0.0,-51,1.238,0.917,1.548
2014/09/19 11:01:06,1.79,37.88508,-122.30879,19.685,67.944,0.0,-51,0.904,1.000,0.376
2014/09/19 11:01:11,1.79,37.88643,-122.30902,33.465,67.157,0.0,-51,0.899,0.000,1.402
2014/09/19 11:01:16,1.79,37.88779,-122.30901,44.619,67.270,0.0,-71,0.585,1.417,3.041
2014/09/19 11:01:21,1.79,37.88909,-122.30862,52.493,65.847,0.0,-71,0.512,0.000,1.768
2014/09/19 11:01:26,1.79,37.89030,-122.30803,51.837,63.249,0.0,-71,0.483,0.917,0.922
2014/09/19 11:01:31,1.89,37.89148,-122.30753,48.885,60.888,0.0,-71,0.243,0.958,1.805
2014/09/19 11:01:36,2.58,37.89269,-122.30738,46.916,60.476,0.0,-71,0.228,0.000,0.000
2014/09/19 11:01:41,2.68,37.89389,-122.30759,43.963,59.595,0.0,-71,0.747,0.458,3.399
2014/09/19 11:01:46,2.68,37.89503,-122.30805,36.745,59.923,0.0,-71,0.664,0.917,2.213
2014/09/19 11:01:51,2.22,37.89618,-122.30852,28.215,61.611,0.0,-83,0.000,0.000,0.000
2014/09/19 11:01:56,2.22,37.89738,-122.30901,12.139,63.136,0.0,-83,0.000,0.000,0.000
2014/09/19 11:02:01,2.22,37.89861,-122.30951,4.921,64.410,0.0,-83,0.000,1.000,0.190
2014/09/19 11:02:06,1.8,37.89981,-122.31007,14.436,62.509,0.0,-83,0.000,2.292,0.646
2014/09/19 11:02:11,1.8,37.90091,-122.31076,31.496,60.238,0.0,-83,0.006,0.917,3.542
2014/09/19 11:02:16,1.8,37.90200,-122.31150,39.698,62.802,0.0,-83,0.805,2.792,0.177
2014/09/19 11:02:21,1.8,37.90313,-122.31226,40.354,64.508,0.0,-63,2.206,2.750,0.222
2014/09/19 11:02:26,1.8,37.90426,-122.31305,39.698,63.805,0.0,-63,2.503,0.000,0.209
2014/09/19 11:02:31,1.8,37.90539,-122.31382,31.168,64.251,0.0,-63,0.000,0.000,0.000
2014/09/19 11:02:36,1.8,37.90653,-122.31460,16.732,66.161,0.0,-63,0.000,0.000,0.000
2014/09/19 11:02:41,1.8,37.90773,-122.31541,15.748,68.051,0.0,-63,0.000,0.000,0.000
2014/09/19 11:02:46,1.8,37.90893,-122.31623,28.215,66.559,0.0,-63,0.000,0.000,0.000
2014/09/19 11:02:51,1.81,37.91012,-122.31694,38.386,64.643,0.0,-103,0.000,0.000,0.000
2014/09/19 11:02:56,1.81,37.91140,-122.31734,40.354,67.067,0.0,-103,0.000,0.000,0.165
2014/09/19 11:03:01,1.81,37.91275,-122.31740,38.714,67.263,0.0,-103,0.014,0.000,0.154
2014/09/19 11:03:06,1.81,37.91411,-122.31741,38.386,67.499,0.0,-103,0.149,0.000,3.856
2014/09/19 11:03:11,1.81,37.91546,-122.31741,40.682,65.673,0.0,-103,0.178,0.000,2.790
2014/09/19 11:03:16,2.22,37.91678,-122.31741,41.667,65.832,0.0,-103,2.369,0.042,0.359
2014/09/19 11:03:21,2.06,37.91810,-122.31742,44.948,67.007,0.0,-71,2.625,0.500,0.154
2014/09/19 11:03:26,1.81,37.91942,-122.31746,54.462,63.884,0.0,-71,2.672,0.792,0.157
2014/09/19 11:03:31,1.81,37.92064,-122.31774,62.992,61.513,0.0,-71,1.038,0.208,0.194
2014/09/19 11:03:36,1.81,37.92179,-122.31829,58.399,61.569,0.0,-71,0.973,0.000,0.270
2014/09/19 11:03:41,1.81,37.92290,-122.31901,57.415,62.217,0.0,-71,1.984,1.583,0.522
2014/09/19 11:03:46,2.61,37.92400,-122.31974,64.961,62.748,0.0,-71,1.316,1.500,0.477
2014/09/19 11:03:51,1.81,37.92512,-122.32048,76.444,63.141,0.0,-71,0.836,1.583,0.406
2014/09/19 11:03:56,1.81,37.92626,-122.32126,80.381,65.748,0.0,-65,0.874,0.750,0.176
2014/09/19 11:04:01,1.81,37.92740,-122.32207,73.819,64.686,0.0,-65,0.657,1.250,0.582
2014/09/19 11:04:06,1.82,37.92853,-122.32292,72.835,65.097,0.0,-65,0.666,1.000,0.415
2014/09/19 11:04:11,1.82,37.92965,-122.32377,83.005,64.409,0.0,-65,0.437,0.583,1.523
2014/09/19 11:04:16,1.82,37.93076,-122.32460,93.832,63.921,0.0,-65,0.340,0.500,1.324
2014/09/19 11:04:21,1.82,37.93188,-122.32540,98.097,64.966,0.0,-65,0.566,1.000,0.923
2014/09/19 11:04:26,1.82,37.93301,-122.32619,93.176,63.987,0.0,-75,0.458,0.750,0.397
2014/09/19 11:04:31,1.82,37.93422,-122.32675,89.567,64.803,0.0,-75,1.411,1.083,0.742
2014/09/19 11:04:36,1.82,37.93553,-122.32681,94.160,65.972,0.0,-75,0.651,1.000,0.777
2014/09/19 11:04:41,1.82,37.93679,-122.32637,95.801,65.420,0.0,-75,0.958,0.000,0.997
2014/09/19 11:04:46,1.82,37.93804,-122.32573,89.895,68.334,0.0,-75,0.821,0.750,0.491
2014/09/19 11:04:51,1.82,37.93931,-122.32508,81.693,68.383,0.0,-75,0.885,1.500,0.849
2014/09/19 11:04:56,2.06,37.94058,-122.32444,73.163,67.348,0.0,-63,0.478,1.083,1.757
2014/09/19 11:05:01,1.82,37.94184,-122.32389,67.585,66.090,0.0,-63,2.150,1.250,0.258
2014/09/19 11:05:06,2.06,37.94314,-122.32374,64.961,64.618,0.0,-63,2.331,0.958,0.237
2014/09/19 11:05:11,1.82,37.94440,-122.32402,71.194,63.049,0.0,-63,0.000,0.000,0.294
2014/09/19 11:05:16,1.82,37.94558,-122.32457,79.396,62.502,0.0,-63,1.775,0.333,0.251
2014/09/19 11:05:21,1.83,37.94676,-122.32513,88.583,63.099,0.0,-63,1.605,0.917,0.197
2014/09/19 11:05:26,1.83,37.94793,-122.32569,96.785,61.498,0.0,-71,2.256,1.708,0.270
2014/09/19 11:05:31,2.66,37.94907,-122.32624,103.346,60.741,0.0,-71,2.703,0.750,0.240
2014/09/19 11:05:36,1.86,37.95022,-122.32679,110.236,60.354,0.0,-71,3.578,0.542,0.195
2014/09/19 11:05:41,2.67,37.95136,-122.32733,120.735,60.908,0.0,-71,3.175,0.000,0.759
2014/09/19 11:05:46,2.67,37.95252,-122.32791,125.328,63.906,0.0,-71,1.611,0.542,1.411
2014/09/19 11:05:51,2.21,37.95374,-122.32857,122.047,67.351,0.0,-71,1.372,0.542,0.274
2014/09/19 11:05:56,1.83,37.95494,-122.32926,124.344,64.501,0.0,-71,0.876,1.292,0.257
2014/09/19 11:06:01,1.83,37.95609,-122.32992,126.640,62.255,0.0,-73,1.718,1.333,1.905
2014/09/19 11:06:06,2.64,37.95725,-122.33047,130.577,62.373,0.0,-73,1.433,1.708,0.579
2014/09/19 11:06:11,2.06,37.95852,-122.33069,128.281,64.551,0.0,-73,2.145,1.958,0.372
2014/09/19 11:06:16,2.06,37.95980,-122.33054,122.703,63.985,0.0,-73,1.725,0.000,0.665
2014/09/19 11:06:21,1.83,37.96103,-122.33004,110.892,64.499,0.0,-73,2.278,2.000,0.696
2014/09/19 11:06:26,1.83,37.96214,-122.32918,92.848,65.398,0.0,-73,2.575,1.708,1.348
2014/09/19 11:06:31,2.06,37.96309,-122.32801,79.724,66.202,0.0,-87,1.400,0.583,0.164
2014/09/19 11:06:36,1.84,37.96385,-122.32663,80.381,66.278,0.0,-87,2.808,0.583,0.315
2014/09/19 11:06:41,1.84,37.96452,-122.32528,83.333,58.565,0.0,-87,2.989,0.000,0.227
2014/09/19 11:06:46,1.84,37.96515,-122.32406,94.488,57.834,0.0,-87,2.233,0.542,0.318
2014/09/19 11:06:51,1.84,37.96581,-122.32292,109.908,54.914,0.0,-87,1.436,0.542,0.369
2014/09/19 11:06:56,1.84,37.96665,-122.32198,121.063,57.350,0.0,-87,1.445,1.417,0.394
2014/09/19 11:07:01,1.84,37.96765,-122.32129,133.202,55.613,0.0,-71,1.578,1.917,0.705
2014/09/19 11:07:06,2.06,37.96871,-122.32087,144.029,56.246,0.0,-71,2.311,0.000,0.625
2014/09/19 11:07:11,1.84,37.96983,-122.32049,156.168,58.523,0.0,-71,2.986,1.167,0.218
2014/09/19 11:07:16,2.06,37.97099,-122.32010,172.572,60.670,0.0,-71,2.994,0.542,0.282
2014/09/19 11:07:21,2.06,37.97219,-122.31969,187.336,61.935,0.0,-71,0.833,0.000,2.175
2014/09/19 11:07:26,1.84,37.97341,-122.31928,204.396,63.096,0.0,-71,0.325,0.000,2.255
2014/09/19 11:07:31,1.84,37.97465,-122.31886,216.864,64.270,0.0,-97,0.353,0.000,1.903
2014/09/19 11:07:36,1.84,37.97591,-122.31843,230.971,64.378,0.0,-97,0.594,0.000,0.337
2014/09/19 11:07:41,2.09,37.97715,-122.31800,249.344,64.355,0.0,-97,1.544,0.000,0.281
2014/09/19 11:07:46,1.84,37.97840,-122.31760,249.672,64.264,0.0,-97,2.770,0.042,0.294
2014/09/19 11:07:51,2.09,37.97967,-122.31718,241.142,66.980,0.0,-97,1.492,0.292,0.544
2014/09/19 11:07:56,1.87,37.98098,-122.31674,238.517,67.848,0.0,-97,0.500,0.042,2.643
2014/09/19 11:08:01,2.66,37.98230,-122.31629,236.549,68.304,0.0,-97,2.128,0.625,0.153
2014/09/19 11:08:06,2.06,37.98363,-122.31585,233.924,68.718,0.0,-75,2.370,0.958,0.333
2014/09/19 11:08:11,2.06,37.98494,-122.31536,229.003,67.351,0.0,-75,2.914,1.000,0.210
2014/09/19 11:08:16,1.85,37.98622,-122.31468,229.987,69.849,0.0,-75,2.150,0.000,1.265
2014/09/19 11:08:21,1.85,37.98746,-122.31384,230.643,69.752,0.0,-75,0.617,0.167,2.623
2014/09/19 11:08:26,1.85,37.98860,-122.31286,231.299,67.494,0.0,-75,2.656,0.000,0.212
2014/09/19 11:08:31,1.85,37.98962,-122.31173,223.753,67.762,0.0,-75,2.692,0.250,0.162
2014/09/19 11:08:36,1.85,37.99051,-122.31047,214.567,65.240,0.0,-59,3.392,0.333,0.198
2014/09/19 11:08:41,1.85,37.99128,-122.30916,208.990,64.142,0.0,-59,3.272,0.583,0.178
2014/09/19 11:08:46,1.85,37.99193,-122.30775,204.396,64.048,0.0,-59,1.172,0.333,0.286
2014/09/19 11:08:51,2.2,37.99246,-122.30626,196.194,66.586,0.0,-59,1.833,0.500,0.307
2014/09/19 11:08:56,1.85,37.99287,-122.30461,187.008,68.922,0.0,-59,1.411,0.000,0.186
2014/09/19 11:09:02,2.2,37.99316,-122.30287,176.837,70.637,0.0,-59,1.333,1.833,0.302
2014/09/19 11:09:07,2.2,37.99341,-122.30111,172.572,72.308,0.0,-65,1.395,0.000,1.442
2014/09/19 11:09:12,1.85,37.99364,-122.29930,161.417,71.217,0.0,-65,1.397,0.458,0.483
2014/09/19 11:09:17,2.2,37.99389,-122.29751,146.325,71.570,0.0,-65,0.731,0.125,2.282
2014/09/19 11:09:22,1.86,37.99414,-122.29570,131.890,73.255,0.0,-65,2.061,1.292,0.235
2014/09/19 11:09:27,1.86,37.99439,-122.29385,112.861,73.831,0.0,-65,2.603,1.458,0.321
2014/09/19 11:09:32,2.2,37.99464,-122.29203,96.785,72.314,0.0,-65,2.964,1.000,0.163
2014/09/19 11:09:37,2.2,37.99495,-122.29029,81.037,66.529,0.0,-67,2.692,0.292,0.283
2014/09/19 11:09:42,1.86,37.99545,-122.28878,66.601,62.227,0.0,-67,0.924,0.000,0.298
2014/09/19 11:09:47,2.06,37.99607,-122.28749,62.008,55.818,0.0,-67,1.162,0.167,0.158
2014/09/19 11:09:52,2.06,37.99678,-122.28640,67.585,55.088,0.0,-67,1.156,1.083,0.518
2014/09/19 11:09:57,1.86,37.99757,-122.28545,80.052,53.901,0.0,-67,2.328,1.833,0.183
2014/09/19 11:10:02,1.86,37.99843,-122.28463,88.911,53.504,0.0,-67,3.481,1.125,0.171
2014/09/19 11:10:07,1.86,37.99930,-122.28381,97.769,52.156,0.0,-67,3.039,0.917,0.165
2014/09/19 11:10:12,1.86,38.00015,-122.28302,110.236,53.813,0.0,-61,1.961,0.667,0.279
2014/09/19 11:10:17,1.86,38.00105,-122.28219,121.719,54.892,0.0,-61,2.169,0.708,0.405
2014/09/19 11:10:22,1.86,38.00193,-122.28137,131.890,54.966,0.0,-61,0.741,0.000,0.433
2014/09/19 11:10:27,2.2,38.00282,-122.28054,138.123,55.241,0.0,-61,0.000,0.250,3.918
2014/09/19 11:10:32,2.2,38.00369,-122.27974,135.499,51.146,0.0,-61,0.711,0.000,0.307
2014/09/19 11:10:37,2.2,38.00450,-122.27898,132.218,50.482,0.0,-61,2.931,0.667,0.427
2014/09/19 11:10:42,1.87,38.00534,-122.27819,125.000,53.450,0.0,-89,2.464,0.000,0.514
2014/09/19 11:10:47,2.19,38.00623,-122.27737,118.766,55.500,0.0,-89,1.786,0.417,1.011
2014/09/19 11:10:52,2.69,38.00715,-122.27651,110.892,57.124,0.0,-89,0.769,0.250,0.363
2014/09/19 11:10:57,2.69,38.00808,-122.27565,102.690,58.280,0.0,-89,0.000,0.417,1.966
2014/09/19 11:11:02,1.87,38.00903,-122.27476,97.769,58.964,0.0,-89,0.000,0.000,1.343
2014/09/19 11:11:07,1.87,38.01010,-122.27371,100.066,54.155,0.0,-89,0.000,0.667,2.170
2014/09/19 11:11:12,1.87,38.01094,-122.27293,102.362,50.070,0.0,-71,0.000,0.958,1.923
2014/09/19 11:11:17,1.87,38.01178,-122.27216,101.378,52.988,0.0,-71,0.000,2.250,0.000
2014/09/19 11:11:22,1.87,38.01265,-122.27134,92.192,54.522,0.0,-71,0.000,2.042,2.950
2014/09/19 11:11:27,1.87,38.01347,-122.27050,79.724,50.189,0.0,-71,0.006,1.833,1.990
2014/09/19 11:11:32,1.87,38.01412,-122.26966,72.178,45.008,0.0,-71,2.497,1.833,0.570
2014/09/19 11:11:37,1.87,38.01447,-122.26855,59.383,49.905,0.0,-71,3.011,1.250,0.668
2014/09/19 11:11:42,1.87,38.01438,-122.26723,60.696,54.114,0.0,-61,0.003,1.208,0.579
2014/09/19 11:11:47,2.19,38.01400,-122.26593,72.178,55.653,0.0,-61,1.083,0.000,1.017
2014/09/19 11:11:52,1.87,38.01362,-122.26458,80.052,56.236,0.0,-61,0.894,0.583,1.070
2014/09/19 11:11:57,1.87,38.01334,-122.26320,86.942,56.930,0.0,-61,0.770,0.000,1.795
2014/09/19 11:12:02,1.87,38.01319,-122.26175,90.223,57.568,0.0,-61,1.758,0.000,0.225
2014/09/19 11:12:07,1.88,38.01320,-122.26028,87.270,57.649,0.0,-61,2.669,0.625,0.197
2014/09/19 11:12:12,1.88,38.01332,-122.25879,82.349,60.378,0.0,-61,2.331,0.625,0.450
2014/09/19 11:12:17,2.19,38.01351,-122.25724,75.459,62.668,0.0,-79,1.414,0.625,0.402
2014/09/19 11:12:22,1.88,38.01372,-122.25567,70.210,62.512,0.0,-79,1.581,0.000,1.803
2014/09/19 11:12:27,1.88,38.01393,-122.25411,69.226,61.614,0.0,-79,0.419,0.000,0.406
2014/09/19 11:12:32,1.88,38.01416,-122.25257,72.178,61.998,0.0,-79,0.647,0.583,1.642
2014/09/19 11:12:37,2.19,38.01441,-122.25102,72.835,61.835,0.0,-79,0.219,0.000,0.936
2014/09/19 11:12:42,1.88,38.01468,-122.24943,74.475,64.678,0.0,-79,0.127,0.625,0.355
2014/09/19 11:12:47,1.88,38.01494,-122.24780,78.084,65.748,0.0,-97,0.496,1.833,0.350
2014/09/19 11:12:52,1.88,38.01508,-122.24614,79.724,66.553,0.0,-97,0.844,0.000,0.708
2014/09/19 11:12:57,1.88,38.01500,-122.24444,83.333,66.732,0.0,-97,0.895,1.208,0.902
2014/09/19 11:13:02,1.88,38.01480,-122.24280,90.223,66.422,0.0,-97,1.050,0.000,0.589
2014/09/19 11:13:07,1.88,38.01461,-122.24113,95.801,65.618,0.0,-97,1.575,1.208,0.222
2014/09/19 11:13:12,1.88,38.01427,-122.23952,101.706,65.631,0.0,-97,2.128,0.625,0.437
2014/09/19 11:13:17,1.88,38.01381,-122.23796,104.331,66.806,0.0,-81,1.667,0.000,0.381
2014/09/19 11:13:22,1.88,38.01327,-122.23643,108.596,64.971,0.0,-81,2.000,1.208,0.473
2014/09/19 11:13:27,1.88,38.01257,-122.23505,113.845,64.215,0.0,-81,2.411,0.000,0.209
2014/09/19 11:13:32,1.88,38.01186,-122.23370,120.079,63.520,0.0,-81,2.592,0.000,0.393
2014/09/19 11:13:37,1.89,38.01118,-122.23237,124.016,61.751,0.0,-81,1.331,1.208,0.501
2014/09/19 11:13:42,2.18,38.01066,-122.23095,128.609,61.387,0.0,-81,1.800,0.000,0.397
2014/09/19 11:13:47,2.18,38.01029,-122.22947,133.858,60.536,0.0,-75,2.228,0.625,0.718
2014/09/19 11:13:52,2.07,38.00980,-122.22812,141.732,56.928,0.0,-75,1.014,0.000,1.050
2014/09/19 11:13:57,1.89,38.00922,-122.22688,146.982,56.469,0.0,-75,0.625,0.583,0.000
2014/09/19 11:14:02,1.89,38.00868,-122.22564,151.247,55.301,0.0,-75,1.344,0.000,0.000
2014/09/19 11:14:07,2.18,38.00827,-122.22433,157.480,55.443,0.0,-75,2.000,1.875,0.294
2014/09/19 11:14:12,1.93,38.00800,-122.22299,165.682,53.563,0.0,-75,2.156,0.000,0.309
2014/09/19 11:14:17,1.89,38.00786,-122.22168,176.509,51.374,0.0,-75,1.800,1.833,0.422
2014/09/19 11:14:22,1.89,38.00788,-122.22037,182.087,50.733,0.0,-71,2.034,0.000,0.421
2014/09/19 11:14:27,1.89,38.00772,-122.21912,185.696,50.142,0.0,-71,1.630,0.583,0.609
2014/09/19 11:14:32,1.89,38.00746,-122.21786,191.273,51.736,0.0,-71,2.422,0.000,0.362
2014/09/19 11:14:37,2.71,38.00732,-122.21656,198.163,51.864,0.0,-71,1.506,1.250,0.557
2014/09/19 11:14:42,1.89,38.00722,-122.21522,202.756,53.617,0.0,-71,0.945,0.000,0.358
2014/09/19 11:14:47,1.89,38.00717,-122.21385,207.021,54.026,0.0,-71,2.497,0.583,0.303
2014/09/19 11:14:52,1.89,38.00741,-122.21253,217.192,53.267,0.0,-81,2.966,0.000,0.417
2014/09/19 11:14:57,1.89,38.00765,-122.21122,231.299,52.064,0.0,-81,2.034,1.250,0.577
2014/09/19 11:15:02,1.89,38.00786,-122.20992,237.205,53.227,0.0,-81,2.833,0.625,0.310
2014/09/19 11:15:07,1.89,38.00818,-122.20859,257.874,54.983,0.0,-81,2.833,0.625,0.262
2014/09/19 11:15:12,1.89,38.00845,-122.20721,289.370,55.998,0.0,-81,3.003,0.000,0.282
2014/09/19 11:15:17,1.9,38.00874,-122.20586,317.585,54.621,0.0,-81,2.833,1.250,0.365
2014/09/19 11:15:22,1.9,38.00915,-122.20459,333.005,53.989,0.0,-69,2.331,0.583,0.289
2014/09/19 11:15:27,1.9,38.00967,-122.20336,340.879,56.731,0.0,-69,2.506,0.625,0.225
2014/09/19 11:15:32,1.9,38.01024,-122.20209,349.409,58.355,0.0,-69,2.658,0.000,0.374
2014/09/19 11:15:37,2.17,38.01081,-122.20080,355.643,56.837,0.0,-69,1.517,0.625,0.593
2014/09/19 11:15:42,2.17,38.01137,-122.19955,372.375,57.373,0.0,-69,2.289,0.583,0.282
2014/09/19 11:15:47,2.17,38.01191,-122.19834,399.278,53.010,0.0,-69,1.706,0.000,0.517
2014/09/19 11:15:52,2.17,38.01240,-122.19724,425.853,48.801,0.0,-77,2.422,1.250,0.213
2014/09/19 11:15:57,2.17,38.01290,-122.19614,454.724,51.985,0.0,-77,1.847,0.625,0.178
2014/09/19 11:16:02,1.9,38.01343,-122.19494,483.268,54.871,0.0,-77,2.595,0.000,0.253
2014/09/19 11:16:07,1.9,38.01398,-122.19371,515.092,56.670,0.0,-77,3.545,0.583,0.274
2014/09/19 11:16:12,1.9,38.01458,-122.19249,543.963,55.935,0.0,-77,3.417,1.250,0.209
2014/09/19 11:16:17,1.9,38.01514,-122.19130,554.790,52.982,0.0,-77,2.705,0.000,0.310
2014/09/19 11:16:22,1.9,38.01558,-122.19005,550.525,55.144,0.0,-73,1.455,1.208,0.793
2014/09/19 11:16:27,1.94,38.01596,-122.18877,548.556,53.011,0.0,-73,0.994,0.000,0.397
2014/09/19 11:16:32,1.93,38.01616,-122.18744,542.651,52.734,0.0,-73,1.453,0.625,0.282
2014/09/19 11:16:37,2.27,38.01615,-122.18609,536.417,53.350,0.0,-73,2.705,0.000,0.278
2014/09/19 11:16:42,1.9,38.01602,-122.18469,526.903,57.094,0.0,-73,2.109,1.250,0.000
2014/09/19 11:16:47,1.9,38.01588,-122.18320,513.451,60.541,0.0,-73,2.661,1.208,0.000
2014/09/19 11:16:52,1.9,38.01573,-122.18161,502.625,64.980,0.0,-73,2.414,0.000,0.373
2014/09/19 11:16:57,1.9,38.01556,-122.17997,488.845,64.373,0.0,-87,1.678,1.833,0.705
2014/09/19 11:17:02,1.91,38.01517,-122.17839,476.706,66.152,0.0,-87,0.667,1.292,0.334
2014/09/19 11:17:07,1.91,38.01446,-122.17694,472.113,69.069,0.0,-87,1.550,1.875,0.510
2014/09/19 11:17:12,1.94,38.01353,-122.17562,473.753,70.085,0.0,-87,2.061,1.833,0.299
2014/09/19 11:17:17,1.94,38.01257,-122.17431,482.612,70.582,0.0,-87,1.436,0.000,0.386
2014/09/19 11:17:22,1.94,38.01159,-122.17299,491.470,71.261,0.0,-87,2.578,1.208,0.263
2014/09/19 11:17:27,1.94,38.01061,-122.17167,501.640,71.189,0.0,-85,2.342,1.208,0.173
2014/09/19 11:17:32,1.94,38.00965,-122.17036,510.827,70.187,0.0,-85,2.750,0.000,0.249
2014/09/19 11:17:37,1.94,38.00868,-122.16906,519.029,70.467,0.0,-85,2.914,1.250,0.409
2014/09/19 11:17:42,1.94,38.00774,-122.16778,527.887,67.916,0.0,-85,1.633,0.625,0.457
2014/09/19 11:17:47,1.94,38.00684,-122.16651,533.136,64.964,0.0,-85,2.531,0.000,0.329
2014/09/19 11:17:52,1.91,38.00619,-122.16512,531.496,62.772,0.0,-85,2.533,0.625,0.250
2014/09/19 11:17:57,1.91,38.00581,-122.16362,522.966,61.549,0.0,-75,2.264,0.583,0.310
2014/09/19 11:18:02,2.16,38.00567,-122.16202,507.874,66.205,0.0,-75,2.181,0.000,0.370
2014/09/19 11:18:07,2.16,38.00556,-122.16031,490.486,67.952,0.0,-75,1.433,0.625,0.266
2014/09/19 11:18:12,1.91,38.00546,-122.15859,473.097,67.677,0.0,-75,3.264,0.625,0.190
2014/09/19 11:18:17,1.91,38.00520,-122.15690,455.709,68.316,0.0,-75,3.331,0.583,0.380
2014/09/19 11:18:22,2.09,38.00461,-122.15536,446.194,67.212,0.0,-75,2.339,0.625,0.299
2014/09/19 11:18:27,1.94,38.00379,-122.15404,432.743,65.280,0.0,-51,3.444,1.250,0.175
2014/09/19 11:18:32,1.94,38.00294,-122.15276,417.979,65.195,0.0,-51,3.306,0.000,0.310
2014/09/19 11:18:37,1.91,38.00218,-122.15143,401.903,64.544,0.0,-51,2.641,1.208,0.306
2014/09/19 11:18:42,1.91,38.00146,-122.15006,392.060,64.672,0.0,-51,2.514,0.000,0.381
2014/09/19 11:18:47,1.91,38.00072,-122.14868,378.937,66.450,0.0,-51,2.250,0.000,0.298
2014/09/19 11:18:52,1.91,37.99983,-122.14740,364.501,68.347,0.0,-51,1.275,1.250,0.529
2014/09/19 11:18:57,1.92,37.99871,-122.14645,347.769,67.129,0.0,-51,2.197,0.583,0.309
2014/09/19 11:19:02,2.15,37.99748,-122.14579,331.365,66.886,0.0,-59,2.214,0.000,0.477
2014/09/19 11:19:07,1.92,37.99623,-122.14515,318.241,67.053,0.0,-59,1.986,0.625,0.269
2014/09/19 11:19:12,1.92,37.99497,-122.14449,302.493,68.864,0.0,-59,2.133,0.000,0.352
2014/09/19 11:19:17,1.92,37.99369,-122.14382,285.433,69.161,0.0,-59,2.247,0.000,0.358
2014/09/19 11:19:22,1.92,37.99242,-122.14313,271.982,68.621,0.0,-59,3.197,0.000,0.234
2014/09/19 11:19:27,1.95,37.99128,-122.14214,253.937,69.042,0.0,-59,3.750,0.000,0.167
2014/09/19 11:19:32,1.92,37.99037,-122.14082,234.908,69.243,0.0,-71,3.361,0.083,0.237
2014/09/19 11:19:37,1.92,37.98974,-122.13926,218.832,68.531,0.0,-71,3.592,0.500,0.250
2014/09/19 11:19:42,2.1,37.98944,-122.13759,200.459,67.222,0.0,-71,2.925,1.042,0.428
2014/09/19 11:19:47,1.92,37.98947,-122.13588,185.696,67.794,0.0,-71,0.558,0.292,0.158
2014/09/19 11:19:52,1.92,37.98977,-122.13419,165.354,68.886,0.0,-71,0.947,1.000,0.331
2014/09/19 11:19:57,1.92,37.99010,-122.13247,147.310,69.753,0.0,-71,2.320,1.667,0.217
2014/09/19 11:20:02,1.92,37.99043,-122.13076,133.530,69.687,0.0,-81,1.839,1.167,0.318
2014/09/19 11:20:07,1.92,37.99077,-122.12900,132.546,71.916,0.0,-81,2.661,0.500,0.193
2014/09/19 11:20:12,1.92,37.99116,-122.12731,145.013,66.302,0.0,-81,2.839,0.583,0.381
2014/09/19 11:20:17,2.13,37.99173,-122.12587,159.777,61.873,0.0,-81,1.966,0.875,0.469
2014/09/19 11:20:22,1.95,37.99244,-122.12460,169.948,61.262,0.0,-81,1.214,1.125,0.358
2014/09/19 11:20:27,1.92,37.99317,-122.12332,179.134,63.981,0.0,-81,1.486,0.875,0.354
2014/09/19 11:20:32,1.92,37.99393,-122.12198,182.743,65.573,0.0,-65,2.144,0.875,0.209
2014/09/19 11:20:37,1.92,37.99471,-122.12062,182.087,66.414,0.0,-65,2.672,0.000,0.194
2014/09/19 11:20:42,1.92,37.99547,-122.11925,178.150,65.691,0.0,-65,1.136,0.667,0.170
2014/09/19 11:20:47,2.14,37.99605,-122.11773,172.244,66.442,0.0,-65,1.792,0.875,0.418
2014/09/19 11:20:53,1.92,37.99639,-122.11611,164.370,66.043,0.0,-65,1.561,1.500,0.495
2014/09/19 11:20:58,1.92,37.99645,-122.11442,152.887,65.946,0.0,-65,0.861,0.583,1.049
2014/09/19 11:21:03,2.1,37.99627,-122.11277,146.325,65.786,0.0,-65,0.475,0.292,2.778
2014/09/19 11:21:08,1.92,37.99582,-122.11114,146.325,68.690,0.0,-89,0.345,0.000,1.609
2014/09/19 11:21:13,1.93,37.99522,-122.10961,150.919,66.914,0.0,-89,0.158,0.125,3.414
2014/09/19 11:21:18,1.93,37.99461,-122.10806,156.168,69.240,0.0,-89,0.159,0.250,1.106
2014/09/19 11:21:23,1.93,37.99398,-122.10648,159.121,69.633,0.0,-89,0.406,0.000,1.422
2014/09/19 11:21:28,1.93,37.99336,-122.10490,161.089,69.150,0.0,-89,0.291,0.667,0.429
2014/09/19 11:21:33,1.93,37.99274,-122.10334,163.058,68.118,0.0,-89,1.404,0.583,0.306
2014/09/19 11:21:38,1.93,37.99213,-122.10179,164.370,68.742,0.0,-77,1.069,0.917,1.309
2014/09/19 11:21:43,1.93,37.99151,-122.10020,162.730,70.603,0.0,-77,0.238,0.625,1.214
2014/09/19 11:21:48,1.93,37.99094,-122.09855,161.417,70.945,0.0,-77,0.950,1.458,0.376
2014/09/19 11:21:53,1.93,37.99059,-122.09682,159.777,70.144,0.0,-77,1.095,1.292,1.750
2014/09/19 11:21:58,1.93,37.99048,-122.09504,153.215,70.286,0.0,-77,0.759,1.500,0.470
2014/09/19 11:22:03,1.93,37.99057,-122.09330,146.982,68.966,0.0,-77,0.436,0.500,2.049
2014/09/19 11:22:08,1.93,37.99069,-122.09155,142.388,69.296,0.0,-77,0.448,0.000,0.843
2014/09/19 11:22:13,1.93,37.99081,-122.08980,137.795,69.222,0.0,-77,1.354,0.625,0.291
2014/09/19 11:22:18,1.93,37.99093,-122.08805,132.546,68.782,0.0,-77,2.141,1.417,0.363
2014/09/19 11:22:23,1.93,37.99104,-122.08632,129.265,68.634,0.0,-77,2.353,1.500,0.250
2014/09/19 11:22:28,1.93,37.99116,-122.08462,125.984,66.792,0.0,-77,1.436,0.875,0.590
2014/09/19 11:22:33,1.93,37.99128,-122.08292,116.798,67.215,0.0,-77,2.056,0.000,0.310
2014/09/19 11:22:38,1.93,37.99140,-122.08120,105.643,68.523,0.0,-67,2.669,0.500,0.250
2014/09/19 11:22:43,1.93,37.99152,-122.07948,91.535,67.929,0.0,-67,2.044,0.500,0.490
2014/09/19 11:22:48,1.93,37.99181,-122.07781,76.772,66.954,0.0,-67,0.706,0.375,1.483
2014/09/19 11:22:53,1.93,37.99231,-122.07623,59.383,66.659,0.0,-67,0.628,0.125,0.000
2014/09/19 11:22:58,1.93,37.99284,-122.07469,45.604,66.130,0.0,-67,0.664,0.000,4.672
2014/09/19 11:23:03,1.93,37.99337,-122.07314,40.682,66.701,0.0,-67,0.453,0.125,1.277
2014/09/19 11:23:08,1.93,37.99389,-122.07163,39.042,62.538,0.0,-67,0.358,0.125,0.883
2014/09/19 11:23:13,1.93,37.99438,-122.07021,36.417,59.040,0.0,-79,0.678,0.833,0.569
2014/09/19 11:23:18,2.12,37.99484,-122.06886,31.168,57.454,0.0,-79,1.130,1.375,0.564
2014/09/19 11:23:23,1.93,37.99531,-122.06751,21.325,56.229,0.0,-79,1.256,0.750,0.471
2014/09/19 11:23:28,1.93,37.99573,-122.06625,15.420,52.686,0.0,-79,1.861,0.500,1.006
2014/09/19 11:23:33,2.7,37.99616,-122.06500,12.467,54.178,0.0,-79,0.833,0.000,0.000
2014/09/19 11:23:38,1.93,37.99661,-122.06368,14.108,56.744,0.0,-79,0.333,0.125,2.324
2014/09/19 11:23:43,1.93,37.99717,-122.06246,12.795,55.981,0.0,-83,0.225,0.000,3.767
2014/09/19 11:23:48,1.93,37.99782,-122.06126,13.123,58.536,0.0,-83,0.000,0.125,4.519
2014/09/19 11:23:53,1.93,37.99852,-122.06001,14.108,62.427,0.0,-83,0.000,0.375,1.446
2014/09/19 11:23:58,1.94,37.99918,-122.05865,18.701,62.946,0.0,-83,0.000,0.000,0.000
2014/09/19 11:24:03,2.7,37.99975,-122.05722,29.199,64.048,0.0,-83,0.000,1.000,3.823
2014/09/19 11:24:08,1.94,38.00023,-122.05565,37.402,67.203,0.0,-83,0.000,0.375,4.641
2014/09/19 11:24:13,1.94,38.00064,-122.05401,44.291,67.711,0.0,-73,0.000,0.333,2.296
2014/09/19 11:24:18,2.11,38.00105,-122.05234,48.885,69.856,0.0,-73,0.000,0.375,1.910
2014/09/19 11:24:23,1.94,38.00148,-122.05064,52.822,70.202,0.0,-73,0.003,0.500,2.158
2014/09/19 11:24:28,1.94,38.00189,-122.04895,52.822,67.783,0.0,-73,0.413,0.000,0.889
2014/09/19 11:24:33,1.94,38.00230,-122.04733,52.165,66.524,0.0,-73,0.308,0.625,1.120
2014/09/19 11:24:38,1.94,38.00270,-122.04573,49.541,65.267,0.0,-73,0.509,0.417,2.821
2014/09/19 11:24:43,1.94,38.00310,-122.04412,47.900,67.375,0.0,-71,0.451,0.625,1.266
2014/09/19 11:24:48,1.94,38.00351,-122.04246,47.244,69.112,0.0,-71,0.456,0.583,1.571
2014/09/19 11:24:53,1.94,38.00392,-122.04078,49.213,68.001,0.0,-71,0.683,0.625,1.961
2014/09/19 11:24:58,1.94,38.00438,-122.03922,66.273,63.697,0.0,-71,0.345,0.625,1.129
2014/09/19 11:25:03,1.94,38.00499,-122.03778,75.459,65.726,0.0,-71,0.212,0.000,0.000
2014/09/19 11:25:08,1.94,38.00571,-122.03636,85.630,68.394,0.0,-71,0.050,0.500,3.722
2014/09/19 11:25:13,1.94,38.00645,-122.03489,94.488,68.808,0.0,-71,0.777,0.625,0.222
2014/09/19 11:25:18,1.94,38.00731,-122.03306,99.738,70.939,0.0,-53,0.006,0.833,0.235
2014/09/19 11:25:23,2.11,38.00792,-122.03139,102.034,74.743,0.0,-53,1.675,0.875,0.629
2014/09/19 11:25:28,1.94,38.00840,-122.02957,103.018,75.272,0.0,-53,0.575,1.292,2.370
2014/09/19 11:25:33,1.98,38.00873,-122.02773,104.331,73.539,0.0,-53,0.867,0.708,0.509
2014/09/19 11:25:38,1.98,38.00900,-122.02594,101.378,71.378,0.0,-53,1.063,1.000,0.787
2014/09/19 11:25:43,1.98,38.00927,-122.02417,100.066,70.844,0.0,-53,1.159,0.000,0.718
2014/09/19 11:25:48,1.98,38.00955,-122.02241,98.425,70.441,0.0,-69,0.849,1.333,0.290
2014/09/19 11:25:53,1.98,38.00982,-122.02064,96.457,71.453,0.0,-69,0.639,0.792,0.890
2014/09/19 11:25:58,1.98,38.01009,-122.01886,94.488,71.857,0.0,-69,0.351,0.625,2.418
2014/09/19 11:26:03,1.98,38.01036,-122.01706,92.520,72.142,0.0,-69,0.674,1.083,2.962
2014/09/19 11:26:08,1.94,38.01063,-122.01527,93.832,70.546,0.0,-69,1.264,0.875,0.954
2014/09/19 11:26:13,1.94,38.01091,-122.01353,101.706,70.212,0.0,-69,0.814,1.042,1.337
2014/09/19 11:26:18,1.94,38.01118,-122.01174,114.173,72.339,0.0,-67,0.917,0.833,2.837
2014/09/19 11:26:23,1.94,38.01145,-122.00999,130.577,68.092,0.0,-67,0.541,0.000,1.190
2014/09/19 11:26:28,1.94,38.01172,-122.00824,148.950,70.811,0.0,-67,0.307,1.292,2.456
2014/09/19 11:26:33,1.94,38.01199,-122.00648,166.995,70.632,0.0,-67,0.342,1.250,2.161
2014/09/19 11:26:38,1.94,38.01225,-122.00477,184.055,66.921,0.0,-67,0.650,0.833,1.947
2014/09/19 11:26:43,1.94,38.01252,-122.00310,199.803,67.162,0.0,-67,0.340,1.167,0.730
2014/09/19 11:26:48,1.94,38.01277,-122.00139,215.551,69.630,0.0,-69,0.158,0.000,2.310
2014/09/19 11:26:53,1.54,38.01305,-121.99962,234.908,70.178,0.0,-69,0.245,1.167,2.369
2014/09/19 11:26:58,1.75,38.01342,-121.99788,250.984,72.277,0.0,-69,0.711,1.250,1.670
2014/09/19 11:27:03,1.94,38.01396,-121.99614,265.092,74.587,0.0,-69,0.867,1.333,2.910
2014/09/19 11:27:08,1.54,38.01465,-121.99445,283.136,75.118,0.0,-69,1.633,1.000,0.000
2014/09/19 11:27:13,1.94,38.01548,-121.99286,297.900,75.199,0.0,-69,1.081,1.125,3.103
2014/09/19 11:27:18,1.94,38.01642,-121.99140,312.008,74.321,0.0,-69,0.756,0.000,3.540
2014/09/19 11:27:23,1.94,38.01735,-121.98998,329.724,70.892,0.0,-51,1.305,1.167,2.229
2014/09/19 11:27:28,2.15,38.01815,-121.98853,344.488,69.359,0.0,-51,1.158,1.083,2.005
2014/09/19 11:27:33,1.94,38.01883,-121.98702,356.955,68.682,0.0,-51,1.584,1.542,2.418
2014/09/19 11:27:38,1.94,38.01950,-121.98548,364.829,69.127,0.0,-51,0.766,0.000,0.000
2014/09/19 11:27:43,1.94,38.02017,-121.98395,365.814,69.638,0.0,-51,0.483,0.000,8.643
2014/09/19 11:27:49,1.94,38.02085,-121.98237,361.220,70.688,0.0,-51,1.070,0.500,1.022
2014/09/19 11:27:54,1.94,38.02153,-121.98079,350.066,70.106,0.0,-51,0.405,1.583,2.206
2014/09/19 11:27:59,1.55,38.02224,-121.97916,333.990,74.475,0.0,-51,0.648,0.000,2.981
2014/09/19 11:28:04,1.55,38.02291,-121.97743,313.976,75.916,0.0,-51,0.950,1.417,2.121
2014/09/19 11:28:09,1.55,38.02338,-121.97558,294.948,76.820,0.0,-51,0.582,0.500,0.639
2014/09/19 11:28:14,1.94,38.02364,-121.97366,271.982,76.318,0.0,-51,0.347,1.417,0.833
2014/09/19 11:28:19,1.55,38.02368,-121.97172,250.656,76.150,0.0,-51,0.249,0.958,2.066
2014/09/19 11:28:24,1.55,38.02352,-121.96983,230.643,72.672,0.0,-69,0.243,0.000,2.035
2014/09/19 11:28:29,2.15,38.02321,-121.96808,215.223,69.022,0.0,-69,0.397,0.958,0.831
2014/09/19 11:28:34,1.94,38.02290,-121.96640,201.115,67.432,0.0,-69,0.530,1.000,0.975
2014/09/19 11:28:39,1.55,38.02258,-121.96468,191.929,70.874,0.0,-69,0.720,0.958,0.802
2014/09/19 11:28:44,1.95,38.02225,-121.96292,183.399,71.262,0.0,-69,0.426,0.958,0.587
2014/09/19 11:28:49,1.95,38.02192,-121.96119,175.853,69.469,0.0,-69,0.925,0.917,1.059
2014/09/19 11:28:54,1.95,38.02160,-121.95945,167.323,70.607,0.0,-75,0.585,0.000,1.350
2014/09/19 11:28:59,1.95,38.02126,-121.95769,158.465,72.492,0.0,-75,0.892,1.458,0.000
2014/09/19 11:29:04,1.95,38.02091,-121.95587,151.247,74.535,0.0,-75,0.978,0.458,4.329
2014/09/19 11:29:09,1.56,38.02047,-121.95405,145.341,75.473,0.0,-75,0.569,1.000,1.014
2014/09/19 11:29:14,1.95,38.01993,-121.95225,139.436,75.552,0.0,-75,0.539,0.958,0.738
2014/09/19 11:29:19,1.95,38.01939,-121.95051,138.123,71.201,0.0,-75,0.889,0.000,0.563
2014/09/19 11:29:24,2.16,38.01896,-121.94883,143.373,67.995,0.0,-75,0.520,1.042,0.527
2014/09/19 11:29:29,1.95,38.01877,-121.94716,143.701,66.035,0.0,-73,0.777,1.417,1.595
2014/09/19 11:29:34,2.16,38.01875,-121.94548,146.982,66.241,0.0,-73,0.567,0.458,5.018
2014/09/19 11:29:39,2.65,38.01876,-121.94380,151.575,65.756,0.0,-73,0.700,0.000,2.765
2014/09/19 11:29:44,1.56,38.01876,-121.94214,148.622,64.895,0.0,-73,0.383,0.625,0.801
2014/09/19 11:29:49,1.95,38.01876,-121.94049,144.357,65.194,0.0,-73,0.716,0.000,0.563
2014/09/19 11:29:54,1.95,38.01876,-121.93882,135.171,67.295,0.0,-73,1.127,0.000,0.382
2014/09/19 11:29:59,1.56,38.01876,-121.93706,123.360,71.030,0.0,-59,0.661,0.000,1.138
2014/09/19 11:30:04,1.56,38.01877,-121.93520,112.861,74.674,0.0,-59,0.335,0.000,0.591
2014/09/19 11:30:09,1.56,38.01877,-121.93331,111.877,73.370,0.0,-59,0.327,0.000,0.000
2014/09/19 11:30:14,1.56,38.01878,-121.93144,113.517,73.578,0.0,-59,0.000,0.000,9.024
2014/09/19 11:30:19,1.56,38.01879,-121.92959,114.829,72.687,0.0,-59,0.000,0.042,0.578
2014/09/19 11:30:24,1.57,38.01891,-121.92780,112.861,69.613,0.0,-59,0.000,1.042,0.950
2014/09/19 11:30:29,1.95,38.01915,-121.92605,104.003,71.527,0.0,-63,0.006,1.000,0.711
2014/09/19 11:30:34,1.57,38.01944,-121.92429,95.472,70.219,0.0,-63,2.339,1.125,0.682
2014/09/19 11:30:39,1.95,38.01971,-121.92259,92.848,66.590,0.0,-63,2.492,1.000,1.096
2014/09/19 11:30:44,1.95,38.01989,-121.92092,88.911,66.059,0.0,-63,2.544,0.875,0.390
2014/09/19 11:30:49,1.57,38.01995,-121.91920,84.318,68.443,0.0,-63,2.530,1.125,0.237
2014/09/19 11:30:54,1.31,38.01994,-121.91745,79.396,68.885,0.0,-63,1.314,0.500,0.718
2014/09/19 11:30:59,1.31,38.01994,-121.91568,75.787,69.920,0.0,-51,1.786,0.125,0.230
2014/09/19 11:31:04,1.31,38.01992,-121.91390,71.850,69.339,0.0,-51,3.494,0.625,0.230
2014/09/19 11:31:09,1.31,38.01991,-121.91217,65.945,68.975,0.0,-51,3.336,0.583,0.214
2014/09/19 11:31:14,1.31,38.01990,-121.91047,59.711,64.172,0.0,-51,3.097,0.750,0.505
2014/09/19 11:31:19,1.46,38.01989,-121.90885,53.478,64.542,0.0,-51,2.900,0.000,0.503
2014/09/19 11:31:24,1.31,38.01987,-121.90718,47.900,65.849,0.0,-51,2.761,1.125,0.531
2014/09/19 11:31:29,1.31,38.01985,-121.90549,45.604,67.331,0.0,-61,2.625,1.000,0.578
2014/09/19 11:31:34,1.32,38.01982,-121.90377,47.900,68.360,0.0,-61,2.525,0.875,0.450
2014/09/19 11:31:39,1.36,38.01970,-121.90199,47.900,71.078,0.0,-61,2.692,1.125,0.377
2014/09/19 11:31:44,1.32,38.01948,-121.90020,50.197,70.740,0.0,-61,2.203,1.042,0.270
2014/09/19 11:31:49,1.32,38.01915,-121.89850,54.134,67.100,0.0,-61,1.025,0.625,0.166
2014/09/19 11:31:54,1.32,38.01874,-121.89687,58.399,66.997,0.0,-61,1.894,0.708,0.815
2014/09/19 11:31:59,1.35,38.01829,-121.89526,64.304,66.585,0.0,-61,1.725,0.667,0.362
2014/09/19 11:32:04,1.32,38.01785,-121.89368,68.898,64.796,0.0,-71,0.000,0.000,0.320
2014/09/19 11:32:09,1.32,38.01743,-121.89213,68.898,65.070,0.0,-71,0.933,1.083,0.606
2014/09/19 11:32:14,1.32,38.01703,-121.89054,63.320,66.523,0.0,-71,0.701,0.750,1.003
2014/09/19 11:32:19,1.32,38.01664,-121.88890,55.118,67.930,0.0,-71,1.561,1.000,1.368
2014/09/19 11:32:24,1.32,38.01624,-121.88722,52.165,68.836,0.0,-71,1.859,0.833,0.000
2014/09/19 11:32:29,1.32,38.01584,-121.88553,52.165,69.186,0.0,-71,0.794,0.250,0.203
2014/09/19 11:32:34,1.32,38.01543,-121.88385,56.759,68.779,0.0,-55,2.039,0.542,0.243
2014/09/19 11:32:39,1.34,38.01504,-121.88218,63.320,67.704,0.0,-55,1.869,0.000,1.412
2014/09/19 11:32:44,1.36,38.01464,-121.88056,68.241,65.455,0.0,-55,0.747,0.417,0.350
2014/09/19 11:32:49,1.36,38.01426,-121.87900,74.803,63.337,0.0,-55,1.050,0.250,0.407
2014/09/19 11:32:54,1.36,38.01390,-121.87746,74.475,63.765,0.0,-55,1.294,0.500,0.773
2014/09/19 11:32:59,1.32,38.01354,-121.87588,71.522,65.865,0.0,-55,0.678,0.292,0.396
2014/09/19 11:33:04,1.32,38.01320,-121.87424,65.617,66.376,0.0,-61,1.408,0.000,0.602
2014/09/19 11:33:09,1.32,38.01287,-121.87262,61.680,65.676,0.0,-61,1.803,0.375,0.466
2014/09/19 11:33:14,1.36,38.01253,-121.87099,55.774,66.277,0.0,-61,1.353,0.000,0.000
2014/09/19 11:33:19,1.32,38.01218,-121.86934,44.291,67.746,0.0,-61,0.153,0.417,5.744
2014/09/19 11:33:24,1.41,38.01179,-121.86769,38.714,67.156,0.0,-61,0.325,0.000,0.000
2014/09/19 11:33:29,1.36,38.01140,-121.86608,37.730,62.508,0.0,-61,0.319,0.125,6.070
2014/09/19 11:33:34,1.8,38.01109,-121.86482,51.181,44.573,0.0,-61,0.525,0.125,1.213
2014/09/19 11:33:39,1.8,38.01087,-121.86391,57.087,26.533,0.0,-69,0.303,0.125,3.046
2014/09/19 11:33:44,1.32,38.01081,-121.86363,57.087,0.081,0.0,-69,0.372,0.000,1.826
2014/09/19 11:33:49,1.81,38.01081,-121.86362,54.134,1.251,0.0,-69,0.328,0.125,2.143
2014/09/19 11:33:54,1.32,38.01077,-121.86345,57.087,7.221,0.0,-69,0.483,0.125,1.262
2014/09/19 11:33:59,1.32,38.01072,-121.86324,55.446,10.481,0.0,-69,0.455,0.125,1.671
2014/09/19 11:34:04,1.32,38.01065,-121.86294,56.102,11.552,0.0,-69,0.208,0.125,2.721
2014/09/19 11:34:09,1.32,38.01064,-121.86285,57.087,0.026,0.0,-67,0.292,0.000,2.006
2014/09/19 11:34:14,1.46,38.01063,-121.86282,56.759,2.983,0.0,-67,0.222,0.125,2.568
2014/09/19 11:34:19,1.46,38.01060,-121.86270,55.774,5.501,0.0,-67,1.481,0.375,0.258
2014/09/19 11:34:24,1.46,38.01057,-121.86254,57.743,6.900,0.0,-67,2.386,0.500,0.383
2014/09/19 11:34:29,1.59,38.01051,-121.86233,64.304,11.795,0.0,-67,0.569,0.000,1.750
2014/09/19 11:34:34,1.59,38.01045,-121.86205,73.163,11.398,0.0,-67,0.986,0.250,0.316
2014/09/19 11:34:39,1.74,38.01037,-121.86170,70.866,15.878,0.0,-63,2.342,0.708,0.262
2014/09/19 11:34:44,1.74,38.01027,-121.86127,69.554,17.037,0.0,-63,2.061,0.500,0.390
2014/09/19 11:34:49,1.74,38.01017,-121.86088,71.850,15.418,0.0,-63,2.233,0.750,0.402
2014/09/19 11:34:54,1.74,38.01007,-121.86050,73.819,15.459,0.0,-63,1.903,0.000,0.390
2014/09/19 11:34:59,1.74,38.00998,-121.86014,76.444,14.706,0.0,-63,0.956,0.625,0.290
2014/09/19 11:35:04,1.46,38.00989,-121.85980,80.709,13.622,0.0,-63,2.406,0.667,0.450
2014/09/19 11:35:09,1.74,38.00978,-121.85942,83.990,18.733,0.0,-59,2.825,0.750,0.228
2014/09/19 11:35:14,1.58,38.00966,-121.85895,87.598,19.196,0.0,-59,2.747,1.125,0.364
2014/09/19 11:35:19,1.58,38.00952,-121.85848,88.911,19.283,0.0,-59,2.497,0.792,0.223
2014/09/19 11:35:24,1.74,38.00939,-121.85799,90.551,19.416,0.0,-59,3.169,0.583,0.197
2014/09/19 11:35:29,1.74,38.00924,-121.85746,92.520,25.282,0.0,-59,2.836,0.792,0.309
2014/09/19 11:35:34,1.59,38.00905,-121.85677,94.488,32.064,0.0,-59,2.489,0.917,0.262
2014/09/19 11:35:39,1.36,38.00882,-121.85592,96.785,38.912,0.0,-63,2.369,0.000,0.329
2014/09/19 11:35:44,1.33,38.00854,-121.85490,99.081,45.815,0.0,-63,0.853,0.750,2.233
2014/09/19 11:35:49,1.33,38.00821,-121.85370,98.097,53.025,0.0,-63,1.614,0.375,0.203
2014/09/19 11:35:54,1.33,38.00784,-121.85238,96.129,56.302,0.0,-63,1.925,0.833,0.971
2014/09/19 11:35:59,1.47,38.00745,-121.85097,94.488,59.580,0.0,-63,2.497,1.000,0.738
2014/09/19 11:36:04,1.33,38.00705,-121.84950,94.488,61.071,0.0,-63,2.203,1.125,0.750
2014/09/19 11:36:09,1.47,38.00664,-121.84803,93.176,62.269,0.0,-63,1.925,0.792,0.270
2014/09/19 11:36:14,1.47,38.00622,-121.84648,91.535,67.145,0.0,-67,2.536,0.000,0.170
2014/09/19 11:36:19,1.47,38.00576,-121.84485,89.895,68.381,0.0,-67,3.181,0.625,0.171
2014/09/19 11:36:24,1.47,38.00531,-121.84329,91.864,61.926,0.0,-67,2.297,0.625,0.203
2014/09/19 11:36:29,1.33,38.00489,-121.84182,95.144,61.971,0.0,-67,0.917,0.000,0.378
2014/09/19 11:36:34,1.33,38.00446,-121.84029,98.097,65.301,0.0,-67,0.867,0.250,0.790
2014/09/19 11:36:39,1.33,38.00403,-121.83874,100.722,64.268,0.0,-67,0.797,0.125,0.503
2014/09/19 11:36:44,1.33,38.00360,-121.83719,101.050,64.127,0.0,-53,1.344,0.250,0.362
2014/09/19 11:36:49,1.33,38.00315,-121.83570,95.472,60.930,0.0,-53,1.233,0.000,0.509
2014/09/19 11:36:54,1.47,38.00275,-121.83420,86.942,63.984,0.0,-53,0.733,0.250,0.242
2014/09/19 11:36:59,1.47,38.00232,-121.83264,77.428,63.567,0.0,-53,2.033,0.958,0.678
2014/09/19 11:37:04,1.47,38.00190,-121.83112,70.538,63.161,0.0,-53,1.872,0.917,0.822
2014/09/19 11:37:09,1.47,38.00152,-121.82967,69.882,56.985,0.0,-53,2.078,0.625,0.179
2014/09/19 11:37:14,1.47,38.00115,-121.82834,69.554,55.144,0.0,-65,2.317,0.000,0.230
2014/09/19 11:37:19,1.33,38.00077,-121.82701,68.241,55.215,0.0,-65,1.414,0.875,0.449
2014/09/19 11:37:24,1.47,38.00038,-121.82560,67.585,60.622,0.0,-65,1.894,0.667,0.738
2014/09/19 11:37:29,1.47,37.99999,-121.82416,68.570,59.612,0.0,-65,2.153,0.375,0.441
2014/09/19 11:37:34,1.33,37.99959,-121.82275,71.522,58.997,0.0,-65,0.481,0.000,0.749
2014/09/19 11:37:39,1.33,37.99921,-121.82141,71.850,53.934,0.0,-65,0.758,0.250,0.000
2014/09/19 11:37:44,1.33,37.99885,-121.82015,71.522,52.135,0.0,-75,0.000,0.125,4.331
2014/09/19 11:37:49,1.34,37.99850,-121.81885,69.226,55.835,0.0,-75,0.000,0.125,2.781
2014/09/19 11:37:54,1.37,37.99818,-121.81748,68.570,56.242,0.0,-75,0.000,0.375,0.558
2014/09/19 11:37:59,1.36,37.99806,-121.81608,67.257,55.763,0.0,-75,0.000,0.000,1.758
2014/09/19 11:38:04,1.47,37.99802,-121.81466,67.913,56.598,0.0,-75,0.000,0.750,0.000
2014/09/19 11:38:09,1.47,37.99802,-121.81323,68.570,55.772,0.0,-75,0.000,0.000,0.000
2014/09/19 11:38:14,1.34,37.99804,-121.81182,71.522,56.365,0.0,-75,0.000,0.250,0.000
2014/09/19 11:38:19,1.47,37.99807,-121.81039,73.819,57.846,0.0,-85,0.000,0.000,0.000
2014/09/19 11:38:24,1.47,37.99807,-121.80890,75.459,59.610,0.0,-85,0.000,0.000,0.000
2014/09/19 11:38:29,1.34,37.99807,-121.80737,73.819,61.440,0.0,-85,0.000,0.083,0.000
2014/09/19 11:38:34,1.34,37.99806,-121.80579,69.226,62.765,0.0,-85,0.000,0.000,0.000
2014/09/19 11:38:39,1.34,37.99807,-121.80419,66.273,62.711,0.0,-85,0.000,0.000,0.000
2014/09/19 11:38:44,1.34,37.99807,-121.80225,63.648,64.645,0.0,-85,0.000,0.125,0.000
2014/09/19 11:38:49,1.34,37.99807,-121.80059,60.367,66.142,0.0,-61,0.000,0.000,0.000
2014/09/19 11:38:54,1.34,37.99807,-121.79888,57.415,67.497,0.0,-61,0.000,0.125,0.000
2014/09/19 11:38:59,1.42,37.99802,-121.79715,54.790,67.855,0.0,-61,0.000,0.625,1.469
2014/09/19 11:39:04,1.47,37.99779,-121.79553,53.806,61.604,0.0,-61,0.000,0.500,2.891
2014/09/19 11:39:09,1.47,37.99749,-121.79405,53.150,60.544,0.0,-61,0.000,0.708,1.094
2014/09/19 11:39:14,1.47,37.99722,-121.79252,51.837,62.128,0.0,-61,0.006,1.000,1.594
2014/09/19 11:39:19,1.47,37.99696,-121.79098,51.181,60.830,0.0,-77,0.566,0.375,0.000
2014/09/19 11:39:24,1.47,37.99672,-121.78950,50.197,60.491,0.0,-77,0.383,0.000,0.963
2014/09/19 11:39:29,1.47,37.99645,-121.78795,47.572,63.683,0.0,-77,0.728,0.250,0.917
2014/09/19 11:39:34,1.47,37.99617,-121.78632,43.963,65.975,0.0,-77,0.936,0.583,0.529
2014/09/19 11:39:39,1.47,37.99590,-121.78471,36.417,63.617,0.0,-77,1.089,0.000,0.887
2014/09/19 11:39:44,1.47,37.99563,-121.78319,46.260,60.746,0.0,-77,0.839,0.375,0.512
2014/09/19 11:39:49,1.54,37.99538,-121.78170,54.790,59.409,0.0,-77,0.697,0.375,0.543
2014/09/19 11:39:54,1.47,37.99513,-121.78024,61.024,59.452,0.0,-77,1.811,0.625,0.331
2014/09/19 11:39:59,1.47,37.99486,-121.77879,63.320,58.172,0.0,-77,2.958,0.000,0.338
2014/09/19 11:40:04,1.6,37.99462,-121.77735,67.913,58.466,0.0,-77,2.658,0.667,0.262
2014/09/19 11:40:09,1.47,37.99438,-121.77592,86.286,55.858,0.0,-77,2.314,0.583,0.171
2014/09/19 11:40:14,1.54,37.99415,-121.77453,101.050,56.789,0.0,-77,1.347,0.667,0.769
2014/09/19 11:40:19,1.47,37.99391,-121.77313,112.205,56.548,0.0,-77,0.828,0.250,0.530
2014/09/19 11:40:24,1.47,37.99366,-121.77176,119.094,54.861,0.0,-69,0.000,0.292,1.630
2014/09/19 11:40:29,1.47,37.99334,-121.77042,127.625,55.431,0.0,-69,0.758,0.292,0.570
2014/09/19 11:40:34,1.47,37.99293,-121.76907,126.640,57.755,0.0,-69,0.695,0.000,0.000
2014/09/19 11:40:39,1.47,37.99242,-121.76772,121.719,58.669,0.0,-69,0.208,0.250,3.428
2014/09/19 11:40:44,1.63,37.99189,-121.76633,117.454,62.309,0.0,-69,0.578,0.000,3.138
2014/09/19 11:40:49,1.47,37.99141,-121.76489,117.126,61.262,0.0,-69,0.395,0.333,0.614
2014/09/19 11:40:54,1.47,37.99103,-121.76339,115.486,62.262,0.0,-95,0.189,0.000,3.867
2014/09/19 11:40:59,1.47,37.99082,-121.76181,116.142,64.745,0.0,-95,0.231,0.250,3.050
2014/09/19 11:41:04,1.48,37.99062,-121.76016,117.126,67.046,0.0,-95,0.175,0.250,2.237
2014/09/19 11:41:09,1.48,37.99039,-121.75846,115.814,68.606,0.0,-95,0.236,0.000,0.000
2014/09/19 11:41:14,1.48,37.99016,-121.75678,118.766,66.260,0.0,-95,0.903,0.208,3.929
2014/09/19 11:41:19,1.48,37.98989,-121.75516,110.892,65.625,0.0,-95,0.000,0.500,1.398
2014/09/19 11:41:24,1.78,37.98938,-121.75358,102.034,67.827,0.0,-81,0.861,0.292,0.645
2014/09/19 11:41:29,1.4,37.98862,-121.75211,94.488,69.760,0.0,-81,0.000,0.500,0.262
2014/09/19 11:41:34,1.38,37.98764,-121.75081,91.207,71.810,0.0,-81,0.000,0.000,0.991
2014/09/19 11:41:39,1.35,37.98645,-121.74976,91.207,72.796,0.0,-81,0.000,0.750,1.290
2014/09/19 11:41:44,1.35,37.98517,-121.74884,96.129,71.904,0.0,-81,0.006,0.750,0.770
2014/09/19 11:41:49,1.35,37.98392,-121.74797,98.753,71.351,0.0,-81,1.006,0.875,0.168
2014/09/19 11:41:54,1.35,37.98262,-121.74708,96.785,76.495,0.0,-59,1.333,1.000,0.598
2014/09/19 11:41:59,1.35,37.98128,-121.74615,92.848,74.331,0.0,-59,1.278,1.000,0.000
2014/09/19 11:42:04,1.35,37.97998,-121.74525,89.239,72.452,0.0,-59,0.400,0.667,0.983
2014/09/19 11:42:09,1.69,37.97869,-121.74435,86.942,73.664,0.0,-59,0.657,0.833,1.199
2014/09/19 11:42:14,1.35,37.97744,-121.74345,86.614,68.076,0.0,-59,0.462,0.792,0.561
2014/09/19 11:42:19,1.35,37.97626,-121.74261,89.567,66.882,0.0,-59,1.284,1.000,1.369
2014/09/19 11:42:24,1.35,37.97511,-121.74179,92.520,63.060,0.0,-59,1.236,1.125,1.217
2014/09/19 11:42:29,1.35,37.97403,-121.74101,94.160,62.414,0.0,-53,0.675,1.708,1.902
2014/09/19 11:42:34,1.35,37.97291,-121.74022,97.441,64.455,0.0,-53,0.896,1.042,3.270
2014/09/19 11:42:39,1.38,37.97176,-121.73958,100.066,64.037,0.0,-53,1.102,0.958,2.459
2014/09/19 11:42:44,1.35,37.97050,-121.73916,103.018,64.768,0.0,-53,0.899,0.000,3.958
2014/09/19 11:42:49,1.63,37.96919,-121.73900,104.659,65.520,0.0,-53,0.661,0.958,1.242
2014/09/19 11:42:54,1.35,37.96788,-121.73911,106.955,64.918,0.0,-53,1.534,0.917,0.650
2014/09/19 11:42:59,1.35,37.96659,-121.73950,109.580,67.806,0.0,-79,0.502,0.000,2.046
2014/09/19 11:43:04,1.35,37.96533,-121.74016,117.454,67.408,0.0,-79,0.340,0.500,1.530
2014/09/19 11:43:09,1.35,37.96420,-121.74107,125.656,66.420,0.0,-79,0.599,0.000,0.000
2014/09/19 11:43:14,1.65,37.96314,-121.74207,133.858,65.997,0.0,-79,0.252,0.958,1.663
2014/09/19 11:43:19,1.35,37.96203,-121.74299,137.139,65.595,0.0,-79,0.807,0.000,0.000
2014/09/19 11:43:24,1.35,37.96081,-121.74375,137.139,69.090,0.0,-79,1.101,0.958,1.603
2014/09/19 11:43:30,1.48,37.95950,-121.74433,131.562,69.196,0.0,-67,0.906,1.417,0.000
2014/09/19 11:43:35,1.35,37.95816,-121.74470,123.031,67.439,0.0,-67,0.883,0.917,2.769
2014/09/19 11:43:40,1.35,37.95680,-121.74485,120.735,68.861,0.0,-67,0.156,0.500,5.230
2014/09/19 11:43:45,1.35,37.95541,-121.74486,122.703,68.746,0.0,-67,0.429,1.042,2.938
2014/09/19 11:43:50,1.35,37.95403,-121.74486,126.312,68.723,0.0,-67,0.444,0.000,0.000
2014/09/19 11:43:55,1.35,37.95264,-121.74486,126.969,70.691,0.0,-67,0.588,0.958,3.069
2014/09/19 11:44:00,1.35,37.95122,-121.74485,127.953,69.011,0.0,-69,1.115,0.917,2.437
2014/09/19 11:44:05,1.48,37.94984,-121.74470,130.577,69.499,0.0,-69,0.775,0.000,2.054
2014/09/19 11:44:10,1.36,37.94851,-121.74428,133.858,63.615,0.0,-69,0.141,0.958,4.158
2014/09/19 11:44:15,1.63,37.94742,-121.74377,136.811,55.357,0.0,-69,0.439,0.958,1.851
2014/09/19 11:44:20,1.64,37.94639,-121.74329,140.420,55.221,0.0,-69,0.431,0.917,2.350
2014/09/19 11:44:25,1.64,37.94533,-121.74278,145.341,56.824,0.0,-69,0.437,0.000,0.000
2014/09/19 11:44:30,2.1,37.94424,-121.74226,150.591,59.280,0.0,-69,0.590,0.958,3.660
2014/09/19 11:44:35,1.92,37.94311,-121.74173,155.184,60.664,0.0,-73,1.172,0.958,2.166
2014/09/19 11:44:40,1.64,37.94199,-121.74119,154.528,60.013,0.0,-73,0.960,0.000,2.421
2014/09/19 11:44:45,1.64,37.94086,-121.74066,152.559,60.122,0.0,-73,0.757,0.042,0.461
2014/09/19 11:44:50,1.93,37.93974,-121.74012,152.887,60.330,0.0,-73,0.533,0.583,0.218
2014/09/19 11:44:55,1.64,37.93858,-121.73956,149.278,62.416,0.0,-73,1.071,0.958,0.576
2014/09/19 11:45:00,1.64,37.93724,-121.73877,136.811,59.845,0.0,-73,1.399,0.000,0.471
2014/09/19 11:45:05,1.38,37.93614,-121.73811,125.328,61.439,0.0,-59,1.022,0.958,0.637
2014/09/19 11:45:10,1.38,37.93502,-121.73746,121.719,60.715,0.0,-59,1.864,0.875,1.257
2014/09/19 11:45:15,1.39,37.93391,-121.73686,123.688,58.717,0.0,-59,1.769,1.292,1.074
2014/09/19 11:45:20,1.64,37.93282,-121.73630,125.656,57.855,0.0,-59,1.845,1.250,2.109
2014/09/19 11:45:25,1.94,37.93173,-121.73578,129.921,57.883,0.0,-59,2.408,0.792,1.299
2014/09/19 11:45:30,1.64,37.93066,-121.73527,133.202,55.027,0.0,-59,1.089,1.208,0.591
2014/09/19 11:45:35,1.36,37.92966,-121.73479,132.218,51.287,0.0,-75,0.724,1.208,1.569
2014/09/19 11:45:40,1.36,37.92872,-121.73436,131.562,47.908,0.0,-75,0.751,1.000,2.069
2014/09/19 11:45:45,1.36,37.92782,-121.73395,130.577,47.177,0.0,-75,0.600,0.000,0.000
2014/09/19 11:45:50,1.36,37.92694,-121.73359,127.953,44.110,0.0,-75,0.855,1.625,2.519
2014/09/19 11:45:55,1.92,37.92611,-121.73319,127.297,44.208,0.0,-75,0.949,1.167,3.122
2014/09/19 11:46:00,1.36,37.92528,-121.73292,122.703,42.140,0.0,-75,0.832,1.208,2.609
2014/09/19 11:46:05,1.36,37.92440,-121.73272,121.063,48.168,0.0,-81,0.210,0.833,2.170
2014/09/19 11:46:10,1.36,37.92341,-121.73249,122.047,51.699,0.0,-81,0.356,0.000,3.751
2014/09/19 11:46:15,1.36,37.92238,-121.73226,122.703,52.061,0.0,-81,0.846,0.792,2.942
2014/09/19 11:46:20,1.65,37.92133,-121.73215,121.063,52.748,0.0,-81,0.275,0.000,0.000
2014/09/19 11:46:25,1.36,37.92023,-121.73215,119.751,56.061,0.0,-81,0.100,1.167,6.063
2014/09/19 11:46:30,1.36,37.91907,-121.73216,119.751,58.938,0.0,-81,0.000,0.000,0.000
2014/09/19 11:46:35,1.36,37.91786,-121.73218,121.391,60.821,0.0,-81,0.219,1.000,4.666
2014/09/19 11:46:40,1.36,37.91662,-121.73218,126.640,61.734,0.0,-71,0.474,0.833,1.194
2014/09/19 11:46:45,1.36,37.91538,-121.73217,137.139,61.528,0.0,-71,0.504,0.833,1.263
2014/09/19 11:46:50,1.36,37.91414,-121.73200,150.262,61.925,0.0,-71,1.019,1.208,1.109
2014/09/19 11:46:55,1.36,37.91293,-121.73158,162.073,62.188,0.0,-71,0.772,0.000,0.000
2014/09/19 11:47:00,1.36,37.91179,-121.73096,171.260,62.655,0.0,-71,0.163,0.000,0.000
2014/09/19 11:47:05,1.36,37.91073,-121.73010,177.165,62.265,0.0,-71,0.243,0.000,9.349
2014/09/19 11:47:10,1.39,37.90978,-121.72905,181.430,63.632,0.0,-79,0.305,0.000,0.159
2014/09/19 11:47:15,1.39,37.90887,-121.72786,182.087,65.318,0.0,-79,1.637,0.167,0.162
2014/09/19 11:47:20,1.39,37.90797,-121.72666,178.806,65.379,0.0,-79,2.014,0.708,0.291
2014/09/19 11:47:25,1.39,37.90706,-121.72541,172.572,66.979,0.0,-79,1.564,0.750,0.250
2014/09/19 11:47:30,1.39,37.90617,-121.72411,164.698,69.295,0.0,-79,1.605,1.208,0.930
2014/09/19 11:47:35,1.42,37.90526,-121.72278,157.152,69.098,0.0,-79,0.711,1.000,0.820
2014/09/19 11:47:40,1.74,37.90432,-121.72153,148.950,67.107,0.0,-65,0.506,0.000,0.878
2014/09/19 11:47:45,1.66,37.90325,-121.72051,142.060,67.486,0.0,-65,1.059,0.875,1.119
2014/09/19 11:47:50,1.39,37.90207,-121.71967,141.404,66.904,0.0,-65,1.110,0.958,0.762
2014/09/19 11:47:55,1.39,37.90086,-121.71896,142.388,66.419,0.0,-65,0.884,1.250,1.625
2014/09/19 11:48:00,1.37,37.89972,-121.71824,142.060,60.466,0.0,-65,0.451,0.542,0.580
2014/09/19 11:48:05,1.37,37.89876,-121.71740,141.076,56.879,0.0,-65,0.899,1.083,0.654
2014/09/19 11:48:10,1.42,37.89791,-121.71641,140.092,58.067,0.0,-75,1.248,1.250,1.206
2014/09/19 11:48:15,1.39,37.89719,-121.71531,140.420,55.338,0.0,-75,0.946,0.875,0.802
2014/09/19 11:48:20,1.39,37.89654,-121.71415,139.764,54.764,0.0,-75,0.807,1.000,0.886
2014/09/19 11:48:25,1.37,37.89604,-121.71328,139.436,30.839,0.0,-75,0.828,1.250,1.366
2014/09/19 11:48:30,1.37,37.89586,-121.71297,138.780,3.272,0.0,-75,1.347,0.875,0.834
2014/09/19 11:48:35,1.37,37.89586,-121.71296,136.483,0.028,0.0,-75,1.105,1.125,0.751
2014/09/19 11:48:40,1.39,37.89586,-121.71296,136.811,0.026,0.0,-75,1.618,1.083,0.736
2014/09/19 11:48:45,1.37,37.89586,-121.71296,137.139,0.665,0.0,-79,1.811,0.833,0.483
2014/09/19 11:48:50,1.37,37.89572,-121.71270,135.827,22.160,0.0,-79,1.331,0.000,0.798
2014/09/19 11:48:55,1.39,37.89537,-121.71208,133.858,35.133,0.0,-79,0.491,1.042,1.681
2014/09/19 11:49:00,1.39,37.89489,-121.71124,134.186,45.229,0.0,-79,0.914,1.292,3.897
2014/09/19 11:49:05,1.4,37.89432,-121.71026,136.811,48.638,0.0,-79,1.019,1.417,2.723
2014/09/19 11:49:10,1.4,37.89366,-121.70930,140.092,51.720,0.0,-79,0.915,1.250,1.239
2014/09/19 11:49:15,1.68,37.89287,-121.70840,145.669,54.374,0.0,-69,0.879,0.833,2.457
2014/09/19 11:49:20,1.37,37.89196,-121.70758,149.606,56.735,0.0,-69,0.929,1.250,2.003
2014/09/19 11:49:25,1.67,37.89100,-121.70675,151.903,59.165,0.0,-69,1.009,0.000,1.799
2014/09/19 11:49:30,1.69,37.89004,-121.70584,151.247,60.464,0.0,-69,1.397,1.250,3.195
2014/09/19 11:49:35,1.4,37.88916,-121.70470,147.966,63.825,0.0,-69,1.297,0.833,0.000
2014/09/19 11:49:40,1.41,37.88843,-121.70334,143.045,64.019,0.0,-69,0.593,1.250,2.345
2014/09/19 11:49:45,1.4,37.88792,-121.70191,137.139,61.213,0.0,-97,0.113,0.458,5.722
2014/09/19 11:49:50,1.4,37.88760,-121.70042,130.249,59.998,0.0,-97,0.325,0.000,0.000
2014/09/19 11:49:55,1.37,37.88748,-121.69898,123.688,55.357,0.0,-97,0.172,0.917,4.639
2014/09/19 11:50:00,1.37,37.88746,-121.69763,116.142,51.196,0.0,-97,0.000,0.458,2.100
2014/09/19 11:50:05,1.37,37.88746,-121.69636,110.564,49.659,0.0,-97,0.000,0.958,0.730
2014/09/19 11:50:10,1.37,37.88735,-121.69508,108.596,52.585,0.0,-97,0.000,1.333,1.329
2014/09/19 11:50:15,1.37,37.88697,-121.69384,112.205,51.873,0.0,-85,0.000,0.000,0.000
2014/09/19 11:50:20,1.4,37.88633,-121.69277,117.126,54.772,0.0,-85,0.000,1.375,1.450
2014/09/19 11:50:25,1.4,37.88557,-121.69172,121.391,56.872,0.0,-85,0.000,1.375,2.080
2014/09/19 11:50:30,1.4,37.88481,-121.69065,126.640,57.198,0.0,-85,0.006,1.375,0.000
2014/09/19 11:50:35,1.37,37.88399,-121.68963,134.186,58.040,0.0,-85,1.025,0.875,3.997
2014/09/19 11:50:40,1.4,37.88304,-121.68875,139.108,58.939,0.0,-85,0.594,0.000,1.531
2014/09/19 11:50:45,1.37,37.88207,-121.68788,136.811,60.144,0.0,-75,0.534,1.375,1.738
2014/09/19 11:50:50,1.37,37.88108,-121.68697,132.874,61.968,0.0,-75,0.661,1.167,2.400
2014/09/19 11:50:55,1.37,37.88005,-121.68605,128.281,63.508,0.0,-75,0.798,1.333,1.622
2014/09/19 11:51:00,1.38,37.87901,-121.68510,123.031,64.001,0.0,-75,0.998,0.000,1.589
2014/09/19 11:51:05,1.38,37.87795,-121.68414,119.423,65.576,0.0,-75,0.281,1.375,6.161
2014/09/19 11:51:10,1.38,37.87687,-121.68317,114.501,66.107,0.0,-75,0.217,0.458,1.026
2014/09/19 11:51:15,1.38,37.87581,-121.68220,110.236,65.039,0.0,-75,0.274,0.458,0.000
2014/09/19 11:51:20,1.38,37.87475,-121.68125,107.283,64.032,0.0,-111,0.169,0.000,4.808
2014/09/19 11:51:25,1.38,37.87369,-121.68029,104.987,66.037,0.0,-111,0.111,0.458,0.000
2014/09/19 11:51:30,1.48,37.87263,-121.67932,102.362,64.324,0.0,-111,0.080,0.458,0.853
2014/09/19 11:51:35,1.38,37.87160,-121.67830,101.378,65.726,0.0,-111,0.515,0.000,0.000
2014/09/19 11:51:40,1.41,37.87069,-121.67705,104.003,67.720,0.0,-111,0.416,0.917,1.566
2014/09/19 11:51:45,1.38,37.86990,-121.67563,108.924,68.892,0.0,-111,0.484,0.458,0.311
2014/09/19 11:51:50,1.4,37.86913,-121.67417,113.517,68.672,0.0,-93,0.308,0.917,0.602
2014/09/19 11:51:54,1.89,37.86836,-121.67272,118.438,68.341,0.0,-93,0.730,0.000,0.941
2014/09/19 11:51:59,1.69,37.86762,-121.67132,122.047,64.269,0.0,-93,1.703,1.375,0.943
2014/09/19 11:52:04,1.91,37.86689,-121.67009,125.000,57.478,0.0,-93,1.425,1.375,1.522
2014/09/19 11:52:09,1.71,37.86616,-121.66907,125.328,53.145,0.0,-93,1.201,0.917,1.488
2014/09/19 11:52:14,1.41,37.86551,-121.66818,124.672,34.064,0.0,-93,0.916,0.000,1.910
2014/09/19 11:52:20,1.41,37.86534,-121.66793,123.688,0.078,0.0,-103,1.020,1.333,2.038
2014/09/19 11:52:25,1.41,37.86534,-121.66793,122.047,0.019,0.0,-103,0.822,1.375,4.321
2014/09/19 11:52:30,1.41,37.86534,-121.66793,121.391,0.016,0.0,-103,1.385,0.958,1.655
2014/09/19 11:52:35,1.41,37.86533,-121.66792,120.079,2.891,0.0,-103,1.048,1.500,2.187
2014/09/19 11:52:40,1.38,37.86513,-121.66763,120.079,23.284,0.0,-103,1.442,0.458,0.000
2014/09/19 11:52:45,1.41,37.86470,-121.66705,119.751,37.823,0.0,-103,0.345,0.000,1.109
2014/09/19 11:52:50,1.41,37.86412,-121.66624,117.782,46.772,0.0,-97,0.672,1.500,0.629
2014/09/19 11:52:55,1.41,37.86344,-121.66529,115.486,52.717,0.0,-97,0.805,1.000,2.169
2014/09/19 11:53:00,1.41,37.86274,-121.66424,112.533,55.390,0.0,-97,0.487,0.958,1.590
2014/09/19 11:53:05,1.69,37.86207,-121.66307,109.252,57.702,0.0,-97,1.302,0.000,1.180
2014/09/19 11:53:10,1.38,37.86141,-121.66184,105.971,59.125,0.0,-97,0.475,0.000,0.000
2014/09/19 11:53:15,1.7,37.86073,-121.66060,103.018,60.212,0.0,-97,0.000,0.000,0.000
2014/09/19 11:53:20,1.7,37.86003,-121.65931,99.081,62.074,0.0,-97,0.000,0.000,0.000
2014/09/19 11:53:25,1.38,37.85933,-121.65800,95.472,63.113,0.0,-113,0.000,0.000,0.000
2014/09/19 11:53:30,1.38,37.85860,-121.65665,92.848,64.698,0.0,-113,0.000,0.000,0.000
2014/09/19 11:53:35,1.38,37.85786,-121.65527,89.239,66.621,0.0,-113,0.000,0.000,0.000
2014/09/19 11:53:40,1.41,37.85707,-121.65389,84.974,67.917,0.0,-113,0.000,0.000,0.000
2014/09/19 11:53:45,1.41,37.85611,-121.65264,80.709,69.207,0.0,-113,0.000,0.000,0.000
2014/09/19 11:53:50,1.4,37.85502,-121.65154,75.787,70.134,0.0,-113,0.000,0.000,0.000
2014/09/19 11:53:55,1.4,37.85391,-121.65046,75.131,69.251,0.0,-113,0.000,0.000,0.000
2014/09/19 11:54:00,1.38,37.85284,-121.64941,79.724,66.428,0.0,-113,0.000,0.000,2.345
2014/09/19 11:54:05,1.38,37.85182,-121.64840,83.990,64.212,0.0,-113,0.000,0.000,2.213
2014/09/19 11:54:10,1.38,37.85079,-121.64745,87.270,62.637,0.0,-113,0.000,0.000,0.181
2014/09/19 11:54:15,1.38,37.84962,-121.64686,90.879,63.115,0.0,-113,0.003,0.042,0.230
2014/09/19 11:54:20,1.38,37.84835,-121.64672,95.801,64.702,0.0,-113,2.978,1.542,0.162
2014/09/19 11:54:26,1.7,37.84682,-121.64675,102.690,61.980,0.0,-91,1.689,0.542,2.079
2014/09/19 11:54:31,1.71,37.84558,-121.64677,106.955,62.621,0.0,-91,1.528,0.000,0.189
2014/09/19 11:54:36,1.38,37.84431,-121.64680,109.580,63.434,0.0,-91,0.000,0.000,0.000
2014/09/19 11:54:41,1.38,37.84303,-121.64682,112.533,64.312,0.0,-91,0.000,0.000,0.000
2014/09/19 11:54:46,1.38,37.84172,-121.64685,114.501,65.442,0.0,-91,0.000,0.000,0.000
2014/09/19 11:54:51,1.83,37.84045,-121.64687,113.189,60.868,0.0,-91,0.000,0.000,0.000
2014/09/19 11:54:56,1.39,37.83925,-121.64704,108.268,61.353,0.0,85,0.000,0.000,0.000
2014/09/19 11:55:01,1.48,37.83812,-121.64766,105.315,61.949,0.0,85,0.000,0.000,0.000
2014/09/19 11:55:06,1.39,37.83717,-121.64867,104.331,61.979,0.0,85,0.000,0.000,0.471
2014/09/19 11:55:11,1.48,37.83649,-121.64999,105.315,62.442,0.0,85,0.000,0.000,0.283
2014/09/19 11:55:16,1.39,37.83591,-121.65138,110.564,60.094,0.0,85,0.000,0.000,0.706
2014/09/19 11:55:21,1.39,37.83525,-121.65266,114.829,60.743,0.0,85,0.003,0.000,0.474
2014/09/19 11:55:26,1.39,37.83432,-121.65368,120.407,62.122,0.0,-85,0.000,0.000,2.918
2014/09/19 11:55:31,1.39,37.83318,-121.65433,124.672,63.284,0.0,-85,0.000,0.042,0.302
2014/09/19 11:55:36,1.74,37.83191,-121.65469,127.297,65.114,0.0,-85,0.000,0.167,1.285
2014/09/19 11:55:41,1.74,37.83062,-121.65505,129.265,65.685,0.0,-85,0.000,0.000,2.034
2014/09/19 11:55:46,1.42,37.82931,-121.65534,134.843,66.381,0.0,-85,0.000,0.083,3.211
2014/09/19 11:55:51,1.71,37.82797,-121.65537,140.420,67.469,0.0,-85,0.000,0.042,0.000
2014/09/19 11:55:56,1.71,37.82662,-121.65529,145.997,67.230,0.0,-85,0.000,0.083,0.000
2014/09/19 11:56:01,1.72,37.82528,-121.65522,152.231,65.704,0.0,-95,0.000,0.000,0.000
2014/09/19 11:56:06,1.72,37.82397,-121.65514,157.808,64.972,0.0,-95,0.000,0.000,0.000
2014/09/19 11:56:11,1.39,37.82266,-121.65507,163.714,65.101,0.0,-95,0.000,0.083,0.000
2014/09/19 11:56:16,1.39,37.82140,-121.65503,174.213,59.909,0.0,-95,0.000,0.000,0.000
2014/09/19 11:56:21,1.42,37.82025,-121.65535,188.320,57.865,0.0,-95,0.000,0.125,0.000
2014/09/19 11:56:26,1.48,37.81923,-121.65605,201.772,58.333,0.0,-95,0.000,0.000,0.000
2014/09/19 11:56:31,1.48,37.81842,-121.65708,214.895,57.412,0.0,-95,0.000,0.000,0.000
2014/09/19 11:56:36,1.39,37.81786,-121.65832,229.659,55.869,0.0,-95,0.000,0.125,0.000
2014/09/19 11:56:41,1.45,37.81740,-121.65957,245.407,54.148,0.0,-95,0.000,0.000,0.000
2014/09/19 11:56:46,1.48,37.81673,-121.66065,261.483,53.873,0.0,-95,0.000,0.000,0.000
2014/09/19 11:56:51,1.39,37.81588,-121.66146,277.559,52.921,0.0,-95,0.003,0.000,8.797
2014/09/19 11:56:56,1.75,37.81489,-121.66198,291.995,53.905,0.0,-95,0.036,0.000,2.526
2014/09/19 11:57:01,2.13,37.81384,-121.66234,306.759,54.780,0.0,-67,0.014,0.000,0.754
2014/09/19 11:57:06,1.72,37.81283,-121.66296,322.507,56.639,0.0,-67,0.000,0.000,0.000
2014/09/19 11:57:11,1.39,37.81198,-121.66394,332.349,58.850,0.0,-67,0.000,0.000,0.000
2014/09/19 11:57:16,1.39,37.81134,-121.66519,336.942,59.474,0.0,-67,0.000,0.042,0.699
2014/09/19 11:57:21,1.48,37.81071,-121.66644,335.630,58.368,0.0,-67,0.000,0.250,1.470
2014/09/19 11:57:26,1.89,37.80984,-121.66744,328.740,58.460,0.0,-67,0.000,0.167,0.000
2014/09/19 11:57:31,2.42,37.80888,-121.66828,319.882,59.953,0.0,-83,0.000,0.000,4.810
2014/09/19 11:57:36,1.89,37.80805,-121.66949,316.929,65.614,0.0,-83,0.000,0.125,0.000
2014/09/19 11:57:41,1.73,37.80729,-121.67091,323.491,67.954,0.0,-83,0.000,0.000,0.000
2014/09/19 11:57:46,1.73,37.80648,-121.67225,329.724,65.869,0.0,-83,0.000,0.083,0.000
2014/09/19 11:57:51,2.1,37.80549,-121.67333,336.614,65.246,0.0,-83,0.000,0.000,0.000
2014/09/19 11:57:56,2.1,37.80446,-121.67440,343.176,66.317,0.0,-83,0.000,0.167,0.000
2014/09/19 11:58:01,2.14,37.80336,-121.67527,356.299,64.549,0.0,-83,0.000,0.000,0.000
2014/09/19 11:58:06,2.14,37.80208,-121.67567,364.173,65.508,0.0,-69,0.000,0.125,0.000
2014/09/19 11:58:11,2.11,37.80080,-121.67566,367.126,62.783,0.0,-69,0.000,0.000,0.000
2014/09/19 11:58:16,1.73,37.79956,-121.67588,378.281,62.546,0.0,-69,0.000,0.000,0.000
2014/09/19 11:58:21,1.73,37.79849,-121.67669,402.559,62.653,0.0,-69,0.000,0.125,0.000
2014/09/19 11:58:26,1.73,37.79777,-121.67794,431.759,61.168,0.0,-69,0.000,0.000,0.000
2014/09/19 11:58:31,1.73,37.79744,-121.67943,462.270,61.476,0.0,-69,0.000,0.000,0.000
2014/09/19 11:58:36,1.73,37.79719,-121.68098,492.126,63.372,0.0,-89,0.000,0.000,0.000
2014/09/19 11:58:41,1.73,37.79694,-121.68258,525.262,65.242,0.0,-89,0.000,0.000,0.000
2014/09/19 11:58:46,1.73,37.79668,-121.68418,558.727,61.990,0.0,-89,0.000,0.000,0.000
2014/09/19 11:58:51,1.74,37.79620,-121.68559,589.895,61.023,0.0,-89,0.000,0.000,0.000
2014/09/19 11:58:56,1.85,37.79534,-121.68670,623.688,61.207,0.0,-89,0.000,0.000,0.000
2014/09/19 11:59:01,1.85,37.79429,-121.68748,651.903,59.980,0.0,-89,0.000,0.000,0.000
2014/09/19 11:59:06,1.74,37.79339,-121.68846,683.071,60.140,0.0,-83,0.000,0.000,0.000
2014/09/19 11:59:11,1.74,37.79291,-121.68983,713.911,59.782,0.0,-83,0.000,0.000,0.000
2014/09/19 11:59:16,1.74,37.79282,-121.69131,746.719,57.900,0.0,-83,0.000,0.000,0.446
2014/09/19 11:59:21,1.74,37.79259,-121.69273,777.559,54.248,0.0,-83,0.000,0.000,0.387
2014/09/19 11:59:26,1.9,37.79196,-121.69385,807.087,55.060,0.0,-83,0.000,0.000,0.000
2014/09/19 11:59:31,1.95,37.79101,-121.69460,835.302,57.018,0.0,-83,0.000,0.000,0.000
2014/09/19 11:59:36,2.13,37.78988,-121.69498,861.877,59.613,0.0,-91,0.000,0.000,0.470
2014/09/19 11:59:41,2.13,37.78870,-121.69532,885.171,59.911,0.0,-91,0.000,0.000,0.710
2014/09/19 11:59:46,2.13,37.78752,-121.69567,900.591,60.727,0.0,-91,0.000,0.000,0.614
2014/09/19 11:59:51,1.8,37.78631,-121.69603,908.136,62.284,0.0,-91,0.000,0.000,0.384
2014/09/19 11:59:56,1.8,37.78505,-121.69640,903.543,66.666,0.0,-91,0.003,0.000,0.454
2014/09/19 12:00:01,1.86,37.78372,-121.69679,891.732,67.929,0.0,-91,0.000,0.000,1.546
2014/09/19 12:00:06,1.9,37.78249,-121.69733,872.375,62.948,0.0,-91,0.000,0.000,0.000
2014/09/19 12:00:11,1.74,37.78147,-121.69831,850.722,64.692,0.0,-93,0.000,0.000,0.331
2014/09/19 12:00:16,1.74,37.78076,-121.69972,835.302,67.519,0.0,-93,0.000,0.000,0.451
2014/09/19 12:00:21,1.75,37.78047,-121.70138,834.646,67.262,0.0,-93,0.000,0.000,0.450
2014/09/19 12:00:26,1.75,37.78064,-121.70303,854.003,64.780,0.0,-93,0.003,0.000,0.000
2014/09/19 12:00:31,1.75,37.78107,-121.70456,879.593,63.693,0.0,-93,0.000,0.000,1.191
2014/09/19 12:00:36,1.81,37.78137,-121.70606,903.871,61.498,0.0,-93,0.000,0.000,0.387
2014/09/19 12:00:41,2.14,37.78124,-121.70761,927.165,62.310,0.0,-61,0.000,0.000,1.231
2014/09/19 12:00:46,1.81,37.78067,-121.70899,950.131,61.781,0.0,-61,0.000,0.042,1.773
2014/09/19 12:00:51,1.75,37.77988,-121.71021,973.753,61.835,0.0,-61,0.000,0.000,5.031
2014/09/19 12:00:56,1.75,37.77926,-121.71150,993.766,59.010,0.0,-61,0.000,0.125,0.000
2014/09/19 12:01:01,1.75,37.77887,-121.71294,1006.890,60.784,0.0,-61,0.000,0.083,0.000
2014/09/19 12:01:06,1.75,37.77850,-121.71440,1013.123,59.813,0.0,-61,0.000,0.000,0.000
2014/09/19 12:01:11,1.75,37.77808,-121.71573,1017.060,56.694,0.0,-65,0.000,0.125,0.000
2014/09/19 12:01:16,1.75,37.77733,-121.71685,1020.341,60.137,0.0,-65,0.000,0.000,0.000
2014/09/19 12:01:21,1.75,37.77636,-121.71789,1024.934,65.404,0.0,-65,0.000,0.125,0.000
2014/09/19 12:01:26,2.15,37.77533,-121.71899,1029.199,68.178,0.0,-65,0.000,0.000,0.000
2014/09/19 12:01:31,2.15,37.77428,-121.72012,1035.433,68.212,0.0,-65,0.000,0.000,0.000
2014/09/19 12:01:36,2.15,37.77324,-121.72122,1041.010,67.599,0.0,-65,0.000,0.125,0.000
2014/09/19 12:01:41,1.75,37.77222,-121.72232,1040.354,66.700,0.0,-97,0.000,0.000,0.000
2014/09/19 12:01:46,1.76,37.77125,-121.72336,1032.152,59.330,0.0,-97,0.000,0.000,0.000
2014/09/19 12:01:51,1.76,37.77040,-121.72427,1017.388,54.010,0.0,-97,0.000,0.125,0.000
2014/09/19 12:01:56,2.16,37.76960,-121.72511,995.407,48.107,0.0,-97,0.000,0.125,8.117
2014/09/19 12:02:01,1.76,37.76889,-121.72593,971.785,48.103,0.0,-97,0.000,0.125,0.000
2014/09/19 12:02:06,1.87,37.76830,-121.72693,947.178,49.866,0.0,-97,0.000,0.083,7.850
2014/09/19 12:02:11,1.87,37.76790,-121.72804,925.197,48.395,0.0,-97,0.000,0.000,0.000
2014/09/19 12:02:16,1.87,37.76772,-121.72922,902.887,45.169,0.0,-71,0.000,0.250,5.606
2014/09/19 12:02:21,1.87,37.76763,-121.73038,882.546,48.825,0.0,-71,0.000,0.250,0.000
2014/09/19 12:02:26,1.87,37.76750,-121.73164,869.094,50.686,0.0,-71,0.000,0.000,5.031
2014/09/19 12:02:31,1.87,37.76716,-121.73284,861.549,49.804,0.0,-71,0.000,0.250,4.995
2014/09/19 12:02:36,1.87,37.76656,-121.73392,864.173,54.581,0.0,-71,0.000,0.250,0.000
2014/09/19 12:02:41,1.87,37.76572,-121.73483,877.297,55.235,0.0,-71,0.000,0.000,4.911
2014/09/19 12:02:46,1.87,37.76472,-121.73547,899.934,56.465,0.0,-77,0.000,0.208,3.146
2014/09/19 12:02:51,1.88,37.76370,-121.73608,927.493,55.007,0.0,-77,0.000,0.375,2.532
2014/09/19 12:02:56,1.88,37.76269,-121.73650,949.147,53.962,0.0,-77,0.000,0.375,2.811
2014/09/19 12:03:01,1.88,37.76159,-121.73648,961.614,55.701,0.0,-77,0.000,0.000,0.000
2014/09/19 12:03:06,1.88,37.76045,-121.73627,964.567,59.240,0.0,-77,0.003,0.250,4.879
2014/09/19 12:03:11,1.88,37.75925,-121.73606,958.990,61.632,0.0,-77,0.000,0.375,3.991
2014/09/19 12:03:16,1.88,37.75800,-121.73583,947.835,63.143,0.0,-59,0.000,0.000,0.000
2014/09/19 12:03:21,1.88,37.75674,-121.73561,927.493,63.345,0.0,-59,0.000,0.000,0.000
2014/09/19 12:03:26,1.88,37.75554,-121.73537,899.934,58.364,0.0,-59,0.000,0.000,0.000
2014/09/19 12:03:31,1.88,37.75446,-121.73482,871.719,58.684,0.0,-59,0.006,0.000,0.205
2014/09/19 12:03:36,1.88,37.75335,-121.73412,840.551,63.769,0.0,-59,2.744,0.042,0.254
2014/09/19 12:03:41,1.88,37.75218,-121.73338,807.087,65.953,0.0,-59,4.006,0.542,0.544
2014/09/19 12:03:46,1.88,37.75102,-121.73265,773.622,63.560,0.0,-71,2.667,0.542,0.234
2014/09/19 12:03:51,1.88,37.75001,-121.73174,741.470,61.471,0.0,-71,3.497,0.542,0.229
2014/09/19 12:03:56,1.88,37.74926,-121.73051,714.567,60.355,0.0,-71,3.833,0.833,0.170
2014/09/19 12:04:01,1.88,37.74861,-121.72925,700.787,59.642,0.0,-71,4.333,0.500,0.175
2014/09/19 12:04:06,1.88,37.74797,-121.72798,686.680,58.345,0.0,-71,4.333,0.000,0.172
2014/09/19 12:04:11,2.04,37.74743,-121.72673,672.572,53.256,0.0,-71,3.750,1.000,0.201
2014/09/19 12:04:16,1.88,37.74668,-121.72588,659.777,49.305,0.0,-71,3.167,0.542,0.300
2014/09/19 12:04:21,1.88,37.74575,-121.72562,648.950,47.612,0.0,-65,2.503,0.292,0.396
2014/09/19 12:04:26,1.89,37.74482,-121.72549,639.764,45.845,0.0,-65,0.709,0.208,0.797
2014/09/19 12:04:31,1.89,37.74401,-121.72498,634.514,45.858,0.0,-65,1.342,0.750,0.198
2014/09/19 12:04:36,1.89,37.74324,-121.72428,627.625,48.115,0.0,-65,2.689,1.792,0.205
2014/09/19 12:04:41,1.89,37.74234,-121.72364,612.861,53.577,0.0,-65,4.331,1.208,0.191
2014/09/19 12:04:46,2.35,37.74139,-121.72314,604.331,48.197,0.0,-65,3.667,0.750,0.198
2014/09/19 12:04:51,1.89,37.74043,-121.72318,600.394,49.068,0.0,-65,3.589,0.500,0.145
2014/09/19 12:04:56,1.89,37.73956,-121.72377,587.270,48.756,0.0,-65,4.331,0.583,0.160
2014/09/19 12:05:01,1.89,37.73864,-121.72408,581.365,47.242,0.0,-65,3.997,0.833,0.181
2014/09/19 12:05:06,1.89,37.73766,-121.72410,576.772,51.455,0.0,-65,4.141,0.833,0.166
2014/09/19 12:05:11,1.89,37.73657,-121.72411,571.522,55.884,0.0,-65,1.656,0.667,0.190
2014/09/19 12:05:16,1.89,37.73542,-121.72412,567.257,57.936,0.0,-65,2.353,0.917,0.405
2014/09/19 12:05:21,1.89,37.73425,-121.72413,563.976,59.182,0.0,-73,1.433,0.875,0.190
2014/09/19 12:05:26,1.89,37.73307,-121.72414,580.052,57.671,0.0,-73,4.089,0.833,0.377
2014/09/19 12:05:31,1.89,37.73195,-121.72416,595.801,54.425,0.0,-73,2.264,1.042,0.157
2014/09/19 12:05:36,1.89,37.73089,-121.72416,577.756,52.108,0.0,-73,1.494,0.000,0.505
2014/09/19 12:05:41,1.89,37.72985,-121.72417,555.774,51.114,0.0,-73,0.147,0.625,0.370
2014/09/19 12:05:46,1.89,37.72884,-121.72419,541.010,48.985,0.0,-73,0.763,0.792,0.210
2014/09/19 12:05:51,1.89,37.72794,-121.72421,538.058,36.387,0.0,-87,0.440,1.083,0.623
2014/09/19 12:05:56,1.89,37.72740,-121.72422,536.417,20.547,0.0,-87,0.675,0.500,1.983
2014/09/19 12:06:01,1.81,37.72717,-121.72423,535.433,0.752,0.0,-87,2.794,2.000,0.000
2014/09/19 12:06:06,1.81,37.72712,-121.72424,535.105,9.710,0.0,-87,3.819,1.292,0.000
2014/09/19 12:06:11,1.81,37.72676,-121.72425,533.136,23.859,0.0,-87,2.528,0.708,0.384
2014/09/19 12:06:16,1.81,37.72617,-121.72425,530.840,33.235,0.0,-87,1.267,0.000,1.081
2014/09/19 12:06:21,1.81,37.72543,-121.72426,530.512,38.564,0.0,-87,1.603,0.292,0.165
2014/09/19 12:06:26,1.81,37.72464,-121.72426,530.184,39.716,0.0,-73,3.669,0.792,0.230
2014/09/19 12:06:31,1.79,37.72383,-121.72420,530.512,40.035,0.0,-73,2.589,0.875,0.497
2014/09/19 12:06:36,1.79,37.72302,-121.72415,528.871,39.787,0.0,-73,2.328,0.500,0.174
2014/09/19 12:06:41,1.79,37.72222,-121.72416,530.512,40.482,0.0,-73,2.583,0.667,0.000
2014/09/19 12:06:46,1.79,37.72137,-121.72417,529.856,42.659,0.0,-73,2.667,0.000,0.000
2014/09/19 12:06:51,1.79,37.72054,-121.72418,528.215,39.343,0.0,-73,0.583,0.000,0.000
2014/09/19 12:06:56,1.79,37.71975,-121.72418,529.199,38.536,0.0,-85,0.731,0.750,0.602
2014/09/19 12:07:01,1.81,37.71903,-121.72421,530.512,33.238,0.0,-85,1.294,0.542,0.283
2014/09/19 12:07:06,1.79,37.71837,-121.72425,530.840,32.397,0.0,-85,1.072,0.708,0.455
2014/09/19 12:07:11,1.81,37.71778,-121.72428,530.840,24.247,0.0,-85,1.205,0.833,0.745
2014/09/19 12:07:16,1.81,37.71745,-121.72428,531.496,6.564,0.0,-85,1.195,0.000,0.870
2014/09/19 12:07:21,1.81,37.71743,-121.72429,531.496,0.007,0.0,-85,0.761,1.042,1.006
2014/09/19 12:07:26,1.81,37.71743,-121.72429,531.496,0.023,0.0,-81,1.342,0.000,2.127
2014/09/19 12:07:31,1.81,37.71744,-121.72428,528.215,0.009,0.0,-81,0.127,0.500,1.098
2014/09/19 12:07:36,1.82,37.71741,-121.72428,527.559,4.221,0.0,-81,0.353,0.250,2.319
2014/09/19 12:07:41,1.98,37.71719,-121.72429,527.231,16.481,0.0,-81,0.608,0.000,0.000
2014/09/19 12:07:46,1.79,37.71672,-121.72429,526.903,28.250,0.0,-81,0.000,0.708,0.000
2014/09/19 12:07:51,1.79,37.71605,-121.72430,525.919,36.167,0.0,-81,0.000,1.750,1.258
2014/09/19 12:07:56,1.79,37.71529,-121.72430,526.575,38.269,0.0,-83,0.000,2.292,2.029
2014/09/19 12:08:01,1.8,37.71452,-121.72431,525.591,37.617,0.0,-83,0.000,2.000,1.930
2014/09/19 12:08:06,1.82,37.71383,-121.72432,526.903,33.358,0.0,-83,0.000,2.167,0.951
2014/09/19 12:08:11,1.82,37.71318,-121.72435,527.887,30.847,0.0,-83,0.006,1.375,0.499
2014/09/19 12:08:16,1.82,37.71264,-121.72436,526.903,16.951,0.0,-83,0.914,0.000,1.137
2014/09/19 12:08:21,1.82,37.71247,-121.72436,527.231,2.945,0.0,-83,0.583,0.625,1.245
2014/09/19 12:08:26,1.82,37.71246,-121.72436,526.575,0.016,0.0,-83,0.922,0.000,0.270
2014/09/19 12:08:31,1.82,37.71239,-121.72436,526.575,10.944,0.0,-83,1.455,1.208,0.826
2014/09/19 12:08:36,1.82,37.71206,-121.72436,527.887,19.319,0.0,-83,1.344,0.000,0.878
2014/09/19 12:08:41,1.82,37.71156,-121.72438,528.215,29.718,0.0,-83,0.609,0.583,0.595
2014/09/19 12:08:46,1.82,37.71086,-121.72439,533.465,38.624,0.0,-83,1.353,0.583,0.256
2014/09/19 12:08:51,1.82,37.71009,-121.72422,545.604,38.988,0.0,-83,1.025,0.000,0.160
2014/09/19 12:08:56,1.82,37.70936,-121.72398,552.165,36.346,0.0,-83,2.633,0.583,0.155
2014/09/19 12:09:01,1.8,37.70875,-121.72374,549.213,29.098,0.0,-65,3.997,0.583,0.179
2014/09/19 12:09:06,1.8,37.70825,-121.72357,539.698,21.245,0.0,-65,3.447,0.000,0.159
2014/09/19 12:09:11,1.8,37.70806,-121.72350,535.761,2.695,0.0,-65,0.094,1.125,0.362
2014/09/19 12:09:16,1.8,37.70804,-121.72350,536.417,0.101,0.0,-65,2.981,1.167,0.254
2014/09/19 12:09:22,1.8,37.70804,-121.72349,537.730,0.027,0.0,-65,3.514,0.625,0.189
2014/09/19 12:09:27,1.8,37.70804,-121.72349,538.058,0.434,0.0,-65,3.753,0.583,0.227
2014/09/19 12:09:32,1.8,37.70805,-121.72349,538.714,0.023,0.0,-67,2.555,0.000,0.343
2014/09/19 12:09:37,1.8,37.70795,-121.72344,536.417,9.786,0.0,-67,2.606,1.167,0.310
2014/09/19 12:09:42,1.94,37.70789,-121.72312,532.808,17.880,0.0,-67,2.833,0.583,0.178
2014/09/19 12:09:47,1.81,37.70814,-121.72264,532.152,27.362,0.0,-67,1.716,0.000,0.570
2014/09/19 12:09:52,1.81,37.70868,-121.72223,531.168,35.063,0.0,-67,1.617,0.542,0.461
2014/09/19 12:09:57,1.81,37.70933,-121.72171,531.168,40.842,0.0,-67,2.667,0.000,0.149
2014/09/19 12:10:02,1.94,37.70992,-121.72091,532.152,46.145,0.0,-59,3.647,0.583,0.425
2014/09/19 12:10:07,1.81,37.71046,-121.71983,532.152,54.734,0.0,-59,1.389,0.000,0.962
2014/09/19 12:10:12,1.81,37.71103,-121.71857,536.089,59.255,0.0,-59,1.728,1.167,0.315
2014/09/19 12:10:17,1.81,37.71163,-121.71719,539.370,64.106,0.0,-59,2.017,0.583,0.742
2014/09/19 12:10:22,1.81,37.71225,-121.71577,543.963,63.918,0.0,-59,1.761,0.000,0.338
2014/09/19 12:10:27,1.81,37.71285,-121.71435,547.244,63.391,0.0,-59,0.947,0.583,0.176
2014/09/19 12:10:32,1.81,37.71345,-121.71293,549.869,64.017,0.0,-59,1.286,1.750,0.318
2014/09/19 12:10:37,1.81,37.71407,-121.71150,551.837,64.194,0.0,-67,1.684,1.708,0.173
2014/09/19 12:10:42,1.81,37.71468,-121.71009,554.134,63.442,0.0,-67,1.750,0.000,0.215
2014/09/19 12:10:47,1.81,37.71529,-121.70867,556.430,63.886,0.0,-67,1.630,1.167,0.159
2014/09/19 12:10:52,1.81,37.71590,-121.70724,559.055,64.001,0.0,-67,1.692,0.583,0.207
2014/09/19 12:10:57,1.81,37.71643,-121.70576,567.257,64.667,0.0,-67,2.800,1.167,0.151
2014/09/19 12:11:02,1.81,37.71686,-121.70424,583.661,62.720,0.0,-67,3.795,0.000,0.211
2014/09/19 12:11:07,1.81,37.71720,-121.70272,600.394,62.528,0.0,-51,4.094,1.125,0.000
2014/09/19 12:11:12,1.81,37.71752,-121.70121,619.751,61.052,0.0,-51,3.989,1.167,0.000
2014/09/19 12:11:17,1.81,37.71782,-121.69974,637.467,59.698,0.0,-51,4.011,0.000,0.000
2014/09/19 12:11:22,1.81,37.71812,-121.69829,655.840,58.505,0.0,-51,2.906,1.750,0.154
2014/09/19 12:11:27,1.81,37.71841,-121.69686,675.525,58.409,0.0,-51,3.194,1.167,0.519
2014/09/19 12:11:32,1.81,37.71874,-121.69543,694.882,56.618,0.0,-51,3.331,0.000,0.170
2014/09/19 12:11:37,1.82,37.71904,-121.69402,711.286,58.896,0.0,-59,3.931,1.125,0.162
2014/09/19 12:11:42,1.82,37.71933,-121.69262,727.690,55.003,0.0,-59,3.795,0.583,0.222
2014/09/19 12:11:47,1.82,37.71961,-121.69130,744.423,55.064,0.0,-59,3.872,0.000,0.164
2014/09/19 12:11:52,1.82,37.71989,-121.68992,760.827,56.158,0.0,-59,2.086,0.000,1.028
2014/09/19 12:11:57,1.82,37.72017,-121.68856,777.887,56.226,0.0,-59,0.711,1.167,0.427
2014/09/19 12:12:02,1.82,37.72046,-121.68719,794.291,55.760,0.0,-59,2.108,0.583,0.462
2014/09/19 12:12:07,1.82,37.72078,-121.68583,809.383,55.354,0.0,-71,1.908,2.375,0.217
2014/09/19 12:12:12,1.82,37.72112,-121.68451,823.491,53.309,0.0,-71,2.192,0.000,0.000
2014/09/19 12:12:17,1.82,37.72146,-121.68323,833.661,53.983,0.0,-71,2.042,1.167,0.000
2014/09/19 12:12:22,2.0,37.72171,-121.68186,842.848,55.450,0.0,-71,0.997,0.000,0.921
2014/09/19 12:12:27,1.82,37.72176,-121.68045,850.394,56.812,0.0,-71,1.055,0.542,0.394
2014/09/19 12:12:32,1.99,37.72163,-121.67900,863.517,58.210,0.0,-71,0.961,0.000,0.000
2014/09/19 12:12:37,1.95,37.72149,-121.67757,873.688,54.579,0.0,-71,0.375,0.000,1.323
2014/09/19 12:12:42,1.99,37.72132,-121.67618,882.874,56.917,0.0,-105,0.339,0.000,0.000
2014/09/19 12:12:47,1.82,37.72094,-121.67480,894.357,58.788,0.0,-105,0.164,0.000,3.157
2014/09/19 12:12:52,1.82,37.72031,-121.67351,909.121,60.641,0.0,-105,0.189,0.000,5.476
2014/09/19 12:12:57,2.0,37.71951,-121.67235,926.509,58.933,0.0,-105,0.719,0.000,0.906
2014/09/19 12:13:02,1.82,37.71885,-121.67121,936.024,54.935,0.0,-105,0.950,0.000,0.732
2014/09/19 12:13:07,1.82,37.71834,-121.66993,944.226,57.473,0.0,-105,1.297,0.042,0.331
2014/09/19 12:13:12,2.84,37.71799,-121.66847,956.365,61.622,0.0,-99,1.200,0.000,0.449
2014/09/19 12:13:17,1.82,37.71785,-121.66694,972.113,60.300,0.0,-99,0.719,0.125,0.867
2014/09/19 12:13:22,2.01,37.71794,-121.66542,987.533,60.753,0.0,-99,0.620,0.167,1.151
2014/09/19 12:13:27,2.01,37.71826,-121.66388,999.016,64.946,0.0,-99,0.581,0.208,1.270
2014/09/19 12:13:32,1.82,37.71870,-121.66229,1004.921,67.544,0.0,-99,0.667,0.208,1.088
2014/09/19 12:13:37,2.01,37.71915,-121.66070,1004.265,65.910,0.0,-99,0.667,0.167,0.945
2014/09/19 12:13:42,2.11,37.71959,-121.65911,993.766,68.033,0.0,-65,0.667,0.125,1.190
2014/09/19 12:13:47,1.83,37.72006,-121.65749,975.394,66.331,0.0,-65,0.500,0.125,2.061
2014/09/19 12:13:52,1.87,37.72051,-121.65602,951.772,58.944,0.0,-65,0.503,0.083,1.417
2014/09/19 12:13:57,1.83,37.72095,-121.65467,929.462,56.230,0.0,-65,0.489,0.000,1.542
2014/09/19 12:14:02,1.83,37.72137,-121.65338,907.152,53.808,0.0,-65,0.342,0.167,2.422
2014/09/19 12:14:07,1.83,37.72177,-121.65211,885.827,55.489,0.0,-65,0.503,0.292,1.485
2014/09/19 12:14:12,1.95,37.72221,-121.65077,862.533,57.411,0.0,-101,0.483,0.167,2.070
2014/09/19 12:14:17,1.95,37.72266,-121.64941,839.239,59.032,0.0,-101,0.445,0.042,1.538
2014/09/19 12:14:22,1.83,37.72311,-121.64802,814.633,59.479,0.0,-101,0.611,0.083,1.381
2014/09/19 12:14:27,1.83,37.72356,-121.64665,790.682,57.789,0.0,-101,0.500,0.000,1.222
2014/09/19 12:14:32,1.83,37.72401,-121.64529,769.357,59.538,0.0,-101,0.292,0.083,3.258
2014/09/19 12:14:37,1.83,37.72448,-121.64386,745.735,61.680,0.0,-101,0.503,0.083,1.961
2014/09/19 12:14:42,2.02,37.72496,-121.64240,727.034,62.994,0.0,-71,0.311,0.000,2.970
2014/09/19 12:14:47,2.02,37.72544,-121.64094,722.113,62.250,0.0,-71,0.189,0.083,0.000
2014/09/19 12:14:52,2.02,37.72590,-121.63952,719.160,60.625,0.0,-71,0.294,0.000,3.986
2014/09/19 12:14:57,2.03,37.72637,-121.63807,719.488,62.865,0.0,-71,0.256,0.083,2.622
2014/09/19 12:15:02,1.83,37.72684,-121.63668,721.785,58.196,0.0,-71,0.333,0.167,2.590
2014/09/19 12:15:07,1.83,37.72749,-121.63543,713.911,60.002,0.0,-71,0.339,0.000,2.490
2014/09/19 12:15:12,2.03,37.72837,-121.63437,693.241,60.294,0.0,-71,0.361,0.167,2.849
2014/09/19 12:15:17,1.83,37.72938,-121.63353,672.900,60.153,0.0,-65,0.308,0.083,3.218
2014/09/19 12:15:22,1.83,37.73039,-121.63269,650.262,60.881,0.0,-65,0.297,0.000,0.000
2014/09/19 12:15:27,1.83,37.73135,-121.63168,626.312,63.808,0.0,-65,0.200,0.000,2.750
2014/09/19 12:15:32,1.83,37.73222,-121.63051,613.845,61.892,0.0,-65,0.267,0.083,3.995
2014/09/19 12:15:37,1.83,37.73287,-121.62934,607.283,53.774,0.0,-65,0.203,0.000,4.027
2014/09/19 12:15:42,1.83,37.73333,-121.62814,601.050,52.952,0.0,-65,0.139,0.083,1.858
2014/09/19 12:15:47,1.83,37.73360,-121.62688,590.223,50.894,0.0,-91,0.342,0.083,1.098
2014/09/19 12:15:52,1.83,37.73370,-121.62563,577.756,48.405,0.0,-91,0.478,0.167,1.309
2014/09/19 12:15:57,1.83,37.73378,-121.62432,562.664,55.003,0.0,-91,0.519,0.083,0.339
2014/09/19 12:16:02,1.83,37.73387,-121.62289,544.291,57.392,0.0,-91,0.694,1.250,0.550
2014/09/19 12:16:07,1.83,37.73398,-121.62138,524.934,60.790,0.0,-91,1.223,0.000,1.057
2014/09/19 12:16:12,1.83,37.73409,-121.61985,504.593,61.583,0.0,-91,0.731,0.917,0.843
2014/09/19 12:16:17,1.84,37.73420,-121.61829,482.940,61.715,0.0,-99,0.500,0.458,1.830
2014/09/19 12:16:22,1.84,37.73430,-121.61678,463.583,58.765,0.0,-99,0.572,0.000,1.495
2014/09/19 12:16:27,1.86,37.73441,-121.61525,447.507,61.893,0.0,-99,0.472,0.000,0.000
2014/09/19 12:16:32,1.86,37.73452,-121.61371,439.633,61.313,0.0,-99,0.000,0.000,0.000
2014/09/19 12:16:37,2.0,37.73467,-121.61218,431.430,61.084,0.0,-99,0.000,0.000,0.000
2014/09/19 12:16:42,1.84,37.73489,-121.61066,422.900,61.597,0.0,-99,0.000,0.000,0.000
2014/09/19 12:16:47,2.04,37.73517,-121.60913,418.963,63.472,0.0,-95,0.000,0.000,5.469
2014/09/19 12:16:52,1.84,37.73553,-121.60760,414.698,62.573,0.0,-95,0.000,0.000,5.439
2014/09/19 12:16:57,1.84,37.73594,-121.60611,409.777,61.626,0.0,-95,0.000,0.000,0.000
2014/09/19 12:17:02,1.86,37.73634,-121.60464,415.682,61.773,0.0,-95,0.000,0.000,0.000
2014/09/19 12:17:07,1.84,37.73673,-121.60323,428.806,55.803,0.0,-95,0.000,0.000,9.871
2014/09/19 12:17:12,1.84,37.73710,-121.60189,441.601,56.714,0.0,-95,0.000,0.000,0.000
2014/09/19 12:17:17,1.84,37.73746,-121.60051,447.835,56.621,0.0,-95,0.000,0.000,0.000
2014/09/19 12:17:22,1.84,37.73778,-121.59907,444.554,61.393,0.0,-83,0.000,0.000,0.000
2014/09/19 12:17:27,1.84,37.73807,-121.59754,423.228,61.980,0.0,-83,0.000,0.000,4.139
2014/09/19 12:17:32,1.84,37.73836,-121.59599,394.685,62.550,0.0,-83,0.039,0.167,0.152
2014/09/19 12:17:37,1.84,37.73866,-121.59443,366.470,63.427,0.0,-83,3.211,1.083,0.217
2014/09/19 12:17:43,1.84,37.73895,-121.59287,351.050,63.637,0.0,-83,3.003,0.708,0.183
2014/09/19 12:17:48,2.05,37.73924,-121.59135,350.066,62.132,0.0,-83,3.661,0.375,0.210
2014/09/19 12:17:53,1.84,37.73954,-121.58980,349.081,63.225,0.0,-75,3.194,0.417,0.713
2014/09/19 12:17:58,1.84,37.73983,-121.58828,346.785,60.606,0.0,-75,0.762,0.583,0.186
2014/09/19 12:18:03,1.84,37.74016,-121.58653,343.176,58.666,0.0,-75,0.760,1.292,0.542
2014/09/19 12:18:08,1.84,37.74042,-121.58512,345.801,57.573,0.0,-75,1.636,1.250,0.969
2014/09/19 12:18:13,1.84,37.74067,-121.58368,353.018,56.690,0.0,-75,2.511,0.000,0.247
2014/09/19 12:18:18,2.06,37.74087,-121.58227,361.549,56.745,0.0,-75,2.742,1.125,0.198
2014/09/19 12:18:23,1.84,37.74108,-121.58083,367.782,58.156,0.0,-85,2.292,0.500,0.401
2014/09/19 12:18:28,1.86,37.74128,-121.57938,368.766,56.660,0.0,-85,1.656,0.500,1.378
2014/09/19 12:18:33,1.84,37.74144,-121.57792,355.643,59.091,0.0,-85,0.470,0.125,1.210
2014/09/19 12:18:38,1.84,37.74155,-121.57647,338.911,55.629,0.0,-85,0.294,0.000,1.893
2014/09/19 12:18:43,1.84,37.74166,-121.57512,323.819,53.452,0.0,-85,0.447,0.083,0.581
2014/09/19 12:18:48,1.86,37.74177,-121.57363,310.039,63.347,0.0,-85,0.139,0.000,5.037
2014/09/19 12:18:53,1.84,37.74190,-121.57194,307.743,67.026,0.0,-103,0.142,0.000,0.000
2014/09/19 12:18:58,1.84,37.74203,-121.57022,309.055,70.014,0.0,-103,0.717,0.167,1.166
2014/09/19 12:19:03,1.84,37.74216,-121.56841,309.055,74.437,0.0,-103,1.650,0.000,0.366
2014/09/19 12:19:08,1.84,37.74231,-121.56657,303.806,71.513,0.0,-103,0.000,0.000,0.000
2014/09/19 12:19:13,1.84,37.74244,-121.56481,288.714,69.492,0.0,-103,0.000,0.000,0.000
2014/09/19 12:19:18,1.87,37.74258,-121.56304,270.013,70.365,0.0,-103,0.000,0.000,0.000
2014/09/19 12:19:23,1.84,37.74271,-121.56130,254.593,68.202,0.0,-103,0.000,0.000,5.674
2014/09/19 12:19:28,1.84,37.74284,-121.55958,236.877,68.634,0.0,-87,0.000,0.000,0.000
2014/09/19 12:19:33,1.84,37.74297,-121.55787,221.457,67.348,0.0,-87,0.000,0.000,0.338
2014/09/19 12:19:38,1.85,37.74309,-121.55615,205.052,69.097,0.0,-87,0.003,0.125,1.118
2014/09/19 12:19:43,1.85,37.74323,-121.55440,193.241,69.442,0.0,-87,1.030,0.500,0.617
2014/09/19 12:19:48,1.85,37.74336,-121.55260,182.743,72.755,0.0,-87,1.044,0.542,0.000
2014/09/19 12:19:53,1.85,37.74348,-121.55077,174.869,71.186,0.0,-87,0.275,0.000,0.000
2014/09/19 12:19:58,1.85,37.74346,-121.54901,169.948,68.428,0.0,-99,0.000,0.167,0.000
2014/09/19 12:20:03,1.85,37.74338,-121.54726,164.698,68.892,0.0,-99,0.000,0.125,1.730
2014/09/19 12:20:08,1.85,37.74327,-121.54547,164.370,71.559,0.0,-99,0.000,0.000,3.556
2014/09/19 12:20:13,1.85,37.74316,-121.54368,168.635,70.623,0.0,-99,0.000,0.292,0.000
2014/09/19 12:20:18,1.85,37.74305,-121.54194,173.556,67.919,0.0,-99,0.000,0.000,0.000
2014/09/19 12:20:23,1.85,37.74293,-121.54012,177.493,73.621,0.0,-99,0.000,0.000,0.000
2014/09/19 12:20:28,1.85,37.74282,-121.53831,173.885,71.572,0.0,-95,0.000,0.083,4.408
2014/09/19 12:20:33,1.85,37.74271,-121.53649,169.619,71.224,0.0,-95,0.000,0.000,0.000
2014/09/19 12:20:38,1.85,37.74259,-121.53478,164.370,64.538,0.0,-95,0.000,0.000,0.000
2014/09/19 12:20:43,1.85,37.74249,-121.53318,160.761,64.059,0.0,-95,0.000,0.000,0.000
2014/09/19 12:20:48,2.18,37.74238,-121.53151,157.808,68.292,0.0,-95,0.000,0.000,0.000
2014/09/19 12:20:53,1.85,37.74227,-121.52977,148.950,68.265,0.0,-95,0.000,0.000,0.000
2014/09/19 12:20:58,1.85,37.74217,-121.52804,141.404,69.600,0.0,-113,0.000,0.000,0.000
2014/09/19 12:21:03,1.85,37.74205,-121.52628,135.499,68.732,0.0,-113,0.000,0.000,0.000
2014/09/19 12:21:08,2.08,37.74195,-121.52459,132.218,65.924,0.0,-113,0.000,0.000,0.000
2014/09/19 12:21:13,1.85,37.74184,-121.52292,129.265,66.806,0.0,-113,0.000,0.000,0.000
2014/09/19 12:21:18,1.85,37.74174,-121.52125,125.984,64.518,0.0,-113,0.000,0.000,0.000
2014/09/19 12:21:23,1.85,37.74164,-121.51967,122.047,61.706,0.0,-113,0.000,0.000,0.000
2014/09/19 12:21:28,1.85,37.74154,-121.51814,119.751,59.227,0.0,-113,0.008,0.000,0.508
2014/09/19 12:21:33,1.85,37.74144,-121.51658,117.782,63.806,0.0,-99,0.122,0.000,2.351
2014/09/19 12:21:38,1.85,37.74134,-121.51493,118.438,66.108,0.0,-99,1.048,0.042,0.318
2014/09/19 12:21:43,3.15,37.74123,-121.51326,118.438,66.155,0.0,-99,1.572,0.250,0.910
2014/09/19 12:21:48,1.85,37.74113,-121.51158,117.454,65.844,0.0,-99,0.725,0.292,1.330
