Date-Time,DOP,Latitude,Longitude,Altitude (ft),Speed (mph),Heading (deg),mod1 SS (dBm),mod1 Down (Mbs),mod1 Up (Mbs),mod1 Ping (Sec)
2014/09/15 11:36:14,1,37.63388,-122.11092,18.045,0.014,0.0,-77,0.146,0.333,0.977
2014/09/15 11:36:19,1,37.63388,-122.11093,12.139,0.009,0.0,-77,0.295,0.000,0.489
2014/09/15 11:36:24,1,37.63389,-122.11093,1.640,0.138,0.0,-77,0.219,0.208,1.402
2014/09/15 11:36:29,1,37.63388,-122.11093,10.827,0.042,0.0,-77,0.000,0.250,1.371
2014/09/15 11:36:34,1,37.63389,-122.11094,25.262,0.016,0.0,-77,0.231,0.208,1.350
2014/09/15 11:36:39,1,37.63389,-122.11094,44.291,0.007,0.0,-77,0.000,0.125,4.928
2014/09/15 11:36:44,1,37.63389,-122.11094,67.257,0.073,0.0,-77,0.000,0.000,0.000
2014/09/15 11:36:49,1,37.63389,-122.11094,79.396,0.022,0.0,-71,0.000,0.167,2.310
2014/09/15 11:36:54,1,37.63389,-122.11094,87.927,0.032,0.0,-71,0.000,0.125,4.517
2014/09/15 11:36:59,1,37.63389,-122.11094,93.832,0.054,0.0,-71,0.000,0.000,2.669
2014/09/15 11:37:04,1,37.63389,-122.11094,98.753,0.025,0.0,-71,0.000,0.125,1.188
2014/09/15 11:37:09,1,37.63390,-122.11095,106.299,0.016,0.0,-71,0.000,0.208,1.990
2014/09/15 11:37:14,1,37.63390,-122.11095,109.908,0.026,0.0,-71,0.000,0.167,0.000
2014/09/15 11:37:19,1,37.63390,-122.11096,113.189,0.057,0.0,-75,0.000,0.167,4.630
2014/09/15 11:37:24,1,37.63391,-122.11097,115.814,0.036,0.0,-75,0.000,0.125,3.248
2014/09/15 11:37:29,1,37.63391,-122.11097,121.391,0.081,0.0,-75,0.000,0.208,1.002
2014/09/15 11:37:34,1,37.63391,-122.11096,120.735,0.027,0.0,-75,0.000,0.125,2.302
2014/09/15 11:37:39,1,37.63391,-122.11096,121.391,0.018,0.0,-75,0.003,0.000,1.938
2014/09/15 11:37:44,1,37.63391,-122.11096,124.344,0.026,0.0,-75,0.000,0.208,3.709
2014/09/15 11:37:49,1,37.63390,-122.11096,127.953,0.026,0.0,-75,0.000,0.125,1.493
2014/09/15 11:37:54,1,37.63390,-122.11096,130.906,0.014,0.0,-75,0.000,0.375,1.711
2014/09/15 11:37:59,1,37.63389,-122.11097,133.202,0.015,0.0,-75,0.000,0.250,1.177
2014/09/15 11:38:04,1,37.63388,-122.11097,132.546,0.022,0.0,-75,0.000,0.333,2.438
2014/09/15 11:38:09,1,37.63387,-122.11096,130.577,0.041,0.0,-75,0.000,0.000,1.649
2014/09/15 11:38:14,1,37.63386,-122.11096,127.297,0.047,0.0,-75,0.000,0.333,0.000
2014/09/15 11:38:19,1,37.63385,-122.11096,125.328,0.052,0.0,-77,0.000,0.000,7.181
2014/09/15 11:38:24,1,37.63385,-122.11095,113.189,0.058,0.0,-77,0.000,0.083,3.326
2014/09/15 11:38:29,1,37.63386,-122.11096,90.551,0.080,0.0,-77,0.000,0.250,0.602
2014/09/15 11:38:34,1,37.63387,-122.11097,78.740,0.083,0.0,-77,0.000,0.500,2.617
2014/09/15 11:38:39,1,37.63388,-122.11099,70.866,0.017,0.0,-77,0.003,0.000,1.285
2014/09/15 11:38:44,1,37.63389,-122.11100,83.661,0.025,0.0,-77,0.098,0.375,1.709
2014/09/15 11:38:49,1,37.63389,-122.11100,96.129,0.083,0.0,-77,0.568,0.292,0.882
2014/09/15 11:38:54,1,37.63389,-122.11100,109.580,0.042,0.0,-75,0.000,0.000,0.000
2014/09/15 11:38:59,1,37.63389,-122.11099,117.782,0.039,0.0,-75,0.000,0.167,0.892
2014/09/15 11:39:04,1,37.63389,-122.11097,110.892,0.054,0.0,-75,0.000,0.333,0.997
2014/09/15 11:39:09,1,37.63389,-122.11096,99.409,0.036,0.0,-75,0.000,0.417,1.617
2014/09/15 11:39:14,1,37.63389,-122.11096,93.176,0.012,0.0,-75,0.000,0.333,1.278
2014/09/15 11:39:19,1,37.63390,-122.11096,88.583,0.011,0.0,-75,0.000,0.250,1.722
2014/09/15 11:39:24,1,37.63389,-122.11096,86.286,0.063,0.0,-73,0.000,0.000,0.758
2014/09/15 11:39:29,1,37.63389,-122.11096,79.068,0.037,0.0,-73,0.000,0.208,2.950
2014/09/15 11:39:34,1,37.63388,-122.11096,76.444,0.029,0.0,-73,0.000,0.167,2.462
2014/09/15 11:39:39,1,37.63388,-122.11096,72.507,0.017,0.0,-73,0.000,0.000,0.000
2014/09/15 11:39:44,1,37.63388,-122.11096,66.601,0.008,0.0,-73,0.000,0.167,7.902
2014/09/15 11:39:49,1,37.63388,-122.11096,60.696,0.052,0.0,-73,0.000,0.167,0.000
2014/09/15 11:39:54,1,37.63388,-122.11096,57.743,0.029,0.0,-73,0.000,0.000,2.430
2014/09/15 11:39:59,1,37.63389,-122.11096,57.743,0.007,0.0,-73,0.000,0.167,4.070
2014/09/15 11:40:04,1,37.63389,-122.11096,53.478,0.011,0.0,-73,0.000,0.000,1.406
2014/09/15 11:40:09,1,37.63389,-122.11095,57.743,0.029,0.0,-73,0.000,0.333,0.000
2014/09/15 11:40:14,1,37.63390,-122.11096,62.008,0.027,0.0,-73,0.000,0.000,9.360
2014/09/15 11:40:19,1,37.63390,-122.11096,63.976,0.017,0.0,-73,0.000,0.083,2.274
2014/09/15 11:40:24,1,37.63390,-122.11097,62.664,0.035,0.0,-73,0.000,0.250,0.000
2014/09/15 11:40:29,1,37.63390,-122.11097,59.383,0.017,0.0,-73,0.000,0.167,1.063
2014/09/15 11:40:34,1,37.63389,-122.11097,53.150,0.045,0.0,-73,0.000,0.000,1.762
2014/09/15 11:40:39,1,37.63389,-122.11097,47.572,0.068,0.0,-73,0.000,0.375,1.490
2014/09/15 11:40:44,1,37.63388,-122.11096,44.291,0.024,0.0,-73,0.003,0.167,1.149
2014/09/15 11:40:49,1,37.63387,-122.11095,43.963,0.082,0.0,-73,0.095,0.250,2.687
2014/09/15 11:40:54,1,37.63387,-122.11095,47.900,0.033,0.0,-73,0.298,0.167,2.291
2014/09/15 11:40:59,1,37.63386,-122.11094,52.165,0.009,0.0,-75,0.410,0.000,0.000
2014/09/15 11:41:04,1,37.63386,-122.11094,56.102,0.049,0.0,-75,0.426,0.208,1.827
2014/09/15 11:41:09,1,37.63385,-122.11094,57.087,0.048,0.0,-75,0.429,0.042,1.830
2014/09/15 11:41:14,1,37.63385,-122.11094,59.055,0.059,0.0,-75,0.003,0.000,1.902
2014/09/15 11:41:19,1,37.63385,-122.11094,59.055,0.019,0.0,-75,0.333,0.208,1.775
2014/09/15 11:41:24,1,37.63385,-122.11095,63.320,0.396,0.0,-75,0.333,0.000,2.368
2014/09/15 11:41:29,2,37.63386,-122.11096,66.929,0.355,0.0,-75,0.417,0.000,1.511
2014/09/15 11:41:34,2,37.63387,-122.11097,71.850,0.079,0.0,-75,0.711,0.000,0.674
2014/09/15 11:41:39,2,37.63387,-122.11098,76.115,0.026,0.0,-75,0.587,0.000,0.911
2014/09/15 11:41:44,2,37.63387,-122.11099,80.052,0.058,0.0,-75,0.532,0.000,1.461
2014/09/15 11:41:49,2,37.63388,-122.11099,83.661,0.049,0.0,-75,0.481,0.000,1.436
2014/09/15 11:41:54,2,37.63388,-122.11100,85.958,0.022,0.0,-75,0.497,0.000,1.307
2014/09/15 11:41:59,2,37.63388,-122.11101,85.630,0.049,0.0,-71,0.506,0.000,1.275
2014/09/15 11:42:04,2,37.63388,-122.11102,87.927,0.022,0.0,-71,0.124,0.042,1.298
2014/09/15 11:42:09,2,37.63387,-122.11102,89.567,0.169,0.0,-71,0.051,0.083,2.858
2014/09/15 11:42:14,2,37.63387,-122.11102,93.832,0.026,0.0,-71,0.197,0.208,0.722
2014/09/15 11:42:19,2,37.63386,-122.11102,95.801,0.035,0.0,-71,0.237,0.542,0.934
2014/09/15 11:42:24,2,37.63386,-122.11102,97.113,0.010,0.0,-71,0.140,0.333,1.366
2014/09/15 11:42:29,2,37.63385,-122.11102,95.144,0.019,0.0,-71,0.369,0.000,1.055
2014/09/15 11:42:34,2,37.63385,-122.11102,85.630,0.060,0.0,-71,0.365,0.417,0.757
2014/09/15 11:42:39,2,37.63385,-122.11100,82.349,0.008,0.0,-71,0.615,0.417,1.184
2014/09/15 11:42:44,2,37.63385,-122.11100,85.630,0.027,0.0,-71,0.456,0.208,1.541
2014/09/15 11:42:49,2,37.63384,-122.11099,88.583,0.014,0.0,-71,0.497,0.167,2.058
2014/09/15 11:42:54,2,37.63384,-122.11099,100.394,0.152,0.0,-71,0.541,0.000,2.306
2014/09/15 11:42:59,1,37.63384,-122.11099,96.129,0.026,0.0,-71,0.471,0.333,1.398
2014/09/15 11:43:05,1,37.63384,-122.11099,94.816,0.011,0.0,-77,0.067,0.167,2.382
2014/09/15 11:43:10,1,37.63384,-122.11100,87.927,1.943,0.0,-77,0.000,0.000,0.000
2014/09/15 11:43:15,1,37.63385,-122.11105,67.913,1.894,0.0,-77,0.000,0.000,0.000
2014/09/15 11:43:20,1,37.63385,-122.11104,60.367,1.465,0.0,-77,0.000,0.000,0.000
2014/09/15 11:43:25,1,37.63384,-122.11103,49.541,0.012,0.0,-77,0.000,0.167,0.991
2014/09/15 11:43:30,1,37.63385,-122.11103,44.291,1.566,0.0,-77,0.000,0.125,2.379
2014/09/15 11:43:35,1,37.63387,-122.11104,39.698,0.866,0.0,-75,0.000,0.083,0.000
2014/09/15 11:43:40,2,37.63386,-122.11104,35.105,2.195,0.0,-75,0.000,0.125,1.510
2014/09/15 11:43:45,2,37.63379,-122.11106,31.496,6.148,0.0,-75,0.000,0.208,2.250
2014/09/15 11:43:50,2,37.63356,-122.11104,29.199,15.847,0.0,-75,0.000,0.000,0.000
2014/09/15 11:43:55,2,37.63323,-122.11083,25.919,17.669,0.0,-75,0.000,0.167,4.570
2014/09/15 11:44:00,2,37.63304,-122.11072,23.950,3.684,0.0,-75,0.000,0.167,2.931
2014/09/15 11:44:05,2,37.63303,-122.11071,23.950,0.009,0.0,-69,0.000,0.250,1.409
2014/09/15 11:44:10,2,37.63296,-122.11066,24.934,11.560,0.0,-69,0.003,0.000,2.150
2014/09/15 11:44:15,2,37.63264,-122.11045,23.622,22.981,0.0,-69,0.083,0.250,1.362
2014/09/15 11:44:20,2,37.63218,-122.11015,22.310,25.617,0.0,-69,0.130,0.042,2.146
2014/09/15 11:44:25,2,37.63165,-122.10986,19.357,27.617,0.0,-69,0.200,0.250,2.891
2014/09/15 11:44:30,2,37.63115,-122.10996,15.420,26.151,0.0,-69,0.177,0.000,0.000
2014/09/15 11:44:35,2,37.63108,-122.11055,24.606,25.788,0.0,-61,0.192,0.167,3.906
2014/09/15 11:44:40,2,37.63152,-122.11077,36.089,26.337,0.0,-61,0.205,0.167,3.432
2014/09/15 11:44:45,2,37.63195,-122.11026,36.745,35.306,0.0,-61,0.170,0.000,4.013
2014/09/15 11:44:50,2,37.63244,-122.10938,27.559,48.380,0.0,-61,0.000,0.083,1.550
2014/09/15 11:44:55,2,37.63298,-122.10820,20.341,58.506,0.0,-61,0.177,0.167,1.325
2014/09/15 11:45:00,2,37.63367,-122.10651,24.278,66.704,0.0,-61,0.093,0.000,4.090
2014/09/15 11:45:05,2,37.63428,-122.10504,26.575,63.757,0.0,-75,0.000,0.167,1.422
2014/09/15 11:45:10,2,37.63475,-122.10367,29.856,56.991,0.0,-75,0.000,0.167,0.000
2014/09/15 11:45:15,2,37.63519,-122.10235,31.824,55.942,0.0,-75,0.000,0.000,6.339
2014/09/15 11:45:20,2,37.63566,-122.10101,29.199,58.460,0.0,-75,0.000,0.167,0.000
2014/09/15 11:45:25,2,37.63621,-122.09976,29.856,57.162,0.0,-75,0.003,0.000,1.479
2014/09/15 11:45:30,2,37.63688,-122.09868,33.465,54.340,0.0,-75,0.051,0.250,2.011
2014/09/15 11:45:35,2,37.63768,-122.09782,33.793,49.406,0.0,-75,0.095,0.250,2.210
2014/09/15 11:45:40,2,37.63855,-122.09718,32.152,51.626,0.0,-77,0.000,0.000,0.000
2014/09/15 11:45:45,2,37.63954,-122.09661,34.121,56.040,0.0,-77,0.000,0.167,0.000
2014/09/15 11:45:50,2,37.64054,-122.09599,44.619,54.831,0.0,-77,0.000,0.083,0.000
2014/09/15 11:45:55,2,37.64150,-122.09539,58.071,50.835,0.0,-77,0.000,0.250,1.611
2014/09/15 11:46:00,2,37.64221,-122.09469,67.913,42.785,0.0,-77,0.000,0.000,0.000
2014/09/15 11:46:05,2,37.64267,-122.09382,54.134,39.863,0.0,-77,0.000,0.167,8.251
2014/09/15 11:46:10,2,37.64263,-122.09286,37.073,37.850,0.0,-79,0.003,0.000,1.722
2014/09/15 11:46:15,2,37.64201,-122.09223,36.417,45.423,0.0,-79,0.044,0.208,0.000
2014/09/15 11:46:20,2,37.64113,-122.09154,36.089,55.128,0.0,-79,0.000,0.000,8.247
2014/09/15 11:46:25,2,37.64015,-122.09080,38.386,57.897,0.0,-79,0.000,0.000,0.000
2014/09/15 11:46:30,2,37.63917,-122.09008,36.745,57.106,0.0,-79,0.000,0.125,0.000
2014/09/15 11:46:35,2,37.63822,-122.08939,37.073,51.238,0.0,-79,0.000,0.000,0.000
2014/09/15 11:46:40,2,37.63731,-122.08870,34.449,55.237,0.0,-63,0.000,0.083,8.322
2014/09/15 11:46:45,2,37.63629,-122.08794,32.480,61.029,0.0,-63,0.000,0.083,0.000
2014/09/15 11:46:50,2,37.63520,-122.08712,34.121,65.801,0.0,-63,0.000,0.000,1.851
2014/09/15 11:46:55,2,37.63399,-122.08626,31.824,71.344,0.0,-63,0.000,0.250,0.000
2014/09/15 11:47:00,2,37.63272,-122.08535,29.199,72.725,0.0,-63,0.000,0.250,3.109
2014/09/15 11:47:05,2,37.63145,-122.08443,27.559,74.267,0.0,-63,0.000,0.208,2.010
2014/09/15 11:47:10,2,37.63018,-122.08354,24.606,70.592,0.0,-59,0.000,0.000,1.839
2014/09/15 11:47:15,2,37.62894,-122.08265,21.982,71.304,0.0,-59,0.000,0.250,1.311
2014/09/15 11:47:20,2,37.62769,-122.08175,22.966,72.515,0.0,-59,0.000,0.250,1.079
2014/09/15 11:47:25,2,37.62642,-122.08084,22.966,72.806,0.0,-59,0.000,0.000,0.658
2014/09/15 11:47:30,2,37.62514,-122.07994,21.982,72.660,0.0,-59,0.000,0.000,1.911
2014/09/15 11:47:35,2,37.62385,-122.07902,21.325,74.651,0.0,-59,0.000,0.083,0.000
2014/09/15 11:47:40,2,37.62253,-122.07809,20.013,75.156,0.0,-59,0.000,0.000,4.930
2014/09/15 11:47:45,2,37.62122,-122.07714,19.685,75.104,0.0,-73,0.000,0.167,6.267
2014/09/15 11:47:50,2,37.61990,-122.07621,19.357,75.212,0.0,-73,0.000,0.083,0.000
2014/09/15 11:47:55,2,37.61860,-122.07528,19.029,74.000,0.0,-73,0.000,0.000,5.775
2014/09/15 11:48:00,2,37.61732,-122.07436,18.701,72.559,0.0,-73,0.000,0.083,3.306
2014/09/15 11:48:05,2,37.61606,-122.07345,20.669,71.811,0.0,-73,0.000,0.167,1.652
2014/09/15 11:48:10,2,37.61481,-122.07255,24.278,71.941,0.0,-73,0.000,0.208,1.290
2014/09/15 11:48:15,2,37.61359,-122.07169,26.247,66.250,0.0,-53,0.003,0.000,2.218
2014/09/15 11:48:20,2,37.61244,-122.07086,26.247,66.651,0.0,-53,0.044,0.208,0.000
2014/09/15 11:48:25,2,37.61124,-122.07000,25.591,70.019,0.0,-53,0.195,0.250,2.216
2014/09/15 11:48:30,2,37.60998,-122.06911,33.465,72.890,0.0,-53,0.163,0.000,3.390
2014/09/15 11:48:35,2,37.60872,-122.06821,41.339,71.980,0.0,-53,0.000,0.167,4.163
2014/09/15 11:48:40,2,37.60745,-122.06730,38.386,73.271,0.0,-53,0.180,0.208,2.002
2014/09/15 11:48:45,2,37.60618,-122.06639,28.543,72.956,0.0,-51,0.000,0.000,0.000
2014/09/15 11:48:50,2,37.60490,-122.06548,20.013,73.855,0.0,-51,0.003,0.000,3.554
2014/09/15 11:48:55,2,37.60361,-122.06456,20.341,73.209,0.0,-51,0.019,0.000,2.979
2014/09/15 11:49:00,2,37.60235,-122.06366,21.982,71.368,0.0,-51,0.098,0.000,2.818
2014/09/15 11:49:05,2,37.60111,-122.06278,23.294,69.500,0.0,-51,0.100,0.000,4.674
2014/09/15 11:49:10,2,37.59992,-122.06193,24.934,65.162,0.0,-51,0.093,0.000,0.000
2014/09/15 11:49:15,2,37.59878,-122.06111,27.559,65.970,0.0,-67,0.093,0.000,6.146
2014/09/15 11:49:20,2,37.59762,-122.06031,30.512,65.305,0.0,-67,0.097,0.000,0.000
2014/09/15 11:49:25,2,37.59648,-122.05948,33.793,65.305,0.0,-67,0.096,0.000,5.673
2014/09/15 11:49:30,2,37.59534,-122.05867,35.761,65.837,0.0,-67,0.000,0.000,0.000
2014/09/15 11:49:35,2,37.59417,-122.05784,31.168,68.051,0.0,-67,0.000,0.000,5.983
2014/09/15 11:49:40,2,37.59298,-122.05698,29.528,68.484,0.0,-67,0.003,0.000,0.971
2014/09/15 11:49:45,2,37.59178,-122.05613,30.184,68.636,0.0,-67,0.073,0.042,0.000
2014/09/15 11:49:50,2,37.59058,-122.05527,29.528,68.685,0.0,-69,0.079,0.083,4.871
2014/09/15 11:49:55,2,37.58938,-122.05442,28.871,68.077,0.0,-69,0.000,0.000,0.000
2014/09/15 11:50:00,2,37.58819,-122.05357,29.199,68.400,0.0,-69,0.000,0.125,6.790
2014/09/15 11:50:05,2,37.58698,-122.05270,29.528,69.794,0.0,-69,0.000,0.167,0.781
2014/09/15 11:50:10,2,37.58576,-122.05183,35.105,69.726,0.0,-69,0.000,0.208,1.849
2014/09/15 11:50:15,2,37.58457,-122.05100,41.339,66.669,0.0,-69,0.000,0.125,3.658
2014/09/15 11:50:20,2,37.58336,-122.05028,39.370,66.544,0.0,-73,0.000,0.208,2.711
2014/09/15 11:50:25,2,37.58211,-122.04965,32.480,68.189,0.0,-73,0.000,0.000,0.000
2014/09/15 11:50:30,2,37.58079,-122.04911,25.591,69.479,0.0,-73,0.000,0.208,4.850
2014/09/15 11:50:35,2,37.57943,-122.04863,21.982,70.624,0.0,-73,0.000,0.208,2.190
2014/09/15 11:50:40,2,37.57808,-122.04816,21.654,68.522,0.0,-73,0.000,0.000,2.080
2014/09/15 11:50:45,2,37.57682,-122.04773,19.685,60.904,0.0,-73,0.003,0.250,2.010
2014/09/15 11:50:50,2,37.57564,-122.04733,23.294,61.701,0.0,-71,0.000,0.208,1.777
2014/09/15 11:50:55,2,37.57442,-122.04692,23.950,64.030,0.0,-71,0.044,0.000,2.617
2014/09/15 11:51:00,2,37.57313,-122.04648,24.278,67.510,0.0,-71,0.151,0.250,2.182
2014/09/15 11:51:05,2,37.57183,-122.04598,24.278,67.529,0.0,-71,0.176,0.000,3.529
2014/09/15 11:51:10,2,37.57062,-122.04535,23.622,62.136,0.0,-71,0.186,0.167,0.000
2014/09/15 11:51:15,2,37.56953,-122.04466,25.591,60.379,0.0,-71,0.000,0.250,1.834
2014/09/15 11:51:20,2,37.56850,-122.04385,29.528,61.494,0.0,-77,0.000,0.083,2.934
2014/09/15 11:51:25,2,37.56754,-122.04293,28.871,60.171,0.0,-77,0.003,0.292,1.639
2014/09/15 11:51:30,2,37.56661,-122.04194,27.559,61.163,0.0,-77,0.000,0.167,2.603
2014/09/15 11:51:35,2,37.56567,-122.04092,26.903,62.018,0.0,-77,0.000,0.208,2.011
2014/09/15 11:51:40,2,37.56471,-122.03990,27.559,62.405,0.0,-77,0.000,0.000,1.410
2014/09/15 11:51:45,2,37.56376,-122.03888,27.559,62.541,0.0,-77,0.000,0.250,1.051
2014/09/15 11:51:50,2,37.56278,-122.03782,26.575,67.354,0.0,-77,0.000,0.083,3.503
2014/09/15 11:51:55,2,37.56172,-122.03668,28.871,70.945,0.0,-69,0.003,0.292,1.816
2014/09/15 11:52:00,2,37.56064,-122.03553,29.856,69.933,0.0,-69,0.000,0.000,0.000
2014/09/15 11:52:05,2,37.55956,-122.03437,29.856,71.717,0.0,-69,0.000,0.083,5.651
2014/09/15 11:52:10,2,37.55846,-122.03319,30.512,72.065,0.0,-69,0.000,0.208,2.903
2014/09/15 11:52:15,2,37.55734,-122.03200,31.824,72.814,0.0,-69,0.000,0.250,1.669
2014/09/15 11:52:20,2,37.55624,-122.03081,32.808,72.203,0.0,-69,0.000,0.167,2.349
2014/09/15 11:52:25,2,37.55513,-122.02963,33.465,72.379,0.0,-71,0.003,0.292,1.651
2014/09/15 11:52:30,2,37.55397,-122.02852,34.121,72.646,0.0,-71,0.044,0.000,2.098
2014/09/15 11:52:35,2,37.55275,-122.02755,34.121,71.429,0.0,-71,0.000,0.167,2.534
2014/09/15 11:52:40,2,37.55152,-122.02663,33.136,70.946,0.0,-71,0.000,0.125,2.511
2014/09/15 11:52:45,2,37.55031,-122.02572,30.512,70.438,0.0,-71,0.000,0.167,1.897
2014/09/15 11:52:50,2,37.54909,-122.02481,27.231,70.801,0.0,-71,0.000,0.208,2.651
2014/09/15 11:52:55,2,37.54789,-122.02391,20.669,68.010,0.0,-59,0.000,0.250,2.338
2014/09/15 11:53:00,2,37.54672,-122.02304,10.171,68.675,0.0,-59,0.003,0.000,1.934
2014/09/15 11:53:05,2,37.54559,-122.02217,5.906,67.224,0.0,-59,0.019,0.167,1.470
2014/09/15 11:53:10,2,37.54441,-122.02130,4.593,67.826,0.0,-59,0.163,0.000,2.645
2014/09/15 11:53:15,2,37.54323,-122.02042,3.937,68.533,0.0,-59,0.146,0.208,0.000
2014/09/15 11:53:20,2,37.54205,-122.01955,3.609,67.851,0.0,-59,0.000,0.125,5.663
2014/09/15 11:53:25,2,37.54088,-122.01866,5.249,67.104,0.0,-57,0.000,0.167,1.749
2014/09/15 11:53:30,2,37.53971,-122.01779,7.546,66.712,0.0,-57,0.003,0.292,1.551
2014/09/15 11:53:35,2,37.53859,-122.01689,14.764,66.486,0.0,-57,0.086,0.000,1.310
2014/09/15 11:53:40,2,37.53752,-122.01586,35.433,65.394,0.0,-57,0.180,0.167,3.059
2014/09/15 11:53:45,2,37.53658,-122.01470,38.386,65.217,0.0,-57,0.000,0.000,1.422
2014/09/15 11:53:50,2,37.53579,-122.01344,37.073,63.282,0.0,-57,0.000,0.208,3.694
2014/09/15 11:53:55,2,37.53505,-122.01211,33.793,64.320,0.0,-57,0.000,0.000,1.122
2014/09/15 11:54:00,2,37.53431,-122.01074,32.152,64.818,0.0,-51,0.003,0.167,1.754
2014/09/15 11:54:05,2,37.53359,-122.00940,31.496,64.113,0.0,-51,0.095,0.250,3.173
2014/09/15 11:54:10,2,37.53286,-122.00806,30.840,63.852,0.0,-51,0.187,0.000,0.000
2014/09/15 11:54:15,2,37.53213,-122.00671,30.840,65.968,0.0,-51,0.000,0.083,5.410
2014/09/15 11:54:20,2,37.53138,-122.00532,31.168,66.989,0.0,-51,0.000,0.167,1.818
2014/09/15 11:54:25,2,37.53061,-122.00391,30.840,68.206,0.0,-51,0.000,0.208,3.031
2014/09/15 11:54:30,2,37.52982,-122.00247,31.824,70.368,0.0,-51,0.003,0.167,1.963
2014/09/15 11:54:35,2,37.52905,-122.00104,35.105,68.742,0.0,-51,0.044,0.167,1.346
2014/09/15 11:54:40,2,37.52828,-121.99960,38.058,68.349,0.0,-51,0.160,0.000,2.755
2014/09/15 11:54:45,2,37.52754,-121.99816,39.698,66.219,0.0,-51,0.163,0.208,3.154
2014/09/15 11:54:50,2,37.52685,-121.99675,39.370,66.095,0.0,-51,0.000,0.000,0.000
2014/09/15 11:54:55,2,37.52615,-121.99532,38.386,66.766,0.0,-51,0.000,0.083,1.158
2014/09/15 11:55:00,2,37.52544,-121.99389,38.714,66.616,0.0,-53,0.000,0.250,0.000
2014/09/15 11:55:05,2,37.52474,-121.99246,37.730,66.252,0.0,-53,0.000,0.208,1.650
2014/09/15 11:55:10,2,37.52403,-121.99102,37.073,67.767,0.0,-53,0.000,0.292,1.950
2014/09/15 11:55:15,2,37.52331,-121.98956,36.417,68.040,0.0,-53,0.003,0.000,3.029
2014/09/15 11:55:20,2,37.52259,-121.98808,35.761,69.345,0.0,-53,0.044,0.167,2.326
2014/09/15 11:55:25,2,37.52186,-121.98659,36.089,68.967,0.0,-53,0.163,0.208,1.922
2014/09/15 11:55:30,2,37.52111,-121.98512,35.105,68.959,0.0,-55,0.114,0.167,2.843
2014/09/15 11:55:35,2,37.52028,-121.98372,31.496,69.435,0.0,-55,0.140,0.208,1.224
2014/09/15 11:55:40,2,37.51934,-121.98242,27.559,69.351,0.0,-55,0.108,0.000,2.269
2014/09/15 11:55:45,2,37.51836,-121.98120,25.919,67.388,0.0,-55,0.111,0.167,3.742
2014/09/15 11:55:50,2,37.51741,-121.98004,29.856,64.401,0.0,-55,0.000,0.000,0.000
2014/09/15 11:55:55,2,37.51651,-121.97892,27.887,63.120,0.0,-55,0.095,0.000,5.729
2014/09/15 11:56:00,2,37.51562,-121.97782,25.262,59.608,0.0,-55,0.108,0.000,2.463
2014/09/15 11:56:05,2,37.51477,-121.97676,22.638,59.563,0.0,-65,0.164,0.000,0.000
2014/09/15 11:56:10,2,37.51391,-121.97570,22.966,60.766,0.0,-65,0.000,0.000,0.570
2014/09/15 11:56:15,2,37.51302,-121.97460,23.950,63.564,0.0,-65,0.000,0.000,0.000
2014/09/15 11:56:20,2,37.51210,-121.97345,24.278,65.261,0.0,-65,0.000,0.042,3.979
2014/09/15 11:56:25,2,37.51115,-121.97228,24.934,66.893,0.0,-65,0.000,0.000,0.000
2014/09/15 11:56:30,2,37.51018,-121.97107,23.622,67.966,0.0,-65,0.000,0.042,9.770
2014/09/15 11:56:35,2,37.50920,-121.96986,22.310,69.023,0.0,-59,0.000,0.042,0.000
2014/09/15 11:56:40,2,37.50820,-121.96861,20.997,70.887,0.0,-59,0.000,0.000,0.000
2014/09/15 11:56:45,2,37.50714,-121.96733,20.013,74.540,0.0,-59,0.000,0.000,0.000
2014/09/15 11:56:50,2,37.50609,-121.96601,18.701,73.598,0.0,-59,0.000,0.000,0.000
2014/09/15 11:56:55,2,37.50504,-121.96472,17.717,72.430,0.0,-59,0.000,0.042,0.000
2014/09/15 11:57:00,2,37.50401,-121.96343,17.060,72.495,0.0,-59,0.000,0.000,0.000
2014/09/15 11:57:05,2,37.50300,-121.96211,15.748,73.394,0.0,-63,0.000,0.000,0.000
2014/09/15 11:57:10,2,37.50197,-121.96077,13.780,73.209,0.0,-63,0.000,0.042,8.493
2014/09/15 11:57:15,2,37.50095,-121.95945,11.483,72.476,0.0,-63,0.000,0.042,4.474
2014/09/15 11:57:20,2,37.49994,-121.95812,9.514,73.306,0.0,-63,0.000,0.125,0.983
2014/09/15 11:57:25,2,37.49892,-121.95680,8.858,72.763,0.0,-63,0.000,0.000,2.319
2014/09/15 11:57:30,2,37.49791,-121.95548,7.874,72.650,0.0,-63,0.003,0.208,1.887
2014/09/15 11:57:35,2,37.49690,-121.95416,6.890,72.109,0.0,-57,0.048,0.208,0.000
2014/09/15 11:57:40,2,37.49592,-121.95289,6.562,68.045,0.0,-57,0.198,0.333,3.774
2014/09/15 11:57:45,2,37.49495,-121.95163,5.577,69.866,0.0,-57,0.000,0.083,0.000
2014/09/15 11:57:50,2,37.49397,-121.95035,5.249,71.813,0.0,-57,0.000,0.000,0.000
2014/09/15 11:57:55,2,37.49295,-121.94902,5.249,72.832,0.0,-57,0.000,0.208,0.000
2014/09/15 11:58:00,2,37.49194,-121.94771,4.593,72.304,0.0,-57,0.003,0.000,3.389
2014/09/15 11:58:05,2,37.49097,-121.94645,5.906,66.074,0.0,-57,0.070,0.292,2.221
2014/09/15 11:58:10,2,37.49009,-121.94528,6.234,63.460,0.0,-51,0.144,0.167,3.191
2014/09/15 11:58:15,2,37.48920,-121.94413,8.530,62.719,0.0,-51,0.192,0.125,1.851
2014/09/15 11:58:20,2,37.48834,-121.94301,10.171,62.075,0.0,-51,0.090,0.167,1.667
2014/09/15 11:58:25,2,37.48745,-121.94186,10.171,64.798,0.0,-51,0.044,0.000,2.795
2014/09/15 11:58:30,2,37.48655,-121.94068,10.499,64.336,0.0,-51,0.186,0.208,2.051
2014/09/15 11:58:35,2,37.48566,-121.93952,11.811,64.180,0.0,-51,0.098,0.167,3.570
2014/09/15 11:58:40,2,37.48474,-121.93832,13.123,67.219,0.0,-51,0.175,0.000,0.000
2014/09/15 11:58:45,2,37.48375,-121.93714,14.436,67.147,0.0,-51,0.131,0.208,2.871
2014/09/15 11:58:50,2,37.48261,-121.93612,22.966,68.872,0.0,-51,0.045,0.083,0.000
2014/09/15 11:58:55,2,37.48141,-121.93529,28.215,68.245,0.0,-51,0.000,0.125,7.347
2014/09/15 11:59:00,2,37.48012,-121.93462,28.215,69.056,0.0,-51,0.176,0.000,4.334
2014/09/15 11:59:05,2,37.47882,-121.93398,30.184,68.886,0.0,-51,0.144,0.083,2.430
2014/09/15 11:59:10,2,37.47755,-121.93335,31.496,66.757,0.0,-59,0.190,0.083,0.000
2014/09/15 11:59:15,2,37.47629,-121.93273,30.512,67.104,0.0,-59,0.163,0.000,3.647
2014/09/15 11:59:20,2,37.47504,-121.93212,27.887,66.897,0.0,-59,0.179,0.083,2.830
2014/09/15 11:59:25,2,37.47379,-121.93150,26.903,66.201,0.0,-59,0.173,0.208,4.448
2014/09/15 11:59:30,2,37.47254,-121.93088,25.919,68.466,0.0,-59,0.141,0.000,3.609
2014/09/15 11:59:35,2,37.47123,-121.93024,24.934,70.212,0.0,-59,0.189,0.167,0.000
2014/09/15 11:59:40,2,37.46994,-121.92961,23.950,67.411,0.0,-73,0.000,0.000,3.670
2014/09/15 11:59:45,2,37.46873,-121.92901,21.982,63.436,0.0,-73,0.000,0.208,1.539
2014/09/15 11:59:50,2,37.46755,-121.92843,20.997,63.118,0.0,-73,0.000,0.167,1.958
2014/09/15 11:59:55,2,37.46637,-121.92784,20.341,63.324,0.0,-73,0.000,0.125,4.827
2014/09/15 12:00:00,2,37.46518,-121.92725,18.701,63.522,0.0,-73,0.003,0.167,0.000
2014/09/15 12:00:05,2,37.46399,-121.92667,18.045,63.086,0.0,-73,0.051,0.000,2.207
2014/09/15 12:00:10,2,37.46281,-121.92608,16.404,63.167,0.0,-73,0.102,0.000,2.017
2014/09/15 12:00:15,2,37.46165,-121.92551,15.748,61.230,0.0,-67,0.152,0.292,4.773
2014/09/15 12:00:20,2,37.46055,-121.92497,15.092,55.649,0.0,-67,0.000,0.000,0.000
2014/09/15 12:00:25,2,37.45946,-121.92443,16.076,59.614,0.0,-67,0.000,0.000,0.000
2014/09/15 12:00:30,2,37.45831,-121.92396,15.748,60.034,0.0,-67,0.000,0.083,0.000
2014/09/15 12:00:35,2,37.45711,-121.92361,13.780,62.905,0.0,-67,0.000,0.125,8.328
2014/09/15 12:00:40,2,37.45586,-121.92335,12.467,63.343,0.0,-67,0.003,0.208,1.298
2014/09/15 12:00:45,2,37.45461,-121.92310,17.717,62.671,0.0,-51,0.044,0.000,2.170
2014/09/15 12:00:50,2,37.45337,-121.92284,17.388,63.642,0.0,-51,0.154,0.292,2.650
2014/09/15 12:00:55,2,37.45210,-121.92258,14.764,64.737,0.0,-51,0.183,0.000,3.098
2014/09/15 12:01:00,2,37.45079,-121.92232,9.514,66.553,0.0,-51,0.000,0.083,0.000
2014/09/15 12:01:05,2,37.44945,-121.92206,7.218,68.801,0.0,-51,0.000,0.208,5.550
2014/09/15 12:01:10,2,37.44808,-121.92179,7.874,69.526,0.0,-51,0.000,0.000,2.590
2014/09/15 12:01:15,2,37.44669,-121.92152,8.858,70.030,0.0,-53,0.000,0.208,0.830
2014/09/15 12:01:20,2,37.44531,-121.92125,9.186,70.265,0.0,-53,0.000,0.000,2.091
2014/09/15 12:01:25,2,37.44390,-121.92097,9.514,70.289,0.0,-53,0.000,0.208,0.000
2014/09/15 12:01:30,2,37.44252,-121.92069,10.171,69.085,0.0,-53,0.000,0.000,8.222
2014/09/15 12:01:35,2,37.44116,-121.92040,11.155,66.537,0.0,-53,0.000,0.000,0.000
2014/09/15 12:01:40,2,37.43988,-121.92014,11.483,63.201,0.0,-53,0.000,0.000,0.000
2014/09/15 12:01:45,2,37.43861,-121.91990,10.171,64.416,0.0,-73,0.000,0.000,0.000
2014/09/15 12:01:50,2,37.43730,-121.91968,8.530,65.770,0.0,-73,0.000,0.083,4.590
2014/09/15 12:01:55,2,37.43600,-121.91947,9.186,64.056,0.0,-73,0.000,0.000,0.000
2014/09/15 12:02:00,2,37.43474,-121.91930,9.514,63.052,0.0,-73,0.000,0.000,7.423
2014/09/15 12:02:05,2,37.43344,-121.91916,9.843,66.545,0.0,-73,0.000,0.125,0.000
2014/09/15 12:02:10,2,37.43209,-121.91901,9.843,68.869,0.0,-73,0.000,0.000,0.000
2014/09/15 12:02:15,2,37.43068,-121.91879,11.811,70.857,0.0,-73,0.000,0.000,0.000
2014/09/15 12:02:20,2,37.42932,-121.91838,14.436,67.827,0.0,-77,0.000,0.000,0.000
2014/09/15 12:02:25,2,37.42808,-121.91782,14.764,62.770,0.0,-77,0.000,0.000,0.000
2014/09/15 12:02:30,2,37.42695,-121.91720,15.092,60.397,0.0,-77,0.000,0.083,7.436
2014/09/15 12:02:35,2,37.42572,-121.91663,20.341,66.172,0.0,-77,0.000,0.167,2.130
2014/09/15 12:02:40,2,37.42448,-121.91618,23.622,64.097,0.0,-77,0.000,0.000,0.000
2014/09/15 12:02:45,2,37.42323,-121.91574,26.247,65.104,0.0,-77,0.000,0.000,2.850
2014/09/15 12:02:50,2,37.42196,-121.91531,25.591,66.107,0.0,-51,0.000,0.292,3.851
2014/09/15 12:02:55,2,37.42069,-121.91488,23.622,64.757,0.0,-51,0.000,0.167,3.730
2014/09/15 12:03:00,2,37.41945,-121.91446,21.325,63.278,0.0,-51,0.000,0.000,0.000
2014/09/15 12:03:05,2,37.41821,-121.91404,22.638,64.137,0.0,-51,0.000,0.208,3.470
2014/09/15 12:03:10,2,37.41693,-121.91360,23.622,66.398,0.0,-51,0.000,0.000,0.000
2014/09/15 12:03:15,2,37.41566,-121.91321,24.934,64.172,0.0,-51,0.000,0.083,7.189
2014/09/15 12:03:20,2,37.41446,-121.91282,27.559,60.262,0.0,-55,0.000,0.000,1.990
2014/09/15 12:03:25,2,37.41329,-121.91241,25.262,60.300,0.0,-55,0.000,0.208,4.050
2014/09/15 12:03:30,2,37.41211,-121.91201,24.606,61.263,0.0,-55,0.000,0.083,2.471
2014/09/15 12:03:35,2,37.41094,-121.91161,25.591,59.521,0.0,-55,0.000,0.167,2.051
2014/09/15 12:03:40,2,37.40979,-121.91121,25.919,58.982,0.0,-55,0.000,0.000,1.691
2014/09/15 12:03:45,2,37.40866,-121.91084,26.575,59.245,0.0,-55,0.000,0.292,1.351
2014/09/15 12:03:50,2,37.40749,-121.91052,29.199,59.947,0.0,-59,0.000,0.208,2.411
2014/09/15 12:03:55,2,37.40630,-121.91024,31.496,59.751,0.0,-59,0.000,0.167,2.609
2014/09/15 12:04:00,2,37.40512,-121.90996,32.808,61.587,0.0,-59,0.000,0.292,1.227
2014/09/15 12:04:05,2,37.40387,-121.90966,32.808,64.345,0.0,-59,0.000,0.167,2.615
2014/09/15 12:04:10,2,37.40259,-121.90936,33.465,65.475,0.0,-59,0.000,0.000,0.000
2014/09/15 12:04:15,2,37.40128,-121.90905,34.777,66.100,0.0,-59,0.000,0.208,5.851
2014/09/15 12:04:20,2,37.39999,-121.90873,33.136,64.940,0.0,-59,0.000,0.000,1.551
2014/09/15 12:04:25,2,37.39872,-121.90842,34.777,63.823,0.0,-63,0.000,0.292,1.988
2014/09/15 12:04:30,2,37.39747,-121.90812,36.089,62.232,0.0,-63,0.000,0.250,1.890
2014/09/15 12:04:35,2,37.39636,-121.90786,37.402,51.448,0.0,-63,0.000,0.208,2.951
2014/09/15 12:04:40,2,37.39545,-121.90764,38.386,42.749,0.0,-63,0.000,0.000,2.071
2014/09/15 12:04:45,2,37.39459,-121.90748,39.042,43.741,0.0,-63,0.000,0.250,1.915
2014/09/15 12:04:50,2,37.39366,-121.90727,39.370,48.920,0.0,-63,0.000,0.292,2.216
2014/09/15 12:04:55,2,37.39265,-121.90703,40.026,52.680,0.0,-51,0.000,0.000,2.358
2014/09/15 12:05:01,2,37.39159,-121.90678,41.010,54.586,0.0,-51,0.000,0.042,0.991
2014/09/15 12:05:06,2,37.39052,-121.90652,41.995,54.428,0.0,-51,0.000,0.292,1.550
2014/09/15 12:05:11,2,37.38944,-121.90627,41.995,54.595,0.0,-51,0.000,0.000,1.770
2014/09/15 12:05:16,2,37.38836,-121.90602,43.963,55.248,0.0,-51,0.000,0.292,2.323
2014/09/15 12:05:21,2,37.38727,-121.90576,44.619,53.626,0.0,-51,0.000,0.250,2.537
2014/09/15 12:05:26,2,37.38623,-121.90552,46.588,52.807,0.0,-63,0.000,0.250,1.851
2014/09/15 12:05:31,2,37.38516,-121.90527,49.541,55.537,0.0,-63,0.000,0.250,2.128
2014/09/15 12:05:36,2,37.38403,-121.90501,62.008,57.388,0.0,-63,0.000,0.000,2.130
2014/09/15 12:05:41,2,37.38290,-121.90474,66.273,57.264,0.0,-63,0.000,0.208,1.495
2014/09/15 12:05:46,2,37.38178,-121.90448,66.929,56.239,0.0,-63,0.000,0.250,3.611
2014/09/15 12:05:51,2,37.38068,-121.90422,59.383,55.860,0.0,-63,0.000,0.208,2.227
2014/09/15 12:05:56,2,37.37957,-121.90396,52.822,56.963,0.0,-51,0.000,0.250,1.909
2014/09/15 12:06:01,2,37.37845,-121.90370,52.165,55.497,0.0,-51,0.000,0.000,1.731
2014/09/15 12:06:06,2,37.37739,-121.90345,51.181,51.766,0.0,-51,0.000,0.250,1.551
2014/09/15 12:06:11,2,37.37634,-121.90321,50.197,51.795,0.0,-51,0.000,0.208,2.431
2014/09/15 12:06:16,2,37.37540,-121.90299,49.541,46.387,0.0,-51,0.000,0.250,1.890
2014/09/15 12:06:21,2,37.37447,-121.90277,49.213,47.863,0.0,-51,0.000,0.208,1.691
2014/09/15 12:06:26,2,37.37352,-121.90254,48.885,48.225,0.0,-51,0.000,0.250,1.630
2014/09/15 12:06:31,2,37.37237,-121.90227,49.213,48.454,0.0,-55,0.000,0.000,1.591
2014/09/15 12:06:36,2,37.37161,-121.90210,50.853,46.858,0.0,-55,0.000,0.208,2.491
2014/09/15 12:06:41,2,37.37047,-121.90195,50.525,48.818,0.0,-55,0.000,0.250,1.510
2014/09/15 12:06:46,2,37.36949,-121.90203,51.837,49.336,0.0,-55,0.000,0.167,2.010
2014/09/15 12:06:51,2,37.36866,-121.90249,52.493,36.284,0.0,-55,0.000,0.208,1.869
2014/09/15 12:06:56,2,37.36815,-121.90261,50.525,22.177,0.0,-55,0.000,0.250,2.471
2014/09/15 12:07:01,2,37.36792,-121.90285,50.525,6.925,0.0,-65,0.000,0.208,2.470
2014/09/15 12:07:06,2,37.36790,-121.90289,50.197,0.515,0.0,-65,0.000,0.000,0.679
2014/09/15 12:07:11,2,37.36789,-121.90291,51.509,1.535,0.0,-65,0.000,0.167,0.000
2014/09/15 12:07:16,2,37.36787,-121.90306,53.150,12.448,0.0,-65,0.000,0.000,0.000
2014/09/15 12:07:21,2,37.36794,-121.90355,52.822,24.893,0.0,-65,0.000,0.083,0.000
2014/09/15 12:07:26,2,37.36810,-121.90423,48.556,27.953,0.0,-65,0.000,0.000,0.000
2014/09/15 12:07:31,2,37.36826,-121.90492,45.604,30.188,0.0,-65,0.000,0.083,7.191
2014/09/15 12:07:36,2,37.36845,-121.90570,42.323,33.869,0.0,-65,0.000,0.000,4.103
2014/09/15 12:07:41,2,37.36866,-121.90656,40.354,37.240,0.0,-65,0.000,0.125,1.438
2014/09/15 12:07:46,2,37.36886,-121.90743,38.058,32.111,0.0,-65,0.000,0.250,2.531
2014/09/15 12:07:51,2,37.36902,-121.90808,37.730,20.919,0.0,-65,0.000,0.250,2.030
2014/09/15 12:07:56,2,37.36891,-121.90855,43.635,22.026,0.0,-65,0.000,0.125,2.431
2014/09/15 12:08:01,2,37.36923,-121.90916,45.276,35.723,0.0,-61,0.000,0.167,1.990
2014/09/15 12:08:06,2,37.36970,-121.91005,43.963,47.537,0.0,-61,0.000,0.000,0.000
2014/09/15 12:08:11,2,37.37021,-121.91122,41.995,56.830,0.0,-61,0.000,0.167,4.608
2014/09/15 12:08:16,2,37.37067,-121.91257,38.714,59.344,0.0,-61,0.000,0.208,1.230
2014/09/15 12:08:21,2,37.37110,-121.91397,37.073,58.581,0.0,-61,0.000,0.000,2.491
2014/09/15 12:08:26,2,37.37150,-121.91534,46.916,57.679,0.0,-61,0.000,0.167,2.190
2014/09/15 12:08:31,2,37.37185,-121.91675,52.493,59.433,0.0,-51,0.000,0.250,1.670
2014/09/15 12:08:36,2,37.37209,-121.91820,55.774,58.357,0.0,-51,0.000,0.083,0.000
2014/09/15 12:08:41,2,37.37232,-121.91962,58.399,58.259,0.0,-51,0.000,0.000,1.602
2014/09/15 12:08:46,2,37.37253,-121.92109,57.087,60.986,0.0,-51,0.000,0.167,0.000
2014/09/15 12:08:51,2,37.37274,-121.92265,47.244,64.381,0.0,-51,0.000,0.000,2.378
2014/09/15 12:08:56,2,37.37301,-121.92426,42.323,65.856,0.0,-51,0.000,0.167,3.350
2014/09/15 12:09:01,2,37.37340,-121.92589,39.698,68.972,0.0,-51,0.000,0.250,1.751
2014/09/15 12:09:06,2,37.37381,-121.92756,36.089,68.636,0.0,-57,0.000,0.167,2.282
2014/09/15 12:09:11,2,37.37419,-121.92918,37.073,66.418,0.0,-57,0.000,0.000,3.058
2014/09/15 12:09:16,2,37.37457,-121.93082,32.808,67.318,0.0,-57,0.000,0.167,4.268
2014/09/15 12:09:21,2,37.37496,-121.93244,29.528,67.362,0.0,-57,0.000,0.167,0.000
2014/09/15 12:09:26,2,37.37536,-121.93415,27.559,72.087,0.0,-57,0.000,0.000,2.270
2014/09/15 12:09:31,2,37.37570,-121.93586,26.247,67.176,0.0,-57,0.000,0.167,3.070
2014/09/15 12:09:36,2,37.37602,-121.93744,25.919,63.466,0.0,-59,0.000,0.000,3.862
2014/09/15 12:09:41,2,37.37633,-121.93901,25.591,65.079,0.0,-59,0.000,0.125,2.047
2014/09/15 12:09:46,2,37.37665,-121.94065,24.934,67.346,0.0,-59,0.000,0.167,2.935
2014/09/15 12:09:51,2,37.37697,-121.94229,26.247,67.270,0.0,-59,0.000,0.000,0.000
2014/09/15 12:09:56,2,37.37728,-121.94392,29.199,65.712,0.0,-59,0.000,0.000,0.000
2014/09/15 12:10:01,2,37.37758,-121.94552,28.871,65.822,0.0,-59,0.000,0.000,0.000
2014/09/15 12:10:06,2,37.37791,-121.94717,18.373,69.050,0.0,-71,0.000,0.000,0.000
2014/09/15 12:10:11,2,37.37823,-121.94887,22.310,69.787,0.0,-71,0.000,0.000,0.000
2014/09/15 12:10:16,2,37.37855,-121.95059,25.262,70.239,0.0,-71,0.000,0.000,0.000
2014/09/15 12:10:21,2,37.37890,-121.95229,26.247,67.058,0.0,-71,0.000,0.167,0.000
2014/09/15 12:10:26,2,37.37925,-121.95386,25.262,64.354,0.0,-71,0.000,0.000,9.071
2014/09/15 12:10:31,2,37.37966,-121.95544,23.950,66.614,0.0,-71,0.000,0.083,0.992
2014/09/15 12:10:36,2,37.38011,-121.95699,24.606,65.056,0.0,-51,0.000,0.167,0.000
2014/09/15 12:10:41,2,37.38055,-121.95854,24.606,65.445,0.0,-51,0.000,0.000,5.475
2014/09/15 12:10:46,2,37.38100,-121.96009,24.606,66.106,0.0,-51,0.000,0.083,5.705
2014/09/15 12:10:51,2,37.38145,-121.96165,24.606,66.112,0.0,-51,0.000,0.083,0.000
2014/09/15 12:10:56,2,37.38190,-121.96322,23.950,66.165,0.0,-51,0.000,0.125,3.651
2014/09/15 12:11:01,2,37.38234,-121.96478,24.278,63.866,0.0,-51,0.000,0.000,0.719
2014/09/15 12:11:06,2,37.38278,-121.96629,26.247,64.388,0.0,-51,0.000,0.250,0.000
2014/09/15 12:11:11,2,37.38321,-121.96781,28.543,64.972,0.0,-63,0.000,0.000,4.083
2014/09/15 12:11:16,2,37.38366,-121.96937,30.840,66.883,0.0,-63,0.000,0.167,0.000
2014/09/15 12:11:21,2,37.38413,-121.97100,31.824,70.230,0.0,-63,0.000,0.083,5.271
2014/09/15 12:11:26,2,37.38461,-121.97268,31.824,71.052,0.0,-63,0.000,0.000,0.000
2014/09/15 12:11:31,2,37.38509,-121.97437,31.496,71.258,0.0,-63,0.000,0.083,7.531
2014/09/15 12:11:36,2,37.38558,-121.97606,30.840,71.590,0.0,-63,0.000,0.083,1.785
2014/09/15 12:11:41,2,37.38605,-121.97777,31.168,71.353,0.0,-77,0.000,0.000,0.951
2014/09/15 12:11:46,2,37.38654,-121.97945,31.496,70.861,0.0,-77,0.000,0.083,3.111
2014/09/15 12:11:51,2,37.38703,-121.98114,31.168,71.344,0.0,-77,0.000,0.167,0.000
2014/09/15 12:11:56,2,37.38751,-121.98283,30.512,71.393,0.0,-77,0.000,0.000,2.651
2014/09/15 12:12:01,2,37.38799,-121.98452,29.199,68.925,0.0,-77,0.000,0.167,4.951
2014/09/15 12:12:06,2,37.38842,-121.98610,28.215,67.097,0.0,-77,0.000,0.000,2.179
2014/09/15 12:12:11,2,37.38886,-121.98770,28.215,66.983,0.0,-79,0.000,0.000,0.000
2014/09/15 12:12:16,2,37.38931,-121.98930,28.215,67.331,0.0,-79,0.000,0.000,5.301
2014/09/15 12:12:21,2,37.38978,-121.99089,28.871,68.056,0.0,-79,0.000,0.042,0.487
2014/09/15 12:12:26,2,37.39025,-121.99254,28.871,70.409,0.0,-79,0.000,0.000,3.250
2014/09/15 12:12:31,2,37.39074,-121.99421,28.871,70.455,0.0,-79,0.000,0.208,3.903
2014/09/15 12:12:36,2,37.39124,-121.99583,28.543,66.425,0.0,-79,0.000,0.000,1.362
2014/09/15 12:12:41,2,37.39170,-121.99738,28.215,65.056,0.0,-75,0.000,0.250,2.070
2014/09/15 12:12:46,2,37.39217,-121.99891,29.856,65.240,0.0,-75,0.000,0.333,1.659
2014/09/15 12:12:51,2,37.39262,-122.00047,30.184,67.018,0.0,-75,0.000,0.250,1.803
2014/09/15 12:12:56,2,37.39308,-122.00211,30.512,70.401,0.0,-75,0.000,0.000,1.190
2014/09/15 12:13:01,2,37.39356,-122.00380,30.184,71.137,0.0,-75,0.000,0.167,1.047
2014/09/15 12:13:06,2,37.39402,-122.00549,29.856,70.375,0.0,-75,0.000,0.250,1.875
2014/09/15 12:13:11,2,37.39445,-122.00710,28.871,63.830,0.0,-75,0.000,0.250,2.107
2014/09/15 12:13:16,2,37.39483,-122.00861,28.215,62.273,0.0,-73,0.000,0.250,2.060
2014/09/15 12:13:21,2,37.39517,-122.01010,29.528,61.008,0.0,-73,0.000,0.000,2.757
2014/09/15 12:13:26,2,37.39549,-122.01160,28.543,61.774,0.0,-73,0.000,0.292,2.783
2014/09/15 12:13:31,2,37.39582,-122.01310,28.871,61.162,0.0,-73,0.000,0.250,1.968
2014/09/15 12:13:36,2,37.39614,-122.01458,30.840,61.146,0.0,-73,0.000,0.208,3.097
2014/09/15 12:13:41,2,37.39646,-122.01605,31.168,59.906,0.0,-73,0.000,0.167,1.283
2014/09/15 12:13:46,2,37.39678,-122.01752,31.496,61.004,0.0,-71,0.000,0.000,1.619
2014/09/15 12:13:51,2,37.39711,-122.01903,31.496,62.476,0.0,-71,0.000,0.292,2.270
2014/09/15 12:13:56,2,37.39744,-122.02057,31.168,63.926,0.0,-71,0.000,0.250,3.567
2014/09/15 12:14:01,2,37.39779,-122.02215,32.480,65.335,0.0,-71,0.000,0.167,1.931
2014/09/15 12:14:06,2,37.39814,-122.02376,33.136,67.074,0.0,-71,0.000,0.000,0.000
2014/09/15 12:14:11,2,37.39850,-122.02541,33.136,68.696,0.0,-71,0.000,0.208,4.370
2014/09/15 12:14:16,2,37.39887,-122.02707,33.465,67.804,0.0,-77,0.000,0.167,1.498
2014/09/15 12:14:21,2,37.39920,-122.02871,34.777,66.881,0.0,-77,0.000,0.292,3.282
2014/09/15 12:14:26,2,37.39956,-122.03033,35.433,67.007,0.0,-77,0.000,0.167,2.471
2014/09/15 12:14:31,2,37.39993,-122.03202,36.417,70.271,0.0,-77,0.000,0.000,2.509
2014/09/15 12:14:36,2,37.40032,-122.03375,37.073,72.018,0.0,-77,0.000,0.292,2.758
2014/09/15 12:14:41,2,37.40070,-122.03549,37.402,69.582,0.0,-77,0.000,0.250,1.562
2014/09/15 12:14:46,2,37.40107,-122.03718,38.714,68.777,0.0,-75,0.000,0.000,2.369
2014/09/15 12:14:51,2,37.40143,-122.03883,39.370,66.675,0.0,-75,0.000,0.292,2.218
2014/09/15 12:14:56,2,37.40179,-122.04046,39.042,68.852,0.0,-75,0.000,0.250,1.931
2014/09/15 12:15:01,2,37.40217,-122.04217,40.026,70.988,0.0,-75,0.000,0.000,2.142
2014/09/15 12:15:06,2,37.40254,-122.04390,41.339,70.864,0.0,-75,0.000,0.208,1.931
2014/09/15 12:15:11,2,37.40292,-122.04563,42.323,71.299,0.0,-75,0.000,0.250,1.471
2014/09/15 12:15:16,2,37.40330,-122.04738,42.323,72.415,0.0,-75,0.000,0.000,0.000
2014/09/15 12:15:21,2,37.40369,-122.04913,54.790,72.330,0.0,-75,0.000,0.000,0.000
2014/09/15 12:15:26,2,37.40408,-122.05090,65.945,72.213,0.0,-75,0.000,0.000,0.000
2014/09/15 12:15:31,2,37.40453,-122.05264,59.711,73.463,0.0,-75,0.000,0.000,0.000
2014/09/15 12:15:36,2,37.40502,-122.05438,44.948,74.120,0.0,-75,0.000,0.000,0.000
2014/09/15 12:15:41,2,37.40547,-122.05615,44.291,72.636,0.0,-75,0.000,0.000,0.000
2014/09/15 12:15:46,2,37.40587,-122.05789,43.307,69.400,0.0,-75,0.000,0.000,0.000
2014/09/15 12:15:51,2,37.40622,-122.05953,43.307,67.526,0.0,-69,0.000,0.000,0.000
2014/09/15 12:15:56,2,37.40658,-122.06114,42.651,65.124,0.0,-69,0.000,0.208,0.343
2014/09/15 12:16:01,2,37.40692,-122.06273,43.307,65.730,0.0,-69,0.000,1.292,0.359
2014/09/15 12:16:06,2,37.40727,-122.06433,44.291,65.835,0.0,-69,0.000,1.208,0.378
2014/09/15 12:16:11,2,37.40762,-122.06593,43.635,64.992,0.0,-69,0.000,0.833,0.373
2014/09/15 12:16:16,2,37.40797,-122.06746,41.339,62.818,0.0,-69,0.000,0.000,0.235
2014/09/15 12:16:21,2,37.40840,-122.06886,40.354,57.542,0.0,-51,0.000,0.042,0.235
2014/09/15 12:16:26,2,37.40891,-122.07016,39.698,58.438,0.0,-51,0.000,1.208,0.359
2014/09/15 12:16:31,2,37.40948,-122.07150,39.698,60.704,0.0,-51,0.000,1.375,0.402
2014/09/15 12:16:36,2,37.41004,-122.07288,40.354,61.841,0.0,-51,0.000,1.167,0.582
2014/09/15 12:16:41,2,37.41059,-122.07430,39.698,62.436,0.0,-51,0.000,1.083,0.334
2014/09/15 12:16:46,2,37.41114,-122.07570,39.370,61.752,0.0,-51,0.000,0.000,0.467
2014/09/15 12:16:51,2,37.41170,-122.07713,38.386,64.368,0.0,-53,0.000,1.333,0.347
2014/09/15 12:16:56,2,37.41228,-122.07861,36.745,66.204,0.0,-53,0.000,1.208,0.494
2014/09/15 12:17:01,2,37.41286,-122.08011,34.777,66.983,0.0,-53,0.000,1.542,0.275
2014/09/15 12:17:06,2,37.41356,-122.08166,31.496,73.234,0.0,-53,0.000,0.000,0.216
2014/09/15 12:17:11,2,37.41440,-122.08315,28.871,69.380,0.0,-53,0.000,0.042,0.363
2014/09/15 12:17:16,2,37.41532,-122.08449,27.231,71.077,0.0,-53,0.000,0.000,0.319
2014/09/15 12:17:21,2,37.41624,-122.08576,25.262,66.909,0.0,-53,0.000,1.292,0.290
2014/09/15 12:17:26,2,37.41714,-122.08701,23.950,66.997,0.0,-61,0.000,1.458,0.426
2014/09/15 12:17:31,2,37.41803,-122.08824,21.654,64.861,0.0,-61,0.000,1.458,0.459
2014/09/15 12:17:36,2,37.41891,-122.08944,17.717,63.888,0.0,-61,0.000,1.292,0.458
2014/09/15 12:17:41,2,37.41976,-122.09062,15.092,62.477,0.0,-61,0.000,1.333,0.393
2014/09/15 12:17:46,2,37.42061,-122.09178,12.795,62.731,0.0,-61,0.000,1.417,0.347
2014/09/15 12:17:51,2,37.42146,-122.09297,11.155,63.314,0.0,-61,0.000,1.458,0.335
2014/09/15 12:17:56,2,37.42231,-122.09414,10.499,64.063,0.0,-59,0.000,0.000,0.258
2014/09/15 12:18:01,2,37.42320,-122.09537,9.514,66.441,0.0,-59,0.000,0.042,0.252
2014/09/15 12:18:06,2,37.42411,-122.09662,7.874,67.587,0.0,-59,0.000,1.292,0.414
2014/09/15 12:18:11,2,37.42508,-122.09784,7.874,68.533,0.0,-59,0.000,1.292,0.398
2014/09/15 12:18:16,2,37.42611,-122.09898,9.186,68.428,0.0,-59,0.000,1.500,0.354
2014/09/15 12:18:21,2,37.42714,-122.10007,10.827,66.608,0.0,-59,0.000,1.458,0.322
2014/09/15 12:18:26,2,37.42816,-122.10114,10.499,65.656,0.0,-51,0.000,1.250,0.382
2014/09/15 12:18:31,2,37.42917,-122.10220,12.139,65.269,0.0,-51,0.000,1.208,0.323
2014/09/15 12:18:36,2,37.43019,-122.10327,14.108,67.179,0.0,-51,0.000,1.333,0.414
2014/09/15 12:18:41,2,37.43124,-122.10437,17.060,68.143,0.0,-51,0.000,0.000,0.435
2014/09/15 12:18:46,2,37.43229,-122.10547,20.341,67.926,0.0,-51,0.000,0.000,0.262
2014/09/15 12:18:51,2,37.43328,-122.10652,15.748,62.414,0.0,-51,0.000,0.042,0.280
2014/09/15 12:18:56,2,37.43427,-122.10755,13.780,64.625,0.0,-71,0.000,1.042,0.390
2014/09/15 12:19:01,2,37.43527,-122.10861,14.108,66.053,0.0,-71,0.000,0.875,0.632
2014/09/15 12:19:06,2,37.43627,-122.10965,13.780,62.534,0.0,-71,0.000,1.167,0.506
2014/09/15 12:19:11,2,37.43724,-122.11067,13.451,63.882,0.0,-71,0.000,0.750,0.334
2014/09/15 12:19:16,2,37.43824,-122.11171,13.451,64.729,0.0,-71,0.000,1.000,0.313
2014/09/15 12:19:21,2,37.43924,-122.11277,14.764,65.084,0.0,-71,0.000,1.375,0.303
2014/09/15 12:19:26,2,37.44025,-122.11382,17.717,65.710,0.0,-71,0.000,1.125,0.322
2014/09/15 12:19:31,2,37.44127,-122.11491,14.436,67.639,0.0,-71,0.000,1.333,0.486
2014/09/15 12:19:36,2,37.44232,-122.11601,13.780,68.231,0.0,-71,0.000,1.125,0.631
2014/09/15 12:19:41,2,37.44338,-122.11712,13.451,68.285,0.0,-71,0.000,0.000,0.231
2014/09/15 12:19:46,2,37.44440,-122.11819,12.795,66.507,0.0,-71,0.000,0.000,0.234
2014/09/15 12:19:51,2,37.44547,-122.11931,12.467,70.141,0.0,-71,0.000,0.042,0.430
2014/09/15 12:19:56,2,37.44655,-122.12045,12.139,70.497,0.0,-71,0.000,0.333,0.529
2014/09/15 12:20:01,2,37.44764,-122.12159,11.483,71.233,0.0,-77,0.000,1.667,0.278
2014/09/15 12:20:06,2,37.44874,-122.12275,13.123,71.410,0.0,-77,0.000,1.375,0.373
2014/09/15 12:20:11,2,37.44985,-122.12391,15.420,70.520,0.0,-77,0.000,1.417,0.382
2014/09/15 12:20:16,2,37.45092,-122.12507,16.732,69.993,0.0,-77,0.000,1.333,0.492
2014/09/15 12:20:21,2,37.45189,-122.12631,18.701,69.180,0.0,-77,0.000,1.333,0.398
2014/09/15 12:20:26,2,37.45275,-122.12754,21.325,60.880,0.0,-77,0.000,1.375,0.654
2014/09/15 12:20:31,2,37.45345,-122.12872,24.606,58.089,0.0,-51,0.000,1.417,0.419
2014/09/15 12:20:36,2,37.45414,-122.12989,25.591,57.290,0.0,-51,0.000,0.000,0.214
2014/09/15 12:20:41,2,37.45482,-122.13106,26.575,56.599,0.0,-51,0.000,0.042,0.246
2014/09/15 12:20:46,2,37.45548,-122.13218,27.887,54.344,0.0,-51,0.000,1.292,0.539
2014/09/15 12:20:51,2,37.45613,-122.13328,28.871,53.904,0.0,-51,0.000,1.333,0.339
2014/09/15 12:20:56,2,37.45677,-122.13437,30.840,52.617,0.0,-51,0.000,1.333,0.614
2014/09/15 12:21:01,2,37.45737,-122.13536,32.480,47.599,0.0,-67,0.000,0.000,0.294
2014/09/15 12:21:06,2,37.45795,-122.13629,34.449,45.315,0.0,-67,0.000,1.500,0.438
2014/09/15 12:21:11,2,37.45848,-122.13720,35.105,44.922,0.0,-67,0.000,1.667,0.377
2014/09/15 12:21:16,2,37.45902,-122.13808,35.105,42.127,0.0,-67,0.000,1.458,0.467
2014/09/15 12:21:21,2,37.45958,-122.13889,33.793,43.180,0.0,-67,0.000,1.333,0.498
2014/09/15 12:21:26,2,37.46016,-122.13970,30.840,41.779,0.0,-67,0.000,0.000,0.214
2014/09/15 12:21:31,2,37.46079,-122.14029,27.231,37.155,0.0,-67,0.000,0.042,0.251
2014/09/15 12:21:36,2,37.46150,-122.14042,30.184,35.370,0.0,-73,0.000,1.125,0.435
2014/09/15 12:21:41,2,37.46217,-122.14040,27.559,27.940,0.0,-73,0.000,1.083,0.347
2014/09/15 12:21:46,2,37.46249,-122.14021,22.310,16.458,0.0,-73,0.000,0.833,0.335
2014/09/15 12:21:51,2,37.46249,-122.13967,19.357,25.359,0.0,-73,0.000,0.583,0.551
2014/09/15 12:21:56,2,37.46239,-122.13907,18.701,23.845,0.0,-73,0.000,1.042,0.591
2014/09/15 12:22:01,2,37.46211,-122.13860,18.701,23.770,0.0,-73,0.000,0.000,0.411
2014/09/15 12:22:06,2,37.46166,-122.13830,22.638,26.949,0.0,-77,0.000,0.958,0.314
2014/09/15 12:22:11,2,37.46112,-122.13822,24.606,24.722,0.0,-77,0.000,1.167,0.318
2014/09/15 12:22:16,2,37.46079,-122.13815,27.231,8.532,0.0,-77,0.000,1.375,0.299
2014/09/15 12:22:21,2,37.46076,-122.13814,28.215,0.027,0.0,-77,0.000,0.875,0.298
2014/09/15 12:22:26,2,37.46077,-122.13814,29.856,0.006,0.0,-77,0.000,1.042,1.075
2014/09/15 12:22:31,2,37.46077,-122.13814,31.824,0.177,0.0,-77,0.000,0.000,0.254
2014/09/15 12:22:36,2,37.46077,-122.13814,33.465,0.007,0.0,-75,0.000,0.042,0.265
2014/09/15 12:22:41,2,37.46076,-122.13814,34.121,3.272,0.0,-75,0.000,0.000,1.295
2014/09/15 12:22:46,2,37.46057,-122.13809,35.761,12.889,0.0,-75,0.000,0.417,0.482
2014/09/15 12:22:51,2,37.46052,-122.13779,36.089,14.177,0.0,-75,0.000,1.792,0.346
2014/09/15 12:22:56,2,37.46054,-122.13740,33.136,15.355,0.0,-75,0.000,1.250,0.914
2014/09/15 12:23:01,2,37.46057,-122.13708,30.512,9.334,0.0,-75,0.000,0.875,0.826
2014/09/15 12:23:06,2,37.46057,-122.13699,29.528,6.181,0.0,-75,0.000,0.500,0.269
2014/09/15 12:23:11,2,37.46073,-122.13686,25.262,12.523,0.0,-75,0.000,0.625,0.854
2014/09/15 12:23:16,2,37.46096,-122.13687,23.294,8.710,0.0,-75,0.000,0.708,0.350
2014/09/15 12:23:21,2,37.46103,-122.13696,22.966,4.478,0.0,-75,0.000,1.000,1.721
2014/09/15 12:23:26,2,37.46103,-122.13704,23.294,0.024,0.0,-75,0.000,0.500,0.286
2014/09/15 12:23:31,2,37.46103,-122.13703,24.278,0.068,0.0,-75,0.000,1.083,0.443
2014/09/15 12:23:36,2,37.46102,-122.13702,26.575,0.004,0.0,-75,0.000,1.083,0.623
2014/09/15 12:23:41,2,37.46102,-122.13702,28.543,0.026,0.0,-75,0.000,0.000,0.250
