Date-Time,DOP,Latitude,Longitude,Altitude (ft),Speed (mph),Heading (deg),mod1 SS (dBm),mod1 Down (Mbs),mod1 Up (Mbs),mod1 Ping (Sec)
2014/10/01 14:40:40,1,38.50370,-122.46807,286.745,1.088,0.0,-77,0.319,0.000,0.822
2014/10/01 14:40:45,1,38.50376,-122.46807,259.514,5.084,0.0,-77,0.395,0.292,1.733
2014/10/01 14:40:50,1,38.50376,-122.46804,261.155,0.034,0.0,-77,0.615,0.167,0.451
2014/10/01 14:40:55,1,38.50376,-122.46803,258.858,1.677,0.0,-77,0.885,0.417,0.829
2014/10/01 14:41:00,1,38.50372,-122.46795,278.543,0.411,0.0,-77,0.503,0.167,1.265
2014/10/01 14:41:05,1,38.50371,-122.46793,280.512,0.060,0.0,-77,0.792,0.208,1.053
2014/10/01 14:41:10,1,38.50373,-122.46793,273.294,1.309,0.0,-77,0.551,0.000,0.000
2014/10/01 14:41:15,1,38.50374,-122.46791,272.310,0.824,0.0,-77,0.240,0.167,3.970
2014/10/01 14:41:20,1,38.50375,-122.46789,271.654,2.595,0.0,-77,0.606,0.000,0.861
2014/10/01 14:41:25,1,38.50371,-122.46773,272.310,11.239,0.0,-77,0.209,0.208,2.615
2014/10/01 14:41:30,1,38.50358,-122.46750,273.294,11.581,0.0,-77,0.189,0.083,3.216
2014/10/01 14:41:35,1,38.50351,-122.46732,277.887,3.026,0.0,-77,0.324,0.000,1.582
2014/10/01 14:41:40,1,38.50350,-122.46731,276.247,0.009,0.0,-75,0.404,0.125,1.102
2014/10/01 14:41:45,1,38.50349,-122.46730,274.934,0.022,0.0,-75,0.846,0.208,1.252
2014/10/01 14:41:50,1,38.50348,-122.46730,276.247,0.041,0.0,-75,0.500,0.125,1.077
2014/10/01 14:41:55,1,38.50348,-122.46730,277.559,0.024,0.0,-75,0.965,0.125,0.729
2014/10/01 14:42:00,1,38.50347,-122.46729,278.215,0.012,0.0,-75,0.429,0.167,1.377
2014/10/01 14:42:05,1,38.50347,-122.46729,275.919,0.077,0.0,-75,0.461,0.000,0.978
2014/10/01 14:42:10,1,38.50345,-122.46726,273.950,4.451,0.0,-75,0.567,0.208,0.360
2014/10/01 14:42:15,1,38.50333,-122.46707,273.622,12.873,0.0,-75,0.593,0.125,0.937
2014/10/01 14:42:20,1,38.50315,-122.46675,278.871,18.884,0.0,-75,0.333,0.000,1.762
2014/10/01 14:42:25,1,38.50286,-122.46628,274.934,24.381,0.0,-75,0.157,0.125,4.152
2014/10/01 14:42:30,1,38.50252,-122.46576,270.669,27.153,0.0,-75,0.199,0.125,0.000
2014/10/01 14:42:35,1,38.50208,-122.46527,266.076,29.987,0.0,-75,0.167,0.000,4.283
2014/10/01 14:42:40,1,38.50162,-122.46476,265.748,29.174,0.0,-75,0.163,0.167,4.203
2014/10/01 14:42:45,1,38.50120,-122.46429,264.764,25.894,0.0,-81,0.493,0.208,1.197
2014/10/01 14:42:50,1,38.50080,-122.46383,262.139,25.972,0.0,-81,0.632,0.292,1.241
2014/10/01 14:42:55,1,38.50041,-122.46334,259.843,27.590,0.0,-81,0.782,0.000,0.498
2014/10/01 14:43:00,1,38.49996,-122.46283,257.546,30.887,0.0,-81,0.404,0.208,2.305
2014/10/01 14:43:05,1,38.49948,-122.46229,255.249,32.051,0.0,-81,0.363,0.167,1.908
2014/10/01 14:43:10,1,38.49899,-122.46173,253.937,32.162,0.0,-81,0.359,0.167,0.930
2014/10/01 14:43:15,1,38.49851,-122.46119,252.297,31.573,0.0,-71,0.750,0.000,1.315
2014/10/01 14:43:20,1,38.49804,-122.46064,252.297,31.027,0.0,-71,0.747,0.292,0.449
2014/10/01 14:43:25,1,38.49757,-122.46011,250.984,31.797,0.0,-71,0.814,0.292,0.617
2014/10/01 14:43:30,1,38.49708,-122.45955,247.047,33.197,0.0,-71,1.279,0.542,0.590
2014/10/01 14:43:35,2,38.49658,-122.45898,245.407,34.256,0.0,-71,1.250,0.375,1.059
2014/10/01 14:43:40,2,38.49607,-122.45839,247.047,35.244,0.0,-71,0.901,0.292,0.330
2014/10/01 14:43:45,2,38.49552,-122.45776,246.391,37.569,0.0,-81,0.394,0.167,1.116
2014/10/01 14:43:50,2,38.49495,-122.45709,246.391,39.043,0.0,-81,0.533,0.000,0.000
2014/10/01 14:43:55,1,38.49434,-122.45643,241.470,39.792,0.0,-81,0.510,0.167,0.837
2014/10/01 14:44:00,1,38.49374,-122.45577,239.173,37.216,0.0,-81,0.317,0.000,1.990
2014/10/01 14:44:05,1,38.49321,-122.45516,237.205,35.273,0.0,-81,0.247,0.208,2.082
2014/10/01 14:44:10,1,38.49268,-122.45452,236.220,37.809,0.0,-81,0.481,0.208,1.663
2014/10/01 14:44:15,2,38.49213,-122.45383,237.533,39.443,0.0,-81,0.772,0.292,0.826
2014/10/01 14:44:20,2,38.49154,-122.45314,232.612,39.151,0.0,-69,1.099,0.208,1.010
2014/10/01 14:44:25,2,38.49095,-122.45247,229.987,39.382,0.0,-69,0.442,0.000,1.763
2014/10/01 14:44:30,2,38.49035,-122.45181,228.018,39.986,0.0,-69,1.103,0.083,0.374
2014/10/01 14:44:35,2,38.48975,-122.45109,224.738,41.337,0.0,-69,1.587,0.458,0.324
2014/10/01 14:44:40,2,38.48917,-122.45042,222.441,38.165,0.0,-69,1.410,0.375,0.659
2014/10/01 14:44:45,2,38.48862,-122.44976,218.504,35.319,0.0,-69,0.962,0.000,0.971
2014/10/01 14:44:50,2,38.48809,-122.44915,215.223,35.742,0.0,-81,0.862,0.167,1.425
2014/10/01 14:44:55,2,38.48755,-122.44851,213.911,37.566,0.0,-81,0.978,0.167,1.163
2014/10/01 14:45:00,2,38.48699,-122.44781,209.646,40.032,0.0,-81,0.786,0.375,0.778
2014/10/01 14:45:05,2,38.48639,-122.44710,207.021,40.826,0.0,-81,0.698,0.000,0.957
2014/10/01 14:45:10,2,38.48578,-122.44639,205.709,41.363,0.0,-81,0.571,0.333,0.859
2014/10/01 14:45:15,2,38.48517,-122.44567,204.068,41.259,0.0,-81,0.574,0.292,1.875
2014/10/01 14:45:20,2,38.48457,-122.44495,202.428,41.388,0.0,-63,0.506,0.000,0.719
2014/10/01 14:45:25,2,38.48396,-122.44423,200.459,40.999,0.0,-63,0.769,0.208,0.914
2014/10/01 14:45:30,2,38.48337,-122.44351,197.507,40.280,0.0,-63,0.695,0.167,1.310
2014/10/01 14:45:35,2,38.48280,-122.44287,197.507,35.645,0.0,-63,0.337,0.000,1.763
2014/10/01 14:45:40,2,38.48230,-122.44227,196.850,34.897,0.0,-63,0.298,0.083,3.310
2014/10/01 14:45:45,2,38.48179,-122.44163,195.538,36.601,0.0,-63,0.625,0.208,0.978
2014/10/01 14:45:50,2,38.48123,-122.44095,193.570,39.550,0.0,-77,0.456,0.000,1.882
2014/10/01 14:45:55,2,38.48062,-122.44023,191.273,42.696,0.0,-77,0.794,0.000,0.571
2014/10/01 14:46:00,2,38.47998,-122.43948,188.320,43.938,0.0,-77,0.750,0.000,0.583
2014/10/01 14:46:05,2,38.47933,-122.43871,183.071,44.569,0.0,-77,0.756,0.000,0.558
2014/10/01 14:46:10,2,38.47868,-122.43796,180.774,43.231,0.0,-77,0.000,0.000,2.010
2014/10/01 14:46:15,2,38.47804,-122.43722,179.134,41.775,0.0,-77,0.471,0.000,1.966
2014/10/01 14:46:20,2,38.47745,-122.43651,177.165,39.206,0.0,-77,0.215,0.000,1.358
2014/10/01 14:46:25,2,38.47689,-122.43587,175.197,36.441,0.0,-69,0.279,0.000,2.099
2014/10/01 14:46:30,2,38.47624,-122.43538,171.916,40.255,0.0,-69,0.612,0.000,0.974
2014/10/01 14:46:35,2,38.47550,-122.43488,172.572,43.424,0.0,-69,0.712,0.042,0.503
2014/10/01 14:46:40,2,38.47475,-122.43434,171.588,42.681,0.0,-69,1.475,0.000,0.314
2014/10/01 14:46:45,2,38.47401,-122.43383,170.276,40.759,0.0,-69,1.577,0.250,1.347
2014/10/01 14:46:50,2,38.47325,-122.43335,169.948,42.885,0.0,-69,0.830,0.125,0.582
2014/10/01 14:46:55,2,38.47250,-122.43284,170.276,40.514,0.0,-55,0.606,0.208,2.094
2014/10/01 14:47:00,2,38.47179,-122.43232,172.244,41.322,0.0,-55,0.621,0.292,0.781
2014/10/01 14:47:05,2,38.47108,-122.43184,167.979,39.022,0.0,-55,0.798,0.208,0.784
2014/10/01 14:47:10,2,38.47041,-122.43138,167.651,38.423,0.0,-55,1.121,0.250,0.358
2014/10/01 14:47:15,2,38.46971,-122.43091,169.291,38.889,0.0,-55,1.221,0.000,0.642
2014/10/01 14:47:20,2,38.46905,-122.43047,171.260,36.691,0.0,-55,1.481,0.292,0.461
2014/10/01 14:47:25,2,38.46838,-122.43001,170.276,40.057,0.0,-63,1.423,0.333,0.451
2014/10/01 14:47:30,2,38.46765,-122.42950,168.307,39.913,0.0,-63,0.975,0.208,0.422
2014/10/01 14:47:35,2,38.46696,-122.42901,167.979,38.631,0.0,-63,1.087,0.208,1.032
2014/10/01 14:47:40,2,38.46629,-122.42853,167.979,37.735,0.0,-63,0.823,0.208,0.324
2014/10/01 14:47:45,2,38.46561,-122.42803,161.417,40.501,0.0,-63,1.574,0.125,0.478
2014/10/01 14:47:50,2,38.46491,-122.42751,163.058,40.767,0.0,-63,1.090,0.000,1.154
2014/10/01 14:47:55,2,38.46418,-122.42698,164.698,42.187,0.0,-71,0.756,0.167,0.674
2014/10/01 14:48:00,2,38.46343,-122.42643,167.651,42.739,0.0,-71,0.978,0.250,1.266
2014/10/01 14:48:05,2,38.46269,-122.42591,171.260,41.622,0.0,-71,0.766,0.167,0.401
2014/10/01 14:48:10,2,38.46197,-122.42541,177.493,40.567,0.0,-71,0.869,0.208,0.607
2014/10/01 14:48:15,2,38.46125,-122.42488,174.213,41.941,0.0,-71,0.663,0.000,0.523
2014/10/01 14:48:20,2,38.46050,-122.42435,176.837,42.106,0.0,-71,0.714,0.250,0.000
2014/10/01 14:48:25,2,38.45981,-122.42378,173.556,39.620,0.0,-71,0.231,0.000,5.022
2014/10/01 14:48:30,2,38.45918,-122.42321,170.604,38.409,0.0,-71,0.352,0.083,0.945
2014/10/01 14:48:35,2,38.45854,-122.42261,168.635,40.294,0.0,-71,0.240,0.083,2.335
2014/10/01 14:48:40,2,38.45787,-122.42198,167.651,42.363,0.0,-71,0.651,0.000,0.486
2014/10/01 14:48:45,2,38.45718,-122.42134,164.698,42.723,0.0,-71,0.740,0.250,0.698
2014/10/01 14:48:50,2,38.45647,-122.42068,161.417,45.100,0.0,-71,1.327,0.292,0.674
2014/10/01 14:48:55,2,38.45571,-122.41998,158.793,47.825,0.0,-71,0.833,0.000,0.633
2014/10/01 14:49:00,2,38.45492,-122.41925,156.496,49.012,0.0,-79,0.183,0.208,3.054
2014/10/01 14:49:05,2,38.45412,-122.41851,154.528,49.164,0.0,-79,0.648,0.125,0.511
2014/10/01 14:49:10,2,38.45332,-122.41776,155.840,48.662,0.0,-79,0.390,0.083,1.214
2014/10/01 14:49:15,2,38.45254,-122.41703,154.199,47.139,0.0,-79,0.702,0.167,0.378
2014/10/01 14:49:20,2,38.45182,-122.41636,150.919,41.601,0.0,-79,1.010,0.333,1.070
2014/10/01 14:49:25,2,38.45112,-122.41570,148.622,43.857,0.0,-79,0.913,0.292,0.601
2014/10/01 14:49:30,2,38.45040,-122.41504,146.982,44.985,0.0,-77,0.894,0.208,0.671
2014/10/01 14:49:35,2,38.44966,-122.41437,145.341,45.125,0.0,-77,0.206,0.000,1.504
2014/10/01 14:49:40,2,38.44891,-122.41369,145.669,46.291,0.0,-77,0.310,0.250,2.483
2014/10/01 14:49:45,2,38.44812,-122.41298,144.029,49.897,0.0,-77,0.564,0.333,0.523
2014/10/01 14:49:50,2,38.44727,-122.41222,141.732,52.684,0.0,-77,1.154,0.750,0.349
2014/10/01 14:49:55,2,38.44642,-122.41143,140.420,51.096,0.0,-77,1.189,0.417,0.479
2014/10/01 14:50:00,2,38.44558,-122.41068,138.780,51.134,0.0,-65,1.513,0.458,0.552
2014/10/01 14:50:05,2,38.44472,-122.40994,139.108,52.569,0.0,-65,1.388,0.000,0.487
2014/10/01 14:50:10,2,38.44386,-122.40918,140.420,50.784,0.0,-65,1.464,0.292,0.370
2014/10/01 14:50:15,2,38.44305,-122.40844,140.420,49.078,0.0,-65,1.478,0.250,0.310
2014/10/01 14:50:20,2,38.44224,-122.40770,141.732,50.821,0.0,-65,1.375,0.000,0.370
2014/10/01 14:50:25,2,38.44139,-122.40694,142.717,52.357,0.0,-65,0.311,0.167,1.707
2014/10/01 14:50:30,2,38.44055,-122.40615,142.717,52.546,0.0,-65,0.275,0.042,2.483
2014/10/01 14:50:35,2,38.43970,-122.40537,143.373,51.303,0.0,-71,0.257,0.167,3.085
2014/10/01 14:50:40,2,38.43888,-122.40463,144.357,49.129,0.0,-71,0.406,0.292,0.539
2014/10/01 14:50:45,2,38.43807,-122.40392,146.982,48.732,0.0,-71,0.744,0.417,0.759
2014/10/01 14:50:50,2,38.43729,-122.40325,150.262,45.678,0.0,-71,0.600,0.000,0.954
2014/10/01 14:50:55,2,38.43655,-122.40258,150.919,44.438,0.0,-71,0.346,0.000,0.000
2014/10/01 14:51:00,2,38.43581,-122.40191,148.950,45.776,0.0,-71,0.000,0.375,5.686
2014/10/01 14:51:05,2,38.43506,-122.40122,146.654,44.811,0.0,-77,0.000,0.208,0.309
2014/10/01 14:51:10,2,38.43437,-122.40058,145.341,43.972,0.0,-77,0.000,0.000,0.239
2014/10/01 14:51:15,2,38.43362,-122.39990,143.373,46.146,0.0,-77,0.003,0.000,0.233
2014/10/01 14:51:20,2,38.43283,-122.39918,140.748,50.356,0.0,-77,0.920,0.042,0.694
2014/10/01 14:51:25,2,38.43202,-122.39846,140.420,47.722,0.0,-77,1.208,0.417,0.351
2014/10/01 14:51:30,2,38.43121,-122.39774,137.795,50.281,0.0,-77,0.891,0.500,0.333
2014/10/01 14:51:35,2,38.43041,-122.39699,136.811,48.267,0.0,-83,0.473,0.000,0.000
2014/10/01 14:51:40,2,38.42963,-122.39628,135.827,47.774,0.0,-83,0.152,0.792,3.305
2014/10/01 14:51:45,2,38.42884,-122.39557,135.827,48.301,0.0,-83,0.119,0.208,2.667
2014/10/01 14:51:50,2,38.42804,-122.39485,137.139,50.226,0.0,-83,0.237,0.458,0.558
2014/10/01 14:51:55,2,38.42718,-122.39413,138.780,50.745,0.0,-83,0.467,0.417,0.000
2014/10/01 14:52:00,2,38.42633,-122.39342,138.780,50.612,0.0,-83,0.196,0.000,2.811
2014/10/01 14:52:05,2,38.42549,-122.39271,139.436,49.342,0.0,-85,0.096,0.167,4.475
2014/10/01 14:52:10,2,38.42465,-122.39203,139.436,50.361,0.0,-85,0.277,0.292,1.575
2014/10/01 14:52:15,2,38.42378,-122.39132,141.732,51.296,0.0,-85,0.237,0.000,1.587
2014/10/01 14:52:20,2,38.42291,-122.39061,145.669,52.102,0.0,-85,0.141,0.542,1.714
2014/10/01 14:52:25,2,38.42204,-122.38993,150.262,50.471,0.0,-85,0.232,0.333,0.794
2014/10/01 14:52:30,2,38.42117,-122.38928,154.199,50.203,0.0,-85,0.216,0.292,2.090
2014/10/01 14:52:35,2,38.42027,-122.38861,157.808,52.326,0.0,-85,0.468,0.000,0.999
2014/10/01 14:52:40,2,38.41937,-122.38794,162.073,51.369,0.0,-87,0.667,0.458,1.078
2014/10/01 14:52:45,2,38.41855,-122.38732,164.042,44.430,0.0,-87,0.346,0.417,2.474
2014/10/01 14:52:50,2,38.41775,-122.38673,167.323,47.141,0.0,-87,0.304,0.250,2.189
2014/10/01 14:52:55,2,38.41693,-122.38611,170.932,47.170,0.0,-87,0.000,0.292,3.222
2014/10/01 14:53:00,2,38.41612,-122.38551,175.197,46.446,0.0,-87,0.268,0.000,0.862
2014/10/01 14:53:05,2,38.41532,-122.38490,180.118,47.624,0.0,-87,0.272,0.583,1.022
2014/10/01 14:53:10,2,38.41448,-122.38429,186.024,48.368,0.0,-83,0.459,0.708,0.241
2014/10/01 14:53:15,2,38.41363,-122.38366,190.289,48.695,0.0,-83,0.243,0.542,1.187
2014/10/01 14:53:20,2,38.41278,-122.38301,194.226,48.467,0.0,-83,0.361,0.542,1.785
2014/10/01 14:53:25,2,38.41204,-122.38229,190.289,46.425,0.0,-83,0.232,0.583,0.740
2014/10/01 14:53:30,2,38.41135,-122.38142,185.367,49.751,0.0,-83,0.292,0.708,0.502
2014/10/01 14:53:35,2,38.41077,-122.38037,180.118,50.003,0.0,-83,0.204,0.000,1.150
2014/10/01 14:53:40,2,38.41030,-122.37922,173.885,51.298,0.0,-59,0.111,0.000,3.182
2014/10/01 14:53:45,2,38.40987,-122.37800,167.323,52.793,0.0,-59,0.000,0.000,0.000
2014/10/01 14:53:50,2,38.40943,-122.37675,163.058,53.299,0.0,-59,0.000,0.000,6.610
2014/10/01 14:53:55,2,38.40899,-122.37550,158.465,53.962,0.0,-59,0.000,0.000,0.313
2014/10/01 14:54:00,2,38.40854,-122.37423,154.528,55.028,0.0,-59,0.003,0.000,0.230
2014/10/01 14:54:05,2,38.40805,-122.37296,149.934,54.863,0.0,-59,0.083,0.000,0.000
2014/10/01 14:54:10,2,38.40755,-122.37177,143.701,47.545,0.0,-51,0.000,0.000,0.000
2014/10/01 14:54:15,2,38.40714,-122.37082,137.795,40.150,0.0,-51,0.000,0.000,1.235
2014/10/01 14:54:20,2,38.40672,-122.36990,131.234,42.551,0.0,-51,0.000,0.000,0.000
2014/10/01 14:54:25,2,38.40626,-122.36904,125.984,38.808,0.0,-51,0.000,0.000,0.000
2014/10/01 14:54:30,2,38.40570,-122.36829,120.407,43.635,0.0,-51,0.000,0.000,0.000
2014/10/01 14:54:35,2,38.40500,-122.36751,115.814,46.875,0.0,-51,0.000,0.000,0.635
2014/10/01 14:54:40,2,38.40428,-122.36676,111.877,45.442,0.0,-51,0.003,0.042,0.782
2014/10/01 14:54:45,2,38.40358,-122.36602,109.252,45.644,0.0,-55,0.644,0.083,1.313
2014/10/01 14:54:50,2,38.40285,-122.36518,104.987,51.979,0.0,-55,0.622,0.292,1.710
2014/10/01 14:54:55,2,38.40206,-122.36424,100.066,55.224,0.0,-55,0.346,0.000,4.346
2014/10/01 14:55:00,2,38.40123,-122.36331,95.472,53.584,0.0,-55,0.121,0.083,0.000
2014/10/01 14:55:05,2,38.40044,-122.36241,91.535,52.220,0.0,-55,0.253,0.125,1.261
2014/10/01 14:55:10,2,38.39965,-122.36151,89.239,53.453,0.0,-55,0.539,0.167,0.826
2014/10/01 14:55:15,2,38.39886,-122.36061,95.801,51.809,0.0,-63,0.475,0.125,2.127
2014/10/01 14:55:20,2,38.39807,-122.35971,106.627,52.718,0.0,-63,0.426,0.000,1.938
2014/10/01 14:55:25,2,38.39729,-122.35882,108.596,52.966,0.0,-63,0.730,0.125,1.234
2014/10/01 14:55:30,2,38.39648,-122.35790,100.722,54.966,0.0,-63,0.590,0.125,1.286
2014/10/01 14:55:35,2,38.39563,-122.35694,90.223,57.990,0.0,-63,0.523,0.208,0.922
2014/10/01 14:55:40,2,38.39475,-122.35594,82.677,57.612,0.0,-63,0.321,0.083,2.352
2014/10/01 14:55:45,2,38.39387,-122.35504,80.052,55.770,0.0,-65,0.291,0.042,2.481
2014/10/01 14:55:50,2,38.39288,-122.35430,78.084,58.370,0.0,-65,0.362,0.042,2.078
2014/10/01 14:55:55,2,38.39185,-122.35359,78.084,57.916,0.0,-65,0.317,0.000,1.418
2014/10/01 14:56:00,2,38.39086,-122.35289,77.756,55.131,0.0,-65,0.000,0.083,4.612
2014/10/01 14:56:05,2,38.38969,-122.35207,78.412,56.074,0.0,-65,0.000,1.292,0.239
2014/10/01 14:56:10,2,38.38889,-122.35151,78.740,57.248,0.0,-65,0.000,1.333,0.351
2014/10/01 14:56:15,2,38.38783,-122.35081,81.365,59.933,0.0,-69,0.003,0.000,1.523
2014/10/01 14:56:20,2,38.38655,-122.34998,83.333,59.615,0.0,-69,0.214,0.917,2.846
2014/10/01 14:56:25,2,38.38550,-122.34930,85.302,59.273,0.0,-69,0.260,0.000,0.000
2014/10/01 14:56:30,2,38.38444,-122.34863,87.598,57.752,0.0,-69,0.067,0.000,6.283
2014/10/01 14:56:35,2,38.38342,-122.34799,87.598,57.287,0.0,-69,0.298,0.000,1.491
2014/10/01 14:56:40,2,38.38238,-122.34733,88.255,59.135,0.0,-69,0.346,0.000,1.698
2014/10/01 14:56:45,2,38.38130,-122.34664,90.223,60.347,0.0,-69,0.433,0.000,2.335
2014/10/01 14:56:50,2,38.38018,-122.34592,91.207,63.674,0.0,-61,0.356,0.000,2.102
2014/10/01 14:56:55,2,38.37902,-122.34518,92.192,64.934,0.0,-61,0.256,0.000,2.042
2014/10/01 14:57:00,2,38.37784,-122.34453,95.472,63.235,0.0,-61,0.170,0.000,2.039
2014/10/01 14:57:06,2,38.37668,-122.34391,98.753,61.831,0.0,-61,0.264,0.000,3.299
2014/10/01 14:57:11,2,38.37555,-122.34332,102.690,60.138,0.0,-61,0.246,0.000,1.887
2014/10/01 14:57:16,2,38.37443,-122.34274,106.299,61.686,0.0,-61,0.240,0.000,0.000
2014/10/01 14:57:21,2,38.37328,-122.34215,103.675,60.995,0.0,-63,0.187,0.000,3.690
2014/10/01 14:57:26,2,38.37217,-122.34157,104.331,58.860,0.0,-63,0.221,0.000,3.291
2014/10/01 14:57:31,2,38.37106,-122.34099,104.987,59.626,0.0,-63,0.135,0.000,3.426
2014/10/01 14:57:36,2,38.36994,-122.34040,105.643,63.149,0.0,-63,0.121,0.000,1.445
2014/10/01 14:57:41,2,38.36871,-122.33979,104.987,64.958,0.0,-63,0.000,0.042,2.678
2014/10/01 14:57:46,2,38.36752,-122.33918,105.971,61.462,0.0,-63,0.000,0.000,0.402
2014/10/01 14:57:51,2,38.36643,-122.33859,106.299,58.800,0.0,-73,0.000,1.125,0.267
2014/10/01 14:57:56,2,38.36534,-122.33803,107.612,57.030,0.0,-73,0.003,1.042,1.738
2014/10/01 14:58:01,2,38.36426,-122.33747,105.643,58.718,0.0,-73,0.186,0.333,1.085
2014/10/01 14:58:06,2,38.36317,-122.33691,106.299,58.487,0.0,-73,0.522,0.417,0.719
2014/10/01 14:58:11,2,38.36208,-122.33634,108.268,59.663,0.0,-73,0.923,0.542,0.507
2014/10/01 14:58:16,2,38.36097,-122.33578,112.533,58.759,0.0,-73,0.590,0.875,0.273
2014/10/01 14:58:21,2,38.35987,-122.33521,114.829,60.044,0.0,-69,0.235,0.833,0.846
2014/10/01 14:58:26,2,38.35873,-122.33461,116.470,61.499,0.0,-69,0.119,0.000,1.690
2014/10/01 14:58:31,2,38.35761,-122.33400,119.094,59.981,0.0,-69,0.193,0.250,0.358
2014/10/01 14:58:36,2,38.35654,-122.33344,121.719,56.169,0.0,-69,0.492,1.125,0.347
2014/10/01 14:58:41,2,38.35551,-122.33290,123.031,56.065,0.0,-69,0.278,0.958,0.978
2014/10/01 14:58:46,2,38.35450,-122.33237,125.656,52.290,0.0,-69,0.160,0.208,0.000
2014/10/01 14:58:51,2,38.35356,-122.33186,126.969,50.472,0.0,-69,0.225,0.000,2.655
2014/10/01 14:58:56,2,38.35262,-122.33136,127.953,52.435,0.0,-67,0.137,0.167,2.581
2014/10/01 14:59:01,2,38.35163,-122.33084,128.937,53.051,0.0,-67,0.218,0.208,1.986
2014/10/01 14:59:06,2,38.35066,-122.33033,126.640,52.564,0.0,-67,0.000,0.458,1.937
2014/10/01 14:59:11,2,38.34966,-122.32981,122.703,54.395,0.0,-67,0.298,0.417,1.463
2014/10/01 14:59:16,2,38.34864,-122.32927,119.423,56.186,0.0,-67,0.309,0.583,1.658
2014/10/01 14:59:21,2,38.34758,-122.32872,116.142,56.637,0.0,-67,0.136,0.583,0.730
2014/10/01 14:59:26,2,38.34652,-122.32818,115.486,56.933,0.0,-81,0.212,0.000,0.583
2014/10/01 14:59:31,2,38.34545,-122.32763,112.861,57.457,0.0,-81,0.165,0.042,1.159
2014/10/01 14:59:36,2,38.34438,-122.32707,111.220,58.247,0.0,-81,0.177,0.292,0.317
2014/10/01 14:59:41,2,38.34331,-122.32651,108.924,55.338,0.0,-81,0.338,0.750,0.414
2014/10/01 14:59:46,2,38.34230,-122.32600,104.659,52.789,0.0,-81,0.257,0.875,0.488
2014/10/01 14:59:51,2,38.34135,-122.32550,101.706,50.218,0.0,-81,0.378,1.083,0.533
2014/10/01 14:59:56,2,38.34043,-122.32501,99.081,46.583,0.0,-69,0.415,0.792,0.480
2014/10/01 15:00:01,2,38.33987,-122.32464,97.769,18.833,0.0,-69,0.475,0.833,0.417
2014/10/01 15:00:06,2,38.33973,-122.32452,96.129,0.047,0.0,-69,0.213,0.250,1.490
2014/10/01 15:00:11,2,38.33972,-122.32450,78.412,0.025,0.0,-69,0.814,1.125,0.638
2014/10/01 15:00:16,2,38.33972,-122.32449,65.945,0.084,0.0,-69,0.240,1.292,0.335
2014/10/01 15:00:21,2,38.33972,-122.32449,63.320,0.017,0.0,-69,0.304,1.083,0.610
2014/10/01 15:00:26,2,38.33973,-122.32448,62.664,0.011,0.0,-71,0.621,0.000,0.395
2014/10/01 15:00:31,2,38.33973,-122.32447,61.680,0.052,0.0,-71,0.776,1.333,0.547
2014/10/01 15:00:36,2,38.33973,-122.32446,55.446,0.019,0.0,-71,0.624,0.000,0.523
2014/10/01 15:00:41,2,38.33973,-122.32446,53.806,0.029,0.0,-71,0.434,0.000,1.127
2014/10/01 15:00:46,2,38.33973,-122.32446,55.118,0.055,0.0,-71,0.571,0.000,0.881
2014/10/01 15:00:51,2,38.33973,-122.32446,56.430,0.015,0.0,-71,0.389,0.042,0.366
2014/10/01 15:00:56,2,38.33973,-122.32446,61.024,0.076,0.0,-71,0.461,1.042,0.506
2014/10/01 15:01:01,2,38.33966,-122.32442,64.633,10.770,0.0,-73,0.491,1.083,0.509
2014/10/01 15:01:06,2,38.33932,-122.32419,66.929,26.275,0.0,-73,0.545,0.667,0.977
2014/10/01 15:01:11,2,38.33877,-122.32380,77.428,35.167,0.0,-73,0.725,0.583,0.583
2014/10/01 15:01:16,2,38.33812,-122.32328,79.068,39.656,0.0,-73,0.721,0.667,0.617
2014/10/01 15:01:21,2,38.33746,-122.32275,80.381,37.978,0.0,-73,0.516,0.333,1.427
2014/10/01 15:01:26,2,38.33686,-122.32228,80.381,30.802,0.0,-73,0.644,0.000,1.186
2014/10/01 15:01:31,2,38.33649,-122.32200,84.318,12.137,0.0,-71,0.000,0.250,2.752
2014/10/01 15:01:36,2,38.33642,-122.32193,85.630,4.460,0.0,-71,0.000,0.333,0.396
2014/10/01 15:01:41,2,38.33619,-122.32175,87.927,19.199,0.0,-71,0.000,1.250,0.307
2014/10/01 15:01:46,2,38.33578,-122.32143,88.911,27.459,0.0,-71,0.003,0.958,0.703
2014/10/01 15:01:51,2,38.33527,-122.32104,87.270,30.957,0.0,-71,0.133,0.000,2.150
2014/10/01 15:01:56,2,38.33473,-122.32061,87.270,31.535,0.0,-71,0.376,0.625,1.827
2014/10/01 15:02:01,2,38.33420,-122.32020,87.270,29.953,0.0,-75,0.263,0.208,2.113
2014/10/01 15:02:06,2,38.33375,-122.31983,88.583,23.728,0.0,-75,0.000,0.125,2.533
2014/10/01 15:02:11,2,38.33341,-122.31957,86.942,17.374,0.0,-75,0.000,0.125,0.431
2014/10/01 15:02:16,2,38.33317,-122.31939,88.255,10.565,0.0,-75,0.000,0.708,0.291
2014/10/01 15:02:21,2,38.33309,-122.31933,87.927,0.019,0.0,-75,0.003,1.042,0.251
2014/10/01 15:02:26,2,38.33309,-122.31933,86.286,0.053,0.0,-75,0.333,0.000,0.783
2014/10/01 15:02:31,2,38.33309,-122.31933,83.990,0.019,0.0,-75,0.176,0.000,1.911
2014/10/01 15:02:36,2,38.33309,-122.31933,82.021,0.083,0.0,-75,0.775,0.000,0.643
2014/10/01 15:02:41,2,38.33309,-122.31933,82.349,0.048,0.0,-75,0.725,0.000,0.949
2014/10/01 15:02:46,2,38.33309,-122.31933,84.646,0.012,0.0,-75,0.689,0.000,1.130
2014/10/01 15:02:51,2,38.33309,-122.31933,86.614,0.069,0.0,-75,0.558,0.000,1.128
2014/10/01 15:02:56,2,38.33309,-122.31932,87.270,1.465,0.0,-75,0.551,0.000,1.178
2014/10/01 15:03:01,2,38.33304,-122.31928,87.598,3.400,0.0,-75,0.266,0.000,1.590
2014/10/01 15:03:06,2,38.33302,-122.31925,88.911,2.098,0.0,-71,0.141,0.000,4.259
2014/10/01 15:03:11,2,38.33299,-122.31923,88.911,0.106,0.0,-71,0.279,0.000,2.203
2014/10/01 15:03:16,2,38.33298,-122.31922,89.239,1.964,0.0,-71,0.514,0.000,1.684
2014/10/01 15:03:21,2,38.33289,-122.31913,89.239,10.810,0.0,-71,0.000,0.000,0.000
2014/10/01 15:03:26,2,38.33263,-122.31892,88.255,19.334,0.0,-71,0.128,0.000,5.542
2014/10/01 15:03:31,2,38.33226,-122.31860,88.911,24.073,0.0,-71,0.234,0.000,1.828
2014/10/01 15:03:36,2,38.33186,-122.31825,92.520,25.013,0.0,-63,0.548,0.000,1.478
2014/10/01 15:03:41,2,38.33146,-122.31791,94.816,21.642,0.0,-63,0.147,0.000,1.310
2014/10/01 15:03:46,2,38.33115,-122.31763,96.457,15.249,0.0,-63,0.321,0.000,0.000
2014/10/01 15:03:51,2,38.33102,-122.31752,99.409,0.752,0.0,-63,0.237,0.000,4.221
2014/10/01 15:03:56,2,38.33103,-122.31753,100.394,0.009,0.0,-63,0.129,0.042,3.189
2014/10/01 15:04:01,2,38.33104,-122.31754,99.081,0.060,0.0,-63,0.233,0.000,0.945
2014/10/01 15:04:06,2,38.33104,-122.31754,96.129,0.027,0.0,-73,0.401,0.167,3.206
2014/10/01 15:04:11,2,38.33104,-122.31755,93.832,0.007,0.0,-73,0.209,0.167,1.506
2014/10/01 15:04:16,2,38.33105,-122.31755,94.488,0.065,0.0,-73,0.317,0.250,2.914
2014/10/01 15:04:21,2,38.33105,-122.31755,95.472,0.126,0.0,-73,0.317,0.208,2.797
2014/10/01 15:04:26,2,38.33106,-122.31755,95.801,0.085,0.0,-73,0.237,0.000,2.283
2014/10/01 15:04:31,2,38.33106,-122.31755,96.129,0.035,0.0,-73,0.253,0.208,1.787
2014/10/01 15:04:36,2,38.33106,-122.31755,95.144,0.012,0.0,-73,0.327,0.000,0.000
2014/10/01 15:04:41,2,38.33106,-122.31756,93.504,0.039,0.0,-73,0.260,0.125,3.635
2014/10/01 15:04:46,2,38.33106,-122.31756,91.207,0.096,0.0,-73,0.196,0.000,2.658
2014/10/01 15:04:51,2,38.33105,-122.31756,89.895,0.019,0.0,-73,0.195,0.125,4.420
2014/10/01 15:04:56,2,38.33105,-122.31757,87.598,0.037,0.0,-73,0.228,0.208,0.000
2014/10/01 15:05:01,2,38.33105,-122.31757,86.614,0.091,0.0,-73,0.359,0.250,2.750
2014/10/01 15:05:06,2,38.33096,-122.31747,93.176,13.089,0.0,-73,0.302,0.000,2.470
2014/10/01 15:05:11,2,38.33065,-122.31721,93.832,22.231,0.0,-79,0.214,0.167,3.403
2014/10/01 15:05:16,2,38.33021,-122.31682,94.816,29.952,0.0,-79,0.206,0.000,4.066
2014/10/01 15:05:21,2,38.32964,-122.31635,91.535,35.482,0.0,-79,0.109,0.000,0.000
2014/10/01 15:05:26,2,38.32901,-122.31581,88.255,38.740,0.0,-79,0.000,0.000,5.362
2014/10/01 15:05:31,2,38.32833,-122.31523,87.270,41.573,0.0,-79,0.000,0.125,1.526
2014/10/01 15:05:36,2,38.32763,-122.31461,87.598,43.181,0.0,-79,0.000,0.583,0.349
2014/10/01 15:05:41,2,38.32689,-122.31398,87.927,45.147,0.0,-79,0.000,0.708,0.386
2014/10/01 15:05:46,2,38.32612,-122.31331,87.270,47.748,0.0,-79,0.003,0.583,0.451
2014/10/01 15:05:51,2,38.32529,-122.31262,86.942,49.788,0.0,-79,0.076,0.000,2.341
2014/10/01 15:05:56,2,38.32445,-122.31189,85.958,51.294,0.0,-79,0.079,0.292,0.000
2014/10/01 15:06:01,2,38.32361,-122.31105,75.131,53.759,0.0,-79,0.000,0.000,7.759
2014/10/01 15:06:06,2,38.32279,-122.31010,66.273,55.449,0.0,-79,0.000,0.125,0.245
2014/10/01 15:06:11,2,38.32197,-122.30915,53.806,55.806,0.0,-77,0.000,0.625,0.521
2014/10/01 15:06:16,2,38.32104,-122.30832,41.995,56.834,0.0,-77,0.003,0.958,0.298
2014/10/01 15:06:21,2,38.32001,-122.30777,42.323,55.308,0.0,-77,0.183,0.000,1.858
2014/10/01 15:06:26,2,38.31893,-122.30749,48.885,53.950,0.0,-77,0.000,0.333,0.239
2014/10/01 15:06:31,2,38.31784,-122.30746,55.118,54.084,0.0,-77,0.000,1.000,0.455
2014/10/01 15:06:36,2,38.31674,-122.30744,62.336,54.767,0.0,-77,0.003,1.125,0.407
2014/10/01 15:06:41,2,38.31564,-122.30734,63.320,55.792,0.0,-71,0.307,0.000,1.658
2014/10/01 15:06:46,2,38.31452,-122.30707,65.945,58.585,0.0,-71,0.099,0.000,0.000
2014/10/01 15:06:51,2,38.31339,-122.30679,68.898,56.506,0.0,-71,0.225,0.542,6.331
2014/10/01 15:06:56,2,38.31229,-122.30648,67.913,55.642,0.0,-71,0.112,0.000,5.014
2014/10/01 15:07:01,2,38.31121,-122.30617,68.241,55.056,0.0,-71,0.106,0.000,0.000
2014/10/01 15:07:06,2,38.31013,-122.30584,65.617,55.353,0.0,-71,0.170,0.000,3.054
2014/10/01 15:07:11,2,38.30904,-122.30552,62.992,55.274,0.0,-71,0.093,0.000,4.107
2014/10/01 15:07:16,2,38.30798,-122.30525,60.039,52.641,0.0,-77,0.154,0.000,3.439
2014/10/01 15:07:21,2,38.30699,-122.30505,57.415,44.358,0.0,-77,0.173,0.083,0.000
2014/10/01 15:07:26,2,38.30626,-122.30515,61.680,35.949,0.0,-77,0.000,0.000,4.952
2014/10/01 15:07:31,2,38.30588,-122.30580,58.399,23.605,0.0,-77,0.000,0.000,0.000
2014/10/01 15:07:36,2,38.30599,-122.30619,54.790,16.678,0.0,-77,0.000,0.125,0.457
2014/10/01 15:07:41,2,38.30632,-122.30625,51.181,15.915,0.0,-77,0.000,0.042,0.257
2014/10/01 15:07:46,2,38.30653,-122.30600,55.118,19.031,0.0,-69,0.003,0.792,0.334
2014/10/01 15:07:51,2,38.30664,-122.30539,69.226,27.260,0.0,-69,0.060,0.000,2.570
2014/10/01 15:07:56,2,38.30675,-122.30469,75.787,29.447,0.0,-69,0.135,0.125,4.578
2014/10/01 15:08:01,2,38.30687,-122.30396,65.289,30.011,0.0,-69,0.349,0.167,1.734
2014/10/01 15:08:06,2,38.30699,-122.30319,56.102,30.783,0.0,-69,0.352,0.208,0.000
2014/10/01 15:08:11,2,38.30711,-122.30253,52.165,25.165,0.0,-69,0.087,0.000,5.859
2014/10/01 15:08:16,2,38.30723,-122.30191,49.869,25.534,0.0,-67,0.074,0.042,0.000
2014/10/01 15:08:21,2,38.30736,-122.30128,48.556,25.362,0.0,-67,0.102,0.000,7.295
2014/10/01 15:08:26,2,38.30748,-122.30069,42.979,24.040,0.0,-67,0.048,0.000,0.000
2014/10/01 15:08:31,2,38.30753,-122.30044,35.433,0.051,0.0,-67,0.000,0.000,0.000
2014/10/01 15:08:36,2,38.30753,-122.30040,39.698,4.490,0.0,-67,0.000,0.000,0.443
2014/10/01 15:08:41,2,38.30759,-122.30009,30.184,18.745,0.0,-67,0.003,0.042,0.239
2014/10/01 15:08:46,2,38.30769,-122.29956,24.278,23.231,0.0,-81,0.156,0.000,0.855
2014/10/01 15:08:51,2,38.30780,-122.29891,25.591,26.016,0.0,-81,0.158,0.250,3.478
2014/10/01 15:08:56,2,38.30791,-122.29830,26.247,19.513,0.0,-81,0.154,0.208,4.666
2014/10/01 15:09:01,2,38.30795,-122.29794,43.307,4.063,0.0,-81,0.000,0.000,0.000
2014/10/01 15:09:06,2,38.30795,-122.29791,48.228,0.963,0.0,-81,0.000,0.208,0.510
2014/10/01 15:09:11,2,38.30799,-122.29771,51.837,12.332,0.0,-81,0.000,0.917,1.011
2014/10/01 15:09:16,2,38.30806,-122.29730,49.541,19.316,0.0,-73,0.000,0.667,0.845
2014/10/01 15:09:21,2,38.30815,-122.29686,47.900,14.786,0.0,-73,0.000,0.875,0.618
2014/10/01 15:09:26,2,38.30817,-122.29669,42.979,0.044,0.0,-73,0.000,0.667,0.547
2014/10/01 15:09:31,2,38.30817,-122.29670,41.339,0.063,0.0,-73,0.000,0.667,1.034
2014/10/01 15:09:36,2,38.30817,-122.29671,40.682,0.016,0.0,-73,0.000,0.667,0.742
2014/10/01 15:09:41,2,38.30817,-122.29670,41.339,0.008,0.0,-73,0.003,0.875,0.510
2014/10/01 15:09:46,2,38.30817,-122.29670,40.026,0.012,0.0,-73,0.054,0.167,0.000
2014/10/01 15:09:51,2,38.30817,-122.29670,41.995,0.029,0.0,-69,0.067,0.000,5.130
2014/10/01 15:09:56,2,38.30818,-122.29669,44.948,0.026,0.0,-69,0.068,0.125,5.456
2014/10/01 15:10:01,2,38.30818,-122.29668,45.932,0.040,0.0,-69,0.183,0.083,2.251
2014/10/01 15:10:06,2,38.30818,-122.29667,45.932,0.056,0.0,-69,0.445,0.292,2.238
2014/10/01 15:10:11,2,38.30819,-122.29659,45.604,7.895,0.0,-69,0.000,0.208,1.784
2014/10/01 15:10:16,2,38.30823,-122.29629,46.916,14.479,0.0,-69,0.000,0.583,0.518
2014/10/01 15:10:21,2,38.30829,-122.29593,44.291,15.191,0.0,-79,0.000,0.000,0.400
2014/10/01 15:10:26,2,38.30837,-122.29550,42.979,16.647,0.0,-79,0.003,0.583,0.466
2014/10/01 15:10:31,2,38.30840,-122.29535,39.042,1.293,0.0,-79,0.208,0.792,1.413
2014/10/01 15:10:36,2,38.30840,-122.29533,31.496,4.650,0.0,-79,0.275,0.083,3.466
2014/10/01 15:10:41,2,38.30846,-122.29508,27.231,14.281,0.0,-79,0.100,0.000,0.000
2014/10/01 15:10:46,2,38.30853,-122.29468,23.622,12.541,0.0,-79,0.000,0.000,5.918
2014/10/01 15:10:51,2,38.30856,-122.29458,11.483,6.029,0.0,-73,0.000,0.000,0.000
2014/10/01 15:10:56,2,38.30861,-122.29431,9.514,14.964,0.0,-73,0.000,0.000,7.242
2014/10/01 15:11:01,2,38.30868,-122.29390,10.499,14.739,0.0,-73,0.000,0.000,0.270
2014/10/01 15:11:06,2,38.30872,-122.29370,12.139,3.140,0.0,-73,0.003,0.042,0.521
2014/10/01 15:11:11,2,38.30871,-122.29367,25.591,0.033,0.0,-73,0.136,0.167,1.186
2014/10/01 15:11:16,2,38.30871,-122.29367,27.231,0.032,0.0,-73,0.210,0.208,2.118
2014/10/01 15:11:21,2,38.30870,-122.29367,26.903,0.024,0.0,-75,0.160,0.125,2.378
2014/10/01 15:11:26,2,38.30870,-122.29367,24.278,0.027,0.0,-75,0.167,0.167,0.000
2014/10/01 15:11:31,2,38.30869,-122.29368,20.997,0.012,0.0,-75,0.121,0.000,5.253
2014/10/01 15:11:36,2,38.30869,-122.29368,21.982,0.017,0.0,-75,0.096,0.000,0.000
2014/10/01 15:11:41,2,38.30869,-122.29368,24.278,0.011,0.0,-75,0.000,0.000,5.635
2014/10/01 15:11:46,2,38.30869,-122.29368,26.575,0.035,0.0,-75,0.000,0.000,6.498
2014/10/01 15:11:51,2,38.30870,-122.29368,27.887,0.044,0.0,-75,0.000,0.000,0.559
2014/10/01 15:11:56,2,38.30870,-122.29368,28.871,0.325,0.0,-75,0.000,0.000,0.246
2014/10/01 15:12:01,2,38.30871,-122.29368,30.840,0.057,0.0,-75,0.003,0.042,0.715
2014/10/01 15:12:06,2,38.30871,-122.29368,33.793,0.019,0.0,-75,0.387,0.458,1.050
2014/10/01 15:12:11,2,38.30872,-122.29368,34.121,0.530,0.0,-75,0.763,0.500,0.635
2014/10/01 15:12:16,2,38.30875,-122.29352,29.528,12.104,0.0,-75,0.000,0.000,5.535
2014/10/01 15:12:21,2,38.30882,-122.29307,30.184,21.114,0.0,-75,0.000,0.167,1.197
2014/10/01 15:12:26,2,38.30891,-122.29255,24.934,18.463,0.0,-73,0.000,0.750,0.226
2014/10/01 15:12:31,2,38.30899,-122.29206,17.717,22.454,0.0,-73,0.000,0.750,0.873
2014/10/01 15:12:36,2,38.30910,-122.29148,14.108,24.264,0.0,-73,0.003,0.000,1.134
2014/10/01 15:12:41,2,38.30921,-122.29084,12.795,25.593,0.0,-73,0.057,0.750,1.841
2014/10/01 15:12:46,2,38.30933,-122.29017,9.514,28.236,0.0,-73,0.263,0.250,0.000
2014/10/01 15:12:51,2,38.30947,-122.28946,14.436,28.273,0.0,-73,0.116,0.000,5.155
2014/10/01 15:12:56,2,38.30960,-122.28872,7.546,30.497,0.0,-81,0.080,0.125,0.000
2014/10/01 15:13:01,2,38.30972,-122.28799,7.218,28.175,0.0,-81,0.000,0.000,6.702
2014/10/01 15:13:06,2,38.30985,-122.28729,9.186,28.000,0.0,-81,0.000,0.167,4.178
2014/10/01 15:13:11,2,38.30997,-122.28662,7.218,25.912,0.0,-81,0.000,0.458,0.658
2014/10/01 15:13:16,2,38.31006,-122.28606,9.186,16.872,0.0,-81,0.000,0.833,0.631
2014/10/01 15:13:21,2,38.31010,-122.28588,4.593,0.310,0.0,-81,0.003,0.833,0.663
2014/10/01 15:13:26,2,38.31009,-122.28588,5.249,0.014,0.0,-71,0.612,0.542,0.780
2014/10/01 15:13:31,2,38.31008,-122.28589,3.281,0.049,0.0,-71,0.343,0.000,1.449
2014/10/01 15:13:36,2,38.31008,-122.28589,1.969,0.044,0.0,-71,0.500,0.208,1.733
2014/10/01 15:13:41,2,38.31008,-122.28589,3.609,0.063,0.0,-71,0.170,0.000,2.379
2014/10/01 15:13:46,2,38.31008,-122.28589,7.546,0.111,0.0,-71,0.292,0.208,2.505
2014/10/01 15:13:51,2,38.31008,-122.28589,9.186,0.083,0.0,-71,0.000,0.208,2.078
2014/10/01 15:13:56,2,38.31008,-122.28588,9.186,0.685,0.0,-71,0.000,0.250,2.543
2014/10/01 15:14:01,2,38.31011,-122.28572,11.811,10.018,0.0,-71,0.000,0.000,0.707
2014/10/01 15:14:06,2,38.31016,-122.28535,12.795,17.555,0.0,-71,0.000,0.625,1.142
2014/10/01 15:14:11,2,38.31017,-122.28485,12.795,20.813,0.0,-71,0.003,0.667,0.598
2014/10/01 15:14:16,2,38.31017,-122.28440,12.795,12.710,0.0,-71,0.070,0.500,2.411
2014/10/01 15:14:21,2,38.31017,-122.28397,12.795,18.824,0.0,-71,0.000,0.000,0.000
2014/10/01 15:14:26,2,38.31018,-122.28343,12.139,22.591,0.0,-71,0.000,0.000,0.000
2014/10/01 15:14:31,2,38.31018,-122.28288,11.811,19.362,0.0,-73,0.000,0.000,0.658
2014/10/01 15:14:36,2,38.31017,-122.28234,10.499,23.175,0.0,-73,0.000,0.000,0.229
2014/10/01 15:14:41,2,38.31017,-122.28167,9.843,25.943,0.0,-73,0.010,0.042,0.582
2014/10/01 15:14:46,2,38.31017,-122.28102,10.171,24.982,0.0,-73,0.057,0.125,4.191
2014/10/01 15:14:51,2,38.31017,-122.28035,11.811,27.133,0.0,-73,0.089,0.083,0.000
2014/10/01 15:14:56,2,38.31018,-122.27960,15.748,30.995,0.0,-73,0.094,0.000,5.290
2014/10/01 15:15:01,2,38.31026,-122.27882,21.325,30.593,0.0,-75,0.087,0.042,0.000
2014/10/01 15:15:06,2,38.31038,-122.27807,23.622,29.515,0.0,-75,0.112,0.083,6.530
2014/10/01 15:15:11,2,38.31047,-122.27742,25.919,19.303,0.0,-75,0.333,0.000,2.271
2014/10/01 15:15:16,2,38.31052,-122.27719,29.199,0.154,0.0,-75,0.000,0.292,0.300
2014/10/01 15:15:21,2,38.31052,-122.27719,26.575,0.017,0.0,-75,0.000,0.750,0.846
2014/10/01 15:15:26,2,38.31052,-122.27718,22.310,0.034,0.0,-75,0.000,0.625,1.247
2014/10/01 15:15:31,2,38.31052,-122.27718,21.654,0.271,0.0,-77,0.003,0.542,0.534
2014/10/01 15:15:36,2,38.31054,-122.27711,22.638,7.559,0.0,-77,0.124,0.000,0.837
2014/10/01 15:15:41,2,38.31060,-122.27693,26.247,7.094,0.0,-77,0.035,0.333,0.000
2014/10/01 15:15:46,2,38.31070,-122.27690,26.575,4.134,0.0,-77,0.068,0.000,8.013
2014/10/01 15:15:51,2,38.31078,-122.27685,31.496,5.973,0.0,-77,0.177,0.208,2.176
2014/10/01 15:15:56,2,38.31083,-122.27676,34.121,1.708,0.0,-77,0.199,0.083,1.708
2014/10/01 15:16:01,2,38.31083,-122.27675,37.402,0.342,0.0,-77,0.160,0.208,2.982
2014/10/01 15:16:06,2,38.31082,-122.27675,39.370,0.055,0.0,-69,0.060,0.125,0.000
2014/10/01 15:16:11,2,38.31082,-122.27676,41.667,0.123,0.0,-69,0.250,0.000,4.964
2014/10/01 15:16:16,2,38.31080,-122.27676,42.979,0.006,0.0,-69,0.360,0.208,1.843
2014/10/01 15:16:21,2,38.31080,-122.27677,43.307,0.205,0.0,-69,0.192,0.167,1.918
2014/10/01 15:16:26,2,38.31080,-122.27677,43.307,0.173,0.0,-69,0.144,0.125,4.222
2014/10/01 15:16:31,2,38.31080,-122.27677,42.979,0.059,0.0,-69,0.170,0.083,3.258
