Date-Time,DOP,Latitude,Longitude,Altitude (ft),Speed (mph),Heading (deg),mod1 SS (dBm),mod1 Down (Mbs),mod1 Up (Mbs),mod1 Ping (Sec)
2014/10/01 13:15:44,1,37.79632,-122.26850,-5.906,16.234,0.0,-61,0.167,0.125,2.587
2014/10/01 13:15:49,1,37.79649,-122.26916,20.013,25.559,0.0,-61,0.369,0.083,1.664
2014/10/01 13:15:54,1,37.79669,-122.26970,-7.546,20.161,0.0,-59,0.343,0.083,1.707
2014/10/01 13:15:59,1,37.79687,-122.27024,-8.858,24.420,0.0,-59,0.429,0.125,0.795
2014/10/01 13:16:04,1,37.79709,-122.27087,-6.562,29.574,0.0,-59,0.926,0.375,0.607
2014/10/01 13:16:09,1,37.79737,-122.27164,-5.577,34.390,0.0,-59,0.615,0.000,1.109
2014/10/01 13:16:14,1,37.79766,-122.27242,10.171,33.357,0.0,-59,0.536,0.208,1.284
2014/10/01 13:16:19,1,37.79794,-122.27319,13.451,36.078,0.0,-59,1.016,0.292,0.916
2014/10/01 13:16:24,1,37.79827,-122.27410,13.123,41.851,0.0,-51,0.327,0.000,1.542
2014/10/01 13:16:29,1,37.79867,-122.27514,11.811,48.551,0.0,-51,0.138,0.000,5.002
2014/10/01 13:16:34,1,37.79912,-122.27630,9.843,52.253,0.0,-51,0.359,0.125,1.786
2014/10/01 13:16:39,1,37.79959,-122.27751,9.186,54.492,0.0,-51,0.558,0.167,3.300
2014/10/01 13:16:44,1,37.80009,-122.27876,8.858,55.734,0.0,-51,0.749,0.167,0.357
2014/10/01 13:16:49,1,37.80060,-122.28008,12.467,60.263,0.0,-51,0.610,0.250,1.218
2014/10/01 13:16:54,1,37.80111,-122.28139,4.265,59.048,0.0,-61,0.359,0.000,2.190
2014/10/01 13:16:59,1,37.80165,-122.28273,1.969,60.209,0.0,-61,0.952,0.167,0.365
2014/10/01 13:17:04,1,37.80220,-122.28405,9.514,55.900,0.0,-61,0.948,0.208,0.524
2014/10/01 13:17:09,1,37.80261,-122.28535,13.123,55.240,0.0,-61,1.635,0.542,0.421
2014/10/01 13:17:14,1,37.80288,-122.28667,23.622,52.381,0.0,-61,1.936,0.500,0.440
2014/10/01 13:17:19,1,37.80302,-122.28798,29.528,51.674,0.0,-61,1.901,0.375,0.241
2014/10/01 13:17:24,1,37.80304,-122.28928,31.168,50.101,0.0,-51,2.087,0.375,0.286
2014/10/01 13:17:29,1,37.80296,-122.29052,29.856,46.931,0.0,-51,1.599,0.333,0.274
2014/10/01 13:17:34,1,37.80278,-122.29166,21.654,46.102,0.0,-51,1.474,0.333,0.367
2014/10/01 13:17:39,1,37.80259,-122.29286,12.467,49.300,0.0,-51,1.671,0.000,0.261
2014/10/01 13:17:44,1,37.80239,-122.29409,2.625,49.597,0.0,-51,1.272,0.292,0.482
2014/10/01 13:17:49,1,37.80221,-122.29530,-6.234,49.427,0.0,-51,0.975,0.208,0.463
2014/10/01 13:17:54,1,37.80215,-122.29661,-17.388,53.487,0.0,-51,0.833,0.167,0.576
2014/10/01 13:17:59,1,37.80227,-122.29797,-24.606,53.921,0.0,-69,0.289,0.083,2.488
2014/10/01 13:18:04,1,37.80257,-122.29929,-26.247,54.764,0.0,-69,0.555,0.250,2.418
2014/10/01 13:18:09,1,37.80302,-122.30050,-24.278,52.222,0.0,-69,1.532,0.000,0.309
2014/10/01 13:18:14,1,37.80361,-122.30157,-20.013,51.002,0.0,-69,1.288,0.250,0.443
2014/10/01 13:18:19,1,37.80423,-122.30239,-16.404,42.030,0.0,-69,1.754,0.333,0.399
2014/10/01 13:18:24,1,37.80494,-122.30309,-12.795,48.176,0.0,-69,1.837,0.375,0.277
2014/10/01 13:18:29,2,37.80580,-122.30373,-6.562,49.849,0.0,-53,1.570,0.333,0.378
2014/10/01 13:18:34,2,37.80674,-122.30418,-6.562,51.285,0.0,-53,1.847,0.375,0.263
2014/10/01 13:18:39,2,37.80779,-122.30448,-5.906,54.092,0.0,-53,0.862,0.333,0.559
2014/10/01 13:18:44,2,37.80884,-122.30452,-1.969,51.337,0.0,-53,1.448,0.292,0.567
2014/10/01 13:18:49,2,37.80986,-122.30438,0.656,52.012,0.0,-53,1.827,0.000,0.342
2014/10/01 13:18:54,2,37.81089,-122.30401,1.969,53.588,0.0,-53,1.138,0.375,0.405
2014/10/01 13:18:59,2,37.81187,-122.30342,1.312,54.910,0.0,-51,1.952,0.417,0.390
2014/10/01 13:19:04,2,37.81277,-122.30261,-1.312,54.923,0.0,-51,1.940,0.458,0.434
2014/10/01 13:19:09,2,37.81355,-122.30162,1.312,55.864,0.0,-51,1.878,0.250,0.279
2014/10/01 13:19:14,2,37.81427,-122.30054,9.186,55.181,0.0,-51,1.968,0.000,0.803
2014/10/01 13:19:19,2,37.81498,-122.29947,22.310,55.642,0.0,-51,0.983,0.000,0.506
2014/10/01 13:19:24,2,37.81565,-122.29837,37.073,54.672,0.0,-51,0.337,0.000,1.981
2014/10/01 13:19:29,2,37.81638,-122.29734,42.979,55.070,0.0,-63,0.833,0.000,0.241
2014/10/01 13:19:34,2,37.81719,-122.29636,45.604,56.776,0.0,-63,1.093,0.042,1.319
2014/10/01 13:19:39,2,37.81805,-122.29547,47.572,54.525,0.0,-63,0.824,0.208,1.711
2014/10/01 13:19:44,2,37.81895,-122.29470,56.430,53.054,0.0,-63,0.628,0.083,1.142
2014/10/01 13:19:49,2,37.81984,-122.29397,62.992,53.582,0.0,-63,1.163,0.125,0.350
2014/10/01 13:19:54,2,37.82076,-122.29323,64.633,54.824,0.0,-63,1.337,0.333,0.646
2014/10/01 13:19:59,2,37.82171,-122.29249,65.945,56.174,0.0,-63,0.789,0.208,0.540
2014/10/01 13:20:04,2,37.82273,-122.29183,69.226,57.304,0.0,-61,0.660,0.167,1.447
2014/10/01 13:20:09,2,37.82381,-122.29126,75.459,57.962,0.0,-61,0.930,0.000,0.587
2014/10/01 13:20:14,2,37.82497,-122.29077,84.974,60.394,0.0,-61,0.000,0.208,1.642
2014/10/01 13:20:19,2,37.82611,-122.29073,89.895,56.079,0.0,-61,0.551,0.208,1.850
2014/10/01 13:20:24,2,37.82717,-122.29119,93.176,54.230,0.0,-61,0.426,0.333,0.885
2014/10/01 13:20:29,2,37.82802,-122.29202,90.551,55.213,0.0,-61,0.292,0.167,2.966
2014/10/01 13:20:34,2,37.82895,-122.29287,83.005,58.391,0.0,-55,0.378,0.292,0.979
2014/10/01 13:20:39,2,37.83008,-122.29329,70.866,58.831,0.0,-55,0.680,0.458,2.002
2014/10/01 13:20:44,2,37.83125,-122.29348,54.790,58.629,0.0,-55,0.480,0.000,1.323
2014/10/01 13:20:49,2,37.83241,-122.29373,36.417,58.002,0.0,-55,0.437,0.167,2.161
2014/10/01 13:20:54,2,37.83350,-122.29429,15.420,59.697,0.0,-55,0.384,0.208,3.900
2014/10/01 13:20:59,2,37.83461,-122.29494,7.874,61.224,0.0,-55,0.234,0.000,2.217
2014/10/01 13:21:04,2,37.83574,-122.29555,9.843,60.937,0.0,-57,0.192,0.167,2.898
2014/10/01 13:21:09,2,37.83687,-122.29612,15.420,59.461,0.0,-57,0.398,0.167,1.631
2014/10/01 13:21:14,2,37.83801,-122.29652,21.982,59.041,0.0,-57,0.602,0.000,2.484
2014/10/01 13:21:19,2,37.83919,-122.29674,15.420,58.445,0.0,-57,0.250,0.167,0.503
2014/10/01 13:21:24,2,37.84034,-122.29693,9.186,56.854,0.0,-57,0.917,0.250,0.722
2014/10/01 13:21:29,2,37.84146,-122.29716,8.530,57.017,0.0,-57,0.856,0.208,0.888
2014/10/01 13:21:34,2,37.84262,-122.29741,10.499,58.801,0.0,-65,0.493,0.000,0.810
2014/10/01 13:21:39,2,37.84379,-122.29768,10.827,59.152,0.0,-65,0.744,0.167,0.915
2014/10/01 13:21:44,2,37.84498,-122.29794,11.811,60.619,0.0,-65,0.555,0.167,1.475
2014/10/01 13:21:49,2,37.84619,-122.29819,13.780,61.049,0.0,-65,0.401,0.083,2.783
2014/10/01 13:21:54,2,37.84740,-122.29848,12.139,61.700,0.0,-65,0.455,0.083,1.602
2014/10/01 13:21:59,1,37.84866,-122.29877,7.218,63.836,0.0,-65,0.456,0.167,1.130
2014/10/01 13:22:04,1,37.84996,-122.29903,3.281,64.892,0.0,-65,0.737,0.333,1.107
2014/10/01 13:22:09,1,37.85124,-122.29934,5.577,63.609,0.0,-73,0.596,0.000,2.067
2014/10/01 13:22:14,1,37.85241,-122.29965,5.249,56.485,0.0,-73,0.368,0.208,1.897
2014/10/01 13:22:19,1,37.85346,-122.29994,6.234,53.540,0.0,-73,0.330,0.292,1.594
2014/10/01 13:22:24,1,37.85453,-122.30025,7.874,55.078,0.0,-73,0.266,0.000,0.000
2014/10/01 13:22:29,1,37.85563,-122.30055,7.546,57.059,0.0,-73,0.042,0.000,0.000
2014/10/01 13:22:34,1,37.85676,-122.30088,7.874,58.462,0.0,-73,0.000,0.000,8.830
2014/10/01 13:22:39,1,37.85791,-122.30120,8.858,59.204,0.0,-71,0.000,0.000,0.275
2014/10/01 13:22:44,1,37.85908,-122.30152,11.155,60.044,0.0,-71,0.003,0.042,0.239
2014/10/01 13:22:49,1,37.86028,-122.30186,12.467,61.458,0.0,-71,0.086,0.000,1.015
2014/10/01 13:22:54,1,37.86149,-122.30220,13.123,60.828,0.0,-71,0.510,0.208,2.883
2014/10/01 13:22:59,1,37.86267,-122.30254,13.123,59.631,0.0,-71,0.000,0.167,1.543
2014/10/01 13:23:04,1,37.86385,-122.30286,13.780,59.774,0.0,-71,0.301,0.125,0.394
2014/10/01 13:23:09,1,37.86503,-122.30319,13.780,60.043,0.0,-61,1.103,0.208,0.407
2014/10/01 13:23:14,1,37.86619,-122.30353,14.108,59.105,0.0,-61,0.769,0.125,1.162
2014/10/01 13:23:19,1,37.86736,-122.30388,13.123,60.018,0.0,-61,0.807,0.000,0.851
2014/10/01 13:23:24,1,37.86853,-122.30424,12.795,60.482,0.0,-61,1.564,0.375,0.310
2014/10/01 13:23:29,2,37.86972,-122.30460,12.467,60.816,0.0,-61,0.752,0.125,1.267
2014/10/01 13:23:34,2,37.87089,-122.30497,11.483,59.866,0.0,-61,1.379,0.208,0.534
2014/10/01 13:23:39,2,37.87206,-122.30533,10.171,59.392,0.0,-51,1.179,0.208,0.290
2014/10/01 13:23:44,2,37.87320,-122.30569,8.202,58.781,0.0,-51,1.535,0.458,0.309
2014/10/01 13:23:49,2,37.87436,-122.30605,8.202,59.361,0.0,-51,1.706,0.583,0.381
2014/10/01 13:23:54,2,37.87553,-122.30641,8.202,61.919,0.0,-51,1.811,0.583,0.606
2014/10/01 13:23:59,2,37.87677,-122.30680,19.029,62.833,0.0,-51,1.859,0.792,0.493
2014/10/01 13:24:04,2,37.87802,-122.30718,27.559,64.113,0.0,-51,1.856,0.000,0.539
2014/10/01 13:24:09,2,37.87928,-122.30748,23.622,63.095,0.0,-51,1.747,0.500,1.511
2014/10/01 13:24:14,2,37.88052,-122.30775,12.467,61.307,0.0,-63,0.583,0.167,0.627
2014/10/01 13:24:19,2,37.88173,-122.30802,13.123,62.887,0.0,-63,0.715,0.292,0.475
2014/10/01 13:24:24,2,37.88299,-122.30831,10.171,64.078,0.0,-63,0.856,0.292,1.055
2014/10/01 13:24:30,2,37.88422,-122.30858,9.843,60.904,0.0,-63,0.625,0.167,0.815
2014/10/01 13:24:35,2,37.88543,-122.30882,17.717,59.971,0.0,-63,0.635,0.000,0.492
2014/10/01 13:24:40,2,37.88660,-122.30900,35.761,57.673,0.0,-63,1.173,0.167,0.423
2014/10/01 13:24:45,2,37.88777,-122.30896,47.572,58.774,0.0,-59,0.846,0.250,0.359
2014/10/01 13:24:50,2,37.88891,-122.30866,54.462,56.274,0.0,-59,0.990,0.125,1.059
2014/10/01 13:24:55,2,37.88997,-122.30816,57.743,56.934,0.0,-59,1.113,0.000,0.450
2014/10/01 13:25:00,2,37.89102,-122.30765,56.430,54.364,0.0,-59,0.881,0.333,0.593
2014/10/01 13:25:05,2,37.89207,-122.30737,55.446,53.622,0.0,-59,1.221,0.417,0.620
2014/10/01 13:25:10,2,37.89316,-122.30739,53.478,55.319,0.0,-59,1.067,0.292,0.981
2014/10/01 13:25:15,2,37.89426,-122.30769,46.916,56.496,0.0,-53,1.359,0.208,0.670
2014/10/01 13:25:20,2,37.89535,-122.30813,35.105,56.992,0.0,-53,1.218,0.333,0.354
2014/10/01 13:25:25,2,37.89647,-122.30860,22.966,61.630,0.0,-53,1.240,0.292,0.534
2014/10/01 13:25:30,2,37.89768,-122.30909,10.171,63.878,0.0,-53,1.398,0.000,0.254
2014/10/01 13:25:35,2,37.89893,-122.30960,10.827,65.748,0.0,-53,1.372,0.375,0.407
2014/10/01 13:25:40,2,37.90015,-122.31020,22.310,63.768,0.0,-53,1.077,0.250,0.605
2014/10/01 13:25:45,2,37.90126,-122.31095,32.480,62.419,0.0,-61,1.506,0.500,0.407
2014/10/01 13:25:50,2,37.90236,-122.31170,34.777,61.613,0.0,-61,0.920,0.292,0.391
2014/10/01 13:25:55,2,37.90344,-122.31246,33.136,61.670,0.0,-61,1.474,0.333,0.248
2014/10/01 13:26:00,2,37.90452,-122.31321,32.152,61.066,0.0,-61,1.663,0.000,0.830
2014/10/01 13:26:05,2,37.90562,-122.31396,21.654,63.696,0.0,-61,0.644,0.333,2.414
2014/10/01 13:26:10,2,37.90679,-122.31477,9.186,69.142,0.0,-61,0.225,0.000,2.804
2014/10/01 13:26:15,2,37.90803,-122.31562,9.843,69.260,0.0,-77,0.176,0.000,1.501
2014/10/01 13:26:20,2,37.90923,-122.31644,23.294,68.370,0.0,-77,0.000,0.083,0.722
2014/10/01 13:26:25,2,37.91052,-122.31710,32.152,69.645,0.0,-77,0.000,0.000,0.254
2014/10/01 13:26:30,2,37.91190,-122.31737,35.761,69.214,0.0,-77,0.003,0.000,0.271
2014/10/01 13:26:35,2,37.91328,-122.31737,37.402,67.746,0.0,-77,0.355,0.000,0.524
2014/10/01 13:26:40,2,37.91464,-122.31738,40.682,67.368,0.0,-77,0.000,0.000,0.000
2014/10/01 13:26:45,2,37.91601,-122.31738,46.588,67.898,0.0,-77,0.000,0.042,0.000
2014/10/01 13:26:50,2,37.91737,-122.31738,49.541,67.814,0.0,-71,0.000,0.875,0.327
2014/10/01 13:26:55,2,37.91873,-122.31739,55.446,67.380,0.0,-71,0.003,0.917,0.477
2014/10/01 13:27:00,2,37.92008,-122.31754,64.304,66.669,0.0,-71,0.781,0.667,0.370
2014/10/01 13:27:05,2,37.92135,-122.31801,63.976,65.985,0.0,-71,0.767,0.667,0.230
2014/10/01 13:27:10,2,37.92256,-122.31875,53.478,67.828,0.0,-71,0.595,0.000,0.303
2014/10/01 13:27:15,2,37.92377,-122.31955,58.399,67.635,0.0,-71,0.756,1.167,0.251
2014/10/01 13:27:20,2,37.92497,-122.32035,69.226,67.558,0.0,-51,0.898,0.958,0.301
2014/10/01 13:27:25,2,37.92618,-122.32119,70.538,69.593,0.0,-51,0.684,1.208,0.411
2014/10/01 13:27:30,2,37.92740,-122.32206,64.304,69.668,0.0,-51,0.586,1.208,0.482
2014/10/01 13:27:35,2,37.92860,-122.32296,65.289,69.840,0.0,-51,0.245,0.333,2.151
2014/10/01 13:27:40,2,37.92981,-122.32386,78.412,69.165,0.0,-51,0.353,0.542,0.759
2014/10/01 13:27:45,2,37.93099,-122.32475,89.567,67.138,0.0,-51,0.292,0.000,0.702
2014/10/01 13:27:50,2,37.93215,-122.32557,90.223,66.006,0.0,-57,0.281,0.917,0.287
2014/10/01 13:27:55,2,37.93330,-122.32636,84.974,63.688,0.0,-57,0.184,0.417,0.950
2014/10/01 13:28:00,2,37.93453,-122.32680,84.974,65.174,0.0,-57,0.140,0.208,0.598
2014/10/01 13:28:05,2,37.93612,-122.32664,91.864,67.262,0.0,-57,0.310,0.000,0.294
2014/10/01 13:28:10,2,37.93735,-122.32606,95.472,64.788,0.0,-57,0.101,0.000,2.095
2014/10/01 13:28:15,2,37.93857,-122.32543,92.192,64.762,0.0,-57,0.000,0.000,1.779
2014/10/01 13:28:20,2,37.93976,-122.32483,88.255,63.149,0.0,-79,0.000,0.000,2.414
2014/10/01 13:28:25,2,37.94094,-122.32422,84.318,63.991,0.0,-79,0.000,0.042,0.251
2014/10/01 13:28:30,2,37.94216,-122.32377,79.068,61.637,0.0,-79,0.003,0.750,0.471
2014/10/01 13:28:35,2,37.94338,-122.32372,76.772,61.416,0.0,-79,0.000,0.000,1.121
2014/10/01 13:28:40,2,37.94458,-122.32403,78.740,59.631,0.0,-79,0.246,0.833,1.163
2014/10/01 13:28:45,2,37.94568,-122.32456,85.958,59.702,0.0,-79,0.410,0.000,2.267
2014/10/01 13:28:50,2,37.94680,-122.32511,94.816,60.380,0.0,-79,0.314,0.083,3.082
2014/10/01 13:28:55,2,37.94793,-122.32565,102.362,59.961,0.0,-81,0.333,0.125,1.051
2014/10/01 13:29:00,2,37.94905,-122.32619,109.580,59.804,0.0,-81,0.561,0.250,0.436
2014/10/01 13:29:05,2,37.95018,-122.32674,116.470,60.385,0.0,-81,1.052,0.333,0.385
2014/10/01 13:29:10,2,37.95133,-122.32729,123.688,61.490,0.0,-81,1.282,0.000,0.455
2014/10/01 13:29:15,2,37.95248,-122.32784,126.969,59.138,0.0,-81,0.707,0.250,0.379
2014/10/01 13:29:20,2,37.95363,-122.32846,124.344,62.953,0.0,-81,0.517,0.667,0.446
2014/10/01 13:29:25,2,37.95480,-122.32914,123.031,63.758,0.0,-73,0.266,0.833,0.828
2014/10/01 13:29:30,2,37.95595,-122.32982,124.016,62.334,0.0,-73,0.255,0.708,0.940
2014/10/01 13:29:35,2,37.95713,-122.33040,126.969,63.109,0.0,-73,0.276,0.417,0.770
2014/10/01 13:29:40,2,37.95841,-122.33065,127.953,63.086,0.0,-73,0.350,1.000,0.551
2014/10/01 13:29:45,2,37.95963,-122.33055,126.312,59.142,0.0,-73,0.529,0.583,1.207
2014/10/01 13:29:50,2,37.96078,-122.33015,112.205,60.089,0.0,-73,0.332,0.625,1.087
2014/10/01 13:29:55,2,37.96188,-122.32942,97.769,62.228,0.0,-113,0.301,0.000,4.487
2014/10/01 13:30:00,2,37.96282,-122.32839,81.693,62.722,0.0,-113,0.190,0.208,1.047
2014/10/01 13:30:05,2,37.96357,-122.32715,77.428,61.169,0.0,-113,0.278,0.583,0.264
2014/10/01 13:30:10,2,37.96425,-122.32587,81.365,60.066,0.0,-113,0.512,1.083,0.407
2014/10/01 13:30:15,2,37.96492,-122.32460,92.848,60.015,0.0,-113,0.745,0.000,0.227
2014/10/01 13:30:20,2,37.96559,-122.32336,108.596,58.161,0.0,-113,1.254,0.000,0.739
2014/10/01 13:30:25,2,37.96640,-122.32230,120.735,56.985,0.0,-51,1.043,0.042,0.358
2014/10/01 13:30:30,2,37.96733,-122.32153,131.890,54.838,0.0,-51,0.760,1.250,0.351
2014/10/01 13:30:35,2,37.96834,-122.32104,143.373,53.364,0.0,-51,0.756,0.917,0.327
2014/10/01 13:30:40,2,37.96938,-122.32069,156.168,53.884,0.0,-51,0.583,1.042,0.515
2014/10/01 13:30:45,2,37.97044,-122.32033,170.604,54.579,0.0,-51,0.541,0.917,0.266
2014/10/01 13:30:50,2,37.97152,-122.31997,184.383,55.878,0.0,-51,0.451,0.542,0.927
2014/10/01 13:30:55,2,37.97261,-122.31960,197.835,56.661,0.0,-51,0.337,0.375,1.115
2014/10/01 13:31:00,2,37.97372,-122.31923,213.255,56.894,0.0,-73,0.316,0.292,1.387
2014/10/01 13:31:05,2,37.97482,-122.31886,228.018,55.787,0.0,-73,0.278,0.292,0.000
2014/10/01 13:31:10,2,37.97589,-122.31850,242.126,56.001,0.0,-73,0.096,0.083,4.131
2014/10/01 13:31:15,2,37.97698,-122.31813,255.249,56.470,0.0,-73,0.098,0.000,5.363
2014/10/01 13:31:20,2,37.97809,-122.31777,264.764,56.439,0.0,-73,0.205,0.375,0.000
2014/10/01 13:31:25,2,37.97920,-122.31739,264.764,58.929,0.0,-73,0.163,0.375,3.874
2014/10/01 13:31:30,2,37.98038,-122.31700,258.858,61.119,0.0,-75,0.820,0.625,0.715
2014/10/01 13:31:35,2,37.98157,-122.31660,257.546,61.476,0.0,-75,0.526,0.500,1.359
2014/10/01 13:31:40,2,37.98277,-122.31619,254.921,62.663,0.0,-75,0.596,0.542,0.437
2014/10/01 13:31:45,2,37.98400,-122.31578,252.297,64.051,0.0,-75,0.920,1.250,0.347
2014/10/01 13:31:50,2,37.98524,-122.31529,251.640,64.872,0.0,-75,1.052,0.000,0.855
2014/10/01 13:31:55,2,37.98642,-122.31462,248.688,63.981,0.0,-75,0.379,0.750,2.111
2014/10/01 13:32:00,2,37.98754,-122.31385,244.423,63.058,0.0,-73,0.260,0.000,2.198
2014/10/01 13:32:05,2,37.98858,-122.31296,237.205,62.900,0.0,-73,0.428,0.000,2.067
2014/10/01 13:32:10,2,37.98954,-122.31191,226.706,63.620,0.0,-73,0.398,0.000,1.578
2014/10/01 13:32:15,2,37.99040,-122.31072,216.864,64.057,0.0,-73,1.240,0.042,0.263
2014/10/01 13:32:20,2,37.99119,-122.30943,210.302,64.870,0.0,-73,1.375,0.917,0.383
2014/10/01 13:32:25,2,37.99184,-122.30808,203.412,59.115,0.0,-73,1.131,0.792,0.582
2014/10/01 13:32:30,2,37.99235,-122.30675,194.882,58.401,0.0,-65,0.987,0.000,0.778
2014/10/01 13:32:35,2,37.99275,-122.30538,188.648,56.769,0.0,-65,0.711,0.708,0.335
2014/10/01 13:32:40,2,37.99304,-122.30395,183.727,58.173,0.0,-65,1.129,0.458,0.396
2014/10/01 13:32:45,2,37.99326,-122.30247,180.118,59.656,0.0,-65,1.327,0.708,0.338
2014/10/01 13:32:50,2,37.99349,-122.30099,175.197,59.820,0.0,-65,0.791,0.542,0.471
2014/10/01 13:32:55,2,37.99369,-122.29948,168.963,60.245,0.0,-65,0.366,1.000,0.421
2014/10/01 13:33:00,2,37.99390,-122.29796,158.465,61.789,0.0,-65,0.677,0.917,0.335
2014/10/01 13:33:05,2,37.99412,-122.29641,145.669,62.148,0.0,-59,0.492,1.292,0.414
2014/10/01 13:33:10,2,37.99433,-122.29485,130.577,62.746,0.0,-59,0.769,1.125,0.358
2014/10/01 13:33:15,2,37.99454,-122.29330,116.798,60.918,0.0,-59,0.533,0.542,0.419
2014/10/01 13:33:20,2,37.99476,-122.29178,104.987,60.601,0.0,-59,0.412,0.958,0.251
2014/10/01 13:33:25,2,37.99505,-122.29030,91.864,60.797,0.0,-59,0.979,0.000,0.267
2014/10/01 13:33:30,2,37.99552,-122.28886,77.756,62.268,0.0,-59,1.144,0.000,0.275
2014/10/01 13:33:35,2,37.99618,-122.28748,68.241,63.693,0.0,-75,0.834,0.042,0.397
2014/10/01 13:33:40,2,37.99699,-122.28626,72.507,61.260,0.0,-75,0.000,0.500,1.138
2014/10/01 13:33:45,2,37.99789,-122.28525,84.974,59.893,0.0,-75,0.284,1.125,0.279
2014/10/01 13:33:50,2,37.99886,-122.28434,95.144,60.906,0.0,-75,0.587,1.417,0.333
2014/10/01 13:33:55,2,37.99983,-122.28344,105.643,58.189,0.0,-75,0.503,1.333,0.622
2014/10/01 13:34:00,2,38.00077,-122.28257,116.470,58.320,0.0,-75,0.468,0.750,1.111
2014/10/01 13:34:05,2,38.00173,-122.28168,127.297,58.712,0.0,-73,0.506,0.542,1.598
2014/10/01 13:34:10,2,38.00269,-122.28078,132.218,59.976,0.0,-73,0.362,0.000,2.334
2014/10/01 13:34:15,2,38.00368,-122.27986,128.609,62.223,0.0,-73,0.202,0.250,0.763
2014/10/01 13:34:20,2,38.00470,-122.27892,121.719,64.766,0.0,-73,0.760,0.500,0.443
2014/10/01 13:34:25,2,38.00577,-122.27793,111.877,66.389,0.0,-73,0.923,0.500,0.323
2014/10/01 13:34:30,2,38.00684,-122.27693,101.378,65.661,0.0,-73,0.956,0.625,0.535
2014/10/01 13:34:35,2,38.00788,-122.27597,90.879,64.116,0.0,-65,1.259,1.167,0.925
2014/10/01 13:34:40,2,38.00893,-122.27500,83.990,65.030,0.0,-65,0.843,0.833,0.315
2014/10/01 13:34:45,2,38.00997,-122.27402,88.583,64.654,0.0,-65,1.214,0.000,0.546
2014/10/01 13:34:50,2,38.01102,-122.27303,93.832,65.070,0.0,-65,1.317,0.000,0.698
2014/10/01 13:34:55,2,38.01207,-122.27206,92.520,64.714,0.0,-65,1.160,0.000,0.447
2014/10/01 13:35:00,2,38.01314,-122.27107,84.646,67.768,0.0,-65,0.952,0.042,0.311
2014/10/01 13:35:05,2,38.01424,-122.27005,84.318,68.489,0.0,-65,0.709,0.792,0.339
2014/10/01 13:35:10,2,38.01534,-122.26904,93.504,66.843,0.0,-53,1.054,1.042,0.466
2014/10/01 13:35:15,2,38.01642,-122.26801,102.690,67.326,0.0,-53,1.153,1.083,0.344
2014/10/01 13:35:20,2,38.01750,-122.26699,110.236,66.957,0.0,-53,0.879,0.333,2.098
2014/10/01 13:35:25,2,38.01858,-122.26598,111.549,66.802,0.0,-53,0.266,0.208,2.138
2014/10/01 13:35:30,2,38.01967,-122.26498,102.690,68.339,0.0,-53,0.260,0.125,3.082
2014/10/01 13:35:35,2,38.02078,-122.26396,89.567,68.646,0.0,-53,0.324,0.292,0.751
2014/10/01 13:35:40,2,38.02190,-122.26293,75.459,69.642,0.0,-77,0.533,0.000,0.599
2014/10/01 13:35:45,2,38.02303,-122.26187,72.835,71.174,0.0,-77,0.740,0.500,0.539
2014/10/01 13:35:50,2,38.02417,-122.26080,82.677,68.289,0.0,-77,0.853,0.417,1.062
2014/10/01 13:35:55,2,38.02529,-122.25977,95.472,69.818,0.0,-77,0.651,0.417,0.458
2014/10/01 13:36:00,2,38.02643,-122.25871,108.924,70.215,0.0,-77,0.300,0.583,0.438
2014/10/01 13:36:05,2,38.02758,-122.25765,123.360,69.996,0.0,-77,0.229,1.083,0.369
2014/10/01 13:36:10,2,38.02869,-122.25661,137.467,68.710,0.0,-59,0.292,1.292,0.707
2014/10/01 13:36:15,2,38.02980,-122.25558,151.575,67.695,0.0,-59,0.273,0.917,0.475
2014/10/01 13:36:20,2,38.03092,-122.25459,163.714,66.851,0.0,-59,0.456,0.000,0.362
2014/10/01 13:36:25,2,38.03198,-122.25358,176.837,65.748,0.0,-59,0.526,0.000,0.287
2014/10/01 13:36:30,2,38.03303,-122.25259,188.320,65.959,0.0,-59,0.947,0.000,0.634
2014/10/01 13:36:35,2,38.03411,-122.25158,196.194,68.078,0.0,-59,0.976,0.042,0.514
2014/10/01 13:36:40,2,38.03516,-122.25059,203.084,63.017,0.0,-69,0.693,1.208,0.397
2014/10/01 13:36:45,2,38.03617,-122.24965,205.709,63.845,0.0,-69,0.667,0.958,0.416
2014/10/01 13:36:50,2,38.03720,-122.24869,208.333,64.693,0.0,-69,1.086,1.083,0.299
2014/10/01 13:36:55,2,38.03825,-122.24768,212.270,63.876,0.0,-69,0.232,1.042,0.426
2014/10/01 13:37:00,2,38.03918,-122.24651,214.239,65.908,0.0,-69,0.518,0.875,0.558
2014/10/01 13:37:05,2,38.04007,-122.24525,217.520,66.317,0.0,-69,0.751,0.750,0.408
2014/10/01 13:37:10,2,38.04094,-122.24401,223.097,65.506,0.0,-69,0.669,0.500,0.490
2014/10/01 13:37:15,2,38.04184,-122.24273,229.659,68.531,0.0,-65,0.843,0.500,0.367
2014/10/01 13:37:20,2,38.04277,-122.24141,233.268,69.941,0.0,-65,0.673,1.042,0.607
2014/10/01 13:37:25,2,38.04370,-122.24009,234.252,69.256,0.0,-65,0.723,1.000,0.535
2014/10/01 13:37:30,2,38.04463,-122.23877,239.501,69.366,0.0,-65,0.910,1.042,0.522
2014/10/01 13:37:35,2,38.04558,-122.23747,253.281,68.770,0.0,-65,1.189,0.000,0.438
2014/10/01 13:37:40,2,38.04651,-122.23613,249.016,69.479,0.0,-65,1.538,0.000,0.258
2014/10/01 13:37:45,2,38.04742,-122.23483,246.063,67.392,0.0,-61,1.260,0.042,0.241
2014/10/01 13:37:50,2,38.04830,-122.23357,245.407,64.322,0.0,-61,0.715,0.917,0.926
2014/10/01 13:37:55,2,38.04917,-122.23235,233.596,65.262,0.0,-61,0.529,1.000,0.558
2014/10/01 13:38:00,2,38.05003,-122.23111,216.864,63.650,0.0,-61,0.641,1.250,0.456
2014/10/01 13:38:05,2,38.05087,-122.22991,202.100,62.991,0.0,-61,0.819,0.833,0.738
2014/10/01 13:38:10,2,38.05171,-122.22872,187.664,63.044,0.0,-61,0.392,0.625,0.743
2014/10/01 13:38:15,2,38.05256,-122.22753,165.354,63.088,0.0,-57,0.477,0.750,0.446
2014/10/01 13:38:20,2,38.05340,-122.22633,150.262,62.456,0.0,-57,0.500,1.333,0.362
2014/10/01 13:38:25,2,38.05433,-122.22531,138.123,60.358,0.0,-57,0.514,1.167,0.385
2014/10/01 13:38:30,2,38.05550,-122.22481,136.811,61.466,0.0,-57,0.868,1.208,0.295
2014/10/01 13:38:35,2,38.05672,-122.22483,137.795,59.738,0.0,-57,0.824,0.792,0.710
2014/10/01 13:38:40,2,38.05791,-122.22492,134.186,57.646,0.0,-57,0.554,0.000,0.251
2014/10/01 13:38:45,2,38.05906,-122.22503,138.123,57.509,0.0,-55,0.914,0.000,0.379
2014/10/01 13:38:50,2,38.06024,-122.22513,143.701,57.518,0.0,-55,0.421,0.000,0.515
2014/10/01 13:38:55,2,38.06138,-122.22521,144.685,55.804,0.0,-55,0.680,0.042,0.391
2014/10/01 13:39:00,2,38.06253,-122.22532,145.669,57.710,0.0,-55,0.970,1.000,0.458
2014/10/01 13:39:05,2,38.06370,-122.22543,146.654,56.310,0.0,-55,0.590,1.125,0.473
2014/10/01 13:39:10,2,38.06482,-122.22552,150.919,54.770,0.0,-55,0.573,1.000,0.382
2014/10/01 13:39:15,2,38.06588,-122.22562,157.480,52.211,0.0,-55,0.651,1.208,0.506
2014/10/01 13:39:20,2,38.06690,-122.22577,153.215,50.421,0.0,-51,0.375,0.917,0.338
2014/10/01 13:39:25,2,38.06786,-122.22610,156.824,45.580,0.0,-51,0.558,0.958,0.467
2014/10/01 13:39:30,2,38.06858,-122.22647,154.856,35.012,0.0,-51,0.286,0.917,0.823
2014/10/01 13:39:35,2,38.06914,-122.22675,155.512,27.670,0.0,-51,0.647,1.042,0.394
2014/10/01 13:39:40,2,38.06975,-122.22704,151.575,36.862,0.0,-51,0.841,0.708,0.299
2014/10/01 13:39:45,2,38.07048,-122.22745,147.638,41.853,0.0,-51,0.930,1.042,0.322
2014/10/01 13:39:50,2,38.07126,-122.22798,140.420,45.471,0.0,-55,0.991,0.000,0.399
2014/10/01 13:39:55,2,38.07207,-122.22866,134.514,50.505,0.0,-55,1.405,0.000,0.315
2014/10/01 13:40:00,2,38.07299,-122.22941,122.047,56.334,0.0,-55,0.685,0.042,0.506
2014/10/01 13:40:05,2,38.07401,-122.23018,108.924,60.405,0.0,-55,0.533,0.667,0.438
2014/10/01 13:40:10,2,38.07506,-122.23097,106.627,61.016,0.0,-55,0.635,0.917,0.366
2014/10/01 13:40:15,2,38.07616,-122.23171,101.378,61.761,0.0,-55,0.944,1.208,0.385
2014/10/01 13:40:20,2,38.07731,-122.23227,93.504,61.624,0.0,-57,1.218,1.083,0.402
2014/10/01 13:40:25,2,38.07850,-122.23270,74.475,62.265,0.0,-57,1.106,1.208,0.354
2014/10/01 13:40:30,2,38.07976,-122.23302,54.790,63.968,0.0,-57,0.704,1.000,0.358
2014/10/01 13:40:35,2,38.08104,-122.23320,47.572,63.655,0.0,-57,0.594,0.833,0.482
2014/10/01 13:40:40,2,38.08228,-122.23325,54.462,61.077,0.0,-57,0.964,0.750,0.537
2014/10/01 13:40:45,2,38.08350,-122.23317,57.087,60.609,0.0,-57,1.231,0.000,0.399
2014/10/01 13:40:50,2,38.08469,-122.23297,60.039,59.405,0.0,-51,0.554,0.917,0.366
2014/10/01 13:40:55,2,38.08585,-122.23265,53.150,58.667,0.0,-51,1.036,1.208,0.403
2014/10/01 13:41:00,2,38.08699,-122.23222,39.698,59.761,0.0,-51,0.644,0.000,0.651
2014/10/01 13:41:05,2,38.08818,-122.23171,29.199,64.287,0.0,-51,0.825,0.000,0.954
2014/10/01 13:41:10,2,38.08942,-122.23118,30.512,63.629,0.0,-51,0.823,0.042,0.298
2014/10/01 13:41:15,2,38.09058,-122.23070,35.105,60.260,0.0,-51,0.683,0.792,0.353
2014/10/01 13:41:20,2,38.09175,-122.23031,38.386,60.346,0.0,-51,0.425,0.583,0.299
2014/10/01 13:41:25,2,38.09292,-122.23005,50.525,57.921,0.0,-53,0.000,1.125,0.331
2014/10/01 13:41:30,2,38.09410,-122.22989,62.008,58.615,0.0,-53,0.537,0.833,0.469
2014/10/01 13:41:35,2,38.09526,-122.22977,74.147,56.610,0.0,-53,0.431,1.000,0.494
2014/10/01 13:41:40,2,38.09639,-122.22974,80.052,56.974,0.0,-53,0.461,1.125,0.463
2014/10/01 13:41:45,2,38.09751,-122.22972,75.131,53.772,0.0,-53,0.504,1.000,0.506
2014/10/01 13:41:50,2,38.09854,-122.22971,68.570,50.603,0.0,-53,0.212,0.000,0.630
2014/10/01 13:41:55,2,38.09959,-122.22969,62.336,54.178,0.0,-67,0.000,0.750,4.628
2014/10/01 13:42:00,2,38.10071,-122.22968,56.430,56.232,0.0,-67,0.000,0.292,0.288
2014/10/01 13:42:05,2,38.10181,-122.22966,47.244,54.660,0.0,-67,0.000,0.875,0.247
2014/10/01 13:42:10,2,38.10291,-122.22964,40.354,55.080,0.0,-67,0.003,1.417,0.319
2014/10/01 13:42:15,2,38.10401,-122.22962,36.745,54.505,0.0,-67,0.346,0.000,0.814
2014/10/01 13:42:20,2,38.10512,-122.22961,36.089,56.585,0.0,-67,0.324,0.417,1.034
2014/10/01 13:42:25,2,38.10632,-122.22961,38.386,60.251,0.0,-67,0.698,0.000,0.000
2014/10/01 13:42:30,2,38.10753,-122.22959,40.682,59.889,0.0,-67,0.247,0.000,3.209
2014/10/01 13:42:35,2,38.10873,-122.22957,42.979,60.183,0.0,-67,0.337,0.000,2.178
2014/10/01 13:42:40,2,38.10995,-122.22956,47.572,64.465,0.0,-67,0.256,0.000,0.000
2014/10/01 13:42:45,2,38.11117,-122.22960,49.869,61.593,0.0,-67,0.225,0.000,0.000
2014/10/01 13:42:50,2,38.11239,-122.22970,56.102,60.286,0.0,-67,0.404,0.000,1.935
2014/10/01 13:42:55,2,38.11360,-122.22980,70.210,60.431,0.0,-73,0.000,0.000,0.230
2014/10/01 13:43:00,2,38.11480,-122.22990,84.318,59.257,0.0,-73,0.000,0.042,0.451
2014/10/01 13:43:05,2,38.11595,-122.22999,93.176,56.353,0.0,-73,0.003,0.917,0.481
2014/10/01 13:43:10,2,38.11707,-122.23008,98.097,55.736,0.0,-73,0.167,0.708,1.559
2014/10/01 13:43:15,2,38.11821,-122.23018,102.690,56.750,0.0,-73,0.368,0.000,1.501
2014/10/01 13:43:20,2,38.11934,-122.23028,105.643,56.716,0.0,-73,0.157,0.250,4.099
2014/10/01 13:43:25,2,38.12050,-122.23033,107.283,58.487,0.0,-73,0.074,0.000,0.000
2014/10/01 13:43:30,2,38.12171,-122.23021,110.236,61.082,0.0,-85,0.106,0.000,5.615
2014/10/01 13:43:35,2,38.12295,-122.22991,112.533,63.172,0.0,-85,0.359,0.083,1.209
2014/10/01 13:43:40,2,38.12414,-122.22946,115.486,61.605,0.0,-85,0.770,0.083,2.398
2014/10/01 13:43:45,2,38.12528,-122.22883,108.268,60.212,0.0,-85,1.394,0.250,0.343
2014/10/01 13:43:50,2,38.12634,-122.22815,103.018,57.597,0.0,-85,1.385,0.417,0.334
2014/10/01 13:43:55,2,38.12735,-122.22750,100.722,56.931,0.0,-85,0.910,0.000,1.170
2014/10/01 13:44:00,2,38.12836,-122.22685,104.987,56.612,0.0,-77,0.000,0.167,0.549
2014/10/01 13:44:05,2,38.12941,-122.22618,105.643,59.310,0.0,-77,1.244,0.208,2.042
2014/10/01 13:44:10,2,38.13049,-122.22550,103.346,60.469,0.0,-77,0.522,0.417,1.350
2014/10/01 13:44:15,2,38.13156,-122.22481,98.753,52.881,0.0,-77,0.856,0.000,0.715
2014/10/01 13:44:20,2,38.13241,-122.22425,97.769,47.013,0.0,-77,0.926,0.250,0.762
2014/10/01 13:44:25,2,38.13313,-122.22374,101.378,39.197,0.0,-77,0.888,0.292,0.762
2014/10/01 13:44:30,2,38.13385,-122.22317,99.081,44.438,0.0,-77,1.125,0.208,0.532
2014/10/01 13:44:35,2,38.13461,-122.22247,103.018,48.443,0.0,-77,0.563,0.000,1.790
2014/10/01 13:44:40,2,38.13535,-122.22166,117.454,48.609,0.0,-77,0.375,0.167,0.662
2014/10/01 13:44:45,2,38.13609,-122.22087,135.827,48.585,0.0,-77,1.071,0.167,2.088
2014/10/01 13:44:50,2,38.13695,-122.22027,152.887,48.910,0.0,-77,0.522,0.167,0.507
2014/10/01 13:44:55,2,38.13791,-122.22001,169.291,48.516,0.0,-77,1.151,0.333,0.290
2014/10/01 13:45:00,2,38.13889,-122.22013,174.869,50.455,0.0,-53,1.506,0.250,0.359
2014/10/01 13:45:05,2,38.13984,-122.22062,170.932,50.921,0.0,-53,0.728,0.542,0.410
2014/10/01 13:45:10,2,38.14061,-122.22146,154.199,50.566,0.0,-53,1.417,0.625,0.378
2014/10/01 13:45:15,2,38.14114,-122.22257,137.795,52.760,0.0,-53,1.673,0.000,0.299
2014/10/01 13:45:20,2,38.14139,-122.22391,127.625,55.146,0.0,-53,0.884,0.333,1.263
2014/10/01 13:45:25,2,38.14141,-122.22533,118.110,56.121,0.0,-53,0.610,0.167,1.885
2014/10/01 13:45:30,2,38.14145,-122.22677,115.486,58.261,0.0,-53,0.378,0.208,0.658
2014/10/01 13:45:35,2,38.14146,-122.22825,117.782,58.178,0.0,-61,1.090,0.208,0.906
2014/10/01 13:45:40,2,38.14147,-122.22977,118.766,60.356,0.0,-61,0.866,0.333,0.363
2014/10/01 13:45:45,2,38.14144,-122.23136,120.079,64.654,0.0,-61,1.179,0.000,1.171
2014/10/01 13:45:50,2,38.14142,-122.23301,126.312,63.672,0.0,-61,0.497,0.292,1.346
2014/10/01 13:45:55,2,38.14143,-122.23472,137.795,66.567,0.0,-61,0.929,0.208,0.410
2014/10/01 13:46:00,2,38.14145,-122.23640,141.404,66.093,0.0,-61,1.148,0.292,0.687
2014/10/01 13:46:05,1,38.14148,-122.23809,134.186,66.110,0.0,-69,0.580,0.167,0.568
2014/10/01 13:46:10,1,38.14163,-122.23979,122.047,68.888,0.0,-69,0.843,0.333,1.063
2014/10/01 13:46:15,1,38.14187,-122.24151,113.189,69.225,0.0,-69,0.548,0.000,1.801
2014/10/01 13:46:20,1,38.14211,-122.24324,98.753,67.389,0.0,-69,0.292,0.167,2.975
2014/10/01 13:46:25,1,38.14230,-122.24493,90.223,67.966,0.0,-69,0.477,0.000,0.615
2014/10/01 13:46:30,1,38.14250,-122.24664,83.990,67.796,0.0,-69,0.709,0.167,0.413
2014/10/01 13:46:35,1,38.14267,-122.24829,81.037,64.249,0.0,-69,1.385,0.625,0.524
2014/10/01 13:46:40,1,38.14278,-122.24988,79.396,62.128,0.0,-69,1.580,0.000,0.243
2014/10/01 13:46:45,1,38.14271,-122.25142,75.131,59.631,0.0,-69,2.038,0.000,0.379
2014/10/01 13:46:50,1,38.14263,-122.25281,64.633,46.502,0.0,-69,1.436,0.042,0.261
2014/10/01 13:46:55,1,38.14259,-122.25384,52.165,38.604,0.0,-69,1.045,0.333,0.545
2014/10/01 13:47:00,1,38.14253,-122.25481,37.402,38.260,0.0,-69,0.997,0.167,0.771
2014/10/01 13:47:05,1,38.14256,-122.25552,32.152,18.145,0.0,-71,0.637,0.125,1.237
2014/10/01 13:47:10,1,38.14293,-122.25556,30.184,24.916,0.0,-71,1.097,0.000,0.511
2014/10/01 13:47:15,2,38.14353,-122.25547,27.231,32.983,0.0,-71,1.000,0.208,0.594
2014/10/01 13:47:20,2,38.14421,-122.25536,25.262,34.936,0.0,-71,1.256,0.667,0.774
2014/10/01 13:47:25,2,38.14490,-122.25525,23.294,33.365,0.0,-71,0.840,0.000,1.330
2014/10/01 13:47:30,2,38.14553,-122.25515,22.966,32.600,0.0,-71,0.522,0.250,0.391
2014/10/01 13:47:35,2,38.14614,-122.25505,23.950,27.815,0.0,-71,0.843,0.292,1.093
2014/10/01 13:47:40,2,38.14663,-122.25497,25.591,24.763,0.0,-77,0.379,0.208,2.205
2014/10/01 13:47:45,2,38.14717,-122.25489,25.591,29.108,0.0,-77,0.236,0.167,0.628
2014/10/01 13:47:50,2,38.14782,-122.25478,24.934,34.648,0.0,-77,0.119,0.000,4.835
2014/10/01 13:47:55,2,38.14853,-122.25467,24.606,36.859,0.0,-77,0.000,0.000,0.000
2014/10/01 13:48:00,2,38.14930,-122.25455,25.262,39.604,0.0,-77,0.000,0.167,7.584
2014/10/01 13:48:05,2,38.15011,-122.25442,25.262,41.289,0.0,-77,0.000,0.167,0.507
2014/10/01 13:48:10,2,38.15093,-122.25429,23.950,40.066,0.0,-67,0.000,0.792,0.686
2014/10/01 13:48:16,2,38.15171,-122.25416,21.654,39.249,0.0,-67,0.000,0.667,0.575
2014/10/01 13:48:21,2,38.15249,-122.25403,21.654,38.947,0.0,-67,0.003,0.667,0.342
2014/10/01 13:48:26,2,38.15328,-122.25390,21.982,39.802,0.0,-67,0.596,0.000,1.430
2014/10/01 13:48:31,2,38.15409,-122.25377,22.966,42.325,0.0,-67,0.654,0.958,1.990
2014/10/01 13:48:36,2,38.15497,-122.25363,23.950,44.359,0.0,-67,0.000,0.000,2.958
2014/10/01 13:48:41,2,38.15582,-122.25352,24.934,42.914,0.0,-65,0.000,0.208,0.402
2014/10/01 13:48:46,2,38.15667,-122.25344,35.105,43.689,0.0,-65,0.000,0.292,1.822
2014/10/01 13:48:51,2,38.15756,-122.25337,42.979,44.725,0.0,-65,0.000,0.250,1.999
2014/10/01 13:48:56,2,38.15846,-122.25330,46.916,45.381,0.0,-65,0.000,0.000,1.123
2014/10/01 13:49:01,2,38.15939,-122.25323,50.525,46.690,0.0,-65,0.000,0.417,2.754
2014/10/01 13:49:06,2,38.16031,-122.25316,52.493,46.093,0.0,-65,0.000,0.000,0.000
2014/10/01 13:49:11,2,38.16122,-122.25309,54.462,44.632,0.0,-59,0.000,0.125,7.197
2014/10/01 13:49:16,2,38.16209,-122.25303,56.430,43.122,0.0,-59,0.000,0.000,0.000
2014/10/01 13:49:21,2,38.16286,-122.25297,60.367,32.975,0.0,-59,0.000,0.083,0.335
2014/10/01 13:49:26,2,38.16340,-122.25293,62.336,23.664,0.0,-59,0.000,0.708,0.339
2014/10/01 13:49:31,2,38.16372,-122.25291,63.976,7.768,0.0,-59,0.003,1.375,0.386
2014/10/01 13:49:36,2,38.16383,-122.25290,64.961,6.638,0.0,-59,0.247,0.000,0.315
2014/10/01 13:49:41,2,38.16410,-122.25288,66.601,18.028,0.0,-59,0.615,0.000,0.286
2014/10/01 13:49:46,2,38.16455,-122.25285,69.554,25.529,0.0,-63,0.792,0.042,0.325
2014/10/01 13:49:51,2,38.16509,-122.25280,72.178,22.628,0.0,-63,0.582,0.917,0.358
2014/10/01 13:49:56,2,38.16535,-122.25278,72.835,6.707,0.0,-63,0.492,1.375,0.310
2014/10/01 13:50:01,2,38.16536,-122.25278,71.522,0.028,0.0,-63,0.851,0.917,0.327
2014/10/01 13:50:06,2,38.16537,-122.25278,70.866,0.016,0.0,-63,0.618,0.750,0.238
2014/10/01 13:50:11,2,38.16537,-122.25278,69.882,0.039,0.0,-63,0.840,1.208,0.407
2014/10/01 13:50:16,2,38.16538,-122.25278,68.241,0.065,0.0,-51,1.079,1.250,0.319
2014/10/01 13:50:21,2,38.16538,-122.25278,67.257,0.007,0.0,-51,0.908,0.917,0.594
2014/10/01 13:50:26,2,38.16538,-122.25277,66.273,0.022,0.0,-51,1.006,1.125,0.321
2014/10/01 13:50:31,2,38.16537,-122.25277,66.273,0.021,0.0,-51,1.099,1.125,0.431
2014/10/01 13:50:36,2,38.16537,-122.25277,66.929,0.039,0.0,-51,1.048,0.000,0.330
2014/10/01 13:50:41,2,38.16537,-122.25277,66.929,0.022,0.0,-51,1.015,0.000,0.258
2014/10/01 13:50:46,2,38.16537,-122.25277,66.929,0.024,0.0,-51,0.915,0.042,0.319
2014/10/01 13:50:51,2,38.16536,-122.25277,67.257,0.044,0.0,-51,0.738,0.833,0.446
2014/10/01 13:50:56,2,38.16536,-122.25277,67.585,0.042,0.0,-51,1.158,1.125,0.327
2014/10/01 13:51:01,2,38.16536,-122.25277,66.601,0.004,0.0,-51,0.667,1.125,0.314
2014/10/01 13:51:06,2,38.16537,-122.25277,68.241,0.017,0.0,-51,0.895,1.125,0.275
2014/10/01 13:51:11,2,38.16536,-122.25277,69.554,0.024,0.0,-51,1.324,0.792,0.331
2014/10/01 13:51:16,2,38.16536,-122.25277,71.194,0.006,0.0,-53,0.926,1.167,0.379
2014/10/01 13:51:21,2,38.16538,-122.25277,72.178,6.068,0.0,-53,0.623,1.250,0.274
2014/10/01 13:51:26,2,38.16568,-122.25275,74.475,21.394,0.0,-53,0.707,0.000,0.430
2014/10/01 13:51:31,2,38.16624,-122.25271,75.131,31.935,0.0,-53,0.574,1.375,0.415
2014/10/01 13:51:36,2,38.16694,-122.25270,74.475,36.519,0.0,-53,0.954,1.167,0.279
2014/10/01 13:51:41,2,38.16770,-122.25274,70.210,38.994,0.0,-53,0.766,0.000,0.434
2014/10/01 13:51:46,2,38.16851,-122.25284,69.882,40.948,0.0,-53,0.000,0.042,0.402
2014/10/01 13:51:51,2,38.16932,-122.25298,70.210,38.796,0.0,-53,0.619,0.625,0.399
2014/10/01 13:51:56,2,38.17008,-122.25311,71.194,38.270,0.0,-53,0.690,1.250,0.611
2014/10/01 13:52:01,2,38.17088,-122.25324,72.178,40.196,0.0,-53,0.521,0.917,0.547
2014/10/01 13:52:06,2,38.17169,-122.25338,72.835,42.093,0.0,-53,0.630,1.000,0.547
2014/10/01 13:52:11,2,38.17259,-122.25353,73.163,46.604,0.0,-53,0.839,0.000,0.639
2014/10/01 13:52:16,2,38.17354,-122.25370,74.803,48.982,0.0,-53,0.577,0.417,1.269
2014/10/01 13:52:21,2,38.17454,-122.25386,73.491,50.862,0.0,-65,0.000,0.375,4.134
2014/10/01 13:52:26,2,38.17555,-122.25403,72.178,50.712,0.0,-65,0.000,1.042,0.367
2014/10/01 13:52:31,2,38.17654,-122.25419,71.194,47.768,0.0,-65,0.000,1.208,0.383
2014/10/01 13:52:36,2,38.17748,-122.25435,69.554,46.375,0.0,-65,0.003,0.875,0.834
2014/10/01 13:52:41,2,38.17836,-122.25449,68.898,44.139,0.0,-65,0.548,0.000,0.335
2014/10/01 13:52:46,2,38.17926,-122.25464,67.257,44.664,0.0,-65,1.487,0.625,0.246
2014/10/01 13:52:51,2,38.18012,-122.25479,66.929,37.421,0.0,-75,1.423,0.333,0.407
2014/10/01 13:52:56,2,38.18080,-122.25490,67.257,34.946,0.0,-75,1.510,0.000,0.287
2014/10/01 13:53:01,2,38.18152,-122.25502,68.898,36.967,0.0,-75,1.449,0.375,0.567
2014/10/01 13:53:06,2,38.18222,-122.25511,69.882,34.248,0.0,-75,1.637,0.250,0.489
2014/10/01 13:53:11,2,38.18292,-122.25518,69.882,35.796,0.0,-75,1.186,0.458,0.953
2014/10/01 13:53:16,2,38.18368,-122.25521,70.538,39.367,0.0,-75,0.949,0.417,0.780
2014/10/01 13:53:21,2,38.18449,-122.25520,71.522,41.641,0.0,-73,0.807,0.000,0.325
2014/10/01 13:53:26,2,38.18535,-122.25519,74.147,44.158,0.0,-73,1.526,0.000,0.567
2014/10/01 13:53:31,2,38.18626,-122.25520,80.381,46.543,0.0,-73,1.304,0.000,0.403
2014/10/01 13:53:36,2,38.18725,-122.25523,84.974,51.543,0.0,-73,1.805,0.042,0.649
2014/10/01 13:53:41,2,38.18834,-122.25530,88.911,55.721,0.0,-73,1.612,0.333,0.325
2014/10/01 13:53:46,2,38.18950,-122.25540,90.223,59.921,0.0,-73,1.860,0.375,0.305
2014/10/01 13:53:51,2,38.19074,-122.25550,87.927,63.263,0.0,-55,1.898,0.375,0.402
2014/10/01 13:53:56,2,38.19199,-122.25562,81.693,61.492,0.0,-55,1.660,0.417,0.338
2014/10/01 13:54:01,2,38.19322,-122.25578,72.178,61.667,0.0,-55,1.674,0.500,0.352
2014/10/01 13:54:06,2,38.19444,-122.25596,68.241,60.524,0.0,-55,1.840,0.583,0.283
2014/10/01 13:54:11,2,38.19565,-122.25609,67.257,60.072,0.0,-55,1.324,0.000,0.637
2014/10/01 13:54:16,2,38.19681,-122.25614,67.913,57.299,0.0,-55,0.945,0.417,0.767
2014/10/01 13:54:21,2,38.19794,-122.25613,62.992,55.623,0.0,-55,1.291,0.458,1.375
2014/10/01 13:54:26,2,38.19905,-122.25611,59.383,54.431,0.0,-59,0.564,0.167,0.430
2014/10/01 13:54:31,2,38.20016,-122.25611,57.087,55.758,0.0,-59,0.939,0.417,1.166
2014/10/01 13:54:36,2,38.20127,-122.25609,59.383,56.775,0.0,-59,0.917,0.292,0.755
2014/10/01 13:54:41,2,38.20242,-122.25608,61.680,57.228,0.0,-59,0.696,0.292,0.362
2014/10/01 13:54:46,2,38.20355,-122.25607,65.289,55.436,0.0,-59,1.548,0.292,0.495
2014/10/01 13:54:51,2,38.20465,-122.25606,71.194,53.729,0.0,-59,1.580,0.000,0.742
2014/10/01 13:54:56,2,38.20571,-122.25605,72.835,50.493,0.0,-59,1.206,0.375,0.686
2014/10/01 13:55:01,2,38.20668,-122.25605,68.898,45.716,0.0,-59,0.984,0.333,0.590
2014/10/01 13:55:06,2,38.20760,-122.25606,66.273,45.823,0.0,-59,1.041,0.292,0.625
2014/10/01 13:55:11,2,38.20856,-122.25612,66.601,49.428,0.0,-59,1.215,0.292,0.570
2014/10/01 13:55:16,2,38.20957,-122.25618,67.913,51.062,0.0,-59,1.051,0.292,0.618
2014/10/01 13:55:21,2,38.21063,-122.25624,70.210,53.865,0.0,-59,0.613,0.292,0.590
2014/10/01 13:55:26,2,38.21172,-122.25630,71.522,54.880,0.0,-73,0.698,0.083,0.935
2014/10/01 13:55:31,2,38.21285,-122.25640,74.147,57.781,0.0,-73,0.266,0.000,4.391
2014/10/01 13:55:36,2,38.21403,-122.25657,76.772,59.993,0.0,-73,0.160,0.000,0.000
2014/10/01 13:55:41,2,38.21523,-122.25677,79.068,60.287,0.0,-73,0.132,0.000,0.000
2014/10/01 13:55:46,2,38.21642,-122.25696,84.318,58.404,0.0,-73,0.044,0.000,0.000
2014/10/01 13:55:51,2,38.21756,-122.25714,88.583,55.614,0.0,-73,0.413,0.000,0.819
2014/10/01 13:55:56,2,38.21865,-122.25732,90.551,53.231,0.0,-63,0.423,0.000,0.698
2014/10/01 13:56:01,2,38.21969,-122.25748,89.895,49.023,0.0,-63,0.734,0.000,1.806
2014/10/01 13:56:06,2,38.22058,-122.25759,89.567,41.863,0.0,-63,0.317,0.000,0.000
2014/10/01 13:56:11,2,38.22136,-122.25767,88.911,36.242,0.0,-63,0.189,0.000,3.778
2014/10/01 13:56:16,2,38.22194,-122.25773,88.911,21.896,0.0,-63,0.391,0.000,1.343
2014/10/01 13:56:21,2,38.22226,-122.25776,88.911,8.555,0.0,-63,0.535,0.042,1.859
2014/10/01 13:56:26,2,38.22234,-122.25776,87.927,1.531,0.0,-63,0.327,0.000,1.398
2014/10/01 13:56:31,2,38.22235,-122.25776,88.583,0.051,0.0,-63,0.583,0.125,0.533
2014/10/01 13:56:36,2,38.22235,-122.25775,85.958,0.009,0.0,-63,0.882,0.167,0.475
2014/10/01 13:56:41,2,38.22235,-122.25775,86.286,0.077,0.0,-63,0.673,0.250,1.106
2014/10/01 13:56:46,2,38.22235,-122.25775,85.630,1.824,0.0,-63,0.920,0.500,0.622
2014/10/01 13:56:51,2,38.22250,-122.25775,85.302,12.209,0.0,-63,0.590,0.083,1.766
2014/10/01 13:56:56,2,38.22282,-122.25779,85.302,19.787,0.0,-63,0.275,0.000,1.702
2014/10/01 13:57:01,2,38.22330,-122.25783,84.318,26.962,0.0,-67,0.382,0.167,0.970
2014/10/01 13:57:06,2,38.22391,-122.25789,81.037,32.725,0.0,-67,0.609,0.250,0.712
2014/10/01 13:57:11,2,38.22460,-122.25795,76.772,36.683,0.0,-67,1.039,0.208,0.534
2014/10/01 13:57:16,2,38.22538,-122.25802,71.522,40.461,0.0,-67,1.551,0.542,0.539
2014/10/01 13:57:21,2,38.22624,-122.25810,67.257,44.398,0.0,-67,1.360,0.292,0.330
2014/10/01 13:57:26,2,38.22714,-122.25816,63.976,45.599,0.0,-67,1.573,0.292,0.447
2014/10/01 13:57:31,2,38.22808,-122.25824,63.320,47.735,0.0,-51,1.574,0.000,0.726
2014/10/01 13:57:36,2,38.22911,-122.25832,64.633,53.640,0.0,-51,1.087,0.292,1.379
2014/10/01 13:57:41,2,38.23024,-122.25843,68.570,57.715,0.0,-51,0.786,0.167,0.527
2014/10/01 13:57:46,2,38.23139,-122.25871,68.898,59.448,0.0,-51,1.442,0.625,0.246
2014/10/01 13:57:51,2,38.23254,-122.25921,72.178,60.730,0.0,-51,1.632,0.375,0.442
2014/10/01 13:57:56,2,38.23363,-122.25993,73.819,61.324,0.0,-51,1.256,0.583,0.520
2014/10/01 13:58:01,2,38.23463,-122.26087,72.507,62.427,0.0,-51,1.275,0.000,0.318
2014/10/01 13:58:06,2,38.23556,-122.26194,69.554,62.278,0.0,-51,1.231,0.375,0.000
2014/10/01 13:58:11,2,38.23648,-122.26301,67.913,62.061,0.0,-51,0.581,0.333,0.000
2014/10/01 13:58:16,2,38.23740,-122.26409,67.913,62.893,0.0,-51,0.775,0.542,0.637
2014/10/01 13:58:21,2,38.23832,-122.26517,68.898,61.397,0.0,-51,0.891,0.667,0.719
2014/10/01 13:58:26,2,38.23922,-122.26622,66.273,61.466,0.0,-51,0.763,0.417,1.381
2014/10/01 13:58:31,2,38.24012,-122.26726,66.601,59.560,0.0,-51,0.721,0.042,1.046
2014/10/01 13:58:36,2,38.24094,-122.26828,68.570,54.616,0.0,-69,1.044,0.375,0.331
2014/10/01 13:58:41,2,38.24159,-122.26931,70.866,51.770,0.0,-69,1.580,0.375,0.958
2014/10/01 13:58:46,2,38.24215,-122.27048,76.115,55.228,0.0,-69,1.148,0.292,0.737
2014/10/01 13:58:51,2,38.24261,-122.27179,80.709,57.000,0.0,-69,0.894,0.208,0.333
2014/10/01 13:58:56,2,38.24292,-122.27321,86.942,58.853,0.0,-69,1.833,0.625,0.298
2014/10/01 13:59:01,2,38.24309,-122.27472,93.832,60.873,0.0,-69,1.442,0.292,0.681
2014/10/01 13:59:06,2,38.24315,-122.27630,102.362,62.581,0.0,-61,1.144,0.333,0.883
2014/10/01 13:59:11,2,38.24321,-122.27792,109.252,64.923,0.0,-61,1.323,0.292,0.570
2014/10/01 13:59:16,2,38.24328,-122.27960,116.470,66.549,0.0,-61,1.283,0.000,0.310
2014/10/01 13:59:21,2,38.24340,-122.28128,121.391,64.370,0.0,-61,1.327,0.250,0.491
2014/10/01 13:59:26,2,38.24357,-122.28287,124.016,63.179,0.0,-61,1.717,0.000,0.243
2014/10/01 13:59:31,2,38.24377,-122.28449,122.047,65.611,0.0,-61,1.264,0.042,0.237
2014/10/01 13:59:36,2,38.24404,-122.28614,113.845,67.051,0.0,-55,1.917,0.500,0.686
2014/10/01 13:59:41,2,38.24437,-122.28781,98.753,67.764,0.0,-55,1.618,0.375,0.578
2014/10/01 13:59:46,2,38.24477,-122.28943,77.428,64.846,0.0,-55,1.621,0.250,0.468
2014/10/01 13:59:51,2,38.24522,-122.29101,55.118,66.257,0.0,-55,1.440,0.000,0.518
2014/10/01 13:59:56,2,38.24572,-122.29260,33.136,67.454,0.0,-55,1.321,0.375,0.602
2014/10/01 14:00:01,2,38.24624,-122.29422,20.013,68.573,0.0,-55,1.093,0.250,1.078
2014/10/01 14:00:06,2,38.24676,-122.29585,16.076,68.820,0.0,-67,1.417,0.208,0.230
2014/10/01 14:00:11,2,38.24729,-122.29745,17.717,67.400,0.0,-67,0.717,0.208,1.369
2014/10/01 14:00:16,2,38.24792,-122.29898,20.013,67.956,0.0,-67,1.327,0.292,0.414
2014/10/01 14:00:21,2,38.24876,-122.30033,19.357,67.764,0.0,-67,1.522,0.167,0.567
2014/10/01 14:00:26,2,38.24978,-122.30147,16.404,66.834,0.0,-67,1.638,0.208,0.661
2014/10/01 14:00:31,2,38.25092,-122.30233,14.436,65.654,0.0,-67,1.198,0.333,0.294
2014/10/01 14:00:36,2,38.25213,-122.30293,14.108,65.323,0.0,-67,1.783,0.250,0.311
2014/10/01 14:00:41,2,38.25342,-122.30328,14.108,64.796,0.0,-51,1.163,0.000,0.501
2014/10/01 14:00:46,2,38.25466,-122.30336,14.108,58.572,0.0,-51,1.808,0.167,0.389
2014/10/01 14:00:51,2,38.25578,-122.30324,15.092,52.808,0.0,-51,1.817,0.500,0.426
2014/10/01 14:00:56,2,38.25681,-122.30294,10.827,52.341,0.0,-51,1.683,0.417,0.275
2014/10/01 14:01:01,2,38.25780,-122.30248,7.546,53.211,0.0,-51,1.833,0.375,0.451
2014/10/01 14:01:06,2,38.25877,-122.30183,1.969,55.886,0.0,-51,1.750,0.458,0.409
2014/10/01 14:01:11,2,38.25975,-122.30103,0.656,58.976,0.0,-51,1.711,0.500,0.595
2014/10/01 14:01:16,2,38.26077,-122.30024,0.656,59.572,0.0,-51,1.673,0.417,0.363
2014/10/01 14:01:21,2,38.26189,-122.29963,-1.640,60.272,0.0,-51,1.606,0.542,0.874
2014/10/01 14:01:26,2,38.26308,-122.29924,-2.953,61.810,0.0,-51,1.007,0.000,1.047
2014/10/01 14:01:31,2,38.26433,-122.29904,-3.281,63.259,0.0,-51,0.394,0.292,0.538
2014/10/01 14:01:36,2,38.26559,-122.29891,-2.297,63.259,0.0,-51,1.305,0.250,0.424
2014/10/01 14:01:41,2,38.26685,-122.29876,-2.297,62.215,0.0,-59,1.618,0.333,0.308
2014/10/01 14:01:46,2,38.26809,-122.29863,-2.297,62.642,0.0,-59,1.603,0.417,0.499
2014/10/01 14:01:51,2,38.26935,-122.29854,-0.328,63.353,0.0,-59,0.833,0.500,0.761
2014/10/01 14:01:56,2,38.27065,-122.29851,1.640,65.598,0.0,-59,1.583,0.417,0.330
2014/10/01 14:02:01,2,38.27198,-122.29855,2.953,66.508,0.0,-59,0.567,0.125,2.418
2014/10/01 14:02:06,2,38.27332,-122.29865,4.265,66.679,0.0,-59,1.017,0.292,1.047
2014/10/01 14:02:11,2,38.27465,-122.29880,8.530,65.613,0.0,-59,1.112,0.000,0.367
2014/10/01 14:02:16,2,38.27594,-122.29902,13.451,65.018,0.0,-59,0.936,0.167,0.583
2014/10/01 14:02:21,2,38.27724,-122.29930,18.373,65.596,0.0,-59,0.138,0.042,2.901
2014/10/01 14:02:26,2,38.27855,-122.29962,22.966,67.354,0.0,-59,0.237,0.000,2.815
2014/10/01 14:02:31,2,38.27990,-122.29994,28.215,68.907,0.0,-59,0.227,0.083,2.507
2014/10/01 14:02:36,2,38.28125,-122.30017,36.417,66.977,0.0,-59,0.314,0.000,0.000
2014/10/01 14:02:41,2,38.28260,-122.30032,37.730,68.275,0.0,-59,0.571,0.125,1.067
2014/10/01 14:02:46,2,38.28398,-122.30039,30.840,68.178,0.0,-71,0.708,0.125,0.801
2014/10/01 14:02:51,2,38.28533,-122.30051,24.278,67.339,0.0,-71,0.827,0.208,0.760
2014/10/01 14:02:56,2,38.28666,-122.30076,27.231,65.678,0.0,-71,0.690,0.162,1.142
2014/10/01 14:03:01,2,38.28793,-122.30109,31.824,64.882,0.0,-71,0.420,0.000,1.099
2014/10/01 14:03:06,2,38.28921,-122.30141,32.480,64.000,0.0,-71,0.692,0.000,0.426
2014/10/01 14:03:11,2,38.29046,-122.30175,34.121,62.699,0.0,-71,0.849,0.000,0.422
2014/10/01 14:03:17,2,38.29169,-122.30202,31.496,60.930,0.0,-57,0.000,0.042,0.870
2014/10/01 14:03:22,2,38.29289,-122.30209,31.168,59.492,0.0,-57,1.151,0.000,2.147
2014/10/01 14:03:27,2,38.29409,-122.30195,32.480,61.169,0.0,-57,0.417,0.125,0.451
2014/10/01 14:03:32,2,38.29532,-122.30176,38.714,60.977,0.0,-57,1.029,0.417,0.437
2014/10/01 14:03:37,2,38.29654,-122.30176,44.291,61.269,0.0,-57,1.437,0.292,0.342
2014/10/01 14:03:42,2,38.29772,-122.30205,46.588,59.377,0.0,-57,1.660,0.208,0.502
2014/10/01 14:03:47,2,38.29889,-122.30238,48.556,59.596,0.0,-55,1.657,0.208,0.275
2014/10/01 14:03:52,2,38.30005,-122.30272,50.853,59.644,0.0,-55,1.141,0.333,0.450
2014/10/01 14:03:57,2,38.30122,-122.30306,53.150,60.727,0.0,-55,1.195,0.000,0.607
2014/10/01 14:04:02,2,38.30246,-122.30342,53.478,64.361,0.0,-55,0.923,0.292,1.523
2014/10/01 14:04:07,2,38.30374,-122.30378,55.774,65.616,0.0,-55,0.391,0.000,3.430
2014/10/01 14:04:12,2,38.30500,-122.30415,56.759,62.742,0.0,-55,0.135,0.000,0.000
2014/10/01 14:04:17,2,38.30621,-122.30450,58.399,61.782,0.0,-77,0.186,0.000,2.923
2014/10/01 14:04:22,2,38.30742,-122.30486,60.696,61.494,0.0,-77,0.256,0.000,4.311
2014/10/01 14:04:27,2,38.30862,-122.30521,62.336,62.612,0.0,-77,0.102,0.000,2.294
2014/10/01 14:04:32,2,38.30986,-122.30557,66.273,63.477,0.0,-77,0.289,0.000,1.827
2014/10/01 14:04:37,2,38.31113,-122.30594,68.570,65.140,0.0,-77,0.593,0.000,1.032
2014/10/01 14:04:42,2,38.31237,-122.30630,69.882,62.431,0.0,-77,0.371,0.000,1.524
2014/10/01 14:04:47,2,38.31363,-122.30667,69.882,65.979,0.0,-77,0.250,0.000,1.975
2014/10/01 14:04:52,2,38.31492,-122.30700,64.961,64.127,0.0,-71,0.240,0.000,2.078
2014/10/01 14:04:57,2,38.31621,-122.30723,60.367,64.657,0.0,-71,0.548,0.000,0.880
2014/10/01 14:05:02,2,38.31752,-122.30727,50.853,64.809,0.0,-71,0.554,0.042,0.462
2014/10/01 14:05:07,2,38.31881,-122.30731,38.714,63.174,0.0,-71,0.847,0.167,0.974
2014/10/01 14:05:12,2,38.32008,-122.30762,28.543,66.190,0.0,-71,0.897,0.000,0.638
2014/10/01 14:05:17,2,38.32128,-122.30831,35.761,64.519,0.0,-71,0.984,0.375,0.785
2014/10/01 14:05:22,2,38.32233,-122.30934,49.541,66.763,0.0,-83,0.926,0.333,0.325
2014/10/01 14:05:27,2,38.32331,-122.31051,59.383,66.333,0.0,-83,1.017,0.375,0.810
2014/10/01 14:05:32,2,38.32430,-122.31159,66.273,62.713,0.0,-83,1.051,0.333,1.510
2014/10/01 14:05:37,2,38.32527,-122.31245,68.898,58.219,0.0,-83,0.522,0.208,1.758
2014/10/01 14:05:42,2,38.32622,-122.31327,70.538,57.233,0.0,-83,0.340,0.000,0.552
2014/10/01 14:05:47,2,38.32714,-122.31406,71.194,54.166,0.0,-83,0.260,0.375,0.000
2014/10/01 14:05:52,2,38.32796,-122.31476,73.163,45.646,0.0,-75,0.176,0.000,5.186
2014/10/01 14:05:57,2,38.32861,-122.31533,72.835,33.418,0.0,-75,0.183,0.083,5.884
2014/10/01 14:06:02,2,38.32904,-122.31570,72.507,17.659,0.0,-75,0.000,0.083,1.552
2014/10/01 14:06:07,2,38.32914,-122.31579,73.819,0.024,0.0,-75,0.000,0.000,0.387
2014/10/01 14:06:12,2,38.32914,-122.31578,73.491,0.029,0.0,-75,0.000,0.917,0.236
2014/10/01 14:06:17,2,38.32916,-122.31579,73.163,3.130,0.0,-75,0.003,1.208,0.000
2014/10/01 14:06:22,2,38.32921,-122.31584,74.147,0.851,0.0,-75,0.217,0.375,6.535
2014/10/01 14:06:27,2,38.32926,-122.31588,75.787,8.119,0.0,-75,0.000,0.625,0.410
2014/10/01 14:06:32,2,38.32951,-122.31610,76.444,20.065,0.0,-75,0.000,0.000,0.401
2014/10/01 14:06:37,2,38.32992,-122.31644,74.803,27.193,0.0,-75,0.003,1.000,0.639
2014/10/01 14:06:42,2,38.33043,-122.31687,74.475,31.535,0.0,-75,0.333,0.958,1.683
2014/10/01 14:06:47,2,38.33100,-122.31737,74.147,38.367,0.0,-75,0.442,0.292,1.939
2014/10/01 14:06:52,2,38.33170,-122.31796,73.819,44.307,0.0,-75,0.574,0.000,1.718
2014/10/01 14:06:57,2,38.33245,-122.31861,74.475,46.202,0.0,-71,0.654,0.292,1.263
2014/10/01 14:07:02,2,38.33324,-122.31924,75.787,47.185,0.0,-71,0.862,0.000,0.981
2014/10/01 14:07:07,2,38.33404,-122.31988,76.115,47.049,0.0,-71,0.448,0.250,0.523
2014/10/01 14:07:12,2,38.33482,-122.32050,77.756,44.275,0.0,-71,0.506,0.000,0.652
2014/10/01 14:07:17,2,38.33553,-122.32105,78.740,41.115,0.0,-71,0.648,0.250,1.891
2014/10/01 14:07:22,2,38.33625,-122.32161,80.381,41.973,0.0,-71,0.456,0.125,2.027
2014/10/01 14:07:27,2,38.33696,-122.32217,82.349,41.603,0.0,-67,0.390,0.250,0.000
2014/10/01 14:07:32,2,38.33767,-122.32273,85.630,39.830,0.0,-67,0.606,0.000,0.000
2014/10/01 14:07:37,2,38.33823,-122.32317,87.598,23.106,0.0,-67,1.202,0.375,0.452
2014/10/01 14:07:42,2,38.33839,-122.32330,87.598,5.065,0.0,-67,1.651,0.250,0.367
2014/10/01 14:07:47,2,38.33841,-122.32332,86.942,0.028,0.0,-67,1.894,0.000,0.258
2014/10/01 14:07:52,2,38.33851,-122.32340,86.286,13.530,0.0,-67,1.769,0.375,0.613
2014/10/01 14:07:57,2,38.33886,-122.32367,85.630,24.012,0.0,-69,1.448,0.250,0.706
2014/10/01 14:08:02,2,38.33933,-122.32402,83.333,27.241,0.0,-69,1.359,0.000,0.494
2014/10/01 14:08:07,2,38.33988,-122.32439,82.349,34.052,0.0,-69,1.048,0.000,0.822
2014/10/01 14:08:12,2,38.34058,-122.32479,81.037,40.735,0.0,-69,0.875,0.000,0.438
2014/10/01 14:08:17,2,38.34140,-122.32521,80.381,45.774,0.0,-69,1.167,0.042,0.576
2014/10/01 14:08:22,2,38.34230,-122.32570,81.365,51.012,0.0,-69,0.826,0.167,0.659
2014/10/01 14:08:27,2,38.34329,-122.32621,82.349,54.120,0.0,-65,0.994,0.208,1.195
2014/10/01 14:08:32,2,38.34431,-122.32675,83.661,55.429,0.0,-65,0.580,0.000,1.197
2014/10/01 14:08:37,2,38.34534,-122.32730,84.318,55.975,0.0,-65,0.291,0.250,2.146
2014/10/01 14:08:42,2,38.34638,-122.32784,84.646,55.449,0.0,-65,0.302,0.458,2.526
2014/10/01 14:08:47,2,38.34743,-122.32839,86.942,57.096,0.0,-65,0.677,0.417,0.569
2014/10/01 14:08:52,2,38.34851,-122.32896,88.255,59.308,0.0,-65,0.663,0.375,2.178
2014/10/01 14:08:57,2,38.34960,-122.32952,90.879,57.374,0.0,-67,0.445,0.250,1.343
2014/10/01 14:09:02,2,38.35063,-122.33005,93.176,53.359,0.0,-67,0.871,0.000,0.646
2014/10/01 14:09:07,2,38.35154,-122.33052,93.504,45.708,0.0,-67,0.437,0.250,2.763
2014/10/01 14:09:12,2,38.35217,-122.33087,93.176,22.101,0.0,-67,0.736,0.000,0.679
2014/10/01 14:09:17,2,38.35254,-122.33106,92.520,19.010,0.0,-67,0.580,0.333,2.878
2014/10/01 14:09:22,2,38.35299,-122.33129,91.864,29.114,0.0,-67,0.468,0.167,1.529
2014/10/01 14:09:27,2,38.35363,-122.33163,90.879,37.871,0.0,-67,0.423,0.000,2.430
2014/10/01 14:09:32,2,38.35439,-122.33203,89.567,43.256,0.0,-69,0.000,0.167,4.385
2014/10/01 14:09:37,2,38.35522,-122.33247,88.583,46.772,0.0,-69,0.350,0.292,0.000
2014/10/01 14:09:42,2,38.35611,-122.33294,88.583,48.589,0.0,-69,0.356,0.000,1.924
2014/10/01 14:09:47,2,38.35703,-122.33342,88.583,49.775,0.0,-69,0.243,0.208,2.122
2014/10/01 14:09:52,2,38.35795,-122.33391,88.911,49.049,0.0,-69,0.292,0.292,2.642
2014/10/01 14:09:57,2,38.35888,-122.33440,88.583,50.358,0.0,-69,0.340,0.000,3.119
2014/10/01 14:10:02,2,38.35984,-122.33490,87.598,52.501,0.0,-83,0.237,0.000,0.000
2014/10/01 14:10:07,2,38.36083,-122.33542,87.598,54.152,0.0,-83,0.096,0.000,6.139
2014/10/01 14:10:12,2,38.36186,-122.33596,85.630,56.377,0.0,-83,0.099,0.000,4.190
2014/10/01 14:10:17,2,38.36291,-122.33650,83.661,55.750,0.0,-83,0.189,0.000,3.204
2014/10/01 14:10:22,2,38.36394,-122.33705,83.661,55.958,0.0,-83,0.244,0.000,1.999
2014/10/01 14:10:27,2,38.36496,-122.33759,83.661,52.907,0.0,-83,0.347,0.000,0.977
2014/10/01 14:10:32,2,38.36595,-122.33810,81.365,52.090,0.0,-79,0.356,0.000,0.000
2014/10/01 14:10:37,2,38.36692,-122.33861,78.740,52.732,0.0,-79,0.134,0.000,4.894
2014/10/01 14:10:42,2,38.36791,-122.33913,76.444,53.037,0.0,-79,0.122,0.000,3.447
2014/10/01 14:10:47,2,38.36891,-122.33964,74.803,54.103,0.0,-79,0.138,0.000,3.591
2014/10/01 14:10:52,2,38.36994,-122.34018,72.507,56.847,0.0,-79,0.128,0.000,0.000
2014/10/01 14:10:57,2,38.37102,-122.34074,69.882,58.376,0.0,-79,0.183,0.000,2.271
2014/10/01 14:11:02,2,38.37211,-122.34131,66.601,59.236,0.0,-85,0.215,0.000,3.211
2014/10/01 14:11:07,2,38.37322,-122.34188,64.304,59.532,0.0,-85,0.237,0.000,1.974
2014/10/01 14:11:12,2,38.37434,-122.34244,62.008,59.699,0.0,-85,0.259,0.000,2.219
2014/10/01 14:11:17,2,38.37546,-122.34299,61.680,60.479,0.0,-85,0.516,0.042,0.894
2014/10/01 14:11:22,2,38.37662,-122.34359,62.664,63.405,0.0,-85,0.247,0.125,1.602
2014/10/01 14:11:27,2,38.37780,-122.34425,63.648,63.837,0.0,-85,0.272,0.208,2.288
2014/10/01 14:11:32,2,38.37895,-122.34495,62.664,62.544,0.0,-85,0.266,0.292,0.357
2014/10/01 14:11:37,2,38.38007,-122.34566,60.039,61.846,0.0,-79,0.484,0.000,1.054
2014/10/01 14:11:42,2,38.38117,-122.34637,58.071,61.721,0.0,-79,0.523,0.292,1.308
2014/10/01 14:11:47,2,38.38228,-122.34708,56.430,62.507,0.0,-79,0.689,0.500,0.755
2014/10/01 14:11:52,2,38.38340,-122.34780,57.415,61.479,0.0,-79,0.484,0.000,1.499
2014/10/01 14:11:57,2,38.38450,-122.34850,57.743,60.506,0.0,-79,0.397,0.333,2.370
2014/10/01 14:12:02,2,38.38555,-122.34918,59.055,57.677,0.0,-79,0.247,0.083,1.129
2014/10/01 14:12:07,2,38.38660,-122.34985,59.055,58.649,0.0,-79,0.000,0.000,4.382
2014/10/01 14:12:12,2,38.38765,-122.35052,59.711,58.365,0.0,-79,0.209,0.125,0.579
2014/10/01 14:12:17,2,38.38869,-122.35120,59.055,58.189,0.0,-79,0.846,0.083,0.722
2014/10/01 14:12:22,2,38.38972,-122.35190,57.087,58.122,0.0,-79,0.632,0.000,1.502
2014/10/01 14:12:27,2,38.39073,-122.35260,55.774,56.382,0.0,-79,0.330,0.125,1.421
2014/10/01 14:12:32,2,38.39172,-122.35330,58.399,57.159,0.0,-79,0.535,0.208,1.385
2014/10/01 14:12:37,2,38.39274,-122.35402,60.367,58.218,0.0,-75,0.343,0.542,0.823
2014/10/01 14:12:42,2,38.39377,-122.35479,65.945,59.756,0.0,-75,0.362,0.292,0.991
2014/10/01 14:12:47,2,38.39473,-122.35575,72.835,61.468,0.0,-75,0.494,0.750,0.606
2014/10/01 14:12:52,2,38.39566,-122.35680,82.021,61.888,0.0,-75,0.910,0.000,1.917
2014/10/01 14:12:57,2,38.39659,-122.35786,94.160,61.936,0.0,-75,0.343,0.583,0.759
2014/10/01 14:13:02,2,38.39750,-122.35889,102.362,59.794,0.0,-75,0.363,0.333,3.367
2014/10/01 14:13:07,2,38.39843,-122.35994,97.769,61.444,0.0,-61,0.275,0.000,0.000
2014/10/01 14:13:12,2,38.39933,-122.36096,89.895,60.258,0.0,-61,0.372,0.167,0.792
2014/10/01 14:13:17,2,38.40021,-122.36196,91.864,57.565,0.0,-61,0.837,0.625,0.902
2014/10/01 14:13:22,2,38.40107,-122.36294,99.738,57.238,0.0,-61,0.583,0.208,0.453
2014/10/01 14:13:27,2,38.40186,-122.36385,106.955,47.605,0.0,-61,0.618,0.333,1.146
2014/10/01 14:13:32,2,38.40246,-122.36458,111.549,36.175,0.0,-61,0.436,0.083,2.009
2014/10/01 14:13:37,2,38.40299,-122.36526,114.829,36.989,0.0,-61,0.417,0.000,1.945
2014/10/01 14:13:42,2,38.40353,-122.36588,118.110,36.167,0.0,-81,0.337,0.083,1.638
2014/10/01 14:13:47,2,38.40407,-122.36648,121.391,34.582,0.0,-81,0.929,0.208,0.631
2014/10/01 14:13:52,2,38.40460,-122.36701,125.984,32.213,0.0,-81,0.767,0.208,0.927
2014/10/01 14:13:57,2,38.40508,-122.36750,131.562,29.641,0.0,-81,0.881,0.000,0.426
2014/10/01 14:14:02,2,38.40545,-122.36786,135.171,19.976,0.0,-81,1.195,0.292,0.754
2014/10/01 14:14:07,2,38.40572,-122.36817,135.499,19.347,0.0,-81,1.237,0.417,0.455
2014/10/01 14:14:12,2,38.40607,-122.36863,134.186,28.986,0.0,-65,1.728,0.500,0.399
2014/10/01 14:14:17,2,38.40648,-122.36931,134.186,37.698,0.0,-65,1.327,0.292,0.338
2014/10/01 14:14:22,2,38.40689,-122.37018,136.811,41.719,0.0,-65,1.442,0.292,0.419
2014/10/01 14:14:27,2,38.40731,-122.37115,144.357,44.534,0.0,-65,1.635,0.500,0.421
2014/10/01 14:14:32,2,38.40775,-122.37220,152.887,47.924,0.0,-65,1.635,0.292,0.430
2014/10/01 14:14:37,2,38.40821,-122.37330,160.105,49.462,0.0,-65,1.689,0.000,0.470
2014/10/01 14:14:42,2,38.40865,-122.37447,165.682,51.697,0.0,-51,1.429,0.375,0.591
2014/10/01 14:14:47,2,38.40905,-122.37560,171.916,45.953,0.0,-51,1.218,0.292,0.410
2014/10/01 14:14:45,2,38.40943,-122.37667,177.165,46.232,0.0,-51,0.000,0.000,1.138
2014/10/01 14:14:50,2,38.40981,-122.37777,182.087,48.161,0.0,-51,2.621,0.000,0.386
2014/10/01 14:14:55,2,38.41021,-122.37890,187.336,48.812,0.0,-51,1.352,0.042,0.287
2014/10/01 14:15:00,2,38.41068,-122.38004,191.601,51.658,0.0,-51,1.690,0.000,0.406
2014/10/01 14:15:05,2,38.41128,-122.38115,195.538,53.633,0.0,-51,1.580,0.292,0.654
2014/10/01 14:15:10,2,38.41200,-122.38214,197.835,52.452,0.0,-51,1.420,0.333,0.654
2014/10/01 14:15:15,2,38.41282,-122.38299,200.131,52.168,0.0,-51,1.830,0.500,0.274
2014/10/01 14:15:20,2,38.41374,-122.38370,190.945,54.169,0.0,-51,1.775,0.250,0.422
2014/10/01 14:15:25,2,38.41468,-122.38437,179.790,52.690,0.0,-51,1.391,0.250,0.353
2014/10/01 14:15:30,2,38.41562,-122.38506,172.900,52.913,0.0,-51,1.269,0.375,0.341
2014/10/01 14:15:35,2,38.41653,-122.38573,167.323,52.065,0.0,-51,0.455,0.000,1.997
2014/10/01 14:15:40,2,38.41742,-122.38640,162.402,51.269,0.0,-71,0.644,0.292,0.870
2014/10/01 14:15:45,2,38.41828,-122.38703,156.168,47.719,0.0,-71,0.769,0.167,0.882
2014/10/01 14:15:50,2,38.41910,-122.38765,151.903,46.981,0.0,-71,0.000,0.208,0.927
2014/10/01 14:15:55,2,38.41994,-122.38828,148.622,49.794,0.0,-71,0.814,0.208,1.266
2014/10/01 14:16:00,2,38.42080,-122.38892,143.701,47.670,0.0,-71,0.574,0.125,0.757
2014/10/01 14:16:05,2,38.42162,-122.38953,140.420,46.199,0.0,-71,0.532,0.000,0.000
2014/10/01 14:16:10,2,38.42243,-122.39014,135.171,47.832,0.0,-75,0.391,0.250,4.193
2014/10/01 14:16:15,2,38.42325,-122.39079,133.202,48.078,0.0,-75,0.266,0.125,3.150
2014/10/01 14:16:20,2,38.42407,-122.39148,129.593,49.460,0.0,-75,0.602,0.292,0.906
2014/10/01 14:16:25,2,38.42492,-122.39217,129.265,50.025,0.0,-75,0.506,0.000,1.755
2014/10/01 14:16:30,2,38.42576,-122.39285,125.984,48.651,0.0,-75,0.433,0.167,3.549
2014/10/01 14:16:35,2,38.42657,-122.39353,123.688,48.467,0.0,-75,0.371,0.000,0.911
2014/10/01 14:16:40,2,38.42739,-122.39421,125.984,47.932,0.0,-83,0.753,0.250,1.027
2014/10/01 14:16:45,2,38.42818,-122.39490,127.625,47.325,0.0,-83,0.404,0.125,0.866
2014/10/01 14:16:50,2,38.42895,-122.39561,127.625,47.714,0.0,-83,0.981,0.292,0.486
2014/10/01 14:16:55,2,38.42973,-122.39632,129.593,48.522,0.0,-83,1.151,0.250,0.974
2014/10/01 14:17:00,2,38.43054,-122.39707,134.843,50.704,0.0,-83,0.625,0.000,1.162
2014/10/01 14:17:05,2,38.43138,-122.39783,138.123,52.549,0.0,-83,0.317,0.125,4.722
2014/10/01 14:17:10,2,38.43222,-122.39859,141.404,48.600,0.0,-83,0.225,0.000,2.182
2014/10/01 14:17:15,2,38.43302,-122.39929,142.388,48.628,0.0,-83,0.000,0.083,2.267
2014/10/01 14:17:20,2,38.43382,-122.39998,145.669,46.268,0.0,-83,0.000,0.000,1.077
2014/10/01 14:17:25,2,38.43453,-122.40063,149.934,43.468,0.0,-83,0.000,0.167,1.935
2014/10/01 14:17:30,2,38.43524,-122.40129,151.247,43.240,0.0,-83,0.000,0.250,0.918
2014/10/01 14:17:35,2,38.43592,-122.40193,153.215,42.292,0.0,-83,0.000,0.458,0.419
2014/10/01 14:17:40,2,38.43661,-122.40254,155.512,41.102,0.0,-83,0.003,0.708,0.565
2014/10/01 14:17:45,2,38.43727,-122.40313,153.215,38.479,0.0,-75,0.356,0.667,2.262
2014/10/01 14:17:50,2,38.43790,-122.40368,148.294,39.856,0.0,-75,0.359,0.000,2.115
2014/10/01 14:17:55,2,38.43861,-122.40429,144.357,43.170,0.0,-75,0.513,0.167,1.356
2014/10/01 14:18:00,2,38.43931,-122.40494,145.013,42.769,0.0,-75,0.394,0.000,3.164
2014/10/01 14:18:05,2,38.43996,-122.40554,145.341,36.966,0.0,-75,0.285,0.208,1.519
2014/10/01 14:18:10,2,38.44054,-122.40608,145.341,37.210,0.0,-75,0.423,0.333,0.715
2014/10/01 14:18:15,2,38.44118,-122.40665,145.013,39.539,0.0,-77,0.413,0.792,0.630
2014/10/01 14:18:20,2,38.44184,-122.40724,143.373,41.393,0.0,-77,0.240,0.292,2.589
2014/10/01 14:18:25,2,38.44255,-122.40789,141.732,45.137,0.0,-77,0.280,0.750,0.543
2014/10/01 14:18:30,2,38.44331,-122.40857,139.436,47.388,0.0,-77,0.685,0.000,0.269
2014/10/01 14:18:35,2,38.44410,-122.40929,138.780,49.197,0.0,-77,1.179,0.000,0.263
2014/10/01 14:18:40,2,38.44492,-122.41003,137.467,51.518,0.0,-77,0.451,0.042,0.387
2014/10/01 14:18:45,2,38.44576,-122.41078,136.483,49.546,0.0,-79,0.599,1.000,0.411
2014/10/01 14:18:50,2,38.44656,-122.41150,137.139,48.240,0.0,-79,0.493,1.208,0.577
2014/10/01 14:18:55,2,38.44734,-122.41219,139.108,46.423,0.0,-79,0.605,0.333,0.370
2014/10/01 14:19:00,2,38.44806,-122.41283,142.060,44.060,0.0,-79,0.594,0.750,0.226
2014/10/01 14:19:05,2,38.44880,-122.41348,144.029,44.124,0.0,-79,0.407,1.250,0.598
2014/10/01 14:19:10,2,38.44952,-122.41414,148.294,44.613,0.0,-79,0.269,0.875,0.357
2014/10/01 14:19:15,2,38.45024,-122.41480,151.575,43.613,0.0,-81,0.000,1.000,0.331
2014/10/01 14:19:20,2,38.45096,-122.41546,154.528,45.063,0.0,-81,0.397,0.875,0.479
2014/10/01 14:19:25,2,38.45170,-122.41615,157.808,45.210,0.0,-81,0.472,0.583,0.583
2014/10/01 14:19:30,2,38.45245,-122.41685,158.793,47.178,0.0,-81,0.327,0.667,0.453
2014/10/01 14:19:35,2,38.45320,-122.41754,160.761,45.516,0.0,-81,0.525,0.667,0.434
2014/10/01 14:19:40,2,38.45392,-122.41822,162.730,44.972,0.0,-81,0.221,0.000,0.670
2014/10/01 14:19:45,2,38.45462,-122.41888,165.354,39.202,0.0,-81,0.288,0.667,0.554
2014/10/01 14:19:50,2,38.45524,-122.41945,167.323,38.844,0.0,-85,0.539,0.000,0.331
2014/10/01 14:19:55,2,38.45584,-122.42001,168.635,36.574,0.0,-85,0.586,0.000,1.349
2014/10/01 14:20:01,2,38.45644,-122.42058,170.604,38.362,0.0,-85,0.171,0.000,1.094
2014/10/01 14:20:06,2,38.45708,-122.42116,173.556,38.681,0.0,-85,0.232,0.042,0.716
2014/10/01 14:20:11,2,38.45771,-122.42175,176.181,39.252,0.0,-85,0.529,0.000,0.359
2014/10/01 14:20:16,2,38.45833,-122.42232,175.197,36.128,0.0,-85,0.246,0.667,0.723
2014/10/01 14:20:21,2,38.45892,-122.42288,174.541,37.552,0.0,-71,0.178,0.750,2.489
2014/10/01 14:20:26,2,38.45955,-122.42348,175.853,39.221,0.0,-71,0.100,0.292,2.195
2014/10/01 14:20:31,2,38.46020,-122.42406,173.556,40.820,0.0,-71,0.136,0.542,1.223
2014/10/01 14:20:36,2,38.46092,-122.42459,169.619,41.838,0.0,-71,0.231,0.542,0.855
2014/10/01 14:20:41,2,38.46165,-122.42512,168.635,40.967,0.0,-71,0.410,0.000,1.333
2014/10/01 14:20:46,2,38.46237,-122.42564,169.291,42.270,0.0,-71,0.285,0.417,1.735
2014/10/01 14:20:51,2,38.46314,-122.42619,164.698,43.033,0.0,-61,0.340,0.417,1.586
2014/10/01 14:20:56,2,38.46392,-122.42675,162.402,45.736,0.0,-61,0.290,0.542,0.730
2014/10/01 14:21:01,2,38.46472,-122.42732,162.073,45.160,0.0,-61,0.434,0.708,1.626
2014/10/01 14:21:06,2,38.46555,-122.42791,160.761,46.786,0.0,-61,0.195,0.292,1.918
2014/10/01 14:21:11,2,38.46638,-122.42853,160.105,48.233,0.0,-61,0.368,0.417,1.430
2014/10/01 14:21:16,2,38.46725,-122.42915,159.777,48.915,0.0,-61,0.545,0.000,1.055
2014/10/01 14:21:21,2,38.46810,-122.42977,160.761,48.340,0.0,-73,0.577,0.417,1.009
2014/10/01 14:21:26,2,38.46893,-122.43034,158.793,45.606,0.0,-73,0.580,0.417,0.862
2014/10/01 14:21:31,2,38.46977,-122.43087,154.199,46.912,0.0,-73,0.253,0.417,0.879
2014/10/01 14:21:36,2,38.47061,-122.43144,152.887,47.419,0.0,-73,0.283,0.000,0.407
2014/10/01 14:21:41,2,38.47143,-122.43204,154.199,46.695,0.0,-73,0.191,0.542,0.697
2014/10/01 14:21:46,2,38.47224,-122.43260,158.465,44.123,0.0,-73,0.313,0.708,0.647
2014/10/01 14:21:51,2,38.47302,-122.43313,162.073,43.994,0.0,-73,0.240,0.708,0.739
2014/10/01 14:21:56,2,38.47380,-122.43366,162.073,44.937,0.0,-61,0.215,0.667,0.432
2014/10/01 14:22:01,2,38.47456,-122.43414,165.354,40.970,0.0,-61,0.259,0.667,0.594
2014/10/01 14:22:06,2,38.47529,-122.43467,167.323,41.640,0.0,-61,0.811,0.000,0.267
2014/10/01 14:22:11,2,38.47603,-122.43519,166.339,42.403,0.0,-61,0.000,0.000,0.570
2014/10/01 14:22:16,2,38.47677,-122.43572,166.667,40.536,0.0,-61,0.730,0.000,0.478
2014/10/01 14:22:21,2,38.47739,-122.43638,169.948,39.439,0.0,-61,0.567,0.042,0.571
2014/10/01 14:22:26,2,38.47801,-122.43710,171.916,42.947,0.0,-63,0.751,0.583,0.538
2014/10/01 14:22:31,2,38.47865,-122.43786,172.244,43.839,0.0,-63,0.784,0.500,1.127
2014/10/01 14:22:36,2,38.47929,-122.43865,173.885,45.137,0.0,-63,0.767,0.542,0.813
2014/10/01 14:22:41,2,38.47996,-122.43941,176.837,43.405,0.0,-63,0.676,0.667,0.426
2014/10/01 14:22:46,2,38.48061,-122.44015,179.462,42.609,0.0,-63,0.627,0.000,0.942
2014/10/01 14:22:51,2,38.48123,-122.44089,181.759,40.826,0.0,-63,0.448,0.625,0.735
2014/10/01 14:22:56,2,38.48178,-122.44154,184.711,33.925,0.0,-69,0.409,0.625,0.687
2014/10/01 14:23:01,2,38.48225,-122.44210,189.304,33.323,0.0,-69,0.494,0.458,0.478
2014/10/01 14:23:06,2,38.48272,-122.44268,189.304,31.677,0.0,-69,0.367,0.500,0.389
2014/10/01 14:23:11,2,38.48319,-122.44323,195.538,30.386,0.0,-69,0.265,1.000,0.587
2014/10/01 14:23:16,2,38.48366,-122.44379,196.522,31.087,0.0,-69,0.398,0.958,0.714
2014/10/01 14:23:21,2,38.48412,-122.44434,198.819,31.394,0.0,-69,0.387,0.625,0.663
2014/10/01 14:23:26,2,38.48462,-122.44492,200.787,33.987,0.0,-63,0.315,0.583,1.546
2014/10/01 14:23:31,2,38.48511,-122.44548,203.740,32.418,0.0,-63,0.282,0.708,0.368
2014/10/01 14:23:36,2,38.48562,-122.44609,206.037,36.287,0.0,-63,0.428,1.292,0.370
2014/10/01 14:23:41,2,38.48612,-122.44671,206.693,32.491,0.0,-63,0.555,0.000,0.306
2014/10/01 14:23:46,2,38.48660,-122.44728,204.724,31.906,0.0,-63,0.674,0.000,0.250
2014/10/01 14:23:51,2,38.48706,-122.44782,205.709,29.834,0.0,-63,0.876,0.042,0.215
2014/10/01 14:23:56,2,38.48747,-122.44830,207.677,25.929,0.0,-63,0.640,0.000,0.399
2014/10/01 14:24:01,2,38.48783,-122.44873,207.677,22.496,0.0,-73,0.511,0.667,0.550
2014/10/01 14:24:06,2,38.48819,-122.44915,209.318,27.289,0.0,-73,0.493,1.417,0.287
2014/10/01 14:24:11,2,38.48862,-122.44967,210.302,30.097,0.0,-73,0.450,0.625,1.198
2014/10/01 14:24:16,2,38.48904,-122.45016,211.614,27.637,0.0,-73,0.352,0.542,0.903
2014/10/01 14:24:21,2,38.48945,-122.45066,213.255,29.740,0.0,-73,0.570,0.917,0.643
2014/10/01 14:24:26,2,38.48993,-122.45122,212.270,33.514,0.0,-73,0.988,0.958,0.362
2014/10/01 14:24:31,2,38.49044,-122.45182,213.911,34.615,0.0,-53,0.695,1.250,0.290
2014/10/01 14:24:36,2,38.49098,-122.45245,214.239,37.656,0.0,-53,1.038,1.250,0.462
2014/10/01 14:24:41,2,38.49155,-122.45312,217.520,39.724,0.0,-53,0.558,0.667,0.462
2014/10/01 14:24:46,2,38.49216,-122.45383,219.816,41.301,0.0,-53,0.731,0.833,0.481
2014/10/01 14:24:51,2,38.49272,-122.45450,220.144,36.933,0.0,-53,0.904,1.000,0.551
2014/10/01 14:24:56,2,38.49328,-122.45516,221.457,38.843,0.0,-53,0.602,0.000,0.486
2014/10/01 14:25:01,2,38.49383,-122.45579,221.785,35.837,0.0,-85,0.430,0.000,0.246
2014/10/01 14:25:06,2,38.49438,-122.45642,223.753,37.647,0.0,-85,0.494,0.000,0.303
2014/10/01 14:25:11,2,38.49494,-122.45707,225.722,37.372,0.0,-85,0.644,0.042,0.670
2014/10/01 14:25:16,2,38.49550,-122.45770,225.066,37.218,0.0,-85,0.599,0.542,0.771
2014/10/01 14:25:21,2,38.49606,-122.45834,224.738,37.946,0.0,-85,0.573,0.750,0.578
2014/10/01 14:25:26,2,38.49664,-122.45900,226.706,38.262,0.0,-85,0.655,0.708,0.699
2014/10/01 14:25:31,2,38.49716,-122.45961,231.955,33.627,0.0,-65,0.590,0.958,0.505
2014/10/01 14:25:36,2,38.49764,-122.46015,234.908,31.396,0.0,-65,0.570,0.750,0.390
2014/10/01 14:25:41,2,38.49813,-122.46070,233.924,32.619,0.0,-65,0.482,0.958,0.438
2014/10/01 14:25:46,2,38.49863,-122.46125,231.955,31.274,0.0,-65,0.550,1.125,0.765
2014/10/01 14:25:51,2,38.49909,-122.46178,230.971,31.563,0.0,-65,0.676,0.875,0.711
2014/10/01 14:25:56,2,38.49959,-122.46235,230.971,34.461,0.0,-65,0.769,1.083,0.472
2014/10/01 14:26:01,2,38.50011,-122.46296,229.987,34.936,0.0,-65,0.702,1.000,0.751
2014/10/01 14:26:06,2,38.50063,-122.46354,231.627,33.131,0.0,-87,0.924,0.625,0.699
2014/10/01 14:26:11,2,38.50105,-122.46403,234.908,23.845,0.0,-87,0.388,0.000,0.371
2014/10/01 14:26:16,2,38.50140,-122.46441,236.220,21.997,0.0,-87,0.834,0.000,0.350
2014/10/01 14:26:21,2,38.50165,-122.46470,234.908,12.359,0.0,-87,0.772,0.042,0.395
2014/10/01 14:26:26,2,38.50182,-122.46488,237.861,10.900,0.0,-87,1.013,0.000,0.615
2014/10/01 14:26:31,2,38.50196,-122.46503,239.501,5.113,0.0,-87,0.863,1.125,0.413
2014/10/01 14:26:36,2,38.50203,-122.46510,237.861,3.344,0.0,-79,0.000,1.333,0.467
2014/10/01 14:26:41,2,38.50205,-122.46513,236.549,0.029,0.0,-79,1.198,1.208,0.386
2014/10/01 14:26:46,2,38.50205,-122.46513,233.268,0.048,0.0,-79,1.277,0.750,0.390
2014/10/01 14:26:51,2,38.50206,-122.46513,233.596,0.399,0.0,-79,0.805,0.958,0.333
2014/10/01 14:26:56,2,38.50206,-122.46514,237.205,0.004,0.0,-79,0.572,1.458,0.330
2014/10/01 14:27:01,2,38.50206,-122.46514,236.549,1.238,0.0,-79,0.330,1.125,0.471
2014/10/01 14:27:06,2,38.50213,-122.46523,237.205,6.473,0.0,-63,0.521,1.333,0.298
2014/10/01 14:27:11,2,38.50223,-122.46534,235.564,6.268,0.0,-63,0.993,0.000,0.262
2014/10/01 14:27:16,2,38.50235,-122.46548,234.580,9.200,0.0,-63,0.835,0.000,0.451
2014/10/01 14:27:21,2,38.50250,-122.46568,231.955,10.514,0.0,-63,1.227,0.042,0.404
2014/10/01 14:27:26,2,38.50264,-122.46590,231.299,13.142,0.0,-63,0.911,0.917,0.467
2014/10/01 14:27:31,2,38.50282,-122.46619,231.627,14.699,0.0,-63,0.553,0.833,0.761
2014/10/01 14:27:36,2,38.50302,-122.46648,232.612,14.478,0.0,-83,0.319,0.625,0.799
2014/10/01 14:27:41,2,38.50314,-122.46667,235.236,0.179,0.0,-83,0.251,0.708,0.575
2014/10/01 14:27:46,2,38.50316,-122.46670,236.549,5.919,0.0,-83,0.387,0.000,0.338
2014/10/01 14:27:51,2,38.50329,-122.46668,240.157,4.818,0.0,-83,0.476,0.917,0.531
2014/10/01 14:27:56,2,38.50336,-122.46664,235.236,3.286,0.0,-83,0.498,0.833,0.378
2014/10/01 14:28:01,2,38.50338,-122.46661,242.454,3.336,0.0,-83,0.707,1.083,0.517
2014/10/01 14:28:06,2,38.50350,-122.46651,244.751,10.082,0.0,-83,0.498,0.833,0.973
2014/10/01 14:28:11,2,38.50369,-122.46630,247.047,12.630,0.0,-81,0.765,0.833,0.515
2014/10/01 14:28:16,2,38.50384,-122.46630,243.110,7.307,0.0,-81,0.506,0.458,0.730
2014/10/01 14:28:21,2,38.50399,-122.46650,228.675,12.853,0.0,-81,0.779,0.750,0.650
2014/10/01 14:28:26,2,38.50417,-122.46679,230.643,15.694,0.0,-81,0.753,0.333,0.940
2014/10/01 14:28:31,2,38.50436,-122.46711,232.612,16.203,0.0,-81,0.638,0.000,0.487
2014/10/01 14:28:36,2,38.50457,-122.46746,240.814,17.964,0.0,-81,0.471,0.708,0.363
2014/10/01 14:28:41,2,38.50478,-122.46781,241.798,15.836,0.0,-89,0.650,0.000,0.415
2014/10/01 14:28:46,2,38.50490,-122.46801,242.782,2.318,0.0,-89,0.568,0.000,0.955
2014/10/01 14:28:51,2,38.50493,-122.46811,243.766,6.471,0.0,-89,0.500,0.042,0.575
2014/10/01 14:28:56,2,38.50482,-122.46827,250.328,11.491,0.0,-89,0.418,0.708,0.591
2014/10/01 14:29:01,2,38.50462,-122.46847,256.234,13.607,0.0,-89,0.184,1.000,1.618
2014/10/01 14:29:06,2,38.50447,-122.46867,249.016,3.119,0.0,-89,0.254,0.458,1.010
2014/10/01 14:29:11,2,38.50448,-122.46868,248.360,0.629,0.0,-79,0.401,0.500,0.426
2014/10/01 14:29:16,2,38.50446,-122.46869,250.000,0.592,0.0,-79,0.551,0.458,0.963
2014/10/01 14:29:21,2,38.50441,-122.46871,258.858,4.122,0.0,-79,0.622,0.542,0.610
2014/10/01 14:29:26,2,38.50433,-122.46871,251.312,5.490,0.0,-79,0.414,0.500,0.518
2014/10/01 14:29:31,2,38.50428,-122.46865,253.937,1.980,0.0,-79,0.209,0.000,1.175
2014/10/01 14:29:36,2,38.50425,-122.46860,255.906,1.985,0.0,-79,0.245,0.375,1.911
2014/10/01 14:29:41,2,38.50422,-122.46854,259.514,2.521,0.0,-81,0.432,0.250,0.835
2014/10/01 14:29:46,2,38.50417,-122.46847,264.436,3.420,0.0,-81,0.481,0.417,0.932
2014/10/01 14:29:51,2,38.50413,-122.46835,259.514,7.271,0.0,-81,0.398,0.417,1.078
2014/10/01 14:29:56,2,38.50406,-122.46824,263.123,0.077,0.0,-81,0.504,0.333,0.501
2014/10/01 14:30:01,2,38.50403,-122.46824,256.890,1.216,0.0,-81,0.887,0.917,0.538
2014/10/01 14:30:06,2,38.50398,-122.46815,253.937,6.372,0.0,-81,0.462,0.875,0.570
2014/10/01 14:30:11,2,38.50390,-122.46805,251.640,6.671,0.0,-81,0.000,0.583,0.631
2014/10/01 14:30:16,2,38.50381,-122.46793,256.890,4.855,0.0,-83,0.531,0.417,1.131
2014/10/01 14:30:21,2,38.50376,-122.46786,261.155,1.215,0.0,-83,0.517,0.583,0.403
2014/10/01 14:30:26,2,38.50374,-122.46785,263.780,0.119,0.0,-83,0.252,0.792,0.457
2014/10/01 14:30:31,2,38.50373,-122.46784,265.420,0.833,0.0,-83,0.844,0.000,0.311
2014/10/01 14:30:36,2,38.50371,-122.46779,265.748,3.249,0.0,-83,0.629,0.000,0.643
2014/10/01 14:30:41,2,38.50364,-122.46768,264.108,6.675,0.0,-83,0.380,0.042,0.567
2014/10/01 14:30:46,2,38.50353,-122.46749,264.108,9.318,0.0,-79,0.420,0.667,0.406
2014/10/01 14:30:51,2,38.50350,-122.46739,261.155,1.396,0.0,-79,0.842,1.083,0.466
2014/10/01 14:30:56,2,38.50349,-122.46737,259.843,0.095,0.0,-79,1.039,1.167,0.701
2014/10/01 14:31:01,2,38.50349,-122.46736,257.546,0.194,0.0,-79,0.823,0.833,0.462
2014/10/01 14:31:06,2,38.50347,-122.46735,256.562,0.056,0.0,-79,0.991,0.833,0.667
2014/10/01 14:31:11,2,38.50346,-122.46734,260.499,0.096,0.0,-79,0.692,0.750,0.489
2014/10/01 14:31:16,2,38.50346,-122.46733,257.546,0.177,0.0,-83,0.558,1.042,0.430
2014/10/01 14:31:21,2,38.50347,-122.46732,250.984,0.536,0.0,-83,0.743,0.917,0.611
2014/10/01 14:31:26,2,38.50348,-122.46732,243.438,0.098,0.0,-83,0.853,0.833,0.290
2014/10/01 14:31:31,2,38.50346,-122.46724,244.751,5.691,0.0,-83,0.636,0.833,0.382
2014/10/01 14:31:36,2,38.50345,-122.46714,246.063,2.788,0.0,-83,0.425,1.042,0.475
2014/10/01 14:31:41,2,38.50349,-122.46708,246.391,2.516,0.0,-83,0.484,0.000,0.323
2014/10/01 14:31:46,2,38.50348,-122.46704,258.202,1.157,0.0,-81,0.676,0.000,0.338
2014/10/01 14:31:51,2,38.50343,-122.46704,279.199,4.122,0.0,-81,0.817,0.042,0.811
