Date-Time,DOP,Latitude,Longitude,Altitude (ft),Speed (mph),Heading (deg),mod1 SS (dBm),mod1 Down (Mbs),mod1 Up (Mbs),mod1 Ping (Sec)
2014/10/02 12:41:04,1,38.54403,-121.74073,66.273,0.014,0.0,-69,1.313,0.667,0.368
2014/10/02 12:41:09,1,38.54405,-121.74072,80.709,0.157,0.0,-69,1.344,0.000,0.594
2014/10/02 12:41:14,1,38.54406,-121.74072,94.488,0.011,0.0,-69,1.609,0.167,0.837
2014/10/02 12:41:19,1,38.54408,-121.74072,104.987,0.013,0.0,-69,1.250,0.250,0.619
2014/10/02 12:41:24,1,38.54408,-121.74072,107.283,0.016,0.0,-69,1.311,0.250,0.623
2014/10/02 12:41:29,2,38.54408,-121.74071,113.517,0.023,0.0,-69,1.266,0.250,0.709
2014/10/02 12:41:34,2,38.54408,-121.74071,125.656,0.042,0.0,-69,1.128,0.000,0.577
2014/10/02 12:41:39,2,38.54408,-121.74071,125.000,0.072,0.0,-71,1.023,0.417,0.944
2014/10/02 12:41:44,2,38.54407,-121.74071,123.688,0.185,0.0,-71,0.897,0.250,0.349
2014/10/02 12:41:49,2,38.54406,-121.74071,112.533,0.124,0.0,-71,0.456,0.083,0.581
2014/10/02 12:41:54,2,38.54405,-121.74071,106.627,0.266,0.0,-71,1.121,0.208,0.530
2014/10/02 12:41:59,2,38.54405,-121.74072,102.690,0.113,0.0,-71,0.827,0.000,0.722
2014/10/02 12:42:04,2,38.54407,-121.74072,101.706,1.286,0.0,-71,1.542,0.250,0.424
2014/10/02 12:42:09,2,38.54407,-121.74074,93.832,0.897,0.0,-71,1.577,0.208,0.329
2014/10/02 12:42:14,2,38.54407,-121.74076,86.942,0.968,0.0,-71,1.506,0.375,0.665
2014/10/02 12:42:19,1,38.54404,-121.74076,75.131,0.154,0.0,-71,1.128,0.333,0.597
2014/10/02 12:42:24,1,38.54405,-121.74065,74.803,8.444,0.0,-71,1.308,0.500,0.394
2014/10/02 12:42:30,2,38.54408,-121.74044,68.241,5.727,0.0,-71,1.083,0.417,0.561
2014/10/02 12:42:35,2,38.54410,-121.74034,70.538,1.366,0.0,-71,1.154,0.375,0.592
2014/10/02 12:42:40,2,38.54410,-121.74033,89.239,0.912,0.0,-69,1.093,0.208,0.588
2014/10/02 12:42:45,2,38.54411,-121.74030,104.987,0.114,0.0,-69,1.225,0.000,0.493
2014/10/02 12:42:50,2,38.54411,-121.74030,109.908,0.404,0.0,-69,1.837,0.250,0.288
2014/10/02 12:42:55,2,38.54414,-121.74024,129.921,4.995,0.0,-69,1.247,0.250,0.416
2014/10/02 12:43:00,2,38.54436,-121.74023,127.297,16.050,0.0,-69,1.198,0.250,0.418
2014/10/02 12:43:05,2,38.54456,-121.74029,121.391,5.447,0.0,-69,1.096,0.250,0.746
2014/10/02 12:43:10,2,38.54461,-121.74029,111.877,0.026,0.0,-65,1.372,0.458,0.598
2014/10/02 12:43:15,2,38.54461,-121.74029,107.612,0.034,0.0,-65,1.192,0.458,0.240
2014/10/02 12:43:20,2,38.54462,-121.74029,106.627,0.695,0.0,-65,1.868,0.000,0.302
2014/10/02 12:43:25,2,38.54470,-121.74032,104.003,9.246,0.0,-65,1.539,0.333,0.318
2014/10/02 12:43:30,2,38.54472,-121.74061,99.409,9.854,0.0,-65,1.567,0.417,0.437
2014/10/02 12:43:35,2,38.54471,-121.74075,95.472,2.286,0.0,-65,1.490,0.250,0.698
2014/10/02 12:43:40,2,38.54472,-121.74081,95.472,0.035,0.0,-65,1.594,0.458,0.470
2014/10/02 12:43:45,2,38.54471,-121.74085,101.706,3.369,0.0,-63,1.285,0.458,0.496
2014/10/02 12:43:50,2,38.54471,-121.74090,103.675,0.031,0.0,-63,1.260,0.417,0.000
2014/10/02 12:43:55,2,38.54470,-121.74091,104.331,0.634,0.0,-63,1.709,0.000,0.000
2014/10/02 12:44:00,2,38.54469,-121.74099,102.362,3.601,0.0,-63,1.236,0.542,0.243
2014/10/02 12:44:05,2,38.54468,-121.74105,92.848,2.824,0.0,-63,0.847,0.250,0.858
2014/10/02 12:44:10,2,38.54467,-121.74109,84.974,2.325,0.0,-63,0.884,0.000,1.266
2014/10/02 12:44:15,2,38.54467,-121.74113,79.724,1.841,0.0,-65,1.263,0.000,0.925
2014/10/02 12:44:20,2,38.54466,-121.74122,78.740,4.296,0.0,-65,0.930,0.000,1.265
2014/10/02 12:44:25,2,38.54464,-121.74132,78.084,3.960,0.0,-65,0.736,0.000,0.697
2014/10/02 12:44:30,1,38.54464,-121.74137,73.491,2.061,0.0,-65,0.657,0.000,0.969
2014/10/02 12:44:35,1,38.54463,-121.74139,68.898,3.858,0.0,-65,1.116,0.000,0.841
2014/10/02 12:44:40,1,38.54447,-121.74149,75.459,13.199,0.0,-65,1.471,0.000,0.277
2014/10/02 12:44:45,1,38.54421,-121.74142,84.974,12.020,0.0,-67,1.116,0.000,0.753
2014/10/02 12:44:50,2,38.54409,-121.74135,89.239,3.168,0.0,-67,1.455,0.042,0.438
2014/10/02 12:44:55,2,38.54401,-121.74134,90.879,5.342,0.0,-67,1.756,0.375,0.377
2014/10/02 12:45:00,2,38.54377,-121.74127,109.580,14.730,0.0,-67,1.279,0.250,0.329
2014/10/02 12:45:05,2,38.54352,-121.74121,139.108,4.245,0.0,-67,1.167,0.208,0.574
2014/10/02 12:45:10,2,38.54351,-121.74121,151.247,0.058,0.0,-67,1.455,0.250,0.257
2014/10/02 12:45:15,2,38.54350,-121.74120,161.745,4.141,0.0,-73,1.189,0.167,0.426
2014/10/02 12:45:20,2,38.54342,-121.74118,168.307,1.718,0.0,-73,1.353,0.000,0.570
2014/10/02 12:45:25,2,38.54324,-121.74113,174.541,13.481,0.0,-73,1.041,0.458,0.650
2014/10/02 12:45:30,2,38.54299,-121.74106,175.525,10.743,0.0,-73,0.775,0.292,0.483
2014/10/02 12:45:35,2,38.54273,-121.74098,134.186,13.571,0.0,-73,1.090,0.167,0.766
2014/10/02 12:45:40,2,38.54259,-121.74096,118.110,1.377,0.0,-73,1.347,0.375,0.485
2014/10/02 12:45:45,2,38.54259,-121.74097,113.517,0.097,0.0,-73,1.894,0.542,0.426
2014/10/02 12:45:50,2,38.54260,-121.74097,112.205,0.019,0.0,-69,1.940,0.583,0.347
2014/10/02 12:45:55,2,38.54261,-121.74095,98.097,0.054,0.0,-69,1.910,0.500,0.318
2014/10/02 12:46:00,2,38.54259,-121.74094,97.441,0.028,0.0,-69,1.924,0.333,0.254
2014/10/02 12:46:05,2,38.54257,-121.74093,87.270,0.054,0.0,-69,1.717,0.417,0.537
2014/10/02 12:46:10,2,38.54255,-121.74092,84.318,0.017,0.0,-69,2.033,0.375,0.287
2014/10/02 12:46:15,2,38.54256,-121.74093,79.068,0.030,0.0,-69,2.179,0.375,0.341
2014/10/02 12:46:20,2,38.54256,-121.74093,76.444,0.014,0.0,-69,0.000,0.417,0.288
2014/10/02 12:46:25,2,38.54256,-121.74093,78.740,0.030,0.0,-69,1.987,0.375,0.271
2014/10/02 12:46:30,2,38.54256,-121.74093,76.444,0.197,0.0,-69,2.076,0.417,0.607
2014/10/02 12:46:35,2,38.54255,-121.74094,68.898,0.125,0.0,-69,1.770,0.000,0.750
2014/10/02 12:46:40,2,38.54242,-121.74090,59.055,11.879,0.0,-69,1.686,0.667,0.906
2014/10/02 12:46:45,2,38.54202,-121.74081,64.633,19.931,0.0,-69,0.907,0.333,0.642
2014/10/02 12:46:50,2,38.54173,-121.74045,57.743,19.794,0.0,-63,1.192,0.208,1.814
2014/10/02 12:46:55,2,38.54150,-121.74001,50.197,19.819,0.0,-63,0.286,0.167,2.531
2014/10/02 12:47:00,2,38.54137,-121.73971,56.430,12.154,0.0,-63,0.587,0.208,1.469
2014/10/02 12:47:05,2,38.54121,-121.73948,60.367,5.270,0.0,-63,0.856,0.208,0.462
2014/10/02 12:47:10,2,38.54116,-121.73941,61.024,1.004,0.0,-63,1.013,0.000,1.968
2014/10/02 12:47:15,2,38.54119,-121.73937,56.102,0.075,0.0,-63,0.654,0.333,1.222
2014/10/02 12:47:20,2,38.54121,-121.73935,47.900,0.082,0.0,-75,0.407,0.000,0.814
2014/10/02 12:47:25,2,38.54121,-121.73930,42.651,6.352,0.0,-75,0.378,0.250,2.198
2014/10/02 12:47:30,2,38.54103,-121.73903,51.509,14.214,0.0,-75,0.882,0.250,1.346
2014/10/02 12:47:35,2,38.54082,-121.73873,57.087,20.131,0.0,-75,0.500,0.250,0.630
2014/10/02 12:47:40,2,38.54057,-121.73821,56.102,21.421,0.0,-75,1.022,0.125,2.058
2014/10/02 12:47:45,2,38.54042,-121.73787,60.039,11.855,0.0,-75,0.683,0.250,0.629
2014/10/02 12:47:50,2,38.54024,-121.73751,58.071,22.944,0.0,-75,1.100,0.000,1.278
2014/10/02 12:47:55,2,38.53966,-121.73743,55.446,35.215,0.0,-71,0.964,0.000,1.325
2014/10/02 12:48:00,2,38.53891,-121.73762,44.291,39.366,0.0,-71,1.064,0.000,0.329
2014/10/02 12:48:05,2,38.53820,-121.73824,47.572,46.648,0.0,-71,1.186,0.000,0.241
2014/10/02 12:48:10,2,38.53743,-121.73912,44.619,55.778,0.0,-71,1.372,0.042,1.437
2014/10/02 12:48:15,2,38.53655,-121.74018,36.089,63.961,0.0,-71,0.743,0.208,1.382
2014/10/02 12:48:20,2,38.53555,-121.74135,32.152,70.384,0.0,-71,0.590,0.000,1.917
2014/10/02 12:48:25,2,38.53450,-121.74260,25.591,72.574,0.0,-79,0.269,0.208,1.169
2014/10/02 12:48:30,2,38.53353,-121.74386,26.575,65.479,0.0,-79,0.484,0.167,0.482
2014/10/02 12:48:35,2,38.53270,-121.74512,38.058,65.119,0.0,-79,0.554,0.375,0.356
2014/10/02 12:48:40,2,38.53193,-121.74654,46.916,69.610,0.0,-79,1.276,0.500,0.000
2014/10/02 12:48:45,2,38.53123,-121.74814,52.493,72.372,0.0,-79,0.417,0.250,1.203
2014/10/02 12:48:50,2,38.53065,-121.74987,60.367,75.067,0.0,-79,0.642,0.000,1.632
2014/10/02 12:48:55,2,38.53019,-121.75174,61.024,76.959,0.0,-65,0.336,0.250,0.462
2014/10/02 12:49:00,2,38.52984,-121.75366,60.696,76.920,0.0,-65,1.018,0.625,0.518
2014/10/02 12:49:05,2,38.52940,-121.75553,58.727,74.996,0.0,-65,0.810,0.500,1.027
2014/10/02 12:49:10,2,38.52888,-121.75732,61.024,74.449,0.0,-65,0.849,0.292,2.006
2014/10/02 12:49:15,2,38.52823,-121.75907,57.415,76.625,0.0,-65,0.385,0.250,1.042
2014/10/02 12:49:20,2,38.52745,-121.76079,48.556,78.495,0.0,-65,0.420,0.333,0.567
2014/10/02 12:49:25,2,38.52654,-121.76247,42.651,80.778,0.0,-65,0.590,0.292,1.258
2014/10/02 12:49:30,2,38.52549,-121.76409,39.698,82.968,0.0,-65,0.866,0.333,0.490
2014/10/02 12:49:35,2,38.52433,-121.76561,35.105,84.030,0.0,-65,0.833,0.250,0.354
2014/10/02 12:49:40,2,38.52307,-121.76701,35.433,81.216,0.0,-65,0.830,0.500,0.606
2014/10/02 12:49:45,2,38.52188,-121.76828,40.026,73.585,0.0,-65,1.253,0.000,0.858
2014/10/02 12:49:50,2,38.52078,-121.76944,45.604,70.702,0.0,-65,1.099,0.417,0.714
2014/10/02 12:49:55,2,38.51969,-121.77062,54.790,71.972,0.0,-55,0.997,0.167,0.809
2014/10/02 12:50:00,2,38.51855,-121.77184,59.711,75.647,0.0,-55,0.779,0.167,0.000
2014/10/02 12:50:05,2,38.51741,-121.77307,60.696,73.009,0.0,-55,0.706,0.000,0.289
2014/10/02 12:50:10,2,38.51635,-121.77422,59.055,66.229,0.0,-55,0.917,0.167,1.461
2014/10/02 12:50:15,2,38.51532,-121.77531,56.759,67.243,0.0,-55,0.602,0.083,0.738
2014/10/02 12:50:20,2,38.51429,-121.77642,56.102,67.547,0.0,-55,1.237,0.375,0.486
2014/10/02 12:50:25,2,38.51323,-121.77755,55.446,70.231,0.0,-55,0.912,0.167,0.318
2014/10/02 12:50:30,2,38.51215,-121.77871,57.415,69.103,0.0,-73,1.033,1.000,0.626
2014/10/02 12:50:35,2,38.51109,-121.77983,55.118,68.517,0.0,-73,0.859,0.458,0.423
2014/10/02 12:50:40,2,38.51002,-121.78097,55.118,71.041,0.0,-73,1.407,0.875,0.471
2014/10/02 12:50:45,2,38.50890,-121.78217,54.134,73.939,0.0,-73,1.160,0.000,0.641
2014/10/02 12:50:50,2,38.50774,-121.78341,54.790,75.981,0.0,-73,1.096,0.375,0.689
2014/10/02 12:50:55,2,38.50658,-121.78465,54.134,74.491,0.0,-73,1.366,0.417,0.243
2014/10/02 12:51:00,2,38.50547,-121.78584,53.478,71.214,0.0,-65,1.788,0.000,0.393
2014/10/02 12:51:05,2,38.50439,-121.78700,52.493,69.103,0.0,-65,1.375,0.000,0.286
2014/10/02 12:51:10,2,38.50331,-121.78815,52.493,71.141,0.0,-65,1.917,0.042,0.501
2014/10/02 12:51:15,2,38.50220,-121.78933,54.790,72.224,0.0,-65,1.942,0.500,0.369
2014/10/02 12:51:20,2,38.50110,-121.79050,56.102,70.979,0.0,-65,1.404,0.375,0.542
2014/10/02 12:51:25,2,38.50000,-121.79169,58.071,72.638,0.0,-65,0.875,0.250,1.130
2014/10/02 12:51:30,2,38.49886,-121.79290,61.024,74.209,0.0,-65,1.113,0.333,0.814
2014/10/02 12:51:35,2,38.49773,-121.79411,60.367,73.018,0.0,-65,1.849,0.375,0.386
2014/10/02 12:51:40,2,38.49660,-121.79529,59.711,71.157,0.0,-65,2.035,0.583,0.358
2014/10/02 12:51:45,2,38.49550,-121.79645,57.743,72.169,0.0,-65,2.109,0.583,0.457
2014/10/02 12:51:50,2,38.49440,-121.79764,57.087,71.032,0.0,-65,1.754,0.458,0.398
2014/10/02 12:51:55,2,38.49334,-121.79877,57.743,66.940,0.0,-65,2.131,0.417,0.351
2014/10/02 12:52:00,2,38.49231,-121.79988,57.415,67.479,0.0,-51,2.292,0.708,0.378
2014/10/02 12:52:05,2,38.49126,-121.80099,55.118,68.591,0.0,-51,1.910,0.667,0.290
2014/10/02 12:52:10,2,38.49023,-121.80216,53.478,68.523,0.0,-51,2.202,0.417,0.351
2014/10/02 12:52:15,2,38.48924,-121.80339,50.525,68.133,0.0,-51,2.135,0.000,0.374
2014/10/02 12:52:20,2,38.48831,-121.80458,48.228,62.553,0.0,-51,1.464,0.542,0.246
2014/10/02 12:52:25,2,38.48741,-121.80572,41.667,64.517,0.0,-51,1.503,0.083,1.219
2014/10/02 12:52:30,2,38.48648,-121.80690,39.698,64.235,0.0,-51,0.910,0.125,0.779
2014/10/02 12:52:35,2,38.48556,-121.80807,39.370,65.577,0.0,-51,0.376,0.208,0.773
2014/10/02 12:52:40,2,38.48461,-121.80928,40.026,67.251,0.0,-51,0.954,0.792,0.396
2014/10/02 12:52:45,2,38.48365,-121.81050,40.682,68.103,0.0,-51,1.545,0.833,0.338
2014/10/02 12:52:50,2,38.48267,-121.81173,41.339,68.769,0.0,-51,1.538,1.125,0.405
2014/10/02 12:52:55,2,38.48168,-121.81299,42.323,69.266,0.0,-51,1.212,0.000,0.878
2014/10/02 12:53:00,2,38.48070,-121.81423,43.963,68.398,0.0,-51,1.371,0.458,0.393
2014/10/02 12:53:05,2,38.47975,-121.81544,43.963,64.823,0.0,-65,1.064,0.417,0.771
2014/10/02 12:53:10,2,38.47881,-121.81663,41.010,67.611,0.0,-65,0.919,0.000,1.001
2014/10/02 12:53:15,2,38.47782,-121.81789,37.730,70.913,0.0,-65,0.411,0.000,0.779
2014/10/02 12:53:20,2,38.47681,-121.81917,36.745,70.742,0.0,-65,0.933,0.000,1.163
2014/10/02 12:53:25,2,38.47580,-121.82046,38.714,71.969,0.0,-65,0.455,0.000,2.250
2014/10/02 12:53:30,2,38.47479,-121.82173,41.339,70.030,0.0,-65,1.173,0.000,0.562
2014/10/02 12:53:35,2,38.47381,-121.82299,43.307,68.809,0.0,-77,0.000,0.042,0.506
2014/10/02 12:53:40,2,38.47286,-121.82420,44.619,64.038,0.0,-77,0.802,0.250,0.977
2014/10/02 12:53:45,2,38.47203,-121.82528,44.619,56.002,0.0,-77,0.875,0.167,5.290
2014/10/02 12:53:50,2,38.47125,-121.82627,42.979,54.227,0.0,-77,0.000,0.000,2.439
2014/10/02 12:53:55,2,38.47048,-121.82727,42.979,53.142,0.0,-77,0.000,0.000,0.491
2014/10/02 12:54:00,2,38.46969,-121.82823,43.307,55.533,0.0,-77,0.000,0.000,0.607
2014/10/02 12:54:05,2,38.46888,-121.82927,43.963,57.910,0.0,-53,0.000,0.000,0.632
2014/10/02 12:54:10,2,38.46804,-121.83034,43.963,59.506,0.0,-53,0.003,0.000,1.831
2014/10/02 12:54:15,2,38.46718,-121.83145,45.276,62.250,0.0,-53,0.108,0.000,1.863
2014/10/02 12:54:20,2,38.46628,-121.83260,47.900,64.127,0.0,-53,0.193,0.000,0.000
2014/10/02 12:54:25,2,38.46536,-121.83379,48.228,66.086,0.0,-53,0.160,0.000,4.950
2014/10/02 12:54:30,2,38.46440,-121.83502,47.244,69.613,0.0,-53,0.195,0.000,3.410
2014/10/02 12:54:35,2,38.46339,-121.83632,47.244,72.892,0.0,-53,0.183,0.000,3.610
2014/10/02 12:54:40,2,38.46236,-121.83764,48.885,72.018,0.0,-59,0.183,0.000,0.000
2014/10/02 12:54:45,2,38.46134,-121.83895,51.509,72.709,0.0,-59,0.195,0.000,3.750
2014/10/02 12:54:50,2,38.46031,-121.84029,51.181,73.359,0.0,-59,0.183,0.000,3.971
2014/10/02 12:54:55,2,38.45928,-121.84161,52.165,71.722,0.0,-59,0.180,0.042,0.000
2014/10/02 12:55:00,2,38.45826,-121.84291,50.853,72.906,0.0,-59,0.192,0.000,3.751
2014/10/02 12:55:05,2,38.45723,-121.84425,50.853,73.381,0.0,-59,0.205,0.000,3.426
2014/10/02 12:55:10,2,38.45619,-121.84558,52.165,73.526,0.0,-67,0.183,0.083,3.688
2014/10/02 12:55:15,2,38.45514,-121.84693,52.493,74.849,0.0,-67,0.187,0.083,3.474
2014/10/02 12:55:20,2,38.45408,-121.84830,53.478,75.515,0.0,-67,0.195,0.000,0.000
2014/10/02 12:55:25,2,38.45300,-121.84969,52.822,77.261,0.0,-67,0.135,0.000,3.546
2014/10/02 12:55:30,2,38.45191,-121.85109,52.493,77.220,0.0,-67,0.192,0.083,3.511
2014/10/02 12:55:35,2,38.45081,-121.85249,50.525,76.894,0.0,-67,0.183,0.208,3.631
2014/10/02 12:55:40,2,38.44974,-121.85387,49.541,74.643,0.0,-73,0.176,0.000,0.000
2014/10/02 12:55:45,2,38.44869,-121.85522,47.900,74.710,0.0,-73,0.179,0.250,4.329
2014/10/02 12:55:50,2,38.44765,-121.85655,47.900,71.350,0.0,-73,0.116,0.000,0.000
2014/10/02 12:55:55,2,38.44665,-121.85784,47.572,70.597,0.0,-73,0.160,0.000,5.571
2014/10/02 12:56:00,2,38.44565,-121.85912,45.604,70.980,0.0,-73,0.157,0.167,2.451
2014/10/02 12:56:05,2,38.44463,-121.86043,45.276,72.506,0.0,-73,0.195,0.083,3.424
2014/10/02 12:56:10,2,38.44359,-121.86177,42.979,73.902,0.0,-75,0.192,0.000,0.000
2014/10/02 12:56:15,2,38.44256,-121.86310,42.323,72.681,0.0,-75,0.160,0.000,3.833
2014/10/02 12:56:20,2,38.44156,-121.86438,40.682,69.433,0.0,-75,0.183,0.208,4.066
2014/10/02 12:56:25,2,38.44056,-121.86566,40.354,72.325,0.0,-75,0.183,0.333,4.231
2014/10/02 12:56:30,2,38.43952,-121.86700,40.354,73.845,0.0,-75,0.176,0.000,0.000
2014/10/02 12:56:35,2,38.43850,-121.86833,39.042,70.836,0.0,-75,0.179,0.208,3.935
2014/10/02 12:56:40,2,38.43751,-121.86964,38.058,71.252,0.0,-75,0.189,0.000,2.989
2014/10/02 12:56:45,2,38.43653,-121.87093,36.745,69.765,0.0,-53,0.198,0.000,3.504
2014/10/02 12:56:50,2,38.43555,-121.87221,34.121,69.709,0.0,-53,0.196,0.250,0.000
2014/10/02 12:56:55,2,38.43456,-121.87351,33.465,71.508,0.0,-53,0.195,0.000,3.501
2014/10/02 12:57:00,2,38.43356,-121.87483,30.512,72.040,0.0,-53,0.202,0.208,3.161
2014/10/02 12:57:05,2,38.43255,-121.87617,31.824,72.216,0.0,-53,0.000,0.083,3.629
2014/10/02 12:57:10,2,38.43154,-121.87748,32.152,72.101,0.0,-53,0.198,0.000,0.000
2014/10/02 12:57:15,2,38.43052,-121.87882,31.496,73.140,0.0,-61,0.189,0.208,3.386
2014/10/02 12:57:20,2,38.42949,-121.88018,30.184,74.653,0.0,-61,0.132,0.125,5.058
2014/10/02 12:57:25,2,38.42844,-121.88156,29.528,75.194,0.0,-61,0.189,0.125,3.219
2014/10/02 12:57:30,2,38.42740,-121.88294,27.887,73.459,0.0,-61,0.209,0.000,0.000
2014/10/02 12:57:35,2,38.42638,-121.88427,27.231,72.613,0.0,-61,0.186,0.083,3.569
2014/10/02 12:57:40,2,38.42536,-121.88560,27.559,71.646,0.0,-61,0.173,0.000,4.510
2014/10/02 12:57:45,2,38.42439,-121.88690,25.591,69.650,0.0,-65,0.192,0.000,0.000
2014/10/02 12:57:50,2,38.42340,-121.88819,25.262,70.590,0.0,-65,0.196,0.125,3.309
2014/10/02 12:57:55,2,38.42240,-121.88951,25.262,72.751,0.0,-65,0.170,0.083,4.051
2014/10/02 12:58:00,2,38.42138,-121.89085,25.591,73.012,0.0,-65,0.208,0.000,3.270
2014/10/02 12:58:05,2,38.42038,-121.89216,25.919,70.825,0.0,-65,0.000,0.125,2.009
2014/10/02 12:58:10,2,38.41938,-121.89348,24.278,72.732,0.0,-65,0.000,0.208,0.797
2014/10/02 12:58:15,2,38.41834,-121.89484,23.294,75.085,0.0,-69,0.000,0.000,1.619
2014/10/02 12:58:20,2,38.41728,-121.89623,20.997,76.136,0.0,-69,0.000,0.292,3.202
2014/10/02 12:58:25,2,38.41623,-121.89762,19.357,73.317,0.0,-69,0.000,0.208,2.049
2014/10/02 12:58:30,2,38.41518,-121.89900,30.184,74.786,0.0,-69,0.000,0.208,1.870
2014/10/02 12:58:35,2,38.41412,-121.90039,38.714,76.008,0.0,-69,0.000,0.333,2.071
2014/10/02 12:58:40,2,38.41306,-121.90179,43.635,76.314,0.0,-69,0.000,0.208,2.050
2014/10/02 12:58:45,2,38.41199,-121.90319,46.588,76.741,0.0,-69,0.000,0.000,0.000
2014/10/02 12:58:50,2,38.41093,-121.90460,51.181,75.641,0.0,-79,0.000,0.000,0.000
2014/10/02 12:58:55,2,38.40987,-121.90598,54.790,75.439,0.0,-79,0.000,0.000,0.000
2014/10/02 12:59:00,2,38.40881,-121.90739,55.118,77.839,0.0,-79,0.000,0.000,0.000
2014/10/02 12:59:05,2,38.40770,-121.90884,55.774,80.123,0.0,-79,0.000,0.000,0.000
2014/10/02 12:59:10,2,38.40659,-121.91030,56.759,78.643,0.0,-79,0.000,0.000,0.000
2014/10/02 12:59:15,2,38.40549,-121.91175,58.399,79.380,0.0,-79,0.000,0.083,1.748
2014/10/02 12:59:20,2,38.40436,-121.91323,60.367,81.908,0.0,-75,0.000,0.208,2.205
2014/10/02 12:59:25,2,38.40323,-121.91477,62.008,80.932,0.0,-75,0.000,0.208,2.261
2014/10/02 12:59:30,2,38.40212,-121.91619,59.711,76.722,0.0,-75,0.000,0.000,0.000
2014/10/02 12:59:35,2,38.40104,-121.91759,57.415,77.037,0.0,-75,0.000,0.292,2.570
2014/10/02 12:59:40,2,38.39994,-121.91899,56.430,77.292,0.0,-75,0.000,0.208,2.683
2014/10/02 12:59:45,2,38.39885,-121.92039,55.446,76.464,0.0,-75,0.000,0.208,1.278
2014/10/02 12:59:50,2,38.39779,-121.92175,55.118,73.180,0.0,-69,0.000,0.208,3.721
2014/10/02 12:59:55,2,38.39677,-121.92306,54.462,70.840,0.0,-69,0.000,0.208,1.909
2014/10/02 13:00:00,2,38.39579,-121.92432,53.478,67.544,0.0,-69,0.000,0.208,2.366
2014/10/02 13:00:05,2,38.39485,-121.92553,53.806,66.541,0.0,-69,0.000,0.000,3.810
2014/10/02 13:00:10,2,38.39389,-121.92676,54.790,68.240,0.0,-69,0.000,0.208,1.710
2014/10/02 13:00:15,2,38.39293,-121.92799,54.790,67.431,0.0,-69,0.000,0.208,1.891
2014/10/02 13:00:20,2,38.39198,-121.92921,54.134,66.771,0.0,-51,0.000,0.208,2.218
2014/10/02 13:00:25,2,38.39102,-121.93043,54.134,67.913,0.0,-51,0.000,0.208,1.343
2014/10/02 13:00:30,2,38.39006,-121.93166,54.134,68.265,0.0,-51,0.000,0.208,1.949
2014/10/02 13:00:35,2,38.38908,-121.93292,55.118,70.148,0.0,-51,0.000,0.208,2.719
2014/10/02 13:00:40,2,38.38808,-121.93421,54.462,71.402,0.0,-51,0.000,0.000,2.082
2014/10/02 13:00:45,2,38.38709,-121.93550,55.446,70.474,0.0,-51,0.003,0.292,1.657
2014/10/02 13:00:50,2,38.38609,-121.93679,55.118,70.885,0.0,-51,0.057,0.000,1.398
2014/10/02 13:00:55,2,38.38508,-121.93809,55.118,72.124,0.0,-51,0.141,0.292,0.000
2014/10/02 13:01:00,2,38.38411,-121.93948,63.976,73.778,0.0,-51,0.214,0.042,3.961
2014/10/02 13:01:05,2,38.38314,-121.94089,75.131,73.247,0.0,-51,0.187,0.125,3.930
2014/10/02 13:01:10,2,38.38221,-121.94225,83.661,67.267,0.0,-51,0.205,0.083,3.379
2014/10/02 13:01:15,2,38.38130,-121.94351,84.646,67.915,0.0,-51,0.192,0.000,0.000
2014/10/02 13:01:20,2,38.38032,-121.94479,79.724,70.775,0.0,-51,0.171,0.125,3.948
2014/10/02 13:01:25,2,38.37931,-121.94610,76.444,72.691,0.0,-51,0.167,0.083,5.402
2014/10/02 13:01:30,2,38.37828,-121.94743,73.819,72.878,0.0,-51,0.000,0.000,0.000
2014/10/02 13:01:35,2,38.37726,-121.94876,71.850,73.140,0.0,-51,0.000,0.000,0.000
2014/10/02 13:01:40,2,38.37622,-121.95010,71.522,73.569,0.0,-51,0.000,0.000,0.000
2014/10/02 13:01:45,2,38.37517,-121.95143,70.210,73.524,0.0,-51,0.000,0.125,0.000
2014/10/02 13:01:50,2,38.37412,-121.95274,67.913,72.837,0.0,-51,0.000,0.125,3.946
2014/10/02 13:01:55,2,38.37308,-121.95401,69.882,70.862,0.0,-63,0.000,0.000,0.000
2014/10/02 13:02:00,2,38.37203,-121.95516,72.835,68.014,0.0,-63,0.000,0.000,5.450
2014/10/02 13:02:05,2,38.37099,-121.95630,77.756,68.662,0.0,-63,0.000,0.083,2.267
2014/10/02 13:02:10,2,38.36998,-121.95754,77.428,69.806,0.0,-63,0.000,0.125,1.213
2014/10/02 13:02:15,2,38.36900,-121.95881,80.052,69.232,0.0,-63,0.000,0.083,3.346
2014/10/02 13:02:20,2,38.36803,-121.96009,83.005,69.357,0.0,-63,0.000,0.125,1.227
2014/10/02 13:02:25,2,38.36705,-121.96138,86.286,71.076,0.0,-59,0.000,0.000,0.000
2014/10/02 13:02:30,2,38.36606,-121.96267,91.864,69.877,0.0,-59,0.000,0.083,7.886
2014/10/02 13:02:35,2,38.36509,-121.96394,96.457,68.693,0.0,-59,0.003,0.208,1.343
2014/10/02 13:02:40,2,38.36418,-121.96524,106.955,67.405,0.0,-59,0.048,0.000,1.579
2014/10/02 13:02:45,2,38.36336,-121.96660,113.845,66.892,0.0,-59,0.197,0.208,3.789
2014/10/02 13:02:50,2,38.36254,-121.96794,117.782,66.516,0.0,-59,0.188,0.125,0.000
2014/10/02 13:02:55,2,38.36173,-121.96928,125.000,65.830,0.0,-59,0.189,0.000,3.931
2014/10/02 13:03:00,2,38.36091,-121.97061,137.139,66.534,0.0,-55,0.183,0.208,3.678
2014/10/02 13:03:05,2,38.36009,-121.97195,147.310,66.628,0.0,-55,0.167,0.000,0.000
2014/10/02 13:03:10,2,38.35926,-121.97330,147.966,67.624,0.0,-55,0.119,0.125,5.447
2014/10/02 13:03:16,2,38.35831,-121.97455,142.388,68.425,0.0,-55,0.163,0.000,0.000
2014/10/02 13:03:21,2,38.35725,-121.97570,137.795,69.696,0.0,-55,0.170,0.000,5.371
2014/10/02 13:03:26,2,38.35618,-121.97685,148.294,69.716,0.0,-55,0.183,0.000,3.787
2014/10/02 13:03:31,2,38.35513,-121.97797,162.402,67.245,0.0,-51,0.176,0.000,3.795
2014/10/02 13:03:36,2,38.35410,-121.97911,167.323,67.565,0.0,-51,0.202,0.000,3.085
2014/10/02 13:03:41,2,38.35322,-121.98035,163.058,65.342,0.0,-51,0.202,0.000,0.000
2014/10/02 13:03:46,2,38.35251,-121.98179,166.010,67.286,0.0,-51,0.208,0.000,3.130
2014/10/02 13:03:51,2,38.35190,-121.98330,179.790,65.404,0.0,-51,0.199,0.000,3.370
2014/10/02 13:03:56,2,38.35133,-121.98479,186.352,64.999,0.0,-51,0.211,0.000,3.009
2014/10/02 13:04:01,2,38.35074,-121.98630,183.071,66.809,0.0,-61,0.113,0.000,0.000
2014/10/02 13:04:06,2,38.35014,-121.98785,167.323,67.564,0.0,-61,0.102,0.000,5.494
2014/10/02 13:04:11,2,38.34952,-121.98943,157.152,70.160,0.0,-61,0.096,0.000,0.000
2014/10/02 13:04:16,2,38.34890,-121.99102,156.168,68.372,0.0,-61,0.099,0.000,5.863
2014/10/02 13:04:21,2,38.34829,-121.99258,160.105,68.527,0.0,-61,0.102,0.000,5.370
2014/10/02 13:04:26,2,38.34768,-121.99416,164.370,69.128,0.0,-61,0.100,0.000,0.000
2014/10/02 13:04:31,2,38.34706,-121.99575,166.667,70.435,0.0,-63,0.093,0.000,5.834
2014/10/02 13:04:36,2,38.34643,-121.99735,168.963,68.724,0.0,-63,0.109,0.000,0.000
2014/10/02 13:04:41,2,38.34581,-121.99893,174.869,69.526,0.0,-63,0.096,0.000,5.550
2014/10/02 13:04:46,2,38.34520,-122.00051,183.727,68.530,0.0,-63,0.099,0.000,0.000
2014/10/02 13:04:51,2,38.34459,-122.00206,192.257,66.081,0.0,-63,0.000,0.042,5.846
2014/10/02 13:04:56,2,38.34402,-122.00353,202.100,63.607,0.0,-63,0.119,0.083,3.256
2014/10/02 13:05:01,2,38.34350,-122.00505,212.927,65.839,0.0,-63,0.195,0.000,0.000
2014/10/02 13:05:06,2,38.34303,-122.00665,216.207,67.754,0.0,-75,0.122,0.125,5.543
2014/10/02 13:05:11,2,38.34257,-122.00828,216.207,69.057,0.0,-75,0.186,0.000,3.827
2014/10/02 13:05:16,2,38.34206,-122.00989,215.551,67.085,0.0,-75,0.106,0.000,0.000
2014/10/02 13:05:21,2,38.34143,-122.01139,219.160,67.618,0.0,-75,0.045,0.167,7.389
2014/10/02 13:05:26,2,38.34063,-122.01283,222.769,69.136,0.0,-75,0.176,0.083,0.000
2014/10/02 13:05:31,2,38.33970,-122.01415,220.801,69.667,0.0,-75,0.140,0.000,5.482
2014/10/02 13:05:36,2,38.33863,-122.01532,218.176,69.933,0.0,-79,0.196,0.083,3.938
2014/10/02 13:05:41,2,38.33746,-122.01630,214.239,68.665,0.0,-79,0.151,0.042,0.000
2014/10/02 13:05:46,2,38.33623,-122.01712,210.958,69.601,0.0,-79,0.156,0.000,4.430
2014/10/02 13:05:51,2,38.33500,-122.01791,211.614,69.001,0.0,-79,0.177,0.083,4.073
2014/10/02 13:05:56,2,38.33375,-122.01871,209.974,70.346,0.0,-79,0.205,0.000,3.303
2014/10/02 13:06:01,2,38.33247,-122.01953,208.661,72.407,0.0,-79,0.209,0.125,0.000
2014/10/02 13:06:06,2,38.33115,-122.02038,207.349,73.906,0.0,-55,0.186,0.000,3.498
2014/10/02 13:06:11,2,38.32982,-122.02123,208.333,74.762,0.0,-55,0.198,0.083,3.245
2014/10/02 13:06:16,2,38.32846,-122.02209,212.927,76.171,0.0,-55,0.189,0.167,3.790
2014/10/02 13:06:21,2,38.32709,-122.02297,220.801,76.164,0.0,-55,0.199,0.000,2.914
2014/10/02 13:06:26,2,38.32572,-122.02384,224.409,76.195,0.0,-55,0.202,0.125,0.000
2014/10/02 13:06:31,2,38.32436,-122.02470,236.877,75.376,0.0,-55,0.186,0.000,4.038
2014/10/02 13:06:36,2,38.32304,-122.02561,251.969,72.306,0.0,-59,0.183,0.083,3.422
2014/10/02 13:06:41,2,38.32185,-122.02664,264.764,70.105,0.0,-59,0.195,0.000,0.000
2014/10/02 13:06:46,2,38.32071,-122.02767,270.669,70.686,0.0,-59,0.192,0.292,3.646
2014/10/02 13:06:51,2,38.31952,-122.02873,269.029,73.230,0.0,-59,0.206,0.125,3.169
2014/10/02 13:06:56,2,38.31830,-122.02981,270.997,73.222,0.0,-59,0.211,0.000,3.249
2014/10/02 13:07:01,2,38.31715,-122.03084,270.669,67.382,0.0,-59,0.190,0.250,3.466
2014/10/02 13:07:06,2,38.31599,-122.03176,266.076,69.738,0.0,-59,0.208,0.000,0.000
2014/10/02 13:07:11,2,38.31468,-122.03249,251.969,72.040,0.0,-75,0.138,0.125,3.946
2014/10/02 13:07:16,2,38.31327,-122.03298,235.564,73.533,0.0,-75,0.154,0.000,5.299
2014/10/02 13:07:21,2,38.31181,-122.03324,217.192,72.233,0.0,-75,0.186,0.125,0.000
2014/10/02 13:07:26,2,38.31038,-122.03347,205.709,70.658,0.0,-75,0.205,0.083,3.606
2014/10/02 13:07:31,2,38.30898,-122.03370,197.178,70.127,0.0,-75,0.199,0.000,3.207
2014/10/02 13:07:36,2,38.30757,-122.03389,190.617,71.984,0.0,-75,0.186,0.167,3.578
2014/10/02 13:07:41,2,38.30608,-122.03398,182.743,75.190,0.0,-69,0.198,0.000,0.000
2014/10/02 13:07:46,2,38.30455,-122.03401,173.228,76.395,0.0,-69,0.193,0.125,3.482
2014/10/02 13:07:51,2,38.30302,-122.03402,167.323,76.141,0.0,-69,0.198,0.167,4.746
2014/10/02 13:07:56,2,38.30153,-122.03405,163.386,72.803,0.0,-69,0.214,0.083,3.831
2014/10/02 13:08:01,2,38.30007,-122.03408,160.105,73.020,0.0,-69,0.190,0.000,0.000
2014/10/02 13:08:06,2,38.29858,-122.03411,157.152,74.641,0.0,-69,0.195,0.250,3.230
2014/10/02 13:08:11,2,38.29710,-122.03414,156.824,72.687,0.0,-57,0.202,0.000,3.493
2014/10/02 13:08:16,2,38.29537,-122.03418,157.480,69.849,0.0,-57,0.189,0.208,3.747
2014/10/02 13:08:21,2,38.29422,-122.03421,154.856,71.060,0.0,-57,0.202,0.000,0.000
2014/10/02 13:08:26,2,38.29250,-122.03440,138.123,72.559,0.0,-57,0.199,0.083,2.950
2014/10/02 13:08:31,2,38.29115,-122.03496,127.953,69.803,0.0,-57,0.198,0.000,3.279
2014/10/02 13:08:36,2,38.28993,-122.03584,118.110,69.749,0.0,-57,0.195,0.208,3.543
2014/10/02 13:08:41,2,38.28880,-122.03681,105.643,66.458,0.0,-51,0.187,0.000,0.000
2014/10/02 13:08:46,2,38.28767,-122.03778,104.331,68.920,0.0,-51,0.163,0.167,4.035
2014/10/02 13:08:51,2,38.28651,-122.03877,104.331,70.311,0.0,-51,0.102,0.000,0.000
2014/10/02 13:08:56,2,38.28532,-122.03978,98.097,71.212,0.0,-51,0.099,0.000,7.918
2014/10/02 13:09:01,2,38.28414,-122.04078,85.302,69.432,0.0,-51,0.096,0.125,5.873
2014/10/02 13:09:06,2,38.28297,-122.04177,72.835,71.507,0.0,-51,0.096,0.000,0.000
2014/10/02 13:09:11,2,38.28176,-122.04279,65.289,72.207,0.0,-51,0.106,0.083,5.551
2014/10/02 13:09:16,2,38.28055,-122.04382,60.696,71.818,0.0,-53,0.096,0.000,0.000
2014/10/02 13:09:21,2,38.27939,-122.04480,66.601,68.958,0.0,-53,0.106,0.125,5.883
2014/10/02 13:09:26,2,38.27823,-122.04579,70.210,69.813,0.0,-53,0.096,0.000,0.000
2014/10/02 13:09:31,2,38.27711,-122.04673,74.803,65.112,0.0,-53,0.093,0.083,5.235
2014/10/02 13:09:36,2,38.27601,-122.04767,83.333,66.367,0.0,-53,0.093,0.000,6.010
2014/10/02 13:09:41,2,38.27488,-122.04862,84.974,66.958,0.0,-53,0.100,0.000,0.000
2014/10/02 13:09:46,2,38.27376,-122.04957,79.068,67.893,0.0,-65,0.090,0.292,6.349
2014/10/02 13:09:51,2,38.27262,-122.05054,75.131,67.677,0.0,-65,0.000,0.000,0.000
2014/10/02 13:09:56,2,38.27150,-122.05149,63.976,67.115,0.0,-65,0.000,0.125,7.550
2014/10/02 13:10:01,2,38.27035,-122.05246,52.165,69.740,0.0,-65,0.000,0.000,1.122
2014/10/02 13:10:06,2,38.26917,-122.05346,41.339,71.118,0.0,-65,0.000,0.333,2.731
2014/10/02 13:10:11,2,38.26801,-122.05445,34.449,69.380,0.0,-65,0.000,0.250,1.969
2014/10/02 13:10:16,2,38.26684,-122.05543,28.543,69.615,0.0,-75,0.003,0.208,2.623
2014/10/02 13:10:21,2,38.26567,-122.05643,22.310,69.719,0.0,-75,0.022,0.000,1.823
2014/10/02 13:10:26,2,38.26450,-122.05742,19.357,69.547,0.0,-75,0.167,0.125,0.000
2014/10/02 13:10:31,2,38.26336,-122.05838,20.669,67.784,0.0,-75,0.000,0.125,4.531
2014/10/02 13:10:36,2,38.26223,-122.05935,19.357,68.129,0.0,-75,0.000,0.125,3.762
2014/10/02 13:10:41,2,38.26108,-122.06032,16.404,69.191,0.0,-75,0.000,0.083,2.830
2014/10/02 13:10:46,2,38.25991,-122.06131,21.325,68.863,0.0,-63,0.000,0.250,1.384
2014/10/02 13:10:51,2,38.25871,-122.06234,21.982,72.594,0.0,-63,0.000,0.000,1.769
2014/10/02 13:10:56,2,38.25751,-122.06336,22.310,71.175,0.0,-63,0.003,0.208,2.211
2014/10/02 13:11:01,2,38.25631,-122.06437,17.717,71.893,0.0,-63,0.044,0.250,0.000
2014/10/02 13:11:06,2,38.25511,-122.06539,15.748,71.423,0.0,-63,0.111,0.083,4.366
2014/10/02 13:11:11,2,38.25393,-122.06638,14.436,70.732,0.0,-63,0.148,0.000,3.540
2014/10/02 13:11:16,2,38.25275,-122.06738,19.029,69.500,0.0,-63,0.215,0.125,0.000
2014/10/02 13:11:21,2,38.25160,-122.06836,33.465,69.243,0.0,-51,0.148,0.000,5.117
2014/10/02 13:11:26,2,38.25042,-122.06936,38.058,71.095,0.0,-51,0.000,0.125,3.767
2014/10/02 13:11:31,2,38.24930,-122.07051,31.168,71.714,0.0,-51,0.000,0.125,2.955
2014/10/02 13:11:36,2,38.24840,-122.07193,15.092,70.515,0.0,-51,0.000,0.000,2.089
2014/10/02 13:11:41,2,38.24776,-122.07351,8.530,70.291,0.0,-51,0.003,0.208,0.000
2014/10/02 13:11:46,2,38.24730,-122.07524,16.076,72.491,0.0,-51,0.000,0.125,5.870
2014/10/02 13:11:51,2,38.24675,-122.07696,24.934,72.755,0.0,-65,0.000,0.083,0.850
2014/10/02 13:11:56,2,38.24608,-122.07860,29.528,71.411,0.0,-65,0.000,0.250,2.030
2014/10/02 13:12:01,2,38.24539,-122.08017,30.840,70.231,0.0,-65,0.000,0.000,1.878
2014/10/02 13:12:06,2,38.24470,-122.08174,40.682,70.954,0.0,-65,0.000,0.208,2.483
2014/10/02 13:12:11,2,38.24401,-122.08332,49.541,69.853,0.0,-65,0.000,0.250,1.911
2014/10/02 13:12:16,2,38.24333,-122.08486,54.134,69.187,0.0,-65,0.000,0.000,0.000
2014/10/02 13:12:21,2,38.24263,-122.08645,56.759,74.170,0.0,-67,0.000,0.000,0.000
2014/10/02 13:12:26,2,38.24186,-122.08813,60.696,78.516,0.0,-67,0.000,0.083,0.000
2014/10/02 13:12:31,2,38.24109,-122.08990,62.664,79.303,0.0,-67,0.000,0.000,2.642
2014/10/02 13:12:36,2,38.24032,-122.09167,63.648,79.534,0.0,-67,0.000,0.250,2.790
2014/10/02 13:12:41,2,38.23954,-122.09344,65.289,78.037,0.0,-67,0.000,0.208,0.909
2014/10/02 13:12:46,2,38.23877,-122.09519,71.194,78.964,0.0,-67,0.000,0.000,2.170
2014/10/02 13:12:51,2,38.23801,-122.09694,77.756,78.363,0.0,-67,0.000,0.250,6.007
2014/10/02 13:12:56,2,38.23725,-122.09870,83.661,79.086,0.0,-67,0.000,0.000,0.000
2014/10/02 13:13:01,2,38.23648,-122.10047,87.598,79.231,0.0,-67,0.000,0.083,5.801
2014/10/02 13:13:06,2,38.23571,-122.10222,88.255,78.617,0.0,-67,0.000,0.250,1.821
2014/10/02 13:13:11,2,38.23495,-122.10395,88.583,76.004,0.0,-67,0.000,0.000,1.730
2014/10/02 13:13:16,2,38.23421,-122.10564,85.958,75.747,0.0,-67,0.000,0.208,2.150
2014/10/02 13:13:21,2,38.23347,-122.10733,88.255,75.559,0.0,-67,0.000,0.000,1.546
2014/10/02 13:13:26,2,38.23274,-122.10901,90.551,75.500,0.0,-51,0.000,0.250,1.911
2014/10/02 13:13:31,2,38.23200,-122.11069,93.832,74.838,0.0,-51,0.000,0.083,2.251
2014/10/02 13:13:36,2,38.23129,-122.11234,95.472,72.289,0.0,-51,0.000,0.125,2.674
2014/10/02 13:13:41,2,38.23059,-122.11398,87.927,74.082,0.0,-51,0.000,0.125,1.939
2014/10/02 13:13:46,2,38.22987,-122.11568,74.803,76.013,0.0,-51,0.000,0.083,0.000
2014/10/02 13:13:51,2,38.22913,-122.11740,64.633,77.401,0.0,-51,0.000,0.125,2.525
2014/10/02 13:13:56,2,38.22835,-122.11914,60.367,78.928,0.0,-51,0.000,0.000,0.000
2014/10/02 13:14:01,2,38.22753,-122.12086,57.743,78.351,0.0,-51,0.000,0.121,9.575
2014/10/02 13:14:06,2,38.22669,-122.12252,54.134,77.549,0.0,-51,0.000,0.000,1.848
2014/10/02 13:14:11,2,38.22580,-122.12417,49.869,78.492,0.0,-51,0.000,0.000,1.551
2014/10/02 13:14:16,2,38.22489,-122.12579,41.339,76.409,0.0,-51,0.000,0.042,1.684
2014/10/02 13:14:21,2,38.22396,-122.12734,30.512,75.318,0.0,-51,0.000,0.250,4.971
2014/10/02 13:14:26,2,38.22303,-122.12881,26.575,70.986,0.0,-51,0.000,0.000,0.000
2014/10/02 13:14:31,2,38.22211,-122.13017,23.950,71.009,0.0,-51,0.000,0.208,3.570
2014/10/02 13:14:36,2,38.22118,-122.13152,21.982,69.505,0.0,-51,0.000,0.125,3.191
2014/10/02 13:14:41,2,38.22026,-122.13288,17.388,69.494,0.0,-51,0.000,0.125,1.571
2014/10/02 13:14:46,2,38.21935,-122.13420,15.748,68.740,0.0,-51,0.000,0.000,4.291
2014/10/02 13:14:51,2,38.21842,-122.13553,15.748,70.205,0.0,-51,0.000,0.125,0.000
2014/10/02 13:14:56,2,38.21752,-122.13692,17.060,70.533,0.0,-53,0.000,0.167,4.210
2014/10/02 13:15:01,2,38.21667,-122.13829,20.013,64.493,0.0,-53,0.000,0.125,2.911
2014/10/02 13:15:06,2,38.21581,-122.13943,23.950,60.825,0.0,-53,0.000,0.000,3.289
2014/10/02 13:15:11,2,38.21496,-122.14058,29.856,62.366,0.0,-53,0.000,0.167,0.000
2014/10/02 13:15:16,2,38.21412,-122.14178,32.152,63.100,0.0,-53,0.000,0.000,3.531
2014/10/02 13:15:21,2,38.21327,-122.14301,35.433,65.139,0.0,-53,0.003,0.167,1.991
2014/10/02 13:15:26,2,38.21240,-122.14427,39.370,66.290,0.0,-53,0.000,0.000,0.000
2014/10/02 13:15:31,2,38.21151,-122.14555,43.963,66.256,0.0,-57,0.000,0.000,0.000
2014/10/02 13:15:36,2,38.21063,-122.14682,48.885,66.033,0.0,-57,0.000,0.000,0.000
2014/10/02 13:15:41,2,38.20974,-122.14810,52.493,67.793,0.0,-57,0.000,0.125,4.679
2014/10/02 13:15:46,2,38.20882,-122.14940,53.150,69.880,0.0,-57,0.000,0.167,3.331
2014/10/02 13:15:51,2,38.20783,-122.15066,58.727,70.521,0.0,-57,0.000,0.000,3.110
2014/10/02 13:15:56,2,38.20679,-122.15188,72.507,70.892,0.0,-57,0.000,0.167,0.000
2014/10/02 13:16:01,2,38.20575,-122.15310,88.911,69.597,0.0,-69,0.000,0.042,4.130
2014/10/02 13:16:06,2,38.20473,-122.15428,105.315,68.374,0.0,-69,0.000,0.250,2.017
2014/10/02 13:16:11,2,38.20372,-122.15544,122.703,67.142,0.0,-69,0.000,0.083,3.260
2014/10/02 13:16:16,2,38.20275,-122.15656,142.388,61.535,0.0,-69,0.000,0.042,0.000
2014/10/02 13:16:21,2,38.20190,-122.15754,159.449,55.551,0.0,-69,0.000,0.083,6.971
2014/10/02 13:16:26,2,38.20108,-122.15847,173.885,54.488,0.0,-69,0.000,0.000,3.131
2014/10/02 13:16:31,2,38.20023,-122.15942,186.352,57.712,0.0,-59,0.000,0.167,0.000
2014/10/02 13:16:36,2,38.19932,-122.16043,198.163,62.400,0.0,-59,0.000,0.000,3.629
2014/10/02 13:16:41,2,38.19836,-122.16153,212.927,65.606,0.0,-59,0.000,0.125,3.443
2014/10/02 13:16:46,2,38.19736,-122.16268,226.378,68.319,0.0,-59,0.000,0.167,2.837
2014/10/02 13:16:51,2,38.19632,-122.16388,241.470,70.740,0.0,-59,0.000,0.167,2.210
2014/10/02 13:16:56,2,38.19522,-122.16505,257.218,72.192,0.0,-59,0.000,0.000,0.000
2014/10/02 13:17:01,2,38.19402,-122.16611,272.966,72.613,0.0,-57,0.000,0.042,1.450
2014/10/02 13:17:06,2,38.19282,-122.16717,289.042,72.519,0.0,-57,0.000,0.167,0.000
2014/10/02 13:17:11,2,38.19166,-122.16829,304.462,72.948,0.0,-57,0.000,0.000,3.270
2014/10/02 13:17:16,2,38.19050,-122.16946,312.008,73.591,0.0,-57,0.000,0.167,3.971
2014/10/02 13:17:21,2,38.18943,-122.17078,319.226,74.810,0.0,-57,0.000,0.125,0.779
2014/10/02 13:17:26,2,38.18851,-122.17230,321.194,76.299,0.0,-57,0.003,0.250,1.334
2014/10/02 13:17:31,2,38.18774,-122.17400,321.522,77.292,0.0,-57,0.044,0.000,1.471
2014/10/02 13:17:36,2,38.18716,-122.17581,328.740,76.509,0.0,-57,0.000,0.208,2.986
2014/10/02 13:17:41,2,38.18662,-122.17764,334.646,77.289,0.0,-57,0.000,0.208,1.842
2014/10/02 13:17:46,2,38.18601,-122.17946,338.911,77.793,0.0,-57,0.000,0.208,2.558
2014/10/02 13:17:51,2,38.18520,-122.18115,342.192,77.413,0.0,-57,0.000,0.208,1.941
2014/10/02 13:17:56,2,38.18419,-122.18264,347.441,77.584,0.0,-57,0.003,0.250,1.558
2014/10/02 13:18:01,2,38.18300,-122.18393,353.675,77.600,0.0,-57,0.044,0.208,1.029
2014/10/02 13:18:06,2,38.18182,-122.18518,364.829,75.327,0.0,-61,0.138,0.000,2.991
2014/10/02 13:18:11,2,38.18083,-122.18663,377.625,75.578,0.0,-61,0.151,0.167,4.334
2014/10/02 13:18:16,2,38.17993,-122.18818,388.123,74.870,0.0,-61,0.195,0.000,0.000
2014/10/02 13:18:21,2,38.17891,-122.18960,394.685,75.804,0.0,-61,0.179,0.000,3.610
2014/10/02 13:18:26,2,38.17771,-122.19081,395.669,76.472,0.0,-61,0.173,0.208,4.234
2014/10/02 13:18:31,2,38.17641,-122.19184,395.997,76.719,0.0,-61,0.000,0.000,0.000
2014/10/02 13:18:36,2,38.17508,-122.19288,397.310,78.213,0.0,-63,0.000,0.083,1.813
2014/10/02 13:18:41,2,38.17383,-122.19409,400.919,77.887,0.0,-63,0.000,0.125,1.447
2014/10/02 13:18:46,2,38.17276,-122.19551,407.480,77.290,0.0,-63,0.000,0.250,0.810
2014/10/02 13:18:51,2,38.17174,-122.19701,415.682,76.985,0.0,-63,0.003,0.250,2.715
2014/10/02 13:18:56,2,38.17073,-122.19847,424.213,76.149,0.0,-63,0.044,0.125,3.002
2014/10/02 13:19:01,2,38.16971,-122.19991,431.430,75.316,0.0,-63,0.132,0.000,0.000
2014/10/02 13:19:06,2,38.16870,-122.20134,439.633,75.326,0.0,-61,0.179,0.167,4.000
2014/10/02 13:19:11,2,38.16769,-122.20276,448.163,74.749,0.0,-61,0.000,0.250,3.045
2014/10/02 13:19:16,2,38.16670,-122.20417,456.037,73.199,0.0,-61,0.003,0.000,1.570
2014/10/02 13:19:21,2,38.16574,-122.20562,454.068,75.314,0.0,-61,0.000,0.250,2.021
2014/10/02 13:19:26,2,38.16475,-122.20713,439.961,79.338,0.0,-61,0.000,0.167,2.706
2014/10/02 13:19:31,2,38.16358,-122.20860,411.089,83.148,0.0,-61,0.000,0.250,2.330
2014/10/02 13:19:36,2,38.16223,-122.20979,378.281,80.437,0.0,-51,0.000,0.208,2.510
2014/10/02 13:19:41,2,38.16085,-122.21076,351.378,76.186,0.0,-51,0.000,0.000,1.790
2014/10/02 13:19:46,2,38.15954,-122.21169,346.457,74.670,0.0,-51,0.000,0.250,1.978
2014/10/02 13:19:51,2,38.15824,-122.21262,362.205,73.352,0.0,-51,0.000,0.250,2.220
2014/10/02 13:19:56,2,38.15698,-122.21351,388.451,69.719,0.0,-51,0.000,0.167,1.991
2014/10/02 13:20:01,2,38.15579,-122.21436,407.480,67.722,0.0,-51,0.000,0.000,0.000
2014/10/02 13:20:06,2,38.15459,-122.21521,415.682,69.009,0.0,-51,0.000,0.167,4.058
2014/10/02 13:20:11,2,38.15330,-122.21601,413.386,73.420,0.0,-55,0.000,0.167,1.303
2014/10/02 13:20:16,2,38.15187,-122.21659,401.247,75.515,0.0,-55,0.000,0.000,1.970
2014/10/02 13:20:21,2,38.15037,-122.21691,377.953,75.145,0.0,-55,0.000,0.250,1.911
2014/10/02 13:20:26,2,38.14889,-122.21695,349.738,72.999,0.0,-55,0.000,0.167,1.932
2014/10/02 13:20:31,2,38.14743,-122.21684,323.491,72.270,0.0,-55,0.000,0.167,1.791
2014/10/02 13:20:36,2,38.14600,-122.21687,297.572,70.572,0.0,-55,0.003,0.083,0.000
2014/10/02 13:20:41,2,38.14458,-122.21715,271.654,71.426,0.0,-55,0.019,0.000,3.306
2014/10/02 13:20:46,2,38.14321,-122.21767,246.063,71.947,0.0,-55,0.000,0.167,3.842
2014/10/02 13:20:51,2,38.14186,-122.21846,214.567,76.074,0.0,-55,0.000,0.208,1.502
2014/10/02 13:20:56,2,38.14047,-122.21934,177.493,77.097,0.0,-55,0.000,0.000,2.190
2014/10/02 13:21:01,2,38.13911,-122.22021,143.373,75.286,0.0,-55,0.000,0.250,2.607
2014/10/02 13:21:06,2,38.13775,-122.22108,115.814,75.238,0.0,-55,0.000,0.083,0.000
2014/10/02 13:21:11,2,38.13643,-122.22191,103.018,71.505,0.0,-67,0.000,0.083,4.569
2014/10/02 13:21:16,2,38.13513,-122.22274,99.081,73.399,0.0,-67,0.000,0.000,3.651
2014/10/02 13:21:21,2,38.13382,-122.22358,95.472,71.587,0.0,-67,0.003,0.167,2.003
2014/10/02 13:21:26,2,38.13253,-122.22440,91.535,73.133,0.0,-67,0.000,0.000,0.000
2014/10/02 13:21:31,2,38.13120,-122.22524,93.176,73.553,0.0,-67,0.000,0.000,4.719
2014/10/02 13:21:36,2,38.12989,-122.22608,98.753,72.957,0.0,-67,0.000,0.000,0.000
2014/10/02 13:21:41,2,38.12859,-122.22692,101.706,72.004,0.0,-67,0.000,0.000,0.000
2014/10/02 13:21:46,2,38.12734,-122.22771,101.378,66.544,0.0,-67,0.000,0.000,3.241
2014/10/02 13:21:51,2,38.12617,-122.22846,104.987,63.497,0.0,-67,0.000,0.000,0.487
2014/10/02 13:21:56,2,38.12504,-122.22918,114.501,62.255,0.0,-67,0.003,0.000,0.908
2014/10/02 13:22:01,2,38.12387,-122.22977,121.719,62.457,0.0,-67,0.111,0.000,2.303
2014/10/02 13:22:06,2,38.12269,-122.23017,123.360,61.118,0.0,-67,0.199,0.000,0.000
2014/10/02 13:22:11,2,38.12145,-122.23042,118.766,62.439,0.0,-67,0.055,0.000,0.000
2014/10/02 13:22:16,2,38.12021,-122.23048,114.829,60.933,0.0,-79,0.048,0.000,0.000
2014/10/02 13:22:21,2,38.11898,-122.23041,111.549,61.582,0.0,-79,0.045,0.000,0.000
2014/10/02 13:22:26,2,38.11774,-122.23031,110.892,62.396,0.0,-79,0.052,0.000,0.000
2014/10/02 13:22:31,2,38.11648,-122.23022,105.971,63.175,0.0,-79,0.051,0.000,0.000
2014/10/02 13:22:36,2,38.11522,-122.23012,99.738,62.653,0.0,-79,0.000,0.000,0.000
2014/10/02 13:22:41,2,38.11394,-122.23002,83.333,64.419,0.0,-79,0.000,0.000,0.000
2014/10/02 13:22:46,2,38.11264,-122.22992,70.210,65.745,0.0,-77,0.000,0.000,0.000
2014/10/02 13:22:51,2,38.11130,-122.22982,63.976,66.896,0.0,-77,0.000,0.042,7.982
2014/10/02 13:22:56,2,38.10997,-122.22976,60.367,65.246,0.0,-77,0.000,0.000,0.000
2014/10/02 13:23:01,2,38.10869,-122.22977,57.087,61.636,0.0,-77,0.000,0.042,0.000
2014/10/02 13:23:06,2,38.10746,-122.22979,52.493,61.040,0.0,-77,0.000,0.042,0.000
2014/10/02 13:23:11,2,38.10623,-122.22981,47.244,59.988,0.0,-77,0.000,0.125,5.313
2014/10/02 13:23:16,2,38.10504,-122.22982,44.948,59.008,0.0,-59,0.000,0.000,3.290
2014/10/02 13:23:21,2,38.10387,-122.22983,44.619,57.391,0.0,-59,0.000,0.083,0.000
2014/10/02 13:23:26,2,38.10274,-122.22985,47.244,55.238,0.0,-59,0.000,0.125,3.331
2014/10/02 13:23:31,2,38.10160,-122.22986,52.165,57.614,0.0,-59,0.000,0.000,0.000
2014/10/02 13:23:36,2,38.10044,-122.22987,58.727,57.009,0.0,-59,0.000,0.000,0.000
2014/10/02 13:23:41,2,38.09932,-122.22989,62.664,54.940,0.0,-59,0.000,0.000,0.000
2014/10/02 13:23:46,2,38.09822,-122.22990,68.898,55.660,0.0,-71,0.000,0.042,6.578
2014/10/02 13:23:51,2,38.09709,-122.22992,76.444,56.190,0.0,-71,0.000,0.000,0.000
2014/10/02 13:23:56,2,38.09594,-122.22993,79.724,57.407,0.0,-71,0.000,0.083,0.000
2014/10/02 13:24:01,2,38.09478,-122.22999,75.787,58.138,0.0,-71,0.000,0.042,0.000
2014/10/02 13:24:07,2,38.09360,-122.23014,62.336,60.687,0.0,-71,0.000,0.000,1.805
2014/10/02 13:24:12,2,38.09239,-122.23032,48.228,60.818,0.0,-71,0.000,0.250,1.906
2014/10/02 13:24:17,2,38.09118,-122.23065,36.745,60.768,0.0,-71,0.000,0.292,2.574
2014/10/02 13:24:22,2,38.09003,-122.23112,26.247,59.619,0.0,-51,0.000,0.208,2.067
2014/10/02 13:24:27,2,38.08890,-122.23161,18.045,59.908,0.0,-51,0.000,0.208,1.615
2014/10/02 13:24:32,2,38.08777,-122.23211,18.373,59.400,0.0,-51,0.000,0.208,1.925
2014/10/02 13:24:37,2,38.08666,-122.23259,24.934,58.270,0.0,-51,0.000,0.250,1.490
2014/10/02 13:24:42,2,38.08554,-122.23298,33.465,57.602,0.0,-51,0.000,0.000,1.851
2014/10/02 13:24:47,2,38.08439,-122.23327,40.682,59.035,0.0,-51,0.000,0.125,5.210
2014/10/02 13:24:52,2,38.08322,-122.23344,42.651,57.336,0.0,-51,0.000,0.000,0.000
2014/10/02 13:24:57,2,38.08204,-122.23349,45.604,59.364,0.0,-51,0.000,0.333,2.931
2014/10/02 13:25:02,2,38.08086,-122.23344,49.869,57.941,0.0,-51,0.000,0.250,2.208
2014/10/02 13:25:07,2,38.07975,-122.23326,60.696,56.011,0.0,-51,0.000,0.208,1.763
2014/10/02 13:25:12,2,38.07864,-122.23299,77.756,55.482,0.0,-51,0.000,0.000,0.000
2014/10/02 13:25:17,2,38.07758,-122.23262,88.255,53.096,0.0,-51,0.000,0.250,4.615
2014/10/02 13:25:22,2,38.07660,-122.23218,96.129,51.180,0.0,-65,0.000,0.000,2.623
2014/10/02 13:25:27,2,38.07565,-122.23163,99.738,53.056,0.0,-65,0.000,0.167,3.850
2014/10/02 13:25:32,2,38.07472,-122.23096,99.738,53.824,0.0,-65,0.000,0.167,0.000
2014/10/02 13:25:37,2,38.07377,-122.23026,103.346,54.654,0.0,-65,0.000,0.000,2.478
2014/10/02 13:25:42,2,38.07284,-122.22956,115.814,52.647,0.0,-65,0.000,0.250,1.589
2014/10/02 13:25:47,2,38.07193,-122.22889,129.921,53.148,0.0,-65,0.000,0.250,0.000
2014/10/02 13:25:52,2,38.07096,-122.22830,141.404,52.886,0.0,-61,0.000,0.083,0.000
2014/10/02 13:25:57,2,38.06997,-122.22783,145.341,52.441,0.0,-61,0.000,0.000,2.389
2014/10/02 13:26:02,2,38.06898,-122.22737,144.685,53.317,0.0,-61,0.000,0.250,1.490
2014/10/02 13:26:07,2,38.06793,-122.22694,146.654,55.708,0.0,-61,0.000,0.250,1.650
2014/10/02 13:26:12,2,38.06682,-122.22676,151.247,54.169,0.0,-61,0.000,0.208,2.151
2014/10/02 13:26:17,2,38.06576,-122.22670,158.465,53.064,0.0,-61,0.000,0.250,1.431
2014/10/02 13:26:22,2,38.06467,-122.22664,170.604,55.046,0.0,-61,0.000,0.000,1.931
2014/10/02 13:26:27,2,38.06355,-122.22657,179.134,56.417,0.0,-51,0.000,0.250,1.199
2014/10/02 13:26:32,2,38.06241,-122.22650,185.039,56.573,0.0,-51,0.000,0.250,1.802
2014/10/02 13:26:37,2,38.06127,-122.22642,185.039,57.127,0.0,-51,0.000,0.250,1.659
2014/10/02 13:26:42,2,38.06011,-122.22635,183.727,58.420,0.0,-51,0.000,0.250,2.943
2014/10/02 13:26:47,2,38.05894,-122.22627,177.822,57.061,0.0,-51,0.000,0.000,2.339
2014/10/02 13:26:52,2,38.05779,-122.22619,169.948,57.632,0.0,-51,0.000,0.000,0.000
2014/10/02 13:26:57,2,38.05664,-122.22611,163.714,56.941,0.0,-51,0.000,0.000,0.000
2014/10/02 13:27:02,2,38.05550,-122.22606,152.559,56.350,0.0,-51,0.000,0.000,0.000
2014/10/02 13:27:07,2,38.05440,-122.22639,147.966,56.642,0.0,-51,0.000,0.250,0.000
2014/10/02 13:27:12,2,38.05344,-122.22716,150.591,57.261,0.0,-51,0.000,0.000,5.990
2014/10/02 13:27:17,2,38.05262,-122.22821,157.808,58.450,0.0,-51,0.000,0.250,2.296
2014/10/02 13:27:22,2,38.05181,-122.22928,165.354,58.715,0.0,-51,0.000,0.208,1.350
2014/10/02 13:27:27,2,38.05099,-122.23035,177.822,57.345,0.0,-65,0.000,0.167,3.751
2014/10/02 13:27:32,2,38.05021,-122.23138,190.289,55.971,0.0,-65,0.000,0.000,0.000
2014/10/02 13:27:37,2,38.04943,-122.23241,204.068,53.922,0.0,-65,0.000,0.000,0.000
2014/10/02 13:27:42,2,38.04870,-122.23338,215.879,53.068,0.0,-65,0.000,0.000,0.000
2014/10/02 13:27:47,2,38.04798,-122.23440,216.864,54.169,0.0,-65,0.000,0.000,0.000
2014/10/02 13:27:52,2,38.04723,-122.23547,213.583,57.905,0.0,-65,0.000,0.000,0.000
2014/10/02 13:27:57,2,38.04644,-122.23660,208.333,59.810,0.0,-51,0.000,0.000,0.000
2014/10/02 13:28:02,2,38.04564,-122.23773,208.661,59.809,0.0,-51,0.000,0.083,5.769
2014/10/02 13:28:07,2,38.04483,-122.23886,210.630,60.354,0.0,-51,0.000,0.250,1.731
2014/10/02 13:28:12,2,38.04402,-122.24001,212.927,60.324,0.0,-51,0.000,0.250,2.231
2014/10/02 13:28:17,2,38.04321,-122.24115,211.614,60.230,0.0,-51,0.000,0.250,1.931
2014/10/02 13:28:22,2,38.04240,-122.24229,209.318,59.881,0.0,-51,0.000,0.000,1.569
2014/10/02 13:28:27,2,38.04161,-122.24341,208.661,58.290,0.0,-51,0.000,0.250,2.231
2014/10/02 13:28:32,2,38.04082,-122.24453,211.614,58.840,0.0,-51,0.000,0.250,1.429
2014/10/02 13:28:37,2,38.04004,-122.24564,208.005,58.112,0.0,-51,0.000,0.250,1.390
2014/10/02 13:28:42,2,38.03925,-122.24676,203.084,59.180,0.0,-51,0.000,0.250,2.234
2014/10/02 13:28:47,2,38.03837,-122.24784,205.381,63.609,0.0,-51,0.000,0.000,1.547
2014/10/02 13:28:52,2,38.03730,-122.24882,199.475,66.565,0.0,-51,0.000,0.208,2.470
2014/10/02 13:28:57,2,38.03622,-122.24983,194.226,68.665,0.0,-51,0.000,0.250,1.370
2014/10/02 13:29:02,2,38.03509,-122.25088,194.882,70.414,0.0,-57,0.000,0.250,1.731
2014/10/02 13:29:07,2,38.03393,-122.25196,191.929,72.007,0.0,-57,0.000,0.250,1.511
2014/10/02 13:29:12,2,38.03277,-122.25304,187.008,71.506,0.0,-57,0.000,0.000,2.550
2014/10/02 13:29:17,2,38.03161,-122.25412,173.885,72.219,0.0,-57,0.000,0.250,1.810
2014/10/02 13:29:22,2,38.03043,-122.25524,154.856,74.485,0.0,-57,0.000,0.250,1.907
2014/10/02 13:29:27,2,38.02921,-122.25638,134.186,76.032,0.0,-57,0.000,0.000,2.541
2014/10/02 13:29:32,2,38.02798,-122.25753,115.814,75.586,0.0,-53,0.000,0.000,0.000
2014/10/02 13:29:37,2,38.02677,-122.25866,97.769,74.342,0.0,-53,0.000,0.000,0.000
2014/10/02 13:29:42,2,38.02557,-122.25977,83.005,74.709,0.0,-53,0.000,0.000,0.000
2014/10/02 13:29:47,2,38.02435,-122.26091,62.664,75.380,0.0,-53,0.000,0.000,3.499
2014/10/02 13:29:52,2,38.02315,-122.26203,48.556,73.998,0.0,-53,0.000,0.042,0.350
2014/10/02 13:29:57,2,38.02195,-122.26314,56.102,73.496,0.0,-53,0.000,0.542,0.419
2014/10/02 13:30:02,2,38.02078,-122.26424,72.835,72.335,0.0,-63,0.000,1.542,0.421
2014/10/02 13:30:07,2,38.01961,-122.26532,89.239,70.857,0.0,-63,0.000,1.292,0.510
2014/10/02 13:30:12,2,38.01825,-122.26657,100.722,68.872,0.0,-63,0.000,1.250,0.483
2014/10/02 13:30:17,2,38.01713,-122.26763,96.785,69.001,0.0,-63,0.000,1.250,0.355
2014/10/02 13:30:22,2,38.01606,-122.26869,81.365,66.021,0.0,-63,0.000,1.625,0.449
2014/10/02 13:30:27,2,38.01503,-122.26964,72.178,61.561,0.0,-63,0.000,1.417,0.290
2014/10/02 13:30:32,2,38.01404,-122.27055,67.913,61.604,0.0,-63,0.000,1.375,0.423
2014/10/02 13:30:37,2,38.01304,-122.27146,75.787,60.818,0.0,-57,0.000,0.042,0.290
2014/10/02 13:30:42,2,38.01204,-122.27239,85.958,63.159,0.0,-57,0.000,1.250,0.376
2014/10/02 13:30:47,2,38.01100,-122.27334,88.583,63.485,0.0,-57,0.000,1.542,0.266
2014/10/02 13:30:52,2,38.00998,-122.27429,80.052,62.954,0.0,-57,0.000,1.583,0.422
2014/10/02 13:30:57,2,38.00895,-122.27525,74.803,64.416,0.0,-57,0.000,1.333,0.391
2014/10/02 13:31:02,2,38.00790,-122.27622,82.677,64.769,0.0,-57,0.000,1.333,0.434
2014/10/02 13:31:07,2,38.00681,-122.27718,94.488,66.998,0.0,-61,0.000,1.375,0.386
2014/10/02 13:31:12,2,38.00570,-122.27821,107.940,68.825,0.0,-61,0.000,1.208,0.411
2014/10/02 13:31:17,2,38.00456,-122.27926,122.375,71.314,0.0,-61,0.000,0.000,0.254
2014/10/02 13:31:22,2,38.00339,-122.28036,133.530,72.631,0.0,-61,0.000,0.042,0.239
2014/10/02 13:31:27,2,38.00225,-122.28148,128.937,70.092,0.0,-61,0.000,1.042,0.394
2014/10/02 13:31:32,2,38.00114,-122.28253,110.236,68.826,0.0,-61,0.000,0.000,0.904
2014/10/02 13:31:37,2,38.00003,-122.28357,95.144,68.751,0.0,-87,0.000,0.417,0.606
2014/10/02 13:31:42,2,37.99894,-122.28459,82.677,67.553,0.0,-87,0.000,0.917,0.323
2014/10/02 13:31:47,2,37.99785,-122.28562,68.570,68.341,0.0,-87,0.000,1.167,0.393
2014/10/02 13:31:52,2,37.99682,-122.28683,52.493,70.908,0.0,-87,0.000,1.333,0.282
2014/10/02 13:31:57,2,37.99599,-122.28827,54.462,69.013,0.0,-87,0.000,1.417,0.474
2014/10/02 13:32:02,2,37.99539,-122.28978,69.554,65.155,0.0,-87,0.000,0.958,0.315
2014/10/02 13:32:07,2,37.99500,-122.29133,86.942,63.976,0.0,-69,0.000,0.917,0.367
2014/10/02 13:32:12,2,37.99477,-122.29294,101.706,65.017,0.0,-69,0.000,1.500,0.383
2014/10/02 13:32:17,2,37.99454,-122.29458,115.157,66.081,0.0,-69,0.000,0.000,0.219
2014/10/02 13:32:22,2,37.99430,-122.29623,128.609,65.240,0.0,-69,0.000,0.042,0.459
2014/10/02 13:32:27,2,37.99407,-122.29786,142.060,63.890,0.0,-69,0.000,1.208,0.360
2014/10/02 13:32:32,2,37.99386,-122.29941,154.856,60.363,0.0,-69,0.000,1.417,0.315
2014/10/02 13:32:37,2,37.99364,-122.30093,164.042,61.257,0.0,-69,0.000,0.000,0.000
2014/10/02 13:32:42,2,37.99347,-122.30245,173.228,57.482,0.0,-61,0.000,0.833,5.403
2014/10/02 13:32:47,2,37.99321,-122.30394,181.759,60.654,0.0,-61,0.000,0.833,0.291
2014/10/02 13:32:52,2,37.99289,-122.30545,189.304,61.994,0.0,-61,0.000,0.917,0.390
2014/10/02 13:32:57,2,37.99244,-122.30692,199.803,62.177,0.0,-61,0.000,0.917,0.282
2014/10/02 13:33:02,2,37.99187,-122.30839,206.693,64.522,0.0,-61,0.000,1.375,0.291
2014/10/02 13:33:07,2,37.99117,-122.30981,217.848,65.849,0.0,-61,0.000,1.625,0.462
2014/10/02 13:33:12,2,37.99037,-122.31116,227.690,67.505,0.0,-51,0.000,0.000,0.471
2014/10/02 13:33:17,2,37.98948,-122.31241,235.236,64.351,0.0,-51,0.000,0.000,0.228
2014/10/02 13:33:22,2,37.98852,-122.31349,241.798,63.643,0.0,-51,0.000,0.042,0.295
2014/10/02 13:33:27,2,37.98748,-122.31444,245.407,63.695,0.0,-51,0.000,1.375,0.362
2014/10/02 13:33:32,2,37.98639,-122.31521,248.688,62.066,0.0,-51,0.000,1.417,0.450
2014/10/02 13:33:37,2,37.98521,-122.31583,246.391,66.025,0.0,-51,0.000,1.083,0.255
2014/10/02 13:33:42,2,37.98389,-122.31627,249.344,68.976,0.0,-77,0.000,1.250,0.526
2014/10/02 13:33:47,2,37.98250,-122.31659,256.234,70.804,0.0,-77,0.000,1.333,0.319
2014/10/02 13:33:52,2,37.98112,-122.31695,261.155,68.337,0.0,-77,0.000,1.000,0.351
2014/10/02 13:33:57,2,37.97984,-122.31737,268.045,65.267,0.0,-77,0.000,0.417,2.187
2014/10/02 13:34:02,2,37.97857,-122.31779,271.982,65.621,0.0,-77,0.000,0.000,0.310
2014/10/02 13:34:07,2,37.97727,-122.31823,266.404,67.629,0.0,-77,0.000,1.042,1.167
2014/10/02 13:34:12,2,37.97593,-122.31870,251.312,70.777,0.0,-77,0.000,0.667,0.541
2014/10/02 13:34:17,2,37.97454,-122.31916,232.612,70.114,0.0,-77,0.000,0.000,0.259
2014/10/02 13:34:22,2,37.97316,-122.31962,214.895,71.391,0.0,-77,0.000,0.042,0.243
2014/10/02 13:34:27,2,37.97175,-122.32008,196.850,72.659,0.0,-77,0.000,1.000,0.403
2014/10/02 13:34:32,2,37.97035,-122.32055,179.462,70.891,0.0,-77,0.000,1.500,0.342
2014/10/02 13:34:37,2,37.96900,-122.32101,162.402,68.306,0.0,-77,0.000,0.000,0.341
2014/10/02 13:34:42,2,37.96768,-122.32151,145.013,68.141,0.0,-77,0.000,1.250,0.394
2014/10/02 13:34:47,2,37.96651,-122.32240,127.953,68.648,0.0,-61,0.000,1.500,0.381
2014/10/02 13:34:52,2,37.96558,-122.32368,108.596,68.749,0.0,-61,0.000,1.375,0.391
2014/10/02 13:34:57,2,37.96481,-122.32513,92.520,67.964,0.0,-61,0.000,1.500,0.290
2014/10/02 13:35:02,2,37.96406,-122.32657,84.318,68.901,0.0,-61,0.000,1.500,0.233
2014/10/02 13:35:07,2,37.96328,-122.32800,81.693,67.109,0.0,-61,0.000,0.000,0.233
2014/10/02 13:35:12,2,37.96235,-122.32918,95.144,64.501,0.0,-61,0.000,0.042,0.267
2014/10/02 13:35:17,2,37.96128,-122.33005,109.908,63.086,0.0,-53,0.000,1.208,0.395
2014/10/02 13:35:22,2,37.96010,-122.33061,119.751,62.836,0.0,-53,0.000,0.708,0.902
2014/10/02 13:35:27,2,37.95882,-122.33083,123.688,65.909,0.0,-53,0.000,0.542,0.346
2014/10/02 13:35:32,2,37.95747,-122.33067,125.656,67.884,0.0,-53,0.000,1.500,0.322
2014/10/02 13:35:37,2,37.95618,-122.33012,121.719,67.677,0.0,-53,0.000,1.583,0.465
2014/10/02 13:35:42,2,37.95497,-122.32941,118.110,65.929,0.0,-53,0.000,1.458,0.346
2014/10/02 13:35:47,2,37.95378,-122.32871,115.814,65.874,0.0,-61,0.000,0.000,0.382
2014/10/02 13:35:52,2,37.95256,-122.32805,112.861,65.802,0.0,-61,0.000,1.542,0.339
2014/10/02 13:35:57,2,37.95133,-122.32744,104.331,65.431,0.0,-61,0.000,1.500,0.204
2014/10/02 13:36:02,2,37.95010,-122.32684,94.488,66.381,0.0,-61,0.000,0.000,0.222
2014/10/02 13:36:07,2,37.94887,-122.32624,81.365,64.678,0.0,-61,0.000,0.042,0.347
2014/10/02 13:36:12,2,37.94765,-122.32569,64.961,64.330,0.0,-61,0.000,1.250,0.582
2014/10/02 13:36:17,2,37.94646,-122.32514,72.507,61.517,0.0,-69,0.000,1.542,0.262
2014/10/02 13:36:22,2,37.94529,-122.32457,63.976,63.178,0.0,-69,0.000,1.500,0.566
2014/10/02 13:36:27,2,37.94408,-122.32406,57.415,62.839,0.0,-69,0.000,1.458,0.345
2014/10/02 13:36:32,2,37.94283,-122.32387,74.803,63.480,0.0,-69,0.000,1.625,0.698
2014/10/02 13:36:37,2,37.94158,-122.32411,77.428,62.953,0.0,-69,0.000,1.333,0.610
2014/10/02 13:36:42,2,37.94037,-122.32470,71.522,65.401,0.0,-69,0.000,1.083,0.778
2014/10/02 13:36:47,2,37.93917,-122.32534,77.428,64.503,0.0,-69,0.000,0.000,0.487
2014/10/02 13:36:52,2,37.93799,-122.32596,86.942,63.320,0.0,-79,0.000,0.000,0.258
2014/10/02 13:36:57,2,37.93683,-122.32655,88.255,61.477,0.0,-79,0.000,0.042,0.282
2014/10/02 13:37:02,2,37.93568,-122.32698,85.958,59.322,0.0,-79,0.000,1.000,0.303
2014/10/02 13:37:07,2,37.93448,-122.32700,79.724,60.018,0.0,-79,0.000,0.708,1.543
2014/10/02 13:37:12,2,37.93330,-122.32657,78.084,61.838,0.0,-79,0.000,0.375,0.383
2014/10/02 13:37:17,2,37.93219,-122.32583,79.724,61.813,0.0,-79,0.000,0.500,1.375
2014/10/02 13:37:22,2,37.93110,-122.32505,81.693,61.700,0.0,-65,0.000,0.958,0.355
2014/10/02 13:37:27,2,37.93003,-122.32433,75.131,58.835,0.0,-65,0.000,1.500,0.428
2014/10/02 13:37:32,2,37.92897,-122.32360,67.585,61.705,0.0,-65,0.000,0.000,0.526
2014/10/02 13:37:37,2,37.92785,-122.32284,64.633,63.476,0.0,-65,0.000,1.250,0.886
2014/10/02 13:37:42,2,37.92675,-122.32207,68.570,61.442,0.0,-65,0.000,0.792,0.351
2014/10/02 13:37:47,2,37.92570,-122.32133,74.475,58.557,0.0,-65,0.000,1.292,0.571
2014/10/02 13:37:52,2,37.92468,-122.32059,72.507,59.035,0.0,-67,0.000,1.000,0.523
2014/10/02 13:37:57,2,37.92362,-122.31980,64.304,62.861,0.0,-67,0.000,0.000,0.247
2014/10/02 13:38:02,2,37.92252,-122.31898,60.696,62.998,0.0,-67,0.000,0.000,0.252
2014/10/02 13:38:07,2,37.92141,-122.31826,64.961,60.922,0.0,-67,0.000,0.042,0.383
2014/10/02 13:38:12,2,37.92026,-122.31780,66.929,60.138,0.0,-67,0.000,1.375,0.402
2014/10/02 13:38:17,2,37.91905,-122.31760,59.711,60.876,0.0,-67,0.000,1.167,0.363
2014/10/02 13:38:22,2,37.91782,-122.31759,55.118,60.183,0.0,-51,0.000,1.417,0.439
2014/10/02 13:38:27,2,37.91663,-122.31758,52.165,58.367,0.0,-51,0.000,1.375,0.345
2014/10/02 13:38:32,2,37.91547,-122.31758,47.900,57.376,0.0,-51,0.000,1.333,0.395
2014/10/02 13:38:37,2,37.91433,-122.31758,44.619,57.012,0.0,-51,0.000,1.250,0.263
2014/10/02 13:38:42,2,37.91315,-122.31758,41.339,60.270,0.0,-51,0.000,1.458,0.450
2014/10/02 13:38:47,2,37.91192,-122.31757,41.010,61.719,0.0,-51,0.000,0.000,0.731
2014/10/02 13:38:52,2,37.91070,-122.31738,41.995,60.159,0.0,-79,0.000,0.000,0.234
2014/10/02 13:38:57,2,37.90961,-122.31689,32.808,55.892,0.0,-79,0.000,0.042,0.592
2014/10/02 13:39:02,2,37.90861,-122.31624,19.029,57.075,0.0,-79,0.000,0.708,0.538
2014/10/02 13:39:07,2,37.90759,-122.31554,12.467,58.424,0.0,-79,0.000,0.542,0.998
2014/10/02 13:39:12,2,37.90657,-122.31484,14.436,56.868,0.0,-79,0.000,0.000,2.367
2014/10/02 13:39:17,2,37.90556,-122.31415,25.591,56.732,0.0,-79,0.000,0.292,0.567
2014/10/02 13:39:22,2,37.90458,-122.31347,33.136,55.340,0.0,-79,0.000,0.417,0.367
2014/10/02 13:39:27,2,37.90362,-122.31281,35.761,53.715,0.0,-77,0.000,1.292,0.478
2014/10/02 13:39:32,2,37.90268,-122.31215,35.761,53.481,0.0,-77,0.000,1.583,0.275
2014/10/02 13:39:37,2,37.90173,-122.31150,30.512,52.661,0.0,-77,0.000,1.458,0.430
2014/10/02 13:39:42,2,37.90078,-122.31086,20.669,56.527,0.0,-77,0.000,1.458,0.374
2014/10/02 13:39:47,2,37.89970,-122.31022,7.874,61.054,0.0,-77,0.000,1.458,0.395
2014/10/02 13:39:52,2,37.89855,-122.30964,0.656,62.138,0.0,-77,0.000,0.000,0.222
2014/10/02 13:39:57,2,37.89737,-122.30916,3.609,60.726,0.0,-69,0.000,0.042,0.291
2014/10/02 13:40:02,2,37.89620,-122.30869,15.748,61.053,0.0,-69,0.000,1.208,0.302
2014/10/02 13:40:07,2,37.89507,-122.30824,26.575,57.146,0.0,-69,0.000,1.500,0.301
2014/10/02 13:40:12,2,37.89399,-122.30781,37.402,56.080,0.0,-69,0.000,1.375,0.610
2014/10/02 13:40:17,2,37.89289,-122.30757,41.010,55.498,0.0,-69,0.000,1.417,0.347
2014/10/02 13:40:22,2,37.89175,-122.30770,45.932,55.839,0.0,-69,0.000,1.500,0.431
2014/10/02 13:40:27,2,37.89069,-122.30812,48.228,55.660,0.0,-59,0.000,1.417,0.443
2014/10/02 13:40:32,2,37.88962,-122.30866,45.604,59.661,0.0,-59,0.000,0.000,0.469
2014/10/02 13:40:37,2,37.88848,-122.30914,38.714,59.949,0.0,-59,0.000,1.375,0.331
2014/10/02 13:40:42,2,37.88731,-122.30934,38.714,56.560,0.0,-59,0.000,0.000,0.335
2014/10/02 13:40:47,2,37.88616,-122.30923,25.919,58.092,0.0,-59,0.000,0.042,0.342
2014/10/02 13:40:52,2,37.88498,-122.30897,10.827,60.070,0.0,-59,0.000,1.167,0.418
2014/10/02 13:40:57,2,37.88380,-122.30871,9.843,59.932,0.0,-59,0.000,1.583,0.419
2014/10/02 13:41:02,2,37.88257,-122.30844,11.811,62.832,0.0,-59,0.000,1.417,0.710
2014/10/02 13:41:07,2,37.88135,-122.30816,13.123,59.532,0.0,-59,0.000,1.375,0.482
2014/10/02 13:41:12,2,37.88016,-122.30790,16.404,59.536,0.0,-59,0.000,1.375,0.291
2014/10/02 13:41:17,2,37.87901,-122.30764,29.199,56.314,0.0,-59,0.000,1.250,0.394
2014/10/02 13:41:22,2,37.87795,-122.30738,33.465,53.202,0.0,-59,0.000,1.042,1.329
2014/10/02 13:41:27,2,37.87693,-122.30708,29.528,50.042,0.0,-59,0.000,0.000,0.230
2014/10/02 13:41:32,2,37.87600,-122.30680,21.325,46.198,0.0,-63,0.000,0.000,0.234
2014/10/02 13:41:37,2,37.87512,-122.30651,19.029,46.545,0.0,-63,0.000,0.042,0.366
2014/10/02 13:41:42,2,37.87415,-122.30619,21.654,49.953,0.0,-63,0.000,1.292,0.352
2014/10/02 13:41:47,2,37.87320,-122.30590,22.966,48.825,0.0,-63,0.000,1.500,0.398
2014/10/02 13:41:52,2,37.87228,-122.30561,23.294,44.852,0.0,-63,0.000,1.542,0.322
2014/10/02 13:41:57,2,37.87143,-122.30535,26.575,41.927,0.0,-63,0.000,1.375,0.427
2014/10/02 13:42:02,2,37.87065,-122.30511,28.543,36.074,0.0,-51,0.000,1.417,0.362
2014/10/02 13:42:07,2,37.87002,-122.30491,27.559,31.239,0.0,-51,0.000,1.417,0.390
2014/10/02 13:42:12,2,37.86939,-122.30471,39.370,32.283,0.0,-51,0.000,1.417,0.350
2014/10/02 13:42:17,2,37.86871,-122.30451,34.121,36.740,0.0,-51,0.000,0.000,0.201
2014/10/02 13:42:22,2,37.86797,-122.30428,31.824,39.811,0.0,-51,0.000,0.042,0.234
2014/10/02 13:42:27,2,37.86730,-122.30403,20.013,33.117,0.0,-51,0.000,1.292,0.446
2014/10/02 13:42:32,2,37.86666,-122.30383,18.701,32.188,0.0,-51,0.000,1.167,0.337
2014/10/02 13:42:37,2,37.86600,-122.30365,49.213,30.124,0.0,-51,0.000,1.542,0.279
2014/10/02 13:42:42,2,37.86552,-122.30352,54.462,15.590,0.0,-51,0.000,1.542,0.359
2014/10/02 13:42:47,2,37.86530,-122.30346,56.759,6.746,0.0,-51,0.000,1.542,0.458
2014/10/02 13:42:52,2,37.86530,-122.30347,47.244,0.029,0.0,-51,0.000,0.000,0.331
2014/10/02 13:42:57,2,37.86532,-122.30347,41.995,0.042,0.0,-51,0.000,1.500,0.427
2014/10/02 13:43:02,2,37.86530,-122.30346,38.058,1.141,0.0,-51,0.000,1.417,0.281
2014/10/02 13:43:07,2,37.86523,-122.30343,35.761,7.686,0.0,-51,0.000,0.000,0.363
2014/10/02 13:43:12,2,37.86493,-122.30334,36.089,20.171,0.0,-51,0.000,0.042,0.266
2014/10/02 13:43:17,2,37.86452,-122.30323,29.199,21.655,0.0,-51,0.000,1.333,0.383
2014/10/02 13:43:22,2,37.86402,-122.30312,22.638,30.261,0.0,-51,0.000,1.542,0.447
2014/10/02 13:43:27,2,37.86339,-122.30295,20.013,31.912,0.0,-51,0.000,1.333,0.312
2014/10/02 13:43:32,2,37.86276,-122.30277,19.357,32.077,0.0,-51,0.000,1.500,0.396
2014/10/02 13:43:37,2,37.86218,-122.30265,18.373,26.879,0.0,-57,0.000,1.458,0.491
2014/10/02 13:43:42,2,37.86170,-122.30251,18.045,23.693,0.0,-57,0.000,1.458,0.530
2014/10/02 13:43:47,2,37.86125,-122.30239,18.373,22.261,0.0,-57,0.000,1.458,0.239
2014/10/02 13:43:52,2,37.86082,-122.30227,16.732,22.300,0.0,-57,0.000,0.000,0.223
2014/10/02 13:43:57,2,37.86037,-122.30214,15.420,23.390,0.0,-57,0.000,0.042,0.223
2014/10/02 13:44:02,2,37.85984,-122.30199,13.780,29.029,0.0,-57,0.000,0.542,0.442
2014/10/02 13:44:07,2,37.85926,-122.30183,15.420,29.505,0.0,-63,0.000,1.292,0.258
2014/10/02 13:44:12,2,37.85866,-122.30167,17.060,31.743,0.0,-63,0.000,1.417,0.371
2014/10/02 13:44:17,2,37.85803,-122.30149,16.076,32.682,0.0,-63,0.000,0.000,0.590
2014/10/02 13:44:22,2,37.85740,-122.30131,16.404,31.949,0.0,-63,0.000,0.708,0.609
2014/10/02 13:44:27,2,37.85678,-122.30114,16.732,31.263,0.0,-63,0.000,0.333,1.413
2014/10/02 13:44:32,2,37.85614,-122.30096,16.732,34.092,0.0,-63,0.000,0.583,0.419
2014/10/02 13:44:37,2,37.85543,-122.30076,16.404,37.796,0.0,-65,0.000,1.083,0.406
2014/10/02 13:44:42,2,37.85464,-122.30054,17.060,42.512,0.0,-65,0.000,0.833,0.291
2014/10/02 13:44:47,2,37.85380,-122.30030,17.060,42.516,0.0,-65,0.000,0.875,0.419
2014/10/02 13:44:52,2,37.85294,-122.30006,16.076,45.041,0.0,-65,0.000,1.667,0.359
2014/10/02 13:44:57,2,37.85205,-122.29982,15.092,44.529,0.0,-65,0.000,0.000,0.238
2014/10/02 13:45:02,2,37.85123,-122.29962,14.108,40.395,0.0,-65,0.000,0.000,0.251
2014/10/02 13:45:07,2,37.85043,-122.29942,13.780,40.189,0.0,-69,0.000,0.042,0.231
2014/10/02 13:45:12,2,37.84963,-122.29924,11.811,40.585,0.0,-69,0.000,0.500,0.771
2014/10/02 13:45:17,2,37.84885,-122.29904,9.514,39.519,0.0,-69,0.000,0.500,0.258
2014/10/02 13:45:22,2,37.84804,-122.29886,15.420,41.452,0.0,-69,0.000,0.875,0.256
2014/10/02 13:45:27,2,37.84722,-122.29867,15.748,41.783,0.0,-69,0.000,1.167,0.309
2014/10/02 13:45:32,2,37.84642,-122.29849,16.076,39.333,0.0,-69,0.000,1.042,0.326
2014/10/02 13:45:37,2,37.84564,-122.29831,14.764,39.781,0.0,-69,0.000,1.042,0.246
2014/10/02 13:45:42,2,37.84486,-122.29815,13.123,39.179,0.0,-67,0.000,0.583,2.495
2014/10/02 13:45:47,2,37.84410,-122.29799,12.795,38.477,0.0,-67,0.000,0.500,0.558
2014/10/02 13:45:52,2,37.84336,-122.29783,12.139,36.014,0.0,-67,0.000,1.167,0.282
2014/10/02 13:45:57,2,37.84267,-122.29768,12.139,34.940,0.0,-67,0.000,1.708,0.498
2014/10/02 13:46:03,2,37.84197,-122.29753,11.811,36.623,0.0,-67,0.000,0.000,0.351
2014/10/02 13:46:08,2,37.84126,-122.29740,11.483,33.854,0.0,-67,0.000,0.000,0.226
2014/10/02 13:46:13,2,37.84063,-122.29731,12.139,30.509,0.0,-57,0.000,0.042,0.426
2014/10/02 13:46:18,2,37.83998,-122.29719,13.780,33.874,0.0,-57,0.000,1.208,0.450
2014/10/02 13:46:23,2,37.83928,-122.29705,20.669,36.615,0.0,-57,0.000,1.167,0.307
2014/10/02 13:46:28,2,37.83853,-122.29690,31.496,38.687,0.0,-57,0.000,1.208,0.343
2014/10/02 13:46:33,2,37.83783,-122.29675,36.745,32.744,0.0,-57,0.000,1.500,0.334
2014/10/02 13:46:38,2,37.83720,-122.29654,33.136,33.941,0.0,-57,0.000,1.083,0.391
2014/10/02 13:46:43,2,37.83648,-122.29623,21.982,41.612,0.0,-51,0.000,1.125,0.230
2014/10/02 13:46:48,2,37.83561,-122.29583,11.483,49.543,0.0,-51,0.000,1.208,0.358
2014/10/02 13:46:53,2,37.83464,-122.29539,9.514,51.667,0.0,-51,0.000,1.333,0.417
2014/10/02 13:46:58,2,37.83366,-122.29494,9.843,52.269,0.0,-51,0.000,0.000,0.253
2014/10/02 13:47:03,2,37.83266,-122.29449,9.186,53.421,0.0,-51,0.000,0.000,0.242
2014/10/02 13:47:08,2,37.83161,-122.29422,9.843,54.650,0.0,-51,0.000,0.042,0.365
2014/10/02 13:47:13,2,37.83052,-122.29408,9.843,53.217,0.0,-55,0.000,1.083,0.294
2014/10/02 13:47:18,2,37.82948,-122.29418,11.483,51.857,0.0,-55,0.000,1.333,1.089
2014/10/02 13:47:23,2,37.82852,-122.29476,12.467,55.960,0.0,-55,0.000,1.208,0.363
2014/10/02 13:47:28,2,37.82775,-122.29584,10.499,58.676,0.0,-55,0.000,1.333,0.506
2014/10/02 13:47:33,2,37.82731,-122.29727,4.921,62.057,0.0,-55,0.000,1.250,0.419
2014/10/02 13:47:38,2,37.82694,-122.29879,3.937,62.880,0.0,-55,0.000,1.042,0.734
2014/10/02 13:47:43,2,37.82658,-122.30031,3.937,62.981,0.0,-55,0.000,1.250,0.375
2014/10/02 13:47:48,2,37.82623,-122.30186,4.265,62.968,0.0,-55,0.000,1.042,0.634
2014/10/02 13:47:53,2,37.82591,-122.30335,3.281,58.188,0.0,-55,0.000,0.333,1.694
2014/10/02 13:47:58,2,37.82567,-122.30471,3.937,51.043,0.0,-55,0.000,0.000,1.019
2014/10/02 13:48:03,2,37.82556,-122.30599,5.249,52.359,0.0,-55,0.000,0.000,0.238
2014/10/02 13:48:08,2,37.82547,-122.30731,15.748,52.509,0.0,-55,0.000,0.000,0.219
2014/10/02 13:48:13,2,37.82542,-122.30847,28.215,41.995,0.0,-55,0.000,0.042,0.231
2014/10/02 13:48:18,2,37.82513,-122.30938,42.323,39.441,0.0,-113,0.000,1.208,0.358
2014/10/02 13:48:23,2,37.82438,-122.30951,47.572,40.899,0.0,-113,0.000,0.583,1.541
2014/10/02 13:48:28,2,37.82398,-122.30865,45.276,42.870,0.0,-113,0.000,0.000,0.000
2014/10/02 13:48:33,2,37.82416,-122.30752,41.339,47.530,0.0,-113,0.000,0.542,0.425
2014/10/02 13:48:38,2,37.82431,-122.30631,38.714,49.446,0.0,-113,0.000,1.000,0.254
2014/10/02 13:48:43,2,37.82423,-122.30503,37.073,51.847,0.0,-113,0.000,1.417,0.354
2014/10/02 13:48:48,2,37.82390,-122.30379,38.714,50.645,0.0,-61,0.000,0.958,0.419
2014/10/02 13:48:53,2,37.82343,-122.30270,23.294,46.734,0.0,-61,0.000,1.208,0.402
2014/10/02 13:48:58,2,37.82306,-122.30177,11.483,37.050,0.0,-61,0.000,1.458,0.519
2014/10/02 13:49:03,2,37.82285,-122.30109,6.234,23.839,0.0,-61,0.000,1.208,0.849
2014/10/02 13:49:08,2,37.82272,-122.30074,6.234,8.011,0.0,-61,0.000,0.000,0.383
2014/10/02 13:49:13,2,37.82270,-122.30069,4.921,0.235,0.0,-61,0.000,0.000,0.250
2014/10/02 13:49:18,2,37.82265,-122.30058,5.906,13.904,0.0,-63,0.000,0.042,0.679
2014/10/02 13:49:23,2,37.82241,-122.30005,4.593,31.132,0.0,-63,0.000,0.958,0.442
2014/10/02 13:49:28,2,37.82207,-122.29926,4.265,38.398,0.0,-63,0.000,0.000,0.981
2014/10/02 13:49:33,2,37.82169,-122.29839,9.843,39.450,0.0,-63,0.000,0.583,0.745
2014/10/02 13:49:38,2,37.82129,-122.29753,15.092,39.726,0.0,-63,0.000,0.917,0.483
2014/10/02 13:49:43,2,37.82091,-122.29667,0.656,33.319,0.0,-63,0.000,0.917,0.566
2014/10/02 13:49:48,2,37.82037,-122.29580,-0.984,41.587,0.0,-63,0.000,0.708,0.558
2014/10/02 13:49:53,2,37.81977,-122.29510,23.622,35.166,0.0,-61,0.000,0.458,2.207
2014/10/02 13:49:58,2,37.81935,-122.29460,50.853,28.672,0.0,-61,0.000,0.833,0.415
2014/10/02 13:50:03,2,37.81927,-122.29452,72.835,0.990,0.0,-61,0.000,1.250,1.263
2014/10/02 13:50:08,2,37.81930,-122.29456,73.819,0.469,0.0,-61,0.000,1.333,0.434
2014/10/02 13:50:13,2,37.81936,-122.29462,74.803,0.086,0.0,-61,0.000,1.500,0.390
2014/10/02 13:50:18,2,37.81938,-122.29464,73.819,0.329,0.0,-61,0.000,0.000,0.219
2014/10/02 13:50:23,2,37.81939,-122.29465,73.163,2.175,0.0,-59,0.000,0.000,0.231
2014/10/02 13:50:28,2,37.81914,-122.29425,67.913,21.747,0.0,-59,0.000,0.042,0.334
2014/10/02 13:50:33,2,37.81883,-122.29360,57.087,31.852,0.0,-59,0.000,0.458,0.478
2014/10/02 13:50:38,2,37.81846,-122.29284,30.184,36.890,0.0,-59,0.000,0.750,1.527
2014/10/02 13:50:43,2,37.81808,-122.29204,15.092,36.644,0.0,-59,0.000,1.167,0.319
2014/10/02 13:50:48,2,37.81771,-122.29132,14.436,31.210,0.0,-59,0.000,1.125,0.250
2014/10/02 13:50:53,2,37.81739,-122.29071,14.108,29.508,0.0,-59,0.000,1.458,0.350
2014/10/02 13:50:58,2,37.81714,-122.29024,10.171,14.924,0.0,-59,0.000,1.542,0.298
2014/10/02 13:51:03,2,37.81697,-122.28995,8.530,11.680,0.0,-59,0.000,1.500,0.290
2014/10/02 13:51:08,2,37.81691,-122.28986,13.780,0.291,0.0,-59,0.000,1.667,0.409
2014/10/02 13:51:13,2,37.81689,-122.28988,35.105,0.131,0.0,-59,0.000,0.000,0.242
2014/10/02 13:51:18,2,37.81689,-122.28989,35.761,0.090,0.0,-59,0.000,0.000,0.231
2014/10/02 13:51:23,2,37.81689,-122.28988,28.215,0.052,0.0,-51,0.000,0.042,0.339
2014/10/02 13:51:28,2,37.81687,-122.28983,22.638,8.281,0.0,-51,0.000,1.250,0.635
2014/10/02 13:51:33,2,37.81674,-122.28953,24.934,16.430,0.0,-51,0.000,1.500,0.387
2014/10/02 13:51:38,2,37.81661,-122.28901,23.950,25.277,0.0,-51,0.000,1.625,0.458
2014/10/02 13:51:43,2,37.81647,-122.28839,21.982,23.318,0.0,-51,0.000,1.750,0.347
2014/10/02 13:51:48,2,37.81636,-122.28786,20.997,19.382,0.0,-51,0.000,1.625,0.647
2014/10/02 13:51:53,2,37.81629,-122.28756,21.982,5.273,0.0,-51,0.000,1.375,0.443
2014/10/02 13:51:58,2,37.81629,-122.28753,16.076,0.027,0.0,-51,0.000,0.000,0.234
2014/10/02 13:52:03,2,37.81629,-122.28753,9.186,0.016,0.0,-51,0.000,0.000,0.231
2014/10/02 13:52:08,2,37.81630,-122.28753,3.609,0.020,0.0,-51,0.000,0.042,0.330
2014/10/02 13:52:13,2,37.81631,-122.28752,-1.969,0.026,0.0,-51,0.000,1.292,0.562
2014/10/02 13:52:18,2,37.81627,-122.28742,2.297,11.249,0.0,-51,0.000,1.333,0.779
2014/10/02 13:52:23,2,37.81616,-122.28701,12.795,20.606,0.0,-51,0.000,1.333,0.437
2014/10/02 13:52:28,2,37.81600,-122.28642,25.591,24.015,0.0,-59,0.000,1.417,0.338
2014/10/02 13:52:33,2,37.81589,-122.28582,17.717,26.016,0.0,-59,0.000,1.417,0.402
2014/10/02 13:52:38,2,37.81574,-122.28510,11.155,30.368,0.0,-59,0.000,1.375,0.490
2014/10/02 13:52:43,2,37.81557,-122.28437,7.546,28.954,0.0,-59,0.000,1.000,0.801
2014/10/02 13:52:48,2,37.81538,-122.28356,9.186,36.004,0.0,-59,0.000,0.750,0.247
2014/10/02 13:52:53,2,37.81518,-122.28265,9.843,36.398,0.0,-59,0.000,0.000,0.266
2014/10/02 13:52:58,2,37.81499,-122.28179,7.874,35.081,0.0,-75,0.000,0.042,0.235
2014/10/02 13:53:03,2,37.81479,-122.28093,8.858,34.647,0.0,-75,0.000,0.667,0.395
2014/10/02 13:53:08,2,37.81465,-122.28011,13.123,31.553,0.0,-75,0.000,1.625,0.350
2014/10/02 13:53:13,2,37.81462,-122.27954,12.139,17.292,0.0,-75,0.000,1.750,0.266
2014/10/02 13:53:18,2,37.81458,-122.27918,11.811,7.274,0.0,-75,0.000,1.333,0.379
2014/10/02 13:53:23,2,37.81457,-122.27915,10.171,0.009,0.0,-75,0.000,1.625,0.247
2014/10/02 13:53:28,2,37.81457,-122.27915,8.858,0.055,0.0,-65,0.000,0.000,0.681
2014/10/02 13:53:33,2,37.81457,-122.27915,4.921,0.131,0.0,-65,0.000,1.167,0.263
2014/10/02 13:53:38,2,37.81457,-122.27915,2.625,0.090,0.0,-65,0.000,1.333,0.531
2014/10/02 13:53:43,2,37.81457,-122.27915,1.640,0.101,0.0,-65,0.000,0.000,0.247
2014/10/02 13:53:48,2,37.81457,-122.27912,2.297,6.214,0.0,-65,0.000,0.042,0.371
2014/10/02 13:53:53,2,37.81446,-122.27876,5.906,19.355,0.0,-65,0.000,1.208,0.291
2014/10/02 13:53:58,2,37.81427,-122.27824,8.202,24.764,0.0,-65,0.000,1.458,0.268
2014/10/02 13:54:03,2,37.81404,-122.27767,12.139,25.114,0.0,-63,0.000,1.667,0.618
2014/10/02 13:54:08,2,37.81383,-122.27710,8.858,24.075,0.0,-63,0.000,1.458,0.346
2014/10/02 13:54:13,2,37.81365,-122.27653,-4.593,23.535,0.0,-63,0.000,1.500,0.267
2014/10/02 13:54:18,2,37.81344,-122.27596,0.000,23.686,0.0,-63,0.000,1.583,0.385
2014/10/02 13:54:23,2,37.81332,-122.27550,-2.297,20.787,0.0,-63,0.000,0.000,0.298
2014/10/02 13:54:28,2,37.81310,-122.27503,6.890,17.612,0.0,-63,0.000,0.000,0.223
2014/10/02 13:54:33,2,37.81276,-122.27500,14.764,22.114,0.0,-51,0.000,0.042,0.229
2014/10/02 13:54:38,2,37.81228,-122.27530,19.357,29.594,0.0,-51,0.000,1.333,0.523
2014/10/02 13:54:43,2,37.81173,-122.27564,17.388,31.148,0.0,-51,0.000,1.417,0.415
2014/10/02 13:54:48,2,37.81116,-122.27597,20.013,28.525,0.0,-51,0.000,1.583,0.390
2014/10/02 13:54:53,2,37.81073,-122.27623,19.029,15.966,0.0,-51,0.000,1.333,0.358
2014/10/02 13:54:58,2,37.81057,-122.27632,23.294,11.078,0.0,-51,0.000,1.458,0.337
2014/10/02 13:55:03,2,37.81015,-122.27658,23.950,31.758,0.0,-51,0.000,1.458,0.439
2014/10/02 13:55:08,2,37.80945,-122.27702,25.591,41.535,0.0,-51,0.000,1.333,0.467
2014/10/02 13:55:13,2,37.80866,-122.27748,30.840,44.424,0.0,-51,0.000,0.000,0.249
2014/10/02 13:55:18,2,37.80780,-122.27794,27.231,50.034,0.0,-51,0.000,0.000,0.224
2014/10/02 13:55:23,2,37.80680,-122.27847,11.155,56.312,0.0,-51,0.000,0.042,1.602
2014/10/02 13:55:28,2,37.80571,-122.27901,13.451,63.118,0.0,-51,0.000,0.750,0.502
2014/10/02 13:55:33,2,37.80460,-122.27965,20.669,61.570,0.0,-69,0.000,1.167,0.343
2014/10/02 13:55:38,2,37.80347,-122.28023,43.307,59.182,0.0,-69,0.000,1.250,1.422
2014/10/02 13:55:43,2,37.80231,-122.28042,62.664,57.852,0.0,-69,0.000,0.958,0.371
2014/10/02 13:55:48,2,37.80119,-122.28011,74.475,55.740,0.0,-69,0.000,1.083,0.308
2014/10/02 13:55:53,2,37.80025,-122.27938,72.835,54.584,0.0,-69,0.000,0.833,0.510
2014/10/02 13:55:58,2,37.79956,-122.27835,65.289,51.883,0.0,-69,0.000,1.208,0.609
2014/10/02 13:56:03,2,37.79907,-122.27716,47.900,54.229,0.0,-69,0.000,1.083,0.639
2014/10/02 13:56:08,2,37.79856,-122.27596,42.979,53.358,0.0,-51,0.000,1.042,0.486
2014/10/02 13:56:13,2,37.79811,-122.27476,45.604,50.302,0.0,-51,0.000,0.000,0.391
2014/10/02 13:56:18,2,37.79759,-122.27369,49.869,49.379,0.0,-51,0.000,0.000,0.259
2014/10/02 13:56:23,2,37.79715,-122.27256,44.948,50.287,0.0,-51,0.000,0.042,0.319
2014/10/02 13:56:28,2,37.79676,-122.27143,39.370,46.746,0.0,-51,0.000,0.667,0.569
2014/10/02 13:56:33,2,37.79639,-122.27042,25.591,41.262,0.0,-51,0.000,0.833,0.763
2014/10/02 13:56:38,2,37.79606,-122.26955,14.108,34.090,0.0,-53,0.000,0.792,0.398
2014/10/02 13:56:43,2,37.79574,-122.26883,17.717,31.339,0.0,-53,0.000,0.708,0.694
2014/10/02 13:56:48,2,37.79547,-122.26821,24.606,26.178,0.0,-53,0.000,0.000,0.690
2014/10/02 13:56:53,2,37.79525,-122.26765,21.325,21.847,0.0,-53,0.000,0.750,0.777
2014/10/02 13:56:58,2,37.79506,-122.26721,37.402,17.590,0.0,-53,0.000,0.750,0.479
2014/10/02 13:57:03,2,37.79492,-122.26688,44.619,12.288,0.0,-53,0.000,1.083,0.390
2014/10/02 13:57:08,2,37.79505,-122.26666,34.121,10.823,0.0,-69,0.000,1.250,0.404
2014/10/02 13:57:13,2,37.79519,-122.26653,28.215,4.086,0.0,-69,0.000,0.958,0.374
2014/10/02 13:57:18,2,37.79538,-122.26642,30.184,12.574,0.0,-69,0.000,1.833,0.341
2014/10/02 13:57:23,2,37.79564,-122.26667,33.136,20.388,0.0,-69,0.000,0.000,0.229
2014/10/02 13:57:28,2,37.79583,-122.26713,65.617,18.161,0.0,-69,0.000,0.042,0.291
2014/10/02 13:57:33,2,37.79592,-122.26731,56.430,0.263,0.0,-69,0.000,1.375,0.533
2014/10/02 13:57:38,2,37.79591,-122.26728,54.462,0.050,0.0,-51,0.000,1.500,0.447
2014/10/02 13:57:43,2,37.79590,-122.26727,57.087,0.022,0.0,-51,0.000,1.292,0.771
2014/10/02 13:57:48,2,37.79590,-122.26727,57.415,0.098,0.0,-51,0.000,1.125,0.375
2014/10/02 13:57:53,2,37.79591,-122.26727,57.415,0.029,0.0,-51,0.000,1.292,0.615
2014/10/02 13:57:58,2,37.79592,-122.26728,53.478,0.141,0.0,-51,0.000,1.333,0.362
2014/10/02 13:58:03,2,37.79595,-122.26733,52.493,7.292,0.0,-51,0.000,1.458,0.306
2014/10/02 13:58:08,2,37.79588,-122.26747,43.307,1.218,0.0,-51,0.000,0.000,0.246
2014/10/02 13:58:13,2,37.79589,-122.26744,42.323,1.211,0.0,-55,0.000,0.000,0.254
2014/10/02 13:58:18,2,37.79588,-122.26744,42.323,0.299,0.0,-55,0.000,0.042,0.310
2014/10/02 13:58:23,2,37.79590,-122.26745,35.433,0.080,0.0,-55,0.000,1.208,0.593
2014/10/02 13:58:28,2,37.79591,-122.26744,28.543,2.526,0.0,-55,0.000,1.583,0.342
2014/10/02 13:58:33,2,37.79584,-122.26725,42.979,14.576,0.0,-55,0.000,1.125,0.470
2014/10/02 13:58:38,2,37.79576,-122.26692,31.824,14.651,0.0,-55,0.000,1.458,0.434
2014/10/02 13:58:43,2,37.79579,-122.26679,7.546,1.083,0.0,-53,0.000,1.458,0.610
2014/10/02 13:58:48,2,37.79582,-122.26683,-0.984,1.078,0.0,-53,0.000,1.458,0.375
2014/10/02 13:58:53,2,37.79580,-122.26684,19.029,1.610,0.0,-53,0.000,1.500,0.442
2014/10/02 13:58:58,2,37.79580,-122.26683,44.948,0.642,0.0,-53,0.000,0.000,0.258
2014/10/02 13:59:03,2,37.79582,-122.26680,69.882,0.228,0.0,-53,0.000,0.042,0.219
2014/10/02 13:59:08,2,37.79581,-122.26680,87.927,0.766,0.0,-53,0.000,1.333,0.335
2014/10/02 13:59:13,2,37.79579,-122.26678,106.627,1.181,0.0,-65,0.000,1.333,0.730
2014/10/02 13:59:18,2,37.79578,-122.26677,106.955,1.124,0.0,-65,0.000,0.000,0.397
2014/10/02 13:59:23,2,37.79579,-122.26679,103.675,1.025,0.0,-65,0.000,1.333,0.723
2014/10/02 13:59:28,2,37.79580,-122.26680,102.034,0.833,0.0,-65,0.000,1.333,0.410
2014/10/02 13:59:33,2,37.79581,-122.26681,105.315,0.409,0.0,-65,0.000,1.250,0.338
2014/10/02 13:59:38,2,37.79582,-122.26683,98.425,0.627,0.0,-65,0.000,1.292,0.526
2014/10/02 13:59:43,2,37.79585,-122.26687,89.895,0.259,0.0,-65,0.000,1.292,0.394
2014/10/02 13:59:48,2,37.79587,-122.26690,78.740,0.290,0.0,-65,0.000,0.000,0.235
2014/10/02 13:59:53,2,37.79584,-122.26689,101.706,0.360,0.0,-65,0.000,0.000,0.231
2014/10/02 13:59:58,2,37.79579,-122.26686,136.155,0.319,0.0,-65,0.000,0.042,0.359
2014/10/02 14:00:03,2,37.79574,-122.26684,173.556,0.660,0.0,-65,0.000,0.000,0.233
2014/10/02 14:00:08,2,37.79572,-122.26683,202.100,0.541,0.0,-65,0.000,0.000,0.229
2014/10/02 14:00:13,2,37.79570,-122.26683,229.659,0.454,0.0,-69,0.000,0.000,0.231
2014/10/02 14:00:18,2,37.79568,-122.26682,242.126,0.334,0.0,-69,0.000,0.000,0.231
2014/10/02 14:00:23,2,37.79567,-122.26680,244.751,0.371,0.0,-69,0.000,0.000,0.679
2014/10/02 14:00:28,2,37.79565,-122.26677,254.921,0.705,0.0,-69,0.000,0.000,0.235
2014/10/02 14:00:33,2,37.79563,-122.26675,273.294,0.411,0.0,-69,0.000,0.000,0.227
2014/10/02 14:00:38,2,37.79561,-122.26676,294.619,0.390,0.0,-69,0.000,0.000,0.218
2014/10/02 14:00:43,2,37.79562,-122.26675,288.386,0.451,0.0,-69,0.000,0.000,0.239
2014/10/02 14:00:48,2,37.79562,-122.26674,288.058,0.902,0.0,-67,0.000,0.000,0.236
2014/10/02 14:00:53,2,37.79564,-122.26673,279.199,0.197,0.0,-67,0.000,0.000,0.235
2014/10/02 14:00:58,2,37.79565,-122.26673,270.997,0.229,0.0,-67,0.000,0.000,0.239
