Date-Time,DOP,Latitude,Longitude,Altitude (ft),Speed (mph),Heading (deg),mod1 SS (dBm),mod1 Down (Mbs),mod1 Up (Mbs),mod1 Ping (Sec)
2014/09/19 10:52:28,1,37.79591,-122.26722,30.840,0.399,0.0,-57,0.923,0.000,0.508
2014/09/19 10:52:33,1,37.79592,-122.26721,46.260,0.147,0.0,-57,0.791,0.500,0.567
2014/09/19 10:52:38,1,37.79594,-122.26726,54.790,7.757,0.0,-57,0.567,0.792,0.583
2014/09/19 10:52:43,1,37.79606,-122.26754,58.071,15.815,0.0,-57,0.417,0.875,0.493
2014/09/19 10:52:48,1,37.79622,-122.26797,61.024,21.930,0.0,-57,0.471,0.542,0.901
2014/09/19 10:52:53,1,37.79638,-122.26853,64.633,22.689,0.0,-57,0.488,1.208,0.656
2014/09/19 10:52:58,1,37.79660,-122.26917,70.538,30.824,0.0,-57,0.474,1.042,0.272
2014/09/19 10:53:03,1,37.79686,-122.26994,79.068,33.382,0.0,-57,0.438,1.125,0.542
2014/09/19 10:53:08,1,37.79713,-122.27074,86.942,34.843,0.0,-57,0.629,1.083,0.378
2014/09/19 10:53:13,1,37.79745,-122.27163,90.879,42.335,0.0,-57,0.379,1.167,0.397
2014/09/19 10:53:18,1,37.79783,-122.27266,92.520,44.445,0.0,-57,0.885,0.000,0.317
2014/09/19 10:53:23,1,37.79819,-122.27363,92.848,44.219,0.0,-57,1.074,0.000,0.842
2014/09/19 10:53:28,1,37.79862,-122.27477,90.223,54.079,0.0,-57,0.420,0.000,0.877
2014/09/19 10:53:33,1,37.79912,-122.27608,87.927,59.914,0.0,-55,0.318,0.042,0.927
2014/09/19 10:53:38,1,37.79966,-122.27748,85.302,61.545,0.0,-55,0.259,0.250,0.990
2014/09/19 10:53:43,1,37.80021,-122.27888,83.005,61.558,0.0,-55,0.561,0.917,0.314
2014/09/19 10:53:48,1,37.80080,-122.28032,77.100,64.607,0.0,-55,0.570,0.917,0.715
2014/09/19 10:53:53,1,37.80132,-122.28167,78.412,57.344,0.0,-55,0.395,1.208,0.567
2014/09/19 10:53:58,1,37.80184,-122.28293,84.318,54.193,0.0,-55,0.467,0.000,0.450
2014/09/19 10:54:03,1,37.80233,-122.28415,88.911,54.100,0.0,-51,0.680,0.958,0.338
2014/09/19 10:54:08,1,37.80270,-122.28542,96.785,53.415,0.0,-51,0.675,1.250,0.338
2014/09/19 10:54:13,1,37.80296,-122.28672,102.362,52.127,0.0,-51,0.736,1.167,0.311
2014/09/19 10:54:18,1,37.80308,-122.28801,102.690,51.022,0.0,-51,0.851,1.250,0.579
2014/09/19 10:54:23,2,37.80309,-122.28932,100.394,51.850,0.0,-51,1.292,1.167,0.307
2014/09/19 10:54:28,2,37.80298,-122.29063,96.129,52.185,0.0,-51,0.706,1.042,0.231
2014/09/19 10:54:33,2,37.80278,-122.29194,86.286,52.260,0.0,-51,1.169,0.000,0.326
2014/09/19 10:54:38,2,37.80258,-122.29322,74.475,51.124,0.0,-51,0.710,0.042,0.291
2014/09/19 10:54:43,2,37.80236,-122.29452,62.664,56.082,0.0,-51,0.000,0.917,0.337
2014/09/19 10:54:48,2,37.80217,-122.29597,49.869,59.455,0.0,-51,0.422,1.333,0.350
2014/09/19 10:54:53,2,37.80222,-122.29748,40.682,59.166,0.0,-51,0.488,0.583,0.458
2014/09/19 10:54:58,2,37.80257,-122.29924,37.730,61.422,0.0,-51,0.400,0.500,0.555
2014/09/19 10:55:03,2,37.80312,-122.30064,38.714,61.976,0.0,-51,0.679,0.958,0.439
2014/09/19 10:55:08,2,37.80386,-122.30189,39.698,62.182,0.0,-57,0.491,1.500,0.367
2014/09/19 10:55:13,2,37.80480,-122.30295,39.698,63.705,0.0,-57,0.323,1.208,0.356
2014/09/19 10:55:18,2,37.80591,-122.30378,37.073,64.562,0.0,-57,0.452,1.333,0.383
2014/09/19 10:55:23,2,37.80711,-122.30431,34.121,61.468,0.0,-57,0.586,1.292,0.338
2014/09/19 10:55:28,1,37.80825,-122.30456,29.856,58.201,0.0,-57,0.556,0.000,0.462
2014/09/19 10:55:33,1,37.80945,-122.30451,29.856,59.578,0.0,-57,0.589,0.000,0.249
2014/09/19 10:55:38,1,37.81062,-122.30419,23.950,60.647,0.0,-51,0.918,0.042,0.234
2014/09/19 10:55:43,1,37.81176,-122.30358,17.060,61.745,0.0,-51,0.633,1.208,0.382
2014/09/19 10:55:48,1,37.81278,-122.30270,19.029,60.390,0.0,-51,0.871,1.125,0.310
2014/09/19 10:55:53,1,37.81358,-122.30171,24.278,52.017,0.0,-51,0.465,1.250,0.439
2014/09/19 10:55:58,1,37.81425,-122.30065,30.512,53.884,0.0,-51,0.832,1.292,0.391
2014/09/19 10:56:03,1,37.81495,-122.29959,41.010,55.410,0.0,-51,0.746,0.000,0.546
2014/09/19 10:56:08,1,37.81568,-122.29843,54.790,59.783,0.0,-61,0.810,0.958,0.381
2014/09/19 10:56:13,1,37.81644,-122.29733,62.008,54.085,0.0,-61,0.449,0.500,0.464
2014/09/19 10:56:18,1,37.81718,-122.29643,69.554,51.055,0.0,-61,0.434,0.667,0.363
2014/09/19 10:56:23,1,37.81800,-122.29558,79.724,53.979,0.0,-61,0.686,1.375,0.398
2014/09/19 10:56:28,1,37.81892,-122.29478,87.598,56.413,0.0,-61,0.504,1.000,0.753
2014/09/19 10:56:33,1,37.81987,-122.29400,93.832,57.202,0.0,-61,0.584,0.954,0.239
2014/09/19 10:56:38,1,37.82083,-122.29321,95.144,57.345,0.0,-71,0.578,0.000,0.735
2014/09/19 10:56:43,1,37.82183,-122.29244,95.801,57.574,0.0,-71,0.885,0.042,0.426
2014/09/19 10:56:48,1,37.82288,-122.29177,99.081,58.775,0.0,-71,0.428,0.417,1.309
2014/09/19 10:56:53,1,37.82397,-122.29122,104.987,58.723,0.0,-71,0.298,0.667,0.575
2014/09/19 10:56:58,1,37.82508,-122.29077,112.861,57.729,0.0,-71,0.277,0.417,1.023
2014/09/19 10:57:03,1,37.82621,-122.29077,116.142,55.993,0.0,-71,0.375,0.000,0.273
2014/09/19 10:57:08,1,37.82726,-122.29127,118.110,55.179,0.0,-71,0.304,0.750,1.509
2014/09/19 10:57:13,1,37.82812,-122.29214,113.517,56.028,0.0,-53,0.149,0.542,1.830
2014/09/19 10:57:18,1,37.82906,-122.29294,105.315,57.134,0.0,-53,0.515,0.667,0.634
2014/09/19 10:57:23,1,37.83018,-122.29331,92.520,58.301,0.0,-53,0.840,0.875,0.647
2014/09/19 10:57:28,1,37.83136,-122.29350,74.475,59.590,0.0,-53,0.487,0.667,0.576
2014/09/19 10:57:33,1,37.83252,-122.29378,55.446,57.913,0.0,-53,0.428,0.625,0.570
2014/09/19 10:57:38,1,37.83360,-122.29435,35.761,59.074,0.0,-53,0.486,0.667,0.534
2014/09/19 10:57:43,1,37.83470,-122.29499,29.856,61.072,0.0,-57,0.237,1.000,0.497
2014/09/19 10:57:48,1,37.83587,-122.29560,31.824,63.803,0.0,-57,0.241,0.417,0.257
2014/09/19 10:57:54,1,37.83709,-122.29620,41.667,65.519,0.0,-57,0.497,0.875,0.335
2014/09/19 10:57:59,1,37.83836,-122.29659,46.588,65.590,0.0,-57,0.000,0.000,0.670
2014/09/19 10:58:04,1,37.83966,-122.29681,36.089,65.361,0.0,-57,0.000,0.792,4.078
2014/09/19 10:58:09,1,37.84092,-122.29704,31.168,60.617,0.0,-57,0.000,0.000,0.302
2014/09/19 10:58:14,2,37.84211,-122.29729,25.262,57.985,0.0,-59,0.003,0.000,0.283
2014/09/19 10:58:19,2,37.84327,-122.29756,28.215,58.609,0.0,-59,0.506,0.000,1.150
2014/09/19 10:58:24,2,37.84442,-122.29782,24.934,60.439,0.0,-59,0.673,0.000,1.047
2014/09/19 10:58:29,2,37.84565,-122.29808,25.262,63.346,0.0,-59,0.410,0.000,0.890
2014/09/19 10:58:34,2,37.84691,-122.29836,25.591,65.085,0.0,-59,0.000,0.042,4.554
2014/09/19 10:58:39,2,37.84830,-122.29868,23.622,74.059,0.0,-59,0.000,0.750,0.442
2014/09/19 10:58:44,2,37.84974,-122.29906,23.950,72.341,0.0,-75,0.003,1.333,0.354
2014/09/19 10:58:49,2,37.85115,-122.29939,24.606,70.411,0.0,-75,0.429,0.000,0.914
2014/09/19 10:58:54,2,37.85250,-122.29974,25.591,66.220,0.0,-75,0.000,0.708,1.114
2014/09/19 10:58:59,1,37.85379,-122.30010,25.919,65.015,0.0,-75,0.487,0.375,2.867
2014/09/19 10:59:04,1,37.85500,-122.30044,26.575,60.125,0.0,-75,0.439,0.000,0.000
2014/09/19 10:59:09,1,37.85616,-122.30076,26.903,58.779,0.0,-75,0.112,0.167,7.807
2014/09/19 10:59:14,1,37.85733,-122.30109,26.575,59.351,0.0,-75,0.000,0.792,0.291
2014/09/19 10:59:19,1,37.85849,-122.30141,26.903,58.544,0.0,-69,0.000,1.083,0.450
2014/09/19 10:59:24,1,37.85964,-122.30173,27.559,58.501,0.0,-69,0.003,0.000,0.558
2014/09/19 10:59:29,1,37.86081,-122.30206,28.543,59.932,0.0,-69,0.140,1.000,1.931
2014/09/19 10:59:34,1,37.86200,-122.30239,28.871,61.489,0.0,-69,0.312,0.250,1.387
2014/09/19 10:59:39,1,37.86319,-122.30272,28.543,60.429,0.0,-69,0.775,0.292,0.544
2014/09/19 10:59:44,1,37.86438,-122.30305,28.871,59.959,0.0,-69,0.940,0.417,1.053
2014/09/19 10:59:49,1,37.86554,-122.30338,28.871,59.282,0.0,-59,0.755,0.333,0.490
2014/09/19 10:59:54,1,37.86669,-122.30372,28.543,55.871,0.0,-59,0.732,0.708,0.454
2014/09/19 10:59:59,1,37.86792,-122.30409,30.840,63.380,0.0,-59,0.677,0.750,0.498
2014/09/19 11:00:04,1,37.86920,-122.30449,31.168,66.320,0.0,-59,0.471,0.583,0.567
2014/09/19 11:00:09,1,37.87050,-122.30489,30.512,66.371,0.0,-59,0.501,0.000,0.651
2014/09/19 11:00:14,1,37.87179,-122.30529,30.184,66.112,0.0,-59,0.890,0.042,0.338
2014/09/19 11:00:19,1,37.87308,-122.30570,30.512,64.895,0.0,-51,0.660,1.125,0.306
2014/09/19 11:00:24,1,37.87433,-122.30608,30.840,63.812,0.0,-51,1.135,1.083,0.450
2014/09/19 11:00:29,1,37.87562,-122.30649,29.856,66.970,0.0,-51,0.000,1.083,0.499
2014/09/19 11:00:34,1,37.87693,-122.30690,41.339,65.979,0.0,-51,0.562,1.375,0.378
2014/09/19 11:00:39,1,37.87822,-122.30729,47.900,66.584,0.0,-51,0.526,1.208,0.373
2014/09/19 11:00:44,1,37.87955,-122.30760,40.682,67.443,0.0,-51,0.951,0.833,0.551
2014/09/19 11:00:49,1,37.88087,-122.30789,33.465,65.549,0.0,-71,0.711,0.375,1.042
2014/09/19 11:00:54,1,37.88217,-122.30818,32.152,66.572,0.0,-71,0.481,0.000,0.768
2014/09/19 11:00:59,1,37.88350,-122.30847,35.105,67.066,0.0,-71,0.612,0.625,0.427
2014/09/19 11:01:04,1,37.88482,-122.30876,34.121,67.221,0.0,-71,0.539,0.792,0.770
2014/09/19 11:01:09,1,37.88617,-122.30900,47.900,67.507,0.0,-71,0.443,0.792,0.454
2014/09/19 11:01:14,1,37.88752,-122.30905,62.008,67.582,0.0,-71,0.806,0.708,0.946
2014/09/19 11:01:19,1,37.88884,-122.30873,70.538,65.963,0.0,-71,0.549,0.000,0.353
2014/09/19 11:01:24,1,37.89006,-122.30816,73.163,63.976,0.0,-51,1.031,0.000,1.038
2014/09/19 11:01:29,1,37.89124,-122.30761,71.850,61.163,0.0,-51,0.907,0.042,0.354
2014/09/19 11:01:34,1,37.89245,-122.30740,68.898,60.721,0.0,-51,0.717,0.917,0.417
2014/09/19 11:01:39,1,37.89367,-122.30754,58.071,59.904,0.0,-51,0.441,1.333,0.570
2014/09/19 11:01:44,1,37.89481,-122.30798,46.916,60.229,0.0,-51,0.511,1.125,0.270
2014/09/19 11:01:49,1,37.89596,-122.30845,34.449,60.986,0.0,-51,0.562,1.375,0.483
2014/09/19 11:01:54,1,37.89715,-122.30893,19.685,62.599,0.0,-55,0.980,0.000,0.311
2014/09/19 11:01:59,1,37.89838,-122.30943,10.499,64.517,0.0,-55,0.581,0.667,0.000
2014/09/19 11:02:04,1,37.89960,-122.30997,22.310,63.849,0.0,-55,0.400,1.083,0.000
2014/09/19 11:02:09,1,37.90072,-122.31063,36.745,60.340,0.0,-55,0.644,1.000,0.310
2014/09/19 11:02:14,1,37.90179,-122.31138,45.276,62.120,0.0,-55,0.524,1.208,0.237
2014/09/19 11:02:19,1,37.90291,-122.31214,45.932,64.157,0.0,-55,0.678,0.792,0.327
2014/09/19 11:02:24,1,37.90405,-122.31293,45.276,64.231,0.0,-61,1.155,0.000,0.279
2014/09/19 11:02:29,1,37.90517,-122.31371,40.354,64.019,0.0,-61,1.004,0.000,0.983
2014/09/19 11:02:34,1,37.90631,-122.31448,28.543,64.750,0.0,-61,0.274,0.000,2.302
2014/09/19 11:02:39,1,37.90750,-122.31529,24.278,68.030,0.0,-61,0.159,0.000,1.746
2014/09/19 11:02:44,1,37.90870,-122.31611,34.121,67.338,0.0,-61,0.344,0.042,1.030
2014/09/19 11:02:49,1,37.90988,-122.31686,45.276,64.849,0.0,-61,0.291,0.000,4.898
2014/09/19 11:02:54,2,37.91114,-122.31732,51.181,66.008,0.0,-73,0.195,0.125,1.745
2014/09/19 11:02:59,2,37.91248,-122.31741,53.478,67.410,0.0,-73,0.000,0.292,0.000
2014/09/19 11:03:04,2,37.91384,-122.31741,55.774,67.705,0.0,-73,0.000,0.000,4.819
2014/09/19 11:03:09,2,37.91518,-122.31740,60.039,66.004,0.0,-73,0.000,0.250,1.802
2014/09/19 11:03:14,2,37.91650,-122.31741,65.289,65.485,0.0,-73,0.000,0.125,0.317
2014/09/19 11:03:19,2,37.91782,-122.31741,71.850,66.184,0.0,-73,0.003,1.042,0.475
2014/09/19 11:03:24,2,37.91914,-122.31743,76.444,64.323,0.0,-73,0.417,0.833,0.681
2014/09/19 11:03:29,2,37.92039,-122.31767,79.396,61.611,0.0,-61,1.144,0.417,0.258
2014/09/19 11:03:34,2,37.92156,-122.31817,75.459,61.824,0.0,-61,1.273,0.833,0.390
2014/09/19 11:03:39,2,37.92267,-122.31887,72.507,62.682,0.0,-61,1.513,0.625,0.345
2014/09/19 11:03:44,2,37.92378,-122.31960,78.412,62.346,0.0,-61,1.904,0.000,0.331
2014/09/19 11:03:49,2,37.92490,-122.32034,90.879,62.713,0.0,-61,2.025,0.500,0.353
2014/09/19 11:03:54,2,37.92604,-122.32112,87.598,65.664,0.0,-61,1.955,0.417,0.364
2014/09/19 11:03:59,2,37.92717,-122.32193,78.084,64.518,0.0,-51,1.904,0.208,0.431
2014/09/19 11:04:04,2,37.92830,-122.32276,74.803,65.292,0.0,-51,1.696,0.417,0.515
2014/09/19 11:04:09,2,37.92942,-122.32361,82.349,64.612,0.0,-51,1.670,0.375,0.333
2014/09/19 11:04:14,2,37.93053,-122.32444,90.551,64.251,0.0,-51,1.833,0.542,0.339
2014/09/19 11:04:19,2,37.93165,-122.32525,96.457,64.666,0.0,-51,1.667,0.000,0.480
2014/09/19 11:04:24,2,37.93278,-122.32605,93.176,64.058,0.0,-51,1.060,0.333,0.476
2014/09/19 11:04:29,2,37.93396,-122.32669,89.567,64.202,0.0,-63,0.000,0.000,0.817
2014/09/19 11:04:34,2,37.93525,-122.32685,90.551,65.887,0.0,-63,0.000,0.250,2.615
2014/09/19 11:04:39,2,37.93653,-122.32650,94.160,64.710,0.0,-63,0.000,0.500,0.306
2014/09/19 11:04:44,2,37.93777,-122.32587,88.583,67.985,0.0,-63,0.000,0.625,0.275
2014/09/19 11:04:49,2,37.93904,-122.32522,83.661,68.524,0.0,-63,0.003,0.500,1.219
2014/09/19 11:04:54,2,37.94031,-122.32458,78.412,67.707,0.0,-63,0.173,0.000,0.000
2014/09/19 11:04:59,2,37.94157,-122.32399,71.522,66.334,0.0,-75,0.224,0.208,2.919
2014/09/19 11:05:04,2,37.94286,-122.32375,69.226,64.727,0.0,-75,0.151,0.000,3.859
2014/09/19 11:05:09,2,37.94414,-122.32394,70.210,63.413,0.0,-75,0.151,0.125,4.931
2014/09/19 11:05:14,2,37.94532,-122.32446,79.724,62.591,0.0,-75,0.186,0.000,0.000
2014/09/19 11:05:19,2,37.94651,-122.32502,89.239,63.338,0.0,-75,0.170,0.083,4.235
2014/09/19 11:05:24,2,37.94769,-122.32559,98.097,62.010,0.0,-75,0.362,0.250,2.318
2014/09/19 11:05:29,2,37.94884,-122.32614,104.987,60.571,0.0,-79,0.486,0.292,1.847
2014/09/19 11:05:34,2,37.95000,-122.32668,111.220,60.549,0.0,-79,0.610,0.000,0.364
2014/09/19 11:05:39,2,37.95114,-122.32724,115.486,60.339,0.0,-79,0.442,0.000,1.527
2014/09/19 11:05:44,2,37.95230,-122.32779,123.031,63.368,0.0,-79,0.417,0.000,1.093
2014/09/19 11:05:49,2,37.95351,-122.32844,123.031,68.061,0.0,-79,0.567,0.000,0.845
2014/09/19 11:05:54,2,37.95472,-122.32914,125.000,64.961,0.0,-79,0.301,0.000,3.035
2014/09/19 11:05:59,2,37.95587,-122.32982,125.656,61.344,0.0,-79,0.497,0.000,1.178
2014/09/19 11:06:04,2,37.95702,-122.33040,127.297,62.159,0.0,-73,0.583,0.000,1.346
2014/09/19 11:06:09,2,37.95827,-122.33069,127.625,65.119,0.0,-73,0.590,0.000,1.143
2014/09/19 11:06:14,2,37.95955,-122.33062,126.312,63.657,0.0,-73,0.728,0.000,0.553
2014/09/19 11:06:19,2,37.96079,-122.33019,114.829,64.055,0.0,-73,1.302,0.000,0.463
2014/09/19 11:06:24,2,37.96194,-122.32940,95.801,65.424,0.0,-73,1.471,0.042,0.490
2014/09/19 11:06:29,2,37.96292,-122.32828,83.333,66.250,0.0,-73,0.683,0.333,1.302
2014/09/19 11:06:34,2,37.96372,-122.32693,82.349,66.887,0.0,-53,1.074,0.000,0.363
2014/09/19 11:06:39,2,37.96441,-122.32554,86.614,61.514,0.0,-53,1.551,0.250,0.291
2014/09/19 11:06:44,2,37.96503,-122.32431,98.097,57.419,0.0,-53,1.369,0.375,0.338
2014/09/19 11:06:49,2,37.96568,-122.32314,111.877,54.792,0.0,-53,1.023,0.292,0.630
2014/09/19 11:06:54,2,37.96648,-122.32215,121.719,56.752,0.0,-53,0.977,0.458,0.471
2014/09/19 11:06:59,2,37.96746,-122.32140,134.514,56.566,0.0,-53,1.221,1.042,0.283
2014/09/19 11:07:04,2,37.96850,-122.32095,146.654,55.370,0.0,-51,1.360,1.042,0.442
2014/09/19 11:07:09,2,37.96961,-122.32058,160.761,57.785,0.0,-51,1.766,0.875,0.318
2014/09/19 11:07:14,2,37.97075,-122.32020,178.806,60.163,0.0,-51,1.506,0.417,0.581
2014/09/19 11:07:19,2,37.97195,-122.31980,193.570,62.085,0.0,-51,0.683,0.208,0.878
2014/09/19 11:07:24,2,37.97316,-122.31939,211.286,63.039,0.0,-51,0.833,0.000,1.246
2014/09/19 11:07:29,2,37.97439,-122.31898,226.706,63.775,0.0,-51,0.891,0.167,0.226
2014/09/19 11:07:34,2,37.97564,-122.31855,243.766,64.630,0.0,-71,0.567,0.167,0.444
2014/09/19 11:07:39,2,37.97689,-122.31813,261.483,64.269,0.0,-71,0.552,0.000,2.079
2014/09/19 11:07:44,2,37.97813,-122.31771,270.013,64.189,0.0,-71,0.346,0.250,1.766
2014/09/19 11:07:49,2,37.97939,-122.31729,270.997,66.587,0.0,-71,0.209,0.167,0.000
2014/09/19 11:07:54,2,37.98070,-122.31685,268.373,67.646,0.0,-71,0.525,0.167,0.856
2014/09/19 11:07:59,2,37.98202,-122.31640,267.717,68.088,0.0,-71,1.141,0.000,0.850
2014/09/19 11:08:04,2,37.98335,-122.31595,265.420,68.794,0.0,-71,1.788,0.333,0.315
2014/09/19 11:08:09,2,37.98468,-122.31549,262.139,67.054,0.0,-51,1.033,0.333,0.926
2014/09/19 11:08:14,2,37.98596,-122.31485,257.218,69.619,0.0,-51,0.747,0.250,0.951
2014/09/19 11:08:19,2,37.98720,-122.31402,252.297,70.093,0.0,-51,0.387,0.333,1.835
2014/09/19 11:08:24,2,37.98836,-122.31310,244.423,67.487,0.0,-51,0.410,0.083,1.138
2014/09/19 11:08:29,2,37.98940,-122.31200,231.955,68.234,0.0,-51,0.359,0.000,1.326
2014/09/19 11:08:34,2,37.99034,-122.31076,219.816,65.636,0.0,-51,1.045,0.167,0.554
2014/09/19 11:08:39,2,37.99114,-122.30945,211.286,64.157,0.0,-65,1.212,0.292,0.269
2014/09/19 11:08:44,2,37.99180,-122.30805,204.068,64.038,0.0,-65,1.202,0.333,0.810
2014/09/19 11:08:49,2,37.99236,-122.30658,197.507,64.908,0.0,-65,0.805,0.167,1.143
2014/09/19 11:08:54,2,37.99280,-122.30495,186.352,68.756,0.0,-65,0.868,0.000,0.875
2014/09/19 11:08:59,2,37.99311,-122.30322,177.822,70.563,0.0,-65,1.571,0.250,0.442
2014/09/19 11:09:04,2,37.99337,-122.30144,171.916,72.338,0.0,-65,1.487,0.125,0.650
2014/09/19 11:09:09,2,37.99362,-122.29963,165.354,71.504,0.0,-51,0.791,0.333,1.206
2014/09/19 11:09:14,2,37.99387,-122.29785,152.559,71.388,0.0,-51,0.901,0.167,0.969
2014/09/19 11:09:19,2,37.99412,-122.29605,138.123,72.400,0.0,-51,0.981,0.458,0.372
2014/09/19 11:09:24,2,37.99436,-122.29420,121.391,73.887,0.0,-51,1.417,0.000,0.375
2014/09/19 11:09:29,2,37.99462,-122.29237,104.987,72.488,0.0,-51,1.148,0.000,0.412
2014/09/19 11:09:34,2,37.99490,-122.29060,91.535,67.968,0.0,-51,1.590,0.000,0.341
2014/09/19 11:09:39,2,37.99536,-122.28905,76.772,62.951,0.0,-65,1.503,0.042,0.316
2014/09/19 11:09:44,2,37.99597,-122.28772,68.898,57.029,0.0,-65,1.157,0.417,0.593
2014/09/19 11:09:49,2,37.99664,-122.28660,68.898,56.348,0.0,-65,0.433,0.125,1.203
2014/09/19 11:09:54,2,37.99742,-122.28562,78.740,54.069,0.0,-65,1.025,0.000,0.281
2014/09/19 11:09:59,2,37.99828,-122.28479,92.520,54.635,0.0,-65,1.401,0.292,0.487
2014/09/19 11:10:04,2,37.99914,-122.28397,104.659,53.515,0.0,-65,1.035,0.292,0.494
2014/09/19 11:10:09,2,37.99999,-122.28319,115.814,52.598,0.0,-65,0.000,0.250,0.000
2014/09/19 11:10:14,2,38.00088,-122.28237,129.593,55.345,0.0,-75,0.350,0.167,1.710
2014/09/19 11:10:19,2,38.00175,-122.28155,139.436,54.945,0.0,-75,0.455,0.000,0.000
2014/09/19 11:10:24,2,38.00264,-122.28073,143.373,55.190,0.0,-75,0.298,0.167,4.356
2014/09/19 11:10:29,2,38.00351,-122.27992,139.108,51.732,0.0,-75,1.170,0.375,0.426
2014/09/19 11:10:34,2,38.00433,-122.27916,129.921,50.378,0.0,-75,1.593,0.333,0.564
2014/09/19 11:10:39,2,38.00516,-122.27839,122.047,52.789,0.0,-75,1.737,0.375,0.398
2014/09/19 11:10:44,2,38.00604,-122.27757,110.892,55.106,0.0,-67,1.843,0.458,0.307
2014/09/19 11:10:49,2,38.00695,-122.27672,100.066,57.109,0.0,-67,1.871,0.500,0.383
2014/09/19 11:10:54,2,38.00787,-122.27586,88.583,57.632,0.0,-67,1.789,0.542,0.518
2014/09/19 11:10:59,2,38.00882,-122.27498,82.349,58.973,0.0,-67,1.933,0.458,0.310
2014/09/19 11:11:04,2,38.00973,-122.27408,83.005,54.405,0.0,-67,1.837,0.500,0.311
2014/09/19 11:11:09,2,38.01060,-122.27326,86.942,51.735,0.0,-67,1.436,0.000,0.777
2014/09/19 11:11:14,2,38.01143,-122.27251,88.911,52.392,0.0,-67,1.019,0.208,0.580
2014/09/19 11:11:19,2,38.01229,-122.27171,85.302,54.108,0.0,-67,1.125,0.250,0.460
2014/09/19 11:11:24,2,38.01315,-122.27088,77.756,52.153,0.0,-67,1.782,0.417,0.355
2014/09/19 11:11:29,2,38.01388,-122.27005,72.178,45.859,0.0,-67,1.533,0.250,0.566
2014/09/19 11:11:34,2,38.01437,-122.26905,60.696,47.878,0.0,-67,1.743,0.250,0.679
2014/09/19 11:11:39,2,38.01447,-122.26777,53.150,53.469,0.0,-67,1.353,0.458,0.675
2014/09/19 11:11:44,2,38.01416,-122.26646,66.601,54.618,0.0,-51,1.077,0.250,0.494
2014/09/19 11:11:49,2,38.01378,-122.26513,75.459,56.359,0.0,-51,1.010,0.000,0.466
2014/09/19 11:11:54,2,38.01345,-122.26376,83.005,55.638,0.0,-51,0.901,0.292,0.610
2014/09/19 11:11:59,2,38.01325,-122.26233,88.583,57.739,0.0,-51,1.253,0.417,0.923
2014/09/19 11:12:04,2,38.01319,-122.26087,91.207,58.585,0.0,-51,0.980,0.417,0.481
2014/09/19 11:12:09,2,38.01328,-122.25940,89.239,58.976,0.0,-51,0.805,0.250,0.591
2014/09/19 11:12:14,2,38.01346,-122.25787,83.661,62.197,0.0,-51,0.548,0.000,2.091
2014/09/19 11:12:19,2,38.01366,-122.25630,76.772,62.739,0.0,-81,0.000,0.125,0.379
2014/09/19 11:12:24,2,38.01386,-122.25473,72.178,61.634,0.0,-81,0.000,0.625,0.584
2014/09/19 11:12:29,2,38.01408,-122.25318,74.475,61.423,0.0,-81,0.010,0.000,0.324
2014/09/19 11:12:34,2,38.01433,-122.25164,77.100,61.629,0.0,-81,1.387,0.000,0.278
2014/09/19 11:12:39,2,38.01460,-122.25008,79.396,63.933,0.0,-81,1.154,0.042,0.544
2014/09/19 11:12:44,2,38.01486,-122.24847,81.365,65.262,0.0,-81,0.712,0.375,1.358
2014/09/19 11:12:49,2,38.01506,-122.24683,84.974,65.521,0.0,-73,0.756,0.292,1.162
2014/09/19 11:12:54,2,38.01508,-122.24513,90.223,66.750,0.0,-73,0.615,0.125,1.435
2014/09/19 11:12:59,2,38.01490,-122.24347,94.816,65.061,0.0,-73,1.385,0.458,0.331
2014/09/19 11:13:04,2,38.01471,-122.24180,100.066,66.481,0.0,-73,1.090,0.000,0.894
2014/09/19 11:13:09,2,38.01444,-122.24017,103.346,65.661,0.0,-73,1.294,0.250,0.430
2014/09/19 11:13:14,2,38.01403,-122.23859,109.580,65.161,0.0,-73,2.048,0.250,0.335
2014/09/19 11:13:19,2,38.01354,-122.23703,114.829,65.961,0.0,-51,0.866,0.458,0.278
2014/09/19 11:13:24,2,38.01289,-122.23560,121.063,64.527,0.0,-51,1.106,1.083,0.291
2014/09/19 11:13:29,2,38.01217,-122.23423,125.000,64.085,0.0,-51,1.320,0.958,0.331
2014/09/19 11:13:34,2,38.01133,-122.23263,128.937,61.927,0.0,-51,1.427,0.625,0.271
2014/09/19 11:13:39,2,38.01077,-122.23123,135.499,61.628,0.0,-51,1.580,0.458,0.323
2014/09/19 11:13:44,2,38.01039,-122.22976,142.717,60.968,0.0,-51,1.436,0.417,0.402
2014/09/19 11:13:49,2,38.00993,-122.22838,150.919,57.415,0.0,-57,1.487,0.458,0.338
2014/09/19 11:13:54,2,38.00936,-122.22712,157.808,56.626,0.0,-57,1.070,0.000,0.686
2014/09/19 11:13:59,2,38.00880,-122.22589,162.730,55.478,0.0,-57,1.677,0.208,0.334
2014/09/19 11:14:04,2,38.00837,-122.22459,167.979,55.635,0.0,-57,2.083,0.667,0.386
2014/09/19 11:14:09,2,38.00808,-122.22326,174.541,53.580,0.0,-57,1.997,0.500,0.266
2014/09/19 11:14:14,2,38.00788,-122.22194,178.150,51.412,0.0,-57,1.920,0.583,0.334
2014/09/19 11:14:19,2,38.00790,-122.22062,186.024,51.822,0.0,-57,2.051,0.375,0.234
2014/09/19 11:14:24,2,38.00779,-122.21936,188.648,49.929,0.0,-51,1.898,0.500,0.542
2014/09/19 11:14:29,2,38.00751,-122.21812,188.648,51.720,0.0,-51,2.052,0.417,0.442
2014/09/19 11:14:34,2,38.00735,-122.21682,197.178,51.902,0.0,-51,1.945,0.625,0.349
2014/09/19 11:14:39,2,38.00726,-122.21549,205.381,53.310,0.0,-51,1.888,0.000,0.380
2014/09/19 11:14:44,2,38.00718,-122.21412,212.927,54.337,0.0,-51,1.833,0.000,0.274
2014/09/19 11:14:49,2,38.00737,-122.21279,220.472,53.291,0.0,-51,1.153,0.000,0.819
2014/09/19 11:14:54,2,38.00764,-122.21150,231.955,52.242,0.0,-71,0.933,0.042,0.458
2014/09/19 11:14:59,2,38.00782,-122.21020,240.486,52.740,0.0,-71,1.048,0.208,0.651
2014/09/19 11:15:04,2,38.00810,-122.20886,255.577,55.102,0.0,-71,0.555,0.167,0.746
2014/09/19 11:15:09,2,38.00838,-122.20750,283.136,55.867,0.0,-71,0.640,0.292,0.821
2014/09/19 11:15:14,2,38.00866,-122.20613,310.039,54.522,0.0,-71,1.132,0.000,0.549
2014/09/19 11:15:19,2,38.00906,-122.20484,333.661,54.074,0.0,-71,1.456,0.208,0.662
2014/09/19 11:15:24,2,38.00957,-122.20361,346.785,55.863,0.0,-79,0.935,0.375,0.695
2014/09/19 11:15:29,2,38.01014,-122.20234,354.331,58.346,0.0,-79,0.847,0.417,0.674
2014/09/19 11:15:34,2,38.01071,-122.20105,362.533,57.787,0.0,-79,0.000,0.458,0.759
2014/09/19 11:15:39,2,38.01128,-122.19980,377.953,57.307,0.0,-79,0.965,0.625,0.557
2014/09/19 11:15:44,2,38.01182,-122.19857,403.543,53.696,0.0,-79,1.041,0.458,1.612
2014/09/19 11:15:49,2,38.01232,-122.19745,429.790,48.960,0.0,-79,0.747,0.375,0.839
2014/09/19 11:15:54,2,38.01281,-122.19636,455.052,50.658,0.0,-57,1.179,0.000,0.429
2014/09/19 11:15:59,2,38.01332,-122.19518,481.299,54.518,0.0,-57,1.106,0.250,1.059
2014/09/19 11:16:04,2,38.01387,-122.19395,512.139,56.157,0.0,-57,1.077,0.292,0.607
2014/09/19 11:16:09,2,38.01446,-122.19272,541.995,56.196,0.0,-57,1.270,0.375,0.418
2014/09/19 11:16:14,2,38.01505,-122.19153,556.759,54.019,0.0,-57,1.474,0.458,0.407
2014/09/19 11:16:19,2,38.01551,-122.19030,558.071,56.793,0.0,-57,1.436,0.292,0.464
2014/09/19 11:16:24,2,38.01590,-122.18902,556.102,53.319,0.0,-57,1.144,0.292,0.371
2014/09/19 11:16:29,2,38.01615,-122.18770,553.806,52.711,0.0,-51,1.475,0.000,0.459
2014/09/19 11:16:34,2,38.01618,-122.18636,548.556,53.882,0.0,-51,1.670,0.292,0.276
2014/09/19 11:16:40,2,38.01606,-122.18498,541.010,56.047,0.0,-51,1.590,0.292,0.636
2014/09/19 11:16:45,2,38.01593,-122.18351,527.887,59.894,0.0,-51,1.484,0.667,0.570
2014/09/19 11:16:50,2,38.01578,-122.18193,515.092,64.245,0.0,-51,0.997,0.917,0.571
2014/09/19 11:16:55,2,38.01562,-122.18029,501.312,65.012,0.0,-51,1.371,0.875,0.489
2014/09/19 11:17:00,2,38.01529,-122.17870,488.517,65.994,0.0,-65,1.610,0.000,0.790
2014/09/19 11:17:05,2,38.01465,-122.17721,479.987,68.308,0.0,-65,0.733,0.750,0.507
2014/09/19 11:17:10,2,38.01373,-122.17587,479.659,70.037,0.0,-65,1.129,0.417,0.473
2014/09/19 11:17:15,2,38.01277,-122.17456,486.877,70.320,0.0,-65,1.843,0.458,0.443
2014/09/19 11:17:20,2,38.01180,-122.17324,494.751,71.340,0.0,-65,1.962,0.000,0.259
2014/09/19 11:17:25,2,38.01082,-122.17191,502.625,70.874,0.0,-65,2.233,0.000,0.259
2014/09/19 11:17:30,2,38.00985,-122.17060,512.139,70.373,0.0,-53,2.020,0.042,0.275
2014/09/19 11:17:35,2,38.00888,-122.16929,520.341,70.653,0.0,-53,2.083,0.583,0.336
2014/09/19 11:17:40,2,38.00793,-122.16800,528.871,68.234,0.0,-53,1.971,0.375,0.483
2014/09/19 11:17:45,2,38.00702,-122.16674,538.058,65.867,0.0,-53,1.783,0.375,0.511
2014/09/19 11:17:50,2,38.00631,-122.16539,539.698,63.106,0.0,-53,1.285,0.667,0.514
2014/09/19 11:17:55,2,38.00588,-122.16391,531.824,61.596,0.0,-53,0.280,1.250,0.391
2014/09/19 11:18:00,2,38.00570,-122.16234,518.373,65.014,0.0,-67,0.547,1.375,0.342
2014/09/19 11:18:05,2,38.00560,-122.16065,505.249,67.711,0.0,-67,0.885,1.083,0.734
2014/09/19 11:18:10,2,38.00550,-122.15894,492.126,67.366,0.0,-67,0.865,0.875,0.655
2014/09/19 11:18:15,2,38.00529,-122.15723,474.409,68.744,0.0,-67,0.859,0.792,0.399
2014/09/19 11:18:20,2,38.00477,-122.15565,462.598,67.117,0.0,-67,0.698,1.167,0.354
2014/09/19 11:18:25,2,38.00398,-122.15429,446.522,65.200,0.0,-67,1.147,1.083,0.305
2014/09/19 11:18:30,2,38.00313,-122.15300,429.790,65.774,0.0,-67,1.487,0.000,0.391
2014/09/19 11:18:35,2,38.00235,-122.15168,411.089,64.892,0.0,-51,1.773,0.000,0.391
2014/09/19 11:18:40,2,38.00163,-122.15032,394.685,64.502,0.0,-51,2.000,0.000,0.335
2014/09/19 11:18:45,2,38.00090,-122.14895,378.937,65.789,0.0,-51,2.087,0.042,0.458
2014/09/19 11:18:50,2,38.00006,-122.14762,362.533,68.067,0.0,-51,1.980,0.542,0.262
2014/09/19 11:18:55,2,37.99896,-122.14660,347.769,67.292,0.0,-51,1.872,0.625,0.398
2014/09/19 11:19:00,2,37.99773,-122.14591,334.318,66.504,0.0,-51,1.964,0.667,0.275
2014/09/19 11:19:05,2,37.99648,-122.14527,320.210,67.120,0.0,-51,1.699,0.708,0.562
2014/09/19 11:19:10,2,37.99523,-122.14462,303.150,68.397,0.0,-51,1.221,0.500,0.374
2014/09/19 11:19:15,2,37.99395,-122.14395,285.105,68.395,0.0,-51,1.548,0.292,0.330
2014/09/19 11:19:20,2,37.99267,-122.14328,270.341,68.609,0.0,-51,1.952,0.375,0.330
2014/09/19 11:19:25,2,37.99149,-122.14236,254.265,68.880,0.0,-51,1.997,0.000,0.402
2014/09/19 11:19:30,2,37.99053,-122.14110,237.861,69.321,0.0,-51,1.949,0.917,0.466
2014/09/19 11:19:35,2,37.98985,-122.13958,220.472,68.830,0.0,-51,2.057,0.833,0.417
2014/09/19 11:19:40,2,37.98948,-122.13792,204.396,67.230,0.0,-51,2.007,0.875,0.284
2014/09/19 11:19:45,2,37.98945,-122.13621,187.664,67.624,0.0,-51,0.846,0.458,1.495
2014/09/19 11:19:50,2,37.98971,-122.13453,169.948,68.255,0.0,-51,0.321,0.000,0.000
2014/09/19 11:19:55,2,37.99005,-122.13282,154.528,69.998,0.0,-51,0.340,0.208,3.035
2014/09/19 11:20:00,2,37.99038,-122.13110,142.388,69.538,0.0,-51,0.294,0.208,2.067
2014/09/19 11:20:05,2,37.99072,-122.12936,138.780,72.140,0.0,-59,0.471,0.000,2.206
2014/09/19 11:20:10,2,37.99108,-122.12764,149.934,67.787,0.0,-59,0.429,0.250,2.185
2014/09/19 11:20:15,2,37.99161,-122.12615,168.307,62.817,0.0,-59,0.211,0.208,1.682
2014/09/19 11:20:20,2,37.99231,-122.12486,180.774,61.115,0.0,-59,0.363,0.000,2.226
2014/09/19 11:20:25,2,37.99304,-122.12358,191.601,63.240,0.0,-59,0.327,0.208,2.142
2014/09/19 11:20:30,2,37.99380,-122.12225,196.194,65.415,0.0,-59,0.000,0.000,0.511
2014/09/19 11:20:35,2,37.99457,-122.12088,194.554,66.234,0.0,-59,0.698,0.208,0.691
2014/09/19 11:20:40,2,37.99536,-122.11953,190.945,66.083,0.0,-69,0.805,0.292,0.853
2014/09/19 11:20:45,2,37.99598,-122.11804,180.446,66.361,0.0,-69,0.852,0.417,0.697
2014/09/19 11:20:50,2,37.99636,-122.11643,172.900,65.907,0.0,-69,1.042,0.417,0.586
2014/09/19 11:20:55,2,37.99648,-122.11475,165.682,66.013,0.0,-69,1.346,0.000,0.646
2014/09/19 11:21:00,2,37.99634,-122.11309,157.808,65.369,0.0,-69,0.865,0.000,1.455
2014/09/19 11:21:05,2,37.99595,-122.11146,153.215,68.465,0.0,-69,0.398,0.208,1.063
2014/09/19 11:21:10,2,37.99536,-122.10991,155.512,66.577,0.0,-77,0.464,0.000,1.443
2014/09/19 11:21:15,2,37.99476,-122.10837,158.465,69.082,0.0,-77,0.462,0.083,0.572
2014/09/19 11:21:20,2,37.99414,-122.10680,161.417,69.016,0.0,-77,0.599,0.000,0.730
2014/09/19 11:21:25,2,37.99352,-122.10521,165.354,69.373,0.0,-77,0.497,0.208,1.351
2014/09/19 11:21:30,2,37.99290,-122.10364,167.651,68.365,0.0,-77,0.375,0.125,2.122
2014/09/19 11:21:35,2,37.99229,-122.10210,168.963,67.701,0.0,-77,0.294,0.000,1.151
2014/09/19 11:21:40,2,37.99167,-122.10052,167.323,70.287,0.0,-75,0.516,0.000,1.777
2014/09/19 11:21:45,2,37.99107,-122.09888,163.386,70.954,0.0,-75,0.471,0.167,2.410
2014/09/19 11:21:50,2,37.99067,-122.09716,161.745,70.335,0.0,-75,0.244,0.125,1.165
2014/09/19 11:21:55,2,37.99051,-122.09540,158.136,70.366,0.0,-75,0.375,0.000,1.411
2014/09/19 11:22:00,2,37.99057,-122.09364,154.856,68.640,0.0,-75,0.552,0.204,1.866
2014/09/19 11:22:05,2,37.99069,-122.09190,149.934,68.912,0.0,-75,1.539,0.000,0.542
2014/09/19 11:22:10,2,37.99081,-122.09015,145.669,69.354,0.0,-75,0.913,0.000,1.075
2014/09/19 11:22:15,2,37.99093,-122.08840,141.732,68.879,0.0,-75,0.737,0.000,2.154
2014/09/19 11:22:20,2,37.99104,-122.08667,138.451,66.826,0.0,-75,0.407,0.000,1.851
2014/09/19 11:22:25,2,37.99116,-122.08496,133.858,66.914,0.0,-75,0.199,0.000,0.000
2014/09/19 11:22:30,2,37.99128,-122.08326,126.640,67.041,0.0,-75,0.093,0.000,4.153
2014/09/19 11:22:35,2,37.99140,-122.08155,116.142,68.532,0.0,-75,0.140,0.000,4.875
2014/09/19 11:22:40,2,37.99151,-122.07981,102.362,68.349,0.0,-75,0.234,0.000,1.314
2014/09/19 11:22:45,2,37.99176,-122.07813,87.927,66.791,0.0,-71,0.683,0.042,1.086
2014/09/19 11:22:50,2,37.99222,-122.07655,71.850,66.692,0.0,-71,0.651,0.125,1.351
2014/09/19 11:22:55,2,37.99275,-122.07501,60.367,65.907,0.0,-71,0.080,0.000,0.000
2014/09/19 11:23:00,2,37.99328,-122.07346,57.743,66.691,0.0,-71,0.167,0.083,0.777
2014/09/19 11:23:05,2,37.99380,-122.07192,56.759,63.974,0.0,-71,0.500,0.000,0.000
2014/09/19 11:23:10,2,37.99429,-122.07048,54.134,60.412,0.0,-71,0.283,0.125,2.988
2014/09/19 11:23:15,2,37.99475,-122.06913,49.213,57.827,0.0,-59,0.000,0.167,3.843
2014/09/19 11:23:20,2,37.99522,-122.06777,41.010,57.677,0.0,-59,0.000,0.000,0.000
2014/09/19 11:23:25,2,37.99565,-122.06650,34.777,52.002,0.0,-59,0.000,0.042,0.419
2014/09/19 11:23:30,2,37.99607,-122.06525,33.465,53.308,0.0,-59,0.000,0.500,0.287
2014/09/19 11:23:35,2,37.99652,-122.06395,32.808,57.178,0.0,-59,0.000,1.000,0.252
2014/09/19 11:23:40,2,37.99706,-122.06269,34.121,55.667,0.0,-59,0.003,0.542,0.981
2014/09/19 11:23:45,2,37.99771,-122.06150,34.449,58.117,0.0,-61,0.181,0.458,0.478
2014/09/19 11:23:50,2,37.99840,-122.06026,34.777,61.252,0.0,-61,0.360,0.458,1.290
2014/09/19 11:23:55,2,37.99909,-122.05892,37.073,62.781,0.0,-61,0.258,0.458,1.283
2014/09/19 11:24:00,2,37.99968,-122.05749,46.260,63.665,0.0,-61,0.168,0.208,0.463
2014/09/19 11:24:05,2,38.00017,-122.05596,53.806,66.764,0.0,-61,0.114,0.000,0.575
2014/09/19 11:24:10,2,38.00059,-122.05433,57.415,67.850,0.0,-61,0.308,0.583,3.158
2014/09/19 11:24:15,2,38.00099,-122.05269,59.055,69.171,0.0,-55,0.000,0.208,0.346
2014/09/19 11:24:20,2,38.00142,-122.05099,61.024,70.132,0.0,-55,0.000,1.458,0.379
2014/09/19 11:24:25,2,38.00183,-122.04930,61.352,68.964,0.0,-55,0.000,0.750,0.807
2014/09/19 11:24:30,2,38.00223,-122.04768,57.743,66.610,0.0,-55,0.003,0.458,0.695
2014/09/19 11:24:35,2,38.00263,-122.04607,54.462,65.757,0.0,-55,0.070,1.000,0.425
2014/09/19 11:24:40,2,38.00303,-122.04447,52.493,67.062,0.0,-55,0.313,1.167,0.497
2014/09/19 11:24:45,2,38.00344,-122.04281,49.213,69.275,0.0,-55,0.452,0.000,0.353
2014/09/19 11:24:50,2,38.00385,-122.04113,48.556,68.738,0.0,-53,0.422,0.000,0.518
2014/09/19 11:24:55,2,38.00429,-122.03953,60.367,64.346,0.0,-53,0.658,0.042,0.253
2014/09/19 11:25:00,2,38.00487,-122.03808,74.475,65.121,0.0,-53,0.634,0.833,0.431
2014/09/19 11:25:05,2,38.00558,-122.03665,85.958,67.672,0.0,-53,0.826,0.542,1.127
2014/09/19 11:25:10,2,38.00633,-122.03518,93.832,68.920,0.0,-53,0.529,1.167,0.258
2014/09/19 11:25:15,2,38.00708,-122.03368,100.066,70.275,0.0,-53,0.318,0.958,0.358
2014/09/19 11:25:20,2,38.00773,-122.03206,104.331,73.191,0.0,-51,0.742,1.042,0.710
2014/09/19 11:25:25,2,38.00827,-122.03030,103.675,75.339,0.0,-51,0.748,1.208,0.317
2014/09/19 11:25:30,2,38.00865,-122.02845,100.722,74.548,0.0,-51,0.478,1.167,0.761
2014/09/19 11:25:35,2,38.00893,-122.02663,99.081,71.605,0.0,-51,0.336,1.125,0.421
2014/09/19 11:25:40,2,38.00920,-122.02485,96.785,70.958,0.0,-51,0.596,0.958,0.698
2014/09/19 11:25:45,2,38.00947,-122.02308,95.144,70.594,0.0,-51,0.708,0.000,0.439
2014/09/19 11:25:50,2,38.00974,-122.02132,92.848,71.262,0.0,-59,1.148,1.329,0.526
2014/09/19 11:25:55,2,38.01001,-122.01953,90.879,71.658,0.0,-59,1.407,0.000,0.375
2014/09/19 11:26:00,2,38.01028,-122.01774,89.239,71.871,0.0,-59,1.109,0.000,1.960
2014/09/19 11:26:05,2,38.01056,-122.01594,87.598,71.574,0.0,-59,0.264,0.042,1.247
2014/09/19 11:26:10,2,38.01083,-122.01419,90.879,70.238,0.0,-59,0.461,0.042,1.199
2014/09/19 11:26:15,2,38.01110,-122.01242,99.738,72.297,0.0,-59,0.286,0.125,2.019
2014/09/19 11:26:20,2,38.01136,-122.01064,113.189,69.393,0.0,-63,0.383,1.250,0.355
2014/09/19 11:26:25,2,38.01163,-122.00893,130.249,70.441,0.0,-63,0.222,1.125,0.751
2014/09/19 11:26:30,2,38.01189,-122.00716,148.622,70.201,0.0,-63,0.161,0.000,0.651
2014/09/19 11:26:35,2,38.01216,-122.00543,166.995,68.095,0.0,-63,0.092,0.458,3.042
2014/09/19 11:26:40,2,38.01242,-122.00376,185.039,66.977,0.0,-63,0.133,0.208,0.983
2014/09/19 11:26:45,2,38.01267,-122.00207,201.444,68.774,0.0,-63,0.130,0.250,1.624
2014/09/19 11:26:50,2,38.01294,-122.00032,220.144,71.531,0.0,-63,0.183,0.333,1.894
2014/09/19 11:26:55,2,38.01326,-121.99857,235.564,70.939,0.0,-61,0.135,0.208,1.935
2014/09/19 11:27:00,2,38.01374,-121.99683,250.984,73.550,0.0,-61,0.170,0.000,2.115
2014/09/19 11:27:05,2,38.01438,-121.99511,267.717,75.137,0.0,-61,0.531,0.333,1.079
2014/09/19 11:27:10,2,38.01516,-121.99347,286.089,75.410,0.0,-61,0.776,0.833,0.738
2014/09/19 11:27:15,2,38.01607,-121.99196,304.134,73.710,0.0,-61,0.522,0.583,1.199
2014/09/19 11:27:20,2,38.01703,-121.99053,322.178,71.876,0.0,-61,0.195,0.208,0.000
2014/09/19 11:27:25,2,38.01788,-121.98911,340.223,69.915,0.0,-69,0.000,0.000,1.018
2014/09/19 11:27:30,2,38.01861,-121.98760,354.331,68.300,0.0,-69,0.676,0.458,1.670
2014/09/19 11:27:35,2,38.01928,-121.98606,363.517,69.545,0.0,-69,0.360,0.333,1.019
2014/09/19 11:27:40,2,38.01995,-121.98452,366.798,69.050,0.0,-69,0.660,0.458,0.618
2014/09/19 11:27:45,2,38.02063,-121.98296,362.533,70.719,0.0,-69,1.132,1.083,0.472
2014/09/19 11:27:50,2,38.02130,-121.98138,350.722,69.905,0.0,-69,0.649,1.125,0.403
2014/09/19 11:27:55,2,38.02199,-121.97980,332.677,73.366,0.0,-51,0.513,0.833,0.358
2014/09/19 11:28:00,2,38.02270,-121.97812,312.336,76.073,0.0,-51,1.028,0.000,0.251
2014/09/19 11:28:05,2,38.02324,-121.97631,293.307,76.370,0.0,-51,1.644,0.042,0.230
2014/09/19 11:28:10,2,38.02359,-121.97441,273.294,76.518,0.0,-51,0.944,1.000,0.438
2014/09/19 11:28:15,2,38.02372,-121.97248,252.953,76.283,0.0,-51,0.716,1.167,0.521
2014/09/19 11:28:20,2,38.02364,-121.97056,232.940,74.664,0.0,-51,0.646,0.000,1.145
2014/09/19 11:28:25,2,38.02336,-121.96877,213.911,69.821,0.0,-65,0.000,0.458,0.000
2014/09/19 11:28:30,2,38.02304,-121.96707,195.866,67.449,0.0,-65,0.000,0.000,5.811
2014/09/19 11:28:35,2,38.02272,-121.96539,184.383,69.647,0.0,-65,0.000,0.208,0.588
2014/09/19 11:28:40,2,38.02239,-121.96363,174.869,71.605,0.0,-65,0.000,1.083,0.875
2014/09/19 11:28:45,2,38.02206,-121.96188,166.995,69.749,0.0,-65,0.003,0.833,0.295
2014/09/19 11:28:50,2,38.02173,-121.96016,159.121,69.999,0.0,-65,0.673,1.167,0.426
2014/09/19 11:28:55,2,38.02140,-121.95841,151.575,71.195,0.0,-61,0.798,0.375,1.031
2014/09/19 11:29:00,2,38.02106,-121.95662,143.045,73.758,0.0,-61,0.766,0.250,0.706
2014/09/19 11:29:05,2,38.02066,-121.95479,136.811,74.940,0.0,-61,1.240,0.250,0.348
2014/09/19 11:29:10,2,38.02016,-121.95297,132.218,76.051,0.0,-61,1.699,0.375,0.246
2014/09/19 11:29:15,2,38.01962,-121.95119,129.593,73.232,0.0,-61,0.673,0.000,0.631
2014/09/19 11:29:20,2,38.01912,-121.94950,131.562,69.536,0.0,-61,0.692,0.125,1.034
2014/09/19 11:29:25,2,38.01884,-121.94782,134.843,66.424,0.0,-61,0.775,0.250,0.758
2014/09/19 11:29:30,2,38.01875,-121.94615,140.420,66.006,0.0,-59,0.773,0.208,1.614
2014/09/19 11:29:35,2,38.01877,-121.94446,143.701,66.078,0.0,-59,0.801,0.000,0.463
2014/09/19 11:29:40,2,38.01877,-121.94280,148.294,65.100,0.0,-59,0.839,0.250,0.371
2014/09/19 11:29:45,2,38.01877,-121.94116,147.310,64.874,0.0,-59,1.193,0.583,0.441
2014/09/19 11:29:50,2,38.01877,-121.93951,138.451,65.259,0.0,-59,1.153,0.958,0.338
2014/09/19 11:29:55,2,38.01878,-121.93779,125.328,69.400,0.0,-59,0.840,0.375,0.530
2014/09/19 11:30:00,2,38.01878,-121.93597,111.549,73.489,0.0,-55,0.461,0.000,0.623
2014/09/19 11:30:05,2,38.01878,-121.93408,105.315,74.236,0.0,-55,0.445,0.208,1.311
2014/09/19 11:30:10,2,38.01879,-121.93220,106.627,73.644,0.0,-55,0.536,0.000,1.045
2014/09/19 11:30:15,2,38.01879,-121.93034,108.268,72.771,0.0,-55,0.849,0.000,1.239
2014/09/19 11:30:20,2,38.01886,-121.92851,106.955,70.800,0.0,-55,1.456,0.000,0.347
2014/09/19 11:30:25,2,38.01904,-121.92675,102.034,70.205,0.0,-55,0.733,0.042,1.462
2014/09/19 11:30:30,2,38.01932,-121.92498,93.176,70.437,0.0,-71,0.000,0.083,0.000
2014/09/19 11:30:35,2,38.01961,-121.92324,88.911,68.767,0.0,-71,0.000,0.000,2.118
2014/09/19 11:30:40,2,38.01983,-121.92158,87.927,66.321,0.0,-71,0.000,0.083,5.118
2014/09/19 11:30:45,2,38.01994,-121.91988,83.005,67.873,0.0,-71,0.000,0.583,0.270
2014/09/19 11:30:50,2,38.01995,-121.91814,75.459,69.054,0.0,-71,0.003,1.333,1.114
2014/09/19 11:30:55,2,38.01995,-121.91638,70.538,69.333,0.0,-71,0.506,0.000,2.038
2014/09/19 11:31:00,2,38.01994,-121.91460,66.273,70.335,0.0,-67,0.846,0.708,0.719
2014/09/19 11:31:05,2,38.01993,-121.91286,61.680,66.608,0.0,-67,0.481,0.250,1.866
2014/09/19 11:31:10,2,38.01992,-121.91114,56.102,66.461,0.0,-67,0.000,0.208,0.491
2014/09/19 11:31:15,2,38.01991,-121.90951,50.197,63.452,0.0,-67,0.349,0.750,0.556
2014/09/19 11:31:20,2,38.01988,-121.90786,42.651,65.945,0.0,-67,0.477,0.583,0.554
2014/09/19 11:31:25,2,38.01986,-121.90619,38.714,66.469,0.0,-67,0.574,0.000,0.557
2014/09/19 11:31:30,2,38.01984,-121.90447,39.370,67.950,0.0,-67,0.451,0.583,0.611
2014/09/19 11:31:35,2,38.01977,-121.90271,41.667,70.617,0.0,-69,0.232,0.500,0.699
2014/09/19 11:31:40,2,38.01959,-121.90091,45.604,71.417,0.0,-69,0.485,0.958,0.358
2014/09/19 11:31:45,2,38.01929,-121.89916,46.588,68.480,0.0,-69,0.498,0.583,0.418
2014/09/19 11:31:50,2,38.01892,-121.89752,51.837,66.959,0.0,-69,0.369,0.833,0.614
2014/09/19 11:31:55,2,38.01847,-121.89591,54.790,67.254,0.0,-69,0.452,0.958,0.459
2014/09/19 11:32:00,2,38.01803,-121.89431,57.415,65.546,0.0,-69,0.572,1.167,0.307
2014/09/19 11:32:05,2,38.01760,-121.89276,59.055,64.743,0.0,-59,0.427,0.000,0.267
2014/09/19 11:32:10,2,38.01719,-121.89118,57.087,65.711,0.0,-59,0.752,0.042,0.286
2014/09/19 11:32:15,2,38.01679,-121.88957,50.525,67.068,0.0,-59,0.817,0.917,0.358
2014/09/19 11:32:20,2,38.01639,-121.88791,49.213,68.625,0.0,-59,0.486,0.333,1.791
2014/09/19 11:32:25,2,38.01599,-121.88622,52.165,69.365,0.0,-59,0.438,1.042,0.426
2014/09/19 11:32:30,2,38.01559,-121.88454,53.806,68.825,0.0,-59,0.513,0.000,0.326
2014/09/19 11:32:35,2,38.01519,-121.88287,59.383,68.470,0.0,-63,0.540,0.667,0.783
2014/09/19 11:32:40,2,38.01480,-121.88123,64.633,66.161,0.0,-63,0.875,0.917,0.553
2014/09/19 11:32:45,2,38.01442,-121.87965,66.929,64.096,0.0,-63,1.000,0.917,0.571
2014/09/19 11:32:50,2,38.01405,-121.87811,69.882,63.021,0.0,-63,0.571,0.375,1.025
2014/09/19 11:32:55,2,38.01368,-121.87655,70.866,64.768,0.0,-63,0.822,0.542,0.478
2014/09/19 11:33:00,2,38.01334,-121.87492,69.554,66.786,0.0,-63,0.944,1.208,0.734
2014/09/19 11:33:05,2,38.01300,-121.87329,67.257,66.059,0.0,-51,0.893,0.667,0.374
2014/09/19 11:33:10,2,38.01267,-121.87166,64.633,66.517,0.0,-51,0.412,1.417,0.521
2014/09/19 11:33:15,2,38.01233,-121.87002,55.446,67.305,0.0,-51,0.559,0.000,0.338
2014/09/19 11:33:20,2,38.01196,-121.86837,43.963,68.195,0.0,-51,0.828,0.000,0.639
2014/09/19 11:33:25,2,38.01158,-121.86672,34.449,66.772,0.0,-51,0.946,0.000,0.371
2014/09/19 11:33:30,2,38.01122,-121.86529,44.291,49.622,0.0,-51,0.636,0.042,0.545
2014/09/19 11:33:35,2,38.01097,-121.86424,51.837,37.378,0.0,-51,0.800,1.125,0.354
2014/09/19 11:33:40,2,38.01084,-121.86368,55.774,9.551,0.0,-57,1.096,1.167,0.363
2014/09/19 11:33:45,2,38.01083,-121.86365,57.087,0.025,0.0,-57,0.904,0.792,1.044
2014/09/19 11:33:50,2,38.01080,-121.86354,57.743,8.346,0.0,-57,0.849,0.208,0.510
2014/09/19 11:33:55,2,38.01076,-121.86336,58.727,9.041,0.0,-57,0.535,0.417,0.523
2014/09/19 11:34:00,2,38.01070,-121.86308,59.383,12.716,0.0,-57,0.549,0.958,0.483
2014/09/19 11:34:05,2,38.01066,-121.86288,60.696,2.373,0.0,-57,0.730,1.333,0.428
2014/09/19 11:34:10,2,38.01065,-121.86286,61.024,2.015,0.0,-55,0.439,1.292,0.371
2014/09/19 11:34:15,2,38.01063,-121.86277,60.696,5.197,0.0,-55,0.582,1.333,0.366
2014/09/19 11:34:20,2,38.01060,-121.86264,61.352,7.070,0.0,-55,0.937,1.000,0.266
2014/09/19 11:34:25,2,38.01055,-121.86245,62.336,9.723,0.0,-55,1.010,0.000,0.490
2014/09/19 11:34:30,2,38.01049,-121.86217,64.304,11.847,0.0,-55,1.067,0.000,0.341
2014/09/19 11:34:35,2,38.01041,-121.86186,64.633,14.818,0.0,-55,0.680,0.000,1.455
2014/09/19 11:34:40,2,38.01032,-121.86146,65.289,17.890,0.0,-59,0.787,0.000,0.493
2014/09/19 11:34:45,2,38.01021,-121.86106,66.601,15.987,0.0,-59,0.552,0.042,0.619
2014/09/19 11:34:50,2,38.01012,-121.86068,67.585,15.832,0.0,-59,0.662,0.875,0.374
2014/09/19 11:34:55,2,38.01002,-121.86031,68.241,15.014,0.0,-59,1.066,1.125,0.455
2014/09/19 11:35:00,2,38.00993,-121.85996,70.538,14.030,0.0,-59,0.467,0.708,1.538
2014/09/19 11:35:05,2,38.00984,-121.85961,70.538,16.279,0.0,-59,0.000,0.500,1.662
2014/09/19 11:35:10,2,38.00971,-121.85916,71.850,19.831,0.0,-75,0.391,0.208,2.998
2014/09/19 11:35:15,2,38.00955,-121.85859,73.491,19.450,0.0,-75,0.256,0.000,3.175
2014/09/19 11:35:20,2,38.00942,-121.85811,74.803,20.192,0.0,-75,0.221,0.208,2.059
2014/09/19 11:35:25,2,38.00928,-121.85759,74.803,24.168,0.0,-75,0.337,0.000,0.000
2014/09/19 11:35:30,2,38.00910,-121.85694,75.459,30.628,0.0,-75,0.112,0.208,3.938
2014/09/19 11:35:35,2,38.00887,-121.85612,77.428,37.004,0.0,-75,0.272,0.125,2.446
2014/09/19 11:35:40,2,38.00860,-121.85513,79.068,44.479,0.0,-75,0.314,0.208,2.070
2014/09/19 11:35:45,2,38.00828,-121.85397,76.772,51.761,0.0,-65,0.228,0.083,5.289
2014/09/19 11:35:50,2,38.00792,-121.85266,74.147,55.676,0.0,-65,0.154,0.000,0.347
2014/09/19 11:35:55,2,38.00754,-121.85127,72.507,59.183,0.0,-65,0.545,0.625,1.329
2014/09/19 11:36:00,2,38.00713,-121.84981,71.194,61.781,0.0,-65,0.496,0.458,0.000
2014/09/19 11:36:05,2,38.00673,-121.84835,70.210,61.616,0.0,-65,0.000,0.000,1.875
2014/09/19 11:36:10,2,38.00631,-121.84682,68.570,66.041,0.0,-65,0.000,0.208,0.376
2014/09/19 11:36:15,2,38.00585,-121.84519,65.289,68.374,0.0,-69,0.000,1.042,0.245
2014/09/19 11:36:20,2,38.00540,-121.84360,66.929,63.424,0.0,-69,0.000,0.708,0.587
2014/09/19 11:36:25,2,38.00499,-121.84213,69.554,61.491,0.0,-69,0.003,1.042,0.890
2014/09/19 11:36:30,2,38.00456,-121.84062,73.163,64.963,0.0,-69,0.143,0.000,0.000
2014/09/19 11:36:35,2,38.00413,-121.83906,76.444,64.009,0.0,-69,0.203,0.417,3.559
2014/09/19 11:36:40,2,38.00369,-121.83752,77.428,64.651,0.0,-69,0.260,0.083,0.935
2014/09/19 11:36:45,2,38.00325,-121.83600,72.178,62.007,0.0,-71,0.490,0.000,1.002
2014/09/19 11:36:50,2,38.00284,-121.83452,63.976,63.104,0.0,-71,0.279,0.250,1.251
2014/09/19 11:36:55,2,38.00242,-121.83296,54.462,64.615,0.0,-71,0.590,0.000,3.387
2014/09/19 11:37:00,2,38.00199,-121.83143,46.260,63.930,0.0,-71,0.000,0.208,0.657
2014/09/19 11:37:05,2,38.00161,-121.82996,43.963,58.098,0.0,-71,0.000,0.958,0.450
2014/09/19 11:37:10,2,38.00124,-121.82862,43.307,55.330,0.0,-71,0.003,0.000,1.305
2014/09/19 11:37:15,2,38.00086,-121.82729,41.667,54.932,0.0,-73,0.355,0.042,0.387
2014/09/19 11:37:20,2,38.00048,-121.82591,40.354,60.445,0.0,-73,0.572,0.500,0.602
2014/09/19 11:37:25,2,38.00008,-121.82446,41.995,59.606,0.0,-73,0.618,0.000,0.571
2014/09/19 11:37:30,2,37.99968,-121.82304,46.260,59.323,0.0,-73,0.715,1.042,0.528
2014/09/19 11:37:35,2,37.99930,-121.82168,48.556,54.536,0.0,-73,0.593,0.833,1.334
2014/09/19 11:37:40,2,37.99894,-121.82041,47.572,52.079,0.0,-73,0.445,0.417,1.467
2014/09/19 11:37:45,2,37.99858,-121.81913,46.916,55.610,0.0,-73,0.272,0.167,1.419
2014/09/19 11:37:50,2,37.99824,-121.81778,48.885,56.349,0.0,-61,0.430,0.250,0.571
2014/09/19 11:37:55,2,37.99808,-121.81638,49.869,55.542,0.0,-61,0.343,0.625,0.331
2014/09/19 11:38:00,2,37.99804,-121.81497,51.509,55.672,0.0,-61,0.415,0.958,0.455
2014/09/19 11:38:05,2,37.99802,-121.81352,51.837,56.228,0.0,-61,0.454,0.917,0.522
2014/09/19 11:38:10,2,37.99802,-121.81211,52.822,56.037,0.0,-61,0.566,0.000,0.895
2014/09/19 11:38:15,2,37.99805,-121.81066,53.150,57.249,0.0,-61,0.299,0.375,0.474
2014/09/19 11:38:20,2,37.99805,-121.80918,55.774,58.870,0.0,-71,0.235,0.750,0.283
2014/09/19 11:38:25,2,37.99805,-121.80766,59.711,60.994,0.0,-71,0.333,1.167,0.386
2014/09/19 11:38:30,2,37.99805,-121.80609,59.383,62.220,0.0,-71,0.386,0.792,0.914
2014/09/19 11:38:35,2,37.99805,-121.80449,57.743,63.100,0.0,-71,0.349,0.792,1.629
2014/09/19 11:38:40,2,37.99805,-121.80289,56.102,63.843,0.0,-71,0.000,0.583,0.535
2014/09/19 11:38:45,2,37.99805,-121.80125,54.134,65.137,0.0,-71,0.000,0.000,0.239
2014/09/19 11:38:50,2,37.99805,-121.79956,52.493,67.711,0.0,-59,0.003,0.042,0.415
2014/09/19 11:38:55,2,37.99803,-121.79784,50.525,67.896,0.0,-59,1.167,0.458,0.242
2014/09/19 11:39:00,2,37.99789,-121.79615,48.885,64.510,0.0,-59,1.333,0.292,0.576
2014/09/19 11:39:05,2,37.99759,-121.79464,45.604,59.371,0.0,-59,1.076,0.208,0.399
2014/09/19 11:39:10,2,37.99732,-121.79314,45.604,61.766,0.0,-59,1.433,0.167,0.398
2014/09/19 11:39:16,2,37.99706,-121.79160,45.276,62.304,0.0,-59,1.506,0.000,0.578
2014/09/19 11:39:21,2,37.99682,-121.79010,44.948,58.551,0.0,-51,1.090,0.208,0.774
2014/09/19 11:39:26,2,37.99657,-121.78859,44.291,62.365,0.0,-51,0.721,0.250,0.547
2014/09/19 11:39:31,2,37.99629,-121.78699,42.979,65.517,0.0,-51,1.382,0.500,0.658
2014/09/19 11:39:36,2,37.99602,-121.78536,39.370,64.895,0.0,-51,1.375,0.542,0.638
2014/09/19 11:39:41,2,37.99574,-121.78381,46.916,61.454,0.0,-51,1.275,0.500,0.406
2014/09/19 11:39:46,2,37.99548,-121.78231,56.430,59.991,0.0,-51,1.673,0.583,0.501
2014/09/19 11:39:51,2,37.99522,-121.78084,65.289,58.642,0.0,-51,1.003,0.250,0.715
2014/09/19 11:39:56,2,37.99497,-121.77938,69.226,58.196,0.0,-51,1.067,0.000,0.285
2014/09/19 11:40:01,2,37.99471,-121.77794,72.835,57.512,0.0,-51,1.330,0.125,0.967
2014/09/19 11:40:06,2,37.99447,-121.77650,76.444,57.350,0.0,-51,1.234,0.250,0.577
2014/09/19 11:40:11,2,37.99423,-121.77511,82.349,55.616,0.0,-51,0.830,0.667,0.418
2014/09/19 11:40:16,2,37.99399,-121.77372,89.567,56.411,0.0,-51,1.029,1.083,0.313
2014/09/19 11:40:21,2,37.99374,-121.77233,96.129,54.772,0.0,-51,0.824,0.708,0.387
2014/09/19 11:40:26,2,37.99345,-121.77098,101.050,55.240,0.0,-53,0.984,0.667,0.483
2014/09/19 11:40:31,2,37.99309,-121.76963,101.378,57.003,0.0,-53,1.205,0.625,0.501
2014/09/19 11:40:36,2,37.99263,-121.76827,98.753,58.747,0.0,-53,0.795,0.333,0.299
2014/09/19 11:40:41,2,37.99211,-121.76692,97.769,60.708,0.0,-53,1.054,0.000,0.854
2014/09/19 11:40:46,2,37.99159,-121.76549,98.425,61.270,0.0,-53,0.724,0.250,1.571
2014/09/19 11:40:51,2,37.99116,-121.76403,97.441,61.840,0.0,-53,0.627,0.458,0.447
2014/09/19 11:40:56,2,37.99088,-121.76248,100.394,62.714,0.0,-53,0.889,0.750,0.373
2014/09/19 11:41:01,2,37.99070,-121.76084,103.346,66.577,0.0,-53,0.580,0.208,2.318
2014/09/19 11:41:06,2,37.99048,-121.75916,103.018,67.813,0.0,-53,0.494,0.000,1.282
2014/09/19 11:41:11,2,37.99026,-121.75746,100.394,67.710,0.0,-53,0.247,0.000,3.261
2014/09/19 11:41:16,2,37.99002,-121.75580,96.129,65.606,0.0,-53,0.445,0.246,1.239
2014/09/19 11:41:21,2,37.98963,-121.75420,88.255,66.940,0.0,-53,0.404,0.000,1.034
2014/09/19 11:41:26,2,37.98897,-121.75268,81.693,69.354,0.0,-65,1.372,0.000,0.286
2014/09/19 11:41:31,2,37.98808,-121.75131,82.349,70.460,0.0,-65,1.663,0.042,0.443
2014/09/19 11:41:36,2,37.98696,-121.75015,88.911,72.681,0.0,-65,1.477,0.167,0.387
2014/09/19 11:41:41,2,37.98569,-121.74921,95.801,73.716,0.0,-65,1.860,0.458,0.485
2014/09/19 11:41:46,2,37.98443,-121.74832,103.346,71.344,0.0,-65,1.667,0.417,0.522
2014/09/19 11:41:51,2,37.98316,-121.74745,105.315,73.796,0.0,-65,1.827,0.708,0.435
2014/09/19 11:41:56,2,37.98182,-121.74652,104.003,76.172,0.0,-65,1.692,0.000,0.277
2014/09/19 11:42:01,2,37.98049,-121.74561,100.722,74.476,0.0,-51,1.051,0.417,0.591
2014/09/19 11:42:06,2,37.97920,-121.74471,98.425,74.534,0.0,-51,1.734,0.292,0.362
2014/09/19 11:42:11,2,37.97792,-121.74380,99.409,71.112,0.0,-51,1.234,0.500,0.403
2014/09/19 11:42:16,2,37.97671,-121.74294,102.362,68.607,0.0,-51,1.382,0.583,0.279
2014/09/19 11:42:21,2,37.97554,-121.74211,104.659,65.907,0.0,-51,1.458,0.792,0.263
2014/09/19 11:42:26,2,37.97444,-121.74132,106.955,61.820,0.0,-51,2.119,0.583,0.351
2014/09/19 11:42:31,2,37.97335,-121.74053,109.580,63.539,0.0,-51,2.083,0.542,0.311
2014/09/19 11:42:36,2,37.97222,-121.73980,111.220,62.297,0.0,-51,1.920,0.000,0.402
2014/09/19 11:42:41,2,37.97100,-121.73929,112.533,65.005,0.0,-51,1.301,0.583,0.848
2014/09/19 11:42:46,2,37.96971,-121.73903,114.501,65.552,0.0,-51,0.709,0.167,0.601
2014/09/19 11:42:51,2,37.96839,-121.73903,116.798,64.925,0.0,-51,1.160,0.208,0.613
2014/09/19 11:42:56,2,37.96710,-121.73931,118.110,66.160,0.0,-51,1.202,0.458,0.521
2014/09/19 11:43:01,2,37.96582,-121.73986,122.047,67.735,0.0,-73,0.910,0.250,1.327
2014/09/19 11:43:06,2,37.96464,-121.74067,130.249,66.570,0.0,-73,0.814,0.458,0.686
2014/09/19 11:43:11,2,37.96357,-121.74167,139.436,65.994,0.0,-73,0.887,0.292,0.398
2014/09/19 11:43:16,2,37.96250,-121.74264,145.997,65.684,0.0,-73,0.673,0.000,1.679
2014/09/19 11:43:21,2,37.96134,-121.74346,147.638,67.654,0.0,-73,0.542,0.167,1.542
2014/09/19 11:43:26,2,37.96005,-121.74413,141.404,69.321,0.0,-73,0.795,0.167,0.926
2014/09/19 11:43:31,2,37.95872,-121.74458,133.202,67.988,0.0,-51,1.486,0.333,0.385
2014/09/19 11:43:36,2,37.95737,-121.74481,129.921,68.714,0.0,-51,0.571,0.250,0.946
2014/09/19 11:43:41,2,37.95598,-121.74485,131.890,68.816,0.0,-51,0.237,0.000,1.770
2014/09/19 11:43:46,2,37.95459,-121.74486,135.171,69.258,0.0,-51,0.548,0.083,0.815
2014/09/19 11:43:51,2,37.95320,-121.74486,138.123,69.573,0.0,-51,0.769,0.167,0.939
2014/09/19 11:43:56,2,37.95177,-121.74486,140.092,70.430,0.0,-51,1.240,0.292,0.590
2014/09/19 11:44:01,2,37.95038,-121.74479,140.420,69.509,0.0,-51,1.285,0.542,0.386
2014/09/19 11:44:06,2,37.94901,-121.74447,141.076,68.739,0.0,-51,0.987,0.250,1.039
2014/09/19 11:44:11,2,37.94783,-121.74397,140.748,56.941,0.0,-51,0.852,0.000,0.391
2014/09/19 11:44:16,2,37.94679,-121.74349,142.060,54.169,0.0,-51,0.686,0.167,1.982
2014/09/19 11:44:21,2,37.94574,-121.74299,144.029,56.790,0.0,-51,0.437,0.000,0.894
2014/09/19 11:44:26,2,37.94467,-121.74248,149.278,57.974,0.0,-51,0.356,0.000,2.744
2014/09/19 11:44:31,2,37.94355,-121.74194,152.887,60.461,0.0,-51,0.308,0.000,1.258
2014/09/19 11:44:36,2,37.94242,-121.74140,152.231,59.036,0.0,-51,0.833,0.000,3.173
2014/09/19 11:44:41,2,37.94129,-121.74087,149.606,59.460,0.0,-51,0.609,0.000,0.941
2014/09/19 11:44:46,2,37.94016,-121.74033,148.294,59.388,0.0,-51,1.481,0.042,0.259
2014/09/19 11:44:51,2,37.93902,-121.73979,145.669,62.074,0.0,-51,1.609,0.417,0.479
2014/09/19 11:44:56,2,37.93787,-121.73916,138.451,61.480,0.0,-51,0.978,0.208,1.034
2014/09/19 11:45:01,2,37.93679,-121.73849,127.953,60.405,0.0,-51,1.856,0.000,0.510
2014/09/19 11:45:06,2,37.93568,-121.73781,123.360,61.487,0.0,-51,1.936,0.333,0.493
2014/09/19 11:45:11,2,37.93456,-121.73717,124.672,59.919,0.0,-51,1.937,0.750,0.462
2014/09/19 11:45:16,2,37.93347,-121.73660,126.640,58.677,0.0,-51,1.958,0.375,0.342
2014/09/19 11:45:21,2,37.93237,-121.73606,130.249,57.850,0.0,-51,1.673,0.333,0.303
2014/09/19 11:45:26,2,37.93129,-121.73554,132.546,57.447,0.0,-51,1.859,0.208,0.671
2014/09/19 11:45:31,2,37.93024,-121.73505,133.202,54.096,0.0,-51,0.000,0.667,0.285
2014/09/19 11:45:36,2,37.92926,-121.73458,133.202,50.774,0.0,-55,1.667,0.292,0.455
2014/09/19 11:45:41,2,37.92834,-121.73417,132.218,47.612,0.0,-55,1.514,0.000,1.139
2014/09/19 11:45:46,2,37.92744,-121.73377,130.906,46.433,0.0,-55,1.099,0.292,0.394
2014/09/19 11:45:51,2,37.92659,-121.73340,129.593,44.294,0.0,-55,0.695,0.083,0.654
2014/09/19 11:45:56,2,37.92575,-121.73304,127.953,42.716,0.0,-55,0.413,0.167,0.246
2014/09/19 11:46:01,2,37.92492,-121.73281,127.625,43.714,0.0,-55,1.657,0.000,0.266
2014/09/19 11:46:06,2,37.92398,-121.73260,126.640,49.804,0.0,-55,1.641,0.417,1.351
2014/09/19 11:46:11,2,37.92296,-121.73235,126.640,52.201,0.0,-51,0.871,0.000,0.702
2014/09/19 11:46:16,2,37.92192,-121.73216,128.281,51.933,0.0,-51,0.599,0.125,0.935
2014/09/19 11:46:21,2,37.92086,-121.73211,129.593,54.154,0.0,-51,0.798,0.167,0.470
2014/09/19 11:46:26,2,37.91973,-121.73212,130.249,57.551,0.0,-51,0.429,0.167,1.935
2014/09/19 11:46:31,2,37.91855,-121.73213,131.234,59.519,0.0,-51,0.458,0.250,2.446
2014/09/19 11:46:36,2,37.91733,-121.73214,134.514,61.528,0.0,-51,0.452,0.000,1.165
2014/09/19 11:46:41,2,37.91609,-121.73214,144.029,61.833,0.0,-51,0.516,0.375,0.278
2014/09/19 11:46:46,2,37.91486,-121.73209,156.824,61.947,0.0,-51,1.125,0.208,0.790
2014/09/19 11:46:51,2,37.91363,-121.73182,168.963,62.230,0.0,-51,0.820,0.292,0.326
2014/09/19 11:46:56,2,37.91245,-121.73132,179.790,61.924,0.0,-51,1.507,0.458,0.306
2014/09/19 11:47:01,2,37.91133,-121.73060,187.008,63.372,0.0,-51,1.801,0.000,0.470
2014/09/19 11:47:06,2,37.91031,-121.72967,188.976,62.042,0.0,-51,0.956,0.250,0.603
2014/09/19 11:47:11,2,37.90941,-121.72854,186.680,64.520,0.0,-61,1.247,0.375,0.771
2014/09/19 11:47:16,2,37.90851,-121.72734,180.118,64.898,0.0,-61,0.605,0.583,0.623
2014/09/19 11:47:21,2,37.90761,-121.72612,169.948,66.581,0.0,-61,0.837,0.625,0.390
2014/09/19 11:47:26,2,37.90672,-121.72486,160.105,67.311,0.0,-61,1.055,0.708,0.602
2014/09/19 11:47:31,2,37.90582,-121.72353,150.591,69.278,0.0,-61,1.420,0.792,0.512
2014/09/19 11:47:36,2,37.90491,-121.72222,142.717,68.224,0.0,-61,1.019,0.250,0.530
2014/09/19 11:47:41,2,37.90393,-121.72105,135.171,66.444,0.0,-51,1.490,0.000,0.274
2014/09/19 11:47:46,2,37.90280,-121.72010,133.530,67.733,0.0,-51,0.974,0.000,0.723
2014/09/19 11:47:51,2,37.90160,-121.71935,139.436,66.826,0.0,-51,1.680,0.000,0.279
2014/09/19 11:47:56,2,37.90039,-121.71864,144.029,65.053,0.0,-51,1.538,0.000,0.263
2014/09/19 11:48:01,2,37.89932,-121.71788,143.373,57.434,0.0,-51,1.606,0.042,0.279
2014/09/19 11:48:06,2,37.89842,-121.71698,139.764,57.320,0.0,-51,1.817,0.625,0.390
2014/09/19 11:48:11,2,37.89761,-121.71593,137.139,56.384,0.0,-51,2.039,0.833,0.299
2014/09/19 11:48:16,2,37.89694,-121.71480,133.858,56.630,0.0,-51,1.349,0.375,0.402
2014/09/19 11:48:21,2,37.89632,-121.71371,130.906,46.041,0.0,-51,1.609,0.208,0.502
2014/09/19 11:48:26,2,37.89594,-121.71305,128.937,18.623,0.0,-51,1.587,0.333,0.515
2014/09/19 11:48:31,2,37.89588,-121.71292,127.297,0.013,0.0,-51,1.706,0.417,0.261
2014/09/19 11:48:36,2,37.89588,-121.71292,125.656,0.025,0.0,-51,1.913,0.000,0.415
2014/09/19 11:48:41,2,37.89587,-121.71292,123.688,0.020,0.0,-51,1.754,0.500,0.356
2014/09/19 11:48:46,2,37.89585,-121.71287,122.703,9.903,0.0,-67,2.087,0.333,0.267
2014/09/19 11:48:51,2,37.89561,-121.71244,122.375,28.284,0.0,-67,1.917,0.375,0.250
2014/09/19 11:48:56,2,37.89520,-121.71173,123.031,39.743,0.0,-67,1.413,0.208,0.298
2014/09/19 11:49:01,2,37.89467,-121.71082,125.984,47.765,0.0,-67,1.667,0.417,0.379
2014/09/19 11:49:06,2,37.89408,-121.70984,130.906,49.599,0.0,-67,1.996,0.542,0.346
2014/09/19 11:49:11,2,37.89336,-121.70888,135.171,53.018,0.0,-67,1.805,0.000,0.275
2014/09/19 11:49:16,2,37.89252,-121.70802,142.060,55.246,0.0,-51,0.849,0.583,0.937
2014/09/19 11:49:21,2,37.89158,-121.70721,147.310,57.478,0.0,-51,0.206,0.167,3.086
2014/09/19 11:49:26,2,37.89061,-121.70636,147.966,59.092,0.0,-51,0.000,0.083,3.350
2014/09/19 11:49:31,2,37.88968,-121.70537,144.685,62.164,0.0,-51,0.000,0.875,0.359
2014/09/19 11:49:36,2,37.88886,-121.70414,137.795,64.597,0.0,-51,0.000,1.292,0.386
2014/09/19 11:49:41,2,37.88821,-121.70274,130.249,62.005,0.0,-51,0.003,0.917,0.519
2014/09/19 11:49:46,2,37.88778,-121.70128,125.000,61.201,0.0,-65,0.686,0.000,0.652
2014/09/19 11:49:51,2,37.88754,-121.69980,121.391,57.476,0.0,-65,0.679,0.000,2.487
2014/09/19 11:49:56,2,37.88748,-121.69840,115.157,53.246,0.0,-65,0.234,0.208,1.715
2014/09/19 11:50:01,2,37.88747,-121.69709,109.580,50.087,0.0,-65,1.234,0.375,0.385
2014/09/19 11:50:06,2,37.88745,-121.69583,106.299,50.772,0.0,-65,1.452,0.375,0.485
2014/09/19 11:50:11,2,37.88723,-121.69454,107.612,52.713,0.0,-65,1.302,0.000,0.319
2014/09/19 11:50:16,2,37.88674,-121.69337,112.861,52.142,0.0,-61,1.986,0.000,1.222
2014/09/19 11:50:21,2,37.88603,-121.69232,117.126,55.763,0.0,-61,0.937,0.000,0.646
2014/09/19 11:50:26,2,37.88527,-121.69125,120.735,56.707,0.0,-61,1.170,0.042,0.315
2014/09/19 11:50:31,2,37.88449,-121.69018,125.328,56.965,0.0,-61,1.779,0.458,0.354
2014/09/19 11:50:36,2,37.88361,-121.68923,133.202,58.448,0.0,-61,1.868,0.375,0.786
2014/09/19 11:50:41,2,37.88265,-121.68835,135.499,59.216,0.0,-61,1.058,0.208,0.462
2014/09/19 11:50:46,2,37.88167,-121.68747,132.546,60.615,0.0,-61,1.385,0.292,0.449
2014/09/19 11:50:51,2,37.88066,-121.68656,128.281,62.553,0.0,-57,1.865,0.917,0.422
2014/09/19 11:50:56,2,37.87963,-121.68562,124.672,63.683,0.0,-57,1.699,0.625,0.765
2014/09/19 11:51:01,2,37.87858,-121.68467,120.407,64.886,0.0,-57,1.333,0.583,0.361
2014/09/19 11:51:06,2,37.87751,-121.68370,116.798,65.839,0.0,-57,1.340,0.333,1.269
2014/09/19 11:51:11,2,37.87644,-121.68273,112.861,65.019,0.0,-57,1.327,0.000,0.667
2014/09/19 11:51:16,2,37.87537,-121.68177,109.252,64.739,0.0,-57,1.417,0.417,0.355
2014/09/19 11:51:21,2,37.87432,-121.68081,106.299,64.480,0.0,-51,1.917,0.708,0.650
2014/09/19 11:51:26,2,37.87325,-121.67985,104.003,65.601,0.0,-51,1.997,0.417,0.489
2014/09/19 11:51:31,2,37.87220,-121.67888,102.362,64.449,0.0,-51,1.230,0.417,0.595
2014/09/19 11:51:36,2,37.87121,-121.67778,100.066,66.769,0.0,-51,1.360,0.667,0.490
2014/09/19 11:51:41,2,37.87036,-121.67645,103.018,68.199,0.0,-51,1.830,0.875,0.422
2014/09/19 11:51:46,2,37.86959,-121.67499,106.299,69.251,0.0,-51,1.900,0.667,0.319
2014/09/19 11:51:51,2,37.86882,-121.67354,110.564,68.377,0.0,-51,1.853,0.625,0.442
2014/09/19 11:51:56,2,37.86806,-121.67211,113.189,67.422,0.0,-51,1.830,0.500,0.447
2014/09/19 11:52:01,2,37.86733,-121.67076,117.126,61.468,0.0,-51,1.830,0.417,0.362
2014/09/19 11:52:06,2,37.86659,-121.66963,120.079,54.315,0.0,-51,1.670,0.000,0.602
2014/09/19 11:52:11,2,37.86587,-121.66863,119.094,53.307,0.0,-51,1.563,0.542,0.283
2014/09/19 11:52:16,2,37.86539,-121.66795,116.470,17.056,0.0,-51,0.937,0.000,0.363
2014/09/19 11:52:21,2,37.86534,-121.66788,114.173,0.033,0.0,-65,1.711,0.000,1.362
2014/09/19 11:52:26,2,37.86534,-121.66788,112.205,0.057,0.0,-65,1.340,0.042,0.612
2014/09/19 11:52:31,2,37.86535,-121.66788,111.877,0.037,0.0,-65,1.452,0.458,0.514
2014/09/19 11:52:36,2,37.86532,-121.66784,111.220,8.100,0.0,-65,1.660,0.458,0.761
2014/09/19 11:52:41,2,37.86507,-121.66749,111.220,26.509,0.0,-65,1.096,0.250,1.086
2014/09/19 11:52:46,2,37.86461,-121.66684,108.924,40.031,0.0,-65,0.727,0.292,1.035
2014/09/19 11:52:51,2,37.86400,-121.66600,105.971,47.963,0.0,-65,1.196,0.000,0.833
2014/09/19 11:52:56,2,37.86332,-121.66503,104.659,53.219,0.0,-65,1.317,0.333,0.351
2014/09/19 11:53:01,2,37.86262,-121.66397,103.346,56.526,0.0,-65,1.483,0.375,0.681
2014/09/19 11:53:06,2,37.86196,-121.66278,99.738,58.063,0.0,-65,1.850,0.292,0.440
2014/09/19 11:53:11,2,37.86129,-121.66156,96.457,59.123,0.0,-65,1.705,0.708,0.661
2014/09/19 11:53:16,2,37.86061,-121.66030,93.832,60.781,0.0,-65,1.760,0.625,0.305
2014/09/19 11:53:21,2,37.85991,-121.65901,89.895,62.105,0.0,-65,1.869,0.333,0.396
2014/09/19 11:53:26,2,37.85920,-121.65769,87.598,63.390,0.0,-69,1.647,0.375,0.789
2014/09/19 11:53:31,2,37.85847,-121.65634,84.974,64.992,0.0,-69,0.959,0.000,0.661
2014/09/19 11:53:36,2,37.85772,-121.65496,81.365,67.076,0.0,-69,0.708,0.375,0.669
2014/09/19 11:53:41,2,37.85691,-121.65359,77.756,68.385,0.0,-69,0.000,0.167,2.082
2014/09/19 11:53:46,2,37.85591,-121.65237,74.147,69.311,0.0,-69,0.385,0.000,0.287
2014/09/19 11:53:51,2,37.85480,-121.65128,70.866,70.116,0.0,-69,1.574,0.417,0.265
2014/09/19 11:53:56,2,37.85370,-121.65020,73.163,68.937,0.0,-75,1.894,0.333,0.314
2014/09/19 11:54:01,2,37.85263,-121.64916,79.068,65.416,0.0,-75,1.807,0.417,0.350
2014/09/19 11:54:06,2,37.85161,-121.64816,84.974,64.004,0.0,-75,1.885,0.375,0.282
2014/09/19 11:54:11,2,37.85056,-121.64725,90.551,62.393,0.0,-75,1.541,0.333,0.383
2014/09/19 11:54:16,2,37.84936,-121.64675,95.144,63.370,0.0,-75,1.462,0.250,0.922
2014/09/19 11:54:21,2,37.84808,-121.64668,100.066,64.618,0.0,-75,0.791,0.000,1.175
2014/09/19 11:54:26,2,37.84682,-121.64671,105.643,61.988,0.0,-71,0.260,0.000,2.865
2014/09/19 11:54:31,2,37.84558,-121.64674,110.236,62.663,0.0,-71,0.517,0.167,1.243
2014/09/19 11:54:36,2,37.84431,-121.64676,113.189,63.399,0.0,-71,0.779,0.208,0.462
2014/09/19 11:54:41,2,37.84303,-121.64679,115.486,64.286,0.0,-71,1.698,0.708,0.454
2014/09/19 11:54:46,2,37.84172,-121.64682,117.454,65.409,0.0,-71,1.779,0.458,0.899
2014/09/19 11:54:51,1,37.84045,-121.64684,116.798,60.916,0.0,-71,0.522,0.458,0.530
2014/09/19 11:54:56,1,37.83925,-121.64701,114.829,61.314,0.0,-71,0.879,0.875,0.867
2014/09/19 11:55:01,1,37.83812,-121.64763,113.189,61.899,0.0,-63,1.628,0.000,0.319
2014/09/19 11:55:06,1,37.83718,-121.64865,111.877,61.976,0.0,-63,1.375,0.000,0.765
2014/09/19 11:55:11,1,37.83649,-121.64997,112.861,62.494,0.0,-63,1.580,0.042,0.417
2014/09/19 11:55:16,1,37.83591,-121.65136,118.766,60.124,0.0,-63,1.763,0.458,0.478
2014/09/19 11:55:21,1,37.83525,-121.65265,123.360,60.794,0.0,-63,1.747,0.458,0.523
2014/09/19 11:55:26,1,37.83433,-121.65367,127.297,62.050,0.0,-63,1.154,0.417,0.464
2014/09/19 11:55:31,1,37.83318,-121.65432,130.906,63.196,0.0,-51,2.000,0.958,0.288
2014/09/19 11:55:36,1,37.83191,-121.65468,134.843,65.117,0.0,-51,0.769,0.292,0.334
2014/09/19 11:55:41,1,37.83062,-121.65503,139.436,65.868,0.0,-51,1.679,0.708,1.123
2014/09/19 11:55:46,1,37.82931,-121.65532,143.701,66.302,0.0,-51,0.901,0.000,0.322
2014/09/19 11:55:51,1,37.82798,-121.65536,146.982,67.428,0.0,-51,1.390,1.167,0.415
2014/09/19 11:55:56,1,37.82662,-121.65528,150.919,67.247,0.0,-51,1.594,1.042,0.366
2014/09/19 11:56:01,1,37.82529,-121.65521,155.840,65.709,0.0,-51,1.750,0.667,0.317
2014/09/19 11:56:06,1,37.82397,-121.65513,160.433,64.949,0.0,-51,2.003,0.792,0.294
2014/09/19 11:56:11,1,37.82267,-121.65506,165.354,65.157,0.0,-51,1.917,0.750,0.262
2014/09/19 11:56:16,1,37.82141,-121.65503,176.837,59.964,0.0,-51,1.955,0.417,0.251
2014/09/19 11:56:21,1,37.82026,-121.65534,192.913,57.911,0.0,-51,1.962,0.417,0.498
2014/09/19 11:56:26,1,37.81924,-121.65605,210.302,58.139,0.0,-51,2.051,0.542,0.286
2014/09/19 11:56:31,1,37.81842,-121.65707,226.378,57.391,0.0,-61,1.863,0.333,0.458
2014/09/19 11:56:36,1,37.81786,-121.65832,242.782,55.899,0.0,-61,0.903,0.167,1.566
2014/09/19 11:56:41,1,37.81740,-121.65957,257.874,53.994,0.0,-61,1.542,0.000,0.382
2014/09/19 11:56:46,1,37.81673,-121.66065,272.310,53.771,0.0,-61,1.871,0.292,0.511
2014/09/19 11:56:51,1,37.81588,-121.66146,286.417,52.897,0.0,-61,1.225,0.208,0.519
2014/09/19 11:56:56,1,37.81490,-121.66198,299.213,53.745,0.0,-61,0.875,0.208,0.443
2014/09/19 11:57:01,1,37.81384,-121.66234,312.664,54.899,0.0,-61,2.099,0.000,0.326
2014/09/19 11:57:06,1,37.81284,-121.66296,327.428,56.737,0.0,-65,2.154,0.000,0.270
2014/09/19 11:57:11,1,37.81198,-121.66394,338.255,58.866,0.0,-65,1.910,0.042,0.621
2014/09/19 11:57:16,1,37.81134,-121.66520,343.832,59.430,0.0,-65,1.067,0.250,0.576
2014/09/19 11:57:21,1,37.81071,-121.66645,343.176,58.397,0.0,-65,0.779,0.208,0.383
2014/09/19 11:57:26,1,37.80984,-121.66745,334.974,58.516,0.0,-65,1.574,0.208,0.465
2014/09/19 11:57:31,1,37.80888,-121.66828,325.131,60.065,0.0,-65,2.029,0.375,0.301
2014/09/19 11:57:36,1,37.80806,-121.66949,323.163,65.570,0.0,-69,1.596,0.375,0.259
2014/09/19 11:57:41,1,37.80729,-121.67091,329.724,67.971,0.0,-69,1.702,0.208,0.526
2014/09/19 11:57:46,2,37.80648,-121.67226,335.958,65.633,0.0,-69,1.924,0.000,0.305
2014/09/19 11:57:51,2,37.80549,-121.67333,342.848,65.278,0.0,-69,1.788,0.250,0.262
2014/09/19 11:57:56,2,37.80446,-121.67440,350.722,66.306,0.0,-69,1.721,0.458,0.498
2014/09/19 11:58:01,2,37.80335,-121.67527,360.236,64.772,0.0,-69,1.904,0.292,0.270
2014/09/19 11:58:06,2,37.80208,-121.67568,365.486,65.470,0.0,-67,0.967,0.292,0.270
2014/09/19 11:58:11,2,37.80080,-121.67566,369.751,62.869,0.0,-67,1.452,0.458,0.354
2014/09/19 11:58:16,2,37.79956,-121.67588,383.530,62.702,0.0,-67,1.750,0.583,0.435
2014/09/19 11:58:21,2,37.79848,-121.67669,410.761,62.451,0.0,-67,1.410,0.333,0.491
2014/09/19 11:58:26,2,37.79776,-121.67795,442.585,61.218,0.0,-67,0.952,0.250,0.860
2014/09/19 11:58:31,2,37.79743,-121.67943,473.097,61.538,0.0,-67,0.728,0.208,0.883
2014/09/19 11:58:36,2,37.79718,-121.68098,504.593,63.297,0.0,-71,1.467,0.000,0.322
2014/09/19 11:58:41,2,37.79693,-121.68258,537.402,65.195,0.0,-71,1.113,0.417,0.602
2014/09/19 11:58:46,2,37.79668,-121.68418,570.538,61.892,0.0,-71,0.433,0.250,2.602
2014/09/19 11:58:51,2,37.79620,-121.68560,600.394,60.972,0.0,-71,0.926,0.167,0.502
2014/09/19 11:58:56,2,37.79534,-121.68670,631.234,61.351,0.0,-71,1.555,0.458,0.483
2014/09/19 11:59:01,2,37.79429,-121.68748,661.089,59.772,0.0,-71,1.310,0.333,0.802
2014/09/19 11:59:06,2,37.79338,-121.68846,691.929,60.164,0.0,-71,0.000,0.000,0.000
2014/09/19 11:59:11,2,37.79290,-121.68983,721.785,59.883,0.0,-79,0.000,0.083,0.316
2014/09/19 11:59:16,2,37.79282,-121.69132,752.297,57.972,0.0,-79,0.000,0.417,0.437
2014/09/19 11:59:21,2,37.79259,-121.69273,782.480,54.355,0.0,-79,0.003,1.292,0.291
2014/09/19 11:59:26,2,37.79196,-121.69386,810.367,55.029,0.0,-79,0.711,0.000,0.850
2014/09/19 11:59:31,2,37.79101,-121.69460,838.911,56.824,0.0,-79,0.000,0.000,0.000
2014/09/19 11:59:36,2,37.78988,-121.69498,863.845,59.708,0.0,-79,0.000,0.000,0.000
2014/09/19 11:59:41,2,37.78870,-121.69532,885.171,60.056,0.0,-87,0.000,0.000,0.000
2014/09/19 11:59:46,2,37.78752,-121.69567,898.950,60.723,0.0,-87,0.000,0.000,0.000
2014/09/19 11:59:51,2,37.78631,-121.69603,904.528,62.373,0.0,-87,0.006,0.000,0.258
2014/09/19 11:59:56,2,37.78505,-121.69640,903.215,66.724,0.0,-87,1.721,0.000,0.307
2014/09/19 12:00:01,1,37.78372,-121.69679,894.685,67.988,0.0,-87,1.183,0.000,0.279
2014/09/19 12:00:06,1,37.78249,-121.69732,876.640,63.076,0.0,-87,1.853,0.042,0.314
2014/09/19 12:00:11,1,37.78148,-121.69831,853.346,64.791,0.0,-71,1.118,0.542,0.293
2014/09/19 12:00:16,1,37.78076,-121.69972,838.255,67.507,0.0,-71,1.622,0.833,0.297
2014/09/19 12:00:21,1,37.78047,-121.70138,839.239,67.183,0.0,-71,1.917,0.667,0.327
2014/09/19 12:00:26,2,37.78065,-121.70303,855.971,64.897,0.0,-71,2.087,0.458,0.238
2014/09/19 12:00:31,2,37.78108,-121.70455,881.890,63.755,0.0,-71,1.856,0.542,0.487
2014/09/19 12:00:36,2,37.78139,-121.70605,906.824,61.388,0.0,-71,1.881,0.542,0.279
2014/09/19 12:00:41,2,37.78126,-121.70760,930.774,62.250,0.0,-71,1.904,0.583,0.370
2014/09/19 12:00:46,2,37.78068,-121.70898,954.396,61.772,0.0,-71,2.167,0.000,0.369
2014/09/19 12:00:51,2,37.77989,-121.71020,979.003,61.843,0.0,-71,1.943,0.333,0.298
2014/09/19 12:00:56,2,37.77926,-121.71150,999.016,59.087,0.0,-71,1.875,0.542,0.422
2014/09/19 12:01:01,2,37.77887,-121.71294,1010.171,60.751,0.0,-71,1.798,0.958,0.495
2014/09/19 12:01:06,2,37.77851,-121.71441,1016.404,59.621,0.0,-71,1.846,0.792,0.362
2014/09/19 12:01:11,2,37.77796,-121.71598,1020.669,56.879,0.0,-71,1.821,1.042,0.515
2014/09/19 12:01:16,2,37.77714,-121.71705,1024.606,61.260,0.0,-57,1.824,1.042,0.419
2014/09/19 12:01:21,2,37.77616,-121.71811,1028.215,65.890,0.0,-57,1.397,0.375,0.474
2014/09/19 12:01:26,2,37.77513,-121.71922,1032.808,68.402,0.0,-57,1.240,0.208,0.422
2014/09/19 12:01:31,2,37.77408,-121.72034,1038.058,67.552,0.0,-57,1.247,0.333,0.000
2014/09/19 12:01:36,2,37.77305,-121.72144,1043.963,67.755,0.0,-57,0.862,0.000,0.000
2014/09/19 12:01:41,2,37.77203,-121.72254,1040.026,65.788,0.0,-57,1.487,0.292,0.000
2014/09/19 12:01:46,2,37.77109,-121.72355,1027.559,56.959,0.0,-69,1.462,0.000,0.542
2014/09/19 12:01:51,2,37.77025,-121.72444,1009.514,53.771,0.0,-69,1.805,0.000,0.280
2014/09/19 12:01:56,2,37.76947,-121.72527,986.549,47.712,0.0,-69,1.871,0.042,0.414
2014/09/19 12:02:01,2,37.76878,-121.72611,962.927,48.379,0.0,-69,1.725,0.333,0.502
2014/09/19 12:02:06,2,37.76821,-121.72714,939.961,49.027,0.0,-69,1.772,0.833,0.678
2014/09/19 12:02:11,2,37.76786,-121.72828,917.979,48.781,0.0,-69,1.731,0.667,0.549
2014/09/19 12:02:16,2,37.76770,-121.72945,896.325,45.326,0.0,-59,2.057,0.500,0.275
2014/09/19 12:02:21,2,37.76761,-121.73064,878.937,49.678,0.0,-59,1.740,0.667,0.379
2014/09/19 12:02:26,2,37.76744,-121.73190,867.126,50.798,0.0,-59,1.937,0.375,0.579
2014/09/19 12:02:31,2,37.76706,-121.73307,862.861,49.858,0.0,-59,1.859,0.625,0.422
2014/09/19 12:02:36,2,37.76641,-121.73414,864.173,54.785,0.0,-59,1.811,0.000,0.571
2014/09/19 12:02:41,2,37.76554,-121.73499,876.640,55.403,0.0,-59,1.862,0.542,0.250
2014/09/19 12:02:46,2,37.76453,-121.73562,898.294,56.381,0.0,-59,1.837,0.458,0.367
2014/09/19 12:02:51,2,37.76352,-121.73623,923.556,52.916,0.0,-59,1.923,0.375,0.378
2014/09/19 12:02:56,2,37.76249,-121.73657,941.929,54.062,0.0,-59,1.956,0.667,0.654
2014/09/19 12:03:01,2,37.76139,-121.73647,955.052,55.997,0.0,-59,1.670,0.583,0.274
2014/09/19 12:03:06,2,37.76023,-121.73626,960.958,60.038,0.0,-59,1.602,0.583,0.477
2014/09/19 12:03:11,2,37.75902,-121.73604,958.661,62.148,0.0,-59,1.404,0.000,0.489
2014/09/19 12:03:16,2,37.75776,-121.73581,944.882,63.278,0.0,-59,0.000,0.333,1.690
2014/09/19 12:03:21,2,37.75649,-121.73558,920.276,62.370,0.0,-75,0.381,0.083,3.491
2014/09/19 12:03:26,2,37.75531,-121.73530,891.404,58.026,0.0,-75,0.590,0.250,0.930
2014/09/19 12:03:31,2,37.75424,-121.73470,859.908,59.535,0.0,-75,0.833,0.333,1.019
2014/09/19 12:03:36,2,37.75312,-121.73399,826.772,64.358,0.0,-75,1.273,0.542,0.386
2014/09/19 12:03:41,2,37.75194,-121.73325,791.010,65.557,0.0,-75,1.269,1.125,0.334
2014/09/19 12:03:46,2,37.75079,-121.73251,757.546,62.104,0.0,-75,1.346,0.000,0.466
2014/09/19 12:03:51,2,37.74984,-121.73153,725.066,61.258,0.0,-77,1.552,0.000,0.277
2014/09/19 12:03:56,2,37.74913,-121.73028,700.459,59.963,0.0,-77,0.807,0.000,1.315
2014/09/19 12:04:01,2,37.74848,-121.72901,686.024,59.445,0.0,-77,0.529,0.000,1.266
2014/09/19 12:04:06,2,37.74786,-121.72774,671.260,57.737,0.0,-77,0.436,0.000,0.571
2014/09/19 12:04:11,2,37.74731,-121.72653,655.512,52.354,0.0,-77,0.740,0.000,0.544
2014/09/19 12:04:16,2,37.74650,-121.72580,643.373,48.574,0.0,-77,1.157,0.000,0.411
2014/09/19 12:04:21,2,37.74556,-121.72562,634.514,47.685,0.0,-85,1.330,0.042,0.487
2014/09/19 12:04:26,2,37.74465,-121.72544,627.625,45.588,0.0,-85,1.637,0.333,0.298
2014/09/19 12:04:31,2,37.74386,-121.72486,622.375,46.298,0.0,-85,1.613,0.417,0.409
2014/09/19 12:04:36,2,37.74308,-121.72417,614.173,49.584,0.0,-85,1.609,0.375,0.426
2014/09/19 12:04:41,2,37.74216,-121.72354,603.018,53.291,0.0,-85,1.641,0.292,0.483
2014/09/19 12:04:46,2,37.74121,-121.72312,600.722,48.268,0.0,-85,1.721,0.375,0.391
2014/09/19 12:04:51,2,37.74025,-121.72329,595.801,49.541,0.0,-57,1.638,0.000,0.277
2014/09/19 12:04:56,2,37.73939,-121.72390,580.709,47.853,0.0,-57,1.728,0.625,0.382
2014/09/19 12:05:01,2,37.73846,-121.72411,575.787,47.161,0.0,-57,2.000,0.458,0.584
2014/09/19 12:05:06,2,37.73746,-121.72412,571.850,52.908,0.0,-57,1.403,0.417,0.399
2014/09/19 12:05:11,2,37.73635,-121.72414,567.585,56.627,0.0,-57,1.760,0.875,0.346
2014/09/19 12:05:16,2,37.73519,-121.72415,563.976,58.122,0.0,-57,0.445,1.250,0.463
2014/09/19 12:05:21,2,37.73401,-121.72416,562.008,59.157,0.0,-57,0.654,1.083,1.047
2014/09/19 12:05:26,2,37.73284,-121.72416,581.693,56.785,0.0,-61,0.756,0.708,0.335
2014/09/19 12:05:31,2,37.73173,-121.72418,591.864,53.705,0.0,-61,0.640,0.000,3.290
2014/09/19 12:05:36,2,37.73067,-121.72418,570.538,51.963,0.0,-61,0.302,0.417,1.850
2014/09/19 12:05:41,2,37.72964,-121.72420,548.556,51.006,0.0,-61,0.619,0.333,1.887
2014/09/19 12:05:46,2,37.72864,-121.72421,539.042,48.410,0.0,-61,0.702,0.458,0.758
2014/09/19 12:05:51,2,37.72780,-121.72423,537.402,31.657,0.0,-61,0.683,0.292,0.263
2014/09/19 12:05:56,2,37.72732,-121.72425,535.761,18.263,0.0,-71,1.548,0.000,0.486
2014/09/19 12:06:01,2,37.72717,-121.72426,534.777,0.015,0.0,-71,0.908,0.417,0.422
2014/09/19 12:06:06,2,37.72707,-121.72426,533.793,13.340,0.0,-71,1.149,0.458,0.351
2014/09/19 12:06:11,2,37.72665,-121.72427,531.824,26.283,0.0,-71,1.260,0.000,0.244
2014/09/19 12:06:16,2,37.72603,-121.72428,529.528,34.591,0.0,-71,1.544,0.000,0.427
2014/09/19 12:06:21,2,37.72527,-121.72428,529.528,39.314,0.0,-71,1.670,0.000,0.299
2014/09/19 12:06:26,2,37.72448,-121.72428,529.528,39.902,0.0,-71,1.506,0.042,0.469
2014/09/19 12:06:31,2,37.72367,-121.72420,528.543,40.026,0.0,-71,1.186,0.583,0.511
2014/09/19 12:06:36,2,37.72286,-121.72417,528.215,40.062,0.0,-71,0.866,0.208,1.251
2014/09/19 12:06:41,2,37.72205,-121.72418,529.856,41.312,0.0,-71,0.644,0.250,1.449
2014/09/19 12:06:46,2,37.72120,-121.72420,527.887,42.388,0.0,-71,0.599,0.208,1.585
2014/09/19 12:06:51,2,37.72038,-121.72420,526.903,39.515,0.0,-71,0.448,0.000,1.851
2014/09/19 12:06:56,2,37.71959,-121.72421,527.887,37.744,0.0,-71,0.497,0.208,1.045
2014/09/19 12:07:01,2,37.71889,-121.72424,528.215,32.449,0.0,-71,0.330,0.000,0.000
2014/09/19 12:07:06,2,37.71824,-121.72429,528.543,31.504,0.0,-71,0.064,0.000,5.810
2014/09/19 12:07:11,2,37.71769,-121.72430,528.543,20.806,0.0,-71,0.067,0.000,0.000
2014/09/19 12:07:16,2,37.71743,-121.72431,529.528,2.310,0.0,-71,0.109,0.000,7.739
2014/09/19 12:07:21,2,37.71743,-121.72431,529.528,0.004,0.0,-71,0.211,0.000,4.122
2014/09/19 12:07:26,2,37.71743,-121.72431,529.199,0.016,0.0,-71,0.138,0.000,0.000
2014/09/19 12:07:31,2,37.71743,-121.72431,528.871,0.041,0.0,-81,0.183,0.000,2.881
2014/09/19 12:07:36,2,37.71738,-121.72431,528.871,7.146,0.0,-81,0.295,0.000,3.136
2014/09/19 12:07:41,2,37.71711,-121.72431,529.199,19.189,0.0,-81,0.112,0.000,0.000
2014/09/19 12:07:46,2,37.71660,-121.72431,529.528,30.287,0.0,-81,0.183,0.000,5.868
2014/09/19 12:07:51,2,37.71590,-121.72432,529.528,37.058,0.0,-81,0.141,0.000,5.022
2014/09/19 12:07:56,2,37.71514,-121.72432,529.199,38.088,0.0,-81,0.000,0.000,0.000
2014/09/19 12:08:01,2,37.71438,-121.72433,529.199,36.545,0.0,-79,0.186,0.000,4.729
2014/09/19 12:08:06,2,37.71369,-121.72435,530.184,33.305,0.0,-79,0.129,0.000,4.747
2014/09/19 12:08:11,2,37.71305,-121.72438,529.199,30.481,0.0,-79,0.186,0.000,0.000
2014/09/19 12:08:16,2,37.71259,-121.72438,528.871,12.167,0.0,-79,0.176,0.000,0.882
2014/09/19 12:08:21,2,37.71247,-121.72438,529.199,1.607,0.0,-79,0.401,0.042,1.637
2014/09/19 12:08:26,2,37.71246,-121.72438,529.528,0.018,0.0,-79,0.490,0.000,1.103
2014/09/19 12:08:31,2,37.71234,-121.72438,529.528,13.660,0.0,-75,0.375,0.125,0.606
2014/09/19 12:08:36,2,37.71199,-121.72438,529.856,21.335,0.0,-75,0.407,0.000,2.103
2014/09/19 12:08:41,2,37.71144,-121.72440,530.512,31.608,0.0,-75,0.533,0.083,0.890
2014/09/19 12:08:46,2,37.71072,-121.72439,536.417,39.211,0.0,-75,0.513,0.083,0.899
2014/09/19 12:08:51,2,37.70995,-121.72419,549.213,38.432,0.0,-75,0.401,0.167,0.698
2014/09/19 12:08:56,2,37.70923,-121.72394,556.102,35.278,0.0,-75,0.640,0.000,1.626
2014/09/19 12:09:02,2,37.70864,-121.72370,552.493,29.048,0.0,-71,0.683,0.458,0.785
2014/09/19 12:09:07,2,37.70818,-121.72355,544.948,17.312,0.0,-71,0.637,0.167,0.784
2014/09/19 12:09:12,2,37.70805,-121.72350,542.651,0.973,0.0,-71,0.852,0.375,2.189
2014/09/19 12:09:17,2,37.70802,-121.72349,542.323,1.061,0.0,-71,0.580,0.000,0.352
2014/09/19 12:09:22,2,37.70802,-121.72349,542.979,0.157,0.0,-71,0.683,0.250,1.053
2014/09/19 12:09:27,2,37.70801,-121.72349,543.307,0.495,0.0,-71,0.871,0.292,0.802
2014/09/19 12:09:32,2,37.70801,-121.72349,543.635,0.004,0.0,-71,0.795,0.000,0.726
2014/09/19 12:09:37,2,37.70791,-121.72345,542.651,9.444,0.0,-73,0.579,0.167,0.847
2014/09/19 12:09:42,2,37.70787,-121.72312,540.026,17.512,0.0,-73,0.561,0.167,0.849
2014/09/19 12:09:47,2,37.70814,-121.72265,537.730,27.385,0.0,-73,0.302,0.000,4.111
2014/09/19 12:09:52,2,37.70868,-121.72224,538.386,35.065,0.0,-73,0.263,0.083,2.147
2014/09/19 12:09:57,2,37.70933,-121.72173,537.730,41.007,0.0,-73,0.285,0.208,1.745
2014/09/19 12:10:02,2,37.70993,-121.72092,536.417,46.149,0.0,-73,0.487,0.000,2.195
2014/09/19 12:10:07,2,37.71047,-121.71984,537.402,54.703,0.0,-73,0.437,0.167,2.199
2014/09/19 12:10:12,2,37.71105,-121.71858,540.354,59.260,0.0,-73,0.442,0.208,0.809
2014/09/19 12:10:17,2,37.71165,-121.71720,543.963,64.102,0.0,-73,0.917,0.333,0.838
2014/09/19 12:10:22,2,37.71227,-121.71578,548.885,63.974,0.0,-73,0.794,0.250,1.741
2014/09/19 12:10:27,2,37.71287,-121.71436,552.822,63.347,0.0,-73,0.413,0.000,0.824
2014/09/19 12:10:32,2,37.71347,-121.71295,557.743,63.981,0.0,-73,0.683,0.250,0.657
2014/09/19 12:10:37,2,37.71408,-121.71152,562.008,64.147,0.0,-61,0.802,0.333,1.057
2014/09/19 12:10:42,2,37.71470,-121.71011,565.945,63.470,0.0,-61,0.783,0.000,0.786
2014/09/19 12:10:47,2,37.71531,-121.70869,570.210,63.877,0.0,-61,0.736,0.333,1.772
2014/09/19 12:10:52,2,37.71591,-121.70727,574.475,63.971,0.0,-61,0.382,0.167,1.589
2014/09/19 12:10:57,2,37.71645,-121.70579,585.302,64.630,0.0,-61,0.506,0.167,1.038
2014/09/19 12:11:02,2,37.71688,-121.70426,603.018,62.708,0.0,-61,0.532,0.167,1.134
2014/09/19 12:11:07,2,37.71722,-121.70274,619.423,62.600,0.0,-51,0.517,0.000,1.308
2014/09/19 12:11:12,2,37.71753,-121.70123,636.155,61.152,0.0,-51,0.766,0.167,0.490
2014/09/19 12:11:17,2,37.71784,-121.69975,651.247,59.750,0.0,-51,1.920,0.250,0.307
2014/09/19 12:11:22,2,37.71814,-121.69831,667.323,58.430,0.0,-51,1.887,0.625,0.338
2014/09/19 12:11:27,2,37.71843,-121.69687,685.696,58.294,0.0,-51,1.891,0.500,0.554
2014/09/19 12:11:32,2,37.71875,-121.69545,705.381,56.609,0.0,-51,1.869,0.667,0.313
2014/09/19 12:11:37,2,37.71906,-121.69404,721.457,58.933,0.0,-51,1.997,0.583,0.270
2014/09/19 12:11:42,2,37.71935,-121.69264,736.877,54.998,0.0,-57,1.837,0.500,0.383
2014/09/19 12:11:47,2,37.71962,-121.69132,755.577,54.802,0.0,-57,2.000,0.500,0.416
2014/09/19 12:11:52,2,37.71990,-121.68995,770.341,56.111,0.0,-57,1.961,0.750,0.323
2014/09/19 12:11:57,2,37.72018,-121.68859,786.417,56.178,0.0,-57,1.904,0.625,0.445
2014/09/19 12:12:02,2,37.72047,-121.68722,802.493,55.787,0.0,-57,1.965,0.000,0.379
2014/09/19 12:12:07,2,37.72079,-121.68586,818.570,55.377,0.0,-57,1.810,0.000,0.402
2014/09/19 12:12:12,2,37.72113,-121.68455,834.974,53.192,0.0,-75,1.141,0.042,1.035
2014/09/19 12:12:17,2,37.72147,-121.68326,847.113,54.019,0.0,-75,0.000,0.000,0.000
2014/09/19 12:12:22,2,37.72172,-121.68188,850.722,55.452,0.0,-75,0.000,0.125,0.000
2014/09/19 12:12:27,2,37.72177,-121.68046,856.955,56.858,0.0,-75,0.000,0.375,0.281
2014/09/19 12:12:32,2,37.72164,-121.67900,867.126,58.154,0.0,-75,0.003,1.125,0.379
2014/09/19 12:12:37,2,37.72149,-121.67757,877.297,54.479,0.0,-75,0.563,0.000,0.234
2014/09/19 12:12:42,2,37.72132,-121.67618,885.827,56.956,0.0,-113,1.077,0.708,1.246
2014/09/19 12:12:47,2,37.72094,-121.67479,895.341,58.883,0.0,-113,1.129,0.375,0.498
2014/09/19 12:12:52,2,37.72032,-121.67349,905.840,60.608,0.0,-113,0.102,0.000,2.195
2014/09/19 12:12:57,2,37.71952,-121.67232,917.979,58.917,0.0,-113,0.260,0.208,2.634
2014/09/19 12:13:02,2,37.71885,-121.67119,928.150,54.854,0.0,-113,0.301,0.125,2.607
2014/09/19 12:13:07,2,37.71834,-121.66991,938.648,57.399,0.0,-113,0.000,0.333,0.930
2014/09/19 12:13:12,2,37.71799,-121.66846,951.772,61.599,0.0,-55,0.355,0.000,1.818
2014/09/19 12:13:17,2,37.71786,-121.66694,968.504,60.323,0.0,-55,0.197,0.500,0.746
2014/09/19 12:13:22,2,37.71794,-121.66541,982.940,60.618,0.0,-55,0.095,0.542,0.547
2014/09/19 12:13:27,2,37.71826,-121.66388,996.063,64.831,0.0,-55,0.203,0.458,1.443
2014/09/19 12:13:32,2,37.71870,-121.66229,1004.265,67.436,0.0,-55,0.282,0.250,2.182
2014/09/19 12:13:37,2,37.71915,-121.66069,1005.577,65.977,0.0,-55,0.000,0.000,0.000
2014/09/19 12:13:42,2,37.71961,-121.65910,999.344,67.923,0.0,-55,0.000,0.000,3.150
2014/09/19 12:13:47,2,37.72008,-121.65749,983.268,66.287,0.0,-51,0.000,0.000,3.648
2014/09/19 12:13:52,2,37.72054,-121.65602,959.646,58.850,0.0,-51,0.000,0.000,1.331
2014/09/19 12:13:57,2,37.72097,-121.65468,937.008,56.146,0.0,-51,0.000,0.000,0.502
2014/09/19 12:14:02,2,37.72138,-121.65339,916.667,53.864,0.0,-51,0.003,0.000,0.898
2014/09/19 12:14:07,2,37.72178,-121.65212,896.654,55.543,0.0,-51,0.170,0.000,0.000
2014/09/19 12:14:12,2,37.72221,-121.65078,875.656,57.342,0.0,-51,0.195,0.000,3.990
2014/09/19 12:14:17,2,37.72265,-121.64942,854.987,58.990,0.0,-59,0.150,0.000,3.273
2014/09/19 12:14:22,2,37.72309,-121.64803,833.333,59.272,0.0,-59,0.161,0.042,1.850
2014/09/19 12:14:27,2,37.72354,-121.64666,812.008,57.778,0.0,-59,0.303,0.125,1.846
2014/09/19 12:14:32,2,37.72399,-121.64530,793.635,59.550,0.0,-59,0.212,0.000,1.494
2014/09/19 12:14:37,2,37.72445,-121.64388,771.982,61.775,0.0,-59,0.211,0.208,1.946
2014/09/19 12:14:42,2,37.72494,-121.64242,752.625,62.983,0.0,-59,0.209,0.208,2.291
2014/09/19 12:14:47,2,37.72542,-121.64096,745.079,62.233,0.0,-75,0.160,0.000,4.651
2014/09/19 12:14:52,2,37.72588,-121.63953,740.157,60.664,0.0,-75,0.144,0.292,1.711
2014/09/19 12:14:57,2,37.72635,-121.63809,738.189,62.916,0.0,-75,0.194,0.208,2.311
2014/09/19 12:15:02,2,37.72683,-121.63669,732.283,58.213,0.0,-75,0.156,0.167,2.350
2014/09/19 12:15:07,2,37.72748,-121.63544,719.816,59.959,0.0,-75,0.196,0.125,1.334
2014/09/19 12:15:12,2,37.72836,-121.63437,701.115,60.151,0.0,-75,0.155,0.167,2.047
2014/09/19 12:15:17,2,37.72936,-121.63352,676.837,60.168,0.0,-85,0.136,0.292,2.651
2014/09/19 12:15:22,2,37.73038,-121.63268,652.887,60.900,0.0,-85,0.000,0.000,0.000
2014/09/19 12:15:27,2,37.73134,-121.63167,629.921,63.775,0.0,-85,0.127,0.167,3.109
2014/09/19 12:15:32,2,37.73221,-121.63049,618.766,61.945,0.0,-85,0.098,0.167,1.438
2014/09/19 12:15:37,2,37.73286,-121.62931,612.861,53.828,0.0,-85,0.130,0.000,0.000
2014/09/19 12:15:42,2,37.73332,-121.62811,605.971,52.944,0.0,-85,0.000,0.208,0.000
2014/09/19 12:15:47,2,37.73358,-121.62686,599.738,50.948,0.0,-85,0.000,0.000,8.299
2014/09/19 12:15:52,2,37.73367,-121.62561,591.864,48.295,0.0,-67,0.000,0.083,5.903
2014/09/19 12:15:57,2,37.73375,-121.62431,577.428,54.961,0.0,-67,0.000,0.083,0.000
2014/09/19 12:16:02,2,37.73384,-121.62288,558.399,57.334,0.0,-67,0.000,0.000,5.571
2014/09/19 12:16:07,2,37.73395,-121.62138,539.698,60.650,0.0,-67,0.000,0.083,0.000
2014/09/19 12:16:12,2,37.73405,-121.61985,520.013,61.407,0.0,-67,0.000,0.125,4.951
2014/09/19 12:16:17,2,37.73416,-121.61830,498.688,61.738,0.0,-67,0.000,0.000,0.000
2014/09/19 12:16:22,2,37.73427,-121.61679,477.362,58.835,0.0,-65,0.000,0.083,6.351
2014/09/19 12:16:27,2,37.73438,-121.61526,465.551,61.902,0.0,-65,0.000,0.250,1.554
2014/09/19 12:16:32,2,37.73448,-121.61372,458.990,61.281,0.0,-65,0.000,0.292,1.988
2014/09/19 12:16:37,2,37.73464,-121.61218,450.787,61.145,0.0,-65,0.000,0.000,1.509
2014/09/19 12:16:42,2,37.73486,-121.61067,440.945,61.565,0.0,-65,0.000,0.250,0.000
2014/09/19 12:16:47,2,37.73514,-121.60913,433.071,63.513,0.0,-65,0.003,0.167,3.089
2014/09/19 12:16:52,2,37.73551,-121.60760,423.556,62.569,0.0,-69,0.000,0.000,3.091
2014/09/19 12:16:57,2,37.73592,-121.60611,414.698,61.587,0.0,-69,0.019,0.208,2.543
2014/09/19 12:17:02,2,37.73632,-121.60464,418.963,61.664,0.0,-69,0.076,0.167,2.830
2014/09/19 12:17:07,2,37.73672,-121.60323,434.383,55.747,0.0,-69,0.151,0.000,0.000
2014/09/19 12:17:12,2,37.73709,-121.60189,446.850,56.696,0.0,-69,0.100,0.208,7.298
2014/09/19 12:17:17,2,37.73744,-121.60051,454.068,56.574,0.0,-69,0.000,0.000,2.638
2014/09/19 12:17:22,2,37.73776,-121.59907,450.787,61.290,0.0,-63,0.000,0.250,2.163
2014/09/19 12:17:27,2,37.73804,-121.59754,431.430,62.015,0.0,-63,0.000,0.292,1.691
2014/09/19 12:17:32,2,37.73832,-121.59600,406.168,62.478,0.0,-63,0.003,0.000,1.789
2014/09/19 12:17:37,2,37.73861,-121.59445,380.906,63.372,0.0,-63,0.051,0.292,0.000
2014/09/19 12:17:42,2,37.73890,-121.59289,369.751,63.579,0.0,-63,0.183,0.167,2.958
2014/09/19 12:17:47,2,37.73919,-121.59136,365.486,62.092,0.0,-63,0.000,0.000,2.354
2014/09/19 12:17:52,2,37.73950,-121.58980,357.940,63.571,0.0,-63,0.000,0.333,2.155
2014/09/19 12:17:57,2,37.73979,-121.58828,351.706,60.520,0.0,-51,0.000,0.208,2.183
2014/09/19 12:18:02,2,37.74006,-121.58682,345.801,59.331,0.0,-51,0.003,0.167,2.109
2014/09/19 12:18:07,2,37.74033,-121.58540,343.504,57.432,0.0,-51,0.044,0.250,2.291
2014/09/19 12:18:12,2,37.74059,-121.58396,346.457,57.469,0.0,-51,0.198,0.000,2.470
2014/09/19 12:18:17,2,37.74081,-121.58255,354.331,56.897,0.0,-51,0.000,0.208,4.410
2014/09/19 12:18:22,2,37.74101,-121.58112,360.564,57.934,0.0,-51,0.000,0.167,0.000
2014/09/19 12:18:27,2,37.74122,-121.57966,360.236,57.573,0.0,-53,0.000,0.000,0.000
2014/09/19 12:18:32,2,37.74138,-121.57823,354.003,58.490,0.0,-53,0.000,0.000,0.000
2014/09/19 12:18:37,2,37.74150,-121.57676,344.160,56.157,0.0,-53,0.003,0.000,0.389
2014/09/19 12:18:42,2,37.74160,-121.57540,334.318,51.921,0.0,-53,0.253,0.000,0.409
2014/09/19 12:18:47,2,37.74171,-121.57396,323.491,61.527,0.0,-53,0.653,0.083,0.786
2014/09/19 12:18:52,2,37.74183,-121.57230,316.273,68.025,0.0,-53,0.767,0.083,1.182
2014/09/19 12:18:57,2,37.74196,-121.57059,312.336,69.581,0.0,-51,0.750,0.292,1.045
2014/09/19 12:19:02,2,37.74209,-121.56879,309.711,72.966,0.0,-51,1.048,0.417,1.030
2014/09/19 12:19:07,2,37.74224,-121.56694,305.446,72.353,0.0,-51,0.949,0.000,0.509
2014/09/19 12:19:12,2,37.74237,-121.56517,294.948,69.442,0.0,-51,0.980,0.500,1.309
2014/09/19 12:19:17,2,37.74250,-121.56340,279.856,70.489,0.0,-51,0.847,0.208,0.474
2014/09/19 12:19:22,2,37.74263,-121.56165,265.748,67.667,0.0,-51,0.679,0.000,1.180
2014/09/19 12:19:27,2,37.74276,-121.55994,250.656,68.559,0.0,-75,0.461,0.208,0.534
2014/09/19 12:19:32,2,37.74290,-121.55822,235.564,66.776,0.0,-75,0.760,0.375,1.903
2014/09/19 12:19:37,2,37.74302,-121.55651,221.785,68.657,0.0,-75,0.270,0.083,0.000
2014/09/19 12:19:42,2,37.74315,-121.55476,209.974,69.620,0.0,-75,0.147,0.083,6.654
2014/09/19 12:19:47,2,37.74329,-121.55298,198.491,72.389,0.0,-75,0.215,0.167,1.821
2014/09/19 12:19:52,2,37.74341,-121.55114,188.648,72.363,0.0,-75,0.368,0.000,1.709
2014/09/19 12:19:57,2,37.74343,-121.54936,181.102,68.937,0.0,-63,0.437,0.208,0.730
2014/09/19 12:20:02,2,37.74336,-121.54760,171.588,68.889,0.0,-63,0.612,0.208,1.385
2014/09/19 12:20:07,2,37.74327,-121.54582,165.682,71.850,0.0,-63,0.510,0.167,2.117
2014/09/19 12:20:12,2,37.74315,-121.54402,166.010,71.203,0.0,-63,0.552,0.333,2.194
2014/09/19 12:20:17,2,37.74305,-121.54226,166.010,68.339,0.0,-63,1.381,0.000,0.630
2014/09/19 12:20:22,2,37.74293,-121.54048,167.651,74.825,0.0,-63,0.891,0.000,0.561
2014/09/19 12:20:27,2,37.74283,-121.53865,165.026,71.793,0.0,-63,1.475,0.000,0.639
2014/09/19 12:20:32,2,37.74271,-121.53684,161.089,72.138,0.0,-61,1.291,0.000,0.518
2014/09/19 12:20:37,2,37.74259,-121.53510,157.808,65.777,0.0,-61,1.321,0.000,1.043
2014/09/19 12:20:42,2,37.74250,-121.53350,154.199,63.598,0.0,-61,1.971,0.000,0.358
2014/09/19 12:20:47,2,37.74239,-121.53184,149.606,67.363,0.0,-61,1.890,0.000,0.470
2014/09/19 12:20:52,2,37.74228,-121.53011,143.701,68.275,0.0,-61,0.440,0.000,2.114
2014/09/19 12:20:57,2,37.74217,-121.52838,137.467,69.122,0.0,-61,0.483,0.000,2.198
2014/09/19 12:21:02,2,37.74206,-121.52662,131.234,69.838,0.0,-55,1.571,0.000,0.414
2014/09/19 12:21:07,2,37.74195,-121.52492,126.312,66.384,0.0,-55,1.459,0.000,0.446
2014/09/19 12:21:12,2,37.74184,-121.52325,122.047,66.703,0.0,-55,0.952,0.000,0.731
2014/09/19 12:21:17,2,37.74174,-121.52157,118.110,65.475,0.0,-55,0.329,0.000,2.110
2014/09/19 12:21:22,2,37.74164,-121.51997,114.829,61.840,0.0,-55,0.558,0.000,0.910
2014/09/19 12:21:27,2,37.74154,-121.51843,111.220,60.065,0.0,-55,0.783,0.000,0.906
2014/09/19 12:21:32,2,37.74144,-121.51689,107.283,63.292,0.0,-57,0.829,0.000,1.010
2014/09/19 12:21:37,2,37.74134,-121.51526,105.643,65.895,0.0,-57,0.651,0.000,1.407
2014/09/19 12:21:42,2,37.74124,-121.51359,104.003,66.056,0.0,-57,0.437,0.000,2.730
