Date-Time,DOP,Latitude,Longitude,Altitude (ft),Speed (mph),Heading (deg),mod1 SS (dBm),mod1 Down (Mbs),mod1 Up (Mbs),mod1 Ping (Sec)
2014/09/15 12:46:54,1,37.46103,-122.13700,41.995,0.021,0.0,-75,0.529,0.292,0.721
2014/09/15 12:46:59,1,37.46103,-122.13700,41.995,0.008,0.0,-75,0.596,0.208,0.977
2014/09/15 12:47:04,1,37.46103,-122.13701,40.682,0.006,0.0,-75,0.471,0.000,0.854
2014/09/15 12:47:09,1,37.46103,-122.13701,39.698,0.021,0.0,-75,0.538,0.208,1.009
2014/09/15 12:47:14,1,37.46103,-122.13701,38.714,0.025,0.0,-75,0.459,0.625,0.743
2014/09/15 12:47:19,1,37.46103,-122.13702,37.402,0.021,0.0,-75,0.493,0.583,0.733
2014/09/15 12:47:24,1,37.46103,-122.13702,36.745,0.007,0.0,-75,0.677,0.833,1.063
2014/09/15 12:47:29,1,37.46103,-122.13702,37.073,0.016,0.0,-75,0.271,0.708,0.454
2014/09/15 12:47:34,1,37.46102,-122.13702,37.730,0.002,0.0,-75,0.230,0.417,0.893
2014/09/15 12:47:39,1,37.46102,-122.13702,38.386,0.020,0.0,-75,0.257,0.000,1.223
2014/09/15 12:47:44,1,37.46102,-122.13701,39.042,0.008,0.0,-75,0.440,0.500,0.601
2014/09/15 12:47:49,1,37.46103,-122.13701,39.042,0.057,0.0,-75,0.327,0.792,1.054
2014/09/15 12:47:54,1,37.46103,-122.13701,38.714,0.032,0.0,-75,0.442,0.500,1.059
2014/09/15 12:47:59,1,37.46103,-122.13702,36.745,0.059,0.0,-77,0.228,0.500,1.346
2014/09/15 12:48:04,1,37.46103,-122.13703,35.433,1.875,0.0,-77,0.481,0.417,1.305
2014/09/15 12:48:09,2,37.46097,-122.13710,32.808,5.516,0.0,-77,0.282,0.625,2.262
2014/09/15 12:48:14,2,37.46085,-122.13711,31.168,6.128,0.0,-77,0.462,0.000,0.000
2014/09/15 12:48:19,2,37.46079,-122.13706,30.184,3.170,0.0,-77,0.250,0.500,3.694
2014/09/15 12:48:24,2,37.46076,-122.13696,31.496,4.609,0.0,-77,0.263,0.250,1.902
2014/09/15 12:48:29,2,37.46071,-122.13690,33.465,0.415,0.0,-79,0.151,0.000,2.156
2014/09/15 12:48:34,2,37.46068,-122.13694,31.824,5.892,0.0,-79,0.163,0.250,2.342
2014/09/15 12:48:39,2,37.46065,-122.13717,33.793,12.006,0.0,-79,0.176,0.125,3.522
2014/09/15 12:48:44,2,37.46064,-122.13742,34.449,5.202,0.0,-79,0.198,0.292,2.618
2014/09/15 12:48:49,2,37.46064,-122.13744,34.777,0.026,0.0,-79,0.593,0.000,0.738
2014/09/15 12:48:54,2,37.46063,-122.13747,35.105,2.952,0.0,-79,0.606,0.500,0.726
2014/09/15 12:48:59,2,37.46062,-122.13767,33.793,10.588,0.0,-79,0.000,0.375,2.349
2014/09/15 12:49:05,2,37.46063,-122.13792,33.793,9.850,0.0,-79,0.000,0.000,0.000
2014/09/15 12:49:10,2,37.46087,-122.13804,32.480,17.216,0.0,-79,0.000,0.250,9.073
2014/09/15 12:49:15,2,37.46131,-122.13805,31.824,24.020,0.0,-79,0.000,0.000,0.305
2014/09/15 12:49:20,2,37.46169,-122.13806,31.824,11.889,0.0,-79,0.003,0.000,0.823
2014/09/15 12:49:25,2,37.46179,-122.13809,31.824,1.253,0.0,-79,0.464,0.000,1.261
2014/09/15 12:49:30,2,37.46190,-122.13816,31.168,10.643,0.0,-79,0.426,0.000,2.309
2014/09/15 12:49:35,2,37.46211,-122.13818,31.496,12.179,0.0,-79,0.410,0.000,0.269
2014/09/15 12:49:40,2,37.46229,-122.13779,30.512,22.338,0.0,-79,0.340,0.000,1.728
2014/09/15 12:49:45,2,37.46233,-122.13716,30.512,27.797,0.0,-79,0.535,0.000,0.488
2014/09/15 12:49:50,2,37.46236,-122.13645,31.824,26.387,0.0,-79,0.526,0.000,1.518
2014/09/15 12:49:55,2,37.46238,-122.13600,31.496,8.426,0.0,-79,0.281,0.042,0.695
2014/09/15 12:50:00,2,37.46240,-122.13588,31.824,10.674,0.0,-79,0.307,0.000,0.475
2014/09/15 12:50:05,2,37.46248,-122.13545,31.824,21.261,0.0,-85,0.127,0.417,3.043
2014/09/15 12:50:10,2,37.46250,-122.13495,33.465,15.085,0.0,-85,0.083,0.500,2.886
2014/09/15 12:50:15,2,37.46253,-122.13476,31.824,9.954,0.0,-85,0.197,0.458,1.047
2014/09/15 12:50:20,2,37.46282,-122.13471,31.168,19.950,0.0,-85,0.268,0.000,1.346
2014/09/15 12:50:25,2,37.46328,-122.13472,31.824,24.455,0.0,-85,0.305,0.583,1.157
2014/09/15 12:50:30,2,37.46378,-122.13473,32.152,24.720,0.0,-85,0.501,0.542,0.893
2014/09/15 12:50:35,2,37.46431,-122.13474,33.136,26.683,0.0,-69,0.551,1.042,1.443
2014/09/15 12:50:40,2,37.46482,-122.13475,32.152,24.519,0.0,-69,0.000,0.625,1.002
2014/09/15 12:50:45,2,37.46532,-122.13476,30.184,26.153,0.0,-69,0.597,0.458,1.691
2014/09/15 12:50:50,2,37.46586,-122.13478,27.887,26.322,0.0,-69,0.510,0.625,0.599
2014/09/15 12:50:55,2,37.46637,-122.13480,26.247,24.107,0.0,-69,0.663,0.667,0.441
2014/09/15 12:51:00,2,37.46675,-122.13481,30.840,12.466,0.0,-69,0.463,0.958,0.800
2014/09/15 12:51:05,2,37.46696,-122.13482,28.215,14.318,0.0,-75,0.367,0.625,0.524
2014/09/15 12:51:10,2,37.46733,-122.13484,25.919,20.992,0.0,-75,0.349,0.708,0.507
2014/09/15 12:51:15,2,37.46778,-122.13485,25.919,23.261,0.0,-75,0.619,1.083,0.674
2014/09/15 12:51:20,2,37.46825,-122.13487,22.638,21.291,0.0,-75,0.540,0.000,0.514
2014/09/15 12:51:25,2,37.46846,-122.13487,20.669,0.121,0.0,-75,0.643,0.000,0.470
2014/09/15 12:51:30,2,37.46845,-122.13488,20.997,0.026,0.0,-75,1.096,0.042,0.239
2014/09/15 12:51:35,2,37.46850,-122.13488,20.341,7.913,0.0,-65,1.099,0.875,0.431
2014/09/15 12:51:40,2,37.46878,-122.13489,20.013,17.512,0.0,-65,1.102,0.000,0.468
2014/09/15 12:51:45,2,37.46920,-122.13490,19.685,23.348,0.0,-65,0.661,0.542,0.474
2014/09/15 12:51:50,2,37.46972,-122.13491,20.997,27.521,0.0,-65,0.738,1.125,0.286
2014/09/15 12:51:55,2,37.47029,-122.13493,20.669,26.525,0.0,-65,0.651,1.042,0.451
2014/09/15 12:52:00,2,37.47078,-122.13494,20.669,20.819,0.0,-65,0.996,1.292,0.450
2014/09/15 12:52:05,2,37.47117,-122.13496,20.341,20.250,0.0,-65,0.696,0.958,0.295
2014/09/15 12:52:10,2,37.47154,-122.13502,21.982,12.843,0.0,-61,0.693,1.250,0.806
2014/09/15 12:52:15,2,37.47161,-122.13504,25.919,4.457,0.0,-61,0.792,0.667,0.278
2014/09/15 12:52:20,2,37.47174,-122.13512,27.559,11.410,0.0,-61,0.696,0.750,0.777
2014/09/15 12:52:25,2,37.47179,-122.13550,26.903,17.914,0.0,-61,0.422,0.750,0.620
2014/09/15 12:52:30,2,37.47178,-122.13598,29.856,20.162,0.0,-61,0.481,0.708,0.490
2014/09/15 12:52:35,2,37.47177,-122.13655,30.184,23.890,0.0,-61,0.670,0.000,0.650
2014/09/15 12:52:40,2,37.47177,-122.13714,32.152,24.061,0.0,-51,0.597,0.000,0.250
2014/09/15 12:52:45,2,37.47178,-122.13778,34.449,25.493,0.0,-51,0.865,0.000,0.667
2014/09/15 12:52:50,2,37.47179,-122.13843,35.105,25.693,0.0,-51,0.712,0.042,0.302
2014/09/15 12:52:55,2,37.47179,-122.13901,35.433,19.287,0.0,-51,0.636,0.250,0.486
2014/09/15 12:53:00,2,37.47179,-122.13927,35.105,2.391,0.0,-51,0.590,1.208,0.443
2014/09/15 12:53:05,2,37.47184,-122.13937,34.121,9.782,0.0,-51,0.359,1.000,0.282
2014/09/15 12:53:10,2,37.47218,-122.13941,29.199,22.440,0.0,-65,0.559,1.250,0.750
2014/09/15 12:53:15,2,37.47272,-122.13944,23.294,29.106,0.0,-65,0.648,0.792,0.494
2014/09/15 12:53:20,2,37.47332,-122.13945,23.622,30.228,0.0,-65,0.743,0.917,0.470
2014/09/15 12:53:25,2,37.47394,-122.13948,24.606,30.994,0.0,-65,0.765,1.000,0.288
2014/09/15 12:53:30,2,37.47457,-122.13952,32.480,32.339,0.0,-65,0.592,1.083,0.382
2014/09/15 12:53:35,2,37.47525,-122.13953,23.622,33.109,0.0,-65,0.438,0.667,0.737
2014/09/15 12:53:40,2,37.47594,-122.13954,19.029,34.555,0.0,-63,0.715,0.875,0.546
2014/09/15 12:53:45,2,37.47667,-122.13956,17.060,37.336,0.0,-63,0.771,1.167,0.389
2014/09/15 12:53:50,2,37.47743,-122.13958,14.764,37.923,0.0,-63,0.838,0.000,0.283
2014/09/15 12:53:55,2,37.47819,-122.13961,14.764,37.799,0.0,-63,1.282,0.000,0.255
2014/09/15 12:54:00,2,37.47895,-122.13963,13.123,37.957,0.0,-63,0.762,0.042,0.470
2014/09/15 12:54:05,2,37.47971,-122.13966,13.123,37.626,0.0,-63,0.313,0.750,1.021
2014/09/15 12:54:10,2,37.48050,-122.13968,13.123,39.010,0.0,-63,0.409,0.750,1.451
2014/09/15 12:54:15,2,37.48125,-122.13973,13.123,34.431,0.0,-69,0.537,0.750,0.727
2014/09/15 12:54:20,2,37.48192,-122.13989,13.123,33.596,0.0,-69,0.408,0.667,1.067
2014/09/15 12:54:25,2,37.48261,-122.14017,10.827,37.834,0.0,-69,0.241,0.708,1.125
2014/09/15 12:54:30,2,37.48331,-122.14045,9.186,36.091,0.0,-69,0.611,0.500,0.294
2014/09/15 12:54:35,2,37.48396,-122.14076,8.202,31.726,0.0,-69,1.053,0.917,0.594
2014/09/15 12:54:40,2,37.48455,-122.14107,8.858,31.394,0.0,-69,0.314,0.708,1.082
2014/09/15 12:54:45,2,37.48512,-122.14136,8.858,30.509,0.0,-69,0.217,0.542,0.942
2014/09/15 12:54:50,2,37.48564,-122.14165,7.874,26.208,0.0,-69,0.371,0.750,0.438
2014/09/15 12:54:55,2,37.48600,-122.14201,7.218,21.273,0.0,-69,0.677,1.208,0.374
2014/09/15 12:55:00,2,37.48624,-122.14232,6.562,9.378,0.0,-69,0.508,1.167,0.362
2014/09/15 12:55:05,2,37.48626,-122.14234,6.562,0.005,0.0,-69,0.425,0.708,0.779
2014/09/15 12:55:10,2,37.48628,-122.14237,7.218,7.556,0.0,-69,0.542,0.000,1.026
2014/09/15 12:55:15,2,37.48639,-122.14267,8.858,16.719,0.0,-63,0.468,0.000,2.351
2014/09/15 12:55:20,2,37.48612,-122.14312,7.546,27.940,0.0,-63,0.894,0.000,0.318
2014/09/15 12:55:25,2,37.48564,-122.14366,3.937,34.930,0.0,-63,1.003,0.042,0.403
2014/09/15 12:55:30,2,37.48509,-122.14428,2.297,37.770,0.0,-63,0.871,0.750,0.341
2014/09/15 12:55:35,2,37.48451,-122.14493,0.984,38.657,0.0,-63,0.535,1.042,0.362
2014/09/15 12:55:40,2,37.48394,-122.14559,0.656,39.132,0.0,-63,0.660,1.167,0.302
2014/09/15 12:55:45,2,37.48338,-122.14634,0.328,41.085,0.0,-65,0.292,0.000,0.630
2014/09/15 12:55:50,2,37.48291,-122.14719,0.000,41.519,0.0,-65,0.127,0.375,2.658
2014/09/15 12:55:55,2,37.48255,-122.14811,0.000,39.160,0.0,-65,0.000,0.000,3.343
2014/09/15 12:56:00,2,37.48233,-122.14902,-0.328,36.972,0.0,-65,0.000,0.083,0.000
2014/09/15 12:56:05,2,37.48220,-122.14994,2.953,37.387,0.0,-65,0.000,0.000,0.000
2014/09/15 12:56:10,2,37.48215,-122.15091,4.921,40.474,0.0,-65,0.000,0.083,0.000
2014/09/15 12:56:15,2,37.48213,-122.15200,4.921,44.252,0.0,-65,0.000,0.000,0.000
2014/09/15 12:56:20,2,37.48211,-122.15317,5.249,47.523,0.0,-77,0.000,0.000,0.000
2014/09/15 12:56:25,2,37.48210,-122.15439,5.249,48.088,0.0,-77,0.003,0.208,0.291
2014/09/15 12:56:30,2,37.48209,-122.15560,5.577,48.387,0.0,-77,0.310,0.625,0.815
2014/09/15 12:56:35,2,37.48208,-122.15684,5.249,49.945,0.0,-77,0.346,0.292,1.750
2014/09/15 12:56:40,2,37.48208,-122.15811,6.234,50.341,0.0,-77,0.356,0.000,2.194
2014/09/15 12:56:45,2,37.48217,-122.15938,7.218,51.352,0.0,-77,0.580,0.250,1.251
2014/09/15 12:56:50,2,37.48236,-122.16093,7.546,52.198,0.0,-61,0.679,0.333,1.161
2014/09/15 12:56:55,2,37.48252,-122.16223,7.874,51.518,0.0,-61,0.000,0.375,1.009
2014/09/15 12:57:00,2,37.48268,-122.16350,8.858,51.094,0.0,-61,0.541,0.500,0.735
2014/09/15 12:57:05,2,37.48284,-122.16477,9.514,50.419,0.0,-61,0.520,0.000,0.706
2014/09/15 12:57:10,2,37.48299,-122.16588,12.139,37.541,0.0,-61,0.440,0.750,0.393
2014/09/15 12:57:15,2,37.48313,-122.16650,14.764,16.322,0.0,-61,0.400,0.292,1.851
2014/09/15 12:57:20,2,37.48318,-122.16670,15.092,3.763,0.0,-71,0.175,0.292,1.006
2014/09/15 12:57:25,2,37.48323,-122.16689,17.060,15.849,0.0,-71,0.308,0.458,2.355
2014/09/15 12:57:30,2,37.48339,-122.16743,16.732,27.819,0.0,-71,0.272,0.500,0.578
2014/09/15 12:57:35,2,37.48365,-122.16815,16.076,34.150,0.0,-71,0.333,1.208,0.478
2014/09/15 12:57:40,2,37.48397,-122.16900,15.748,38.976,0.0,-71,0.396,0.000,0.839
2014/09/15 12:57:45,2,37.48430,-122.16994,15.748,42.159,0.0,-71,0.286,0.375,0.582
2014/09/15 12:57:50,2,37.48464,-122.17097,15.092,45.166,0.0,-67,0.487,0.000,0.580
2014/09/15 12:57:55,2,37.48493,-122.17201,15.092,40.779,0.0,-67,0.000,0.000,3.750
2014/09/15 12:58:00,2,37.48515,-122.17289,16.076,31.987,0.0,-67,0.000,0.000,0.239
2014/09/15 12:58:05,2,37.48526,-122.17337,16.732,12.688,0.0,-67,0.003,0.042,0.491
2014/09/15 12:58:10,2,37.48532,-122.17361,16.404,10.781,0.0,-67,0.203,0.917,0.704
2014/09/15 12:58:15,2,37.48542,-122.17405,15.420,24.002,0.0,-67,0.205,0.542,0.450
2014/09/15 12:58:20,2,37.48557,-122.17474,14.436,31.479,0.0,-67,0.211,0.375,1.794
2014/09/15 12:58:25,2,37.48573,-122.17559,13.451,35.722,0.0,-69,0.216,0.458,0.770
2014/09/15 12:58:30,2,37.48593,-122.17647,12.795,35.744,0.0,-69,0.434,0.750,0.842
2014/09/15 12:58:35,2,37.48610,-122.17727,12.139,31.974,0.0,-69,0.263,0.583,0.567
2014/09/15 12:58:40,2,37.48628,-122.17808,11.155,32.525,0.0,-69,0.280,0.000,0.810
2014/09/15 12:58:45,2,37.48641,-122.17871,10.827,22.067,0.0,-69,0.140,0.500,0.863
2014/09/15 12:58:50,2,37.48628,-122.17912,9.186,21.637,0.0,-69,0.070,0.417,1.699
2014/09/15 12:58:55,2,37.48575,-122.17939,8.530,32.161,0.0,-69,0.102,0.000,1.419
2014/09/15 12:59:00,2,37.48515,-122.17975,11.811,32.468,0.0,-69,0.098,0.417,1.901
2014/09/15 12:59:05,2,37.48470,-122.18035,15.092,34.939,0.0,-69,0.168,0.333,1.538
2014/09/15 12:59:10,2,37.48436,-122.18122,13.780,40.151,0.0,-69,0.305,0.417,1.142
2014/09/15 12:59:15,2,37.48418,-122.18221,17.717,40.487,0.0,-69,0.677,0.500,0.475
2014/09/15 12:59:20,2,37.48439,-122.18327,20.341,46.835,0.0,-69,0.737,0.667,0.482
2014/09/15 12:59:25,2,37.48470,-122.18448,19.685,53.071,0.0,-65,0.584,0.708,0.426
2014/09/15 12:59:30,2,37.48499,-122.18582,19.357,56.772,0.0,-65,0.439,0.375,0.398
2014/09/15 12:59:35,2,37.48528,-122.18724,18.045,58.389,0.0,-65,0.092,0.000,0.601
2014/09/15 12:59:40,2,37.48552,-122.18871,17.060,60.364,0.0,-65,0.270,0.333,0.642
2014/09/15 12:59:45,2,37.48572,-122.19028,15.420,66.793,0.0,-65,0.489,0.708,1.491
2014/09/15 12:59:50,2,37.48594,-122.19203,14.436,72.913,0.0,-65,0.361,0.458,0.406
2014/09/15 12:59:55,2,37.48616,-122.19380,13.780,67.927,0.0,-63,0.285,0.583,0.591
2014/09/15 13:00:00,2,37.48637,-122.19552,16.076,69.864,0.0,-63,0.000,0.000,1.406
2014/09/15 13:00:05,2,37.48659,-122.19725,16.076,68.918,0.0,-63,0.213,0.000,1.078
2014/09/15 13:00:10,2,37.48680,-122.19898,16.076,69.639,0.0,-63,0.190,0.000,0.615
2014/09/15 13:00:15,2,37.48698,-122.20065,16.076,64.869,0.0,-63,0.363,0.000,1.898
2014/09/15 13:00:20,2,37.48718,-122.20224,15.748,62.329,0.0,-63,0.452,0.000,0.855
2014/09/15 13:00:25,2,37.48736,-122.20376,15.420,60.919,0.0,-63,0.400,0.042,0.403
2014/09/15 13:00:30,2,37.48755,-122.20530,15.420,61.691,0.0,-65,0.856,0.875,0.534
2014/09/15 13:00:35,2,37.48775,-122.20682,15.748,61.118,0.0,-65,0.987,0.708,0.319
2014/09/15 13:00:40,2,37.48798,-122.20835,14.108,61.732,0.0,-65,0.650,0.000,0.430
2014/09/15 13:00:45,2,37.48828,-122.20988,9.843,62.066,0.0,-65,0.550,0.583,0.571
2014/09/15 13:00:50,2,37.48863,-122.21138,18.373,61.347,0.0,-65,0.604,0.625,0.362
2014/09/15 13:00:55,2,37.48903,-122.21283,30.512,62.296,0.0,-65,0.361,0.708,0.340
2014/09/15 13:01:00,2,37.48952,-122.21435,33.136,66.274,0.0,-51,0.451,0.333,0.742
2014/09/15 13:01:05,2,37.49010,-122.21588,24.606,68.186,0.0,-51,0.265,0.583,0.547
2014/09/15 13:01:10,2,37.49075,-122.21741,11.155,68.001,0.0,-51,0.406,1.000,0.551
2014/09/15 13:01:15,2,37.49140,-122.21888,10.499,66.216,0.0,-51,0.685,0.875,0.455
2014/09/15 13:01:20,2,37.49205,-122.22034,9.514,65.824,0.0,-51,1.104,0.917,0.346
2014/09/15 13:01:25,2,37.49270,-122.22181,8.202,67.356,0.0,-51,0.698,0.792,0.987
2014/09/15 13:01:30,2,37.49336,-122.22329,8.858,67.099,0.0,-65,0.452,0.000,1.018
2014/09/15 13:01:35,2,37.49396,-122.22479,11.811,66.126,0.0,-65,0.657,0.542,0.712
2014/09/15 13:01:40,2,37.49448,-122.22631,13.123,65.776,0.0,-65,0.904,0.625,0.586
2014/09/15 13:01:45,2,37.49493,-122.22782,12.139,63.411,0.0,-65,0.968,0.750,0.332
2014/09/15 13:01:50,2,37.49536,-122.22931,10.499,62.613,0.0,-65,1.410,0.000,0.262
2014/09/15 13:01:55,2,37.49577,-122.23079,10.827,61.790,0.0,-65,0.933,0.000,0.737
2014/09/15 13:02:00,2,37.49619,-122.23223,11.811,58.754,0.0,-51,1.541,0.042,0.878
2014/09/15 13:02:05,2,37.49658,-122.23363,9.843,58.176,0.0,-51,0.733,0.375,0.594
2014/09/15 13:02:10,2,37.49698,-122.23500,9.186,57.946,0.0,-51,0.904,0.958,0.618
2014/09/15 13:02:15,2,37.49749,-122.23636,7.546,60.113,0.0,-51,0.470,0.667,0.562
2014/09/15 13:02:20,2,37.49814,-122.23768,7.874,61.937,0.0,-51,0.306,0.250,3.438
2014/09/15 13:02:25,2,37.49894,-122.23892,6.562,64.090,0.0,-51,0.177,0.000,2.446
2014/09/15 13:02:30,2,37.49987,-122.24005,6.562,65.163,0.0,-51,0.073,0.250,4.535
2014/09/15 13:02:35,2,37.50084,-122.24114,7.546,63.421,0.0,-69,0.000,0.167,0.000
2014/09/15 13:02:40,2,37.50177,-122.24219,8.530,61.932,0.0,-69,0.000,0.000,1.649
2014/09/15 13:02:45,2,37.50269,-122.24323,8.858,61.954,0.0,-69,0.000,0.792,0.471
2014/09/15 13:02:50,2,37.50362,-122.24428,8.202,62.810,0.0,-69,0.000,0.875,0.610
2014/09/15 13:02:55,2,37.50459,-122.24538,9.843,66.636,0.0,-69,0.003,1.083,0.382
2014/09/15 13:03:00,2,37.50558,-122.24651,10.499,66.708,0.0,-69,0.394,0.000,0.000
2014/09/15 13:03:05,2,37.50658,-122.24763,10.499,65.690,0.0,-63,0.179,0.250,3.539
2014/09/15 13:03:10,2,37.50755,-122.24873,11.483,65.664,0.0,-63,0.590,0.250,2.950
2014/09/15 13:03:15,2,37.50852,-122.24982,11.155,63.492,0.0,-63,0.417,0.000,3.507
2014/09/15 13:03:20,2,37.50947,-122.25090,12.795,64.878,0.0,-63,0.247,0.125,0.634
2014/09/15 13:03:25,2,37.51044,-122.25200,13.123,65.177,0.0,-63,0.740,0.458,1.941
2014/09/15 13:03:30,2,37.51141,-122.25310,11.811,64.284,0.0,-63,0.388,0.000,2.046
2014/09/15 13:03:35,2,37.51237,-122.25420,11.155,64.669,0.0,-59,0.349,0.125,0.000
2014/09/15 13:03:40,2,37.51334,-122.25530,11.811,64.990,0.0,-59,0.632,0.125,0.000
2014/09/15 13:03:45,2,37.51430,-122.25638,12.139,63.329,0.0,-59,0.981,0.250,1.283
2014/09/15 13:03:50,2,37.51522,-122.25742,8.202,60.616,0.0,-59,0.695,0.000,1.547
2014/09/15 13:03:55,2,37.51612,-122.25845,7.218,60.780,0.0,-59,0.417,0.000,2.450
2014/09/15 13:04:00,2,37.51704,-122.25948,6.234,61.378,0.0,-59,0.186,0.000,0.000
2014/09/15 13:04:05,2,37.51794,-122.26050,5.906,59.699,0.0,-113,0.247,0.000,3.591
2014/09/15 13:04:10,2,37.51883,-122.26151,5.906,59.710,0.0,-113,0.279,0.000,0.494
2014/09/15 13:04:15,2,37.51972,-122.26252,6.562,60.253,0.0,-113,0.644,0.000,2.007
2014/09/15 13:04:20,2,37.52063,-122.26354,6.890,60.336,0.0,-113,0.283,0.000,1.382
2014/09/15 13:04:25,2,37.52154,-122.26457,8.530,61.986,0.0,-113,0.529,0.000,2.426
2014/09/15 13:04:30,2,37.52247,-122.26563,8.858,61.845,0.0,-113,0.288,0.000,0.000
2014/09/15 13:04:35,2,37.52340,-122.26668,8.202,63.266,0.0,-113,0.110,0.000,5.239
2014/09/15 13:04:40,2,37.52437,-122.26776,7.546,65.138,0.0,-65,0.189,0.000,2.451
2014/09/15 13:04:45,2,37.52534,-122.26885,8.202,64.087,0.0,-65,0.654,0.042,0.686
2014/09/15 13:04:50,2,37.52630,-122.26992,8.202,63.412,0.0,-65,0.760,0.125,0.359
2014/09/15 13:04:55,2,37.52725,-122.27100,9.843,64.300,0.0,-65,0.000,0.208,2.023
2014/09/15 13:05:00,2,37.52823,-122.27211,9.186,64.996,0.0,-65,0.000,1.083,0.401
2014/09/15 13:05:05,2,37.52921,-122.27322,9.186,64.753,0.0,-65,0.000,1.458,0.358
2014/09/15 13:05:10,2,37.53017,-122.27430,8.858,64.602,0.0,-63,0.003,1.000,0.302
2014/09/15 13:05:16,2,37.53117,-122.27534,9.514,64.306,0.0,-63,0.583,0.292,0.681
2014/09/15 13:05:21,2,37.53222,-122.27633,9.843,65.555,0.0,-63,1.195,0.000,0.378
2014/09/15 13:05:26,2,37.53331,-122.27733,9.186,66.794,0.0,-63,1.000,0.208,0.695
2014/09/15 13:05:31,2,37.53438,-122.27833,8.530,65.785,0.0,-63,1.302,0.000,1.830
2014/09/15 13:05:36,2,37.53542,-122.27930,7.218,62.421,0.0,-63,0.503,0.500,0.939
2014/09/15 13:05:41,2,37.53640,-122.28020,7.546,59.292,0.0,-67,0.910,0.250,0.679
2014/09/15 13:05:46,2,37.53736,-122.28109,7.546,59.692,0.0,-67,1.106,0.083,3.198
2014/09/15 13:05:51,2,37.53833,-122.28199,6.890,61.526,0.0,-67,0.000,0.417,0.788
2014/09/15 13:05:56,2,37.53936,-122.28296,7.874,65.618,0.0,-67,0.000,0.000,0.413
2014/09/15 13:06:01,2,37.54045,-122.28396,7.546,68.146,0.0,-67,0.000,0.625,0.397
2014/09/15 13:06:06,2,37.54157,-122.28501,8.530,70.205,0.0,-67,0.003,0.708,0.703
2014/09/15 13:06:11,2,37.54267,-122.28604,8.858,66.561,0.0,-69,0.089,0.000,3.018
2014/09/15 13:06:16,2,37.54372,-122.28702,8.858,65.011,0.0,-69,0.212,0.417,2.366
2014/09/15 13:06:21,2,37.54475,-122.28800,9.514,62.579,0.0,-69,0.436,0.417,1.853
2014/09/15 13:06:26,2,37.54575,-122.28893,9.186,61.416,0.0,-69,0.462,0.000,2.871
2014/09/15 13:06:31,2,37.54675,-122.28986,7.874,62.167,0.0,-69,0.179,0.125,0.000
2014/09/15 13:06:36,2,37.54775,-122.29080,8.202,62.290,0.0,-69,0.141,0.000,5.130
2014/09/15 13:06:41,2,37.54878,-122.29174,6.890,63.828,0.0,-69,0.217,0.125,2.459
2014/09/15 13:06:46,2,37.54981,-122.29269,6.562,63.121,0.0,-55,0.347,0.125,3.031
2014/09/15 13:06:51,2,37.55083,-122.29364,7.546,63.158,0.0,-55,0.423,0.208,1.173
2014/09/15 13:06:56,2,37.55186,-122.29459,6.890,64.123,0.0,-55,1.090,0.542,0.246
2014/09/15 13:07:01,2,37.55289,-122.29555,1.312,63.121,0.0,-55,1.189,0.333,1.599
2014/09/15 13:07:06,2,37.55390,-122.29653,-1.640,63.233,0.0,-55,0.337,0.000,0.944
2014/09/15 13:07:11,2,37.55492,-122.29749,8.202,63.666,0.0,-55,0.388,0.208,1.635
2014/09/15 13:07:16,2,37.55596,-122.29846,8.530,64.814,0.0,-53,1.157,0.458,0.491
2014/09/15 13:07:21,2,37.55701,-122.29944,8.202,65.342,0.0,-53,0.810,0.000,0.363
2014/09/15 13:07:26,2,37.55805,-122.30038,7.218,63.445,0.0,-53,1.487,0.042,0.362
2014/09/15 13:07:31,2,37.55911,-122.30134,5.577,66.813,0.0,-53,2.033,0.417,0.467
2014/09/15 13:07:36,2,37.56021,-122.30238,5.577,68.716,0.0,-53,1.583,0.500,0.662
2014/09/15 13:07:41,2,37.56126,-122.30348,6.890,67.648,0.0,-53,1.102,0.333,0.259
2014/09/15 13:07:46,2,37.56227,-122.30457,8.858,65.091,0.0,-55,1.398,0.458,0.446
2014/09/15 13:07:51,2,37.56326,-122.30564,9.514,64.940,0.0,-55,1.025,0.292,0.510
2014/09/15 13:07:56,2,37.56425,-122.30671,10.499,64.669,0.0,-55,0.804,0.000,0.475
2014/09/15 13:08:01,2,37.56524,-122.30779,11.811,65.784,0.0,-55,1.017,0.333,0.506
2014/09/15 13:08:06,2,37.56624,-122.30888,12.795,65.300,0.0,-55,1.192,0.375,0.671
2014/09/15 13:08:11,2,37.56723,-122.30995,13.451,64.249,0.0,-55,1.211,0.000,2.575
2014/09/15 13:08:16,2,37.56821,-122.31102,15.748,65.185,0.0,-61,0.413,0.792,1.545
2014/09/15 13:08:21,2,37.56921,-122.31210,17.388,66.136,0.0,-61,0.372,0.208,1.512
2014/09/15 13:08:26,2,37.57020,-122.31318,17.388,63.248,0.0,-61,0.445,0.000,1.570
2014/09/15 13:08:31,2,37.57115,-122.31422,19.029,63.088,0.0,-61,0.346,0.208,0.862
2014/09/15 13:08:36,2,37.57211,-122.31525,21.982,63.375,0.0,-61,0.437,0.292,1.275
2014/09/15 13:08:41,2,37.57308,-122.31632,21.982,64.079,0.0,-61,0.230,0.125,4.807
2014/09/15 13:08:46,2,37.57406,-122.31737,21.325,64.719,0.0,-61,0.218,0.000,0.000
2014/09/15 13:08:51,2,37.57503,-122.31843,18.045,63.767,0.0,-65,0.266,0.208,2.597
2014/09/15 13:08:56,2,37.57601,-122.31951,16.076,66.856,0.0,-65,0.446,0.250,2.183
2014/09/15 13:09:01,2,37.57702,-122.32061,14.436,63.710,0.0,-65,0.256,0.000,3.278
2014/09/15 13:09:06,2,37.57801,-122.32168,13.780,66.165,0.0,-65,0.263,0.083,1.574
2014/09/15 13:09:11,2,37.57904,-122.32278,13.780,67.791,0.0,-65,0.205,0.083,3.942
2014/09/15 13:09:16,2,37.58006,-122.32389,15.420,66.301,0.0,-65,0.478,0.000,0.755
2014/09/15 13:09:21,2,37.58107,-122.32499,14.108,67.137,0.0,-59,0.602,0.208,1.046
2014/09/15 13:09:26,2,37.58210,-122.32611,15.748,68.126,0.0,-59,0.801,0.375,0.774
2014/09/15 13:09:31,2,37.58315,-122.32724,19.685,69.346,0.0,-59,1.029,0.333,0.469
2014/09/15 13:09:36,2,37.58420,-122.32839,20.669,68.924,0.0,-59,0.552,0.417,1.523
2014/09/15 13:09:41,2,37.58522,-122.32954,20.013,67.916,0.0,-59,0.583,0.208,0.606
2014/09/15 13:09:46,2,37.58605,-122.33091,15.748,68.217,0.0,-59,1.186,0.000,0.682
2014/09/15 13:09:51,2,37.58658,-122.33250,15.092,68.836,0.0,-53,1.792,0.417,0.305
2014/09/15 13:09:56,2,37.58678,-122.33420,15.092,66.731,0.0,-53,1.667,0.375,0.591
2014/09/15 13:10:01,2,37.58683,-122.33588,15.092,67.097,0.0,-53,1.246,0.583,0.373
2014/09/15 13:10:06,2,37.58687,-122.33759,16.404,68.233,0.0,-53,1.004,0.208,0.625
2014/09/15 13:10:11,2,37.58691,-122.33932,16.404,68.402,0.0,-53,0.939,0.000,0.291
2014/09/15 13:10:16,2,37.58695,-122.34105,16.732,68.439,0.0,-53,0.464,0.292,1.402
2014/09/15 13:10:21,2,37.58700,-122.34277,18.701,67.756,0.0,-77,0.363,0.083,1.853
2014/09/15 13:10:26,2,37.58704,-122.34444,20.997,65.269,0.0,-77,0.208,0.000,0.990
2014/09/15 13:10:31,2,37.58708,-122.34605,20.997,60.710,0.0,-77,0.090,0.000,6.086
2014/09/15 13:10:36,2,37.58712,-122.34759,18.701,62.842,0.0,-77,0.000,0.125,0.402
2014/09/15 13:10:41,2,37.58716,-122.34922,17.060,64.966,0.0,-77,0.000,0.792,0.330
2014/09/15 13:10:46,2,37.58720,-122.35086,16.076,65.193,0.0,-77,0.003,0.000,0.256
2014/09/15 13:10:51,2,37.58724,-122.35249,16.076,64.393,0.0,-69,0.467,0.000,1.517
2014/09/15 13:10:56,2,37.58736,-122.35412,16.404,65.638,0.0,-69,0.744,0.000,0.555
2014/09/15 13:11:01,2,37.58765,-122.35574,17.060,65.494,0.0,-69,0.000,0.000,1.939
2014/09/15 13:11:06,2,37.58809,-122.35730,16.404,65.155,0.0,-69,0.000,0.042,2.761
2014/09/15 13:11:11,2,37.58867,-122.35871,17.388,62.184,0.0,-69,0.000,0.958,0.327
2014/09/15 13:11:16,2,37.58938,-122.36005,17.717,64.389,0.0,-69,0.003,1.292,0.330
2014/09/15 13:11:21,2,37.59014,-122.36128,19.357,58.441,0.0,-69,0.593,0.583,0.534
2014/09/15 13:11:26,2,37.59088,-122.36242,17.388,59.102,0.0,-51,1.324,0.250,0.391
2014/09/15 13:11:31,2,37.59166,-122.36361,17.060,61.471,0.0,-51,1.436,0.000,0.462
2014/09/15 13:11:36,2,37.59245,-122.36484,17.717,63.345,0.0,-51,1.237,0.375,0.533
2014/09/15 13:11:41,2,37.59327,-122.36609,15.420,64.840,0.0,-51,0.494,0.000,3.090
2014/09/15 13:11:46,2,37.59410,-122.36737,15.748,65.828,0.0,-51,0.160,0.000,1.931
2014/09/15 13:11:51,2,37.59495,-122.36866,14.436,66.964,0.0,-51,0.404,0.000,1.761
2014/09/15 13:11:56,2,37.59581,-122.36999,15.420,67.617,0.0,-51,0.305,0.000,2.140
2014/09/15 13:12:01,2,37.59667,-122.37129,12.467,66.546,0.0,-51,0.525,0.000,0.814
2014/09/15 13:12:06,2,37.59751,-122.37257,9.514,63.458,0.0,-51,1.789,0.000,0.278
2014/09/15 13:12:11,2,37.59829,-122.37374,9.843,59.530,0.0,-51,1.490,0.042,0.407
2014/09/15 13:12:16,2,37.59907,-122.37493,9.186,62.821,0.0,-51,1.448,0.333,0.315
2014/09/15 13:12:21,2,37.59991,-122.37619,7.218,66.474,0.0,-51,1.629,0.292,0.430
2014/09/15 13:12:26,2,37.60077,-122.37750,6.234,67.896,0.0,-61,0.548,0.125,0.970
2014/09/15 13:12:31,2,37.60165,-122.37884,6.234,69.165,0.0,-61,1.132,0.292,0.342
2014/09/15 13:12:36,2,37.60254,-122.38020,6.890,69.463,0.0,-61,1.871,0.333,0.326
2014/09/15 13:12:41,2,37.60341,-122.38153,6.562,66.956,0.0,-61,1.244,0.000,0.782
2014/09/15 13:12:46,2,37.60425,-122.38283,7.218,64.880,0.0,-61,0.000,0.125,5.090
2014/09/15 13:12:51,2,37.60507,-122.38408,5.577,63.704,0.0,-61,0.000,0.083,0.299
2014/09/15 13:12:56,2,37.60588,-122.38533,6.234,64.891,0.0,-65,0.000,0.750,0.455
2014/09/15 13:13:01,2,37.60672,-122.38662,4.921,66.642,0.0,-65,0.000,1.333,0.322
2014/09/15 13:13:06,2,37.60759,-122.38794,3.937,67.747,0.0,-65,0.000,1.375,0.308
2014/09/15 13:13:11,2,37.60846,-122.38928,3.281,69.711,0.0,-65,0.000,1.125,0.541
2014/09/15 13:13:16,2,37.60937,-122.39067,3.937,71.301,0.0,-65,0.000,0.875,0.368
2014/09/15 13:13:21,2,37.61027,-122.39207,5.249,70.763,0.0,-65,0.003,1.292,0.411
2014/09/15 13:13:26,2,37.61115,-122.39346,5.249,69.998,0.0,-65,0.702,0.750,0.513
2014/09/15 13:13:31,2,37.61207,-122.39481,4.593,70.266,0.0,-51,0.747,0.583,0.579
2014/09/15 13:13:36,2,37.61311,-122.39602,9.186,71.819,0.0,-51,0.427,0.000,0.619
2014/09/15 13:13:41,2,37.61431,-122.39709,5.906,73.980,0.0,-51,0.000,0.542,2.971
2014/09/15 13:13:46,2,37.61561,-122.39794,8.530,72.368,0.0,-51,0.000,0.000,0.259
2014/09/15 13:13:51,2,37.61700,-122.39854,6.562,71.628,0.0,-51,0.003,0.042,1.124
2014/09/15 13:13:56,2,37.61840,-122.39901,6.890,72.620,0.0,-51,0.198,0.000,0.000
2014/09/15 13:14:01,2,37.61984,-122.39949,9.186,74.479,0.0,-59,0.148,0.125,4.992
2014/09/15 13:14:06,2,37.62126,-122.39997,9.843,71.363,0.0,-59,0.224,0.208,3.089
2014/09/15 13:14:11,2,37.62255,-122.40041,10.171,63.902,0.0,-59,0.337,0.125,3.482
2014/09/15 13:14:16,2,37.62381,-122.40084,10.827,65.774,0.0,-59,0.266,0.000,1.826
2014/09/15 13:14:21,2,37.62508,-122.40127,11.155,66.521,0.0,-59,0.234,0.250,0.000
2014/09/15 13:14:26,2,37.62638,-122.40170,10.499,67.524,0.0,-59,0.619,0.000,1.306
2014/09/15 13:14:31,2,37.62770,-122.40210,11.483,68.288,0.0,-53,0.815,0.292,0.542
2014/09/15 13:14:36,2,37.62909,-122.40236,9.843,70.772,0.0,-53,0.807,0.333,0.467
2014/09/15 13:14:41,2,37.63049,-122.40252,8.530,68.669,0.0,-53,0.260,0.208,3.110
2014/09/15 13:14:46,2,37.63182,-122.40268,8.530,62.933,0.0,-53,0.943,0.333,0.962
2014/09/15 13:14:51,2,37.63308,-122.40282,8.858,62.363,0.0,-53,0.824,0.417,0.894
2014/09/15 13:14:56,2,37.63431,-122.40305,9.186,61.726,0.0,-53,0.000,0.208,1.390
2014/09/15 13:15:01,2,37.63550,-122.40341,9.186,60.954,0.0,-65,0.263,0.000,0.000
2014/09/15 13:15:06,2,37.63667,-122.40392,9.843,62.052,0.0,-65,0.000,0.042,0.244
2014/09/15 13:15:11,2,37.63783,-122.40454,12.467,63.897,0.0,-65,0.000,0.583,0.358
2014/09/15 13:15:16,2,37.63901,-122.40512,11.483,61.769,0.0,-65,0.003,1.417,0.288
2014/09/15 13:15:21,2,37.64020,-122.40556,11.811,61.703,0.0,-65,0.333,0.708,0.333
2014/09/15 13:15:26,2,37.64140,-122.40585,11.483,57.981,0.0,-65,0.574,0.500,0.454
2014/09/15 13:15:31,2,37.64252,-122.40601,10.499,56.995,0.0,-65,0.742,0.917,0.450
2014/09/15 13:15:36,2,37.64369,-122.40611,8.858,59.557,0.0,-51,0.713,1.250,0.310
2014/09/15 13:15:41,2,37.64488,-122.40622,6.890,58.610,0.0,-51,0.532,1.500,0.338
2014/09/15 13:15:46,2,37.64606,-122.40632,4.921,58.485,0.0,-51,0.643,0.000,0.498
2014/09/15 13:15:51,2,37.64724,-122.40643,4.265,58.424,0.0,-51,0.697,0.000,0.258
2014/09/15 13:15:56,2,37.64842,-122.40653,4.921,58.781,0.0,-51,0.496,0.042,0.307
2014/09/15 13:16:01,2,37.64959,-122.40663,16.076,58.177,0.0,-51,0.509,1.042,0.410
2014/09/15 13:16:06,2,37.65074,-122.40673,30.840,55.776,0.0,-51,0.484,1.083,0.484
2014/09/15 13:16:11,2,37.65185,-122.40683,43.635,54.656,0.0,-51,0.768,1.250,0.382
2014/09/15 13:16:16,2,37.65291,-122.40692,48.885,49.982,0.0,-51,0.321,1.292,0.297
2014/09/15 13:16:21,2,37.65389,-122.40695,47.900,49.039,0.0,-51,0.000,0.000,0.801
2014/09/15 13:16:26,2,37.65487,-122.40683,40.354,50.427,0.0,-51,0.205,0.500,0.638
2014/09/15 13:16:31,2,37.65591,-122.40657,28.543,54.038,0.0,-51,0.000,0.333,0.606
2014/09/15 13:16:36,2,37.65697,-122.40612,20.997,56.987,0.0,-71,0.000,1.083,0.408
2014/09/15 13:16:41,2,37.65801,-122.40558,24.934,56.294,0.0,-71,0.000,0.000,0.306
2014/09/15 13:16:46,2,37.65908,-122.40500,30.512,59.472,0.0,-71,0.003,0.583,0.798
2014/09/15 13:16:51,2,37.66012,-122.40420,31.824,61.487,0.0,-71,0.186,0.458,0.000
2014/09/15 13:16:56,2,37.66105,-122.40315,33.136,62.518,0.0,-71,0.375,0.250,0.795
2014/09/15 13:17:01,2,37.66184,-122.40195,27.559,59.399,0.0,-71,1.061,0.000,1.273
2014/09/15 13:17:06,2,37.66260,-122.40078,15.748,59.842,0.0,-77,0.487,0.333,1.719
2014/09/15 13:17:11,2,37.66350,-122.39936,5.906,60.189,0.0,-77,0.315,0.250,1.451
2014/09/15 13:17:16,2,37.66431,-122.39821,5.577,61.459,0.0,-77,0.397,0.125,1.301
2014/09/15 13:17:21,2,37.66521,-122.39713,7.874,62.434,0.0,-77,0.000,0.000,0.894
2014/09/15 13:17:26,2,37.66621,-122.39612,9.843,63.767,0.0,-77,0.600,0.250,1.414
2014/09/15 13:17:31,2,37.66721,-122.39516,11.155,63.304,0.0,-77,0.606,0.000,0.000
2014/09/15 13:17:36,2,37.66826,-122.39415,10.827,67.119,0.0,-77,0.375,0.125,3.942
2014/09/15 13:17:41,2,37.66935,-122.39310,9.514,69.128,0.0,-65,0.500,0.000,1.095
2014/09/15 13:17:46,2,37.67046,-122.39206,5.906,68.680,0.0,-65,0.292,0.250,2.593
2014/09/15 13:17:51,2,37.67164,-122.39112,10.171,69.077,0.0,-65,0.711,0.333,2.694
2014/09/15 13:17:56,2,37.67281,-122.39030,30.512,62.405,0.0,-65,0.452,0.125,2.278
2014/09/15 13:18:01,2,37.67394,-122.38965,42.323,61.902,0.0,-65,0.285,0.000,2.238
2014/09/15 13:18:06,2,37.67514,-122.38906,40.354,63.867,0.0,-65,0.497,0.250,1.499
2014/09/15 13:18:11,2,37.67639,-122.38858,25.591,65.978,0.0,-71,0.533,0.125,2.411
2014/09/15 13:18:16,2,37.67768,-122.38834,21.982,62.806,0.0,-71,0.634,0.000,0.239
2014/09/15 13:18:21,2,37.67876,-122.38833,21.325,43.501,0.0,-71,1.116,0.000,0.287
2014/09/15 13:18:26,2,37.67954,-122.38844,19.029,36.180,0.0,-71,2.080,0.042,0.431
2014/09/15 13:18:31,2,37.68022,-122.38858,16.076,35.220,0.0,-71,2.087,0.458,0.403
2014/09/15 13:18:36,2,37.68091,-122.38871,12.467,27.938,0.0,-71,2.000,0.583,0.294
2014/09/15 13:18:41,2,37.68136,-122.38880,11.483,16.793,0.0,-51,1.663,0.417,0.630
2014/09/15 13:18:46,2,37.68160,-122.38885,10.827,10.368,0.0,-51,1.667,0.708,0.531
2014/09/15 13:18:51,2,37.68178,-122.38889,10.171,7.571,0.0,-51,1.670,0.000,0.290
2014/09/15 13:18:56,2,37.68186,-122.38890,9.514,3.911,0.0,-51,1.663,0.583,0.474
2014/09/15 13:19:01,2,37.68200,-122.38894,8.858,11.700,0.0,-51,1.686,0.458,0.455
2014/09/15 13:19:06,2,37.68230,-122.38900,8.858,16.277,0.0,-51,1.247,0.292,0.579
2014/09/15 13:19:11,2,37.68259,-122.38907,8.530,13.249,0.0,-53,1.734,0.292,0.349
2014/09/15 13:19:16,2,37.68280,-122.38911,9.186,9.435,0.0,-53,1.660,0.250,0.247
2014/09/15 13:19:21,2,37.68295,-122.38915,9.514,7.712,0.0,-53,1.507,0.250,0.411
2014/09/15 13:19:26,2,37.68313,-122.38919,10.171,9.079,0.0,-53,1.837,0.250,0.317
2014/09/15 13:19:31,2,37.68338,-122.38925,10.499,14.187,0.0,-53,1.830,0.500,0.430
2014/09/15 13:19:36,2,37.68368,-122.38932,9.843,15.031,0.0,-53,1.519,0.458,0.367
2014/09/15 13:19:41,2,37.68398,-122.38938,9.514,16.781,0.0,-53,1.484,0.292,0.513
2014/09/15 13:19:46,2,37.68421,-122.38944,9.186,6.921,0.0,-61,1.221,0.000,0.490
2014/09/15 13:19:51,2,37.68434,-122.38946,9.514,6.820,0.0,-61,1.526,0.292,0.679
2014/09/15 13:19:56,2,37.68452,-122.38950,9.514,9.641,0.0,-61,0.952,0.333,0.453
2014/09/15 13:20:01,2,37.68477,-122.38956,10.171,12.760,0.0,-61,1.189,0.208,0.638
2014/09/15 13:20:06,2,37.68500,-122.38962,10.171,11.828,0.0,-61,1.413,0.292,0.321
2014/09/15 13:20:11,2,37.68525,-122.38967,9.843,11.172,0.0,-61,1.417,0.375,0.446
2014/09/15 13:20:16,2,37.68540,-122.38970,10.171,5.186,0.0,-57,1.567,0.500,0.421
2014/09/15 13:20:21,2,37.68544,-122.38971,10.827,2.070,0.0,-57,1.379,0.292,0.616
2014/09/15 13:20:26,2,37.68557,-122.38974,9.843,10.063,0.0,-57,1.525,0.000,0.535
2014/09/15 13:20:31,2,37.68582,-122.38980,9.843,12.552,0.0,-57,1.894,0.417,0.415
2014/09/15 13:20:36,2,37.68593,-122.38982,9.843,6.258,0.0,-57,1.875,0.333,0.430
2014/09/15 13:20:41,2,37.68611,-122.38986,9.514,11.433,0.0,-57,1.635,0.458,0.280
2014/09/15 13:20:46,2,37.68636,-122.38992,9.514,13.222,0.0,-53,1.349,0.667,0.506
2014/09/15 13:20:51,2,37.68661,-122.38997,10.171,12.719,0.0,-53,1.455,0.371,0.482
2014/09/15 13:20:56,2,37.68675,-122.39000,10.171,3.707,0.0,-53,1.487,0.000,0.831
2014/09/15 13:21:01,2,37.68685,-122.39003,9.514,5.377,0.0,-53,1.141,0.000,0.814
2014/09/15 13:21:06,2,37.68698,-122.39006,9.514,8.804,0.0,-53,0.978,0.000,0.706
2014/09/15 13:21:11,2,37.68717,-122.39010,9.843,8.294,0.0,-53,1.070,0.000,0.435
2014/09/15 13:21:16,2,37.68736,-122.39014,9.514,11.071,0.0,-63,0.754,0.042,0.445
2014/09/15 13:21:21,2,37.68747,-122.39017,9.514,5.136,0.0,-63,1.349,0.125,0.694
2014/09/15 13:21:26,2,37.68756,-122.39019,9.843,5.413,0.0,-63,1.574,0.375,0.282
2014/09/15 13:21:31,2,37.68768,-122.39022,9.843,6.662,0.0,-63,1.676,0.500,0.352
2014/09/15 13:21:36,2,37.68797,-122.39028,9.843,20.505,0.0,-63,1.448,0.250,0.474
2014/09/15 13:21:41,2,37.68839,-122.39037,10.171,18.165,0.0,-63,1.003,0.125,0.345
2014/09/15 13:21:46,2,37.68881,-122.39047,11.155,25.693,0.0,-63,1.343,0.208,0.559
2014/09/15 13:21:51,2,37.68943,-122.39062,11.483,35.844,0.0,-53,1.622,0.292,0.791
2014/09/15 13:21:56,2,37.69022,-122.39083,11.811,43.221,0.0,-53,0.856,0.167,0.449
2014/09/15 13:22:01,2,37.69113,-122.39104,11.155,47.836,0.0,-53,0.471,0.042,2.245
2014/09/15 13:22:06,2,37.69212,-122.39126,9.843,51.769,0.0,-53,0.368,0.250,1.129
2014/09/15 13:22:11,2,37.69320,-122.39151,9.514,56.148,0.0,-53,1.439,0.000,0.611
2014/09/15 13:22:16,2,37.69432,-122.39176,9.186,57.141,0.0,-53,0.773,0.250,0.530
2014/09/15 13:22:21,2,37.69545,-122.39202,9.843,56.987,0.0,-63,1.656,0.167,0.411
2014/09/15 13:22:26,2,37.69659,-122.39227,9.514,57.697,0.0,-63,0.866,0.167,0.653
2014/09/15 13:22:31,2,37.69775,-122.39253,10.827,59.901,0.0,-63,1.038,0.167,0.454
2014/09/15 13:22:36,2,37.69897,-122.39281,10.827,62.620,0.0,-63,1.542,0.375,0.518
2014/09/15 13:22:41,2,37.70022,-122.39309,11.155,63.354,0.0,-63,1.128,0.208,0.537
2014/09/15 13:22:46,2,37.70146,-122.39337,11.483,62.238,0.0,-63,1.295,0.208,0.378
2014/09/15 13:22:51,2,37.70271,-122.39365,11.155,63.949,0.0,-51,1.555,0.208,0.254
2014/09/15 13:22:56,2,37.70398,-122.39394,12.139,63.964,0.0,-51,2.000,0.208,0.250
2014/09/15 13:23:01,2,37.70525,-122.39422,12.795,64.069,0.0,-51,1.670,0.292,0.254
2014/09/15 13:23:06,2,37.70654,-122.39451,14.108,65.636,0.0,-51,1.744,0.000,0.689
2014/09/15 13:23:11,2,37.70782,-122.39480,25.591,64.263,0.0,-51,1.096,0.375,0.683
2014/09/15 13:23:16,2,37.70911,-122.39509,40.026,66.163,0.0,-51,1.343,0.375,0.467
2014/09/15 13:23:21,2,37.71044,-122.39539,57.087,67.902,0.0,-57,1.352,0.292,0.770
2014/09/15 13:23:26,2,37.71178,-122.39575,73.819,68.785,0.0,-57,0.994,0.125,0.271
2014/09/15 13:23:31,2,37.71307,-122.39641,89.239,69.974,0.0,-57,1.721,0.292,0.337
2014/09/15 13:23:36,2,37.71424,-122.39733,104.003,67.770,0.0,-57,1.833,0.792,0.414
2014/09/15 13:23:41,2,37.71536,-122.39822,118.438,66.432,0.0,-57,1.906,0.458,0.546
2014/09/15 13:23:46,2,37.71659,-122.39887,135.499,66.545,0.0,-57,1.757,0.000,0.267
2014/09/15 13:23:51,2,37.71791,-122.39927,134.186,66.330,0.0,-57,1.137,0.333,0.770
2014/09/15 13:23:56,2,37.71920,-122.39961,129.921,65.728,0.0,-59,0.660,0.167,0.803
2014/09/15 13:24:01,2,37.72050,-122.39999,121.719,65.073,0.0,-59,1.013,0.250,0.447
2014/09/15 13:24:06,2,37.72174,-122.40043,111.220,62.763,0.0,-59,1.187,0.792,0.465
2014/09/15 13:24:11,2,37.72291,-122.40091,93.504,60.213,0.0,-59,1.147,0.792,0.470
2014/09/15 13:24:16,2,37.72403,-122.40137,76.444,57.819,0.0,-59,1.423,0.583,0.363
2014/09/15 13:24:21,2,37.72514,-122.40176,62.008,57.059,0.0,-59,0.949,0.000,1.329
2014/09/15 13:24:26,2,37.72624,-122.40213,61.352,55.575,0.0,-51,1.884,0.000,0.425
2014/09/15 13:24:31,2,37.72732,-122.40253,69.882,57.320,0.0,-51,1.959,0.000,0.350
2014/09/15 13:24:36,2,37.72843,-122.40296,68.241,58.402,0.0,-51,1.843,0.042,0.459
2014/09/15 13:24:41,2,37.72954,-122.40354,65.289,60.422,0.0,-51,1.715,0.417,0.566
2014/09/15 13:24:46,2,37.73066,-122.40419,63.648,62.324,0.0,-51,1.420,0.333,0.583
2014/09/15 13:24:51,2,37.73183,-122.40479,54.462,63.059,0.0,-51,1.134,0.292,0.819
2014/09/15 13:24:56,2,37.73300,-122.40544,38.386,63.358,0.0,-71,0.471,0.167,1.367
2014/09/15 13:25:01,2,37.73417,-122.40613,33.793,62.945,0.0,-71,1.272,0.583,0.558
2014/09/15 13:25:06,2,37.73533,-122.40682,30.184,61.375,0.0,-71,0.841,1.125,0.450
2014/09/15 13:25:11,2,37.73651,-122.40749,31.496,64.927,0.0,-71,1.053,0.000,0.331
2014/09/15 13:25:16,2,37.73779,-122.40794,30.840,66.154,0.0,-71,0.633,1.042,0.375
2014/09/15 13:25:21,2,37.73912,-122.40808,34.121,66.518,0.0,-71,1.111,1.333,0.368
2014/09/15 13:25:26,2,37.74044,-122.40790,45.276,66.260,0.0,-51,1.343,0.833,0.403
2014/09/15 13:25:31,2,37.74170,-122.40742,61.024,65.570,0.0,-51,1.481,0.875,0.484
2014/09/15 13:25:36,2,37.74284,-122.40660,67.585,66.563,0.0,-51,1.683,0.333,0.407
2014/09/15 13:25:41,2,37.74397,-122.40568,64.633,66.253,0.0,-51,0.830,0.250,0.550
2014/09/15 13:25:46,1,37.74520,-122.40504,51.837,66.169,0.0,-51,0.481,0.250,0.423
2014/09/15 13:25:51,1,37.74649,-122.40463,45.604,67.051,0.0,-51,0.355,0.292,0.438
2014/09/15 13:25:56,1,37.74779,-122.40422,46.588,65.977,0.0,-51,0.324,0.667,1.398
2014/09/15 13:26:01,2,37.74909,-122.40380,46.588,67.359,0.0,-61,0.849,0.708,0.599
2014/09/15 13:26:06,2,37.75040,-122.40338,47.900,68.122,0.0,-61,1.385,0.000,0.438
2014/09/15 13:26:11,2,37.75166,-122.40302,58.071,62.458,0.0,-61,1.477,0.000,0.426
2014/09/15 13:26:16,2,37.75286,-122.40291,62.992,56.811,0.0,-61,1.943,0.000,0.399
2014/09/15 13:26:21,2,37.75398,-122.40300,65.617,57.261,0.0,-61,1.686,0.042,0.494
2014/09/15 13:26:26,2,37.75515,-122.40310,75.787,54.884,0.0,-61,1.561,0.000,0.327
2014/09/15 13:26:31,2,37.75610,-122.40322,91.535,42.192,0.0,-61,1.503,0.417,0.262
2014/09/15 13:26:36,2,37.75690,-122.40349,104.659,40.064,0.0,-61,1.580,0.333,0.241
2014/09/15 13:26:41,1,37.75756,-122.40404,113.189,39.744,0.0,-61,0.660,0.333,1.174
2014/09/15 13:26:46,1,37.75816,-122.40482,116.142,45.652,0.0,-61,0.369,0.083,1.846
2014/09/15 13:26:51,1,37.75883,-122.40563,114.829,47.811,0.0,-61,0.609,0.083,0.958
2014/09/15 13:26:57,1,37.75970,-122.40619,112.533,49.492,0.0,-61,0.866,0.250,1.374
2014/09/15 13:27:02,1,37.76066,-122.40632,110.236,47.565,0.0,-55,1.198,0.375,0.617
2014/09/15 13:27:07,1,37.76159,-122.40603,105.643,49.247,0.0,-55,1.231,0.000,0.476
2014/09/15 13:27:12,2,37.76250,-122.40548,102.690,50.982,0.0,-55,0.538,0.333,0.870
2014/09/15 13:27:17,2,37.76346,-122.40507,96.129,46.566,0.0,-55,0.215,0.208,3.421
2014/09/15 13:27:22,2,37.76439,-122.40489,86.942,46.710,0.0,-55,0.337,0.125,1.959
2014/09/15 13:27:27,2,37.76536,-122.40486,73.163,49.107,0.0,-55,1.186,0.375,0.310
2014/09/15 13:27:32,2,37.76636,-122.40491,58.071,51.050,0.0,-57,1.330,0.000,0.682
2014/09/15 13:27:37,2,37.76745,-122.40501,44.948,55.839,0.0,-57,1.138,0.583,0.490
2014/09/15 13:27:42,2,37.76857,-122.40512,41.667,56.056,0.0,-57,0.907,0.458,0.923
2014/09/15 13:27:47,2,37.76966,-122.40522,50.853,52.366,0.0,-57,0.804,0.167,0.506
2014/09/15 13:27:52,2,37.77060,-122.40551,49.541,43.173,0.0,-57,0.885,0.250,0.491
2014/09/15 13:27:57,1,37.77127,-122.40594,46.916,33.918,0.0,-57,0.000,0.000,2.042
2014/09/15 13:28:02,1,37.77174,-122.40625,44.619,21.079,0.0,-57,0.221,0.208,1.399
2014/09/15 13:28:07,1,37.77205,-122.40639,43.635,15.457,0.0,-55,0.195,0.167,3.178
2014/09/15 13:28:12,1,37.77238,-122.40650,41.995,17.955,0.0,-55,0.235,0.750,0.299
2014/09/15 13:28:17,1,37.77273,-122.40655,40.026,16.797,0.0,-55,0.856,1.000,0.354
2014/09/15 13:28:22,1,37.77306,-122.40655,38.386,16.020,0.0,-55,1.404,0.000,0.597
2014/09/15 13:28:27,1,37.77333,-122.40652,38.714,11.095,0.0,-55,1.480,0.458,0.749
2014/09/15 13:28:32,1,37.77358,-122.40647,38.386,11.065,0.0,-55,1.321,0.417,1.186
2014/09/15 13:28:37,1,37.77373,-122.40642,37.402,8.724,0.0,-57,0.651,0.167,0.790
2014/09/15 13:28:42,1,37.77390,-122.40635,36.417,10.358,0.0,-57,0.715,0.208,1.090
2014/09/15 13:28:47,1,37.77413,-122.40625,35.433,10.847,0.0,-57,0.683,0.125,1.598
2014/09/15 13:28:52,1,37.77432,-122.40615,34.777,11.428,0.0,-57,0.455,0.208,0.911
2014/09/15 13:28:57,1,37.77457,-122.40600,34.449,15.485,0.0,-57,0.770,0.250,0.461
2014/09/15 13:29:02,1,37.77484,-122.40582,34.449,15.230,0.0,-57,1.503,0.208,0.846
2014/09/15 13:29:07,1,37.77509,-122.40563,34.449,13.410,0.0,-61,0.859,0.000,0.819
2014/09/15 13:29:12,1,37.77535,-122.40541,35.105,17.273,0.0,-61,1.077,0.292,0.531
2014/09/15 13:29:17,1,37.77564,-122.40513,35.433,19.515,0.0,-61,1.080,0.292,0.435
2014/09/15 13:29:22,1,37.77593,-122.40480,35.433,18.982,0.0,-61,1.417,0.208,1.449
2014/09/15 13:29:27,1,37.77620,-122.40445,34.121,20.141,0.0,-61,0.516,0.000,1.982
2014/09/15 13:29:32,1,37.77649,-122.40401,31.824,24.797,0.0,-61,0.494,0.083,0.579
2014/09/15 13:29:37,1,37.77677,-122.40353,29.199,19.026,0.0,-51,1.064,0.000,0.923
2014/09/15 13:29:42,1,37.77692,-122.40324,30.512,6.693,0.0,-51,0.000,0.292,3.335
2014/09/15 13:29:47,2,37.77697,-122.40315,28.871,3.679,0.0,-51,0.000,0.458,0.254
2014/09/15 13:29:52,2,37.77701,-122.40309,28.215,3.512,0.0,-51,0.003,0.000,0.299
2014/09/15 13:29:57,2,37.77710,-122.40297,27.887,9.791,0.0,-51,0.089,0.000,0.000
2014/09/15 13:30:02,2,37.77724,-122.40272,27.887,13.842,0.0,-51,0.087,0.000,5.727
2014/09/15 13:30:07,2,37.77738,-122.40245,27.231,11.535,0.0,-51,0.208,0.000,2.211
2014/09/15 13:30:12,2,37.77746,-122.40231,27.231,4.245,0.0,-53,0.099,0.000,5.915
2014/09/15 13:30:17,2,37.77752,-122.40223,26.903,5.806,0.0,-53,0.247,0.000,2.069
2014/09/15 13:30:22,2,37.77760,-122.40210,26.903,7.822,0.0,-53,0.493,0.000,1.402
2014/09/15 13:30:27,2,37.77770,-122.40192,27.231,8.917,0.0,-53,0.215,0.042,2.606
2014/09/15 13:30:32,2,37.77781,-122.40172,27.887,9.143,0.0,-53,0.506,0.208,0.000
2014/09/15 13:30:37,2,37.77788,-122.40160,28.543,4.341,0.0,-53,0.394,0.417,0.518
2014/09/15 13:30:42,2,37.77796,-122.40144,28.215,10.519,0.0,-53,0.658,0.417,1.228
2014/09/15 13:30:47,2,37.77808,-122.40124,27.559,8.766,0.0,-53,0.263,0.292,1.165
2014/09/15 13:30:52,2,37.77819,-122.40107,27.559,9.907,0.0,-53,0.527,0.000,0.575
2014/09/15 13:30:57,2,37.77831,-122.40088,27.559,9.345,0.0,-53,0.722,0.625,0.511
2014/09/15 13:31:02,2,37.77843,-122.40070,28.215,8.760,0.0,-53,0.564,0.833,0.618
2014/09/15 13:31:07,2,37.77851,-122.40059,28.215,4.804,0.0,-53,0.462,0.583,1.174
2014/09/15 13:31:12,2,37.77860,-122.40046,28.543,8.189,0.0,-55,0.436,0.458,0.743
2014/09/15 13:31:17,2,37.77871,-122.40030,28.871,7.172,0.0,-55,0.580,0.375,1.243
2014/09/15 13:31:22,2,37.77883,-122.40016,29.199,9.524,0.0,-55,0.237,0.000,1.971
2014/09/15 13:31:27,2,37.77896,-122.40000,31.824,11.683,0.0,-55,0.103,0.333,3.325
2014/09/15 13:31:32,2,37.77911,-122.39982,31.496,8.526,0.0,-55,0.000,0.208,0.000
2014/09/15 13:31:37,2,37.77924,-122.39967,31.496,9.958,0.0,-55,0.180,0.083,2.058
2014/09/15 13:31:42,2,37.77945,-122.39943,31.168,15.560,0.0,-51,0.137,0.000,2.075
2014/09/15 13:31:47,2,37.77971,-122.39913,32.152,19.641,0.0,-51,0.340,0.333,0.590
2014/09/15 13:31:52,2,37.78002,-122.39876,34.777,22.513,0.0,-51,0.387,0.708,1.478
2014/09/15 13:31:57,2,37.78039,-122.39838,39.698,23.292,0.0,-51,0.478,0.792,0.792
2014/09/15 13:32:02,2,37.78071,-122.39801,43.307,18.571,0.0,-51,0.587,0.542,0.722
2014/09/15 13:32:07,2,37.78095,-122.39772,44.948,16.054,0.0,-51,0.305,0.292,0.000
2014/09/15 13:32:12,2,37.78120,-122.39743,46.260,17.476,0.0,-53,0.362,0.875,0.000
2014/09/15 13:32:17,2,37.78150,-122.39709,46.588,21.320,0.0,-53,0.618,0.875,0.555
2014/09/15 13:32:22,2,37.78180,-122.39674,47.900,19.265,0.0,-53,0.307,0.500,0.278
2014/09/15 13:32:27,2,37.78200,-122.39651,49.541,5.453,0.0,-53,0.335,0.500,1.211
2014/09/15 13:32:32,2,37.78203,-122.39647,51.509,2.552,0.0,-53,0.235,0.000,0.662
2014/09/15 13:32:37,2,37.78214,-122.39634,59.711,14.016,0.0,-53,0.598,0.000,1.329
2014/09/15 13:32:42,2,37.78230,-122.39616,61.680,3.687,0.0,-53,0.333,0.000,1.250
2014/09/15 13:32:47,2,37.78232,-122.39614,61.352,0.347,0.0,-55,0.160,0.000,3.598
2014/09/15 13:32:52,2,37.78234,-122.39611,60.696,4.174,0.0,-55,0.115,0.000,2.154
2014/09/15 13:32:57,2,37.78248,-122.39595,61.352,14.006,0.0,-55,0.000,0.042,0.295
2014/09/15 13:33:02,2,37.78273,-122.39566,66.929,16.531,0.0,-55,0.000,1.000,0.382
2014/09/15 13:33:07,2,37.78292,-122.39542,69.882,8.855,0.0,-55,0.003,1.042,0.486
2014/09/15 13:33:12,2,37.78300,-122.39533,70.538,4.295,0.0,-55,0.000,0.625,0.718
2014/09/15 13:33:17,2,37.78312,-122.39517,72.178,9.590,0.0,-59,0.102,0.000,0.511
2014/09/15 13:33:22,2,37.78320,-122.39508,73.491,5.993,0.0,-59,0.266,0.292,1.018
2014/09/15 13:33:27,2,37.78338,-122.39486,76.115,15.367,0.0,-59,0.485,0.625,0.402
2014/09/15 13:33:32,2,37.78355,-122.39463,78.084,9.001,0.0,-59,0.474,0.625,2.437
2014/09/15 13:33:37,2,37.78369,-122.39446,81.037,10.117,0.0,-59,0.119,0.125,2.510
2014/09/15 13:33:42,2,37.78375,-122.39439,82.349,0.964,0.0,-59,0.218,0.000,1.390
2014/09/15 13:33:47,2,37.78378,-122.39434,82.349,5.402,0.0,-59,0.371,0.417,2.061
2014/09/15 13:33:52,2,37.78392,-122.39415,83.990,13.209,0.0,-59,0.288,0.208,2.097
2014/09/15 13:33:57,2,37.78412,-122.39387,84.974,15.999,0.0,-59,0.277,0.458,2.217
2014/09/15 13:34:02,2,37.78433,-122.39357,87.270,12.537,0.0,-59,0.232,0.208,0.819
2014/09/15 13:34:07,2,37.78449,-122.39334,89.239,13.841,0.0,-59,0.365,0.917,0.378
2014/09/15 13:34:12,1,37.78458,-122.39320,97.113,9.636,0.0,-59,0.463,1.042,0.470
2014/09/15 13:34:17,1,37.78479,-122.39282,117.454,20.107,0.0,-61,0.378,0.958,0.511
2014/09/15 13:34:22,1,37.78501,-122.39238,118.110,17.660,0.0,-61,0.490,0.917,0.330
2014/09/15 13:34:27,1,37.78527,-122.39188,111.220,23.638,0.0,-61,0.276,0.458,2.027
2014/09/15 13:34:32,1,37.78558,-122.39143,100.722,18.367,0.0,-61,0.127,0.000,1.109
2014/09/15 13:34:37,1,37.78571,-122.39113,107.612,9.402,0.0,-61,0.304,0.000,0.543
2014/09/15 13:34:42,1,37.78582,-122.39101,125.984,8.687,0.0,-61,0.336,0.042,0.742
2014/09/15 13:34:47,2,37.78594,-122.39092,170.276,8.007,0.0,-61,0.284,0.292,1.299
2014/09/15 13:34:52,2,37.78607,-122.39087,173.228,1.985,0.0,-65,0.314,0.458,1.370
2014/09/15 13:34:57,2,37.78615,-122.39078,149.934,1.351,0.0,-65,0.359,0.417,0.503
2014/09/15 13:35:02,2,37.78623,-122.39064,100.066,3.102,0.0,-65,0.502,0.667,1.278
2014/09/15 13:35:07,2,37.78632,-122.39053,76.772,2.947,0.0,-65,0.240,0.000,0.831
2014/09/15 13:35:12,2,37.78637,-122.39050,41.010,6.219,0.0,-65,0.136,0.417,2.738
2014/09/15 13:35:17,2,37.78638,-122.39047,29.199,6.747,0.0,-65,0.159,0.167,2.583
2014/09/15 13:35:22,2,37.78648,-122.39039,32.808,1.819,0.0,-59,0.000,0.333,1.030
2014/09/15 13:35:27,1,37.78670,-122.39025,7.218,8.183,0.0,-59,0.000,0.000,0.755
2014/09/15 13:35:32,1,37.78715,-122.38972,-11.811,20.399,0.0,-59,0.000,0.792,0.395
2014/09/15 13:35:37,2,37.78771,-122.38907,-9.514,25.746,0.0,-59,0.003,1.333,0.677
2014/09/15 13:35:42,2,37.78835,-122.38832,-1.312,29.715,0.0,-59,0.317,0.625,1.958
2014/09/15 13:35:47,2,37.78902,-122.38756,22.966,30.078,0.0,-59,0.298,0.250,2.469
2014/09/15 13:35:52,2,37.78958,-122.38697,40.682,29.355,0.0,-55,0.426,0.125,0.000
2014/09/15 13:35:57,2,37.79024,-122.38629,62.664,34.062,0.0,-55,0.167,0.000,3.670
2014/09/15 13:36:02,2,37.79087,-122.38566,78.740,33.770,0.0,-55,0.000,0.125,1.755
2014/09/15 13:36:07,2,37.79186,-122.38466,149.606,39.905,0.0,-55,0.000,0.208,2.086
2014/09/15 13:36:12,1,37.79277,-122.38368,209.318,38.104,0.0,-55,0.000,0.458,1.183
2014/09/15 13:36:17,1,37.79345,-122.38298,229.331,38.276,0.0,-55,0.000,0.542,0.705
2014/09/15 13:36:22,1,37.79411,-122.38233,249.672,39.907,0.0,-65,0.000,0.000,1.052
2014/09/15 13:36:27,2,37.79479,-122.38162,264.764,42.307,0.0,-65,0.000,0.417,1.290
2014/09/15 13:36:32,1,37.79547,-122.38093,280.184,42.914,0.0,-65,0.000,0.250,1.657
2014/09/15 13:36:37,2,37.79619,-122.38017,291.667,45.774,0.0,-65,0.000,0.333,1.350
2014/09/15 13:36:42,2,37.79692,-122.37936,295.932,46.352,0.0,-65,0.000,0.417,0.741
2014/09/15 13:36:47,2,37.79770,-122.37852,290.354,46.447,0.0,-65,0.000,0.458,0.886
2014/09/15 13:36:52,2,37.79848,-122.37768,291.995,49.165,0.0,-65,0.003,0.333,1.283
2014/09/15 13:36:57,2,37.79947,-122.37664,289.370,51.170,0.0,-63,0.133,0.542,0.958
2014/09/15 13:37:02,2,37.80026,-122.37579,287.730,49.021,0.0,-63,0.267,0.000,3.414
2014/09/15 13:37:07,2,37.80103,-122.37496,288.386,50.090,0.0,-63,0.000,0.125,4.126
2014/09/15 13:37:12,2,37.80184,-122.37409,280.184,51.083,0.0,-63,0.215,0.000,0.000
2014/09/15 13:37:17,2,37.80266,-122.37322,272.966,50.679,0.0,-63,0.266,0.000,3.418
2014/09/15 13:37:22,1,37.80342,-122.37243,270.669,46.462,0.0,-63,0.263,0.125,1.673
2014/09/15 13:37:27,1,37.80408,-122.37174,265.420,39.278,0.0,-59,0.183,0.000,5.006
2014/09/15 13:37:32,2,37.80469,-122.37105,254.593,39.332,0.0,-59,0.119,0.000,0.000
2014/09/15 13:37:37,1,37.80538,-122.37028,240.486,43.995,0.0,-59,0.099,0.000,4.913
2014/09/15 13:37:42,1,37.80613,-122.36950,231.299,48.118,0.0,-59,0.000,0.000,0.238
2014/09/15 13:37:47,2,37.80694,-122.36865,222.113,52.886,0.0,-59,0.003,0.000,0.307
2014/09/15 13:37:52,1,37.80780,-122.36778,214.895,54.864,0.0,-59,0.130,0.000,0.562
2014/09/15 13:37:57,1,37.80869,-122.36683,205.052,55.913,0.0,-63,0.183,0.000,3.831
2014/09/15 13:38:02,1,37.80922,-122.36628,202.100,56.238,0.0,-63,0.000,0.000,0.000
2014/09/15 13:38:07,1,37.80922,-122.36628,202.100,56.238,0.0,-63,0.163,0.000,4.673
2014/09/15 13:38:12,2,37.81134,-122.36403,193.241,55.722,0.0,-63,0.000,0.000,0.000
2014/09/15 13:38:17,2,37.81228,-122.36290,181.759,55.988,0.0,-63,0.000,0.000,0.000
2014/09/15 13:38:22,2,37.81310,-122.36179,198.819,58.793,0.0,-63,0.000,0.000,0.239
2014/09/15 13:38:27,2,37.81386,-122.36061,211.286,60.571,0.0,-69,0.003,0.000,0.238
2014/09/15 13:38:32,2,37.81459,-122.35934,211.614,61.882,0.0,-69,0.186,0.000,1.361
2014/09/15 13:38:37,2,37.81530,-122.35809,204.396,58.457,0.0,-69,0.123,0.000,2.670
2014/09/15 13:38:42,2,37.81598,-122.35689,195.538,58.613,0.0,-69,0.111,0.000,1.866
2014/09/15 13:38:47,2,37.81665,-122.35571,188.320,57.589,0.0,-69,0.121,0.042,2.646
2014/09/15 13:38:52,2,37.81733,-122.35449,180.446,59.053,0.0,-69,0.267,0.125,1.550
2014/09/15 13:38:57,2,37.81793,-122.35318,172.572,59.879,0.0,-69,0.287,0.292,1.846
2014/09/15 13:39:02,2,37.81840,-122.35177,164.370,60.721,0.0,-65,0.278,0.458,1.212
2014/09/15 13:39:07,2,37.81873,-122.35028,157.480,60.342,0.0,-65,0.362,0.917,0.890
2014/09/15 13:39:12,2,37.81895,-122.34880,151.575,58.789,0.0,-65,0.195,0.000,2.438
2014/09/15 13:39:17,2,37.81916,-122.34734,144.029,57.633,0.0,-65,0.190,0.292,2.594
2014/09/15 13:39:22,2,37.81937,-122.34594,136.483,56.252,0.0,-65,0.340,0.250,1.666
2014/09/15 13:39:27,2,37.81959,-122.34453,122.703,54.685,0.0,-65,0.635,0.542,0.830
2014/09/15 13:39:32,2,37.81980,-122.34315,111.877,55.093,0.0,-55,0.750,0.792,0.789
2014/09/15 13:39:37,2,37.82001,-122.34177,104.003,55.389,0.0,-55,0.580,0.417,1.162
2014/09/15 13:39:42,2,37.82022,-122.34036,95.472,57.100,0.0,-55,0.640,0.250,1.282
2014/09/15 13:39:47,2,37.82041,-122.33898,87.270,53.583,0.0,-55,0.737,0.542,0.450
2014/09/15 13:39:52,2,37.82061,-122.33766,79.724,54.652,0.0,-55,0.000,0.000,0.794
2014/09/15 13:39:57,2,37.82082,-122.33628,71.850,55.630,0.0,-55,1.064,0.417,0.437
2014/09/15 13:40:02,2,37.82102,-122.33490,63.648,55.151,0.0,-53,1.458,0.250,0.531
2014/09/15 13:40:07,2,37.82123,-122.33348,56.430,57.897,0.0,-53,1.577,0.292,0.394
2014/09/15 13:40:12,2,37.82143,-122.33203,50.853,58.040,0.0,-53,1.343,0.375,0.598
2014/09/15 13:40:17,2,37.82160,-122.33059,44.619,57.304,0.0,-53,1.580,0.000,0.231
2014/09/15 13:40:22,2,37.82174,-122.32914,35.761,58.693,0.0,-53,2.010,0.417,0.377
2014/09/15 13:40:27,2,37.82187,-122.32765,26.903,59.163,0.0,-53,1.913,0.250,0.331
2014/09/15 13:40:32,2,37.82198,-122.32616,20.669,57.495,0.0,-51,1.421,0.000,0.475
2014/09/15 13:40:37,2,37.82206,-122.32474,16.732,55.507,0.0,-51,1.150,0.417,1.155
2014/09/15 13:40:42,2,37.82218,-122.32331,14.436,57.312,0.0,-51,0.802,0.250,1.081
2014/09/15 13:40:47,2,37.82239,-122.32186,13.780,58.376,0.0,-51,0.632,0.250,0.621
2014/09/15 13:40:52,2,37.82263,-122.32044,11.483,57.442,0.0,-51,1.250,0.000,1.658
2014/09/15 13:40:57,2,37.82288,-122.31902,10.171,56.885,0.0,-51,0.525,0.167,0.269
2014/09/15 13:41:02,2,37.82311,-122.31764,8.858,55.598,0.0,-51,1.000,0.125,0.456
2014/09/15 13:41:07,2,37.82332,-122.31618,8.202,59.647,0.0,-51,1.337,0.250,0.566
2014/09/15 13:41:12,2,37.82352,-122.31464,9.186,63.007,0.0,-51,1.221,0.000,0.454
2014/09/15 13:41:17,2,37.82376,-122.31308,8.202,63.190,0.0,-51,1.333,0.000,0.455
2014/09/15 13:41:22,2,37.82404,-122.31150,6.562,62.984,0.0,-51,0.744,0.292,0.678
2014/09/15 13:41:27,2,37.82428,-122.30994,6.562,62.300,0.0,-51,0.989,0.292,0.550
2014/09/15 13:41:32,2,37.82447,-122.30834,10.171,65.133,0.0,-51,0.990,0.250,0.883
2014/09/15 13:41:37,2,37.82462,-122.30675,24.934,60.477,0.0,-57,0.776,0.417,0.597
2014/09/15 13:41:42,2,37.82455,-122.30523,37.730,60.731,0.0,-57,0.890,0.000,0.575
2014/09/15 13:41:47,2,37.82412,-122.30375,41.010,64.659,0.0,-57,0.613,0.375,1.526
2014/09/15 13:41:52,2,37.82349,-122.30224,37.730,67.323,0.0,-57,0.884,0.000,0.466
2014/09/15 13:41:57,2,37.82284,-122.30078,37.073,63.640,0.0,-57,1.026,0.000,0.446
2014/09/15 13:42:02,2,37.82221,-122.29937,43.963,65.747,0.0,-57,1.387,0.042,0.729
2014/09/15 13:42:07,2,37.82155,-122.29798,51.509,60.963,0.0,-55,1.003,0.292,0.479
2014/09/15 13:42:12,2,37.82063,-122.29700,58.071,60.974,0.0,-55,1.058,0.375,0.959
2014/09/15 13:42:17,2,37.81944,-122.29663,68.241,61.588,0.0,-55,0.871,0.208,0.890
2014/09/15 13:42:22,2,37.81823,-122.29698,64.304,63.239,0.0,-55,0.744,0.083,1.234
2014/09/15 13:42:27,2,37.81722,-122.29795,47.572,63.253,0.0,-55,0.583,0.083,1.118
2014/09/15 13:42:32,2,37.81628,-122.29904,26.247,63.531,0.0,-55,0.558,0.000,1.419
2014/09/15 13:42:37,2,37.81538,-122.30009,19.029,61.245,0.0,-65,0.208,0.125,3.165
2014/09/15 13:42:42,2,37.81446,-122.30121,13.780,62.823,0.0,-65,0.398,0.458,0.401
2014/09/15 13:42:47,2,37.81355,-122.30235,12.795,66.265,0.0,-65,1.083,0.000,0.634
2014/09/15 13:42:52,2,37.81253,-122.30344,12.467,66.389,0.0,-65,1.132,0.458,0.958
2014/09/15 13:42:57,2,37.81140,-122.30424,13.780,61.540,0.0,-65,1.109,0.250,0.629
2014/09/15 13:43:02,2,37.81026,-122.30473,12.139,59.376,0.0,-65,1.663,0.417,0.522
2014/09/15 13:43:07,2,37.80900,-122.30492,9.186,66.810,0.0,-65,1.789,0.333,0.342
2014/09/15 13:43:12,2,37.80779,-122.30486,7.218,54.047,0.0,-51,1.826,0.000,0.347
2014/09/15 13:43:17,2,37.80678,-122.30460,6.234,50.207,0.0,-51,1.520,0.250,0.965
2014/09/15 13:43:22,2,37.80584,-122.30417,6.562,48.765,0.0,-51,1.404,0.333,0.450
2014/09/15 13:43:27,2,37.80499,-122.30361,8.858,47.694,0.0,-51,1.920,0.333,0.406
2014/09/15 13:43:32,2,37.80426,-122.30298,8.530,40.617,0.0,-51,1.913,0.417,0.326
2014/09/15 13:43:37,2,37.80371,-122.30234,8.530,33.886,0.0,-51,2.022,0.625,0.395
2014/09/15 13:43:42,2,37.80328,-122.30174,8.202,32.387,0.0,-51,1.975,0.333,0.353
2014/09/15 13:43:47,2,37.80280,-122.30097,9.186,42.771,0.0,-51,1.840,0.500,0.263
2014/09/15 13:43:52,2,37.80237,-122.29995,5.249,47.866,0.0,-51,1.913,0.583,0.343
2014/09/15 13:43:57,2,37.80202,-122.29877,4.921,50.911,0.0,-51,1.500,0.375,0.750
2014/09/15 13:44:02,2,37.80181,-122.29749,6.890,52.764,0.0,-51,1.317,0.333,0.496
2014/09/15 13:44:07,2,37.80174,-122.29616,17.717,53.290,0.0,-51,1.638,0.375,0.234
2014/09/15 13:44:12,2,37.80176,-122.29481,31.496,53.075,0.0,-63,1.080,0.000,0.682
2014/09/15 13:44:17,2,37.80186,-122.29353,29.199,47.797,0.0,-63,0.593,0.250,0.737
2014/09/15 13:44:22,2,37.80214,-122.29245,21.654,43.602,0.0,-63,1.285,0.250,0.482
2014/09/15 13:44:27,2,37.80266,-122.29165,12.467,37.668,0.0,-63,1.087,0.458,0.489
2014/09/15 13:44:32,2,37.80312,-122.29121,9.186,17.410,0.0,-63,1.214,0.375,0.490
2014/09/15 13:44:37,2,37.80319,-122.29112,11.483,4.662,0.0,-63,1.894,0.000,0.638
2014/09/15 13:44:42,2,37.80328,-122.29101,14.108,7.214,0.0,-53,1.458,0.333,0.213
2014/09/15 13:44:47,2,37.80333,-122.29068,9.186,18.130,0.0,-53,0.779,0.375,0.774
2014/09/15 13:44:52,2,37.80320,-122.29011,12.467,24.997,0.0,-53,0.000,0.375,0.885
2014/09/15 13:44:57,2,37.80309,-122.28967,14.764,10.723,0.0,-53,1.000,0.000,0.576
2014/09/15 13:45:02,2,37.80305,-122.28954,14.764,0.125,0.0,-53,0.920,0.333,0.647
2014/09/15 13:45:07,2,37.80305,-122.28955,16.076,0.773,0.0,-53,1.240,0.000,0.395
2014/09/15 13:45:12,2,37.80306,-122.28956,17.060,0.667,0.0,-53,1.170,0.000,1.002
2014/09/15 13:45:17,2,37.80310,-122.28956,25.919,0.516,0.0,-55,0.824,0.000,0.434
2014/09/15 13:45:22,2,37.80313,-122.28956,30.512,0.148,0.0,-55,1.221,0.042,0.412
2014/09/15 13:45:27,2,37.80310,-122.28950,24.934,0.860,0.0,-55,1.360,0.292,0.278
2014/09/15 13:45:32,2,37.80301,-122.28946,-10.499,0.818,0.0,-55,1.087,0.375,0.922
2014/09/15 13:45:38,2,37.80291,-122.28944,-60.696,0.678,0.0,-55,1.167,0.000,0.503
2014/09/15 13:45:43,2,37.80281,-122.28941,-109.252,0.428,0.0,-55,0.913,0.375,1.122
2014/09/15 13:45:48,2,37.80276,-122.28939,-135.171,2.345,0.0,-57,0.997,0.292,0.494
2014/09/15 13:45:53,2,37.80268,-122.28921,-156.168,11.512,0.0,-57,1.257,0.250,0.338
2014/09/15 13:45:58,2,37.80266,-122.28879,-100.722,23.154,0.0,-57,0.913,0.042,0.476
2014/09/15 13:46:03,2,37.80252,-122.28815,-75.459,25.861,0.0,-57,1.016,0.167,0.334
2014/09/15 13:46:08,2,37.80242,-122.28751,-25.591,28.090,0.0,-57,1.121,0.375,0.642
2014/09/15 13:46:13,2,37.80225,-122.28679,-13.123,30.396,0.0,-57,1.266,0.250,0.880
2014/09/15 13:46:18,2,37.80206,-122.28600,-1.640,33.214,0.0,-55,1.110,0.250,0.430
2014/09/15 13:46:23,2,37.80185,-122.28515,7.218,35.301,0.0,-55,1.467,0.292,0.510
2014/09/15 13:46:06,2,37.80163,-122.28432,8.202,34.490,0.0,-55,1.523,0.000,0.288
2014/09/15 13:46:11,2,37.80142,-122.28353,9.514,32.277,0.0,-55,0.000,0.000,0.247
2014/09/15 13:46:16,2,37.80116,-122.28282,11.483,25.547,0.0,-55,0.000,0.000,3.731
2014/09/15 13:46:21,2,37.80103,-122.28249,12.795,4.781,0.0,-55,0.000,0.000,2.778
2014/09/15 13:46:26,2,37.80103,-122.28247,16.076,0.040,0.0,-55,0.000,0.000,0.719
2014/09/15 13:46:31,2,37.80104,-122.28247,16.404,0.028,0.0,-55,4.279,0.958,0.467
2014/09/15 13:46:36,2,37.80104,-122.28246,15.748,0.046,0.0,-55,0.791,0.167,0.864
2014/09/15 13:46:41,2,37.80104,-122.28246,15.420,0.035,0.0,-55,0.677,0.167,0.586
2014/09/15 13:46:46,2,37.80104,-122.28245,16.076,0.344,0.0,-55,1.170,0.250,0.254
2014/09/15 13:46:51,2,37.80103,-122.28246,18.045,0.005,0.0,-55,1.413,0.208,0.639
2014/09/15 13:46:56,2,37.80102,-122.28244,18.701,5.834,0.0,-55,1.096,0.208,0.750
2014/09/15 13:47:01,2,37.80089,-122.28212,15.748,19.244,0.0,-51,1.010,0.250,0.514
2014/09/15 13:47:06,2,37.80066,-122.28154,17.388,32.135,0.0,-51,0.766,0.000,0.850
2014/09/15 13:47:11,2,37.80034,-122.28075,19.357,36.030,0.0,-51,0.791,0.375,2.146
2014/09/15 13:47:16,2,37.80001,-122.27994,18.701,35.843,0.0,-51,0.225,0.167,1.225
2014/09/15 13:47:21,2,37.79968,-122.27919,21.982,29.478,0.0,-51,0.416,0.167,1.590
2014/09/15 13:47:26,2,37.79934,-122.27856,22.966,30.914,0.0,-51,0.798,0.208,0.329
2014/09/15 13:47:31,2,37.79900,-122.27794,22.638,29.546,0.0,-57,1.484,0.250,0.625
2014/09/15 13:47:36,2,37.79876,-122.27723,24.606,28.363,0.0,-57,1.467,0.000,0.258
2014/09/15 13:47:41,2,37.79861,-122.27659,21.325,17.206,0.0,-57,1.901,0.292,0.294
2014/09/15 13:47:46,2,37.79838,-122.27649,18.373,20.192,0.0,-57,1.609,0.250,0.438
2014/09/15 13:47:51,2,37.79803,-122.27671,18.373,13.376,0.0,-57,1.170,0.292,0.434
2014/09/15 13:47:56,2,37.79785,-122.27656,17.060,15.438,0.0,-57,1.179,0.333,0.238
2014/09/15 13:48:01,2,37.79765,-122.27611,15.092,21.597,0.0,-57,1.087,0.458,0.566
2014/09/15 13:48:06,2,37.79750,-122.27578,15.420,5.751,0.0,-57,0.718,0.167,0.402
2014/09/15 13:48:12,2,37.79750,-122.27576,14.764,0.023,0.0,-57,0.802,0.000,1.138
2014/09/15 13:48:17,2,37.79747,-122.27569,14.436,8.156,0.0,-57,0.798,0.125,0.739
2014/09/15 13:48:22,2,37.79730,-122.27542,13.780,17.450,0.0,-57,0.619,0.167,1.219
2014/09/15 13:48:27,2,37.79710,-122.27501,14.436,20.276,0.0,-57,0.670,0.083,1.534
2014/09/15 13:48:32,2,37.79693,-122.27450,16.404,20.446,0.0,-55,0.390,0.000,1.503
2014/09/15 13:48:37,2,37.79682,-122.27401,16.732,19.234,0.0,-55,0.292,0.083,1.574
2014/09/15 13:48:42,2,37.79663,-122.27354,17.717,20.547,0.0,-55,1.275,0.375,0.351
2014/09/15 13:48:47,2,37.79649,-122.27329,15.420,5.725,0.0,-55,1.440,0.542,0.411
2014/09/15 13:48:52,2,37.79637,-122.27300,14.436,17.364,0.0,-55,1.782,0.458,0.357
2014/09/15 13:48:57,2,37.79620,-122.27255,14.108,21.045,0.0,-55,1.285,0.000,0.319
2014/09/15 13:49:02,2,37.79601,-122.27210,13.451,18.827,0.0,-55,1.487,0.371,0.607
2014/09/15 13:49:07,2,37.79580,-122.27170,11.155,19.178,0.0,-51,1.382,0.000,0.589
2014/09/15 13:49:12,2,37.79565,-122.27126,15.092,17.257,0.0,-51,1.013,0.000,0.678
2014/09/15 13:49:17,2,37.79557,-122.27097,16.076,3.148,0.0,-51,0.368,0.000,2.721
2014/09/15 13:49:22,2,37.79557,-122.27092,14.436,4.487,0.0,-51,0.952,0.042,0.563
2014/09/15 13:49:27,2,37.79547,-122.27067,13.123,15.525,0.0,-51,0.407,0.250,1.246
2014/09/15 13:49:32,2,37.79525,-122.27024,9.186,22.786,0.0,-51,0.455,0.125,2.138
2014/09/15 13:49:37,2,37.79509,-122.26984,9.514,10.424,0.0,-55,0.651,0.000,0.882
2014/09/15 13:49:42,2,37.79509,-122.26963,16.076,10.512,0.0,-55,0.484,0.583,1.562
2014/09/15 13:49:47,2,37.79538,-122.26942,22.638,16.801,0.0,-55,0.183,0.000,3.285
2014/09/15 13:49:52,2,37.79565,-122.26922,23.622,13.273,0.0,-55,0.208,0.000,0.000
2014/09/15 13:49:57,2,37.79565,-122.26887,24.278,19.551,0.0,-55,0.337,0.000,1.410
2014/09/15 13:50:02,2,37.79544,-122.26839,23.294,22.070,0.0,-55,0.481,0.000,1.421
2014/09/15 13:50:07,2,37.79535,-122.26817,23.622,0.083,0.0,-61,0.686,0.000,1.852
2014/09/15 13:50:12,2,37.79535,-122.26817,23.950,0.027,0.0,-61,1.039,0.000,0.415
2014/09/15 13:50:17,2,37.79536,-122.26817,25.262,0.085,0.0,-61,1.163,0.042,0.698
2014/09/15 13:50:22,2,37.79533,-122.26809,27.559,9.277,0.0,-61,0.952,0.292,1.998
2014/09/15 13:50:27,2,37.79521,-122.26777,27.887,16.494,0.0,-61,0.292,0.125,1.842
