Date-Time,DOP,Latitude,Longitude,Altitude (ft),Speed (mph),Heading (deg),mod1 SS (dBm),mod1 Down (Mbs),mod1 Up (Mbs),mod1 Ping (Sec)
2014/10/01 15:27:49,1,38.31022,-122.28573,48.228,26.428,0.0,-81,0.038,0.000,2.385
2014/10/01 15:27:54,1,38.31009,-122.28645,49.541,30.784,0.0,-81,0.057,0.042,0.000
2014/10/01 15:27:59,1,38.30993,-122.28724,52.822,32.687,0.0,-81,0.177,0.042,3.922
2014/10/01 15:28:04,1,38.30978,-122.28805,53.150,32.484,0.0,-81,0.000,0.000,0.000
2014/10/01 15:28:09,1,38.30963,-122.28886,53.478,32.682,0.0,-81,0.077,0.000,0.000
2014/10/01 15:28:14,1,38.30951,-122.28962,59.383,28.632,0.0,-81,0.057,0.000,0.000
2014/10/01 15:28:19,1,38.30937,-122.29037,62.008,31.247,0.0,-113,0.074,0.000,0.000
2014/10/01 15:28:24,1,38.30923,-122.29114,62.664,30.312,0.0,-113,0.071,0.000,0.000
2014/10/01 15:28:29,1,38.30909,-122.29188,67.257,29.582,0.0,-113,0.186,0.000,2.417
2014/10/01 15:28:34,1,38.30899,-122.29254,71.522,21.749,0.0,-113,0.074,0.000,0.000
2014/10/01 15:28:39,1,38.30894,-122.29287,72.178,5.072,0.0,-113,0.096,0.000,6.755
2014/10/01 15:28:44,1,38.30894,-122.29290,71.522,2.783,0.0,-113,0.103,0.000,3.145
2014/10/01 15:28:49,1,38.30889,-122.29316,71.522,15.930,0.0,-81,0.195,0.000,1.342
2014/10/01 15:28:54,1,38.30880,-122.29368,71.850,24.341,0.0,-81,0.218,0.000,0.000
2014/10/01 15:28:59,1,38.30868,-122.29433,73.491,27.561,0.0,-81,0.087,0.000,5.418
2014/10/01 15:29:04,1,38.30858,-122.29492,74.147,18.328,0.0,-81,0.057,0.000,0.000
2014/10/01 15:29:09,1,38.30853,-122.29518,75.459,7.052,0.0,-81,0.000,0.000,0.000
2014/10/01 15:29:14,1,38.30850,-122.29540,75.131,12.130,0.0,-81,0.000,0.000,0.000
2014/10/01 15:29:19,1,38.30842,-122.29581,76.772,19.495,0.0,-81,0.000,0.000,6.734
2014/10/01 15:29:24,1,38.30832,-122.29635,77.428,23.103,0.0,-79,0.000,0.042,0.334
2014/10/01 15:29:29,1,38.30821,-122.29696,80.709,26.075,0.0,-79,0.000,0.375,0.546
2014/10/01 15:29:34,1,38.30809,-122.29763,84.318,27.248,0.0,-79,0.003,0.000,3.202
2014/10/01 15:29:39,1,38.30797,-122.29832,85.958,27.871,0.0,-79,0.032,0.292,0.000
2014/10/01 15:29:44,1,38.30784,-122.29902,88.255,29.078,0.0,-79,0.038,0.000,0.000
2014/10/01 15:29:49,1,38.30771,-122.29972,88.255,23.427,0.0,-79,0.025,0.292,0.000
2014/10/01 15:29:54,1,38.30765,-122.30004,86.614,4.321,0.0,-81,0.029,0.000,0.000
2014/10/01 15:29:59,1,38.30761,-122.30024,86.286,12.851,0.0,-81,0.062,0.125,0.000
2014/10/01 15:30:04,1,38.30754,-122.30069,88.255,21.594,0.0,-81,0.038,0.000,0.000
2014/10/01 15:30:09,1,38.30743,-122.30126,87.927,22.696,0.0,-81,0.000,0.125,0.000
2014/10/01 15:30:14,1,38.30733,-122.30183,89.567,23.974,0.0,-81,0.000,0.250,8.672
2014/10/01 15:30:19,1,38.30722,-122.30248,89.567,27.522,0.0,-81,0.000,1.000,0.390
2014/10/01 15:30:24,1,38.30708,-122.30323,94.488,32.436,0.0,-71,0.003,1.292,0.510
2014/10/01 15:30:29,1,38.30693,-122.30406,110.236,32.065,0.0,-71,0.455,0.000,0.458
2014/10/01 15:30:34,1,38.30681,-122.30482,117.126,28.540,0.0,-71,0.583,0.000,0.918
2014/10/01 15:30:39,1,38.30669,-122.30555,104.659,29.585,0.0,-71,0.337,0.875,1.656
2014/10/01 15:30:44,1,38.30660,-122.30603,97.113,5.853,0.0,-71,0.302,0.000,0.000
2014/10/01 15:30:49,1,38.30659,-122.30604,92.520,0.045,0.0,-71,0.093,0.000,6.780
2014/10/01 15:30:54,1,38.30658,-122.30604,92.192,0.006,0.0,-71,0.115,0.000,0.000
2014/10/01 15:30:59,1,38.30658,-122.30604,91.864,0.031,0.0,-71,0.000,0.000,4.206
2014/10/01 15:31:04,1,38.30658,-122.30605,91.207,0.020,0.0,-71,0.173,0.000,4.145
2014/10/01 15:31:09,2,38.30658,-122.30604,89.895,0.961,0.0,-71,0.176,0.000,0.000
2014/10/01 15:31:14,2,38.30658,-122.30605,88.255,0.126,0.0,-71,0.160,0.000,4.779
2014/10/01 15:31:19,2,38.30658,-122.30605,86.614,0.029,0.0,-71,0.270,0.000,3.130
2014/10/01 15:31:24,2,38.30658,-122.30605,84.974,0.013,0.0,-71,0.365,0.000,1.690
2014/10/01 15:31:29,2,38.30658,-122.30605,83.005,0.029,0.0,-71,0.250,0.000,5.354
2014/10/01 15:31:34,2,38.30657,-122.30607,81.365,2.280,0.0,-71,0.157,0.000,0.000
2014/10/01 15:31:39,2,38.30653,-122.30623,81.693,9.114,0.0,-71,0.154,0.000,6.823
2014/10/01 15:31:44,2,38.30632,-122.30628,85.958,11.132,0.0,-71,0.099,0.000,0.000
2014/10/01 15:31:49,2,38.30600,-122.30626,97.113,16.938,0.0,-71,0.144,0.000,3.319
2014/10/01 15:31:54,2,38.30578,-122.30607,96.129,13.734,0.0,-71,0.247,0.000,2.044
2014/10/01 15:31:59,2,38.30587,-122.30558,89.239,23.792,0.0,-63,0.000,0.042,0.347
2014/10/01 15:32:04,2,38.30581,-122.30494,83.333,28.403,0.0,-63,0.000,0.917,0.366
2014/10/01 15:32:09,2,38.30529,-122.30455,78.084,33.363,0.0,-63,0.003,1.208,0.683
2014/10/01 15:32:14,2,38.30454,-122.30430,75.131,42.189,0.0,-63,0.000,0.375,1.125
2014/10/01 15:32:19,2,38.30364,-122.30399,72.835,49.151,0.0,-63,0.000,1.125,0.554
2014/10/01 15:32:24,2,38.30265,-122.30369,70.538,50.567,0.0,-63,0.000,0.708,0.951
2014/10/01 15:32:29,2,38.30167,-122.30340,70.538,49.696,0.0,-77,0.003,0.000,0.530
2014/10/01 15:32:34,2,38.30067,-122.30311,67.585,51.559,0.0,-77,0.121,0.958,1.191
2014/10/01 15:32:39,2,38.29965,-122.30280,64.633,51.083,0.0,-77,0.363,0.000,1.495
2014/10/01 15:32:44,2,38.29860,-122.30249,61.352,54.820,0.0,-77,0.000,0.000,0.000
2014/10/01 15:32:49,2,38.29744,-122.30215,55.774,61.124,0.0,-77,0.000,0.000,0.626
2014/10/01 15:32:54,2,38.29625,-122.30192,47.244,58.259,0.0,-77,0.006,0.333,0.296
2014/10/01 15:32:59,2,38.29510,-122.30198,42.979,56.746,0.0,-57,0.689,0.583,0.925
2014/10/01 15:33:04,2,38.29396,-122.30218,41.995,57.836,0.0,-57,0.564,0.500,1.407
2014/10/01 15:33:09,1,38.29279,-122.30231,41.667,58.343,0.0,-57,0.387,0.000,1.779
2014/10/01 15:33:14,1,38.29163,-122.30222,37.730,57.170,0.0,-57,0.379,0.250,1.594
2014/10/01 15:33:19,1,38.29051,-122.30196,33.136,56.348,0.0,-57,0.516,0.000,1.253
2014/10/01 15:33:24,1,38.28941,-122.30167,30.512,54.934,0.0,-57,0.275,0.000,2.771
2014/10/01 15:33:29,2,38.28832,-122.30139,25.262,55.487,0.0,-57,0.423,0.125,1.601
2014/10/01 15:33:34,2,38.28722,-122.30110,21.325,56.316,0.0,-67,0.292,0.000,1.098
2014/10/01 15:33:39,2,38.28609,-122.30084,17.388,57.498,0.0,-67,0.365,0.250,1.815
2014/10/01 15:33:44,2,38.28493,-122.30069,19.685,59.038,0.0,-67,0.000,0.000,1.818
2014/10/01 15:33:49,2,38.28376,-122.30063,27.887,57.065,0.0,-67,0.330,0.125,2.587
2014/10/01 15:33:54,2,38.28266,-122.30057,33.793,53.138,0.0,-67,0.352,0.000,3.878
2014/10/01 15:33:59,1,38.28159,-122.30046,36.089,52.816,0.0,-67,0.209,0.000,0.000
2014/10/01 15:34:04,1,38.28048,-122.30029,31.496,58.328,0.0,-59,0.163,0.125,4.963
2014/10/01 15:34:09,1,38.27928,-122.30001,22.966,62.088,0.0,-59,0.186,0.000,0.000
2014/10/01 15:34:14,1,38.27804,-122.29970,18.045,62.965,0.0,-59,0.087,0.083,5.738
2014/10/01 15:34:19,1,38.27679,-122.29940,14.108,62.680,0.0,-59,0.144,0.000,5.710
2014/10/01 15:34:24,1,38.27554,-122.29915,11.155,63.767,0.0,-59,0.157,0.125,1.223
2014/10/01 15:34:29,1,38.27422,-122.29896,9.843,68.114,0.0,-59,0.266,0.000,1.751
2014/10/01 15:34:34,1,38.27284,-122.29881,7.874,68.352,0.0,-61,0.291,0.167,2.312
2014/10/01 15:34:39,1,38.27145,-122.29874,6.562,69.586,0.0,-61,0.286,0.000,2.850
2014/10/01 15:34:44,1,38.27005,-122.29874,6.234,69.167,0.0,-61,0.260,0.125,1.885
2014/10/01 15:34:49,1,38.26867,-122.29881,7.546,68.337,0.0,-61,0.368,0.000,0.710
2014/10/01 15:34:54,1,38.26731,-122.29894,9.186,68.016,0.0,-61,0.987,0.167,0.291
2014/10/01 15:34:59,1,38.26595,-122.29909,10.827,67.258,0.0,-61,1.687,0.208,0.522
2014/10/01 15:35:04,1,38.26462,-122.29923,12.139,65.182,0.0,-63,1.448,0.250,0.510
2014/10/01 15:35:09,1,38.26334,-122.29942,12.795,63.195,0.0,-63,1.442,0.375,0.647
2014/10/01 15:35:14,1,38.26209,-122.29981,13.780,64.281,0.0,-63,1.462,0.458,0.385
2014/10/01 15:35:19,1,38.26091,-122.30044,13.451,63.643,0.0,-63,1.529,0.375,0.333
2014/10/01 15:35:24,1,38.25983,-122.30127,12.467,60.990,0.0,-63,1.102,0.000,0.390
2014/10/01 15:35:29,2,38.25895,-122.30200,12.139,45.876,0.0,-63,1.353,0.000,0.234
2014/10/01 15:35:34,2,38.25825,-122.30250,10.827,38.101,0.0,-63,1.843,0.000,0.522
2014/10/01 15:35:39,2,38.25751,-122.30293,10.499,41.730,0.0,-57,1.407,0.000,0.355
2014/10/01 15:35:44,2,38.25669,-122.30326,10.499,44.263,0.0,-57,1.497,0.000,0.258
2014/10/01 15:35:49,2,38.25579,-122.30351,10.827,46.849,0.0,-57,1.593,0.000,0.306
2014/10/01 15:35:54,2,38.25484,-122.30363,11.811,48.154,0.0,-57,1.387,0.000,0.353
2014/10/01 15:35:59,1,38.25382,-122.30360,10.827,53.863,0.0,-57,1.770,0.042,0.406
2014/10/01 15:36:04,1,38.25269,-122.30337,10.827,58.985,0.0,-57,1.906,0.708,0.804
2014/10/01 15:36:09,1,38.25153,-122.30294,11.483,60.505,0.0,-51,0.904,0.208,1.000
2014/10/01 15:36:14,1,38.25042,-122.30229,11.483,60.664,0.0,-51,1.206,0.333,1.190
2014/10/01 15:36:19,1,38.24943,-122.30144,14.108,59.674,0.0,-51,0.923,0.000,1.195
2014/10/01 15:36:24,1,38.24857,-122.30041,15.092,59.361,0.0,-51,0.609,0.208,1.342
2014/10/01 15:36:29,1,38.24785,-122.29922,15.748,57.170,0.0,-51,0.786,0.333,0.453
2014/10/01 15:36:34,1,38.24728,-122.29789,13.780,59.913,0.0,-51,1.359,0.208,0.326
2014/10/01 15:36:39,1,38.24683,-122.29646,12.139,60.995,0.0,-51,1.436,0.000,0.294
2014/10/01 15:36:44,1,38.24638,-122.29497,13.451,63.940,0.0,-51,1.456,0.708,0.581
2014/10/01 15:36:49,1,38.24592,-122.29345,22.966,62.929,0.0,-51,1.667,0.458,0.423
2014/10/01 15:36:54,1,38.24548,-122.29199,39.042,59.227,0.0,-51,1.525,0.500,0.935
2014/10/01 15:36:59,1,38.24506,-122.29062,60.039,56.836,0.0,-51,1.148,0.292,0.572
2014/10/01 15:37:04,1,38.24468,-122.28928,79.396,55.133,0.0,-51,0.839,0.167,0.270
2014/10/01 15:37:09,1,38.24437,-122.28800,94.816,49.882,0.0,-57,0.564,0.333,2.113
2014/10/01 15:37:14,1,38.24412,-122.28682,105.315,47.061,0.0,-57,1.234,0.000,1.038
2014/10/01 15:37:19,1,38.24390,-122.28564,112.861,46.860,0.0,-57,1.103,0.417,1.563
2014/10/01 15:37:24,2,38.24372,-122.28445,117.126,47.951,0.0,-57,0.974,0.208,0.479
2014/10/01 15:37:29,2,38.24356,-122.28323,118.110,49.678,0.0,-57,1.093,0.000,0.530
2014/10/01 15:37:34,2,38.24342,-122.28193,116.142,52.687,0.0,-57,0.555,0.167,0.451
2014/10/01 15:37:39,2,38.24326,-122.28057,111.220,54.944,0.0,-57,1.256,0.292,0.494
2014/10/01 15:37:44,2,38.24312,-122.27928,105.315,41.647,0.0,-63,1.279,0.250,0.864
2014/10/01 15:37:49,2,38.24305,-122.27854,101.706,23.615,0.0,-63,1.055,0.458,0.507
2014/10/01 15:37:54,2,38.24302,-122.27786,98.753,29.670,0.0,-63,0.923,0.500,0.978
2014/10/01 15:37:59,2,38.24300,-122.27713,95.801,25.415,0.0,-63,0.875,0.458,0.623
2014/10/01 15:38:04,2,38.24298,-122.27660,94.160,18.130,0.0,-63,0.736,0.458,0.398
2014/10/01 15:38:09,2,38.24296,-122.27617,92.192,15.394,0.0,-63,1.052,0.000,0.630
2014/10/01 15:38:14,2,38.24295,-122.27590,91.535,8.333,0.0,-51,0.952,0.167,0.987
2014/10/01 15:38:19,2,38.24294,-122.27569,90.551,9.982,0.0,-51,0.837,0.167,1.187
2014/10/01 15:38:24,2,38.24293,-122.27550,89.895,3.254,0.0,-51,0.788,0.250,1.117
2014/10/01 15:38:29,2,38.24293,-122.27539,89.567,4.776,0.0,-51,0.763,0.000,2.175
2014/10/01 15:38:34,2,38.24292,-122.27524,88.911,8.923,0.0,-51,0.660,0.250,0.611
2014/10/01 15:38:39,2,38.24291,-122.27509,88.255,1.224,0.0,-51,0.590,0.083,0.794
2014/10/01 15:38:44,2,38.24291,-122.27509,88.255,0.035,0.0,-67,0.539,0.167,0.799
2014/10/01 15:38:49,2,38.24291,-122.27509,88.583,0.040,0.0,-67,0.747,0.000,0.807
2014/10/01 15:38:54,2,38.24291,-122.27507,88.583,2.623,0.0,-67,0.983,0.167,0.394
2014/10/01 15:38:59,2,38.24291,-122.27496,88.255,5.349,0.0,-67,0.606,0.167,0.575
2014/10/01 15:39:04,2,38.24290,-122.27482,87.598,5.982,0.0,-67,0.590,0.000,0.469
2014/10/01 15:39:10,2,38.24289,-122.27468,86.942,3.071,0.0,-67,0.371,0.333,2.339
2014/10/01 15:39:15,2,38.24289,-122.27458,86.614,5.197,0.0,-61,0.237,0.292,2.903
2014/10/01 15:39:20,2,38.24288,-122.27439,85.302,10.008,0.0,-61,0.275,0.167,0.000
2014/10/01 15:39:25,2,38.24284,-122.27404,83.661,17.609,0.0,-61,0.083,0.000,6.327
2014/10/01 15:39:30,2,38.24278,-122.27351,81.037,23.097,0.0,-61,0.125,0.083,0.000
2014/10/01 15:39:35,2,38.24268,-122.27290,78.412,25.436,0.0,-61,0.128,0.083,6.655
2014/10/01 15:39:40,1,38.24254,-122.27228,75.787,23.280,0.0,-61,0.237,0.000,0.951
2014/10/01 15:39:45,1,38.24243,-122.27185,73.491,12.781,0.0,-61,0.340,0.000,1.608
2014/10/01 15:39:50,1,38.24238,-122.27168,72.835,2.562,0.0,-63,0.567,0.000,1.870
2014/10/01 15:39:55,1,38.24236,-122.27163,72.178,2.323,0.0,-63,0.747,0.000,0.602
2014/10/01 15:40:00,1,38.24236,-122.27161,72.178,0.036,0.0,-63,0.635,0.000,0.527
2014/10/01 15:40:05,1,38.24236,-122.27161,71.522,0.027,0.0,-63,0.464,0.042,0.935
2014/10/01 15:40:10,1,38.24236,-122.27161,71.522,0.028,0.0,-63,0.494,0.208,1.178
2014/10/01 15:40:15,1,38.24235,-122.27159,71.194,2.154,0.0,-63,0.750,0.292,0.922
2014/10/01 15:40:20,1,38.24232,-122.27149,70.210,4.742,0.0,-61,0.533,0.667,0.961
2014/10/01 15:40:25,1,38.24231,-122.27146,69.226,0.446,0.0,-61,0.868,0.000,0.552
2014/10/01 15:40:30,1,38.24231,-122.27145,69.226,0.112,0.0,-61,0.317,0.458,1.861
2014/10/01 15:40:35,1,38.24231,-122.27145,68.570,0.049,0.0,-61,0.439,0.125,3.334
2014/10/01 15:40:40,1,38.24229,-122.27139,68.241,6.335,0.0,-61,0.667,0.000,0.938
2014/10/01 15:40:45,1,38.24220,-122.27113,66.929,14.801,0.0,-61,0.000,0.375,0.976
2014/10/01 15:40:50,1,38.24203,-122.27069,64.961,22.375,0.0,-59,0.510,0.000,0.000
2014/10/01 15:40:55,1,38.24178,-122.27011,62.008,28.963,0.0,-59,0.000,0.000,0.000
2014/10/01 15:41:00,1,38.24142,-122.26939,59.055,35.975,0.0,-59,0.000,0.000,0.000
2014/10/01 15:41:05,1,38.24097,-122.26864,56.759,38.257,0.0,-59,0.000,0.000,0.000
2014/10/01 15:41:10,1,38.24044,-122.26792,55.774,37.770,0.0,-59,0.000,0.000,0.266
2014/10/01 15:41:15,2,38.23986,-122.26722,58.071,42.212,0.0,-59,0.000,0.000,0.526
2014/10/01 15:41:20,2,38.23924,-122.26650,60.039,42.556,0.0,-61,0.003,0.042,0.455
2014/10/01 15:41:25,2,38.23859,-122.26575,61.680,44.200,0.0,-61,0.178,0.125,2.186
2014/10/01 15:41:30,2,38.23792,-122.26498,63.320,45.960,0.0,-61,0.246,0.000,4.830
2014/10/01 15:41:35,2,38.23722,-122.26418,64.304,47.959,0.0,-61,0.114,0.167,1.990
2014/10/01 15:41:40,2,38.23650,-122.26333,65.289,49.092,0.0,-61,0.287,0.000,0.690
2014/10/01 15:41:45,2,38.23575,-122.26246,66.273,52.159,0.0,-61,0.134,0.208,0.000
2014/10/01 15:41:50,2,38.23494,-122.26152,66.601,56.760,0.0,-61,0.057,0.000,5.779
2014/10/01 15:41:55,2,38.23405,-122.26057,65.945,57.782,0.0,-67,0.067,0.000,0.000
2014/10/01 15:42:00,2,38.23307,-122.25976,65.289,58.662,0.0,-67,0.000,0.167,8.103
2014/10/01 15:42:05,2,38.23202,-122.25917,64.304,55.716,0.0,-67,0.000,0.000,0.909
2014/10/01 15:42:10,2,38.23101,-122.25879,60.696,49.480,0.0,-67,0.000,0.917,0.000
2014/10/01 15:42:15,2,38.23006,-122.25860,56.430,46.296,0.0,-67,0.000,0.000,0.000
2014/10/01 15:42:20,2,38.22916,-122.25851,52.822,45.330,0.0,-67,0.000,0.083,0.774
2014/10/01 15:42:25,2,38.22826,-122.25844,49.541,44.177,0.0,-55,0.000,0.250,1.568
2014/10/01 15:42:30,2,38.22738,-122.25835,48.556,44.410,0.0,-55,0.000,0.000,1.674
2014/10/01 15:42:35,2,38.22656,-122.25828,50.197,37.788,0.0,-55,0.003,0.208,0.000
2014/10/01 15:42:40,2,38.22581,-122.25821,52.493,37.201,0.0,-55,0.000,0.167,3.448
2014/10/01 15:42:45,2,38.22537,-122.25818,53.806,6.271,0.0,-55,0.000,0.208,2.155
2014/10/01 15:42:50,1,38.22536,-122.25818,54.134,0.017,0.0,-55,0.000,0.208,2.591
2014/10/01 15:42:55,1,38.22537,-122.25817,55.118,0.823,0.0,-51,0.000,0.250,1.610
2014/10/01 15:43:00,1,38.22535,-122.25817,55.446,0.075,0.0,-51,0.003,0.208,2.187
2014/10/01 15:43:05,1,38.22535,-122.25817,56.102,0.087,0.0,-51,0.044,0.250,2.176
2014/10/01 15:43:10,1,38.22536,-122.25817,56.759,0.187,0.0,-51,0.202,0.000,1.859
2014/10/01 15:43:15,1,38.22534,-122.25816,56.759,3.175,0.0,-51,0.180,0.125,4.351
2014/10/01 15:43:20,1,38.22522,-122.25815,57.087,9.989,0.0,-51,0.192,0.167,3.534
2014/10/01 15:43:25,1,38.22486,-122.25812,57.743,23.307,0.0,-51,0.192,0.000,0.000
2014/10/01 15:43:30,1,38.22437,-122.25808,59.383,25.523,0.0,-51,0.186,0.000,3.507
2014/10/01 15:43:35,1,38.22384,-122.25804,61.024,28.037,0.0,-51,0.113,0.167,0.000
2014/10/01 15:43:40,1,38.22324,-122.25799,62.992,31.274,0.0,-51,0.163,0.000,6.597
2014/10/01 15:43:45,1,38.22258,-122.25793,64.633,35.640,0.0,-51,0.118,0.000,6.195
2014/10/01 15:43:50,1,38.22180,-122.25786,67.585,41.193,0.0,-51,0.116,0.000,0.000
2014/10/01 15:43:55,1,38.22094,-122.25778,70.538,43.358,0.0,-59,0.198,0.000,2.719
2014/10/01 15:44:00,1,38.22005,-122.25770,73.819,44.938,0.0,-59,0.186,0.000,3.606
2014/10/01 15:44:05,1,38.21916,-122.25758,75.459,46.189,0.0,-59,0.170,0.000,4.073
2014/10/01 15:44:10,1,38.21817,-122.25743,76.115,50.738,0.0,-59,0.186,0.000,0.000
2014/10/01 15:44:15,1,38.21717,-122.25726,74.147,49.256,0.0,-59,0.074,0.000,7.226
2014/10/01 15:44:20,2,38.21615,-122.25710,69.226,50.743,0.0,-59,0.071,0.000,0.000
2014/10/01 15:44:25,2,38.21513,-122.25694,64.961,50.545,0.0,-59,0.074,0.000,0.000
2014/10/01 15:44:30,2,38.21412,-122.25677,62.664,50.440,0.0,-69,0.000,0.000,1.331
2014/10/01 15:44:35,2,38.21314,-122.25663,63.648,46.425,0.0,-69,0.003,0.000,0.623
2014/10/01 15:44:40,2,38.21226,-122.25653,63.320,43.926,0.0,-69,0.083,0.000,1.711
2014/10/01 15:44:45,2,38.21137,-122.25647,62.336,43.388,0.0,-69,0.070,0.000,0.000
2014/10/01 15:44:50,2,38.21053,-122.25642,61.352,40.943,0.0,-69,0.000,0.000,0.000
2014/10/01 15:44:55,1,38.20976,-122.25638,60.696,37.592,0.0,-69,0.046,0.000,0.000
2014/10/01 15:45:00,1,38.20907,-122.25634,60.367,28.618,0.0,-77,0.041,0.000,0.000
2014/10/01 15:45:05,1,38.20863,-122.25632,59.711,15.824,0.0,-77,0.000,0.000,8.414
2014/10/01 15:45:10,1,38.20849,-122.25631,60.039,0.030,0.0,-77,0.000,0.042,0.675
2014/10/01 15:45:15,1,38.20849,-122.25631,60.039,0.104,0.0,-77,0.000,0.000,1.091
2014/10/01 15:45:20,1,38.20849,-122.25631,60.696,0.047,0.0,-77,0.000,0.167,3.692
2014/10/01 15:45:25,1,38.20849,-122.25631,61.024,0.028,0.0,-77,0.000,0.000,4.789
2014/10/01 15:45:30,1,38.20849,-122.25631,60.696,0.022,0.0,-77,0.000,0.125,0.000
2014/10/01 15:45:35,1,38.20849,-122.25631,60.367,0.013,0.0,-77,0.000,0.083,6.567
2014/10/01 15:45:40,1,38.20848,-122.25631,60.039,1.348,0.0,-77,0.000,0.000,1.507
2014/10/01 15:45:45,1,38.20832,-122.25631,60.367,14.601,0.0,-77,0.000,0.250,2.198
2014/10/01 15:45:50,1,38.20792,-122.25628,60.039,23.410,0.0,-77,0.000,0.250,1.227
2014/10/01 15:45:55,1,38.20738,-122.25625,60.696,29.016,0.0,-77,0.000,0.208,1.394
2014/10/01 15:46:00,1,38.20676,-122.25622,61.680,32.033,0.0,-69,0.003,0.250,2.558
2014/10/01 15:46:05,1,38.20608,-122.25621,61.352,36.855,0.0,-69,0.025,0.000,1.799
2014/10/01 15:46:10,1,38.20529,-122.25622,59.711,41.518,0.0,-69,0.160,0.000,3.626
2014/10/01 15:46:15,1,38.20442,-122.25622,55.774,44.770,0.0,-69,0.170,0.000,0.000
2014/10/01 15:46:20,1,38.20349,-122.25624,50.197,46.560,0.0,-69,0.000,0.208,0.000
2014/10/01 15:46:25,1,38.20254,-122.25625,44.948,47.262,0.0,-69,0.000,0.000,0.000
2014/10/01 15:46:30,1,38.20159,-122.25626,41.010,46.855,0.0,-69,0.000,0.083,1.965
2014/10/01 15:46:35,1,38.20068,-122.25627,39.042,44.415,0.0,-69,0.000,0.167,2.234
2014/10/01 15:46:40,1,38.19978,-122.25628,38.714,43.511,0.0,-69,0.000,0.000,3.625
2014/10/01 15:46:45,1,38.19896,-122.25629,40.026,36.961,0.0,-69,0.000,0.167,0.000
2014/10/01 15:46:50,1,38.19832,-122.25630,42.323,25.674,0.0,-69,0.000,0.125,4.331
2014/10/01 15:46:55,1,38.19801,-122.25630,43.307,4.303,0.0,-69,0.000,0.000,3.931
2014/10/01 15:47:00,1,38.19798,-122.25631,40.682,0.302,0.0,-69,0.000,0.167,0.000
2014/10/01 15:47:05,1,38.19789,-122.25630,40.682,9.375,0.0,-65,0.000,0.083,5.630
2014/10/01 15:47:10,1,38.19761,-122.25630,41.667,16.338,0.0,-65,0.003,0.208,1.191
2014/10/01 15:47:15,1,38.19728,-122.25631,43.635,14.887,0.0,-65,0.044,0.167,2.472
2014/10/01 15:47:20,1,38.19702,-122.25631,44.619,9.666,0.0,-65,0.156,0.000,3.518
2014/10/01 15:47:25,1,38.19692,-122.25632,45.276,6.633,0.0,-65,0.179,0.208,3.029
2014/10/01 15:47:30,1,38.19676,-122.25632,46.916,10.435,0.0,-65,0.083,0.167,0.914
2014/10/01 15:47:35,1,38.19653,-122.25632,47.572,10.944,0.0,-57,0.000,0.208,2.335
2014/10/01 15:47:40,1,38.19631,-122.25632,47.572,11.501,0.0,-57,0.051,0.000,1.382
2014/10/01 15:47:45,1,38.19605,-122.25632,47.244,8.650,0.0,-57,0.000,0.167,1.310
2014/10/01 15:47:50,1,38.19585,-122.25631,46.916,13.115,0.0,-57,0.000,0.250,1.432
2014/10/01 15:47:55,1,38.19554,-122.25630,47.244,16.053,0.0,-57,0.000,0.000,1.630
2014/10/01 15:48:00,1,38.19519,-122.25627,47.572,18.902,0.0,-57,0.000,0.250,0.000
2014/10/01 15:48:05,1,38.19478,-122.25622,48.556,21.352,0.0,-57,0.000,0.000,9.510
2014/10/01 15:48:10,1,38.19437,-122.25617,49.213,19.551,0.0,-57,0.000,0.042,1.351
2014/10/01 15:48:15,1,38.19400,-122.25612,49.541,17.897,0.0,-57,0.003,0.250,1.890
2014/10/01 15:48:20,1,38.19366,-122.25607,50.853,16.989,0.0,-57,0.063,0.250,2.094
2014/10/01 15:48:25,1,38.19330,-122.25602,52.822,16.798,0.0,-57,0.163,0.000,0.000
2014/10/01 15:48:30,1,38.19292,-122.25596,56.430,20.829,0.0,-57,0.202,0.125,3.718
2014/10/01 15:48:35,1,38.19249,-122.25590,60.696,20.345,0.0,-57,0.000,0.208,3.450
2014/10/01 15:48:40,1,38.19218,-122.25587,64.633,14.949,0.0,-53,0.000,0.250,1.551
2014/10/01 15:48:45,1,38.19182,-122.25582,67.913,19.000,0.0,-53,0.000,0.000,1.278
2014/10/01 15:48:50,1,38.19141,-122.25578,71.194,21.049,0.0,-53,0.000,0.250,2.383
2014/10/01 15:48:55,1,38.19096,-122.25574,74.475,22.255,0.0,-53,0.000,0.250,1.599
2014/10/01 15:49:00,1,38.19048,-122.25570,77.428,23.608,0.0,-53,0.000,0.167,2.518
2014/10/01 15:49:05,1,38.19001,-122.25567,78.740,24.127,0.0,-53,0.000,0.250,2.042
2014/10/01 15:49:10,1,38.18950,-122.25563,79.724,24.514,0.0,-53,0.000,0.000,1.383
2014/10/01 15:49:15,1,38.18913,-122.25561,80.709,11.170,0.0,-53,0.000,0.250,1.819
2014/10/01 15:49:20,1,38.18902,-122.25560,81.693,1.821,0.0,-53,0.000,0.167,0.000
2014/10/01 15:49:25,1,38.18897,-122.25558,83.005,4.435,0.0,-53,0.000,0.000,5.992
2014/10/01 15:49:30,1,38.18877,-122.25557,83.661,13.238,0.0,-53,0.000,0.083,2.530
2014/10/01 15:49:35,1,38.18848,-122.25555,83.005,16.225,0.0,-53,0.000,0.167,2.251
2014/10/01 15:49:40,1,38.18810,-122.25552,81.693,20.576,0.0,-57,0.000,0.250,2.259
2014/10/01 15:49:45,1,38.18764,-122.25549,79.396,24.274,0.0,-57,0.000,0.000,1.503
2014/10/01 15:49:50,1,38.18712,-122.25546,74.803,26.056,0.0,-57,0.000,0.250,1.691
2014/10/01 15:49:55,1,38.18659,-122.25543,68.898,26.334,0.0,-57,0.003,0.250,1.951
2014/10/01 15:50:00,1,38.18611,-122.25542,63.320,21.971,0.0,-57,0.092,0.250,0.978
2014/10/01 15:50:05,1,38.18574,-122.25542,57.415,15.923,0.0,-57,0.173,0.208,1.170
2014/10/01 15:50:10,1,38.18556,-122.25541,60.039,6.020,0.0,-53,0.207,0.000,0.000
2014/10/01 15:50:15,1,38.18553,-122.25542,59.383,0.459,0.0,-53,0.000,0.167,2.116
2014/10/01 15:50:20,2,38.18553,-122.25542,61.352,0.026,0.0,-53,0.152,0.167,2.866
2014/10/01 15:50:25,2,38.18554,-122.25542,62.664,0.116,0.0,-53,0.003,0.250,1.255
2014/10/01 15:50:30,2,38.18554,-122.25542,63.320,0.009,0.0,-53,0.041,0.208,1.547
2014/10/01 15:50:35,2,38.18554,-122.25542,64.304,0.015,0.0,-53,0.147,0.167,1.882
2014/10/01 15:50:40,2,38.18554,-122.25541,62.992,3.455,0.0,-53,0.075,0.000,3.616
2014/10/01 15:50:45,2,38.18537,-122.25541,58.727,12.049,0.0,-63,0.086,0.083,3.950
2014/10/01 15:50:50,2,38.18507,-122.25541,55.118,16.557,0.0,-63,0.098,0.083,2.009
2014/10/01 15:50:55,2,38.18468,-122.25542,50.853,20.169,0.0,-63,0.068,0.000,2.498
2014/10/01 15:51:00,2,38.18421,-122.25543,49.541,24.343,0.0,-63,0.165,0.167,1.890
2014/10/01 15:51:05,2,38.18369,-122.25544,49.869,26.375,0.0,-63,0.193,0.167,2.191
2014/10/01 15:51:10,2,38.18316,-122.25541,49.869,25.363,0.0,-63,0.168,0.250,0.000
2014/10/01 15:51:15,2,38.18271,-122.25539,50.197,18.785,0.0,-67,0.186,0.167,2.306
2014/10/01 15:51:20,2,38.18239,-122.25535,50.197,8.858,0.0,-67,0.144,0.000,2.615
2014/10/01 15:51:25,2,38.18232,-122.25535,51.181,0.075,0.0,-67,0.183,0.292,2.286
2014/10/01 15:51:30,1,38.18232,-122.25535,50.197,0.080,0.0,-67,0.176,0.167,2.947
2014/10/01 15:51:35,1,38.18232,-122.25534,49.213,0.049,0.0,-67,0.202,0.000,2.535
2014/10/01 15:51:40,1,38.18232,-122.25534,49.213,0.016,0.0,-67,0.192,0.042,2.947
2014/10/01 15:51:45,1,38.18232,-122.25534,48.556,0.047,0.0,-71,0.212,0.042,2.914
2014/10/01 15:51:50,1,38.18232,-122.25534,48.228,0.055,0.0,-71,0.003,0.000,0.000
2014/10/01 15:51:55,1,38.18232,-122.25534,48.556,0.043,0.0,-71,0.019,0.083,3.669
2014/10/01 15:52:00,1,38.18230,-122.25533,47.900,2.981,0.0,-71,0.076,0.208,3.530
2014/10/01 15:52:05,1,38.18219,-122.25531,46.916,7.752,0.0,-71,0.177,0.000,3.059
2014/10/01 15:52:10,1,38.18196,-122.25527,46.260,13.989,0.0,-71,0.195,0.083,0.000
2014/10/01 15:52:15,1,38.18163,-122.25522,45.276,17.927,0.0,-61,0.176,0.000,4.234
2014/10/01 15:52:20,1,38.18122,-122.25515,44.291,23.133,0.0,-61,0.196,0.125,3.522
2014/10/01 15:52:25,1,38.18072,-122.25507,43.635,26.131,0.0,-61,0.192,0.000,3.582
2014/10/01 15:52:30,1,38.18017,-122.25498,42.979,29.472,0.0,-61,0.000,0.375,2.502
2014/10/01 15:52:35,1,38.17957,-122.25488,42.651,31.017,0.0,-61,0.003,0.333,1.823
2014/10/01 15:52:40,1,38.17892,-122.25477,43.307,33.904,0.0,-61,0.086,0.208,0.000
2014/10/01 15:52:45,1,38.17820,-122.25465,43.963,38.246,0.0,-61,0.160,0.125,3.106
2014/10/01 15:52:50,1,38.17741,-122.25452,44.619,40.639,0.0,-63,0.180,0.000,3.530
2014/10/01 15:52:55,1,38.17659,-122.25438,45.276,40.935,0.0,-63,0.000,0.000,0.000
2014/10/01 15:53:00,1,38.17576,-122.25424,45.932,42.087,0.0,-63,0.000,0.125,6.958
2014/10/01 15:53:05,1,38.17493,-122.25410,46.588,41.657,0.0,-63,0.000,0.000,1.114
2014/10/01 15:53:10,1,38.17412,-122.25396,47.244,39.178,0.0,-63,0.000,0.333,1.807
2014/10/01 15:53:15,1,38.17338,-122.25384,47.244,35.903,0.0,-63,0.000,0.125,0.000
2014/10/01 15:53:20,1,38.17267,-122.25372,45.932,36.146,0.0,-65,0.000,0.000,0.000
2014/10/01 15:53:25,1,38.17193,-122.25360,43.963,37.505,0.0,-65,0.000,0.000,0.000
2014/10/01 15:53:30,1,38.17119,-122.25347,41.339,37.597,0.0,-65,0.000,0.083,0.000
2014/10/01 15:53:35,1,38.17056,-122.25337,39.698,20.864,0.0,-65,0.000,0.000,0.000
2014/10/01 15:53:40,1,38.17029,-122.25332,39.370,8.006,0.0,-65,0.000,0.125,1.791
2014/10/01 15:53:45,1,38.17026,-122.25332,39.698,0.023,0.0,-65,0.000,0.250,1.287
2014/10/01 15:53:50,1,38.17026,-122.25332,40.682,0.016,0.0,-59,0.003,0.208,2.450
2014/10/01 15:53:55,1,38.17026,-122.25332,41.010,0.037,0.0,-59,0.044,0.000,2.026
2014/10/01 15:54:00,1,38.17016,-122.25330,41.339,7.329,0.0,-59,0.170,0.250,2.815
2014/10/01 15:54:05,1,38.16993,-122.25326,41.010,15.917,0.0,-59,0.000,0.083,0.000
2014/10/01 15:54:10,1,38.16954,-122.25319,40.026,21.328,0.0,-59,0.000,0.000,5.387
2014/10/01 15:54:15,1,38.16908,-122.25312,39.042,24.239,0.0,-59,0.000,0.125,0.425
2014/10/01 15:54:20,1,38.16859,-122.25304,39.370,24.775,0.0,-59,0.000,0.208,1.087
2014/10/01 15:54:25,1,38.16805,-122.25297,39.698,28.532,0.0,-59,0.000,0.250,2.107
2014/10/01 15:54:30,1,38.16749,-122.25291,38.058,27.275,0.0,-59,0.000,0.208,2.379
2014/10/01 15:54:35,1,38.16705,-122.25288,37.402,15.065,0.0,-59,0.000,0.250,1.303
2014/10/01 15:54:40,1,38.16687,-122.25288,36.745,2.808,0.0,-59,0.000,0.208,1.172
2014/10/01 15:54:45,1,38.16686,-122.25288,36.089,0.057,0.0,-59,0.000,0.000,0.000
2014/10/01 15:54:50,2,38.16686,-122.25288,35.433,0.042,0.0,-59,0.000,0.250,0.962
2014/10/01 15:54:55,2,38.16685,-122.25288,36.089,0.012,0.0,-51,0.000,0.208,1.851
2014/10/01 15:55:00,2,38.16685,-122.25288,36.417,0.062,0.0,-51,0.000,0.250,0.919
2014/10/01 15:55:05,2,38.16685,-122.25288,37.402,0.027,0.0,-51,0.000,0.208,1.603
2014/10/01 15:55:10,2,38.16685,-122.25288,38.386,0.031,0.0,-51,0.003,0.208,1.683
2014/10/01 15:55:15,2,38.16685,-122.25288,39.370,0.031,0.0,-51,0.044,0.000,1.994
2014/10/01 15:55:20,2,38.16685,-122.25288,41.667,0.060,0.0,-51,0.202,0.250,2.322
2014/10/01 15:55:25,2,38.16685,-122.25288,45.276,0.080,0.0,-51,0.202,0.125,3.193
2014/10/01 15:55:30,2,38.16685,-122.25288,48.885,0.030,0.0,-51,0.211,0.000,0.000
2014/10/01 15:55:35,2,38.16685,-122.25288,49.869,0.119,0.0,-51,0.190,0.250,3.167
2014/10/01 15:55:40,2,38.16676,-122.25287,50.525,11.948,0.0,-51,0.202,0.000,3.251
2014/10/01 15:55:45,2,38.16638,-122.25288,47.244,23.874,0.0,-51,0.196,0.208,3.571
2014/10/01 15:55:50,2,38.16581,-122.25291,44.619,33.030,0.0,-51,0.189,0.000,0.000
2014/10/01 15:55:55,2,38.16505,-122.25295,43.635,41.507,0.0,-51,0.000,0.000,0.000
2014/10/01 15:56:00,2,38.16414,-122.25303,37.073,46.771,0.0,-51,0.000,0.000,0.000
2014/10/01 15:56:05,2,38.16320,-122.25309,31.168,47.561,0.0,-51,0.000,0.000,0.000
2014/10/01 15:56:10,2,38.16223,-122.25316,25.591,49.713,0.0,-51,0.000,0.250,7.984
2014/10/01 15:56:15,2,38.16122,-122.25324,22.966,51.040,0.0,-51,0.003,0.000,1.718
2014/10/01 15:56:20,2,38.16018,-122.25331,21.982,51.312,0.0,-51,0.000,0.208,5.143
2014/10/01 15:56:25,2,38.15921,-122.25339,20.669,45.947,0.0,-53,0.000,0.000,2.175
2014/10/01 15:56:30,2,38.15833,-122.25345,19.357,42.806,0.0,-53,0.000,0.333,1.657
2014/10/01 15:56:35,2,38.15746,-122.25352,18.373,44.597,0.0,-53,0.000,0.000,0.000
2014/10/01 15:56:40,2,38.15653,-122.25358,16.732,48.316,0.0,-53,0.003,0.250,2.403
2014/10/01 15:56:45,2,38.15561,-122.25366,22.310,43.274,0.0,-53,0.000,0.208,2.051
2014/10/01 15:56:50,2,38.15478,-122.25379,22.966,39.602,0.0,-53,0.000,0.250,3.983
2014/10/01 15:56:55,2,38.15397,-122.25392,22.638,42.401,0.0,-53,0.000,0.000,2.437
2014/10/01 15:57:01,2,38.15310,-122.25406,21.654,42.709,0.0,-61,0.000,0.208,1.871
2014/10/01 15:57:06,2,38.15230,-122.25418,21.654,37.878,0.0,-61,0.000,0.250,2.310
2014/10/01 15:57:11,2,38.15158,-122.25430,22.638,34.419,0.0,-61,0.000,0.208,1.951
2014/10/01 15:57:16,2,38.15098,-122.25440,23.950,27.246,0.0,-61,0.000,0.208,1.251
2014/10/01 15:57:21,2,38.15050,-122.25448,23.950,22.067,0.0,-61,0.003,0.250,1.570
2014/10/01 15:57:26,2,38.15008,-122.25454,24.606,20.757,0.0,-61,0.051,0.000,2.343
2014/10/01 15:57:31,2,38.14961,-122.25461,23.950,26.996,0.0,-57,0.000,0.208,1.290
2014/10/01 15:57:36,2,38.14899,-122.25471,23.622,34.159,0.0,-57,0.000,0.250,2.117
2014/10/01 15:57:41,2,38.14830,-122.25482,23.294,32.231,0.0,-57,0.000,0.208,1.531
2014/10/01 15:57:46,2,38.14778,-122.25490,23.294,21.167,0.0,-57,0.003,0.250,1.018
2014/10/01 15:57:51,2,38.14752,-122.25495,23.294,7.533,0.0,-57,0.073,0.000,0.000
2014/10/01 15:57:56,2,38.14748,-122.25495,24.934,0.049,0.0,-57,0.103,0.000,3.794
2014/10/01 15:58:01,2,38.14749,-122.25496,27.231,0.032,0.0,-63,0.063,0.208,0.000
2014/10/01 15:58:06,2,38.14749,-122.25496,28.543,0.034,0.0,-63,0.000,0.125,7.846
2014/10/01 15:58:11,2,38.14748,-122.25496,29.528,0.045,0.0,-63,0.000,0.000,0.000
2014/10/01 15:58:16,2,38.14749,-122.25496,30.512,0.003,0.0,-63,0.000,0.000,0.000
2014/10/01 15:58:21,2,38.14749,-122.25496,31.496,0.086,0.0,-63,0.000,0.000,0.000
2014/10/01 15:58:26,2,38.14749,-122.25496,33.136,0.082,0.0,-63,0.000,0.000,0.000
2014/10/01 15:58:31,2,38.14749,-122.25496,34.121,0.020,0.0,-65,0.000,0.000,0.565
2014/10/01 15:58:36,2,38.14749,-122.25496,34.121,0.034,0.0,-65,0.003,0.042,0.975
2014/10/01 15:58:41,2,38.14749,-122.25496,34.449,0.024,0.0,-65,0.124,0.208,1.747
2014/10/01 15:58:46,2,38.14749,-122.25496,34.121,0.041,0.0,-65,0.206,0.208,3.027
2014/10/01 15:58:51,2,38.14743,-122.25497,33.465,8.910,0.0,-65,0.189,0.000,0.000
2014/10/01 15:58:56,2,38.14714,-122.25501,31.496,19.941,0.0,-65,0.000,0.333,3.391
2014/10/01 15:59:01,2,38.14660,-122.25510,28.871,31.732,0.0,-65,0.000,0.000,1.346
2014/10/01 15:59:06,2,38.14588,-122.25522,24.278,39.552,0.0,-77,0.000,0.083,4.051
2014/10/01 15:59:11,2,38.14501,-122.25536,20.669,46.144,0.0,-77,0.000,0.208,1.631
2014/10/01 15:59:16,2,38.14407,-122.25552,19.357,47.066,0.0,-77,0.000,0.292,2.387
2014/10/01 15:59:21,2,38.14314,-122.25566,19.029,44.872,0.0,-77,0.000,0.000,1.463
2014/10/01 15:59:26,2,38.14226,-122.25580,18.045,45.391,0.0,-77,0.000,0.292,2.295
2014/10/01 15:59:31,2,38.14132,-122.25595,17.717,48.258,0.0,-77,0.000,0.292,2.125
2014/10/01 15:59:36,2,38.14054,-122.25608,16.404,30.482,0.0,-65,0.000,0.000,0.000
2014/10/01 15:59:41,2,38.13996,-122.25615,15.748,29.866,0.0,-65,0.000,0.000,0.000
2014/10/01 15:59:46,2,38.13927,-122.25625,15.092,36.404,0.0,-65,0.000,0.000,0.000
2014/10/01 15:59:51,2,38.13849,-122.25635,14.436,37.814,0.0,-65,0.000,0.208,4.501
2014/10/01 15:59:56,2,38.13775,-122.25648,10.171,34.144,0.0,-65,0.000,0.000,0.000
2014/10/01 16:00:01,2,38.13736,-122.25697,8.530,26.611,0.0,-65,0.000,0.000,0.000
2014/10/01 16:00:06,2,38.13771,-122.25744,21.325,31.116,0.0,-51,0.000,0.083,9.722
2014/10/01 16:00:11,2,38.13839,-122.25711,31.496,42.691,0.0,-51,0.000,0.208,1.239
2014/10/01 16:00:16,2,38.13924,-122.25654,40.026,52.076,0.0,-51,0.000,0.000,1.912
2014/10/01 16:00:21,2,38.14018,-122.25575,50.525,59.587,0.0,-51,0.000,0.292,5.610
2014/10/01 16:00:26,2,38.14106,-122.25463,57.415,63.006,0.0,-51,0.000,0.000,0.000
2014/10/01 16:00:31,2,38.14177,-122.25324,63.976,66.449,0.0,-51,0.000,0.208,2.851
2014/10/01 16:00:36,2,38.14224,-122.25178,66.929,53.464,0.0,-57,0.000,0.000,2.891
2014/10/01 16:00:41,2,38.14245,-122.25044,68.570,54.480,0.0,-57,0.000,0.167,3.411
2014/10/01 16:00:46,2,38.14250,-122.24914,69.554,47.940,0.0,-57,0.000,0.208,1.971
2014/10/01 16:00:51,2,38.14240,-122.24798,68.241,44.578,0.0,-57,0.000,0.208,1.211
2014/10/01 16:00:56,2,38.14227,-122.24685,65.617,46.596,0.0,-57,0.000,0.292,2.171
2014/10/01 16:01:01,2,38.14211,-122.24563,64.961,49.376,0.0,-57,0.000,0.000,2.308
2014/10/01 16:01:06,2,38.14196,-122.24436,66.929,50.462,0.0,-57,0.003,0.250,2.529
2014/10/01 16:01:11,2,38.14180,-122.24306,72.835,51.908,0.0,-75,0.044,0.208,2.162
2014/10/01 16:01:16,2,38.14164,-122.24176,83.333,52.168,0.0,-75,0.003,0.000,2.487
2014/10/01 16:01:21,2,38.14149,-122.24041,96.129,53.609,0.0,-75,0.060,0.125,0.000
2014/10/01 16:01:26,2,38.14134,-122.23907,108.596,52.944,0.0,-75,0.000,0.208,5.730
2014/10/01 16:01:31,2,38.14127,-122.23776,119.423,49.700,0.0,-75,0.057,0.000,2.429
2014/10/01 16:01:36,2,38.14125,-122.23644,123.688,53.713,0.0,-75,0.103,0.292,2.430
2014/10/01 16:01:41,2,38.14124,-122.23505,124.016,55.347,0.0,-65,0.195,0.208,1.391
2014/10/01 16:01:46,2,38.14123,-122.23363,117.782,56.767,0.0,-65,0.117,0.208,1.010
2014/10/01 16:01:51,2,38.14123,-122.23222,109.580,50.658,0.0,-65,0.140,0.000,1.191
2014/10/01 16:01:56,2,38.14130,-122.23087,108.596,56.719,0.0,-65,0.143,0.167,1.871
2014/10/01 16:02:01,2,38.14132,-122.22939,109.252,59.331,0.0,-65,0.000,0.000,2.550
2014/10/01 16:02:06,2,38.14132,-122.22789,108.924,57.616,0.0,-65,0.092,0.208,2.270
2014/10/01 16:02:11,2,38.14133,-122.22634,108.268,62.627,0.0,-67,0.107,0.000,1.673
2014/10/01 16:02:16,2,38.14131,-122.22477,113.845,58.206,0.0,-67,0.102,0.208,2.871
2014/10/01 16:02:21,2,38.14116,-122.22365,124.672,37.649,0.0,-67,0.117,0.000,0.000
2014/10/01 16:02:26,2,38.14086,-122.22279,137.139,37.245,0.0,-67,0.079,0.208,3.306
2014/10/01 16:02:31,2,38.14044,-122.22195,141.076,39.570,0.0,-67,0.095,0.125,3.650
2014/10/01 16:02:36,2,38.13990,-122.22118,131.234,40.979,0.0,-67,0.089,0.083,2.847
2014/10/01 16:02:41,2,38.13925,-122.22050,114.501,41.976,0.0,-59,0.177,0.208,2.415
2014/10/01 16:02:46,2,38.13860,-122.21979,104.331,44.190,0.0,-59,0.102,0.000,0.000
2014/10/01 16:02:51,2,38.13793,-122.21898,117.454,46.318,0.0,-59,0.000,0.000,0.000
2014/10/01 16:02:56,2,38.13763,-122.21788,126.640,45.804,0.0,-59,0.000,0.167,1.103
2014/10/01 16:03:01,2,38.13762,-122.21669,124.344,48.445,0.0,-59,0.000,0.333,1.396
2014/10/01 16:03:06,2,38.13764,-122.21545,125.984,46.877,0.0,-59,0.003,0.208,1.747
2014/10/01 16:03:11,2,38.13765,-122.21449,134.514,31.035,0.0,-59,0.000,0.000,2.998
2014/10/01 16:03:16,2,38.13766,-122.21384,140.748,20.096,0.0,-85,0.044,0.292,0.000
2014/10/01 16:03:21,2,38.13765,-122.21365,141.404,0.077,0.0,-85,0.054,0.000,4.363
2014/10/01 16:03:26,2,38.13765,-122.21364,141.076,0.031,0.0,-85,0.095,0.000,0.000
2014/10/01 16:03:31,2,38.13764,-122.21364,141.732,0.106,0.0,-85,0.000,0.000,0.000
2014/10/01 16:03:36,2,38.13764,-122.21363,141.076,0.602,0.0,-85,0.000,0.000,0.000
2014/10/01 16:03:41,2,38.13764,-122.21362,141.404,0.020,0.0,-85,0.000,0.000,0.000
2014/10/01 16:03:46,2,38.13764,-122.21362,141.732,0.039,0.0,-87,0.000,0.000,0.000
2014/10/01 16:03:51,2,38.13764,-122.21362,141.076,0.013,0.0,-87,0.000,0.000,0.000
2014/10/01 16:03:56,2,38.13763,-122.21362,141.732,0.056,0.0,-87,0.000,0.000,0.000
2014/10/01 16:04:01,2,38.13763,-122.21362,143.045,0.105,0.0,-87,0.000,0.083,0.000
2014/10/01 16:04:06,2,38.13764,-122.21362,145.341,0.036,0.0,-87,0.000,0.000,0.000
2014/10/01 16:04:11,2,38.13764,-122.21363,147.966,0.050,0.0,-87,0.000,0.000,0.000
2014/10/01 16:04:16,2,38.13764,-122.21363,147.310,0.013,0.0,-87,0.000,0.000,0.000
2014/10/01 16:04:21,2,38.13764,-122.21362,145.997,0.095,0.0,-87,0.000,0.083,1.674
2014/10/01 16:04:26,2,38.13763,-122.21363,146.325,0.301,0.0,-87,0.003,0.125,2.599
2014/10/01 16:04:31,2,38.13763,-122.21362,145.669,0.081,0.0,-87,0.000,0.000,0.000
2014/10/01 16:04:36,2,38.13763,-122.21362,143.701,0.093,0.0,-87,0.000,0.208,3.311
2014/10/01 16:04:41,2,38.13765,-122.21359,143.701,4.774,0.0,-87,0.000,0.000,0.000
2014/10/01 16:04:46,2,38.13774,-122.21364,147.638,14.971,0.0,-81,0.000,0.000,0.000
2014/10/01 16:04:51,2,38.13771,-122.21416,150.919,26.907,0.0,-81,0.000,0.000,0.000
2014/10/01 16:04:56,2,38.13771,-122.21498,129.921,35.702,0.0,-81,0.000,0.083,6.490
2014/10/01 16:05:01,2,38.13771,-122.21598,116.470,39.945,0.0,-81,0.000,0.000,0.000
2014/10/01 16:05:06,2,38.13772,-122.21702,114.829,41.496,0.0,-81,0.000,0.083,6.370
2014/10/01 16:05:11,2,38.13787,-122.21802,128.937,38.596,0.0,-81,0.000,0.208,2.369
2014/10/01 16:05:16,2,38.13830,-122.21880,147.310,37.707,0.0,-81,0.000,0.000,2.191
2014/10/01 16:05:21,2,38.13892,-122.21939,175.525,38.376,0.0,-61,0.000,0.292,0.000
2014/10/01 16:05:26,2,38.13959,-122.22000,189.304,43.079,0.0,-61,0.003,0.208,4.108
2014/10/01 16:05:31,2,38.14028,-122.22064,179.462,41.990,0.0,-61,0.044,0.000,2.183
2014/10/01 16:05:36,2,38.14090,-122.22099,173.556,29.903,0.0,-61,0.186,0.208,2.265
2014/10/01 16:05:41,2,38.14129,-122.22044,187.008,32.425,0.0,-61,0.187,0.125,3.999
2014/10/01 16:05:46,2,38.14102,-122.21972,182.087,33.922,0.0,-61,0.170,0.000,0.000
2014/10/01 16:05:51,2,38.14030,-122.21962,164.370,42.234,0.0,-75,0.054,0.000,0.000
2014/10/01 16:05:56,2,38.13941,-122.22012,125.656,53.331,0.0,-75,0.000,0.208,0.000
2014/10/01 16:06:01,2,38.13839,-122.22072,115.814,59.933,0.0,-75,0.000,0.083,4.658
2014/10/01 16:06:06,2,38.13726,-122.22142,98.425,62.146,0.0,-75,0.000,0.000,0.000
2014/10/01 16:06:11,2,38.13616,-122.22213,90.223,61.512,0.0,-75,0.000,0.125,2.835
2014/10/01 16:06:16,2,38.13503,-122.22284,85.958,63.477,0.0,-75,0.000,0.167,1.711
2014/10/01 16:06:21,2,38.13389,-122.22357,82.021,63.696,0.0,-73,0.000,0.208,2.311
2014/10/01 16:06:26,2,38.13275,-122.22430,77.756,63.365,0.0,-73,0.000,0.000,0.000
2014/10/01 16:06:31,2,38.13163,-122.22501,77.100,60.612,0.0,-73,0.000,0.125,5.730
2014/10/01 16:06:36,2,38.13052,-122.22572,81.365,62.912,0.0,-73,0.000,0.000,4.230
2014/10/01 16:06:41,2,38.12939,-122.22644,86.286,62.877,0.0,-73,0.000,0.083,2.957
2014/10/01 16:06:46,2,38.12827,-122.22715,88.255,62.260,0.0,-73,0.000,0.000,0.000
2014/10/01 16:06:51,2,38.12714,-122.22787,90.879,63.391,0.0,-75,0.000,0.083,3.580
2014/10/01 16:06:56,2,38.12601,-122.22859,97.113,62.948,0.0,-75,0.000,0.000,3.191
2014/10/01 16:07:01,2,38.12488,-122.22929,107.940,61.926,0.0,-75,0.000,0.000,0.807
2014/10/01 16:07:06,2,38.12349,-122.22993,115.486,61.630,0.0,-75,0.000,0.000,0.000
2014/10/01 16:07:11,2,38.12229,-122.23030,112.205,61.254,0.0,-75,0.000,0.000,9.419
2014/10/01 16:07:16,2,38.12108,-122.23050,107.940,57.885,0.0,-75,0.000,0.000,0.251
2014/10/01 16:07:21,2,38.12009,-122.23052,105.315,47.059,0.0,-79,0.000,0.000,0.285
2014/10/01 16:07:26,2,38.11908,-122.23041,100.722,54.363,0.0,-79,0.000,0.000,0.239
2014/10/01 16:07:31,2,38.11795,-122.23032,97.441,57.706,0.0,-79,0.000,0.000,0.207
2014/10/01 16:07:36,2,38.11677,-122.23022,98.097,59.995,0.0,-79,0.003,0.000,0.388
2014/10/01 16:07:41,2,38.11554,-122.23012,91.864,62.447,0.0,-79,0.070,0.000,3.470
2014/10/01 16:07:46,2,38.11426,-122.23002,72.835,65.257,0.0,-79,0.295,0.000,1.015
2014/10/01 16:07:51,2,38.11292,-122.22991,54.790,67.703,0.0,-79,0.234,0.000,4.299
2014/10/01 16:07:56,2,38.11156,-122.22980,43.635,68.001,0.0,-83,0.003,0.000,0.231
2014/10/01 16:08:01,2,38.11019,-122.22973,39.698,66.197,0.0,-83,0.727,0.000,0.935
2014/10/01 16:08:06,2,38.10886,-122.22974,35.761,66.402,0.0,-83,0.555,0.000,0.707
2014/10/01 16:08:11,2,38.10754,-122.22977,32.480,64.274,0.0,-83,0.833,0.000,0.000
2014/10/01 16:08:16,2,38.10625,-122.22978,29.199,63.561,0.0,-83,0.596,0.000,0.000
2014/10/01 16:08:21,2,38.10500,-122.22980,22.966,61.812,0.0,-83,0.289,0.000,0.000
2014/10/01 16:08:26,2,38.10373,-122.22982,26.247,63.376,0.0,-67,0.365,0.000,1.816
2014/10/01 16:08:31,2,38.10248,-122.22984,29.528,59.416,0.0,-67,0.388,0.000,1.975
2014/10/01 16:08:36,2,38.10140,-122.22985,34.449,50.285,0.0,-67,0.226,0.000,2.428
2014/10/01 16:08:41,2,38.10043,-122.22986,44.948,47.537,0.0,-67,0.127,0.000,3.006
2014/10/01 16:08:46,2,38.09942,-122.22989,59.383,49.320,0.0,-67,0.161,0.000,0.000
2014/10/01 16:08:51,2,38.09841,-122.22990,69.554,52.039,0.0,-67,0.429,0.000,0.853
2014/10/01 16:08:56,2,38.09733,-122.22991,79.068,54.983,0.0,-73,0.092,0.000,1.942
2014/10/01 16:09:01,2,38.09621,-122.22993,88.911,55.711,0.0,-73,0.195,0.000,0.000
2014/10/01 16:09:06,2,38.09508,-122.22997,85.302,56.681,0.0,-73,0.106,0.000,4.595
2014/10/01 16:09:11,2,38.09386,-122.23011,55.118,62.232,0.0,-73,0.244,0.000,0.431
2014/10/01 16:09:16,2,38.09259,-122.23029,37.730,64.022,0.0,-73,1.202,0.000,0.678
2014/10/01 16:09:21,2,38.09134,-122.23061,31.168,63.275,0.0,-73,0.003,0.000,0.539
2014/10/01 16:09:26,2,38.09016,-122.23107,30.184,61.022,0.0,-51,0.667,0.000,1.170
2014/10/01 16:09:31,2,38.08900,-122.23156,19.685,61.464,0.0,-51,0.714,0.000,0.479
2014/10/01 16:09:36,2,38.08783,-122.23205,17.717,60.894,0.0,-51,0.635,0.000,1.003
2014/10/01 16:09:41,2,38.08672,-122.23253,29.856,57.865,0.0,-51,0.291,0.000,2.526
2014/10/01 16:09:46,2,38.08558,-122.23293,40.026,59.509,0.0,-51,0.391,0.000,0.302
2014/10/01 16:09:51,2,38.08439,-122.23324,54.462,61.611,0.0,-51,0.847,0.000,0.295
2014/10/01 16:09:56,2,38.08314,-122.23342,50.853,62.307,0.0,-51,1.397,0.000,0.278
2014/10/01 16:10:01,2,38.08190,-122.23346,50.197,61.449,0.0,-51,1.301,0.000,0.247
2014/10/01 16:10:06,2,38.08067,-122.23338,51.181,61.726,0.0,-51,0.750,0.000,0.253
2014/10/01 16:10:11,2,38.07943,-122.23317,58.727,62.264,0.0,-51,1.023,0.000,0.307
2014/10/01 16:10:16,2,38.07823,-122.23283,74.475,60.326,0.0,-51,0.766,0.000,0.511
2014/10/01 16:10:21,2,38.07708,-122.23239,88.583,59.400,0.0,-51,0.849,0.000,1.362
2014/10/01 16:10:26,2,38.07596,-122.23181,92.520,60.043,0.0,-51,0.548,0.000,2.383
2014/10/01 16:10:31,2,38.07488,-122.23107,94.816,62.227,0.0,-55,0.478,0.000,0.553
2014/10/01 16:10:36,2,38.07382,-122.23028,103.018,59.932,0.0,-55,0.930,0.000,0.275
2014/10/01 16:10:41,2,38.07280,-122.22951,119.423,58.911,0.0,-55,0.524,0.000,1.587
2014/10/01 16:10:46,2,38.07179,-122.22877,135.827,56.989,0.0,-55,0.555,0.000,1.202
2014/10/01 16:10:51,2,38.07075,-122.22819,147.638,56.953,0.0,-55,0.273,0.000,0.797
2014/10/01 16:10:56,2,38.06968,-122.22770,155.840,56.373,0.0,-55,0.378,0.000,1.511
2014/10/01 16:11:01,2,38.06860,-122.22721,160.761,56.885,0.0,-51,0.349,0.000,1.946
2014/10/01 16:11:06,2,38.06750,-122.22685,161.745,56.418,0.0,-51,0.366,0.000,1.450
2014/10/01 16:11:11,2,38.06636,-122.22675,160.105,57.832,0.0,-51,0.545,0.000,0.850
2014/10/01 16:11:16,2,38.06515,-122.22666,168.963,62.788,0.0,-51,0.717,0.000,0.478
2014/10/01 16:11:21,2,38.06389,-122.22657,172.572,63.539,0.0,-51,0.309,0.000,0.907
2014/10/01 16:11:26,2,38.06261,-122.22648,173.228,63.996,0.0,-51,0.400,0.000,0.719
2014/10/01 16:11:31,2,38.06132,-122.22640,170.604,64.587,0.0,-51,0.567,0.000,0.538
2014/10/01 16:11:36,2,38.06000,-122.22630,164.370,66.849,0.0,-51,0.599,0.000,0.274
2014/10/01 16:11:41,2,38.05866,-122.22621,154.528,67.407,0.0,-51,1.039,0.000,0.307
2014/10/01 16:11:46,2,38.05731,-122.22610,147.966,65.881,0.0,-51,0.821,0.000,0.657
2014/10/01 16:11:51,2,38.05601,-122.22602,137.467,64.789,0.0,-51,0.415,0.000,0.718
2014/10/01 16:11:56,2,38.05473,-122.22621,131.562,63.772,0.0,-51,0.454,0.000,0.498
2014/10/01 16:12:01,2,38.05360,-122.22697,138.451,64.748,0.0,-51,0.494,0.000,0.945
2014/10/01 16:12:06,2,38.05265,-122.22815,150.591,66.369,0.0,-51,0.130,0.000,0.299
2014/10/01 16:12:11,2,38.05170,-122.22937,160.761,67.967,0.0,-51,0.441,0.000,0.238
2014/10/01 16:12:16,2,38.05076,-122.23060,175.525,65.547,0.0,-51,0.732,0.000,0.374
2014/10/01 16:12:21,2,38.04988,-122.23175,192.257,62.535,0.0,-51,0.776,0.000,1.297
2014/10/01 16:12:26,2,38.04901,-122.23291,208.005,63.625,0.0,-51,0.575,0.000,0.306
2014/10/01 16:12:31,2,38.04814,-122.23411,215.879,64.934,0.0,-51,0.312,0.000,0.779
2014/10/01 16:12:36,2,38.04728,-122.23535,214.895,64.473,0.0,-61,0.341,0.000,0.803
2014/10/01 16:12:41,2,38.04644,-122.23654,212.598,62.088,0.0,-61,0.922,0.000,0.286
2014/10/01 16:12:46,2,38.04560,-122.23773,209.318,62.749,0.0,-61,1.458,0.000,0.274
2014/10/01 16:12:51,2,38.04476,-122.23893,205.381,64.267,0.0,-61,1.519,0.000,0.271
2014/10/01 16:12:56,2,38.04388,-122.24018,200.787,66.333,0.0,-61,1.275,0.000,0.230
2014/10/01 16:13:01,2,38.04301,-122.24141,199.803,63.745,0.0,-61,1.126,0.000,0.366
2014/10/01 16:13:06,2,38.04216,-122.24262,199.475,64.004,0.0,-51,1.230,0.000,0.427
2014/10/01 16:13:11,2,38.04129,-122.24386,198.163,65.705,0.0,-51,0.868,0.000,0.294
2014/10/01 16:13:16,2,38.04041,-122.24511,196.850,65.972,0.0,-51,0.984,0.000,0.427
2014/10/01 16:13:21,2,38.03952,-122.24637,195.866,66.649,0.0,-51,0.980,0.000,0.298
2014/10/01 16:13:26,2,38.03862,-122.24756,195.538,63.739,0.0,-51,1.338,0.000,0.266
2014/10/01 16:13:31,2,38.03759,-122.24858,194.226,65.718,0.0,-51,0.586,0.000,0.359
2014/10/01 16:13:36,2,38.03649,-122.24961,191.601,68.680,0.0,-61,0.594,0.000,0.399
2014/10/01 16:13:41,2,38.03538,-122.25064,190.289,68.509,0.0,-61,0.343,0.000,0.679
2014/10/01 16:13:46,2,38.03428,-122.25166,186.680,67.039,0.0,-61,0.657,0.000,0.494
2014/10/01 16:13:51,2,38.03318,-122.25268,182.415,67.705,0.0,-61,0.879,0.000,0.279
2014/10/01 16:13:56,2,38.03209,-122.25370,175.197,67.306,0.0,-61,0.561,0.000,0.615
2014/10/01 16:14:01,2,38.03103,-122.25469,162.402,65.385,0.0,-61,0.977,0.000,0.402
2014/10/01 16:14:06,2,38.02991,-122.25573,146.654,71.987,0.0,-61,1.042,0.000,0.423
2014/10/01 16:14:11,2,38.02870,-122.25682,130.906,74.036,0.0,-63,0.258,0.000,2.026
2014/10/01 16:14:16,2,38.02754,-122.25787,117.126,68.562,0.0,-63,0.633,0.000,0.546
2014/10/01 16:14:21,2,38.02643,-122.25890,103.018,68.958,0.0,-63,0.501,0.000,0.410
2014/10/01 16:14:26,2,38.02534,-122.25992,87.270,67.630,0.0,-63,0.486,0.000,0.805
2014/10/01 16:14:31,2,38.02425,-122.26094,72.835,66.880,0.0,-63,0.244,0.000,0.960
2014/10/01 16:14:36,2,38.02316,-122.26195,61.680,67.372,0.0,-63,0.113,0.000,0.318
2014/10/01 16:14:41,2,38.02206,-122.26297,61.680,67.503,0.0,-65,0.340,0.000,1.807
2014/10/01 16:14:46,2,38.02098,-122.26397,74.803,65.322,0.0,-65,0.460,0.000,0.485
2014/10/01 16:14:51,2,38.01994,-122.26493,88.911,61.893,0.0,-65,0.655,0.000,0.419
2014/10/01 16:14:56,2,38.01897,-122.26583,103.675,58.569,0.0,-65,0.360,0.000,0.835
2014/10/01 16:15:01,2,38.01803,-122.26669,110.892,57.910,0.0,-65,0.261,0.000,0.438
2014/10/01 16:15:06,2,38.01706,-122.26759,108.596,61.523,0.0,-65,0.520,0.000,0.331
2014/10/01 16:15:11,2,38.01604,-122.26852,102.034,61.858,0.0,-51,0.465,0.000,0.266
2014/10/01 16:15:16,2,38.01504,-122.26946,89.567,63.385,0.0,-51,0.405,0.000,0.847
2014/10/01 16:15:21,2,38.01399,-122.27044,75.787,66.155,0.0,-51,0.336,0.000,0.443
2014/10/01 16:15:26,2,38.01292,-122.27144,78.740,64.962,0.0,-51,0.557,0.000,0.398
2014/10/01 16:15:31,2,38.01187,-122.27240,83.661,63.834,0.0,-51,0.823,0.000,1.009
2014/10/01 16:15:36,2,38.01084,-122.27337,82.677,64.401,0.0,-51,0.510,0.000,0.843
2014/10/01 16:15:41,2,38.00977,-122.27436,76.115,66.667,0.0,-51,0.853,0.000,0.382
2014/10/01 16:15:46,2,38.00870,-122.27535,74.803,65.983,0.0,-51,0.547,0.000,0.846
2014/10/01 16:15:51,2,38.00763,-122.27635,85.630,66.316,0.0,-51,0.759,0.000,0.258
2014/10/01 16:15:56,2,38.00655,-122.27734,95.144,65.299,0.0,-51,1.146,0.000,0.294
2014/10/01 16:16:01,2,38.00551,-122.27831,106.955,63.563,0.0,-51,0.733,0.000,0.726
2014/10/01 16:16:06,2,38.00449,-122.27926,117.454,62.539,0.0,-51,0.343,0.000,0.678
2014/10/01 16:16:11,2,38.00348,-122.28019,129.593,61.077,0.0,-51,0.288,0.000,1.093
2014/10/01 16:16:16,2,38.00248,-122.28111,133.858,62.830,0.0,-67,0.756,0.000,0.758
2014/10/01 16:16:21,2,38.00147,-122.28205,129.921,63.763,0.0,-67,0.494,0.000,1.522
2014/10/01 16:16:26,2,38.00041,-122.28304,120.735,66.867,0.0,-67,0.420,0.000,0.312
2014/10/01 16:16:31,2,37.99932,-122.28407,101.050,68.437,0.0,-67,0.253,0.000,1.343
2014/10/01 16:16:36,2,37.99821,-122.28511,85.630,67.078,0.0,-67,0.060,0.000,3.331
2014/10/01 16:16:41,2,37.99722,-122.28616,71.850,64.053,0.0,-67,0.000,0.000,0.000
2014/10/01 16:16:46,2,37.99634,-122.28742,63.976,68.440,0.0,-61,0.000,0.000,6.091
2014/10/01 16:16:51,2,37.99561,-122.28894,71.850,70.452,0.0,-61,0.000,0.000,0.251
2014/10/01 16:16:56,2,37.99509,-122.29058,88.583,67.927,0.0,-61,0.003,0.000,0.416
2014/10/01 16:17:01,2,37.99481,-122.29218,104.659,62.651,0.0,-61,0.275,0.000,0.371
2014/10/01 16:17:06,2,37.99459,-122.29378,118.438,64.613,0.0,-61,0.195,0.000,5.127
2014/10/01 16:17:11,2,37.99436,-122.29538,132.546,63.273,0.0,-61,0.106,0.000,0.000
2014/10/01 16:17:16,2,37.99415,-122.29694,146.325,61.505,0.0,-65,0.036,0.000,0.000
2014/10/01 16:17:21,2,37.99393,-122.29846,158.793,61.075,0.0,-65,0.000,0.000,9.792
2014/10/01 16:17:26,2,37.99372,-122.30000,168.635,61.948,0.0,-65,0.000,0.000,3.767
2014/10/01 16:17:31,2,37.99350,-122.30157,177.493,63.541,0.0,-65,0.000,0.000,0.000
2014/10/01 16:17:36,2,37.99327,-122.30318,185.696,65.169,0.0,-65,0.000,0.000,0.000
2014/10/01 16:17:41,2,37.99299,-122.30479,197.835,65.366,0.0,-65,0.000,0.000,0.000
2014/10/01 16:17:46,2,37.99258,-122.30637,205.709,65.468,0.0,-53,0.000,0.000,0.233
2014/10/01 16:17:51,2,37.99203,-122.30789,212.270,65.620,0.0,-53,0.000,0.000,0.242
2014/10/01 16:17:56,2,37.99137,-122.30932,219.160,65.036,0.0,-53,0.000,0.000,0.248
2014/10/01 16:18:01,2,37.99059,-122.31065,226.050,65.401,0.0,-53,0.000,0.000,0.234
2014/10/01 16:18:06,2,37.98976,-122.31193,233.268,64.656,0.0,-53,0.000,0.000,0.227
2014/10/01 16:18:11,2,37.98882,-122.31306,238.517,65.467,0.0,-53,0.000,0.000,0.227
2014/10/01 16:18:16,2,37.98777,-122.31409,242.454,66.678,0.0,-53,0.000,0.000,0.228
2014/10/01 16:18:21,2,37.98664,-122.31496,246.391,65.571,0.0,-55,0.000,0.000,0.224
2014/10/01 16:18:26,2,37.98543,-122.31564,246.063,65.285,0.0,-55,0.000,0.000,0.231
2014/10/01 16:18:31,2,37.98419,-122.31612,247.703,64.388,0.0,-55,0.000,0.000,0.204
2014/10/01 16:18:36,2,37.98292,-122.31643,251.312,64.273,0.0,-55,0.000,0.000,0.235
2014/10/01 16:18:41,2,37.98164,-122.31673,254.921,63.670,0.0,-55,0.000,0.000,0.236
2014/10/01 16:18:46,2,37.98042,-122.31709,255.906,61.948,0.0,-55,0.000,0.000,0.235
2014/10/01 16:18:51,2,37.97921,-122.31750,260.171,62.610,0.0,-113,0.000,0.000,0.228
2014/10/01 16:18:56,2,37.97799,-122.31791,258.530,64.486,0.0,-113,0.000,0.000,0.231
2014/10/01 16:19:01,2,37.97672,-122.31834,247.375,65.809,0.0,-113,0.000,0.000,0.524
2014/10/01 16:19:06,2,37.97545,-122.31877,229.003,65.855,0.0,-113,0.000,0.000,0.261
2014/10/01 16:19:11,2,37.97416,-122.31919,214.567,65.790,0.0,-113,0.000,0.000,0.261
2014/10/01 16:19:16,2,37.97288,-122.31962,196.850,66.056,0.0,-113,0.000,0.000,0.231
2014/10/01 16:19:21,2,37.97159,-122.32006,180.774,66.713,0.0,-75,0.000,0.000,0.227
2014/10/01 16:19:26,2,37.97029,-122.32049,164.698,66.880,0.0,-75,0.000,0.000,0.207
2014/10/01 16:19:31,2,37.96899,-122.32093,147.638,67.181,0.0,-75,0.000,0.000,0.255
2014/10/01 16:19:36,2,37.96771,-122.32144,129.921,65.103,0.0,-75,0.000,0.000,0.211
2014/10/01 16:19:41,2,37.96662,-122.32225,113.189,62.377,0.0,-75,0.000,0.000,0.252
2014/10/01 16:19:46,2,37.96572,-122.32339,100.066,64.576,0.0,-75,0.000,0.000,0.236
2014/10/01 16:19:51,2,37.96499,-122.32475,87.270,65.261,0.0,-51,0.000,0.000,0.265
2014/10/01 16:19:56,2,37.96424,-122.32615,78.740,67.095,0.0,-51,0.000,0.000,0.231
2014/10/01 16:20:02,2,37.96349,-122.32756,77.100,67.153,0.0,-51,0.000,0.000,0.263
2014/10/01 16:20:07,2,37.96260,-122.32884,84.974,65.996,0.0,-51,0.000,0.000,0.211
2014/10/01 16:20:12,2,37.96159,-122.32978,99.738,60.361,0.0,-51,0.000,0.000,0.231
2014/10/01 16:20:17,2,37.96052,-122.33039,115.157,58.121,0.0,-51,0.000,0.000,0.275
2014/10/01 16:20:22,2,37.95937,-122.33071,123.031,59.927,0.0,-51,0.000,0.000,0.295
2014/10/01 16:20:27,2,37.95813,-122.33073,123.688,63.008,0.0,-63,0.000,0.000,0.236
2014/10/01 16:20:32,2,37.95688,-122.33040,121.719,63.982,0.0,-63,0.000,0.000,0.231
2014/10/01 16:20:37,2,37.95569,-122.32978,120.735,61.947,0.0,-63,0.000,0.000,0.235
2014/10/01 16:20:42,2,37.95453,-122.32910,123.360,63.358,0.0,-63,0.000,0.000,0.263
2014/10/01 16:20:47,2,37.95337,-122.32844,124.344,63.291,0.0,-63,0.000,0.000,0.243
2014/10/01 16:20:52,2,37.95218,-122.32782,124.344,64.254,0.0,-63,0.000,0.000,0.255
2014/10/01 16:20:57,2,37.95096,-122.32724,118.438,65.106,0.0,-61,0.000,0.000,0.248
2014/10/01 16:21:02,2,37.94974,-122.32665,111.549,64.806,0.0,-61,0.000,0.000,0.543
2014/10/01 16:21:07,2,37.94853,-122.32607,104.659,63.521,0.0,-61,0.000,0.000,0.211
2014/10/01 16:21:12,2,37.94733,-122.32550,99.081,63.537,0.0,-61,0.000,0.000,0.228
2014/10/01 16:21:17,2,37.94614,-122.32493,92.192,63.712,0.0,-61,0.000,0.000,0.226
2014/10/01 16:21:22,2,37.94494,-122.32435,86.286,63.113,0.0,-61,0.000,0.000,0.235
2014/10/01 16:21:27,2,37.94374,-122.32392,80.381,62.302,0.0,-79,0.000,0.000,0.217
2014/10/01 16:21:32,2,37.94245,-122.32386,80.052,65.087,0.0,-79,0.000,0.000,0.243
2014/10/01 16:21:37,2,37.94120,-122.32423,84.646,64.999,0.0,-79,0.000,0.000,0.231
2014/10/01 16:21:42,2,37.94001,-122.32483,87.927,63.795,0.0,-79,0.000,0.000,0.495
2014/10/01 16:21:47,2,37.93884,-122.32543,90.551,61.988,0.0,-79,0.000,0.000,0.243
2014/10/01 16:21:52,2,37.93770,-122.32601,92.520,61.054,0.0,-79,0.000,0.000,0.227
2014/10/01 16:21:57,2,37.93655,-122.32659,92.848,61.419,0.0,-77,0.000,0.000,0.228
2014/10/01 16:22:02,2,37.93534,-122.32693,87.598,61.359,0.0,-77,0.000,0.000,0.223
2014/10/01 16:22:07,2,37.93412,-122.32681,81.365,61.196,0.0,-77,0.000,0.000,0.215
2014/10/01 16:22:12,2,37.93298,-122.32626,82.677,61.049,0.0,-77,0.000,0.000,0.215
2014/10/01 16:22:17,2,37.93189,-122.32550,87.598,61.250,0.0,-77,0.000,0.000,0.249
2014/10/01 16:22:22,2,37.93081,-122.32475,85.302,61.622,0.0,-77,0.000,0.000,0.251
2014/10/01 16:22:27,2,37.92971,-122.32400,75.459,62.544,0.0,-77,0.000,0.000,0.235
2014/10/01 16:22:32,2,37.92858,-122.32323,64.961,65.079,0.0,-61,0.000,0.000,0.230
2014/10/01 16:22:37,2,37.92741,-122.32244,64.304,65.500,0.0,-61,0.000,0.000,0.242
2014/10/01 16:22:42,2,37.92627,-122.32163,69.882,65.150,0.0,-61,0.000,0.000,0.278
2014/10/01 16:22:47,2,37.92512,-122.32082,71.522,65.386,0.0,-61,0.000,0.000,0.223
2014/10/01 16:22:52,2,37.92396,-122.31996,61.024,67.808,0.0,-61,0.000,0.000,0.226
2014/10/01 16:22:57,2,37.92280,-122.31909,52.822,65.925,0.0,-61,0.000,0.000,0.230
2014/10/01 16:23:02,2,37.92166,-122.31831,57.743,62.428,0.0,-51,0.000,0.000,0.220
2014/10/01 16:23:07,2,37.92050,-122.31780,62.008,60.967,0.0,-51,0.000,0.000,0.203
2014/10/01 16:23:12,2,37.91925,-122.31754,56.102,64.697,0.0,-51,0.000,0.000,0.220
2014/10/01 16:23:17,2,37.91794,-122.31751,49.541,65.576,0.0,-51,0.000,0.000,0.227
2014/10/01 16:23:22,2,37.91663,-122.31751,45.604,64.437,0.0,-51,0.000,0.000,0.235
2014/10/01 16:23:27,2,37.91538,-122.31751,42.323,61.426,0.0,-51,0.000,0.000,0.227
2014/10/01 16:23:32,2,37.91414,-122.31751,37.073,62.411,0.0,-71,0.000,0.000,0.211
2014/10/01 16:23:37,2,37.91287,-122.31751,33.136,63.696,0.0,-71,0.000,0.000,0.231
2014/10/01 16:23:42,2,37.91157,-122.31748,30.512,63.851,0.0,-71,0.000,0.000,0.727
2014/10/01 16:23:47,2,37.91031,-122.31716,27.559,64.623,0.0,-71,0.000,0.000,0.231
2014/10/01 16:23:52,2,37.90912,-122.31649,16.732,65.251,0.0,-71,0.000,0.000,0.634
2014/10/01 16:23:57,2,37.90794,-122.31570,3.609,67.171,0.0,-71,0.000,0.000,0.403
2014/10/01 16:24:02,2,37.90674,-122.31488,1.969,67.820,0.0,-113,0.000,0.000,0.234
2014/10/01 16:24:07,2,37.90557,-122.31408,13.123,64.676,0.0,-113,0.000,0.000,0.262
2014/10/01 16:24:12,2,37.90445,-122.31332,20.669,62.384,0.0,-113,0.000,0.000,0.223
2014/10/01 16:24:17,2,37.90333,-122.31255,22.966,63.982,0.0,-113,0.000,0.000,0.255
2014/10/01 16:24:22,2,37.90221,-122.31178,24.934,63.143,0.0,-113,0.000,0.000,0.227
2014/10/01 16:24:27,2,37.90112,-122.31104,20.997,60.977,0.0,-113,0.000,0.000,0.239
2014/10/01 16:24:32,2,37.89998,-122.31034,8.858,63.847,0.0,-113,0.000,0.000,0.304
2014/10/01 16:24:37,2,37.89879,-122.30970,-1.640,64.638,0.0,-65,0.000,0.000,0.208
2014/10/01 16:24:42,2,37.89752,-122.30919,1.312,68.225,0.0,-65,0.000,0.000,0.223
2014/10/01 16:24:47,2,37.89626,-122.30867,15.092,64.819,0.0,-65,0.000,0.000,0.208
2014/10/01 16:24:52,2,37.89503,-122.30817,28.871,62.763,0.0,-65,0.000,0.000,0.251
2014/10/01 16:24:57,2,37.89384,-122.30771,37.402,62.108,0.0,-65,0.000,0.000,0.205
2014/10/01 16:25:02,2,37.89260,-122.30754,39.698,61.555,0.0,-65,0.000,0.000,0.229
2014/10/01 16:25:07,2,37.89135,-122.30778,36.745,64.910,0.0,-61,0.000,0.000,0.235
2014/10/01 16:25:12,2,37.89013,-122.30835,36.417,65.266,0.0,-61,0.000,0.000,0.227
2014/10/01 16:25:17,1,37.88890,-122.30894,26.247,64.549,0.0,-61,0.000,0.000,0.222
2014/10/01 16:25:22,1,37.88768,-122.30925,22.966,61.052,0.0,-61,0.000,0.000,0.227
2014/10/01 16:25:27,1,37.88646,-122.30922,14.436,61.212,0.0,-61,0.000,0.000,0.211
2014/10/01 16:25:32,2,37.88522,-122.30896,1.969,64.392,0.0,-61,0.000,0.000,0.251
2014/10/01 16:25:37,2,37.88395,-122.30868,3.609,64.069,0.0,-61,0.000,0.000,0.227
2014/10/01 16:25:42,2,37.88271,-122.30840,7.218,60.657,0.0,-61,0.000,0.000,0.231
2014/10/01 16:25:47,2,37.88152,-122.30813,11.155,59.601,0.0,-61,0.000,0.000,0.223
2014/10/01 16:25:52,2,37.88035,-122.30786,14.764,59.250,0.0,-61,0.000,0.000,0.210
2014/10/01 16:25:57,2,37.87919,-122.30760,26.247,57.597,0.0,-61,0.000,0.000,0.223
2014/10/01 16:26:02,2,37.87808,-122.30733,30.840,56.305,0.0,-61,0.000,0.000,0.250
2014/10/01 16:26:07,2,37.87694,-122.30700,24.606,59.171,0.0,-65,0.000,0.000,0.242
2014/10/01 16:26:12,2,37.87577,-122.30664,13.123,60.043,0.0,-65,0.000,0.000,0.223
2014/10/01 16:26:17,2,37.87461,-122.30628,13.451,60.036,0.0,-65,0.000,0.000,0.235
2014/10/01 16:26:22,2,37.87344,-122.30592,13.451,60.068,0.0,-65,0.000,0.000,0.235
2014/10/01 16:26:27,2,37.87226,-122.30556,13.780,60.255,0.0,-65,0.000,0.000,0.199
2014/10/01 16:26:32,2,37.87108,-122.30519,14.764,60.872,0.0,-65,0.000,0.000,0.227
2014/10/01 16:26:37,2,37.86989,-122.30482,15.420,61.006,0.0,-65,0.000,0.000,0.227
2014/10/01 16:26:42,2,37.86869,-122.30444,15.748,62.373,0.0,-51,0.000,0.000,0.227
2014/10/01 16:26:47,2,37.86745,-122.30405,15.748,63.558,0.0,-51,0.000,0.000,0.230
2014/10/01 16:26:52,2,37.86619,-122.30366,15.092,65.638,0.0,-51,0.000,0.000,0.231
2014/10/01 16:26:57,2,37.86490,-122.30328,16.076,66.153,0.0,-51,0.000,0.000,0.223
2014/10/01 16:27:02,2,37.86364,-122.30293,15.748,60.966,0.0,-51,0.000,0.000,0.215
2014/10/01 16:27:07,2,37.86251,-122.30261,15.420,56.420,0.0,-51,0.000,0.000,0.224
2014/10/01 16:27:12,2,37.86143,-122.30231,16.404,53.663,0.0,-57,0.000,0.000,0.271
2014/10/01 16:27:18,2,37.86045,-122.30204,17.717,45.939,0.0,-57,0.000,0.000,0.223
2014/10/01 16:27:23,2,37.85965,-122.30182,17.717,37.842,0.0,-57,0.000,0.000,0.219
2014/10/01 16:27:28,2,37.85898,-122.30163,18.045,28.196,0.0,-57,0.000,0.000,0.271
2014/10/01 16:27:33,2,37.85868,-122.30155,17.717,5.222,0.0,-57,0.000,0.000,0.243
2014/10/01 16:27:38,2,37.85856,-122.30151,17.388,12.684,0.0,-57,0.000,0.000,0.311
2014/10/01 16:27:43,2,37.85823,-122.30142,17.717,18.392,0.0,-73,0.000,0.000,0.258
2014/10/01 16:27:48,2,37.85784,-122.30131,17.717,21.826,0.0,-73,0.000,0.000,0.391
2014/10/01 16:27:53,2,37.85733,-122.30117,18.045,28.639,0.0,-73,0.000,0.000,0.231
2014/10/01 16:27:58,2,37.85673,-122.30100,18.373,32.823,0.0,-73,0.000,0.000,0.231
2014/10/01 16:28:03,2,37.85605,-122.30081,18.373,35.742,0.0,-73,0.000,0.000,0.228
2014/10/01 16:28:08,2,37.85536,-122.30063,18.701,32.619,0.0,-73,0.000,0.000,0.263
2014/10/01 16:28:13,2,37.85480,-122.30047,18.373,26.668,0.0,-69,0.000,0.000,0.200
2014/10/01 16:28:18,2,37.85426,-122.30032,18.373,28.992,0.0,-69,0.000,0.000,0.277
2014/10/01 16:28:23,2,37.85371,-122.30017,18.373,26.935,0.0,-69,0.000,0.000,0.277
2014/10/01 16:28:28,2,37.85321,-122.30003,18.701,24.499,0.0,-69,0.000,0.000,0.234
2014/10/01 16:28:33,2,37.85283,-122.29992,19.029,10.474,0.0,-69,0.000,0.000,0.271
2014/10/01 16:28:38,2,37.85272,-122.29989,19.029,1.046,0.0,-69,0.000,0.000,0.211
2014/10/01 16:28:43,2,37.85267,-122.29987,19.029,7.984,0.0,-75,0.000,0.000,0.244
2014/10/01 16:28:48,2,37.85238,-122.29979,19.357,19.002,0.0,-75,0.000,0.000,0.255
2014/10/01 16:28:53,2,37.85192,-122.29968,20.013,25.637,0.0,-75,0.000,0.000,0.251
2014/10/01 16:28:58,2,37.85137,-122.29954,20.013,29.939,0.0,-75,0.000,0.000,0.231
2014/10/01 16:29:03,2,37.85078,-122.29940,20.669,26.930,0.0,-75,0.000,0.000,0.211
2014/10/01 16:29:08,2,37.85049,-122.29933,20.669,0.082,0.0,-75,0.000,0.000,0.233
2014/10/01 16:29:13,2,37.85049,-122.29933,20.669,0.715,0.0,-75,0.000,0.000,0.515
2014/10/01 16:29:18,2,37.85039,-122.29930,21.325,9.925,0.0,-71,0.000,0.000,0.235
2014/10/01 16:29:23,2,37.85007,-122.29923,21.325,14.355,0.0,-71,0.000,0.000,0.223
2014/10/01 16:29:28,2,37.84970,-122.29914,22.310,20.721,0.0,-71,0.000,0.000,0.247
2014/10/01 16:29:33,2,37.84929,-122.29904,22.310,20.642,0.0,-71,0.000,0.000,0.259
2014/10/01 16:29:38,2,37.84896,-122.29895,21.982,9.276,0.0,-71,0.000,0.000,0.232
2014/10/01 16:29:43,2,37.84866,-122.29888,25.919,18.771,0.0,-71,0.000,0.000,0.218
2014/10/01 16:29:48,2,37.84821,-122.29878,27.231,23.864,0.0,-65,0.000,0.000,0.231
2014/10/01 16:29:53,2,37.84789,-122.29870,27.231,5.200,0.0,-65,0.000,0.000,0.220
2014/10/01 16:29:58,2,37.84786,-122.29870,26.247,0.047,0.0,-65,0.000,0.000,0.523
2014/10/01 16:30:03,2,37.84781,-122.29869,26.247,6.877,0.0,-65,0.000,0.000,0.227
2014/10/01 16:30:08,2,37.84755,-122.29863,25.591,17.560,0.0,-65,0.000,0.000,0.231
2014/10/01 16:30:13,2,37.84713,-122.29852,25.262,22.152,0.0,-65,0.000,0.000,0.235
2014/10/01 16:30:18,2,37.84666,-122.29842,22.638,25.718,0.0,-77,0.000,0.000,0.250
2014/10/01 16:30:23,2,37.84612,-122.29829,21.325,28.460,0.0,-77,0.000,0.000,0.226
2014/10/01 16:30:28,2,37.84548,-122.29816,17.717,33.262,0.0,-77,0.000,0.000,0.268
2014/10/01 16:30:33,2,37.84487,-122.29804,13.780,27.280,0.0,-77,0.000,0.000,0.559
2014/10/01 16:30:38,2,37.84439,-122.29794,13.451,21.903,0.0,-77,0.000,0.000,0.232
2014/10/01 16:30:43,2,37.84397,-122.29786,13.451,19.646,0.0,-77,0.000,0.000,0.239
2014/10/01 16:30:48,2,37.84380,-122.29782,12.467,1.887,0.0,-73,0.000,0.000,0.263
2014/10/01 16:30:53,2,37.84380,-122.29783,12.795,0.103,0.0,-73,0.000,0.000,0.215
2014/10/01 16:30:58,2,37.84380,-122.29783,13.451,0.472,0.0,-73,0.000,0.000,0.207
2014/10/01 16:31:03,2,37.84371,-122.29781,13.780,7.103,0.0,-73,0.000,0.000,0.211
2014/10/01 16:31:08,2,37.84358,-122.29778,13.451,3.727,0.0,-73,0.000,0.000,0.359
2014/10/01 16:31:13,2,37.84347,-122.29776,13.123,8.020,0.0,-73,0.000,0.000,0.235
2014/10/01 16:31:18,2,37.84325,-122.29772,12.795,14.058,0.0,-73,0.000,0.000,0.259
2014/10/01 16:31:23,2,37.84289,-122.29764,13.123,21.143,0.0,-65,0.000,0.000,0.299
2014/10/01 16:31:28,2,37.84244,-122.29754,13.451,22.447,0.0,-65,0.000,0.000,0.224
2014/10/01 16:31:33,2,37.84197,-122.29744,13.780,23.900,0.0,-65,0.000,0.000,0.227
2014/10/01 16:31:38,2,37.84146,-122.29734,14.436,26.693,0.0,-65,0.000,0.000,0.215
2014/10/01 16:31:43,2,37.84096,-122.29726,14.436,20.836,0.0,-65,0.000,0.000,0.235
2014/10/01 16:31:48,2,37.84061,-122.29721,13.451,16.332,0.0,-65,0.000,0.000,0.220
2014/10/01 16:31:53,2,37.84022,-122.29714,13.451,22.609,0.0,-51,0.000,0.000,0.240
2014/10/01 16:31:58,2,37.83968,-122.29704,16.076,28.103,0.0,-51,0.000,0.000,0.219
2014/10/01 16:32:03,2,37.83912,-122.29692,19.685,27.365,0.0,-51,0.000,0.000,0.207
2014/10/01 16:32:08,2,37.83861,-122.29682,22.638,23.145,0.0,-51,0.000,0.000,0.207
2014/10/01 16:32:13,2,37.83833,-122.29676,24.278,8.317,0.0,-51,0.000,0.000,0.250
2014/10/01 16:32:18,2,37.83819,-122.29673,24.934,8.708,0.0,-51,0.000,0.000,0.220
2014/10/01 16:32:23,2,37.83801,-122.29670,27.231,9.838,0.0,-53,0.000,0.000,0.211
2014/10/01 16:32:28,2,37.83777,-122.29662,26.247,15.100,0.0,-53,0.000,0.000,0.202
2014/10/01 16:32:33,2,37.83751,-122.29654,24.606,12.163,0.0,-53,0.000,0.000,0.223
2014/10/01 16:32:38,2,37.83727,-122.29646,24.606,13.678,0.0,-53,0.000,0.000,0.243
2014/10/01 16:32:43,2,37.83694,-122.29633,24.278,18.765,0.0,-53,0.000,0.000,0.231
2014/10/01 16:32:48,2,37.83650,-122.29614,20.013,25.774,0.0,-53,0.000,0.000,0.226
2014/10/01 16:32:53,2,37.83594,-122.29588,14.108,31.647,0.0,-51,0.000,0.000,0.232
2014/10/01 16:32:58,2,37.83537,-122.29563,12.139,27.779,0.0,-51,0.000,0.000,0.221
2014/10/01 16:33:03,2,37.83485,-122.29540,11.811,26.038,0.0,-51,0.000,0.000,0.231
2014/10/01 16:33:08,2,37.83435,-122.29517,12.139,26.843,0.0,-51,0.000,0.000,0.223
2014/10/01 16:33:13,2,37.83385,-122.29494,12.467,25.772,0.0,-51,0.000,0.000,0.230
2014/10/01 16:33:18,2,37.83338,-122.29471,13.123,23.390,0.0,-51,0.000,0.000,0.226
2014/10/01 16:33:23,2,37.83289,-122.29447,15.092,27.167,0.0,-51,0.000,0.000,0.255
2014/10/01 16:33:28,2,37.83241,-122.29425,18.373,24.888,0.0,-53,0.000,0.000,0.287
2014/10/01 16:33:33,2,37.83191,-122.29408,19.029,27.172,0.0,-53,0.000,0.000,0.214
2014/10/01 16:33:38,2,37.83133,-122.29393,18.701,31.747,0.0,-53,0.000,0.000,0.227
2014/10/01 16:33:43,2,37.83065,-122.29382,19.029,36.405,0.0,-53,0.000,0.000,0.269
2014/10/01 16:33:48,2,37.82987,-122.29386,30.184,39.360,0.0,-53,0.000,0.000,0.227
2014/10/01 16:33:53,2,37.82907,-122.29385,34.777,39.244,0.0,-53,0.000,0.000,0.227
2014/10/01 16:33:58,2,37.82836,-122.29347,34.449,41.744,0.0,-51,0.000,0.000,0.226
2014/10/01 16:34:03,2,37.82775,-122.29269,44.619,46.390,0.0,-51,0.000,0.000,0.247
2014/10/01 16:34:08,2,37.82720,-122.29168,59.055,49.707,0.0,-51,0.000,0.000,0.415
2014/10/01 16:34:13,2,37.82668,-122.29055,64.961,52.839,0.0,-51,0.000,0.000,0.225
2014/10/01 16:34:18,2,37.82640,-122.28927,68.898,51.585,0.0,-51,0.000,0.000,0.211
2014/10/01 16:34:23,2,37.82639,-122.28793,60.367,51.630,0.0,-51,0.000,0.000,0.231
2014/10/01 16:34:28,2,37.82660,-122.28664,48.228,54.212,0.0,-55,0.000,0.000,0.223
2014/10/01 16:34:33,2,37.82690,-122.28516,47.572,64.264,0.0,-55,0.000,0.000,0.227
2014/10/01 16:34:38,2,37.82718,-122.28361,49.213,62.946,0.0,-55,0.000,0.000,0.230
2014/10/01 16:34:43,2,37.82733,-122.28224,51.509,41.620,0.0,-55,0.000,0.000,0.283
2014/10/01 16:34:48,2,37.82728,-122.28148,53.478,23.853,0.0,-55,0.000,0.000,0.227
2014/10/01 16:34:53,2,37.82722,-122.28104,57.415,15.608,0.0,-55,0.000,0.000,0.239
2014/10/01 16:34:58,2,37.82713,-122.28058,63.648,23.549,0.0,-67,0.000,0.000,0.263
2014/10/01 16:35:03,2,37.82698,-122.27993,68.570,27.901,0.0,-67,0.000,0.000,0.232
2014/10/01 16:35:08,2,37.82683,-122.27934,69.554,23.046,0.0,-67,0.000,0.000,0.251
2014/10/01 16:35:13,2,37.82670,-122.27880,69.226,23.625,0.0,-67,0.000,0.000,0.231
2014/10/01 16:35:18,2,37.82656,-122.27823,69.882,19.877,0.0,-67,0.000,0.000,0.495
2014/10/01 16:35:23,2,37.82647,-122.27784,70.210,14.237,0.0,-67,0.000,0.000,0.268
2014/10/01 16:35:28,2,37.82638,-122.27743,72.835,19.258,0.0,-67,0.000,0.000,0.215
2014/10/01 16:35:33,2,37.82626,-122.27696,73.819,19.494,0.0,-67,0.000,0.000,0.230
2014/10/01 16:35:38,2,37.82615,-122.27646,75.787,24.578,0.0,-67,0.000,0.000,0.271
2014/10/01 16:35:43,2,37.82596,-122.27577,77.100,35.036,0.0,-67,0.000,0.000,0.219
2014/10/01 16:35:48,2,37.82571,-122.27479,80.709,43.286,0.0,-67,0.000,0.000,0.227
2014/10/01 16:35:53,2,37.82544,-122.27378,83.661,41.449,0.0,-67,0.000,0.000,0.683
2014/10/01 16:35:58,2,37.82516,-122.27274,86.942,45.516,0.0,-67,0.000,0.000,0.234
2014/10/01 16:36:03,2,37.82485,-122.27160,90.879,48.873,0.0,-51,0.000,0.000,0.326
2014/10/01 16:36:08,2,37.82452,-122.27044,102.034,48.412,0.0,-51,0.000,0.000,0.211
2014/10/01 16:36:13,2,37.82384,-122.26958,117.126,50.420,0.0,-51,0.000,0.000,0.199
2014/10/01 16:36:18,2,37.82281,-122.26935,114.173,54.652,0.0,-51,0.000,0.000,0.203
2014/10/01 16:36:23,2,37.82169,-122.26958,94.488,53.897,0.0,-51,0.000,0.000,0.227
2014/10/01 16:36:28,2,37.82070,-122.26979,72.507,49.793,0.0,-51,0.000,0.000,0.230
2014/10/01 16:36:33,2,37.81964,-122.27004,58.071,57.014,0.0,-113,0.000,0.000,0.251
2014/10/01 16:36:38,2,37.81850,-122.27032,54.790,59.201,0.0,-113,0.000,0.000,0.220
2014/10/01 16:36:43,2,37.81734,-122.27059,54.134,60.319,0.0,-113,0.000,0.000,0.227
2014/10/01 16:36:48,2,37.81618,-122.27096,55.118,60.275,0.0,-113,0.000,0.000,0.223
2014/10/01 16:36:53,2,37.81501,-122.27144,50.525,61.738,0.0,-113,0.000,0.000,0.223
2014/10/01 16:36:58,2,37.81392,-122.27220,45.276,62.676,0.0,-113,0.000,0.000,0.210
2014/10/01 16:37:03,2,37.81287,-122.27326,41.995,67.543,0.0,-53,0.000,0.000,0.207
2014/10/01 16:37:08,2,37.81189,-122.27434,34.121,63.204,0.0,-53,0.000,0.000,0.243
2014/10/01 16:37:13,2,37.81088,-122.27535,19.029,64.883,0.0,-53,0.000,0.000,0.232
2014/10/01 16:37:18,2,37.80973,-122.27621,-0.328,68.190,0.0,-53,0.000,0.000,0.227
2014/10/01 16:37:23,2,37.80856,-122.27703,-10.171,65.828,0.0,-53,0.000,0.000,0.232
2014/10/01 16:37:28,2,37.80740,-122.27781,-2.953,65.541,0.0,-53,0.000,0.000,0.223
2014/10/01 16:37:33,2,37.80625,-122.27854,-2.953,64.180,0.0,-53,0.000,0.000,0.238
2014/10/01 16:37:38,2,37.80510,-122.27923,-3.937,63.519,0.0,-67,0.000,0.000,0.227
2014/10/01 16:37:43,2,37.80396,-122.27990,15.420,60.566,0.0,-67,0.000,0.000,0.239
2014/10/01 16:37:48,2,37.80285,-122.28035,37.730,56.182,0.0,-67,0.000,0.000,0.247
2014/10/01 16:37:53,2,37.80174,-122.28029,56.759,55.566,0.0,-67,0.000,0.000,0.229
2014/10/01 16:37:58,2,37.80069,-122.27978,64.961,56.949,0.0,-67,0.000,0.000,0.303
2014/10/01 16:38:03,2,37.79983,-122.27884,64.633,57.497,0.0,-67,0.000,0.000,0.231
2014/10/01 16:38:08,2,37.79925,-122.27760,51.181,57.411,0.0,-53,0.000,0.000,0.227
2014/10/01 16:38:13,2,37.79871,-122.27630,40.682,56.715,0.0,-53,0.000,0.000,0.227
2014/10/01 16:38:18,2,37.79825,-122.27507,42.651,52.224,0.0,-53,0.000,0.000,0.239
2014/10/01 16:38:23,2,37.79776,-122.27404,49.213,44.417,0.0,-53,0.000,0.000,0.235
2014/10/01 16:38:28,2,37.79734,-122.27303,52.493,45.721,0.0,-53,0.000,0.000,0.703
2014/10/01 16:38:33,2,37.79695,-122.27200,51.509,43.463,0.0,-53,0.000,0.000,0.223
2014/10/01 16:38:38,2,37.79663,-122.27105,47.900,39.217,0.0,-51,0.000,0.000,0.259
2014/10/01 16:38:43,2,37.79632,-122.27018,31.496,33.628,0.0,-51,0.000,0.000,0.207
2014/10/01 16:38:48,2,37.79610,-122.26964,23.622,14.676,0.0,-51,0.000,0.000,0.221
2014/10/01 16:38:53,2,37.79604,-122.26952,25.262,0.133,0.0,-51,0.000,0.000,0.234
2014/10/01 16:38:58,2,37.79605,-122.26952,30.512,0.050,0.0,-51,0.000,0.000,0.231
2014/10/01 16:39:03,2,37.79607,-122.26952,33.793,0.057,0.0,-51,0.000,0.000,0.223
2014/10/01 16:39:08,2,37.79608,-122.26951,33.136,0.984,0.0,-57,0.000,0.000,0.223
2014/10/01 16:39:13,2,37.79600,-122.26935,34.449,13.128,0.0,-57,0.000,0.000,0.255
2014/10/01 16:39:18,2,37.79581,-122.26897,43.635,21.893,0.0,-57,0.000,0.000,0.236
2014/10/01 16:39:23,2,37.79558,-122.26845,37.402,23.491,0.0,-57,0.000,0.000,0.231
2014/10/01 16:39:28,2,37.79537,-122.26790,33.793,23.799,0.0,-57,0.000,0.000,0.223
2014/10/01 16:39:33,2,37.79520,-122.26749,31.824,12.665,0.0,-57,0.000,0.000,0.263
2014/10/01 16:39:38,2,37.79515,-122.26737,30.184,0.300,0.0,-57,0.000,0.000,0.234
2014/10/01 16:39:43,2,37.79509,-122.26725,37.402,9.980,0.0,-69,0.000,0.000,0.337
2014/10/01 16:39:48,2,37.79498,-122.26697,56.430,10.975,0.0,-69,0.000,0.000,0.000
2014/10/01 16:39:53,2,37.79508,-122.26676,47.900,8.080,0.0,-69,0.000,0.000,0.000
2014/10/01 16:39:58,2,37.79512,-122.26672,50.525,1.812,0.0,-69,0.000,0.000,0.220
2014/10/01 16:40:03,2,37.79516,-122.26668,40.026,0.168,0.0,-69,0.000,0.000,0.208
2014/10/01 16:40:08,2,37.79523,-122.26658,32.152,9.437,0.0,-69,0.000,0.000,0.243
2014/10/01 16:40:13,2,37.79538,-122.26646,55.118,7.610,0.0,-67,0.000,0.000,0.223
2014/10/01 16:40:18,2,37.79556,-122.26654,51.509,13.527,0.0,-67,0.000,0.000,0.256
2014/10/01 16:40:23,2,37.79571,-122.26687,60.367,17.958,0.0,-67,0.000,0.000,0.207
2014/10/01 16:40:28,2,37.79586,-122.26724,49.213,11.558,0.0,-67,0.000,0.000,0.212
2014/10/01 16:40:33,2,37.79591,-122.26734,35.105,0.044,0.0,-67,0.000,0.000,0.208
2014/10/01 16:40:38,2,37.79592,-122.26735,28.215,0.039,0.0,-67,0.000,0.000,0.224
2014/10/01 16:40:43,2,37.79593,-122.26735,22.966,0.073,0.0,-63,0.000,0.000,0.232
2014/10/01 16:40:48,2,37.79595,-122.26738,14.108,4.534,0.0,-63,0.000,0.000,0.235
2014/10/01 16:40:53,2,37.79591,-122.26749,15.420,5.357,0.0,-63,0.000,0.000,0.235
2014/10/01 16:40:58,2,37.79587,-122.26745,16.732,0.094,0.0,-63,0.000,0.000,0.226
2014/10/01 16:41:03,2,37.79587,-122.26745,16.076,0.027,0.0,-63,0.000,0.000,0.231
2014/10/01 16:41:08,2,37.79588,-122.26746,18.373,0.012,0.0,-63,0.000,0.000,0.227
2014/10/01 16:41:13,1,37.79588,-122.26743,23.294,3.843,0.0,-61,0.000,0.000,0.227
2014/10/01 16:41:18,1,37.79582,-122.26726,28.215,10.819,0.0,-61,0.000,0.000,0.223
2014/10/01 16:41:23,1,37.79568,-122.26706,48.228,11.109,0.0,-61,0.000,0.000,0.230
2014/10/01 16:41:28,1,37.79557,-122.26684,60.696,6.235,0.0,-61,0.000,0.000,0.346
2014/10/01 16:41:33,1,37.79555,-122.26681,86.286,1.547,0.0,-61,0.000,0.000,0.227
