Date-Time,DOP,Latitude,Longitude,Altitude (ft),Speed (mph),Heading (deg),mod1 SS (dBm),mod1 Down (Mbs),mod1 Up (Mbs),mod1 Ping (Sec)
2014/09/19 13:03:04,1,37.76324,-121.43715,37.402,38.027,0.0,-53,0.275,0.833,0.698
2014/09/19 13:03:09,1,37.76317,-121.43819,23.622,42.944,0.0,-53,0.226,0.917,0.679
2014/09/19 13:03:14,1,37.76306,-121.43935,11.155,47.861,0.0,-53,0.105,0.708,0.000
2014/09/19 13:03:19,1,37.76290,-121.44057,13.451,50.147,0.0,-53,0.246,0.000,0.000
2014/09/19 13:03:24,1,37.76266,-121.44182,19.357,52.898,0.0,-53,0.000,0.917,0.342
2014/09/19 13:03:29,1,37.76234,-121.44312,29.528,54.314,0.0,-53,0.350,0.792,0.390
2014/09/19 13:03:34,1,37.76192,-121.44441,48.885,56.156,0.0,-63,0.523,1.417,0.595
2014/09/19 13:03:39,1,37.76138,-121.44578,47.900,64.389,0.0,-63,0.599,0.708,0.537
2014/09/19 13:03:44,1,37.76073,-121.44729,43.963,69.455,0.0,-63,0.322,0.708,0.746
2014/09/19 13:03:49,1,37.76009,-121.44888,41.667,70.688,0.0,-63,0.478,1.042,0.442
2014/09/19 13:03:54,1,37.75942,-121.45049,47.244,71.625,0.0,-63,0.536,1.167,0.464
2014/09/19 13:03:59,1,37.75879,-121.45205,58.727,66.507,0.0,-63,0.489,0.500,1.502
2014/09/19 13:04:04,1,37.75818,-121.45355,64.304,66.265,0.0,-57,0.252,0.375,0.738
2014/09/19 13:04:09,1,37.75757,-121.45503,61.352,66.322,0.0,-57,0.200,0.000,0.750
2014/09/19 13:04:14,1,37.75695,-121.45656,53.478,68.672,0.0,-57,0.266,0.000,0.330
2014/09/19 13:04:19,1,37.75632,-121.45811,50.853,69.092,0.0,-57,0.291,0.000,0.804
2014/09/19 13:04:24,1,37.75568,-121.45966,54.134,67.953,0.0,-57,0.406,0.042,0.465
2014/09/19 13:04:29,1,37.75505,-121.46120,63.320,69.217,0.0,-57,0.209,0.667,0.417
2014/09/19 13:04:34,1,37.75441,-121.46276,69.882,69.831,0.0,-57,0.272,1.042,0.518
2014/09/19 13:04:39,2,37.75376,-121.46436,67.585,70.888,0.0,-51,0.398,0.583,0.837
2014/09/19 13:04:44,2,37.75311,-121.46594,59.383,69.883,0.0,-51,0.379,0.000,1.302
2014/09/19 13:04:49,2,37.75247,-121.46752,58.399,70.244,0.0,-51,0.318,0.500,2.537
2014/09/19 13:04:54,2,37.75180,-121.46916,55.446,74.552,0.0,-51,0.000,0.417,2.177
2014/09/19 13:04:59,2,37.75106,-121.47090,54.462,79.482,0.0,-51,0.000,0.750,0.652
2014/09/19 13:05:04,2,37.75032,-121.47269,65.289,79.259,0.0,-51,0.000,1.250,0.390
2014/09/19 13:05:09,2,37.74959,-121.47444,74.475,77.257,0.0,-75,0.003,0.583,0.299
2014/09/19 13:05:14,2,37.74888,-121.47617,74.147,77.366,0.0,-75,0.236,0.625,1.522
2014/09/19 13:05:19,2,37.74817,-121.47790,63.976,76.584,0.0,-75,0.459,0.250,0.000
2014/09/19 13:05:24,2,37.74747,-121.47961,54.462,74.671,0.0,-75,0.186,0.000,2.152
2014/09/19 13:05:29,2,37.74679,-121.48126,54.462,73.221,0.0,-75,0.144,0.250,2.685
2014/09/19 13:05:34,2,37.74614,-121.48287,57.087,69.065,0.0,-75,0.000,0.125,5.772
2014/09/19 13:05:39,2,37.74550,-121.48440,58.399,68.476,0.0,-67,0.000,0.792,0.323
2014/09/19 13:05:44,2,37.74487,-121.48595,61.352,69.110,0.0,-67,0.000,0.000,0.618
2014/09/19 13:05:49,2,37.74422,-121.48752,62.992,70.289,0.0,-67,0.003,1.083,0.971
2014/09/19 13:05:54,2,37.74357,-121.48911,66.273,71.614,0.0,-67,0.333,0.958,2.222
2014/09/19 13:05:59,2,37.74289,-121.49076,66.929,73.992,0.0,-67,0.138,0.250,0.000
2014/09/19 13:06:04,2,37.74220,-121.49244,69.226,75.319,0.0,-67,0.269,0.000,3.490
2014/09/19 13:06:09,2,37.74157,-121.49418,74.803,75.621,0.0,-69,0.459,0.000,1.359
2014/09/19 13:06:14,2,37.74114,-121.49596,83.333,70.796,0.0,-69,0.532,0.000,0.583
2014/09/19 13:06:19,2,37.74084,-121.49771,90.879,70.894,0.0,-69,0.143,0.000,3.543
2014/09/19 13:06:24,2,37.74068,-121.49946,89.895,68.658,0.0,-69,0.356,0.000,0.539
2014/09/19 13:06:29,2,37.74064,-121.50119,91.535,69.206,0.0,-69,0.422,0.000,0.358
2014/09/19 13:06:34,2,37.74075,-121.50333,100.066,71.580,0.0,-69,0.384,0.000,0.830
2014/09/19 13:06:39,2,37.74086,-121.50516,101.706,71.118,0.0,-69,0.299,0.042,0.302
2014/09/19 13:06:44,2,37.74096,-121.50698,102.690,72.076,0.0,-71,0.121,0.333,1.899
2014/09/19 13:06:49,2,37.74106,-121.50843,107.283,71.231,0.0,-71,0.242,0.000,1.027
2014/09/19 13:06:54,2,37.74119,-121.51055,112.533,68.869,0.0,-71,0.000,0.417,0.617
2014/09/19 13:06:59,2,37.74129,-121.51229,115.157,69.184,0.0,-71,0.263,0.500,2.294
2014/09/19 13:07:04,2,37.74140,-121.51401,116.798,67.310,0.0,-71,0.165,0.708,2.554
2014/09/19 13:07:09,2,37.74150,-121.51571,115.814,66.919,0.0,-71,0.175,0.333,0.918
2014/09/19 13:07:14,2,37.74160,-121.51741,110.892,67.366,0.0,-77,0.000,0.000,0.000
2014/09/19 13:07:19,2,37.74171,-121.51913,113.189,68.591,0.0,-77,0.000,0.250,7.145
2014/09/19 13:07:24,2,37.74181,-121.52082,115.486,65.551,0.0,-77,0.000,0.000,0.405
2014/09/19 13:07:29,2,37.74192,-121.52249,118.438,67.360,0.0,-77,0.000,0.667,0.583
2014/09/19 13:07:34,2,37.74202,-121.52418,124.344,66.177,0.0,-77,0.003,1.083,0.355
2014/09/19 13:07:39,2,37.74213,-121.52587,130.249,66.926,0.0,-77,0.384,1.000,0.963
2014/09/19 13:07:44,2,37.74224,-121.52757,135.499,67.926,0.0,-67,0.439,0.000,2.027
2014/09/19 13:07:49,2,37.74236,-121.52927,144.357,66.390,0.0,-67,0.379,0.125,0.927
2014/09/19 13:07:54,2,37.74246,-121.53096,151.247,68.161,0.0,-67,0.426,0.000,0.000
2014/09/19 13:07:59,2,37.74259,-121.53271,154.528,70.971,0.0,-67,0.206,0.000,3.282
2014/09/19 13:08:04,2,37.74269,-121.53450,157.808,70.095,0.0,-67,0.337,0.125,2.762
2014/09/19 13:08:09,2,37.74280,-121.53625,163.058,67.595,0.0,-67,1.202,0.500,0.381
2014/09/19 13:08:14,2,37.74291,-121.53793,168.635,66.201,0.0,-59,1.093,0.500,0.546
2014/09/19 13:08:19,2,37.74301,-121.53962,170.276,68.006,0.0,-59,1.122,0.875,0.538
2014/09/19 13:08:24,2,37.74313,-121.54133,172.900,67.484,0.0,-59,1.131,0.500,0.354
2014/09/19 13:08:29,2,37.74323,-121.54305,170.604,68.102,0.0,-59,1.317,0.500,0.353
2014/09/19 13:08:34,2,37.74334,-121.54471,169.291,64.857,0.0,-59,1.132,0.000,0.329
2014/09/19 13:08:39,2,37.74344,-121.54627,170.276,59.470,0.0,-59,1.000,0.458,1.167
2014/09/19 13:08:44,2,37.74354,-121.54780,176.181,61.774,0.0,-59,0.000,0.292,3.986
2014/09/19 13:08:49,2,37.74362,-121.54937,184.383,62.202,0.0,-67,0.000,0.250,0.439
2014/09/19 13:08:54,2,37.74361,-121.55095,189.304,61.500,0.0,-67,0.000,0.750,0.622
2014/09/19 13:08:59,2,37.74350,-121.55255,191.601,66.059,0.0,-67,0.003,0.000,0.626
2014/09/19 13:09:04,2,37.74337,-121.55428,200.131,71.438,0.0,-67,0.000,0.000,0.000
2014/09/19 13:09:09,2,37.74323,-121.55613,211.614,73.509,0.0,-67,0.121,0.000,0.000
2014/09/19 13:09:14,2,37.74310,-121.55791,224.409,69.899,0.0,-67,0.000,0.042,0.000
2014/09/19 13:09:19,2,37.74296,-121.55967,236.877,68.948,0.0,-71,0.000,0.000,0.315
2014/09/19 13:09:24,2,37.74284,-121.56136,250.984,65.808,0.0,-71,0.000,0.000,0.000
2014/09/19 13:09:29,2,37.74277,-121.56303,265.420,64.963,0.0,-71,0.000,0.000,0.000
2014/09/19 13:09:34,2,37.74270,-121.56463,277.231,61.585,0.0,-71,0.000,0.000,2.275
2014/09/19 13:09:39,2,37.74260,-121.56617,285.761,59.461,0.0,-71,0.000,0.000,0.475
2014/09/19 13:09:44,2,37.74249,-121.56768,292.323,61.299,0.0,-71,0.003,0.000,0.533
2014/09/19 13:09:49,2,37.74235,-121.56926,294.291,64.673,0.0,-75,0.631,0.000,0.622
2014/09/19 13:09:54,2,37.74221,-121.57090,296.588,66.732,0.0,-75,0.000,0.000,1.666
2014/09/19 13:09:59,2,37.74207,-121.57262,298.556,69.943,0.0,-75,0.003,0.000,0.590
2014/09/19 13:10:04,2,37.74193,-121.57435,317.257,68.814,0.0,-75,0.095,0.000,0.953
2014/09/19 13:10:09,2,37.74180,-121.57606,333.990,67.883,0.0,-75,0.304,0.000,3.474
2014/09/19 13:10:14,2,37.74166,-121.57778,349.081,67.486,0.0,-75,0.247,0.000,2.742
2014/09/19 13:10:19,2,37.74153,-121.57940,354.331,64.234,0.0,-55,0.459,0.042,0.429
2014/09/19 13:10:24,2,37.74132,-121.58097,356.627,61.402,0.0,-55,0.901,0.458,0.741
2014/09/19 13:10:29,2,37.74108,-121.58251,349.409,62.805,0.0,-55,1.583,0.458,0.354
2014/09/19 13:10:34,2,37.74083,-121.58407,340.551,61.571,0.0,-55,1.250,0.292,1.301
2014/09/19 13:10:39,2,37.74059,-121.58562,332.677,64.090,0.0,-55,0.717,0.000,0.780
2014/09/19 13:10:44,2,37.74034,-121.58723,336.286,64.896,0.0,-55,0.635,0.750,0.330
2014/09/19 13:10:49,2,37.74009,-121.58883,352.362,63.590,0.0,-55,0.775,0.417,0.494
2014/09/19 13:10:54,2,37.73985,-121.59039,367.454,61.665,0.0,-77,0.000,0.000,2.431
2014/09/19 13:10:59,2,37.73962,-121.59190,384.843,60.520,0.0,-77,0.000,0.292,0.394
2014/09/19 13:11:04,2,37.73938,-121.59343,400.919,63.033,0.0,-77,0.000,0.417,0.425
2014/09/19 13:11:09,2,37.73915,-121.59499,416.339,63.214,0.0,-77,0.003,1.167,0.294
2014/09/19 13:11:14,2,37.73891,-121.59653,430.446,61.156,0.0,-77,0.108,0.792,2.453
2014/09/19 13:11:19,2,37.73868,-121.59802,443.241,59.780,0.0,-77,0.111,0.542,0.676
2014/09/19 13:11:24,2,37.73849,-121.59952,454.068,60.328,0.0,-51,0.283,0.000,1.058
2014/09/19 13:11:29,2,37.73837,-121.60109,457.021,62.996,0.0,-51,0.000,0.750,0.506
2014/09/19 13:11:34,2,37.73828,-121.60271,466.207,63.892,0.0,-51,0.273,0.333,1.331
2014/09/19 13:11:39,2,37.73821,-121.60432,477.690,64.432,0.0,-51,0.181,0.542,0.783
2014/09/19 13:11:44,2,37.73812,-121.60597,490.486,65.511,0.0,-51,0.185,0.667,0.972
2014/09/19 13:11:49,2,37.73801,-121.60765,504.921,66.738,0.0,-51,0.162,0.333,0.000
2014/09/19 13:11:54,2,37.73783,-121.60932,519.685,66.592,0.0,-61,0.000,0.000,0.000
2014/09/19 13:11:59,2,37.73761,-121.61094,536.417,64.513,0.0,-61,0.000,0.000,0.000
2014/09/19 13:12:04,2,37.73736,-121.61249,567.585,62.436,0.0,-61,0.000,0.125,1.147
2014/09/19 13:12:09,2,37.73710,-121.61403,586.286,61.719,0.0,-61,0.000,0.125,0.931
2014/09/19 13:12:14,2,37.73686,-121.61537,599.081,45.965,0.0,-61,0.000,0.208,1.791
2014/09/19 13:12:19,2,37.73668,-121.61646,610.564,43.850,0.0,-61,0.000,0.250,1.511
2014/09/19 13:12:24,2,37.73649,-121.61755,618.766,43.906,0.0,-57,0.000,0.208,2.130
2014/09/19 13:12:29,2,37.73630,-121.61865,630.906,45.622,0.0,-57,0.000,0.000,1.667
2014/09/19 13:12:34,2,37.73610,-121.61985,645.669,51.372,0.0,-57,0.000,0.250,2.050
2014/09/19 13:12:39,2,37.73587,-121.62119,659.777,56.137,0.0,-57,0.000,0.208,1.451
2014/09/19 13:12:44,2,37.73563,-121.62262,677.165,59.545,0.0,-57,0.000,0.250,2.012
2014/09/19 13:12:49,2,37.73537,-121.62414,689.961,62.854,0.0,-57,0.000,0.208,1.811
2014/09/19 13:12:54,2,37.73510,-121.62571,705.052,63.763,0.0,-57,0.003,0.250,1.510
2014/09/19 13:12:59,2,37.73482,-121.62728,718.832,62.832,0.0,-61,0.044,0.000,2.119
2014/09/19 13:13:04,2,37.73447,-121.62884,725.722,63.289,0.0,-61,0.183,0.000,4.073
2014/09/19 13:13:09,2,37.73392,-121.63031,729.003,63.716,0.0,-61,0.179,0.000,0.000
2014/09/19 13:13:14,2,37.73320,-121.63160,727.690,59.279,0.0,-61,0.177,0.000,4.367
2014/09/19 13:13:19,2,37.73236,-121.63265,721.129,58.572,0.0,-61,0.156,0.000,4.455
2014/09/19 13:13:24,2,37.73138,-121.63350,723.753,58.666,0.0,-61,0.163,0.000,0.000
2014/09/19 13:13:29,2,37.73036,-121.63424,739.829,58.154,0.0,-59,0.177,0.000,3.890
2014/09/19 13:13:34,2,37.72938,-121.63502,758.202,58.231,0.0,-59,0.170,0.000,2.526
2014/09/19 13:13:39,2,37.72846,-121.63598,777.559,59.188,0.0,-59,0.214,0.000,1.974
2014/09/19 13:13:44,2,37.72770,-121.63709,791.995,56.875,0.0,-59,0.198,0.042,2.267
2014/09/19 13:13:49,2,37.72706,-121.63833,805.118,59.848,0.0,-59,0.122,0.083,4.174
2014/09/19 13:13:54,2,37.72657,-121.63975,816.601,62.135,0.0,-59,0.163,0.167,3.206
2014/09/19 13:13:59,2,37.72627,-121.64122,831.693,58.486,0.0,-69,0.000,0.000,1.962
2014/09/19 13:14:04,2,37.72615,-121.64270,843.504,58.882,0.0,-69,0.000,0.208,1.965
2014/09/19 13:14:09,2,37.72604,-121.64413,854.003,55.401,0.0,-69,0.000,0.167,1.934
2014/09/19 13:14:14,2,37.72581,-121.64549,871.063,55.469,0.0,-69,0.000,0.167,1.698
2014/09/19 13:14:19,2,37.72542,-121.64680,885.499,55.976,0.0,-69,0.003,0.000,1.815
2014/09/19 13:14:24,2,37.72489,-121.64808,898.294,57.195,0.0,-69,0.086,0.250,0.000
2014/09/19 13:14:29,2,37.72435,-121.64933,911.089,55.852,0.0,-73,0.202,0.208,3.387
2014/09/19 13:14:34,2,37.72380,-121.65059,917.979,56.490,0.0,-73,0.221,0.167,2.934
2014/09/19 13:14:39,2,37.72325,-121.65185,927.822,56.306,0.0,-73,0.000,0.208,3.971
2014/09/19 13:14:44,2,37.72270,-121.65311,937.664,56.928,0.0,-73,0.000,0.000,1.805
2014/09/19 13:14:49,2,37.72211,-121.65437,950.787,58.128,0.0,-73,0.003,0.250,1.382
2014/09/19 13:14:54,2,37.72151,-121.65563,964.895,57.134,0.0,-73,0.044,0.250,2.199
2014/09/19 13:14:59,2,37.72092,-121.65685,977.034,55.881,0.0,-73,0.183,0.000,3.317
2014/09/19 13:15:04,2,37.72037,-121.65803,986.549,54.328,0.0,-65,0.212,0.167,2.896
2014/09/19 13:15:09,2,37.71988,-121.65928,994.094,56.294,0.0,-65,0.000,0.250,1.480
2014/09/19 13:15:14,2,37.71942,-121.66059,1003.937,54.872,0.0,-65,0.000,0.250,0.000
2014/09/19 13:15:19,2,37.71903,-121.66187,1012.139,53.467,0.0,-65,0.000,0.000,3.690
2014/09/19 13:15:24,2,37.71867,-121.66314,1007.218,54.410,0.0,-65,0.000,0.083,6.071
2014/09/19 13:15:29,2,37.71830,-121.66448,995.735,57.071,0.0,-65,0.000,0.083,0.000
2014/09/19 13:15:34,2,37.71809,-121.66589,983.924,57.763,0.0,-51,0.000,0.000,3.770
2014/09/19 13:15:39,2,37.71808,-121.66734,968.176,55.965,0.0,-51,0.000,0.083,3.490
2014/09/19 13:15:44,2,37.71827,-121.66877,951.444,57.806,0.0,-51,0.000,0.250,1.546
2014/09/19 13:15:49,2,37.71867,-121.67017,935.367,59.206,0.0,-51,0.000,0.250,2.050
2014/09/19 13:15:54,2,37.71928,-121.67144,927.165,58.936,0.0,-51,0.000,0.000,2.191
2014/09/19 13:15:59,2,37.72003,-121.67259,923.228,58.249,0.0,-51,0.000,0.250,1.555
2014/09/19 13:16:04,2,37.72075,-121.67375,911.089,57.290,0.0,-63,0.003,0.250,1.954
2014/09/19 13:16:09,2,37.72127,-121.67501,898.294,55.882,0.0,-63,0.051,0.250,1.753
2014/09/19 13:16:14,2,37.72158,-121.67638,886.483,55.194,0.0,-63,0.209,0.000,2.089
2014/09/19 13:16:19,2,37.72173,-121.67780,876.312,57.382,0.0,-63,0.198,0.167,3.491
2014/09/19 13:16:24,2,37.72188,-121.67924,867.782,58.368,0.0,-63,0.000,0.333,1.038
2014/09/19 13:16:29,2,37.72199,-121.68074,861.877,59.453,0.0,-63,0.000,0.167,1.670
2014/09/19 13:16:34,2,37.72186,-121.68219,849.409,58.321,0.0,-83,0.003,0.208,1.790
2014/09/19 13:16:39,2,37.72158,-121.68370,845.801,62.989,0.0,-83,0.000,0.000,3.699
2014/09/19 13:16:44,2,37.72126,-121.68529,840.223,65.429,0.0,-83,0.000,0.208,2.342
2014/09/19 13:16:49,2,37.72093,-121.68689,831.037,66.607,0.0,-83,0.000,0.000,0.000
2014/09/19 13:16:54,2,37.72060,-121.68852,822.507,67.480,0.0,-83,0.000,0.250,0.000
2014/09/19 13:16:59,2,37.72027,-121.69018,801.181,67.716,0.0,-83,0.000,0.167,0.000
2014/09/19 13:17:04,2,37.71993,-121.69186,780.840,69.790,0.0,-83,0.000,0.000,0.000
2014/09/19 13:17:09,2,37.71957,-121.69361,752.953,70.911,0.0,-69,0.000,0.208,1.876
2014/09/19 13:17:14,2,37.71922,-121.69535,726.706,70.956,0.0,-69,0.003,0.208,3.207
2014/09/19 13:17:19,2,37.71886,-121.69710,695.866,71.298,0.0,-69,0.067,0.167,1.254
2014/09/19 13:17:24,2,37.71851,-121.69885,664.698,70.903,0.0,-69,0.000,0.000,3.287
2014/09/19 13:17:30,2,37.71816,-121.70058,635.499,70.518,0.0,-69,0.205,0.208,0.615
2014/09/19 13:17:35,2,37.71780,-121.70232,609.252,70.045,0.0,-69,0.000,0.292,1.483
2014/09/19 13:17:40,2,37.71741,-121.70398,603.346,68.287,0.0,-59,0.000,0.208,2.377
2014/09/19 13:17:45,2,37.71689,-121.70557,600.722,66.936,0.0,-59,0.000,0.083,0.000
2014/09/19 13:17:50,2,37.71625,-121.70710,598.425,68.294,0.0,-59,0.000,0.000,6.850
2014/09/19 13:17:55,2,37.71557,-121.70863,589.895,67.168,0.0,-59,0.000,0.125,5.130
2014/09/19 13:18:00,2,37.71491,-121.71017,583.661,67.784,0.0,-59,0.000,0.000,0.000
2014/09/19 13:18:05,2,37.71426,-121.71167,577.100,66.682,0.0,-59,0.000,0.083,5.131
2014/09/19 13:18:10,2,37.71362,-121.71318,571.522,68.576,0.0,-51,0.000,0.000,3.871
2014/09/19 13:18:15,2,37.71296,-121.71474,565.289,69.901,0.0,-51,0.000,0.167,2.030
2014/09/19 13:18:20,2,37.71230,-121.71631,559.711,69.818,0.0,-51,0.000,0.000,0.000
2014/09/19 13:18:25,2,37.71165,-121.71785,556.430,67.714,0.0,-51,0.000,0.208,6.311
2014/09/19 13:18:30,2,37.71102,-121.71934,554.790,66.281,0.0,-51,0.000,0.083,1.359
2014/09/19 13:18:35,2,37.71039,-121.72082,553.806,65.796,0.0,-51,0.003,0.208,2.022
2014/09/19 13:18:40,2,37.70977,-121.72230,550.853,65.702,0.0,-71,0.000,0.000,3.457
2014/09/19 13:18:45,2,37.70915,-121.72376,547.900,64.794,0.0,-71,0.038,0.292,0.000
2014/09/19 13:18:50,2,37.70856,-121.72515,544.948,61.644,0.0,-71,0.048,0.083,6.611
2014/09/19 13:18:55,2,37.70797,-121.72654,542.323,62.065,0.0,-71,0.054,0.125,0.000
2014/09/19 13:19:00,2,37.70739,-121.72792,541.339,60.057,0.0,-71,0.052,0.000,0.000
2014/09/19 13:19:05,2,37.70682,-121.72926,541.995,60.714,0.0,-71,0.058,0.000,0.000
2014/09/19 13:19:10,2,37.70623,-121.73064,540.026,62.072,0.0,-71,0.057,0.000,0.000
2014/09/19 13:19:15,2,37.70564,-121.73204,538.386,61.893,0.0,-77,0.052,0.000,0.000
2014/09/19 13:19:20,2,37.70505,-121.73343,537.073,62.740,0.0,-77,0.058,0.000,0.000
2014/09/19 13:19:25,2,37.70445,-121.73485,536.417,63.566,0.0,-77,0.000,0.083,0.000
2014/09/19 13:19:30,2,37.70385,-121.73628,538.386,63.385,0.0,-77,0.000,0.000,0.000
2014/09/19 13:19:35,2,37.70330,-121.73774,532.808,64.320,0.0,-77,0.000,0.083,0.000
2014/09/19 13:19:40,2,37.70288,-121.73928,524.606,65.405,0.0,-77,0.000,0.000,3.655
2014/09/19 13:19:45,2,37.70258,-121.74090,523.294,65.786,0.0,-81,0.000,0.292,1.748
2014/09/19 13:19:50,2,37.70246,-121.74252,523.294,64.736,0.0,-81,0.000,0.292,2.130
2014/09/19 13:19:55,2,37.70246,-121.74418,516.076,66.718,0.0,-81,0.000,0.208,0.000
2014/09/19 13:20:00,2,37.70254,-121.74590,508.530,68.033,0.0,-81,0.000,0.000,2.634
2014/09/19 13:20:05,2,37.70262,-121.74764,503.937,68.476,0.0,-81,0.000,0.208,2.145
2014/09/19 13:20:10,2,37.70269,-121.74935,500.000,67.863,0.0,-81,0.000,0.167,2.131
2014/09/19 13:20:15,2,37.70277,-121.75106,496.391,67.651,0.0,-79,0.000,0.000,0.000
2014/09/19 13:20:20,2,37.70284,-121.75276,493.766,66.678,0.0,-79,0.000,0.125,6.671
2014/09/19 13:20:25,2,37.70292,-121.75443,493.766,66.591,0.0,-79,0.000,0.083,3.610
2014/09/19 13:20:30,2,37.70299,-121.75612,486.220,66.456,0.0,-79,0.000,0.208,2.691
2014/09/19 13:20:35,2,37.70305,-121.75781,482.612,66.706,0.0,-79,0.000,0.000,3.493
2014/09/19 13:20:40,2,37.70304,-121.75950,475.066,67.801,0.0,-79,0.000,0.042,1.618
2014/09/19 13:20:45,2,37.70295,-121.76118,472.769,65.770,0.0,-61,0.000,0.000,1.322
2014/09/19 13:20:50,2,37.70277,-121.76282,461.942,64.702,0.0,-61,0.000,0.333,1.706
2014/09/19 13:20:55,2,37.70252,-121.76444,458.333,66.182,0.0,-61,0.000,0.292,2.331
2014/09/19 13:21:00,2,37.70226,-121.76608,462.598,66.521,0.0,-61,0.000,0.208,1.650
2014/09/19 13:21:05,2,37.70199,-121.76771,466.864,65.662,0.0,-61,0.000,0.250,1.711
2014/09/19 13:21:10,2,37.70172,-121.76933,469.160,65.274,0.0,-61,0.000,0.125,1.410
2014/09/19 13:21:15,2,37.70145,-121.77096,470.801,66.682,0.0,-61,0.000,0.000,2.288
2014/09/19 13:21:20,2,37.70117,-121.77262,476.706,67.077,0.0,-77,0.000,0.250,1.907
2014/09/19 13:21:25,2,37.70089,-121.77432,479.987,70.414,0.0,-77,0.000,0.250,2.462
2014/09/19 13:21:30,2,37.70064,-121.77599,481.627,64.432,0.0,-77,0.000,0.250,1.942
2014/09/19 13:21:35,2,37.70046,-121.77764,475.722,66.689,0.0,-77,0.003,0.250,1.798
2014/09/19 13:21:40,2,37.70030,-121.77936,467.520,69.301,0.0,-77,0.057,0.167,2.991
2014/09/19 13:21:45,2,37.70015,-121.78111,448.163,68.276,0.0,-77,0.179,0.000,0.000
2014/09/19 13:21:50,2,37.70000,-121.78283,436.680,68.021,0.0,-59,0.193,0.167,2.830
2014/09/19 13:21:55,2,37.69985,-121.78457,427.822,69.848,0.0,-59,0.192,0.250,3.413
2014/09/19 13:22:00,2,37.69969,-121.78637,421.916,72.247,0.0,-59,0.000,0.208,2.289
2014/09/19 13:22:05,2,37.69970,-121.78820,421.260,71.518,0.0,-59,0.000,0.208,1.966
2014/09/19 13:22:10,2,37.69995,-121.79000,421.588,71.053,0.0,-59,0.003,0.208,1.690
2014/09/19 13:22:15,2,37.70032,-121.79169,417.979,67.173,0.0,-59,0.083,0.000,1.751
2014/09/19 13:22:20,2,37.70068,-121.79332,416.010,66.530,0.0,-75,0.190,0.208,3.490
2014/09/19 13:22:25,2,37.70089,-121.79493,406.824,64.389,0.0,-75,0.000,0.000,0.000
2014/09/19 13:22:30,2,37.70092,-121.79658,402.231,65.458,0.0,-75,0.000,0.083,1.375
2014/09/19 13:22:35,2,37.70093,-121.79824,401.575,65.490,0.0,-75,0.000,0.333,1.498
2014/09/19 13:22:40,2,37.70095,-121.79990,400.591,65.304,0.0,-75,0.003,0.208,0.554
2014/09/19 13:22:45,2,37.70096,-121.80156,393.701,65.663,0.0,-75,0.076,0.000,2.590
2014/09/19 13:22:50,2,37.70099,-121.80322,396.982,65.694,0.0,-81,0.193,0.208,2.891
2014/09/19 13:22:55,2,37.70098,-121.80491,394.685,63.897,0.0,-81,0.000,0.000,2.051
2014/09/19 13:23:00,2,37.70098,-121.80654,391.732,63.158,0.0,-81,0.000,0.125,0.000
2014/09/19 13:23:05,2,37.70099,-121.80813,392.717,63.352,0.0,-81,0.000,0.125,4.523
2014/09/19 13:23:10,2,37.70101,-121.80972,395.013,61.370,0.0,-81,0.003,0.208,1.767
2014/09/19 13:23:15,2,37.70102,-121.81129,400.262,61.227,0.0,-81,0.041,0.000,1.282
2014/09/19 13:23:20,2,37.70102,-121.81285,395.013,61.822,0.0,-71,0.022,0.083,5.099
2014/09/19 13:23:25,2,37.70102,-121.81442,376.969,62.658,0.0,-71,0.125,0.000,0.000
2014/09/19 13:23:30,2,37.70104,-121.81601,360.236,62.164,0.0,-71,0.000,0.000,0.000
2014/09/19 13:23:35,2,37.70105,-121.81762,350.394,64.992,0.0,-71,0.000,0.125,7.678
2014/09/19 13:23:40,2,37.70106,-121.81924,346.785,63.813,0.0,-71,0.000,0.208,2.055
2014/09/19 13:23:45,2,37.70105,-121.82086,352.034,64.588,0.0,-71,0.000,0.208,2.459
2014/09/19 13:23:50,2,37.70107,-121.82251,359.908,64.082,0.0,-71,0.003,0.208,0.901
2014/09/19 13:23:55,2,37.70108,-121.82410,354.987,61.578,0.0,-51,0.067,0.208,0.000
2014/09/19 13:24:00,2,37.70110,-121.82565,348.425,60.460,0.0,-51,0.163,0.000,2.351
2014/09/19 13:24:05,2,37.70110,-121.82718,350.066,59.705,0.0,-51,0.157,0.208,4.110
2014/09/19 13:24:10,2,37.70112,-121.82870,339.239,59.729,0.0,-51,0.000,0.208,2.325
2014/09/19 13:24:15,2,37.70113,-121.83023,314.304,59.944,0.0,-51,0.000,0.083,1.611
2014/09/19 13:24:20,2,37.70114,-121.83176,311.024,60.657,0.0,-51,0.003,0.208,1.162
2014/09/19 13:24:25,2,37.70115,-121.83326,304.790,59.121,0.0,-63,0.000,0.000,1.476
2014/09/19 13:24:30,2,37.70117,-121.83476,295.932,59.366,0.0,-63,0.044,0.208,0.000
2014/09/19 13:24:35,2,37.70118,-121.83628,283.793,60.104,0.0,-63,0.154,0.250,3.366
2014/09/19 13:24:40,2,37.70120,-121.83777,276.247,58.717,0.0,-63,0.154,0.000,2.667
2014/09/19 13:24:45,2,37.70120,-121.83930,267.388,60.670,0.0,-63,0.000,0.125,2.270
2014/09/19 13:24:50,2,37.70121,-121.84087,254.593,61.724,0.0,-63,0.000,0.208,1.042
2014/09/19 13:24:55,2,37.70122,-121.84240,244.423,59.338,0.0,-55,0.003,0.167,2.131
2014/09/19 13:25:00,2,37.70124,-121.84390,248.688,60.889,0.0,-55,0.089,0.250,1.237
2014/09/19 13:25:05,2,37.70125,-121.84548,246.391,61.819,0.0,-55,0.187,0.083,2.850
2014/09/19 13:25:10,2,37.70127,-121.84704,245.407,62.008,0.0,-55,0.192,0.000,4.170
2014/09/19 13:25:15,2,37.70128,-121.84858,249.344,59.732,0.0,-55,0.129,0.208,2.635
2014/09/19 13:25:20,2,37.70130,-121.85007,252.625,58.790,0.0,-55,0.189,0.000,0.000
2014/09/19 13:25:25,2,37.70131,-121.85157,252.297,58.996,0.0,-59,0.132,0.208,4.027
2014/09/19 13:25:30,2,37.70133,-121.85307,243.766,57.587,0.0,-59,0.003,0.208,1.911
2014/09/19 13:25:35,2,37.70134,-121.85450,237.205,56.590,0.0,-59,0.035,0.000,1.415
2014/09/19 13:25:40,2,37.70135,-121.85593,235.236,56.429,0.0,-59,0.116,0.208,2.666
2014/09/19 13:25:45,2,37.70136,-121.85736,238.189,57.128,0.0,-59,0.157,0.000,2.994
2014/09/19 13:25:50,2,37.70137,-121.85882,232.940,57.753,0.0,-59,0.102,0.208,4.465
2014/09/19 13:25:55,2,37.70139,-121.86057,240.157,57.832,0.0,-59,0.123,0.208,2.399
2014/09/19 13:26:00,2,37.70141,-121.86206,248.688,60.627,0.0,-67,0.000,0.208,1.554
2014/09/19 13:26:05,2,37.70142,-121.86361,249.344,62.057,0.0,-67,0.000,0.208,2.327
2014/09/19 13:26:10,2,37.70143,-121.86516,258.530,59.794,0.0,-67,0.003,0.000,1.529
2014/09/19 13:26:15,2,37.70144,-121.86663,257.218,57.238,0.0,-67,0.067,0.292,0.000
2014/09/19 13:26:20,2,37.70146,-121.86804,263.123,56.468,0.0,-67,0.129,0.000,3.602
2014/09/19 13:26:25,2,37.70148,-121.86947,263.780,55.520,0.0,-67,0.148,0.208,3.426
2014/09/19 13:26:30,2,37.70149,-121.87088,262.139,56.057,0.0,-65,0.183,0.000,3.834
2014/09/19 13:26:35,2,37.70151,-121.87230,267.060,57.140,0.0,-65,0.189,0.000,2.662
2014/09/19 13:26:40,2,37.70153,-121.87374,286.089,57.573,0.0,-65,0.000,0.000,0.607
2014/09/19 13:26:45,2,37.70155,-121.87520,296.916,58.621,0.0,-65,0.003,0.000,0.515
2014/09/19 13:26:50,2,37.70157,-121.87668,295.932,57.317,0.0,-65,0.136,0.000,0.798
2014/09/19 13:26:55,2,37.70158,-121.87817,298.228,59.092,0.0,-65,0.190,0.000,4.551
2014/09/19 13:27:00,2,37.70160,-121.87965,305.446,58.938,0.0,-57,0.170,0.000,0.000
2014/09/19 13:27:05,2,37.70162,-121.88114,303.806,59.730,0.0,-57,0.170,0.042,1.690
2014/09/19 13:27:10,2,37.70165,-121.88264,302.822,58.838,0.0,-57,0.227,0.000,1.290
2014/09/19 13:27:15,2,37.70167,-121.88407,297.572,56.397,0.0,-57,0.184,0.125,2.614
2014/09/19 13:27:20,2,37.70167,-121.88550,293.307,54.378,0.0,-57,0.156,0.333,2.168
2014/09/19 13:27:25,2,37.70169,-121.88689,289.370,55.294,0.0,-57,0.158,0.167,2.146
2014/09/19 13:27:30,2,37.70170,-121.88830,297.244,57.201,0.0,-57,0.160,0.000,0.000
2014/09/19 13:27:35,2,37.70170,-121.88975,293.307,55.942,0.0,-57,0.109,0.000,5.449
2014/09/19 13:27:40,2,37.70170,-121.89115,295.276,56.595,0.0,-57,0.206,0.167,2.574
2014/09/19 13:27:45,2,37.70170,-121.89264,298.228,60.492,0.0,-57,0.208,0.292,2.443
2014/09/19 13:27:50,2,37.70173,-121.89418,316.273,61.089,0.0,-57,0.193,0.000,0.000
2014/09/19 13:27:55,2,37.70176,-121.89573,324.803,61.246,0.0,-57,0.000,0.292,2.690
2014/09/19 13:28:00,2,37.70180,-121.89729,329.724,61.652,0.0,-57,0.000,0.083,6.490
2014/09/19 13:28:05,2,37.70182,-121.89887,331.693,63.307,0.0,-51,0.000,0.250,0.000
2014/09/19 13:28:10,2,37.70183,-121.90047,328.412,62.408,0.0,-51,0.000,0.000,0.000
2014/09/19 13:28:15,2,37.70183,-121.90204,319.554,61.874,0.0,-51,0.000,0.083,0.000
2014/09/19 13:28:20,2,37.70184,-121.90367,309.055,66.609,0.0,-51,0.000,0.000,1.212
2014/09/19 13:28:25,2,37.70185,-121.90535,315.945,67.219,0.0,-51,0.000,0.250,1.791
2014/09/19 13:28:30,2,37.70187,-121.90703,321.522,64.640,0.0,-51,0.000,0.083,5.147
2014/09/19 13:28:35,2,37.70189,-121.90870,326.444,65.759,0.0,-59,0.000,0.083,0.663
2014/09/19 13:28:40,2,37.70191,-121.91037,322.507,65.425,0.0,-59,0.000,0.250,1.819
2014/09/19 13:28:45,2,37.70194,-121.91203,324.803,65.938,0.0,-59,0.003,0.000,1.621
2014/09/19 13:28:50,2,37.70196,-121.91368,325.787,64.114,0.0,-59,0.000,0.250,0.790
2014/09/19 13:28:55,2,37.70198,-121.91530,327.756,63.968,0.0,-59,0.000,0.250,1.177
2014/09/19 13:29:00,2,37.70199,-121.91686,332.677,62.623,0.0,-59,0.000,0.250,1.631
2014/09/19 13:29:05,2,37.70192,-121.91843,335.630,62.097,0.0,-51,0.000,0.000,2.191
2014/09/19 13:29:10,2,37.70170,-121.91998,337.598,62.874,0.0,-51,0.000,0.250,4.612
2014/09/19 13:29:15,2,37.70136,-121.92154,334.974,64.327,0.0,-51,0.003,0.292,1.530
2014/09/19 13:29:20,2,37.70102,-121.92307,337.927,62.058,0.0,-51,0.000,0.000,2.603
2014/09/19 13:29:25,2,37.70068,-121.92461,336.614,60.258,0.0,-51,0.000,0.250,2.206
2014/09/19 13:29:30,2,37.70037,-121.92610,341.207,60.219,0.0,-51,0.000,0.208,1.296
2014/09/19 13:29:35,2,37.70003,-121.92760,342.848,61.653,0.0,-67,0.000,0.167,2.139
2014/09/19 13:29:40,2,37.69971,-121.92911,353.675,62.702,0.0,-67,0.000,0.250,1.131
2014/09/19 13:29:45,2,37.69935,-121.93066,353.675,63.787,0.0,-67,0.000,0.167,1.979
2014/09/19 13:29:50,2,37.69897,-121.93218,350.066,62.684,0.0,-67,0.003,0.000,1.535
2014/09/19 13:29:55,2,37.69865,-121.93370,353.018,61.771,0.0,-67,0.035,0.292,3.484
2014/09/19 13:30:00,2,37.69847,-121.93527,358.268,63.459,0.0,-67,0.000,0.000,0.000
2014/09/19 13:30:05,2,37.69844,-121.93689,366.798,62.777,0.0,-67,0.000,0.167,7.430
2014/09/19 13:30:10,2,37.69846,-121.93851,382.874,63.851,0.0,-63,0.000,0.250,1.124
2014/09/19 13:30:15,2,37.69847,-121.94010,398.950,61.989,0.0,-63,0.000,0.000,1.371
2014/09/19 13:30:20,2,37.69849,-121.94166,412.730,61.309,0.0,-63,0.000,0.167,0.000
2014/09/19 13:30:25,2,37.69850,-121.94322,429.134,60.981,0.0,-63,0.000,0.083,5.711
2014/09/19 13:30:30,2,37.69852,-121.94477,445.538,61.981,0.0,-63,0.000,0.000,0.000
2014/09/19 13:30:35,2,37.69853,-121.94636,460.302,62.568,0.0,-63,0.000,0.000,6.378
2014/09/19 13:30:40,2,37.69853,-121.94784,475.722,56.900,0.0,-65,0.000,0.042,3.407
2014/09/19 13:30:45,2,37.69855,-121.94928,490.814,56.808,0.0,-65,0.000,0.000,0.000
2014/09/19 13:30:50,2,37.69855,-121.95075,506.890,57.948,0.0,-65,0.000,0.000,0.000
2014/09/19 13:30:55,2,37.69857,-121.95222,521.982,58.236,0.0,-65,0.000,0.000,0.000
2014/09/19 13:31:00,2,37.69858,-121.95365,534.449,55.659,0.0,-65,0.000,0.000,0.000
2014/09/19 13:31:05,2,37.69858,-121.95508,545.276,56.133,0.0,-65,0.000,0.000,0.000
2014/09/19 13:31:10,2,37.69859,-121.95651,562.008,58.429,0.0,-61,0.000,0.000,0.000
2014/09/19 13:31:15,2,37.69857,-121.95792,578.740,54.682,0.0,-61,0.000,0.000,0.000
2014/09/19 13:31:20,2,37.69842,-121.95932,593.176,55.842,0.0,-61,0.000,0.208,0.259
2014/09/19 13:31:25,2,37.69817,-121.96074,605.971,59.262,0.0,-61,0.003,1.042,0.282
2014/09/19 13:31:30,2,37.69791,-121.96220,623.688,59.688,0.0,-61,1.167,1.000,0.486
2014/09/19 13:31:35,2,37.69768,-121.96369,643.701,60.138,0.0,-61,1.051,0.333,0.837
2014/09/19 13:31:40,2,37.69752,-121.96517,658.136,58.002,0.0,-57,1.237,0.750,0.386
2014/09/19 13:31:45,2,37.69742,-121.96665,674.213,58.868,0.0,-57,0.599,0.000,1.131
2014/09/19 13:31:50,2,37.69738,-121.96819,689.961,62.082,0.0,-57,0.413,0.625,0.775
2014/09/19 13:31:55,2,37.69741,-121.96977,706.693,61.770,0.0,-57,0.528,0.417,0.247
2014/09/19 13:32:00,2,37.69753,-121.97131,720.801,61.317,0.0,-57,0.404,0.042,0.813
2014/09/19 13:32:05,2,37.69771,-121.97285,730.643,62.605,0.0,-57,0.543,0.667,0.505
2014/09/19 13:32:10,2,37.69796,-121.97441,735.564,62.624,0.0,-57,0.483,1.250,0.710
2014/09/19 13:32:15,2,37.69824,-121.97594,729.331,62.386,0.0,-55,0.553,1.208,0.430
2014/09/19 13:32:20,2,37.69851,-121.97749,724.409,63.643,0.0,-55,0.533,1.125,0.650
2014/09/19 13:32:25,2,37.69877,-121.97907,710.302,62.277,0.0,-55,0.999,1.292,0.501
2014/09/19 13:32:30,2,37.69903,-121.98056,700.787,60.336,0.0,-55,0.000,1.250,0.377
2014/09/19 13:32:35,2,37.69928,-121.98208,691.601,61.314,0.0,-55,1.093,0.875,0.394
2014/09/19 13:32:40,2,37.69949,-121.98362,683.071,60.724,0.0,-55,0.429,1.292,0.419
2014/09/19 13:32:45,2,37.69966,-121.98508,679.134,57.841,0.0,-51,0.219,1.292,0.326
2014/09/19 13:32:50,2,37.69982,-121.98652,674.541,56.913,0.0,-51,0.504,0.000,0.306
2014/09/19 13:32:55,2,37.70008,-121.98793,668.635,57.451,0.0,-51,0.719,0.042,0.355
2014/09/19 13:33:00,2,37.70050,-121.98930,660.433,58.913,0.0,-51,0.508,1.125,0.386
2014/09/19 13:33:05,2,37.70107,-121.99063,646.654,60.732,0.0,-51,0.416,1.333,0.354
2014/09/19 13:33:10,2,37.70166,-121.99197,629.593,59.671,0.0,-51,0.489,1.333,0.285
2014/09/19 13:33:15,2,37.70220,-121.99330,613.845,60.083,0.0,-77,0.735,1.375,0.334
2014/09/19 13:33:20,2,37.70268,-121.99470,598.753,59.682,0.0,-77,0.540,1.292,0.297
2014/09/19 13:33:25,2,37.70307,-121.99613,585.630,59.558,0.0,-77,0.562,1.125,0.486
2014/09/19 13:33:30,2,37.70336,-121.99760,578.412,59.452,0.0,-77,0.585,0.958,0.430
2014/09/19 13:33:35,2,37.70356,-121.99905,569.226,57.119,0.0,-77,0.520,1.250,0.398
2014/09/19 13:33:40,2,37.70368,-122.00049,562.008,58.141,0.0,-77,0.821,0.000,0.242
2014/09/19 13:33:45,2,37.70370,-122.00200,550.853,60.312,0.0,-65,1.169,0.000,0.286
2014/09/19 13:33:50,2,37.70365,-122.00354,536.745,60.601,0.0,-65,1.073,0.042,0.330
2014/09/19 13:33:55,2,37.70358,-122.00509,520.341,60.392,0.0,-65,0.476,1.000,0.618
2014/09/19 13:34:00,2,37.70350,-122.00659,505.906,59.285,0.0,-65,0.387,0.875,0.385
2014/09/19 13:34:05,2,37.70343,-122.00811,499.016,61.593,0.0,-65,0.529,0.917,0.469
2014/09/19 13:34:10,2,37.70336,-122.00968,483.924,61.210,0.0,-65,0.360,0.667,1.783
2014/09/19 13:34:15,2,37.70328,-122.01122,471.457,60.610,0.0,-65,0.276,0.833,0.525
2014/09/19 13:34:20,2,37.70321,-122.01274,456.693,59.500,0.0,-79,0.615,1.083,0.441
2014/09/19 13:34:25,2,37.70314,-122.01421,445.538,57.481,0.0,-79,0.511,1.167,0.474
2014/09/19 13:34:30,2,37.70305,-122.01564,436.024,56.226,0.0,-79,0.735,0.958,0.339
2014/09/19 13:34:35,2,37.70284,-122.01710,434.055,61.751,0.0,-79,0.966,1.083,0.359
2014/09/19 13:34:40,2,37.70242,-122.01856,429.790,62.632,0.0,-79,0.670,0.000,0.578
2014/09/19 13:34:45,2,37.70187,-122.02004,423.556,65.359,0.0,-79,0.706,1.292,0.393
2014/09/19 13:34:50,2,37.70139,-122.02153,422.244,62.065,0.0,-67,0.692,0.000,0.246
2014/09/19 13:34:55,2,37.70108,-122.02304,411.417,60.698,0.0,-67,0.842,0.042,0.315
2014/09/19 13:35:00,2,37.70098,-122.02459,411.417,61.075,0.0,-67,1.094,1.083,0.518
2014/09/19 13:35:05,2,37.70106,-122.02611,415.026,60.748,0.0,-67,1.371,1.125,0.399
2014/09/19 13:35:10,2,37.70132,-122.02759,413.386,59.752,0.0,-67,0.622,0.833,0.411
2014/09/19 13:35:15,2,37.70171,-122.02906,410.105,61.988,0.0,-67,0.641,1.083,0.312
2014/09/19 13:35:20,2,37.70208,-122.03057,403.871,63.855,0.0,-55,0.647,1.167,0.323
2014/09/19 13:35:25,2,37.70228,-122.03216,398.294,63.014,0.0,-55,0.419,0.583,1.077
2014/09/19 13:35:30,2,37.70230,-122.03375,390.092,63.819,0.0,-55,0.266,0.000,1.447
2014/09/19 13:35:35,2,37.70211,-122.03536,381.562,64.727,0.0,-55,0.178,0.542,0.923
2014/09/19 13:35:40,2,37.70173,-122.03694,368.438,66.008,0.0,-55,0.121,0.333,2.011
2014/09/19 13:35:45,2,37.70114,-122.03851,358.924,70.734,0.0,-55,0.000,0.583,0.630
2014/09/19 13:35:50,2,37.70033,-122.03997,357.283,70.023,0.0,-67,0.153,0.458,0.637
2014/09/19 13:35:55,2,37.69934,-122.04121,345.144,70.877,0.0,-67,0.258,1.333,0.450
2014/09/19 13:36:00,2,37.69828,-122.04238,333.333,70.245,0.0,-67,0.661,0.000,0.410
2014/09/19 13:36:05,2,37.69724,-122.04351,329.724,68.191,0.0,-67,0.885,0.000,0.231
2014/09/19 13:36:10,2,37.69620,-122.04467,322.835,70.059,0.0,-67,1.163,0.042,0.558
2014/09/19 13:36:15,2,37.69527,-122.04598,315.289,70.090,0.0,-67,1.533,0.708,0.346
2014/09/19 13:36:20,2,37.69451,-122.04749,312.008,70.085,0.0,-67,1.497,0.625,0.786
2014/09/19 13:36:25,2,37.69397,-122.04915,302.165,70.696,0.0,-67,1.583,0.292,0.362
2014/09/19 13:36:30,2,37.69367,-122.05089,285.105,69.532,0.0,-67,0.668,0.500,0.434
2014/09/19 13:36:35,2,37.69361,-122.05261,274.934,68.204,0.0,-67,0.527,0.500,0.571
2014/09/19 13:36:40,2,37.69377,-122.05434,257.546,69.828,0.0,-67,0.711,0.000,0.623
2014/09/19 13:36:45,2,37.69394,-122.05612,241.142,70.663,0.0,-67,1.017,0.833,0.393
2014/09/19 13:36:50,2,37.69394,-122.05788,231.299,70.614,0.0,-67,0.740,0.417,0.339
2014/09/19 13:36:55,2,37.69370,-122.05964,225.066,69.803,0.0,-51,0.786,0.958,0.365
2014/09/19 13:37:00,2,37.69325,-122.06133,210.302,71.478,0.0,-51,0.878,0.917,0.513
2014/09/19 13:37:05,2,37.69278,-122.06308,197.178,73.524,0.0,-51,0.734,1.000,0.339
2014/09/19 13:37:10,2,37.69228,-122.06484,184.383,74.023,0.0,-51,0.484,0.875,0.306
2014/09/19 13:37:15,2,37.69177,-122.06661,176.181,74.028,0.0,-51,0.952,1.000,0.413
2014/09/19 13:37:20,2,37.69137,-122.06839,169.948,71.908,0.0,-51,0.856,1.125,0.530
2014/09/19 13:37:25,2,37.69110,-122.07012,165.682,66.142,0.0,-51,0.961,0.000,0.233
2014/09/19 13:37:30,2,37.69097,-122.07178,167.651,67.254,0.0,-51,1.520,0.000,0.258
2014/09/19 13:37:35,2,37.69093,-122.07352,164.042,69.358,0.0,-51,0.600,0.042,0.554
2014/09/19 13:37:40,2,37.69092,-122.07529,154.528,69.957,0.0,-51,0.508,0.958,0.766
2014/09/19 13:37:45,2,37.69092,-122.07707,139.436,68.893,0.0,-51,0.371,0.667,1.038
2014/09/19 13:37:50,2,37.69093,-122.07879,130.577,66.980,0.0,-51,0.278,0.333,1.582
2014/09/19 13:37:55,2,37.69092,-122.08039,125.000,60.596,0.0,-67,0.319,0.000,0.710
2014/09/19 13:38:00,2,37.69091,-122.08194,123.031,61.164,0.0,-67,0.261,0.375,0.766
2014/09/19 13:38:05,2,37.69090,-122.08345,126.640,57.879,0.0,-67,0.288,0.792,0.570
2014/09/19 13:38:10,2,37.69089,-122.08488,140.092,54.288,0.0,-67,0.555,1.042,0.470
2014/09/19 13:38:15,2,37.69088,-122.08627,153.871,55.372,0.0,-67,0.650,0.917,0.380
2014/09/19 13:38:20,2,37.69087,-122.08767,162.073,55.566,0.0,-67,0.631,0.917,0.570
2014/09/19 13:38:25,2,37.69086,-122.08909,167.323,57.580,0.0,-67,0.628,0.792,0.826
2014/09/19 13:38:30,2,37.69085,-122.09053,169.291,56.233,0.0,-51,0.477,0.583,0.330
2014/09/19 13:38:35,2,37.69082,-122.09194,162.073,55.754,0.0,-51,0.357,0.833,0.786
2014/09/19 13:38:40,2,37.69077,-122.09334,153.871,55.352,0.0,-51,0.402,0.833,0.990
2014/09/19 13:38:45,2,37.69072,-122.09476,143.045,57.070,0.0,-51,0.391,0.542,1.458
2014/09/19 13:38:50,2,37.69069,-122.09622,133.858,58.862,0.0,-51,0.449,0.667,1.462
2014/09/19 13:38:55,2,37.69085,-122.09773,140.748,61.116,0.0,-51,0.275,0.000,1.694
2014/09/19 13:39:00,2,37.69125,-122.09919,139.436,60.389,0.0,-71,0.535,0.000,0.982
2014/09/19 13:39:05,2,37.69187,-122.10048,139.108,58.895,0.0,-71,0.273,0.000,2.750
2014/09/19 13:39:10,2,37.69268,-122.10155,139.436,59.083,0.0,-71,0.426,0.000,1.435
2014/09/19 13:39:15,2,37.69361,-122.10244,146.325,57.809,0.0,-71,0.474,0.000,1.254
2014/09/19 13:39:21,2,37.69456,-122.10328,148.294,57.124,0.0,-71,0.676,0.000,1.201
2014/09/19 13:39:26,2,37.69550,-122.10412,146.982,58.262,0.0,-71,0.798,0.042,1.105
2014/09/19 13:39:31,2,37.69645,-122.10497,145.669,58.962,0.0,-63,0.467,0.292,0.630
2014/09/19 13:39:36,2,37.69745,-122.10586,140.092,61.774,0.0,-63,0.357,0.542,0.707
2014/09/19 13:39:41,2,37.69847,-122.10676,136.483,62.322,0.0,-63,0.676,0.500,0.503
2014/09/19 13:39:46,2,37.69950,-122.10769,128.937,64.214,0.0,-63,0.681,0.875,0.406
2014/09/19 13:39:51,2,37.70048,-122.10879,127.625,66.188,0.0,-63,0.473,0.000,0.478
2014/09/19 13:39:56,2,37.70134,-122.11006,114.501,64.165,0.0,-63,0.000,1.125,4.554
2014/09/19 13:40:01,2,37.70213,-122.11136,101.378,64.469,0.0,-59,0.000,0.333,0.347
2014/09/19 13:40:06,2,37.70294,-122.11268,96.785,65.669,0.0,-59,0.000,1.417,0.327
2014/09/19 13:40:11,2,37.70376,-122.11401,96.129,67.252,0.0,-59,0.013,1.542,0.415
2014/09/19 13:40:16,2,37.70460,-122.11537,95.144,67.617,0.0,-59,0.287,0.958,0.303
2014/09/19 13:40:21,2,37.70539,-122.11677,83.990,67.932,0.0,-59,0.369,0.000,0.900
2014/09/19 13:40:26,2,37.70611,-122.11824,73.491,69.039,0.0,-59,0.308,0.583,0.246
2014/09/19 13:40:31,2,37.70679,-122.11978,55.118,69.550,0.0,-59,0.367,0.875,0.666
2014/09/19 13:40:36,2,37.70754,-122.12127,35.433,71.411,0.0,-63,0.381,0.708,0.663
2014/09/19 13:40:41,2,37.70856,-122.12258,32.808,73.710,0.0,-63,0.487,0.000,0.613
2014/09/19 13:40:46,2,37.70959,-122.12388,36.417,72.201,0.0,-63,0.591,0.000,0.635
2014/09/19 13:40:51,2,37.71050,-122.12523,45.276,69.148,0.0,-63,0.487,0.000,0.382
2014/09/19 13:40:56,2,37.71126,-122.12670,54.790,68.841,0.0,-63,0.575,0.042,1.278
2014/09/19 13:41:01,2,37.71202,-122.12814,64.633,68.433,0.0,-63,0.642,0.833,0.490
2014/09/19 13:41:06,2,37.71294,-122.12946,74.147,70.392,0.0,-61,0.566,1.292,0.290
2014/09/19 13:41:11,2,37.71404,-122.13058,84.974,68.506,0.0,-61,0.652,1.125,0.422
2014/09/19 13:41:16,2,37.71522,-122.13141,91.535,66.539,0.0,-61,0.979,0.667,0.815
2014/09/19 13:41:21,2,37.71645,-122.13205,95.144,65.859,0.0,-61,0.747,0.542,0.609
2014/09/19 13:41:26,2,37.71767,-122.13265,94.816,65.511,0.0,-61,0.785,0.458,0.606
2014/09/19 13:41:31,2,37.71887,-122.13325,101.706,62.069,0.0,-61,0.400,0.625,0.278
2014/09/19 13:41:36,2,37.71996,-122.13388,107.940,57.707,0.0,-69,0.322,0.667,0.487
2014/09/19 13:41:41,2,37.72098,-122.13456,106.955,57.698,0.0,-69,0.298,1.208,0.609
2014/09/19 13:41:46,2,37.72205,-122.13535,94.816,62.860,0.0,-69,0.342,0.000,0.613
2014/09/19 13:41:51,2,37.72313,-122.13622,86.942,64.230,0.0,-69,0.155,0.375,1.625
2014/09/19 13:41:56,2,37.72425,-122.13703,91.535,63.969,0.0,-69,0.130,0.250,2.023
2014/09/19 13:42:01,2,37.72543,-122.13755,105.643,60.430,0.0,-69,0.139,0.375,0.507
2014/09/19 13:42:06,2,37.72661,-122.13777,118.438,58.682,0.0,-69,0.000,0.417,1.591
2014/09/19 13:42:11,2,37.72780,-122.13794,129.593,58.709,0.0,-69,0.000,1.000,0.661
2014/09/19 13:42:16,2,37.72892,-122.13814,137.467,53.852,0.0,-69,0.000,0.000,0.215
2014/09/19 13:42:21,2,37.73000,-122.13843,133.202,58.120,0.0,-69,0.003,0.000,0.593
2014/09/19 13:42:26,2,37.73120,-122.13878,129.593,63.845,0.0,-69,0.686,0.000,2.896
2014/09/19 13:42:31,2,37.73248,-122.13915,129.593,65.127,0.0,-69,0.346,0.000,0.000
2014/09/19 13:42:36,2,37.73374,-122.13946,128.609,64.645,0.0,-69,0.147,0.000,3.386
2014/09/19 13:42:41,2,37.73503,-122.13973,131.562,63.857,0.0,-73,0.224,0.000,2.527
2014/09/19 13:42:46,2,37.73630,-122.14002,141.076,63.052,0.0,-73,0.000,0.042,4.403
2014/09/19 13:42:51,2,37.73747,-122.14059,142.060,62.139,0.0,-73,0.000,0.000,0.411
2014/09/19 13:42:56,2,37.73847,-122.14149,134.186,61.599,0.0,-73,0.000,0.833,0.623
2014/09/19 13:43:01,2,37.73935,-122.14260,120.079,62.529,0.0,-73,0.000,0.625,0.999
2014/09/19 13:43:06,2,37.74030,-122.14370,113.845,66.104,0.0,-73,0.000,0.875,0.494
2014/09/19 13:43:11,2,37.74146,-122.14464,113.517,68.788,0.0,-77,0.000,1.083,0.390
2014/09/19 13:43:16,2,37.74260,-122.14555,109.580,66.549,0.0,-77,0.003,1.333,0.523
2014/09/19 13:43:21,2,37.74356,-122.14669,106.627,65.401,0.0,-77,0.714,1.583,0.329
2014/09/19 13:43:26,2,37.74444,-122.14787,122.375,62.171,0.0,-77,1.045,0.417,0.310
2014/09/19 13:43:31,2,37.74544,-122.14885,138.451,64.277,0.0,-77,1.035,0.417,0.534
2014/09/19 13:43:36,2,37.74664,-122.14957,151.247,66.596,0.0,-77,0.000,0.000,0.689
2014/09/19 13:43:41,2,37.74785,-122.15016,159.777,63.011,0.0,-71,0.596,0.000,0.000
2014/09/19 13:43:46,2,37.74902,-122.15074,171.588,62.197,0.0,-71,0.113,0.000,6.291
2014/09/19 13:43:51,2,37.75015,-122.15130,186.352,58.559,0.0,-71,0.313,0.000,2.158
2014/09/19 13:43:56,2,37.75128,-122.15167,197.507,58.208,0.0,-71,0.270,0.250,3.853
2014/09/19 13:44:01,2,37.75248,-122.15162,200.131,59.576,0.0,-71,0.362,0.000,0.842
2014/09/19 13:44:06,2,37.75364,-122.15116,192.913,62.095,0.0,-71,0.609,0.000,2.326
2014/09/19 13:44:11,2,37.75470,-122.15027,186.680,64.858,0.0,-81,0.221,0.000,0.000
2014/09/19 13:44:16,2,37.75570,-122.14920,203.412,63.239,0.0,-81,0.041,0.125,7.070
2014/09/19 13:44:21,2,37.75671,-122.14832,212.927,60.868,0.0,-81,0.000,0.125,2.553
2014/09/19 13:44:26,2,37.75786,-122.14783,221.129,60.611,0.0,-81,0.000,0.708,0.425
2014/09/19 13:44:31,2,37.75902,-122.14770,222.113,59.635,0.0,-81,0.000,1.500,0.358
2014/09/19 13:44:36,2,37.76025,-122.14806,216.207,63.141,0.0,-81,0.000,0.042,0.246
2014/09/19 13:44:41,2,37.76145,-122.14867,224.081,62.571,0.0,-81,0.000,1.167,0.315
2014/09/19 13:44:46,2,37.76259,-122.14941,251.969,62.978,0.0,-51,0.000,1.208,0.434
2014/09/19 13:44:51,2,37.76371,-122.15015,272.310,62.593,0.0,-51,0.006,0.000,0.262
2014/09/19 13:44:56,2,37.76477,-122.15099,281.496,62.978,0.0,-51,1.000,1.333,0.291
2014/09/19 13:45:01,2,37.76583,-122.15191,281.168,64.442,0.0,-51,0.587,0.667,0.334
2014/09/19 13:45:06,2,37.76699,-122.15268,295.604,65.692,0.0,-51,0.599,1.167,0.426
2014/09/19 13:45:11,2,37.76824,-122.15338,304.790,68.403,0.0,-51,0.654,1.167,0.290
2014/09/19 13:45:16,2,37.76949,-122.15412,309.383,67.935,0.0,-75,0.929,1.167,0.349
2014/09/19 13:45:21,2,37.77063,-122.15493,309.055,63.805,0.0,-75,1.077,0.875,0.318
2014/09/19 13:45:26,2,37.77164,-122.15585,305.118,61.509,0.0,-75,0.798,0.792,0.335
2014/09/19 13:45:31,2,37.77257,-122.15693,304.462,64.094,0.0,-75,0.540,0.000,0.245
2014/09/19 13:45:36,2,37.77343,-122.15813,317.913,64.292,0.0,-75,1.014,0.042,0.371
2014/09/19 13:45:41,2,37.77417,-122.15945,336.614,63.637,0.0,-75,0.664,0.792,0.767
2014/09/19 13:45:46,2,37.77486,-122.16080,340.879,63.511,0.0,-73,0.366,0.000,0.330
2014/09/19 13:45:51,2,37.77552,-122.16213,333.333,60.715,0.0,-73,0.549,0.750,0.619
2014/09/19 13:45:56,2,37.77616,-122.16343,310.039,61.098,0.0,-73,0.653,1.250,0.374
2014/09/19 13:46:01,2,37.77678,-122.16480,294.291,62.747,0.0,-73,0.427,0.958,0.539
2014/09/19 13:46:06,2,37.77738,-122.16613,282.152,57.691,0.0,-73,0.495,0.750,0.538
2014/09/19 13:46:11,2,37.77795,-122.16739,272.966,57.287,0.0,-73,0.497,0.875,0.543
2014/09/19 13:46:16,2,37.77854,-122.16865,270.997,58.190,0.0,-69,0.743,0.833,0.558
2014/09/19 13:46:21,2,37.77921,-122.16993,277.887,61.263,0.0,-69,0.910,0.833,0.502
2014/09/19 13:46:26,2,37.77988,-122.17126,279.856,62.649,0.0,-69,0.752,0.833,0.861
2014/09/19 13:46:31,2,37.78059,-122.17263,278.215,67.786,0.0,-69,0.830,0.917,0.367
2014/09/19 13:46:36,2,37.78138,-122.17408,273.950,71.665,0.0,-69,0.623,1.125,0.323
2014/09/19 13:46:41,2,37.78229,-122.17553,256.234,72.569,0.0,-69,1.503,0.000,0.259
2014/09/19 13:46:46,2,37.78322,-122.17697,249.344,73.898,0.0,-69,0.949,0.000,0.230
2014/09/19 13:46:51,2,37.78388,-122.17852,234.908,66.932,0.0,-51,0.577,0.042,0.499
2014/09/19 13:46:56,2,37.78409,-122.18010,222.441,60.614,0.0,-51,0.696,0.708,0.922
2014/09/19 13:47:01,2,37.78414,-122.18157,207.349,56.388,0.0,-51,0.596,0.667,0.967
2014/09/19 13:47:06,2,37.78418,-122.18297,196.850,55.695,0.0,-51,0.718,0.583,0.662
2014/09/19 13:47:11,2,37.78424,-122.18470,183.399,56.835,0.0,-51,1.112,0.667,0.330
2014/09/19 13:47:16,2,37.78428,-122.18620,177.822,61.235,0.0,-51,0.728,0.417,1.406
2014/09/19 13:47:21,2,37.78438,-122.18777,174.541,63.656,0.0,-75,0.455,0.000,2.006
2014/09/19 13:47:26,2,37.78460,-122.18939,172.900,65.735,0.0,-75,0.875,0.208,0.481
2014/09/19 13:47:31,2,37.78494,-122.19101,175.525,65.616,0.0,-75,1.041,0.750,0.469
2014/09/19 13:47:36,2,37.78541,-122.19255,180.774,63.467,0.0,-75,0.000,1.125,0.294
2014/09/19 13:47:41,2,37.78597,-122.19399,181.102,64.012,0.0,-75,1.206,1.083,0.711
2014/09/19 13:47:46,2,37.78664,-122.19538,170.604,64.564,0.0,-75,0.669,0.875,0.463
2014/09/19 13:47:51,2,37.78732,-122.19675,150.262,63.765,0.0,-71,0.693,1.042,0.343
2014/09/19 13:47:56,2,37.78800,-122.19811,148.294,63.486,0.0,-71,0.784,0.708,0.509
2014/09/19 13:48:01,2,37.78874,-122.19947,153.543,64.858,0.0,-71,0.416,0.792,0.827
2014/09/19 13:48:06,2,37.78963,-122.20072,161.417,67.720,0.0,-71,0.701,0.583,0.979
2014/09/19 13:48:11,2,37.79072,-122.20181,164.370,69.953,0.0,-71,0.452,0.000,1.523
2014/09/19 13:48:16,2,37.79184,-122.20288,165.354,69.614,0.0,-71,0.179,0.000,0.810
2014/09/19 13:48:21,2,37.79296,-122.20392,162.730,68.255,0.0,-77,0.287,0.000,0.299
2014/09/19 13:48:26,2,37.79391,-122.20505,155.512,62.376,0.0,-77,0.254,0.000,1.186
2014/09/19 13:48:31,2,37.79466,-122.20625,178.150,59.696,0.0,-77,0.271,0.000,2.750
2014/09/19 13:48:36,2,37.79527,-122.20752,196.194,57.699,0.0,-77,0.163,0.000,1.859
2014/09/19 13:48:41,2,37.79586,-122.20878,197.835,58.065,0.0,-77,0.469,0.000,0.655
2014/09/19 13:48:46,2,37.79646,-122.21008,191.929,60.629,0.0,-77,0.735,0.000,1.171
2014/09/19 13:48:51,2,37.79700,-122.21147,180.774,63.190,0.0,-71,0.487,0.000,1.398
2014/09/19 13:48:56,2,37.79743,-122.21300,176.181,65.311,0.0,-71,0.343,0.042,1.540
2014/09/19 13:49:01,2,37.79783,-122.21463,170.276,67.296,0.0,-71,0.667,0.458,1.022
2014/09/19 13:49:06,2,37.79822,-122.21626,172.244,66.792,0.0,-71,0.508,0.708,0.937
2014/09/19 13:49:11,2,37.79861,-122.21788,178.150,67.168,0.0,-71,0.143,0.000,3.806
2014/09/19 13:49:16,2,37.79899,-122.21943,182.087,59.886,0.0,-71,0.148,0.167,1.758
2014/09/19 13:49:21,2,37.79933,-122.22085,172.244,57.537,0.0,-71,0.357,0.750,0.483
2014/09/19 13:49:26,2,37.79962,-122.22227,179.134,58.262,0.0,-71,0.577,1.083,0.526
2014/09/19 13:49:31,2,37.79993,-122.22375,176.181,61.750,0.0,-71,0.495,0.792,0.651
2014/09/19 13:49:36,2,37.80025,-122.22530,179.462,62.352,0.0,-71,0.824,0.750,0.319
2014/09/19 13:49:41,2,37.80054,-122.22680,187.008,59.669,0.0,-71,0.889,1.167,0.338
2014/09/19 13:49:46,2,37.80087,-122.22821,180.118,56.819,0.0,-71,1.044,1.125,0.462
2014/09/19 13:49:51,2,37.80144,-122.22954,175.853,62.405,0.0,-71,1.133,0.958,0.298
2014/09/19 13:49:56,2,37.80232,-122.23077,165.026,67.368,0.0,-79,0.634,1.125,0.581
2014/09/19 13:50:01,2,37.80329,-122.23197,170.276,67.301,0.0,-79,0.672,0.875,0.533
2014/09/19 13:50:06,2,37.80422,-122.23317,172.900,65.354,0.0,-79,0.498,0.000,0.518
2014/09/19 13:50:11,2,37.80507,-122.23442,165.682,65.230,0.0,-79,0.291,0.000,0.205
2014/09/19 13:50:16,2,37.80582,-122.23577,146.325,64.381,0.0,-79,0.480,0.000,0.655
2014/09/19 13:50:21,2,37.80645,-122.23716,116.470,63.394,0.0,-79,0.285,0.000,1.079
2014/09/19 13:50:26,2,37.80708,-122.23856,94.816,63.617,0.0,-79,0.286,0.042,1.815
2014/09/19 13:50:31,2,37.80772,-122.23998,75.131,64.791,0.0,-79,0.000,0.208,0.651
2014/09/19 13:50:36,2,37.80833,-122.24144,41.995,65.755,0.0,-79,0.381,0.708,0.493
2014/09/19 13:50:41,2,37.80883,-122.24294,19.357,63.434,0.0,-79,0.760,1.208,0.314
2014/09/19 13:50:46,2,37.80927,-122.24446,2.953,62.818,0.0,-79,0.842,0.958,0.522
2014/09/19 13:50:51,2,37.80967,-122.24590,-3.281,56.604,0.0,-79,0.580,0.750,0.634
2014/09/19 13:50:56,2,37.81004,-122.24719,-2.625,52.173,0.0,-73,0.324,0.500,0.915
2014/09/19 13:51:01,2,37.81044,-122.24845,4.921,53.155,0.0,-73,0.110,0.458,0.745
2014/09/19 13:51:06,2,37.81115,-122.24952,23.294,55.393,0.0,-73,0.205,1.167,0.503
2014/09/19 13:51:11,2,37.81210,-122.25020,47.572,54.070,0.0,-73,0.521,0.000,1.434
2014/09/19 13:51:16,2,37.81314,-122.25052,69.554,52.618,0.0,-73,0.288,0.417,1.750
2014/09/19 13:51:21,2,37.81421,-122.25082,81.693,54.848,0.0,-73,0.268,0.417,1.218
2014/09/19 13:51:26,2,37.81530,-122.25111,95.472,55.606,0.0,-73,0.317,0.458,2.174
2014/09/19 13:51:31,2,37.81639,-122.25148,108.924,54.307,0.0,-73,0.260,0.375,2.175
2014/09/19 13:51:36,2,37.81750,-122.25213,112.533,61.721,0.0,-73,0.247,0.000,0.000
2014/09/19 13:51:41,2,37.81852,-122.25305,114.173,63.368,0.0,-73,0.244,0.250,3.793
2014/09/19 13:51:46,2,37.81942,-122.25420,104.987,64.656,0.0,-73,0.000,0.125,3.130
2014/09/19 13:51:51,2,37.82027,-122.25549,97.769,66.586,0.0,-73,0.000,0.417,1.303
2014/09/19 13:51:56,2,37.82106,-122.25689,94.160,68.980,0.0,-73,0.000,0.750,0.705
2014/09/19 13:52:01,2,37.82177,-122.25837,81.037,68.836,0.0,-63,0.000,0.000,1.358
2014/09/19 13:52:06,2,37.82239,-122.25990,79.068,67.126,0.0,-63,0.000,0.458,2.054
2014/09/19 13:52:11,2,37.82291,-122.26143,82.021,61.971,0.0,-63,0.000,0.417,0.654
2014/09/19 13:52:16,2,37.82332,-122.26280,80.052,54.041,0.0,-63,0.000,0.000,0.327
2014/09/19 13:52:21,2,37.82362,-122.26412,77.100,54.668,0.0,-63,0.010,0.000,1.063
2014/09/19 13:52:26,2,37.82392,-122.26545,87.927,53.011,0.0,-63,0.417,0.042,0.874
2014/09/19 13:52:31,2,37.82415,-122.26672,103.675,50.295,0.0,-57,0.955,0.333,1.094
2014/09/19 13:52:36,2,37.82402,-122.26794,113.189,48.248,0.0,-57,1.302,0.208,0.642
2014/09/19 13:52:41,2,37.82337,-122.26887,100.066,50.609,0.0,-57,0.606,0.000,1.853
2014/09/19 13:52:46,2,37.82239,-122.26926,84.974,53.688,0.0,-57,0.314,0.125,1.037
2014/09/19 13:52:51,2,37.82130,-122.26955,71.850,57.060,0.0,-57,0.621,0.333,0.000
2014/09/19 13:52:56,2,37.82014,-122.26986,60.367,60.972,0.0,-57,0.045,0.000,0.000
2014/09/19 13:53:01,2,37.81896,-122.27014,60.696,58.625,0.0,-69,0.083,0.083,0.000
2014/09/19 13:53:06,2,37.81773,-122.27041,63.320,65.814,0.0,-69,0.500,0.083,0.398
2014/09/19 13:53:11,2,37.81647,-122.27078,69.226,63.556,0.0,-69,1.051,0.333,1.339
2014/09/19 13:53:16,2,37.81529,-122.27124,78.740,62.586,0.0,-69,1.154,0.250,0.474
2014/09/19 13:53:21,2,37.81414,-122.27196,71.522,63.839,0.0,-69,1.343,0.000,0.607
2014/09/19 13:53:26,2,37.81312,-122.27295,57.743,64.073,0.0,-69,1.481,0.417,0.498
2014/09/19 13:53:31,2,37.81215,-122.27404,46.260,65.183,0.0,-69,1.212,0.292,0.442
2014/09/19 13:53:36,2,37.81115,-122.27510,29.528,65.503,0.0,-51,0.439,0.000,0.434
2014/09/19 13:53:41,2,37.81000,-122.27601,11.483,69.017,0.0,-51,0.708,0.167,2.441
2014/09/19 13:53:46,2,37.80874,-122.27687,3.281,70.626,0.0,-51,1.173,0.167,0.325
2014/09/19 13:53:51,2,37.80747,-122.27776,7.874,69.059,0.0,-51,0.417,0.167,2.550
2014/09/19 13:53:56,2,37.80631,-122.27851,5.906,61.089,0.0,-51,0.898,0.000,0.750
2014/09/19 13:54:01,2,37.80523,-122.27917,7.218,59.293,0.0,-51,0.302,0.208,4.998
2014/09/19 13:54:06,2,37.80423,-122.27978,19.357,53.581,0.0,-67,0.000,0.083,1.498
2014/09/19 13:54:11,2,37.80324,-122.28025,53.478,50.001,0.0,-67,0.000,0.750,0.351
2014/09/19 13:54:16,2,37.80225,-122.28036,69.882,49.931,0.0,-67,0.000,0.000,0.395
2014/09/19 13:54:21,2,37.80128,-122.28012,77.756,49.057,0.0,-67,0.003,0.875,1.131
2014/09/19 13:54:26,2,37.80043,-122.27954,81.693,48.484,0.0,-67,0.359,1.083,0.000
2014/09/19 13:54:31,2,37.79972,-122.27864,68.898,50.908,0.0,-67,0.141,0.208,0.278
2014/09/19 13:54:36,2,37.79922,-122.27751,52.165,50.542,0.0,-51,0.900,0.500,0.475
2014/09/19 13:54:41,2,37.79874,-122.27635,40.026,52.537,0.0,-51,0.933,0.708,0.750
2014/09/19 13:54:46,2,37.79828,-122.27515,38.714,55.363,0.0,-51,1.253,0.917,1.249
2014/09/19 13:54:51,2,37.79772,-122.27398,34.449,51.120,0.0,-51,0.563,0.250,1.224
2014/09/19 13:54:56,2,37.79727,-122.27286,31.496,50.744,0.0,-51,0.533,0.292,0.426
2014/09/19 13:55:01,2,37.79686,-122.27173,28.543,47.034,0.0,-51,1.397,0.000,0.646
2014/09/19 13:55:06,2,37.79648,-122.27070,20.013,43.311,0.0,-51,0.462,0.417,1.842
2014/09/19 13:55:11,2,37.79614,-122.26983,5.249,32.711,0.0,-51,0.439,0.000,1.061
2014/09/19 13:55:16,2,37.79589,-122.26937,4.593,13.322,0.0,-51,0.110,0.083,4.802
2014/09/19 13:55:21,2,37.79575,-122.26925,8.858,8.691,0.0,-51,0.000,0.000,2.494
2014/09/19 13:55:26,2,37.79554,-122.26931,15.748,11.962,0.0,-51,0.000,0.167,0.442
2014/09/19 13:55:31,2,37.79534,-122.26945,30.840,10.805,0.0,-51,0.003,0.000,0.287
2014/09/19 13:55:36,2,37.79526,-122.26951,34.121,2.956,0.0,-51,0.192,0.000,1.759
2014/09/19 13:55:41,2,37.79512,-122.26943,35.761,11.438,0.0,-73,0.000,0.000,0.000
2014/09/19 13:55:46,2,37.79498,-122.26918,31.496,14.689,0.0,-73,0.000,0.042,0.318
2014/09/19 13:55:51,2,37.79484,-122.26882,26.903,17.007,0.0,-73,0.000,0.750,0.521
2014/09/19 13:55:56,2,37.79468,-122.26850,17.060,9.304,0.0,-73,0.003,0.000,0.351
2014/09/19 13:56:01,2,37.79443,-122.26856,22.966,14.575,0.0,-73,0.163,0.750,1.623
2014/09/19 13:56:06,2,37.79427,-122.26862,72.507,2.547,0.0,-73,0.510,0.167,1.398
2014/09/19 13:56:11,2,37.79425,-122.26861,83.005,0.431,0.0,-61,0.474,0.000,2.055
2014/09/19 13:56:16,2,37.79419,-122.26866,123.360,5.919,0.0,-61,0.363,0.167,0.898
2014/09/19 13:56:21,2,37.79412,-122.26889,102.690,13.849,0.0,-61,0.407,0.000,3.621
2014/09/19 13:56:26,2,37.79425,-122.26930,101.706,18.567,0.0,-61,0.352,0.167,0.683
2014/09/19 13:56:31,2,37.79438,-122.26968,103.346,8.674,0.0,-61,0.717,0.250,1.375
2014/09/19 13:56:36,2,37.79445,-122.26980,108.596,6.424,0.0,-61,0.452,0.000,1.855
2014/09/19 13:56:41,2,37.79454,-122.26991,107.612,6.003,0.0,-71,0.484,0.208,0.946
2014/09/19 13:56:46,2,37.79468,-122.26986,140.748,7.925,0.0,-71,0.400,0.000,1.367
2014/09/19 13:56:51,2,37.79488,-122.26964,134.186,1.844,0.0,-71,0.360,0.167,1.223
2014/09/19 13:56:56,2,37.79502,-122.26958,103.346,8.193,0.0,-71,0.448,0.083,1.857
2014/09/19 13:57:01,2,37.79525,-122.26943,99.409,14.858,0.0,-71,0.250,0.083,1.403
2014/09/19 13:57:06,2,37.79545,-122.26930,83.661,2.530,0.0,-71,0.308,0.167,1.374
2014/09/19 13:57:11,2,37.79547,-122.26930,69.226,0.024,0.0,-63,0.679,0.167,0.567
2014/09/19 13:57:16,2,37.79549,-122.26930,67.257,0.113,0.0,-63,0.805,0.167,0.770
2014/09/19 13:57:21,2,37.79549,-122.26930,67.585,0.045,0.0,-63,0.724,0.000,0.722
2014/09/19 13:57:26,2,37.79549,-122.26930,69.226,0.065,0.0,-63,0.657,0.292,1.815
2014/09/19 13:57:31,2,37.79550,-122.26929,63.648,3.456,0.0,-63,0.635,0.000,0.742
2014/09/19 13:57:36,2,37.79565,-122.26918,60.039,9.493,0.0,-63,0.211,0.250,3.623
2014/09/19 13:57:41,2,37.79569,-122.26897,59.055,12.894,0.0,-63,0.119,0.083,1.998
2014/09/19 13:57:46,2,37.79556,-122.26861,41.667,16.022,0.0,-65,0.394,0.000,1.879
2014/09/19 13:57:51,2,37.79542,-122.26828,33.793,13.536,0.0,-65,0.286,0.208,2.382
2014/09/19 13:57:56,2,37.79531,-122.26794,20.669,14.656,0.0,-65,0.667,0.250,0.643
2014/09/19 13:58:01,2,37.79517,-122.26758,17.717,17.651,0.0,-65,0.302,0.208,1.509
2014/09/19 13:58:06,2,37.79502,-122.26736,9.514,6.846,0.0,-65,0.390,0.000,1.355
