Date-Time,DOP,Latitude,Longitude,Altitude (ft),Speed (mph),Heading (deg),mod1 SS (dBm),mod1 Down (Mbs),mod1 Up (Mbs),mod1 Ping (Sec)
2014/08/19 14:51:20,2.17,37.79486,-122.26737,36.089,0.006,0.0,-113,0.510,0.125,2.426
2014/08/19 14:51:25,2.17,37.79487,-122.26736,36.417,2.326,0.0,-113,0.443,0.000,1.955
2014/08/19 14:51:30,2.17,37.79488,-122.26736,34.449,0.157,0.0,-113,0.250,0.000,2.713
2014/08/19 14:51:35,2.17,37.79489,-122.26736,32.480,0.124,0.0,-113,0.208,0.208,0.000
2014/08/19 14:51:40,2.18,37.79487,-122.26737,30.512,3.059,0.0,-113,0.663,0.000,0.000
2014/08/19 14:51:45,2.25,37.79481,-122.26727,29.528,5.686,0.0,-113,0.205,0.417,0.000
2014/08/19 14:51:50,2.18,37.79478,-122.26705,32.480,9.101,0.0,-113,0.180,0.000,3.915
2014/08/19 14:51:55,2.18,37.79474,-122.26692,27.887,5.137,0.0,-113,0.660,0.083,0.289
2014/08/19 14:52:00,2.25,37.79479,-122.26678,31.496,5.982,0.0,-113,0.926,0.000,0.993
2014/08/19 14:52:05,2.18,37.79483,-122.26662,38.058,10.210,0.0,-113,0.183,0.000,5.141
2014/08/19 14:52:10,2.18,37.79466,-122.26622,32.480,21.734,0.0,-113,0.602,0.000,0.825
2014/08/19 14:52:15,2.18,37.79441,-122.26563,29.199,30.600,0.0,-113,0.269,0.000,1.794
2014/08/19 14:52:20,2.18,37.79399,-122.26493,25.262,38.405,0.0,-113,0.513,0.000,2.017
2014/08/19 14:52:25,2.18,37.79345,-122.26413,23.950,43.533,0.0,-113,0.273,0.000,1.773
2014/08/19 14:52:30,2.18,37.79277,-122.26330,29.856,49.819,0.0,-113,0.910,0.000,0.427
2014/08/19 14:52:35,2.19,37.79204,-122.26239,41.339,52.300,0.0,-113,0.801,0.042,0.572
2014/08/19 14:52:40,2.19,37.79130,-122.26150,51.181,49.868,0.0,-113,0.564,0.000,2.113
2014/08/19 14:52:45,2.19,37.79066,-122.26055,52.493,49.222,0.0,-113,0.295,0.083,0.721
2014/08/19 14:52:50,1.88,37.79017,-122.25943,47.900,51.621,0.0,-113,0.587,0.167,2.092
2014/08/19 14:52:55,1.88,37.78982,-122.25819,31.168,52.386,0.0,-113,0.980,0.167,0.261
2014/08/19 14:53:00,1.88,37.78959,-122.25685,11.483,56.897,0.0,-113,1.314,0.333,1.039
2014/08/19 14:53:05,1.87,37.78935,-122.25539,-2.297,60.346,0.0,-113,1.372,0.417,0.243
2014/08/19 14:53:10,1.87,37.78908,-122.25388,-3.609,62.856,0.0,-113,0.750,0.542,0.101
2014/08/19 14:53:15,1.87,37.78875,-122.25233,-5.249,61.823,0.0,-113,1.294,1.458,0.388
2014/08/19 14:53:20,1.87,37.78834,-122.25077,-6.890,66.723,0.0,-113,2.033,1.042,0.341
2014/08/19 14:53:25,1.81,37.78783,-122.24922,-3.281,65.751,0.0,-113,1.667,0.500,0.512
2014/08/19 14:53:30,2.05,37.78727,-122.24771,-2.953,64.875,0.0,-113,2.837,0.792,0.175
2014/08/19 14:53:35,2.05,37.78664,-122.24623,-3.281,67.837,0.0,-113,2.510,0.500,0.364
2014/08/19 14:53:40,1.85,37.78588,-122.24479,-0.984,68.360,0.0,-113,1.929,0.000,0.523
2014/08/19 14:53:45,1.78,37.78517,-122.24339,-2.625,65.109,0.0,-113,2.279,0.583,0.448
2014/08/19 14:53:50,1.87,37.78444,-122.24202,-3.937,65.223,0.0,-113,2.314,0.542,0.331
2014/08/19 14:53:55,1.8,37.78365,-122.24072,-2.625,63.616,0.0,-113,1.391,0.250,0.285
2014/08/19 14:54:00,2.05,37.78275,-122.23965,-5.577,60.509,0.0,-113,0.217,0.167,1.517
2014/08/19 14:54:05,2.1,37.78169,-122.23896,-2.953,58.321,0.0,-113,0.163,0.167,1.721
2014/08/19 14:54:10,2.1,37.78057,-122.23854,1.640,60.510,0.0,-113,0.000,0.000,0.000
2014/08/19 14:54:15,2.05,37.77940,-122.23811,8.530,61.461,0.0,-113,0.000,0.083,5.749
2014/08/19 14:54:20,2.11,37.77827,-122.23757,12.139,60.194,0.0,-113,0.000,0.083,5.880
2014/08/19 14:54:25,2.44,37.77717,-122.23677,-0.328,64.290,0.0,-113,0.000,0.000,1.290
2014/08/19 14:54:30,2.11,37.77628,-122.23573,-3.609,59.185,0.0,-113,0.000,0.417,0.270
2014/08/19 14:54:35,1.78,37.77552,-122.23454,-1.312,60.672,0.0,-113,0.003,1.250,0.153
2014/08/19 14:54:40,1.78,37.77496,-122.23327,1.312,57.229,0.0,-113,1.397,1.250,0.545
2014/08/19 14:54:45,1.8,37.77444,-122.23173,7.874,54.001,0.0,-113,0.423,0.750,1.868
2014/08/19 14:54:50,1.86,37.77404,-122.23055,19.685,48.620,0.0,-113,0.494,1.000,0.241
2014/08/19 14:54:55,1.54,37.77371,-122.22958,31.824,36.673,0.0,-113,1.012,1.250,0.270
2014/08/19 14:55:00,1.54,37.77341,-122.22870,38.714,39.454,0.0,-113,1.209,0.958,0.213
2014/08/19 14:55:05,1.54,37.77308,-122.22771,40.682,45.251,0.0,-113,0.636,0.000,0.393
2014/08/19 14:55:10,1.54,37.77270,-122.22657,34.121,52.140,0.0,-113,0.000,0.583,1.054
2014/08/19 14:55:15,1.54,37.77227,-122.22531,22.310,55.064,0.0,-113,0.171,0.292,0.244
2014/08/19 14:55:20,1.52,37.77187,-122.22428,14.764,34.317,0.0,-113,0.447,0.750,0.867
2014/08/19 14:55:25,1.53,37.77165,-122.22385,12.795,9.653,0.0,-113,0.413,0.333,3.114
2014/08/19 14:55:30,1.77,37.77162,-122.22377,11.483,4.452,0.0,-113,0.349,0.917,0.687
2014/08/19 14:55:35,1.54,37.77148,-122.22353,11.811,17.558,0.0,-113,0.490,0.000,2.611
2014/08/19 14:55:40,1.87,37.77118,-122.22307,11.155,28.051,0.0,-113,0.000,0.250,3.206
2014/08/19 14:55:45,1.8,37.77074,-122.22250,12.467,34.074,0.0,-113,0.000,1.083,0.310
2014/08/19 14:55:51,1.81,37.77015,-122.22191,13.451,39.731,0.0,-113,0.003,1.083,0.402
2014/08/19 14:55:56,1.73,37.76945,-122.22134,26.247,41.774,0.0,-113,0.250,0.000,0.193
2014/08/19 14:56:01,1.8,37.76891,-122.22093,36.417,21.758,0.0,-113,0.387,0.333,0.551
2014/08/19 14:56:06,1.8,37.76864,-122.22073,40.682,12.878,0.0,-113,0.683,0.542,0.544
2014/08/19 14:56:11,1.8,37.76840,-122.22055,41.339,14.352,0.0,-113,1.154,0.500,0.414
2014/08/19 14:56:16,1.8,37.76814,-122.22034,41.667,15.695,0.0,-113,1.041,0.667,0.333
2014/08/19 14:56:21,1.8,37.76792,-122.22018,42.651,7.172,0.0,-113,1.488,1.375,0.314
2014/08/19 14:56:26,1.53,37.76786,-122.22013,42.979,2.162,0.0,-113,1.474,0.917,0.766
2014/08/19 14:56:31,1.53,37.76779,-122.22007,43.307,7.158,0.0,-113,0.860,0.000,0.338
2014/08/19 14:56:36,1.8,37.76759,-122.21991,42.979,14.461,0.0,-113,1.500,0.500,0.529
2014/08/19 14:56:41,1.81,37.76726,-122.21966,41.010,24.623,0.0,-113,2.519,0.458,0.190
2014/08/19 14:56:46,1.81,37.76678,-122.21930,37.073,29.795,0.0,-113,2.936,0.333,0.177
2014/08/19 14:56:51,1.81,37.76622,-122.21886,31.168,36.248,0.0,-113,2.385,0.333,0.215
2014/08/19 14:56:56,1.81,37.76556,-122.21832,23.294,40.543,0.0,-113,0.920,0.000,0.377
2014/08/19 14:57:01,1.81,37.76490,-122.21772,18.373,41.627,0.0,-113,1.301,0.333,0.330
2014/08/19 14:57:06,1.81,37.76420,-122.21710,16.732,43.612,0.0,-113,1.721,0.208,0.249
2014/08/19 14:57:11,1.81,37.76348,-122.21647,15.748,43.623,0.0,-113,0.000,0.333,0.281
2014/08/19 14:57:16,1.53,37.76275,-122.21582,14.436,45.575,0.0,-113,2.359,0.458,0.222
2014/08/19 14:57:21,1.53,37.76200,-122.21516,13.780,45.911,0.0,-113,2.808,0.583,0.237
2014/08/19 14:57:26,1.81,37.76126,-122.21451,12.795,40.319,0.0,-113,2.269,0.000,0.253
2014/08/19 14:57:31,1.81,37.76072,-122.21403,12.139,26.232,0.0,-113,2.221,0.333,0.226
2014/08/19 14:57:36,1.82,37.76035,-122.21370,11.155,19.955,0.0,-113,2.580,0.417,0.342
2014/08/19 14:57:41,1.82,37.76008,-122.21347,10.827,14.406,0.0,-113,2.205,0.583,0.433
2014/08/19 14:57:46,1.82,37.75985,-122.21327,9.186,13.526,0.0,-113,2.503,0.375,0.286
2014/08/19 14:57:51,1.82,37.75963,-122.21308,9.843,12.397,0.0,-113,2.622,0.875,0.242
2014/08/19 14:57:56,1.82,37.75944,-122.21291,10.827,10.932,0.0,-113,2.648,0.583,0.354
2014/08/19 14:58:01,1.82,37.75927,-122.21276,10.827,7.423,0.0,-113,2.650,0.917,0.325
2014/08/19 14:58:06,1.82,37.75923,-122.21273,11.483,1.836,0.0,-113,2.657,0.000,0.282
2014/08/19 14:58:11,1.82,37.75912,-122.21263,11.483,10.267,0.0,-113,2.856,0.542,0.249
2014/08/19 14:58:16,1.82,37.75887,-122.21241,11.483,17.869,0.0,-113,2.965,0.542,0.838
2014/08/19 14:58:21,1.82,37.75858,-122.21216,11.483,17.950,0.0,-113,1.849,1.000,0.315
2014/08/19 14:58:26,1.82,37.75823,-122.21185,11.483,22.076,0.0,-113,2.523,1.042,0.698
2014/08/19 14:58:31,1.83,37.75785,-122.21152,11.155,22.519,0.0,-113,1.483,1.125,0.249
2014/08/19 14:58:36,1.83,37.75752,-122.21123,11.483,18.478,0.0,-113,2.267,1.208,0.370
2014/08/19 14:58:41,1.53,37.75718,-122.21093,11.155,23.740,0.0,-113,2.573,0.542,0.377
2014/08/19 14:58:46,1.53,37.75675,-122.21056,12.139,26.533,0.0,-113,2.539,0.583,0.234
2014/08/19 14:58:51,1.51,37.75632,-122.21017,12.795,26.825,0.0,-113,1.852,0.333,0.478
2014/08/19 14:58:56,1.51,37.75587,-122.20978,12.795,27.716,0.0,-113,0.445,0.125,0.546
2014/08/19 14:59:01,1.51,37.75540,-122.20938,12.467,27.568,0.0,-113,0.837,0.583,1.078
2014/08/19 14:59:06,1.51,37.75494,-122.20897,12.795,29.880,0.0,-113,1.094,0.458,0.357
2014/08/19 14:59:11,1.56,37.75445,-122.20853,12.139,28.307,0.0,-113,1.244,0.000,1.249
2014/08/19 14:59:16,1.99,37.75394,-122.20809,12.467,31.947,0.0,-113,0.676,0.333,1.106
2014/08/19 14:59:21,1.51,37.75336,-122.20758,14.108,37.305,0.0,-113,0.650,0.000,0.935
2014/08/19 14:59:26,1.51,37.75272,-122.20702,16.076,39.515,0.0,-113,1.792,0.208,0.397
2014/08/19 14:59:31,1.51,37.75206,-122.20644,16.404,39.944,0.0,-113,1.782,0.583,0.485
2014/08/19 14:59:36,1.51,37.75144,-122.20590,15.420,34.834,0.0,-113,2.135,0.833,0.311
2014/08/19 14:59:41,1.51,37.75091,-122.20543,14.436,29.706,0.0,-113,2.298,0.667,0.290
2014/08/19 14:59:46,1.51,37.75041,-122.20499,14.108,30.583,0.0,-113,2.837,0.875,0.329
2014/08/19 14:59:51,1.51,37.74992,-122.20456,13.780,29.350,0.0,-113,1.871,0.500,0.473
2014/08/19 14:59:56,1.51,37.74943,-122.20413,13.123,29.919,0.0,-113,2.045,0.000,0.385
2014/08/19 15:00:01,1.51,37.74891,-122.20368,11.811,33.187,0.0,-113,2.230,0.583,0.274
2014/08/19 15:00:06,1.51,37.74834,-122.20318,11.483,35.969,0.0,-113,0.737,0.333,0.234
2014/08/19 15:00:11,1.76,37.74771,-122.20263,11.483,40.336,0.0,-113,0.404,0.250,1.446
2014/08/19 15:00:16,1.51,37.74703,-122.20204,11.155,41.105,0.0,-113,0.471,0.375,1.118
2014/08/19 15:00:21,1.51,37.74634,-122.20143,10.827,42.729,0.0,-113,0.359,0.208,1.334
2014/08/19 15:00:26,1.76,37.74563,-122.20081,10.499,42.429,0.0,-113,0.256,0.208,2.414
2014/08/19 15:00:31,1.76,37.74494,-122.20021,9.843,42.480,0.0,-113,0.000,0.000,0.734
2014/08/19 15:00:36,1.76,37.74421,-122.19957,9.186,46.219,0.0,-113,0.456,0.500,0.848
2014/08/19 15:00:41,1.76,37.74341,-122.19886,9.843,50.742,0.0,-113,0.621,0.125,0.561
2014/08/19 15:00:46,1.77,37.74256,-122.19811,10.171,52.046,0.0,-113,0.612,0.000,0.832
2014/08/19 15:00:51,1.77,37.74169,-122.19735,9.514,53.056,0.0,-113,0.564,0.250,1.582
2014/08/19 15:00:56,2.04,37.74082,-122.19659,9.843,51.326,0.0,-113,0.407,0.000,2.561
2014/08/19 15:01:01,1.77,37.73996,-122.19584,5.577,50.809,0.0,-113,0.285,0.125,2.801
2014/08/19 15:01:06,1.77,37.73921,-122.19517,6.890,36.526,0.0,-113,0.340,0.083,1.335
2014/08/19 15:01:11,1.77,37.73878,-122.19481,5.577,20.663,0.0,-113,0.980,0.000,0.565
2014/08/19 15:01:16,1.77,37.73851,-122.19457,5.577,9.028,0.0,-113,0.879,0.333,0.397
2014/08/19 15:01:21,1.51,37.73842,-122.19449,5.249,4.837,0.0,-113,0.917,0.250,2.074
2014/08/19 15:01:26,1.51,37.73833,-122.19441,4.921,9.221,0.0,-113,0.574,0.000,1.871
2014/08/19 15:01:31,1.77,37.73808,-122.19419,4.921,19.750,0.0,-113,0.365,0.250,0.000
2014/08/19 15:01:36,1.77,37.73771,-122.19386,4.593,23.420,0.0,-113,0.391,0.000,1.429
2014/08/19 15:01:41,1.77,37.73730,-122.19351,4.921,25.458,0.0,-113,0.609,0.250,1.347
2014/08/19 15:01:46,2.04,37.73693,-122.19318,4.593,17.771,0.0,-113,0.521,0.125,1.018
2014/08/19 15:01:51,2.04,37.73671,-122.19299,3.937,12.026,0.0,-113,0.568,0.458,1.465
2014/08/19 15:01:56,2.04,37.73648,-122.19280,3.281,13.484,0.0,-113,0.558,0.875,1.379
2014/08/19 15:02:01,2.04,37.73622,-122.19258,2.297,17.596,0.0,-113,0.423,0.917,0.337
2014/08/19 15:02:06,1.55,37.73588,-122.19228,2.625,23.415,0.0,-113,0.801,0.000,0.678
2014/08/19 15:02:11,2.04,37.73550,-122.19194,2.953,22.655,0.0,-113,0.606,0.875,1.014
2014/08/19 15:02:16,2.05,37.73510,-122.19158,4.593,24.830,0.0,-113,0.708,0.667,0.845
2014/08/19 15:02:21,2.05,37.73467,-122.19120,5.906,28.245,0.0,-113,0.462,0.375,1.142
2014/08/19 15:02:26,2.05,37.73417,-122.19076,5.577,32.848,0.0,-113,0.439,0.000,2.326
2014/08/19 15:02:31,2.05,37.73359,-122.19025,5.906,36.407,0.0,-113,0.215,0.333,2.270
2014/08/19 15:02:36,1.55,37.73297,-122.18970,6.234,38.264,0.0,-113,0.205,0.125,2.990
2014/08/19 15:02:41,2.05,37.73234,-122.18915,6.562,37.513,0.0,-113,0.359,0.250,0.000
2014/08/19 15:02:46,3.53,37.73171,-122.18859,7.218,37.662,0.0,-113,0.163,0.000,4.994
2014/08/19 15:02:51,1.55,37.73104,-122.18799,10.499,41.398,0.0,-113,0.270,0.125,3.222
2014/08/19 15:02:56,1.55,37.73033,-122.18737,10.171,43.001,0.0,-113,0.173,0.125,0.000
2014/08/19 15:03:01,1.55,37.72962,-122.18675,14.108,42.527,0.0,-113,0.000,0.125,0.979
2014/08/19 15:03:06,1.55,37.72893,-122.18615,21.325,41.178,0.0,-113,0.317,0.250,1.624
2014/08/19 15:03:11,2.06,37.72825,-122.18557,28.871,41.686,0.0,-113,0.570,0.250,2.138
2014/08/19 15:03:16,1.55,37.72756,-122.18496,38.058,42.163,0.0,-113,0.394,0.000,0.000
2014/08/19 15:03:21,1.54,37.72672,-122.18422,44.291,43.083,0.0,-113,0.199,0.250,4.918
2014/08/19 15:03:26,1.6,37.72596,-122.18355,41.010,48.257,0.0,-113,0.558,0.250,0.518
2014/08/19 15:03:31,1.6,37.72517,-122.18284,31.168,48.049,0.0,-113,0.243,0.000,0.000
2014/08/19 15:03:36,1.54,37.72437,-122.18208,20.997,50.523,0.0,-113,0.577,0.208,3.366
2014/08/19 15:03:41,1.54,37.72356,-122.18127,14.108,52.810,0.0,-113,0.000,0.000,2.355
2014/08/19 15:03:46,1.54,37.72272,-122.18043,10.827,53.442,0.0,-113,0.289,0.125,2.006
2014/08/19 15:03:51,1.54,37.72188,-122.17958,7.218,53.593,0.0,-113,0.371,0.208,1.721
2014/08/19 15:03:56,2.21,37.72103,-122.17872,5.577,56.045,0.0,-113,0.311,0.000,2.326
2014/08/19 15:04:01,1.54,37.72016,-122.17786,3.609,52.959,0.0,-113,0.343,0.292,1.710
2014/08/19 15:04:06,1.54,37.71935,-122.17705,1.969,50.567,0.0,-113,0.522,0.250,1.149
2014/08/19 15:04:11,1.54,37.71855,-122.17623,0.656,52.435,0.0,-113,0.503,0.250,0.790
2014/08/19 15:04:16,1.54,37.71774,-122.17539,4.265,53.191,0.0,-113,0.885,0.000,0.757
2014/08/19 15:04:21,2.09,37.71689,-122.17455,5.249,54.289,0.0,-113,0.670,0.208,1.107
2014/08/19 15:04:26,2.09,37.71603,-122.17368,7.874,55.864,0.0,-113,0.734,0.208,1.114
2014/08/19 15:04:31,2.09,37.71515,-122.17278,8.858,56.833,0.0,-113,0.420,0.000,0.000
2014/08/19 15:04:36,1.54,37.71424,-122.17184,6.562,58.878,0.0,-113,0.247,0.125,4.022
2014/08/19 15:04:41,1.54,37.71338,-122.17082,2.625,57.086,0.0,-113,0.151,0.000,0.000
2014/08/19 15:04:46,1.54,37.71262,-122.16979,7.218,53.961,0.0,-113,0.134,0.000,6.007
2014/08/19 15:04:51,1.54,37.71192,-122.16875,12.795,53.941,0.0,-113,0.276,0.125,2.966
2014/08/19 15:04:56,1.54,37.71120,-122.16772,17.717,53.856,0.0,-113,0.288,0.000,3.177
2014/08/19 15:05:01,1.74,37.71047,-122.16668,20.997,56.091,0.0,-113,0.545,0.083,1.485
2014/08/19 15:05:06,1.54,37.70973,-122.16556,24.606,57.418,0.0,-113,0.240,0.000,1.725
2014/08/19 15:05:11,1.54,37.70896,-122.16444,28.871,59.455,0.0,-113,0.221,0.000,2.090
2014/08/19 15:05:16,1.54,37.70815,-122.16329,29.199,61.080,0.0,-113,0.468,0.125,1.885
2014/08/19 15:05:21,1.54,37.70733,-122.16213,29.528,60.955,0.0,-113,0.192,0.000,4.075
2014/08/19 15:05:26,1.87,37.70652,-122.16097,30.840,61.453,0.0,-113,0.417,0.125,0.000
2014/08/19 15:05:31,1.54,37.70571,-122.15979,32.480,61.879,0.0,-113,0.317,0.250,0.830
2014/08/19 15:05:36,1.54,37.70487,-122.15858,33.136,63.470,0.0,-113,0.830,0.000,1.814
2014/08/19 15:05:41,1.54,37.70401,-122.15740,33.465,63.204,0.0,-113,0.000,0.000,0.000
2014/08/19 15:05:46,1.54,37.70315,-122.15620,33.793,63.885,0.0,-113,0.000,0.208,0.970
2014/08/19 15:05:51,1.54,37.70231,-122.15500,34.777,62.007,0.0,-113,0.000,0.667,0.871
2014/08/19 15:05:56,1.54,37.70151,-122.15384,33.793,59.631,0.0,-113,0.000,0.542,0.701
2014/08/19 15:06:01,1.54,37.70073,-122.15270,33.793,60.337,0.0,-113,0.000,0.542,0.433
2014/08/19 15:06:06,1.54,37.69993,-122.15154,34.777,60.623,0.0,-113,0.003,0.333,1.551
2014/08/19 15:06:11,1.54,37.69909,-122.15036,36.417,63.249,0.0,-113,0.044,0.000,0.000
2014/08/19 15:06:16,1.59,37.69826,-122.14919,37.730,60.104,0.0,-113,0.000,0.250,4.137
2014/08/19 15:06:21,1.53,37.69745,-122.14802,36.745,60.457,0.0,-113,0.000,0.667,0.143
2014/08/19 15:06:26,1.53,37.69667,-122.14688,35.105,59.330,0.0,-113,0.025,0.000,0.000
2014/08/19 15:06:31,1.53,37.69590,-122.14577,34.777,57.031,0.0,-113,0.240,0.458,1.138
2014/08/19 15:06:37,1.53,37.69515,-122.14471,33.465,54.414,0.0,-113,0.400,0.125,0.000
2014/08/19 15:06:42,1.53,37.69445,-122.14371,32.480,51.923,0.0,-113,0.286,0.000,1.690
2014/08/19 15:06:47,1.53,37.69372,-122.14280,28.871,51.415,0.0,-113,0.272,0.000,0.000
2014/08/19 15:06:52,1.53,37.69303,-122.14184,29.199,50.831,0.0,-113,0.286,0.125,2.239
2014/08/19 15:06:57,1.53,37.69236,-122.14089,31.824,47.400,0.0,-113,0.227,0.083,5.108
2014/08/19 15:07:02,1.53,37.69172,-122.14002,32.152,48.067,0.0,-113,0.302,0.000,0.343
2014/08/19 15:07:07,1.5,37.69104,-122.13917,29.528,45.469,0.0,-113,0.798,0.250,0.814
2014/08/19 15:07:12,1.53,37.69049,-122.13837,27.887,40.230,0.0,-113,0.583,0.000,1.986
2014/08/19 15:07:17,1.53,37.69012,-122.13744,27.231,42.655,0.0,-113,0.506,0.125,0.906
2014/08/19 15:07:22,1.93,37.68999,-122.13637,25.591,47.210,0.0,-113,0.983,0.500,2.197
2014/08/19 15:07:27,1.53,37.69014,-122.13508,27.887,53.735,0.0,-113,0.613,0.000,1.162
2014/08/19 15:07:32,1.5,37.69035,-122.13372,28.215,55.446,0.0,-113,0.417,0.000,1.743
2014/08/19 15:07:37,1.5,37.69057,-122.13236,29.528,54.278,0.0,-113,0.307,0.208,2.671
2014/08/19 15:07:42,1.5,37.69076,-122.13097,40.026,55.298,0.0,-113,0.321,0.208,1.282
2014/08/19 15:07:47,1.5,37.69082,-122.12960,52.493,51.017,0.0,-113,0.375,0.000,0.000
2014/08/19 15:07:52,1.7,37.69074,-122.12827,62.336,53.794,0.0,-113,0.308,0.167,4.707
2014/08/19 15:07:57,1.5,37.69062,-122.12689,62.008,56.298,0.0,-113,0.856,0.208,1.785
2014/08/19 15:08:02,1.5,37.69046,-122.12546,52.822,56.941,0.0,-113,0.612,0.292,2.323
2014/08/19 15:08:07,1.5,37.69026,-122.12401,41.339,58.545,0.0,-113,0.548,0.000,0.706
2014/08/19 15:08:12,1.5,37.69003,-122.12254,36.417,59.010,0.0,-113,0.439,0.208,1.337
2014/08/19 15:08:17,1.5,37.68980,-122.12109,40.682,57.835,0.0,-113,0.548,0.000,0.786
2014/08/19 15:08:22,1.5,37.68959,-122.11970,48.228,53.072,0.0,-113,0.656,0.125,0.986
2014/08/19 15:08:27,1.5,37.68939,-122.11839,55.118,53.803,0.0,-113,0.587,0.333,0.375
2014/08/19 15:08:32,1.5,37.68916,-122.11709,64.633,50.945,0.0,-113,0.728,0.000,1.151
2014/08/19 15:08:37,1.5,37.68893,-122.11584,70.538,50.786,0.0,-113,0.673,0.250,0.843
2014/08/19 15:08:42,1.5,37.68870,-122.11454,72.835,53.235,0.0,-113,0.770,0.208,0.655
2014/08/19 15:08:47,1.5,37.68853,-122.11320,71.522,54.113,0.0,-113,0.548,0.000,1.079
2014/08/19 15:08:52,1.5,37.68847,-122.11182,69.882,56.134,0.0,-113,0.394,0.125,1.310
2014/08/19 15:08:57,1.5,37.68853,-122.11037,66.601,58.015,0.0,-113,0.384,0.125,1.891
2014/08/19 15:09:02,1.5,37.68868,-122.10889,63.320,60.394,0.0,-113,0.289,0.000,1.927
2014/08/19 15:09:07,1.5,37.68884,-122.10734,68.570,61.789,0.0,-113,0.365,0.000,2.030
2014/08/19 15:09:12,1.5,37.68901,-122.10580,77.756,61.729,0.0,-113,0.340,0.083,1.172
2014/08/19 15:09:17,1.5,37.68917,-122.10424,86.942,62.233,0.0,-113,0.375,0.125,0.965
2014/08/19 15:09:22,1.5,37.68933,-122.10273,97.113,59.195,0.0,-113,0.544,0.125,1.557
2014/08/19 15:09:27,1.52,37.68950,-122.10125,108.596,58.310,0.0,-113,0.667,0.000,0.766
2014/08/19 15:09:32,1.52,37.68965,-122.09978,122.703,59.486,0.0,-113,0.468,0.125,1.587
2014/08/19 15:09:37,1.58,37.68982,-122.09827,138.451,59.970,0.0,-113,0.660,0.000,1.158
2014/08/19 15:09:42,1.52,37.69000,-122.09678,157.152,59.359,0.0,-113,0.494,0.000,1.706
2014/08/19 15:09:47,1.52,37.69016,-122.09524,169.619,63.757,0.0,-113,0.272,0.000,0.000
2014/08/19 15:09:52,1.52,37.69030,-122.09364,183.071,64.211,0.0,-113,0.189,0.000,2.998
2014/08/19 15:09:57,1.52,37.69040,-122.09202,189.633,64.241,0.0,-113,0.478,0.000,1.501
2014/08/19 15:10:02,1.49,37.69046,-122.09041,195.538,61.217,0.0,-113,0.324,0.000,1.774
2014/08/19 15:10:07,1.49,37.69049,-122.08885,198.819,61.536,0.0,-113,0.195,0.000,2.651
2014/08/19 15:10:12,1.49,37.69051,-122.08732,194.554,59.126,0.0,-113,0.267,0.000,0.215
2014/08/19 15:10:17,1.49,37.69052,-122.08578,183.727,62.162,0.0,-113,1.417,0.042,0.402
2014/08/19 15:10:22,1.49,37.69053,-122.08417,171.260,64.951,0.0,-113,1.862,0.333,0.522
2014/08/19 15:10:27,1.52,37.69055,-122.08251,164.370,65.951,0.0,-113,1.305,0.292,0.873
2014/08/19 15:10:32,1.49,37.69056,-122.08083,162.402,66.183,0.0,-113,1.480,0.458,0.221
2014/08/19 15:10:37,1.67,37.69057,-122.07918,165.682,64.615,0.0,-113,1.766,0.375,0.358
2014/08/19 15:10:42,1.49,37.69058,-122.07753,173.228,66.038,0.0,-113,1.927,0.375,0.285
2014/08/19 15:10:47,1.49,37.69059,-122.07588,183.071,64.270,0.0,-113,1.464,0.000,0.400
2014/08/19 15:10:52,1.49,37.69060,-122.07427,192.257,62.685,0.0,-113,1.349,0.458,0.367
2014/08/19 15:10:57,1.49,37.69063,-122.07269,198.819,62.166,0.0,-113,1.110,0.375,0.652
2014/08/19 15:11:02,1.67,37.69070,-122.07113,200.131,61.021,0.0,-113,0.917,0.208,1.982
2014/08/19 15:11:07,1.49,37.69086,-122.06961,193.898,60.830,0.0,-113,0.618,0.125,2.438
2014/08/19 15:11:12,1.49,37.69111,-122.06810,187.336,59.552,0.0,-113,0.410,0.208,1.321
2014/08/19 15:11:17,1.49,37.69142,-122.06664,182.087,61.770,0.0,-113,2.038,0.000,0.338
2014/08/19 15:11:22,1.49,37.69183,-122.06516,181.759,62.354,0.0,-113,1.622,0.875,0.506
2014/08/19 15:11:28,1.49,37.69233,-122.06336,192.257,63.146,0.0,-113,1.962,0.250,0.492
2014/08/19 15:11:33,1.49,37.69275,-122.06185,206.365,63.198,0.0,-113,1.650,0.458,0.408
2014/08/19 15:11:38,1.49,37.69318,-122.06037,218.832,62.268,0.0,-113,1.767,0.250,0.249
2014/08/19 15:11:43,1.48,37.69349,-122.05886,226.378,61.117,0.0,-113,1.717,0.000,1.198
2014/08/19 15:11:48,1.48,37.69362,-122.05733,236.549,59.788,0.0,-113,1.401,0.292,0.334
2014/08/19 15:11:53,1.48,37.69358,-122.05581,246.719,60.606,0.0,-113,1.894,1.167,0.293
2014/08/19 15:11:58,1.48,37.69341,-122.05427,257.546,61.752,0.0,-113,2.077,0.917,0.406
2014/08/19 15:12:03,1.48,37.69327,-122.05271,268.045,62.889,0.0,-113,2.513,0.458,0.370
2014/08/19 15:12:08,1.48,37.69331,-122.05106,278.871,66.178,0.0,-113,1.692,0.375,0.587
2014/08/19 15:12:13,1.48,37.69354,-122.04942,287.073,66.006,0.0,-113,1.109,0.000,0.534
2014/08/19 15:12:18,1.48,37.69398,-122.04785,290.682,65.969,0.0,-113,1.786,0.167,0.289
2014/08/19 15:12:23,1.98,37.69461,-122.04638,295.604,65.814,0.0,-113,1.288,0.292,0.609
2014/08/19 15:12:28,1.48,37.69537,-122.04510,303.150,61.834,0.0,-113,1.382,0.292,1.125
2014/08/19 15:12:33,1.48,37.69626,-122.04400,312.336,61.695,0.0,-113,2.151,0.542,0.251
2014/08/19 15:12:38,1.48,37.69723,-122.04295,322.178,64.898,0.0,-113,1.974,0.292,0.175
2014/08/19 15:12:43,1.48,37.69823,-122.04187,332.021,65.829,0.0,-113,0.000,0.375,0.546
2014/08/19 15:12:48,1.66,37.69922,-122.04079,340.879,65.429,0.0,-113,2.029,0.000,0.414
2014/08/19 15:12:53,1.66,37.70012,-122.03963,351.050,60.025,0.0,-113,1.952,0.250,0.622
2014/08/19 15:12:58,1.48,37.70075,-122.03855,360.564,48.629,0.0,-113,1.221,0.250,0.518
2014/08/19 15:13:03,1.53,37.70118,-122.03758,370.735,39.730,0.0,-113,1.234,0.333,0.503
2014/08/19 15:13:08,1.99,37.70149,-122.03671,381.234,38.121,0.0,-113,1.500,0.167,0.530
2014/08/19 15:13:13,1.99,37.70174,-122.03574,388.451,42.415,0.0,-113,1.417,0.000,0.476
2014/08/19 15:13:18,2.4,37.70192,-122.03466,393.373,44.044,0.0,-113,1.333,0.542,0.251
2014/08/19 15:13:23,1.48,37.70201,-122.03353,399.934,46.454,0.0,-113,1.637,0.292,0.335
2014/08/19 15:13:28,1.65,37.70200,-122.03231,413.058,49.072,0.0,-113,1.125,0.208,1.403
2014/08/19 15:13:33,1.48,37.70187,-122.03105,424.213,50.690,0.0,-113,0.686,0.000,0.822
2014/08/19 15:13:38,1.53,37.70161,-122.02981,429.462,51.560,0.0,-113,1.019,0.250,0.279
2014/08/19 15:13:43,1.56,37.70126,-122.02856,431.102,52.996,0.0,-113,1.117,0.292,0.142
2014/08/19 15:13:48,1.67,37.70094,-122.02724,430.118,52.163,0.0,-113,1.001,1.083,0.385
2014/08/19 15:13:53,1.54,37.70077,-122.02612,426.181,39.827,0.0,-113,1.293,0.833,0.431
2014/08/19 15:13:58,2.0,37.70070,-122.02518,424.541,35.518,0.0,-113,1.433,0.583,0.389
2014/08/19 15:14:03,2.12,37.70070,-122.02426,423.885,37.679,0.0,-113,2.731,0.625,0.222
2014/08/19 15:14:08,1.47,37.70077,-122.02330,419.948,38.664,0.0,-113,2.744,0.667,0.454
2014/08/19 15:14:13,1.47,37.70088,-122.02248,415.682,28.776,0.0,-113,2.635,0.542,0.142
2014/08/19 15:14:18,1.5,37.70101,-122.02180,412.073,27.146,0.0,-113,2.736,0.542,0.182
2014/08/19 15:14:23,1.47,37.70117,-122.02117,411.417,25.832,0.0,-113,2.340,0.000,0.274
2014/08/19 15:14:28,1.47,37.70138,-122.02051,410.433,31.614,0.0,-113,2.465,0.542,0.264
2014/08/19 15:14:33,1.47,37.70167,-122.01971,409.449,36.996,0.0,-113,2.590,0.458,0.375
2014/08/19 15:14:38,1.5,37.70201,-122.01883,416.010,39.243,0.0,-113,2.772,0.458,0.335
2014/08/19 15:14:43,1.7,37.70232,-122.01790,425.525,39.700,0.0,-113,2.536,0.792,0.481
2014/08/19 15:14:48,1.47,37.70256,-122.01696,433.071,38.958,0.0,-113,1.952,0.375,0.442
2014/08/19 15:14:53,2.01,37.70271,-122.01606,437.336,33.461,0.0,-113,2.513,0.542,0.314
2014/08/19 15:14:58,2.4,37.70278,-122.01527,442.257,31.109,0.0,-113,2.366,0.792,0.221
2014/08/19 15:15:03,2.01,37.70282,-122.01443,448.163,34.477,0.0,-113,2.760,0.583,0.413
2014/08/19 15:15:08,2.01,37.70286,-122.01353,453.740,37.026,0.0,-113,2.029,0.000,0.783
2014/08/19 15:15:13,2.01,37.70290,-122.01254,460.302,39.844,0.0,-113,1.497,0.458,0.315
2014/08/19 15:15:18,2.02,37.70294,-122.01154,465.551,40.479,0.0,-113,0.519,0.417,1.189
2014/08/19 15:15:23,2.02,37.70298,-122.01053,473.097,40.151,0.0,-113,0.670,0.208,0.702
2014/08/19 15:15:28,2.02,37.70303,-122.00949,479.659,41.696,0.0,-113,1.036,0.000,0.509
2014/08/19 15:15:33,2.06,37.70308,-122.00837,491.142,46.631,0.0,-113,0.882,0.292,1.350
2014/08/19 15:15:38,2.02,37.70313,-122.00718,502.297,46.036,0.0,-113,0.900,0.208,1.063
2014/08/19 15:15:43,2.02,37.70319,-122.00601,513.451,46.802,0.0,-113,0.487,0.000,1.254
2014/08/19 15:15:48,2.41,37.70324,-122.00481,526.247,47.777,0.0,-113,0.539,0.167,1.095
2014/08/19 15:15:53,2.41,37.70331,-122.00358,537.730,49.306,0.0,-113,1.202,0.250,0.686
2014/08/19 15:15:58,2.02,37.70336,-122.00230,548.885,51.112,0.0,-113,0.805,0.000,1.067
2014/08/19 15:16:03,2.41,37.70336,-122.00100,562.664,51.591,0.0,-113,0.000,0.208,0.000
2014/08/19 15:16:08,2.18,37.70331,-121.99969,579.396,50.674,0.0,-113,0.269,0.000,3.387
2014/08/19 15:16:13,2.48,37.70317,-121.99844,591.207,50.012,0.0,-113,0.308,0.083,0.582
2014/08/19 15:16:18,2.18,37.70298,-121.99720,603.018,50.071,0.0,-113,1.221,0.375,0.454
2014/08/19 15:16:23,2.03,37.70270,-121.99595,612.861,52.155,0.0,-113,2.023,0.250,0.510
2014/08/19 15:16:28,2.03,37.70235,-121.99470,624.016,53.013,0.0,-113,1.510,0.000,0.519
2014/08/19 15:16:33,2.36,37.70191,-121.99345,634.843,54.846,0.0,-113,0.980,0.375,0.338
2014/08/19 15:16:38,2.03,37.70140,-121.99223,646.982,54.401,0.0,-113,1.033,0.292,0.162
2014/08/19 15:16:43,1.66,37.70087,-121.99102,659.449,54.275,0.0,-113,1.695,0.000,0.550
2014/08/19 15:16:48,1.46,37.70036,-121.98982,674.213,53.264,0.0,-113,1.317,0.250,0.210
2014/08/19 15:16:53,1.46,37.69993,-121.98861,682.087,52.118,0.0,-113,2.144,0.458,0.369
2014/08/19 15:16:58,2.03,37.69961,-121.98731,687.336,54.998,0.0,-113,1.711,0.417,0.362
2014/08/19 15:17:03,2.03,37.69942,-121.98591,691.929,57.644,0.0,-113,1.808,0.250,0.185
2014/08/19 15:17:08,2.37,37.69926,-121.98446,696.522,57.611,0.0,-113,1.763,0.458,0.250
2014/08/19 15:17:13,2.04,37.69908,-121.98303,703.412,57.590,0.0,-113,1.651,0.500,0.640
2014/08/19 15:17:18,1.46,37.69887,-121.98160,711.614,57.116,0.0,-113,1.621,0.000,0.241
2014/08/19 15:17:23,1.46,37.69863,-121.98022,720.801,54.385,0.0,-113,1.687,0.250,0.395
2014/08/19 15:17:28,1.46,37.69841,-121.97886,731.299,54.922,0.0,-113,1.211,0.375,0.409
2014/08/19 15:17:33,1.46,37.69818,-121.97751,738.845,54.338,0.0,-113,1.302,0.375,0.498
2014/08/19 15:17:38,2.04,37.69795,-121.97611,741.798,59.045,0.0,-113,1.317,0.375,0.386
2014/08/19 15:17:43,2.2,37.69769,-121.97458,739.829,63.493,0.0,-113,1.917,0.375,0.619
2014/08/19 15:17:48,1.46,37.69744,-121.97300,732.283,63.748,0.0,-113,1.529,0.292,0.263
2014/08/19 15:17:53,1.46,37.69725,-121.97140,720.144,63.849,0.0,-113,2.058,0.000,0.611
2014/08/19 15:17:58,1.45,37.69714,-121.96982,703.740,61.983,0.0,-113,0.804,0.375,2.009
2014/08/19 15:18:03,2.04,37.69709,-121.96825,688.648,62.723,0.0,-113,1.247,0.375,0.761
2014/08/19 15:18:08,2.05,37.69713,-121.96663,671.588,64.794,0.0,-113,1.590,0.250,0.303
2014/08/19 15:18:13,2.45,37.69724,-121.96500,652.887,64.561,0.0,-113,1.055,0.250,0.542
2014/08/19 15:18:18,2.45,37.69741,-121.96343,634.514,61.032,0.0,-113,1.971,0.500,0.143
2014/08/19 15:18:23,2.05,37.69764,-121.96194,617.782,60.092,0.0,-113,2.378,0.000,0.294
2014/08/19 15:18:28,2.05,37.69790,-121.96046,596.457,59.333,0.0,-113,2.052,0.458,0.281
2014/08/19 15:18:33,2.05,37.69814,-121.95900,578.084,58.694,0.0,-113,2.211,0.333,0.294
2014/08/19 15:18:38,1.67,37.69828,-121.95751,562.992,60.306,0.0,-113,1.879,0.458,0.531
2014/08/19 15:18:43,1.45,37.69829,-121.95595,557.743,61.047,0.0,-113,2.288,0.375,0.325
2014/08/19 15:18:48,1.45,37.69828,-121.95441,550.197,59.988,0.0,-113,1.487,0.375,0.358
2014/08/19 15:18:53,1.45,37.69827,-121.95291,538.386,59.908,0.0,-113,0.782,0.292,0.000
2014/08/19 15:18:58,1.47,37.69826,-121.95136,524.606,62.444,0.0,-113,0.603,0.000,0.000
2014/08/19 15:19:03,1.47,37.69824,-121.94974,510.171,64.490,0.0,-113,0.560,0.292,1.705
2014/08/19 15:19:08,2.14,37.69824,-121.94811,494.751,64.585,0.0,-113,1.481,0.542,0.598
2014/08/19 15:19:13,1.47,37.69822,-121.94649,479.331,63.153,0.0,-113,0.542,0.458,1.495
2014/08/19 15:19:18,1.45,37.69821,-121.94491,463.255,61.619,0.0,-113,0.474,0.083,2.387
2014/08/19 15:19:23,1.45,37.69820,-121.94338,448.163,59.759,0.0,-113,0.923,0.208,0.430
2014/08/19 15:19:28,1.45,37.69819,-121.94189,434.711,57.956,0.0,-113,0.821,0.167,0.639
2014/08/19 15:19:33,1.45,37.69818,-121.94043,419.619,56.882,0.0,-113,1.096,0.292,0.677
2014/08/19 15:19:38,1.45,37.69817,-121.93897,405.840,58.604,0.0,-113,0.971,0.292,0.966
2014/08/19 15:19:43,1.45,37.69816,-121.93747,393.045,60.319,0.0,-113,0.542,0.000,0.866
2014/08/19 15:19:48,1.45,37.69817,-121.93594,383.202,59.255,0.0,-113,0.602,0.292,1.794
2014/08/19 15:19:53,1.45,37.69827,-121.93450,374.672,56.340,0.0,-113,1.167,0.167,0.476
2014/08/19 15:19:58,1.44,37.69847,-121.93311,366.142,56.805,0.0,-113,0.837,0.000,0.455
2014/08/19 15:20:03,1.44,37.69880,-121.93171,357.940,58.605,0.0,-113,1.016,0.250,0.451
2014/08/19 15:20:08,1.44,37.69913,-121.93030,350.722,58.742,0.0,-113,0.000,0.333,0.590
2014/08/19 15:20:13,1.44,37.69946,-121.92888,345.801,58.584,0.0,-113,0.933,0.292,1.262
2014/08/19 15:20:18,1.66,37.69977,-121.92745,343.504,59.033,0.0,-113,0.667,0.208,0.711
2014/08/19 15:20:23,1.44,37.70009,-121.92602,336.286,57.994,0.0,-113,1.173,0.000,0.511
2014/08/19 15:20:28,1.65,37.70041,-121.92465,335.630,55.233,0.0,-113,1.660,0.375,0.710
2014/08/19 15:20:33,1.44,37.70067,-121.92335,332.677,50.683,0.0,-113,0.737,0.083,0.918
2014/08/19 15:20:38,2.07,37.70093,-121.92217,328.084,47.201,0.0,-113,0.981,0.292,0.587
2014/08/19 15:20:43,1.65,37.70109,-121.92102,324.475,43.713,0.0,-113,0.840,0.000,0.698
2014/08/19 15:20:48,1.49,37.70122,-121.91998,321.194,39.600,0.0,-113,0.907,0.167,0.703
2014/08/19 15:20:53,1.49,37.70134,-121.91900,325.787,38.650,0.0,-113,1.051,0.375,0.891
2014/08/19 15:20:58,1.44,37.70143,-121.91803,327.428,38.896,0.0,-113,0.965,0.208,1.010
2014/08/19 15:21:03,1.44,37.70146,-121.91701,321.850,40.943,0.0,-113,1.125,0.208,0.226
2014/08/19 15:21:08,1.44,37.70135,-121.91595,331.693,41.596,0.0,-113,2.750,0.542,0.310
2014/08/19 15:21:13,1.44,37.70123,-121.91493,330.709,40.837,0.0,-113,2.247,0.458,0.150
2014/08/19 15:21:18,1.44,37.70119,-121.91387,342.520,42.636,0.0,-113,2.667,0.458,0.501
2014/08/19 15:21:23,1.44,37.70124,-121.91278,336.942,43.998,0.0,-113,2.490,0.000,0.218
2014/08/19 15:21:28,1.47,37.70134,-121.91166,327.100,44.906,0.0,-113,1.956,0.542,0.353
2014/08/19 15:21:33,1.44,37.70137,-121.91053,324.475,44.601,0.0,-113,2.055,0.458,0.330
2014/08/19 15:21:38,1.44,37.70133,-121.90946,325.131,39.780,0.0,-113,2.227,0.333,0.303
2014/08/19 15:21:43,1.47,37.70108,-121.90857,326.115,37.738,0.0,-113,2.413,0.292,0.335
2014/08/19 15:21:48,1.86,37.70070,-121.90772,327.100,38.145,0.0,-113,0.763,0.000,1.674
2014/08/19 15:21:53,1.43,37.70032,-121.90691,329.068,35.180,0.0,-113,0.333,0.167,0.891
2014/08/19 15:21:58,1.43,37.70021,-121.90626,332.021,18.952,0.0,-113,0.196,0.000,4.387
2014/08/19 15:22:03,1.46,37.70024,-121.90603,331.365,0.482,0.0,-113,0.307,0.083,1.803
2014/08/19 15:22:08,1.43,37.70024,-121.90599,334.646,4.389,0.0,-113,1.356,0.000,0.193
2014/08/19 15:22:13,1.67,37.70008,-121.90580,330.052,16.992,0.0,-113,0.510,0.292,1.462
2014/08/19 15:22:18,1.43,37.69974,-121.90550,323.163,22.238,0.0,-113,0.667,0.167,0.758
2014/08/19 15:22:23,1.43,37.69936,-121.90519,320.866,19.650,0.0,-113,1.160,0.000,1.341
2014/08/19 15:22:28,1.43,37.69925,-121.90509,319.882,0.030,0.0,-113,1.125,0.292,0.578
2014/08/19 15:22:33,2.08,37.69925,-121.90510,319.882,0.038,0.0,-113,2.215,0.375,0.349
2014/08/19 15:22:38,2.09,37.69924,-121.90509,320.210,0.380,0.0,-113,1.846,0.458,0.403
2014/08/19 15:22:43,2.09,37.69924,-121.90509,324.147,0.680,0.0,-113,1.202,0.292,0.970
2014/08/19 15:22:48,2.09,37.69923,-121.90508,327.428,0.022,0.0,-113,1.196,0.333,0.566
2014/08/19 15:22:53,1.43,37.69923,-121.90508,329.724,0.017,0.0,-113,1.920,0.458,0.234
2014/08/19 15:22:58,1.43,37.69923,-121.90507,329.396,0.779,0.0,-113,2.000,0.500,0.670
2014/08/19 15:23:03,1.49,37.69923,-121.90507,329.396,0.028,0.0,-113,1.019,0.000,0.784
2014/08/19 15:23:08,2.09,37.69923,-121.90506,329.396,0.086,0.0,-113,0.000,0.167,0.854
2014/08/19 15:23:13,2.09,37.69917,-121.90501,327.428,8.009,0.0,-113,0.904,0.250,1.258
2014/08/19 15:23:18,1.49,37.69898,-121.90485,325.131,14.220,0.0,-113,0.997,0.000,0.000
2014/08/19 15:23:23,2.13,37.69874,-121.90472,321.850,12.095,0.0,-113,0.384,0.083,1.007
2014/08/19 15:23:28,1.49,37.69860,-121.90495,320.866,11.661,0.0,-113,0.600,0.292,0.266
2014/08/19 15:23:33,2.54,37.69852,-121.90529,322.507,16.548,0.0,-113,1.032,0.083,1.839
2014/08/19 15:23:38,1.43,37.69833,-121.90571,323.491,19.785,0.0,-113,1.083,0.000,0.525
2014/08/19 15:23:43,1.43,37.69808,-121.90611,321.850,20.721,0.0,-113,0.747,0.167,2.242
2014/08/19 15:23:48,1.42,37.69777,-121.90648,323.491,20.828,0.0,-113,0.814,0.000,1.631
2014/08/19 15:23:53,1.42,37.69763,-121.90684,326.115,13.356,0.0,-113,0.436,0.292,1.083
2014/08/19 15:23:58,1.42,37.69784,-121.90706,327.756,16.573,0.0,-113,0.404,0.000,0.000
2014/08/19 15:24:03,1.42,37.69826,-121.90721,328.084,23.246,0.0,-113,0.148,0.208,6.559
2014/08/19 15:24:08,1.42,37.69875,-121.90737,328.740,24.715,0.0,-113,0.109,0.083,1.343
2014/08/19 15:24:13,1.63,37.69921,-121.90752,327.756,21.627,0.0,-113,0.368,0.000,1.723
2014/08/19 15:24:18,1.63,37.69953,-121.90763,325.459,12.793,0.0,-113,0.452,0.000,1.554
2014/08/19 15:24:23,1.4,37.69965,-121.90767,326.444,9.733,0.0,-113,0.384,0.167,1.603
2014/08/19 15:24:28,1.4,37.69996,-121.90779,324.803,20.266,0.0,-113,0.413,0.125,2.667
2014/08/19 15:24:33,1.61,37.70037,-121.90795,323.819,22.602,0.0,-113,0.369,0.000,0.000
2014/08/19 15:24:38,1.45,37.70080,-121.90828,322.835,26.650,0.0,-113,0.186,0.083,4.211
2014/08/19 15:24:44,1.4,37.70115,-121.90900,321.850,29.854,0.0,-113,0.154,0.083,4.187
2014/08/19 15:24:49,1.4,37.70128,-121.90978,323.491,31.572,0.0,-113,0.785,0.000,1.218
2014/08/19 15:24:54,1.4,37.70129,-121.91055,323.819,30.329,0.0,-113,0.840,0.167,0.243
2014/08/19 15:24:59,1.4,37.70127,-121.91135,322.835,33.243,0.0,-113,1.283,0.167,0.830
2014/08/19 15:25:04,1.4,37.70121,-121.91220,323.819,35.246,0.0,-113,1.157,0.208,0.293
2014/08/19 15:25:09,1.4,37.70112,-121.91312,324.475,37.302,0.0,-113,1.269,0.250,0.555
2014/08/19 15:25:14,1.4,37.70111,-121.91408,322.835,38.332,0.0,-113,1.356,0.000,0.194
2014/08/19 15:25:19,1.4,37.70116,-121.91506,322.178,39.151,0.0,-113,2.225,0.417,0.312
2014/08/19 15:25:24,1.61,37.70124,-121.91605,323.491,39.033,0.0,-113,2.224,0.458,0.283
2014/08/19 15:25:29,1.45,37.70131,-121.91704,322.507,38.842,0.0,-113,2.760,0.583,0.402
2014/08/19 15:25:34,6.09,37.70129,-121.91798,321.194,34.546,0.0,-113,2.683,0.333,0.230
2014/08/19 15:25:39,2.94,37.70119,-121.91877,324.475,30.358,0.0,-113,1.875,0.292,0.566
2014/08/19 15:25:44,1.61,37.70089,-121.91940,318.898,28.836,0.0,-113,1.971,0.458,0.201
2014/08/19 15:25:49,1.94,37.70040,-121.91984,321.850,29.866,0.0,-113,2.371,0.458,0.490
2014/08/19 15:25:54,1.94,37.69990,-121.92028,322.178,30.386,0.0,-113,2.225,0.375,0.470
2014/08/19 15:25:59,1.39,37.69943,-121.92067,323.163,26.176,0.0,-113,1.959,0.458,0.566
2014/08/19 15:26:04,1.39,37.69894,-121.92069,323.491,24.786,0.0,-113,2.010,0.000,0.537
2014/08/19 15:26:09,1.94,37.69841,-121.92050,323.491,27.400,0.0,-113,1.340,0.250,0.678
2014/08/19 15:26:14,1.94,37.69787,-121.92030,324.147,28.737,0.0,-113,0.637,0.125,1.399
2014/08/19 15:26:19,1.94,37.69731,-121.92009,322.835,28.569,0.0,-113,0.709,0.000,1.578
2014/08/19 15:26:24,2.11,37.69677,-121.91988,322.507,28.546,0.0,-113,0.487,0.167,1.431
2014/08/19 15:26:29,2.11,37.69620,-121.91967,321.194,30.154,0.0,-113,0.637,0.000,1.249
2014/08/19 15:26:34,2.11,37.69561,-121.91944,321.522,30.991,0.0,-113,0.443,0.208,2.482
2014/08/19 15:26:39,1.41,37.69499,-121.91920,322.835,33.446,0.0,-113,0.917,0.292,0.740
2014/08/19 15:26:44,2.11,37.69433,-121.91895,321.850,34.162,0.0,-113,1.006,0.167,0.806
2014/08/19 15:26:49,1.41,37.69366,-121.91868,321.194,35.146,0.0,-113,0.984,0.000,0.660
2014/08/19 15:26:54,1.39,37.69299,-121.91842,319.882,33.645,0.0,-113,0.541,0.250,2.230
2014/08/19 15:26:59,1.41,37.69239,-121.91816,318.898,30.065,0.0,-113,0.263,0.000,0.000
2014/08/19 15:27:04,1.41,37.69200,-121.91765,318.898,28.360,0.0,-113,0.333,0.125,2.898
2014/08/19 15:27:09,1.41,37.69173,-121.91698,318.570,31.175,0.0,-113,0.487,0.000,0.815
2014/08/19 15:27:14,2.13,37.69155,-121.91623,317.257,30.552,0.0,-113,0.683,0.167,0.000
2014/08/19 15:27:19,1.62,37.69150,-121.91547,318.898,28.741,0.0,-113,0.113,0.167,6.075
2014/08/19 15:27:24,1.41,37.69131,-121.91484,317.913,26.372,0.0,-113,1.144,0.000,0.641
2014/08/19 15:27:29,1.39,37.69084,-121.91469,319.554,24.253,0.0,-113,1.094,0.333,0.458
2014/08/19 15:27:34,1.39,37.69045,-121.91479,322.507,17.218,0.0,-113,1.439,0.167,0.662
2014/08/19 15:27:39,1.53,37.69037,-121.91520,324.475,21.628,0.0,-113,0.910,0.292,1.927
2014/08/19 15:27:44,1.39,37.69043,-121.91586,329.068,29.261,0.0,-113,1.894,0.375,0.303
2014/08/19 15:27:49,1.38,37.69054,-121.91665,333.333,34.047,0.0,-113,0.000,0.542,0.200
2014/08/19 15:27:54,1.94,37.69068,-121.91753,335.958,35.013,0.0,-113,1.267,0.000,0.495
2014/08/19 15:27:59,1.38,37.69106,-121.91830,331.693,38.723,0.0,-113,0.631,0.583,1.258
2014/08/19 15:28:04,1.38,37.69182,-121.91878,328.740,45.576,0.0,-113,0.321,0.292,0.879
2014/08/19 15:28:09,1.38,37.69272,-121.91918,330.709,49.180,0.0,-113,0.824,0.542,0.842
2014/08/19 15:28:14,1.38,37.69369,-121.91960,331.693,51.574,0.0,-113,0.519,0.292,1.538
2014/08/19 15:28:19,1.38,37.69470,-121.92003,332.677,53.711,0.0,-113,0.478,0.208,2.450
2014/08/19 15:28:24,1.38,37.69576,-121.92047,332.349,56.546,0.0,-113,0.779,0.083,0.585
2014/08/19 15:28:29,1.38,37.69683,-121.92093,333.333,55.731,0.0,-113,0.882,0.375,0.891
2014/08/19 15:28:34,1.38,37.69792,-121.92136,334.646,58.367,0.0,-113,1.599,0.000,0.559
2014/08/19 15:28:39,1.38,37.69906,-121.92180,344.160,59.727,0.0,-113,0.885,0.167,0.260
2014/08/19 15:28:44,1.38,37.70021,-121.92225,354.987,59.372,0.0,-113,1.711,0.375,0.715
2014/08/19 15:28:49,1.59,37.70131,-121.92268,360.236,56.696,0.0,-113,1.766,0.542,0.259
2014/08/19 15:28:54,1.4,37.70242,-121.92312,359.908,57.890,0.0,-113,2.116,0.000,0.730
2014/08/19 15:28:59,1.45,37.70352,-121.92367,358.268,59.486,0.0,-113,0.602,0.292,0.000
2014/08/19 15:29:04,2.05,37.70458,-121.92440,354.331,60.619,0.0,-113,0.346,0.000,1.014
2014/08/19 15:29:09,2.06,37.70561,-121.92526,350.394,61.690,0.0,-113,1.000,0.375,1.603
2014/08/19 15:29:14,2.06,37.70665,-121.92614,348.425,62.601,0.0,-113,0.548,0.250,0.606
2014/08/19 15:29:19,1.4,37.70770,-121.92702,349.738,62.886,0.0,-113,0.711,0.000,2.338
2014/08/19 15:29:24,1.4,37.70873,-121.92790,351.378,60.662,0.0,-113,0.388,0.333,2.410
2014/08/19 15:29:29,1.4,37.70970,-121.92871,353.018,57.419,0.0,-113,0.497,0.000,2.045
2014/08/19 15:29:34,1.45,37.71068,-121.92953,352.690,59.360,0.0,-113,0.423,0.167,0.929
2014/08/19 15:29:39,1.3,37.71170,-121.93039,351.706,62.311,0.0,-113,0.291,0.083,4.017
2014/08/19 15:29:44,1.3,37.71275,-121.93128,352.034,63.470,0.0,-113,0.151,0.000,0.000
2014/08/19 15:29:49,1.45,37.71382,-121.93218,353.018,63.707,0.0,-113,0.132,0.000,3.833
2014/08/19 15:29:54,1.3,37.71488,-121.93308,354.331,63.617,0.0,-113,0.093,0.083,0.000
2014/08/19 15:29:59,1.46,37.71595,-121.93396,353.675,63.689,0.0,-113,0.000,0.000,6.783
2014/08/19 15:30:04,1.46,37.71701,-121.93483,353.018,62.035,0.0,-113,0.000,0.083,1.815
2014/08/19 15:30:09,1.68,37.71805,-121.93570,352.690,62.400,0.0,-113,0.000,0.750,0.899
2014/08/19 15:30:14,1.39,37.71910,-121.93659,353.675,63.553,0.0,-113,0.003,0.792,0.242
2014/08/19 15:30:19,2.26,37.72017,-121.93748,355.643,63.905,0.0,-113,0.117,0.625,2.459
2014/08/19 15:30:24,2.26,37.72126,-121.93834,360.236,65.410,0.0,-113,0.219,0.000,0.000
2014/08/19 15:30:29,1.61,37.72239,-121.93922,365.814,66.122,0.0,-113,0.000,0.000,5.186
2014/08/19 15:30:34,2.45,37.72351,-121.94009,371.719,63.166,0.0,-113,0.000,0.167,0.516
2014/08/19 15:30:39,1.47,37.72462,-121.94094,376.640,64.252,0.0,-113,0.000,0.833,0.421
2014/08/19 15:30:44,2.37,37.72574,-121.94181,381.890,65.770,0.0,-113,0.003,1.125,0.759
2014/08/19 15:30:49,2.37,37.72686,-121.94269,387.139,66.249,0.0,-113,0.214,0.250,4.587
2014/08/19 15:30:54,2.13,37.72800,-121.94356,392.060,65.810,0.0,-113,0.000,0.625,0.147
2014/08/19 15:30:59,1.95,37.72911,-121.94442,396.325,64.059,0.0,-113,0.003,1.333,0.510
2014/08/19 15:31:04,2.16,37.73044,-121.94546,402.231,65.489,0.0,-113,0.445,0.000,0.612
2014/08/19 15:31:09,2.16,37.73157,-121.94633,407.152,66.358,0.0,-113,0.603,0.250,0.738
2014/08/19 15:31:14,2.16,37.73271,-121.94722,411.417,66.639,0.0,-113,0.897,0.375,0.662
2014/08/19 15:31:19,2.16,37.73385,-121.94810,415.682,66.982,0.0,-113,0.822,1.208,0.197
2014/08/19 15:31:24,2.16,37.73502,-121.94900,420.604,68.993,0.0,-113,0.805,1.125,0.570
2014/08/19 15:31:29,2.16,37.73624,-121.94987,425.525,70.017,0.0,-113,0.947,1.083,0.327
2014/08/19 15:31:34,1.95,37.73750,-121.95072,424.213,71.851,0.0,-113,1.753,1.167,0.370
2014/08/19 15:31:39,1.36,37.73876,-121.95158,416.339,69.775,0.0,-113,1.455,0.917,0.377
2014/08/19 15:31:44,1.36,37.74001,-121.95244,407.480,71.415,0.0,-113,1.235,1.167,0.263
2014/08/19 15:31:49,1.36,37.74127,-121.95330,396.982,71.871,0.0,-113,0.777,1.375,0.179
2014/08/19 15:31:54,1.95,37.74256,-121.95418,392.388,72.626,0.0,-113,1.098,1.417,0.290
2014/08/19 15:31:59,2.17,37.74386,-121.95506,397.966,74.384,0.0,-113,1.420,1.292,0.263
2014/08/19 15:32:04,2.17,37.74519,-121.95592,410.433,73.757,0.0,-113,0.986,1.083,0.279
2014/08/19 15:32:09,1.95,37.74648,-121.95670,422.572,67.670,0.0,-113,0.813,0.000,0.278
2014/08/19 15:32:15,1.95,37.74765,-121.95739,430.446,63.745,0.0,-113,0.857,1.333,0.289
2014/08/19 15:32:20,1.95,37.74884,-121.95809,431.102,67.039,0.0,-113,0.921,1.375,0.210
2014/08/19 15:32:25,1.95,37.75008,-121.95883,429.134,68.831,0.0,-113,1.002,1.250,0.430
2014/08/19 15:32:30,1.95,37.75131,-121.95960,426.509,67.940,0.0,-113,0.654,0.000,0.366
2014/08/19 15:32:35,2.4,37.75247,-121.96036,423.556,64.635,0.0,-113,0.484,0.000,1.931
2014/08/19 15:32:40,1.95,37.75367,-121.96114,420.932,69.752,0.0,-113,0.876,0.042,0.299
2014/08/19 15:32:45,1.44,37.75492,-121.96197,422.244,70.594,0.0,-113,1.005,0.833,0.355
2014/08/19 15:32:50,1.95,37.75619,-121.96280,424.213,72.130,0.0,-113,0.488,1.000,0.743
2014/08/19 15:32:55,1.95,37.75748,-121.96364,428.150,71.636,0.0,-113,0.352,0.625,0.532
2014/08/19 15:33:00,1.95,37.75872,-121.96446,431.430,67.542,0.0,-113,0.533,1.042,0.259
2014/08/19 15:33:05,1.44,37.75987,-121.96521,435.039,63.732,0.0,-113,0.449,1.583,0.290
2014/08/19 15:33:10,1.44,37.76099,-121.96597,439.304,64.172,0.0,-113,0.996,1.083,0.214
2014/08/19 15:33:15,1.49,37.76215,-121.96677,445.866,67.143,0.0,-113,1.084,1.625,0.223
2014/08/19 15:33:21,1.49,37.76360,-121.96772,452.100,67.618,0.0,-113,0.993,0.000,0.384
2014/08/19 15:33:26,1.49,37.76481,-121.96851,457.021,67.863,0.0,-113,0.427,0.958,0.471
2014/08/19 15:33:31,1.49,37.76603,-121.96931,461.942,68.983,0.0,-113,0.619,0.500,0.206
2014/08/19 15:33:36,1.44,37.76729,-121.97013,465.551,70.665,0.0,-113,0.833,0.875,0.202
2014/08/19 15:33:41,1.44,37.76858,-121.97087,469.160,70.615,0.0,-113,1.285,1.375,0.378
2014/08/19 15:33:46,1.44,37.76990,-121.97155,471.457,70.702,0.0,-113,0.579,1.167,0.330
2014/08/19 15:33:51,1.44,37.77122,-121.97221,472.441,71.072,0.0,-113,0.223,0.375,1.186
2014/08/19 15:33:56,1.44,37.77256,-121.97287,474.738,69.446,0.0,-113,0.000,0.000,1.693
2014/08/19 15:34:01,1.44,37.77384,-121.97350,475.394,67.475,0.0,-113,0.263,0.458,1.402
2014/08/19 15:34:06,1.44,37.77511,-121.97414,475.066,68.226,0.0,-113,0.146,0.375,1.257
2014/08/19 15:34:11,1.44,37.77640,-121.97478,474.738,69.000,0.0,-113,0.152,0.000,2.011
2014/08/19 15:34:16,1.44,37.77769,-121.97544,474.081,69.322,0.0,-113,0.194,0.458,2.995
2014/08/19 15:34:21,1.44,37.77898,-121.97609,473.753,69.153,0.0,-113,0.143,0.250,0.811
2014/08/19 15:34:26,1.95,37.78028,-121.97673,472.441,68.701,0.0,-113,0.302,0.375,0.647
2014/08/19 15:34:31,1.44,37.78153,-121.97736,470.472,66.243,0.0,-113,0.292,0.667,0.719
2014/08/19 15:34:36,1.44,37.78277,-121.97802,467.848,67.320,0.0,-113,0.372,0.500,0.671
2014/08/19 15:34:41,1.44,37.78402,-121.97874,465.551,68.321,0.0,-113,0.609,0.750,0.390
2014/08/19 15:34:46,1.44,37.78526,-121.97945,464.567,67.555,0.0,-113,0.267,0.417,0.545
2014/08/19 15:34:51,1.44,37.78648,-121.98015,463.583,64.390,0.0,-113,0.269,0.000,1.123
2014/08/19 15:34:56,1.44,37.78764,-121.98078,462.270,62.388,0.0,-113,0.260,0.333,1.451
2014/08/19 15:35:01,1.44,37.78887,-121.98136,458.661,65.239,0.0,-113,0.374,0.250,1.375
2014/08/19 15:35:06,1.95,37.79012,-121.98193,452.100,67.228,0.0,-113,0.148,0.417,1.782
2014/08/19 15:35:11,1.95,37.79140,-121.98252,445.538,68.607,0.0,-113,0.144,0.417,0.899
2014/08/19 15:35:16,1.95,37.79299,-121.98326,439.304,72.474,0.0,-113,0.225,0.417,1.071
2014/08/19 15:35:21,1.95,37.79434,-121.98390,437.992,71.829,0.0,-113,0.307,0.000,1.858
2014/08/19 15:35:26,1.95,37.79563,-121.98467,437.992,70.165,0.0,-113,0.184,0.292,1.339
2014/08/19 15:35:31,1.95,37.79686,-121.98558,437.008,69.285,0.0,-113,0.197,0.292,3.378
2014/08/19 15:35:36,1.95,37.79802,-121.98645,436.024,67.738,0.0,-113,0.153,0.167,1.849
2014/08/19 15:35:41,1.95,37.79920,-121.98732,433.727,67.791,0.0,-113,0.470,0.583,1.210
2014/08/19 15:35:46,1.95,37.80045,-121.98807,430.118,69.242,0.0,-113,0.381,0.000,1.519
2014/08/19 15:35:51,1.95,37.80174,-121.98867,423.885,66.520,0.0,-113,0.151,0.458,2.482
2014/08/19 15:35:56,1.95,37.80297,-121.98920,420.276,64.052,0.0,-113,0.073,0.000,0.000
2014/08/19 15:36:01,1.95,37.80420,-121.98972,412.073,64.863,0.0,-113,0.186,0.208,6.066
2014/08/19 15:36:06,1.95,37.80545,-121.99025,403.543,66.435,0.0,-113,0.333,0.167,0.958
2014/08/19 15:36:11,1.95,37.80672,-121.99080,394.685,66.096,0.0,-113,0.490,0.000,1.866
2014/08/19 15:36:16,2.19,37.80797,-121.99133,385.827,65.455,0.0,-113,0.513,0.375,0.611
2014/08/19 15:36:21,1.95,37.80919,-121.99185,377.625,62.454,0.0,-113,0.926,0.583,0.465
2014/08/19 15:36:26,1.95,37.81036,-121.99235,372.375,60.568,0.0,-113,0.516,0.917,0.439
2014/08/19 15:36:31,2.25,37.81150,-121.99280,373.031,57.943,0.0,-113,0.737,1.500,0.262
2014/08/19 15:36:36,1.95,37.81246,-121.99306,381.562,43.549,0.0,-113,0.000,1.083,0.571
2014/08/19 15:36:41,2.06,37.81319,-121.99320,384.514,28.915,0.0,-113,0.940,0.958,0.233
2014/08/19 15:36:46,1.45,37.81353,-121.99324,386.155,18.618,0.0,-113,0.858,1.208,0.243
2014/08/19 15:36:51,1.45,37.81370,-121.99326,386.155,3.022,0.0,-113,0.744,1.417,0.263
2014/08/19 15:36:56,1.56,37.81370,-121.99327,384.186,0.166,0.0,-113,0.852,1.292,0.200
2014/08/19 15:37:01,1.56,37.81371,-121.99327,382.546,1.216,0.0,-113,0.423,0.750,0.247
2014/08/19 15:37:06,1.56,37.81371,-121.99328,380.906,0.247,0.0,-113,0.972,1.333,0.251
2014/08/19 15:37:11,1.56,37.81384,-121.99329,381.234,13.013,0.0,-113,1.096,1.375,0.227
2014/08/19 15:37:16,1.56,37.81420,-121.99330,382.546,21.700,0.0,-113,1.234,1.417,0.226
2014/08/19 15:37:21,1.56,37.81470,-121.99330,380.577,27.875,0.0,-113,0.602,1.125,0.371
2014/08/19 15:37:26,1.56,37.81533,-121.99328,379.921,34.063,0.0,-113,0.830,1.042,0.206
2014/08/19 15:37:31,1.56,37.81591,-121.99326,381.562,21.304,0.0,-113,1.015,0.000,1.631
2014/08/19 15:37:36,1.56,37.81618,-121.99325,382.874,9.824,0.0,-113,0.197,0.500,0.863
2014/08/19 15:37:41,1.56,37.81636,-121.99325,384.514,8.644,0.0,-113,0.199,0.000,3.153
2014/08/19 15:37:46,1.8,37.81649,-121.99325,383.202,9.002,0.0,-113,0.276,0.292,0.000
2014/08/19 15:37:51,1.8,37.81677,-121.99325,381.562,17.927,0.0,-113,0.110,0.250,3.843
2014/08/19 15:37:56,1.81,37.81715,-121.99324,381.234,19.214,0.0,-113,0.230,0.292,1.507
2014/08/19 15:38:01,1.56,37.81752,-121.99322,381.562,17.592,0.0,-113,0.173,0.208,2.042
2014/08/19 15:38:06,1.56,37.81788,-121.99322,380.906,20.306,0.0,-113,0.111,0.167,2.367
2014/08/19 15:38:11,1.56,37.81833,-121.99320,381.890,22.724,0.0,-113,0.157,0.292,1.571
2014/08/19 15:38:16,1.56,37.81878,-121.99319,382.874,22.248,0.0,-113,0.144,0.000,1.563
2014/08/19 15:38:21,1.56,37.81918,-121.99318,382.874,14.421,0.0,-113,0.070,0.208,4.374
2014/08/19 15:38:26,1.56,37.81936,-121.99317,385.827,5.219,0.0,-113,0.132,0.292,1.570
2014/08/19 15:38:31,1.56,37.81947,-121.99318,385.171,5.776,0.0,-113,0.262,0.000,2.214
2014/08/19 15:38:36,1.56,37.81963,-121.99317,385.171,9.548,0.0,-113,0.243,0.417,0.898
2014/08/19 15:38:41,2.14,37.81983,-121.99316,384.843,11.509,0.0,-113,0.211,0.167,1.735
2014/08/19 15:38:46,1.81,37.82008,-121.99315,385.171,11.958,0.0,-113,0.346,0.292,0.878
2014/08/19 15:38:51,1.56,37.82024,-121.99314,385.499,5.315,0.0,-113,0.313,0.667,0.954
2014/08/19 15:38:56,1.56,37.82033,-121.99314,385.171,3.388,0.0,-113,0.175,0.667,1.251
2014/08/19 15:39:01,1.56,37.82043,-121.99314,382.546,6.780,0.0,-113,0.301,0.500,0.823
2014/08/19 15:39:06,1.56,37.82065,-121.99313,380.249,14.184,0.0,-113,0.238,0.333,0.427
2014/08/19 15:39:11,1.56,37.82100,-121.99314,382.218,19.994,0.0,-113,0.263,0.000,2.381
2014/08/19 15:39:16,1.6,37.82147,-121.99318,385.499,25.275,0.0,-113,0.254,0.333,0.773
2014/08/19 15:39:21,1.62,37.82204,-121.99327,385.171,31.679,0.0,-113,0.166,0.875,1.010
2014/08/19 15:39:26,1.57,37.82268,-121.99344,386.811,32.093,0.0,-113,0.428,0.667,0.530
2014/08/19 15:39:31,1.57,37.82326,-121.99366,384.843,30.789,0.0,-113,0.543,0.875,0.374
2014/08/19 15:39:36,1.82,37.82388,-121.99396,384.843,35.220,0.0,-113,1.209,0.917,0.238
2014/08/19 15:39:41,1.57,37.82459,-121.99436,384.843,41.459,0.0,-113,0.833,1.625,0.366
2014/08/19 15:39:46,1.57,37.82532,-121.99490,386.483,41.096,0.0,-113,0.682,1.167,0.525
2014/08/19 15:39:51,1.57,37.82598,-121.99549,388.123,40.668,0.0,-113,0.757,0.625,0.666
2014/08/19 15:39:56,1.57,37.82662,-121.99618,389.108,41.784,0.0,-113,0.431,0.708,1.210
2014/08/19 15:40:01,1.57,37.82717,-121.99689,389.764,37.715,0.0,-113,0.792,0.000,0.563
2014/08/19 15:40:06,1.57,37.82766,-121.99763,392.060,38.863,0.0,-113,0.000,1.042,0.422
2014/08/19 15:40:11,1.82,37.82813,-121.99836,393.373,34.942,0.0,-113,0.706,1.208,0.191
2014/08/19 15:40:16,1.57,37.82857,-121.99903,395.669,35.037,0.0,-113,0.721,1.167,0.314
2014/08/19 15:40:21,1.6,37.82902,-121.99974,396.325,35.694,0.0,-113,0.712,1.458,0.737
2014/08/19 15:40:26,1.57,37.82939,-122.00032,398.950,27.296,0.0,-113,0.720,0.750,0.306
2014/08/19 15:40:31,1.57,37.82976,-122.00090,399.606,31.744,0.0,-113,0.715,0.750,0.206
2014/08/19 15:40:36,1.57,37.83017,-122.00152,401.247,32.502,0.0,-113,0.527,0.667,0.345
2014/08/19 15:40:41,1.57,37.83057,-122.00214,403.871,27.075,0.0,-113,0.813,0.750,0.546
2014/08/19 15:40:46,1.57,37.83088,-122.00262,404.528,23.172,0.0,-113,0.590,0.000,2.374
2014/08/19 15:40:51,1.57,37.83117,-122.00306,404.199,23.307,0.0,-113,0.202,0.375,1.759
2014/08/19 15:40:56,1.57,37.83146,-122.00352,402.887,21.114,0.0,-113,0.670,0.000,2.046
2014/08/19 15:41:01,1.57,37.83167,-122.00383,402.231,13.406,0.0,-113,0.259,0.500,0.455
2014/08/19 15:41:06,1.57,37.83181,-122.00404,403.543,7.864,0.0,-113,0.358,0.417,0.369
2014/08/19 15:41:11,1.83,37.83182,-122.00406,402.559,0.019,0.0,-113,0.367,0.375,0.691
2014/08/19 15:41:16,1.83,37.83182,-122.00407,400.919,0.098,0.0,-113,0.437,0.500,0.350
2014/08/19 15:41:21,1.83,37.83182,-122.00408,401.903,1.943,0.0,-113,0.454,1.000,0.658
2014/08/19 15:41:26,1.83,37.83190,-122.00420,402.887,10.530,0.0,-113,0.457,0.875,0.281
2014/08/19 15:41:31,1.83,37.83206,-122.00443,406.168,14.301,0.0,-113,0.405,1.000,0.479
2014/08/19 15:41:36,1.57,37.83229,-122.00479,406.496,21.259,0.0,-113,0.497,0.000,0.410
2014/08/19 15:41:42,1.83,37.83259,-122.00525,403.871,25.733,0.0,-113,0.877,0.917,0.514
2014/08/19 15:41:47,1.83,37.83294,-122.00579,403.543,27.785,0.0,-113,1.160,0.750,0.238
2014/08/19 15:41:52,1.83,37.83329,-122.00633,401.903,28.091,0.0,-113,0.696,0.750,1.005
2014/08/19 15:41:57,1.83,37.83369,-122.00694,400.262,31.796,0.0,-113,0.365,0.500,0.365
2014/08/19 15:42:02,1.83,37.83409,-122.00760,398.294,33.888,0.0,-113,0.598,0.750,0.202
2014/08/19 15:42:07,1.83,37.83453,-122.00831,395.341,36.057,0.0,-113,0.649,1.000,0.351
2014/08/19 15:42:12,1.84,37.83500,-122.00907,391.404,41.609,0.0,-113,0.794,1.000,0.955
2014/08/19 15:42:17,1.84,37.83551,-122.00992,387.139,40.901,0.0,-113,0.750,0.375,0.315
2014/08/19 15:42:22,1.84,37.83598,-122.01070,384.514,35.858,0.0,-113,0.916,0.708,0.369
2014/08/19 15:42:27,1.84,37.83636,-122.01134,383.202,28.569,0.0,-113,0.544,1.000,0.339
2014/08/19 15:42:32,1.84,37.83667,-122.01185,380.906,16.858,0.0,-113,0.666,0.625,0.890
2014/08/19 15:42:37,1.84,37.83675,-122.01197,380.906,1.385,0.0,-113,0.559,0.458,0.418
2014/08/19 15:42:42,1.84,37.83676,-122.01201,381.890,3.483,0.0,-113,0.781,0.000,0.138
2014/08/19 15:42:47,1.84,37.83680,-122.01206,381.562,0.038,0.0,-113,0.534,0.792,0.575
2014/08/19 15:42:52,1.84,37.83681,-122.01209,379.593,2.693,0.0,-113,0.357,0.625,0.286
2014/08/19 15:42:57,2.16,37.83685,-122.01215,377.953,1.628,0.0,-113,0.559,0.875,0.410
2014/08/19 15:43:02,1.84,37.83686,-122.01217,376.640,2.231,0.0,-113,0.485,1.083,0.227
2014/08/19 15:43:07,1.84,37.83694,-122.01231,375.328,11.329,0.0,-113,0.697,1.375,0.266
2014/08/19 15:43:12,1.84,37.83714,-122.01264,376.969,21.281,0.0,-113,0.940,1.208,0.394
2014/08/19 15:43:17,1.84,37.83745,-122.01315,377.625,28.113,0.0,-113,0.531,0.875,0.547
2014/08/19 15:43:22,1.84,37.83782,-122.01375,377.297,31.927,0.0,-113,0.587,0.625,1.458
2014/08/19 15:43:27,3.34,37.83824,-122.01444,376.969,36.842,0.0,-113,0.314,0.000,1.435
2014/08/19 15:43:32,1.84,37.83871,-122.01521,376.640,38.901,0.0,-113,0.439,0.375,0.727
2014/08/19 15:43:37,1.85,37.83919,-122.01603,373.031,42.727,0.0,-113,0.791,0.958,0.382
2014/08/19 15:43:42,1.85,37.83977,-122.01697,370.407,50.074,0.0,-113,1.329,1.250,0.222
2014/08/19 15:43:47,1.85,37.84039,-122.01800,366.470,52.190,0.0,-113,2.065,1.583,0.334
2014/08/19 15:43:52,1.85,37.84105,-122.01903,365.157,51.977,0.0,-113,2.473,0.000,0.182
2014/08/19 15:43:57,1.85,37.84174,-122.02000,362.533,50.690,0.0,-113,1.265,0.250,0.207
2014/08/19 15:44:02,1.85,37.84240,-122.02087,360.564,45.059,0.0,-113,0.000,1.375,0.242
2014/08/19 15:44:07,2.91,37.84301,-122.02168,357.612,44.059,0.0,-113,1.082,1.208,0.150
2014/08/19 15:44:12,1.85,37.84360,-122.02247,354.659,40.942,0.0,-113,1.074,1.333,0.254
2014/08/19 15:44:17,1.85,37.84418,-122.02324,351.706,42.951,0.0,-113,0.864,1.167,0.486
2014/08/19 15:44:22,1.85,37.84475,-122.02399,348.425,37.804,0.0,-113,1.247,1.083,0.242
2014/08/19 15:44:27,1.85,37.84525,-122.02467,345.472,38.359,0.0,-113,1.031,0.583,0.354
2014/08/19 15:44:32,2.91,37.84582,-122.02541,342.192,41.923,0.0,-113,0.962,0.833,0.694
2014/08/19 15:44:37,1.85,37.84642,-122.02619,340.223,42.678,0.0,-113,0.842,0.000,0.473
2014/08/19 15:44:42,2.91,37.84704,-122.02689,337.927,37.219,0.0,-113,0.988,0.667,1.115
2014/08/19 15:44:47,2.08,37.84751,-122.02734,329.068,25.496,0.0,-113,0.481,0.250,2.014
2014/08/19 15:44:52,1.85,37.84793,-122.02766,319.226,23.776,0.0,-113,0.324,0.250,0.563
2014/08/19 15:44:57,1.89,37.84833,-122.02793,308.727,22.977,0.0,-113,0.596,0.792,0.894
2014/08/19 15:45:02,1.86,37.84884,-122.02819,299.213,30.446,0.0,-113,0.579,1.458,0.367
2014/08/19 15:45:07,1.73,37.84946,-122.02844,295.276,33.176,0.0,-113,0.588,0.583,0.310
2014/08/19 15:45:12,1.73,37.85010,-122.02861,294.948,31.207,0.0,-113,1.272,0.792,0.922
2014/08/19 15:45:17,1.75,37.85064,-122.02868,295.276,25.328,0.0,-113,0.840,0.333,1.611
2014/08/19 15:45:22,1.73,37.85112,-122.02873,292.651,23.216,0.0,-113,0.484,0.542,0.514
2014/08/19 15:45:27,1.73,37.85158,-122.02877,288.714,22.442,0.0,-113,1.237,0.625,0.499
2014/08/19 15:45:32,1.73,37.85202,-122.02881,287.730,21.175,0.0,-113,1.331,0.000,0.322
2014/08/19 15:45:37,1.73,37.85245,-122.02886,286.745,20.841,0.0,-113,1.377,0.750,0.303
2014/08/19 15:45:42,1.73,37.85283,-122.02889,286.417,13.477,0.0,-113,0.769,1.250,0.298
2014/08/19 15:45:47,1.73,37.85292,-122.02889,285.105,0.897,0.0,-113,0.802,1.000,0.302
2014/08/19 15:45:52,1.77,37.85295,-122.02889,283.136,0.065,0.0,-113,0.536,1.000,0.563
2014/08/19 15:45:57,1.77,37.85297,-122.02888,284.121,2.193,0.0,-113,0.484,0.917,0.354
2014/08/19 15:46:02,1.73,37.85314,-122.02890,284.121,12.433,0.0,-113,0.803,0.667,0.594
2014/08/19 15:46:07,1.73,37.85347,-122.02893,282.480,20.454,0.0,-113,1.058,0.750,0.425
2014/08/19 15:46:12,1.73,37.85397,-122.02900,279.856,28.274,0.0,-113,0.775,0.667,0.443
2014/08/19 15:46:17,1.74,37.85459,-122.02914,280.184,33.000,0.0,-113,0.569,0.500,0.202
2014/08/19 15:46:22,1.77,37.85523,-122.02939,282.808,32.621,0.0,-113,0.376,0.625,0.303
2014/08/19 15:46:27,2.21,37.85581,-122.02969,287.402,30.410,0.0,-113,0.806,0.750,0.330
2014/08/19 15:46:32,1.74,37.85637,-122.03006,292.323,33.218,0.0,-113,0.340,0.000,2.075
2014/08/19 15:46:37,1.74,37.85702,-122.03047,288.058,39.923,0.0,-113,0.000,0.292,0.445
2014/08/19 15:46:42,2.37,37.85775,-122.03092,284.777,38.602,0.0,-113,0.350,0.833,0.367
2014/08/19 15:46:47,2.21,37.85836,-122.03130,282.480,30.337,0.0,-113,0.386,0.750,0.318
2014/08/19 15:46:52,2.21,37.85879,-122.03157,280.840,18.223,0.0,-113,0.383,0.583,0.362
2014/08/19 15:46:57,2.41,37.85908,-122.03175,279.528,15.601,0.0,-113,0.446,0.917,0.337
2014/08/19 15:47:02,1.78,37.85938,-122.03193,277.887,17.206,0.0,-113,0.414,1.042,0.957
2014/08/19 15:47:07,2.21,37.85971,-122.03214,276.903,21.291,0.0,-113,0.581,0.833,0.554
2014/08/19 15:47:12,2.21,37.86018,-122.03244,275.262,28.701,0.0,-113,0.633,0.458,0.799
2014/08/19 15:47:17,2.21,37.86068,-122.03274,274.278,25.366,0.0,-113,0.531,0.750,0.393
2014/08/19 15:47:22,1.74,37.86114,-122.03303,276.247,27.301,0.0,-113,0.834,0.792,0.631
2014/08/19 15:47:27,1.74,37.86168,-122.03342,277.887,34.400,0.0,-113,0.952,0.417,1.214
2014/08/19 15:47:32,2.21,37.86229,-122.03402,279.199,41.035,0.0,-113,0.651,0.625,0.245
2014/08/19 15:47:37,2.21,37.86290,-122.03475,277.887,41.049,0.0,-113,0.662,0.000,0.231
2014/08/19 15:47:42,1.74,37.86348,-122.03549,276.247,38.431,0.0,-113,0.551,0.708,0.484
2014/08/19 15:47:47,1.74,37.86395,-122.03610,276.903,30.569,0.0,-113,0.570,0.833,0.507
2014/08/19 15:47:52,2.21,37.86433,-122.03660,277.231,22.959,0.0,-113,0.639,1.125,0.351
2014/08/19 15:47:57,1.74,37.86462,-122.03695,279.199,19.536,0.0,-113,0.594,0.750,0.386
2014/08/19 15:48:02,1.74,37.86495,-122.03730,284.449,23.370,0.0,-113,0.773,0.667,0.634
2014/08/19 15:48:07,1.74,37.86534,-122.03768,284.777,24.551,0.0,-113,0.683,0.375,0.914
2014/08/19 15:48:12,1.86,37.86580,-122.03805,282.152,28.844,0.0,-113,0.587,0.583,0.174
2014/08/19 15:48:17,1.74,37.86635,-122.03847,276.903,36.509,0.0,-113,0.814,0.917,0.239
2014/08/19 15:48:22,1.74,37.86696,-122.03892,275.262,33.779,0.0,-113,0.753,1.292,0.523
2014/08/19 15:48:27,1.74,37.86750,-122.03932,272.310,29.892,0.0,-113,0.807,0.667,0.433
2014/08/19 15:48:32,1.75,37.86806,-122.03974,269.685,34.087,0.0,-113,0.625,0.500,0.611
2014/08/19 15:48:37,1.75,37.86871,-122.04022,267.717,39.995,0.0,-113,0.376,0.625,0.327
2014/08/19 15:48:42,1.75,37.86949,-122.04080,264.436,47.980,0.0,-113,0.566,1.083,0.159
2014/08/19 15:48:47,1.75,37.87034,-122.04144,262.139,50.098,0.0,-113,0.472,1.000,0.227
2014/08/19 15:48:52,1.79,37.87122,-122.04208,259.186,50.707,0.0,-113,0.325,0.792,0.519
2014/08/19 15:48:57,1.75,37.87212,-122.04275,257.874,52.333,0.0,-113,0.330,0.792,1.191
2014/08/19 15:49:02,2.2,37.87303,-122.04342,256.234,52.918,0.0,-113,0.584,0.000,0.910
2014/08/19 15:49:07,1.75,37.87397,-122.04412,254.921,55.388,0.0,-113,0.303,0.583,3.490
2014/08/19 15:49:12,1.75,37.87486,-122.04486,254.593,51.637,0.0,-113,0.341,0.375,0.858
2014/08/19 15:49:17,1.75,37.87559,-122.04555,251.640,35.987,0.0,-113,0.386,0.458,0.786
2014/08/19 15:49:22,2.04,37.87612,-122.04610,250.000,31.965,0.0,-113,0.257,0.000,0.000
2014/08/19 15:49:27,1.75,37.87662,-122.04661,247.703,31.190,0.0,-113,0.111,0.417,1.015
2014/08/19 15:49:32,1.75,37.87712,-122.04713,245.735,33.472,0.0,-113,0.409,0.458,2.477
2014/08/19 15:49:37,1.75,37.87767,-122.04769,241.798,36.164,0.0,-113,0.251,0.375,0.357
2014/08/19 15:49:42,1.75,37.87824,-122.04824,237.861,35.472,0.0,-113,0.241,0.542,1.179
2014/08/19 15:49:47,1.75,37.87879,-122.04871,233.924,30.452,0.0,-113,0.289,0.458,0.519
2014/08/19 15:49:52,1.75,37.87928,-122.04906,227.362,24.521,0.0,-113,0.368,0.542,1.067
2014/08/19 15:49:57,1.75,37.87967,-122.04933,224.738,15.595,0.0,-113,0.384,0.500,1.230
2014/08/19 15:50:02,1.75,37.87984,-122.04945,223.425,8.379,0.0,-113,0.402,0.542,0.387
2014/08/19 15:50:07,1.75,37.87998,-122.04956,222.769,9.951,0.0,-113,0.333,0.000,0.746
2014/08/19 15:50:12,1.75,37.88021,-122.04971,220.801,9.457,0.0,-113,0.159,0.542,1.390
2014/08/19 15:50:17,1.75,37.88028,-122.04976,221.457,0.035,0.0,-113,0.124,0.292,1.931
2014/08/19 15:50:22,1.75,37.88028,-122.04976,223.753,0.007,0.0,-113,0.142,0.375,1.173
2014/08/19 15:50:30,1.75,37.88027,-122.04976,224.081,0.018,0.0,-113,0.067,0.292,1.982
2014/08/19 15:50:35,1.75,37.88033,-122.04980,224.409,6.129,0.0,-113,0.127,0.458,1.166
2014/08/19 15:50:40,1.75,37.88051,-122.04993,222.113,12.930,0.0,-113,0.142,0.500,0.675
2014/08/19 15:50:45,1.75,37.88081,-122.05010,218.176,20.633,0.0,-113,0.000,0.292,0.801
2014/08/19 15:50:50,1.75,37.88139,-122.05051,212.270,32.587,0.0,-113,0.000,0.500,0.903
2014/08/19 15:50:55,1.76,37.88185,-122.05091,206.037,35.408,0.0,-113,0.000,0.000,0.359
2014/08/19 15:51:00,2.2,37.88232,-122.05138,200.131,14.618,0.0,-113,0.000,0.583,0.255
2014/08/19 15:51:05,1.76,37.88255,-122.05160,196.522,21.493,0.0,-113,0.003,0.625,0.754
2014/08/19 15:51:10,1.78,37.88297,-122.05203,191.273,30.999,0.0,-113,0.133,0.000,0.000
2014/08/19 15:51:15,1.76,37.88347,-122.05259,189.304,34.140,0.0,-113,0.000,0.500,4.367
2014/08/19 15:51:20,1.76,37.88406,-122.05323,189.633,43.519,0.0,-113,0.000,0.792,1.319
2014/08/19 15:51:25,1.76,37.88472,-122.05395,191.273,43.681,0.0,-113,0.000,0.583,0.698
2014/08/19 15:51:30,1.76,37.88536,-122.05466,193.570,41.905,0.0,-113,0.003,0.875,0.295
2014/08/19 15:51:35,1.76,37.88603,-122.05533,191.929,42.746,0.0,-113,0.378,0.000,2.497
2014/08/19 15:51:40,1.76,37.88681,-122.05591,187.336,45.359,0.0,-113,0.747,0.208,0.762
2014/08/19 15:51:45,1.76,37.88763,-122.05647,182.743,46.941,0.0,-113,0.340,0.167,1.270
2014/08/19 15:51:50,1.76,37.88845,-122.05702,182.415,44.896,0.0,-113,0.398,0.000,2.367
2014/08/19 15:51:55,1.76,37.88921,-122.05763,185.367,43.868,0.0,-113,0.275,0.250,1.978
2014/08/19 15:52:00,1.76,37.88983,-122.05832,186.680,39.234,0.0,-113,0.487,0.208,0.850
2014/08/19 15:52:05,2.19,37.89032,-122.05908,187.336,38.417,0.0,-113,0.824,0.000,2.198
2014/08/19 15:52:10,1.76,37.89074,-122.05991,183.399,37.340,0.0,-113,0.362,0.292,1.104
2014/08/19 15:52:15,1.76,37.89107,-122.06063,181.759,35.623,0.0,-113,0.215,0.000,0.000
2014/08/19 15:52:20,1.76,37.89147,-122.06147,182.415,40.400,0.0,-113,0.157,0.000,5.430
2014/08/19 15:52:25,2.19,37.89189,-122.06240,181.759,44.223,0.0,-113,0.304,0.000,2.243
2014/08/19 15:52:30,2.19,37.89238,-122.06344,181.430,49.926,0.0,-113,1.702,0.000,0.231
2014/08/19 15:52:35,1.76,37.89294,-122.06453,184.383,52.542,0.0,-113,2.567,0.042,0.178
2014/08/19 15:52:40,1.76,37.89355,-122.06568,190.945,56.239,0.0,-113,0.769,0.083,2.186
2014/08/19 15:52:45,1.76,37.89420,-122.06690,209.974,59.393,0.0,-113,1.048,0.083,0.541
2014/08/19 15:52:50,1.76,37.89489,-122.06819,234.908,62.742,0.0,-113,0.520,0.000,0.333
2014/08/19 15:52:55,1.76,37.89557,-122.06950,252.953,60.491,0.0,-113,0.859,0.167,0.470
2014/08/19 15:53:00,1.76,37.89606,-122.07082,257.218,57.178,0.0,-113,0.461,0.167,0.627
2014/08/19 15:53:05,1.76,37.89634,-122.07225,246.063,58.998,0.0,-113,0.959,0.208,1.611
2014/08/19 15:53:10,1.76,37.89637,-122.07382,235.236,64.878,0.0,-113,0.346,0.125,1.267
2014/08/19 15:53:15,1.79,37.89634,-122.07549,248.360,63.589,0.0,-113,0.641,0.292,1.173
2014/08/19 15:53:20,1.79,37.89645,-122.07700,272.638,57.876,0.0,-113,0.981,0.375,0.174
2014/08/19 15:53:25,1.76,37.89676,-122.07838,286.089,56.492,0.0,-113,1.766,0.250,0.743
2014/08/19 15:53:30,1.8,37.89710,-122.07971,296.588,51.794,0.0,-113,1.436,0.333,0.219
2014/08/19 15:53:35,1.77,37.89744,-122.08095,310.039,52.237,0.0,-113,2.042,0.000,0.398
2014/08/19 15:53:40,1.77,37.89776,-122.08224,322.835,54.562,0.0,-113,2.464,0.542,0.354
2014/08/19 15:53:45,1.77,37.89806,-122.08359,334.318,55.503,0.0,-113,1.875,0.542,0.458
2014/08/19 15:53:50,1.77,37.89821,-122.08499,344.816,56.295,0.0,-113,2.157,0.250,0.144
2014/08/19 15:53:55,2.04,37.89823,-122.08645,347.769,57.758,0.0,-113,1.208,0.208,0.987
2014/08/19 15:54:00,1.77,37.89820,-122.08795,343.176,60.986,0.0,-113,0.618,0.125,0.414
2014/08/19 15:54:05,1.77,37.89815,-122.08952,328.740,63.165,0.0,-113,0.610,0.000,0.654
2014/08/19 15:54:10,1.77,37.89810,-122.09116,314.633,66.359,0.0,-113,0.060,0.125,0.000
2014/08/19 15:54:15,1.77,37.89805,-122.09287,309.711,68.207,0.0,-113,0.388,0.000,1.223
2014/08/19 15:54:20,1.77,37.89800,-122.09458,320.866,65.890,0.0,-113,0.769,0.083,0.686
2014/08/19 15:54:25,1.77,37.89796,-122.09616,333.661,60.631,0.0,-113,0.747,0.167,1.561
2014/08/19 15:54:30,1.77,37.89789,-122.09765,343.504,57.755,0.0,-113,0.561,0.167,1.071
2014/08/19 15:54:35,1.77,37.89776,-122.09907,345.472,55.916,0.0,-113,0.468,0.125,1.702
2014/08/19 15:54:40,1.77,37.89757,-122.10048,341.535,57.758,0.0,-113,0.538,0.208,1.298
2014/08/19 15:54:45,1.77,37.89733,-122.10193,337.927,58.373,0.0,-113,0.494,0.000,1.274
2014/08/19 15:54:50,1.77,37.89709,-122.10339,334.318,60.311,0.0,-113,0.429,0.167,1.559
2014/08/19 15:54:55,1.77,37.89685,-122.10488,333.005,59.524,0.0,-113,0.356,0.000,1.711
2014/08/19 15:55:00,1.77,37.89660,-122.10639,332.677,61.628,0.0,-113,0.417,0.125,1.499
2014/08/19 15:55:05,1.77,37.89635,-122.10796,333.005,64.650,0.0,-113,0.475,0.042,1.183
2014/08/19 15:55:10,1.77,37.89608,-122.10959,332.677,66.214,0.0,-113,0.317,0.000,1.154
2014/08/19 15:55:15,2.05,37.89584,-122.11123,334.974,65.633,0.0,-113,0.176,0.083,3.208
2014/08/19 15:55:20,1.77,37.89559,-122.11289,335.958,67.059,0.0,-113,0.000,0.000,0.000
2014/08/19 15:55:25,1.77,37.89534,-122.11450,339.567,62.234,0.0,-113,0.058,0.000,6.055
2014/08/19 15:55:30,1.77,37.89509,-122.11602,344.160,61.676,0.0,-113,0.000,0.000,4.365
2014/08/19 15:55:35,1.89,37.89483,-122.11758,343.176,63.544,0.0,-113,0.000,0.000,0.216
2014/08/19 15:55:40,1.77,37.89458,-122.11912,345.472,60.055,0.0,-113,0.167,0.125,1.335
2014/08/19 15:55:45,2.01,37.89434,-122.12058,347.441,57.661,0.0,-113,0.670,0.208,1.498
2014/08/19 15:55:50,1.77,37.89409,-122.12199,349.081,56.086,0.0,-113,0.477,0.125,0.862
2014/08/19 15:55:55,1.77,37.89379,-122.12333,349.081,55.457,0.0,-113,0.602,0.208,1.611
2014/08/19 15:56:00,2.05,37.89345,-122.12475,348.097,60.550,0.0,-113,0.254,0.000,2.475
2014/08/19 15:56:05,1.77,37.89308,-122.12625,351.378,60.736,0.0,-113,0.429,0.083,1.850
2014/08/19 15:56:10,1.77,37.89275,-122.12762,355.643,53.105,0.0,-113,0.352,0.083,1.154
2014/08/19 15:56:15,1.77,37.89245,-122.12887,364.173,51.189,0.0,-113,0.522,0.292,0.669
2014/08/19 15:56:20,1.78,37.89209,-122.13015,375.984,55.890,0.0,-113,0.715,0.208,0.718
2014/08/19 15:56:25,1.78,37.89174,-122.13156,384.186,59.820,0.0,-113,0.849,0.333,0.350
2014/08/19 15:56:30,1.89,37.89138,-122.13300,394.029,59.318,0.0,-113,0.862,1.208,0.406
2014/08/19 15:56:35,1.78,37.89104,-122.13445,403.543,59.883,0.0,-113,1.329,0.792,0.801
2014/08/19 15:56:40,1.78,37.89086,-122.13598,418.963,62.035,0.0,-113,0.710,0.667,0.346
2014/08/19 15:56:45,1.89,37.89090,-122.13754,439.633,60.537,0.0,-113,0.585,0.000,1.471
2014/08/19 15:56:50,2.15,37.89113,-122.13903,441.929,59.617,0.0,-113,0.158,0.667,1.974
2014/08/19 15:56:55,1.78,37.89139,-122.14050,436.024,59.381,0.0,-113,0.285,0.583,0.435
2014/08/19 15:57:00,1.9,37.89160,-122.14198,426.509,59.988,0.0,-113,0.437,0.667,0.415
2014/08/19 15:57:05,2.05,37.89165,-122.14351,417.979,61.316,0.0,-113,0.552,1.125,0.359
2014/08/19 15:57:10,2.05,37.89155,-122.14510,399.934,64.608,0.0,-113,0.515,0.917,0.363
2014/08/19 15:57:15,1.78,37.89142,-122.14676,394.357,66.833,0.0,-113,0.370,0.708,0.670
2014/08/19 15:57:20,2.05,37.89139,-122.14844,400.591,65.645,0.0,-113,0.729,1.375,0.350
2014/08/19 15:57:25,1.78,37.89156,-122.15007,417.651,64.927,0.0,-113,0.928,1.375,0.142
2014/08/19 15:57:30,1.78,37.89180,-122.15168,437.336,63.879,0.0,-113,0.827,0.000,0.326
2014/08/19 15:57:35,1.78,37.89203,-122.15327,455.709,63.712,0.0,-113,0.819,1.333,0.266
2014/08/19 15:57:40,1.78,37.89227,-122.15484,472.441,62.760,0.0,-113,0.959,1.292,0.493
2014/08/19 15:57:45,1.78,37.89249,-122.15639,489.829,61.176,0.0,-113,0.814,0.792,0.619
2014/08/19 15:57:50,1.78,37.89272,-122.15792,506.234,61.730,0.0,-113,0.817,0.750,0.341
2014/08/19 15:57:55,1.78,37.89294,-122.15945,525.591,60.237,0.0,-113,1.058,0.958,0.238
2014/08/19 15:58:00,2.05,37.89309,-122.16097,550.197,60.504,0.0,-113,1.109,1.333,0.526
2014/08/19 15:58:05,1.78,37.89315,-122.16251,571.194,61.260,0.0,-113,0.830,1.000,0.467
2014/08/19 15:58:10,1.78,37.89313,-122.16403,584.646,58.185,0.0,-113,0.866,0.958,0.686
2014/08/19 15:58:15,1.78,37.89303,-122.16552,594.488,58.359,0.0,-113,0.890,1.167,0.281
2014/08/19 15:58:20,1.78,37.89285,-122.16696,599.081,58.099,0.0,-113,0.934,0.917,0.363
2014/08/19 15:58:25,1.9,37.89258,-122.16841,601.050,59.208,0.0,-113,1.047,0.750,0.337
2014/08/19 15:58:30,1.9,37.89223,-122.16982,608.924,56.226,0.0,-113,1.253,0.583,0.358
2014/08/19 15:58:35,1.9,37.89183,-122.17112,612.533,54.797,0.0,-113,1.379,0.458,0.309
2014/08/19 15:58:40,2.06,37.89134,-122.17239,615.157,55.755,0.0,-113,1.448,0.875,0.326
2014/08/19 15:58:45,2.06,37.89076,-122.17363,616.470,56.695,0.0,-113,0.000,0.000,0.594
2014/08/19 15:58:50,1.93,37.89009,-122.17477,615.486,56.038,0.0,-113,1.317,0.667,0.578
2014/08/19 15:58:55,1.93,37.88932,-122.17584,607.612,57.792,0.0,-113,0.464,0.417,0.230
2014/08/19 15:59:00,2.16,37.88846,-122.17680,601.050,57.462,0.0,-113,0.440,1.208,0.278
2014/08/19 15:59:05,1.9,37.88751,-122.17766,593.504,58.350,0.0,-113,0.746,1.292,0.429
2014/08/19 15:59:10,3.48,37.88649,-122.17841,580.052,59.270,0.0,-113,0.894,1.083,0.286
2014/08/19 15:59:15,1.91,37.88540,-122.17909,564.304,60.784,0.0,-113,0.769,1.125,0.309
2014/08/19 15:59:20,1.91,37.88430,-122.17977,547.572,61.672,0.0,-113,0.616,1.583,0.245
2014/08/19 15:59:25,1.91,37.88322,-122.18044,530.840,58.783,0.0,-113,0.723,1.167,0.238
2014/08/19 15:59:30,1.78,37.88220,-122.18119,519.685,60.029,0.0,-113,1.302,0.875,0.438
2014/08/19 15:59:35,1.78,37.88125,-122.18215,508.858,60.807,0.0,-113,1.032,0.833,0.550
2014/08/19 15:59:40,1.78,37.88040,-122.18324,503.937,60.104,0.0,-113,0.971,0.625,0.303
2014/08/19 15:59:45,1.78,37.87958,-122.18432,504.265,59.187,0.0,-113,1.388,0.583,0.494
2014/08/19 15:59:50,1.78,37.87875,-122.18540,513.780,59.642,0.0,-113,0.862,0.625,0.987
2014/08/19 15:59:55,1.79,37.87784,-122.18635,532.808,56.790,0.0,-113,0.679,0.667,0.179
2014/08/19 16:00:00,1.79,37.87685,-122.18712,548.885,59.560,0.0,-113,0.408,1.042,0.426
2014/08/19 16:00:05,2.14,37.87577,-122.18771,566.929,58.766,0.0,-113,0.686,0.875,0.526
2014/08/19 16:00:10,1.91,37.87464,-122.18826,573.491,61.561,0.0,-113,0.751,1.083,0.475
2014/08/19 16:00:15,3.48,37.87351,-122.18898,580.381,63.828,0.0,-113,0.998,0.000,0.501
2014/08/19 16:00:20,1.91,37.87249,-122.18999,595.144,64.666,0.0,-113,1.063,0.625,0.902
2014/08/19 16:00:25,1.91,37.87159,-122.19116,617.126,63.912,0.0,-113,1.231,0.542,0.170
2014/08/19 16:00:30,1.91,37.87072,-122.19232,635.827,61.599,0.0,-113,0.808,0.917,0.311
2014/08/19 16:00:35,1.91,37.86988,-122.19343,653.543,58.587,0.0,-113,1.006,1.250,0.254
2014/08/19 16:00:40,1.91,37.86911,-122.19446,671.588,54.894,0.0,-113,1.493,1.250,0.390
2014/08/19 16:00:45,1.91,37.86838,-122.19548,683.727,53.344,0.0,-113,1.225,1.208,0.215
2014/08/19 16:00:50,1.91,37.86785,-122.19660,703.412,51.252,0.0,-113,0.783,0.875,0.729
2014/08/19 16:00:55,1.79,37.86753,-122.19782,714.895,49.164,0.0,-113,0.402,1.167,0.366
2014/08/19 16:01:00,1.79,37.86744,-122.19905,730.315,48.698,0.0,-113,0.363,0.750,0.459
2014/08/19 16:01:05,1.79,37.86745,-122.20040,763.451,58.205,0.0,-113,0.577,0.750,0.182
2014/08/19 16:01:10,1.91,37.86738,-122.20191,788.386,58.183,0.0,-113,0.802,0.958,0.631
2014/08/19 16:01:15,1.95,37.86717,-122.20330,806.430,54.595,0.0,-113,0.387,0.000,0.750
2014/08/19 16:01:20,1.91,37.86682,-122.20463,812.992,55.288,0.0,-113,0.549,0.875,0.547
2014/08/19 16:01:25,1.91,37.86643,-122.20593,824.147,54.074,0.0,-113,0.286,0.750,0.894
2014/08/19 16:01:30,1.91,37.86604,-122.20711,842.520,48.492,0.0,-113,0.253,0.333,0.771
2014/08/19 16:01:35,1.91,37.86544,-122.20812,861.877,51.073,0.0,-113,0.551,0.250,0.290
2014/08/19 16:01:40,2.19,37.86460,-122.20888,883.858,52.583,0.0,-113,1.016,0.958,0.255
2014/08/19 16:01:45,2.12,37.86361,-122.20934,897.310,52.713,0.0,-113,1.086,1.333,0.203
2014/08/19 16:01:50,3.46,37.86262,-122.20978,895.997,51.391,0.0,-113,1.552,1.333,0.238
2014/08/19 16:01:55,3.57,37.86168,-122.21040,891.732,54.086,0.0,-113,1.621,1.167,0.190
2014/08/19 16:02:00,4.53,37.86129,-122.21069,889.108,57.286,0.0,-113,0.884,1.250,0.247
2014/08/19 16:02:05,4.53,37.86129,-122.21069,889.108,57.286,0.0,-113,0.592,1.667,0.475
2014/08/19 16:02:10,4.53,37.86129,-122.21069,889.108,57.286,0.0,-113,0.714,0.958,0.434
2014/08/19 16:02:15,4.53,37.86129,-122.21069,889.108,57.286,0.0,-113,1.051,1.208,0.255
2014/08/19 16:02:20,4.53,37.86129,-122.21069,889.108,57.286,0.0,-113,1.322,1.250,0.366
2014/08/19 16:02:25,4.53,37.86129,-122.21069,889.108,57.286,0.0,-113,0.000,1.250,0.295
2014/08/19 16:02:30,4.53,37.86129,-122.21069,889.108,57.286,0.0,-113,1.127,1.042,0.262
2014/08/19 16:02:35,2.3,37.85480,-122.21906,857.283,56.088,0.0,-113,1.056,1.208,0.186
2014/08/19 16:02:40,1.79,37.85431,-122.22032,702.756,55.179,0.0,-113,0.651,1.500,0.269
2014/08/19 16:02:46,1.92,37.85372,-122.22146,686.352,55.151,0.0,-113,0.816,1.333,0.209
2014/08/19 16:02:51,1.79,37.85285,-122.22228,659.777,54.265,0.0,-113,1.133,0.000,0.329
2014/08/19 16:02:56,1.79,37.85183,-122.22274,633.858,55.517,0.0,-113,0.771,1.333,0.198
2014/08/19 16:03:01,1.79,37.85074,-122.22317,605.643,59.696,0.0,-113,0.760,1.333,0.558
2014/08/19 16:03:06,1.79,37.84972,-122.22388,573.163,57.539,0.0,-113,0.884,1.333,0.366
2014/08/19 16:03:11,1.79,37.84903,-122.22504,551.509,57.116,0.0,-113,0.428,0.875,0.214
2014/08/19 16:03:16,1.79,37.84873,-122.22648,526.575,58.518,0.0,-113,0.957,1.333,0.311
2014/08/19 16:03:21,1.82,37.84882,-122.22798,512.467,59.897,0.0,-113,0.946,1.250,0.251
2014/08/19 16:03:26,1.82,37.84900,-122.22950,494.094,60.875,0.0,-113,1.175,1.250,0.221
2014/08/19 16:03:31,1.82,37.84909,-122.23102,465.879,59.502,0.0,-113,1.583,1.083,0.627
2014/08/19 16:03:36,1.82,37.84899,-122.23254,443.241,60.538,0.0,-113,0.933,0.708,0.227
2014/08/19 16:03:41,1.82,37.84884,-122.23407,417.979,60.942,0.0,-113,1.600,1.375,0.183
2014/08/19 16:03:46,1.79,37.84899,-122.23556,393.373,58.256,0.0,-113,1.050,1.667,0.230
2014/08/19 16:03:51,1.82,37.84953,-122.23687,369.094,58.457,0.0,-113,1.564,0.000,0.150
2014/08/19 16:03:56,1.79,37.85002,-122.23820,349.738,58.563,0.0,-113,0.976,0.000,0.094
2014/08/19 16:04:01,1.79,37.85012,-122.23971,325.459,60.621,0.0,-113,1.227,0.042,0.510
2014/08/19 16:04:06,1.92,37.84977,-122.24119,301.509,61.819,0.0,-113,0.618,0.917,0.397
2014/08/19 16:04:11,1.79,37.84916,-122.24255,289.698,61.426,0.0,-113,0.263,0.542,1.841
2014/08/19 16:04:16,2.12,37.84845,-122.24385,280.184,63.241,0.0,-113,0.273,0.000,0.862
2014/08/19 16:04:21,1.79,37.84770,-122.24519,269.029,67.666,0.0,-113,0.073,0.000,0.000
2014/08/19 16:04:26,1.79,37.84691,-122.24664,251.969,69.948,0.0,-113,0.000,0.000,0.000
2014/08/19 16:04:31,1.79,37.84620,-122.24818,231.627,71.093,0.0,-113,0.000,0.000,0.093
2014/08/19 16:04:36,1.79,37.84556,-122.24979,215.551,70.136,0.0,-113,0.010,0.292,0.291
2014/08/19 16:04:41,1.79,37.84495,-122.25137,205.052,68.408,0.0,-113,1.403,0.417,0.366
2014/08/19 16:04:46,1.79,37.84434,-122.25292,194.882,66.989,0.0,-113,0.490,0.042,0.000
2014/08/19 16:04:51,1.79,37.84376,-122.25444,183.071,65.863,0.0,-113,0.340,0.000,6.010
2014/08/19 16:04:56,1.79,37.84323,-122.25595,171.260,64.424,0.0,-113,0.545,0.042,1.690
2014/08/19 16:05:01,1.79,37.84278,-122.25742,161.417,60.806,0.0,-113,0.234,0.083,2.547
2014/08/19 16:05:06,1.79,37.84232,-122.25889,151.575,60.622,0.0,-113,0.445,0.042,0.780
2014/08/19 16:05:11,1.79,37.84188,-122.26029,143.045,58.622,0.0,-113,0.984,0.208,0.662
2014/08/19 16:05:16,1.79,37.84144,-122.26166,136.483,58.249,0.0,-113,1.231,0.000,0.506
2014/08/19 16:05:21,1.79,37.84088,-122.26296,129.265,58.673,0.0,-113,1.375,0.250,0.635
2014/08/19 16:05:26,2.09,37.84012,-122.26407,130.249,58.401,0.0,-113,1.356,0.250,0.298
2014/08/19 16:05:31,1.93,37.83918,-122.26494,130.906,58.748,0.0,-113,1.004,0.208,1.279
2014/08/19 16:05:36,1.79,37.83810,-122.26551,133.530,57.956,0.0,-113,1.329,0.333,0.262
2014/08/19 16:05:41,1.93,37.83693,-122.26580,133.858,62.658,0.0,-113,1.170,0.333,0.843
2014/08/19 16:05:46,1.79,37.83565,-122.26600,132.874,64.495,0.0,-113,0.552,0.208,1.782
2014/08/19 16:05:51,1.79,37.83437,-122.26625,130.249,64.634,0.0,-113,0.721,0.000,0.553
2014/08/19 16:05:56,1.79,37.83308,-122.26652,119.094,65.945,0.0,-113,0.000,0.167,2.874
2014/08/19 16:06:01,1.79,37.83176,-122.26679,105.643,66.861,0.0,-113,0.208,0.000,1.563
2014/08/19 16:06:06,1.79,37.83041,-122.26706,100.066,69.908,0.0,-113,0.209,0.042,0.000
2014/08/19 16:06:11,1.79,37.82901,-122.26735,94.816,71.242,0.0,-113,0.080,0.000,8.457
2014/08/19 16:06:16,1.79,37.82761,-122.26766,90.223,69.684,0.0,-113,0.157,0.000,0.000
2014/08/19 16:06:21,1.79,37.82625,-122.26801,82.677,68.816,0.0,-113,0.000,0.000,7.179
2014/08/19 16:06:26,1.95,37.82489,-122.26839,67.585,69.511,0.0,-113,0.000,0.000,0.000
2014/08/19 16:06:31,1.79,37.82356,-122.26876,49.541,64.774,0.0,-113,0.000,0.000,0.000
2014/08/19 16:06:36,1.79,37.82232,-122.26911,51.837,62.887,0.0,-113,0.000,0.000,0.000
2014/08/19 16:06:41,2.07,37.82112,-122.26943,67.585,62.249,0.0,-113,0.000,0.000,0.000
2014/08/19 16:06:46,1.79,37.81989,-122.26976,73.491,62.037,0.0,-113,0.000,0.000,0.000
2014/08/19 16:06:51,1.79,37.81869,-122.27009,72.178,61.094,0.0,-113,0.000,0.000,0.000
2014/08/19 16:06:56,1.79,37.81748,-122.27044,69.554,61.235,0.0,-113,0.000,0.000,0.000
2014/08/19 16:07:01,1.79,37.81629,-122.27084,68.898,61.783,0.0,-113,0.000,0.000,0.102
2014/08/19 16:07:06,1.79,37.81511,-122.27131,67.257,61.023,0.0,-113,0.170,0.000,0.107
2014/08/19 16:07:11,1.79,37.81401,-122.27202,59.711,60.786,0.0,-113,1.596,0.000,0.406
2014/08/19 16:07:16,1.79,37.81304,-122.27298,56.759,60.408,0.0,-113,1.516,0.042,0.501
2014/08/19 16:07:21,1.79,37.81213,-122.27402,51.509,60.999,0.0,-113,1.217,0.000,0.621
2014/08/19 16:07:26,1.79,37.81119,-122.27503,39.042,61.493,0.0,-113,1.542,0.292,0.791
2014/08/19 16:07:31,1.79,37.81014,-122.27587,23.294,62.703,0.0,-113,1.670,0.208,0.599
2014/08/19 16:07:36,1.95,37.80902,-122.27665,18.045,62.668,0.0,-113,1.481,0.250,0.290
2014/08/19 16:07:41,1.79,37.80791,-122.27745,23.294,62.762,0.0,-113,0.000,0.000,0.998
2014/08/19 16:07:46,1.79,37.80679,-122.27816,26.575,60.793,0.0,-113,0.506,0.292,0.635
2014/08/19 16:07:51,1.96,37.80567,-122.27884,25.591,60.169,0.0,-113,1.141,0.250,1.442
2014/08/19 16:07:56,1.79,37.80458,-122.27950,31.496,59.138,0.0,-113,0.631,0.292,0.577
2014/08/19 16:08:01,1.79,37.80356,-122.28013,54.462,54.970,0.0,-113,0.869,0.000,1.306
2014/08/19 16:08:06,2.06,37.80252,-122.28038,71.522,53.764,0.0,-113,0.577,0.250,0.566
2014/08/19 16:08:11,1.87,37.80144,-122.28019,83.661,54.171,0.0,-113,0.974,0.250,1.330
2014/08/19 16:08:16,1.87,37.80046,-122.27956,90.879,55.655,0.0,-113,0.849,0.000,0.610
2014/08/19 16:08:21,1.79,37.79971,-122.27861,83.005,51.190,0.0,-113,0.260,0.208,0.446
2014/08/19 16:08:26,1.79,37.79922,-122.27748,64.633,51.042,0.0,-113,1.390,0.167,0.210
2014/08/19 16:08:31,1.79,37.79875,-122.27633,53.150,51.812,0.0,-113,1.926,0.292,0.638
2014/08/19 16:08:36,1.82,37.79830,-122.27517,53.150,50.599,0.0,-113,1.003,0.208,0.000
2014/08/19 16:08:41,1.79,37.79780,-122.27408,55.118,49.215,0.0,-113,0.673,0.125,1.146
2014/08/19 16:08:46,1.82,37.79734,-122.27299,56.102,48.835,0.0,-113,0.363,0.333,0.990
2014/08/19 16:08:51,1.87,37.79693,-122.27186,54.790,49.177,0.0,-113,1.546,0.000,0.171
2014/08/19 16:08:56,1.87,37.79654,-122.27079,49.541,43.427,0.0,-113,1.819,0.833,0.231
2014/08/19 16:09:01,1.79,37.79623,-122.26999,34.777,28.554,0.0,-113,0.580,0.333,3.047
2014/08/19 16:09:06,1.87,37.79606,-122.26958,29.528,10.262,0.0,-113,0.324,0.125,1.451
2014/08/19 16:09:11,1.79,37.79593,-122.26941,31.168,7.189,0.0,-113,0.343,0.000,3.411
2014/08/19 16:09:16,1.87,37.79585,-122.26931,30.184,2.218,0.0,-113,0.250,0.208,2.030
2014/08/19 16:09:21,1.87,37.79583,-122.26927,29.199,2.646,0.0,-113,0.372,0.000,1.934
2014/08/19 16:09:26,2.0,37.79572,-122.26924,29.528,9.345,0.0,-113,0.394,0.208,0.691
2014/08/19 16:09:31,1.87,37.79549,-122.26936,30.840,10.346,0.0,-113,0.353,0.000,3.934
2014/08/19 16:09:36,2.0,37.79530,-122.26948,31.496,9.432,0.0,-113,0.163,0.000,2.967
2014/08/19 16:09:41,1.87,37.79513,-122.26958,33.793,12.746,0.0,-113,0.187,0.000,0.000
2014/08/19 16:09:46,2.0,37.79484,-122.26975,37.073,16.672,0.0,-113,0.151,0.000,4.394
2014/08/19 16:09:51,2.16,37.79458,-122.26989,34.449,7.302,0.0,-113,0.202,0.000,3.454
2014/08/19 16:09:56,1.87,37.79450,-122.26991,42.651,3.627,0.0,-113,0.218,0.000,1.806
