Date-Time,DOP,Latitude,Longitude,Altitude (ft),Speed (mph),Heading (deg),mod1 SS (dBm),mod1 Down (Mbs),mod1 Up (Mbs),mod1 Ping (Sec)
2014/10/01 09:44:12,1,37.79565,-122.26726,-72.507,1.317,0.0,-63,0.396,0.708,0.813
2014/10/01 09:44:17,1,37.79561,-122.26725,-57.415,1.115,0.0,-63,0.687,0.583,0.924
2014/10/01 09:44:22,1,37.79557,-122.26725,-31.496,1.149,0.0,-63,0.467,0.000,0.880
2014/10/01 09:44:27,1,37.79555,-122.26725,-17.717,0.292,0.0,-63,0.956,0.542,0.468
2014/10/01 09:44:32,1,37.79558,-122.26725,-24.278,0.638,0.0,-63,1.269,0.500,0.992
2014/10/01 09:44:37,1,37.79561,-122.26725,-44.948,0.671,0.0,-63,0.885,0.250,0.412
2014/10/01 09:44:42,1,37.79562,-122.26724,-41.010,0.642,0.0,-63,0.750,0.292,0.641
2014/10/01 09:44:47,1,37.79564,-122.26724,-32.152,0.467,0.0,-65,0.737,0.292,0.325
2014/10/01 09:44:52,1,37.79564,-122.26725,-16.076,0.758,0.0,-65,0.900,0.875,0.397
2014/10/01 09:44:57,1,37.79564,-122.26725,-4.265,0.254,0.0,-65,0.759,0.750,0.361
2014/10/01 09:45:02,1,37.79564,-122.26725,1.640,1.371,0.0,-65,0.758,0.583,0.297
2014/10/01 09:45:07,1,37.79564,-122.26725,5.906,0.381,0.0,-65,0.528,0.958,0.373
2014/10/01 09:45:12,1,37.79562,-122.26721,7.874,6.220,0.0,-65,0.400,0.667,0.253
2014/10/01 09:45:17,1,37.79563,-122.26720,10.171,0.505,0.0,-63,0.704,0.792,0.601
2014/10/01 09:45:22,1,37.79564,-122.26719,17.717,0.607,0.0,-63,0.965,1.000,0.391
2014/10/01 09:45:27,1,37.79567,-122.26724,33.136,0.614,0.0,-63,1.167,0.750,0.585
2014/10/01 09:45:32,1,37.79569,-122.26721,42.651,0.936,0.0,-63,1.167,0.500,0.330
2014/10/01 09:45:37,1,37.79570,-122.26706,69.882,1.569,0.0,-63,0.967,0.000,0.472
2014/10/01 09:45:42,1,37.79573,-122.26696,96.785,0.551,0.0,-63,1.096,0.000,0.257
2014/10/01 09:45:47,1,37.79575,-122.26695,103.346,0.208,0.0,-61,0.849,0.042,0.232
2014/10/01 09:45:52,1,37.79577,-122.26694,106.955,0.219,0.0,-61,1.056,0.792,0.621
2014/10/01 09:45:57,1,37.79579,-122.26694,108.596,0.201,0.0,-61,0.904,1.167,0.518
2014/10/01 09:46:02,1,37.79580,-122.26695,104.331,0.189,0.0,-61,0.616,1.042,0.538
2014/10/01 09:46:07,1,37.79581,-122.26695,96.785,0.268,0.0,-61,0.835,0.875,0.353
2014/10/01 09:46:12,1,37.79581,-122.26695,92.520,0.219,0.0,-61,1.029,0.958,0.433
2014/10/01 09:46:17,1,37.79582,-122.26695,91.207,0.276,0.0,-63,0.602,0.958,0.297
2014/10/01 09:46:22,1,37.79582,-122.26695,90.223,0.081,0.0,-63,0.905,1.250,0.322
2014/10/01 09:46:27,1,37.79582,-122.26695,86.286,0.105,0.0,-63,0.886,0.000,0.465
2014/10/01 09:46:32,1,37.79582,-122.26694,83.333,0.329,0.0,-63,0.867,0.667,0.623
2014/10/01 09:46:37,1,37.79583,-122.26694,83.005,0.208,0.0,-63,0.723,0.875,0.359
2014/10/01 09:46:42,1,37.79584,-122.26693,83.661,0.156,0.0,-63,0.479,1.042,0.634
2014/10/01 09:46:47,1,37.79584,-122.26694,88.255,0.323,0.0,-63,0.000,0.000,0.262
2014/10/01 09:46:52,1,37.79584,-122.26695,94.488,0.212,0.0,-65,1.310,0.000,0.402
2014/10/01 09:46:57,1,37.79583,-122.26698,97.113,0.786,0.0,-65,1.529,0.042,0.402
2014/10/01 09:47:02,1,37.79582,-122.26699,101.706,0.108,0.0,-65,1.014,0.625,0.413
2014/10/01 09:47:07,1,37.79583,-122.26700,99.738,0.148,0.0,-65,0.791,0.917,0.342
2014/10/01 09:47:12,1,37.79583,-122.26702,101.050,0.396,0.0,-65,0.539,1.167,0.311
2014/10/01 09:47:17,1,37.79584,-122.26703,113.517,0.185,0.0,-65,0.578,0.833,0.395
2014/10/01 09:47:22,1,37.79581,-122.26705,90.223,0.931,0.0,-67,0.734,0.917,2.290
2014/10/01 09:47:27,1,37.79578,-122.26703,83.005,1.226,0.0,-67,0.313,0.417,0.662
2014/10/01 09:47:32,1,37.79578,-122.26704,70.210,1.148,0.0,-67,0.436,1.458,0.525
2014/10/01 09:47:37,1,37.79572,-122.26705,21.654,0.261,0.0,-67,0.406,1.042,0.427
2014/10/01 09:47:42,1,37.79571,-122.26704,21.982,0.298,0.0,-67,0.471,0.792,1.254
2014/10/01 09:47:47,1,37.79571,-122.26702,19.685,0.091,0.0,-67,0.240,0.000,0.743
2014/10/01 09:47:52,1,37.79573,-122.26698,22.966,0.915,0.0,-65,0.208,0.542,0.562
2014/10/01 09:47:57,1,37.79575,-122.26696,45.276,1.364,0.0,-65,0.405,0.500,0.657
2014/10/01 09:48:02,1,37.79579,-122.26696,59.711,3.634,0.0,-65,0.397,1.042,0.514
2014/10/01 09:48:07,1,37.79586,-122.26713,71.522,5.111,0.0,-65,0.541,0.000,0.647
2014/10/01 09:48:12,1,37.79586,-122.26716,76.772,0.536,0.0,-65,0.703,0.042,0.280
2014/10/01 09:48:17,1,37.79585,-122.26720,74.475,0.105,0.0,-65,0.659,0.708,0.238
2014/10/01 09:48:22,1,37.79583,-122.26722,73.163,0.043,0.0,-65,0.669,0.750,0.477
2014/10/01 09:48:27,1,37.79582,-122.26723,75.787,0.010,0.0,-65,0.653,0.833,0.555
2014/10/01 09:48:32,1,37.79582,-122.26723,78.740,0.284,0.0,-65,0.554,0.833,0.438
2014/10/01 09:48:37,1,37.79584,-122.26728,83.005,3.703,0.0,-65,0.772,1.292,0.463
2014/10/01 09:48:42,1,37.79585,-122.26739,83.333,3.110,0.0,-65,0.789,0.708,0.699
2014/10/01 09:48:47,1,37.79578,-122.26745,84.974,4.371,0.0,-65,0.561,0.417,1.423
2014/10/01 09:48:52,1,37.79559,-122.26760,83.990,8.260,0.0,-65,0.413,0.000,0.000
2014/10/01 09:48:57,1,37.79544,-122.26755,87.270,10.036,0.0,-71,0.228,0.250,2.902
2014/10/01 09:49:02,1,37.79523,-122.26739,112.205,13.569,0.0,-71,0.167,0.000,2.899
2014/10/01 09:49:07,1,37.79508,-122.26709,136.155,11.262,0.0,-71,0.096,0.250,5.222
2014/10/01 09:49:12,1,37.79504,-122.26700,146.982,0.157,0.0,-71,0.061,0.083,2.091
2014/10/01 09:49:17,1,37.79504,-122.26698,150.591,0.441,0.0,-71,0.507,0.000,0.687
2014/10/01 09:49:22,1,37.79504,-122.26697,148.622,0.466,0.0,-71,0.429,0.667,0.903
2014/10/01 09:49:27,1,37.79502,-122.26694,146.325,3.685,0.0,-71,0.000,0.792,0.574
2014/10/01 09:49:32,1,37.79507,-122.26675,142.717,11.703,0.0,-71,0.000,0.458,3.641
2014/10/01 09:49:37,1,37.79525,-122.26666,161.745,9.279,0.0,-71,0.000,0.542,0.874
2014/10/01 09:49:42,1,37.79535,-122.26657,159.777,1.217,0.0,-71,0.000,1.625,0.382
2014/10/01 09:49:47,1,37.79537,-122.26655,148.294,0.446,0.0,-71,0.003,0.000,0.818
2014/10/01 09:49:52,1,37.79546,-122.26648,138.780,8.180,0.0,-71,0.711,0.000,0.418
2014/10/01 09:49:57,1,37.79565,-122.26659,115.814,13.920,0.0,-65,0.766,0.000,1.479
2014/10/01 09:50:02,1,37.79580,-122.26697,106.955,19.752,0.0,-65,0.202,0.000,0.000
2014/10/01 09:50:07,1,37.79598,-122.26739,108.924,16.947,0.0,-65,0.136,0.000,1.690
2014/10/01 09:50:12,1,37.79600,-122.26746,110.236,1.665,0.0,-65,0.209,0.000,0.000
2014/10/01 09:50:17,1,37.79599,-122.26745,104.003,0.146,0.0,-65,0.144,0.000,0.275
2014/10/01 09:50:22,1,37.79598,-122.26745,96.785,0.083,0.0,-65,0.864,0.042,0.321
2014/10/01 09:50:27,1,37.79597,-122.26745,91.207,0.054,0.0,-63,0.767,1.000,0.386
2014/10/01 09:50:32,1,37.79596,-122.26743,91.535,0.063,0.0,-63,0.907,1.000,0.705
2014/10/01 09:50:37,1,37.79596,-122.26743,89.567,0.831,0.0,-63,1.080,0.000,0.336
2014/10/01 09:50:42,1,37.79603,-122.26762,88.911,13.977,0.0,-63,0.689,0.708,1.425
2014/10/01 09:50:47,1,37.79620,-122.26805,87.927,21.603,0.0,-63,0.215,0.292,1.334
2014/10/01 09:50:52,1,37.79636,-122.26861,86.942,23.583,0.0,-63,0.555,0.667,1.151
2014/10/01 09:50:57,1,37.79654,-122.26919,85.958,24.870,0.0,-63,0.670,0.583,0.538
2014/10/01 09:51:02,1,37.79673,-122.26975,89.895,25.193,0.0,-63,0.352,0.000,0.514
2014/10/01 09:51:07,1,37.79695,-122.27035,98.753,27.835,0.0,-63,0.668,1.000,0.374
2014/10/01 09:51:12,1,37.79719,-122.27101,104.659,29.861,0.0,-63,0.285,1.042,0.866
2014/10/01 09:51:17,1,37.79746,-122.27177,105.971,34.984,0.0,-63,0.317,0.833,0.331
2014/10/01 09:51:22,1,37.79779,-122.27263,107.612,39.427,0.0,-63,0.656,0.750,0.425
2014/10/01 09:51:27,2,37.79816,-122.27355,107.612,40.249,0.0,-63,0.292,1.083,0.918
2014/10/01 09:51:32,2,37.79852,-122.27446,105.643,40.745,0.0,-51,0.352,0.792,0.378
2014/10/01 09:51:37,2,37.79889,-122.27541,104.003,42.978,0.0,-51,0.156,0.000,0.696
2014/10/01 09:51:42,2,37.79930,-122.27644,86.286,46.726,0.0,-51,0.471,0.000,0.258
2014/10/01 09:51:47,2,37.79979,-122.27753,81.037,49.892,0.0,-51,0.306,0.000,0.519
2014/10/01 09:51:52,2,37.80028,-122.27865,81.037,49.114,0.0,-51,0.130,0.042,1.638
2014/10/01 09:51:57,2,37.80094,-122.27951,89.567,47.642,0.0,-51,0.140,0.125,1.686
2014/10/01 09:52:02,2,37.80186,-122.27998,98.097,50.850,0.0,-57,0.000,0.250,3.247
2014/10/01 09:52:07,2,37.80286,-122.27991,93.176,49.749,0.0,-57,0.000,0.458,1.638
2014/10/01 09:52:12,2,37.80384,-122.27944,73.163,54.477,0.0,-57,0.000,1.000,0.282
2014/10/01 09:52:17,2,37.80489,-122.27891,60.696,57.791,0.0,-57,0.003,1.333,0.307
2014/10/01 09:52:22,2,37.80595,-122.27836,72.507,56.972,0.0,-57,0.464,0.000,1.578
2014/10/01 09:52:27,2,37.80696,-122.27773,66.601,56.175,0.0,-57,0.253,0.208,2.227
2014/10/01 09:52:32,2,37.80796,-122.27710,54.462,56.559,0.0,-59,0.308,0.125,2.767
2014/10/01 09:52:37,2,37.80898,-122.27638,48.228,60.394,0.0,-59,0.467,0.125,1.334
2014/10/01 09:52:42,2,37.81006,-122.27568,90.223,58.098,0.0,-59,0.372,0.000,1.443
2014/10/01 09:52:47,2,37.81102,-122.27490,72.835,57.847,0.0,-59,0.830,0.083,0.606
2014/10/01 09:52:52,2,37.81190,-122.27400,76.115,55.862,0.0,-59,1.087,0.208,0.590
2014/10/01 09:52:57,2,37.81273,-122.27306,73.163,55.262,0.0,-59,1.061,0.208,0.558
2014/10/01 09:53:02,2,37.81355,-122.27214,65.945,55.152,0.0,-59,0.152,0.667,0.399
2014/10/01 09:53:07,2,37.81444,-122.27126,71.522,56.905,0.0,-51,0.886,1.542,0.302
2014/10/01 09:53:12,2,37.81549,-122.27062,73.491,58.807,0.0,-51,0.933,1.000,0.407
2014/10/01 09:53:17,2,37.81666,-122.27027,69.226,60.433,0.0,-51,0.567,0.458,1.313
2014/10/01 09:53:22,2,37.81787,-122.26993,75.459,62.000,0.0,-51,0.901,0.583,0.705
2014/10/01 09:53:27,2,37.81907,-122.26960,84.646,61.442,0.0,-51,0.856,0.333,1.518
2014/10/01 09:53:32,2,37.82029,-122.26927,85.958,61.919,0.0,-51,0.632,0.000,0.806
2014/10/01 09:53:37,2,37.82148,-122.26894,85.302,60.092,0.0,-61,0.352,0.333,2.839
2014/10/01 09:53:42,2,37.82265,-122.26859,87.270,58.885,0.0,-61,0.907,0.208,0.498
2014/10/01 09:53:47,2,37.82379,-122.26821,102.690,58.606,0.0,-61,1.448,0.458,0.279
2014/10/01 09:53:52,2,37.82489,-122.26781,126.312,56.971,0.0,-61,1.696,0.458,0.227
2014/10/01 09:53:57,2,37.82594,-122.26748,142.060,51.990,0.0,-61,1.044,0.000,0.782
2014/10/01 09:54:02,2,37.82696,-122.26722,130.577,53.115,0.0,-61,0.471,0.000,2.134
2014/10/01 09:54:07,2,37.82804,-122.26700,146.982,53.843,0.0,-67,0.237,0.000,0.000
2014/10/01 09:54:12,2,37.82912,-122.26678,172.572,54.165,0.0,-67,0.198,0.000,3.215
2014/10/01 09:54:17,2,37.83020,-122.26656,175.525,54.698,0.0,-67,0.083,0.000,0.000
2014/10/01 09:54:22,2,37.83127,-122.26633,184.383,52.998,0.0,-67,0.000,0.000,7.250
2014/10/01 09:54:27,2,37.83234,-122.26612,188.976,54.883,0.0,-67,0.096,0.000,1.866
2014/10/01 09:54:32,2,37.83345,-122.26589,192.913,56.933,0.0,-67,0.433,0.000,3.263
2014/10/01 09:54:37,2,37.83463,-122.26571,177.822,59.748,0.0,-69,0.087,0.000,0.000
2014/10/01 09:54:42,2,37.83583,-122.26557,174.869,59.644,0.0,-69,0.148,0.000,5.027
2014/10/01 09:54:47,2,37.83703,-122.26540,187.664,60.745,0.0,-69,0.077,0.000,3.959
2014/10/01 09:54:52,2,37.83823,-122.26505,183.071,62.045,0.0,-69,0.266,0.000,1.266
2014/10/01 09:54:57,2,37.83934,-122.26435,182.087,61.136,0.0,-69,0.413,0.000,1.411
2014/10/01 09:55:02,2,37.84025,-122.26335,182.415,59.964,0.0,-69,0.260,0.000,4.389
2014/10/01 09:55:07,2,37.84093,-122.26210,179.790,60.123,0.0,-69,0.231,0.000,0.000
2014/10/01 09:55:12,2,37.84142,-122.26071,178.150,59.743,0.0,-65,0.176,0.000,4.343
2014/10/01 09:55:17,2,37.84185,-122.25931,176.837,58.579,0.0,-65,0.234,0.000,2.551
2014/10/01 09:55:22,2,37.84228,-122.25794,182.087,57.776,0.0,-65,0.231,0.000,2.935
2014/10/01 09:55:27,2,37.84269,-122.25662,190.945,54.475,0.0,-65,0.308,0.000,1.462
2014/10/01 09:55:32,2,37.84309,-122.25534,197.835,55.074,0.0,-65,0.317,0.000,3.443
2014/10/01 09:55:37,2,37.84352,-122.25403,205.052,56.169,0.0,-65,0.061,0.000,0.000
2014/10/01 09:55:42,2,37.84400,-122.25272,209.318,57.052,0.0,-67,0.000,0.042,5.371
2014/10/01 09:55:47,2,37.84451,-122.25140,213.255,57.990,0.0,-67,0.000,0.750,0.369
2014/10/01 09:55:52,2,37.84503,-122.25006,217.192,59.065,0.0,-67,0.000,0.500,2.358
2014/10/01 09:55:57,2,37.84557,-122.24872,225.394,57.916,0.0,-67,0.000,0.000,0.339
2014/10/01 09:56:02,2,37.84613,-122.24746,242.454,57.995,0.0,-67,0.003,0.458,0.463
2014/10/01 09:56:07,2,37.84676,-122.24623,265.092,55.894,0.0,-67,0.089,0.167,2.935
2014/10/01 09:56:12,2,37.84736,-122.24518,280.512,49.418,0.0,-71,0.398,0.458,1.562
2014/10/01 09:56:17,2,37.84794,-122.24413,295.276,51.816,0.0,-71,0.558,0.000,1.730
2014/10/01 09:56:22,2,37.84855,-122.24305,307.087,53.507,0.0,-71,0.260,0.083,3.342
2014/10/01 09:56:27,2,37.84918,-122.24190,313.976,56.368,0.0,-71,0.193,0.208,2.379
2014/10/01 09:56:32,2,37.84973,-122.24062,329.068,57.287,0.0,-71,0.368,0.000,1.303
2014/10/01 09:56:37,2,37.84991,-122.23922,345.472,56.195,0.0,-71,0.295,0.375,2.503
2014/10/01 09:56:42,2,37.84967,-122.23782,363.845,57.264,0.0,-51,0.500,0.750,1.582
2014/10/01 09:56:47,2,37.84911,-122.23655,383.858,56.406,0.0,-51,0.616,0.625,1.363
2014/10/01 09:56:52,2,37.84869,-122.23525,401.575,55.114,0.0,-51,0.961,0.625,0.424
2014/10/01 09:56:57,2,37.84864,-122.23385,421.260,56.269,0.0,-51,0.952,0.000,0.475
2014/10/01 09:57:02,2,37.84880,-122.23243,439.633,56.650,0.0,-51,1.394,0.667,0.382
2014/10/01 09:57:07,2,37.84891,-122.23101,457.349,55.970,0.0,-51,1.708,0.542,0.378
2014/10/01 09:57:12,2,37.84884,-122.22958,479.003,57.395,0.0,-51,2.019,0.625,0.582
2014/10/01 09:57:17,2,37.84867,-122.22815,500.000,56.553,0.0,-51,1.526,0.542,0.478
2014/10/01 09:57:22,2,37.84854,-122.22675,519.685,54.500,0.0,-51,1.929,0.458,0.442
2014/10/01 09:57:27,2,37.84874,-122.22538,542.323,55.008,0.0,-51,1.817,0.500,0.294
2014/10/01 09:57:32,2,37.84929,-122.22419,564.961,54.087,0.0,-51,2.000,0.500,0.389
2014/10/01 09:57:37,2,37.85010,-122.22330,587.598,53.025,0.0,-51,1.846,0.792,0.406
2014/10/01 09:57:42,2,37.85110,-122.22277,611.549,53.568,0.0,-51,1.510,0.000,0.644
2014/10/01 09:57:47,2,37.85214,-122.22239,645.669,52.236,0.0,-59,0.833,0.542,0.574
2014/10/01 09:57:52,2,37.85309,-122.22186,675.525,52.311,0.0,-59,1.311,0.042,0.650
2014/10/01 09:57:57,2,37.85385,-122.22091,709.974,53.894,0.0,-59,1.791,0.292,0.471
2014/10/01 09:58:02,2,37.85431,-122.21973,731.627,49.521,0.0,-59,1.772,0.250,0.370
2014/10/01 09:58:07,2,37.85450,-122.21858,743.110,45.197,0.0,-59,1.660,0.583,0.330
2014/10/01 09:58:12,2,37.85465,-122.21748,745.407,41.189,0.0,-59,1.776,0.583,0.345
2014/10/01 09:58:17,2,37.85480,-122.21671,752.953,29.697,0.0,-51,2.083,0.667,0.314
2014/10/01 09:58:22,2,37.85480,-122.21671,752.953,29.697,0.0,-51,2.032,0.000,0.466
2014/10/01 09:58:27,2,37.85480,-122.21671,752.953,29.697,0.0,-51,2.041,0.458,0.264
2014/10/01 09:58:32,2,37.85480,-122.21671,752.953,29.697,0.0,-51,1.952,0.583,0.277
2014/10/01 09:58:37,2,37.85480,-122.21671,752.953,29.697,0.0,-51,1.641,0.417,0.398
2014/10/01 09:58:42,2,37.85480,-122.21671,752.953,29.697,0.0,-51,2.003,0.583,0.249
2014/10/01 09:58:47,2,37.85480,-122.21671,752.953,29.697,0.0,-63,1.794,0.667,0.398
2014/10/01 09:58:52,2,37.85480,-122.21671,752.953,29.697,0.0,-63,1.706,0.542,0.318
2014/10/01 09:58:57,2,37.85480,-122.21671,752.953,29.697,0.0,-63,1.362,0.500,0.450
2014/10/01 09:59:02,2,37.85480,-122.21671,752.953,29.697,0.0,-63,1.321,0.000,0.502
2014/10/01 09:59:07,2,37.86192,-122.20942,1309.055,35.381,0.0,-63,1.064,0.458,0.286
2014/10/01 09:59:12,2,37.86318,-122.20918,1144.357,48.985,0.0,-63,1.060,0.583,0.338
2014/10/01 09:59:17,2,37.86414,-122.20893,1057.087,47.173,0.0,-51,1.327,1.208,0.275
2014/10/01 09:59:22,2,37.86483,-122.20853,1001.312,47.395,0.0,-51,1.616,0.917,0.558
2014/10/01 09:59:27,2,37.86565,-122.20748,952.756,48.298,0.0,-51,1.683,0.625,0.498
2014/10/01 09:59:32,2,37.86607,-122.20643,909.449,45.747,0.0,-51,1.714,0.000,0.513
2014/10/01 09:59:37,2,37.86632,-122.20559,864.829,43.824,0.0,-51,1.202,0.000,0.675
2014/10/01 09:59:42,2,37.86667,-122.20433,826.772,46.397,0.0,-51,0.814,0.000,0.693
2014/10/01 09:59:47,2,37.86694,-122.20316,801.181,49.913,0.0,-51,0.362,0.000,1.865
2014/10/01 09:59:52,2,37.86712,-122.20191,782.808,50.193,0.0,-87,0.398,0.000,1.794
2014/10/01 09:59:57,2,37.86716,-122.20064,760.171,49.415,0.0,-87,0.349,0.000,1.942
2014/10/01 10:00:02,2,37.86708,-122.19943,743.438,44.092,0.0,-87,0.266,0.000,2.237
2014/10/01 10:00:07,2,37.86691,-122.19848,744.094,33.324,0.0,-87,0.494,0.000,0.851
2014/10/01 10:00:12,2,37.86676,-122.19792,738.189,14.821,0.0,-87,0.445,0.042,1.418
2014/10/01 10:00:17,2,37.86687,-122.19776,742.454,8.538,0.0,-87,1.116,0.208,0.366
2014/10/01 10:00:22,2,37.86708,-122.19789,743.110,15.399,0.0,-77,0.904,0.375,0.699
2014/10/01 10:00:27,2,37.86740,-122.19814,749.344,21.044,0.0,-77,0.304,0.125,2.279
2014/10/01 10:00:32,2,37.86779,-122.19847,753.937,24.748,0.0,-77,0.613,0.292,2.094
2014/10/01 10:00:37,2,37.86813,-122.19897,755.906,27.522,0.0,-77,0.884,0.375,1.054
2014/10/01 10:00:42,2,37.86824,-122.19968,756.890,27.948,0.0,-77,1.616,0.000,0.457
2014/10/01 10:00:47,2,37.86808,-122.20030,758.530,26.046,0.0,-77,1.272,0.417,0.283
2014/10/01 10:00:52,2,37.86782,-122.20096,765.092,31.853,0.0,-77,1.301,0.417,0.487
2014/10/01 10:00:57,2,37.86756,-122.20174,779.199,34.958,0.0,-77,0.776,0.208,0.863
2014/10/01 10:01:02,2,37.86738,-122.20259,795.932,35.315,0.0,-77,0.772,0.208,0.658
2014/10/01 10:01:07,2,37.86718,-122.20345,806.759,38.345,0.0,-77,0.651,0.208,1.555
2014/10/01 10:01:12,2,37.86693,-122.20442,816.929,44.004,0.0,-77,0.497,0.125,1.175
2014/10/01 10:01:17,2,37.86657,-122.20553,830.381,49.086,0.0,-77,0.352,0.000,1.348
2014/10/01 10:01:22,2,37.86621,-122.20672,853.675,50.332,0.0,-85,0.756,0.125,0.850
2014/10/01 10:01:27,2,37.86571,-122.20783,870.079,50.457,0.0,-85,0.000,0.292,0.369
2014/10/01 10:01:32,2,37.86496,-122.20870,882.874,51.595,0.0,-85,1.206,0.500,0.253
2014/10/01 10:01:37,2,37.86402,-122.20926,894.685,52.013,0.0,-85,1.587,0.542,0.812
2014/10/01 10:01:42,2,37.86303,-122.20966,897.310,51.970,0.0,-85,1.744,0.417,0.333
2014/10/01 10:01:47,2,37.86208,-122.21019,894.685,50.835,0.0,-85,1.923,0.542,0.290
2014/10/01 10:01:52,2,37.86139,-122.21071,887.467,48.872,0.0,-85,1.439,0.000,0.402
2014/10/01 10:01:57,2,37.86139,-122.21071,887.467,48.872,0.0,-55,1.388,0.667,0.406
2014/10/01 10:02:02,2,37.86139,-122.21071,887.467,48.872,0.0,-55,1.102,0.583,0.350
2014/10/01 10:02:07,2,37.86139,-122.21071,887.467,48.872,0.0,-55,1.234,0.250,0.406
2014/10/01 10:02:12,2,37.86139,-122.21071,887.467,48.872,0.0,-55,1.429,0.208,0.447
2014/10/01 10:02:17,2,37.86139,-122.21071,887.467,48.872,0.0,-55,1.817,0.333,1.090
2014/10/01 10:02:22,2,37.86139,-122.21071,887.467,48.872,0.0,-55,0.716,0.667,0.674
2014/10/01 10:02:27,2,37.86139,-122.21071,887.467,48.872,0.0,-51,0.784,0.708,0.513
2014/10/01 10:02:32,2,37.85477,-122.21944,785.761,64.206,0.0,-51,1.112,0.625,0.519
2014/10/01 10:02:37,2,37.85418,-122.22079,724.409,59.933,0.0,-51,1.305,0.458,0.409
2014/10/01 10:02:42,2,37.85340,-122.22190,692.913,57.310,0.0,-51,1.486,0.000,0.504
2014/10/01 10:02:47,2,37.85239,-122.22260,660.105,57.425,0.0,-51,1.183,0.208,0.435
2014/10/01 10:02:53,2,37.85127,-122.22298,627.953,57.960,0.0,-51,1.634,0.000,0.442
2014/10/01 10:02:58,2,37.85018,-122.22353,598.097,57.636,0.0,-55,1.519,0.042,0.847
2014/10/01 10:03:03,2,37.84934,-122.22455,578.740,59.589,0.0,-55,0.753,0.292,0.459
2014/10/01 10:03:08,2,37.84884,-122.22592,557.415,59.247,0.0,-55,1.744,0.667,0.415
2014/10/01 10:03:13,2,37.84878,-122.22741,535.761,58.438,0.0,-55,1.260,0.250,0.707
2014/10/01 10:03:18,2,37.84895,-122.22886,523.294,57.424,0.0,-55,1.590,0.333,0.381
2014/10/01 10:03:23,2,37.84910,-122.23028,508.858,55.873,0.0,-55,2.044,0.375,0.498
2014/10/01 10:03:28,2,37.84909,-122.23170,489.173,56.634,0.0,-51,1.542,0.458,0.371
2014/10/01 10:03:33,2,37.84893,-122.23316,459.974,57.923,0.0,-51,2.022,0.000,0.382
2014/10/01 10:03:38,2,37.84884,-122.23462,430.774,57.610,0.0,-51,1.725,0.417,0.565
2014/10/01 10:03:43,2,37.84912,-122.23601,404.856,56.764,0.0,-51,1.471,0.292,0.237
2014/10/01 10:03:48,2,37.84969,-122.23724,385.499,56.236,0.0,-51,1.468,0.458,0.471
2014/10/01 10:03:53,2,37.85007,-122.23856,365.814,55.349,0.0,-51,1.349,0.333,0.226
2014/10/01 10:03:58,2,37.85009,-122.23997,345.144,55.414,0.0,-51,1.379,0.292,0.486
2014/10/01 10:04:03,2,37.84973,-122.24129,329.068,55.290,0.0,-63,1.884,0.542,1.112
2014/10/01 10:04:08,2,37.84919,-122.24251,317.257,55.110,0.0,-63,0.676,0.208,1.398
2014/10/01 10:04:13,2,37.84857,-122.24365,303.806,53.669,0.0,-63,0.459,0.167,3.486
2014/10/01 10:04:18,2,37.84795,-122.24476,293.307,54.629,0.0,-63,0.192,0.000,0.000
2014/10/01 10:04:23,2,37.84730,-122.24593,275.591,58.438,0.0,-63,0.067,0.000,0.000
2014/10/01 10:04:28,2,37.84665,-122.24719,258.858,59.644,0.0,-63,0.000,0.000,0.000
2014/10/01 10:04:33,2,37.84607,-122.24851,246.063,59.995,0.0,-79,0.000,0.000,0.000
2014/10/01 10:04:38,2,37.84555,-122.24987,240.814,59.914,0.0,-79,0.000,0.000,5.950
2014/10/01 10:04:43,2,37.84502,-122.25122,237.861,59.560,0.0,-79,0.000,0.042,0.222
2014/10/01 10:04:48,2,37.84450,-122.25256,235.236,58.728,0.0,-79,0.003,0.417,1.603
2014/10/01 10:04:53,2,37.84398,-122.25389,231.299,58.788,0.0,-79,0.079,0.000,1.955
2014/10/01 10:04:58,2,37.84349,-122.25525,224.738,58.957,0.0,-79,0.132,0.000,0.000
2014/10/01 10:05:03,2,37.84303,-122.25665,216.864,59.732,0.0,-65,0.000,0.333,4.014
2014/10/01 10:05:08,2,37.84259,-122.25807,209.646,60.757,0.0,-65,0.000,0.083,4.853
2014/10/01 10:05:13,2,37.84214,-122.25951,202.100,59.980,0.0,-65,0.000,0.875,0.443
2014/10/01 10:05:18,2,37.84172,-122.26083,195.210,47.680,0.0,-65,0.003,1.458,0.547
2014/10/01 10:05:23,2,37.84141,-122.26177,192.257,38.961,0.0,-65,0.679,0.000,0.935
2014/10/01 10:05:28,2,37.84105,-122.26264,188.320,37.919,0.0,-65,0.500,0.500,1.383
2014/10/01 10:05:33,2,37.84063,-122.26341,183.071,33.517,0.0,-51,0.551,0.208,0.761
2014/10/01 10:05:38,2,37.84026,-122.26392,179.790,24.949,0.0,-51,0.464,0.500,0.306
2014/10/01 10:05:43,2,37.83988,-122.26431,175.853,28.142,0.0,-51,0.959,1.125,0.402
2014/10/01 10:05:48,2,37.83935,-122.26477,172.572,34.210,0.0,-51,0.915,0.000,0.374
2014/10/01 10:05:53,2,37.83872,-122.26520,170.932,34.904,0.0,-51,0.291,0.833,0.371
2014/10/01 10:05:58,1,37.83809,-122.26550,168.963,33.733,0.0,-51,0.356,1.167,0.314
2014/10/01 10:06:03,1,37.83736,-122.26570,166.010,38.997,0.0,-51,0.542,1.125,0.315
2014/10/01 10:06:08,2,37.83655,-122.26586,166.667,43.173,0.0,-55,0.860,1.333,0.275
2014/10/01 10:06:13,2,37.83566,-122.26603,167.323,44.876,0.0,-55,0.612,0.000,0.234
2014/10/01 10:06:18,2,37.83478,-122.26620,166.995,44.101,0.0,-55,0.654,0.042,0.395
2014/10/01 10:06:23,2,37.83389,-122.26638,160.433,45.190,0.0,-55,0.355,0.875,0.339
2014/10/01 10:06:28,2,37.83296,-122.26657,146.982,49.246,0.0,-55,0.201,0.583,0.650
2014/10/01 10:06:33,2,37.83193,-122.26678,131.890,52.999,0.0,-55,0.307,0.542,1.483
2014/10/01 10:06:38,2,37.83084,-122.26699,120.407,55.745,0.0,-75,0.613,0.000,0.351
2014/10/01 10:06:43,2,37.82972,-122.26723,113.189,57.057,0.0,-75,0.267,0.667,0.766
2014/10/01 10:06:48,2,37.82857,-122.26746,108.596,58.056,0.0,-75,0.409,0.833,0.922
2014/10/01 10:06:53,2,37.82742,-122.26772,100.722,58.535,0.0,-75,0.000,0.958,0.819
2014/10/01 10:06:58,2,37.82626,-122.26802,89.895,58.698,0.0,-75,0.292,0.208,1.203
2014/10/01 10:07:03,2,37.82510,-122.26833,76.115,58.327,0.0,-75,0.281,0.500,1.366
2014/10/01 10:07:08,2,37.82385,-122.26863,62.992,61.649,0.0,-59,0.222,0.333,2.182
2014/10/01 10:07:13,2,37.82267,-122.26897,60.367,61.029,0.0,-59,0.231,0.000,0.786
2014/10/01 10:07:18,2,37.82153,-122.26932,60.367,61.178,0.0,-59,0.000,0.000,0.000
2014/10/01 10:07:23,2,37.82036,-122.26965,69.882,58.847,0.0,-59,0.000,0.000,0.000
2014/10/01 10:07:28,2,37.81918,-122.26996,68.898,60.024,0.0,-59,0.000,0.000,0.309
2014/10/01 10:07:33,2,37.81798,-122.27029,63.320,60.992,0.0,-59,0.003,0.042,0.343
2014/10/01 10:07:38,2,37.81680,-122.27066,62.008,60.534,0.0,-57,0.000,0.708,0.289
2014/10/01 10:07:43,2,37.81565,-122.27106,62.992,59.147,0.0,-57,0.864,0.542,0.393
2014/10/01 10:07:48,2,37.81456,-122.27162,58.399,58.002,0.0,-57,1.119,1.042,0.353
2014/10/01 10:07:53,2,37.81357,-122.27242,52.165,58.226,0.0,-57,1.420,0.750,0.271
2014/10/01 10:07:58,2,37.81270,-122.27338,49.213,57.101,0.0,-57,1.523,0.000,0.371
2014/10/01 10:08:03,2,37.81184,-122.27436,40.682,58.236,0.0,-57,1.003,0.375,1.870
2014/10/01 10:08:08,2,37.81093,-122.27529,24.278,57.677,0.0,-57,0.679,0.333,1.210
2014/10/01 10:08:13,2,37.80993,-122.27606,5.249,57.854,0.0,-51,0.739,1.125,0.471
2014/10/01 10:08:18,2,37.80889,-122.27677,-1.969,60.562,0.0,-51,1.011,0.750,0.878
2014/10/01 10:08:23,2,37.80787,-122.27746,-0.656,58.402,0.0,-51,0.492,0.000,0.734
2014/10/01 10:08:28,2,37.80683,-122.27813,-0.984,58.312,0.0,-51,0.489,0.750,0.695
2014/10/01 10:08:33,2,37.80580,-122.27879,-2.297,57.356,0.0,-51,0.881,0.792,0.447
2014/10/01 10:08:38,2,37.80477,-122.27942,-2.953,56.960,0.0,-51,0.887,0.417,1.319
2014/10/01 10:08:43,2,37.80375,-122.28004,25.262,54.552,0.0,-67,0.305,0.625,1.099
2014/10/01 10:08:48,2,37.80275,-122.28038,41.339,46.960,0.0,-67,0.224,0.625,0.598
2014/10/01 10:08:53,2,37.80191,-122.28036,58.727,41.295,0.0,-67,0.200,0.375,1.995
2014/10/01 10:08:58,2,37.80110,-122.28006,71.522,43.069,0.0,-67,0.087,0.292,1.263
2014/10/01 10:09:03,2,37.80034,-122.27950,74.147,44.481,0.0,-67,0.000,0.000,0.482
2014/10/01 10:09:08,2,37.79971,-122.27866,72.178,45.677,0.0,-67,0.000,0.458,0.239
2014/10/01 10:09:13,2,37.79927,-122.27768,61.352,43.722,0.0,-51,0.006,0.000,0.319
2014/10/01 10:09:18,2,37.79886,-122.27664,48.556,46.766,0.0,-51,0.663,0.000,0.730
2014/10/01 10:09:23,2,37.79843,-122.27560,47.244,46.083,0.0,-51,1.035,0.042,0.443
2014/10/01 10:09:28,2,37.79803,-122.27457,49.213,44.090,0.0,-51,0.375,0.333,2.726
2014/10/01 10:09:33,2,37.79759,-122.27367,50.525,40.111,0.0,-51,0.538,0.750,0.745
2014/10/01 10:09:38,2,37.79722,-122.27273,49.213,42.265,0.0,-51,0.779,1.083,0.618
2014/10/01 10:09:43,2,37.79687,-122.27174,47.572,42.669,0.0,-51,1.202,1.208,0.485
2014/10/01 10:09:48,2,37.79653,-122.27079,42.651,39.873,0.0,-51,0.628,0.958,0.455
2014/10/01 10:09:53,2,37.79621,-122.26993,29.528,32.336,0.0,-51,0.606,0.000,0.683
2014/10/01 10:09:58,2,37.79601,-122.26941,23.950,14.410,0.0,-51,0.607,0.750,0.383
2014/10/01 10:10:03,2,37.79596,-122.26929,24.934,0.014,0.0,-51,0.583,1.000,0.312
2014/10/01 10:10:08,2,37.79594,-122.26925,27.231,5.418,0.0,-51,0.617,1.000,0.758
2014/10/01 10:10:13,2,37.79584,-122.26904,25.919,13.525,0.0,-51,0.538,0.875,0.515
2014/10/01 10:10:18,2,37.79569,-122.26869,23.294,16.546,0.0,-65,0.645,0.958,0.487
2014/10/01 10:10:23,2,37.79556,-122.26835,37.730,13.268,0.0,-65,0.000,0.958,0.451
2014/10/01 10:10:28,2,37.79545,-122.26811,34.777,2.706,0.0,-65,0.464,0.000,0.283
2014/10/01 10:10:33,2,37.79547,-122.26809,42.979,0.071,0.0,-65,1.016,0.000,0.410
2014/10/01 10:10:38,2,37.79547,-122.26807,47.244,0.091,0.0,-65,1.138,0.042,0.445
2014/10/01 10:10:43,2,37.79548,-122.26805,54.462,0.082,0.0,-65,0.883,1.000,0.430
2014/10/01 10:10:48,2,37.79549,-122.26805,55.446,0.024,0.0,-65,0.870,0.792,0.846
2014/10/01 10:10:53,2,37.79548,-122.26804,55.446,2.244,0.0,-65,1.058,0.625,0.419
2014/10/01 10:10:58,2,37.79539,-122.26786,55.446,12.851,0.0,-65,1.038,0.542,0.485
2014/10/01 10:11:03,2,37.79523,-122.26749,55.118,16.275,0.0,-65,0.673,0.542,0.469
2014/10/01 10:11:08,2,37.79508,-122.26715,69.882,14.743,0.0,-65,0.427,0.500,0.770
2014/10/01 10:11:13,2,37.79498,-122.26683,89.895,12.061,0.0,-65,0.185,0.625,1.271
2014/10/01 10:11:18,2,37.79508,-122.26665,74.803,4.870,0.0,-75,0.189,0.250,2.483
2014/10/01 10:11:23,2,37.79526,-122.26647,89.239,10.831,0.0,-75,0.124,0.667,0.543
2014/10/01 10:11:28,2,37.79543,-122.26644,84.974,0.444,0.0,-75,0.458,1.208,0.430
2014/10/01 10:11:33,2,37.79541,-122.26643,79.724,0.347,0.0,-75,0.845,0.000,0.339
2014/10/01 10:11:38,2,37.79550,-122.26639,69.554,8.567,0.0,-75,0.886,1.042,0.406
2014/10/01 10:11:43,2,37.79563,-122.26657,36.417,13.386,0.0,-75,0.947,1.083,0.437
2014/10/01 10:11:48,2,37.79575,-122.26691,30.184,15.811,0.0,-65,0.554,0.625,0.257
2014/10/01 10:11:53,2,37.79590,-122.26726,23.622,13.240,0.0,-65,0.432,0.458,0.463
2014/10/01 10:11:58,2,37.79595,-122.26739,15.420,0.077,0.0,-65,0.521,0.000,0.331
2014/10/01 10:12:03,2,37.79594,-122.26740,16.076,0.061,0.0,-65,0.795,0.000,0.522
2014/10/01 10:12:08,2,37.79594,-122.26740,14.436,0.022,0.0,-65,0.538,0.042,0.454
2014/10/01 10:12:13,2,37.79593,-122.26741,9.843,0.042,0.0,-65,0.360,0.542,0.954
2014/10/01 10:12:18,2,37.79593,-122.26741,5.249,0.091,0.0,-65,0.503,0.917,0.318
2014/10/01 10:12:23,2,37.79594,-122.26744,0.328,3.586,0.0,-61,0.305,1.208,0.338
2014/10/01 10:12:28,2,37.79590,-122.26755,1.312,5.479,0.0,-61,0.389,1.042,0.275
2014/10/01 10:12:33,2,37.79586,-122.26751,3.937,1.365,0.0,-61,0.487,1.042,0.454
2014/10/01 10:12:38,2,37.79585,-122.26748,10.827,0.347,0.0,-61,0.568,0.792,0.513
2014/10/01 10:12:43,2,37.79585,-122.26746,15.748,0.006,0.0,-61,0.534,0.958,0.486
2014/10/01 10:12:48,2,37.79583,-122.26741,22.310,4.497,0.0,-61,0.422,1.333,0.403
2014/10/01 10:12:53,2,37.79575,-122.26722,20.669,10.646,0.0,-57,0.219,1.000,0.306
2014/10/01 10:12:58,2,37.79565,-122.26696,27.231,12.645,0.0,-57,0.755,1.167,0.314
2014/10/01 10:13:03,2,37.79552,-122.26672,29.199,8.274,0.0,-57,0.861,0.000,0.459
