Date-Time,DOP,Latitude,Longitude,Altitude (ft),Speed (mph),Heading (deg),mod1 SS (dBm),mod1 Down (Mbs),mod1 Up (Mbs),mod1 Ping (Sec)
2014/09/26 08:45:02,1,37.79644,-122.26838,4.921,1.849,0.0,-67,1.400,0.417,0.399
2014/09/26 08:45:07,1,37.79646,-122.26839,15.748,3.213,0.0,-67,1.644,0.333,0.254
2014/09/26 08:45:12,1,37.79648,-122.26840,27.231,1.758,0.0,-67,1.571,0.250,0.429
2014/09/26 08:45:17,1,37.79653,-122.26840,39.042,3.697,0.0,-67,1.429,0.375,1.081
2014/09/26 08:45:22,1,37.79644,-122.26858,28.543,10.292,0.0,-65,0.712,0.000,0.000
2014/09/26 08:45:27,1,37.79655,-122.26894,29.528,13.475,0.0,-65,0.000,0.250,0.306
2014/09/26 08:45:32,1,37.79664,-122.26924,29.528,19.767,0.0,-65,0.000,1.000,0.595
2014/09/26 08:45:37,1,37.79670,-122.26943,31.496,21.332,0.0,-65,0.003,1.292,0.346
2014/09/26 08:45:42,1,37.79697,-122.27006,39.370,13.910,0.0,-65,0.500,0.708,1.082
2014/09/26 08:45:47,1,37.79708,-122.27050,50.853,23.941,0.0,-65,0.615,0.000,1.798
2014/09/26 08:45:52,1,37.79726,-122.27121,47.244,36.154,0.0,-65,0.663,0.000,1.819
2014/09/26 08:45:57,1,37.79753,-122.27200,41.995,34.457,0.0,-51,0.590,0.000,0.982
2014/09/26 08:46:02,1,37.79781,-122.27274,31.496,35.635,0.0,-51,1.041,0.000,0.848
2014/09/26 08:46:07,1,37.79812,-122.27363,31.168,43.993,0.0,-51,1.379,0.000,0.666
2014/09/26 08:46:12,1,37.79853,-122.27476,40.354,54.807,0.0,-51,0.324,0.000,1.902
2014/09/26 08:46:17,1,37.79902,-122.27612,47.900,63.154,0.0,-51,0.244,0.000,0.991
2014/09/26 08:46:22,1,37.79959,-122.27760,49.869,65.153,0.0,-51,0.634,0.000,0.000
2014/09/26 08:46:27,1,37.80022,-122.27905,39.042,60.855,0.0,-59,0.308,0.000,2.943
2014/09/26 08:46:32,1,37.80077,-122.28043,31.824,60.614,0.0,-59,0.163,0.000,0.000
2014/09/26 08:46:37,1,37.80129,-122.28175,31.824,56.363,0.0,-59,0.160,0.000,6.906
2014/09/26 08:46:42,1,37.80182,-122.28311,53.478,63.283,0.0,-59,0.314,0.000,0.510
2014/09/26 08:46:47,1,37.80240,-122.28463,68.241,65.904,0.0,-59,1.237,0.000,0.393
2014/09/26 08:46:52,1,37.80281,-122.28621,67.585,65.455,0.0,-59,0.387,0.042,2.822
2014/09/26 08:46:57,1,37.80306,-122.28787,75.131,66.977,0.0,-51,0.940,0.292,0.578
2014/09/26 08:47:02,1,37.80308,-122.28953,73.163,64.992,0.0,-51,1.837,0.542,0.375
2014/09/26 08:47:07,1,37.80293,-122.29114,65.945,63.417,0.0,-51,1.830,0.750,0.613
2014/09/26 08:47:12,1,37.80268,-122.29266,45.604,61.584,0.0,-51,1.323,0.000,1.062
2014/09/26 08:47:17,1,37.80243,-122.29417,26.575,61.339,0.0,-51,0.667,0.333,1.118
2014/09/26 08:47:22,1,37.80223,-122.29566,16.732,60.127,0.0,-51,0.391,0.000,2.342
2014/09/26 08:47:27,1,37.80223,-122.29720,2.953,58.934,0.0,-67,0.330,0.167,1.446
2014/09/26 08:47:32,1,37.80245,-122.29862,-9.843,56.085,0.0,-67,0.657,0.167,1.250
2014/09/26 08:47:37,1,37.80285,-122.29999,-6.562,57.723,0.0,-67,0.711,0.208,1.238
2014/09/26 08:47:42,1,37.80347,-122.30129,-2.297,62.153,0.0,-67,1.369,0.542,0.357
2014/09/26 08:47:47,1,37.80427,-122.30245,-7.546,54.346,0.0,-67,1.590,1.167,0.474
2014/09/26 08:47:52,1,37.80527,-122.30338,-11.811,61.761,0.0,-67,1.545,0.000,0.494
2014/09/26 08:47:57,1,37.80642,-122.30407,-11.483,62.475,0.0,-67,1.833,1.042,0.519
2014/09/26 08:48:02,1,37.80765,-122.30446,-3.609,63.151,0.0,-51,0.840,0.625,1.819
2014/09/26 08:48:07,1,37.80888,-122.30454,8.530,60.854,0.0,-51,0.769,0.125,0.665
2014/09/26 08:48:12,1,37.81009,-122.30437,10.171,59.880,0.0,-51,1.044,0.208,0.601
2014/09/26 08:48:17,1,37.81122,-122.30388,17.060,59.358,0.0,-51,1.430,0.000,0.447
2014/09/26 08:48:22,1,37.81225,-122.30316,17.388,58.148,0.0,-51,1.016,0.375,0.523
2014/09/26 08:48:27,1,37.81314,-122.30223,16.404,58.200,0.0,-51,0.686,0.083,1.402
2014/09/26 08:48:32,1,37.81393,-122.30113,21.982,58.987,0.0,-63,1.157,0.333,0.479
2014/09/26 08:48:37,1,37.81472,-122.29998,32.152,60.156,0.0,-63,1.362,0.000,0.534
2014/09/26 08:48:42,1,37.81548,-122.29874,43.635,62.420,0.0,-63,0.478,0.000,0.783
2014/09/26 08:48:47,1,37.81631,-122.29750,56.759,65.709,0.0,-63,0.541,0.250,0.849
2014/09/26 08:48:52,1,37.81728,-122.29631,64.633,67.494,0.0,-63,0.427,0.083,3.934
2014/09/26 08:48:57,1,37.81835,-122.29526,54.462,65.458,0.0,-63,0.587,0.000,0.000
2014/09/26 08:49:02,1,37.81940,-122.29438,67.257,62.334,0.0,-55,0.198,0.250,0.618
2014/09/26 08:49:07,1,37.82048,-122.29350,74.475,64.499,0.0,-55,0.824,0.208,1.497
2014/09/26 08:49:12,1,37.82158,-122.29262,74.475,65.135,0.0,-55,1.131,0.000,0.772
2014/09/26 08:49:17,1,37.82272,-122.29186,77.756,63.263,0.0,-55,0.000,0.292,4.130
2014/09/26 08:49:22,1,37.82389,-122.29124,83.333,62.145,0.0,-55,0.000,0.208,0.762
2014/09/26 08:49:27,1,37.82506,-122.29075,92.192,62.019,0.0,-55,0.000,0.792,1.127
2014/09/26 08:49:32,1,37.82633,-122.29076,100.722,64.219,0.0,-59,0.000,1.000,0.273
2014/09/26 08:49:37,1,37.82751,-122.29140,105.643,64.139,0.0,-59,0.000,0.000,1.159
2014/09/26 08:49:42,1,37.82848,-122.29245,99.081,62.209,0.0,-59,0.000,0.042,0.335
2014/09/26 08:49:47,1,37.82957,-122.29315,87.598,61.912,0.0,-59,0.000,1.208,1.050
2014/09/26 08:49:52,1,37.83080,-122.29340,71.194,61.487,0.0,-59,0.000,1.042,1.890
2014/09/26 08:49:57,1,37.83201,-122.29361,54.790,61.774,0.0,-59,0.003,0.875,0.382
2014/09/26 08:50:02,1,37.83323,-122.29411,32.808,65.067,0.0,-59,0.390,1.167,0.790
2014/09/26 08:50:07,1,37.83441,-122.29481,14.764,65.239,0.0,-61,0.473,0.833,1.318
2014/09/26 08:50:12,1,37.83562,-122.29547,14.436,66.255,0.0,-61,0.335,0.542,0.615
2014/09/26 08:50:17,1,37.83685,-122.29609,25.262,65.908,0.0,-61,0.338,0.667,0.330
2014/09/26 08:50:22,1,37.83811,-122.29653,35.433,63.220,0.0,-61,0.457,1.250,0.706
2014/09/26 08:50:27,1,37.83936,-122.29677,30.184,63.870,0.0,-61,0.411,0.750,1.209
2014/09/26 08:50:32,1,37.84065,-122.29699,29.528,64.849,0.0,-61,0.883,0.750,0.446
2014/09/26 08:50:37,1,37.84194,-122.29725,34.777,64.113,0.0,-67,0.708,0.667,1.318
2014/09/26 08:50:42,1,37.84320,-122.29754,39.042,63.474,0.0,-67,0.590,0.000,2.409
2014/09/26 08:50:47,1,37.84447,-122.29782,41.339,64.996,0.0,-67,0.497,0.417,0.000
2014/09/26 08:50:52,1,37.84577,-122.29809,42.651,65.936,0.0,-67,0.246,0.000,2.546
2014/09/26 08:50:57,1,37.84708,-122.29839,41.995,65.745,0.0,-67,0.392,0.000,0.274
2014/09/26 08:51:02,1,37.84836,-122.29869,45.604,63.866,0.0,-67,0.463,0.000,0.262
2014/09/26 08:51:07,1,37.84965,-122.29899,41.010,65.158,0.0,-73,0.495,0.042,1.095
2014/09/26 08:51:12,1,37.85094,-122.29929,32.808,65.245,0.0,-73,0.462,0.292,0.766
2014/09/26 08:51:17,1,37.85224,-122.29961,30.184,65.177,0.0,-73,0.465,0.542,0.770
2014/09/26 08:51:22,1,37.85349,-122.29996,24.606,63.877,0.0,-73,0.257,0.917,0.354
2014/09/26 08:51:27,1,37.85474,-122.30032,23.950,63.367,0.0,-73,0.306,0.583,0.782
2014/09/26 08:51:32,1,37.85596,-122.30066,24.934,61.237,0.0,-73,0.286,0.333,0.668
2014/09/26 08:51:37,1,37.85716,-122.30099,25.262,59.354,0.0,-69,0.321,1.000,0.427
2014/09/26 08:51:42,1,37.85826,-122.30127,22.638,53.753,0.0,-69,0.369,0.000,0.423
2014/09/26 08:51:47,1,37.85927,-122.30154,24.278,50.066,0.0,-69,0.132,1.250,1.626
2014/09/26 08:51:52,1,37.86027,-122.30182,23.622,50.698,0.0,-69,0.298,0.667,0.358
2014/09/26 08:51:57,1,37.86123,-122.30209,23.950,46.559,0.0,-69,0.375,0.583,0.538
2014/09/26 08:52:02,1,37.86212,-122.30234,24.606,47.434,0.0,-69,1.051,1.125,0.497
2014/09/26 08:52:07,1,37.86310,-122.30262,33.793,51.061,0.0,-69,0.981,0.833,0.443
2014/09/26 08:52:12,1,37.86409,-122.30288,35.105,50.926,0.0,-77,1.169,1.250,0.406
2014/09/26 08:52:17,1,37.86515,-122.30315,36.745,55.673,0.0,-77,1.456,0.000,0.354
2014/09/26 08:52:22,1,37.86627,-122.30347,32.480,56.592,0.0,-77,1.529,0.000,0.257
2014/09/26 08:52:27,1,37.86736,-122.30380,33.465,56.512,0.0,-77,0.838,0.000,0.335
2014/09/26 08:52:32,1,37.86849,-122.30414,31.168,58.198,0.0,-77,0.683,0.042,0.371
2014/09/26 08:52:37,1,37.86963,-122.30449,30.184,59.473,0.0,-77,0.636,0.958,0.409
2014/09/26 08:52:42,1,37.87084,-122.30487,28.871,62.443,0.0,-51,1.212,1.292,0.294
2014/09/26 08:52:47,1,37.87205,-122.30524,26.903,62.358,0.0,-51,1.483,0.958,0.822
2014/09/26 08:52:52,1,37.87329,-122.30563,29.856,63.711,0.0,-51,1.014,0.875,0.618
2014/09/26 08:52:57,1,37.87451,-122.30601,28.871,61.731,0.0,-51,0.737,0.708,0.431
2014/09/26 08:53:02,1,37.87569,-122.30638,26.247,58.845,0.0,-51,0.643,0.750,0.333
2014/09/26 08:53:07,1,37.87680,-122.30673,34.121,55.607,0.0,-51,0.783,0.917,0.943
2014/09/26 08:53:12,1,37.87788,-122.30706,40.354,55.185,0.0,-65,0.561,1.167,0.389
2014/09/26 08:53:17,1,37.87895,-122.30734,39.042,54.661,0.0,-65,0.237,0.583,1.012
2014/09/26 08:53:22,1,37.88003,-122.30758,31.824,54.383,0.0,-65,0.368,0.917,0.521
2014/09/26 08:53:27,1,37.88111,-122.30781,29.199,55.063,0.0,-65,0.568,0.000,0.631
2014/09/26 08:53:32,1,37.88223,-122.30806,31.168,58.821,0.0,-65,0.310,0.500,0.686
2014/09/26 08:53:37,1,37.88343,-122.30834,31.824,61.832,0.0,-65,0.475,0.500,0.453
2014/09/26 08:53:42,1,37.88468,-122.30860,37.073,63.561,0.0,-63,0.292,0.000,0.387
2014/09/26 08:53:47,1,37.88593,-122.30874,50.197,60.456,0.0,-63,0.369,0.000,0.230
2014/09/26 08:53:52,1,37.88713,-122.30880,63.648,58.983,0.0,-63,0.539,0.000,1.259
2014/09/26 08:53:57,1,37.88825,-122.30857,63.976,56.954,0.0,-63,0.174,0.042,1.418
2014/09/26 08:54:02,1,37.88937,-122.30831,58.399,56.804,0.0,-63,0.000,0.167,1.475
2014/09/26 08:54:07,1,37.89058,-122.30842,43.307,61.419,0.0,-63,0.289,0.208,0.872
2014/09/26 08:54:12,1,37.89177,-122.30869,39.370,59.870,0.0,-63,0.290,0.458,0.399
2014/09/26 08:54:17,1,37.89298,-122.30900,38.386,62.547,0.0,-73,0.714,0.625,0.319
2014/09/26 08:54:22,1,37.89420,-122.30949,40.026,64.567,0.0,-73,0.635,0.750,0.575
2014/09/26 08:54:27,1,37.89539,-122.31016,41.010,65.447,0.0,-73,0.919,0.875,0.657
2014/09/26 08:54:32,1,37.89648,-122.31100,40.026,62.291,0.0,-73,1.372,0.542,0.247
2014/09/26 08:54:37,1,37.89751,-122.31184,36.417,59.868,0.0,-73,1.045,0.625,0.372
2014/09/26 08:54:42,1,37.89853,-122.31267,36.745,61.232,0.0,-73,0.811,0.958,0.458
2014/09/26 08:54:47,1,37.89957,-122.31352,33.136,61.811,0.0,-69,1.029,0.000,0.617
2014/09/26 08:54:52,1,37.90059,-122.31434,31.496,60.499,0.0,-69,0.753,0.833,0.626
2014/09/26 08:54:57,1,37.90162,-122.31518,29.856,61.313,0.0,-69,0.397,0.542,0.987
2014/09/26 08:55:02,1,37.90266,-122.31604,27.559,62.530,0.0,-69,0.210,0.500,0.450
2014/09/26 08:55:07,1,37.90369,-122.31689,24.606,60.167,0.0,-69,0.571,0.583,0.378
2014/09/26 08:55:12,1,37.90472,-122.31774,25.591,60.970,0.0,-69,0.695,0.708,1.101
2014/09/26 08:55:17,1,37.90575,-122.31858,24.278,62.044,0.0,-77,0.245,0.000,0.000
2014/09/26 08:55:22,1,37.90680,-122.31945,23.622,62.676,0.0,-77,0.098,0.292,2.689
2014/09/26 08:55:27,1,37.90786,-122.32032,21.325,63.245,0.0,-77,0.665,1.083,0.405
2014/09/26 08:55:32,1,37.90892,-122.32120,20.341,63.276,0.0,-77,1.119,0.000,0.586
2014/09/26 08:55:37,1,37.90999,-122.32208,19.685,63.739,0.0,-77,0.433,0.000,2.894
2014/09/26 08:55:42,1,37.91106,-122.32295,20.013,63.536,0.0,-77,0.307,0.000,1.518
2014/09/26 08:55:47,1,37.91211,-122.32377,22.310,59.430,0.0,-113,0.000,0.000,0.000
2014/09/26 08:55:52,1,37.91315,-122.32464,22.310,62.186,0.0,-113,0.000,0.000,0.217
2014/09/26 08:55:57,1,37.91418,-122.32552,32.152,62.076,0.0,-113,0.000,0.042,0.322
2014/09/26 08:56:02,1,37.91515,-122.32642,41.339,60.077,0.0,-113,0.003,0.583,0.843
2014/09/26 08:56:07,1,37.91607,-122.32736,46.916,59.942,0.0,-113,0.067,0.500,0.506
2014/09/26 08:56:12,1,37.91698,-122.32838,54.462,60.524,0.0,-113,0.000,0.125,0.000
2014/09/26 08:56:17,1,37.91785,-122.32944,50.525,59.346,0.0,-113,0.000,0.625,0.338
2014/09/26 08:56:22,1,37.91867,-122.33052,43.963,58.689,0.0,-87,0.000,1.500,0.407
2014/09/26 08:56:27,1,37.91946,-122.33167,43.963,58.668,0.0,-87,0.003,0.000,0.511
2014/09/26 08:56:32,1,37.92020,-122.33286,43.307,60.280,0.0,-87,0.285,1.208,0.000
2014/09/26 08:56:37,1,37.92081,-122.33419,41.667,60.855,0.0,-87,0.000,0.125,3.793
2014/09/26 08:56:42,1,37.92125,-122.33560,34.449,57.406,0.0,-87,0.000,0.375,3.427
2014/09/26 08:56:48,1,37.92151,-122.33700,33.793,57.803,0.0,-87,0.000,1.000,0.398
2014/09/26 08:56:53,1,37.92162,-122.33846,35.105,58.774,0.0,-69,0.000,1.250,0.597
2014/09/26 08:56:58,1,37.92167,-122.33991,37.402,56.711,0.0,-69,0.000,1.583,0.291
2014/09/26 08:57:03,1,37.92172,-122.34134,35.433,56.062,0.0,-69,0.000,0.000,0.522
2014/09/26 08:57:08,1,37.92177,-122.34276,40.354,56.310,0.0,-69,0.000,1.454,0.226
2014/09/26 08:57:13,1,37.92181,-122.34416,39.698,53.706,0.0,-69,0.003,0.000,0.243
2014/09/26 08:57:18,1,37.92186,-122.34552,41.995,53.484,0.0,-69,0.535,0.042,0.362
2014/09/26 08:57:23,1,37.92190,-122.34689,37.730,54.797,0.0,-77,0.309,0.458,0.971
2014/09/26 08:57:28,1,37.92191,-122.34833,34.449,56.466,0.0,-77,0.213,0.458,3.030
2014/09/26 08:57:33,1,37.92190,-122.34975,30.184,56.156,0.0,-77,0.184,0.292,1.482
2014/09/26 08:57:38,1,37.92188,-122.35118,23.622,57.748,0.0,-77,0.517,0.375,0.957
2014/09/26 08:57:43,1,37.92185,-122.35265,20.341,59.452,0.0,-77,0.477,0.417,1.518
2014/09/26 08:57:48,1,37.92187,-122.35418,20.013,59.944,0.0,-77,0.244,0.292,2.139
2014/09/26 08:57:53,1,37.92205,-122.35569,20.013,60.062,0.0,-75,0.526,0.000,0.907
2014/09/26 08:57:58,1,37.92239,-122.35715,20.341,59.274,0.0,-75,0.660,0.625,1.262
2014/09/26 08:58:03,1,37.92287,-122.35848,21.654,57.616,0.0,-75,0.443,0.333,0.539
2014/09/26 08:58:08,1,37.92347,-122.35972,18.373,57.050,0.0,-75,0.898,0.500,0.409
2014/09/26 08:58:13,1,37.92414,-122.36081,14.764,51.743,0.0,-75,0.634,0.542,0.918
2014/09/26 08:58:18,1,37.92478,-122.36181,18.045,49.684,0.0,-75,0.773,0.000,0.694
2014/09/26 08:58:23,1,37.92539,-122.36283,20.013,51.760,0.0,-75,0.414,1.042,0.374
2014/09/26 08:58:28,1,37.92600,-122.36394,22.638,53.448,0.0,-59,0.714,1.167,0.329
2014/09/26 08:58:33,1,37.92649,-122.36512,30.512,52.542,0.0,-59,0.691,1.167,0.562
2014/09/26 08:58:38,1,37.92688,-122.36640,41.995,55.182,0.0,-59,0.462,0.833,0.403
2014/09/26 08:58:43,1,37.92715,-122.36783,50.197,61.627,0.0,-59,0.431,0.417,0.342
2014/09/26 08:58:48,1,37.92728,-122.36945,52.822,65.746,0.0,-59,0.000,0.750,0.434
2014/09/26 08:58:53,1,37.92728,-122.37114,54.462,67.112,0.0,-59,0.547,0.662,0.407
2014/09/26 08:58:58,1,37.92729,-122.37286,54.462,68.095,0.0,-51,0.551,0.000,0.319
2014/09/26 08:59:03,1,37.92729,-122.37458,51.181,66.099,0.0,-51,0.575,0.000,0.255
2014/09/26 08:59:08,1,37.92730,-122.37651,48.556,59.868,0.0,-51,0.783,0.042,0.373
2014/09/26 08:59:13,1,37.92737,-122.37794,47.572,53.151,0.0,-51,1.025,0.750,0.462
2014/09/26 08:59:18,1,37.92749,-122.37919,48.228,47.126,0.0,-51,1.137,1.000,0.474
2014/09/26 08:59:23,1,37.92772,-122.38037,41.995,49.253,0.0,-51,1.240,0.667,0.410
2014/09/26 08:59:28,1,37.92806,-122.38158,52.493,49.523,0.0,-61,0.869,0.417,0.847
2014/09/26 08:59:33,1,37.92835,-122.38265,52.822,40.393,0.0,-61,0.759,0.000,0.771
2014/09/26 08:59:38,1,37.92867,-122.38346,43.635,33.894,0.0,-61,0.200,0.333,0.554
2014/09/26 08:59:43,1,37.92909,-122.38403,30.184,30.695,0.0,-61,0.543,0.417,0.335
2014/09/26 08:59:48,1,37.92970,-122.38425,29.528,31.416,0.0,-61,0.644,1.167,0.397
2014/09/26 08:59:53,1,37.93011,-122.38462,28.215,18.383,0.0,-61,0.000,0.000,0.000
2014/09/26 08:59:58,1,37.93042,-122.38454,20.669,21.526,0.0,-65,0.000,1.167,0.227
2014/09/26 09:00:03,1,37.93082,-122.38398,25.591,34.462,0.0,-65,0.000,0.250,0.561
2014/09/26 09:00:08,1,37.93138,-122.38333,31.168,40.669,0.0,-65,0.000,0.917,1.583
2014/09/26 09:00:13,1,37.93208,-122.38272,28.543,42.678,0.0,-65,0.003,0.000,0.814
2014/09/26 09:00:18,1,37.93280,-122.38209,25.262,43.651,0.0,-65,0.522,0.458,0.722
2014/09/26 09:00:23,1,37.93350,-122.38146,20.997,40.357,0.0,-65,1.029,0.333,0.742
2014/09/26 09:00:28,1,37.93417,-122.38086,19.029,43.052,0.0,-65,0.783,0.000,0.842
2014/09/26 09:00:33,1,37.93494,-122.38025,14.108,47.144,0.0,-73,0.829,0.333,0.570
2014/09/26 09:00:38,1,37.93577,-122.37964,18.701,47.215,0.0,-73,0.754,0.125,0.606
2014/09/26 09:00:43,1,37.93661,-122.37908,25.262,47.971,0.0,-73,0.859,0.250,0.637
2014/09/26 09:00:48,1,37.93745,-122.37852,23.622,45.222,0.0,-73,0.852,0.000,0.995
2014/09/26 09:00:53,1,37.93826,-122.37798,14.436,46.227,0.0,-73,0.872,0.250,0.556
2014/09/26 09:00:58,1,37.93910,-122.37741,1.640,47.803,0.0,-73,0.929,0.000,0.398
2014/09/26 09:01:03,1,37.93993,-122.37684,-0.984,46.330,0.0,-73,0.647,0.000,2.398
2014/09/26 09:01:08,1,37.94075,-122.37626,-0.656,46.778,0.0,-73,0.257,0.000,0.000
2014/09/26 09:01:13,1,37.94155,-122.37568,1.312,45.143,0.0,-73,0.083,0.000,5.650
2014/09/26 09:01:18,1,37.94236,-122.37510,1.312,47.344,0.0,-73,0.067,0.000,2.646
2014/09/26 09:01:23,1,37.94322,-122.37448,1.640,51.358,0.0,-73,0.000,0.000,4.174
2014/09/26 09:01:28,1,37.94414,-122.37383,0.328,51.692,0.0,-73,0.000,0.000,0.238
2014/09/26 09:01:33,1,37.94498,-122.37323,-0.328,45.348,0.0,-75,0.003,0.042,0.852
2014/09/26 09:01:38,1,37.94575,-122.37268,-0.328,41.870,0.0,-75,0.471,0.833,1.738
2014/09/26 09:01:43,1,37.94636,-122.37224,-0.328,28.723,0.0,-75,0.000,0.250,2.254
2014/09/26 09:01:48,1,37.94684,-122.37184,2.953,33.815,0.0,-75,0.000,0.750,0.304
2014/09/26 09:01:53,1,37.94742,-122.37115,5.906,41.568,0.0,-75,0.000,0.833,0.521
2014/09/26 09:01:58,1,37.94804,-122.37034,16.732,45.791,0.0,-75,0.003,0.000,0.640
2014/09/26 09:02:03,1,37.94881,-122.36984,16.404,42.963,0.0,-73,0.136,0.833,2.002
2014/09/26 09:02:08,1,37.94966,-122.36995,23.950,43.529,0.0,-73,0.556,0.250,1.603
2014/09/26 09:02:13,1,37.95034,-122.37063,25.262,44.651,0.0,-73,0.250,0.000,0.000
2014/09/26 09:02:18,1,37.95086,-122.37161,23.622,46.916,0.0,-73,0.102,0.167,7.454
2014/09/26 09:02:23,1,37.95157,-122.37244,22.966,49.383,0.0,-73,0.109,0.000,2.767
2014/09/26 09:02:28,1,37.95238,-122.37303,22.638,44.025,0.0,-73,0.327,0.083,1.663
2014/09/26 09:02:33,1,37.95317,-122.37334,28.871,36.012,0.0,-77,0.305,0.083,2.067
2014/09/26 09:02:38,1,37.95359,-122.37343,30.512,14.892,0.0,-77,1.006,0.292,0.370
2014/09/26 09:02:43,1,37.95381,-122.37348,39.370,13.109,0.0,-77,1.263,0.417,0.430
2014/09/26 09:02:48,1,37.95427,-122.37351,42.979,28.405,0.0,-77,0.772,0.292,0.327
2014/09/26 09:02:53,1,37.95489,-122.37353,51.837,34.041,0.0,-77,0.728,0.000,0.632
2014/09/26 09:02:58,1,37.95575,-122.37357,54.462,47.739,0.0,-77,1.033,0.542,0.439
2014/09/26 09:03:03,1,37.95676,-122.37358,50.525,51.736,0.0,-77,1.205,0.667,0.575
2014/09/26 09:03:08,1,37.95781,-122.37359,49.213,52.185,0.0,-71,1.481,0.875,0.621
2014/09/26 09:03:13,1,37.95889,-122.37361,49.541,55.461,0.0,-71,1.728,0.542,0.409
2014/09/26 09:03:18,1,37.96003,-122.37361,44.291,55.681,0.0,-71,1.519,0.375,0.299
2014/09/26 09:03:23,1,37.96108,-122.37361,40.682,48.138,0.0,-71,1.535,0.375,0.251
2014/09/26 09:03:28,1,37.96200,-122.37365,35.761,41.734,0.0,-71,1.779,0.708,0.295
2014/09/26 09:03:33,1,37.96266,-122.37367,30.512,25.059,0.0,-71,2.060,0.500,0.262
2014/09/26 09:03:38,1,37.96299,-122.37368,24.278,8.823,0.0,-51,1.940,0.000,0.372
2014/09/26 09:03:43,1,37.96306,-122.37368,23.622,4.576,0.0,-51,2.211,0.625,0.268
2014/09/26 09:03:48,1,37.96323,-122.37397,18.373,23.630,0.0,-51,2.122,0.000,0.395
2014/09/26 09:03:53,1,37.96321,-122.37473,16.732,33.745,0.0,-51,2.217,0.042,0.323
2014/09/26 09:03:58,1,37.96321,-122.37566,14.764,34.603,0.0,-51,1.984,0.417,0.394
2014/09/26 09:04:03,1,37.96320,-122.37623,13.780,14.285,0.0,-51,1.879,0.375,0.659
2014/09/26 09:04:08,1,37.96292,-122.37635,14.436,21.133,0.0,-53,1.647,0.333,0.313
2014/09/26 09:04:13,1,37.96238,-122.37635,16.076,29.681,0.0,-53,1.693,0.417,0.373
2014/09/26 09:04:18,1,37.96176,-122.37636,17.717,30.076,0.0,-53,2.044,0.000,0.499
2014/09/26 09:04:23,1,37.96121,-122.37635,15.748,26.514,0.0,-53,1.641,0.625,0.372
2014/09/26 09:04:28,1,37.96075,-122.37632,26.903,19.769,0.0,-53,2.064,0.333,0.566
2014/09/26 09:04:33,1,37.96042,-122.37630,21.654,10.429,0.0,-53,1.830,0.375,0.502
2014/09/26 09:04:38,1,37.96032,-122.37623,27.559,3.451,0.0,-71,1.785,0.417,0.350
2014/09/26 09:04:43,1,37.96038,-122.37621,30.840,0.697,0.0,-71,1.856,0.583,0.250
2014/09/26 09:04:48,1,37.96038,-122.37619,27.231,0.040,0.0,-71,2.193,0.625,0.526
2014/09/26 09:04:53,1,37.96038,-122.37618,26.247,0.062,0.0,-71,1.936,0.792,0.361
2014/09/26 09:04:58,1,37.96039,-122.37617,22.638,0.060,0.0,-71,1.901,0.667,0.623
2014/09/26 09:05:03,1,37.96039,-122.37616,19.685,0.029,0.0,-71,1.910,0.750,0.254
2014/09/26 09:05:08,1,37.96039,-122.37616,20.669,0.126,0.0,-71,1.948,0.458,0.472
2014/09/26 09:05:13,1,37.96040,-122.37616,21.325,1.030,0.0,-73,1.955,0.542,0.270
2014/09/26 09:05:18,1,37.96042,-122.37617,27.559,1.475,0.0,-73,1.866,0.542,0.565
2014/09/26 09:05:23,1,37.96047,-122.37619,31.168,2.618,0.0,-73,1.865,0.375,0.305
2014/09/26 09:05:28,1,37.96052,-122.37622,33.136,8.125,0.0,-73,1.981,0.333,0.430
2014/09/26 09:05:33,1,37.96096,-122.37627,33.793,29.399,0.0,-73,1.840,0.375,0.245
2014/09/26 09:05:38,1,37.96158,-122.37628,23.950,31.722,0.0,-73,1.798,0.417,0.246
2014/09/26 09:05:43,1,37.96226,-122.37629,16.076,34.204,0.0,-55,1.829,0.579,0.407
2014/09/26 09:05:48,1,37.96289,-122.37630,10.171,27.044,0.0,-55,1.933,0.000,0.511
2014/09/26 09:05:53,1,37.96317,-122.37616,13.451,15.569,0.0,-55,2.151,0.000,0.371
2014/09/26 09:05:58,1,37.96317,-122.37543,27.887,34.115,0.0,-55,1.843,0.042,0.535
2014/09/26 09:06:03,1,37.96317,-122.37458,27.559,31.946,0.0,-55,2.080,0.750,0.453
2014/09/26 09:06:08,1,37.96317,-122.37407,35.433,10.734,0.0,-55,2.083,0.792,0.762
2014/09/26 09:06:13,1,37.96317,-122.37402,35.105,0.250,0.0,-51,2.000,0.667,0.442
2014/09/26 09:06:18,1,37.96318,-122.37402,37.730,0.057,0.0,-51,1.936,0.750,0.427
2014/09/26 09:06:23,1,37.96318,-122.37403,40.354,0.088,0.0,-51,1.939,0.625,0.253
2014/09/26 09:06:28,1,37.96322,-122.37382,41.010,15.643,0.0,-51,2.061,0.500,0.359
2014/09/26 09:06:33,1,37.96362,-122.37366,42.323,28.808,0.0,-51,0.000,0.000,0.250
2014/09/26 09:06:38,1,37.96439,-122.37366,35.105,44.389,0.0,-51,1.894,0.417,0.399
2014/09/26 09:06:43,1,37.96537,-122.37366,31.168,48.946,0.0,-55,0.903,0.917,0.306
2014/09/26 09:06:48,1,37.96637,-122.37366,24.606,49.452,0.0,-55,0.978,0.625,0.446
2014/09/26 09:06:53,1,37.96732,-122.37365,20.997,44.673,0.0,-55,1.367,0.417,0.245
2014/09/26 09:06:58,1,37.96821,-122.37364,16.076,45.290,0.0,-55,0.678,0.583,0.372
2014/09/26 09:07:03,1,37.96913,-122.37337,19.029,48.494,0.0,-55,0.939,0.792,0.382
2014/09/26 09:07:08,1,37.96996,-122.37268,19.357,49.431,0.0,-55,0.791,0.625,1.499
2014/09/26 09:07:13,1,37.97071,-122.37180,38.386,52.446,0.0,-55,0.721,0.000,0.837
2014/09/26 09:07:18,1,37.97149,-122.37087,49.213,54.068,0.0,-71,1.032,0.417,0.469
2014/09/26 09:07:23,1,37.97228,-122.36996,65.617,52.563,0.0,-71,1.000,0.292,1.262
2014/09/26 09:07:28,1,37.97305,-122.36905,83.333,52.612,0.0,-71,0.904,0.167,0.445
2014/09/26 09:07:33,1,37.97374,-122.36802,80.052,51.868,0.0,-71,1.770,0.417,0.799
2014/09/26 09:07:38,1,37.97411,-122.36688,71.522,45.614,0.0,-71,0.840,0.208,0.655
2014/09/26 09:07:43,1,37.97423,-122.36595,46.260,28.930,0.0,-71,0.881,0.292,0.390
2014/09/26 09:07:48,1,37.97423,-122.36558,49.541,9.466,0.0,-71,1.519,0.000,0.471
2014/09/26 09:07:53,1,37.97422,-122.36555,61.352,0.430,0.0,-71,1.237,0.000,1.703
2014/09/26 09:07:58,1,37.97422,-122.36554,57.087,0.017,0.0,-71,0.632,0.000,0.419
2014/09/26 09:08:03,1,37.97423,-122.36533,53.150,15.589,0.0,-71,0.981,0.000,1.662
2014/09/26 09:08:08,1,37.97423,-122.36449,49.541,38.466,0.0,-71,0.667,0.000,2.657
2014/09/26 09:08:13,1,37.97425,-122.36330,47.572,48.986,0.0,-71,1.051,0.000,0.353
2014/09/26 09:08:18,1,37.97456,-122.36208,36.745,50.916,0.0,-63,1.536,0.000,1.778
2014/09/26 09:08:23,1,37.97517,-122.36100,43.963,53.017,0.0,-63,0.525,0.000,1.622
2014/09/26 09:08:28,1,37.97582,-122.35994,51.181,51.773,0.0,-63,0.891,0.000,1.975
2014/09/26 09:08:33,1,37.97644,-122.35894,63.648,50.475,0.0,-63,0.516,0.000,0.902
2014/09/26 09:08:38,1,37.97708,-122.35790,72.835,52.960,0.0,-63,1.019,0.042,0.638
2014/09/26 09:08:43,1,37.97775,-122.35680,80.052,55.162,0.0,-63,0.683,0.250,1.799
2014/09/26 09:08:48,1,37.97843,-122.35568,88.255,55.648,0.0,-61,0.910,0.000,1.050
2014/09/26 09:08:53,1,37.97911,-122.35456,94.816,55.737,0.0,-61,0.471,0.333,0.000
2014/09/26 09:08:58,1,37.97977,-122.35347,99.409,53.792,0.0,-61,0.260,0.083,1.199
2014/09/26 09:09:03,1,37.98043,-122.35239,101.050,53.245,0.0,-61,0.555,0.292,1.385
2014/09/26 09:09:08,1,37.98109,-122.35131,105.643,53.565,0.0,-61,0.577,0.000,0.000
2014/09/26 09:09:13,1,37.98166,-122.35018,112.205,51.940,0.0,-61,0.429,0.375,1.393
2014/09/26 09:09:18,1,37.98191,-122.34891,121.391,50.840,0.0,-61,0.590,0.083,0.635
2014/09/26 09:09:23,1,37.98194,-122.34761,134.843,50.768,0.0,-69,0.317,0.125,0.000
2014/09/26 09:09:28,1,37.98195,-122.34631,148.950,50.662,0.0,-69,0.403,0.000,4.122
2014/09/26 09:09:33,1,37.98202,-122.34505,161.745,49.499,0.0,-69,0.000,0.083,2.523
2014/09/26 09:09:38,1,37.98235,-122.34384,173.228,50.307,0.0,-69,0.000,0.000,2.346
2014/09/26 09:09:43,1,37.98296,-122.34283,186.680,50.294,0.0,-69,0.000,0.292,0.459
2014/09/26 09:09:48,1,37.98379,-122.34207,195.538,52.194,0.0,-69,0.000,0.625,0.578
2014/09/26 09:09:53,1,37.98473,-122.34138,189.633,53.314,0.0,-71,0.003,1.042,0.478
2014/09/26 09:09:58,1,37.98561,-122.34072,184.711,50.111,0.0,-71,0.333,0.833,1.223
2014/09/26 09:10:03,1,37.98635,-122.34018,177.493,36.112,0.0,-71,0.340,0.333,1.112
2014/09/26 09:10:08,1,37.98680,-122.33984,170.276,19.003,0.0,-71,0.660,0.417,0.445
2014/09/26 09:10:13,1,37.98693,-122.33975,169.619,1.836,0.0,-71,0.940,0.958,0.491
2014/09/26 09:10:18,1,37.98700,-122.33970,163.714,13.087,0.0,-71,0.867,0.917,0.402
2014/09/26 09:10:23,1,37.98751,-122.33932,161.417,37.878,0.0,-63,0.455,1.208,0.530
2014/09/26 09:10:28,1,37.98826,-122.33877,154.856,46.054,0.0,-63,0.203,0.833,0.000
2014/09/26 09:10:33,1,37.98909,-122.33817,148.294,48.213,0.0,-63,0.183,0.375,2.702
2014/09/26 09:10:38,1,37.98993,-122.33754,138.451,47.660,0.0,-63,0.605,0.000,0.402
2014/09/26 09:10:43,1,37.99065,-122.33681,134.843,45.194,0.0,-63,1.066,0.000,0.354
2014/09/26 09:10:48,1,37.99110,-122.33580,134.186,45.932,0.0,-63,0.889,0.000,0.711
2014/09/26 09:10:53,1,37.99121,-122.33463,133.530,46.244,0.0,-69,0.642,0.042,0.449
2014/09/26 09:10:58,1,37.99099,-122.33358,134.514,41.543,0.0,-69,0.806,0.750,0.428
2014/09/26 09:11:03,1,37.99068,-122.33260,129.593,40.983,0.0,-69,0.691,0.625,0.930
2014/09/26 09:11:08,1,37.99037,-122.33167,133.202,38.899,0.0,-69,0.313,0.500,1.016
2014/09/26 09:11:13,1,37.99012,-122.33088,131.562,27.610,0.0,-69,0.306,0.375,1.440
2014/09/26 09:11:18,1,37.99002,-122.33048,128.609,12.189,0.0,-69,0.000,0.792,0.646
2014/09/26 09:11:23,1,37.98997,-122.33015,127.953,18.601,0.0,-69,0.263,0.583,1.906
2014/09/26 09:11:28,1,37.98991,-122.32956,128.937,23.612,0.0,-75,0.256,0.000,0.000
2014/09/26 09:11:33,1,37.98993,-122.32893,133.202,26.938,0.0,-75,0.127,0.458,0.459
2014/09/26 09:11:38,1,37.98996,-122.32808,150.919,38.350,0.0,-75,0.207,0.750,0.730
2014/09/26 09:11:43,1,37.99021,-122.32705,143.701,47.216,0.0,-75,0.295,0.250,3.169
2014/09/26 09:11:48,1,37.99046,-122.32591,116.470,44.551,0.0,-75,0.131,0.500,0.803
2014/09/26 09:11:53,1,37.99029,-122.32482,125.656,43.365,0.0,-75,0.456,0.000,0.758
2014/09/26 09:11:58,1,37.98986,-122.32385,137.795,42.529,0.0,-65,0.000,0.917,3.078
2014/09/26 09:12:03,1,37.98952,-122.32308,144.357,29.224,0.0,-65,0.000,0.708,0.497
2014/09/26 09:12:08,1,37.98930,-122.32276,153.871,9.241,0.0,-65,0.000,1.000,0.591
2014/09/26 09:12:13,1,37.98921,-122.32264,161.745,6.996,0.0,-65,0.003,1.083,0.433
2014/09/26 09:12:18,1,37.98896,-122.32227,173.885,25.850,0.0,-65,0.000,0.000,4.634
2014/09/26 09:12:23,1,37.98861,-122.32164,186.680,31.649,0.0,-65,0.000,0.250,0.414
2014/09/26 09:12:28,1,37.98830,-122.32079,197.507,38.163,0.0,-85,0.000,0.500,1.271
2014/09/26 09:12:33,1,37.98797,-122.31987,224.409,42.263,0.0,-85,0.000,0.000,0.982
2014/09/26 09:12:38,1,37.98758,-122.31899,238.517,38.301,0.0,-85,0.003,0.000,0.228
2014/09/26 09:12:43,1,37.98728,-122.31821,245.735,29.898,0.0,-85,0.079,0.000,1.211
2014/09/26 09:12:48,1,37.98704,-122.31757,241.798,25.074,0.0,-85,0.291,0.000,0.220
2014/09/26 09:12:53,1,37.98686,-122.31695,248.688,30.050,0.0,-85,0.424,0.042,1.247
2014/09/26 09:12:58,1,37.98678,-122.31620,261.483,27.825,0.0,-69,0.451,0.583,0.485
2014/09/26 09:13:03,1,37.98675,-122.31549,273.294,28.673,0.0,-69,0.812,0.917,0.677
2014/09/26 09:13:08,1,37.98672,-122.31475,286.745,30.758,0.0,-69,0.182,0.542,0.386
2014/09/26 09:13:13,1,37.98669,-122.31401,295.932,26.178,0.0,-69,0.422,0.375,1.059
2014/09/26 09:13:18,1,37.98648,-122.31349,306.102,24.007,0.0,-69,0.000,0.500,1.670
2014/09/26 09:13:23,1,37.98599,-122.31354,303.478,28.002,0.0,-69,0.000,0.750,0.275
2014/09/26 09:13:28,1,37.98596,-122.31419,291.339,29.031,0.0,-69,0.000,1.292,0.282
2014/09/26 09:13:33,1,37.98653,-122.31430,283.793,32.648,0.0,-71,0.003,1.000,0.675
2014/09/26 09:13:38,1,37.98735,-122.31386,276.903,50.315,0.0,-71,0.173,0.000,0.000
2014/09/26 09:13:43,1,37.98823,-122.31319,269.357,49.649,0.0,-71,0.263,0.208,4.397
2014/09/26 09:13:48,1,37.98904,-122.31242,265.092,50.989,0.0,-71,0.929,0.500,0.591
2014/09/26 09:13:53,1,37.98986,-122.31148,254.921,58.238,0.0,-71,1.320,0.542,0.352
2014/09/26 09:13:58,1,37.99067,-122.31034,251.312,58.850,0.0,-71,0.558,0.667,0.368
2014/09/26 09:14:03,1,37.99135,-122.30911,244.751,58.776,0.0,-55,0.660,1.250,0.374
2014/09/26 09:14:08,1,37.99197,-122.30778,238.189,60.412,0.0,-55,0.612,1.000,0.290
2014/09/26 09:14:13,1,37.99248,-122.30635,229.659,61.349,0.0,-55,1.257,0.000,0.463
2014/09/26 09:14:18,1,37.99287,-122.30483,205.381,63.212,0.0,-55,0.607,0.042,0.371
2014/09/26 09:14:23,1,37.99315,-122.30325,198.819,63.046,0.0,-55,0.815,0.917,0.424
2014/09/26 09:14:28,1,37.99337,-122.30166,192.913,62.718,0.0,-55,0.790,1.417,0.715
2014/09/26 09:14:33,1,37.99358,-122.30006,182.087,62.525,0.0,-55,0.495,0.875,0.662
2014/09/26 09:14:38,1,37.99380,-122.29846,165.682,64.063,0.0,-55,0.469,0.000,0.535
2014/09/26 09:14:43,1,37.99403,-122.29687,151.247,62.750,0.0,-55,0.746,1.125,0.482
2014/09/26 09:14:49,1,37.99425,-122.29526,135.171,64.875,0.0,-55,0.857,1.167,0.414
2014/09/26 09:14:54,1,37.99447,-122.29364,118.766,64.809,0.0,-55,0.965,1.333,0.443
2014/09/26 09:14:59,1,37.99469,-122.29200,105.971,65.173,0.0,-55,0.771,1.375,0.517
2014/09/26 09:15:04,1,37.99500,-122.29039,91.864,65.231,0.0,-71,0.860,1.250,0.421
2014/09/26 09:15:09,1,37.99549,-122.28884,81.365,65.916,0.0,-71,0.722,0.000,0.326
2014/09/26 09:15:14,1,37.99620,-122.28739,75.459,68.382,0.0,-71,0.348,0.000,0.823
2014/09/26 09:15:19,1,37.99709,-122.28607,77.756,68.347,0.0,-71,0.842,0.000,0.247
2014/09/26 09:15:24,1,37.99812,-122.28499,98.425,65.969,0.0,-71,1.274,0.042,0.466
2014/09/26 09:15:29,1,37.99919,-122.28400,115.486,65.564,0.0,-71,1.065,0.750,0.279
2014/09/26 09:15:34,1,38.00023,-122.28303,130.249,63.118,0.0,-71,0.289,0.750,0.443
2014/09/26 09:15:39,1,38.00127,-122.28206,144.685,63.938,0.0,-75,0.095,0.500,1.102
2014/09/26 09:15:44,1,38.00231,-122.28111,154.199,61.899,0.0,-75,0.247,0.458,0.450
2014/09/26 09:15:49,1,38.00332,-122.28017,151.247,62.827,0.0,-75,0.552,0.833,0.550
2014/09/26 09:15:54,1,38.00436,-122.27922,139.436,64.349,0.0,-75,0.893,0.833,0.510
2014/09/26 09:15:59,1,38.00542,-122.27824,128.937,66.160,0.0,-75,0.943,1.000,0.430
2014/09/26 09:16:04,1,38.00649,-122.27724,101.378,63.981,0.0,-75,0.000,1.000,0.366
2014/09/26 09:16:09,1,38.00752,-122.27630,89.239,63.380,0.0,-55,0.812,1.167,0.570
2014/09/26 09:16:14,1,38.00855,-122.27534,75.787,63.840,0.0,-55,1.072,1.208,0.423
2014/09/26 09:16:19,1,38.00957,-122.27439,74.803,62.734,0.0,-55,0.822,1.333,0.382
2014/09/26 09:16:24,1,38.01055,-122.27348,81.365,59.972,0.0,-55,0.672,0.000,0.279
2014/09/26 09:16:29,1,38.01152,-122.27257,87.270,59.480,0.0,-55,0.952,0.000,0.343
2014/09/26 09:16:34,1,38.01251,-122.27166,84.318,63.954,0.0,-55,1.026,0.042,0.357
2014/09/26 09:16:39,1,38.01358,-122.27069,80.052,64.214,0.0,-51,0.682,0.750,0.542
2014/09/26 09:16:44,1,38.01481,-122.26959,84.318,61.775,0.0,-51,0.997,1.000,0.374
2014/09/26 09:16:49,1,38.01581,-122.26864,91.535,62.584,0.0,-51,0.966,1.375,0.599
2014/09/26 09:16:54,1,38.01682,-122.26767,97.113,63.174,0.0,-51,0.723,1.083,0.466
2014/09/26 09:16:59,1,38.01778,-122.26677,106.627,58.877,0.0,-51,0.536,0.583,1.742
2014/09/26 09:17:04,1,38.01878,-122.26585,103.018,63.384,0.0,-51,0.264,0.333,0.927
2014/09/26 09:17:09,1,38.01978,-122.26492,93.832,60.138,0.0,-67,0.239,0.500,1.482
2014/09/26 09:17:14,1,38.02075,-122.26403,82.349,60.809,0.0,-67,0.343,0.417,0.930
2014/09/26 09:17:19,1,38.02180,-122.26307,70.866,66.007,0.0,-67,0.391,1.042,0.379
2014/09/26 09:17:24,1,38.02287,-122.26209,59.055,63.737,0.0,-67,0.399,0.000,0.719
2014/09/26 09:17:29,1,38.02389,-122.26114,65.289,63.076,0.0,-67,0.366,0.583,0.572
2014/09/26 09:17:34,1,38.02489,-122.26019,90.551,61.443,0.0,-67,0.412,0.792,0.343
2014/09/26 09:17:39,1,38.02586,-122.25926,126.312,60.866,0.0,-67,0.504,0.917,0.434
2014/09/26 09:17:44,1,38.02686,-122.25833,148.950,61.734,0.0,-65,0.517,0.000,0.319
2014/09/26 09:17:49,1,38.02788,-122.25738,169.291,63.536,0.0,-65,0.663,0.000,0.242
2014/09/26 09:17:54,1,38.02893,-122.25641,201.444,65.453,0.0,-65,0.942,0.042,0.346
2014/09/26 09:17:59,1,38.02999,-122.25539,225.066,63.670,0.0,-65,0.721,0.667,0.390
2014/09/26 09:18:04,1,38.03102,-122.25443,238.189,62.947,0.0,-65,0.651,1.167,0.446
2014/09/26 09:18:09,1,38.03205,-122.25346,250.000,62.619,0.0,-65,0.378,1.292,0.393
2014/09/26 09:18:14,1,38.03309,-122.25248,242.126,63.510,0.0,-61,0.551,1.250,0.471
2014/09/26 09:18:19,1,38.03412,-122.25152,232.612,62.015,0.0,-61,0.843,0.875,0.531
2014/09/26 09:18:24,1,38.03514,-122.25057,226.706,62.719,0.0,-61,0.648,1.042,0.486
2014/09/26 09:18:29,1,38.03616,-122.24962,226.706,62.658,0.0,-61,0.847,0.667,0.347
2014/09/26 09:18:34,1,38.03717,-122.24868,230.643,62.274,0.0,-61,0.628,0.000,0.518
2014/09/26 09:18:39,1,38.03817,-122.24774,231.627,62.825,0.0,-61,0.565,0.750,0.420
2014/09/26 09:18:44,1,38.03908,-122.24663,236.877,62.775,0.0,-69,0.672,0.875,0.322
2014/09/26 09:18:49,1,38.03992,-122.24545,240.157,62.289,0.0,-69,0.588,0.792,0.291
2014/09/26 09:18:54,1,38.04076,-122.24426,237.533,61.565,0.0,-69,0.944,0.750,0.378
2014/09/26 09:18:59,1,38.04158,-122.24308,233.596,61.678,0.0,-69,1.593,0.000,0.237
2014/09/26 09:19:04,1,38.04242,-122.24191,226.378,63.395,0.0,-69,1.029,0.042,0.339
2014/09/26 09:19:09,1,38.04326,-122.24072,216.535,62.020,0.0,-69,0.811,1.125,0.423
2014/09/26 09:19:14,1,38.04408,-122.23956,214.239,61.114,0.0,-59,0.836,1.167,0.303
2014/09/26 09:19:19,1,38.04491,-122.23839,214.895,63.288,0.0,-59,0.811,1.208,0.487
2014/09/26 09:19:24,1,38.04576,-122.23721,221.785,62.576,0.0,-59,1.061,0.000,0.630
2014/09/26 09:19:29,1,38.04660,-122.23605,236.549,62.091,0.0,-59,1.488,1.000,0.334
2014/09/26 09:19:34,1,38.04743,-122.23490,250.000,61.434,0.0,-59,0.688,0.917,0.495
2014/09/26 09:19:39,1,38.04822,-122.23378,250.656,58.246,0.0,-59,0.000,1.167,0.353
2014/09/26 09:19:44,1,38.04903,-122.23268,257.874,60.425,0.0,-59,0.387,1.292,0.432
2014/09/26 09:19:49,1,38.04987,-122.23151,252.297,62.020,0.0,-71,0.329,1.333,0.375
2014/09/26 09:19:54,1,38.05071,-122.23033,252.953,62.551,0.0,-71,0.441,0.750,0.839
2014/09/26 09:19:59,1,38.05154,-122.22912,240.814,62.652,0.0,-71,0.484,0.000,1.207
2014/09/26 09:20:04,1,38.05239,-122.22791,234.908,64.098,0.0,-71,0.539,0.000,0.279
2014/09/26 09:20:09,1,38.05323,-122.22673,230.971,61.970,0.0,-71,0.779,0.000,0.971
2014/09/26 09:20:14,1,38.05411,-122.22563,219.488,61.137,0.0,-71,0.486,0.042,0.401
2014/09/26 09:20:19,1,38.05519,-122.22500,204.068,59.855,0.0,-55,0.453,1.042,0.293
2014/09/26 09:20:24,1,38.05627,-122.22488,204.724,52.570,0.0,-55,0.582,1.375,0.371
2014/09/26 09:20:29,1,38.05730,-122.22496,202.428,51.723,0.0,-55,0.950,1.125,0.447
2014/09/26 09:20:34,1,38.05838,-122.22506,198.491,54.039,0.0,-55,0.702,0.792,0.466
2014/09/26 09:20:39,1,38.05954,-122.22514,188.976,58.114,0.0,-55,0.878,1.167,0.573
2014/09/26 09:20:44,1,38.06069,-122.22524,189.961,57.536,0.0,-55,0.757,0.542,0.436
2014/09/26 09:20:49,1,38.06184,-122.22535,190.945,58.177,0.0,-51,0.634,0.750,0.270
2014/09/26 09:20:54,1,38.06300,-122.22546,189.304,58.409,0.0,-51,0.690,0.917,0.513
2014/09/26 09:20:59,1,38.06417,-122.22555,182.415,59.368,0.0,-51,0.602,0.875,0.542
2014/09/26 09:21:04,1,38.06530,-122.22566,176.181,55.260,0.0,-51,0.412,1.250,0.416
2014/09/26 09:21:09,1,38.06634,-122.22575,176.509,51.046,0.0,-51,0.470,0.000,0.534
2014/09/26 09:21:14,1,38.06736,-122.22598,177.493,51.023,0.0,-51,0.755,0.000,0.455
2014/09/26 09:21:19,1,38.06825,-122.22638,178.150,43.368,0.0,-51,0.643,0.042,0.255
2014/09/26 09:21:24,1,38.06888,-122.22668,169.948,28.880,0.0,-51,0.775,0.000,0.619
2014/09/26 09:21:29,1,38.06931,-122.22688,165.682,22.094,0.0,-51,0.909,0.542,0.724
2014/09/26 09:21:34,1,38.06992,-122.22718,159.449,37.734,0.0,-51,0.858,0.583,0.254
2014/09/26 09:21:39,1,38.07085,-122.22767,155.512,51.636,0.0,-51,0.466,1.333,0.343
2014/09/26 09:21:44,1,38.07174,-122.22838,161.745,53.014,0.0,-51,0.436,1.333,0.319
2014/09/26 09:21:49,1,38.07268,-122.22920,161.089,57.878,0.0,-57,0.749,1.333,0.342
2014/09/26 09:21:54,1,38.07374,-122.23004,155.184,64.320,0.0,-57,0.621,1.042,0.434
2014/09/26 09:21:59,1,38.07488,-122.23092,154.528,67.334,0.0,-57,0.556,1.042,0.506
2014/09/26 09:22:04,1,38.07609,-122.23174,149.278,68.416,0.0,-57,0.596,1.333,0.342
2014/09/26 09:22:09,1,38.07738,-122.23237,138.123,68.077,0.0,-57,0.852,1.333,0.398
2014/09/26 09:22:14,1,38.07870,-122.23284,125.656,68.727,0.0,-57,0.958,0.000,0.374
2014/09/26 09:22:19,1,38.08010,-122.23316,111.549,69.752,0.0,-57,0.850,0.000,0.818
2014/09/26 09:22:24,1,38.08147,-122.23332,102.362,67.554,0.0,-77,0.872,0.042,0.474
2014/09/26 09:22:29,1,38.08286,-122.23328,91.535,67.984,0.0,-77,0.779,0.667,0.621
2014/09/26 09:22:34,1,38.08417,-122.23309,91.207,64.808,0.0,-77,0.556,1.208,0.241
2014/09/26 09:22:39,1,38.08542,-122.23280,87.927,61.854,0.0,-77,0.628,1.125,0.946
2014/09/26 09:22:44,1,38.08660,-122.23239,82.349,59.647,0.0,-77,0.530,0.917,0.293
2014/09/26 09:22:49,1,38.08770,-122.23190,80.052,56.841,0.0,-77,0.526,0.875,0.571
2014/09/26 09:22:54,1,38.08873,-122.23139,76.772,53.422,0.0,-51,0.593,0.917,0.594
2014/09/26 09:22:59,1,38.08959,-122.23101,76.444,41.770,0.0,-51,0.342,1.000,0.447
2014/09/26 09:23:04,1,38.09014,-122.23051,64.633,31.977,0.0,-51,0.317,0.750,0.771
2014/09/26 09:23:09,1,38.09032,-122.22972,65.289,31.746,0.0,-51,0.257,0.917,0.427
2014/09/26 09:23:14,1,38.09079,-122.22920,56.759,30.313,0.0,-51,0.487,0.000,0.880
2014/09/26 09:23:19,1,38.09093,-122.22852,47.900,26.386,0.0,-51,0.281,0.750,2.407
2014/09/26 09:23:24,1,38.09068,-122.22754,48.556,41.883,0.0,-81,0.233,0.542,0.391
2014/09/26 09:23:29,1,38.09037,-122.22648,47.900,44.757,0.0,-81,0.438,0.000,0.243
2014/09/26 09:23:34,1,38.09003,-122.22528,43.635,52.822,0.0,-81,0.521,0.000,0.294
2014/09/26 09:23:39,1,38.08965,-122.22392,48.228,57.917,0.0,-81,0.651,0.042,0.635
2014/09/26 09:23:44,1,38.08925,-122.22247,51.181,60.891,0.0,-81,0.371,0.583,0.360
2014/09/26 09:23:49,1,38.08886,-122.22103,54.134,59.151,0.0,-81,0.587,0.875,0.462
2014/09/26 09:23:54,1,38.08845,-122.21963,56.102,58.698,0.0,-87,0.872,0.917,0.420
2014/09/26 09:23:59,1,38.08794,-122.21828,61.024,58.034,0.0,-87,0.000,0.542,1.063
2014/09/26 09:24:04,1,38.08738,-122.21704,73.163,56.028,0.0,-87,0.756,0.500,1.159
2014/09/26 09:24:09,1,38.08686,-122.21586,88.911,52.656,0.0,-87,0.305,0.000,0.000
2014/09/26 09:24:14,1,38.08643,-122.21467,104.987,51.616,0.0,-87,0.100,0.375,1.089
2014/09/26 09:24:19,1,38.08609,-122.21347,121.719,49.218,0.0,-87,0.320,0.000,2.243
2014/09/26 09:24:24,1,38.08583,-122.21232,130.906,46.618,0.0,-87,0.180,0.250,0.690
2014/09/26 09:24:29,1,38.08563,-122.21134,141.404,38.240,0.0,-71,0.493,0.583,0.303
2014/09/26 09:24:34,1,38.08549,-122.21084,152.559,16.167,0.0,-71,0.482,0.667,1.175
2014/09/26 09:24:39,1,38.08549,-122.21080,157.480,1.435,0.0,-71,0.287,0.292,3.727
2014/09/26 09:24:44,1,38.08549,-122.21081,165.354,0.161,0.0,-71,0.238,0.542,0.269
2014/09/26 09:24:49,1,38.08549,-122.21082,169.291,0.093,0.0,-71,0.260,0.583,1.066
2014/09/26 09:24:54,1,38.08549,-122.21083,176.181,0.107,0.0,-71,0.339,0.000,0.956
2014/09/26 09:24:59,1,38.08550,-122.21083,180.774,0.256,0.0,-75,0.222,0.292,1.440
2014/09/26 09:25:04,1,38.08547,-122.21073,178.478,11.443,0.0,-75,0.368,0.542,0.439
2014/09/26 09:25:09,1,38.08548,-122.21032,187.336,20.782,0.0,-75,0.307,0.417,1.018
2014/09/26 09:25:14,1,38.08590,-122.20996,192.257,28.604,0.0,-75,0.381,0.000,0.284
2014/09/26 09:25:19,1,38.08651,-122.20972,195.210,34.940,0.0,-75,0.258,0.750,0.654
2014/09/26 09:25:24,1,38.08726,-122.20959,193.241,39.847,0.0,-75,0.279,0.750,0.338
2014/09/26 09:25:29,1,38.08797,-122.20917,202.100,37.434,0.0,-79,0.329,0.708,0.987
2014/09/26 09:25:34,1,38.08854,-122.20877,205.709,28.711,0.0,-79,0.264,0.000,1.506
2014/09/26 09:25:39,1,38.08889,-122.20852,210.958,14.136,0.0,-79,0.191,0.000,1.939
2014/09/26 09:25:44,1,38.08877,-122.20811,209.974,23.705,0.0,-79,0.247,0.000,0.758
2014/09/26 09:25:49,1,38.08843,-122.20744,196.194,34.256,0.0,-79,0.461,0.000,1.758
2014/09/26 09:25:54,1,38.08799,-122.20664,197.835,41.904,0.0,-79,0.904,0.000,0.279
2014/09/26 09:25:59,1,38.08748,-122.20571,206.037,47.130,0.0,-81,0.955,0.042,0.358
2014/09/26 09:26:04,1,38.08694,-122.20472,207.349,46.561,0.0,-81,0.643,0.708,0.373
2014/09/26 09:26:09,1,38.08649,-122.20388,195.538,31.201,0.0,-81,0.745,1.375,0.343
2014/09/26 09:26:14,1,38.08626,-122.20348,184.383,11.005,0.0,-81,0.921,1.250,0.435
2014/09/26 09:26:19,1,38.08611,-122.20345,183.071,8.172,0.0,-81,0.743,1.125,0.327
