Date-Time,DOP,Latitude,Longitude,Altitude (ft),Speed (mph),Heading (deg),mod1 SS (dBm),mod1 Down (Mbs),mod1 Up (Mbs),mod1 Ping (Sec)
2014/08/18 14:24:48,2.43,37.79596,-122.26721,112.533,1.272,0.0,-113,1.571,0.333,0.188
2014/08/18 14:24:53,1.95,37.79599,-122.26727,115.814,3.280,0.0,-113,2.083,0.333,0.294
2014/08/18 14:24:58,2.1,37.79600,-122.26729,104.659,1.897,0.0,-113,2.099,0.250,0.177
2014/08/18 14:25:03,1.95,37.79598,-122.26736,114.173,2.002,0.0,-113,1.536,0.250,0.720
2014/08/18 14:25:08,1.95,37.79592,-122.26743,145.669,5.282,0.0,-113,1.051,0.000,0.776
2014/08/18 14:25:13,2.43,37.79575,-122.26760,139.764,7.292,0.0,-113,0.500,0.375,1.189
2014/08/18 14:25:18,1.95,37.79558,-122.26773,72.835,0.036,0.0,-113,0.574,0.167,1.374
2014/08/18 14:25:23,1.95,37.79554,-122.26775,56.759,1.474,0.0,-113,0.545,0.167,0.750
2014/08/18 14:25:28,1.95,37.79540,-122.26771,41.667,9.588,0.0,-113,0.423,0.292,2.125
2014/08/18 14:25:33,1.95,37.79526,-122.26744,34.449,14.605,0.0,-113,0.583,0.000,1.366
2014/08/18 14:25:38,1.95,37.79509,-122.26706,30.184,16.270,0.0,-113,0.455,0.250,2.029
2014/08/18 14:25:43,1.95,37.79501,-122.26674,26.247,9.990,0.0,-113,0.327,0.292,1.794
2014/08/18 14:25:49,1.95,37.79516,-122.26660,31.168,8.325,0.0,-113,0.311,0.000,0.986
2014/08/18 14:25:54,1.96,37.79540,-122.26648,36.417,9.914,0.0,-113,0.324,0.167,2.543
2014/08/18 14:25:59,1.96,37.79559,-122.26657,36.417,13.243,0.0,-113,0.371,0.208,1.898
2014/08/18 14:26:04,1.96,37.79571,-122.26689,59.055,15.761,0.0,-113,0.673,0.000,1.258
2014/08/18 14:26:09,1.96,37.79587,-122.26721,56.430,9.409,0.0,-113,0.959,0.208,0.429
2014/08/18 14:26:14,2.44,37.79590,-122.26727,48.228,0.045,0.0,-113,1.118,0.292,0.893
2014/08/18 14:26:19,1.96,37.79591,-122.26728,40.682,1.271,0.0,-113,1.725,0.458,0.586
2014/08/18 14:26:24,1.96,37.79591,-122.26728,37.402,0.034,0.0,-113,1.843,0.542,0.269
2014/08/18 14:26:29,1.96,37.79591,-122.26728,34.121,0.019,0.0,-113,1.619,0.458,0.651
2014/08/18 14:26:34,1.96,37.79595,-122.26736,32.808,8.910,0.0,-113,1.420,0.000,0.429
2014/08/18 14:26:39,1.96,37.79608,-122.26769,35.433,17.842,0.0,-113,1.291,0.250,0.658
2014/08/18 14:26:44,1.96,37.79622,-122.26808,37.402,15.830,0.0,-113,0.756,0.292,1.045
2014/08/18 14:26:49,4.2,37.79633,-122.26848,39.042,20.116,0.0,-113,0.577,0.167,0.440
2014/08/18 14:26:54,1.96,37.79652,-122.26907,38.386,26.462,0.0,-113,0.660,0.167,0.838
2014/08/18 14:26:59,1.96,37.79673,-122.26969,41.667,25.691,0.0,-113,0.981,0.000,1.182
2014/08/18 14:27:04,2.02,37.79691,-122.27021,45.932,16.178,0.0,-113,0.721,0.250,0.689
2014/08/18 14:27:09,1.96,37.79704,-122.27056,47.244,16.726,0.0,-113,0.821,0.250,0.809
2014/08/18 14:27:14,1.96,37.79720,-122.27103,49.869,23.732,0.0,-113,0.693,0.167,0.470
2014/08/18 14:27:19,1.96,37.79744,-122.27170,51.509,32.810,0.0,-113,1.368,0.250,0.677
2014/08/18 14:27:24,1.96,37.79776,-122.27255,53.806,39.810,0.0,-113,2.596,0.000,0.198
2014/08/18 14:27:29,1.96,37.79814,-122.27351,54.134,44.394,0.0,-113,1.349,0.417,0.569
2014/08/18 14:27:34,1.96,37.79856,-122.27459,52.822,49.553,0.0,-113,0.000,0.167,1.290
2014/08/18 14:27:39,1.96,37.79903,-122.27576,51.181,53.363,0.0,-113,0.196,0.000,4.430
2014/08/18 14:27:44,1.96,37.79956,-122.27700,49.213,57.757,0.0,-113,0.236,0.083,2.020
2014/08/18 14:27:49,2.02,37.80011,-122.27826,45.276,51.699,0.0,-113,0.363,0.000,0.633
2014/08/18 14:27:54,1.96,37.80068,-122.27923,53.806,47.105,0.0,-113,0.907,0.292,0.713
2014/08/18 14:27:59,1.92,37.80152,-122.27982,56.430,48.897,0.0,-113,1.397,0.250,0.811
2014/08/18 14:28:04,1.92,37.80254,-122.27994,48.885,53.089,0.0,-113,1.225,0.000,1.466
2014/08/18 14:28:09,1.92,37.80358,-122.27953,30.840,56.577,0.0,-113,0.561,0.250,2.042
2014/08/18 14:28:14,1.92,37.80473,-122.27897,12.139,63.868,0.0,-113,0.253,0.083,2.090
2014/08/18 14:28:19,1.92,37.80592,-122.27834,1.969,64.309,0.0,-113,0.417,0.000,0.959
2014/08/18 14:28:24,2.02,37.80705,-122.27764,-17.060,61.715,0.0,-113,0.285,0.167,1.790
2014/08/18 14:28:29,2.02,37.80817,-122.27695,-14.108,62.912,0.0,-113,0.289,0.083,2.221
2014/08/18 14:28:34,1.92,37.80930,-122.27615,-10.827,65.267,0.0,-113,0.961,0.000,1.685
2014/08/18 14:28:39,1.92,37.81045,-122.27533,7.218,64.893,0.0,-113,0.443,0.250,3.202
2014/08/18 14:28:44,1.92,37.81150,-122.27443,26.903,62.656,0.0,-113,0.179,0.000,2.578
2014/08/18 14:28:49,1.92,37.81246,-122.27336,37.073,64.411,0.0,-113,0.458,0.083,0.602
2014/08/18 14:28:54,1.92,37.81345,-122.27226,37.730,65.878,0.0,-113,0.898,0.208,0.672
2014/08/18 14:28:59,1.97,37.81450,-122.27123,48.885,66.251,0.0,-113,2.189,0.250,0.462
2014/08/18 14:29:04,1.92,37.81572,-122.27058,57.087,66.943,0.0,-113,0.946,0.250,1.102
2014/08/18 14:29:09,1.92,37.81705,-122.27021,52.165,68.669,0.0,-113,0.429,0.250,1.331
2014/08/18 14:29:14,1.92,37.81841,-122.26984,55.446,68.859,0.0,-113,0.423,0.250,2.070
2014/08/18 14:29:19,1.92,37.81978,-122.26946,53.478,70.383,0.0,-113,0.295,0.000,4.406
2014/08/18 14:29:24,1.92,37.82119,-122.26907,44.291,72.970,0.0,-113,0.170,0.208,0.000
2014/08/18 14:29:29,1.92,37.82264,-122.26864,35.105,74.131,0.0,-113,0.176,0.000,2.715
2014/08/18 14:29:34,2.19,37.82406,-122.26819,40.026,70.856,0.0,-113,0.253,0.083,1.663
2014/08/18 14:29:39,1.92,37.82539,-122.26774,59.711,68.660,0.0,-113,0.157,0.000,4.018
2014/08/18 14:29:44,1.92,37.82670,-122.26735,84.974,66.140,0.0,-113,0.106,0.083,0.000
2014/08/18 14:29:49,2.08,37.82799,-122.26706,95.144,65.062,0.0,-113,0.000,0.083,6.674
2014/08/18 14:29:54,1.92,37.82928,-122.26678,102.690,66.153,0.0,-113,0.000,0.208,1.657
2014/08/18 14:29:59,1.92,37.83061,-122.26651,110.892,67.275,0.0,-113,0.000,0.375,0.790
2014/08/18 14:30:04,1.92,37.83194,-122.26623,115.157,67.654,0.0,-113,0.000,1.125,0.186
2014/08/18 14:30:09,1.92,37.83325,-122.26597,114.173,64.370,0.0,-113,0.003,0.875,0.377
2014/08/18 14:30:14,1.92,37.83453,-122.26577,121.063,63.860,0.0,-113,0.159,0.000,0.767
2014/08/18 14:30:19,1.92,37.83584,-122.26562,127.953,66.342,0.0,-113,0.439,0.750,0.750
2014/08/18 14:30:24,1.92,37.83718,-122.26541,135.171,67.133,0.0,-113,0.265,0.292,0.810
2014/08/18 14:30:29,1.92,37.83849,-122.26497,137.795,68.412,0.0,-113,0.339,0.375,1.045
2014/08/18 14:30:34,1.92,37.83967,-122.26408,139.764,68.844,0.0,-113,0.468,0.458,2.174
2014/08/18 14:30:39,1.86,37.84062,-122.26280,145.013,69.127,0.0,-113,0.279,0.375,1.614
2014/08/18 14:30:44,1.86,37.84126,-122.26129,149.934,67.088,0.0,-113,0.346,0.292,0.834
2014/08/18 14:30:49,1.86,37.84175,-122.25975,154.528,63.315,0.0,-113,0.859,0.000,0.889
2014/08/18 14:30:54,1.87,37.84223,-122.25823,160.105,65.363,0.0,-113,0.603,0.375,1.198
2014/08/18 14:30:59,1.96,37.84271,-122.25669,166.667,63.689,0.0,-113,0.490,0.167,1.654
2014/08/18 14:31:04,1.89,37.84318,-122.25521,174.213,63.294,0.0,-113,0.301,0.000,2.277
2014/08/18 14:31:09,1.89,37.84367,-122.25371,182.415,65.833,0.0,-113,0.186,0.125,3.350
2014/08/18 14:31:14,1.89,37.84424,-122.25221,188.320,64.666,0.0,-113,0.276,0.083,1.377
2014/08/18 14:31:19,1.89,37.84481,-122.25075,194.554,64.859,0.0,-113,0.183,0.000,0.000
2014/08/18 14:31:24,1.87,37.84540,-122.24925,199.475,65.938,0.0,-113,0.000,0.000,5.393
2014/08/18 14:31:29,1.89,37.84601,-122.24781,212.270,62.032,0.0,-113,0.000,0.000,0.000
2014/08/18 14:31:34,1.89,37.84666,-122.24651,230.315,60.049,0.0,-113,0.000,0.000,0.000
2014/08/18 14:31:39,1.89,37.84733,-122.24529,247.375,58.138,0.0,-113,0.032,0.000,1.183
2014/08/18 14:31:44,1.89,37.84798,-122.24413,264.108,56.508,0.0,-113,0.146,0.000,2.651
2014/08/18 14:31:49,2.05,37.84866,-122.24292,272.966,59.526,0.0,-113,0.299,0.000,0.000
2014/08/18 14:31:54,1.97,37.84935,-122.24163,279.856,62.620,0.0,-113,0.000,0.000,6.158
2014/08/18 14:31:59,1.87,37.84986,-122.24018,303.478,63.301,0.0,-113,0.000,0.000,1.507
2014/08/18 14:32:04,1.87,37.84985,-122.23829,335.302,61.448,0.0,-113,0.000,0.083,0.187
2014/08/18 14:32:09,1.87,37.84934,-122.23692,362.533,59.176,0.0,-113,0.003,0.583,0.523
2014/08/18 14:32:14,1.87,37.84882,-122.23560,390.748,57.850,0.0,-113,0.257,0.542,0.586
2014/08/18 14:32:19,1.89,37.84867,-122.23418,416.339,54.986,0.0,-113,0.576,0.000,1.694
2014/08/18 14:32:24,1.87,37.84881,-122.23282,438.976,54.716,0.0,-113,0.243,0.000,2.765
2014/08/18 14:32:29,1.89,37.84895,-122.23143,457.677,55.452,0.0,-113,0.257,0.167,0.000
2014/08/18 14:32:34,1.93,37.84894,-122.23001,478.018,57.159,0.0,-113,0.285,0.125,0.907
2014/08/18 14:32:39,1.87,37.84878,-122.22858,500.328,57.587,0.0,-113,0.721,0.000,0.743
2014/08/18 14:32:44,1.87,37.84862,-122.22711,524.934,59.200,0.0,-113,0.529,0.083,0.594
2014/08/18 14:32:49,1.87,37.84874,-122.22563,550.525,59.177,0.0,-113,0.484,0.125,2.106
2014/08/18 14:32:54,1.89,37.84928,-122.22429,576.772,61.216,0.0,-113,0.423,0.000,2.334
2014/08/18 14:32:59,1.87,37.85022,-122.22328,601.050,61.523,0.0,-113,0.000,0.000,0.000
2014/08/18 14:33:04,1.87,37.85136,-122.22274,622.703,61.293,0.0,-113,0.000,0.167,8.017
2014/08/18 14:33:09,1.87,37.85255,-122.22225,647.638,62.917,0.0,-113,0.000,0.292,0.993
2014/08/18 14:33:14,1.89,37.85358,-122.22135,676.837,62.599,0.0,-113,0.000,1.167,0.379
2014/08/18 14:33:19,1.89,37.85425,-122.22003,703.412,61.973,0.0,-113,0.000,0.000,2.043
2014/08/18 14:33:24,1.89,37.85454,-122.21856,728.675,53.993,0.0,-113,0.000,0.500,1.972
2014/08/18 14:33:29,1.89,37.85468,-122.21746,745.407,36.953,0.0,-113,0.000,0.292,0.000
2014/08/18 14:33:34,2.26,37.85485,-122.21659,759.186,34.441,0.0,-113,0.000,0.083,4.235
2014/08/18 14:33:40,8.52,37.85486,-122.21645,744.751,25.781,0.0,-113,0.000,0.000,0.000
2014/08/18 14:33:45,8.52,37.85486,-122.21645,744.751,25.781,0.0,-113,0.000,0.000,0.000
2014/08/18 14:33:50,8.52,37.85486,-122.21645,744.751,25.781,0.0,-113,0.000,0.000,1.342
2014/08/18 14:33:55,8.52,37.85486,-122.21645,744.751,25.781,0.0,-113,0.000,0.000,0.902
2014/08/18 14:34:00,8.52,37.85486,-122.21645,744.751,25.781,0.0,-113,0.003,0.000,0.367
2014/08/18 14:34:05,8.52,37.85486,-122.21645,744.751,25.781,0.0,-113,0.183,0.000,0.000
2014/08/18 14:34:10,8.52,37.85486,-122.21645,744.751,25.781,0.0,-113,0.000,0.042,1.774
2014/08/18 14:34:15,8.52,37.85486,-122.21645,744.751,25.781,0.0,-113,0.000,0.208,1.538
2014/08/18 14:34:20,8.52,37.85486,-122.21645,744.751,25.781,0.0,-113,0.000,0.000,2.409
2014/08/18 14:34:25,4.7,37.86138,-122.20964,771.325,57.315,0.0,-113,0.000,0.375,0.000
2014/08/18 14:34:30,1.89,37.86240,-122.20925,906.824,45.420,0.0,-113,0.000,0.042,3.526
2014/08/18 14:34:35,1.89,37.86337,-122.20912,904.528,49.421,0.0,-113,0.000,0.250,1.327
2014/08/18 14:34:40,1.89,37.86437,-122.20881,885.827,53.550,0.0,-113,0.000,0.208,0.000
2014/08/18 14:34:45,1.99,37.86528,-122.20805,866.142,54.396,0.0,-113,0.000,0.250,2.794
2014/08/18 14:34:50,1.99,37.86594,-122.20692,846.785,56.942,0.0,-113,0.000,0.208,2.879
2014/08/18 14:34:55,1.99,37.86638,-122.20554,828.412,61.255,0.0,-113,0.003,0.250,1.059
2014/08/18 14:35:00,1.99,37.86683,-122.20406,807.087,63.001,0.0,-113,0.044,0.000,2.062
2014/08/18 14:35:05,1.89,37.86715,-122.20251,785.761,63.478,0.0,-113,0.125,0.208,1.734
2014/08/18 14:35:10,1.89,37.86729,-122.20092,762.795,62.070,0.0,-113,0.153,0.167,2.986
2014/08/18 14:35:15,1.89,37.86728,-122.19932,739.829,65.206,0.0,-113,0.087,0.000,0.000
2014/08/18 14:35:20,1.97,37.86738,-122.19767,715.879,68.191,0.0,-113,0.000,0.083,7.115
2014/08/18 14:35:25,1.97,37.86785,-122.19609,693.898,64.310,0.0,-113,0.000,0.250,1.479
2014/08/18 14:35:30,1.89,37.86860,-122.19481,674.869,62.238,0.0,-113,0.000,0.000,2.170
2014/08/18 14:35:35,2.38,37.86949,-122.19361,655.184,64.801,0.0,-113,0.000,0.208,1.771
2014/08/18 14:35:40,2.38,37.87038,-122.19242,635.171,64.195,0.0,-113,0.003,0.250,1.530
2014/08/18 14:35:45,2.38,37.87127,-122.19124,615.157,64.801,0.0,-113,0.051,0.250,2.283
2014/08/18 14:35:50,2.3,37.87218,-122.19003,595.801,66.166,0.0,-113,0.114,0.167,0.000
2014/08/18 14:35:55,2.38,37.87310,-122.18881,575.131,66.691,0.0,-113,0.191,0.167,1.109
2014/08/18 14:36:00,1.99,37.87404,-122.18760,554.134,66.409,0.0,-113,0.003,0.000,1.170
2014/08/18 14:36:05,1.99,37.87501,-122.18645,538.058,66.477,0.0,-113,0.076,0.250,0.829
2014/08/18 14:36:10,1.89,37.87606,-122.18539,524.606,67.907,0.0,-113,0.000,0.167,3.450
2014/08/18 14:36:15,1.99,37.87719,-122.18440,510.171,69.455,0.0,-113,0.000,0.250,1.378
2014/08/18 14:36:20,1.89,37.87840,-122.18346,494.751,71.168,0.0,-113,0.000,0.000,2.430
2014/08/18 14:36:25,1.89,37.87963,-122.18253,496.063,71.200,0.0,-113,0.000,0.208,1.290
2014/08/18 14:36:30,1.89,37.88084,-122.18162,510.171,69.082,0.0,-113,0.000,0.250,2.382
2014/08/18 14:36:35,2.04,37.88202,-122.18075,523.622,67.202,0.0,-113,0.000,0.250,0.969
2014/08/18 14:36:40,1.89,37.88320,-122.17996,536.417,64.949,0.0,-113,0.003,0.250,1.111
2014/08/18 14:36:45,1.89,37.88436,-122.17925,551.509,64.222,0.0,-113,0.044,0.167,3.738
2014/08/18 14:36:50,1.89,37.88553,-122.17854,563.648,63.918,0.0,-113,0.130,0.167,2.674
2014/08/18 14:36:55,1.89,37.88666,-122.17782,575.787,62.612,0.0,-113,0.000,0.083,2.307
2014/08/18 14:37:00,1.89,37.88772,-122.17698,584.974,59.953,0.0,-113,0.000,0.000,0.000
2014/08/18 14:37:05,1.89,37.88866,-122.17603,591.207,61.001,0.0,-113,0.000,0.333,2.442
2014/08/18 14:37:10,1.89,37.88956,-122.17492,600.722,63.403,0.0,-113,0.000,0.250,2.222
2014/08/18 14:37:15,1.89,37.89035,-122.17365,609.580,64.603,0.0,-113,0.003,0.250,1.078
2014/08/18 14:37:20,1.89,37.89104,-122.17224,617.782,65.387,0.0,-113,0.102,0.000,0.000
2014/08/18 14:37:25,1.89,37.89159,-122.17074,625.984,65.615,0.0,-113,0.193,0.167,4.130
2014/08/18 14:37:30,1.97,37.89205,-122.16918,621.391,66.218,0.0,-113,0.183,0.083,5.213
2014/08/18 14:37:35,1.97,37.89239,-122.16759,606.299,64.903,0.0,-113,0.151,0.000,0.000
2014/08/18 14:37:40,1.89,37.89264,-122.16597,591.207,65.861,0.0,-113,0.138,0.083,4.984
2014/08/18 14:37:45,1.89,37.89278,-122.16427,575.787,67.835,0.0,-113,0.189,0.000,3.346
2014/08/18 14:37:50,1.89,37.89282,-122.16256,557.743,66.155,0.0,-113,0.198,0.000,0.000
2014/08/18 14:37:55,1.89,37.89275,-122.16093,540.354,63.723,0.0,-113,0.183,0.000,3.711
2014/08/18 14:38:00,1.89,37.89258,-122.15931,521.325,65.589,0.0,-113,0.192,0.000,3.730
2014/08/18 14:38:05,1.97,37.89233,-122.15765,503.609,66.959,0.0,-113,0.003,0.000,2.690
2014/08/18 14:38:10,1.97,37.89208,-122.15596,487.533,67.392,0.0,-113,0.140,0.000,1.966
2014/08/18 14:38:15,1.97,37.89184,-122.15430,471.129,66.349,0.0,-113,0.206,0.000,2.450
2014/08/18 14:38:20,1.97,37.89158,-122.15260,455.052,68.411,0.0,-113,0.205,0.000,3.090
2014/08/18 14:38:25,1.97,37.89132,-122.15087,438.320,70.536,0.0,-113,0.215,0.000,0.000
2014/08/18 14:38:30,1.97,37.89106,-122.14913,423.556,67.769,0.0,-113,0.188,0.000,1.229
2014/08/18 14:38:35,1.89,37.89086,-122.14747,412.073,66.249,0.0,-113,0.160,0.000,0.000
2014/08/18 14:38:40,1.89,37.89096,-122.14579,409.449,66.423,0.0,-113,0.000,0.000,2.970
2014/08/18 14:38:45,1.89,37.89118,-122.14414,418.635,63.683,0.0,-113,0.003,0.000,2.350
2014/08/18 14:38:50,1.89,37.89128,-122.14261,427.822,59.941,0.0,-113,0.000,0.042,3.530
2014/08/18 14:38:55,1.97,37.89114,-122.14113,443.241,58.641,0.0,-113,0.000,0.292,1.177
2014/08/18 14:39:00,1.89,37.89087,-122.13965,458.661,60.548,0.0,-113,0.000,0.000,2.091
2014/08/18 14:39:05,1.89,37.89060,-122.13816,462.927,59.910,0.0,-113,0.003,0.333,1.551
2014/08/18 14:39:10,1.89,37.89042,-122.13667,458.990,59.876,0.0,-113,0.127,0.000,1.899
2014/08/18 14:39:15,1.89,37.89051,-122.13511,446.850,62.479,0.0,-113,0.183,0.250,5.031
2014/08/18 14:39:20,1.97,37.89083,-122.13354,433.071,64.723,0.0,-113,0.132,0.083,0.000
2014/08/18 14:39:25,1.89,37.89121,-122.13197,420.276,65.143,0.0,-113,0.096,0.000,5.807
2014/08/18 14:39:30,1.97,37.89159,-122.13039,406.824,65.351,0.0,-113,0.099,0.083,0.000
2014/08/18 14:39:35,1.97,37.89198,-122.12878,392.060,67.925,0.0,-113,0.000,0.292,5.610
2014/08/18 14:39:40,1.97,37.89240,-122.12706,383.530,71.893,0.0,-113,0.000,0.000,2.362
2014/08/18 14:39:45,1.89,37.89282,-122.12532,378.609,70.453,0.0,-113,0.000,0.250,1.411
2014/08/18 14:39:50,1.97,37.89322,-122.12368,375.656,68.281,0.0,-113,0.000,0.000,1.111
2014/08/18 14:39:55,1.97,37.89361,-122.12200,370.735,69.144,0.0,-113,0.000,0.250,5.030
2014/08/18 14:40:00,1.97,37.89391,-122.12029,365.814,69.900,0.0,-113,0.000,0.000,0.000
2014/08/18 14:40:05,1.89,37.89419,-122.11856,361.877,69.646,0.0,-113,0.000,0.083,4.211
2014/08/18 14:40:10,1.97,37.89447,-122.11683,359.580,69.433,0.0,-113,0.000,0.208,1.997
2014/08/18 14:40:15,1.97,37.89476,-122.11507,357.612,71.608,0.0,-113,0.003,0.250,2.022
2014/08/18 14:40:20,1.97,37.89505,-122.11332,356.627,69.886,0.0,-113,0.000,0.000,1.399
2014/08/18 14:40:25,1.97,37.89533,-122.11161,356.299,67.441,0.0,-113,0.044,0.167,3.991
2014/08/18 14:40:30,1.97,37.89560,-122.10995,357.612,66.712,0.0,-113,0.057,0.000,0.000
2014/08/18 14:40:35,1.97,37.89587,-122.10830,351.378,66.110,0.0,-113,0.057,0.083,0.000
2014/08/18 14:40:40,1.97,37.89615,-122.10665,343.176,66.518,0.0,-113,0.049,0.000,0.000
2014/08/18 14:40:45,1.97,37.89641,-122.10501,334.318,65.583,0.0,-113,0.055,0.000,0.000
2014/08/18 14:40:50,1.97,37.89668,-122.10338,333.005,66.129,0.0,-113,0.029,0.000,0.000
2014/08/18 14:40:55,1.97,37.89695,-122.10172,335.630,67.097,0.0,-113,0.000,0.083,0.000
2014/08/18 14:41:00,1.97,37.89723,-122.10005,338.255,67.614,0.0,-113,0.000,0.083,8.170
2014/08/18 14:41:05,1.97,37.89745,-122.09835,338.255,67.878,0.0,-113,0.000,0.292,1.798
2014/08/18 14:41:10,1.97,37.89755,-122.09667,332.021,65.839,0.0,-113,0.000,0.000,1.134
2014/08/18 14:41:15,1.97,37.89760,-122.09495,318.898,70.420,0.0,-113,0.000,0.250,1.667
2014/08/18 14:41:20,1.89,37.89764,-122.09315,311.352,70.207,0.0,-113,0.000,0.250,1.450
2014/08/18 14:41:25,1.89,37.89770,-122.09136,320.210,71.536,0.0,-113,0.000,0.292,1.991
2014/08/18 14:41:30,2.18,37.89775,-122.08955,333.333,70.765,0.0,-113,0.003,0.000,1.679
2014/08/18 14:41:35,1.89,37.89781,-122.08774,346.457,70.926,0.0,-113,0.025,0.167,0.000
2014/08/18 14:41:40,2.18,37.89784,-122.08605,348.425,63.576,0.0,-113,0.000,0.083,4.651
2014/08/18 14:41:45,1.96,37.89781,-122.08443,340.551,64.499,0.0,-113,0.044,0.208,2.850
2014/08/18 14:41:50,1.96,37.89762,-122.08282,326.115,65.061,0.0,-113,0.076,0.083,3.870
2014/08/18 14:41:55,1.96,37.89727,-122.08120,313.648,66.912,0.0,-113,0.136,0.000,0.000
2014/08/18 14:42:00,1.96,37.89682,-122.07956,299.869,68.676,0.0,-113,0.090,0.125,6.050
2014/08/18 14:42:05,1.96,37.89639,-122.07798,284.777,64.394,0.0,-113,0.129,0.000,3.908
2014/08/18 14:42:10,1.96,37.89599,-122.07645,276.903,61.373,0.0,-113,0.083,0.167,1.870
2014/08/18 14:42:15,1.96,37.89588,-122.07493,274.934,59.856,0.0,-113,0.000,0.208,1.406
2014/08/18 14:42:20,1.96,37.89614,-122.07351,274.278,56.195,0.0,-113,0.000,0.000,1.370
2014/08/18 14:42:25,1.96,37.89675,-122.07233,267.717,56.536,0.0,-113,0.003,0.292,1.610
2014/08/18 14:42:30,1.96,37.89766,-122.07144,253.609,58.316,0.0,-113,0.083,0.000,1.949
2014/08/18 14:42:35,2.09,37.89878,-122.07097,232.940,59.857,0.0,-113,0.190,0.250,0.000
2014/08/18 14:42:40,1.96,37.90001,-122.07070,211.614,63.681,0.0,-113,0.061,0.000,0.000
2014/08/18 14:42:45,1.96,37.90126,-122.07042,202.428,62.890,0.0,-113,0.013,0.000,0.000
2014/08/18 14:42:50,2.38,37.90249,-122.07014,204.068,62.443,0.0,-113,0.013,0.000,0.000
2014/08/18 14:42:55,1.96,37.90372,-122.06986,215.223,62.384,0.0,-113,0.029,0.000,0.000
2014/08/18 14:43:00,1.96,37.90520,-122.06953,221.129,62.795,0.0,-113,0.000,0.000,0.000
2014/08/18 14:43:05,1.96,37.90644,-122.06923,225.394,62.852,0.0,-113,0.048,0.000,0.000
2014/08/18 14:43:10,2.07,37.90768,-122.06884,223.097,64.296,0.0,-113,0.000,0.083,0.000
2014/08/18 14:43:15,1.96,37.90894,-122.06840,209.646,65.457,0.0,-113,0.000,0.167,0.843
2014/08/18 14:43:20,1.96,37.91020,-122.06795,194.882,65.483,0.0,-113,0.000,0.292,1.663
2014/08/18 14:43:25,1.96,37.91147,-122.06750,182.087,65.760,0.0,-113,0.003,0.167,1.657
2014/08/18 14:43:30,1.96,37.91275,-122.06705,168.307,66.972,0.0,-113,0.070,0.000,2.730
2014/08/18 14:43:35,1.96,37.91407,-122.06655,152.559,69.111,0.0,-113,0.103,0.167,4.970
2014/08/18 14:43:40,1.96,37.91537,-122.06582,133.858,70.192,0.0,-113,0.090,0.000,0.000
2014/08/18 14:43:45,1.96,37.91660,-122.06481,121.719,74.339,0.0,-113,0.077,0.083,7.190
2014/08/18 14:43:50,1.96,37.91779,-122.06369,120.407,72.229,0.0,-113,0.093,0.000,0.000
2014/08/18 14:43:55,1.88,37.91906,-122.06285,120.079,71.076,0.0,-113,0.099,0.000,5.550
2014/08/18 14:44:00,1.88,37.92033,-122.06225,121.063,64.480,0.0,-113,0.109,0.083,0.000
2014/08/18 14:44:05,1.88,37.92156,-122.06173,121.391,65.272,0.0,-113,0.096,0.000,5.450
2014/08/18 14:44:10,1.88,37.92284,-122.06127,115.157,66.018,0.0,-113,0.000,0.125,1.149
2014/08/18 14:44:15,1.88,37.92414,-122.06089,101.706,66.196,0.0,-113,0.000,0.250,1.516
2014/08/18 14:44:20,2.24,37.92543,-122.06069,88.255,64.492,0.0,-113,0.000,0.167,3.510
2014/08/18 14:44:26,1.88,37.92672,-122.06054,79.068,62.476,0.0,-113,0.000,0.000,0.000
2014/08/18 14:44:31,2.23,37.92803,-122.06042,73.491,65.717,0.0,-113,0.000,0.083,1.601
2014/08/18 14:44:36,2.23,37.92938,-122.06028,78.412,67.173,0.0,-113,0.000,0.167,1.767
2014/08/18 14:44:41,2.23,37.93076,-122.06020,78.084,69.016,0.0,-113,0.003,0.208,2.003
2014/08/18 14:44:46,1.88,37.93217,-122.06015,76.115,69.659,0.0,-113,0.000,0.000,2.311
2014/08/18 14:44:51,1.88,37.93353,-122.06014,74.475,68.294,0.0,-113,0.051,0.208,0.000
2014/08/18 14:44:56,1.88,37.93490,-122.06013,73.819,67.110,0.0,-113,0.189,0.000,2.530
2014/08/18 14:45:01,1.88,37.93622,-122.06017,72.835,65.287,0.0,-113,0.000,0.083,3.210
2014/08/18 14:45:06,1.88,37.93750,-122.06022,73.163,62.902,0.0,-113,0.000,0.167,0.000
2014/08/18 14:45:11,1.88,37.93876,-122.06026,71.850,63.100,0.0,-113,0.000,0.000,5.576
2014/08/18 14:45:16,1.88,37.94004,-122.06013,72.507,64.105,0.0,-113,0.000,0.125,0.000
2014/08/18 14:45:21,1.88,37.94131,-122.05983,69.882,64.398,0.0,-113,0.000,0.083,5.811
2014/08/18 14:45:26,1.94,37.94253,-122.05934,73.163,64.117,0.0,-113,0.000,0.167,3.779
2014/08/18 14:45:31,1.88,37.94374,-122.05881,86.286,63.385,0.0,-113,0.000,0.000,1.941
2014/08/18 14:45:36,1.88,37.94494,-122.05829,93.176,62.975,0.0,-113,0.000,0.250,1.738
2014/08/18 14:45:41,1.88,37.94615,-122.05776,93.504,63.416,0.0,-113,0.000,0.250,1.743
2014/08/18 14:45:46,1.88,37.94735,-122.05722,84.974,63.653,0.0,-113,0.000,0.000,1.810
2014/08/18 14:45:51,1.88,37.94858,-122.05668,73.163,63.813,0.0,-113,0.003,0.292,1.198
2014/08/18 14:45:56,1.88,37.94979,-122.05614,72.507,64.232,0.0,-113,0.044,0.250,1.935
2014/08/18 14:46:01,1.88,37.95105,-122.05559,71.194,68.107,0.0,-113,0.151,0.000,3.750
2014/08/18 14:46:06,1.87,37.95234,-122.05501,69.882,66.153,0.0,-113,0.192,0.208,4.066
2014/08/18 14:46:11,1.87,37.95359,-122.05443,68.241,65.778,0.0,-113,0.196,0.000,0.000
2014/08/18 14:46:16,1.87,37.95483,-122.05382,69.226,65.574,0.0,-113,0.105,0.250,3.990
2014/08/18 14:46:21,1.87,37.95606,-122.05322,70.210,65.212,0.0,-113,0.259,0.208,1.409
2014/08/18 14:46:26,1.87,37.95728,-122.05266,70.210,63.881,0.0,-113,0.155,0.250,2.111
2014/08/18 14:46:31,1.87,37.95852,-122.05245,64.961,60.571,0.0,-113,0.182,0.000,1.891
2014/08/18 14:46:36,1.87,37.95968,-122.05259,61.024,58.478,0.0,-113,0.000,0.167,3.930
2014/08/18 14:46:41,1.87,37.96078,-122.05305,54.790,56.572,0.0,-113,0.142,0.000,0.000
2014/08/18 14:46:46,1.87,37.96185,-122.05360,54.462,58.471,0.0,-113,0.000,0.208,5.734
2014/08/18 14:46:51,1.87,37.96296,-122.05419,54.790,62.337,0.0,-113,0.000,0.167,1.922
2014/08/18 14:46:56,1.85,37.96415,-122.05481,59.055,65.014,0.0,-113,0.000,0.000,1.547
2014/08/18 14:47:01,1.85,37.96533,-122.05552,65.945,64.560,0.0,-113,0.000,0.250,2.670
2014/08/18 14:47:06,1.85,37.96644,-122.05629,65.945,61.723,0.0,-113,0.003,0.208,1.830
2014/08/18 14:47:11,1.85,37.96751,-122.05714,57.743,61.154,0.0,-113,0.000,0.167,1.851
2014/08/18 14:47:16,1.85,37.96854,-122.05799,42.651,62.296,0.0,-113,0.000,0.250,1.991
2014/08/18 14:47:21,1.85,37.96958,-122.05885,36.089,60.716,0.0,-113,0.000,0.000,1.771
2014/08/18 14:47:26,1.85,37.97058,-122.05967,34.121,57.394,0.0,-113,0.003,0.250,1.370
2014/08/18 14:47:31,1.51,37.97156,-122.06048,25.591,57.486,0.0,-113,0.000,0.292,1.842
2014/08/18 14:47:36,1.51,37.97251,-122.06126,22.638,57.050,0.0,-113,0.114,0.000,0.000
2014/08/18 14:47:41,1.51,37.97349,-122.06208,20.669,59.826,0.0,-113,0.132,0.000,3.590
2014/08/18 14:47:46,1.51,37.97451,-122.06291,22.638,60.908,0.0,-113,0.171,0.167,2.830
2014/08/18 14:47:51,1.52,37.97558,-122.06368,32.808,60.958,0.0,-113,0.183,0.000,3.530
2014/08/18 14:47:56,1.52,37.97671,-122.06432,33.465,62.548,0.0,-113,0.205,0.000,0.000
2014/08/18 14:48:01,1.52,37.97789,-122.06483,23.622,62.413,0.0,-113,0.206,0.083,3.129
2014/08/18 14:48:06,1.52,37.97910,-122.06520,17.717,61.153,0.0,-113,0.192,0.125,3.569
2014/08/18 14:48:11,1.65,37.98032,-122.06545,16.404,61.620,0.0,-113,0.003,0.000,2.287
2014/08/18 14:48:16,1.52,37.98154,-122.06570,24.278,61.563,0.0,-113,0.092,0.292,1.958
2014/08/18 14:48:21,1.52,37.98274,-122.06594,34.777,58.226,0.0,-113,0.174,0.167,3.583
2014/08/18 14:48:26,1.65,37.98388,-122.06616,34.777,57.953,0.0,-113,0.151,0.125,2.130
2014/08/18 14:48:31,1.52,37.98504,-122.06638,24.278,58.873,0.0,-113,0.000,0.000,0.000
2014/08/18 14:48:36,1.65,37.98625,-122.06661,12.795,62.827,0.0,-113,0.000,0.208,5.486
2014/08/18 14:48:41,1.65,37.98747,-122.06685,9.843,60.036,0.0,-113,0.000,0.000,4.041
2014/08/18 14:48:46,1.65,37.98864,-122.06708,14.436,58.516,0.0,-113,0.000,0.167,1.870
2014/08/18 14:48:51,1.65,37.98979,-122.06730,9.843,58.397,0.0,-113,0.000,0.167,0.000
2014/08/18 14:48:56,1.52,37.99093,-122.06749,10.827,55.936,0.0,-113,0.000,0.000,4.230
2014/08/18 14:49:01,1.84,37.99195,-122.06774,13.123,43.715,0.0,-113,0.000,0.083,3.531
2014/08/18 14:49:06,1.52,37.99265,-122.06804,14.764,32.347,0.0,-113,0.000,0.083,1.750
2014/08/18 14:49:11,1.52,37.99319,-122.06835,9.186,27.873,0.0,-113,0.000,0.000,2.250
2014/08/18 14:49:16,1.52,37.99367,-122.06868,6.890,26.924,0.0,-113,0.000,0.167,0.000
2014/08/18 14:49:21,1.52,37.99409,-122.06905,5.906,23.198,0.0,-113,0.000,0.208,5.470
2014/08/18 14:49:26,1.52,37.99445,-122.06940,7.218,21.838,0.0,-113,0.000,0.083,5.069
2014/08/18 14:49:31,1.62,37.99485,-122.06976,3.609,27.427,0.0,-113,0.000,0.000,2.277
2014/08/18 14:49:36,1.52,37.99531,-122.06999,3.609,25.339,0.0,-113,0.003,0.083,2.400
2014/08/18 14:49:41,1.52,37.99567,-122.06953,20.341,29.355,0.0,-113,0.019,0.167,0.000
2014/08/18 14:49:46,1.57,37.99537,-122.06903,23.622,25.527,0.0,-113,0.117,0.000,2.198
2014/08/18 14:49:51,1.52,37.99496,-122.06925,27.231,24.073,0.0,-113,0.000,0.000,4.310
2014/08/18 14:49:56,1.52,37.99470,-122.06991,31.168,32.718,0.0,-113,0.000,0.250,1.969
2014/08/18 14:50:01,1.52,37.99440,-122.07070,31.824,32.830,0.0,-113,0.000,0.000,0.000
2014/08/18 14:50:06,1.52,37.99413,-122.07149,32.808,35.592,0.0,-113,0.000,0.208,7.362
2014/08/18 14:50:11,1.52,37.99381,-122.07242,34.449,42.879,0.0,-113,0.000,0.000,0.000
2014/08/18 14:50:16,1.52,37.99346,-122.07348,37.073,46.830,0.0,-113,0.000,0.208,4.729
2014/08/18 14:50:21,1.52,37.99307,-122.07461,40.354,50.278,0.0,-113,0.003,0.250,1.558
2014/08/18 14:50:26,1.83,37.99265,-122.07584,51.509,55.104,0.0,-113,0.108,0.167,1.590
2014/08/18 14:50:31,2.12,37.99222,-122.07720,64.304,59.361,0.0,-113,0.202,0.000,3.528
2014/08/18 14:50:36,1.83,37.99189,-122.07869,80.381,62.205,0.0,-113,0.199,0.125,3.529
2014/08/18 14:50:41,1.83,37.99169,-122.08029,96.129,64.768,0.0,-113,0.115,0.125,0.000
2014/08/18 14:50:46,1.83,37.99157,-122.08192,111.549,63.895,0.0,-113,0.000,0.000,5.830
2014/08/18 14:50:51,1.83,37.99146,-122.08354,122.375,64.304,0.0,-113,0.000,0.125,0.851
2014/08/18 14:50:56,1.83,37.99135,-122.08517,129.265,64.165,0.0,-113,0.000,0.083,3.278
2014/08/18 14:51:01,2.42,37.99123,-122.08682,130.249,67.077,0.0,-113,0.000,0.000,0.000
2014/08/18 14:51:06,1.52,37.99112,-122.08852,132.218,67.028,0.0,-113,0.000,0.000,0.000
2014/08/18 14:51:11,1.52,37.99100,-122.09021,132.546,66.985,0.0,-113,0.000,0.083,0.000
2014/08/18 14:51:16,1.63,37.99089,-122.09189,135.171,65.975,0.0,-113,0.000,0.083,2.641
2014/08/18 14:51:21,1.52,37.99078,-122.09356,137.139,65.939,0.0,-113,0.003,0.000,2.630
2014/08/18 14:51:26,1.52,37.99070,-122.09522,139.436,65.257,0.0,-113,0.000,0.208,3.131
2014/08/18 14:51:31,1.63,37.99083,-122.09686,145.013,65.311,0.0,-113,0.000,0.083,3.971
2014/08/18 14:51:36,1.52,37.99117,-122.09850,148.950,67.711,0.0,-113,0.000,0.000,0.000
2014/08/18 14:51:41,1.52,37.99172,-122.10006,154.199,66.255,0.0,-113,0.000,0.083,0.000
2014/08/18 14:51:46,1.52,37.99231,-122.10156,156.168,66.427,0.0,-113,0.000,0.000,8.051
2014/08/18 14:51:51,1.52,37.99291,-122.10308,154.856,66.605,0.0,-113,0.000,0.167,4.330
2014/08/18 14:51:56,1.52,37.99351,-122.10459,153.543,66.285,0.0,-113,0.000,0.000,0.000
2014/08/18 14:52:01,1.52,37.99411,-122.10610,151.575,65.501,0.0,-113,0.000,0.083,4.590
2014/08/18 14:52:06,1.52,37.99470,-122.10760,149.278,66.812,0.0,-113,0.003,0.000,3.010
2014/08/18 14:52:11,1.52,37.99531,-122.10914,147.310,68.201,0.0,-113,0.000,0.250,2.131
2014/08/18 14:52:16,1.52,37.99592,-122.11070,146.982,68.561,0.0,-113,0.000,0.250,2.298
2014/08/18 14:52:21,1.52,37.99642,-122.11232,149.606,68.751,0.0,-113,0.000,0.292,1.720
2014/08/18 14:52:26,1.52,37.99666,-122.11404,158.136,68.570,0.0,-113,0.003,0.000,1.850
2014/08/18 14:52:31,1.52,37.99663,-122.11576,164.698,67.558,0.0,-113,0.044,0.167,1.688
2014/08/18 14:52:36,1.52,37.99633,-122.11742,170.932,66.580,0.0,-113,0.000,0.167,2.418
2014/08/18 14:52:41,1.67,37.99581,-122.11895,176.181,62.940,0.0,-113,0.133,0.208,2.930
2014/08/18 14:52:46,1.67,37.99514,-122.12024,183.399,58.540,0.0,-113,0.194,0.083,0.000
2014/08/18 14:52:51,1.82,37.99427,-122.12179,187.664,61.758,0.0,-113,0.186,0.000,3.948
2014/08/18 14:52:56,1.82,37.99354,-122.12308,190.945,62.485,0.0,-113,0.199,0.083,3.490
2014/08/18 14:53:01,1.82,37.99280,-122.12438,181.430,63.638,0.0,-113,0.211,0.000,3.070
2014/08/18 14:53:06,1.52,37.99204,-122.12571,166.339,65.247,0.0,-113,0.154,0.083,3.570
2014/08/18 14:53:11,1.52,37.99138,-122.12716,141.404,66.931,0.0,-113,0.000,0.208,0.000
2014/08/18 14:53:16,1.52,37.99097,-122.12880,127.953,68.443,0.0,-113,0.000,0.000,3.449
2014/08/18 14:53:21,1.52,37.99064,-122.13049,128.937,68.953,0.0,-113,0.000,0.000,5.341
2014/08/18 14:53:26,1.52,37.99031,-122.13219,139.436,67.811,0.0,-113,0.000,0.167,1.589
2014/08/18 14:53:31,1.52,37.98998,-122.13385,155.840,66.951,0.0,-113,0.000,0.000,0.000
2014/08/18 14:53:36,1.81,37.98968,-122.13547,172.572,64.244,0.0,-113,0.000,0.208,0.909
2014/08/18 14:53:41,1.81,37.98959,-122.13711,191.273,65.351,0.0,-113,0.000,0.167,1.631
2014/08/18 14:53:46,1.81,37.98979,-122.13875,210.958,65.373,0.0,-113,0.000,0.000,0.000
2014/08/18 14:53:51,1.81,37.99030,-122.14028,228.346,65.646,0.0,-113,0.000,0.208,3.128
2014/08/18 14:53:56,1.52,37.99110,-122.14161,244.751,66.136,0.0,-113,0.000,0.083,4.370
2014/08/18 14:54:01,1.52,37.99215,-122.14268,256.234,67.771,0.0,-113,0.000,0.167,2.090
2014/08/18 14:54:06,1.52,37.99338,-122.14342,277.231,68.222,0.0,-113,0.000,0.000,1.930
2014/08/18 14:54:11,1.52,37.99461,-122.14406,296.588,64.631,0.0,-113,0.000,0.292,1.251
2014/08/18 14:54:16,1.52,37.99581,-122.14467,313.976,64.766,0.0,-113,0.003,0.250,1.990
2014/08/18 14:54:21,1.52,37.99703,-122.14530,328.412,66.222,0.0,-113,0.063,0.167,1.223
2014/08/18 14:54:26,1.67,37.99825,-122.14593,344.160,64.866,0.0,-113,0.000,0.000,2.630
2014/08/18 14:54:32,1.52,37.99939,-122.14666,359.252,62.915,0.0,-113,0.000,0.292,1.730
2014/08/18 14:54:37,1.81,38.00036,-122.14770,369.751,63.828,0.0,-113,0.000,0.292,1.119
2014/08/18 14:54:42,1.81,38.00114,-122.14902,380.906,65.451,0.0,-113,0.000,0.000,1.210
2014/08/18 14:54:47,1.81,38.00187,-122.15037,391.404,64.205,0.0,-113,0.000,0.292,1.951
2014/08/18 14:54:52,2.18,38.00259,-122.15173,406.824,64.307,0.0,-113,0.000,0.250,1.430
2014/08/18 14:54:57,1.81,38.00336,-122.15302,423.885,62.858,0.0,-113,0.003,0.250,1.829
2014/08/18 14:55:02,1.64,38.00417,-122.15425,434.711,62.904,0.0,-113,0.070,0.000,0.000
2014/08/18 14:55:07,1.52,38.00492,-122.15554,450.787,63.813,0.0,-113,0.206,0.208,3.137
2014/08/18 14:55:12,1.52,38.00541,-122.15700,462.927,62.248,0.0,-113,0.000,0.208,2.610
2014/08/18 14:55:17,1.8,38.00564,-122.15853,479.659,60.054,0.0,-113,0.000,0.292,1.810
2014/08/18 14:55:22,2.13,38.00572,-122.16006,490.814,61.790,0.0,-113,0.003,0.167,1.569
2014/08/18 14:55:27,1.9,38.00582,-122.16166,503.937,63.811,0.0,-113,0.044,0.167,1.898
2014/08/18 14:55:32,2.03,38.00594,-122.16328,515.748,63.471,0.0,-113,0.212,0.000,0.000
2014/08/18 14:55:37,1.8,38.00630,-122.16482,525.919,62.883,0.0,-113,0.000,0.000,3.774
2014/08/18 14:55:42,1.64,38.00690,-122.16620,527.559,60.724,0.0,-113,0.198,0.167,1.627
2014/08/18 14:55:47,1.52,38.00771,-122.16739,524.606,63.249,0.0,-113,0.000,0.292,1.193
2014/08/18 14:55:52,1.52,38.00860,-122.16860,516.732,65.794,0.0,-113,0.000,0.292,1.750
2014/08/18 14:55:57,1.52,38.00951,-122.16983,508.858,66.451,0.0,-113,0.000,0.000,1.430
2014/08/18 14:56:02,1.52,38.01044,-122.17110,502.297,68.878,0.0,-113,0.003,0.250,1.891
2014/08/18 14:56:07,1.52,38.01139,-122.17238,493.438,68.216,0.0,-113,0.070,0.208,3.523
2014/08/18 14:56:12,1.52,38.01232,-122.17365,486.220,68.640,0.0,-113,0.190,0.167,0.000
2014/08/18 14:56:17,1.52,38.01328,-122.17494,478.675,70.869,0.0,-113,0.195,0.000,3.425
2014/08/18 14:56:22,1.52,38.01425,-122.17626,476.050,69.655,0.0,-113,0.000,0.292,1.261
2014/08/18 14:56:27,1.52,38.01507,-122.17763,482.612,66.854,0.0,-113,0.000,0.250,1.678
2014/08/18 14:56:32,1.79,38.01559,-122.17914,495.079,62.907,0.0,-113,0.003,0.292,1.742
2014/08/18 14:56:37,1.9,38.01584,-122.18068,503.609,61.842,0.0,-113,0.044,0.000,0.000
2014/08/18 14:56:42,1.79,38.01598,-122.18218,511.155,57.666,0.0,-113,0.179,0.000,4.198
2014/08/18 14:56:47,1.79,38.01612,-122.18368,521.325,59.086,0.0,-113,0.000,0.250,3.353
2014/08/18 14:56:52,1.79,38.01626,-122.18518,532.152,59.282,0.0,-113,0.000,0.083,1.425
2014/08/18 14:56:57,1.79,38.01637,-122.18661,543.307,53.205,0.0,-113,0.000,0.292,1.162
2014/08/18 14:57:02,1.52,38.01629,-122.18799,547.900,57.349,0.0,-113,0.000,0.250,2.370
2014/08/18 14:57:07,1.52,38.01598,-122.18943,547.572,59.995,0.0,-113,0.000,0.000,1.567
2014/08/18 14:57:12,1.79,38.01552,-122.19085,541.667,60.756,0.0,-113,0.000,0.292,1.854
2014/08/18 14:57:17,1.79,38.01500,-122.19224,536.417,60.776,0.0,-113,0.003,0.250,1.687
2014/08/18 14:57:22,1.79,38.01446,-122.19360,519.357,59.577,0.0,-113,0.095,0.000,1.674
2014/08/18 14:57:27,1.79,38.01393,-122.19495,498.360,60.625,0.0,-113,0.171,0.167,3.179
2014/08/18 14:57:32,1.79,38.01336,-122.19636,474.409,63.299,0.0,-113,0.202,0.208,3.291
2014/08/18 14:57:37,1.79,38.01270,-122.19776,446.194,65.078,0.0,-113,0.199,0.000,3.152
2014/08/18 14:57:42,1.79,38.01201,-122.19917,416.667,63.912,0.0,-113,0.000,0.083,2.246
2014/08/18 14:57:47,2.17,38.01143,-122.20059,393.373,62.706,0.0,-113,0.003,0.250,1.657
2014/08/18 14:57:52,2.17,38.01086,-122.20199,369.751,61.911,0.0,-113,0.079,0.000,2.723
2014/08/18 14:57:57,1.78,38.01029,-122.20342,347.769,62.220,0.0,-113,0.209,0.250,0.000
2014/08/18 14:58:02,1.78,38.00973,-122.20481,333.005,61.042,0.0,-113,0.198,0.250,4.070
2014/08/18 14:58:07,1.78,38.00920,-122.20620,324.475,61.260,0.0,-113,0.122,0.208,3.030
2014/08/18 14:58:12,1.78,38.00876,-122.20772,312.008,65.822,0.0,-113,0.000,0.000,1.750
2014/08/18 14:58:17,1.78,38.00845,-122.20936,300.853,65.686,0.0,-113,0.000,0.292,2.157
2014/08/18 14:58:22,1.52,38.00830,-122.21102,289.370,66.606,0.0,-113,0.003,0.250,1.571
2014/08/18 14:58:27,1.52,38.00828,-122.21273,277.231,67.121,0.0,-113,0.105,0.000,2.123
2014/08/18 14:58:32,1.52,38.00827,-122.21441,259.186,64.686,0.0,-113,0.183,0.000,3.946
2014/08/18 14:58:37,1.78,38.00828,-122.21599,239.829,60.665,0.0,-113,0.166,0.208,2.281
2014/08/18 14:58:42,1.78,38.00828,-122.21752,220.144,60.189,0.0,-113,0.122,0.000,0.000
2014/08/18 14:58:47,1.78,38.00835,-122.21909,205.381,63.402,0.0,-113,0.000,0.083,3.718
2014/08/18 14:58:52,1.72,38.00857,-122.22072,197.178,65.855,0.0,-113,0.003,0.292,1.401
2014/08/18 14:58:57,1.52,38.00889,-122.22226,188.976,60.353,0.0,-113,0.076,0.000,1.431
2014/08/18 14:59:02,1.52,38.00921,-122.22370,181.102,56.996,0.0,-113,0.183,0.167,2.179
2014/08/18 14:59:07,1.52,38.00956,-122.22498,175.525,50.009,0.0,-113,0.192,0.208,4.355
2014/08/18 14:59:12,1.52,38.00989,-122.22613,163.058,46.952,0.0,-113,0.192,0.000,3.486
2014/08/18 14:59:17,1.52,38.01019,-122.22720,144.029,40.683,0.0,-113,0.000,0.167,0.000
2014/08/18 14:59:22,1.52,38.01039,-122.22784,138.780,11.884,0.0,-113,0.000,0.000,3.689
2014/08/18 14:59:27,1.52,38.01039,-122.22788,145.669,0.091,0.0,-113,0.000,0.292,1.861
2014/08/18 14:59:32,1.52,38.01042,-122.22794,142.717,6.918,0.0,-113,0.000,0.250,1.339
2014/08/18 14:59:37,1.66,38.01062,-122.22792,143.045,13.079,0.0,-113,0.003,0.208,1.358
2014/08/18 14:59:42,1.52,38.01078,-122.22784,144.357,5.896,0.0,-113,0.048,0.000,0.000
2014/08/18 14:59:47,1.52,38.01077,-122.22793,142.388,2.817,0.0,-113,0.148,0.250,3.789
2014/08/18 14:59:52,1.69,38.01077,-122.22793,143.373,0.096,0.0,-113,0.183,0.125,3.790
2014/08/18 14:59:57,1.66,38.01078,-122.22793,145.669,0.024,0.0,-113,0.202,0.000,3.469
2014/08/18 15:00:02,1.66,38.01078,-122.22793,147.638,0.034,0.0,-113,0.193,0.000,0.000
2014/08/18 15:00:07,1.66,38.01079,-122.22793,148.294,0.028,0.0,-113,0.182,0.083,3.711
2014/08/18 15:00:12,1.66,38.01079,-122.22793,149.278,0.044,0.0,-113,0.131,0.000,1.029
2014/08/18 15:00:17,1.66,38.01080,-122.22792,149.278,0.027,0.0,-113,0.217,0.167,1.970
2014/08/18 15:00:22,1.86,38.01080,-122.22792,149.606,0.055,0.0,-113,0.164,0.250,2.770
2014/08/18 15:00:27,1.69,38.01080,-122.22792,150.591,0.069,0.0,-113,0.067,0.000,0.000
2014/08/18 15:00:32,1.94,38.01080,-122.22791,152.559,0.038,0.0,-113,0.032,0.083,0.000
2014/08/18 15:00:37,1.81,38.01080,-122.22791,152.231,0.028,0.0,-113,0.223,0.167,1.963
2014/08/18 15:00:42,1.73,38.01076,-122.22795,152.231,6.663,0.0,-113,0.124,0.208,0.000
2014/08/18 15:00:47,1.52,38.01059,-122.22815,149.606,13.946,0.0,-113,0.180,0.208,2.929
2014/08/18 15:00:52,1.52,38.01052,-122.22854,143.701,20.567,0.0,-113,0.117,0.167,1.950
2014/08/18 15:00:57,1.73,38.01062,-122.22925,138.123,34.080,0.0,-113,0.108,0.000,3.310
2014/08/18 15:01:02,1.86,38.01083,-122.23020,133.530,41.745,0.0,-113,0.093,0.208,3.989
2014/08/18 15:01:07,1.83,38.01118,-122.23123,135.827,46.991,0.0,-113,0.000,0.000,1.638
2014/08/18 15:01:12,1.66,38.01163,-122.23238,130.249,53.401,0.0,-113,0.000,0.333,1.811
2014/08/18 15:01:17,1.66,38.01218,-122.23368,116.798,62.279,0.0,-113,0.000,0.292,0.930
2014/08/18 15:01:22,1.51,38.01284,-122.23512,105.971,67.464,0.0,-113,0.003,0.292,2.002
2014/08/18 15:01:27,1.51,38.01354,-122.23661,101.050,69.994,0.0,-113,0.067,0.000,1.487
2014/08/18 15:01:32,1.51,38.01412,-122.23826,94.816,71.709,0.0,-113,0.176,0.167,2.754
2014/08/18 15:01:37,1.51,38.01456,-122.24001,90.223,71.564,0.0,-113,0.000,0.000,3.069
2014/08/18 15:01:42,1.66,38.01489,-122.24175,83.661,71.192,0.0,-113,0.000,0.208,1.198
2014/08/18 15:01:47,1.51,38.01513,-122.24355,83.333,70.928,0.0,-113,0.000,0.292,2.590
2014/08/18 15:01:52,1.51,38.01531,-122.24532,83.990,69.907,0.0,-113,0.000,0.208,1.410
2014/08/18 15:01:57,1.79,38.01528,-122.24706,79.068,67.956,0.0,-113,0.000,0.167,1.490
2014/08/18 15:02:02,1.56,38.01505,-122.24872,74.803,65.728,0.0,-113,0.003,0.000,0.000
2014/08/18 15:02:07,1.51,38.01478,-122.25037,69.554,65.717,0.0,-113,0.000,0.000,0.000
2014/08/18 15:02:12,1.77,38.01450,-122.25203,67.913,68.034,0.0,-113,0.000,0.208,0.000
2014/08/18 15:02:17,1.51,38.01423,-122.25376,63.976,69.532,0.0,-113,0.000,0.208,1.037
2014/08/18 15:02:22,1.51,38.01395,-122.25586,63.648,69.131,0.0,-113,0.000,0.000,1.471
2014/08/18 15:02:27,1.75,38.01373,-122.25752,67.913,65.827,0.0,-113,0.000,0.292,2.030
2014/08/18 15:02:32,1.75,38.01354,-122.25915,72.507,63.248,0.0,-113,0.003,0.000,1.570
2014/08/18 15:02:37,1.87,38.01346,-122.26070,74.803,58.254,0.0,-113,0.000,0.000,0.000
2014/08/18 15:02:42,1.97,38.01351,-122.26217,73.819,57.900,0.0,-113,0.000,0.250,6.089
2014/08/18 15:02:47,1.51,38.01369,-122.26356,73.491,53.708,0.0,-113,0.000,0.292,1.416
2014/08/18 15:02:52,1.51,38.01401,-122.26491,68.898,56.739,0.0,-113,0.000,0.000,2.130
2014/08/18 15:02:57,1.51,38.01438,-122.26627,59.055,56.026,0.0,-113,0.000,0.000,0.000
2014/08/18 15:03:02,1.56,38.01476,-122.26754,52.822,50.119,0.0,-113,0.000,0.000,0.000
2014/08/18 15:03:07,1.74,38.01509,-122.26862,55.774,44.246,0.0,-113,0.000,0.000,0.000
2014/08/18 15:03:12,1.99,38.01497,-122.26966,53.806,37.239,0.0,-113,0.000,0.000,0.000
2014/08/18 15:03:17,1.51,38.01435,-122.27048,67.257,44.270,0.0,-113,0.000,0.292,0.000
2014/08/18 15:03:22,1.51,38.01360,-122.27116,77.428,45.641,0.0,-113,0.000,0.000,0.000
2014/08/18 15:03:27,1.51,38.01286,-122.27184,87.270,46.245,0.0,-113,0.000,0.000,0.000
2014/08/18 15:03:32,1.51,38.01217,-122.27249,92.192,41.226,0.0,-113,0.000,0.000,0.000
2014/08/18 15:03:37,1.51,38.01150,-122.27307,90.879,42.177,0.0,-113,0.000,0.000,0.000
2014/08/18 15:03:42,1.51,38.01073,-122.27374,87.927,50.210,0.0,-113,0.000,0.000,0.000
2014/08/18 15:03:47,1.66,38.00990,-122.27452,83.333,52.515,0.0,-113,0.000,0.000,0.000
2014/08/18 15:03:52,1.51,38.00901,-122.27524,79.724,53.487,0.0,-113,0.000,0.000,0.000
2014/08/18 15:03:57,1.51,38.00808,-122.27607,83.990,58.957,0.0,-113,0.000,0.000,0.000
2014/08/18 15:04:02,1.51,38.00709,-122.27698,95.472,62.283,0.0,-113,0.000,0.000,0.000
2014/08/18 15:04:07,1.51,38.00605,-122.27790,108.924,62.793,0.0,-113,0.000,0.125,0.000
2014/08/18 15:04:13,1.51,38.00505,-122.27884,122.047,62.271,0.0,-113,0.000,0.000,0.000
2014/08/18 15:04:18,1.51,38.00405,-122.27976,133.530,60.563,0.0,-113,0.000,0.000,0.000
2014/08/18 15:04:23,1.51,38.00311,-122.28063,141.404,55.075,0.0,-113,0.000,0.000,0.000
2014/08/18 15:04:28,1.66,38.00225,-122.28143,140.092,53.802,0.0,-113,0.000,0.000,0.000
2014/08/18 15:04:33,1.66,38.00135,-122.28226,129.265,55.599,0.0,-113,0.000,0.000,0.000
2014/08/18 15:04:38,1.66,38.00043,-122.28308,115.157,58.472,0.0,-113,0.000,0.000,0.000
2014/08/18 15:04:43,1.66,37.99947,-122.28398,99.738,60.692,0.0,-113,0.000,0.000,0.000
2014/08/18 15:04:48,1.67,37.99849,-122.28488,87.598,60.085,0.0,-113,0.000,0.083,5.125
2014/08/18 15:04:53,1.51,37.99756,-122.28579,73.819,57.874,0.0,-113,0.000,0.292,1.631
2014/08/18 15:04:58,1.51,37.99672,-122.28686,63.976,60.437,0.0,-113,0.000,0.000,2.171
2014/08/18 15:05:03,1.51,37.99596,-122.28816,63.648,66.626,0.0,-113,0.000,0.292,1.978
2014/08/18 15:05:08,1.73,37.99535,-122.28969,78.412,65.417,0.0,-113,0.000,0.167,1.663
2014/08/18 15:05:13,1.73,37.99498,-122.29118,93.832,59.370,0.0,-113,0.000,0.292,0.000
2014/08/18 15:05:18,1.73,37.99476,-122.29266,103.675,59.524,0.0,-113,0.000,0.208,3.791
2014/08/18 15:05:23,1.73,37.99456,-122.29413,113.517,59.211,0.0,-113,0.000,0.000,2.189
2014/08/18 15:05:28,1.73,37.99435,-122.29561,124.016,57.916,0.0,-113,0.000,0.292,1.591
2014/08/18 15:05:33,1.51,37.99415,-122.29706,134.186,58.789,0.0,-113,0.000,0.292,2.070
2014/08/18 15:05:38,1.72,37.99395,-122.29852,145.997,58.544,0.0,-113,0.000,0.292,1.470
2014/08/18 15:05:43,1.5,37.99375,-122.30000,154.856,58.787,0.0,-113,0.000,0.000,1.609
2014/08/18 15:05:48,1.72,37.99354,-122.30149,161.089,60.289,0.0,-113,0.003,0.167,2.570
2014/08/18 15:05:53,1.72,37.99334,-122.30300,167.651,60.493,0.0,-113,0.019,0.125,3.071
2014/08/18 15:05:58,1.72,37.99310,-122.30450,172.900,58.896,0.0,-113,0.076,0.000,2.378
2014/08/18 15:06:03,1.72,37.99274,-122.30598,180.774,62.993,0.0,-113,0.202,0.167,0.000
2014/08/18 15:06:08,1.5,37.99225,-122.30744,192.913,59.895,0.0,-113,0.189,0.125,3.711
2014/08/18 15:06:13,1.55,37.99170,-122.30873,203.084,57.407,0.0,-113,0.135,0.000,3.350
2014/08/18 15:06:18,1.5,37.99106,-122.30996,210.630,58.776,0.0,-113,0.208,0.208,2.030
2014/08/18 15:06:23,1.5,37.99035,-122.31114,215.879,57.997,0.0,-113,0.207,0.208,1.988
2014/08/18 15:06:28,1.5,37.98958,-122.31223,222.769,57.222,0.0,-113,0.003,0.208,2.310
2014/08/18 15:06:33,1.5,37.98875,-122.31321,232.940,55.724,0.0,-113,0.029,0.000,2.490
2014/08/18 15:06:38,1.5,37.98784,-122.31409,240.157,57.918,0.0,-113,0.162,0.208,3.750
2014/08/18 15:06:43,1.55,37.98685,-122.31487,243.766,58.847,0.0,-113,0.067,0.000,0.000
2014/08/18 15:06:48,1.52,37.98582,-122.31551,242.126,58.165,0.0,-113,0.000,0.208,4.469
2014/08/18 15:06:53,1.52,37.98470,-122.31602,246.719,59.308,0.0,-113,0.000,0.292,2.050
2014/08/18 15:06:58,1.5,37.98353,-122.31636,251.640,61.214,0.0,-113,0.000,0.208,2.449
2014/08/18 15:07:03,1.5,37.98231,-122.31663,256.562,61.562,0.0,-113,0.000,0.000,1.450
2014/08/18 15:07:08,1.5,37.98110,-122.31694,259.186,60.879,0.0,-113,0.000,0.167,0.310
2014/08/18 15:07:13,1.5,37.97991,-122.31733,262.139,60.939,0.0,-113,0.000,0.292,1.343
2014/08/18 15:07:18,1.5,37.97873,-122.31773,265.420,60.520,0.0,-113,0.000,0.208,2.571
2014/08/18 15:07:23,1.5,37.97753,-122.31813,259.514,62.222,0.0,-113,0.000,0.083,5.130
2014/08/18 15:07:28,1.52,37.97634,-122.31854,244.423,59.488,0.0,-113,0.000,0.000,2.767
2014/08/18 15:07:33,1.5,37.97518,-122.31892,227.690,58.761,0.0,-113,0.003,0.208,1.383
2014/08/18 15:07:38,1.5,37.97402,-122.31932,211.942,60.293,0.0,-113,0.044,0.167,1.729
2014/08/18 15:07:43,1.5,37.97284,-122.31971,195.210,60.134,0.0,-113,0.163,0.000,0.000
2014/08/18 15:07:48,1.71,37.97169,-122.32011,178.806,59.059,0.0,-113,0.163,0.208,4.769
2014/08/18 15:07:53,1.5,37.97053,-122.32050,163.058,59.936,0.0,-113,0.192,0.000,2.489
2014/08/18 15:07:58,1.7,37.96936,-122.32089,146.982,60.553,0.0,-113,0.187,0.208,2.609
2014/08/18 15:08:03,1.5,37.96818,-122.32130,129.921,61.597,0.0,-113,0.183,0.125,2.590
2014/08/18 15:08:08,1.5,37.96701,-122.32196,113.517,64.694,0.0,-113,0.195,0.000,2.569
2014/08/18 15:08:13,1.56,37.96602,-122.32299,105.315,64.744,0.0,-113,0.186,0.167,0.000
2014/08/18 15:08:18,1.5,37.96525,-122.32429,94.160,62.538,0.0,-113,0.000,0.125,0.750
2014/08/18 15:08:23,1.5,37.96456,-122.32556,79.068,59.626,0.0,-113,0.000,0.292,1.386
2014/08/18 15:08:28,1.5,37.96387,-122.32684,75.459,61.204,0.0,-113,0.000,0.000,2.283
2014/08/18 15:08:33,1.5,37.96319,-122.32806,76.444,57.122,0.0,-113,0.000,0.250,1.469
2014/08/18 15:08:38,1.5,37.96237,-122.32912,89.567,57.843,0.0,-113,0.000,0.292,2.169
2014/08/18 15:08:43,1.67,37.96144,-122.32993,101.378,54.240,0.0,-113,0.003,0.208,2.118
2014/08/18 15:08:48,1.5,37.96047,-122.33046,114.173,52.449,0.0,-113,0.044,0.000,0.000
2014/08/18 15:08:53,1.54,37.95944,-122.33077,123.031,53.710,0.0,-113,0.141,0.208,3.750
2014/08/18 15:08:58,1.7,37.95834,-122.33081,125.656,55.743,0.0,-113,0.202,0.000,2.430
2014/08/18 15:09:03,1.56,37.95725,-122.33061,124.672,55.393,0.0,-113,0.000,0.083,4.294
2014/08/18 15:09:08,2.05,37.95599,-122.33001,119.423,55.834,0.0,-113,0.000,0.208,1.686
2014/08/18 15:09:13,1.69,37.95493,-122.32940,115.157,59.212,0.0,-113,0.000,0.208,1.420
2014/08/18 15:09:18,1.49,37.95383,-122.32877,111.549,60.871,0.0,-113,0.003,0.000,1.909
2014/08/18 15:09:23,1.49,37.95271,-122.32815,107.940,59.212,0.0,-113,0.086,0.292,2.449
2014/08/18 15:09:28,1.49,37.95168,-122.32763,104.331,53.086,0.0,-113,0.174,0.208,4.077
2014/08/18 15:09:33,1.49,37.95075,-122.32718,101.050,44.305,0.0,-113,0.183,0.000,0.000
2014/08/18 15:09:38,1.49,37.94995,-122.32680,97.113,43.197,0.0,-113,0.000,0.167,4.074
2014/08/18 15:09:43,1.49,37.94913,-122.32640,92.848,45.317,0.0,-113,0.179,0.125,2.066
2014/08/18 15:09:48,1.49,37.94824,-122.32598,89.239,48.764,0.0,-113,0.000,0.167,0.887
2014/08/18 15:09:53,1.49,37.94730,-122.32552,85.958,51.239,0.0,-113,0.003,0.292,1.042
2014/08/18 15:09:58,1.49,37.94632,-122.32505,81.037,52.756,0.0,-113,0.067,0.000,0.000
2014/08/18 15:10:03,1.49,37.94532,-122.32457,75.459,53.283,0.0,-113,0.160,0.292,3.029
2014/08/18 15:10:08,1.51,37.94431,-122.32411,69.882,54.090,0.0,-113,0.000,0.000,2.669
2014/08/18 15:10:13,1.54,37.94318,-122.32387,66.929,58.124,0.0,-113,0.000,0.083,2.970
2014/08/18 15:10:18,1.51,37.94202,-122.32398,73.819,56.301,0.0,-113,0.000,0.125,0.000
2014/08/18 15:10:24,1.89,37.94094,-122.32441,79.396,55.879,0.0,-113,0.000,0.000,5.358
2014/08/18 15:10:29,1.54,37.93989,-122.32496,84.974,55.160,0.0,-113,0.000,0.000,0.000
2014/08/18 15:10:34,1.89,37.93885,-122.32548,89.567,56.037,0.0,-113,0.000,0.083,7.991
2014/08/18 15:10:39,1.54,37.93782,-122.32601,93.504,55.056,0.0,-113,0.000,0.083,4.831
2014/08/18 15:10:44,1.49,37.93678,-122.32655,96.457,55.830,0.0,-113,0.000,0.000,0.000
2014/08/18 15:10:49,1.54,37.93571,-122.32694,94.488,55.601,0.0,-113,0.000,0.125,6.650
2014/08/18 15:10:54,1.51,37.93458,-122.32698,86.286,56.984,0.0,-113,0.000,0.083,0.000
2014/08/18 15:10:59,1.49,37.93346,-122.32662,83.661,57.081,0.0,-113,0.000,0.000,3.050
2014/08/18 15:11:04,1.51,37.93244,-122.32596,81.693,57.131,0.0,-113,0.000,0.083,4.811
2014/08/18 15:11:09,1.49,37.93144,-122.32525,83.990,57.177,0.0,-113,0.000,0.125,3.411
2014/08/18 15:11:14,1.49,37.93041,-122.32455,76.444,59.354,0.0,-113,0.000,0.000,0.000
2014/08/18 15:11:19,1.5,37.92934,-122.32382,66.273,61.330,0.0,-113,0.000,0.167,5.371
2014/08/18 15:11:24,1.5,37.92823,-122.32306,58.071,63.821,0.0,-113,0.000,0.208,2.417
2014/08/18 15:11:29,1.49,37.92710,-122.32228,59.055,63.439,0.0,-113,0.000,0.000,1.363
2014/08/18 15:11:34,1.48,37.92601,-122.32150,64.304,60.744,0.0,-113,0.000,0.292,1.430
2014/08/18 15:11:39,1.53,37.92495,-122.32073,63.648,61.723,0.0,-113,0.003,0.167,0.823
2014/08/18 15:11:44,1.53,37.92388,-122.31993,50.853,63.174,0.0,-113,0.162,0.208,3.005
2014/08/18 15:11:49,1.53,37.92276,-122.31910,42.323,65.409,0.0,-113,0.209,0.000,1.010
2014/08/18 15:11:54,1.53,37.92161,-122.31831,47.244,65.451,0.0,-113,0.000,0.208,1.017
2014/08/18 15:11:59,1.53,37.92043,-122.31779,49.541,60.866,0.0,-113,0.003,0.292,1.771
2014/08/18 15:12:04,1.53,37.91923,-122.31756,46.260,59.661,0.0,-113,0.044,0.000,1.397
2014/08/18 15:12:09,1.53,37.91801,-122.31754,41.995,61.026,0.0,-113,0.000,0.292,2.750
2014/08/18 15:12:14,1.53,37.91678,-122.31753,39.042,61.116,0.0,-113,0.000,0.083,0.882
2014/08/18 15:12:19,1.53,37.91553,-122.31754,36.745,64.086,0.0,-113,0.000,0.250,1.511
2014/08/18 15:12:24,1.53,37.91420,-122.31754,31.824,67.504,0.0,-113,0.000,0.250,1.529
2014/08/18 15:12:29,1.5,37.91289,-122.31755,26.903,63.578,0.0,-113,0.000,0.208,2.391
2014/08/18 15:12:34,1.93,37.91162,-122.31752,24.606,63.136,0.0,-113,0.003,0.000,1.118
2014/08/18 15:12:39,1.53,37.91036,-122.31720,27.559,64.778,0.0,-113,0.044,0.000,3.882
2014/08/18 15:12:44,1.5,37.90915,-122.31654,14.436,65.210,0.0,-113,0.000,0.167,0.000
2014/08/18 15:12:49,1.5,37.90798,-122.31574,1.969,67.035,0.0,-113,0.000,0.125,4.810
2014/08/18 15:12:54,1.5,37.90679,-122.31493,0.000,66.965,0.0,-113,0.000,0.000,0.000
2014/08/18 15:12:59,1.53,37.90561,-122.31411,12.467,67.402,0.0,-113,0.000,0.000,0.000
2014/08/18 15:13:04,1.53,37.90447,-122.31333,20.669,64.165,0.0,-113,0.000,0.000,0.000
2014/08/18 15:13:09,1.5,37.90331,-122.31252,23.622,65.895,0.0,-113,0.000,0.000,0.000
2014/08/18 15:13:14,1.5,37.90218,-122.31175,24.934,62.335,0.0,-113,0.000,0.083,9.962
2014/08/18 15:13:19,1.5,37.90109,-122.31101,20.341,61.697,0.0,-113,0.000,0.292,1.671
2014/08/18 15:13:24,1.5,37.89995,-122.31030,7.874,63.175,0.0,-113,0.003,0.208,1.690
2014/08/18 15:13:29,1.5,37.89878,-122.30969,-4.593,63.271,0.0,-113,0.048,0.000,1.550
2014/08/18 15:13:34,1.52,37.89755,-122.30919,-3.609,63.692,0.0,-113,0.189,0.167,2.790
2014/08/18 15:13:39,1.52,37.89637,-122.30871,7.874,60.514,0.0,-113,0.183,0.125,4.270
2014/08/18 15:13:44,1.52,37.89522,-122.30824,19.029,60.360,0.0,-113,0.201,0.000,1.449
2014/08/18 15:13:49,1.52,37.89407,-122.30778,24.934,59.921,0.0,-113,0.000,0.167,1.449
2014/08/18 15:13:54,1.52,37.89288,-122.30753,30.840,61.095,0.0,-113,0.003,0.250,1.478
2014/08/18 15:13:59,1.49,37.89163,-122.30769,32.480,63.231,0.0,-113,0.079,0.000,1.659
2014/08/18 15:14:04,1.49,37.89040,-122.30823,35.761,66.562,0.0,-113,0.183,0.208,2.910
2014/08/18 15:14:09,1.52,37.88916,-122.30884,28.871,63.666,0.0,-113,0.167,0.000,0.000
2014/08/18 15:14:14,1.49,37.88771,-122.30924,26.247,61.090,0.0,-113,0.000,0.083,5.613
2014/08/18 15:14:19,1.52,37.88654,-122.30922,22.966,55.861,0.0,-113,0.000,0.333,1.471
2014/08/18 15:14:24,1.52,37.88542,-122.30900,10.499,58.022,0.0,-113,0.003,0.000,1.607
2014/08/18 15:14:29,1.49,37.88427,-122.30874,7.218,58.013,0.0,-113,0.073,0.292,0.000
2014/08/18 15:14:34,1.68,37.88317,-122.30849,9.514,53.373,0.0,-113,0.183,0.000,3.431
2014/08/18 15:14:39,1.49,37.88218,-122.30826,10.827,49.686,0.0,-113,0.192,0.083,3.694
2014/08/18 15:14:44,1.52,37.88133,-122.30807,14.436,36.542,0.0,-113,0.000,0.208,1.946
2014/08/18 15:14:49,1.49,37.88071,-122.30793,13.780,26.773,0.0,-113,0.000,0.000,1.310
2014/08/18 15:14:54,1.52,37.88024,-122.30783,13.123,21.368,0.0,-113,0.003,0.333,0.762
2014/08/18 15:14:59,1.52,37.87983,-122.30772,14.764,22.431,0.0,-113,0.089,0.167,1.556
2014/08/18 15:15:04,1.52,37.87925,-122.30758,18.701,33.887,0.0,-113,0.161,0.208,2.833
2014/08/18 15:15:09,1.47,37.87856,-122.30742,21.654,35.235,0.0,-113,0.173,0.000,4.526
2014/08/18 15:15:14,1.47,37.87803,-122.30728,21.654,22.949,0.0,-113,0.000,0.125,0.000
2014/08/18 15:15:19,1.47,37.87762,-122.30716,20.669,16.498,0.0,-113,0.198,0.000,3.247
2014/08/18 15:15:24,1.49,37.87730,-122.30706,19.685,19.553,0.0,-113,0.132,0.125,0.550
2014/08/18 15:15:29,1.49,37.87691,-122.30694,16.404,20.135,0.0,-113,0.240,0.167,1.854
2014/08/18 15:15:34,1.47,37.87649,-122.30682,11.811,22.588,0.0,-113,0.161,0.000,1.903
2014/08/18 15:15:39,1.47,37.87600,-122.30667,6.890,26.159,0.0,-113,0.174,0.208,0.000
2014/08/18 15:15:44,1.47,37.87545,-122.30651,4.593,28.559,0.0,-113,0.150,0.250,1.228
2014/08/18 15:15:49,1.47,37.87485,-122.30632,4.265,31.061,0.0,-113,0.152,0.208,1.829
2014/08/18 15:15:54,1.48,37.87425,-122.30614,3.609,28.834,0.0,-113,0.003,0.208,1.650
2014/08/18 15:15:59,1.48,37.87371,-122.30598,2.953,25.422,0.0,-113,0.038,0.208,0.000
2014/08/18 15:16:04,1.48,37.87338,-122.30588,2.953,10.478,0.0,-113,0.102,0.208,3.250
2014/08/18 15:16:09,1.48,37.87327,-122.30584,2.625,2.700,0.0,-113,0.070,0.000,3.869
2014/08/18 15:16:14,1.48,37.87326,-122.30584,2.625,0.626,0.0,-113,0.063,0.208,1.989
2014/08/18 15:16:20,1.48,37.87322,-122.30583,2.953,0.268,0.0,-113,0.000,0.000,0.550
2014/08/18 15:16:25,1.48,37.87317,-122.30581,2.953,5.306,0.0,-113,0.000,0.208,6.117
2014/08/18 15:16:30,1.48,37.87313,-122.30580,2.953,0.687,0.0,-113,0.000,0.000,0.000
2014/08/18 15:16:35,1.46,37.87300,-122.30576,2.953,12.085,0.0,-113,0.000,0.083,5.128
2014/08/18 15:16:40,1.46,37.87263,-122.30564,2.953,24.614,0.0,-113,0.000,0.000,0.000
2014/08/18 15:16:45,1.46,37.87206,-122.30547,2.625,30.511,0.0,-113,0.000,0.083,5.509
2014/08/18 15:16:50,1.46,37.87141,-122.30526,2.953,36.291,0.0,-113,0.000,0.125,0.000
2014/08/18 15:16:55,1.46,37.87068,-122.30504,2.625,37.331,0.0,-113,0.000,0.000,5.030
2014/08/18 15:17:00,1.46,37.86998,-122.30482,2.297,34.851,0.0,-113,0.000,0.083,3.469
2014/08/18 15:17:05,1.46,37.86929,-122.30461,2.625,33.500,0.0,-113,0.003,0.083,1.531
2014/08/18 15:17:10,1.46,37.86865,-122.30441,2.625,31.466,0.0,-113,0.095,0.208,1.703
2014/08/18 15:17:15,1.46,37.86820,-122.30427,2.297,19.477,0.0,-113,0.117,0.208,0.000
2014/08/18 15:17:20,1.46,37.86777,-122.30414,2.297,26.677,0.0,-113,0.149,0.000,4.791
2014/08/18 15:17:25,1.46,37.86715,-122.30393,2.297,33.655,0.0,-113,0.176,0.083,3.831
2014/08/18 15:17:30,1.46,37.86652,-122.30374,0.984,29.199,0.0,-113,0.000,0.083,1.670
2014/08/18 15:17:35,1.46,37.86603,-122.30359,2.625,23.847,0.0,-113,0.003,0.208,1.698
2014/08/18 15:17:40,1.46,37.86568,-122.30347,2.953,8.426,0.0,-113,0.044,0.042,1.651
2014/08/18 15:17:45,1.46,37.86553,-122.30343,3.937,7.845,0.0,-113,0.157,0.208,3.901
2014/08/18 15:17:50,1.46,37.86524,-122.30333,3.937,20.883,0.0,-113,0.202,0.000,0.000
2014/08/18 15:17:55,1.46,37.86479,-122.30321,3.609,20.531,0.0,-113,0.000,0.083,3.170
2014/08/18 15:18:00,2.12,37.86466,-122.30317,4.593,0.056,0.0,-113,0.180,0.208,4.049
2014/08/18 15:18:05,1.87,37.86466,-122.30317,4.593,0.463,0.0,-113,0.134,0.208,1.930
2014/08/18 15:18:10,1.87,37.86466,-122.30317,3.609,0.042,0.0,-113,0.003,0.208,1.830
2014/08/18 15:18:15,1.87,37.86462,-122.30316,4.593,6.266,0.0,-113,0.025,0.083,2.930
2014/08/18 15:18:20,1.87,37.86438,-122.30308,4.921,17.483,0.0,-113,0.154,0.000,0.000
2014/08/18 15:18:25,1.47,37.86404,-122.30299,6.234,13.457,0.0,-113,0.070,0.125,3.778
2014/08/18 15:18:30,1.45,37.86394,-122.30296,7.546,0.515,0.0,-113,0.000,0.083,5.042
2014/08/18 15:18:35,1.87,37.86394,-122.30296,8.858,0.020,0.0,-113,0.000,0.000,1.658
2014/08/18 15:18:40,1.87,37.86391,-122.30295,9.843,0.011,0.0,-113,0.000,0.292,2.323
2014/08/18 15:18:45,1.87,37.86392,-122.30295,11.155,0.007,0.0,-113,0.003,0.292,1.950
2014/08/18 15:18:50,1.45,37.86385,-122.30293,10.499,8.669,0.0,-113,0.086,0.208,2.510
2014/08/18 15:18:55,1.45,37.86354,-122.30285,9.514,19.041,0.0,-113,0.190,0.000,0.000
2014/08/18 15:19:00,1.45,37.86310,-122.30272,8.530,25.104,0.0,-113,0.192,0.125,0.994
2014/08/18 15:19:05,1.45,37.86258,-122.30258,7.874,27.668,0.0,-113,0.129,0.000,1.567
2014/08/18 15:19:10,1.45,37.86202,-122.30243,6.562,28.830,0.0,-113,0.090,0.167,2.550
2014/08/18 15:19:15,1.45,37.86148,-122.30227,5.906,28.078,0.0,-113,0.224,0.000,0.000
2014/08/18 15:19:20,1.45,37.86088,-122.30211,6.234,30.748,0.0,-113,0.000,0.208,6.790
2014/08/18 15:19:25,1.45,37.86033,-122.30196,5.906,25.845,0.0,-113,0.003,0.208,1.654
2014/08/18 15:19:30,1.45,37.86003,-122.30188,4.921,5.220,0.0,-113,0.102,0.167,2.366
2014/08/18 15:19:35,1.45,37.86002,-122.30188,5.249,0.065,0.0,-113,0.209,0.000,0.000
2014/08/18 15:19:40,1.45,37.86002,-122.30188,5.577,1.019,0.0,-113,0.000,0.333,1.548
2014/08/18 15:19:45,1.45,37.85988,-122.30184,4.593,12.714,0.0,-113,0.000,0.208,1.659
2014/08/18 15:19:50,1.45,37.85952,-122.30174,3.937,22.542,0.0,-113,0.003,0.292,1.315
2014/08/18 15:19:55,1.45,37.85901,-122.30160,4.593,28.601,0.0,-113,0.067,0.000,0.000
2014/08/18 15:20:00,1.45,37.85841,-122.30143,4.921,31.417,0.0,-113,0.179,0.208,3.447
2014/08/18 15:20:05,1.45,37.85780,-122.30126,4.593,25.038,0.0,-113,0.193,0.000,3.771
2014/08/18 15:20:10,1.45,37.85751,-122.30118,4.921,6.643,0.0,-113,0.195,0.000,3.498
2014/08/18 15:20:15,1.46,37.85741,-122.30115,5.577,4.835,0.0,-113,0.189,0.208,0.000
2014/08/18 15:20:20,1.46,37.85733,-122.30113,4.921,2.207,0.0,-113,0.000,0.208,3.291
2014/08/18 15:20:25,1.46,37.85731,-122.30113,3.937,0.004,0.0,-113,0.000,0.000,0.000
2014/08/18 15:20:30,1.46,37.85723,-122.30111,3.937,10.518,0.0,-113,0.000,0.125,6.658
2014/08/18 15:20:35,1.46,37.85688,-122.30101,4.265,22.048,0.0,-113,0.000,0.208,1.990
2014/08/18 15:20:40,1.46,37.85643,-122.30089,4.593,24.108,0.0,-113,0.003,0.167,1.403
2014/08/18 15:20:45,1.46,37.85604,-122.30078,4.593,11.550,0.0,-113,0.044,0.000,3.490
2014/08/18 15:20:47,1.46,37.85593,-122.30075,4.921,4.273,0.0,-113,0.132,0.208,2.504
2014/08/18 15:20:52,1.46,37.85586,-122.30073,5.249,2.791,0.0,-113,0.294,0.000,3.869
2014/08/18 15:20:57,1.46,37.85573,-122.30069,5.577,9.301,0.0,-113,0.154,0.000,2.334
2014/08/18 15:21:02,1.46,37.85545,-122.30061,4.921,16.768,0.0,-113,0.163,0.250,1.823
2014/08/18 15:21:07,1.46,37.85509,-122.30052,2.297,18.070,0.0,-113,0.000,0.000,1.668
2014/08/18 15:21:12,1.46,37.85475,-122.30042,2.953,17.129,0.0,-113,0.003,0.292,2.310
2014/08/18 15:21:17,1.46,37.85442,-122.30032,2.953,16.041,0.0,-113,0.105,0.167,1.791
2014/08/18 15:21:22,1.46,37.85424,-122.30027,3.937,5.125,0.0,-113,0.190,0.000,2.390
2014/08/18 15:21:27,1.46,37.85410,-122.30023,5.249,9.119,0.0,-113,0.207,0.250,0.000
2014/08/18 15:21:32,1.46,37.85385,-122.30016,4.921,12.079,0.0,-113,0.161,0.000,2.910
2014/08/18 15:21:37,1.46,37.85377,-122.30014,6.890,0.040,0.0,-113,0.183,0.208,2.570
2014/08/18 15:21:42,1.46,37.85377,-122.30014,8.530,2.264,0.0,-113,0.160,0.208,1.383
2014/08/18 15:21:47,1.46,37.85358,-122.30009,10.499,14.533,0.0,-113,0.044,0.208,1.575
2014/08/18 15:21:52,1.46,37.85320,-122.29998,11.155,23.572,0.0,-113,0.183,0.000,2.070
2014/08/18 15:21:57,1.46,37.85275,-122.29986,12.139,19.084,0.0,-113,0.227,0.125,1.270
2014/08/18 15:22:02,1.46,37.85257,-122.29981,12.795,4.257,0.0,-113,0.000,0.083,1.450
2014/08/18 15:22:07,1.45,37.85250,-122.29979,14.436,4.515,0.0,-113,0.128,0.208,0.000
2014/08/18 15:22:12,1.45,37.85242,-122.29977,15.092,1.099,0.0,-113,0.176,0.000,5.628
2014/08/18 15:22:17,1.44,37.85241,-122.29977,14.764,0.055,0.0,-113,0.079,0.083,3.350
2014/08/18 15:22:22,1.43,37.85234,-122.29976,14.108,8.328,0.0,-113,0.098,0.000,0.000
2014/08/18 15:22:27,1.45,37.85206,-122.29969,14.436,18.090,0.0,-113,0.000,0.208,3.690
2014/08/18 15:22:32,1.43,37.85175,-122.29961,15.092,10.512,0.0,-113,0.000,0.125,2.517
2014/08/18 15:22:37,1.9,37.85159,-122.29957,14.764,11.090,0.0,-113,0.000,0.083,3.964
2014/08/18 15:22:42,1.43,37.85131,-122.29950,15.420,16.127,0.0,-113,0.000,0.000,2.762
2014/08/18 15:22:47,1.43,37.85097,-122.29942,15.748,17.888,0.0,-113,0.000,0.208,0.000
2014/08/18 15:22:52,1.43,37.85066,-122.29934,17.388,11.786,0.0,-113,0.000,0.208,0.848
2014/08/18 15:22:57,1.45,37.85056,-122.29931,21.982,2.228,0.0,-113,0.000,0.208,0.000
2014/08/18 15:23:02,1.45,37.85053,-122.29931,19.357,2.848,0.0,-113,0.000,0.208,2.881
2014/08/18 15:23:07,1.43,37.85047,-122.29930,17.717,5.741,0.0,-113,0.000,0.167,1.659
2014/08/18 15:23:12,1.43,37.85036,-122.29927,18.701,2.126,0.0,-113,0.000,0.208,3.331
2014/08/18 15:23:17,1.43,37.85029,-122.29926,19.029,7.600,0.0,-113,0.003,0.000,1.200
2014/08/18 15:23:22,1.43,37.85006,-122.29920,18.701,14.897,0.0,-113,0.079,0.208,2.590
2014/08/18 15:23:27,1.9,37.84979,-122.29914,19.685,10.926,0.0,-113,0.215,0.000,2.609
2014/08/18 15:23:32,2.0,37.84955,-122.29908,20.669,15.878,0.0,-113,0.189,0.000,3.309
2014/08/18 15:23:37,1.9,37.84918,-122.29900,20.669,21.099,0.0,-113,0.196,0.208,0.000
2014/08/18 15:23:42,1.45,37.84873,-122.29889,18.701,21.933,0.0,-113,0.067,0.083,7.010
2014/08/18 15:23:47,1.43,37.84840,-122.29882,19.029,10.022,0.0,-113,0.196,0.000,0.000
2014/08/18 15:23:52,1.43,37.84836,-122.29881,19.029,0.024,0.0,-113,0.208,0.000,3.226
2014/08/18 15:23:57,1.91,37.84830,-122.29880,19.357,7.365,0.0,-113,0.000,0.208,4.583
2014/08/18 15:24:02,1.43,37.84811,-122.29875,19.029,7.805,0.0,-113,0.000,0.125,2.891
2014/08/18 15:24:07,1.43,37.84796,-122.29872,18.373,8.544,0.0,-113,0.000,0.000,0.000
2014/08/18 15:24:12,1.44,37.84780,-122.29868,18.045,3.634,0.0,-113,0.000,0.083,1.171
2014/08/18 15:24:17,1.43,37.84772,-122.29866,18.373,6.705,0.0,-113,0.000,0.292,2.429
2014/08/18 15:24:22,1.42,37.84749,-122.29861,17.717,13.788,0.0,-113,0.000,0.000,0.000
2014/08/18 15:24:27,1.42,37.84717,-122.29854,19.357,17.441,0.0,-113,0.000,0.208,3.558
2014/08/18 15:24:32,1.47,37.84689,-122.29849,16.076,13.331,0.0,-113,0.003,0.208,1.208
2014/08/18 15:24:37,1.42,37.84669,-122.29844,16.732,8.602,0.0,-113,0.000,0.208,3.310
2014/08/18 15:24:42,1.42,37.84648,-122.29838,17.717,12.996,0.0,-113,0.000,0.000,1.629
2014/08/18 15:24:47,1.42,37.84622,-122.29832,18.701,12.838,0.0,-113,0.000,0.208,2.403
2014/08/18 15:24:52,1.42,37.84598,-122.29826,19.685,11.039,0.0,-113,0.000,0.167,1.690
2014/08/18 15:24:57,1.42,37.84574,-122.29821,19.685,11.952,0.0,-113,0.000,0.208,3.870
2014/08/18 15:25:02,1.42,37.84547,-122.29815,21.325,15.294,0.0,-113,0.003,0.208,1.279
2014/08/18 15:25:07,1.44,37.84517,-122.29809,21.654,9.274,0.0,-113,0.000,0.000,0.000
2014/08/18 15:25:12,1.44,37.84501,-122.29806,17.060,8.376,0.0,-113,0.000,0.125,6.209
2014/08/18 15:25:17,1.47,37.84487,-122.29802,18.373,5.646,0.0,-113,0.000,0.208,0.750
2014/08/18 15:25:22,1.42,37.84468,-122.29798,19.685,13.775,0.0,-113,0.000,0.292,1.096
2014/08/18 15:25:27,1.44,37.84431,-122.29791,20.341,22.109,0.0,-113,0.000,0.000,0.000
2014/08/18 15:25:32,1.47,37.84394,-122.29783,21.325,10.374,0.0,-113,0.000,0.000,6.960
2014/08/18 15:25:37,1.47,37.84384,-122.29781,20.997,3.936,0.0,-113,0.000,0.167,0.000
2014/08/18 15:25:42,1.44,37.84365,-122.29777,20.013,14.671,0.0,-113,0.000,0.125,3.193
2014/08/18 15:25:47,1.44,37.84332,-122.29770,18.373,16.026,0.0,-113,0.000,0.000,3.486
2014/08/18 15:25:52,1.47,37.84301,-122.29763,17.060,15.176,0.0,-113,0.000,0.208,3.643
2014/08/18 15:25:57,1.44,37.84278,-122.29758,16.732,6.663,0.0,-113,0.000,0.208,1.917
2014/08/18 15:26:02,1.46,37.84263,-122.29755,14.764,9.413,0.0,-113,0.000,0.167,1.630
2014/08/18 15:26:07,2.15,37.84236,-122.29749,19.357,17.803,0.0,-113,0.000,0.208,2.190
2014/08/18 15:26:12,2.08,37.84197,-122.29741,19.029,19.705,0.0,-113,0.000,0.208,2.843
2014/08/18 15:26:17,2.07,37.84160,-122.29734,17.717,16.856,0.0,-113,0.003,0.208,1.197
2014/08/18 15:26:22,2.08,37.84126,-122.29728,15.420,18.064,0.0,-113,0.044,0.208,1.822
2014/08/18 15:26:27,1.43,37.84086,-122.29721,13.451,19.857,0.0,-113,0.125,0.000,2.448
2014/08/18 15:26:32,1.43,37.84050,-122.29716,13.123,16.377,0.0,-113,0.173,0.208,2.750
2014/08/18 15:26:37,1.43,37.84014,-122.29709,14.764,20.204,0.0,-113,0.205,0.000,0.000
2014/08/18 15:26:42,1.92,37.83970,-122.29700,19.029,23.347,0.0,-113,0.000,0.208,0.609
2014/08/18 15:26:47,1.41,37.83922,-122.29691,22.638,20.412,0.0,-113,0.000,0.000,1.598
2014/08/18 15:26:52,1.41,37.83908,-122.29688,23.622,2.126,0.0,-113,0.000,0.167,1.271
2014/08/18 15:26:57,1.41,37.83893,-122.29684,26.247,12.826,0.0,-113,0.000,0.208,1.831
2014/08/18 15:27:02,1.41,37.83856,-122.29677,29.856,21.836,0.0,-113,0.000,0.292,1.663
2014/08/18 15:27:07,1.41,37.83807,-122.29667,33.793,25.850,0.0,-113,0.000,0.000,3.997
2014/08/18 15:27:12,1.56,37.83768,-122.29657,35.105,17.728,0.0,-113,0.000,0.000,0.000
2014/08/18 15:27:17,1.41,37.83736,-122.29646,33.465,15.755,0.0,-113,0.000,0.208,3.490
2014/08/18 15:27:22,1.41,37.83705,-122.29634,29.199,16.655,0.0,-113,0.003,0.000,1.790
2014/08/18 15:27:27,1.62,37.83668,-122.29618,23.622,20.780,0.0,-113,0.019,0.208,4.810
2014/08/18 15:27:33,1.41,37.83617,-122.29594,15.420,22.924,0.0,-113,0.000,0.083,2.982
2014/08/18 15:27:38,1.93,37.83569,-122.29573,11.811,24.679,0.0,-113,0.000,0.000,1.498
2014/08/18 15:27:43,1.93,37.83524,-122.29552,10.171,23.422,0.0,-113,0.000,0.333,1.451
2014/08/18 15:27:48,1.43,37.83478,-122.29531,9.514,25.145,0.0,-113,0.000,0.167,2.502
2014/08/18 15:27:53,1.43,37.83429,-122.29508,8.530,27.011,0.0,-113,0.000,0.208,1.759
2014/08/18 15:27:58,1.93,37.83377,-122.29484,7.546,26.357,0.0,-113,0.000,0.208,1.869
2014/08/18 15:28:03,1.42,37.83329,-122.29460,7.874,25.317,0.0,-113,0.003,0.208,1.930
2014/08/18 15:28:08,1.42,37.83281,-122.29437,10.827,26.708,0.0,-113,0.044,0.000,1.102
2014/08/18 15:28:13,1.93,37.83229,-122.29415,11.155,27.501,0.0,-113,0.160,0.208,2.706
2014/08/18 15:28:18,1.45,37.83172,-122.29397,10.171,31.374,0.0,-113,0.154,0.000,0.000
2014/08/18 15:28:23,1.42,37.83106,-122.29383,12.467,35.396,0.0,-113,0.000,0.125,1.452
2014/08/18 15:28:28,1.93,37.83030,-122.29380,18.701,39.252,0.0,-113,0.000,0.083,0.705
2014/08/18 15:28:33,1.93,37.82950,-122.29387,28.215,38.990,0.0,-113,0.000,0.208,1.562
2014/08/18 15:28:38,1.4,37.82872,-122.29373,33.793,39.503,0.0,-113,0.003,0.208,0.899
2014/08/18 15:28:43,3.0,37.82799,-122.29326,33.793,40.666,0.0,-113,0.063,0.208,2.529
2014/08/18 15:28:48,3.25,37.82734,-122.29247,37.730,46.589,0.0,-113,0.000,0.000,4.408
2014/08/18 15:28:53,1.42,37.82655,-122.29165,43.635,51.671,0.0,-113,0.000,0.208,1.942
2014/08/18 15:28:58,1.45,37.82558,-122.29120,55.446,50.822,0.0,-113,0.000,0.000,0.000
2014/08/18 15:29:03,1.42,37.82453,-122.29123,65.945,54.066,0.0,-113,0.000,0.208,2.718
2014/08/18 15:29:08,2.52,37.82346,-122.29172,70.210,58.543,0.0,-113,0.000,0.000,0.000
2014/08/18 15:29:13,1.42,37.82235,-122.29236,68.570,62.435,0.0,-113,0.000,0.000,0.000
2014/08/18 15:29:18,1.42,37.82121,-122.29318,64.633,66.467,0.0,-113,0.000,0.000,0.000
2014/08/18 15:29:23,1.42,37.82011,-122.29417,60.696,66.451,0.0,-113,0.003,0.083,0.342
2014/08/18 15:29:28,1.42,37.81910,-122.29528,51.837,66.909,0.0,-113,0.705,0.417,1.419
2014/08/18 15:29:33,1.42,37.81812,-122.29649,37.730,70.026,0.0,-113,0.371,0.125,1.758
2014/08/18 15:29:38,1.4,37.81717,-122.29768,25.919,66.442,0.0,-113,0.273,0.000,2.619
2014/08/18 15:29:43,1.4,37.81623,-122.29885,18.373,64.896,0.0,-113,0.291,0.125,1.655
2014/08/18 15:29:48,1.4,37.81532,-122.29998,10.171,64.136,0.0,-113,0.943,0.208,0.326
2014/08/18 15:29:53,1.4,37.81439,-122.30114,5.906,65.812,0.0,-113,2.038,0.000,0.201
2014/08/18 15:29:58,1.4,37.81345,-122.30230,4.921,65.449,0.0,-113,0.945,0.292,0.918
2014/08/18 15:30:03,1.94,37.81244,-122.30337,4.921,65.150,0.0,-113,0.471,0.083,0.758
2014/08/18 15:30:08,1.94,37.81130,-122.30416,4.593,64.213,0.0,-113,0.987,0.208,0.434
2014/08/18 15:30:13,1.39,37.81010,-122.30464,6.562,61.670,0.0,-113,1.824,0.458,0.391
2014/08/18 15:30:18,1.39,37.80892,-122.30484,6.562,59.709,0.0,-113,1.590,0.333,0.353
2014/08/18 15:30:23,1.94,37.80772,-122.30477,6.562,62.281,0.0,-113,1.791,0.500,0.746
2014/08/18 15:30:28,1.39,37.80650,-122.30441,8.858,62.421,0.0,-113,1.446,0.000,1.285
2014/08/18 15:30:33,1.39,37.80537,-122.30379,11.483,61.569,0.0,-113,0.590,0.333,0.499
2014/08/18 15:30:38,1.94,37.80433,-122.30291,11.483,64.269,0.0,-113,1.574,0.292,0.494
2014/08/18 15:30:43,1.41,37.80345,-122.30183,9.186,59.460,0.0,-113,2.291,0.417,0.262
2014/08/18 15:30:48,1.39,37.80275,-122.30055,6.562,62.039,0.0,-113,2.433,0.333,0.193
2014/08/18 15:30:53,1.39,37.80224,-122.29907,3.281,65.440,0.0,-113,2.353,0.417,0.216
2014/08/18 15:30:58,1.41,37.80188,-122.29742,5.249,65.920,0.0,-113,2.490,0.000,0.295
2014/08/18 15:31:03,1.39,37.80178,-122.29580,14.764,61.785,0.0,-113,2.094,0.417,0.460
2014/08/18 15:31:08,1.39,37.80184,-122.29432,24.278,58.030,0.0,-113,0.917,0.292,1.774
2014/08/18 15:31:13,1.41,37.80200,-122.29295,17.717,51.554,0.0,-113,0.667,0.250,0.285
2014/08/18 15:31:18,2.4,37.80247,-122.29187,7.874,44.499,0.0,-113,0.801,0.500,0.861
2014/08/18 15:31:23,1.44,37.80288,-122.29140,-6.234,22.920,0.0,-113,0.635,0.542,1.267
2014/08/18 15:31:28,1.64,37.80325,-122.29106,-4.593,20.278,0.0,-113,0.352,0.000,1.809
2014/08/18 15:31:33,1.39,37.80334,-122.29065,-3.609,16.580,0.0,-113,0.683,0.333,1.435
2014/08/18 15:31:38,1.41,37.80321,-122.29019,-3.937,21.836,0.0,-113,0.840,0.208,0.714
2014/08/18 15:31:43,1.44,37.80311,-122.28975,-1.969,12.093,0.0,-113,0.802,0.292,0.893
2014/08/18 15:31:48,1.4,37.80308,-122.28961,0.000,1.048,0.0,-113,0.552,0.333,0.780
2014/08/18 15:31:53,1.4,37.80308,-122.28961,-4.265,0.836,0.0,-113,0.381,0.000,2.525
2014/08/18 15:31:58,1.4,37.80306,-122.28951,-4.593,7.575,0.0,-113,0.468,0.167,1.629
2014/08/18 15:32:03,1.43,37.80298,-122.28929,-4.921,8.447,0.0,-113,0.500,0.125,1.674
2014/08/18 15:32:08,1.45,37.80292,-122.28904,2.625,11.043,0.0,-113,0.544,0.083,1.204
2014/08/18 15:32:13,1.45,37.80283,-122.28873,8.202,17.542,0.0,-113,0.577,0.000,1.514
2014/08/18 15:32:18,1.43,37.80266,-122.28819,17.060,18.842,0.0,-113,0.602,0.000,1.287
2014/08/18 15:32:23,1.45,37.80250,-122.28776,25.919,18.458,0.0,-113,0.423,0.208,1.209
2014/08/18 15:32:28,1.62,37.80238,-122.28723,28.215,22.068,0.0,-113,0.382,0.125,1.881
2014/08/18 15:32:33,1.59,37.80225,-122.28661,22.638,25.961,0.0,-113,0.327,0.000,2.486
2014/08/18 15:32:38,1.64,37.80208,-122.28585,12.795,31.577,0.0,-113,0.346,0.000,0.000
2014/08/18 15:32:43,1.99,37.80187,-122.28505,9.186,32.511,0.0,-113,0.484,0.083,0.950
2014/08/18 15:32:48,1.61,37.80168,-122.28430,5.577,28.816,0.0,-113,0.000,0.125,2.002
2014/08/18 15:32:53,1.59,37.80150,-122.28365,5.249,25.528,0.0,-113,0.464,0.000,2.022
2014/08/18 15:32:58,1.68,37.80129,-122.28309,7.218,23.616,0.0,-113,0.356,0.083,1.925
2014/08/18 15:33:03,1.64,37.80113,-122.28272,9.186,8.483,0.0,-113,0.458,0.000,1.792
2014/08/18 15:33:08,1.64,37.80110,-122.28265,6.562,0.036,0.0,-113,0.279,0.208,0.994
2014/08/18 15:33:13,1.64,37.80110,-122.28264,3.937,2.056,0.0,-113,1.378,0.292,0.393
2014/08/18 15:33:18,1.64,37.80101,-122.28240,2.953,16.201,0.0,-113,1.978,0.250,0.757
2014/08/18 15:33:23,1.64,37.80084,-122.28193,4.921,23.308,0.0,-113,0.628,0.125,1.654
2014/08/18 15:33:28,1.64,37.80064,-122.28138,8.858,24.397,0.0,-113,0.407,0.083,1.299
2014/08/18 15:33:33,1.64,37.80042,-122.28081,9.514,26.359,0.0,-113,0.286,0.000,2.475
2014/08/18 15:33:38,1.64,37.80018,-122.28017,9.514,28.850,0.0,-113,0.154,0.000,0.000
2014/08/18 15:33:43,1.64,37.79993,-122.27953,8.858,28.494,0.0,-113,0.087,0.125,7.607
2014/08/18 15:33:48,3.0,37.79972,-122.27891,14.764,27.051,0.0,-113,0.384,0.208,0.826
2014/08/18 15:33:53,3.01,37.79949,-122.27823,14.108,26.087,0.0,-113,0.478,0.208,1.789
2014/08/18 15:33:58,1.98,37.79919,-122.27745,8.530,34.769,0.0,-113,0.663,0.000,0.866
2014/08/18 15:34:03,1.63,37.79888,-122.27670,11.483,30.235,0.0,-113,0.625,0.208,0.421
2014/08/18 15:34:08,1.63,37.79860,-122.27605,12.795,27.902,0.0,-113,1.138,0.333,0.443
2014/08/18 15:34:13,1.63,37.79838,-122.27558,14.108,15.083,0.0,-113,1.571,0.542,0.329
2014/08/18 15:34:18,1.9,37.79826,-122.27533,18.045,2.703,0.0,-113,1.673,0.000,0.905
2014/08/18 15:34:23,1.98,37.79823,-122.27533,9.514,0.112,0.0,-113,1.279,0.000,0.491
2014/08/18 15:34:28,2.82,37.79822,-122.27532,8.202,0.063,0.0,-113,1.670,0.042,0.333
2014/08/18 15:34:33,1.63,37.79822,-122.27532,10.827,0.034,0.0,-113,1.500,0.292,0.501
2014/08/18 15:34:38,1.63,37.79822,-122.27531,12.467,0.076,0.0,-113,1.267,0.000,0.816
2014/08/18 15:34:43,1.63,37.79821,-122.27530,11.811,3.194,0.0,-113,1.192,0.208,0.525
2014/08/18 15:34:48,2.82,37.79808,-122.27521,14.108,9.702,0.0,-113,0.734,0.250,1.961
2014/08/18 15:34:53,3.17,37.79782,-122.27532,17.388,15.363,0.0,-113,0.362,0.375,1.802
2014/08/18 15:34:58,3.17,37.79759,-122.27545,20.669,7.329,0.0,-113,0.327,0.292,1.499
2014/08/18 15:35:03,2.83,37.79747,-122.27540,19.685,8.660,0.0,-113,0.641,0.167,0.521
2014/08/18 15:35:08,1.63,37.79734,-122.27506,28.215,19.598,0.0,-113,0.852,0.000,1.067
2014/08/18 15:35:13,1.63,37.79715,-122.27457,31.496,22.889,0.0,-113,0.442,0.333,3.878
2014/08/18 15:35:18,2.83,37.79694,-122.27405,28.215,23.091,0.0,-113,0.148,0.000,0.000
2014/08/18 15:35:23,1.63,37.79673,-122.27352,23.294,22.752,0.0,-113,0.503,0.208,3.295
2014/08/18 15:35:28,2.59,37.79661,-122.27325,16.404,0.829,0.0,-113,0.782,0.167,0.446
2014/08/18 15:35:33,1.63,37.79656,-122.27314,16.076,11.515,0.0,-113,2.055,0.750,0.337
2014/08/18 15:35:38,1.42,37.79641,-122.27274,17.388,20.676,0.0,-113,0.956,0.750,1.231
2014/08/18 15:35:43,2.84,37.79622,-122.27226,12.139,20.908,0.0,-113,0.698,0.333,1.110
2014/08/18 15:35:48,2.84,37.79603,-122.27178,9.514,21.534,0.0,-113,0.817,0.375,0.703
2014/08/18 15:35:53,2.84,37.79583,-122.27128,6.562,19.412,0.0,-113,0.933,0.000,0.718
2014/08/18 15:35:58,2.59,37.79573,-122.27098,7.874,7.716,0.0,-113,0.513,0.208,1.630
2014/08/18 15:36:03,1.62,37.79567,-122.27086,3.937,6.592,0.0,-113,0.651,0.083,1.473
2014/08/18 15:36:08,2.85,37.79557,-122.27061,3.281,14.156,0.0,-113,0.647,0.208,0.878
2014/08/18 15:36:13,2.59,37.79540,-122.27025,2.953,17.199,0.0,-113,0.698,0.542,0.353
2014/08/18 15:36:18,2.59,37.79521,-122.26991,2.953,14.972,0.0,-113,0.000,0.458,0.610
2014/08/18 15:36:23,2.59,37.79516,-122.26975,7.546,3.213,0.0,-113,0.337,0.000,1.862
2014/08/18 15:36:28,2.59,37.79510,-122.26954,14.764,11.807,0.0,-113,0.327,0.292,3.130
2014/08/18 15:36:33,2.59,37.79495,-122.26923,14.436,16.553,0.0,-113,0.314,0.167,3.767
2014/08/18 15:36:38,2.86,37.79479,-122.26879,10.827,18.657,0.0,-113,0.217,0.375,1.858
2014/08/18 15:36:43,2.59,37.79463,-122.26839,8.858,16.667,0.0,-113,0.517,0.000,2.161
2014/08/18 15:36:48,2.86,37.79443,-122.26798,2.625,19.949,0.0,-113,0.202,0.167,0.000
2014/08/18 15:36:53,2.86,37.79424,-122.26755,1.640,16.699,0.0,-113,0.093,0.000,6.533
2014/08/18 15:36:58,2.59,37.79421,-122.26740,1.969,0.131,0.0,-113,0.000,0.000,0.000
2014/08/18 15:37:03,2.59,37.79424,-122.26737,6.234,0.107,0.0,-113,0.000,0.125,6.902
2014/08/18 15:37:08,2.59,37.79424,-122.26735,10.171,4.141,0.0,-113,0.000,0.333,0.653
2014/08/18 15:37:13,2.59,37.79427,-122.26721,15.420,11.955,0.0,-113,0.000,0.458,1.106
2014/08/18 15:37:18,2.87,37.79453,-122.26703,15.748,17.009,0.0,-113,0.003,0.542,0.340
2014/08/18 15:37:24,2.59,37.79474,-122.26690,16.076,0.639,0.0,-113,0.397,0.792,1.291
2014/08/18 15:37:29,2.59,37.79474,-122.26688,13.451,0.027,0.0,-113,0.410,0.000,1.721
2014/08/18 15:37:34,2.87,37.79474,-122.26688,13.123,0.119,0.0,-113,0.360,0.292,2.103
2014/08/18 15:37:39,2.59,37.79474,-122.26687,11.483,0.045,0.0,-113,0.243,0.083,2.218
2014/08/18 15:37:44,2.59,37.79476,-122.26686,7.874,3.227,0.0,-113,0.468,0.000,0.686
2014/08/18 15:37:49,2.87,37.79496,-122.26673,13.123,16.345,0.0,-113,0.689,0.167,0.806
2014/08/18 15:37:54,3.07,37.79506,-122.26671,25.262,5.860,0.0,-113,0.333,0.167,1.471
2014/08/18 15:37:59,2.59,37.79529,-122.26653,5.249,0.012,0.0,-113,1.183,0.375,0.651
2014/08/18 15:38:04,2.13,37.79533,-122.26650,1.969,0.118,0.0,-113,1.493,0.375,0.321
2014/08/18 15:38:09,2.13,37.79535,-122.26649,4.593,0.018,0.0,-113,2.257,0.000,0.173
2014/08/18 15:38:14,2.13,37.79536,-122.26648,5.249,0.035,0.0,-113,1.859,0.333,0.325
2014/08/18 15:38:19,2.13,37.79537,-122.26648,5.906,0.055,0.0,-113,1.933,0.458,0.302
2014/08/18 15:38:24,2.13,37.79537,-122.26648,2.953,0.067,0.0,-113,1.398,0.292,0.396
2014/08/18 15:38:29,2.53,37.79546,-122.26647,5.577,7.436,0.0,-113,1.137,0.167,0.896
2014/08/18 15:38:34,2.13,37.79560,-122.26670,5.577,15.243,0.0,-113,0.680,0.125,1.069
2014/08/18 15:38:39,2.13,37.79576,-122.26711,8.858,18.774,0.0,-113,1.740,0.000,0.347
2014/08/18 15:38:44,2.13,37.79590,-122.26738,15.748,5.041,0.0,-113,1.150,0.250,0.413
2014/08/18 15:38:49,2.13,37.79591,-122.26738,18.045,0.009,0.0,-113,1.048,0.292,1.553
2014/08/18 15:38:54,2.13,37.79591,-122.26737,18.373,0.024,0.0,-113,1.115,0.167,0.409
2014/08/18 15:38:59,2.13,37.79591,-122.26736,18.045,0.016,0.0,-113,1.410,0.167,0.412
2014/08/18 15:39:04,2.13,37.79591,-122.26736,20.997,0.011,0.0,-113,0.981,0.125,0.870
2014/08/18 15:39:09,2.13,37.79592,-122.26735,23.294,0.023,0.0,-113,1.006,0.000,0.490
2014/08/18 15:39:14,2.13,37.79592,-122.26736,23.950,2.513,0.0,-113,1.618,0.167,0.675
2014/08/18 15:39:19,2.13,37.79594,-122.26746,22.966,5.120,0.0,-113,1.007,0.417,0.781
2014/08/18 15:39:24,2.06,37.79586,-122.26749,18.045,3.814,0.0,-113,1.186,0.167,0.248
2014/08/18 15:39:29,2.58,37.79585,-122.26745,20.341,0.152,0.0,-113,1.006,0.292,1.122
2014/08/18 15:39:34,2.62,37.79583,-122.26739,22.310,5.686,0.0,-113,1.321,0.292,0.661
2014/08/18 15:39:39,2.19,37.79575,-122.26721,18.701,10.152,0.0,-113,1.230,0.000,0.413
2014/08/18 15:39:44,2.19,37.79565,-122.26694,20.013,12.589,0.0,-113,1.083,0.333,1.294
2014/08/18 15:39:49,2.29,37.79556,-122.26672,25.262,7.213,0.0,-113,0.824,0.208,0.486
2014/08/18 15:39:54,2.13,37.79547,-122.26671,26.903,4.084,0.0,-113,0.000,0.000,1.413
2014/08/18 15:39:59,2.58,37.79549,-122.26675,26.903,2.725,0.0,-113,0.882,0.167,1.789
2014/08/18 15:40:04,2.58,37.79552,-122.26676,35.433,1.621,0.0,-113,0.374,0.292,0.858
2014/08/18 15:40:09,3.24,37.79546,-122.26675,23.622,0.999,0.0,-113,0.667,0.000,1.122
2014/08/18 15:40:14,2.58,37.79543,-122.26678,8.202,1.167,0.0,-113,0.728,0.625,0.718
