Date-Time,DOP,Latitude,Longitude,Altitude (ft),Speed (mph),Heading (deg),mod1 SS (dBm),mod1 Down (Mbs),mod1 Up (Mbs),mod1 Ping (Sec)
2014/08/19 08:44:18,2.52,37.79578,-122.26731,31.168,0.045,0.0,-113,0.722,1.167,0.200
2014/08/19 08:44:23,2.52,37.79578,-122.26732,29.528,1.464,0.0,-113,0.897,1.292,0.237
2014/08/19 08:44:28,2.52,37.79581,-122.26740,28.215,3.901,0.0,-113,0.834,0.833,0.273
2014/08/19 08:44:33,2.58,37.79582,-122.26751,26.575,4.140,0.0,-113,0.674,0.625,0.674
2014/08/19 08:44:38,2.52,37.79571,-122.26757,27.559,7.872,0.0,-113,0.750,0.000,0.661
2014/08/19 08:44:43,2.53,37.79561,-122.26766,21.654,1.290,0.0,-113,0.766,0.708,0.285
2014/08/19 08:44:48,2.53,37.79558,-122.26770,15.420,1.523,0.0,-113,0.728,0.583,0.616
2014/08/19 08:44:53,1.67,37.79543,-122.26777,3.281,9.774,0.0,-113,0.817,0.917,1.170
2014/08/19 08:44:58,1.67,37.79528,-122.26756,3.609,9.811,0.0,-113,0.535,0.625,0.478
2014/08/19 08:45:03,3.14,37.79524,-122.26746,11.155,3.430,0.0,-113,0.565,0.750,0.650
2014/08/19 08:45:08,1.69,37.79521,-122.26736,13.123,2.547,0.0,-113,0.552,1.042,0.351
2014/08/19 08:45:13,1.69,37.79518,-122.26728,15.092,4.130,0.0,-113,0.762,1.125,1.085
2014/08/19 08:45:18,2.54,37.79515,-122.26719,20.669,4.875,0.0,-113,0.481,0.667,0.226
2014/08/19 08:45:23,1.67,37.79512,-122.26716,18.701,0.024,0.0,-113,0.468,0.875,0.330
2014/08/19 08:45:28,1.67,37.79510,-122.26716,20.341,0.065,0.0,-113,0.340,1.083,0.293
2014/08/19 08:45:33,1.47,37.79509,-122.26715,20.013,3.109,0.0,-113,0.500,0.000,0.871
2014/08/19 08:45:38,1.47,37.79501,-122.26696,27.887,13.416,0.0,-113,0.399,0.500,1.034
2014/08/19 08:45:43,2.36,37.79487,-122.26660,21.325,16.026,0.0,-113,0.216,0.375,1.602
2014/08/19 08:45:48,2.36,37.79467,-122.26611,14.436,26.363,0.0,-113,0.298,0.208,1.325
2014/08/19 08:45:53,1.34,37.79435,-122.26546,8.530,32.995,0.0,-113,0.489,0.542,1.034
2014/08/19 08:45:58,1.34,37.79389,-122.26471,0.656,40.791,0.0,-113,0.158,0.375,0.750
2014/08/19 08:46:03,1.47,37.79336,-122.26396,0.656,38.155,0.0,-113,0.311,0.292,0.711
2014/08/19 08:46:08,1.56,37.79277,-122.26327,7.874,40.887,0.0,-113,0.805,0.875,0.317
2014/08/19 08:46:13,1.34,37.79223,-122.26261,24.278,35.337,0.0,-113,0.359,0.000,0.774
2014/08/19 08:46:18,1.34,37.79171,-122.26196,33.793,38.070,0.0,-113,0.000,0.542,2.478
2014/08/19 08:46:23,1.34,37.79114,-122.26124,39.698,42.172,0.0,-113,0.257,0.292,0.659
2014/08/19 08:46:28,1.34,37.79059,-122.26035,40.026,46.114,0.0,-113,0.336,0.667,0.554
2014/08/19 08:46:33,1.34,37.79014,-122.25930,37.073,46.402,0.0,-113,0.957,0.917,0.522
2014/08/19 08:46:38,1.34,37.78986,-122.25826,28.871,41.627,0.0,-113,0.480,0.750,0.254
2014/08/19 08:46:43,1.34,37.78968,-122.25725,15.092,40.145,0.0,-113,0.898,1.125,0.334
2014/08/19 08:46:48,1.34,37.78952,-122.25628,1.640,37.762,0.0,-113,1.243,1.000,0.169
2014/08/19 08:46:53,1.36,37.78937,-122.25543,-5.577,31.889,0.0,-113,0.729,1.458,0.289
2014/08/19 08:46:58,1.36,37.78925,-122.25471,-8.202,26.363,0.0,-113,0.789,1.250,0.218
2014/08/19 08:47:03,1.34,37.78915,-122.25417,-8.858,18.893,0.0,-113,1.231,1.333,0.253
2014/08/19 08:47:08,1.36,37.78907,-122.25371,-8.530,19.655,0.0,-113,0.821,1.208,0.438
2014/08/19 08:47:13,1.34,37.78897,-122.25314,-7.874,23.051,0.0,-113,0.379,1.250,0.238
2014/08/19 08:47:18,1.34,37.78884,-122.25257,-6.890,25.756,0.0,-113,1.178,1.208,0.234
2014/08/19 08:47:23,1.34,37.78867,-122.25191,-4.593,29.496,0.0,-113,1.361,1.458,0.319
2014/08/19 08:47:28,1.34,37.78845,-122.25114,-1.969,34.889,0.0,-113,1.422,0.917,0.233
2014/08/19 08:47:33,1.34,37.78819,-122.25026,0.328,38.628,0.0,-113,1.307,0.875,0.322
2014/08/19 08:47:38,1.34,37.78794,-122.24942,2.297,34.772,0.0,-113,0.876,1.458,0.138
2014/08/19 08:47:43,1.34,37.78765,-122.24858,2.953,38.191,0.0,-113,0.673,1.250,0.286
2014/08/19 08:47:48,1.34,37.78729,-122.24764,3.281,43.788,0.0,-113,0.928,1.458,0.266
2014/08/19 08:47:53,1.34,37.78687,-122.24662,3.609,46.797,0.0,-113,0.745,0.000,0.269
2014/08/19 08:47:58,1.34,37.78637,-122.24559,4.593,46.514,0.0,-113,0.677,1.458,0.203
2014/08/19 08:48:03,1.37,37.78583,-122.24459,4.921,48.026,0.0,-113,0.626,1.458,0.193
2014/08/19 08:48:08,1.34,37.78529,-122.24357,3.937,47.744,0.0,-113,0.843,1.208,0.238
2014/08/19 08:48:13,1.34,37.78474,-122.24254,1.969,49.044,0.0,-113,0.751,1.333,0.461
2014/08/19 08:48:18,1.47,37.78418,-122.24150,3.609,49.706,0.0,-113,1.152,1.250,0.278
2014/08/19 08:48:23,1.58,37.78353,-122.24050,2.625,51.555,0.0,-113,0.499,1.208,0.489
2014/08/19 08:48:28,1.34,37.78277,-122.23961,3.609,51.352,0.0,-113,0.440,0.750,2.870
2014/08/19 08:48:33,1.59,37.78186,-122.23900,5.249,51.045,0.0,-113,0.159,0.417,2.010
2014/08/19 08:48:38,1.34,37.78087,-122.23860,6.562,51.128,0.0,-113,0.677,1.042,0.413
2014/08/19 08:48:43,1.34,37.77989,-122.23824,7.218,52.217,0.0,-113,0.964,0.875,0.614
2014/08/19 08:48:48,1.34,37.77887,-122.23785,6.562,52.942,0.0,-113,1.460,0.000,0.154
2014/08/19 08:48:53,1.5,37.77789,-122.23730,5.906,53.329,0.0,-113,1.054,0.125,0.121
2014/08/19 08:48:58,1.48,37.77703,-122.23655,5.249,51.070,0.0,-113,1.172,1.375,0.302
2014/08/19 08:49:03,1.34,37.77624,-122.23565,6.562,52.168,0.0,-113,1.018,1.500,0.626
2014/08/19 08:49:08,1.34,37.77560,-122.23465,6.890,49.333,0.0,-113,0.970,1.000,0.357
2014/08/19 08:49:13,1.34,37.77509,-122.23359,6.890,48.176,0.0,-113,0.806,1.333,0.348
2014/08/19 08:49:18,1.34,37.77470,-122.23247,9.514,49.481,0.0,-113,0.948,1.208,0.254
2014/08/19 08:49:23,1.34,37.77432,-122.23132,15.748,49.333,0.0,-113,0.778,1.542,0.218
2014/08/19 08:49:28,1.48,37.77394,-122.23015,26.247,49.531,0.0,-113,0.000,0.000,0.269
2014/08/19 08:49:33,1.34,37.77357,-122.22900,39.042,49.018,0.0,-113,0.000,0.000,0.000
2014/08/19 08:49:38,1.62,37.77318,-122.22786,42.651,48.565,0.0,-113,0.000,1.208,0.198
2014/08/19 08:49:43,1.36,37.77282,-122.22682,38.386,43.042,0.0,-113,0.000,0.000,3.678
2014/08/19 08:49:48,1.34,37.77249,-122.22580,29.856,44.983,0.0,-113,0.000,0.500,0.000
2014/08/19 08:49:53,1.34,37.77210,-122.22472,20.997,47.845,0.0,-113,0.000,0.250,5.362
2014/08/19 08:49:58,1.34,37.77158,-122.22363,15.420,51.149,0.0,-113,0.003,0.208,0.911
2014/08/19 08:50:03,1.37,37.77093,-122.22269,12.795,47.250,0.0,-113,0.291,0.000,0.862
2014/08/19 08:50:08,1.48,37.77021,-122.22191,16.404,47.856,0.0,-113,1.019,0.250,0.533
2014/08/19 08:50:13,1.34,37.76938,-122.22126,26.575,48.423,0.0,-113,1.106,0.250,0.607
2014/08/19 08:50:18,1.34,37.76853,-122.22062,34.449,49.100,0.0,-113,1.236,0.333,0.579
2014/08/19 08:50:23,1.34,37.76765,-122.21997,33.465,53.499,0.0,-113,0.000,0.000,0.937
2014/08/19 08:50:28,1.34,37.76672,-122.21928,25.262,54.055,0.0,-113,0.000,0.167,0.458
2014/08/19 08:50:33,1.61,37.76579,-122.21856,13.451,54.608,0.0,-113,0.003,0.750,0.346
2014/08/19 08:50:38,1.34,37.76489,-122.21777,4.921,53.726,0.0,-113,0.224,1.000,1.694
2014/08/19 08:50:43,1.34,37.76401,-122.21699,3.609,53.794,0.0,-113,0.129,0.250,0.482
2014/08/19 08:50:48,1.35,37.76311,-122.21620,1.640,54.559,0.0,-113,0.704,0.625,0.343
2014/08/19 08:50:53,1.31,37.76222,-122.21541,0.984,54.666,0.0,-113,0.699,1.125,0.250
2014/08/19 08:50:58,1.57,37.76130,-122.21461,-0.984,56.010,0.0,-113,0.930,0.708,0.390
2014/08/19 08:51:03,1.57,37.76036,-122.21379,-2.953,56.931,0.0,-113,1.061,0.792,0.618
2014/08/19 08:51:08,1.31,37.75942,-122.21296,-4.593,57.164,0.0,-113,1.080,1.125,0.366
2014/08/19 08:51:13,1.31,37.75848,-122.21214,-4.265,56.296,0.0,-113,0.000,0.417,1.101
2014/08/19 08:51:18,1.31,37.75737,-122.21116,-2.625,56.761,0.0,-113,0.446,0.292,0.603
2014/08/19 08:51:23,1.31,37.75643,-122.21033,-1.312,57.256,0.0,-113,0.217,0.833,0.210
2014/08/19 08:51:28,1.57,37.75551,-122.20952,-1.640,55.005,0.0,-113,0.706,0.708,0.138
2014/08/19 08:51:33,1.57,37.75460,-122.20872,-1.312,55.042,0.0,-113,0.873,0.708,0.751
2014/08/19 08:51:38,1.31,37.75370,-122.20793,-1.640,54.123,0.0,-113,0.886,0.000,0.451
2014/08/19 08:51:43,1.57,37.75277,-122.20712,-2.297,56.310,0.0,-113,0.459,0.708,0.366
2014/08/19 08:51:48,1.31,37.75184,-122.20630,-2.953,57.430,0.0,-113,1.047,0.708,0.143
2014/08/19 08:51:53,1.31,37.75089,-122.20547,-3.281,57.742,0.0,-113,1.093,0.792,0.510
2014/08/19 08:51:58,1.31,37.74994,-122.20464,-1.312,57.000,0.0,-113,1.006,1.083,0.362
2014/08/19 08:52:03,1.42,37.74901,-122.20381,-0.984,56.560,0.0,-113,0.778,0.583,0.375
2014/08/19 08:52:08,1.31,37.74806,-122.20298,1.640,57.903,0.0,-113,1.131,1.250,0.722
2014/08/19 08:52:13,1.58,37.74711,-122.20215,1.312,57.775,0.0,-113,0.593,0.583,0.670
2014/08/19 08:52:18,1.31,37.74616,-122.20132,1.640,57.523,0.0,-113,0.708,0.792,0.246
2014/08/19 08:52:23,1.31,37.74524,-122.20051,2.297,55.101,0.0,-113,0.509,1.083,0.330
2014/08/19 08:52:28,1.31,37.74433,-122.19971,1.312,55.620,0.0,-113,0.780,0.875,0.306
2014/08/19 08:52:33,1.31,37.74340,-122.19889,1.312,56.858,0.0,-113,0.503,1.375,0.382
2014/08/19 08:52:38,1.31,37.74247,-122.19808,0.656,56.454,0.0,-113,0.544,1.333,0.166
2014/08/19 08:52:43,1.31,37.74154,-122.19724,0.656,56.710,0.0,-113,0.704,1.417,0.535
2014/08/19 08:52:48,1.89,37.74062,-122.19644,0.656,53.756,0.0,-113,0.747,1.250,0.325
2014/08/19 08:52:53,1.31,37.73968,-122.19563,-4.921,59.267,0.0,-113,0.908,1.458,0.576
2014/08/19 08:52:58,1.31,37.73867,-122.19469,-1.969,63.888,0.0,-113,0.000,0.375,2.366
2014/08/19 08:53:03,1.69,37.73761,-122.19376,-1.312,63.745,0.0,-113,0.000,1.333,0.234
2014/08/19 08:53:08,1.31,37.73656,-122.19283,2.297,63.159,0.0,-113,0.000,1.042,0.393
2014/08/19 08:53:13,1.31,37.73556,-122.19196,3.609,59.158,0.0,-113,0.003,0.000,2.867
2014/08/19 08:53:18,1.31,37.73459,-122.19110,3.609,59.338,0.0,-113,0.114,0.542,0.000
2014/08/19 08:53:23,1.31,37.73360,-122.19023,4.921,60.355,0.0,-113,0.199,0.000,3.043
2014/08/19 08:53:28,1.31,37.73259,-122.18934,6.234,61.517,0.0,-113,0.129,0.000,4.386
2014/08/19 08:53:33,1.49,37.73160,-122.18846,5.577,59.668,0.0,-113,0.000,0.083,1.211
2014/08/19 08:53:38,1.31,37.73061,-122.18758,3.937,60.560,0.0,-113,0.000,0.875,0.645
2014/08/19 08:53:43,1.31,37.72960,-122.18671,8.858,60.403,0.0,-113,0.003,1.167,1.163
2014/08/19 08:53:48,1.31,37.72861,-122.18586,20.341,58.518,0.0,-113,0.073,0.000,2.098
2014/08/19 08:53:53,1.31,37.72764,-122.18502,33.793,58.165,0.0,-113,0.000,0.167,1.225
2014/08/19 08:53:58,1.19,37.72668,-122.18417,41.995,58.296,0.0,-113,0.000,0.833,0.243
2014/08/19 08:54:03,1.19,37.72572,-122.18333,36.417,58.017,0.0,-113,0.000,1.250,0.274
2014/08/19 08:54:08,1.24,37.72475,-122.18244,23.950,61.051,0.0,-113,0.006,1.167,0.274
2014/08/19 08:54:13,1.19,37.72378,-122.18147,15.092,62.352,0.0,-113,0.577,0.000,1.022
2014/08/19 08:54:18,1.21,37.72279,-122.18047,15.420,62.572,0.0,-113,0.544,0.292,1.657
2014/08/19 08:54:23,1.21,37.72181,-122.17948,16.732,62.363,0.0,-113,0.510,0.250,1.318
2014/08/19 08:54:28,1.26,37.72084,-122.17850,18.373,60.879,0.0,-113,0.916,0.333,0.674
2014/08/19 08:54:33,1.19,37.71989,-122.17756,20.013,59.794,0.0,-113,0.821,0.000,0.353
2014/08/19 08:54:38,1.24,37.71894,-122.17661,21.325,59.952,0.0,-113,0.733,0.417,0.194
2014/08/19 08:54:44,1.19,37.71800,-122.17563,20.669,61.559,0.0,-113,1.235,1.000,0.293
2014/08/19 08:54:49,1.47,37.71702,-122.17465,21.654,62.120,0.0,-113,0.948,1.083,0.618
2014/08/19 08:54:54,1.61,37.71603,-122.17366,20.013,63.340,0.0,-113,0.279,0.000,2.736
2014/08/19 08:54:59,1.36,37.71504,-122.17265,18.045,63.350,0.0,-113,0.350,0.458,1.726
2014/08/19 08:55:04,1.39,37.71405,-122.17161,15.748,64.292,0.0,-113,0.211,0.250,1.682
2014/08/19 08:55:09,1.19,37.71313,-122.17047,13.123,63.571,0.0,-113,0.149,0.083,2.938
2014/08/19 08:55:14,1.19,37.71228,-122.16926,12.467,63.420,0.0,-113,0.000,0.000,0.000
2014/08/19 08:55:19,1.31,37.71146,-122.16808,13.451,61.486,0.0,-113,0.079,0.083,5.822
2014/08/19 08:55:24,1.19,37.71064,-122.16692,15.420,60.609,0.0,-113,0.217,0.333,1.002
2014/08/19 08:55:29,1.19,37.70984,-122.16572,18.701,61.211,0.0,-113,0.253,0.208,2.370
2014/08/19 08:55:34,1.19,37.70904,-122.16454,19.029,60.968,0.0,-113,0.420,0.583,0.369
2014/08/19 08:55:39,1.19,37.70824,-122.16338,17.717,60.817,0.0,-113,0.705,0.000,0.000
2014/08/19 08:55:44,1.37,37.70741,-122.16223,16.404,60.375,0.0,-113,0.000,0.417,0.342
2014/08/19 08:55:49,1.23,37.70660,-122.16105,16.076,62.980,0.0,-113,0.000,0.667,0.326
2014/08/19 08:55:54,1.31,37.70576,-122.15983,16.404,64.565,0.0,-113,0.003,0.583,0.248
2014/08/19 08:55:59,1.37,37.70490,-122.15860,15.092,65.056,0.0,-113,0.000,1.000,1.290
2014/08/19 08:56:04,1.31,37.70404,-122.15735,16.404,65.532,0.0,-113,0.241,0.333,1.222
2014/08/19 08:56:09,1.19,37.70317,-122.15609,17.388,66.303,0.0,-113,0.239,0.500,0.678
2014/08/19 08:56:14,1.37,37.70229,-122.15482,17.717,66.453,0.0,-113,0.200,0.208,3.654
2014/08/19 08:56:19,1.37,37.70141,-122.15355,16.404,66.994,0.0,-113,0.143,0.000,1.110
2014/08/19 08:56:24,1.31,37.70052,-122.15226,16.404,67.973,0.0,-113,0.104,0.417,0.950
2014/08/19 08:56:29,1.19,37.69962,-122.15096,17.717,68.011,0.0,-113,0.235,0.417,0.000
2014/08/19 08:56:34,1.31,37.69872,-122.14966,19.685,67.916,0.0,-113,0.000,0.000,0.000
2014/08/19 08:56:39,1.38,37.69782,-122.14837,18.701,68.129,0.0,-113,0.000,0.208,0.541
2014/08/19 08:56:44,1.24,37.69693,-122.14706,17.060,67.149,0.0,-113,0.000,1.000,0.323
2014/08/19 08:56:49,1.19,37.69605,-122.14579,16.076,66.328,0.0,-113,0.003,1.167,0.806
2014/08/19 08:56:54,1.64,37.69519,-122.14454,15.092,64.612,0.0,-113,0.000,0.417,0.691
2014/08/19 08:56:59,1.19,37.69435,-122.14332,14.436,63.258,0.0,-113,0.000,0.208,0.295
2014/08/19 08:57:04,1.19,37.69351,-122.14210,13.451,63.866,0.0,-113,0.000,0.792,1.290
2014/08/19 08:57:09,1.64,37.69267,-122.14089,13.780,62.969,0.0,-113,0.003,0.958,0.225
2014/08/19 08:57:14,1.64,37.69184,-122.13969,15.092,62.326,0.0,-113,0.583,0.625,0.573
2014/08/19 08:57:19,1.19,37.69104,-122.13850,19.029,62.113,0.0,-113,0.426,0.375,0.790
2014/08/19 08:57:24,1.19,37.69020,-122.13731,32.480,62.121,0.0,-113,0.612,0.333,0.307
2014/08/19 08:57:29,1.19,37.68939,-122.13613,32.480,61.311,0.0,-113,1.430,0.417,0.573
2014/08/19 08:57:34,1.31,37.68858,-122.13497,31.824,60.771,0.0,-113,0.473,1.250,0.246
2014/08/19 08:57:39,1.41,37.68778,-122.13380,33.793,61.393,0.0,-113,0.404,0.000,0.437
2014/08/19 08:57:44,1.71,37.68697,-122.13265,40.354,59.430,0.0,-113,0.440,0.750,0.366
2014/08/19 08:57:49,1.35,37.68618,-122.13152,43.635,60.307,0.0,-113,0.000,1.125,1.091
2014/08/19 08:57:54,1.41,37.68538,-122.13036,44.291,60.585,0.0,-113,0.250,0.417,0.266
2014/08/19 08:57:59,1.35,37.68457,-122.12919,42.651,61.882,0.0,-113,0.747,1.250,0.401
2014/08/19 08:58:04,1.39,37.68375,-122.12800,32.808,61.543,0.0,-113,1.011,1.333,0.397
2014/08/19 08:58:09,1.31,37.68295,-122.12684,27.559,60.274,0.0,-113,0.989,0.875,0.650
2014/08/19 08:58:14,1.65,37.68215,-122.12567,26.247,61.480,0.0,-113,0.821,0.208,2.662
2014/08/19 08:58:19,1.65,37.68133,-122.12448,23.294,61.980,0.0,-113,0.000,1.333,0.296
2014/08/19 08:58:24,1.65,37.68052,-122.12332,24.278,61.232,0.0,-113,0.003,1.333,0.799
2014/08/19 08:58:29,1.65,37.67971,-122.12214,25.262,61.288,0.0,-113,0.362,0.000,1.194
2014/08/19 08:58:34,1.66,37.67891,-122.12098,27.887,60.875,0.0,-113,0.221,0.458,1.281
2014/08/19 08:58:39,1.39,37.67814,-122.11985,29.528,58.420,0.0,-113,0.452,0.000,3.913
2014/08/19 08:58:44,1.66,37.67740,-122.11868,24.934,58.026,0.0,-113,0.593,0.208,0.974
2014/08/19 08:58:49,1.78,37.67667,-122.11755,19.685,57.475,0.0,-113,0.571,0.250,1.027
2014/08/19 08:58:54,1.85,37.67593,-122.11651,24.934,53.979,0.0,-113,0.144,0.083,4.702
2014/08/19 08:58:59,1.39,37.67516,-122.11553,29.856,54.257,0.0,-113,0.574,0.000,1.231
2014/08/19 08:59:04,1.39,37.67444,-122.11455,35.105,52.046,0.0,-113,0.923,0.375,0.470
2014/08/19 08:59:09,1.66,37.67382,-122.11365,37.730,39.815,0.0,-113,1.060,0.208,0.598
2014/08/19 08:59:14,1.39,37.67333,-122.11296,39.370,34.096,0.0,-113,1.298,0.000,0.438
2014/08/19 08:59:19,1.4,37.67288,-122.11241,41.010,28.921,0.0,-113,0.878,0.333,0.417
2014/08/19 08:59:24,1.4,37.67245,-122.11192,43.963,31.055,0.0,-113,1.087,0.333,0.410
2014/08/19 08:59:29,1.4,37.67184,-122.11132,47.572,32.321,0.0,-113,1.401,0.000,0.855
2014/08/19 08:59:34,1.4,37.67129,-122.11086,49.541,32.362,0.0,-113,0.853,0.417,0.485
2014/08/19 08:59:39,1.2,37.67070,-122.11042,51.509,35.339,0.0,-113,1.163,0.417,0.521
2014/08/19 08:59:44,1.2,37.67002,-122.10998,53.150,39.805,0.0,-113,0.631,0.083,1.009
2014/08/19 08:59:49,1.2,37.66929,-122.10953,54.462,39.314,0.0,-113,0.198,0.000,3.650
2014/08/19 08:59:54,1.2,37.66858,-122.10909,55.774,39.772,0.0,-113,0.430,0.125,1.254
2014/08/19 08:59:59,1.2,37.66782,-122.10864,58.071,43.180,0.0,-113,0.352,0.000,1.885
2014/08/19 09:00:04,1.4,37.66703,-122.10815,66.929,44.141,0.0,-113,0.458,0.083,2.151
2014/08/19 09:00:09,1.31,37.66625,-122.10766,69.882,43.529,0.0,-113,0.821,0.125,2.097
2014/08/19 09:00:14,1.31,37.66546,-122.10717,66.273,43.461,0.0,-113,0.660,0.167,1.065
2014/08/19 09:00:19,1.2,37.66468,-122.10669,59.383,41.773,0.0,-113,0.830,0.000,1.234
2014/08/19 09:00:24,1.33,37.66392,-122.10622,55.774,41.818,0.0,-113,0.417,0.375,0.650
2014/08/19 09:00:29,1.31,37.66318,-122.10576,56.102,41.675,0.0,-113,0.388,0.000,2.321
2014/08/19 09:00:34,1.31,37.66243,-122.10529,57.087,41.515,0.0,-113,0.211,0.208,1.930
2014/08/19 09:00:39,1.6,37.66168,-122.10482,58.071,41.981,0.0,-113,0.324,0.000,1.430
2014/08/19 09:00:44,1.8,37.66090,-122.10432,59.711,45.211,0.0,-113,0.385,0.250,1.356
2014/08/19 09:00:49,1.4,37.66005,-122.10379,61.680,48.331,0.0,-113,0.452,0.208,1.410
2014/08/19 09:00:54,1.4,37.65914,-122.10323,63.648,51.326,0.0,-113,0.599,0.000,1.530
2014/08/19 09:00:59,1.4,37.65819,-122.10264,65.289,53.966,0.0,-113,0.709,0.333,1.470
2014/08/19 09:01:04,1.4,37.65721,-122.10203,66.601,55.393,0.0,-113,0.510,0.083,0.462
2014/08/19 09:01:09,1.66,37.65619,-122.10140,66.273,57.041,0.0,-113,0.567,0.208,1.941
2014/08/19 09:01:14,1.27,37.65517,-122.10076,62.664,56.448,0.0,-113,0.612,0.208,1.569
2014/08/19 09:01:19,1.23,37.65414,-122.10013,61.024,57.724,0.0,-113,1.692,0.000,0.262
2014/08/19 09:01:24,1.27,37.65310,-122.09949,60.039,57.012,0.0,-113,0.933,0.542,0.658
2014/08/19 09:01:29,1.23,37.65206,-122.09885,57.743,58.233,0.0,-113,1.740,0.625,0.303
2014/08/19 09:01:34,1.31,37.65099,-122.09819,55.446,59.511,0.0,-113,1.714,0.875,0.350
2014/08/19 09:01:39,1.23,37.64993,-122.09752,55.446,59.013,0.0,-113,0.856,0.500,0.422
2014/08/19 09:01:44,1.42,37.64890,-122.09682,54.134,57.770,0.0,-113,0.869,0.750,0.891
2014/08/19 09:01:49,1.2,37.64788,-122.09610,51.509,58.028,0.0,-113,0.420,0.000,1.324
2014/08/19 09:01:54,1.2,37.64686,-122.09538,44.948,57.552,0.0,-113,0.544,0.333,1.194
2014/08/19 09:01:59,1.2,37.64584,-122.09466,34.777,59.658,0.0,-113,0.555,0.292,1.418
2014/08/19 09:02:04,1.27,37.64481,-122.09393,28.215,57.097,0.0,-113,0.000,0.208,1.010
2014/08/19 09:02:09,1.27,37.64382,-122.09323,28.543,55.989,0.0,-113,0.456,0.000,2.962
2014/08/19 09:02:14,1.23,37.64283,-122.09252,28.543,57.299,0.0,-113,0.253,0.208,1.577
2014/08/19 09:02:19,1.23,37.64182,-122.09180,27.231,57.657,0.0,-113,0.519,0.250,1.251
2014/08/19 09:02:24,1.23,37.64080,-122.09108,26.903,56.978,0.0,-113,0.398,0.000,0.468
2014/08/19 09:02:30,1.23,37.63983,-122.09037,26.247,55.551,0.0,-113,0.516,0.333,1.433
2014/08/19 09:02:35,1.45,37.63886,-122.08966,24.934,55.569,0.0,-113,0.307,0.333,2.431
2014/08/19 09:02:40,1.2,37.63790,-122.08897,24.934,54.787,0.0,-113,0.388,0.333,1.810
2014/08/19 09:02:45,1.23,37.63693,-122.08828,22.966,55.650,0.0,-113,0.648,0.458,0.186
2014/08/19 09:02:50,1.45,37.63594,-122.08757,21.982,57.516,0.0,-113,1.282,0.292,0.642
2014/08/19 09:02:55,1.45,37.63494,-122.08686,20.669,57.356,0.0,-113,0.843,0.417,0.518
2014/08/19 09:03:00,1.46,37.63391,-122.08614,19.029,59.292,0.0,-113,1.728,0.000,0.175
2014/08/19 09:03:05,1.46,37.63286,-122.08539,17.060,60.857,0.0,-113,2.525,0.500,0.282
2014/08/19 09:03:10,1.71,37.63179,-122.08463,14.436,61.623,0.0,-113,2.514,0.417,0.446
2014/08/19 09:03:15,1.43,37.63069,-122.08385,9.843,62.893,0.0,-113,1.403,0.000,0.693
2014/08/19 09:03:20,1.46,37.62959,-122.08307,7.874,62.767,0.0,-113,1.180,0.333,0.401
2014/08/19 09:03:25,1.46,37.62850,-122.08228,6.562,61.864,0.0,-113,0.676,0.292,1.359
2014/08/19 09:03:30,1.46,37.62743,-122.08153,7.546,60.838,0.0,-113,0.359,0.000,0.000
2014/08/19 09:03:35,1.46,37.62638,-122.08077,7.874,60.030,0.0,-113,0.138,0.125,4.709
2014/08/19 09:03:40,1.46,37.62532,-122.08002,6.890,59.916,0.0,-113,0.474,0.125,1.430
2014/08/19 09:03:45,1.46,37.62428,-122.07928,6.234,59.154,0.0,-113,0.279,0.000,1.982
2014/08/19 09:03:50,1.46,37.62323,-122.07853,4.593,61.696,0.0,-113,0.240,0.083,2.566
2014/08/19 09:03:55,1.43,37.62214,-122.07775,2.953,61.319,0.0,-113,0.272,0.125,2.878
2014/08/19 09:04:00,1.43,37.62107,-122.07698,1.969,62.762,0.0,-113,0.304,0.000,3.018
2014/08/19 09:04:05,1.43,37.61997,-122.07620,1.969,62.784,0.0,-113,0.363,0.000,2.769
2014/08/19 09:04:10,1.43,37.61888,-122.07542,1.969,62.650,0.0,-113,0.467,0.000,2.774
2014/08/19 09:04:15,1.72,37.61778,-122.07464,1.969,62.373,0.0,-113,0.648,0.000,1.114
2014/08/19 09:04:20,1.44,37.61670,-122.07385,2.297,61.864,0.0,-113,1.904,0.000,0.402
2014/08/19 09:04:25,1.47,37.61560,-122.07307,2.625,63.409,0.0,-113,1.022,0.042,1.259
2014/08/19 09:04:30,1.44,37.61450,-122.07228,2.953,62.495,0.0,-113,0.766,0.167,1.229
2014/08/19 09:04:35,1.44,37.61342,-122.07152,3.937,61.555,0.0,-113,0.975,0.333,0.686
2014/08/19 09:04:40,1.44,37.61234,-122.07074,4.265,61.891,0.0,-113,0.843,0.375,0.333
2014/08/19 09:04:45,1.44,37.61130,-122.07000,4.593,58.474,0.0,-113,1.138,0.250,1.165
2014/08/19 09:04:50,1.44,37.61028,-122.06927,13.123,58.480,0.0,-113,0.990,0.208,0.279
2014/08/19 09:04:55,1.44,37.60925,-122.06855,27.231,58.502,0.0,-113,0.657,0.000,0.313
2014/08/19 09:05:00,1.44,37.60825,-122.06782,31.496,57.437,0.0,-113,0.599,0.125,0.937
2014/08/19 09:05:05,1.73,37.60723,-122.06710,24.278,58.515,0.0,-113,0.583,0.250,1.646
2014/08/19 09:05:10,1.44,37.60619,-122.06636,15.092,60.856,0.0,-113,0.904,0.292,0.409
2014/08/19 09:05:15,1.44,37.60512,-122.06559,6.562,61.493,0.0,-113,1.099,0.000,0.498
2014/08/19 09:05:20,1.44,37.60402,-122.06480,3.937,63.080,0.0,-113,1.022,0.250,0.482
2014/08/19 09:05:25,1.57,37.60290,-122.06401,3.937,64.579,0.0,-113,1.240,0.292,0.518
2014/08/19 09:05:30,1.57,37.60176,-122.06320,4.265,64.995,0.0,-113,0.866,0.250,0.520
2014/08/19 09:05:35,1.57,37.60062,-122.06239,3.937,66.189,0.0,-113,0.917,0.458,0.395
2014/08/19 09:05:40,1.57,37.59945,-122.06155,5.577,66.889,0.0,-113,1.323,0.333,0.678
2014/08/19 09:05:45,1.58,37.59829,-122.06073,7.874,66.152,0.0,-113,0.937,0.375,0.517
2014/08/19 09:05:50,1.58,37.59714,-122.05992,10.499,64.796,0.0,-113,1.090,0.542,0.579
2014/08/19 09:05:55,1.58,37.59601,-122.05911,17.060,63.975,0.0,-113,1.230,0.000,0.285
2014/08/19 09:06:00,1.58,37.59487,-122.05829,17.388,66.986,0.0,-113,0.987,0.500,0.277
2014/08/19 09:06:05,1.58,37.59370,-122.05745,14.764,67.200,0.0,-113,0.000,0.417,0.834
2014/08/19 09:06:10,1.58,37.59251,-122.05660,14.436,68.082,0.0,-113,0.648,0.000,1.756
2014/08/19 09:06:15,1.58,37.59131,-122.05576,15.092,68.231,0.0,-113,0.448,0.250,0.575
2014/08/19 09:06:20,1.69,37.59015,-122.05497,15.092,64.227,0.0,-113,0.555,0.125,2.666
2014/08/19 09:06:25,1.58,37.58902,-122.05417,14.764,64.215,0.0,-113,0.365,0.042,2.047
2014/08/19 09:06:30,1.58,37.58789,-122.05336,15.092,65.266,0.0,-113,0.462,0.000,1.154
2014/08/19 09:06:35,1.58,37.58675,-122.05255,15.420,64.828,0.0,-113,0.459,0.083,2.842
2014/08/19 09:06:40,1.58,37.58563,-122.05175,20.341,63.107,0.0,-113,0.429,0.000,1.261
2014/08/19 09:06:45,1.59,37.58455,-122.05100,25.591,60.264,0.0,-113,0.433,0.125,3.437
2014/08/19 09:06:50,1.59,37.58344,-122.05033,27.231,62.029,0.0,-113,0.349,0.208,0.917
2014/08/19 09:06:55,1.59,37.58231,-122.04977,25.262,59.170,0.0,-113,0.872,0.000,0.593
2014/08/19 09:07:00,1.59,37.58118,-122.04931,20.997,58.549,0.0,-113,0.900,0.792,0.723
2014/08/19 09:07:05,1.59,37.58009,-122.04891,18.373,55.858,0.0,-113,1.010,0.500,0.582
2014/08/19 09:07:10,1.65,37.57899,-122.04855,18.373,56.171,0.0,-113,1.052,0.333,0.830
2014/08/19 09:07:15,1.59,37.57790,-122.04817,18.701,54.693,0.0,-113,0.567,0.333,0.274
2014/08/19 09:07:20,1.59,37.57690,-122.04784,18.701,48.328,0.0,-113,1.157,0.125,1.706
2014/08/19 09:07:25,1.59,37.57595,-122.04752,19.357,49.002,0.0,-113,0.330,0.125,1.374
2014/08/19 09:07:30,1.59,37.57498,-122.04719,19.357,50.716,0.0,-113,0.596,0.000,0.818
2014/08/19 09:07:35,1.59,37.57397,-122.04685,20.669,53.564,0.0,-113,0.625,0.250,1.446
2014/08/19 09:07:40,1.59,37.57295,-122.04650,21.982,50.910,0.0,-113,0.481,0.000,1.639
2014/08/19 09:07:45,1.89,37.57198,-122.04613,24.278,50.161,0.0,-113,0.340,0.167,2.074
2014/08/19 09:07:50,1.89,37.57106,-122.04569,24.934,49.403,0.0,-113,0.343,0.083,1.266
2014/08/19 09:07:55,1.6,37.57016,-122.04519,23.622,48.576,0.0,-113,0.337,0.042,0.000
2014/08/19 09:08:00,1.7,37.56913,-122.04445,24.278,50.863,0.0,-113,0.199,0.000,0.760
2014/08/19 09:08:05,1.6,37.56828,-122.04374,25.919,50.979,0.0,-113,0.000,0.083,2.114
2014/08/19 09:08:10,1.6,37.56746,-122.04295,26.575,51.978,0.0,-113,0.000,0.125,0.319
2014/08/19 09:08:15,1.6,37.56667,-122.04211,22.966,49.398,0.0,-113,0.003,0.958,0.252
2014/08/19 09:08:20,1.6,37.56593,-122.04137,22.310,46.555,0.0,-113,0.708,1.042,0.554
2014/08/19 09:08:25,1.9,37.56519,-122.04070,23.294,42.996,0.0,-113,0.676,0.250,0.286
2014/08/19 09:08:30,1.6,37.56452,-122.04012,24.278,37.715,0.0,-113,0.366,0.083,1.321
2014/08/19 09:08:35,1.66,37.56382,-122.03989,27.559,38.444,0.0,-113,0.000,0.000,1.878
2014/08/19 09:08:40,1.61,37.56308,-122.03984,34.121,32.544,0.0,-113,0.372,0.167,1.191
2014/08/19 09:08:45,1.9,37.56267,-122.03963,42.323,11.323,0.0,-113,0.413,0.292,0.000
2014/08/19 09:08:50,1.61,37.56263,-122.03958,41.667,0.085,0.0,-113,0.195,0.375,0.762
2014/08/19 09:08:55,1.61,37.56263,-122.03958,40.026,0.013,0.0,-113,0.648,0.292,0.731
2014/08/19 09:09:00,1.61,37.56264,-122.03959,38.714,0.445,0.0,-113,0.638,0.292,0.972
2014/08/19 09:09:05,1.61,37.56259,-122.03951,37.073,9.705,0.0,-113,0.692,0.292,0.734
2014/08/19 09:09:10,1.68,37.56255,-122.03922,39.698,14.630,0.0,-113,0.686,0.000,1.506
2014/08/19 09:09:15,1.68,37.56284,-122.03892,44.619,22.536,0.0,-113,0.327,0.417,1.605
2014/08/19 09:09:20,2.08,37.56325,-122.03858,48.885,27.387,0.0,-113,0.394,0.083,1.931
2014/08/19 09:09:25,2.09,37.56371,-122.03821,48.228,27.242,0.0,-113,0.225,0.000,0.000
2014/08/19 09:09:30,1.61,37.56405,-122.03777,44.291,23.878,0.0,-113,0.134,0.125,4.516
2014/08/19 09:09:35,1.62,37.56381,-122.03723,34.121,27.698,0.0,-113,0.215,0.083,3.979
2014/08/19 09:09:40,1.62,37.56331,-122.03745,24.278,29.849,0.0,-113,0.272,0.000,0.674
2014/08/19 09:09:45,2.27,37.56346,-122.03811,24.934,31.436,0.0,-113,0.612,0.167,0.994
2014/08/19 09:09:50,1.92,37.56408,-122.03871,30.840,45.246,0.0,-113,0.333,0.125,0.879
2014/08/19 09:09:55,1.67,37.56474,-122.03950,34.449,50.277,0.0,-113,0.699,0.000,2.066
2014/08/19 09:10:00,1.74,37.56549,-122.04039,30.184,54.202,0.0,-113,0.221,0.167,2.262
2014/08/19 09:10:05,1.68,37.56634,-122.04131,34.777,58.152,0.0,-113,0.574,0.000,1.707
2014/08/19 09:10:10,1.74,37.56725,-122.04230,33.793,59.647,0.0,-113,0.420,0.125,1.043
2014/08/19 09:10:15,1.68,37.56816,-122.04323,33.465,58.766,0.0,-113,1.097,0.292,0.698
2014/08/19 09:10:20,1.68,37.56914,-122.04407,34.777,59.175,0.0,-113,0.513,0.125,3.013
2014/08/19 09:10:25,1.64,37.57019,-122.04481,34.449,60.506,0.0,-113,0.330,0.083,1.237
2014/08/19 09:10:30,1.9,37.57136,-122.04543,36.089,67.593,0.0,-113,0.445,0.083,2.326
2014/08/19 09:10:35,1.67,37.57251,-122.04596,31.496,61.410,0.0,-113,0.840,0.000,1.090
2014/08/19 09:10:40,1.64,37.57370,-122.04638,32.152,61.194,0.0,-113,0.959,0.000,0.394
2014/08/19 09:10:45,1.73,37.57486,-122.04678,30.184,59.527,0.0,-113,0.779,0.333,0.993
2014/08/19 09:10:50,1.64,37.57600,-122.04717,30.512,57.802,0.0,-113,0.385,0.083,1.803
2014/08/19 09:10:55,1.96,37.57711,-122.04755,29.199,56.656,0.0,-113,0.506,0.000,0.999
2014/08/19 09:11:00,1.65,37.57819,-122.04792,30.512,55.155,0.0,-113,0.724,0.208,0.715
2014/08/19 09:11:05,1.61,37.57925,-122.04829,32.152,55.031,0.0,-113,0.802,0.000,1.411
2014/08/19 09:11:10,1.61,37.58030,-122.04865,29.856,53.487,0.0,-113,0.577,0.292,0.582
2014/08/19 09:11:15,1.61,37.58127,-122.04900,30.184,47.135,0.0,-113,1.384,0.500,0.379
2014/08/19 09:11:20,1.61,37.58216,-122.04938,31.824,46.696,0.0,-113,1.773,0.375,0.241
2014/08/19 09:11:25,1.61,37.58305,-122.04981,35.433,48.755,0.0,-113,1.717,0.083,0.434
2014/08/19 09:11:30,1.92,37.58395,-122.05031,37.730,48.985,0.0,-113,1.798,0.000,0.717
2014/08/19 09:11:35,1.92,37.58480,-122.05087,37.402,46.471,0.0,-113,1.035,0.167,1.030
2014/08/19 09:11:40,1.62,37.58563,-122.05145,31.168,49.733,0.0,-113,0.853,0.208,0.391
2014/08/19 09:11:45,1.62,37.58654,-122.05209,25.919,53.712,0.0,-113,0.599,0.167,1.639
2014/08/19 09:11:50,1.62,37.58751,-122.05278,24.606,56.626,0.0,-113,0.420,0.000,0.000
2014/08/19 09:11:55,1.62,37.58852,-122.05350,23.622,58.193,0.0,-113,0.307,0.083,3.063
2014/08/19 09:12:00,1.62,37.58953,-122.05423,23.294,57.432,0.0,-113,0.000,0.000,1.947
2014/08/19 09:12:05,1.62,37.59054,-122.05494,23.622,58.025,0.0,-113,0.000,0.125,3.738
2014/08/19 09:12:10,1.62,37.59156,-122.05567,23.294,58.488,0.0,-113,0.000,0.958,0.630
2014/08/19 09:12:15,1.62,37.59256,-122.05639,22.310,56.735,0.0,-113,0.003,1.167,0.554
2014/08/19 09:12:20,1.7,37.59355,-122.05709,22.966,56.774,0.0,-113,0.124,0.292,3.255
2014/08/19 09:12:25,1.63,37.59455,-122.05781,26.247,57.726,0.0,-113,0.086,0.375,0.427
2014/08/19 09:12:30,1.7,37.59557,-122.05853,28.871,58.401,0.0,-113,0.178,0.417,0.758
2014/08/19 09:12:35,1.63,37.59665,-122.05930,25.919,63.392,0.0,-113,0.333,0.000,1.078
2014/08/19 09:12:40,1.63,37.59774,-122.06008,24.606,62.316,0.0,-113,0.260,0.625,1.974
2014/08/19 09:12:45,1.7,37.59881,-122.06084,22.638,59.306,0.0,-113,0.362,0.292,1.083
2014/08/19 09:12:50,1.63,37.59989,-122.06161,21.654,60.951,0.0,-113,0.467,0.458,0.930
2014/08/19 09:12:55,1.63,37.60095,-122.06237,21.654,60.905,0.0,-113,0.240,0.250,0.859
2014/08/19 09:13:00,1.63,37.60197,-122.06310,22.638,53.118,0.0,-113,0.453,0.500,0.578
2014/08/19 09:13:05,1.72,37.60291,-122.06377,21.325,54.159,0.0,-113,0.810,0.542,0.290
2014/08/19 09:13:10,1.63,37.60388,-122.06446,23.622,56.238,0.0,-113,0.811,0.375,0.573
2014/08/19 09:13:15,1.63,37.60487,-122.06516,24.934,55.818,0.0,-113,0.670,0.417,1.614
2014/08/19 09:13:20,1.64,37.60585,-122.06586,27.887,56.103,0.0,-113,0.644,0.000,0.834
2014/08/19 09:13:25,1.64,37.60682,-122.06655,33.136,55.640,0.0,-113,0.660,0.375,0.979
2014/08/19 09:13:30,1.64,37.60780,-122.06725,40.026,56.360,0.0,-113,0.717,0.208,0.589
2014/08/19 09:13:35,1.64,37.60877,-122.06794,42.323,53.949,0.0,-113,0.699,0.000,0.819
2014/08/19 09:13:40,1.64,37.60971,-122.06862,34.121,54.718,0.0,-113,0.683,0.083,0.838
2014/08/19 09:13:45,1.64,37.61068,-122.06931,21.654,55.687,0.0,-113,1.442,0.208,0.398
2014/08/19 09:13:50,1.64,37.61166,-122.07001,17.717,56.242,0.0,-113,1.286,0.167,0.590
2014/08/19 09:13:55,1.64,37.61262,-122.07069,18.701,54.476,0.0,-113,0.884,0.292,0.257
2014/08/19 09:14:00,1.64,37.61357,-122.07137,18.373,53.212,0.0,-113,1.273,0.375,0.345
2014/08/19 09:14:05,1.64,37.61447,-122.07202,18.373,52.142,0.0,-113,2.192,0.000,0.554
2014/08/19 09:14:10,1.65,37.61541,-122.07269,17.388,54.082,0.0,-113,0.997,0.292,0.870
2014/08/19 09:14:15,1.65,37.61638,-122.07338,16.732,56.987,0.0,-113,1.612,0.208,0.343
2014/08/19 09:14:20,1.65,37.61738,-122.07408,16.076,56.399,0.0,-113,1.340,0.167,0.422
2014/08/19 09:14:25,1.65,37.61836,-122.07479,16.404,57.031,0.0,-113,1.959,0.375,0.418
2014/08/19 09:14:30,1.65,37.61939,-122.07552,17.060,58.500,0.0,-113,1.933,0.000,0.279
2014/08/19 09:14:35,1.65,37.62042,-122.07625,18.045,58.353,0.0,-113,1.638,0.250,0.386
2014/08/19 09:14:40,1.65,37.62145,-122.07699,18.701,60.487,0.0,-113,1.502,0.333,0.231
2014/08/19 09:14:45,1.65,37.62251,-122.07774,19.685,60.180,0.0,-113,1.424,0.542,0.350
2014/08/19 09:14:50,1.65,37.62356,-122.07849,21.325,59.815,0.0,-113,1.294,0.792,0.342
2014/08/19 09:14:55,1.65,37.62460,-122.07923,23.294,59.427,0.0,-113,1.544,0.542,0.758
2014/08/19 09:15:00,1.65,37.62566,-122.07998,24.606,60.481,0.0,-113,1.010,0.917,0.277
2014/08/19 09:15:05,1.66,37.62672,-122.08075,25.919,61.024,0.0,-113,1.942,0.917,0.359
2014/08/19 09:15:10,1.66,37.62779,-122.08151,26.247,60.698,0.0,-113,1.298,0.500,0.232
2014/08/19 09:15:15,1.66,37.62884,-122.08226,26.903,59.879,0.0,-113,1.346,0.000,0.763
2014/08/19 09:15:20,1.66,37.62988,-122.08300,28.871,59.647,0.0,-113,0.676,0.000,0.406
2014/08/19 09:15:25,1.73,37.63092,-122.08374,31.168,59.367,0.0,-113,0.769,0.292,0.511
2014/08/19 09:15:30,1.66,37.63196,-122.08449,33.793,61.295,0.0,-113,0.539,0.083,0.926
2014/08/19 09:15:35,1.66,37.63302,-122.08525,37.073,59.241,0.0,-113,0.887,0.083,0.355
2014/08/19 09:15:40,1.66,37.63406,-122.08599,39.370,58.294,0.0,-113,2.058,0.500,0.470
2014/08/19 09:15:45,1.98,37.63507,-122.08672,42.651,58.246,0.0,-113,2.324,0.458,0.254
2014/08/19 09:15:50,1.69,37.63607,-122.08744,45.604,57.009,0.0,-113,2.275,0.000,0.515
2014/08/19 09:15:55,1.74,37.63708,-122.08817,45.932,58.061,0.0,-113,1.506,0.500,0.330
2014/08/19 09:16:00,1.67,37.63812,-122.08890,49.541,59.346,0.0,-113,2.308,0.292,0.741
2014/08/19 09:16:05,1.97,37.63916,-122.08965,51.181,59.515,0.0,-113,2.394,0.375,0.154
2014/08/19 09:16:10,1.67,37.64022,-122.09040,54.134,60.278,0.0,-113,2.019,0.292,0.618
2014/08/19 09:16:15,1.98,37.64127,-122.09114,57.087,60.058,0.0,-113,2.074,0.000,0.198
2014/08/19 09:16:20,1.67,37.64233,-122.09190,57.087,60.805,0.0,-113,1.048,0.167,0.963
2014/08/19 09:16:25,1.67,37.64339,-122.09265,54.134,61.574,0.0,-113,0.686,0.375,0.298
2014/08/19 09:16:30,1.74,37.64447,-122.09341,50.853,61.686,0.0,-113,0.651,0.500,0.255
2014/08/19 09:16:35,1.98,37.64552,-122.09419,50.525,61.464,0.0,-113,0.449,0.375,2.014
2014/08/19 09:16:40,1.67,37.64659,-122.09496,57.415,60.568,0.0,-113,0.297,0.375,0.703
2014/08/19 09:16:45,1.75,37.64762,-122.09573,61.024,59.166,0.0,-113,0.209,0.000,1.210
2014/08/19 09:16:50,1.74,37.64864,-122.09647,62.664,57.589,0.0,-113,0.000,0.292,2.039
2014/08/19 09:16:55,1.68,37.64965,-122.09714,68.898,55.564,0.0,-113,0.111,0.333,1.411
2014/08/19 09:17:00,1.98,37.65066,-122.09777,75.787,56.355,0.0,-113,0.242,0.833,0.718
2014/08/19 09:17:05,1.68,37.65168,-122.09840,79.396,56.361,0.0,-113,0.595,0.667,0.454
2014/08/19 09:17:10,1.99,37.65270,-122.09903,84.318,56.195,0.0,-113,0.971,0.625,0.313
2014/08/19 09:17:15,1.99,37.65372,-122.09965,88.583,56.514,0.0,-113,1.452,0.500,0.619
2014/08/19 09:17:20,1.99,37.65476,-122.10029,94.488,57.574,0.0,-113,1.048,0.000,0.334
2014/08/19 09:17:25,1.99,37.65579,-122.10093,99.738,57.222,0.0,-113,1.587,0.375,0.455
2014/08/19 09:17:30,2.05,37.65685,-122.10158,102.362,59.345,0.0,-113,1.218,0.000,0.570
2014/08/19 09:17:35,1.72,37.65791,-122.10225,102.362,59.300,0.0,-113,0.554,0.000,1.898
2014/08/19 09:17:40,2.05,37.65897,-122.10290,102.034,58.678,0.0,-113,0.747,0.000,0.927
2014/08/19 09:17:45,1.72,37.66002,-122.10355,101.706,58.059,0.0,-113,0.590,0.000,1.129
2014/08/19 09:17:50,2.05,37.66107,-122.10419,101.050,58.106,0.0,-113,0.875,0.000,0.405
2014/08/19 09:17:55,2.05,37.66210,-122.10481,101.706,56.468,0.0,-113,1.022,0.000,0.695
2014/08/19 09:18:01,2.06,37.66315,-122.10546,99.081,57.827,0.0,-113,1.016,0.042,1.214
2014/08/19 09:18:06,2.06,37.66418,-122.10609,98.425,56.643,0.0,-113,0.693,0.125,0.821
2014/08/19 09:18:11,1.73,37.66518,-122.10670,104.331,53.926,0.0,-113,0.823,0.208,0.727
2014/08/19 09:18:16,1.73,37.66615,-122.10731,106.299,54.993,0.0,-113,1.058,0.583,0.698
2014/08/19 09:18:21,1.82,37.66717,-122.10795,99.409,56.840,0.0,-113,0.852,0.000,0.694
2014/08/19 09:18:26,2.06,37.66821,-122.10860,90.223,59.301,0.0,-113,0.693,0.417,1.545
2014/08/19 09:18:31,2.06,37.66928,-122.10926,89.895,61.647,0.0,-113,1.051,0.292,0.810
2014/08/19 09:18:36,1.73,37.67040,-122.10995,90.223,61.879,0.0,-113,0.968,0.250,0.567
2014/08/19 09:18:41,1.73,37.67149,-122.11075,80.709,63.583,0.0,-113,0.734,0.292,1.082
2014/08/19 09:18:46,1.73,37.67249,-122.11170,68.570,62.291,0.0,-113,0.794,0.167,0.214
2014/08/19 09:18:51,1.79,37.67339,-122.11277,60.696,61.476,0.0,-113,0.625,0.000,0.000
2014/08/19 09:18:56,1.73,37.67421,-122.11392,55.774,61.286,0.0,-113,0.144,0.125,4.731
2014/08/19 09:19:01,1.73,37.67503,-122.11506,48.885,61.466,0.0,-113,0.147,0.000,0.000
2014/08/19 09:19:06,1.74,37.67590,-122.11618,37.730,61.506,0.0,-113,0.231,0.083,0.662
2014/08/19 09:19:11,1.74,37.67674,-122.11734,29.528,62.996,0.0,-113,0.375,0.250,0.000
2014/08/19 09:19:16,1.7,37.67754,-122.11860,36.745,63.957,0.0,-113,0.163,0.000,5.126
2014/08/19 09:19:21,1.7,37.67833,-122.11987,39.698,62.913,0.0,-113,0.227,0.083,2.498
2014/08/19 09:19:26,1.78,37.67914,-122.12109,41.667,62.869,0.0,-113,0.250,0.000,2.855
2014/08/19 09:19:31,1.71,37.67994,-122.12224,42.651,58.406,0.0,-113,0.593,0.208,0.522
2014/08/19 09:19:36,1.71,37.68070,-122.12335,42.979,57.876,0.0,-113,0.949,0.292,1.263
2014/08/19 09:19:41,1.71,37.68147,-122.12446,43.963,59.557,0.0,-113,0.679,0.000,0.425
2014/08/19 09:19:46,1.71,37.68226,-122.12561,45.932,60.018,0.0,-113,0.676,0.250,0.790
2014/08/19 09:19:51,1.79,37.68306,-122.12677,46.916,59.985,0.0,-113,0.407,0.208,0.634
2014/08/19 09:19:56,1.73,37.68386,-122.12791,51.509,58.822,0.0,-113,0.423,0.083,1.262
2014/08/19 09:20:01,2.38,37.68462,-122.12902,62.008,57.178,0.0,-113,0.731,0.375,0.555
2014/08/19 09:20:06,2.38,37.68538,-122.13011,64.304,57.230,0.0,-113,1.288,0.500,0.262
2014/08/19 09:20:11,1.71,37.68615,-122.13123,65.289,59.723,0.0,-113,0.000,0.000,1.570
2014/08/19 09:20:16,1.72,37.68694,-122.13237,63.976,60.735,0.0,-113,0.545,0.250,1.067
2014/08/19 09:20:21,3.27,37.68774,-122.13353,55.118,61.692,0.0,-113,0.651,0.375,2.486
2014/08/19 09:20:26,1.72,37.68854,-122.13470,51.837,60.962,0.0,-113,0.480,0.292,0.906
2014/08/19 09:20:31,1.72,37.68933,-122.13584,53.150,57.804,0.0,-113,0.651,0.167,3.160
2014/08/19 09:20:36,1.72,37.69010,-122.13693,54.790,56.618,0.0,-113,0.298,0.000,0.354
2014/08/19 09:20:41,2.39,37.69083,-122.13801,45.932,55.629,0.0,-113,1.401,0.333,0.614
2014/08/19 09:20:46,1.72,37.69158,-122.13909,34.121,58.351,0.0,-113,0.384,0.417,1.502
2014/08/19 09:20:51,1.72,37.69235,-122.14021,32.808,58.615,0.0,-113,0.535,0.000,1.670
2014/08/19 09:20:56,1.72,37.69310,-122.14129,32.480,55.638,0.0,-113,0.215,0.375,0.667
2014/08/19 09:21:01,1.72,37.69384,-122.14237,32.480,57.106,0.0,-113,0.574,0.417,0.475
2014/08/19 09:21:06,1.8,37.69460,-122.14346,33.136,57.529,0.0,-113,0.436,0.208,0.438
2014/08/19 09:21:11,1.73,37.69538,-122.14458,34.449,57.655,0.0,-113,0.712,0.542,1.037
2014/08/19 09:21:16,1.73,37.69615,-122.14570,35.433,59.033,0.0,-113,0.782,0.000,0.722
2014/08/19 09:21:21,1.74,37.69694,-122.14684,36.089,59.934,0.0,-113,0.696,0.500,1.266
2014/08/19 09:21:26,1.73,37.69773,-122.14797,35.761,57.828,0.0,-113,0.810,0.292,0.911
2014/08/19 09:21:31,3.34,37.69844,-122.14898,35.433,50.150,0.0,-113,0.756,0.000,2.491
2014/08/19 09:21:36,1.73,37.69914,-122.14990,34.449,50.974,0.0,-113,0.343,0.000,0.935
2014/08/19 09:21:41,1.73,37.69984,-122.15089,33.136,52.094,0.0,-113,0.401,0.083,2.570
2014/08/19 09:21:46,1.73,37.70052,-122.15188,33.136,51.964,0.0,-113,0.273,0.000,1.915
2014/08/19 09:21:51,1.73,37.70120,-122.15288,33.465,51.618,0.0,-113,0.240,0.083,1.849
2014/08/19 09:21:56,1.73,37.70189,-122.15387,35.761,51.681,0.0,-113,0.398,0.000,2.825
2014/08/19 09:22:01,1.95,37.70257,-122.15485,37.073,50.902,0.0,-113,0.327,0.208,1.519
2014/08/19 09:22:06,1.74,37.70323,-122.15581,36.417,48.724,0.0,-113,0.629,0.000,1.259
2014/08/19 09:22:11,1.74,37.70388,-122.15675,35.761,50.187,0.0,-113,0.000,0.208,2.747
2014/08/19 09:22:16,1.74,37.70454,-122.15771,35.105,49.980,0.0,-113,0.000,0.167,0.133
2014/08/19 09:22:21,1.79,37.70520,-122.15866,35.433,50.110,0.0,-113,0.000,0.583,0.000
2014/08/19 09:22:26,1.74,37.70586,-122.15963,36.745,51.042,0.0,-113,0.000,0.000,5.382
2014/08/19 09:22:31,2.42,37.70655,-122.16062,36.089,52.820,0.0,-113,0.000,0.250,0.723
2014/08/19 09:22:36,1.74,37.70726,-122.16166,35.105,55.834,0.0,-113,0.000,0.792,0.597
2014/08/19 09:22:41,1.74,37.70801,-122.16272,35.761,55.447,0.0,-113,0.000,0.542,0.446
2014/08/19 09:22:46,1.74,37.70871,-122.16375,36.089,52.140,0.0,-113,0.003,0.375,0.327
2014/08/19 09:22:51,1.75,37.70939,-122.16473,36.089,49.815,0.0,-113,0.000,0.792,0.000
2014/08/19 09:22:56,1.75,37.71001,-122.16560,35.105,43.410,0.0,-113,0.189,0.208,0.905
2014/08/19 09:23:01,1.75,37.71057,-122.16633,34.777,38.631,0.0,-113,0.426,0.000,0.000
2014/08/19 09:23:06,2.08,37.71106,-122.16682,30.840,26.592,0.0,-113,0.189,0.083,3.523
2014/08/19 09:23:11,1.75,37.71145,-122.16657,31.496,25.384,0.0,-113,0.369,0.125,0.406
2014/08/19 09:23:16,1.76,37.71153,-122.16594,29.528,24.220,0.0,-113,0.503,0.000,0.503
2014/08/19 09:23:21,1.75,37.71127,-122.16563,32.152,17.297,0.0,-113,0.387,0.208,0.356
2014/08/19 09:23:26,1.75,37.71101,-122.16599,39.698,22.318,0.0,-113,1.138,0.375,0.418
2014/08/19 09:23:31,1.75,37.71077,-122.16654,44.619,27.897,0.0,-113,1.615,0.375,0.290
2014/08/19 09:23:36,1.75,37.71048,-122.16720,42.651,29.541,0.0,-113,2.083,0.583,0.165
2014/08/19 09:23:41,1.76,37.71018,-122.16788,32.152,31.368,0.0,-113,1.872,0.333,0.470
2014/08/19 09:23:46,1.76,37.70987,-122.16852,22.966,29.131,0.0,-113,0.952,0.208,0.458
2014/08/19 09:23:51,1.76,37.70960,-122.16910,17.717,20.512,0.0,-113,0.968,0.417,0.342
2014/08/19 09:23:56,1.76,37.70944,-122.16946,17.388,15.186,0.0,-113,1.590,0.000,0.833
2014/08/19 09:24:01,1.76,37.70932,-122.16976,16.076,9.451,0.0,-113,1.148,0.292,0.433
2014/08/19 09:24:06,1.76,37.70928,-122.16984,15.092,0.026,0.0,-113,1.775,0.583,0.434
2014/08/19 09:24:11,1.76,37.70928,-122.16983,16.076,0.085,0.0,-113,2.022,0.583,0.481
2014/08/19 09:24:16,1.76,37.70929,-122.16983,16.732,0.082,0.0,-113,1.237,0.417,0.567
2014/08/19 09:24:21,1.76,37.70929,-122.16983,16.076,0.044,0.0,-113,1.269,0.292,0.450
2014/08/19 09:24:26,1.76,37.70929,-122.16983,15.748,0.155,0.0,-113,1.401,0.208,0.395
2014/08/19 09:24:31,1.76,37.70927,-122.16987,16.404,3.926,0.0,-113,1.074,0.292,0.542
2014/08/19 09:24:36,1.77,37.70921,-122.17002,16.404,10.731,0.0,-113,1.715,0.000,0.340
2014/08/19 09:24:41,1.77,37.70906,-122.17036,16.076,17.352,0.0,-113,2.106,0.417,0.462
2014/08/19 09:24:46,1.77,37.70889,-122.17078,15.748,19.679,0.0,-113,2.035,0.375,0.222
2014/08/19 09:24:51,1.77,37.70867,-122.17126,15.748,23.839,0.0,-113,2.077,0.375,0.281
2014/08/19 09:24:56,1.77,37.70842,-122.17181,14.436,24.653,0.0,-113,1.026,0.417,0.429
2014/08/19 09:25:01,1.77,37.70819,-122.17230,14.436,21.091,0.0,-113,1.865,0.458,0.578
2014/08/19 09:25:06,1.77,37.70796,-122.17280,15.420,24.397,0.0,-113,1.494,0.000,0.585
2014/08/19 09:25:11,1.77,37.70771,-122.17338,16.732,26.627,0.0,-113,0.689,0.375,0.665
2014/08/19 09:25:16,1.77,37.70745,-122.17400,15.748,29.095,0.0,-113,0.564,0.083,1.919
2014/08/19 09:25:21,1.77,37.70718,-122.17467,18.373,31.130,0.0,-113,0.711,0.125,0.246
2014/08/19 09:25:26,1.77,37.70689,-122.17537,22.966,31.686,0.0,-113,1.023,0.000,0.829
2014/08/19 09:25:31,1.78,37.70659,-122.17609,24.278,33.005,0.0,-113,0.676,0.167,0.763
2014/08/19 09:25:36,1.78,37.70628,-122.17682,23.950,31.104,0.0,-113,0.544,0.208,2.541
2014/08/19 09:25:41,1.85,37.70602,-122.17744,24.606,25.324,0.0,-113,0.555,0.292,1.613
2014/08/19 09:25:46,1.78,37.70579,-122.17801,20.341,25.406,0.0,-113,0.407,0.208,1.197
2014/08/19 09:25:51,1.78,37.70555,-122.17858,18.373,24.657,0.0,-113,0.583,0.000,0.765
2014/08/19 09:25:56,1.78,37.70533,-122.17913,14.764,23.096,0.0,-113,0.747,0.167,0.693
2014/08/19 09:26:01,1.78,37.70516,-122.17960,11.811,19.982,0.0,-113,0.554,0.000,1.383
2014/08/19 09:26:06,1.78,37.70500,-122.18002,10.499,14.082,0.0,-113,0.625,0.208,0.794
2014/08/19 09:26:11,1.78,37.70514,-122.18031,12.139,17.721,0.0,-113,0.945,0.208,1.263
2014/08/19 09:26:16,1.78,37.70552,-122.18057,14.436,22.982,0.0,-113,0.520,0.167,2.302
2014/08/19 09:26:21,1.78,37.70593,-122.18085,19.685,24.028,0.0,-113,0.599,0.000,0.513
2014/08/19 09:26:26,1.79,37.70637,-122.18115,25.919,24.537,0.0,-113,0.439,0.292,2.297
2014/08/19 09:26:31,1.79,37.70680,-122.18145,27.559,24.835,0.0,-113,0.436,0.208,3.682
2014/08/19 09:26:36,1.79,37.70725,-122.18175,28.871,24.901,0.0,-113,0.750,0.000,0.333
2014/08/19 09:26:41,1.79,37.70768,-122.18202,32.480,22.640,0.0,-113,0.718,0.458,0.582
2014/08/19 09:26:46,2.0,37.70803,-122.18224,33.793,14.765,0.0,-113,1.551,0.625,0.809
2014/08/19 09:26:51,1.79,37.70810,-122.18229,36.089,1.524,0.0,-113,0.921,0.417,0.431
2014/08/19 09:26:56,2.5,37.70828,-122.18240,33.136,15.998,0.0,-113,0.933,0.167,0.899
2014/08/19 09:27:01,1.79,37.70866,-122.18265,30.840,24.899,0.0,-113,0.000,0.292,0.366
2014/08/19 09:27:06,1.79,37.70916,-122.18296,28.871,28.719,0.0,-113,0.000,1.417,0.395
2014/08/19 09:27:11,1.79,37.70970,-122.18331,26.903,31.375,0.0,-113,0.035,0.000,0.870
2014/08/19 09:27:16,1.79,37.71027,-122.18369,26.575,31.950,0.0,-113,0.429,0.792,3.007
2014/08/19 09:27:21,1.8,37.71079,-122.18402,25.262,23.126,0.0,-113,0.519,0.083,1.382
2014/08/19 09:27:26,2.51,37.71098,-122.18418,22.966,2.457,0.0,-113,0.590,0.292,2.170
2014/08/19 09:27:31,1.87,37.71102,-122.18422,20.013,6.092,0.0,-113,0.814,0.292,0.522
2014/08/19 09:27:36,1.88,37.71093,-122.18447,14.108,14.564,0.0,-113,1.237,0.000,0.264
2014/08/19 09:27:41,2.52,37.71076,-122.18485,12.139,19.446,0.0,-113,1.525,0.458,0.163
2014/08/19 09:27:46,2.07,37.71056,-122.18535,11.483,24.255,0.0,-113,1.808,0.375,0.414
2014/08/19 09:27:51,2.52,37.71033,-122.18592,10.171,25.462,0.0,-113,2.045,0.375,0.198
2014/08/19 09:27:56,1.8,37.71010,-122.18650,7.218,26.510,0.0,-113,1.522,0.333,0.302
2014/08/19 09:28:01,1.8,37.70988,-122.18705,5.249,21.576,0.0,-113,1.390,0.292,0.259
2014/08/19 09:28:06,1.8,37.70971,-122.18748,4.593,16.023,0.0,-113,1.706,0.292,0.201
2014/08/19 09:28:11,1.8,37.70961,-122.18777,2.297,11.606,0.0,-113,1.952,0.000,0.594
2014/08/19 09:28:16,1.81,37.70948,-122.18808,2.953,16.215,0.0,-113,1.350,0.250,0.375
2014/08/19 09:28:21,1.81,37.70931,-122.18847,4.921,17.743,0.0,-113,1.887,0.375,0.319
2014/08/19 09:28:26,1.81,37.70916,-122.18887,6.234,17.080,0.0,-113,1.933,0.375,0.466
2014/08/19 09:28:31,1.81,37.70896,-122.18916,5.906,14.826,0.0,-113,2.151,0.292,0.241
2014/08/19 09:28:36,1.81,37.70866,-122.18913,6.562,16.397,0.0,-113,2.083,0.000,0.382
2014/08/19 09:28:41,1.83,37.70832,-122.18892,7.218,20.869,0.0,-113,0.943,0.458,2.961
2014/08/19 09:28:46,1.83,37.70795,-122.18868,7.546,21.187,0.0,-113,0.233,0.000,0.000
2014/08/19 09:28:51,1.86,37.70755,-122.18843,8.530,22.682,0.0,-113,0.176,0.083,4.174
2014/08/19 09:28:56,1.83,37.70714,-122.18817,9.514,23.161,0.0,-113,0.221,0.000,2.287
2014/08/19 09:29:01,1.83,37.70674,-122.18791,9.843,21.495,0.0,-113,0.612,0.208,1.660
2014/08/19 09:29:06,1.83,37.70638,-122.18769,10.171,18.005,0.0,-113,0.680,0.167,1.815
2014/08/19 09:29:11,1.81,37.70618,-122.18757,9.514,2.817,0.0,-113,0.994,0.083,0.433
2014/08/19 09:29:16,1.82,37.70613,-122.18747,10.827,8.322,0.0,-113,1.285,0.000,0.527
2014/08/19 09:29:21,1.82,37.70623,-122.18716,12.795,18.291,0.0,-113,0.218,0.208,3.847
2014/08/19 09:29:26,1.82,37.70644,-122.18666,12.139,25.592,0.0,-113,0.263,0.000,2.583
2014/08/19 09:29:31,1.82,37.70669,-122.18604,11.811,28.426,0.0,-113,0.314,0.083,2.071
2014/08/19 09:29:36,1.82,37.70696,-122.18540,12.795,29.351,0.0,-113,0.365,0.000,1.827
2014/08/19 09:29:41,1.85,37.70723,-122.18473,12.467,29.780,0.0,-113,0.288,0.208,1.563
2014/08/19 09:29:46,1.82,37.70750,-122.18406,11.155,30.175,0.0,-113,0.267,0.208,1.883
2014/08/19 09:29:51,1.85,37.70776,-122.18343,10.499,26.713,0.0,-113,0.426,0.542,1.750
2014/08/19 09:29:56,1.82,37.70796,-122.18296,9.514,17.170,0.0,-113,0.304,0.000,2.277
2014/08/19 09:30:02,2.08,37.70804,-122.18276,10.827,2.188,0.0,-113,0.481,0.292,0.827
2014/08/19 09:30:07,2.08,37.70810,-122.18262,12.467,9.755,0.0,-113,0.956,0.292,0.666
2014/08/19 09:30:12,1.82,37.70823,-122.18231,13.451,16.152,0.0,-113,0.791,0.167,0.663
2014/08/19 09:30:17,1.83,37.70834,-122.18216,15.092,4.980,0.0,-113,0.837,0.125,1.257
2014/08/19 09:30:22,1.83,37.70841,-122.18223,16.076,4.697,0.0,-113,0.942,0.000,0.526
2014/08/19 09:30:27,1.83,37.70844,-122.18238,15.748,7.218,0.0,-113,1.010,0.458,1.174
2014/08/19 09:30:32,1.83,37.70849,-122.18245,14.764,0.037,0.0,-113,0.544,0.292,0.819
2014/08/19 09:30:37,2.56,37.70849,-122.18246,11.483,0.013,0.0,-113,1.468,0.292,0.430
2014/08/19 09:30:42,1.83,37.70849,-122.18246,8.530,0.083,0.0,-113,1.202,0.000,0.618
2014/08/19 09:30:47,1.83,37.70849,-122.18246,6.890,0.044,0.0,-113,0.609,0.167,1.895
2014/08/19 09:30:52,2.57,37.70849,-122.18247,4.921,0.101,0.0,-113,0.462,0.000,1.607
2014/08/19 09:30:57,1.83,37.70849,-122.18247,4.593,0.057,0.0,-113,1.071,0.125,0.421
2014/08/19 09:31:02,1.83,37.70850,-122.18247,7.218,0.064,0.0,-113,1.894,0.292,0.311
2014/08/19 09:31:07,1.83,37.70850,-122.18246,9.514,0.027,0.0,-113,1.573,0.000,0.462
2014/08/19 09:31:12,1.83,37.70850,-122.18246,10.499,0.078,0.0,-113,1.437,0.458,0.566
2014/08/19 09:31:17,1.84,37.70850,-122.18247,9.186,0.049,0.0,-113,1.679,0.292,0.378
2014/08/19 09:31:22,1.84,37.70850,-122.18246,8.858,0.054,0.0,-113,1.587,0.292,0.300
2014/08/19 09:31:27,1.84,37.70849,-122.18247,5.249,0.033,0.0,-113,1.461,0.292,1.447
2014/08/19 09:31:32,1.84,37.70849,-122.18247,5.906,0.128,0.0,-113,1.113,0.125,0.609
2014/08/19 09:31:37,2.58,37.70848,-122.18248,5.577,0.105,0.0,-113,1.263,0.333,0.790
2014/08/19 09:31:42,2.58,37.70848,-122.18249,6.562,0.026,0.0,-113,1.471,0.000,0.382
2014/08/19 09:31:47,1.84,37.70848,-122.18249,8.202,0.172,0.0,-113,1.458,0.250,0.443
2014/08/19 09:31:52,1.84,37.70849,-122.18249,10.827,0.084,0.0,-113,1.282,0.000,0.654
2014/08/19 09:31:57,1.84,37.70849,-122.18249,13.123,0.052,0.0,-113,0.514,0.292,0.718
2014/08/19 09:32:02,2.58,37.70850,-122.18250,18.701,0.073,0.0,-113,0.365,0.167,1.618
2014/08/19 09:32:07,2.58,37.70850,-122.18249,21.654,0.024,0.0,-113,0.840,0.125,0.422
2014/08/19 09:32:12,2.58,37.70850,-122.18249,22.638,0.074,0.0,-113,0.782,0.292,0.702
2014/08/19 09:32:17,2.58,37.70850,-122.18248,23.950,0.139,0.0,-113,1.209,0.000,0.423
2014/08/19 09:32:22,2.59,37.70850,-122.18248,23.950,0.126,0.0,-113,0.000,0.292,0.690
2014/08/19 09:32:27,2.59,37.70850,-122.18247,23.622,0.088,0.0,-113,1.221,0.458,0.230
2014/08/19 09:32:32,2.59,37.70849,-122.18247,23.622,0.054,0.0,-113,1.365,0.292,0.258
2014/08/19 09:32:37,2.59,37.70849,-122.18247,22.638,0.028,0.0,-113,1.760,0.000,0.220
2014/08/19 09:32:42,1.85,37.70849,-122.18247,22.310,0.019,0.0,-113,1.462,0.292,0.481
2014/08/19 09:32:47,1.85,37.70850,-122.18247,21.982,0.068,0.0,-113,1.513,0.000,0.362
2014/08/19 09:32:52,1.85,37.70850,-122.18247,22.310,0.042,0.0,-113,1.599,0.292,0.495
2014/08/19 09:32:57,1.85,37.70850,-122.18247,22.966,0.031,0.0,-113,0.987,0.125,0.546
2014/08/19 09:33:02,1.85,37.70850,-122.18247,22.638,0.107,0.0,-113,1.134,0.125,0.486
2014/08/19 09:33:07,1.85,37.70850,-122.18247,22.966,0.038,0.0,-113,0.937,0.000,0.938
2014/08/19 09:33:12,1.85,37.70850,-122.18248,21.654,0.133,0.0,-113,0.529,0.167,0.927
2014/08/19 09:33:17,1.85,37.70850,-122.18248,18.045,0.014,0.0,-113,1.090,0.000,1.110
2014/08/19 09:33:22,1.85,37.70850,-122.18249,13.123,0.029,0.0,-113,0.413,0.292,1.018
2014/08/19 09:33:27,1.85,37.70849,-122.18249,11.483,0.041,0.0,-113,0.638,0.167,0.348
2014/08/19 09:33:32,1.85,37.70849,-122.18248,12.139,0.044,0.0,-113,0.987,0.000,0.754
2014/08/19 09:33:37,1.86,37.70849,-122.18248,12.139,0.098,0.0,-113,1.153,0.292,0.838
2014/08/19 09:33:42,1.86,37.70849,-122.18248,13.451,0.091,0.0,-113,1.350,0.167,0.659
2014/08/19 09:33:47,1.86,37.70850,-122.18248,14.764,0.073,0.0,-113,1.224,0.000,0.338
2014/08/19 09:33:52,1.86,37.70850,-122.18248,19.357,0.014,0.0,-113,0.929,0.125,0.307
2014/08/19 09:33:57,1.86,37.70850,-122.18247,25.591,0.105,0.0,-113,1.811,0.333,0.346
2014/08/19 09:34:02,1.86,37.70850,-122.18246,32.480,0.128,0.0,-113,1.593,0.417,0.278
2014/08/19 09:34:07,1.86,37.70850,-122.18245,36.745,0.139,0.0,-113,1.606,0.292,0.442
2014/08/19 09:34:12,1.86,37.70850,-122.18244,39.698,0.057,0.0,-113,1.410,0.000,0.292
2014/08/19 09:34:17,1.86,37.70851,-122.18244,41.339,0.044,0.0,-113,1.314,0.292,0.286
2014/08/19 09:34:22,1.86,37.70851,-122.18244,43.307,0.061,0.0,-113,1.574,0.292,0.484
2014/08/19 09:34:27,1.86,37.70851,-122.18244,42.651,0.078,0.0,-113,1.327,0.292,0.471
2014/08/19 09:34:32,1.86,37.70851,-122.18245,37.073,0.039,0.0,-113,1.621,0.000,0.485
2014/08/19 09:34:37,1.86,37.70851,-122.18245,32.480,0.009,0.0,-113,1.478,0.292,0.594
2014/08/19 09:34:42,1.86,37.70851,-122.18246,30.512,0.098,0.0,-113,1.404,0.458,0.362
2014/08/19 09:34:47,1.86,37.70851,-122.18246,27.887,0.077,0.0,-113,0.942,0.292,0.418
2014/08/19 09:34:52,1.87,37.70851,-122.18246,25.262,0.114,0.0,-113,1.404,0.333,0.857
2014/08/19 09:34:57,1.87,37.70850,-122.18246,24.934,0.048,0.0,-113,1.459,0.000,0.536
2014/08/19 09:35:02,1.87,37.70850,-122.18246,25.591,0.042,0.0,-113,1.038,0.292,0.618
2014/08/19 09:35:07,1.87,37.70850,-122.18246,26.575,0.039,0.0,-113,0.811,0.292,1.257
2014/08/19 09:35:12,1.87,37.70849,-122.18246,26.575,0.080,0.0,-113,1.141,0.333,0.596
2014/08/19 09:35:17,1.87,37.70850,-122.18247,21.325,0.021,0.0,-113,1.057,0.000,0.666
2014/08/19 09:35:22,1.87,37.70850,-122.18247,18.701,0.038,0.0,-113,0.657,0.292,1.478
2014/08/19 09:35:27,1.87,37.70850,-122.18247,18.045,0.025,0.0,-113,0.843,0.125,0.798
2014/08/19 09:35:32,1.87,37.70851,-122.18248,17.388,0.050,0.0,-113,0.660,0.125,1.290
2014/08/19 09:35:37,1.87,37.70851,-122.18248,15.748,0.063,0.0,-113,0.686,0.167,0.723
2014/08/19 09:35:42,1.87,37.70851,-122.18247,16.076,0.039,0.0,-113,1.064,0.167,0.350
2014/08/19 09:35:47,1.87,37.70851,-122.18247,19.685,0.054,0.0,-113,1.260,0.292,0.447
2014/08/19 09:35:52,1.87,37.70851,-122.18246,22.966,0.169,0.0,-113,0.622,0.000,0.673
2014/08/19 09:35:57,2.62,37.70851,-122.18245,25.919,0.073,0.0,-113,1.102,0.208,0.310
2014/08/19 09:36:02,2.63,37.70851,-122.18244,30.184,0.136,0.0,-113,0.000,0.417,0.938
2014/08/19 09:36:07,1.87,37.70849,-122.18242,30.840,2.614,0.0,-113,0.663,0.000,2.402
2014/08/19 09:36:12,1.88,37.70845,-122.18236,30.184,2.684,0.0,-113,0.378,0.125,1.022
2014/08/19 09:36:17,1.88,37.70845,-122.18236,31.824,1.704,0.0,-113,0.571,0.167,0.567
2014/08/19 09:36:22,1.88,37.70852,-122.18241,32.480,4.949,0.0,-113,0.843,0.292,1.146
2014/08/19 09:36:27,1.88,37.70860,-122.18248,30.512,5.205,0.0,-113,0.680,0.125,1.161
2014/08/19 09:36:32,1.92,37.70863,-122.18257,28.215,3.991,0.0,-113,0.670,0.167,0.873
2014/08/19 09:36:37,1.88,37.70878,-122.18272,26.247,14.816,0.0,-113,0.650,0.000,1.143
2014/08/19 09:36:42,1.92,37.70912,-122.18293,23.950,21.149,0.0,-113,0.446,0.125,1.333
2014/08/19 09:36:47,1.88,37.70954,-122.18321,23.622,25.779,0.0,-113,0.413,0.292,1.731
2014/08/19 09:36:52,1.92,37.71002,-122.18352,23.622,27.481,0.0,-113,0.279,0.000,0.000
2014/08/19 09:36:57,1.88,37.71054,-122.18386,23.950,30.007,0.0,-113,0.170,0.167,4.543
2014/08/19 09:37:02,1.96,37.71107,-122.18421,23.294,29.660,0.0,-113,0.266,0.000,3.555
2014/08/19 09:37:07,1.96,37.71162,-122.18455,24.934,30.681,0.0,-113,0.260,0.125,1.007
2014/08/19 09:37:12,1.88,37.71213,-122.18485,23.622,25.222,0.0,-113,0.475,0.292,1.429
2014/08/19 09:37:17,1.92,37.71262,-122.18508,23.294,27.568,0.0,-113,0.404,0.167,2.105
2014/08/19 09:37:22,1.88,37.71317,-122.18534,21.654,28.388,0.0,-113,0.522,0.167,0.530
2014/08/19 09:37:27,2.64,37.71358,-122.18556,20.013,17.086,0.0,-113,0.449,0.000,1.750
2014/08/19 09:37:32,2.08,37.71391,-122.18573,25.262,20.474,0.0,-113,0.609,0.125,1.012
2014/08/19 09:37:37,1.88,37.71433,-122.18592,24.606,21.646,0.0,-113,0.788,0.333,0.774
2014/08/19 09:37:42,2.64,37.71474,-122.18611,23.294,22.233,0.0,-113,0.699,0.292,1.031
2014/08/19 09:37:47,2.64,37.71518,-122.18632,20.997,23.266,0.0,-113,0.692,0.000,0.522
2014/08/19 09:37:52,2.64,37.71559,-122.18653,18.045,20.798,0.0,-113,1.337,0.500,0.605
2014/08/19 09:37:57,1.89,37.71594,-122.18670,16.732,14.486,0.0,-113,1.154,0.417,0.439
2014/08/19 09:38:02,1.89,37.71603,-122.18675,15.420,0.026,0.0,-113,1.041,0.292,0.587
2014/08/19 09:38:07,1.89,37.71603,-122.18675,15.420,0.100,0.0,-113,1.071,0.000,0.483
2014/08/19 09:38:12,1.89,37.71603,-122.18674,18.045,0.080,0.0,-113,0.901,0.333,1.026
2014/08/19 09:38:17,1.89,37.71603,-122.18675,15.748,0.043,0.0,-113,0.817,0.125,0.714
2014/08/19 09:38:22,1.89,37.71603,-122.18676,10.171,0.038,0.0,-113,0.955,0.000,0.526
2014/08/19 09:38:27,1.89,37.71602,-122.18677,4.593,0.012,0.0,-113,1.247,0.333,0.425
2014/08/19 09:38:32,1.89,37.71602,-122.18677,3.609,0.078,0.0,-113,1.110,0.125,0.546
2014/08/19 09:38:37,1.89,37.71608,-122.18681,4.921,9.705,0.0,-113,1.157,0.167,0.443
2014/08/19 09:38:42,1.89,37.71634,-122.18707,10.827,21.070,0.0,-113,1.118,0.000,1.023
2014/08/19 09:38:47,1.89,37.71669,-122.18750,14.436,27.222,0.0,-113,1.141,0.250,0.354
2014/08/19 09:38:52,1.89,37.71707,-122.18796,17.717,23.253,0.0,-113,1.240,0.333,1.578
2014/08/19 09:38:57,2.64,37.71731,-122.18830,19.685,12.158,0.0,-113,0.708,0.000,0.979
2014/08/19 09:39:02,1.89,37.71724,-122.18838,17.060,9.798,0.0,-113,1.221,0.167,0.659
2014/08/19 09:39:07,1.89,37.71701,-122.18805,12.467,23.324,0.0,-113,0.192,0.125,2.618
2014/08/19 09:39:12,1.89,37.71665,-122.18760,13.451,22.931,0.0,-113,0.789,0.167,0.627
2014/08/19 09:39:17,1.89,37.71649,-122.18740,14.764,3.046,0.0,-113,1.003,0.000,0.910
2014/08/19 09:39:22,1.89,37.71649,-122.18739,16.076,0.037,0.0,-113,1.150,0.250,0.734
2014/08/19 09:39:27,1.89,37.71649,-122.18738,17.717,0.014,0.0,-113,0.997,0.333,0.834
2014/08/19 09:39:32,1.89,37.71649,-122.18738,19.357,0.023,0.0,-113,1.811,0.292,0.190
2014/08/19 09:39:37,1.9,37.71649,-122.18738,20.013,0.021,0.0,-113,1.635,0.292,0.603
2014/08/19 09:39:42,1.9,37.71649,-122.18738,20.669,0.040,0.0,-113,1.708,0.292,0.259
2014/08/19 09:39:47,1.9,37.71647,-122.18735,21.654,6.003,0.0,-113,1.363,0.292,0.394
2014/08/19 09:39:52,1.9,37.71628,-122.18711,20.997,18.877,0.0,-113,0.910,0.000,0.263
2014/08/19 09:39:57,1.9,37.71593,-122.18676,18.701,23.980,0.0,-113,0.574,0.292,1.130
2014/08/19 09:40:02,1.91,37.71544,-122.18650,14.764,27.308,0.0,-113,0.000,0.000,0.614
2014/08/19 09:40:07,1.91,37.71492,-122.18622,9.843,29.863,0.0,-113,1.010,0.292,0.838
2014/08/19 09:40:12,1.91,37.71433,-122.18594,8.858,32.422,0.0,-113,0.946,0.292,0.619
2014/08/19 09:40:17,2.7,37.71372,-122.18566,9.186,33.196,0.0,-113,1.090,0.000,0.714
2014/08/19 09:40:22,1.91,37.71308,-122.18536,9.514,33.313,0.0,-113,1.179,0.292,0.657
2014/08/19 09:40:27,1.92,37.71249,-122.18509,15.420,30.615,0.0,-113,1.096,0.292,0.513
2014/08/19 09:40:32,2.0,37.71193,-122.18482,5.249,29.995,0.0,-113,0.879,0.000,0.374
2014/08/19 09:40:37,1.92,37.71138,-122.18448,1.312,29.434,0.0,-113,1.205,0.292,1.354
2014/08/19 09:40:42,1.92,37.71085,-122.18413,-0.984,30.824,0.0,-113,0.529,0.000,1.369
2014/08/19 09:40:47,1.92,37.71028,-122.18378,-1.969,31.246,0.0,-113,0.535,0.125,0.603
2014/08/19 09:40:52,1.92,37.70974,-122.18344,-2.297,28.763,0.0,-113,0.856,0.000,2.431
2014/08/19 09:40:57,1.92,37.70925,-122.18314,-2.297,26.092,0.0,-113,0.481,0.000,1.871
2014/08/19 09:41:02,1.92,37.70880,-122.18286,-2.297,23.711,0.0,-113,0.404,0.333,1.097
2014/08/19 09:41:07,1.92,37.70842,-122.18258,-1.312,20.302,0.0,-113,0.404,0.292,2.150
2014/08/19 09:41:12,1.9,37.70828,-122.18223,2.297,16.159,0.0,-113,0.852,0.167,0.946
2014/08/19 09:41:17,1.9,37.70847,-122.18179,2.953,22.408,0.0,-113,0.625,0.000,1.965
2014/08/19 09:41:22,1.9,37.70870,-122.18121,4.265,28.379,0.0,-113,0.542,0.125,1.214
2014/08/19 09:41:27,1.97,37.70898,-122.18056,7.546,29.194,0.0,-113,0.641,0.125,1.342
2014/08/19 09:41:32,1.9,37.70924,-122.17991,11.155,27.592,0.0,-113,0.900,0.292,0.905
2014/08/19 09:41:37,1.9,37.70948,-122.17934,13.780,25.330,0.0,-113,0.833,0.000,1.126
2014/08/19 09:41:42,1.9,37.70972,-122.17876,11.483,25.538,0.0,-113,0.802,0.000,1.198
2014/08/19 09:41:47,1.97,37.70993,-122.17822,11.155,22.381,0.0,-113,0.821,0.292,0.735
2014/08/19 09:41:52,1.9,37.71004,-122.17787,12.467,8.556,0.0,-113,1.231,0.125,0.321
2014/08/19 09:41:57,1.92,37.70993,-122.17776,14.436,8.954,0.0,-113,1.384,0.292,0.289
2014/08/19 09:42:02,1.92,37.70972,-122.17765,13.123,12.400,0.0,-113,1.506,0.333,0.318
2014/08/19 09:42:07,1.92,37.70951,-122.17756,11.155,8.989,0.0,-113,1.529,0.000,0.549
2014/08/19 09:42:12,2.01,37.70938,-122.17747,7.874,7.026,0.0,-113,1.154,0.417,0.782
