Date-Time,DOP,Latitude,Longitude,Altitude (ft),Speed (mph),Heading (deg),mod1 SS (dBm),mod1 Down (Mbs),mod1 Up (Mbs),mod1 Ping (Sec)
2014/09/23 10:23:26,1,37.79596,-122.26733,14.764,4.506,0.0,-63,0.747,0.000,0.793
2014/09/23 10:23:31,1,37.79606,-122.26762,29.528,16.206,0.0,-63,0.711,0.125,0.325
2014/09/23 10:23:36,1,37.79622,-122.26803,50.525,17.603,0.0,-63,1.209,0.375,1.249
2014/09/23 10:23:41,1,37.79634,-122.26847,50.853,16.154,0.0,-63,0.698,0.125,1.125
2014/09/23 10:23:46,1,37.79650,-122.26896,61.352,23.406,0.0,-59,0.577,0.292,1.252
2014/09/23 10:23:51,1,37.79672,-122.26962,61.680,28.404,0.0,-59,0.798,0.208,1.037
2014/09/23 10:23:56,1,37.79695,-122.27031,70.866,29.427,0.0,-59,0.628,0.000,1.125
2014/09/23 10:24:01,1,37.79722,-122.27104,80.052,32.731,0.0,-59,1.016,0.250,0.646
2014/09/23 10:24:06,1,37.79752,-122.27187,86.286,38.495,0.0,-59,1.407,0.458,0.461
2014/09/23 10:24:11,1,37.79786,-122.27279,88.911,42.660,0.0,-59,1.523,0.292,0.430
2014/09/23 10:24:16,1,37.79823,-122.27380,89.567,43.188,0.0,-53,1.663,0.375,0.316
2014/09/23 10:24:21,1,37.79863,-122.27481,88.583,46.239,0.0,-53,0.910,0.333,1.943
2014/09/23 10:24:26,1,37.79906,-122.27593,87.270,50.900,0.0,-53,0.667,0.125,0.853
2014/09/23 10:24:31,1,37.79952,-122.27712,84.974,53.156,0.0,-53,0.631,0.000,0.957
2014/09/23 10:24:36,1,37.80002,-122.27841,84.974,62.103,0.0,-53,1.289,0.292,0.366
2014/09/23 10:24:41,1,37.80058,-122.27986,87.270,61.701,0.0,-53,1.013,0.333,0.590
2014/09/23 10:24:46,1,37.80110,-122.28120,82.021,57.176,0.0,-53,0.356,0.083,1.517
2014/09/23 10:24:51,1,37.80162,-122.28248,88.911,56.343,0.0,-59,0.628,0.167,0.661
2014/09/23 10:24:56,1,37.80217,-122.28378,98.425,58.179,0.0,-59,0.000,0.000,0.682
2014/09/23 10:25:01,1,37.80261,-122.28512,105.643,56.553,0.0,-59,1.587,0.458,0.413
2014/09/23 10:25:06,1,37.80291,-122.28649,110.236,54.947,0.0,-59,1.679,0.708,0.565
2014/09/23 10:25:11,1,37.80306,-122.28785,111.877,54.024,0.0,-59,1.487,0.292,0.562
2014/09/23 10:25:16,1,37.80307,-122.28927,109.252,56.108,0.0,-59,1.246,0.208,0.342
2014/09/23 10:25:21,1,37.80294,-122.29068,104.659,55.300,0.0,-51,0.987,0.333,0.474
2014/09/23 10:25:26,1,37.80272,-122.29208,95.801,57.401,0.0,-51,1.321,0.000,0.399
2014/09/23 10:25:31,1,37.80249,-122.29355,82.021,60.545,0.0,-51,1.417,0.333,0.369
2014/09/23 10:25:36,1,37.80224,-122.29509,70.866,62.122,0.0,-51,0.984,0.250,0.421
2014/09/23 10:25:41,1,37.80216,-122.29664,60.367,63.222,0.0,-51,1.490,0.000,1.082
2014/09/23 10:25:46,1,37.80233,-122.29824,55.118,64.591,0.0,-51,0.510,0.125,0.271
2014/09/23 10:25:51,1,37.80276,-122.29983,55.118,68.074,0.0,-71,1.368,0.333,0.387
2014/09/23 10:25:56,1,37.80348,-122.30132,55.774,68.957,0.0,-71,1.641,0.417,0.399
2014/09/23 10:26:01,1,37.80443,-122.30258,56.430,68.415,0.0,-71,1.679,0.292,1.493
2014/09/23 10:26:06,1,37.80555,-122.30356,54.790,67.726,0.0,-71,1.029,0.458,0.435
2014/09/23 10:26:11,1,37.80678,-122.30420,52.165,66.049,0.0,-71,1.298,0.625,0.419
2014/09/23 10:26:16,1,37.80813,-122.30451,53.806,70.383,0.0,-71,1.349,0.500,0.830
2014/09/23 10:26:21,1,37.80949,-122.30445,51.509,66.807,0.0,-51,1.064,0.000,0.331
2014/09/23 10:26:26,1,37.81075,-122.30407,52.493,65.373,0.0,-51,1.699,0.542,0.542
2014/09/23 10:26:31,1,37.81195,-122.30340,52.822,64.714,0.0,-51,1.747,0.000,0.249
2014/09/23 10:26:36,1,37.81300,-122.30241,46.916,66.868,0.0,-51,1.833,0.042,0.248
2014/09/23 10:26:42,1,37.81392,-122.30116,44.619,67.954,0.0,-51,1.754,0.583,0.313
2014/09/23 10:26:47,1,37.81479,-122.29987,52.493,64.580,0.0,-51,1.580,0.208,0.532
2014/09/23 10:26:52,1,37.81554,-122.29867,69.882,58.952,0.0,-51,1.519,0.292,0.725
2014/09/23 10:26:57,2,37.81632,-122.29752,83.005,61.538,0.0,-63,1.134,0.000,0.298
2014/09/23 10:27:02,2,37.81721,-122.29642,80.052,63.304,0.0,-63,1.014,0.292,0.438
2014/09/23 10:27:07,2,37.81820,-122.29539,84.646,64.210,0.0,-63,1.448,0.417,0.758
2014/09/23 10:27:12,2,37.81927,-122.29449,82.677,64.103,0.0,-63,0.798,0.250,0.933
2014/09/23 10:27:17,2,37.82033,-122.29362,77.100,61.587,0.0,-63,1.052,0.458,0.845
2014/09/23 10:27:22,2,37.82135,-122.29279,69.554,60.004,0.0,-63,0.968,0.167,1.102
2014/09/23 10:27:27,2,37.82242,-122.29205,75.459,60.697,0.0,-67,0.554,0.000,1.302
2014/09/23 10:27:32,2,37.82351,-122.29144,84.974,59.155,0.0,-67,0.401,0.208,2.375
2014/09/23 10:27:37,2,37.82462,-122.29092,100.394,57.880,0.0,-67,0.379,0.000,3.077
2014/09/23 10:27:42,2,37.82575,-122.29070,110.236,57.126,0.0,-67,0.301,0.167,1.114
2014/09/23 10:27:47,2,37.82686,-122.29100,116.142,56.033,0.0,-67,0.687,0.000,2.771
2014/09/23 10:27:52,2,37.82780,-122.29174,119.751,56.186,0.0,-67,0.359,0.167,1.239
2014/09/23 10:27:57,2,37.82868,-122.29268,117.126,58.475,0.0,-51,0.641,0.208,2.787
2014/09/23 10:28:02,2,37.82979,-122.29324,106.299,61.301,0.0,-51,0.349,0.167,1.186
2014/09/23 10:28:07,2,37.83103,-122.29345,88.911,62.772,0.0,-51,0.480,0.167,0.545
2014/09/23 10:28:12,2,37.83227,-122.29369,68.570,61.255,0.0,-51,1.052,0.250,0.467
2014/09/23 10:28:17,2,37.83339,-122.29423,48.228,59.838,0.0,-51,1.494,0.000,1.422
2014/09/23 10:28:22,2,37.83451,-122.29489,39.698,62.568,0.0,-51,0.676,0.208,0.983
2014/09/23 10:28:27,2,37.83569,-122.29553,41.995,65.376,0.0,-65,0.616,0.167,0.963
2014/09/23 10:28:32,2,37.83692,-122.29614,48.885,65.865,0.0,-65,0.823,0.375,0.676
2014/09/23 10:28:37,2,37.83821,-122.29657,53.478,66.881,0.0,-65,0.981,0.000,0.000
2014/09/23 10:28:42,2,37.83955,-122.29681,41.995,67.636,0.0,-65,0.279,0.167,0.439
2014/09/23 10:28:47,2,37.84090,-122.29705,33.136,67.826,0.0,-65,0.849,0.292,1.882
2014/09/23 10:28:52,2,37.84223,-122.29733,31.496,65.989,0.0,-65,0.541,0.125,1.903
2014/09/23 10:28:57,2,37.84354,-122.29763,27.231,66.763,0.0,-65,0.574,0.000,0.000
2014/09/23 10:29:02,2,37.84486,-122.29793,23.950,66.858,0.0,-55,0.218,0.208,3.310
2014/09/23 10:29:07,2,37.84620,-122.29821,22.638,68.387,0.0,-55,0.186,0.125,3.937
2014/09/23 10:29:12,2,37.84757,-122.29853,20.341,70.548,0.0,-55,0.218,0.000,2.902
2014/09/23 10:29:17,2,37.84892,-122.29884,17.060,65.275,0.0,-55,0.247,0.167,2.707
2014/09/23 10:29:22,2,37.85019,-122.29914,17.060,63.618,0.0,-55,0.275,0.250,2.591
2014/09/23 10:29:27,2,37.85145,-122.29944,18.045,63.627,0.0,-55,0.291,0.167,0.615
2014/09/23 10:29:32,2,37.85271,-122.29977,22.310,64.647,0.0,-67,0.603,0.333,1.410
2014/09/23 10:29:37,2,37.85398,-122.30012,23.294,63.980,0.0,-67,0.961,0.000,1.975
2014/09/23 10:29:42,2,37.85522,-122.30047,23.294,61.387,0.0,-67,0.702,0.458,0.362
2014/09/23 10:29:47,2,37.85642,-122.30080,23.294,60.815,0.0,-67,1.035,0.667,1.132
2014/09/23 10:29:52,2,37.85762,-122.30114,22.310,61.431,0.0,-67,0.901,0.458,0.969
2014/09/23 10:29:57,2,37.85884,-122.30148,22.638,64.062,0.0,-67,1.013,0.292,0.697
2014/09/23 10:30:02,2,37.86010,-122.30183,21.325,63.518,0.0,-69,0.830,0.292,0.322
2014/09/23 10:30:07,2,37.86130,-122.30216,20.997,60.377,0.0,-69,1.558,0.375,0.473
2014/09/23 10:30:12,2,37.86248,-122.30249,20.669,60.103,0.0,-69,1.686,0.000,0.590
2014/09/23 10:30:17,2,37.86366,-122.30282,20.669,60.478,0.0,-69,1.398,0.250,1.736
2014/09/23 10:30:22,2,37.86488,-122.30316,21.325,63.148,0.0,-69,0.967,0.292,0.363
2014/09/23 10:30:27,2,37.86616,-122.30354,22.638,66.730,0.0,-69,1.157,0.000,0.679
2014/09/23 10:30:32,2,37.86749,-122.30394,22.310,69.643,0.0,-51,1.061,0.000,0.731
2014/09/23 10:30:37,2,37.86885,-122.30435,20.013,68.971,0.0,-51,0.640,0.000,1.834
2014/09/23 10:30:42,2,37.87020,-122.30477,18.701,69.639,0.0,-51,1.314,0.042,0.310
2014/09/23 10:30:47,2,37.87158,-122.30519,17.388,71.282,0.0,-51,0.787,0.958,0.331
2014/09/23 10:30:52,2,37.87297,-122.30562,14.436,71.256,0.0,-51,1.133,1.083,0.309
2014/09/23 10:30:57,2,37.87435,-122.30605,10.827,70.500,0.0,-51,1.240,0.417,0.282
2014/09/23 10:31:02,2,37.87571,-122.30648,9.514,69.376,0.0,-51,1.138,0.375,0.617
2014/09/23 10:31:07,2,37.87705,-122.30689,19.685,68.365,0.0,-55,1.481,0.333,0.606
2014/09/23 10:31:12,2,37.87841,-122.30730,23.294,70.023,0.0,-55,1.410,0.000,0.358
2014/09/23 10:31:17,2,37.87979,-122.30761,13.123,69.740,0.0,-55,0.868,0.417,1.186
2014/09/23 10:31:22,2,37.88116,-122.30792,7.218,68.379,0.0,-55,0.382,0.167,1.718
2014/09/23 10:31:27,2,37.88248,-122.30822,4.265,64.761,0.0,-55,0.506,0.250,1.530
2014/09/23 10:31:32,2,37.88378,-122.30851,-0.984,67.201,0.0,-55,0.606,0.167,0.806
2014/09/23 10:31:37,2,37.88512,-122.30879,2.297,66.128,0.0,-63,1.029,0.417,0.255
2014/09/23 10:31:42,2,37.88644,-122.30901,20.669,67.173,0.0,-63,1.366,0.000,0.334
2014/09/23 10:31:47,2,37.88779,-122.30898,33.793,67.215,0.0,-63,0.881,0.292,0.542
2014/09/23 10:31:52,2,37.88911,-122.30858,41.010,68.548,0.0,-63,1.237,0.083,1.675
2014/09/23 10:31:57,2,37.89040,-122.30795,39.042,68.826,0.0,-63,0.792,0.208,1.283
2014/09/23 10:32:02,2,37.89168,-122.30744,35.433,65.572,0.0,-63,1.134,0.208,0.542
2014/09/23 10:32:07,2,37.89295,-122.30738,33.465,61.492,0.0,-61,1.366,0.000,0.486
2014/09/23 10:32:12,2,37.89413,-122.30766,27.231,58.398,0.0,-61,1.080,0.375,0.876
2014/09/23 10:32:17,2,37.89526,-122.30812,17.060,59.457,0.0,-61,0.952,0.250,0.778
2014/09/23 10:32:22,2,37.89643,-122.30859,2.297,63.420,0.0,-61,0.775,0.167,1.006
2014/09/23 10:32:27,2,37.89768,-122.30910,-10.499,66.310,0.0,-61,0.593,0.208,1.716
2014/09/23 10:32:32,2,37.89896,-122.30963,-11.155,67.767,0.0,-61,0.429,0.208,1.145
2014/09/23 10:32:37,2,37.90024,-122.31027,7.874,66.750,0.0,-67,0.840,0.000,1.055
2014/09/23 10:32:42,2,37.90138,-122.31106,27.887,64.839,0.0,-67,0.000,0.458,1.082
2014/09/23 10:32:47,2,37.90253,-122.31184,31.824,65.266,0.0,-67,0.865,0.292,0.487
2014/09/23 10:32:52,2,37.90370,-122.31265,30.840,67.118,0.0,-67,1.129,0.500,0.610
2014/09/23 10:32:57,2,37.90491,-122.31349,27.887,70.185,0.0,-67,1.163,0.500,0.992
2014/09/23 10:33:02,2,37.90616,-122.31435,14.108,71.426,0.0,-67,0.558,0.000,2.462
2014/09/23 10:33:07,2,37.90742,-122.31520,7.874,69.844,0.0,-67,0.199,0.083,0.000
2014/09/23 10:33:12,2,37.90861,-122.31601,18.045,65.607,0.0,-81,0.160,0.000,5.335
2014/09/23 10:33:17,2,37.90978,-122.31677,28.215,65.704,0.0,-81,0.193,0.125,1.115
2014/09/23 10:33:22,2,37.91104,-122.31726,31.168,65.976,0.0,-81,0.359,0.208,1.415
2014/09/23 10:33:27,2,37.91236,-122.31737,32.808,66.445,0.0,-81,0.872,0.500,0.333
2014/09/23 10:33:32,2,37.91372,-122.31738,30.840,68.089,0.0,-81,1.952,0.417,0.919
2014/09/23 10:33:37,2,37.91507,-122.31738,30.840,66.664,0.0,-81,1.052,0.000,0.777
2014/09/23 10:33:42,2,37.91640,-122.31738,30.840,64.711,0.0,-113,0.830,0.250,0.503
2014/09/23 10:33:47,2,37.91770,-122.31739,31.824,64.538,0.0,-113,0.613,0.412,0.275
2014/09/23 10:33:52,2,37.91896,-122.31739,41.010,60.865,0.0,-113,1.284,0.000,0.322
2014/09/23 10:33:57,2,37.92015,-122.31757,47.900,58.455,0.0,-113,0.446,0.000,2.907
2014/09/23 10:34:02,2,37.92132,-122.31800,48.228,63.599,0.0,-113,0.964,0.042,0.485
2014/09/23 10:34:07,2,37.92247,-122.31871,45.932,63.721,0.0,-113,1.526,0.542,0.346
2014/09/23 10:34:12,2,37.92358,-122.31944,49.213,61.063,0.0,-51,1.587,0.625,0.259
2014/09/23 10:34:17,2,37.92464,-122.32014,60.696,58.954,0.0,-51,1.830,0.333,0.358
2014/09/23 10:34:22,2,37.92566,-122.32083,66.273,56.291,0.0,-51,1.583,0.208,0.250
2014/09/23 10:34:27,2,37.92666,-122.32154,62.336,58.180,0.0,-51,1.417,0.542,0.365
2014/09/23 10:34:32,2,37.92769,-122.32228,57.415,59.476,0.0,-51,1.029,0.000,1.067
2014/09/23 10:34:37,2,37.92873,-122.32306,59.711,60.973,0.0,-51,0.894,0.250,0.846
2014/09/23 10:34:42,2,37.92977,-122.32384,70.210,58.451,0.0,-61,1.426,0.333,0.549
2014/09/23 10:34:47,2,37.93075,-122.32458,79.724,55.636,0.0,-61,1.560,0.375,0.254
2014/09/23 10:34:52,2,37.93173,-122.32529,84.974,57.855,0.0,-61,1.340,0.333,1.095
2014/09/23 10:34:57,2,37.93278,-122.32603,82.349,60.989,0.0,-61,1.186,0.000,0.370
2014/09/23 10:35:02,2,37.93392,-122.32665,78.740,62.461,0.0,-61,0.637,0.458,0.955
2014/09/23 10:35:07,2,37.93514,-122.32682,82.349,60.646,0.0,-61,0.577,0.583,0.770
2014/09/23 10:35:12,2,37.93634,-122.32654,88.255,60.334,0.0,-61,0.000,0.208,2.247
2014/09/23 10:35:17,2,37.93745,-122.32599,85.958,58.916,0.0,-67,0.288,0.292,1.599
2014/09/23 10:35:22,2,37.93854,-122.32543,79.724,58.575,0.0,-67,0.300,0.000,0.719
2014/09/23 10:35:27,2,37.93963,-122.32487,74.147,57.778,0.0,-67,0.170,0.208,0.922
2014/09/23 10:35:32,2,37.94070,-122.32433,68.570,57.113,0.0,-67,0.425,0.250,1.714
2014/09/23 10:35:37,2,37.94174,-122.32388,64.304,53.993,0.0,-67,0.304,0.000,1.581
2014/09/23 10:35:42,2,37.94285,-122.32370,60.696,57.334,0.0,-67,0.314,0.542,3.003
2014/09/23 10:35:47,2,37.94402,-122.32386,58.071,59.957,0.0,-77,0.221,0.333,0.403
2014/09/23 10:35:52,2,37.94519,-122.32435,63.648,61.605,0.0,-77,0.698,0.625,1.579
2014/09/23 10:35:57,2,37.94634,-122.32490,78.084,60.727,0.0,-77,0.282,0.125,2.055
2014/09/23 10:36:02,2,37.94748,-122.32544,88.583,60.021,0.0,-77,0.603,0.333,0.978
2014/09/23 10:36:07,2,37.94860,-122.32598,96.457,60.456,0.0,-77,0.840,0.292,0.703
2014/09/23 10:36:12,2,37.94977,-122.32653,103.346,62.170,0.0,-77,0.955,0.083,0.575
2014/09/23 10:36:17,2,37.95094,-122.32709,109.908,62.088,0.0,-73,1.135,0.000,0.659
2014/09/23 10:36:22,2,37.95209,-122.32765,115.814,61.111,0.0,-73,1.087,0.250,0.601
2014/09/23 10:36:27,2,37.95322,-122.32823,120.407,59.537,0.0,-73,0.984,0.375,0.473
2014/09/23 10:36:32,2,37.95432,-122.32886,121.391,61.365,0.0,-73,1.000,0.250,0.598
2014/09/23 10:36:37,2,37.95544,-122.32951,123.360,61.522,0.0,-73,0.827,0.000,1.066
2014/09/23 10:36:42,2,37.95658,-122.33017,122.703,64.108,0.0,-73,0.717,0.208,0.851
2014/09/23 10:36:47,2,37.95787,-122.33059,117.126,67.771,0.0,-57,0.769,0.250,0.414
2014/09/23 10:36:52,2,37.95925,-122.33065,98.425,68.565,0.0,-57,0.789,0.000,1.994
2014/09/23 10:36:57,2,37.96057,-122.33028,72.507,67.354,0.0,-57,0.256,0.125,1.387
2014/09/23 10:37:02,2,37.96177,-122.32951,69.554,66.000,0.0,-57,0.337,0.125,1.150
2014/09/23 10:37:07,2,37.96281,-122.32841,63.648,67.395,0.0,-57,0.587,0.000,1.141
2014/09/23 10:37:12,2,37.96363,-122.32703,74.475,68.290,0.0,-57,0.740,0.125,0.759
2014/09/23 10:37:17,2,37.96440,-122.32558,74.147,68.066,0.0,-57,1.163,0.250,0.569
2014/09/23 10:37:22,2,37.96514,-122.32418,95.144,64.804,0.0,-51,0.725,0.125,0.466
2014/09/23 10:37:27,2,37.96590,-122.32290,113.517,63.087,0.0,-51,1.349,0.371,0.433
2014/09/23 10:37:32,2,37.96686,-122.32187,119.423,63.120,0.0,-51,1.988,0.000,0.495
2014/09/23 10:37:37,2,37.96797,-122.32119,131.562,61.496,0.0,-51,2.160,0.000,0.275
2014/09/23 10:37:42,2,37.96919,-122.32076,147.638,63.821,0.0,-51,2.215,0.042,0.419
2014/09/23 10:37:47,2,37.97043,-122.32034,166.339,63.234,0.0,-51,1.872,0.375,0.533
2014/09/23 10:37:52,2,37.97165,-122.31993,183.399,62.508,0.0,-65,1.333,0.000,0.262
2014/09/23 10:37:57,2,37.97287,-122.31952,198.163,63.760,0.0,-65,1.170,0.583,1.153
2014/09/23 10:38:02,2,37.97412,-122.31909,215.551,63.888,0.0,-65,0.606,0.167,1.311
2014/09/23 10:38:07,2,37.97537,-122.31867,232.612,64.356,0.0,-65,0.609,0.000,0.742
2014/09/23 10:38:12,2,37.97659,-122.31824,248.688,62.180,0.0,-65,0.657,0.208,0.436
2014/09/23 10:38:17,2,37.97780,-122.31784,257.874,62.128,0.0,-65,0.792,0.292,1.267
2014/09/23 10:38:22,2,37.97902,-122.31743,264.108,63.760,0.0,-113,0.467,0.083,2.090
2014/09/23 10:38:27,2,37.98028,-122.31701,251.640,64.925,0.0,-113,1.272,0.250,0.503
2014/09/23 10:38:32,2,37.98155,-122.31659,244.751,65.122,0.0,-113,1.506,0.375,0.634
2014/09/23 10:38:37,2,37.98283,-122.31616,238.517,66.829,0.0,-113,0.641,0.000,1.339
2014/09/23 10:38:42,2,37.98416,-122.31571,231.299,69.695,0.0,-113,0.500,0.167,0.810
2014/09/23 10:38:47,2,37.98547,-122.31516,229.331,68.113,0.0,-113,0.696,0.250,1.011
2014/09/23 10:38:52,2,37.98672,-122.31439,228.346,68.845,0.0,-63,0.917,0.292,0.393
2014/09/23 10:38:57,2,37.98791,-122.31354,222.441,67.913,0.0,-63,0.625,0.083,2.621
2014/09/23 10:39:02,2,37.98900,-122.31251,214.895,67.027,0.0,-63,0.965,0.000,0.755
2014/09/23 10:39:07,2,37.98996,-122.31135,210.302,65.076,0.0,-63,1.628,0.167,0.387
2014/09/23 10:39:12,2,37.99080,-122.31011,212.927,64.001,0.0,-63,1.725,0.292,0.359
2014/09/23 10:39:17,2,37.99153,-122.30878,215.223,62.205,0.0,-63,1.728,0.000,0.443
2014/09/23 10:39:22,2,37.99213,-122.30739,213.911,63.240,0.0,-63,1.313,0.417,0.962
2014/09/23 10:39:27,2,37.99262,-122.30588,199.475,64.813,0.0,-59,0.840,0.167,0.489
2014/09/23 10:39:32,2,37.99299,-122.30431,189.961,64.356,0.0,-59,0.940,0.167,0.481
2014/09/23 10:39:37,2,37.99324,-122.30267,184.711,65.126,0.0,-59,1.192,0.292,0.323
2014/09/23 10:39:42,2,37.99347,-122.30107,178.806,63.617,0.0,-59,1.052,0.000,0.865
2014/09/23 10:39:47,2,37.99369,-122.29948,178.150,62.744,0.0,-59,1.102,0.250,0.954
2014/09/23 10:39:52,2,37.99390,-122.29791,162.402,62.809,0.0,-59,0.978,0.167,0.841
2014/09/23 10:39:57,2,37.99412,-122.29635,148.950,62.533,0.0,-51,0.801,0.000,0.323
2014/09/23 10:40:02,2,37.99434,-122.29480,132.874,62.172,0.0,-51,1.099,0.333,0.428
2014/09/23 10:40:07,2,37.99455,-122.29322,115.157,63.566,0.0,-51,1.093,0.792,0.518
2014/09/23 10:40:12,2,37.99478,-122.29164,102.690,62.696,0.0,-51,1.369,0.583,0.606
2014/09/23 10:40:17,2,37.99511,-122.29010,83.661,64.248,0.0,-51,1.442,0.542,0.383
2014/09/23 10:40:22,2,37.99563,-122.28861,73.491,64.524,0.0,-51,0.920,0.250,0.563
2014/09/23 10:40:27,2,37.99634,-122.28721,68.898,66.274,0.0,-75,0.747,0.292,0.866
2014/09/23 10:40:32,2,37.99745,-122.28571,73.163,67.635,0.0,-75,1.253,0.208,0.254
2014/09/23 10:40:37,2,37.99852,-122.28466,89.895,67.768,0.0,-75,1.170,0.583,0.351
2014/09/23 10:40:42,2,37.99963,-122.28363,106.299,68.436,0.0,-75,0.901,1.042,0.806
2014/09/23 10:40:47,2,38.00074,-122.28259,122.375,69.345,0.0,-75,0.737,0.000,0.922
2014/09/23 10:40:52,2,38.00186,-122.28155,136.155,68.577,0.0,-75,0.356,0.542,1.173
2014/09/23 10:40:57,2,38.00296,-122.28054,135.827,67.482,0.0,-85,0.429,0.000,2.327
2014/09/23 10:41:02,2,38.00405,-122.27952,124.344,68.294,0.0,-85,0.956,0.000,0.358
2014/09/23 10:41:07,2,38.00517,-122.27848,107.612,69.512,0.0,-85,0.000,0.000,1.007
2014/09/23 10:41:12,2,38.00630,-122.27743,91.207,70.176,0.0,-85,1.119,0.000,0.883
2014/09/23 10:41:17,2,38.00740,-122.27640,73.819,67.870,0.0,-85,1.109,0.042,0.278
2014/09/23 10:41:22,2,38.00853,-122.27536,56.102,70.587,0.0,-85,1.337,0.333,0.535
2014/09/23 10:41:27,2,38.00966,-122.27429,54.790,69.327,0.0,-63,1.137,0.333,0.781
2014/09/23 10:41:32,2,38.01077,-122.27326,63.320,67.283,0.0,-63,0.437,0.167,0.635
2014/09/23 10:41:37,2,38.01186,-122.27225,66.273,66.610,0.0,-63,1.189,0.000,0.530
2014/09/23 10:41:42,2,38.01294,-122.27125,51.509,67.689,0.0,-63,1.314,0.417,0.490
2014/09/23 10:41:47,2,38.01403,-122.27023,46.260,67.692,0.0,-63,1.352,0.333,0.465
2014/09/23 10:41:52,2,38.01514,-122.26922,55.774,68.125,0.0,-63,1.497,0.375,0.298
2014/09/23 10:41:57,2,38.01626,-122.26817,69.554,70.925,0.0,-63,1.394,0.292,0.918
2014/09/23 10:42:02,2,38.01741,-122.26708,82.021,70.415,0.0,-51,1.097,0.583,0.643
2014/09/23 10:42:07,2,38.01854,-122.26603,84.318,70.269,0.0,-51,1.140,0.208,0.910
2014/09/23 10:42:12,2,38.01969,-122.26497,67.585,71.356,0.0,-51,1.020,0.250,1.163
2014/09/23 10:42:17,2,38.02081,-122.26393,50.197,69.088,0.0,-51,1.029,0.375,0.802
2014/09/23 10:42:22,2,38.02193,-122.26289,32.480,68.673,0.0,-51,1.099,0.333,0.893
2014/09/23 10:42:27,2,38.02306,-122.26184,30.184,71.463,0.0,-51,1.456,0.208,0.713
2014/09/23 10:42:32,2,38.02420,-122.26077,43.307,67.824,0.0,-65,0.992,0.625,0.446
2014/09/23 10:42:37,2,38.02526,-122.25979,60.367,64.104,0.0,-65,0.988,0.667,0.631
2014/09/23 10:42:42,2,38.02629,-122.25884,76.115,63.309,0.0,-65,1.179,0.625,0.742
2014/09/23 10:42:47,2,38.02733,-122.25788,91.864,64.298,0.0,-65,1.247,0.000,0.442
2014/09/23 10:42:52,2,38.02837,-122.25691,107.940,65.114,0.0,-65,1.548,0.458,0.383
2014/09/23 10:42:57,2,38.02945,-122.25590,122.703,66.899,0.0,-65,1.882,0.417,0.410
2014/09/23 10:43:02,2,38.03049,-122.25495,139.436,62.625,0.0,-51,1.807,0.583,0.398
2014/09/23 10:43:07,2,38.03150,-122.25401,154.528,61.343,0.0,-51,1.048,0.292,1.351
2014/09/23 10:43:12,2,38.03250,-122.25306,168.307,62.609,0.0,-51,0.708,0.250,0.935
2014/09/23 10:43:17,2,38.03353,-122.25210,176.837,64.143,0.0,-51,1.340,0.542,0.510
2014/09/23 10:43:22,2,38.03461,-122.25110,182.743,68.145,0.0,-51,1.011,0.583,0.457
2014/09/23 10:43:27,2,38.03573,-122.25005,187.664,69.409,0.0,-51,0.659,0.417,0.651
2014/09/23 10:43:32,2,38.03680,-122.24905,189.633,65.048,0.0,-75,0.635,0.625,0.711
2014/09/23 10:43:37,2,38.03786,-122.24806,194.554,65.786,0.0,-75,0.945,0.000,0.615
2014/09/23 10:43:42,2,38.03886,-122.24696,198.819,66.379,0.0,-75,1.240,0.000,0.370
2014/09/23 10:43:47,2,38.03977,-122.24570,197.178,69.364,0.0,-75,1.283,0.000,0.462
2014/09/23 10:43:52,2,38.04072,-122.24435,195.210,70.976,0.0,-75,1.140,0.000,1.231
2014/09/23 10:43:57,2,38.04163,-122.24305,194.882,67.683,0.0,-75,0.670,0.042,0.568
2014/09/23 10:44:02,2,38.04254,-122.24176,193.898,68.092,0.0,-75,1.597,0.500,0.410
2014/09/23 10:44:07,2,38.04344,-122.24049,194.554,64.281,0.0,-55,1.647,0.542,0.453
2014/09/23 10:44:12,2,38.04426,-122.23932,198.163,60.660,0.0,-55,1.446,0.542,0.645
2014/09/23 10:44:17,2,38.04508,-122.23815,200.787,62.111,0.0,-55,1.096,0.333,0.442
2014/09/23 10:44:22,2,38.04590,-122.23699,201.772,60.385,0.0,-55,1.170,0.292,1.238
2014/09/23 10:44:27,2,38.04673,-122.23581,203.084,61.909,0.0,-55,0.711,0.125,1.174
2014/09/23 10:44:32,2,38.04756,-122.23464,205.052,62.338,0.0,-55,0.507,0.000,1.435
2014/09/23 10:44:37,2,38.04838,-122.23346,201.772,62.373,0.0,-55,0.263,0.000,2.095
2014/09/23 10:44:42,2,38.04924,-122.23226,191.273,64.384,0.0,-55,0.327,0.125,1.447
2014/09/23 10:44:47,2,38.05012,-122.23102,174.213,64.855,0.0,-55,0.327,0.125,1.451
2014/09/23 10:44:52,2,38.05099,-122.22978,157.152,66.023,0.0,-55,0.628,0.083,0.867
2014/09/23 10:44:57,2,38.05189,-122.22851,144.029,66.486,0.0,-55,0.782,0.167,1.240
2014/09/23 10:45:02,2,38.05277,-122.22725,132.218,66.284,0.0,-55,0.783,0.375,1.526
2014/09/23 10:45:07,2,38.05365,-122.22602,125.000,62.677,0.0,-57,0.975,0.000,0.591
2014/09/23 10:45:12,2,38.05463,-122.22513,117.454,58.562,0.0,-57,1.279,0.958,0.486
2014/09/23 10:45:17,2,38.05572,-122.22479,118.438,54.736,0.0,-57,1.080,0.500,1.108
2014/09/23 10:45:22,2,38.05678,-122.22485,119.751,52.990,0.0,-57,0.990,0.375,0.495
2014/09/23 10:45:27,2,38.05783,-122.22494,121.063,50.922,0.0,-57,0.442,0.250,1.425
2014/09/23 10:45:32,2,38.05883,-122.22504,125.328,48.472,0.0,-57,0.805,0.000,1.043
2014/09/23 10:45:37,2,38.05979,-122.22513,133.858,48.186,0.0,-51,1.275,0.167,0.299
2014/09/23 10:45:42,2,38.06077,-122.22521,140.748,49.621,0.0,-51,0.955,0.292,0.430
2014/09/23 10:45:47,2,38.06176,-122.22530,145.997,50.867,0.0,-51,0.363,0.208,2.257
2014/09/23 10:45:52,2,38.06284,-122.22541,151.903,55.981,0.0,-51,0.317,0.375,0.905
2014/09/23 10:45:57,2,38.06397,-122.22550,156.824,55.042,0.0,-51,0.346,0.000,2.090
2014/09/23 10:46:02,2,38.06504,-122.22561,158.136,49.368,0.0,-51,0.282,0.208,2.526
2014/09/23 10:46:07,2,38.06593,-122.22568,163.058,41.273,0.0,-51,0.379,0.125,2.315
2014/09/23 10:46:12,2,38.06681,-122.22579,157.808,45.438,0.0,-51,0.253,0.083,0.470
2014/09/23 10:46:17,2,38.06772,-122.22606,156.824,45.188,0.0,-51,0.394,0.375,0.966
2014/09/23 10:46:22,2,38.06847,-122.22644,157.808,35.794,0.0,-51,0.731,0.708,0.740
2014/09/23 10:46:27,2,38.06900,-122.22671,157.808,22.109,0.0,-51,0.750,0.000,0.359
2014/09/23 10:46:32,2,38.06943,-122.22693,157.480,29.524,0.0,-51,0.160,0.417,2.247
2014/09/23 10:46:37,2,38.07009,-122.22727,151.575,39.603,0.0,-51,1.206,0.625,0.391
2014/09/23 10:46:42,2,38.07086,-122.22772,145.997,44.018,0.0,-51,1.744,0.417,0.583
2014/09/23 10:46:47,2,38.07167,-122.22835,136.811,49.895,0.0,-51,1.670,0.000,0.646
2014/09/23 10:46:52,2,38.07256,-122.22909,121.719,55.336,0.0,-51,1.538,0.375,0.473
2014/09/23 10:46:57,2,38.07354,-122.22986,108.596,58.684,0.0,-51,0.894,0.625,1.443
2014/09/23 10:47:02,2,38.07460,-122.23065,101.050,62.750,0.0,-51,1.756,0.000,0.459
2014/09/23 10:47:08,2,38.07573,-122.23145,99.738,65.592,0.0,-51,1.871,0.000,0.259
2014/09/23 10:47:13,2,38.07696,-122.23214,93.832,67.252,0.0,-53,2.090,0.042,0.254
2014/09/23 10:47:18,2,38.07827,-122.23266,79.396,70.212,0.0,-53,1.853,0.458,0.319
2014/09/23 10:47:23,2,38.07971,-122.23305,59.055,74.911,0.0,-53,0.830,0.625,0.797
2014/09/23 10:47:28,2,38.08123,-122.23326,49.213,76.377,0.0,-53,0.294,0.000,1.775
2014/09/23 10:47:33,2,38.08274,-122.23327,45.604,73.899,0.0,-53,0.869,0.208,0.687
2014/09/23 10:47:38,2,38.08419,-122.23309,41.667,71.804,0.0,-53,1.170,0.542,0.599
2014/09/23 10:47:43,2,38.08559,-122.23275,32.480,69.734,0.0,-55,0.637,0.792,0.822
2014/09/23 10:47:48,2,38.08691,-122.23225,25.591,67.793,0.0,-55,0.000,0.292,1.651
2014/09/23 10:47:53,2,38.08820,-122.23170,18.045,67.763,0.0,-55,0.279,0.083,0.614
2014/09/23 10:47:58,2,38.08946,-122.23116,19.357,64.569,0.0,-55,0.439,0.250,0.898
2014/09/23 10:48:03,2,38.09071,-122.23063,28.215,66.226,0.0,-55,0.794,0.208,1.297
2014/09/23 10:48:08,2,38.09197,-122.23023,33.465,62.023,0.0,-55,0.478,0.167,0.565
2014/09/23 10:48:13,2,38.09317,-122.23002,40.354,59.190,0.0,-55,0.753,0.000,0.417
2014/09/23 10:48:18,2,38.09432,-122.22986,52.493,56.040,0.0,-51,0.670,0.292,1.450
2014/09/23 10:48:23,2,38.09540,-122.22977,56.430,52.117,0.0,-51,0.391,0.208,1.013
2014/09/23 10:48:28,2,38.09644,-122.22974,56.759,52.754,0.0,-51,0.529,0.000,1.121
2014/09/23 10:48:33,2,38.09753,-122.22973,51.181,54.994,0.0,-51,0.407,0.000,3.906
2014/09/23 10:48:38,2,38.09865,-122.22972,42.651,56.394,0.0,-51,0.163,0.292,1.899
2014/09/23 10:48:43,2,38.09979,-122.22970,34.121,57.287,0.0,-51,0.327,0.083,1.215
2014/09/23 10:48:48,2,38.10094,-122.22971,25.919,54.540,0.0,-77,0.349,0.083,1.131
2014/09/23 10:48:53,2,38.10211,-122.22969,21.982,58.140,0.0,-77,0.244,0.000,0.000
2014/09/23 10:48:58,2,38.10330,-122.22967,21.654,59.218,0.0,-77,0.359,0.083,3.062
2014/09/23 10:49:03,2,38.10449,-122.22965,22.966,59.387,0.0,-77,0.497,0.000,2.471
2014/09/23 10:49:08,2,38.10570,-122.22963,24.606,60.097,0.0,-77,0.267,0.208,2.403
2014/09/23 10:49:13,2,38.10692,-122.22960,23.950,58.980,0.0,-77,0.516,0.167,1.366
2014/09/23 10:49:18,2,38.10811,-122.22958,24.934,58.776,0.0,-67,0.737,0.208,0.999
2014/09/23 10:49:23,2,38.10931,-122.22956,27.559,59.824,0.0,-67,0.458,0.208,0.000
2014/09/23 10:49:28,2,38.11051,-122.22957,30.184,59.264,0.0,-67,0.539,0.000,0.542
2014/09/23 10:49:33,2,38.11169,-122.22965,33.136,58.574,0.0,-67,0.500,0.250,0.000
2014/09/23 10:49:38,2,38.11286,-122.22974,43.635,58.421,0.0,-67,0.323,0.125,3.334
2014/09/23 10:49:43,2,38.11401,-122.22983,57.415,56.386,0.0,-67,0.487,0.208,1.370
2014/09/23 10:49:48,2,38.11514,-122.22992,71.194,56.802,0.0,-71,0.382,0.167,1.442
2014/09/23 10:49:53,2,38.11629,-122.23001,79.724,58.311,0.0,-71,0.420,0.000,1.759
2014/09/23 10:49:58,2,38.11747,-122.23010,85.302,59.045,0.0,-71,0.285,0.292,1.200
2014/09/23 10:50:03,2,38.11867,-122.23020,91.535,61.058,0.0,-71,0.360,0.167,1.742
2014/09/23 10:50:08,2,38.11990,-122.23029,96.129,59.877,0.0,-71,0.244,0.000,1.516
2014/09/23 10:50:13,2,38.12111,-122.23027,102.034,61.530,0.0,-71,0.214,0.125,1.575
2014/09/23 10:50:18,2,38.12235,-122.23006,106.955,62.357,0.0,-71,0.433,0.000,0.631
2014/09/23 10:50:23,2,38.12355,-122.22968,110.236,60.339,0.0,-75,0.449,0.208,1.775
2014/09/23 10:50:28,2,38.12470,-122.22916,104.331,60.972,0.0,-75,0.535,0.083,2.386
2014/09/23 10:50:33,2,38.12584,-122.22848,96.129,62.703,0.0,-75,0.763,0.292,1.390
2014/09/23 10:50:38,2,38.12698,-122.22775,91.864,63.195,0.0,-75,0.693,0.167,1.502
2014/09/23 10:50:43,2,38.12810,-122.22705,92.848,60.560,0.0,-75,0.573,0.125,0.783
2014/09/23 10:50:48,2,38.12915,-122.22637,91.207,56.403,0.0,-75,1.071,0.167,0.903
2014/09/23 10:50:53,2,38.13017,-122.22572,89.567,57.768,0.0,-85,0.783,0.000,0.763
2014/09/23 10:50:58,2,38.13125,-122.22504,86.942,61.150,0.0,-85,0.727,0.167,2.234
2014/09/23 10:51:03,2,38.13237,-122.22432,83.990,63.452,0.0,-85,1.629,0.375,0.262
2014/09/23 10:51:08,2,38.13352,-122.22359,85.630,63.669,0.0,-85,1.718,0.583,0.503
2014/09/23 10:51:13,2,38.13466,-122.22285,88.583,64.873,0.0,-85,0.724,0.167,1.311
2014/09/23 10:51:18,2,38.13587,-122.22209,92.192,68.616,0.0,-85,0.750,0.000,1.214
2014/09/23 10:51:23,2,38.13713,-122.22127,99.409,72.183,0.0,-81,0.533,0.167,1.542
2014/09/23 10:51:28,2,38.13844,-122.22044,121.063,72.890,0.0,-81,1.003,0.208,0.318
2014/09/23 10:51:33,2,38.13973,-122.21962,152.231,69.730,0.0,-81,1.698,0.542,0.877
2014/09/23 10:51:38,2,38.14101,-122.21879,190.289,72.254,0.0,-81,1.042,0.000,0.378
2014/09/23 10:51:43,2,38.14229,-122.21796,223.425,70.138,0.0,-81,1.833,0.000,0.387
2014/09/23 10:51:48,2,38.14358,-122.21729,253.937,69.115,0.0,-81,2.106,0.000,0.263
2014/09/23 10:51:53,2,38.14490,-122.21686,280.512,67.219,0.0,-57,1.308,0.000,1.215
2014/09/23 10:51:58,2,38.14622,-122.21665,302.822,66.074,0.0,-57,0.381,0.042,3.738
2014/09/23 10:52:03,2,38.14746,-122.21666,320.538,60.895,0.0,-57,0.808,0.208,0.975
2014/09/23 10:52:08,2,38.14872,-122.21675,342.192,62.571,0.0,-57,0.231,0.000,0.000
2014/09/23 10:52:13,2,38.14995,-122.21676,361.220,59.350,0.0,-57,0.804,0.125,1.170
2014/09/23 10:52:18,2,38.15116,-122.21657,382.874,61.418,0.0,-57,1.190,0.250,0.285
2014/09/23 10:52:23,2,38.15237,-122.21620,398.294,63.449,0.0,-57,0.000,0.167,0.000
2014/09/23 10:52:28,2,38.15352,-122.21567,405.840,61.276,0.0,-67,0.000,0.000,0.000
2014/09/23 10:52:33,2,38.15463,-122.21495,406.168,62.077,0.0,-67,0.000,0.000,0.238
2014/09/23 10:52:38,2,38.15573,-122.21417,397.966,62.367,0.0,-67,0.013,0.000,0.244
2014/09/23 10:52:43,2,38.15681,-122.21340,382.218,60.235,0.0,-67,1.198,0.000,0.265
2014/09/23 10:52:48,2,38.15787,-122.21266,360.564,60.845,0.0,-67,0.000,0.042,0.323
2014/09/23 10:52:53,2,38.15897,-122.21187,342.520,64.745,0.0,-67,1.516,0.250,0.447
2014/09/23 10:52:58,2,38.16011,-122.21106,340.223,65.039,0.0,-59,0.845,0.958,0.435
2014/09/23 10:53:03,2,38.16125,-122.21025,353.346,63.124,0.0,-59,0.972,0.625,0.491
2014/09/23 10:53:08,2,38.16234,-122.20947,375.328,62.208,0.0,-59,1.008,1.125,0.423
2014/09/23 10:53:13,2,38.16336,-122.20856,398.294,62.326,0.0,-59,0.850,0.833,0.371
2014/09/23 10:53:18,2,38.16424,-122.20751,419.291,58.434,0.0,-59,0.848,0.708,0.367
2014/09/23 10:53:23,2,38.16496,-122.20636,430.118,56.785,0.0,-59,0.673,0.000,0.351
2014/09/23 10:53:28,2,38.16566,-122.20526,436.352,55.480,0.0,-55,0.647,1.042,0.406
2014/09/23 10:53:33,2,38.16638,-122.20416,437.336,56.287,0.0,-55,0.530,1.125,0.366
2014/09/23 10:53:38,2,38.16710,-122.20307,434.383,55.921,0.0,-55,1.011,1.208,0.375
2014/09/23 10:53:43,2,38.16776,-122.20198,430.774,51.863,0.0,-55,0.884,1.250,0.314
2014/09/23 10:53:48,2,38.16834,-122.20095,429.462,47.172,0.0,-55,0.519,0.000,0.339
2014/09/23 10:53:53,2,38.16876,-122.20001,441.273,32.927,0.0,-55,1.113,0.000,0.255
2014/09/23 10:53:58,2,38.16892,-122.19959,446.194,7.612,0.0,-75,1.209,0.042,0.343
2014/09/23 10:54:03,2,38.16892,-122.19943,448.491,11.560,0.0,-75,0.724,1.042,0.339
2014/09/23 10:54:08,2,38.16869,-122.19913,447.835,19.881,0.0,-75,0.673,1.208,0.275
2014/09/23 10:54:13,2,38.16834,-122.19896,451.772,20.626,0.0,-75,0.778,1.417,0.313
2014/09/23 10:54:18,2,38.16790,-122.19892,458.990,23.297,0.0,-75,1.021,1.667,0.474
2014/09/23 10:54:23,2,38.16740,-122.19910,467.848,28.592,0.0,-75,1.471,1.125,0.454
2014/09/23 10:54:28,2,38.16685,-122.19944,478.346,31.623,0.0,-75,1.067,0.625,0.479
2014/09/23 10:54:33,2,38.16619,-122.19957,490.486,34.403,0.0,-61,0.975,0.458,0.242
2014/09/23 10:54:38,2,38.16549,-122.19937,500.000,36.913,0.0,-61,0.721,0.792,0.334
2014/09/23 10:54:43,2,38.16486,-122.19884,511.483,38.393,0.0,-61,0.424,1.333,0.370
2014/09/23 10:54:48,2,38.16422,-122.19832,533.136,36.509,0.0,-61,0.790,0.000,0.358
2014/09/23 10:54:53,2,38.16363,-122.19796,555.774,29.093,0.0,-61,1.199,0.000,0.292
2014/09/23 10:54:58,2,38.16319,-122.19748,572.835,29.064,0.0,-61,0.795,0.000,0.983
2014/09/23 10:55:03,2,38.16288,-122.19680,581.365,32.067,0.0,-75,0.647,0.000,0.570
2014/09/23 10:55:08,2,38.16270,-122.19602,583.661,32.492,0.0,-75,0.000,0.042,0.813
2014/09/23 10:55:13,2,38.16239,-122.19528,578.084,33.239,0.0,-75,0.000,0.083,2.726
2014/09/23 10:55:18,2,38.16185,-122.19469,560.696,38.203,0.0,-75,0.000,0.000,0.000
2014/09/23 10:55:23,2,38.16114,-122.19417,536.745,42.995,0.0,-75,0.000,0.000,0.000
2014/09/23 10:55:28,2,38.16042,-122.19357,519.357,41.984,0.0,-75,0.000,0.000,0.000
2014/09/23 10:55:33,2,38.15996,-122.19274,518.045,39.690,0.0,-87,0.000,0.000,2.018
2014/09/23 10:55:38,2,38.15979,-122.19176,520.341,40.804,0.0,-87,0.003,0.000,0.395
2014/09/23 10:55:43,2,38.15972,-122.19070,512.467,43.182,0.0,-87,0.714,0.000,1.578
2014/09/23 10:55:48,2,38.15964,-122.18959,493.766,43.957,0.0,-87,0.295,0.000,0.000
2014/09/23 10:55:53,2,38.15956,-122.18847,472.769,43.549,0.0,-87,0.000,0.000,0.000
2014/09/23 10:55:58,2,38.15948,-122.18745,455.052,37.968,0.0,-87,0.000,0.000,0.000
2014/09/23 10:56:03,2,38.15934,-122.18655,440.617,33.410,0.0,85,0.000,0.000,0.000
2014/09/23 10:56:08,2,38.15911,-122.18593,432.415,22.444,0.0,85,0.000,0.000,0.000
2014/09/23 10:56:13,2,38.15887,-122.18548,431.102,21.304,0.0,85,0.000,0.000,0.000
2014/09/23 10:56:18,2,38.15859,-122.18511,423.885,15.306,0.0,85,0.000,0.000,0.000
2014/09/23 10:56:23,2,38.15837,-122.18516,419.948,13.282,0.0,85,0.000,0.000,0.000
2014/09/23 10:56:28,2,38.15828,-122.18558,424.541,18.524,0.0,85,0.000,0.000,0.000
2014/09/23 10:56:33,2,38.15829,-122.18573,424.541,2.512,0.0,85,0.000,0.000,0.000
2014/09/23 10:56:38,2,38.15836,-122.18578,424.541,6.187,0.0,85,0.000,0.000,0.000
2014/09/23 10:56:43,2,38.15848,-122.18574,422.900,5.919,0.0,85,0.000,0.000,0.000
2014/09/23 10:56:48,2,38.15849,-122.18578,426.181,0.023,0.0,85,0.000,0.000,0.000
2014/09/23 10:56:53,2,38.15849,-122.18578,426.181,0.012,0.0,85,0.000,0.000,0.000
2014/09/23 10:56:58,2,38.15849,-122.18578,427.493,0.027,0.0,85,0.000,0.000,0.000
2014/09/23 10:57:03,2,38.15849,-122.18578,426.509,0.023,0.0,85,0.000,0.000,0.000
2014/09/23 10:57:08,2,38.15848,-122.18578,424.541,0.042,0.0,85,0.000,0.000,0.000
2014/09/23 10:57:13,2,38.15847,-122.18577,422.244,0.017,0.0,85,0.000,0.000,0.000
2014/09/23 10:57:18,2,38.15847,-122.18577,419.948,0.018,0.0,85,0.000,0.000,0.000
2014/09/23 10:57:23,2,38.15847,-122.18576,418.635,0.013,0.0,85,0.000,0.000,0.000
2014/09/23 10:57:28,2,38.15847,-122.18576,417.651,0.019,0.0,85,0.000,0.000,0.000
2014/09/23 10:57:33,2,38.15847,-122.18576,417.651,0.050,0.0,85,0.000,0.000,0.000
2014/09/23 10:57:38,2,38.15847,-122.18577,418.963,0.029,0.0,85,0.000,0.000,0.000
2014/09/23 10:57:43,2,38.15848,-122.18577,419.948,0.040,0.0,85,0.000,0.000,0.000
2014/09/23 10:57:48,2,38.15849,-122.18578,419.619,0.008,0.0,85,0.000,0.000,0.000
2014/09/23 10:57:53,2,38.15849,-122.18579,417.323,0.045,0.0,85,0.000,0.000,0.000
2014/09/23 10:57:58,2,38.15850,-122.18579,418.307,0.029,0.0,85,0.000,0.000,0.000
2014/09/23 10:58:03,2,38.15850,-122.18579,420.604,0.012,0.0,85,0.000,0.000,0.000
2014/09/23 10:58:08,2,38.15850,-122.18578,420.604,0.035,0.0,85,0.000,0.000,0.000
2014/09/23 10:58:13,2,38.15849,-122.18578,419.948,0.003,0.0,85,0.000,0.000,0.000
2014/09/23 10:58:18,2,38.15848,-122.18577,418.635,0.037,0.0,85,0.000,0.000,0.000
2014/09/23 10:58:23,2,38.15847,-122.18577,418.635,0.032,0.0,85,0.000,0.000,0.000
2014/09/23 10:58:28,2,38.15847,-122.18577,416.995,0.018,0.0,85,0.000,0.000,0.000
2014/09/23 10:58:33,2,38.15847,-122.18577,415.682,0.050,0.0,85,0.000,0.000,0.000
2014/09/23 10:58:38,2,38.15846,-122.18577,417.323,0.035,0.0,85,0.000,0.000,0.000
2014/09/23 10:58:43,2,38.15846,-122.18576,418.963,0.021,0.0,85,0.000,0.000,0.000
2014/09/23 10:58:48,2,38.15846,-122.18576,417.323,0.025,0.0,85,0.000,0.000,0.000
2014/09/23 10:58:53,2,38.15847,-122.18576,416.010,0.032,0.0,85,0.000,0.000,0.000
2014/09/23 10:58:58,2,38.15847,-122.18576,416.010,0.060,0.0,85,0.000,0.000,0.000
2014/09/23 10:59:03,2,38.15848,-122.18576,418.635,0.065,0.0,85,0.000,0.000,0.000
2014/09/23 10:59:08,2,38.15848,-122.18575,420.276,0.060,0.0,85,0.000,0.000,0.000
2014/09/23 10:59:13,2,38.15847,-122.18575,421.588,0.017,0.0,85,0.000,0.000,0.000
2014/09/23 10:59:18,2,38.15847,-122.18575,420.276,0.010,0.0,85,0.000,0.000,0.000
2014/09/23 10:59:23,2,38.15847,-122.18575,417.651,0.012,0.0,85,0.000,0.000,0.000
2014/09/23 10:59:28,2,38.15846,-122.18574,416.339,0.046,0.0,85,0.000,0.000,0.000
2014/09/23 10:59:33,2,38.15846,-122.18574,414.698,0.032,0.0,85,0.000,0.000,0.000
2014/09/23 10:59:38,2,38.15847,-122.18575,416.667,0.058,0.0,85,0.000,0.000,0.000
2014/09/23 10:59:43,2,38.15848,-122.18576,418.307,0.024,0.0,85,0.000,0.000,0.000
2014/09/23 10:59:48,2,38.15848,-122.18577,417.979,0.051,0.0,85,0.000,0.000,0.000
2014/09/23 10:59:53,2,38.15849,-122.18577,417.979,0.034,0.0,85,0.000,0.000,0.000
2014/09/23 10:59:58,2,38.15849,-122.18578,418.963,0.039,0.0,85,0.000,0.000,0.000
2014/09/23 11:00:03,2,38.15850,-122.18579,418.963,0.023,0.0,85,0.000,0.000,0.000
2014/09/23 11:00:08,2,38.15850,-122.18579,418.963,0.052,0.0,85,0.000,0.000,0.000
2014/09/23 11:00:13,2,38.15849,-122.18578,419.291,0.060,0.0,85,0.000,0.000,0.000
2014/09/23 11:00:18,2,38.15848,-122.18577,419.619,0.011,0.0,85,0.000,0.000,0.000
2014/09/23 11:00:23,2,38.15847,-122.18576,417.651,0.016,0.0,85,0.000,0.000,0.000
2014/09/23 11:00:28,2,38.15847,-122.18576,418.635,0.029,0.0,85,0.000,0.000,0.000
2014/09/23 11:00:33,2,38.15847,-122.18576,420.276,0.032,0.0,85,0.000,0.000,0.000
2014/09/23 11:00:38,2,38.15846,-122.18576,421.260,0.036,0.0,85,0.000,0.000,0.000
2014/09/23 11:00:43,2,38.15847,-122.18576,420.932,0.055,0.0,85,0.000,0.000,0.000
2014/09/23 11:00:48,2,38.15847,-122.18577,420.604,0.088,0.0,85,0.000,0.000,0.000
2014/09/23 11:00:53,2,38.15847,-122.18578,419.619,0.034,0.0,85,0.000,0.000,0.000
2014/09/23 11:00:58,2,38.15848,-122.18579,417.651,0.014,0.0,85,0.000,0.000,0.000
2014/09/23 11:01:03,2,38.15848,-122.18580,417.979,0.034,0.0,85,0.000,0.000,0.000
2014/09/23 11:01:08,2,38.15849,-122.18581,415.682,0.034,0.0,85,0.000,0.000,0.000
2014/09/23 11:01:13,2,38.15849,-122.18581,415.026,0.067,0.0,85,0.000,0.000,0.000
2014/09/23 11:01:18,2,38.15848,-122.18580,416.339,0.055,0.0,85,0.000,0.000,0.000
2014/09/23 11:01:23,2,38.15847,-122.18579,417.979,0.026,0.0,85,0.000,0.000,0.000
2014/09/23 11:01:28,2,38.15847,-122.18578,420.276,0.033,0.0,85,0.000,0.000,0.000
2014/09/23 11:01:33,2,38.15846,-122.18578,420.276,0.049,0.0,85,0.000,0.000,0.000
2014/09/23 11:01:38,2,38.15846,-122.18577,420.932,0.099,0.0,85,0.000,0.000,0.000
2014/09/23 11:01:43,2,38.15846,-122.18577,419.291,0.049,0.0,85,0.000,0.000,0.000
2014/09/23 11:01:48,2,38.15846,-122.18578,418.635,0.018,0.0,85,0.000,0.000,0.000
2014/09/23 11:01:53,2,38.15846,-122.18578,418.963,0.029,0.0,85,0.000,0.000,0.000
2014/09/23 11:01:58,2,38.15847,-122.18579,416.995,0.007,0.0,85,0.000,0.000,0.000
2014/09/23 11:02:03,2,38.15847,-122.18580,416.010,0.077,0.0,85,0.000,0.000,0.000
2014/09/23 11:02:08,2,38.15847,-122.18580,415.682,0.075,0.0,85,0.000,0.000,0.000
2014/09/23 11:02:13,2,38.15848,-122.18580,415.354,0.104,0.0,85,0.000,0.000,0.000
2014/09/23 11:02:18,2,38.15848,-122.18580,414.698,0.016,0.0,85,0.000,0.000,0.000
2014/09/23 11:02:23,2,38.15848,-122.18581,413.058,0.029,0.0,85,0.000,0.000,0.000
2014/09/23 11:02:28,2,38.15849,-122.18581,411.745,0.100,0.0,85,0.000,0.000,0.000
2014/09/23 11:02:33,2,38.15849,-122.18582,410.105,0.028,0.0,85,0.000,0.000,0.000
2014/09/23 11:02:38,2,38.15849,-122.18582,410.105,0.110,0.0,85,0.000,0.000,0.000
2014/09/23 11:02:43,2,38.15850,-122.18582,409.777,0.041,0.0,85,0.000,0.000,0.000
2014/09/23 11:02:48,2,38.15850,-122.18582,408.793,0.009,0.0,85,0.000,0.000,0.000
2014/09/23 11:02:53,2,38.15850,-122.18582,410.105,0.052,0.0,85,0.000,0.000,0.000
2014/09/23 11:02:58,2,38.15850,-122.18582,411.745,0.052,0.0,85,0.000,0.000,0.000
2014/09/23 11:03:03,2,38.15850,-122.18581,413.714,0.040,0.0,85,0.000,0.000,0.000
2014/09/23 11:03:08,2,38.15850,-122.18581,415.026,0.077,0.0,85,0.000,0.000,0.000
2014/09/23 11:03:13,2,38.15850,-122.18581,416.667,0.131,0.0,85,0.000,0.000,0.000
2014/09/23 11:03:18,2,38.15849,-122.18581,418.963,0.027,0.0,85,0.000,0.000,0.000
2014/09/23 11:03:23,2,38.15848,-122.18580,420.276,0.026,0.0,85,0.000,0.000,0.000
2014/09/23 11:03:28,2,38.15848,-122.18579,421.260,0.025,0.0,85,0.000,0.000,0.000
2014/09/23 11:03:33,2,38.15847,-122.18578,421.916,0.025,0.0,85,0.000,0.000,0.000
2014/09/23 11:03:38,2,38.15847,-122.18577,422.244,0.018,0.0,85,0.000,0.000,0.000
2014/09/23 11:03:43,2,38.15847,-122.18577,422.900,0.017,0.0,85,0.000,0.000,0.000
2014/09/23 11:03:48,2,38.15847,-122.18578,423.228,0.018,0.0,85,0.000,0.000,0.000
2014/09/23 11:03:53,2,38.15847,-122.18578,424.869,0.058,0.0,85,0.000,0.000,0.000
2014/09/23 11:03:58,2,38.15847,-122.18578,425.197,0.024,0.0,85,0.000,0.000,0.000
2014/09/23 11:04:03,2,38.15847,-122.18578,425.525,0.035,0.0,85,0.000,0.000,0.000
2014/09/23 11:04:08,2,38.15848,-122.18579,425.197,0.090,0.0,85,0.000,0.000,0.000
2014/09/23 11:04:13,2,38.15848,-122.18579,424.541,0.022,0.0,85,0.000,0.000,0.000
2014/09/23 11:04:18,2,38.15848,-122.18578,425.197,0.027,0.0,85,0.000,0.000,0.000
2014/09/23 11:04:23,2,38.15848,-122.18578,423.885,0.045,0.0,85,0.000,0.000,0.000
2014/09/23 11:04:28,2,38.15848,-122.18578,422.900,0.060,0.0,85,0.000,0.000,0.000
2014/09/23 11:04:33,2,38.15848,-122.18577,421.588,0.061,0.0,85,0.000,0.000,0.000
2014/09/23 11:04:38,2,38.15848,-122.18578,419.619,0.093,0.0,85,0.000,0.000,0.000
2014/09/23 11:04:43,2,38.15848,-122.18578,417.979,0.049,0.0,85,0.000,0.000,0.000
2014/09/23 11:04:48,2,38.15848,-122.18579,417.323,0.094,0.0,85,0.000,0.000,0.000
2014/09/23 11:04:53,2,38.15848,-122.18579,416.995,0.029,0.0,85,0.000,0.000,0.000
2014/09/23 11:04:58,2,38.15849,-122.18579,417.323,0.070,0.0,85,0.000,0.000,0.000
2014/09/23 11:05:03,2,38.15849,-122.18580,417.651,0.058,0.0,85,0.000,0.000,0.000
2014/09/23 11:05:08,2,38.15849,-122.18580,417.979,0.027,0.0,85,0.000,0.000,0.000
2014/09/23 11:05:13,2,38.15850,-122.18580,419.948,0.039,0.0,85,0.000,0.000,0.000
2014/09/23 11:05:18,2,38.15850,-122.18580,420.932,0.009,0.0,85,0.000,0.000,0.000
2014/09/23 11:05:23,2,38.15850,-122.18579,421.916,0.047,0.0,85,0.000,0.000,0.000
2014/09/23 11:05:28,2,38.15849,-122.18578,422.572,0.140,0.0,85,0.000,0.000,0.000
2014/09/23 11:05:33,2,38.15848,-122.18576,422.244,0.045,0.0,85,0.000,0.000,0.000
2014/09/23 11:05:38,2,38.15848,-122.18575,422.244,0.012,0.0,85,0.000,0.000,0.000
2014/09/23 11:05:43,2,38.15848,-122.18575,421.588,0.047,0.0,85,0.000,0.000,0.000
2014/09/23 11:05:48,2,38.15848,-122.18575,421.260,0.031,0.0,85,0.000,0.000,0.000
2014/09/23 11:05:53,2,38.15847,-122.18574,421.588,0.014,0.0,85,0.000,0.000,0.000
2014/09/23 11:05:58,2,38.15847,-122.18574,422.572,0.034,0.0,85,0.000,0.000,0.000
2014/09/23 11:06:03,2,38.15847,-122.18573,423.885,0.034,0.0,85,0.000,0.000,0.000
2014/09/23 11:06:08,2,38.15847,-122.18573,425.525,0.048,0.0,85,0.000,0.000,0.000
2014/09/23 11:06:13,2,38.15847,-122.18573,426.509,0.030,0.0,85,0.000,0.000,0.000
2014/09/23 11:06:18,2,38.15847,-122.18573,428.478,0.007,0.0,85,0.000,0.000,0.000
2014/09/23 11:06:23,2,38.15848,-122.18574,430.118,0.081,0.0,85,0.000,0.000,0.000
2014/09/23 11:06:28,2,38.15848,-122.18575,430.774,0.116,0.0,85,0.000,0.000,0.000
2014/09/23 11:06:33,2,38.15849,-122.18576,431.430,0.063,0.0,85,0.000,0.000,0.000
2014/09/23 11:06:38,2,38.15849,-122.18577,429.790,0.053,0.0,85,0.000,0.000,0.000
2014/09/23 11:06:43,2,38.15850,-122.18578,429.134,0.011,0.0,85,0.000,0.000,0.000
2014/09/23 11:06:48,2,38.15850,-122.18578,429.462,0.073,0.0,85,0.000,0.000,0.000
2014/09/23 11:06:53,2,38.15850,-122.18578,430.446,0.082,0.0,85,0.000,0.000,0.000
2014/09/23 11:06:58,2,38.15850,-122.18577,432.087,0.017,0.0,85,0.000,0.000,0.000
2014/09/23 11:07:03,2,38.15849,-122.18576,434.055,0.012,0.0,85,0.000,0.000,0.000
2014/09/23 11:07:08,2,38.15849,-122.18575,434.711,0.030,0.0,85,0.000,0.000,0.000
2014/09/23 11:07:13,2,38.15849,-122.18575,432.415,0.068,0.0,85,0.000,0.000,0.000
2014/09/23 11:07:18,2,38.15848,-122.18575,430.774,0.069,0.0,85,0.000,0.000,0.000
2014/09/23 11:07:23,2,38.15848,-122.18576,427.822,0.084,0.0,85,0.000,0.000,0.000
2014/09/23 11:07:28,2,38.15849,-122.18577,426.837,0.109,0.0,85,0.000,0.000,0.000
2014/09/23 11:07:33,2,38.15849,-122.18577,426.181,0.011,0.0,85,0.000,0.000,0.000
2014/09/23 11:07:38,2,38.15849,-122.18578,425.525,0.026,0.0,85,0.000,0.000,0.000
2014/09/23 11:07:43,2,38.15849,-122.18578,424.541,0.028,0.0,85,0.000,0.000,0.000
2014/09/23 11:07:48,2,38.15849,-122.18579,423.228,0.052,0.0,85,0.000,0.000,0.000
2014/09/23 11:07:53,2,38.15848,-122.18579,422.244,0.067,0.0,85,0.000,0.000,0.000
2014/09/23 11:07:58,2,38.15848,-122.18578,422.572,0.099,0.0,85,0.000,0.000,0.000
2014/09/23 11:08:03,2,38.15848,-122.18577,422.900,0.007,0.0,85,0.000,0.000,0.000
2014/09/23 11:08:08,2,38.15848,-122.18577,423.556,0.019,0.0,85,0.000,0.000,0.000
2014/09/23 11:08:13,2,38.15848,-122.18577,424.541,0.023,0.0,85,0.000,0.000,0.000
2014/09/23 11:08:18,2,38.15848,-122.18576,424.213,0.064,0.0,85,0.000,0.000,0.000
2014/09/23 11:08:23,2,38.15849,-122.18577,424.213,0.029,0.0,85,0.000,0.000,0.000
2014/09/23 11:08:28,2,38.15848,-122.18577,422.900,0.022,0.0,85,0.000,0.000,0.000
2014/09/23 11:08:33,2,38.15848,-122.18577,425.525,0.019,0.0,85,0.000,0.000,0.000
2014/09/23 11:08:38,2,38.15848,-122.18576,426.509,0.097,0.0,85,0.000,0.000,0.000
2014/09/23 11:08:43,2,38.15848,-122.18576,427.822,0.015,0.0,85,0.000,0.000,0.000
2014/09/23 11:08:48,2,38.15848,-122.18576,427.822,0.032,0.0,85,0.000,0.000,0.000
2014/09/23 11:08:53,2,38.15849,-122.18576,428.806,0.067,0.0,85,0.000,0.000,0.000
2014/09/23 11:08:58,2,38.15849,-122.18576,429.134,0.028,0.0,85,0.000,0.000,0.000
2014/09/23 11:09:03,2,38.15849,-122.18576,429.134,0.064,0.0,85,0.000,0.000,0.000
2014/09/23 11:09:08,2,38.15849,-122.18576,429.134,0.025,0.0,85,0.000,0.000,0.000
2014/09/23 11:09:13,2,38.15850,-122.18577,428.478,0.037,0.0,85,0.000,0.000,0.000
2014/09/23 11:09:18,2,38.15850,-122.18576,428.478,0.035,0.0,85,0.000,0.000,0.000
2014/09/23 11:09:23,2,38.15849,-122.18575,429.462,0.018,0.0,85,0.000,0.000,0.000
2014/09/23 11:09:28,2,38.15849,-122.18574,431.102,0.029,0.0,85,0.000,0.000,0.000
2014/09/23 11:09:34,2,38.15849,-122.18573,434.383,0.032,0.0,85,0.000,0.000,0.000
2014/09/23 11:09:39,2,38.15849,-122.18572,436.680,0.026,0.0,85,0.000,0.000,0.000
2014/09/23 11:09:44,2,38.15848,-122.18572,438.320,0.036,0.0,85,0.000,0.000,0.000
2014/09/23 11:09:49,2,38.15848,-122.18571,440.617,0.007,0.0,85,0.000,0.000,0.000
2014/09/23 11:09:54,2,38.15849,-122.18572,440.617,0.034,0.0,85,0.000,0.000,0.000
2014/09/23 11:09:59,2,38.15849,-122.18573,439.633,0.049,0.0,85,0.000,0.000,0.000
2014/09/23 11:10:04,2,38.15849,-122.18575,437.008,0.045,0.0,85,0.000,0.000,0.000
2014/09/23 11:10:09,2,38.15850,-122.18577,433.071,0.018,0.0,85,0.000,0.000,0.000
2014/09/23 11:10:14,2,38.15850,-122.18579,428.478,0.045,0.0,85,0.000,0.000,0.000
2014/09/23 11:10:19,2,38.15850,-122.18580,425.197,0.045,0.0,85,0.000,0.000,0.000
2014/09/23 11:10:24,2,38.15850,-122.18579,425.197,0.041,0.0,85,0.000,0.000,0.000
2014/09/23 11:10:29,2,38.15849,-122.18579,424.869,0.003,0.0,85,0.000,0.000,0.000
2014/09/23 11:10:34,2,38.15849,-122.18578,425.853,0.016,0.0,85,0.000,0.000,0.000
2014/09/23 11:10:39,2,38.15848,-122.18578,425.853,0.006,0.0,85,0.000,0.000,0.000
2014/09/23 11:10:44,2,38.15848,-122.18577,426.509,0.038,0.0,85,0.000,0.000,0.000
2014/09/23 11:10:49,2,38.15847,-122.18577,427.493,0.005,0.0,85,0.000,0.000,0.000
2014/09/23 11:10:54,2,38.15847,-122.18578,426.509,0.027,0.0,85,0.000,0.000,0.000
2014/09/23 11:10:59,2,38.15847,-122.18578,425.853,0.023,0.0,85,0.000,0.000,0.000
2014/09/23 11:11:04,2,38.15847,-122.18579,424.869,0.044,0.0,85,0.000,0.000,0.000
2014/09/23 11:11:09,2,38.15848,-122.18579,423.556,0.009,0.0,85,0.000,0.000,0.000
2014/09/23 11:11:14,2,38.15848,-122.18579,423.228,0.036,0.0,85,0.000,0.000,0.000
2014/09/23 11:11:19,2,38.15848,-122.18579,423.885,0.026,0.0,85,0.000,0.000,0.000
2014/09/23 11:11:24,2,38.15848,-122.18578,425.525,0.043,0.0,85,0.000,0.000,0.000
2014/09/23 11:11:29,2,38.15848,-122.18579,424.541,0.068,0.0,85,0.000,0.000,0.000
2014/09/23 11:11:34,2,38.15848,-122.18579,424.541,0.027,0.0,85,0.000,0.000,0.000
2014/09/23 11:11:39,2,38.15848,-122.18579,423.885,0.058,0.0,85,0.000,0.000,0.000
2014/09/23 11:11:44,2,38.15848,-122.18579,424.869,0.037,0.0,85,0.000,0.000,0.000
2014/09/23 11:11:49,2,38.15848,-122.18579,426.509,0.024,0.0,85,0.000,0.000,0.000
2014/09/23 11:11:54,2,38.15848,-122.18579,428.150,0.041,0.0,85,0.000,0.000,0.000
2014/09/23 11:11:59,2,38.15848,-122.18578,430.446,0.060,0.0,85,0.000,0.000,0.000
2014/09/23 11:12:04,2,38.15849,-122.18578,430.446,0.027,0.0,85,0.000,0.000,0.000
2014/09/23 11:12:09,2,38.15849,-122.18578,432.087,0.027,0.0,85,0.000,0.000,0.000
2014/09/23 11:12:14,2,38.15849,-122.18578,431.759,0.014,0.0,85,0.000,0.000,0.000
2014/09/23 11:12:19,2,38.15850,-122.18578,430.774,0.023,0.0,85,0.000,0.000,0.000
2014/09/23 11:12:24,2,38.15850,-122.18579,428.478,0.043,0.0,85,0.000,0.000,0.000
2014/09/23 11:12:29,2,38.15850,-122.18579,425.197,0.085,0.0,85,0.000,0.000,0.000
2014/09/23 11:12:34,2,38.15850,-122.18579,424.541,0.070,0.0,85,0.000,0.000,0.000
