Date-Time,DOP,Latitude,Longitude,Altitude (ft),Speed (mph),Heading (deg),mod1 SS (dBm),mod1 Down (Mbs),mod1 Up (Mbs),mod1 Ping (Sec)
2014/08/28 14:46:20,1,38.32195,-122.30512,93.832,9.977,0.0,-61,0.146,0.000,2.994
2014/08/28 14:46:25,1,38.32193,-122.30518,96.129,0.026,0.0,-61,0.337,0.125,1.413
2014/08/28 14:46:30,1,38.32193,-122.30518,93.832,0.046,0.0,-61,0.574,0.417,1.339
2014/08/28 14:46:35,1,38.32194,-122.30518,90.223,0.020,0.0,-61,0.487,0.292,0.262
2014/08/28 14:46:40,2,38.32194,-122.30520,84.646,3.488,0.0,-61,0.000,0.000,0.489
2014/08/28 14:46:45,2,38.32189,-122.30552,84.646,18.407,0.0,-61,0.422,0.833,2.765
2014/08/28 14:46:50,2,38.32180,-122.30603,84.318,22.153,0.0,-61,0.110,0.000,1.147
2014/08/28 14:46:55,2,38.32170,-122.30656,81.693,20.582,0.0,-61,0.000,0.250,3.694
2014/08/28 14:47:00,2,38.32161,-122.30707,80.381,20.281,0.0,-61,0.000,0.292,0.534
2014/08/28 14:47:05,2,38.32156,-122.30738,80.381,7.854,0.0,-61,0.000,0.917,0.426
2014/08/28 14:47:10,2,38.32150,-122.30769,81.037,11.565,0.0,-61,0.003,0.875,0.290
2014/08/28 14:47:15,2,38.32149,-122.30777,79.724,0.031,0.0,-61,0.667,0.000,0.797
2014/08/28 14:47:20,2,38.32149,-122.30777,79.396,0.015,0.0,-61,1.057,0.792,0.342
2014/08/28 14:47:25,2,38.32150,-122.30777,79.396,0.009,0.0,-71,0.894,0.208,0.901
2014/08/28 14:47:30,2,38.32150,-122.30777,79.396,0.014,0.0,-71,0.885,0.333,0.294
2014/08/28 14:47:35,2,38.32150,-122.30777,77.428,0.031,0.0,-71,0.609,0.333,0.913
2014/08/28 14:47:40,2,38.32150,-122.30778,77.100,0.011,0.0,-71,0.424,0.667,0.419
2014/08/28 14:47:45,2,38.32150,-122.30777,74.803,0.035,0.0,-71,0.351,1.000,0.398
2014/08/28 14:47:50,2,38.32148,-122.30784,73.819,11.028,0.0,-71,0.308,0.792,0.426
2014/08/28 14:47:55,2,38.32139,-122.30833,75.787,23.620,0.0,-69,0.000,0.542,1.948
2014/08/28 14:48:00,2,38.32133,-122.30872,76.772,4.489,0.0,-69,0.141,0.583,1.495
2014/08/28 14:48:05,2,38.32132,-122.30874,77.100,0.065,0.0,-69,0.248,0.000,0.383
2014/08/28 14:48:10,2,38.32132,-122.30874,76.772,0.004,0.0,-69,0.311,0.000,0.634
2014/08/28 14:48:15,2,38.32132,-122.30873,75.459,0.010,0.0,-69,0.368,0.000,0.890
2014/08/28 14:48:20,2,38.32132,-122.30873,76.115,0.007,0.0,-69,0.305,0.000,1.276
2014/08/28 14:48:25,2,38.32132,-122.30873,76.772,1.117,0.0,-75,0.221,0.000,2.182
2014/08/28 14:48:30,2,38.32129,-122.30888,77.756,11.447,0.0,-75,0.198,0.000,0.000
2014/08/28 14:48:35,2,38.32104,-122.30898,76.115,19.909,0.0,-75,0.103,0.000,3.157
2014/08/28 14:48:40,2,38.32062,-122.30859,68.241,30.452,0.0,-75,0.096,0.000,5.987
2014/08/28 14:48:45,2,38.31997,-122.30814,55.446,42.558,0.0,-75,0.112,0.000,0.000
2014/08/28 14:48:50,1,38.31911,-122.30777,48.885,47.551,0.0,-75,0.109,0.000,3.738
2014/08/28 14:48:55,1,38.31816,-122.30764,65.617,48.747,0.0,-75,0.199,0.042,0.340
2014/08/28 14:49:00,1,38.31717,-122.30753,79.396,50.928,0.0,-77,0.621,0.000,0.000
2014/08/28 14:49:05,1,38.31612,-122.30743,90.223,53.769,0.0,-77,0.263,0.583,3.609
2014/08/28 14:49:10,2,38.31501,-122.30719,91.207,58.135,0.0,-77,0.000,0.292,4.077
2014/08/28 14:49:15,2,38.31384,-122.30688,94.488,60.355,0.0,-77,0.000,0.417,0.830
2014/08/28 14:49:20,2,38.31268,-122.30655,94.488,57.893,0.0,-77,0.000,0.000,0.323
2014/08/28 14:49:25,2,38.31158,-122.30622,92.520,54.539,0.0,-77,0.003,1.000,0.451
2014/08/28 14:49:30,2,38.31026,-122.30583,94.160,57.583,0.0,-79,0.250,1.125,0.739
2014/08/28 14:49:35,2,38.30910,-122.30549,93.832,60.351,0.0,-79,0.326,0.000,1.727
2014/08/28 14:49:40,2,38.30790,-122.30514,93.176,61.744,0.0,-79,0.366,0.292,1.638
2014/08/28 14:49:45,2,38.30669,-122.30478,91.207,59.551,0.0,-79,0.291,0.000,2.193
2014/08/28 14:49:51,2,38.30558,-122.30446,90.551,54.701,0.0,-79,0.196,0.000,2.215
2014/08/28 14:49:56,2,38.30449,-122.30414,90.223,57.510,0.0,-79,0.096,0.000,3.010
2014/08/28 14:50:01,2,38.30341,-122.30383,88.911,52.066,0.0,-77,0.071,0.000,0.000
2014/08/28 14:50:06,2,38.30236,-122.30352,87.598,55.371,0.0,-77,0.000,0.083,9.630
2014/08/28 14:50:11,2,38.30128,-122.30321,87.270,55.072,0.0,-77,0.000,0.000,0.000
2014/08/28 14:50:16,2,38.30018,-122.30289,86.614,57.060,0.0,-77,0.000,0.000,5.742
2014/08/28 14:50:21,2,38.29906,-122.30256,80.709,55.629,0.0,-77,0.000,0.083,0.350
2014/08/28 14:50:26,2,38.29804,-122.30227,79.396,48.040,0.0,-77,0.000,0.625,0.611
2014/08/28 14:50:31,2,38.29709,-122.30199,77.428,51.266,0.0,-65,0.003,1.375,1.111
2014/08/28 14:50:36,2,38.29603,-122.30185,73.819,53.036,0.0,-65,0.333,0.625,0.518
2014/08/28 14:50:41,2,38.29492,-122.30198,66.273,56.847,0.0,-65,0.289,0.333,1.050
2014/08/28 14:50:46,2,38.29375,-122.30218,57.415,60.339,0.0,-65,0.269,0.375,1.743
2014/08/28 14:50:51,2,38.29253,-122.30226,55.446,60.529,0.0,-65,0.268,0.792,0.561
2014/08/28 14:50:56,2,38.29134,-122.30211,58.071,58.654,0.0,-65,0.213,0.667,0.719
2014/08/28 14:51:01,2,38.29022,-122.30183,54.134,55.330,0.0,-65,0.342,0.958,0.531
2014/08/28 14:51:06,2,38.28913,-122.30155,51.837,56.079,0.0,-59,0.279,0.417,1.355
2014/08/28 14:51:11,2,38.28800,-122.30127,35.105,58.005,0.0,-59,0.250,0.000,0.730
2014/08/28 14:51:16,2,38.28684,-122.30096,25.262,59.705,0.0,-59,0.191,0.000,2.018
2014/08/28 14:51:21,2,38.28565,-122.30074,17.717,59.978,0.0,-59,0.298,0.000,1.066
2014/08/28 14:51:26,2,38.28442,-122.30064,21.654,61.873,0.0,-59,0.428,0.000,0.594
2014/08/28 14:51:31,2,38.28317,-122.30058,33.136,62.797,0.0,-59,0.386,0.042,0.425
2014/08/28 14:51:36,2,38.28188,-122.30046,40.354,65.189,0.0,-53,0.235,0.250,1.539
2014/08/28 14:51:41,2,38.28055,-122.30025,40.354,68.216,0.0,-53,0.156,0.333,0.974
2014/08/28 14:51:46,2,38.27917,-122.29996,32.152,70.669,0.0,-53,0.094,0.000,4.758
2014/08/28 14:51:51,2,38.27778,-122.29962,20.013,70.427,0.0,-53,0.070,0.083,0.000
2014/08/28 14:51:56,2,38.27638,-122.29931,14.764,70.424,0.0,-53,0.086,0.000,5.009
2014/08/28 14:52:01,2,38.27498,-122.29907,11.155,70.856,0.0,-53,0.061,0.167,0.000
2014/08/28 14:52:06,2,38.27355,-122.29889,11.155,71.565,0.0,-71,0.080,0.167,0.985
2014/08/28 14:52:11,2,38.27214,-122.29879,10.827,67.937,0.0,-71,0.138,0.000,0.000
2014/08/28 14:52:16,2,38.27099,-122.29877,10.827,50.783,0.0,-71,0.000,0.458,5.194
2014/08/28 14:52:21,2,38.27002,-122.29877,10.827,48.339,0.0,-71,0.000,0.667,0.463
2014/08/28 14:52:26,2,38.26903,-122.29882,10.171,47.822,0.0,-71,0.000,0.792,0.742
2014/08/28 14:52:31,2,38.26820,-122.29889,9.186,33.968,0.0,-71,0.003,1.125,0.418
2014/08/28 14:52:36,2,38.26776,-122.29893,9.514,10.503,0.0,-65,0.500,0.000,0.685
2014/08/28 14:52:41,2,38.26758,-122.29895,8.202,9.833,0.0,-65,0.563,0.542,0.762
2014/08/28 14:52:46,2,38.26739,-122.29897,6.890,8.610,0.0,-65,0.843,0.292,0.526
2014/08/28 14:52:51,2,38.26729,-122.29898,5.906,0.444,0.0,-65,0.704,0.417,0.495
2014/08/28 14:52:56,2,38.26729,-122.29898,2.953,0.073,0.0,-65,0.677,0.833,1.623
2014/08/28 14:53:01,2,38.26725,-122.29898,1.312,3.731,0.0,-65,0.860,0.625,0.398
2014/08/28 14:53:06,2,38.26717,-122.29899,0.328,4.646,0.0,-65,1.054,1.167,0.622
2014/08/28 14:53:11,2,38.26707,-122.29900,0.000,7.097,0.0,-65,0.638,0.000,0.423
2014/08/28 14:53:16,2,38.26688,-122.29902,-0.984,12.336,0.0,-65,0.522,0.667,0.587
2014/08/28 14:53:21,2,38.26665,-122.29905,-1.640,8.828,0.0,-65,0.409,0.667,0.303
2014/08/28 14:53:26,2,38.26650,-122.29906,-2.297,7.910,0.0,-65,0.216,0.917,0.275
2014/08/28 14:53:31,2,38.26629,-122.29909,-3.281,12.198,0.0,-65,0.967,0.000,0.230
2014/08/28 14:53:36,2,38.26603,-122.29912,-2.297,11.951,0.0,-65,1.000,0.000,1.042
2014/08/28 14:53:41,2,38.26585,-122.29914,-1.969,6.544,0.0,-67,0.644,0.042,0.398
2014/08/28 14:53:46,2,38.26569,-122.29916,-1.969,9.104,0.0,-67,0.733,0.500,0.701
2014/08/28 14:53:51,2,38.26551,-122.29918,-1.640,3.999,0.0,-67,0.677,0.875,0.314
2014/08/28 14:53:56,2,38.26542,-122.29919,-1.640,5.017,0.0,-67,0.611,1.167,0.394
2014/08/28 14:54:01,2,38.26525,-122.29921,-0.984,12.151,0.0,-67,0.590,1.167,0.506
2014/08/28 14:54:06,2,38.26498,-122.29924,-0.328,13.053,0.0,-67,0.878,1.042,0.466
2014/08/28 14:54:11,2,38.26476,-122.29927,0.000,8.091,0.0,-65,0.974,1.167,0.341
2014/08/28 14:54:16,2,38.26463,-122.29928,-0.328,6.019,0.0,-65,0.000,1.167,0.291
2014/08/28 14:54:21,2,38.26446,-122.29930,-0.656,9.787,0.0,-65,1.026,0.833,0.394
2014/08/28 14:54:26,2,38.26428,-122.29932,-0.328,7.664,0.0,-65,1.163,0.667,0.395
2014/08/28 14:54:31,2,38.26409,-122.29935,-0.984,12.207,0.0,-65,0.809,0.958,0.389
2014/08/28 14:54:36,2,38.26381,-122.29939,-1.312,18.515,0.0,-65,0.348,0.000,0.362
2014/08/28 14:54:41,2,38.26343,-122.29944,-1.312,18.968,0.0,-71,0.768,0.000,0.270
2014/08/28 14:54:46,2,38.26308,-122.29952,-1.969,16.188,0.0,-71,1.160,0.042,0.371
2014/08/28 14:54:51,2,38.26279,-122.29960,-1.969,14.017,0.0,-71,1.138,0.958,0.275
2014/08/28 14:54:56,2,38.26250,-122.29969,-0.656,15.265,0.0,-71,0.712,1.333,0.395
2014/08/28 14:55:01,2,38.26224,-122.29978,0.000,10.625,0.0,-71,0.722,1.083,0.325
2014/08/28 14:55:06,2,38.26204,-122.29986,1.312,9.779,0.0,-71,0.883,0.000,0.403
2014/08/28 14:55:11,2,38.26186,-122.29994,2.953,8.980,0.0,-71,0.763,0.917,0.342
2014/08/28 14:55:16,2,38.26169,-122.30002,5.249,9.592,0.0,-65,1.006,0.792,0.391
2014/08/28 14:55:21,2,38.26150,-122.30012,7.546,9.595,0.0,-65,0.706,1.000,0.315
2014/08/28 14:55:26,2,38.26140,-122.30017,8.858,2.243,0.0,-65,0.615,0.875,0.354
2014/08/28 14:55:31,2,38.26134,-122.30020,10.171,3.324,0.0,-65,0.706,1.083,0.322
2014/08/28 14:55:36,2,38.26127,-122.30025,11.155,5.045,0.0,-65,0.613,0.833,0.543
2014/08/28 14:55:41,2,38.26117,-122.30030,12.467,5.357,0.0,-65,0.616,1.167,0.398
2014/08/28 14:55:46,2,38.26109,-122.30035,13.780,4.467,0.0,-61,0.470,0.000,0.311
2014/08/28 14:55:51,2,38.26103,-122.30039,13.451,1.968,0.0,-61,0.839,0.000,0.287
2014/08/28 14:55:56,2,38.26102,-122.30040,13.123,0.024,0.0,-61,0.532,0.000,1.017
2014/08/28 14:56:01,2,38.26100,-122.30041,12.467,2.766,0.0,-61,0.446,0.042,1.238
2014/08/28 14:56:06,2,38.26092,-122.30046,12.795,6.304,0.0,-61,0.537,0.333,0.527
2014/08/28 14:56:11,2,38.26077,-122.30056,13.123,8.982,0.0,-61,0.530,1.083,1.546
2014/08/28 14:56:16,2,38.26062,-122.30066,14.764,8.343,0.0,-53,0.541,0.417,0.394
2014/08/28 14:56:21,2,38.26046,-122.30078,15.748,10.617,0.0,-53,1.206,0.708,0.622
2014/08/28 14:56:26,2,38.26029,-122.30091,16.076,8.854,0.0,-53,0.958,0.375,0.767
2014/08/28 14:56:31,2,38.26018,-122.30100,17.717,5.658,0.0,-53,0.709,0.458,0.362
2014/08/28 14:56:36,2,38.26009,-122.30108,17.717,5.716,0.0,-53,0.669,0.833,0.383
2014/08/28 14:56:41,2,38.25996,-122.30119,16.076,4.762,0.0,-53,0.683,0.875,0.467
2014/08/28 14:56:46,2,38.25989,-122.30125,16.404,4.258,0.0,-61,0.911,1.000,0.679
2014/08/28 14:56:51,2,38.25982,-122.30131,16.404,4.325,0.0,-61,0.550,0.542,1.135
2014/08/28 14:56:56,2,38.25977,-122.30135,16.076,1.453,0.0,-61,0.590,0.625,0.585
2014/08/28 14:57:01,2,38.25976,-122.30136,15.092,0.020,0.0,-61,0.366,0.208,2.398
2014/08/28 14:57:06,2,38.25976,-122.30136,14.764,0.022,0.0,-61,0.359,0.000,2.057
2014/08/28 14:57:11,2,38.25976,-122.30136,14.108,0.969,0.0,-61,0.481,0.333,1.427
2014/08/28 14:57:16,2,38.25975,-122.30136,14.108,0.008,0.0,-61,0.808,0.375,0.738
2014/08/28 14:57:21,2,38.25976,-122.30136,14.436,0.013,0.0,-61,0.560,0.500,0.441
2014/08/28 14:57:26,2,38.25976,-122.30136,14.764,0.030,0.0,-61,0.587,0.500,0.395
2014/08/28 14:57:31,2,38.25976,-122.30136,15.092,0.020,0.0,-61,0.699,0.917,0.410
2014/08/28 14:57:36,2,38.25976,-122.30136,15.748,0.022,0.0,-61,0.714,0.000,0.395
2014/08/28 14:57:41,2,38.25976,-122.30136,16.076,0.024,0.0,-61,0.735,0.000,0.254
2014/08/28 14:57:46,2,38.25976,-122.30136,16.404,0.035,0.0,-61,0.823,0.042,0.271
2014/08/28 14:57:51,2,38.25974,-122.30138,16.404,3.346,0.0,-55,0.521,1.042,0.295
2014/08/28 14:57:56,2,38.25967,-122.30143,16.404,4.295,0.0,-55,0.447,1.000,0.382
2014/08/28 14:58:01,2,38.25953,-122.30155,16.404,12.388,0.0,-55,0.555,0.750,0.994
2014/08/28 14:58:06,2,38.25933,-122.30172,15.092,11.173,0.0,-55,0.433,0.792,0.815
2014/08/28 14:58:11,2,38.25914,-122.30187,14.108,11.986,0.0,-55,0.285,0.667,1.314
2014/08/28 14:58:16,2,38.25889,-122.30208,13.123,16.885,0.0,-55,0.451,0.542,0.751
2014/08/28 14:58:21,2,38.25860,-122.30229,11.811,15.390,0.0,-63,0.461,0.000,0.778
2014/08/28 14:58:26,2,38.25843,-122.30241,10.827,4.282,0.0,-63,0.356,0.333,1.503
2014/08/28 14:58:31,2,38.25838,-122.30244,10.499,1.656,0.0,-63,0.442,0.333,1.299
2014/08/28 14:58:36,2,38.25838,-122.30244,9.514,0.105,0.0,-63,0.398,0.292,1.310
2014/08/28 14:58:41,2,38.25838,-122.30244,8.858,0.040,0.0,-63,0.283,0.458,2.403
2014/08/28 14:58:46,2,38.25837,-122.30244,7.874,0.040,0.0,-63,0.131,0.000,1.735
2014/08/28 14:58:51,2,38.25837,-122.30244,7.546,0.047,0.0,-59,0.409,0.208,0.942
2014/08/28 14:58:56,2,38.25834,-122.30245,7.218,3.093,0.0,-59,0.449,0.542,1.015
2014/08/28 14:59:01,2,38.25834,-122.30246,8.202,0.022,0.0,-59,0.260,0.000,0.000
2014/08/28 14:59:06,2,38.25834,-122.30245,9.843,0.012,0.0,-59,0.163,0.208,3.835
2014/08/28 14:59:11,2,38.25834,-122.30245,10.171,0.008,0.0,-59,0.225,0.250,2.725
2014/08/28 14:59:16,2,38.25834,-122.30245,10.171,0.051,0.0,-59,0.189,0.000,3.559
2014/08/28 14:59:21,2,38.25834,-122.30245,10.171,0.058,0.0,-53,0.000,0.208,1.178
2014/08/28 14:59:26,2,38.25834,-122.30245,10.171,0.017,0.0,-53,0.000,0.458,1.194
2014/08/28 14:59:31,2,38.25834,-122.30245,9.514,0.025,0.0,-53,0.000,0.542,0.547
2014/08/28 14:59:36,2,38.25834,-122.30244,8.858,0.059,0.0,-53,0.000,1.208,0.643
2014/08/28 14:59:41,2,38.25834,-122.30244,8.858,0.057,0.0,-53,0.003,0.000,0.842
2014/08/28 14:59:46,2,38.25829,-122.30247,8.530,9.788,0.0,-53,0.826,0.000,1.286
2014/08/28 14:59:51,2,38.25804,-122.30263,8.202,14.281,0.0,-53,0.667,0.000,0.789
2014/08/28 14:59:56,2,38.25775,-122.30279,9.186,19.281,0.0,-55,0.850,0.042,0.290
2014/08/28 15:00:01,2,38.25732,-122.30300,8.858,24.970,0.0,-55,0.990,0.458,0.954
2014/08/28 15:00:06,1,38.25674,-122.30323,8.858,32.520,0.0,-55,1.134,0.333,0.693
2014/08/28 15:00:11,1,38.25605,-122.30345,9.186,37.600,0.0,-55,0.606,0.125,1.318
2014/08/28 15:00:16,1,38.25527,-122.30358,8.530,39.242,0.0,-55,0.821,0.000,0.374
2014/08/28 15:00:21,1,38.25445,-122.30364,7.874,43.401,0.0,-55,1.206,0.375,1.404
2014/08/28 15:00:26,1,38.25353,-122.30357,9.186,47.663,0.0,-51,0.670,0.167,1.179
2014/08/28 15:00:31,1,38.25255,-122.30335,10.827,51.635,0.0,-51,0.769,0.250,0.388
2014/08/28 15:00:36,1,38.25154,-122.30296,10.171,53.977,0.0,-51,0.516,0.125,0.794
2014/08/28 15:00:41,1,38.25051,-122.30237,8.530,57.825,0.0,-51,0.587,0.083,2.545
2014/08/28 15:00:46,1,38.24951,-122.30154,8.530,60.611,0.0,-51,0.273,0.000,0.362
2014/08/28 15:00:51,1,38.24860,-122.30049,8.530,62.148,0.0,-51,0.766,0.125,0.880
2014/08/28 15:00:56,1,38.24784,-122.29924,8.202,61.670,0.0,-51,1.747,0.375,1.170
2014/08/28 15:01:01,1,38.24716,-122.29758,6.234,59.362,0.0,-51,0.606,0.125,0.635
2014/08/28 15:01:06,1,38.24682,-122.29648,5.577,58.292,0.0,-51,1.074,0.000,0.769
2014/08/28 15:01:11,1,38.24632,-122.29481,8.530,57.859,0.0,-51,0.596,0.125,0.819
2014/08/28 15:01:16,1,38.24591,-122.29346,17.388,57.017,0.0,-51,0.183,0.000,2.247
2014/08/28 15:01:21,1,38.24558,-122.29238,28.543,56.651,0.0,-51,0.660,0.042,1.002
2014/08/28 15:01:26,1,38.24511,-122.29084,51.509,52.256,0.0,-57,0.000,0.000,2.679
2014/08/28 15:01:31,1,38.24478,-122.28968,69.554,44.221,0.0,-57,0.000,0.125,3.031
2014/08/28 15:01:36,1,38.24451,-122.28863,83.661,43.538,0.0,-57,0.000,1.333,0.417
2014/08/28 15:01:41,1,38.24427,-122.28756,95.801,44.450,0.0,-57,0.003,1.292,0.434
2014/08/28 15:01:46,1,38.24404,-122.28645,104.659,45.654,0.0,-57,0.356,0.833,0.515
2014/08/28 15:01:51,1,38.24385,-122.28533,111.220,43.290,0.0,-57,0.349,0.000,1.526
2014/08/28 15:01:56,1,38.24369,-122.28426,114.173,42.414,0.0,-57,0.413,0.167,0.909
2014/08/28 15:02:01,1,38.24355,-122.28319,114.501,42.511,0.0,-63,0.275,0.208,0.000
2014/08/28 15:02:06,1,38.24343,-122.28208,112.861,44.209,0.0,-63,0.270,0.125,1.373
2014/08/28 15:02:11,1,38.24330,-122.28096,109.252,44.269,0.0,-63,0.000,0.000,0.415
2014/08/28 15:02:16,1,38.24317,-122.27982,104.659,46.545,0.0,-63,1.105,0.292,0.446
2014/08/28 15:02:21,1,38.24305,-122.27860,100.066,48.719,0.0,-63,1.148,0.375,0.310
2014/08/28 15:02:26,1,38.24299,-122.27736,94.160,49.357,0.0,-63,1.352,0.458,0.413
2014/08/28 15:02:31,1,38.24294,-122.27606,88.583,52.503,0.0,-57,1.198,0.375,0.717
2014/08/28 15:02:36,1,38.24292,-122.27469,83.333,54.638,0.0,-57,1.195,0.292,0.000
2014/08/28 15:02:41,1,38.24278,-122.27327,77.756,57.073,0.0,-57,0.504,0.750,0.545
2014/08/28 15:02:46,1,38.24248,-122.27190,73.163,53.326,0.0,-57,0.823,0.708,0.419
2014/08/28 15:02:51,1,38.24210,-122.27078,68.241,46.889,0.0,-57,0.879,0.000,0.589
2014/08/28 15:02:56,1,38.24164,-122.26980,62.664,43.154,0.0,-57,1.189,0.000,1.371
2014/08/28 15:03:01,1,38.24111,-122.26887,57.743,47.128,0.0,-63,0.555,0.000,1.810
2014/08/28 15:03:06,1,38.24048,-122.26797,55.118,47.258,0.0,-63,0.805,0.000,0.367
2014/08/28 15:03:12,1,38.23976,-122.26712,55.446,50.391,0.0,-63,1.862,0.042,0.758
2014/08/28 15:03:17,1,38.23901,-122.26624,55.118,50.961,0.0,-63,1.205,0.167,0.242
2014/08/28 15:03:22,1,38.23828,-122.26538,54.790,48.372,0.0,-63,0.917,0.208,1.136
2014/08/28 15:03:27,1,38.23757,-122.26455,54.134,49.093,0.0,-63,1.163,0.250,0.486
2014/08/28 15:03:32,1,38.23682,-122.26367,53.806,52.132,0.0,-69,0.824,0.125,0.566
2014/08/28 15:03:37,1,38.23604,-122.26275,53.478,53.595,0.0,-69,0.792,0.333,1.213
2014/08/28 15:03:42,1,38.23525,-122.26184,53.150,53.229,0.0,-69,0.810,0.250,0.438
2014/08/28 15:03:47,1,38.23445,-122.26092,52.493,53.853,0.0,-69,1.506,0.000,0.647
2014/08/28 15:03:52,1,38.23357,-122.26012,53.806,54.238,0.0,-69,1.600,0.417,0.319
2014/08/28 15:03:57,1,38.23262,-122.25948,52.822,52.295,0.0,-69,0.541,0.250,0.413
2014/08/28 15:04:02,1,38.23166,-122.25903,49.869,50.743,0.0,-69,1.298,0.958,0.450
2014/08/28 15:04:07,1,38.23063,-122.25873,48.885,53.257,0.0,-51,1.567,0.917,0.594
2014/08/28 15:04:12,1,38.22954,-122.25859,48.885,56.353,0.0,-51,1.163,0.708,0.675
2014/08/28 15:04:17,1,38.22843,-122.25849,47.900,54.082,0.0,-51,0.997,0.000,0.723
2014/08/28 15:04:22,1,38.22735,-122.25839,48.228,53.952,0.0,-51,0.615,0.333,0.283
2014/08/28 15:04:27,1,38.22629,-122.25830,53.478,53.159,0.0,-51,1.167,0.292,0.330
2014/08/28 15:04:32,1,38.22524,-122.25820,59.055,51.373,0.0,-51,1.468,0.375,0.405
2014/08/28 15:04:37,1,38.22423,-122.25813,63.320,49.940,0.0,-51,0.445,0.167,1.586
2014/08/28 15:04:42,1,38.22323,-122.25804,67.913,50.378,0.0,-51,0.417,0.208,1.485
2014/08/28 15:04:47,1,38.22221,-122.25795,72.178,50.782,0.0,-51,0.590,0.000,1.914
2014/08/28 15:04:52,1,38.22126,-122.25788,76.772,42.875,0.0,-51,0.388,0.000,1.466
2014/08/28 15:04:57,1,38.22049,-122.25781,81.037,34.505,0.0,-51,0.330,0.292,2.422
2014/08/28 15:05:02,1,38.21993,-122.25775,83.661,21.372,0.0,-51,0.156,0.000,0.000
2014/08/28 15:05:07,1,38.21952,-122.25770,84.974,22.877,0.0,-59,0.000,0.083,0.547
2014/08/28 15:05:12,1,38.21902,-122.25762,87.927,25.424,0.0,-59,0.000,0.417,0.915
2014/08/28 15:05:17,1,38.21863,-122.25756,88.911,11.075,0.0,-59,0.000,0.667,0.551
2014/08/28 15:05:22,1,38.21853,-122.25754,88.255,0.775,0.0,-59,0.003,0.750,0.487
2014/08/28 15:05:27,1,38.21853,-122.25754,89.567,0.043,0.0,-59,0.878,0.375,0.586
2014/08/28 15:05:32,1,38.21849,-122.25753,90.223,7.803,0.0,-59,1.349,0.292,0.418
2014/08/28 15:05:37,1,38.21825,-122.25750,90.551,12.123,0.0,-61,1.176,0.000,0.597
2014/08/28 15:05:42,1,38.21811,-122.25748,90.223,5.472,0.0,-61,0.379,0.083,0.899
2014/08/28 15:05:47,1,38.21800,-122.25746,90.879,7.304,0.0,-61,0.599,0.000,0.751
2014/08/28 15:05:52,2,38.21780,-122.25742,91.535,10.066,0.0,-61,0.619,0.167,0.923
2014/08/28 15:05:57,2,38.21754,-122.25738,91.535,16.715,0.0,-61,0.686,0.208,1.386
2014/08/28 15:06:02,2,38.21722,-122.25733,91.207,15.768,0.0,-61,0.541,0.000,1.723
2014/08/28 15:06:07,2,38.21690,-122.25727,90.551,15.791,0.0,-61,0.641,0.208,1.358
2014/08/28 15:06:12,2,38.21670,-122.25724,88.255,4.523,0.0,-61,0.417,0.208,1.379
2014/08/28 15:06:17,2,38.21658,-122.25722,87.927,9.705,0.0,-61,0.365,0.000,1.438
2014/08/28 15:06:22,2,38.21638,-122.25719,86.614,10.101,0.0,-61,0.308,0.292,2.203
2014/08/28 15:06:27,2,38.21621,-122.25716,83.990,5.380,0.0,-61,0.279,0.208,2.172
2014/08/28 15:06:32,2,38.21615,-122.25715,82.349,0.019,0.0,-61,0.363,0.000,1.022
2014/08/28 15:06:37,2,38.21615,-122.25716,81.693,0.009,0.0,-61,0.567,0.000,0.934
2014/08/28 15:06:42,2,38.21615,-122.25715,81.693,1.906,0.0,-69,0.733,0.000,0.882
2014/08/28 15:06:47,2,38.21605,-122.25714,80.709,6.125,0.0,-69,0.398,0.000,1.258
2014/08/28 15:06:52,2,38.21594,-122.25711,80.052,4.026,0.0,-69,0.641,0.000,0.713
2014/08/28 15:06:57,2,38.21588,-122.25710,78.412,0.409,0.0,-69,0.698,0.000,1.018
2014/08/28 15:07:02,2,38.21588,-122.25710,77.428,0.723,0.0,-69,0.272,0.000,1.797
2014/08/28 15:07:07,2,38.21577,-122.25709,76.115,7.807,0.0,-69,0.471,0.042,0.838
2014/08/28 15:07:12,2,38.21563,-122.25707,74.475,5.383,0.0,-63,0.763,0.167,1.275
2014/08/28 15:07:17,2,38.21554,-122.25706,74.475,4.526,0.0,-63,0.561,0.000,1.426
2014/08/28 15:07:22,2,38.21534,-122.25703,80.052,13.557,0.0,-63,0.500,0.167,1.977
2014/08/28 15:07:27,2,38.21506,-122.25698,78.084,14.020,0.0,-63,0.247,0.167,2.527
2014/08/28 15:07:32,2,38.21475,-122.25693,78.084,17.209,0.0,-63,0.433,0.292,0.923
2014/08/28 15:07:37,2,38.21433,-122.25686,80.052,22.656,0.0,-63,0.766,0.292,0.960
2014/08/28 15:07:42,2,38.21388,-122.25678,81.693,22.334,0.0,-69,0.853,0.250,0.585
2014/08/28 15:07:47,2,38.21345,-122.25671,83.333,20.563,0.0,-69,1.327,0.000,0.655
2014/08/28 15:07:52,2,38.21311,-122.25666,83.661,9.697,0.0,-69,0.775,0.250,1.211
2014/08/28 15:07:57,2,38.21299,-122.25665,83.005,7.883,0.0,-69,0.590,0.167,1.443
2014/08/28 15:08:02,2,38.21281,-122.25664,79.396,6.222,0.0,-69,0.391,0.167,1.834
2014/08/28 15:08:07,2,38.21272,-122.25663,76.772,7.525,0.0,-69,0.584,0.500,0.619
2014/08/28 15:08:12,2,38.21244,-122.25661,74.803,16.326,0.0,-69,0.772,0.000,0.568
2014/08/28 15:08:17,2,38.21203,-122.25657,73.163,24.046,0.0,-69,0.420,0.292,1.883
2014/08/28 15:08:22,2,38.21153,-122.25654,71.522,24.165,0.0,-69,0.538,0.333,1.639
2014/08/28 15:08:27,2,38.21112,-122.25651,71.522,16.490,0.0,-69,0.481,0.083,2.311
2014/08/28 15:08:32,2,38.21080,-122.25649,70.866,17.511,0.0,-69,0.272,0.000,2.249
2014/08/28 15:08:37,2,38.21044,-122.25647,70.210,18.690,0.0,-69,0.449,0.208,2.994
2014/08/28 15:08:42,2,38.21009,-122.25645,70.210,11.596,0.0,-69,0.516,0.000,1.632
2014/08/28 15:08:47,2,38.20995,-122.25644,70.210,4.619,0.0,-77,0.365,0.208,2.659
2014/08/28 15:08:52,2,38.20991,-122.25644,69.882,0.024,0.0,-77,0.437,0.083,0.389
2014/08/28 15:08:57,2,38.20990,-122.25643,70.538,0.007,0.0,-77,1.445,0.000,0.523
2014/08/28 15:09:02,2,38.20987,-122.25643,69.882,0.961,0.0,-77,1.439,0.500,0.442
2014/08/28 15:09:07,2,38.20987,-122.25643,68.570,0.015,0.0,-77,1.033,0.292,0.642
2014/08/28 15:09:12,2,38.20985,-122.25643,66.601,2.447,0.0,-77,0.721,0.208,0.629
2014/08/28 15:09:17,2,38.20963,-122.25642,65.617,15.772,0.0,-77,0.673,0.000,1.654
2014/08/28 15:09:22,2,38.20921,-122.25640,65.289,24.904,0.0,-77,0.263,0.000,0.000
2014/08/28 15:09:27,2,38.20874,-122.25637,64.961,19.729,0.0,-77,0.180,0.208,0.607
2014/08/28 15:09:32,2,38.20853,-122.25635,64.961,5.921,0.0,-77,0.727,0.000,0.440
2014/08/28 15:09:37,2,38.20842,-122.25635,65.289,5.222,0.0,-77,0.709,0.208,0.714
2014/08/28 15:09:42,2,38.20830,-122.25634,65.289,6.117,0.0,-77,0.541,0.292,1.269
2014/08/28 15:09:47,2,38.20810,-122.25633,65.617,10.593,0.0,-67,0.657,0.292,1.145
2014/08/28 15:09:52,2,38.20783,-122.25632,64.633,10.769,0.0,-67,0.709,0.292,0.560
2014/08/28 15:09:57,2,38.20770,-122.25631,64.304,4.679,0.0,-67,0.724,0.333,0.826
2014/08/28 15:10:02,2,38.20764,-122.25630,63.648,0.931,0.0,-67,0.622,0.000,1.413
2014/08/28 15:10:07,2,38.20758,-122.25630,62.992,1.543,0.0,-67,0.593,0.208,1.322
2014/08/28 15:10:12,2,38.20757,-122.25630,62.664,0.599,0.0,-67,0.654,0.083,0.878
2014/08/28 15:10:17,2,38.20756,-122.25630,62.008,1.761,0.0,-67,0.503,0.083,1.501
2014/08/28 15:10:22,2,38.20742,-122.25629,62.992,11.267,0.0,-65,0.368,0.000,2.017
2014/08/28 15:10:27,2,38.20723,-122.25628,62.664,5.456,0.0,-65,0.314,0.208,1.690
2014/08/28 15:10:32,2,38.20716,-122.25628,61.352,4.023,0.0,-65,0.885,0.208,0.270
2014/08/28 15:10:37,2,38.20703,-122.25627,61.024,7.931,0.0,-65,0.817,0.208,1.037
2014/08/28 15:10:42,2,38.20686,-122.25626,61.352,8.566,0.0,-65,0.863,0.250,0.998
2014/08/28 15:10:47,2,38.20666,-122.25626,61.680,10.540,0.0,-65,0.561,0.000,1.917
2014/08/28 15:10:52,2,38.20646,-122.25625,62.008,8.880,0.0,-65,0.871,0.208,1.210
2014/08/28 15:10:57,2,38.20628,-122.25625,62.336,9.371,0.0,-65,0.747,0.208,0.949
2014/08/28 15:11:02,2,38.20607,-122.25625,63.320,10.954,0.0,-65,0.875,0.208,0.866
2014/08/28 15:11:07,2,38.20586,-122.25625,63.976,10.265,0.0,-65,0.721,0.000,1.231
2014/08/28 15:11:12,2,38.20564,-122.25625,63.648,10.876,0.0,-65,0.398,0.167,1.066
2014/08/28 15:11:17,2,38.20544,-122.25626,63.976,8.072,0.0,-65,0.321,0.167,1.275
2014/08/28 15:11:22,2,38.20530,-122.25626,64.304,7.010,0.0,-77,0.625,0.125,0.831
2014/08/28 15:11:27,2,38.20514,-122.25626,64.633,9.667,0.0,-77,0.660,0.333,1.210
2014/08/28 15:11:32,2,38.20492,-122.25626,64.304,10.927,0.0,-77,0.449,0.000,1.190
2014/08/28 15:11:37,2,38.20473,-122.25626,64.304,8.353,0.0,-77,0.810,0.333,0.967
2014/08/28 15:11:42,2,38.20456,-122.25626,62.992,8.027,0.0,-77,0.388,0.417,0.000
2014/08/28 15:11:47,2,38.20439,-122.25627,62.664,9.756,0.0,-77,0.371,0.208,3.139
2014/08/28 15:11:52,2,38.20418,-122.25627,61.352,10.743,0.0,-69,0.866,0.454,0.710
2014/08/28 15:11:57,2,38.20395,-122.25627,60.367,12.593,0.0,-69,0.875,0.000,1.066
2014/08/28 15:12:02,2,38.20366,-122.25628,60.367,15.027,0.0,-69,0.894,0.000,0.765
2014/08/28 15:12:07,2,38.20335,-122.25628,59.383,15.781,0.0,-69,0.923,0.042,1.170
2014/08/28 15:12:12,2,38.20305,-122.25628,57.415,13.268,0.0,-69,1.036,0.292,0.664
2014/08/28 15:12:17,2,38.20283,-122.25628,55.118,10.204,0.0,-69,0.785,0.333,0.586
2014/08/28 15:12:22,2,38.20261,-122.25629,54.134,12.064,0.0,-69,0.737,0.125,0.698
2014/08/28 15:12:27,2,38.20236,-122.25629,52.493,12.949,0.0,-61,0.717,0.000,0.934
2014/08/28 15:12:32,2,38.20210,-122.25629,51.509,12.623,0.0,-61,0.690,0.167,0.954
2014/08/28 15:12:37,2,38.20185,-122.25630,50.525,12.251,0.0,-61,1.016,0.167,0.350
2014/08/28 15:12:42,2,38.20159,-122.25630,49.541,13.760,0.0,-61,0.555,0.167,1.163
2014/08/28 15:12:47,2,38.20130,-122.25630,49.541,14.772,0.0,-61,0.782,0.000,0.497
2014/08/28 15:12:52,2,38.20108,-122.25630,48.885,8.923,0.0,-61,1.154,0.167,0.531
2014/08/28 15:12:57,2,38.20090,-122.25630,49.541,9.575,0.0,-67,0.442,0.208,1.993
2014/08/28 15:13:02,2,38.20071,-122.25630,50.853,9.689,0.0,-67,0.532,0.167,1.665
2014/08/28 15:13:07,2,38.20046,-122.25631,51.181,14.601,0.0,-67,0.487,0.167,0.647
2014/08/28 15:13:12,2,38.20012,-122.25631,52.822,18.556,0.0,-67,0.696,0.000,1.017
2014/08/28 15:13:17,2,38.19968,-122.25632,52.493,25.453,0.0,-67,0.974,0.292,0.618
2014/08/28 15:13:22,2,38.19916,-122.25633,53.806,25.171,0.0,-67,0.779,0.417,0.853
2014/08/28 15:13:27,2,38.19867,-122.25634,54.462,24.536,0.0,-67,0.000,0.167,0.000
2014/08/28 15:13:32,2,38.19820,-122.25634,57.087,23.375,0.0,-67,0.737,0.000,3.562
2014/08/28 15:13:37,2,38.19772,-122.25634,58.071,23.774,0.0,-67,0.337,0.125,2.391
2014/08/28 15:13:42,2,38.19724,-122.25634,58.071,24.136,0.0,-67,0.544,0.208,0.835
2014/08/28 15:13:47,2,38.19684,-122.25635,54.790,19.942,0.0,-67,0.593,0.292,0.674
2014/08/28 15:13:52,2,38.19647,-122.25636,61.680,15.251,0.0,-67,0.686,0.333,0.971
2014/08/28 15:13:57,2,38.19618,-122.25635,66.929,14.276,0.0,-59,0.917,0.000,0.629
2014/08/28 15:14:02,2,38.19591,-122.25635,65.617,13.153,0.0,-59,0.984,0.375,0.750
2014/08/28 15:14:07,2,38.19567,-122.25635,62.992,10.946,0.0,-59,0.959,0.292,0.735
2014/08/28 15:14:12,2,38.19556,-122.25634,62.008,0.501,0.0,-59,1.231,0.333,1.234
2014/08/28 15:14:17,2,38.19553,-122.25634,60.367,3.157,0.0,-59,0.881,0.125,0.474
2014/08/28 15:14:22,2,38.19542,-122.25634,59.383,6.003,0.0,-59,1.215,0.333,0.943
2014/08/28 15:14:27,2,38.19529,-122.25633,58.727,7.782,0.0,-59,1.087,0.000,1.077
2014/08/28 15:14:32,2,38.19509,-122.25631,57.415,10.394,0.0,-59,0.554,0.125,1.286
2014/08/28 15:14:37,2,38.19489,-122.25629,56.759,9.650,0.0,-59,0.770,0.208,1.046
2014/08/28 15:14:42,2,38.19476,-122.25627,55.118,3.765,0.0,-59,0.500,0.000,0.424
2014/08/28 15:14:47,2,38.19467,-122.25626,54.134,5.441,0.0,-59,1.250,0.375,0.511
2014/08/28 15:14:52,2,38.19451,-122.25624,54.134,9.636,0.0,-59,1.840,0.458,0.267
2014/08/28 15:14:57,2,38.19430,-122.25621,53.478,10.242,0.0,-59,1.711,0.458,0.316
2014/08/28 15:15:02,2,38.19409,-122.25619,52.493,10.644,0.0,-59,1.740,0.667,0.551
2014/08/28 15:15:07,2,38.19390,-122.25616,52.165,7.960,0.0,-59,1.789,0.292,0.393
2014/08/28 15:15:12,2,38.19374,-122.25613,51.509,9.913,0.0,-59,2.080,0.542,0.302
2014/08/28 15:15:17,2,38.19347,-122.25610,52.165,15.292,0.0,-59,1.837,0.000,0.414
2014/08/28 15:15:22,2,38.19316,-122.25605,53.150,15.422,0.0,-59,1.307,0.458,0.806
2014/08/28 15:15:27,2,38.19284,-122.25601,55.446,16.509,0.0,-59,1.577,0.458,0.463
2014/08/28 15:15:32,2,38.19253,-122.25596,57.415,14.167,0.0,-57,1.529,0.708,0.953
2014/08/28 15:15:37,2,38.19229,-122.25593,59.383,10.725,0.0,-57,1.510,0.000,0.339
2014/08/28 15:15:42,2,38.19210,-122.25590,62.992,7.820,0.0,-57,0.945,0.000,0.625
2014/08/28 15:15:47,2,38.19203,-122.25589,63.648,0.054,0.0,-57,1.379,0.000,0.382
2014/08/28 15:15:52,2,38.19203,-122.25589,63.976,0.004,0.0,-57,1.833,0.042,0.453
2014/08/28 15:15:57,2,38.19203,-122.25589,64.633,0.014,0.0,-57,1.583,0.542,0.390
2014/08/28 15:16:02,2,38.19203,-122.25590,66.273,0.055,0.0,-57,1.486,0.375,0.353
2014/08/28 15:16:07,2,38.19203,-122.25589,66.601,0.025,0.0,-57,1.587,0.625,0.397
2014/08/28 15:16:12,2,38.19204,-122.25590,68.241,0.030,0.0,-57,1.740,0.375,0.297
2014/08/28 15:16:17,2,38.19204,-122.25590,70.210,0.554,0.0,-57,1.879,0.458,0.355
2014/08/28 15:16:22,2,38.19196,-122.25588,71.194,4.683,0.0,-57,1.725,0.958,0.259
2014/08/28 15:16:27,2,38.19189,-122.25587,70.866,3.315,0.0,-57,2.083,0.458,0.243
2014/08/28 15:16:32,2,38.19177,-122.25586,72.835,7.175,0.0,-53,1.929,0.000,0.342
2014/08/28 15:16:37,2,38.19157,-122.25584,74.475,11.135,0.0,-53,1.824,0.375,0.249
2014/08/28 15:16:42,2,38.19136,-122.25582,75.131,11.664,0.0,-53,1.807,0.375,0.338
2014/08/28 15:16:47,2,38.19109,-122.25579,77.756,13.207,0.0,-53,1.606,0.000,0.294
2014/08/28 15:16:52,2,38.19084,-122.25576,78.740,11.970,0.0,-53,1.846,0.458,0.323
2014/08/28 15:16:57,2,38.19062,-122.25574,79.068,10.894,0.0,-53,1.333,0.542,0.275
2014/08/28 15:17:02,2,38.19038,-122.25572,79.724,12.754,0.0,-53,1.410,0.500,0.479
2014/08/28 15:17:07,2,38.19012,-122.25570,81.037,12.544,0.0,-51,1.244,0.750,0.431
2014/08/28 15:17:12,2,38.18984,-122.25568,82.021,15.982,0.0,-51,1.833,0.417,0.398
2014/08/28 15:17:17,2,38.18950,-122.25565,82.021,16.285,0.0,-51,2.010,0.625,0.394
2014/08/28 15:17:22,2,38.18917,-122.25563,82.021,16.218,0.0,-51,1.843,0.792,0.478
2014/08/28 15:17:27,2,38.18884,-122.25560,82.349,16.824,0.0,-51,1.644,0.500,0.388
2014/08/28 15:17:32,2,38.18851,-122.25557,82.021,17.125,0.0,-51,1.490,0.292,0.443
2014/08/28 15:17:37,2,38.18814,-122.25555,82.021,18.772,0.0,-51,1.850,0.375,0.251
2014/08/28 15:17:42,2,38.18775,-122.25552,80.381,19.244,0.0,-51,2.167,0.458,0.390
2014/08/28 15:17:47,2,38.18734,-122.25549,78.412,21.723,0.0,-51,2.167,0.000,0.246
2014/08/28 15:17:52,2,38.18689,-122.25547,76.444,22.150,0.0,-51,2.038,0.000,0.378
2014/08/28 15:17:57,2,38.18649,-122.25545,73.491,18.424,0.0,-51,2.221,0.042,0.231
2014/08/28 15:18:02,2,38.18616,-122.25545,71.194,15.654,0.0,-51,2.071,0.417,0.390
2014/08/28 15:18:07,2,38.18592,-122.25544,69.882,5.692,0.0,-51,2.000,0.417,0.539
2014/08/28 15:18:12,2,38.18590,-122.25544,70.210,0.030,0.0,-51,1.920,0.375,0.384
2014/08/28 15:18:17,2,38.18590,-122.25544,70.538,0.010,0.0,-51,1.917,0.500,0.511
2014/08/28 15:18:22,2,38.18590,-122.25544,71.194,0.009,0.0,-51,1.791,0.792,0.504
2014/08/28 15:18:27,2,38.18589,-122.25544,72.178,1.214,0.0,-51,1.885,0.458,0.563
2014/08/28 15:18:32,2,38.18586,-122.25544,71.194,3.939,0.0,-51,1.990,0.625,0.270
2014/08/28 15:18:37,2,38.18563,-122.25544,68.570,14.858,0.0,-53,1.769,0.333,0.527
2014/08/28 15:18:42,2,38.18528,-122.25544,64.633,18.911,0.0,-53,1.644,0.542,0.283
2014/08/28 15:18:47,2,38.18490,-122.25545,61.680,19.766,0.0,-53,1.910,0.167,0.418
2014/08/28 15:18:52,2,38.18446,-122.25545,60.367,21.196,0.0,-53,1.564,0.375,0.510
2014/08/28 15:18:57,2,38.18402,-122.25545,60.039,21.982,0.0,-53,1.119,0.333,0.481
2014/08/28 15:19:02,2,38.18356,-122.25546,59.711,24.193,0.0,-53,0.791,0.000,0.804
2014/08/28 15:19:07,2,38.18309,-122.25544,58.727,22.418,0.0,-53,1.000,0.208,0.585
2014/08/28 15:19:12,2,38.18263,-122.25539,58.399,22.232,0.0,-59,0.734,0.458,1.022
2014/08/28 15:19:17,2,38.18219,-122.25534,57.415,22.133,0.0,-59,0.544,0.167,1.190
2014/08/28 15:19:22,2,38.18173,-122.25526,55.774,24.443,0.0,-59,0.619,0.125,1.503
2014/08/28 15:19:27,2,38.18121,-122.25518,54.134,26.002,0.0,-59,0.750,0.000,0.950
2014/08/28 15:19:32,2,38.18069,-122.25510,53.478,26.115,0.0,-59,0.574,0.250,1.210
2014/08/28 15:19:37,2,38.18019,-122.25502,52.822,25.290,0.0,-59,0.359,0.125,1.510
2014/08/28 15:19:42,2,38.17964,-122.25492,53.478,28.823,0.0,-73,0.228,0.000,2.082
2014/08/28 15:19:47,2,38.17910,-122.25483,53.150,24.614,0.0,-73,0.000,0.000,0.000
2014/08/28 15:19:52,2,38.17861,-122.25475,53.478,23.756,0.0,-73,0.000,0.000,0.000
2014/08/28 15:19:57,2,38.17814,-122.25467,54.790,23.502,0.0,-73,0.000,0.000,0.000
2014/08/28 15:20:02,2,38.17768,-122.25460,55.774,24.043,0.0,-73,0.000,0.000,0.000
2014/08/28 15:20:07,2,38.17717,-122.25451,56.759,26.361,0.0,-73,0.010,0.000,0.658
2014/08/28 15:20:12,2,38.17666,-122.25443,57.087,24.778,0.0,-71,0.957,0.042,0.757
2014/08/28 15:20:17,2,38.17618,-122.25435,58.071,23.069,0.0,-71,0.308,0.333,0.943
2014/08/28 15:20:22,2,38.17573,-122.25427,58.399,22.493,0.0,-71,0.479,0.500,0.766
2014/08/28 15:20:27,2,38.17528,-122.25420,59.055,22.576,0.0,-71,0.000,0.417,0.000
2014/08/28 15:20:32,2,38.17489,-122.25413,58.071,14.148,0.0,-71,0.000,0.167,0.347
2014/08/28 15:20:37,2,38.17466,-122.25409,57.415,9.282,0.0,-71,0.000,0.625,2.335
2014/08/28 15:20:42,2,38.17453,-122.25407,57.743,2.568,0.0,-71,0.000,0.292,1.693
2014/08/28 15:20:47,2,38.17453,-122.25407,57.743,0.012,0.0,-71,0.000,0.000,2.254
2014/08/28 15:20:52,2,38.17451,-122.25407,57.743,4.972,0.0,-71,0.003,0.292,0.602
2014/08/28 15:20:57,2,38.17431,-122.25403,60.039,11.184,0.0,-71,0.230,0.917,1.608
2014/08/28 15:21:02,2,38.17408,-122.25399,62.008,13.179,0.0,-71,0.317,0.167,3.206
2014/08/28 15:21:07,2,38.17379,-122.25395,63.648,15.118,0.0,-71,0.619,0.208,0.961
2014/08/28 15:21:12,2,38.17348,-122.25390,63.320,16.952,0.0,-71,0.000,0.000,3.345
2014/08/28 15:21:17,2,38.17311,-122.25383,62.992,18.663,0.0,-71,0.000,0.000,0.000
2014/08/28 15:21:22,2,38.17272,-122.25377,62.664,20.044,0.0,-71,0.000,0.083,0.000
2014/08/28 15:21:27,2,38.17232,-122.25370,61.352,19.799,0.0,-71,0.000,0.500,0.000
2014/08/28 15:21:32,2,38.17203,-122.25364,59.055,7.595,0.0,-71,0.006,0.958,0.302
2014/08/28 15:21:37,2,38.17198,-122.25363,57.415,0.013,0.0,-71,0.849,1.375,0.235
2014/08/28 15:21:42,2,38.17198,-122.25363,58.399,0.013,0.0,-71,0.562,1.333,0.234
2014/08/28 15:21:47,2,38.17198,-122.25363,59.383,0.035,0.0,-57,0.527,1.458,0.294
2014/08/28 15:21:52,2,38.17198,-122.25364,59.055,0.030,0.0,-57,0.834,0.000,0.279
2014/08/28 15:21:57,2,38.17198,-122.25363,59.711,1.621,0.0,-57,0.676,0.000,0.234
2014/08/28 15:22:02,2,38.17183,-122.25361,60.367,11.221,0.0,-57,0.690,0.042,0.275
2014/08/28 15:22:07,2,38.17156,-122.25357,59.383,13.610,0.0,-57,0.796,1.292,0.390
2014/08/28 15:22:12,2,38.17125,-122.25352,59.055,17.974,0.0,-57,0.634,1.500,0.442
2014/08/28 15:22:17,2,38.17085,-122.25345,57.415,21.905,0.0,-51,0.697,1.333,0.361
2014/08/28 15:22:22,2,38.17039,-122.25337,57.415,23.064,0.0,-51,0.677,1.250,0.466
2014/08/28 15:22:27,2,38.16989,-122.25329,56.102,27.874,0.0,-51,0.698,1.042,0.330
2014/08/28 15:22:32,2,38.16929,-122.25319,55.446,31.811,0.0,-51,0.517,0.958,0.298
2014/08/28 15:22:37,2,38.16862,-122.25308,54.790,34.874,0.0,-51,0.885,0.000,1.587
2014/08/28 15:22:42,2,38.16792,-122.25298,52.165,34.619,0.0,-51,0.508,0.625,0.630
2014/08/28 15:22:47,2,38.16727,-122.25292,49.869,28.159,0.0,-55,0.553,0.417,0.627
2014/08/28 15:22:52,2,38.16687,-122.25290,47.244,13.301,0.0,-55,0.457,1.375,0.446
2014/08/28 15:22:57,2,38.16676,-122.25290,47.572,4.122,0.0,-55,0.568,0.000,0.487
2014/08/28 15:23:02,2,38.16668,-122.25290,45.276,2.118,0.0,-55,1.228,0.000,0.294
2014/08/28 15:23:07,2,38.16668,-122.25290,41.995,0.107,0.0,-55,0.872,0.042,0.450
2014/08/28 15:23:12,2,38.16668,-122.25289,38.058,0.031,0.0,-55,0.681,0.833,0.530
2014/08/28 15:23:17,2,38.16668,-122.25289,36.417,0.034,0.0,-55,0.515,0.792,0.326
2014/08/28 15:23:22,2,38.16669,-122.25288,34.449,0.021,0.0,-51,0.838,1.125,0.346
2014/08/28 15:23:27,2,38.16669,-122.25289,33.793,0.277,0.0,-51,0.752,1.292,0.331
2014/08/28 15:23:32,2,38.16657,-122.25289,36.089,10.958,0.0,-51,1.181,1.250,0.590
2014/08/28 15:23:37,2,38.16626,-122.25291,38.058,18.431,0.0,-51,0.865,0.625,0.531
2014/08/28 15:23:42,2,38.16586,-122.25293,38.714,20.681,0.0,-51,0.597,0.792,0.741
2014/08/28 15:23:47,2,38.16544,-122.25296,36.745,22.875,0.0,-51,0.767,0.958,1.033
2014/08/28 15:23:52,2,38.16491,-122.25300,36.089,29.455,0.0,-51,0.603,0.000,0.650
2014/08/28 15:23:57,2,38.16424,-122.25305,36.745,35.610,0.0,-51,0.389,0.583,0.489
2014/08/28 15:24:02,2,38.16349,-122.25311,34.449,38.417,0.0,-51,0.323,0.792,1.147
2014/08/28 15:24:07,2,38.16271,-122.25317,29.856,38.974,0.0,-51,0.000,0.083,1.903
2014/08/28 15:24:12,2,38.16192,-122.25323,27.887,40.718,0.0,-51,0.000,0.000,0.000
2014/08/28 15:24:17,2,38.16108,-122.25329,28.871,43.406,0.0,-51,0.000,0.125,0.239
2014/08/28 15:24:22,2,38.16018,-122.25336,29.528,44.804,0.0,-51,0.000,0.000,0.243
2014/08/28 15:24:27,2,38.15929,-122.25343,30.184,43.877,0.0,-51,0.003,0.292,0.234
2014/08/28 15:24:32,2,38.15843,-122.25349,30.184,42.846,0.0,-51,0.910,0.000,0.543
2014/08/28 15:24:37,2,38.15759,-122.25356,29.199,40.968,0.0,-51,1.311,0.000,0.383
2014/08/28 15:24:42,2,38.15678,-122.25362,29.199,40.282,0.0,-51,1.510,0.042,0.800
2014/08/28 15:24:47,2,38.15601,-122.25368,28.543,35.837,0.0,-51,1.798,0.375,0.299
2014/08/28 15:24:52,2,38.15531,-122.25376,28.543,36.228,0.0,-53,1.728,0.375,0.446
2014/08/28 15:24:57,2,38.15445,-122.25390,30.840,31.019,0.0,-53,1.663,0.375,0.337
2014/08/28 15:25:02,2,38.15410,-122.25395,31.824,5.938,0.0,-53,1.580,0.333,0.357
2014/08/28 15:25:07,2,38.15408,-122.25395,33.793,0.020,0.0,-53,1.500,0.375,0.330
2014/08/28 15:25:12,2,38.15408,-122.25395,35.433,0.133,0.0,-53,1.917,0.250,0.358
2014/08/28 15:25:17,2,38.15408,-122.25396,35.105,0.020,0.0,-53,1.573,0.000,0.742
2014/08/28 15:25:22,2,38.15408,-122.25395,34.777,0.087,0.0,-53,0.000,0.208,0.358
2014/08/28 15:25:27,2,38.15408,-122.25395,33.465,0.027,0.0,-61,1.670,0.292,0.614
2014/08/28 15:25:32,2,38.15408,-122.25395,32.808,0.131,0.0,-61,1.497,0.208,0.395
2014/08/28 15:25:37,2,38.15407,-122.25395,32.152,0.055,0.0,-61,1.517,0.333,0.586
2014/08/28 15:25:42,2,38.15407,-122.25395,33.136,0.049,0.0,-61,1.285,0.167,0.443
2014/08/28 15:25:47,2,38.15406,-122.25394,35.105,0.486,0.0,-61,1.141,0.250,0.574
2014/08/28 15:25:52,2,38.15405,-122.25395,39.698,5.362,0.0,-61,1.106,0.417,0.314
2014/08/28 15:25:57,2,38.15368,-122.25401,42.651,27.832,0.0,-61,1.798,0.292,0.316
2014/08/28 15:26:02,2,38.15298,-122.25413,43.963,41.105,0.0,-61,1.760,0.375,0.366
2014/08/28 15:26:07,2,38.15208,-122.25428,43.307,48.033,0.0,-61,1.817,0.458,0.414
2014/08/28 15:26:12,2,38.15117,-122.25442,45.604,42.277,0.0,-61,1.962,0.000,0.285
2014/08/28 15:26:17,2,38.15046,-122.25454,47.244,27.770,0.0,-61,1.660,0.667,0.315
2014/08/28 15:26:22,2,38.15008,-122.25459,47.244,13.124,0.0,-61,1.583,0.708,0.255
2014/08/28 15:26:27,2,38.14986,-122.25462,47.572,10.208,0.0,-61,1.715,0.375,0.542
2014/08/28 15:26:32,2,38.14963,-122.25467,50.525,14.822,0.0,-61,1.673,0.458,0.510
2014/08/28 15:26:37,2,38.14927,-122.25473,50.853,18.295,0.0,-61,1.359,0.583,0.417
2014/08/28 15:26:43,2,38.14887,-122.25479,53.150,21.571,0.0,-61,1.676,0.250,0.650
2014/08/28 15:26:48,2,38.14846,-122.25486,53.150,20.194,0.0,-61,1.129,0.292,0.313
2014/08/28 15:26:53,2,38.14815,-122.25490,50.853,8.368,0.0,-61,1.442,0.375,0.603
2014/08/28 15:26:58,2,38.14805,-122.25492,48.885,3.233,0.0,-63,1.760,0.000,0.422
2014/08/28 15:27:03,2,38.14803,-122.25492,49.869,0.053,0.0,-63,1.625,0.375,0.398
2014/08/28 15:27:08,2,38.14803,-122.25492,51.837,0.026,0.0,-63,1.756,0.500,0.464
2014/08/28 15:27:13,2,38.14803,-122.25492,53.478,0.046,0.0,-63,1.721,0.625,0.558
2014/08/28 15:27:18,2,38.14803,-122.25492,57.087,0.049,0.0,-63,1.910,0.000,0.258
2014/08/28 15:27:23,2,38.14803,-122.25492,60.696,0.044,0.0,-63,2.116,0.000,0.363
2014/08/28 15:27:28,2,38.14803,-122.25492,60.039,0.023,0.0,-63,2.198,0.042,0.311
2014/08/28 15:27:33,2,38.14803,-122.25492,58.399,0.043,0.0,-65,1.971,0.500,0.442
2014/08/28 15:27:38,2,38.14803,-122.25491,57.415,0.077,0.0,-65,1.833,0.583,0.262
2014/08/28 15:27:43,2,38.14803,-122.25491,56.759,0.017,0.0,-65,1.830,0.625,0.499
2014/08/28 15:27:48,2,38.14803,-122.25491,55.118,0.035,0.0,-65,1.929,0.458,0.386
2014/08/28 15:27:53,2,38.14804,-122.25491,53.806,0.023,0.0,-65,1.328,0.792,0.323
2014/08/28 15:27:58,2,38.14804,-122.25491,55.118,0.022,0.0,-65,1.360,1.083,0.286
2014/08/28 15:28:03,2,38.14803,-122.25490,55.774,1.302,0.0,-65,1.629,1.375,0.490
2014/08/28 15:28:08,2,38.14791,-122.25494,61.024,10.740,0.0,-65,1.667,0.625,0.508
2014/08/28 15:28:13,2,38.14765,-122.25498,58.399,14.834,0.0,-65,1.673,0.417,0.315
2014/08/28 15:28:18,2,38.14730,-122.25504,58.071,20.652,0.0,-65,2.083,0.500,0.299
2014/08/28 15:28:23,2,38.14681,-122.25512,59.055,27.747,0.0,-65,1.711,0.333,0.587
2014/08/28 15:28:28,2,38.14618,-122.25522,56.102,33.136,0.0,-65,1.102,0.000,1.861
2014/08/28 15:28:33,2,38.14549,-122.25533,55.118,35.263,0.0,-67,1.103,0.250,0.418
2014/08/28 15:28:38,2,38.14475,-122.25545,53.478,38.639,0.0,-67,1.609,0.500,0.486
2014/08/28 15:28:43,2,38.14395,-122.25558,52.822,41.330,0.0,-67,1.634,0.333,0.419
2014/08/28 15:28:48,2,38.14314,-122.25571,53.150,35.481,0.0,-67,1.327,0.458,0.539
2014/08/28 15:28:53,2,38.14269,-122.25577,48.885,6.632,0.0,-67,1.215,0.292,0.970
2014/08/28 15:28:58,2,38.14268,-122.25578,48.228,0.057,0.0,-67,1.144,0.000,1.072
2014/08/28 15:29:03,2,38.14268,-122.25578,47.572,0.058,0.0,-69,0.817,0.333,1.035
2014/08/28 15:29:08,2,38.14269,-122.25579,46.588,0.019,0.0,-69,0.756,0.167,1.427
2014/08/28 15:29:13,2,38.14268,-122.25580,46.260,6.471,0.0,-69,0.362,0.042,1.362
2014/08/28 15:29:18,2,38.14228,-122.25586,41.995,28.774,0.0,-69,0.898,0.250,0.414
2014/08/28 15:29:23,2,38.14156,-122.25598,41.995,40.985,0.0,-69,1.330,0.292,2.474
2014/08/28 15:29:28,2,38.14066,-122.25612,42.651,47.285,0.0,-69,0.378,0.000,1.223
2014/08/28 15:29:33,2,38.13969,-122.25622,44.619,48.680,0.0,-69,0.000,0.000,0.000
2014/08/28 15:29:38,2,38.13872,-122.25631,35.433,45.385,0.0,-65,0.000,0.000,0.000
2014/08/28 15:29:43,2,38.13791,-122.25642,25.591,36.589,0.0,-65,0.000,0.000,0.422
2014/08/28 15:29:48,2,38.13740,-122.25680,23.950,28.681,0.0,-65,0.000,0.000,0.224
2014/08/28 15:29:53,2,38.13759,-122.25738,29.856,29.666,0.0,-65,0.013,0.000,0.452
2014/08/28 15:29:58,2,38.13821,-122.25720,32.480,36.700,0.0,-65,1.400,0.000,0.335
2014/08/28 15:30:03,2,38.13898,-122.25671,35.105,47.789,0.0,-65,1.514,0.042,0.349
2014/08/28 15:30:08,2,38.13988,-122.25600,38.714,56.878,0.0,-53,1.244,0.625,0.470
2014/08/28 15:30:13,2,38.14079,-122.25495,44.291,64.685,0.0,-53,0.548,0.792,0.288
2014/08/28 15:30:18,2,38.14160,-122.25358,49.213,67.519,0.0,-53,0.720,1.042,0.586
2014/08/28 15:30:23,2,38.14216,-122.25206,51.509,66.450,0.0,-53,0.956,0.917,0.370
2014/08/28 15:30:28,2,38.14248,-122.25040,53.150,68.412,0.0,-53,0.796,1.042,0.314
2014/08/28 15:30:33,2,38.14249,-122.24863,50.853,70.655,0.0,-53,0.584,1.167,0.314
2014/08/28 15:30:38,2,38.14229,-122.24682,49.869,72.887,0.0,-73,0.947,1.583,0.291
2014/08/28 15:30:43,2,38.14206,-122.24497,51.509,73.393,0.0,-73,1.154,0.958,0.529
2014/08/28 15:30:48,2,38.14183,-122.24315,60.696,71.217,0.0,-73,0.301,0.500,0.674
2014/08/28 15:30:53,2,38.14163,-122.24144,76.115,66.055,0.0,-73,0.156,0.000,1.437
2014/08/28 15:30:58,2,38.14144,-122.23979,89.567,65.048,0.0,-73,0.140,0.208,2.147
2014/08/28 15:31:03,2,38.14131,-122.23815,103.675,64.880,0.0,-73,0.182,0.333,0.922
2014/08/28 15:31:08,2,38.14128,-122.23649,111.220,66.150,0.0,-77,0.000,0.542,0.727
2014/08/28 15:31:13,2,38.14126,-122.23478,109.252,67.130,0.0,-77,0.406,0.500,0.623
2014/08/28 15:31:18,2,38.14126,-122.23307,97.113,67.381,0.0,-77,0.462,0.000,0.382
2014/08/28 15:31:23,2,38.14127,-122.23134,88.911,68.879,0.0,-77,0.587,0.000,1.096
2014/08/28 15:31:28,2,38.14127,-122.22961,87.598,68.465,0.0,-77,0.735,0.000,0.735
2014/08/28 15:31:33,2,38.14124,-122.22797,88.255,60.377,0.0,-77,0.785,0.042,0.370
2014/08/28 15:31:38,2,38.14123,-122.22654,89.567,53.438,0.0,-77,0.865,0.375,0.646
2014/08/28 15:31:43,2,38.14119,-122.22517,88.911,55.130,0.0,-67,1.010,0.542,0.950
2014/08/28 15:31:48,2,38.14105,-122.22385,94.160,48.482,0.0,-67,0.287,0.000,0.486
2014/08/28 15:31:53,2,38.14068,-122.22279,102.034,45.506,0.0,-67,0.534,0.958,0.598
2014/08/28 15:31:58,2,38.14005,-122.22193,106.955,45.708,0.0,-67,0.698,0.792,1.087
2014/08/28 15:32:03,2,38.13927,-122.22140,109.252,42.863,0.0,-67,0.682,0.583,0.724
2014/08/28 15:32:08,2,38.13840,-122.22123,105.315,45.208,0.0,-67,0.622,0.667,0.663
2014/08/28 15:32:13,2,38.13747,-122.22145,97.441,48.625,0.0,-63,0.730,0.750,0.366
2014/08/28 15:32:18,2,38.13651,-122.22197,86.942,54.592,0.0,-63,0.546,1.042,1.040
2014/08/28 15:32:23,2,38.13546,-122.22257,80.052,59.420,0.0,-63,0.510,0.833,0.463
2014/08/28 15:32:28,2,38.13435,-122.22327,73.491,63.587,0.0,-63,0.456,1.042,0.334
2014/08/28 15:32:33,2,38.13317,-122.22401,68.570,67.292,0.0,-63,0.241,0.917,0.403
2014/08/28 15:32:38,2,38.13193,-122.22478,65.289,68.470,0.0,-63,0.418,1.375,0.419
2014/08/28 15:32:43,2,38.13070,-122.22555,69.226,67.999,0.0,-73,0.622,0.000,1.059
2014/08/28 15:32:48,2,38.12948,-122.22632,76.444,68.258,0.0,-73,0.884,0.000,1.338
2014/08/28 15:32:53,2,38.12826,-122.22709,78.740,66.296,0.0,-73,0.388,0.000,0.967
2014/08/28 15:32:58,2,38.12712,-122.22782,78.412,61.346,0.0,-73,1.157,0.042,0.302
2014/08/28 15:33:03,2,38.12606,-122.22850,84.318,57.899,0.0,-73,0.589,0.292,0.450
2014/08/28 15:33:08,2,38.12505,-122.22914,97.441,55.690,0.0,-73,0.754,0.875,0.337
2014/08/28 15:33:13,2,38.12401,-122.22967,109.252,56.059,0.0,-61,0.953,1.333,0.515
2014/08/28 15:33:18,2,38.12291,-122.23007,114.501,57.212,0.0,-61,0.682,1.208,0.495
2014/08/28 15:33:23,2,38.12181,-122.23035,110.892,52.141,0.0,-61,0.438,0.458,1.699
2014/08/28 15:33:28,2,38.12084,-122.23044,115.486,43.944,0.0,-61,0.130,0.000,2.331
2014/08/28 15:33:33,2,38.12002,-122.23046,111.549,40.181,0.0,-61,0.205,0.125,1.039
2014/08/28 15:33:38,2,38.11923,-122.23042,109.908,39.857,0.0,-61,0.499,0.458,0.472
2014/08/28 15:33:43,2,38.11844,-122.23036,101.706,39.030,0.0,-61,0.263,0.417,1.539
2014/08/28 15:33:48,2,38.11774,-122.23031,103.675,31.770,0.0,-79,0.234,0.333,0.000
2014/08/28 15:33:53,2,38.11711,-122.23026,102.362,33.464,0.0,-79,0.220,0.000,0.714
2014/08/28 15:33:58,2,38.11637,-122.23020,102.362,39.031,0.0,-79,0.159,0.333,0.000
2014/08/28 15:34:03,2,38.11554,-122.23014,87.927,43.926,0.0,-79,0.234,0.208,1.663
2014/08/28 15:34:08,2,38.11461,-122.23007,76.115,48.102,0.0,-79,0.236,0.333,1.474
2014/08/28 15:34:13,2,38.11358,-122.22999,58.399,54.598,0.0,-79,0.000,0.667,0.961
2014/08/28 15:34:18,2,38.11240,-122.22989,43.635,61.498,0.0,-81,0.198,0.000,0.687
2014/08/28 15:34:23,2,38.11112,-122.22979,37.402,65.068,0.0,-81,0.152,0.208,0.867
2014/08/28 15:34:28,2,38.10980,-122.22976,32.808,66.619,0.0,-81,0.250,0.417,1.619
2014/08/28 15:34:33,2,38.10848,-122.22979,30.184,64.089,0.0,-81,0.149,0.250,0.950
2014/08/28 15:34:38,2,38.10721,-122.22981,28.871,62.403,0.0,-81,0.233,0.667,1.282
2014/08/28 15:34:43,2,38.10600,-122.22981,32.480,54.618,0.0,-81,0.146,0.417,1.395
2014/08/28 15:34:48,2,38.10498,-122.22981,30.840,48.098,0.0,-65,0.102,0.208,2.495
2014/08/28 15:34:53,2,38.10405,-122.22982,31.496,44.840,0.0,-65,0.165,0.708,1.503
2014/08/28 15:34:58,2,38.10315,-122.22983,38.386,44.799,0.0,-65,0.174,0.000,3.875
2014/08/28 15:35:03,2,38.10225,-122.22985,42.979,45.344,0.0,-65,0.092,0.292,0.000
2014/08/28 15:35:08,2,38.10132,-122.22988,51.509,46.310,0.0,-65,0.124,0.000,4.699
2014/08/28 15:35:13,2,38.10040,-122.22989,59.383,45.194,0.0,-65,0.293,0.000,0.455
2014/08/28 15:35:18,2,38.09953,-122.22989,62.992,40.783,0.0,-73,0.282,0.000,0.933
2014/08/28 15:35:23,2,38.09874,-122.22990,74.147,38.415,0.0,-73,0.275,0.000,1.363
2014/08/28 15:35:28,2,38.09794,-122.22992,81.365,41.139,0.0,-73,0.235,0.000,2.198
2014/08/28 15:35:33,2,38.09706,-122.22994,88.911,45.766,0.0,-73,0.471,0.000,1.351
2014/08/28 15:35:38,2,38.09609,-122.22996,90.551,49.917,0.0,-73,0.267,0.000,0.902
2014/08/28 15:35:43,2,38.09505,-122.23000,86.286,54.939,0.0,-73,0.178,0.000,3.063
2014/08/28 15:35:48,2,38.09387,-122.23011,73.163,62.971,0.0,-73,0.357,0.000,1.213
2014/08/28 15:35:53,2,38.09254,-122.23031,53.806,68.817,0.0,-61,0.285,0.000,1.471
2014/08/28 15:35:58,2,38.09116,-122.23066,42.979,71.558,0.0,-61,0.307,0.000,0.783
2014/08/28 15:36:03,2,38.08977,-122.23120,15.748,74.091,0.0,-61,0.225,0.000,1.823
2014/08/28 15:36:08,2,38.08836,-122.23178,14.436,70.727,0.0,-61,0.224,0.000,1.354
2014/08/28 15:36:13,2,38.08707,-122.23231,21.654,66.456,0.0,-61,0.340,0.000,0.301
2014/08/28 15:36:18,2,38.08576,-122.23280,30.840,66.723,0.0,-61,0.330,0.042,0.254
2014/08/28 15:36:23,2,38.08444,-122.23313,36.745,67.993,0.0,-53,0.501,0.708,0.515
2014/08/28 15:36:28,2,38.08306,-122.23333,44.948,68.630,0.0,-53,0.889,0.000,0.343
2014/08/28 15:36:33,2,38.08162,-122.23341,38.386,73.723,0.0,-53,0.775,1.333,0.422
2014/08/28 15:36:38,2,38.08013,-122.23328,47.572,73.609,0.0,-53,0.956,1.292,0.533
2014/08/28 15:36:43,2,38.07869,-122.23296,68.241,72.116,0.0,-53,0.899,1.083,0.406
2014/08/28 15:36:48,2,38.07737,-122.23251,88.583,65.361,0.0,-53,0.468,0.917,0.754
2014/08/28 15:36:53,2,38.07613,-122.23190,96.457,66.791,0.0,-71,0.376,1.167,0.486
2014/08/28 15:36:58,2,38.07493,-122.23110,91.207,70.114,0.0,-71,0.000,0.000,2.449
2014/08/28 15:37:03,2,38.07369,-122.23018,110.236,71.663,0.0,-71,0.000,0.542,0.000
2014/08/28 15:37:08,2,38.07245,-122.22926,132.874,71.248,0.0,-71,0.000,0.333,0.000
2014/08/28 15:37:13,2,38.07119,-122.22841,157.808,70.982,0.0,-71,0.000,0.000,0.317
2014/08/28 15:37:18,2,38.06988,-122.22778,153.215,70.510,0.0,-71,0.003,1.125,0.302
2014/08/28 15:37:23,2,38.06856,-122.22718,155.512,69.125,0.0,-51,0.420,0.917,1.066
2014/08/28 15:37:28,1,38.06720,-122.22680,155.512,68.658,0.0,-51,0.542,0.292,0.430
2014/08/28 15:37:33,1,38.06581,-122.22670,159.449,68.561,0.0,-51,0.923,0.542,0.427
2014/08/28 15:37:38,2,38.06444,-122.22661,162.073,68.428,0.0,-51,0.962,0.000,0.530
2014/08/28 15:37:43,2,38.06307,-122.22652,166.995,68.126,0.0,-51,0.923,0.000,0.963
2014/08/28 15:37:48,2,38.06170,-122.22644,170.604,68.642,0.0,-51,0.955,0.000,0.490
2014/08/28 15:37:53,2,38.06033,-122.22635,163.386,67.071,0.0,-57,1.199,0.042,0.735
2014/08/28 15:37:58,2,38.05897,-122.22625,152.887,68.523,0.0,-57,1.337,0.542,0.303
2014/08/28 15:38:03,2,38.05764,-122.22617,140.748,65.062,0.0,-57,1.407,0.333,0.850
2014/08/28 15:38:08,2,38.05638,-122.22608,127.297,60.916,0.0,-57,1.054,0.458,0.743
2014/08/28 15:38:13,2,38.05518,-122.22610,120.079,57.719,0.0,-57,1.189,0.292,0.555
2014/08/28 15:38:18,2,38.05408,-122.22659,124.344,58.849,0.0,-57,0.930,0.417,0.906
2014/08/28 15:38:23,2,38.05316,-122.22753,128.937,59.252,0.0,-57,0.705,0.000,0.953
2014/08/28 15:38:28,2,38.05233,-122.22861,134.843,59.027,0.0,-51,0.606,0.125,2.026
2014/08/28 15:38:33,2,38.05151,-122.22968,144.685,57.936,0.0,-51,0.783,0.292,0.762
2014/08/28 15:38:38,2,38.05071,-122.23073,158.136,57.115,0.0,-51,0.612,0.250,1.303
2014/08/28 15:38:43,2,38.04992,-122.23178,167.651,56.397,0.0,-51,0.901,0.250,0.475
2014/08/28 15:38:48,2,38.04915,-122.23280,179.462,54.068,0.0,-51,1.356,0.458,0.610
2014/08/28 15:38:53,2,38.04838,-122.23384,192.257,57.192,0.0,-51,0.920,0.333,0.511
2014/08/28 15:38:58,2,38.04757,-122.23495,204.396,61.660,0.0,-63,0.910,0.125,0.511
2014/08/28 15:39:03,2,38.04671,-122.23614,208.990,64.931,0.0,-63,0.840,0.458,0.378
2014/08/28 15:39:08,2,38.04583,-122.23738,210.302,66.353,0.0,-63,1.186,1.208,0.314
2014/08/28 15:39:13,2,38.04493,-122.23863,210.302,66.713,0.0,-63,1.497,1.042,0.277
2014/08/28 15:39:18,2,38.04405,-122.23988,202.428,65.484,0.0,-63,1.764,0.000,0.455
2014/08/28 15:39:23,2,38.04317,-122.24113,207.677,65.117,0.0,-63,1.829,0.667,0.431
2014/08/28 15:39:28,2,38.04230,-122.24236,207.349,64.986,0.0,-51,1.687,0.583,0.443
2014/08/28 15:39:33,2,38.04142,-122.24360,206.693,65.056,0.0,-51,2.025,0.667,0.346
2014/08/28 15:39:38,2,38.04056,-122.24482,206.693,63.940,0.0,-51,1.981,0.500,0.282
2014/08/28 15:39:43,2,38.03969,-122.24605,204.724,65.362,0.0,-51,1.676,0.500,0.419
2014/08/28 15:39:48,2,38.03881,-122.24726,204.068,64.513,0.0,-51,1.490,0.417,0.721
2014/08/28 15:39:53,2,38.03782,-122.24833,193.898,64.958,0.0,-51,1.176,0.000,0.346
2014/08/28 15:39:58,2,38.03676,-122.24931,190.945,65.481,0.0,-65,0.865,0.333,0.471
2014/08/28 15:40:03,2,38.03568,-122.25030,187.664,66.526,0.0,-65,1.202,0.000,0.427
2014/08/28 15:40:08,2,38.03461,-122.25129,182.415,64.899,0.0,-65,0.987,0.000,0.347
2014/08/28 15:40:13,2,38.03357,-122.25225,178.478,63.259,0.0,-65,1.275,0.042,0.606
2014/08/28 15:40:18,2,38.03255,-122.25319,172.572,62.194,0.0,-65,1.404,0.250,0.575
2014/08/28 15:40:23,2,38.03154,-122.25413,161.745,62.406,0.0,-65,0.571,0.125,2.011
2014/08/28 15:40:28,2,38.03053,-122.25506,149.278,62.177,0.0,-65,0.467,0.000,0.459
2014/08/28 15:40:33,2,38.02955,-122.25598,133.858,59.493,0.0,-69,0.863,0.167,0.487
2014/08/28 15:40:38,2,38.02860,-122.25685,121.719,58.775,0.0,-69,1.121,0.208,0.662
2014/08/28 15:40:43,2,38.02764,-122.25774,109.908,59.352,0.0,-69,1.279,0.333,0.537
2014/08/28 15:40:48,2,38.02667,-122.25864,97.769,60.650,0.0,-69,0.923,0.167,0.761
2014/08/28 15:40:53,2,38.02568,-122.25956,84.974,61.616,0.0,-69,0.898,0.208,0.625
2014/08/28 15:40:58,2,38.02468,-122.26048,72.507,61.869,0.0,-69,0.753,0.000,0.634
2014/08/28 15:41:03,2,38.02367,-122.26142,59.711,62.704,0.0,-65,0.821,0.208,0.566
2014/08/28 15:41:08,2,38.02264,-122.26238,54.134,64.462,0.0,-65,0.779,0.125,1.283
2014/08/28 15:41:13,2,38.02160,-122.26336,61.680,63.897,0.0,-65,0.670,0.125,1.138
2014/08/28 15:41:18,2,38.02060,-122.26431,73.491,60.932,0.0,-65,0.898,0.125,0.491
2014/08/28 15:41:23,2,38.01964,-122.26520,85.958,58.162,0.0,-65,0.632,0.208,1.082
2014/08/28 15:41:28,2,38.01871,-122.26607,97.769,56.848,0.0,-65,0.510,0.000,0.000
2014/08/28 15:41:33,2,38.01779,-122.26693,101.378,57.168,0.0,-71,0.618,0.250,1.295
2014/08/28 15:41:38,2,38.01687,-122.26778,95.144,56.639,0.0,-71,0.808,0.208,1.426
2014/08/28 15:41:43,2,38.01595,-122.26864,84.974,56.988,0.0,-71,0.852,0.292,0.371
2014/08/28 15:41:48,2,38.01505,-122.26947,75.459,54.461,0.0,-71,1.440,0.208,0.685
2014/08/28 15:41:53,2,38.01415,-122.27029,66.273,55.159,0.0,-71,1.167,0.750,0.374
2014/08/28 15:41:58,2,38.01325,-122.27113,68.570,56.307,0.0,-71,1.202,0.750,0.334
2014/08/28 15:42:03,2,38.01234,-122.27199,75.459,56.472,0.0,-59,1.295,0.542,0.518
2014/08/28 15:42:08,2,38.01141,-122.27285,79.724,57.879,0.0,-59,1.618,0.500,0.514
2014/08/28 15:42:13,2,38.01048,-122.27371,79.724,57.414,0.0,-59,1.654,0.417,0.398
2014/08/28 15:42:18,2,38.00952,-122.27458,81.037,60.749,0.0,-59,1.484,0.000,0.523
2014/08/28 15:42:23,2,38.00850,-122.27550,71.194,63.478,0.0,-59,0.000,0.333,0.376
2014/08/28 15:42:28,2,38.00744,-122.27646,85.630,65.226,0.0,-59,1.580,0.875,0.370
2014/08/28 15:42:33,2,38.00638,-122.27744,103.675,64.699,0.0,-59,1.670,0.333,1.126
2014/08/28 15:42:38,2,38.00533,-122.27843,119.423,65.238,0.0,-69,1.343,0.125,1.402
2014/08/28 15:42:43,2,38.00429,-122.27945,129.593,65.750,0.0,-69,1.044,0.083,2.578
2014/08/28 15:42:48,2,38.00323,-122.28045,139.108,65.817,0.0,-69,0.526,0.000,0.329
2014/08/28 15:42:53,2,38.00217,-122.28143,137.795,65.112,0.0,-69,1.313,0.250,0.762
2014/08/28 15:42:58,2,38.00113,-122.28237,125.984,63.231,0.0,-69,0.603,0.000,2.658
2014/08/28 15:43:03,2,38.00010,-122.28332,109.908,63.854,0.0,-69,0.170,0.292,1.815
2014/08/28 15:43:08,2,37.99910,-122.28424,94.160,61.405,0.0,-81,0.000,0.000,0.000
2014/08/28 15:43:13,2,37.99809,-122.28517,79.724,63.274,0.0,-81,0.000,0.083,1.135
2014/08/28 15:43:18,2,37.99709,-122.28625,64.633,67.503,0.0,-81,0.000,0.208,0.000
2014/08/28 15:43:23,2,37.99621,-122.28759,59.383,68.781,0.0,-81,0.000,0.000,0.000
2014/08/28 15:43:28,2,37.99555,-122.28911,59.055,66.206,0.0,-81,0.000,0.000,0.000
2014/08/28 15:43:33,2,37.99511,-122.29069,67.257,63.058,0.0,-81,0.000,0.083,1.115
2014/08/28 15:43:38,2,37.99485,-122.29222,83.990,61.242,0.0,-71,0.000,0.292,1.511
2014/08/28 15:43:43,2,37.99464,-122.29373,98.097,60.017,0.0,-71,0.000,0.000,2.395
2014/08/28 15:43:48,2,37.99444,-122.29523,111.220,60.072,0.0,-71,0.000,0.250,2.106
2014/08/28 15:43:53,2,37.99422,-122.29676,123.688,62.173,0.0,-71,0.000,0.292,1.431
2014/08/28 15:43:58,2,37.99400,-122.29834,134.843,63.835,0.0,-71,0.000,0.250,1.835
2014/08/28 15:44:03,2,37.99379,-122.29995,146.654,65.118,0.0,-71,0.003,0.000,1.547
2014/08/28 15:44:08,2,37.99355,-122.30161,153.871,67.219,0.0,-55,0.025,0.250,2.843
2014/08/28 15:44:13,2,37.99331,-122.30331,162.073,67.426,0.0,-55,0.179,0.000,3.007
2014/08/28 15:44:18,2,37.99302,-122.30496,170.604,67.181,0.0,-55,0.192,0.000,3.875
2014/08/28 15:44:23,2,37.99258,-122.30659,177.165,67.135,0.0,-55,0.000,0.000,2.430
2014/08/28 15:44:28,2,37.99203,-122.30807,183.071,63.250,0.0,-55,0.000,0.000,0.518
2014/08/28 15:44:33,2,37.99137,-122.30945,192.257,63.803,0.0,-55,0.003,0.000,0.631
2014/08/28 15:44:38,2,37.99060,-122.31076,204.396,64.394,0.0,-55,0.156,0.000,1.547
2014/08/28 15:44:43,2,37.98976,-122.31201,215.879,65.160,0.0,-55,0.203,0.000,2.507
2014/08/28 15:44:48,2,37.98881,-122.31316,218.504,65.223,0.0,-55,0.214,0.000,2.847
2014/08/28 15:44:53,2,37.98776,-122.31417,222.113,66.084,0.0,-55,0.215,0.000,3.589
2014/08/28 15:44:58,2,37.98660,-122.31505,220.472,68.112,0.0,-55,0.000,0.000,0.000
2014/08/28 15:45:03,2,37.98533,-122.31573,223.097,69.689,0.0,-55,0.125,0.042,4.010
2014/08/28 15:45:08,2,37.98398,-122.31624,232.283,70.622,0.0,-55,0.000,0.042,0.000
2014/08/28 15:45:13,2,37.98258,-122.31655,242.126,71.058,0.0,-65,0.000,0.000,9.930
2014/08/28 15:45:18,2,37.98118,-122.31690,247.703,69.856,0.0,-65,0.000,0.042,0.000
2014/08/28 15:45:23,2,37.97988,-122.31731,251.640,64.909,0.0,-65,0.000,0.042,6.702
2014/08/28 15:45:28,2,37.97862,-122.31773,256.890,64.934,0.0,-65,0.000,0.000,0.000
2014/08/28 15:45:33,2,37.97735,-122.31815,253.281,64.396,0.0,-65,0.000,0.000,0.000
2014/08/28 15:45:38,2,37.97608,-122.31857,243.438,67.967,0.0,-65,0.000,0.125,0.000
2014/08/28 15:45:43,2,37.97478,-122.31901,232.283,68.049,0.0,-79,0.000,0.167,1.820
2014/08/28 15:45:48,2,37.97344,-122.31946,216.535,68.324,0.0,-79,0.000,0.208,2.891
2014/08/28 16:30:10,2,37.97211,-122.31991,199.147,67.461,0.0,-79,0.000,0.250,1.523
2014/08/28 16:30:15,2,37.97081,-122.32035,187.336,66.239,0.0,-79,0.000,0.208,1.319
2014/08/28 16:30:20,2,37.96951,-122.32079,171.588,67.046,0.0,-79,0.000,0.000,2.052
2014/08/28 16:30:25,2,37.96819,-122.32124,155.512,68.018,0.0,-79,0.003,0.292,1.530
2014/08/28 16:30:30,2,37.96697,-122.32197,123.688,68.616,0.0,-51,0.044,0.208,1.930
2014/08/28 16:30:35,2,37.96591,-122.32313,102.034,70.686,0.0,-51,0.163,0.167,2.883
2014/08/28 16:30:40,2,37.96508,-122.32459,85.302,71.596,0.0,-51,0.186,0.042,0.000
2014/08/28 16:30:45,2,37.96430,-122.32605,73.491,68.078,0.0,-51,0.000,0.167,4.755
2014/08/28 16:30:50,2,37.96355,-122.32743,74.147,66.752,0.0,-51,0.000,0.167,1.754
2014/08/28 16:30:55,2,37.96273,-122.32872,73.163,64.553,0.0,-51,0.000,0.250,1.383
2014/08/28 16:31:00,2,37.96174,-122.32971,83.333,58.871,0.0,-51,0.003,0.250,0.000
2014/08/28 16:31:05,2,37.96075,-122.33032,95.144,53.713,0.0,-57,0.067,0.167,2.259
2014/08/28 16:31:10,2,37.95972,-122.33068,110.892,53.959,0.0,-57,0.132,0.000,2.982
2014/08/28 16:31:15,2,37.95860,-122.33080,114.829,57.552,0.0,-57,0.141,0.167,0.000
2014/08/28 16:31:20,2,37.95742,-122.33065,117.782,60.861,0.0,-57,0.099,0.083,7.470
2014/08/28 16:31:25,2,37.95626,-122.33017,114.173,62.442,0.0,-57,0.151,0.083,0.000
2014/08/28 16:31:30,2,37.95514,-122.32953,117.782,60.939,0.0,-57,0.176,0.000,5.491
2014/08/28 16:31:35,2,37.95401,-122.32888,121.391,62.955,0.0,-61,0.176,0.167,4.291
2014/08/28 16:31:40,2,37.95284,-122.32823,127.625,63.002,0.0,-61,0.000,0.083,3.766
2014/08/28 16:31:45,2,37.95165,-122.32764,134.514,63.530,0.0,-61,0.000,0.292,1.542
2014/08/28 16:31:50,2,37.95042,-122.32706,136.811,65.554,0.0,-61,0.000,0.000,2.564
2014/08/28 16:31:55,2,37.94919,-122.32646,128.937,65.414,0.0,-61,0.000,0.292,2.651
2014/08/28 16:32:00,2,37.94801,-122.32589,124.672,60.686,0.0,-61,0.000,0.292,1.331
2014/08/28 16:32:05,2,37.94689,-122.32535,119.423,60.114,0.0,-77,0.000,0.000,0.000
2014/08/28 16:32:10,2,37.94575,-122.32479,108.596,62.374,0.0,-77,0.000,0.208,3.930
2014/08/28 16:32:15,2,37.94455,-122.32422,97.113,64.940,0.0,-77,0.003,0.000,2.870
2014/08/28 16:32:20,2,37.94325,-122.32388,95.472,66.739,0.0,-77,0.000,0.000,0.000
2014/08/28 16:32:25,2,37.94192,-122.32401,86.614,66.443,0.0,-77,0.000,0.083,0.000
2014/08/28 16:32:30,2,37.94067,-122.32454,91.864,66.083,0.0,-77,0.000,0.000,1.274
2014/08/28 16:32:35,2,37.93946,-122.32518,83.661,65.935,0.0,-79,0.000,0.208,1.654
2014/08/28 16:32:40,2,37.93824,-122.32582,83.990,65.518,0.0,-79,0.000,0.167,0.000
2014/08/28 16:32:46,2,37.93677,-122.32657,85.302,66.270,0.0,-79,0.000,0.000,7.106
2014/08/28 16:32:51,2,37.93548,-122.32699,79.068,67.341,0.0,-79,0.000,0.125,0.000
2014/08/28 16:32:56,2,37.93412,-122.32689,72.178,68.387,0.0,-79,0.000,0.083,0.000
2014/08/28 16:33:01,2,37.93284,-122.32626,72.835,67.025,0.0,-79,0.000,0.000,9.970
2014/08/28 16:33:06,2,37.93167,-122.32543,79.068,66.320,0.0,-79,0.000,0.000,0.000
2014/08/28 16:33:11,2,37.93050,-122.32462,78.084,66.427,0.0,-63,0.000,0.083,5.269
2014/08/28 16:33:16,2,37.92929,-122.32381,76.444,68.606,0.0,-63,0.000,0.125,3.990
2014/08/28 16:33:21,2,37.92809,-122.32298,71.850,67.018,0.0,-63,0.000,0.167,1.503
2014/08/28 16:33:26,2,37.92695,-122.32220,74.475,61.954,0.0,-63,0.000,0.000,1.838
2014/08/28 16:33:31,2,37.92588,-122.32144,83.333,59.919,0.0,-63,0.000,0.292,2.331
2014/08/28 16:33:36,2,37.92483,-122.32067,87.598,61.739,0.0,-63,0.000,0.208,1.431
2014/08/28 16:33:41,2,37.92372,-122.31985,81.037,65.605,0.0,-61,0.003,0.208,1.363
2014/08/28 16:33:46,2,37.92257,-122.31899,80.052,66.315,0.0,-61,0.102,0.167,2.849
2014/08/28 16:33:51,2,37.92140,-122.31823,84.974,64.603,0.0,-61,0.212,0.125,0.000
2014/08/28 16:33:56,2,37.92018,-122.31774,79.724,64.258,0.0,-61,0.000,0.167,3.487
2014/08/28 16:34:01,2,37.91889,-122.31757,64.633,64.923,0.0,-61,0.000,0.000,2.831
2014/08/28 16:34:06,2,37.91758,-122.31758,48.885,65.442,0.0,-61,0.000,0.292,2.803
2014/08/28 16:34:11,2,37.91625,-122.31759,46.260,66.270,0.0,-55,0.003,0.292,1.971
2014/08/28 16:34:16,2,37.91491,-122.31759,42.979,66.423,0.0,-55,0.079,0.000,1.275
2014/08/28 16:34:21,2,37.91357,-122.31760,41.010,66.791,0.0,-55,0.135,0.208,3.200
2014/08/28 16:34:26,2,37.91223,-122.31761,44.948,66.474,0.0,-55,0.202,0.208,2.215
2014/08/28 16:34:31,2,37.91093,-122.31748,46.916,62.808,0.0,-55,0.000,0.000,4.243
2014/08/28 16:34:36,2,37.90977,-122.31699,40.354,59.506,0.0,-55,0.000,0.125,0.000
2014/08/28 16:34:41,2,37.90872,-122.31631,24.934,57.526,0.0,-81,0.000,0.083,3.519
2014/08/28 16:34:46,2,37.90770,-122.31561,18.373,57.086,0.0,-81,0.003,0.083,3.191
2014/08/28 16:34:51,2,37.90671,-122.31493,20.013,55.450,0.0,-81,0.000,0.125,3.118
2014/08/28 16:34:56,2,37.90573,-122.31425,36.745,54.993,0.0,-81,0.019,0.000,0.000
2014/08/28 16:35:01,2,37.90475,-122.31358,50.525,55.569,0.0,-81,0.032,0.083,5.151
2014/08/28 16:35:06,2,37.90374,-122.31286,65.945,59.382,0.0,-81,0.000,0.000,0.000
2014/08/28 16:35:11,2,37.90268,-122.31213,67.913,61.192,0.0,-81,0.000,0.000,0.000
2014/08/28 16:35:16,2,37.90158,-122.31139,62.992,63.076,0.0,-71,0.000,0.000,0.000
2014/08/28 16:35:21,2,37.90043,-122.31064,53.478,66.886,0.0,-71,0.000,0.125,1.656
2014/08/28 16:35:26,2,37.89919,-122.30994,36.745,67.621,0.0,-71,0.000,0.292,1.902
2014/08/28 16:35:31,2,37.89792,-122.30938,28.543,65.076,0.0,-71,0.003,0.000,1.568
2014/08/28 16:35:36,2,37.89670,-122.30887,35.433,63.521,0.0,-71,0.060,0.292,1.734
2014/08/28 16:35:41,2,37.89550,-122.30838,42.323,62.749,0.0,-71,0.162,0.208,1.726
2014/08/28 16:35:46,2,37.89431,-122.30790,39.042,62.705,0.0,-61,0.204,0.167,3.371
2014/08/28 16:35:51,2,37.89309,-122.30758,43.963,59.289,0.0,-61,0.000,0.000,2.671
2014/08/28 16:35:56,2,37.89206,-122.30763,40.682,46.131,0.0,-61,0.000,0.208,1.358
2014/08/28 16:36:01,2,37.89132,-122.30783,39.370,29.580,0.0,-61,0.003,0.292,2.141
2014/08/28 16:36:06,2,37.89088,-122.30802,43.963,18.848,0.0,-61,0.000,0.208,2.399
2014/08/28 16:36:11,2,37.89060,-122.30817,41.995,11.676,0.0,-61,0.000,0.167,1.603
2014/08/28 16:36:16,2,37.89046,-122.30824,40.026,3.164,0.0,-63,0.000,0.000,1.798
2014/08/28 16:36:21,2,37.89036,-122.30830,35.105,9.035,0.0,-63,0.000,0.000,1.679
2014/08/28 16:36:26,2,37.89015,-122.30842,29.199,11.958,0.0,-63,0.000,0.000,0.483
2014/08/28 16:36:31,2,37.88995,-122.30853,24.278,8.844,0.0,-63,0.003,0.000,1.643
2014/08/28 16:36:36,2,37.88977,-122.30861,27.231,9.716,0.0,-63,0.060,0.000,3.607
2014/08/28 16:36:41,2,37.88959,-122.30870,26.575,10.490,0.0,-63,0.251,0.000,0.894
2014/08/28 16:36:46,2,37.88936,-122.30878,31.824,12.025,0.0,-63,0.206,0.000,1.651
2014/08/28 16:36:51,2,37.88913,-122.30888,34.121,12.803,0.0,-63,0.194,0.000,1.467
2014/08/28 16:36:56,2,37.88892,-122.30897,33.465,8.712,0.0,-63,0.211,0.000,1.759
2014/08/28 16:37:01,2,37.88883,-122.30899,33.136,1.616,0.0,-63,0.214,0.042,2.126
2014/08/28 16:37:06,2,37.88876,-122.30901,34.777,5.504,0.0,-63,0.213,0.125,2.367
2014/08/28 16:37:11,2,37.88860,-122.30906,30.512,8.404,0.0,-63,0.208,0.000,0.000
2014/08/28 16:37:16,2,37.88839,-122.30912,31.496,11.693,0.0,-63,0.132,0.333,3.610
2014/08/28 16:37:21,2,37.88817,-122.30916,32.808,10.318,0.0,-59,0.176,0.083,2.811
2014/08/28 16:37:26,2,37.88798,-122.30920,32.808,9.638,0.0,-59,0.144,0.167,3.278
2014/08/28 16:37:31,2,37.88780,-122.30922,33.136,7.987,0.0,-59,0.195,0.000,0.000
2014/08/28 16:37:36,2,37.88768,-122.30923,34.121,6.421,0.0,-59,0.179,0.167,3.442
2014/08/28 16:37:41,2,37.88749,-122.30926,31.824,10.136,0.0,-59,0.199,0.167,3.714
2014/08/28 16:37:46,2,37.88731,-122.30928,31.168,7.823,0.0,-59,0.186,0.167,3.647
2014/08/28 16:37:51,2,37.88718,-122.30929,29.528,6.945,0.0,-59,0.179,0.083,0.000
2014/08/28 16:37:56,2,37.88700,-122.30930,25.919,10.319,0.0,-59,0.179,0.000,3.811
2014/08/28 16:38:01,2,37.88681,-122.30930,20.669,7.091,0.0,-59,0.202,0.208,3.509
2014/08/28 16:38:06,2,37.88668,-122.30929,18.045,6.747,0.0,-59,0.187,0.250,3.951
2014/08/28 16:38:11,2,37.88657,-122.30927,12.467,6.323,0.0,-59,0.151,0.125,0.000
2014/08/28 16:38:16,2,37.88642,-122.30925,7.218,8.406,0.0,-59,0.137,0.125,5.649
2014/08/28 16:38:21,2,37.88620,-122.30921,6.890,11.814,0.0,-63,0.129,0.000,3.814
2014/08/28 16:38:26,2,37.88593,-122.30915,4.593,14.928,0.0,-63,0.176,0.208,0.000
2014/08/28 16:38:31,2,37.88560,-122.30908,0.656,15.788,0.0,-63,0.157,0.000,3.826
2014/08/28 16:38:36,2,37.88541,-122.30904,0.984,4.311,0.0,-63,0.183,0.125,2.650
2014/08/28 16:38:41,2,37.88533,-122.30902,0.984,4.438,0.0,-63,0.000,0.083,1.230
2014/08/28 16:38:46,2,37.88522,-122.30899,1.969,6.702,0.0,-63,0.000,0.208,1.277
2014/08/28 16:38:51,2,37.88506,-122.30896,0.984,8.977,0.0,-57,0.000,0.208,1.186
2014/08/28 16:38:56,2,37.88484,-122.30892,-0.328,11.909,0.0,-57,0.000,0.000,2.071
2014/08/28 16:39:01,2,37.88463,-122.30887,-1.969,9.018,0.0,-57,0.000,0.333,1.675
2014/08/28 16:39:06,2,37.88451,-122.30884,-1.969,5.223,0.0,-57,0.000,0.333,2.445
2014/08/28 16:39:11,2,37.88439,-122.30882,-4.265,9.040,0.0,-57,0.000,0.000,0.000
2014/08/28 16:39:16,2,37.88413,-122.30876,-5.906,13.630,0.0,-57,0.000,0.167,2.542
2014/08/28 16:39:21,2,37.88384,-122.30870,-7.874,15.566,0.0,-57,0.003,0.333,1.704
2014/08/28 16:39:26,2,37.88358,-122.30864,-8.530,8.191,0.0,-59,0.044,0.208,0.000
2014/08/28 16:39:31,2,37.88351,-122.30862,-9.186,3.425,0.0,-59,0.092,0.000,2.787
2014/08/28 16:39:36,2,37.88342,-122.30860,-9.843,6.895,0.0,-59,0.114,0.208,1.636
2014/08/28 16:39:41,2,37.88322,-122.30856,-11.155,15.046,0.0,-59,0.000,0.250,3.407
2014/08/28 16:39:46,2,37.88288,-122.30848,-12.795,18.441,0.0,-59,0.095,0.000,2.331
2014/08/28 16:39:51,2,37.88250,-122.30839,-12.795,19.901,0.0,-59,0.095,0.292,2.110
2014/08/28 16:39:56,2,37.88212,-122.30831,-13.123,18.014,0.0,-71,0.092,0.208,1.375
2014/08/28 16:40:01,2,37.88182,-122.30824,-14.108,12.501,0.0,-71,0.121,0.250,3.067
2014/08/28 16:40:06,2,37.88163,-122.30820,-13.780,8.984,0.0,-71,0.003,0.000,1.770
2014/08/28 16:40:11,2,37.88140,-122.30814,-13.123,15.794,0.0,-71,0.044,0.292,1.170
2014/08/28 16:40:16,2,37.88109,-122.30808,-11.811,12.313,0.0,-71,0.170,0.125,2.789
2014/08/28 16:40:21,2,37.88087,-122.30803,-10.499,11.499,0.0,-71,0.193,0.000,3.231
2014/08/28 16:40:26,2,37.88060,-122.30797,-8.858,14.816,0.0,-55,0.000,0.208,2.170
2014/08/28 16:40:31,2,37.88022,-122.30788,-7.874,22.452,0.0,-55,0.000,0.167,2.253
2014/08/28 16:40:36,2,37.87976,-122.30778,-3.937,22.309,0.0,-55,0.000,0.250,1.955
2014/08/28 16:40:41,2,37.87939,-122.30770,0.984,16.634,0.0,-55,0.003,0.167,2.722
2014/08/28 16:40:46,2,37.87904,-122.30762,3.609,17.506,0.0,-55,0.000,0.208,1.958
2014/08/28 16:40:51,2,37.87871,-122.30755,6.890,16.420,0.0,-55,0.044,0.000,0.000
2014/08/28 16:40:56,2,37.87840,-122.30747,8.530,14.691,0.0,-69,0.132,0.250,3.222
2014/08/28 16:41:01,2,37.87804,-122.30737,9.514,19.972,0.0,-69,0.189,0.000,2.507
2014/08/28 16:41:06,2,37.87764,-122.30726,7.546,20.127,0.0,-69,0.132,0.083,3.715
2014/08/28 16:41:11,2,37.87724,-122.30714,6.890,19.828,0.0,-69,0.000,0.125,0.000
2014/08/28 16:41:16,2,37.87685,-122.30702,5.249,20.485,0.0,-69,0.000,0.208,3.931
2014/08/28 16:41:21,2,37.87644,-122.30687,0.328,22.023,0.0,-69,0.000,0.208,1.988
2014/08/28 16:41:26,2,37.87601,-122.30674,-1.969,20.350,0.0,-69,0.000,0.000,3.649
2014/08/28 16:41:31,2,37.87564,-122.30662,-1.969,18.657,0.0,-69,0.000,0.208,1.298
2014/08/28 16:41:36,2,37.87531,-122.30652,-0.984,14.004,0.0,-69,0.000,0.208,1.579
2014/08/28 16:41:41,2,37.87523,-122.30650,0.328,0.022,0.0,-69,0.000,0.208,2.151
2014/08/28 16:41:46,2,37.87519,-122.30649,4.593,5.378,0.0,-69,0.000,0.208,1.755
2014/08/28 16:41:51,2,37.87507,-122.30645,7.218,7.514,0.0,-69,0.000,0.000,0.000
2014/08/28 16:41:56,2,37.87486,-122.30638,11.811,13.183,0.0,-69,0.000,0.125,7.399
2014/08/28 16:42:01,2,37.87457,-122.30630,13.451,13.809,0.0,-65,0.000,0.083,2.672
2014/08/28 16:42:06,2,37.87441,-122.30625,12.795,3.442,0.0,-65,0.000,0.000,0.000
2014/08/28 16:42:11,2,37.87433,-122.30623,11.155,6.538,0.0,-65,0.000,0.125,3.926
2014/08/28 16:42:16,2,37.87413,-122.30617,9.186,14.619,0.0,-65,0.000,0.000,4.468
2014/08/28 16:42:21,2,37.87383,-122.30608,4.921,14.317,0.0,-65,0.000,0.083,0.000
2014/08/28 16:42:26,2,37.87366,-122.30603,2.297,4.286,0.0,-65,0.003,0.083,5.198
2014/08/28 16:42:31,2,37.87355,-122.30599,3.281,7.719,0.0,-65,0.044,0.250,2.290
2014/08/28 16:42:36,2,37.87332,-122.30592,6.562,14.979,0.0,-65,0.160,0.000,3.469
2014/08/28 16:42:41,2,37.87301,-122.30582,7.874,14.526,0.0,-65,0.205,0.000,0.000
2014/08/28 16:42:46,2,37.87288,-122.30578,7.218,4.781,0.0,-65,0.000,0.167,3.783
2014/08/28 16:42:51,2,37.87269,-122.30573,7.546,13.625,0.0,-65,0.000,0.250,2.862
2014/08/28 16:42:56,2,37.87237,-122.30563,8.530,16.995,0.0,-65,0.000,0.083,2.899
2014/08/28 16:43:01,2,37.87213,-122.30556,7.218,6.617,0.0,-55,0.000,0.000,1.791
2014/08/28 16:43:06,2,37.87208,-122.30554,7.874,0.016,0.0,-55,0.003,0.208,3.882
2014/08/28 16:43:11,2,37.87208,-122.30554,12.795,0.012,0.0,-55,0.000,0.000,1.595
2014/08/28 16:43:16,2,37.87204,-122.30553,19.029,2.187,0.0,-55,0.000,0.208,2.081
2014/08/28 16:43:21,2,37.87202,-122.30553,16.404,2.565,0.0,-55,0.000,0.000,1.742
2014/08/28 16:43:26,2,37.87185,-122.30548,18.373,15.391,0.0,-55,0.003,0.000,0.837
2014/08/28 16:43:31,2,37.87148,-122.30536,20.013,21.757,0.0,-55,0.140,0.000,2.434
2014/08/28 16:43:36,2,37.87098,-122.30521,19.029,27.204,0.0,-53,0.225,0.000,2.687
2014/08/28 16:43:41,2,37.87043,-122.30504,16.076,27.767,0.0,-53,0.173,0.000,1.890
2014/08/28 16:43:46,2,37.87012,-122.30494,13.451,2.359,0.0,-53,0.211,0.000,1.651
2014/08/28 16:43:51,2,37.87011,-122.30494,13.123,0.094,0.0,-53,0.003,0.000,1.771
2014/08/28 16:43:56,2,37.87011,-122.30494,13.451,0.016,0.0,-53,0.041,0.000,2.811
2014/08/28 16:44:01,2,37.87011,-122.30494,14.108,0.060,0.0,-53,0.060,0.000,0.000
2014/08/28 16:44:06,2,37.87004,-122.30491,12.139,10.096,0.0,-51,0.094,0.000,4.949
2014/08/28 16:44:11,2,37.86973,-122.30482,14.436,19.364,0.0,-51,0.000,0.000,2.687
2014/08/28 16:44:16,2,37.86934,-122.30470,15.748,21.472,0.0,-51,0.000,0.042,1.322
2014/08/28 16:44:21,2,37.86895,-122.30457,17.717,18.153,0.0,-51,0.000,0.167,0.000
2014/08/28 16:44:26,2,37.86864,-122.30448,16.076,14.281,0.0,-51,0.000,0.083,5.331
2014/08/28 16:44:31,2,37.86832,-122.30438,16.404,19.148,0.0,-51,0.000,0.042,4.390
2014/08/28 16:44:36,2,37.86794,-122.30426,14.436,20.008,0.0,-51,0.003,0.125,1.970
2014/08/28 16:44:41,2,37.86757,-122.30414,14.108,18.184,0.0,-51,0.073,0.208,1.298
2014/08/28 16:44:46,2,37.86715,-122.30401,12.139,22.695,0.0,-51,0.000,0.000,0.000
2014/08/28 16:44:51,2,37.86672,-122.30387,6.234,22.415,0.0,-51,0.000,0.000,0.000
2014/08/28 16:44:56,2,37.86629,-122.30373,8.858,19.951,0.0,-51,0.000,0.125,0.000
2014/08/28 16:45:01,2,37.86589,-122.30360,13.123,23.157,0.0,-51,0.000,0.000,6.374
2014/08/28 16:45:06,2,37.86545,-122.30347,12.467,21.486,0.0,-65,0.000,0.083,1.219
2014/08/28 16:45:11,2,37.86509,-122.30336,12.139,12.668,0.0,-65,0.000,0.167,1.420
2014/08/28 16:45:16,2,37.86500,-122.30333,9.514,1.735,0.0,-65,0.000,0.292,2.330
2014/08/28 16:45:21,2,37.86492,-122.30331,13.451,7.004,0.0,-65,0.000,0.208,1.890
2014/08/28 16:45:26,2,37.86475,-122.30326,17.388,11.779,0.0,-65,0.003,0.208,1.723
2014/08/28 16:45:31,2,37.86450,-122.30319,22.638,12.677,0.0,-65,0.044,0.000,1.146
2014/08/28 16:45:36,2,37.86428,-122.30312,13.123,6.296,0.0,-65,0.198,0.208,2.776
2014/08/28 16:45:41,2,37.86426,-122.30311,13.451,0.516,0.0,-51,0.190,0.000,0.000
2014/08/28 16:45:46,2,37.86427,-122.30311,19.685,0.058,0.0,-51,0.202,0.083,3.709
2014/08/28 16:45:51,2,37.86426,-122.30311,20.997,2.900,0.0,-51,0.000,0.083,3.306
2014/08/28 16:45:56,2,37.86417,-122.30309,26.903,2.219,0.0,-51,0.000,0.042,2.850
2014/08/28 16:46:01,2,37.86416,-122.30309,23.622,0.867,0.0,-51,0.000,0.083,4.183
2014/08/28 16:46:06,2,37.86411,-122.30308,28.543,4.866,0.0,-51,0.000,0.000,0.000
2014/08/28 16:46:11,2,37.86389,-122.30302,26.903,15.999,0.0,-51,0.000,0.167,1.277
2014/08/28 16:46:16,2,37.86348,-122.30290,33.136,23.513,0.0,-51,0.000,0.292,1.431
2014/08/28 16:46:21,2,37.86299,-122.30275,33.465,24.278,0.0,-51,0.000,0.208,2.103
2014/08/28 16:46:26,2,37.86259,-122.30263,38.714,14.836,0.0,-51,0.003,0.250,1.375
2014/08/28 16:46:31,2,37.86234,-122.30257,37.402,13.821,0.0,-51,0.092,0.000,0.000
2014/08/28 16:46:36,2,37.86205,-122.30249,32.480,14.012,0.0,-51,0.177,0.250,3.767
2014/08/28 16:46:41,2,37.86180,-122.30242,31.168,11.178,0.0,-67,0.217,0.167,3.304
2014/08/28 16:46:46,2,37.86167,-122.30239,29.856,4.630,0.0,-67,0.000,0.167,4.991
2014/08/28 16:46:51,2,37.86152,-122.30235,30.512,11.902,0.0,-67,0.000,0.000,0.000
2014/08/28 16:46:56,2,37.86121,-122.30227,30.840,17.152,0.0,-67,0.000,0.000,0.000
2014/08/28 16:47:01,2,37.86093,-122.30218,32.480,9.881,0.0,-67,0.000,0.083,7.897
2014/08/28 16:47:06,2,37.86088,-122.30216,33.136,0.144,0.0,-67,0.000,0.083,2.950
2014/08/28 16:47:11,2,37.86087,-122.30215,33.465,0.585,0.0,-77,0.000,0.000,3.142
2014/08/28 16:47:16,2,37.86082,-122.30214,31.168,2.618,0.0,-77,0.000,0.167,1.798
2014/08/28 16:47:21,2,37.86081,-122.30213,33.793,1.193,0.0,-77,0.000,0.167,2.911
2014/08/28 16:47:26,2,37.86070,-122.30211,33.465,8.175,0.0,-77,0.000,0.000,3.371
2014/08/28 16:47:31,2,37.86048,-122.30205,32.152,12.639,0.0,-77,0.000,0.167,0.000
2014/08/28 16:47:36,2,37.86021,-122.30197,32.808,13.330,0.0,-77,0.000,0.000,2.851
2014/08/28 16:47:41,2,37.85994,-122.30190,31.496,14.224,0.0,-77,0.000,0.167,3.375
2014/08/28 16:47:46,2,37.85981,-122.30186,32.808,0.369,0.0,-63,0.000,0.167,2.146
2014/08/28 16:47:51,2,37.85981,-122.30186,33.465,0.075,0.0,-63,0.000,0.000,0.000
2014/08/28 16:47:56,2,37.85981,-122.30186,33.465,0.133,0.0,-63,0.000,0.167,5.438
2014/08/28 16:48:01,2,37.85975,-122.30184,33.465,7.108,0.0,-63,0.000,0.250,1.681
2014/08/28 16:48:06,2,37.85951,-122.30178,33.793,14.083,0.0,-63,0.000,0.250,0.990
2014/08/28 16:48:11,2,37.85925,-122.30171,32.152,13.189,0.0,-63,0.000,0.000,1.511
2014/08/28 16:48:16,2,37.85898,-122.30163,30.840,14.494,0.0,-63,0.003,0.250,1.143
2014/08/28 16:48:21,2,37.85870,-122.30158,20.997,12.470,0.0,-63,0.108,0.167,1.751
2014/08/28 16:48:26,2,37.85862,-122.30156,19.685,1.001,0.0,-63,0.199,0.208,2.707
2014/08/28 16:48:31,2,37.85862,-122.30156,21.325,0.137,0.0,-63,0.000,0.250,2.063
2014/08/28 16:48:36,2,37.85860,-122.30156,19.357,4.279,0.0,-63,0.000,0.000,2.907
2014/08/28 16:48:41,2,37.85837,-122.30150,18.373,14.314,0.0,-63,0.000,0.250,1.274
2014/08/28 16:48:46,2,37.85809,-122.30141,24.606,14.449,0.0,-75,0.003,0.000,1.248
2014/08/28 16:48:51,2,37.85782,-122.30133,25.262,13.679,0.0,-75,0.089,0.292,1.383
2014/08/28 16:48:56,2,37.85757,-122.30127,23.622,10.276,0.0,-75,0.171,0.167,2.751
2014/08/28 16:49:01,2,37.85744,-122.30124,18.045,4.543,0.0,-75,0.000,0.000,0.000
2014/08/28 16:49:06,2,37.85733,-122.30121,16.732,5.420,0.0,-75,0.000,0.208,5.396
2014/08/28 16:49:11,2,37.85724,-122.30119,12.139,5.566,0.0,-75,0.000,0.000,0.000
2014/08/28 16:49:16,2,37.85714,-122.30116,11.155,4.260,0.0,-81,0.000,0.125,6.839
2014/08/28 16:49:21,2,37.85703,-122.30114,10.827,7.839,0.0,-81,0.000,0.250,1.650
2014/08/28 16:49:26,2,37.85688,-122.30109,15.420,7.179,0.0,-81,0.000,0.000,4.582
2014/08/28 16:49:31,2,37.85669,-122.30104,15.748,13.960,0.0,-81,0.000,0.167,0.000
2014/08/28 16:49:36,2,37.85638,-122.30095,15.748,15.282,0.0,-81,0.000,0.125,7.623
2014/08/28 16:49:41,2,37.85609,-122.30087,15.748,14.984,0.0,-81,0.000,0.000,1.726
2014/08/28 16:49:46,2,37.85578,-122.30078,12.139,15.612,0.0,-81,0.000,0.292,2.423
2014/08/28 16:49:51,2,37.85559,-122.30073,9.514,5.243,0.0,-77,0.000,0.250,0.000
2014/08/28 16:49:56,2,37.85547,-122.30070,11.155,5.777,0.0,-77,0.000,0.000,3.834
2014/08/28 16:50:01,2,37.85535,-122.30066,12.467,8.124,0.0,-77,0.003,0.167,1.465
2014/08/28 16:50:06,2,37.85520,-122.30062,13.780,10.652,0.0,-77,0.073,0.000,1.903
2014/08/28 16:50:11,2,37.85496,-122.30056,12.795,10.455,0.0,-77,0.000,0.292,0.000
2014/08/28 16:50:16,2,37.85472,-122.30049,12.139,14.713,0.0,-77,0.000,0.083,5.846
2014/08/28 16:50:21,2,37.85442,-122.30040,12.795,14.891,0.0,-73,0.000,0.000,0.000
2014/08/28 16:50:26,2,37.85420,-122.30035,11.483,8.180,0.0,-73,0.000,0.083,5.741
2014/08/28 16:50:31,2,37.85403,-122.30029,12.139,11.385,0.0,-73,0.000,0.083,3.850
2014/08/28 16:50:36,2,37.85373,-122.30021,8.530,17.040,0.0,-73,0.000,0.000,0.000
2014/08/28 16:50:41,2,37.85340,-122.30012,12.795,14.666,0.0,-73,0.000,0.208,5.129
2014/08/28 16:50:46,2,37.85318,-122.30006,10.171,8.684,0.0,-73,0.000,0.083,2.686
2014/08/28 16:50:51,2,37.85301,-122.30000,15.092,10.098,0.0,-75,0.003,0.250,1.394
2014/08/28 16:50:56,2,37.85281,-122.29995,15.420,10.404,0.0,-75,0.038,0.000,2.979
2014/08/28 16:51:01,2,37.85263,-122.29991,11.811,8.619,0.0,-75,0.000,0.208,0.000
2014/08/28 16:51:06,2,37.85243,-122.29987,11.483,12.540,0.0,-75,0.000,0.000,4.246
2014/08/28 16:51:11,2,37.85221,-122.29981,14.108,7.489,0.0,-75,0.000,0.083,1.423
2014/08/28 16:51:16,2,37.85212,-122.29977,16.076,4.420,0.0,-75,0.000,0.167,0.000
2014/08/28 16:51:21,2,37.85193,-122.29972,18.701,12.242,0.0,-77,0.000,0.000,4.246
2014/08/28 16:51:26,2,37.85170,-122.29966,20.997,10.692,0.0,-77,0.000,0.208,2.923
2014/08/28 16:51:31,2,37.85156,-122.29960,28.543,4.142,0.0,-77,0.003,0.000,1.611
2014/08/28 16:51:36,2,37.85143,-122.29955,31.824,8.024,0.0,-77,0.051,0.000,1.730
2014/08/28 16:51:41,2,37.85119,-122.29949,33.136,14.047,0.0,-77,0.057,0.000,0.000
2014/08/28 16:51:46,2,37.85091,-122.29941,36.745,12.281,0.0,-77,0.041,0.000,0.000
2014/08/28 16:51:51,2,37.85072,-122.29936,35.761,9.419,0.0,-79,0.049,0.000,0.000
2014/08/28 16:51:56,2,37.85043,-122.29929,36.745,16.090,0.0,-79,0.019,0.000,0.000
2014/08/28 16:52:01,2,37.85020,-122.29924,38.386,2.856,0.0,-79,0.042,0.000,0.000
2014/08/28 16:52:06,2,37.85016,-122.29923,40.026,2.331,0.0,-79,0.051,0.000,0.000
2014/08/28 16:52:11,2,37.85009,-122.29920,44.291,4.318,0.0,-79,0.000,0.000,0.000
2014/08/28 16:52:16,2,37.84991,-122.29915,45.604,12.960,0.0,-79,0.000,0.000,0.000
2014/08/28 16:52:21,2,37.84964,-122.29910,48.885,12.853,0.0,-79,0.000,0.000,5.866
2014/08/28 16:52:26,2,37.84941,-122.29907,52.822,12.146,0.0,-77,0.003,0.000,0.506
2014/08/28 16:52:31,2,37.84908,-122.29900,50.525,18.451,0.0,-77,0.048,0.042,2.475
2014/08/28 16:52:36,2,37.84864,-122.29890,39.042,22.105,0.0,-77,0.070,0.000,0.000
2014/08/28 16:52:41,2,37.84829,-122.29880,38.386,14.851,0.0,-77,0.056,0.083,0.000
2014/08/28 16:52:46,2,37.84805,-122.29873,40.354,9.317,0.0,-77,0.048,0.000,0.000
2014/08/28 16:52:51,2,37.84787,-122.29868,37.402,9.938,0.0,-77,0.138,0.083,0.000
2014/08/28 16:52:56,2,37.84766,-122.29863,37.073,6.120,0.0,-81,0.071,0.000,7.448
2014/08/28 16:53:01,2,37.84763,-122.29862,35.105,1.752,0.0,-81,0.093,0.083,0.000
2014/08/28 16:53:06,2,37.84747,-122.29859,34.449,11.973,0.0,-81,0.000,0.167,5.903
2014/08/28 16:53:11,2,37.84722,-122.29853,35.105,12.733,0.0,-81,0.000,0.250,2.718
2014/08/28 16:53:16,2,37.84694,-122.29846,29.528,13.601,0.0,-81,0.000,0.000,3.131
2014/08/28 16:53:21,2,37.84681,-122.29845,24.934,1.984,0.0,-81,0.003,0.167,2.811
2014/08/28 16:53:26,2,37.84675,-122.29844,30.184,3.884,0.0,-73,0.000,0.000,0.000
2014/08/28 16:53:31,2,37.84659,-122.29841,37.402,10.340,0.0,-73,0.000,0.292,3.368
2014/08/28 16:53:36,2,37.84635,-122.29833,43.635,13.707,0.0,-73,0.000,0.000,1.746
2014/08/28 16:53:41,2,37.84615,-122.29829,37.073,4.189,0.0,-73,0.003,0.167,2.510
2014/08/28 16:53:46,2,37.84614,-122.29829,30.184,0.868,0.0,-73,0.044,0.167,1.906
2014/08/28 16:53:51,2,37.84612,-122.29830,29.528,2.030,0.0,-73,0.079,0.000,3.506
2014/08/28 16:53:56,2,37.84598,-122.29829,30.840,9.473,0.0,-73,0.000,0.208,0.000
2014/08/28 16:54:01,2,37.84581,-122.29825,34.121,4.231,0.0,-73,0.000,0.000,4.054
2014/08/28 16:54:06,2,37.84573,-122.29824,33.793,4.721,0.0,-73,0.000,0.167,3.675
2014/08/28 16:54:11,2,37.84563,-122.29823,33.136,5.007,0.0,-73,0.000,0.292,1.611
2014/08/28 16:54:16,2,37.84553,-122.29822,29.199,4.872,0.0,-73,0.000,0.000,1.340
2014/08/28 16:54:21,2,37.84540,-122.29819,27.231,7.230,0.0,-73,0.003,0.250,1.743
2014/08/28 16:54:26,2,37.84526,-122.29817,28.871,7.316,0.0,-73,0.044,0.208,0.967
2014/08/28 16:54:31,2,37.84512,-122.29813,29.199,6.186,0.0,-73,0.063,0.083,3.470
2014/08/28 16:54:36,2,37.84500,-122.29810,32.152,5.825,0.0,-73,0.000,0.000,0.000
2014/08/28 16:54:41,2,37.84487,-122.29805,34.777,10.131,0.0,-73,0.000,0.000,0.000
2014/08/28 16:54:46,2,37.84461,-122.29799,33.793,15.166,0.0,-73,0.000,0.000,0.000
2014/08/28 16:54:51,2,37.84433,-122.29794,33.136,10.881,0.0,-73,0.000,0.083,4.661
2014/08/28 16:54:56,2,37.84413,-122.29789,37.402,8.626,0.0,-73,0.000,0.292,2.095
2014/08/28 16:55:01,2,37.84402,-122.29785,40.026,3.875,0.0,-73,0.000,0.000,0.000
2014/08/28 16:55:07,2,37.84393,-122.29784,39.042,6.524,0.0,-73,0.000,0.083,6.431
2014/08/28 16:55:12,2,37.84379,-122.29780,36.417,9.557,0.0,-73,0.000,0.167,2.290
2014/08/28 16:55:17,2,37.84354,-122.29775,37.402,13.234,0.0,-73,0.000,0.292,2.542
2014/08/28 16:55:22,2,37.84324,-122.29767,30.840,19.942,0.0,-73,0.000,0.167,1.825
2014/08/28 16:55:27,2,37.84283,-122.29758,26.903,17.848,0.0,-73,0.000,0.167,1.183
2014/08/28 16:55:32,2,37.84256,-122.29754,30.840,10.647,0.0,-61,0.000,0.208,3.558
2014/08/28 16:55:37,2,37.84242,-122.29751,37.073,6.087,0.0,-61,0.000,0.000,2.002
2014/08/28 16:55:42,2,37.84225,-122.29749,35.433,9.796,0.0,-61,0.003,0.250,1.550
2014/08/28 16:55:47,2,37.84202,-122.29745,45.604,9.888,0.0,-61,0.048,0.292,2.259
2014/08/28 16:55:52,2,37.84184,-122.29740,47.244,7.513,0.0,-61,0.163,0.000,0.000
2014/08/28 16:55:57,2,37.84168,-122.29737,38.386,7.676,0.0,-61,0.000,0.167,3.951
2014/08/28 16:56:02,2,37.84149,-122.29734,39.370,10.140,0.0,-63,0.000,0.292,2.710
2014/08/28 16:56:07,2,37.84127,-122.29731,35.761,11.745,0.0,-63,0.000,0.000,1.272
2014/08/28 16:56:12,2,37.84104,-122.29727,33.465,10.756,0.0,-63,0.000,0.167,2.159
2014/08/28 16:56:17,2,37.84084,-122.29724,35.105,9.034,0.0,-63,0.003,0.292,1.663
2014/08/28 16:56:22,2,37.84068,-122.29721,36.745,7.181,0.0,-63,0.070,0.167,0.000
2014/08/28 16:56:27,2,37.84048,-122.29718,33.793,12.376,0.0,-63,0.103,0.000,4.142
2014/08/28 16:56:32,2,37.84022,-122.29715,32.152,13.718,0.0,-63,0.102,0.083,0.000
2014/08/28 16:56:37,2,37.83990,-122.29708,34.449,18.008,0.0,-51,0.096,0.083,5.426
2014/08/28 16:56:42,2,37.83951,-122.29700,36.745,20.021,0.0,-51,0.096,0.000,5.075
2014/08/28 16:56:47,2,37.83913,-122.29692,42.323,17.448,0.0,-51,0.000,0.125,0.000
2014/08/28 16:56:52,2,37.83879,-122.29685,47.244,16.530,0.0,-51,0.000,0.083,6.745
2014/08/28 16:56:57,2,37.83849,-122.29679,50.197,14.243,0.0,-51,0.000,0.000,0.000
2014/08/28 16:57:02,2,37.83824,-122.29673,47.244,11.095,0.0,-51,0.000,0.167,3.697
2014/08/28 16:57:07,2,37.83805,-122.29670,39.042,10.476,0.0,-51,0.000,0.208,3.790
2014/08/28 16:57:12,2,37.83784,-122.29667,31.496,11.540,0.0,-51,0.000,0.000,2.710
2014/08/28 16:57:17,2,37.83763,-122.29663,24.606,9.154,0.0,-51,0.003,0.167,1.983
2014/08/28 16:57:22,2,37.83746,-122.29659,19.685,8.490,0.0,-51,0.000,0.000,3.049
2014/08/28 16:57:27,2,37.83729,-122.29655,7.218,9.779,0.0,-51,0.044,0.292,0.000
2014/08/28 16:57:32,2,37.83703,-122.29642,14.764,16.730,0.0,-51,0.000,0.167,3.239
2014/08/28 16:57:37,2,37.83666,-122.29624,16.732,22.453,0.0,-53,0.000,0.000,3.211
2014/08/28 16:57:42,2,37.83618,-122.29600,16.404,28.773,0.0,-53,0.000,0.167,3.880
2014/08/28 16:57:47,2,37.83559,-122.29575,22.966,31.241,0.0,-53,0.000,0.167,1.891
2014/08/28 16:57:52,2,37.83500,-122.29547,23.950,30.008,0.0,-53,0.000,0.000,0.000
2014/08/28 16:57:57,2,37.83443,-122.29520,23.622,31.199,0.0,-53,0.000,0.083,0.000
2014/08/28 16:58:02,2,37.83383,-122.29491,24.278,30.791,0.0,-53,0.000,0.125,3.280
2014/08/28 16:58:07,2,37.83329,-122.29463,25.262,27.509,0.0,-69,0.000,0.000,0.000
2014/08/28 16:58:12,2,37.83275,-122.29437,23.950,29.287,0.0,-69,0.000,0.083,6.391
2014/08/28 16:58:17,2,37.83217,-122.29414,22.966,31.937,0.0,-69,0.000,0.083,2.771
2014/08/28 16:58:22,2,37.83151,-122.29397,20.669,33.874,0.0,-69,0.000,0.167,0.000
2014/08/28 16:58:27,2,37.83077,-122.29384,27.559,38.384,0.0,-69,0.000,0.000,3.131
2014/08/28 16:58:32,2,37.82998,-122.29388,40.026,39.806,0.0,-69,0.000,0.292,3.331
2014/08/28 16:58:37,2,37.82919,-122.29386,40.026,39.064,0.0,-69,0.000,0.167,2.309
2014/08/28 16:58:42,2,37.82843,-122.29351,31.496,40.812,0.0,-51,0.000,0.292,2.010
2014/08/28 16:58:47,2,37.82778,-122.29278,39.698,43.042,0.0,-51,0.003,0.167,3.057
2014/08/28 16:58:52,2,37.82731,-122.29190,59.055,41.775,0.0,-51,0.041,0.167,3.158
2014/08/28 16:58:57,2,37.82685,-122.29097,67.913,44.868,0.0,-51,0.079,0.000,0.000
2014/08/28 16:59:02,2,37.82649,-122.28985,69.226,49.832,0.0,-51,0.106,0.208,5.203
2014/08/28 16:59:07,2,37.82635,-122.28864,63.976,44.040,0.0,-51,0.099,0.000,4.151
2014/08/28 16:59:12,2,37.82642,-122.28762,52.822,34.942,0.0,-51,0.097,0.000,0.000
2014/08/28 16:59:17,2,37.82656,-122.28681,45.932,30.849,0.0,-51,0.000,0.083,5.551
2014/08/28 16:59:22,2,37.82666,-122.28617,42.651,20.657,0.0,-51,0.000,0.208,1.791
2014/08/28 16:59:27,2,37.82674,-122.28576,47.572,15.284,0.0,-51,0.000,0.000,1.843
2014/08/28 16:59:32,2,37.82680,-122.28535,53.478,18.075,0.0,-51,0.000,0.167,2.483
2014/08/28 16:59:37,2,37.82687,-122.28496,70.538,18.952,0.0,-51,0.000,0.000,0.000
2014/08/28 16:59:42,2,37.82697,-122.28444,67.257,21.165,0.0,-53,0.000,0.208,3.839
2014/08/28 16:59:47,2,37.82707,-122.28392,66.273,20.187,0.0,-53,0.000,0.167,2.623
2014/08/28 16:59:52,2,37.82716,-122.28345,63.648,16.962,0.0,-53,0.000,0.000,1.751
2014/08/28 16:59:57,2,37.82722,-122.28312,66.273,10.705,0.0,-53,0.000,0.000,5.132
2014/08/28 17:00:02,2,37.82725,-122.28288,68.898,9.424,0.0,-53,0.003,0.000,0.740
2014/08/28 17:00:07,2,37.82727,-122.28257,69.882,15.085,0.0,-53,0.083,0.000,3.246
2014/08/28 17:00:12,2,37.82727,-122.28213,69.554,18.272,0.0,-55,0.094,0.000,0.000
2014/08/28 17:00:17,2,37.82721,-122.28162,80.709,17.137,0.0,-55,0.102,0.000,8.156
2014/08/28 17:00:22,2,37.82718,-122.28133,82.021,7.273,0.0,-55,0.099,0.000,0.000
2014/08/28 17:00:27,2,37.82716,-122.28117,83.333,7.001,0.0,-55,0.102,0.000,5.603
2014/08/28 17:00:32,2,37.82715,-122.28095,59.383,10.161,0.0,-55,0.106,0.000,0.000
2014/08/28 17:00:37,2,37.82709,-122.28060,53.150,15.610,0.0,-55,0.099,0.000,5.355
2014/08/28 17:00:42,2,37.82700,-122.28018,50.853,17.975,0.0,-55,0.102,0.000,0.000
2014/08/28 17:00:47,2,37.82690,-122.27973,51.837,19.005,0.0,-65,0.099,0.000,5.706
2014/08/28 17:00:52,2,37.82680,-122.27927,49.541,17.288,0.0,-65,0.000,0.000,0.000
2014/08/28 17:00:57,2,37.82672,-122.27893,48.228,12.449,0.0,-65,0.003,0.000,0.887
2014/08/28 17:01:02,2,37.82664,-122.27861,47.900,14.081,0.0,-65,0.070,0.000,0.000
2014/08/28 17:01:07,2,37.82655,-122.27823,49.541,18.552,0.0,-65,0.067,0.000,5.813
2014/08/28 17:01:12,2,37.82643,-122.27768,50.525,26.246,0.0,-65,0.187,0.000,2.567
2014/08/28 17:01:17,2,37.82626,-122.27696,52.165,32.405,0.0,-63,0.144,0.000,0.000
2014/08/28 17:01:22,2,37.82608,-122.27616,54.462,30.582,0.0,-63,0.135,0.000,6.411
2014/08/28 17:01:27,2,37.82592,-122.27547,56.430,24.780,0.0,-63,0.198,0.000,3.613
2014/08/28 17:01:32,2,37.82578,-122.27494,59.383,24.606,0.0,-63,0.176,0.000,2.011
2014/08/28 17:01:37,2,37.82560,-122.27426,62.992,31.991,0.0,-63,0.003,0.000,0.767
2014/08/28 17:01:42,2,37.82537,-122.27341,67.913,38.922,0.0,-63,0.156,0.000,2.690
2014/08/28 17:01:47,2,37.82509,-122.27240,71.850,45.338,0.0,-51,0.175,0.000,0.000
2014/08/28 17:01:52,2,37.82479,-122.27126,78.740,48.956,0.0,-51,0.214,0.000,3.811
2014/08/28 17:01:57,2,37.82438,-122.27014,86.942,47.099,0.0,-51,0.160,0.000,3.509
2014/08/28 17:02:02,2,37.82365,-122.26944,111.549,47.621,0.0,-51,0.003,0.000,1.989
2014/08/28 17:02:07,1,37.82265,-122.26938,100.066,52.056,0.0,-51,0.000,0.000,1.071
2014/08/28 17:02:12,1,37.82153,-122.26964,78.740,60.774,0.0,-51,0.146,0.000,1.288
2014/08/28 17:02:17,1,37.82030,-122.26991,56.430,62.607,0.0,-67,0.052,0.000,0.000
2014/08/28 17:02:22,1,37.81902,-122.27021,41.667,66.392,0.0,-67,0.055,0.000,3.191
2014/08/28 17:02:27,1,37.81767,-122.27052,36.089,69.125,0.0,-67,0.091,0.000,2.010
2014/08/28 17:02:32,1,37.81631,-122.27094,34.777,70.114,0.0,-67,0.003,0.000,1.270
2014/08/28 17:02:37,1,37.81496,-122.27149,34.777,70.480,0.0,-67,0.095,0.000,0.000
2014/08/28 17:02:42,1,37.81375,-122.27239,34.777,70.172,0.0,-67,0.164,0.000,3.391
2014/08/28 17:02:47,1,37.81269,-122.27354,32.480,69.438,0.0,-67,0.170,0.000,2.929
2014/08/28 17:02:52,2,37.81161,-122.27471,22.638,71.753,0.0,-51,0.167,0.000,3.350
2014/08/28 17:02:57,2,37.81039,-122.27577,1.640,74.848,0.0,-51,0.176,0.000,2.604
2014/08/28 17:03:02,2,37.80910,-122.27671,-13.780,74.019,0.0,-51,0.170,0.000,2.454
2014/08/28 17:03:07,2,37.80782,-122.27759,-13.780,70.921,0.0,-51,0.192,0.000,0.000
2014/08/28 17:03:12,2,37.80658,-122.27838,-10.827,70.004,0.0,-51,0.003,0.000,3.131
2014/08/28 17:03:17,2,37.80531,-122.27916,-11.155,69.184,0.0,-51,0.141,0.000,4.819
2014/08/28 17:03:22,2,37.80410,-122.27990,-7.218,64.197,0.0,-73,0.019,0.000,0.000
2014/08/28 17:03:27,1,37.80288,-122.28036,21.325,62.556,0.0,-73,0.016,0.000,0.000
2014/08/28 17:03:32,1,37.80163,-122.28026,39.042,60.467,0.0,-73,0.026,0.000,0.000
2014/08/28 17:03:37,1,37.80056,-122.27965,48.885,58.186,0.0,-73,0.000,0.000,0.000
2014/08/28 17:03:42,1,37.79973,-122.27864,49.541,54.953,0.0,-73,0.022,0.000,0.000
2014/08/28 17:03:47,1,37.79921,-122.27745,35.433,53.346,0.0,-73,0.013,0.000,0.000
2014/08/28 17:03:52,1,37.79871,-122.27626,26.575,51.309,0.0,-51,0.013,0.000,0.000
2014/08/28 17:03:57,1,37.79834,-122.27529,32.152,31.445,0.0,-51,0.013,0.000,0.000
2014/08/28 17:04:02,1,37.79813,-122.27478,36.089,20.505,0.0,-51,0.010,0.000,0.000
2014/08/28 17:04:07,1,37.79792,-122.27435,38.058,20.261,0.0,-51,0.013,0.000,0.000
2014/08/28 17:04:12,1,37.79765,-122.27381,41.010,30.521,0.0,-51,0.087,0.000,0.000
2014/08/28 17:04:17,1,37.79733,-122.27301,41.010,37.825,0.0,-51,0.109,0.000,6.048
2014/08/28 17:04:22,1,37.79701,-122.27213,40.354,37.995,0.0,-51,0.132,0.000,0.000
2014/08/28 17:04:27,1,37.79674,-122.27134,36.745,29.381,0.0,-51,0.186,0.000,3.527
2014/08/28 17:04:32,1,37.79653,-122.27079,30.512,20.052,0.0,-51,0.170,0.000,3.571
2014/08/28 17:04:37,1,37.79638,-122.27034,23.294,17.164,0.0,-51,0.163,0.000,0.000
2014/08/28 17:04:42,1,37.79628,-122.27007,20.669,3.528,0.0,-51,0.083,0.000,7.531
2014/08/28 17:04:47,1,37.79628,-122.27006,22.638,0.234,0.0,-51,0.109,0.000,0.000
2014/08/28 17:04:52,1,37.79627,-122.27004,27.559,2.138,0.0,-51,0.071,0.000,5.151
2014/08/28 17:04:57,1,37.79622,-122.26999,39.370,4.771,0.0,-63,0.000,0.000,0.000
2014/08/28 17:05:02,1,37.79612,-122.26976,42.979,11.873,0.0,-63,0.019,0.000,0.000
2014/08/28 17:05:07,1,37.79596,-122.26942,51.181,17.545,0.0,-63,0.045,0.000,0.000
2014/08/28 17:05:12,1,37.79590,-122.26929,53.806,0.273,0.0,-63,0.067,0.000,7.523
2014/08/28 17:05:17,1,37.79590,-122.26929,51.181,0.047,0.0,-63,0.125,0.000,0.000
2014/08/28 17:05:22,1,37.79590,-122.26928,49.869,0.119,0.0,-63,0.189,0.000,3.689
2014/08/28 17:05:27,1,37.79590,-122.26928,49.213,0.020,0.0,-63,0.218,0.000,3.545
2014/08/28 17:05:32,1,37.79590,-122.26928,47.900,0.058,0.0,-63,0.145,0.000,2.359
2014/08/28 17:05:37,1,37.79590,-122.26928,46.916,0.024,0.0,-63,0.205,0.000,2.168
2014/08/28 17:05:42,1,37.79590,-122.26926,45.604,4.585,0.0,-63,0.170,0.000,0.000
2014/08/28 17:05:47,1,37.79576,-122.26889,43.963,23.634,0.0,-63,0.029,0.000,0.000
2014/08/28 17:05:52,1,37.79554,-122.26836,41.010,17.517,0.0,-63,0.080,0.000,0.000
2014/08/28 17:05:57,1,37.79548,-122.26821,39.698,1.037,0.0,-67,0.000,0.000,0.000
2014/08/28 17:06:02,1,37.79548,-122.26821,39.698,0.095,0.0,-67,0.000,0.000,0.000
2014/08/28 17:06:07,1,37.79548,-122.26820,44.948,0.373,0.0,-67,0.000,0.000,0.000
2014/08/28 17:06:12,1,37.79538,-122.26797,41.339,18.839,0.0,-67,0.000,0.000,0.000
2014/08/28 17:06:17,1,37.79520,-122.26748,36.089,21.068,0.0,-67,0.000,0.000,9.922
2014/08/28 17:06:22,1,37.79505,-122.26712,35.433,11.064,0.0,-67,0.000,0.000,0.000
2014/08/28 17:06:27,1,37.79502,-122.26701,29.856,3.467,0.0,-65,0.000,0.000,0.000
2014/08/28 17:06:32,1,37.79497,-122.26687,32.152,8.314,0.0,-65,0.000,0.000,0.224
2014/08/28 17:06:37,1,37.79499,-122.26674,30.184,2.905,0.0,-65,0.000,0.000,0.575
2014/08/28 17:06:42,1,37.79504,-122.26670,31.824,0.410,0.0,-65,0.000,0.000,0.242
2014/08/28 17:06:47,2,37.79502,-122.26670,36.417,0.233,0.0,-65,0.000,0.000,0.408
2014/08/28 17:06:52,2,37.79501,-122.26670,42.979,0.254,0.0,-65,0.000,0.000,0.243
2014/08/28 17:06:57,2,37.79503,-122.26669,56.102,3.865,0.0,-65,0.000,0.000,0.256
2014/08/28 17:07:02,2,37.79520,-122.26662,44.948,7.852,0.0,-73,0.000,0.000,0.259
2014/08/28 17:07:07,2,37.79535,-122.26645,40.026,4.585,0.0,-73,0.000,0.000,0.326
2014/08/28 17:07:12,1,37.79553,-122.26655,19.029,15.454,0.0,-73,0.000,0.000,0.228
2014/08/28 17:07:17,1,37.79572,-122.26694,21.654,18.439,0.0,-73,0.000,0.000,0.227
2014/08/28 17:07:22,1,37.79590,-122.26720,26.903,5.180,0.0,-73,0.000,0.000,0.242
2014/08/28 17:07:27,1,37.79590,-122.26724,21.982,0.889,0.0,-73,0.000,0.000,0.274
2014/08/28 17:07:32,1,37.79592,-122.26726,3.937,0.037,0.0,-69,0.000,0.000,0.227
2014/08/28 17:07:37,1,37.79592,-122.26727,-5.249,1.846,0.0,-69,0.000,0.000,0.234
2014/08/28 17:07:42,1,37.79591,-122.26744,-5.577,5.317,0.0,-69,0.000,0.000,0.210
2014/08/28 17:07:47,1,37.79589,-122.26746,-5.249,0.248,0.0,-69,0.000,0.000,0.231
2014/08/28 17:07:52,1,37.79589,-122.26739,9.514,7.905,0.0,-69,0.000,0.000,0.227
2014/08/28 17:07:57,1,37.79580,-122.26711,17.060,14.270,0.0,-69,0.000,0.000,0.229
2014/08/28 17:08:02,1,37.79567,-122.26681,25.919,12.741,0.0,-59,0.000,0.000,0.211
2014/08/28 17:08:07,1,37.79560,-122.26672,44.948,4.028,0.0,-59,0.000,0.000,0.235
2014/08/28 17:08:12,1,37.79563,-122.26676,56.759,1.799,0.0,-59,0.000,0.000,0.260
2014/08/28 17:08:17,1,37.79568,-122.26679,73.491,2.303,0.0,-59,0.000,0.000,0.227
