Date-Time,DOP,Latitude,Longitude,Altitude (ft),Speed (mph),Heading (deg),mod1 SS (dBm),mod1 Down (Mbs),mod1 Up (Mbs),mod1 Ping (Sec)
2014/09/18 10:42:55,1,37.79572,-122.27367,38.386,0.009,0.0,-51,1.381,0.875,0.424
2014/09/18 10:43:00,1,37.79572,-122.27367,39.042,0.016,0.0,-51,1.619,0.333,0.322
2014/09/18 10:43:05,1,37.79571,-122.27366,39.370,0.011,0.0,-51,1.667,0.542,0.572
2014/09/18 10:43:10,1,37.79571,-122.27366,39.042,0.055,0.0,-51,1.833,0.375,0.321
2014/09/18 10:43:15,1,37.79571,-122.27366,39.698,0.014,0.0,-51,1.917,0.583,0.564
2014/09/18 10:43:20,1,37.79571,-122.27366,40.354,0.008,0.0,-51,1.833,0.000,0.553
2014/09/18 10:43:25,1,37.79571,-122.27366,39.370,0.005,0.0,-51,1.782,0.500,0.431
2014/09/18 10:43:30,1,37.79570,-122.27365,39.042,0.007,0.0,-51,1.971,0.542,0.389
2014/09/18 10:43:35,1,37.79570,-122.27365,36.745,0.003,0.0,-51,1.933,0.625,0.301
2014/09/18 10:43:40,1,37.79570,-122.27365,36.089,0.021,0.0,-51,1.923,0.667,0.386
2014/09/18 10:43:45,1,37.79570,-122.27365,35.433,0.011,0.0,-51,1.975,0.708,0.428
2014/09/18 10:43:50,1,37.79570,-122.27365,34.777,0.018,0.0,-51,2.083,0.500,0.329
2014/09/18 10:43:55,1,37.79570,-122.27365,34.121,0.049,0.0,-51,1.917,0.833,0.333
2014/09/18 10:44:00,1,37.79570,-122.27365,33.793,0.035,0.0,-51,2.013,0.500,0.344
2014/09/18 10:44:05,2,37.79569,-122.27365,29.528,0.039,0.0,-51,1.987,0.375,0.384
2014/09/18 10:44:10,2,37.79569,-122.27365,27.559,0.037,0.0,-51,1.920,0.500,0.443
2014/09/18 10:44:15,2,37.79569,-122.27366,25.919,0.065,0.0,-51,1.917,0.000,0.302
2014/09/18 10:44:20,2,37.79569,-122.27366,24.606,0.045,0.0,-51,1.917,0.583,0.381
2014/09/18 10:44:25,2,37.79569,-122.27365,23.950,0.014,0.0,-51,1.900,0.458,0.461
2014/09/18 10:44:30,2,37.79569,-122.27366,23.294,0.063,0.0,-51,1.706,0.500,0.576
2014/09/18 10:44:35,2,37.79569,-122.27366,23.294,0.027,0.0,-51,2.141,0.000,0.333
2014/09/18 10:44:40,2,37.79569,-122.27366,21.325,0.032,0.0,-51,2.253,0.042,0.362
2014/09/18 10:44:45,2,37.79568,-122.27366,20.013,0.021,0.0,-51,1.890,0.583,0.362
2014/09/18 10:44:50,2,37.79568,-122.27365,19.029,0.009,0.0,-51,1.872,0.000,0.314
2014/09/18 10:44:55,2,37.79568,-122.27365,20.013,0.034,0.0,-51,1.881,0.375,0.352
2014/09/18 10:45:00,2,37.79568,-122.27365,21.982,0.027,0.0,-51,1.462,0.167,0.617
2014/09/18 10:45:05,2,37.79568,-122.27365,21.982,0.075,0.0,-51,1.375,0.208,0.689
2014/09/18 10:45:10,2,37.79568,-122.27365,22.310,0.044,0.0,-51,1.850,0.500,0.286
2014/09/18 10:45:15,2,37.79568,-122.27366,22.966,0.037,0.0,-51,1.753,0.625,0.615
2014/09/18 10:45:20,2,37.79568,-122.27366,22.638,0.039,0.0,-51,1.747,0.583,0.270
2014/09/18 10:45:25,2,37.79569,-122.27366,23.622,0.024,0.0,-51,1.833,0.542,0.539
2014/09/18 10:45:30,2,37.79569,-122.27366,25.919,0.032,0.0,-51,0.000,0.500,0.422
2014/09/18 10:45:35,2,37.79569,-122.27366,27.887,0.026,0.0,-51,1.923,0.708,0.270
2014/09/18 10:45:40,2,37.79569,-122.27366,28.871,0.023,0.0,-51,1.910,0.625,0.237
2014/09/18 10:45:45,2,37.79569,-122.27366,29.199,0.026,0.0,-51,2.000,0.417,0.459
2014/09/18 10:45:50,2,37.79570,-122.27367,30.184,0.011,0.0,-51,1.788,0.750,0.438
2014/09/18 10:45:55,2,37.79570,-122.27367,30.184,0.004,0.0,-51,1.795,0.667,0.266
2014/09/18 10:46:00,2,37.79570,-122.27368,29.856,0.047,0.0,-51,1.833,0.000,0.466
2014/09/18 10:46:05,2,37.79569,-122.27367,29.199,0.032,0.0,-51,1.917,0.500,0.473
2014/09/18 10:46:10,2,37.79569,-122.27367,27.887,0.021,0.0,-51,1.856,0.500,0.346
2014/09/18 10:46:15,2,37.79569,-122.27366,26.903,0.012,0.0,-51,1.926,0.333,0.379
2014/09/18 10:46:20,2,37.79569,-122.27366,25.919,0.029,0.0,-51,1.964,0.458,0.411
2014/09/18 10:46:25,1,37.79569,-122.27365,27.559,0.105,0.0,-51,1.921,0.458,0.267
2014/09/18 10:46:30,1,37.79569,-122.27365,28.215,0.009,0.0,-51,1.920,0.500,0.363
2014/09/18 10:46:35,1,37.79569,-122.27365,29.199,0.062,0.0,-51,1.964,0.000,0.362
2014/09/18 10:46:40,1,37.79569,-122.27365,31.168,0.026,0.0,-51,2.000,0.000,0.344
2014/09/18 10:46:45,1,37.79569,-122.27365,32.152,0.021,0.0,-51,2.113,0.042,0.322
2014/09/18 10:46:50,1,37.79569,-122.27365,33.793,0.038,0.0,-51,2.006,0.708,0.571
2014/09/18 10:46:55,1,37.79569,-122.27366,34.121,0.028,0.0,-51,1.750,0.000,0.319
2014/09/18 10:47:00,2,37.79569,-122.27366,33.465,0.037,0.0,-51,1.983,0.542,0.485
2014/09/18 10:47:05,2,37.79569,-122.27366,33.136,0.013,0.0,-51,2.010,0.500,0.359
2014/09/18 10:47:10,2,37.79570,-122.27367,32.152,0.030,0.0,-51,1.917,0.500,0.561
2014/09/18 10:47:15,2,37.79570,-122.27367,32.480,0.005,0.0,-51,1.840,0.375,0.322
2014/09/18 10:47:20,2,37.79570,-122.27367,33.465,0.029,0.0,-51,1.833,0.542,0.518
2014/09/18 10:47:25,2,37.79570,-122.27367,31.824,0.285,0.0,-51,1.948,0.417,0.422
2014/09/18 10:47:30,2,37.79570,-122.27367,32.152,0.338,0.0,-51,1.882,0.750,0.510
2014/09/18 10:47:35,2,37.79570,-122.27366,32.480,0.039,0.0,-51,1.840,0.625,0.279
2014/09/18 10:47:40,2,37.79570,-122.27366,34.449,0.078,0.0,-51,1.994,0.542,0.554
2014/09/18 10:47:45,2,37.79569,-122.27366,33.136,0.039,0.0,-51,1.587,0.500,0.307
2014/09/18 10:47:50,2,37.79569,-122.27366,33.136,0.019,0.0,-51,1.371,1.000,0.598
2014/09/18 10:47:55,2,37.79569,-122.27366,34.449,0.044,0.0,-51,1.522,0.833,0.499
2014/09/18 10:48:00,2,37.79569,-122.27366,36.089,0.026,0.0,-51,1.644,0.833,0.507
2014/09/18 10:48:05,2,37.79570,-122.27365,37.073,2.768,0.0,-51,1.962,0.750,0.280
2014/09/18 10:48:10,2,37.79569,-122.27365,35.433,4.349,0.0,-51,1.163,0.000,1.483
2014/09/18 10:48:15,2,37.79550,-122.27371,35.105,13.729,0.0,-51,1.686,0.458,0.391
2014/09/18 10:48:20,2,37.79528,-122.27387,34.449,11.554,0.0,-51,1.984,0.000,0.270
2014/09/18 10:48:25,2,37.79507,-122.27383,32.480,12.703,0.0,-51,2.060,0.042,0.411
2014/09/18 10:48:30,2,37.79494,-122.27345,36.745,19.461,0.0,-51,1.256,0.417,0.812
2014/09/18 10:48:35,2,37.79478,-122.27301,45.932,18.736,0.0,-51,1.330,0.417,0.665
2014/09/18 10:48:40,1,37.79462,-122.27258,33.793,19.481,0.0,-53,1.517,0.000,0.703
2014/09/18 10:48:45,1,37.79445,-122.27213,48.228,19.771,0.0,-53,1.285,0.375,0.345
2014/09/18 10:48:50,1,37.79430,-122.27179,41.339,8.343,0.0,-53,1.058,0.292,1.094
2014/09/18 10:48:55,1,37.79426,-122.27169,41.339,7.861,0.0,-53,0.884,0.167,0.470
2014/09/18 10:49:00,1,37.79415,-122.27141,40.682,14.968,0.0,-53,0.690,0.167,1.280
2014/09/18 10:49:05,2,37.79402,-122.27105,40.354,16.788,0.0,-53,0.593,0.375,1.082
2014/09/18 10:49:10,2,37.79388,-122.27068,44.619,15.088,0.0,-65,0.420,0.000,2.626
2014/09/18 10:49:15,2,37.79370,-122.27026,44.948,17.478,0.0,-65,0.102,0.000,5.051
2014/09/18 10:49:20,2,37.79354,-122.26985,41.010,18.529,0.0,-65,0.173,0.167,0.000
2014/09/18 10:49:25,1,37.79337,-122.26942,40.026,19.015,0.0,-65,0.121,0.042,5.543
2014/09/18 10:49:30,1,37.79320,-122.26897,40.682,20.021,0.0,-65,0.163,0.042,2.979
2014/09/18 10:49:35,1,37.79302,-122.26854,38.714,17.713,0.0,-65,0.330,0.000,0.810
2014/09/18 10:49:40,1,37.79292,-122.26826,42.323,7.144,0.0,-65,0.420,0.208,1.089
2014/09/18 10:49:45,2,37.79289,-122.26815,48.228,7.539,0.0,-69,0.597,0.292,0.592
2014/09/18 10:49:50,2,37.79302,-122.26793,40.354,16.895,0.0,-69,0.000,0.292,0.782
2014/09/18 10:49:55,2,37.79336,-122.26771,36.089,20.182,0.0,-69,0.000,0.292,0.334
2014/09/18 10:50:00,2,37.79374,-122.26747,39.042,21.899,0.0,-69,0.000,0.875,0.450
2014/09/18 10:50:05,2,37.79413,-122.26724,64.304,20.597,0.0,-69,0.003,0.000,1.693
2014/09/18 10:50:10,2,37.79449,-122.26702,59.711,19.255,0.0,-69,0.114,1.167,3.751
2014/09/18 10:50:15,2,37.79477,-122.26684,58.727,14.170,0.0,-75,0.158,0.000,0.000
2014/09/18 10:50:20,2,37.79510,-122.26663,56.430,18.594,0.0,-75,0.301,0.208,3.456
2014/09/18 10:50:25,2,37.79549,-122.26649,75.787,19.393,0.0,-75,0.094,0.125,5.174
2014/09/18 10:50:30,2,37.79584,-122.26625,77.756,18.297,0.0,-75,0.279,0.083,1.502
2014/09/18 10:50:35,2,37.79606,-122.26611,96.457,5.703,0.0,-75,0.308,0.000,3.006
2014/09/18 10:50:40,2,37.79609,-122.26610,77.428,0.027,0.0,-75,0.247,0.083,1.886
2014/09/18 10:50:45,2,37.79609,-122.26610,59.711,0.047,0.0,-69,0.467,0.292,0.809
2014/09/18 10:50:50,2,37.79614,-122.26606,53.806,7.526,0.0,-69,0.462,0.208,1.040
2014/09/18 10:50:55,2,37.79635,-122.26594,55.118,14.757,0.0,-69,0.734,0.375,0.350
2014/09/18 10:51:00,2,37.79664,-122.26577,54.134,16.504,0.0,-69,0.863,0.708,0.284
2014/09/18 10:51:05,2,37.79687,-122.26563,62.336,9.564,0.0,-69,0.684,1.042,0.583
2014/09/18 10:51:10,2,37.79703,-122.26577,54.134,10.697,0.0,-69,0.620,0.833,1.239
2014/09/18 10:51:15,2,37.79707,-122.26595,53.478,4.641,0.0,-67,0.184,0.000,1.471
2014/09/18 10:51:20,2,37.79708,-122.26598,55.118,0.101,0.0,-67,0.232,0.458,1.647
2014/09/18 10:51:25,2,37.79707,-122.26599,55.774,0.014,0.0,-67,0.545,0.000,0.238
2014/09/18 10:51:30,2,37.79707,-122.26599,56.102,0.017,0.0,-67,0.676,0.000,0.338
2014/09/18 10:51:35,2,37.79707,-122.26598,56.102,0.040,0.0,-67,0.551,0.042,0.313
2014/09/18 10:51:40,2,37.79706,-122.26597,57.087,0.023,0.0,-67,0.513,0.500,0.466
2014/09/18 10:51:45,2,37.79705,-122.26595,55.446,0.541,0.0,-67,0.440,0.667,0.364
2014/09/18 10:51:50,2,37.79711,-122.26604,56.102,10.852,0.0,-65,0.434,0.833,0.367
2014/09/18 10:51:55,2,37.79725,-122.26639,54.134,15.686,0.0,-65,0.124,0.250,1.186
2014/09/18 10:52:00,2,37.79728,-122.26650,52.165,0.022,0.0,-65,0.630,0.625,0.338
2014/09/18 10:52:05,2,37.79728,-122.26650,53.150,0.009,0.0,-65,0.626,0.000,0.402
2014/09/18 10:52:10,2,37.79729,-122.26650,56.102,0.038,0.0,-65,0.567,0.750,0.582
2014/09/18 10:52:15,2,37.79729,-122.26650,59.055,0.054,0.0,-65,0.898,0.583,0.586
2014/09/18 10:52:20,2,37.79729,-122.26650,60.696,0.012,0.0,-65,0.444,0.958,0.791
2014/09/18 10:52:25,2,37.79729,-122.26650,62.008,0.022,0.0,-65,0.886,0.542,0.494
2014/09/18 10:52:30,2,37.79729,-122.26650,62.992,0.019,0.0,-65,0.878,0.667,0.610
2014/09/18 10:52:35,2,37.79729,-122.26650,63.648,0.103,0.0,-65,0.891,1.333,0.635
2014/09/18 10:52:40,2,37.79729,-122.26652,63.320,5.280,0.0,-65,0.425,0.667,0.265
2014/09/18 10:52:45,2,37.79743,-122.26684,63.320,21.562,0.0,-65,0.260,0.750,0.235
2014/09/18 10:52:50,2,37.79764,-122.26738,61.024,24.036,0.0,-65,0.000,0.875,0.246
2014/09/18 10:52:55,2,37.79779,-122.26782,59.711,11.786,0.0,-65,0.360,0.000,0.258
2014/09/18 10:53:00,2,37.79757,-122.26803,56.430,19.994,0.0,-65,0.714,0.000,0.217
2014/09/18 10:53:05,2,37.79733,-122.26818,54.134,3.587,0.0,-65,0.614,0.042,0.450
2014/09/18 10:53:10,2,37.79734,-122.26818,51.181,0.018,0.0,-65,0.953,0.958,0.427
2014/09/18 10:53:15,2,37.79734,-122.26817,46.916,0.036,0.0,-65,0.716,1.292,0.382
2014/09/18 10:53:20,2,37.79734,-122.26818,43.635,3.252,0.0,-53,0.647,1.167,0.390
2014/09/18 10:53:25,2,37.79713,-122.26831,43.307,15.813,0.0,-53,1.014,0.958,0.254
2014/09/18 10:53:30,2,37.79678,-122.26853,38.714,20.425,0.0,-53,0.687,0.917,0.403
2014/09/18 10:53:35,2,37.79659,-122.26867,37.730,1.284,0.0,-53,0.886,0.667,0.502
2014/09/18 10:53:40,2,37.79659,-122.26867,36.745,0.021,0.0,-53,0.769,0.958,0.723
2014/09/18 10:53:45,2,37.79645,-122.26875,37.730,9.858,0.0,-53,0.482,0.625,1.106
2014/09/18 10:53:50,2,37.79656,-122.26919,41.010,23.814,0.0,-53,0.338,0.625,1.255
2014/09/18 10:53:55,2,37.79675,-122.26974,36.745,25.329,0.0,-61,0.549,0.625,0.776
2014/09/18 10:54:00,2,37.79697,-122.27039,44.948,30.160,0.0,-61,0.539,0.000,0.380
2014/09/18 10:54:05,2,37.79726,-122.27121,45.276,39.280,0.0,-61,0.345,0.625,2.630
2014/09/18 10:54:10,2,37.79761,-122.27217,44.291,41.261,0.0,-61,0.276,0.250,0.999
2014/09/18 10:54:15,2,37.79797,-122.27315,44.291,42.944,0.0,-61,0.804,0.000,0.289
2014/09/18 10:54:20,2,37.79835,-122.27415,40.682,44.358,0.0,-61,0.549,0.000,0.710
2014/09/18 10:54:25,2,37.79875,-122.27526,39.698,49.583,0.0,-51,0.410,0.000,0.638
2014/09/18 10:54:30,2,37.79918,-122.27646,36.417,53.995,0.0,-51,0.378,0.000,0.803
2014/09/18 10:54:35,2,37.79967,-122.27773,33.793,57.212,0.0,-51,0.324,0.000,2.633
2014/09/18 10:54:40,2,37.80020,-122.27907,32.808,60.391,0.0,-51,0.580,0.042,1.137
2014/09/18 10:54:45,2,37.80075,-122.28047,31.168,62.794,0.0,-51,0.379,0.208,1.203
2014/09/18 10:54:50,2,37.80131,-122.28191,34.777,63.522,0.0,-51,0.340,0.417,2.024
2014/09/18 10:54:55,2,37.80191,-122.28332,43.307,62.882,0.0,-61,0.178,0.000,0.694
2014/09/18 10:55:00,2,37.80244,-122.28476,49.541,62.627,0.0,-61,0.715,0.333,0.786
2014/09/18 10:55:05,2,37.80281,-122.28629,57.087,63.347,0.0,-61,0.435,0.792,0.726
2014/09/18 10:55:10,2,37.80300,-122.28788,61.024,63.458,0.0,-61,0.882,0.792,0.302
2014/09/18 10:55:15,2,37.80301,-122.28950,60.367,64.513,0.0,-61,1.157,1.083,0.695
2014/09/18 10:55:20,2,37.80283,-122.29111,52.493,64.353,0.0,-61,0.952,0.750,0.457
2014/09/18 10:55:25,2,37.80257,-122.29273,38.714,65.076,0.0,-51,0.868,0.750,0.398
2014/09/18 10:55:30,2,37.80232,-122.29432,23.950,63.077,0.0,-51,0.875,0.833,0.482
2014/09/18 10:55:35,2,37.80213,-122.29590,9.843,64.077,0.0,-51,0.400,1.042,0.634
2014/09/18 10:55:40,2,37.80218,-122.29758,-1.969,68.416,0.0,-51,0.193,0.667,0.430
2014/09/18 10:55:45,2,37.80252,-122.29925,-2.297,67.568,0.0,-51,0.481,0.750,0.603
2014/09/18 10:55:50,2,37.80311,-122.30073,-1.640,62.573,0.0,-51,0.592,0.917,0.570
2014/09/18 10:55:55,2,37.80385,-122.30194,0.000,60.749,0.0,-63,0.923,0.917,0.901
2014/09/18 10:56:00,2,37.80475,-122.30296,0.328,59.371,0.0,-63,0.933,0.000,0.241
2014/09/18 10:56:05,2,37.80576,-122.30374,0.656,59.387,0.0,-63,1.275,0.000,0.270
2014/09/18 10:56:10,2,37.80691,-122.30428,0.984,61.970,0.0,-63,0.986,0.042,0.293
2014/09/18 10:56:15,2,37.80815,-122.30454,1.969,62.719,0.0,-63,0.668,0.542,0.542
2014/09/18 10:56:20,2,37.80941,-122.30450,1.969,61.810,0.0,-63,0.576,0.458,0.425
2014/09/18 10:56:25,2,37.81061,-122.30417,2.953,61.793,0.0,-63,0.000,1.000,0.519
2014/09/18 10:56:30,2,37.81173,-122.30356,2.297,59.835,0.0,-51,0.445,1.083,0.323
2014/09/18 10:56:35,2,37.81274,-122.30270,-0.984,60.618,0.0,-51,0.673,1.417,0.370
2014/09/18 10:56:40,2,37.81361,-122.30161,-2.625,61.182,0.0,-51,0.739,1.208,0.242
2014/09/18 10:56:45,2,37.81441,-122.30045,4.921,60.842,0.0,-51,0.840,1.292,0.530
2014/09/18 10:56:50,2,37.81518,-122.29931,15.748,57.200,0.0,-51,0.456,1.000,0.335
2014/09/18 10:56:55,2,37.81590,-122.29825,26.575,52.781,0.0,-51,0.860,1.083,0.569
2014/09/18 10:57:00,2,37.81656,-122.29730,40.026,49.460,0.0,-71,0.650,0.833,0.679
2014/09/18 10:57:06,2,37.81736,-122.29655,54.790,50.246,0.0,-71,0.789,0.000,0.551
2014/09/18 10:57:11,2,37.81833,-122.29614,62.336,51.613,0.0,-71,0.371,0.000,1.986
2014/09/18 10:57:16,2,37.81939,-122.29611,62.336,53.313,0.0,-71,0.209,0.000,1.019
2014/09/18 10:57:21,2,37.82043,-122.29653,57.743,56.452,0.0,-71,0.295,0.000,1.608
2014/09/18 10:57:26,2,37.82135,-122.29741,51.509,58.819,0.0,-71,0.156,0.042,0.537
2014/09/18 10:57:31,2,37.82202,-122.29866,40.354,60.342,0.0,-63,0.322,0.417,2.971
2014/09/18 10:57:36,2,37.82262,-122.30001,29.528,61.474,0.0,-63,0.057,0.167,2.466
2014/09/18 10:57:41,2,37.82320,-122.30131,23.950,56.740,0.0,-63,0.209,0.000,0.000
2014/09/18 10:57:46,2,37.82375,-122.30255,24.934,56.544,0.0,-63,0.079,0.417,3.718
2014/09/18 10:57:51,2,37.82430,-122.30386,26.247,58.555,0.0,-63,0.092,0.167,3.683
2014/09/18 10:57:56,2,37.82475,-122.30486,27.887,31.851,0.0,-63,0.397,0.500,1.099
2014/09/18 10:58:01,2,37.82493,-122.30526,27.231,4.794,0.0,-63,0.683,0.833,0.000
2014/09/18 10:58:06,2,37.82494,-122.30530,25.591,2.957,0.0,-63,0.636,0.750,0.000
2014/09/18 10:58:11,2,37.82498,-122.30540,25.262,4.158,0.0,-63,0.400,0.625,0.654
2014/09/18 10:58:16,2,37.82501,-122.30546,26.247,2.900,0.0,-63,0.347,0.833,0.635
2014/09/18 10:58:21,2,37.82506,-122.30558,26.247,2.111,0.0,-63,0.368,0.708,0.519
2014/09/18 10:58:26,2,37.82506,-122.30558,25.919,0.019,0.0,-63,0.604,1.042,0.351
2014/09/18 10:58:31,2,37.82506,-122.30558,25.262,0.035,0.0,-63,0.532,0.958,0.616
2014/09/18 10:58:36,2,37.82506,-122.30558,24.606,0.385,0.0,-63,0.545,0.000,1.006
2014/09/18 10:58:41,2,37.82507,-122.30559,26.575,0.052,0.0,-63,0.679,0.708,0.816
2014/09/18 10:58:46,2,37.82507,-122.30560,27.887,0.084,0.0,-63,0.517,0.375,0.491
2014/09/18 10:58:51,2,37.82509,-122.30563,25.919,0.181,0.0,-63,0.501,0.375,0.934
2014/09/18 10:58:56,2,37.82509,-122.30563,24.934,0.045,0.0,-63,0.750,0.708,0.402
2014/09/18 10:59:01,2,37.82509,-122.30563,24.278,0.398,0.0,-63,0.761,0.000,0.347
2014/09/18 10:59:06,2,37.82509,-122.30564,22.966,0.024,0.0,-65,1.200,0.000,0.270
2014/09/18 10:59:11,2,37.82509,-122.30565,22.310,0.024,0.0,-65,1.080,0.042,0.599
2014/09/18 10:59:16,2,37.82510,-122.30565,21.982,0.319,0.0,-65,0.967,1.083,0.466
2014/09/18 10:59:21,2,37.82510,-122.30567,21.654,0.073,0.0,-65,0.747,1.000,0.478
2014/09/18 10:59:26,2,37.82511,-122.30568,21.654,0.999,0.0,-65,1.097,0.958,0.450
2014/09/18 10:59:31,2,37.82511,-122.30569,21.325,0.020,0.0,-65,0.476,0.583,0.991
2014/09/18 10:59:36,2,37.82511,-122.30569,21.654,0.060,0.0,-63,0.472,1.417,0.444
2014/09/18 10:59:41,2,37.82512,-122.30569,21.325,0.048,0.0,-63,0.442,0.708,0.589
2014/09/18 10:59:46,2,37.82512,-122.30571,21.654,0.542,0.0,-63,0.442,0.458,1.025
2014/09/18 10:59:51,2,37.82512,-122.30571,22.966,0.030,0.0,-63,0.302,0.333,1.530
2014/09/18 10:59:56,2,37.82513,-122.30573,22.966,0.050,0.0,-63,0.459,0.000,1.455
2014/09/18 11:00:01,2,37.82514,-122.30575,23.622,0.044,0.0,-63,0.406,0.792,1.377
2014/09/18 11:00:06,2,37.82514,-122.30576,23.950,0.011,0.0,-63,0.514,0.292,1.407
2014/09/18 11:00:11,2,37.82514,-122.30576,24.934,0.022,0.0,-63,0.557,0.250,1.278
2014/09/18 11:00:16,2,37.82514,-122.30576,25.262,0.011,0.0,-63,0.440,0.000,0.931
2014/09/18 11:00:21,2,37.82514,-122.30576,24.934,0.038,0.0,-63,0.298,0.000,0.458
2014/09/18 11:00:26,2,37.82515,-122.30578,24.934,2.694,0.0,-63,0.762,0.333,0.911
2014/09/18 11:00:31,2,37.82518,-122.30584,23.950,1.556,0.0,-63,0.487,0.292,1.250
2014/09/18 11:00:36,2,37.82519,-122.30586,24.606,0.034,0.0,-63,0.429,0.417,0.697
2014/09/18 11:00:41,2,37.82519,-122.30587,24.278,2.907,0.0,-63,0.726,0.750,0.790
2014/09/18 11:00:46,2,37.82522,-122.30594,24.278,0.940,0.0,-63,0.000,0.000,1.139
2014/09/18 11:00:51,2,37.82523,-122.30596,24.278,1.643,0.0,-63,0.325,0.000,0.690
2014/09/18 11:00:56,2,37.82524,-122.30597,23.294,0.026,0.0,-63,0.472,0.000,1.023
2014/09/18 11:01:01,2,37.82524,-122.30597,22.638,0.019,0.0,-63,0.384,0.000,0.813
2014/09/18 11:01:06,2,37.82524,-122.30599,21.982,1.763,0.0,-63,0.610,0.042,0.242
2014/09/18 11:01:11,2,37.82527,-122.30605,20.341,3.885,0.0,-65,0.357,1.083,0.530
2014/09/18 11:01:16,2,37.82529,-122.30611,19.029,0.850,0.0,-65,0.618,1.000,0.374
2014/09/18 11:01:21,2,37.82529,-122.30612,17.060,0.635,0.0,-65,0.937,0.875,0.726
2014/09/18 11:01:26,2,37.82530,-122.30615,16.076,1.510,0.0,-65,0.660,0.375,0.787
2014/09/18 11:01:31,2,37.82530,-122.30616,15.420,0.248,0.0,-65,0.731,0.250,0.995
2014/09/18 11:01:36,2,37.82530,-122.30616,14.436,0.030,0.0,-65,0.475,0.000,0.814
2014/09/18 11:01:41,2,37.82530,-122.30616,13.780,0.036,0.0,-69,0.371,0.333,1.765
2014/09/18 11:01:46,2,37.82530,-122.30616,13.123,0.030,0.0,-69,0.350,0.333,1.261
2014/09/18 11:01:51,2,37.82530,-122.30616,12.467,0.019,0.0,-69,0.522,0.167,0.931
2014/09/18 11:01:56,2,37.82530,-122.30616,12.795,0.024,0.0,-69,0.731,0.000,1.125
2014/09/18 11:02:01,2,37.82530,-122.30617,12.795,0.044,0.0,-69,0.721,0.208,2.074
2014/09/18 11:02:06,2,37.82531,-122.30618,13.451,1.164,0.0,-69,0.372,0.083,1.238
2014/09/18 11:02:11,2,37.82532,-122.30622,12.795,2.995,0.0,-65,0.362,0.458,0.702
2014/09/18 11:02:16,2,37.82533,-122.30625,13.780,0.009,0.0,-65,0.497,0.958,0.787
2014/09/18 11:02:21,2,37.82533,-122.30625,15.092,0.522,0.0,-65,0.654,1.000,0.355
2014/09/18 11:02:26,2,37.82535,-122.30632,15.420,3.629,0.0,-65,0.463,1.167,0.449
2014/09/18 11:02:31,2,37.82538,-122.30640,15.420,3.303,0.0,-65,0.815,0.625,0.806
2014/09/18 11:02:36,2,37.82540,-122.30649,15.748,3.318,0.0,-65,0.529,0.292,2.489
2014/09/18 11:02:41,2,37.82542,-122.30658,16.076,2.001,0.0,-65,0.532,0.625,0.995
2014/09/18 11:02:46,2,37.82543,-122.30659,16.732,0.078,0.0,-65,0.395,0.000,0.351
2014/09/18 11:02:51,2,37.82543,-122.30660,17.717,0.103,0.0,-65,0.611,0.000,1.287
2014/09/18 11:02:56,2,37.82544,-122.30664,17.388,0.202,0.0,-65,0.352,0.000,1.215
2014/09/18 11:03:01,2,37.82544,-122.30665,17.717,0.078,0.0,-65,0.200,0.000,0.786
2014/09/18 11:03:06,2,37.82544,-122.30667,18.701,2.981,0.0,-65,0.494,0.000,0.318
2014/09/18 11:03:11,2,37.82547,-122.30678,19.029,5.200,0.0,-65,0.842,0.000,0.423
2014/09/18 11:03:16,2,37.82549,-122.30688,19.357,3.929,0.0,-67,0.417,0.000,1.311
2014/09/18 11:03:21,2,37.82551,-122.30700,18.373,5.415,0.0,-67,0.347,0.042,0.363
2014/09/18 11:03:26,2,37.82553,-122.30709,15.092,1.090,0.0,-67,0.259,0.583,0.394
2014/09/18 11:03:31,2,37.82554,-122.30716,13.780,3.685,0.0,-67,0.462,0.458,0.750
2014/09/18 11:03:36,2,37.82554,-122.30717,13.451,0.020,0.0,-67,0.503,0.875,0.413
2014/09/18 11:03:41,2,37.82554,-122.30716,14.764,0.017,0.0,-67,0.513,1.125,0.303
2014/09/18 11:03:46,2,37.82554,-122.30717,15.748,1.407,0.0,-65,0.916,1.458,0.738
2014/09/18 11:03:51,2,37.82555,-122.30719,15.420,1.388,0.0,-65,0.489,0.875,0.310
2014/09/18 11:03:56,2,37.82555,-122.30726,14.108,3.095,0.0,-65,0.495,1.000,0.583
2014/09/18 11:04:01,2,37.82556,-122.30732,13.123,2.340,0.0,-65,0.653,0.958,0.318
2014/09/18 11:04:06,2,37.82556,-122.30734,15.092,0.279,0.0,-65,0.633,1.083,0.334
2014/09/18 11:04:11,2,37.82556,-122.30738,15.092,1.267,0.0,-65,1.041,1.208,0.570
2014/09/18 11:04:16,2,37.82556,-122.30739,14.764,0.052,0.0,-65,0.707,0.667,0.690
2014/09/18 11:04:21,2,37.82556,-122.30739,14.108,0.019,0.0,-65,0.668,0.000,0.411
2014/09/18 11:04:26,2,37.82556,-122.30739,13.123,0.700,0.0,-65,0.857,0.000,0.270
2014/09/18 11:04:31,2,37.82556,-122.30740,14.108,0.026,0.0,-65,0.493,0.042,0.477
2014/09/18 11:04:36,2,37.82556,-122.30742,14.764,2.770,0.0,-65,0.386,0.708,0.439
2014/09/18 11:04:41,2,37.82556,-122.30752,15.420,4.852,0.0,-65,0.518,1.125,1.634
2014/09/18 11:04:46,2,37.82557,-122.30760,18.045,0.057,0.0,-65,0.187,0.250,0.000
2014/09/18 11:04:51,2,37.82557,-122.30761,20.341,1.557,0.0,-63,0.082,0.208,4.836
2014/09/18 11:04:56,2,37.82557,-122.30762,22.638,0.038,0.0,-63,0.324,0.000,2.559
2014/09/18 11:05:01,2,37.82557,-122.30764,23.294,2.236,0.0,-63,0.112,0.417,0.000
2014/09/18 11:05:06,2,37.82557,-122.30766,24.934,0.052,0.0,-63,0.132,0.333,3.499
2014/09/18 11:05:11,2,37.82557,-122.30767,26.247,1.623,0.0,-63,0.295,0.500,1.750
2014/09/18 11:05:16,2,37.82558,-122.30774,28.215,2.733,0.0,-63,0.147,0.000,3.579
2014/09/18 11:05:21,2,37.82558,-122.30778,30.184,0.016,0.0,-71,0.183,0.292,2.186
2014/09/18 11:05:26,2,37.82558,-122.30778,32.152,0.242,0.0,-71,0.202,0.000,3.286
2014/09/18 11:05:31,2,37.82558,-122.30785,33.136,3.273,0.0,-71,0.141,0.250,0.000
2014/09/18 11:05:36,2,37.82558,-122.30792,35.105,1.704,0.0,-71,0.292,0.250,0.563
2014/09/18 11:05:41,2,37.82559,-122.30794,38.058,2.020,0.0,-71,0.358,0.375,1.382
2014/09/18 11:05:46,2,37.82558,-122.30802,40.682,4.024,0.0,-71,0.764,0.750,0.689
2014/09/18 11:05:51,2,37.82557,-122.30813,41.667,3.908,0.0,-69,0.567,0.875,0.687
2014/09/18 11:05:56,2,37.82557,-122.30823,41.667,1.243,0.0,-69,0.391,0.250,2.057
2014/09/18 11:06:01,2,37.82557,-122.30824,42.651,0.067,0.0,-69,0.346,0.000,0.514
2014/09/18 11:06:06,2,37.82557,-122.30825,43.635,2.288,0.0,-69,0.277,0.500,1.090
2014/09/18 11:06:11,2,37.82556,-122.30830,43.307,0.385,0.0,-69,0.527,0.375,0.435
2014/09/18 11:06:16,2,37.82556,-122.30830,42.651,0.038,0.0,-69,0.514,1.042,0.595
2014/09/18 11:06:21,2,37.82556,-122.30830,42.979,0.041,0.0,-69,0.000,0.833,2.462
2014/09/18 11:06:26,2,37.82556,-122.30836,42.323,4.128,0.0,-69,0.251,0.125,0.000
2014/09/18 11:06:31,2,37.82554,-122.30847,40.682,2.012,0.0,-69,0.000,0.292,4.494
2014/09/18 11:06:36,2,37.82554,-122.30848,37.402,0.038,0.0,-69,0.000,0.000,0.334
2014/09/18 11:06:41,2,37.82553,-122.30854,36.417,3.927,0.0,-69,0.003,0.000,0.239
2014/09/18 11:06:46,2,37.82551,-122.30863,34.449,2.354,0.0,-69,0.557,0.000,1.048
2014/09/18 11:06:51,2,37.82550,-122.30867,31.168,0.108,0.0,-69,0.798,0.000,0.850
2014/09/18 11:06:56,2,37.82550,-122.30867,30.512,0.009,0.0,-65,0.494,0.000,1.484
2014/09/18 11:07:01,2,37.82549,-122.30870,29.856,0.664,0.0,-65,0.961,0.000,0.438
2014/09/18 11:07:06,2,37.82549,-122.30871,30.184,1.362,0.0,-65,1.503,0.000,0.302
2014/09/18 11:07:11,2,37.82549,-122.30873,27.887,0.057,0.0,-65,1.173,0.042,0.982
2014/09/18 11:07:16,2,37.82549,-122.30873,27.887,0.065,0.0,-65,0.702,0.208,1.501
2014/09/18 11:07:21,2,37.82548,-122.30874,27.231,2.121,0.0,-65,0.881,0.125,0.779
2014/09/18 11:07:26,2,37.82547,-122.30882,25.591,2.176,0.0,-71,0.760,0.167,1.322
2014/09/18 11:07:31,2,37.82546,-122.30888,24.934,1.934,0.0,-71,0.484,0.125,1.501
2014/09/18 11:07:36,2,37.82545,-122.30890,23.294,0.604,0.0,-71,0.622,0.000,0.474
2014/09/18 11:07:41,2,37.82545,-122.30893,21.654,3.524,0.0,-71,0.330,0.125,2.062
2014/09/18 11:07:46,2,37.82544,-122.30899,20.013,0.352,0.0,-71,0.461,0.083,1.175
2014/09/18 11:07:51,2,37.82543,-122.30899,18.045,0.049,0.0,-71,0.648,0.208,1.602
2014/09/18 11:07:56,2,37.82543,-122.30899,16.076,0.032,0.0,-65,0.683,0.250,1.238
2014/09/18 11:08:01,2,37.82543,-122.30899,13.123,0.008,0.0,-65,0.487,0.000,0.000
2014/09/18 11:08:06,2,37.82543,-122.30899,10.827,0.021,0.0,-65,0.250,0.208,1.354
2014/09/18 11:08:11,2,37.82542,-122.30902,12.467,2.007,0.0,-65,0.789,0.083,1.998
2014/09/18 11:08:16,2,37.82541,-122.30908,12.467,1.249,0.0,-65,0.522,0.333,0.577
2014/09/18 11:08:21,2,37.82540,-122.30909,13.123,1.467,0.0,-65,0.708,0.208,1.264
2014/09/18 11:08:26,2,37.82539,-122.30917,14.436,3.087,0.0,-73,0.687,0.000,0.834
2014/09/18 11:08:31,2,37.82537,-122.30926,12.467,4.902,0.0,-73,0.810,0.167,1.016
2014/09/18 11:08:36,2,37.82537,-122.30931,11.155,0.058,0.0,-73,0.830,0.125,0.242
2014/09/18 11:08:41,2,37.82537,-122.30931,12.467,0.017,0.0,-73,0.613,0.083,0.714
2014/09/18 11:08:46,2,37.82536,-122.30931,10.827,0.028,0.0,-73,0.378,0.000,2.502
2014/09/18 11:08:51,2,37.82536,-122.30932,8.858,0.052,0.0,-73,0.321,0.125,2.329
2014/09/18 11:08:56,2,37.82536,-122.30932,7.546,0.049,0.0,-73,0.852,0.250,0.670
2014/09/18 11:09:01,2,37.82536,-122.30932,6.562,0.077,0.0,-67,0.833,0.375,0.559
2014/09/18 11:09:06,2,37.82536,-122.30933,6.890,1.079,0.0,-67,0.702,0.208,1.186
2014/09/18 11:09:11,2,37.82535,-122.30940,5.249,4.114,0.0,-67,0.843,0.000,0.818
2014/09/18 11:09:16,2,37.82533,-122.30946,4.265,0.044,0.0,-67,0.901,0.167,0.774
2014/09/18 11:09:21,2,37.82533,-122.30946,2.953,0.094,0.0,-67,1.041,0.292,0.362
2014/09/18 11:09:26,2,37.82533,-122.30946,3.281,0.048,0.0,-67,0.959,0.125,0.539
2014/09/18 11:09:31,2,37.82533,-122.30945,6.562,0.054,0.0,-63,1.186,0.167,0.499
2014/09/18 11:09:36,2,37.82532,-122.30945,7.874,0.726,0.0,-63,1.134,0.000,0.458
2014/09/18 11:09:41,2,37.82531,-122.30951,7.218,0.912,0.0,-63,0.968,0.250,1.115
2014/09/18 11:09:46,2,37.82531,-122.30952,4.265,0.042,0.0,-63,0.955,0.167,0.353
2014/09/18 11:09:51,2,37.82531,-122.30954,3.281,0.103,0.0,-63,1.029,0.292,0.498
2014/09/18 11:09:56,2,37.82531,-122.30954,2.625,0.575,0.0,-63,0.990,0.208,0.507
2014/09/18 11:10:01,2,37.82531,-122.30956,1.312,0.925,0.0,-63,0.817,0.375,1.525
2014/09/18 11:10:06,2,37.82529,-122.30964,0.656,4.534,0.0,-63,0.616,0.125,1.852
2014/09/18 11:10:11,2,37.82528,-122.30970,0.656,0.362,0.0,-63,0.628,0.000,1.378
2014/09/18 11:10:16,2,37.82528,-122.30970,0.656,0.016,0.0,-63,0.523,0.167,1.717
2014/09/18 11:10:21,2,37.82529,-122.30970,0.984,0.090,0.0,-63,0.484,0.083,0.695
2014/09/18 11:10:26,2,37.82528,-122.30970,0.656,0.073,0.0,-63,0.516,0.125,1.946
2014/09/18 11:10:31,2,37.82528,-122.30971,0.656,1.967,0.0,-65,0.426,0.000,1.287
2014/09/18 11:10:36,2,37.82527,-122.30980,0.656,1.446,0.0,-65,0.856,0.042,0.796
2014/09/18 11:10:41,2,37.82527,-122.30980,1.969,0.081,0.0,-65,0.936,0.167,0.738
2014/09/18 11:10:46,2,37.82527,-122.30981,1.640,0.040,0.0,-65,0.824,0.375,1.227
2014/09/18 11:10:51,2,37.82527,-122.30981,0.984,1.133,0.0,-65,0.805,0.167,1.062
2014/09/18 11:10:56,2,37.82525,-122.30990,0.656,5.418,0.0,-65,0.628,0.000,0.830
2014/09/18 11:11:01,2,37.82523,-122.31003,-0.984,3.732,0.0,-65,0.449,0.125,1.530
2014/09/18 11:11:06,2,37.82522,-122.31005,-1.312,0.064,0.0,-59,0.390,0.000,1.115
2014/09/18 11:11:11,2,37.82522,-122.31006,-0.984,0.036,0.0,-59,0.340,0.083,2.458
2014/09/18 11:11:16,2,37.82522,-122.31006,-0.656,0.016,0.0,-59,0.621,0.083,0.658
2014/09/18 11:11:21,2,37.82523,-122.31005,0.000,0.025,0.0,-59,0.904,0.208,0.994
2014/09/18 11:11:26,2,37.82522,-122.31007,-0.656,2.337,0.0,-59,0.833,0.292,1.367
2014/09/18 11:11:31,2,37.82520,-122.31017,-0.656,2.789,0.0,-59,0.439,0.000,1.913
2014/09/18 11:11:36,2,37.82520,-122.31020,-0.984,0.004,0.0,-67,1.010,0.167,0.875
2014/09/18 11:11:41,2,37.82520,-122.31020,0.000,0.017,0.0,-67,0.613,0.333,0.758
2014/09/18 11:11:46,2,37.82520,-122.31020,0.328,1.684,0.0,-67,0.394,0.125,1.045
2014/09/18 11:11:51,2,37.82519,-122.31024,-0.328,0.004,0.0,-67,0.805,0.208,1.330
2014/09/18 11:11:56,2,37.82519,-122.31024,-0.656,0.022,0.0,-67,0.859,0.000,0.690
2014/09/18 11:12:01,2,37.82519,-122.31024,-0.328,0.073,0.0,-67,0.571,0.250,1.151
2014/09/18 11:12:06,2,37.82518,-122.31027,0.000,3.033,0.0,-69,0.391,0.125,1.339
2014/09/18 11:12:11,2,37.82518,-122.31030,-0.328,0.146,0.0,-69,0.183,0.083,3.123
2014/09/18 11:12:16,2,37.82518,-122.31030,1.312,0.072,0.0,-69,0.442,0.000,2.247
2014/09/18 11:12:21,2,37.82518,-122.31031,1.640,1.563,0.0,-69,0.000,0.250,0.940
2014/09/18 11:12:26,2,37.82517,-122.31036,1.969,3.460,0.0,-69,0.658,0.208,1.199
2014/09/18 11:12:31,2,37.82516,-122.31042,2.625,2.698,0.0,-69,0.573,0.292,1.113
2014/09/18 11:12:36,2,37.82516,-122.31044,2.625,0.057,0.0,-73,0.596,0.000,1.751
2014/09/18 11:12:41,2,37.82517,-122.31044,4.593,0.046,0.0,-73,0.398,0.250,1.474
2014/09/18 11:12:46,2,37.82517,-122.31044,5.249,0.030,0.0,-73,0.641,0.333,0.890
2014/09/18 11:12:51,2,37.82516,-122.31046,6.234,1.440,0.0,-73,0.548,0.000,0.650
2014/09/18 11:12:56,2,37.82516,-122.31047,7.218,0.220,0.0,-73,0.821,0.000,0.786
2014/09/18 11:13:01,2,37.82516,-122.31048,7.218,0.024,0.0,-73,1.052,0.000,1.362
2014/09/18 11:13:06,2,37.82516,-122.31047,8.530,0.011,0.0,-73,0.529,0.000,2.166
2014/09/18 11:13:11,2,37.82516,-122.31049,7.874,1.672,0.0,-75,0.337,0.000,0.485
2014/09/18 11:13:16,2,37.82515,-122.31052,7.546,1.771,0.0,-75,0.651,0.000,1.475
2014/09/18 11:13:21,2,37.82515,-122.31054,7.218,0.045,0.0,-75,0.429,0.000,0.941
2014/09/18 11:13:26,2,37.82515,-122.31054,7.874,0.014,0.0,-75,0.609,0.000,0.711
2014/09/18 11:13:31,2,37.82515,-122.31054,8.530,0.028,0.0,-75,0.789,0.000,1.018
2014/09/18 11:13:36,2,37.82515,-122.31054,8.202,0.132,0.0,-75,0.747,0.042,1.042
2014/09/18 11:13:41,2,37.82515,-122.31058,9.186,2.263,0.0,-69,0.602,0.167,3.731
2014/09/18 11:13:46,2,37.82515,-122.31060,9.186,0.082,0.0,-69,0.000,0.083,1.263
2014/09/18 11:13:51,2,37.82514,-122.31062,10.171,1.712,0.0,-69,0.000,1.000,0.465
2014/09/18 11:13:56,2,37.82514,-122.31063,10.827,0.080,0.0,-69,0.000,1.042,0.359
2014/09/18 11:14:01,2,37.82514,-122.31062,12.467,0.027,0.0,-69,0.003,1.458,1.007
2014/09/18 11:14:06,2,37.82514,-122.31064,13.780,1.827,0.0,-69,0.197,0.250,1.055
2014/09/18 11:14:11,2,37.82513,-122.31069,13.780,1.534,0.0,-67,0.225,0.292,0.615
2014/09/18 11:14:16,2,37.82513,-122.31070,14.108,0.046,0.0,-67,0.238,0.250,0.791
2014/09/18 11:14:21,2,37.82513,-122.31071,15.092,1.612,0.0,-67,0.270,0.000,1.123
2014/09/18 11:14:26,2,37.82513,-122.31078,15.092,1.854,0.0,-67,0.259,0.375,0.878
2014/09/18 11:14:31,2,37.82513,-122.31079,14.436,0.022,0.0,-67,0.346,0.750,0.000
2014/09/18 11:14:36,2,37.82513,-122.31079,15.092,0.405,0.0,-67,0.234,0.250,2.879
2014/09/18 11:14:41,2,37.82513,-122.31080,15.420,0.207,0.0,-71,0.198,0.250,2.825
2014/09/18 11:14:46,2,37.82513,-122.31080,17.388,0.202,0.0,-71,0.209,0.167,3.363
2014/09/18 11:14:51,2,37.82513,-122.31080,18.373,0.037,0.0,-71,0.321,0.000,1.466
2014/09/18 11:14:56,2,37.82513,-122.31082,18.701,2.133,0.0,-71,0.487,0.375,0.438
2014/09/18 11:15:01,2,37.82512,-122.31092,20.341,6.008,0.0,-71,0.513,0.792,0.502
2014/09/18 11:15:06,2,37.82512,-122.31105,21.325,3.300,0.0,-71,0.295,0.500,0.939
2014/09/18 11:15:11,2,37.82512,-122.31109,20.997,1.355,0.0,-71,0.233,0.375,2.378
2014/09/18 11:15:16,2,37.82513,-122.31111,20.341,0.045,0.0,-69,0.230,0.667,1.081
2014/09/18 11:15:21,2,37.82513,-122.31111,20.341,0.033,0.0,-69,0.127,0.000,2.691
2014/09/18 11:15:26,2,37.82513,-122.31111,20.013,0.270,0.0,-69,0.000,0.375,2.287
2014/09/18 11:15:31,2,37.82513,-122.31113,19.029,2.076,0.0,-69,0.000,0.417,2.251
2014/09/18 11:15:36,2,37.82513,-122.31120,19.029,3.496,0.0,-69,0.000,0.000,0.246
2014/09/18 11:15:41,2,37.82513,-122.31128,19.029,2.950,0.0,-69,0.003,0.000,0.562
2014/09/18 11:15:46,2,37.82513,-122.31132,18.045,1.437,0.0,-73,0.333,0.000,1.567
2014/09/18 11:15:51,2,37.82513,-122.31140,17.717,4.361,0.0,-73,0.000,0.000,1.282
2014/09/18 11:15:56,2,37.82513,-122.31149,16.076,2.085,0.0,-73,0.313,0.000,1.698
2014/09/18 11:16:01,2,37.82513,-122.31156,17.388,3.443,0.0,-73,0.171,0.000,0.418
2014/09/18 11:16:06,2,37.82513,-122.31166,17.060,3.947,0.0,-73,0.192,0.000,0.614
2014/09/18 11:16:11,2,37.82513,-122.31170,17.717,0.426,0.0,-73,0.170,0.000,1.731
2014/09/18 11:16:16,2,37.82512,-122.31172,17.060,0.029,0.0,-77,0.227,0.000,0.719
2014/09/18 11:16:21,2,37.82512,-122.31172,15.420,0.047,0.0,-77,0.204,0.000,1.040
2014/09/18 11:16:26,2,37.82512,-122.31173,13.451,0.360,0.0,-77,0.194,0.000,0.655
2014/09/18 11:16:32,2,37.82512,-122.31178,13.123,2.704,0.0,-77,0.187,0.000,2.723
2014/09/18 11:16:37,2,37.82512,-122.31181,13.123,0.063,0.0,-77,0.174,0.000,0.667
2014/09/18 11:16:42,2,37.82512,-122.31183,14.436,1.215,0.0,-77,0.000,0.000,2.072
2014/09/18 11:16:47,2,37.82513,-122.31187,16.076,1.373,0.0,-69,0.000,0.042,0.831
2014/09/18 11:16:52,2,37.82513,-122.31190,18.373,0.026,0.0,-69,0.000,0.250,1.362
2014/09/18 11:16:57,2,37.82513,-122.31190,19.357,0.044,0.0,-69,0.000,0.250,1.862
2014/09/18 11:17:02,2,37.82513,-122.31193,20.997,2.480,0.0,-69,0.000,0.250,1.603
2014/09/18 11:17:07,2,37.82513,-122.31196,23.622,0.022,0.0,-69,0.000,0.000,3.771
2014/09/18 11:17:12,2,37.82513,-122.31199,24.606,3.234,0.0,-69,0.000,0.083,2.206
2014/09/18 11:17:17,2,37.82513,-122.31208,23.294,3.120,0.0,-73,0.003,0.542,1.193
2014/09/18 11:17:22,2,37.82513,-122.31209,24.606,0.035,0.0,-73,0.127,0.542,0.000
2014/09/18 11:17:27,2,37.82514,-122.31211,25.591,2.345,0.0,-73,0.183,0.000,2.926
2014/09/18 11:17:32,2,37.82514,-122.31219,26.247,1.495,0.0,-73,0.157,0.083,3.422
2014/09/18 11:17:37,2,37.82514,-122.31220,29.528,0.072,0.0,-73,0.391,0.083,1.706
2014/09/18 11:17:42,2,37.82514,-122.31220,29.856,0.292,0.0,-73,0.000,0.167,1.926
2014/09/18 11:17:47,2,37.82514,-122.31222,27.231,0.997,0.0,-73,0.000,0.042,5.014
2014/09/18 11:17:52,2,37.82514,-122.31223,24.278,0.170,0.0,-71,0.003,0.000,1.006
2014/09/18 11:17:57,2,37.82514,-122.31224,21.654,0.131,0.0,-71,0.076,0.500,2.918
2014/09/18 11:18:02,2,37.82514,-122.31224,20.669,0.060,0.0,-71,0.079,0.167,0.000
2014/09/18 11:18:07,2,37.82514,-122.31225,20.013,0.759,0.0,-71,0.060,0.042,0.000
2014/09/18 11:18:12,2,37.82514,-122.31231,19.685,3.253,0.0,-71,0.032,0.083,8.583
2014/09/18 11:18:17,2,37.82514,-122.31234,23.622,0.209,0.0,-71,0.000,0.167,3.186
2014/09/18 11:18:22,2,37.82514,-122.31235,24.934,0.026,0.0,-73,0.000,0.042,1.626
2014/09/18 11:18:27,2,37.82515,-122.31235,25.919,0.055,0.0,-73,0.000,0.083,0.546
2014/09/18 11:18:32,2,37.82515,-122.31236,25.919,0.019,0.0,-73,0.000,0.167,1.506
2014/09/18 11:18:37,2,37.82515,-122.31237,26.903,0.108,0.0,-73,0.003,0.000,1.414
2014/09/18 11:18:42,2,37.82515,-122.31239,26.903,1.702,0.0,-73,0.102,0.333,0.000
2014/09/18 11:18:47,2,37.82515,-122.31240,25.262,0.039,0.0,-73,0.116,0.000,5.485
2014/09/18 11:18:52,2,37.82515,-122.31240,23.622,0.019,0.0,-73,0.116,0.167,0.000
2014/09/18 11:18:57,2,37.82514,-122.31240,20.669,0.045,0.0,-73,0.000,0.167,1.448
2014/09/18 11:19:02,2,37.82514,-122.31241,19.029,1.365,0.0,-73,0.000,0.500,0.383
2014/09/18 11:19:07,2,37.82514,-122.31247,17.717,2.224,0.0,-73,0.000,0.375,1.194
2014/09/18 11:19:12,2,37.82514,-122.31252,19.029,2.465,0.0,-73,0.000,0.375,1.006
2014/09/18 11:19:17,2,37.82514,-122.31254,19.029,0.025,0.0,-73,0.000,0.000,2.106
2014/09/18 11:19:22,2,37.82514,-122.31254,18.373,0.035,0.0,-69,0.000,0.292,1.346
2014/09/18 11:19:27,2,37.82514,-122.31255,18.701,0.021,0.0,-69,0.000,0.292,0.536
2014/09/18 11:19:32,2,37.82515,-122.31259,19.029,3.247,0.0,-69,0.000,0.292,0.948
2014/09/18 11:19:37,2,37.82514,-122.31263,17.717,0.049,0.0,-69,0.000,0.292,1.722
2014/09/18 11:19:42,2,37.82514,-122.31263,18.045,1.180,0.0,-69,0.000,0.292,1.269
2014/09/18 11:19:47,2,37.82514,-122.31269,17.717,2.450,0.0,-69,0.003,0.292,1.054
2014/09/18 11:19:52,2,37.82514,-122.31270,17.388,0.039,0.0,-69,0.423,0.500,0.942
2014/09/18 11:19:57,2,37.82515,-122.31271,17.717,0.232,0.0,-71,0.406,0.000,1.781
2014/09/18 11:20:02,2,37.82515,-122.31272,18.701,0.739,0.0,-71,0.375,0.208,0.657
2014/09/18 11:20:07,2,37.82514,-122.31274,17.717,1.916,0.0,-71,0.208,0.000,3.266
2014/09/18 11:20:12,2,37.82514,-122.31278,17.717,2.135,0.0,-71,0.196,0.167,3.691
2014/09/18 11:20:17,2,37.82514,-122.31284,19.029,1.895,0.0,-71,0.273,0.208,0.978
2014/09/18 11:20:22,2,37.82514,-122.31286,21.325,0.044,0.0,-71,0.288,0.000,1.551
2014/09/18 11:20:27,2,37.82514,-122.31286,22.966,0.484,0.0,-69,0.211,0.208,3.079
2014/09/18 11:20:32,2,37.82514,-122.31287,24.278,1.395,0.0,-69,0.314,0.333,1.611
2014/09/18 11:20:37,2,37.82514,-122.31289,23.950,0.849,0.0,-69,0.305,0.292,2.238
2014/09/18 11:20:42,2,37.82513,-122.31296,25.919,3.365,0.0,-69,0.321,0.000,1.517
2014/09/18 11:20:47,2,37.82513,-122.31298,28.871,0.458,0.0,-69,0.305,0.000,0.274
2014/09/18 11:20:52,2,37.82513,-122.31301,29.856,3.292,0.0,-69,0.254,0.042,0.858
2014/09/18 11:20:57,2,37.82513,-122.31304,29.856,0.027,0.0,-71,0.352,0.333,0.805
2014/09/18 11:21:02,2,37.82512,-122.31305,28.871,1.439,0.0,-71,0.000,1.208,0.723
2014/09/18 11:21:07,2,37.82512,-122.31309,30.512,1.761,0.0,-71,0.536,0.417,0.931
2014/09/18 11:21:12,2,37.82512,-122.31313,31.824,0.039,0.0,-71,0.270,0.000,1.267
2014/09/18 11:21:17,2,37.82511,-122.31316,33.136,3.827,0.0,-71,0.346,0.583,0.963
2014/09/18 11:21:22,2,37.82510,-122.31326,35.105,3.840,0.0,-71,0.339,0.458,2.455
2014/09/18 11:21:27,2,37.82509,-122.31331,36.417,0.495,0.0,-69,0.206,0.125,0.906
2014/09/18 11:21:32,2,37.82509,-122.31333,38.058,2.285,0.0,-69,0.253,0.167,2.318
2014/09/18 11:21:37,2,37.82508,-122.31336,39.370,0.306,0.0,-69,0.186,0.417,0.786
2014/09/18 11:21:42,2,37.82508,-122.31336,39.370,0.024,0.0,-69,0.436,0.000,0.858
2014/09/18 11:21:47,2,37.82508,-122.31338,40.026,2.614,0.0,-69,0.431,0.583,1.154
2014/09/18 11:21:52,2,37.82506,-122.31347,41.339,4.126,0.0,-69,0.272,0.583,0.666
2014/09/18 11:21:57,2,37.82506,-122.31355,41.667,2.206,0.0,-69,0.555,1.125,0.375
2014/09/18 11:22:02,2,37.82505,-122.31357,42.323,0.772,0.0,-69,0.558,0.958,0.550
2014/09/18 11:22:07,2,37.82505,-122.31361,42.323,0.820,0.0,-69,0.248,0.458,0.922
2014/09/18 11:22:12,2,37.82505,-122.31363,41.339,0.017,0.0,-69,0.440,1.167,0.381
2014/09/18 11:22:17,2,37.82505,-122.31363,41.667,0.058,0.0,-69,0.533,1.167,0.550
2014/09/18 11:22:22,2,37.82504,-122.31364,41.995,0.671,0.0,-69,0.686,0.000,0.450
2014/09/18 11:22:27,2,37.82504,-122.31370,41.667,3.379,0.0,-69,0.681,0.000,0.963
2014/09/18 11:22:32,2,37.82502,-122.31379,44.619,2.565,0.0,-71,0.498,0.000,0.531
2014/09/18 11:22:37,2,37.82498,-122.31392,61.352,3.544,0.0,-71,0.473,0.042,0.798
2014/09/18 11:22:42,2,37.82496,-122.31400,48.885,0.030,0.0,-71,0.550,0.667,0.397
2014/09/18 11:22:47,2,37.82495,-122.31403,43.963,0.118,0.0,-71,0.568,1.167,0.826
2014/09/18 11:22:52,2,37.82495,-122.31404,41.995,0.089,0.0,-71,0.443,0.583,0.433
2014/09/18 11:22:57,2,37.82495,-122.31407,38.714,0.599,0.0,-71,0.699,0.708,0.400
2014/09/18 11:23:02,2,37.82497,-122.31410,32.480,0.034,0.0,-55,0.614,1.167,0.386
2014/09/18 11:23:07,2,37.82498,-122.31411,28.215,1.011,0.0,-55,0.297,0.667,0.463
2014/09/18 11:23:12,2,37.82497,-122.31413,29.856,0.074,0.0,-55,0.571,1.083,0.310
2014/09/18 11:23:17,2,37.82497,-122.31413,30.840,0.082,0.0,-55,0.951,1.167,0.479
2014/09/18 11:23:22,2,37.82497,-122.31414,29.856,0.228,0.0,-55,0.601,0.750,0.446
2014/09/18 11:23:27,2,37.82497,-122.31417,28.871,2.127,0.0,-55,0.685,0.833,0.666
2014/09/18 11:23:32,2,37.82496,-122.31419,21.325,0.053,0.0,-67,0.412,0.417,0.519
2014/09/18 11:23:37,2,37.82496,-122.31418,22.310,0.390,0.0,-67,0.370,0.708,0.358
2014/09/18 11:23:42,2,37.82496,-122.31419,22.966,0.783,0.0,-67,0.432,0.000,0.914
2014/09/18 11:23:47,2,37.82496,-122.31419,21.982,0.054,0.0,-67,0.380,0.000,0.368
2014/09/18 11:23:52,2,37.82495,-122.31420,22.638,1.618,0.0,-67,0.692,0.000,0.499
2014/09/18 11:23:57,2,37.82494,-122.31424,22.310,0.108,0.0,-67,1.035,0.042,0.454
2014/09/18 11:24:02,2,37.82494,-122.31424,22.310,0.029,0.0,-67,0.878,0.875,0.571
2014/09/18 11:24:07,2,37.82494,-122.31425,18.373,0.107,0.0,-65,0.815,1.208,0.494
2014/09/18 11:24:12,2,37.82495,-122.31426,13.451,0.060,0.0,-65,0.623,0.708,0.539
2014/09/18 11:24:17,2,37.82495,-122.31426,11.155,0.023,0.0,-65,0.465,0.875,0.306
2014/09/18 11:24:22,2,37.82495,-122.31426,10.499,0.058,0.0,-65,0.371,0.833,0.335
2014/09/18 11:24:27,2,37.82495,-122.31426,11.483,0.032,0.0,-65,0.563,1.333,0.375
2014/09/18 11:24:32,2,37.82495,-122.31426,12.467,0.102,0.0,-65,0.794,0.000,0.538
2014/09/18 11:24:37,2,37.82495,-122.31425,14.108,0.073,0.0,-61,0.736,1.042,0.531
2014/09/18 11:24:42,2,37.82495,-122.31426,14.764,0.385,0.0,-61,0.000,1.042,0.291
2014/09/18 11:24:47,2,37.82494,-122.31425,18.045,0.126,0.0,-61,0.732,1.250,0.405
2014/09/18 11:24:52,2,37.82494,-122.31424,20.997,0.093,0.0,-61,1.206,0.000,0.295
2014/09/18 11:24:57,2,37.82494,-122.31427,20.341,2.033,0.0,-61,0.948,0.000,0.339
2014/09/18 11:25:02,2,37.82493,-122.31430,19.029,1.185,0.0,-61,1.088,0.042,0.447
2014/09/18 11:25:07,2,37.82493,-122.31431,20.013,0.026,0.0,-59,1.012,0.917,0.337
2014/09/18 11:25:12,2,37.82493,-122.31431,18.045,0.038,0.0,-59,0.945,1.042,0.578
2014/09/18 11:25:17,2,37.82492,-122.31434,16.404,1.193,0.0,-59,0.768,1.042,0.516
2014/09/18 11:25:22,2,37.82492,-122.31434,18.045,0.263,0.0,-59,0.676,0.917,0.422
2014/09/18 11:25:27,2,37.82491,-122.31435,17.388,0.040,0.0,-59,1.185,1.375,0.583
2014/09/18 11:25:32,2,37.82491,-122.31437,17.388,1.450,0.0,-59,0.900,1.208,0.368
2014/09/18 11:25:37,2,37.82490,-122.31438,18.045,0.578,0.0,-59,0.558,1.000,0.402
2014/09/18 11:25:42,2,37.82490,-122.31442,19.685,0.569,0.0,-59,0.765,1.250,0.403
2014/09/18 11:25:47,2,37.82490,-122.31442,19.685,0.055,0.0,-59,0.734,1.250,0.511
2014/09/18 11:25:52,2,37.82489,-122.31447,22.310,3.366,0.0,-59,0.599,0.000,0.335
2014/09/18 11:25:57,2,37.82487,-122.31453,23.294,1.246,0.0,-59,0.656,0.000,0.263
2014/09/18 11:26:02,2,37.82487,-122.31456,23.622,2.074,0.0,-59,0.717,0.042,0.343
2014/09/18 11:26:07,2,37.82486,-122.31462,24.934,1.842,0.0,-59,0.721,0.458,0.762
2014/09/18 11:26:12,2,37.82485,-122.31463,25.262,0.783,0.0,-63,0.516,0.542,0.518
2014/09/18 11:26:17,2,37.82485,-122.31466,23.950,1.645,0.0,-63,0.823,0.500,0.655
2014/09/18 11:26:22,2,37.82485,-122.31469,21.325,0.986,0.0,-63,0.523,0.583,1.178
2014/09/18 11:26:27,2,37.82484,-122.31474,20.341,0.676,0.0,-63,0.441,0.000,1.855
2014/09/18 11:26:32,2,37.82484,-122.31474,19.029,0.474,0.0,-63,0.680,0.417,0.527
2014/09/18 11:26:37,2,37.82484,-122.31478,16.076,1.753,0.0,-63,0.788,0.625,0.710
2014/09/18 11:26:42,2,37.82483,-122.31481,15.748,0.694,0.0,-65,0.775,0.708,0.709
2014/09/18 11:26:47,2,37.82483,-122.31482,14.764,0.606,0.0,-65,0.869,0.750,0.626
2014/09/18 11:26:52,2,37.82483,-122.31484,13.451,0.240,0.0,-65,0.900,0.542,0.455
2014/09/18 11:26:57,2,37.82482,-122.31485,13.780,1.202,0.0,-65,0.641,0.875,0.435
2014/09/18 11:27:02,2,37.82481,-122.31490,13.123,2.728,0.0,-65,0.826,0.750,0.297
2014/09/18 11:27:07,2,37.82480,-122.31496,13.123,2.158,0.0,-65,0.885,0.833,0.402
2014/09/18 11:27:12,2,37.82478,-122.31501,13.780,2.208,0.0,-63,0.552,1.083,0.458
2014/09/18 11:27:17,2,37.82477,-122.31507,16.404,2.597,0.0,-63,0.573,0.958,0.334
2014/09/18 11:27:22,2,37.82475,-122.31512,19.029,1.587,0.0,-63,0.649,0.000,0.287
2014/09/18 11:27:27,2,37.82474,-122.31517,20.341,2.544,0.0,-63,0.799,0.000,0.351
2014/09/18 11:27:32,2,37.82473,-122.31521,22.310,1.329,0.0,-63,0.470,0.042,0.363
2014/09/18 11:27:37,2,37.82472,-122.31523,20.997,1.281,0.0,-63,0.643,0.875,0.266
2014/09/18 11:27:42,2,37.82471,-122.31528,21.654,1.778,0.0,-59,0.425,1.083,0.356
2014/09/18 11:27:47,2,37.82470,-122.31530,21.325,1.378,0.0,-59,0.683,0.792,0.631
2014/09/18 11:27:52,2,37.82469,-122.31536,20.997,2.677,0.0,-59,0.720,1.125,0.385
2014/09/18 11:27:57,2,37.82468,-122.31539,19.357,1.187,0.0,-59,0.593,0.917,0.355
2014/09/18 11:28:02,2,37.82467,-122.31545,16.404,2.975,0.0,-59,0.517,1.208,0.350
2014/09/18 11:28:07,2,37.82466,-122.31551,11.155,2.529,0.0,-59,0.757,1.042,0.478
2014/09/18 11:28:12,2,37.82464,-122.31558,7.218,3.451,0.0,-59,0.776,0.833,0.631
2014/09/18 11:28:17,2,37.82462,-122.31565,4.593,3.124,0.0,-59,0.757,0.833,0.574
2014/09/18 11:28:22,2,37.82460,-122.31570,2.953,1.322,0.0,-59,0.903,0.000,0.827
2014/09/18 11:28:27,2,37.82459,-122.31575,1.969,1.642,0.0,-59,1.026,0.542,0.611
2014/09/18 11:28:32,2,37.82458,-122.31577,1.969,2.146,0.0,-59,0.916,0.750,0.426
2014/09/18 11:28:37,2,37.82456,-122.31584,0.328,2.239,0.0,-59,0.962,0.000,0.241
2014/09/18 11:28:42,2,37.82453,-122.31592,3.281,3.448,0.0,-59,1.054,0.000,0.254
2014/09/18 11:28:47,2,37.82451,-122.31599,6.562,3.740,0.0,-57,1.096,0.042,0.967
2014/09/18 11:28:52,2,37.82449,-122.31606,10.827,2.870,0.0,-57,0.687,0.417,0.347
2014/09/18 11:28:57,2,37.82447,-122.31612,12.467,2.424,0.0,-57,0.923,0.667,0.482
2014/09/18 11:29:02,2,37.82445,-122.31618,14.108,2.799,0.0,-57,0.472,1.208,0.378
2014/09/18 11:29:07,2,37.82444,-122.31623,17.388,1.826,0.0,-57,0.633,0.958,0.625
2014/09/18 11:29:12,2,37.82443,-122.31628,18.373,2.629,0.0,-57,0.000,0.583,0.442
2014/09/18 11:29:17,2,37.82441,-122.31636,20.013,4.552,0.0,-67,0.737,0.542,0.343
2014/09/18 11:29:22,2,37.82438,-122.31649,19.685,4.798,0.0,-67,0.386,0.625,0.451
2014/09/18 11:29:27,2,37.82436,-122.31660,19.029,4.451,0.0,-67,0.678,0.708,0.494
2014/09/18 11:29:32,2,37.82434,-122.31673,20.013,5.369,0.0,-67,1.005,1.167,0.459
2014/09/18 11:29:37,2,37.82431,-122.31685,19.029,4.314,0.0,-67,0.516,1.292,0.327
2014/09/18 11:29:42,2,37.82430,-122.31695,19.029,3.125,0.0,-67,0.428,1.208,0.311
2014/09/18 11:29:47,2,37.82428,-122.31702,18.701,1.098,0.0,-61,0.361,0.000,0.258
2014/09/18 11:29:52,2,37.82421,-122.31736,20.669,24.251,0.0,-61,0.803,0.000,0.311
2014/09/18 11:29:57,2,37.82400,-122.31818,18.373,40.089,0.0,-61,0.496,0.042,0.258
2014/09/18 11:30:02,2,37.82359,-122.31941,13.123,42.311,0.0,-61,0.736,1.083,0.431
2014/09/18 11:30:07,2,37.82323,-122.32032,11.811,37.992,0.0,-61,0.869,1.167,0.363
2014/09/18 11:30:12,2,37.82296,-122.32117,11.811,34.842,0.0,-61,0.684,1.125,0.314
2014/09/18 11:30:17,2,37.82277,-122.32197,15.748,31.721,0.0,-61,0.627,1.333,0.329
2014/09/18 11:30:22,2,37.82263,-122.32275,18.045,33.878,0.0,-51,0.578,1.375,0.356
2014/09/18 11:30:27,2,37.82252,-122.32367,19.357,39.174,0.0,-51,0.558,0.958,0.394
2014/09/18 11:30:32,2,37.82243,-122.32472,20.341,42.608,0.0,-51,0.649,0.000,0.713
2014/09/18 11:30:37,2,37.82235,-122.32584,21.982,45.695,0.0,-51,0.574,0.417,0.398
2014/09/18 11:30:42,2,37.82226,-122.32704,25.919,48.634,0.0,-51,0.917,0.417,0.540
2014/09/18 11:30:47,2,37.82216,-122.32831,33.793,51.070,0.0,-51,1.132,0.750,0.371
2014/09/18 11:30:52,2,37.82204,-122.32962,42.979,53.058,0.0,-51,1.195,0.625,0.667
2014/09/18 11:30:57,2,37.82190,-122.33098,52.165,55.230,0.0,-51,1.340,0.958,0.278
2014/09/18 11:31:02,2,37.82174,-122.33239,60.696,56.779,0.0,-51,1.452,0.000,0.315
2014/09/18 11:31:07,2,37.82155,-122.33379,69.882,55.683,0.0,-51,1.438,0.042,0.391
2014/09/18 11:31:12,2,37.82135,-122.33512,78.412,52.172,0.0,-51,0.625,0.667,0.346
2014/09/18 11:31:17,2,37.82116,-122.33640,87.270,51.592,0.0,-51,0.760,0.000,0.394
2014/09/18 11:31:22,2,37.82097,-122.33770,96.457,52.626,0.0,-53,0.424,0.792,0.735
2014/09/18 11:31:27,2,37.82078,-122.33903,104.659,54.268,0.0,-53,0.462,0.833,0.498
2014/09/18 11:31:32,2,37.82058,-122.34035,111.877,50.301,0.0,-53,0.425,0.958,0.689
2014/09/18 11:31:37,2,37.82040,-122.34160,118.110,51.158,0.0,-53,0.539,1.000,0.578
2014/09/18 11:31:42,2,37.82021,-122.34286,124.672,48.294,0.0,-53,0.279,0.500,1.558
2014/09/18 11:31:47,2,37.82003,-122.34409,131.562,50.653,0.0,-53,0.205,0.000,0.000
2014/09/18 11:31:52,2,37.81985,-122.34537,137.139,50.506,0.0,-61,0.000,0.375,3.623
2014/09/18 11:31:57,2,37.81967,-122.34660,143.045,47.468,0.0,-61,0.000,0.500,2.977
2014/09/18 11:32:02,2,37.81949,-122.34778,148.294,46.059,0.0,-61,0.000,0.625,1.018
2014/09/18 11:32:07,2,37.81933,-122.34887,152.559,42.476,0.0,-61,0.000,0.000,2.249
2014/09/18 11:32:12,2,37.81918,-122.34995,156.496,43.333,0.0,-61,0.000,0.583,0.677
2014/09/18 11:32:17,2,37.81900,-122.35092,158.136,36.393,0.0,-61,0.000,0.000,0.000
2014/09/18 11:32:22,2,37.81882,-122.35172,156.824,28.856,0.0,-61,0.000,0.458,4.163
2014/09/18 11:32:27,2,37.81864,-122.35235,155.512,26.367,0.0,-73,0.003,0.375,0.439
2014/09/18 11:32:32,2,37.81840,-122.35306,156.824,33.258,0.0,-73,0.310,0.000,0.622
2014/09/18 11:32:37,2,37.81807,-122.35388,159.449,37.446,0.0,-73,1.157,0.500,1.944
2014/09/18 11:32:42,2,37.81766,-122.35474,160.433,40.848,0.0,-73,0.436,0.125,0.000
2014/09/18 11:32:47,2,37.81718,-122.35559,162.730,40.500,0.0,-73,0.144,0.000,5.186
2014/09/18 11:32:52,2,37.81672,-122.35640,166.995,39.246,0.0,-73,0.221,0.000,3.014
2014/09/18 11:32:57,2,37.81622,-122.35726,171.260,43.943,0.0,-67,0.163,0.000,0.000
2014/09/18 11:33:02,2,37.81568,-122.35821,174.541,47.800,0.0,-67,0.140,0.000,6.194
2014/09/18 11:33:07,2,37.81514,-122.35917,177.493,43.845,0.0,-67,0.410,0.000,2.126
2014/09/18 11:33:12,2,37.81462,-122.36008,180.774,45.405,0.0,-67,0.221,0.000,3.162
2014/09/18 11:33:17,2,37.81406,-122.36100,186.024,45.771,0.0,-67,0.125,0.000,3.074
2014/09/18 11:33:22,2,37.81346,-122.36179,191.601,42.923,0.0,-67,0.264,0.000,0.000
2014/09/18 11:33:27,2,37.81277,-122.36251,194.226,45.661,0.0,-67,0.371,0.000,0.562
2014/09/18 11:33:32,2,37.81204,-122.36318,192.913,44.057,0.0,-67,0.003,0.000,0.613
2014/09/18 11:33:37,2,37.81134,-122.36382,187.664,42.356,0.0,-67,0.032,0.000,2.590
2014/09/18 11:33:42,2,37.81068,-122.36451,182.087,43.953,0.0,-67,0.212,0.000,2.742
2014/09/18 11:33:47,2,37.81007,-122.36515,178.478,33.444,0.0,-67,0.153,0.000,0.000
2014/09/18 11:33:52,2,37.80975,-122.36541,178.478,31.091,0.0,-67,0.240,0.000,3.915
2014/09/18 11:33:57,2,37.80975,-122.36541,178.478,31.091,0.0,-77,0.122,0.000,0.000
2014/09/18 11:34:02,2,37.80874,-122.36655,182.415,21.171,0.0,-77,0.000,0.000,0.000
2014/09/18 11:34:07,2,37.80836,-122.36700,171.588,29.995,0.0,-77,0.000,0.000,0.000
2014/09/18 11:34:12,2,37.80785,-122.36754,174.541,33.782,0.0,-77,0.000,0.000,4.597
2014/09/18 11:34:17,2,37.80730,-122.36813,181.759,37.408,0.0,-77,0.000,0.000,1.778
2014/09/18 11:34:22,2,37.80668,-122.36879,192.257,41.456,0.0,-77,0.000,0.000,0.499
2014/09/18 11:34:27,2,37.80603,-122.36950,201.115,44.326,0.0,-77,0.000,0.000,0.686
2014/09/18 11:34:32,2,37.80532,-122.37025,210.302,46.873,0.0,-73,0.000,0.042,0.562
2014/09/18 11:34:37,2,37.80466,-122.37097,218.504,40.583,0.0,-73,0.000,0.000,0.323
2014/09/18 11:34:42,2,37.80404,-122.37163,225.394,39.637,0.0,-73,0.003,0.208,1.831
2014/09/18 11:34:47,2,37.80347,-122.37224,231.955,35.659,0.0,-73,0.000,0.208,1.091
2014/09/18 11:34:52,2,37.80290,-122.37285,237.205,39.130,0.0,-73,0.000,0.125,4.631
2014/09/18 11:34:57,2,37.80227,-122.37352,242.782,42.929,0.0,-73,0.000,0.000,0.000
2014/09/18 11:35:02,2,37.80159,-122.37425,247.375,43.800,0.0,-73,0.000,0.000,0.000
2014/09/18 11:35:07,2,37.80092,-122.37497,250.656,45.038,0.0,-73,0.000,0.000,0.000
2014/09/18 11:35:12,2,37.80026,-122.37568,252.625,41.046,0.0,-73,0.000,0.000,0.000
2014/09/18 11:35:17,2,37.79963,-122.37635,253.937,41.524,0.0,-73,0.000,0.000,0.000
2014/09/18 11:35:22,2,37.79898,-122.37705,255.249,42.718,0.0,-73,0.000,0.000,0.000
2014/09/18 11:35:27,2,37.79829,-122.37778,256.890,47.057,0.0,-73,0.000,0.000,5.884
2014/09/18 11:35:32,2,37.79756,-122.37857,258.858,48.497,0.0,-61,0.000,0.000,0.450
2014/09/18 11:35:37,2,37.79681,-122.37938,258.202,49.973,0.0,-61,0.003,0.042,1.201
2014/09/18 11:35:42,2,37.79604,-122.38021,256.890,49.666,0.0,-61,0.756,0.458,0.705
2014/09/18 11:35:47,2,37.79532,-122.38099,255.906,46.693,0.0,-61,1.183,0.208,2.110
2014/09/18 11:35:52,2,37.79459,-122.38177,252.625,47.090,0.0,-61,0.794,0.000,1.615
2014/09/18 11:35:57,2,37.79390,-122.38251,247.047,43.794,0.0,-61,0.170,0.000,2.806
2014/09/18 11:36:02,2,37.79324,-122.38322,241.798,41.968,0.0,-65,0.298,0.083,0.000
2014/09/18 11:36:07,2,37.79259,-122.38392,235.236,43.701,0.0,-65,0.132,0.083,5.337
2014/09/18 11:36:12,2,37.79191,-122.38465,228.675,44.124,0.0,-65,0.163,0.000,0.000
2014/09/18 11:36:17,2,37.79123,-122.38538,217.520,44.521,0.0,-65,0.141,0.042,5.591
2014/09/18 11:36:23,2,37.79059,-122.38607,209.318,40.112,0.0,-65,0.129,0.042,5.246
2014/09/18 11:36:28,2,37.78996,-122.38674,199.475,39.955,0.0,-65,0.291,0.000,2.742
2014/09/18 11:36:33,2,37.78940,-122.38734,190.945,34.226,0.0,-113,0.256,0.208,1.253
2014/09/18 11:36:38,2,37.78892,-122.38785,182.743,28.916,0.0,-113,0.250,0.000,0.000
2014/09/18 11:36:43,2,37.78849,-122.38831,176.509,26.928,0.0,-113,0.452,0.167,3.319
2014/09/18 11:36:48,2,37.78805,-122.38878,171.588,30.535,0.0,-113,0.231,0.125,4.285
2014/09/18 11:36:53,2,37.78752,-122.38935,161.417,37.805,0.0,-113,0.275,0.000,0.000
2014/09/18 11:36:58,2,37.78691,-122.39001,152.231,40.914,0.0,-113,0.000,0.125,7.294
2014/09/18 11:37:03,2,37.78630,-122.39068,143.045,38.539,0.0,-113,0.000,0.708,0.482
2014/09/18 11:37:08,2,37.78579,-122.39137,136.483,37.412,0.0,-63,0.000,1.208,0.454
2014/09/18 11:37:13,2,37.78537,-122.39221,122.375,37.381,0.0,-63,0.003,1.000,0.756
2014/09/18 11:37:18,2,37.78495,-122.39301,114.173,36.504,0.0,-63,0.094,0.917,0.303
2014/09/18 11:37:23,2,37.78451,-122.39368,110.892,30.830,0.0,-63,0.592,1.333,0.602
2014/09/18 11:37:28,2,37.78410,-122.39421,104.987,27.806,0.0,-63,0.964,0.000,0.350
2014/09/18 11:37:33,2,37.78372,-122.39470,103.675,28.681,0.0,-63,1.017,1.333,1.870
2014/09/18 11:37:38,2,37.78331,-122.39522,99.409,30.644,0.0,-51,0.563,0.417,0.683
2014/09/18 11:37:43,2,37.78287,-122.39579,94.160,30.656,0.0,-51,0.273,0.000,4.038
2014/09/18 11:37:48,2,37.78243,-122.39635,85.958,32.524,0.0,-51,0.144,0.375,2.994
2014/09/18 11:37:53,2,37.78194,-122.39699,77.428,36.951,0.0,-51,0.283,0.000,2.162
2014/09/18 11:37:58,2,37.78140,-122.39773,67.257,41.792,0.0,-51,0.615,0.292,1.941
2014/09/18 11:38:03,2,37.78079,-122.39853,54.134,45.320,0.0,-51,0.362,0.000,2.206
2014/09/18 11:38:08,2,37.78016,-122.39935,44.619,43.404,0.0,-113,0.273,0.375,0.000
2014/09/18 11:38:13,2,37.77960,-122.40009,42.979,38.768,0.0,-113,0.234,0.167,4.811
2014/09/18 11:38:18,2,37.77907,-122.40077,42.979,37.308,0.0,-113,0.480,0.125,2.586
2014/09/18 11:38:23,2,37.77856,-122.40143,42.979,35.437,0.0,-113,0.827,0.250,0.825
2014/09/18 11:38:28,2,37.77807,-122.40205,42.651,32.998,0.0,-113,1.613,0.000,0.399
2014/09/18 11:38:33,2,37.77765,-122.40264,41.995,30.888,0.0,-113,0.887,0.000,1.426
2014/09/18 11:38:38,2,37.77724,-122.40326,41.667,31.873,0.0,-51,0.763,0.000,0.630
2014/09/18 11:38:43,2,37.77685,-122.40391,41.010,29.481,0.0,-51,0.561,0.000,0.727
2014/09/18 11:38:48,2,37.77647,-122.40454,41.010,33.394,0.0,-51,0.420,0.000,2.358
2014/09/18 11:38:53,2,37.77602,-122.40529,41.010,38.021,0.0,-51,0.247,0.000,2.322
2014/09/18 11:38:58,2,37.77547,-122.40597,41.010,40.102,0.0,-51,0.122,0.000,3.822
2014/09/18 11:39:03,2,37.77476,-122.40650,41.667,41.760,0.0,-51,0.400,0.000,1.346
2014/09/18 11:39:08,2,37.77395,-122.40680,42.323,40.632,0.0,-51,0.706,0.000,0.518
2014/09/18 11:39:13,2,37.77316,-122.40685,44.619,39.628,0.0,-51,0.740,0.042,0.677
2014/09/18 11:39:18,2,37.77235,-122.40672,47.572,41.551,0.0,-51,0.964,0.208,1.155
2014/09/18 11:39:23,2,37.77162,-122.40643,48.556,36.185,0.0,-51,1.013,0.000,0.746
2014/09/18 11:39:28,2,37.77101,-122.40612,46.916,30.886,0.0,-51,1.212,0.292,0.326
2014/09/18 11:39:33,2,37.77046,-122.40587,47.244,27.416,0.0,-51,0.907,0.208,0.369
2014/09/18 11:39:38,2,37.76993,-122.40570,46.916,28.305,0.0,-51,0.929,0.625,0.818
2014/09/18 11:39:43,2,37.76935,-122.40558,45.932,27.998,0.0,-51,1.298,0.417,0.230
2014/09/18 11:39:48,2,37.76883,-122.40553,46.916,23.427,0.0,-51,1.798,0.458,0.447
2014/09/18 11:39:53,2,37.76842,-122.40549,47.572,19.031,0.0,-51,0.987,0.167,0.659
2014/09/18 11:39:58,2,37.76807,-122.40545,47.572,16.816,0.0,-51,1.391,0.000,0.646
2014/09/18 11:40:03,2,37.76775,-122.40541,48.556,17.328,0.0,-51,0.865,0.292,0.455
2014/09/18 11:40:08,2,37.76732,-122.40538,49.869,20.419,0.0,-51,1.305,0.167,0.314
2014/09/18 11:40:13,2,37.76695,-122.40534,50.197,14.828,0.0,-51,1.317,0.292,0.609
2014/09/18 11:40:18,2,37.76666,-122.40531,53.478,15.535,0.0,-51,0.852,0.000,0.649
2014/09/18 11:40:23,2,37.76629,-122.40528,58.071,20.161,0.0,-51,1.003,0.292,0.518
2014/09/18 11:40:28,2,37.76584,-122.40523,62.992,24.175,0.0,-51,1.368,0.167,0.300
2014/09/18 11:40:33,2,37.76534,-122.40518,69.226,25.364,0.0,-51,1.776,0.292,0.298
2014/09/18 11:40:38,2,37.76482,-122.40513,76.444,27.759,0.0,-51,1.510,0.375,0.595
2014/09/18 11:40:43,2,37.76418,-122.40512,82.677,34.745,0.0,-51,1.275,0.000,0.546
2014/09/18 11:40:48,2,37.76344,-122.40524,90.551,39.954,0.0,-51,1.279,0.292,0.599
2014/09/18 11:40:53,2,37.76262,-122.40561,96.785,44.203,0.0,-51,1.437,0.292,0.453
2014/09/18 11:40:58,2,37.76186,-122.40607,106.299,40.608,0.0,-51,0.493,0.250,1.183
2014/09/18 11:41:03,2,37.76109,-122.40641,113.517,40.125,0.0,-51,0.734,0.083,0.554
2014/09/18 11:41:08,2,37.76028,-122.40648,115.486,41.453,0.0,-51,1.266,0.292,0.495
2014/09/18 11:41:13,2,37.75944,-122.40623,116.470,43.506,0.0,-51,1.187,0.292,0.344
2014/09/18 11:41:18,2,37.75870,-122.40568,120.735,43.565,0.0,-51,1.134,0.000,0.762
2014/09/18 11:41:23,2,37.75806,-122.40489,115.157,45.410,0.0,-51,0.843,0.208,0.482
2014/09/18 11:41:28,2,37.75738,-122.40405,105.643,49.205,0.0,-51,0.866,0.000,0.747
2014/09/18 11:41:33,2,37.75649,-122.40346,95.472,51.203,0.0,-51,0.648,0.167,0.462
2014/09/18 11:41:38,2,37.75550,-122.40326,86.286,49.569,0.0,-51,1.156,0.000,0.733
2014/09/18 11:41:43,2,37.75453,-122.40316,77.100,43.409,0.0,-51,1.017,0.208,1.460
2014/09/18 11:41:48,2,37.75357,-122.40308,75.787,49.699,0.0,-61,1.410,0.292,0.454
2014/09/18 11:41:53,2,37.75255,-122.40305,68.241,50.513,0.0,-61,1.513,0.292,0.433
2014/09/18 11:41:58,2,37.75151,-122.40318,59.055,52.628,0.0,-61,1.606,0.375,0.615
2014/09/18 11:42:03,2,37.75043,-122.40351,43.307,55.655,0.0,-61,1.045,0.000,0.452
2014/09/18 11:42:08,2,37.74934,-122.40386,40.682,52.306,0.0,-61,1.356,0.167,0.994
2014/09/18 11:42:13,2,37.74846,-122.40418,40.354,41.826,0.0,-61,1.558,0.292,0.505
2014/09/18 11:42:18,2,37.74765,-122.40445,40.682,40.103,0.0,-55,0.833,0.292,0.975
2014/09/18 11:42:23,2,37.74687,-122.40470,39.698,40.033,0.0,-55,0.209,0.000,2.170
2014/09/18 11:42:28,2,37.74607,-122.40494,41.339,42.850,0.0,-55,0.121,0.000,3.630
2014/09/18 11:42:33,2,37.74518,-122.40523,44.619,47.611,0.0,-55,0.154,0.167,0.000
2014/09/18 11:42:35,2,37.74426,-122.40568,55.118,50.715,0.0,-55,0.000,0.000,0.055
2014/09/18 11:42:40,2,37.74340,-122.40634,63.648,48.752,0.0,-55,0.215,0.125,3.627
2014/09/18 11:42:45,2,37.74260,-122.40702,67.257,46.069,0.0,-69,0.349,0.083,1.826
2014/09/18 11:42:50,2,37.74181,-122.40756,64.304,46.158,0.0,-69,0.795,0.375,0.402
2014/09/18 11:42:55,2,37.74088,-122.40796,54.790,50.926,0.0,-69,1.410,0.292,0.266
2014/09/18 11:43:00,2,37.73985,-122.40820,42.323,51.267,0.0,-69,1.461,0.000,0.418
2014/09/18 11:43:05,2,37.73884,-122.40825,38.714,50.142,0.0,-69,1.487,0.292,0.370
2014/09/18 11:43:10,2,37.73784,-122.40821,40.026,48.377,0.0,-69,0.939,0.292,0.891
2014/09/18 11:43:15,2,37.73694,-122.40826,44.948,42.948,0.0,-69,1.036,0.208,0.657
2014/09/18 11:43:20,2,37.73609,-122.40860,43.963,44.944,0.0,-51,1.189,0.292,0.647
2014/09/18 11:43:25,2,37.73534,-122.40919,33.465,44.330,0.0,-51,1.725,0.000,0.836
2014/09/18 11:43:30,2,37.73470,-122.40998,21.982,45.579,0.0,-51,2.016,0.000,0.254
2014/09/18 11:43:35,2,37.73416,-122.41098,20.669,49.260,0.0,-51,2.183,0.042,0.425
2014/09/18 11:43:40,2,37.73361,-122.41207,22.310,52.852,0.0,-51,1.824,0.500,0.370
2014/09/18 11:43:45,2,37.73301,-122.41324,24.278,56.262,0.0,-51,1.978,0.500,0.478
2014/09/18 11:43:50,2,37.73246,-122.41454,23.294,59.789,0.0,-53,1.997,0.708,0.354
2014/09/18 11:43:55,2,37.73214,-122.41602,26.247,61.728,0.0,-53,1.917,0.583,0.279
2014/09/18 11:44:00,2,37.73208,-122.41759,35.761,62.427,0.0,-53,1.500,0.708,0.293
2014/09/18 11:44:05,2,37.73209,-122.41916,51.181,61.868,0.0,-53,1.833,0.000,0.582
2014/09/18 11:44:10,2,37.73199,-122.42073,62.992,62.118,0.0,-53,1.429,0.417,0.826
2014/09/18 11:44:15,2,37.73175,-122.42231,68.898,64.462,0.0,-53,1.121,0.250,0.474
2014/09/18 11:44:20,2,37.73159,-122.42394,74.147,65.839,0.0,-75,0.779,0.167,0.545
2014/09/18 11:44:25,2,37.73163,-122.42564,80.709,67.217,0.0,-75,1.187,0.292,0.473
2014/09/18 11:44:30,2,37.73188,-122.42732,90.879,66.534,0.0,-75,1.288,0.333,0.315
2014/09/18 11:44:35,2,37.73218,-122.42887,105.971,57.043,0.0,-75,0.728,0.375,0.522
2014/09/18 11:44:40,2,37.73236,-122.43017,124.016,49.739,0.0,-75,1.516,0.542,0.314
2014/09/18 11:44:45,2,37.73235,-122.43141,139.764,49.638,0.0,-75,0.849,0.250,0.430
2014/09/18 11:44:50,2,37.73216,-122.43266,153.871,50.452,0.0,-51,1.317,0.250,0.338
2014/09/18 11:44:55,2,37.73184,-122.43390,162.730,52.616,0.0,-51,1.775,0.000,0.498
2014/09/18 11:45:00,2,37.73151,-122.43520,166.667,55.547,0.0,-51,1.510,0.375,0.289
2014/09/18 11:45:05,2,37.73112,-122.43659,161.089,60.690,0.0,-51,0.583,0.000,2.087
2014/09/18 11:45:10,2,37.73065,-122.43808,148.294,64.636,0.0,-51,0.247,0.167,0.000
2014/09/18 11:45:15,2,37.73013,-122.43955,142.717,63.339,0.0,-51,0.202,0.000,4.442
2014/09/18 11:45:20,2,37.72958,-122.44096,152.559,60.843,0.0,-51,0.205,0.000,3.113
2014/09/18 11:45:25,2,37.72901,-122.44231,164.698,60.298,0.0,-67,0.577,0.083,0.893
2014/09/18 11:45:30,2,37.72837,-122.44360,177.822,58.940,0.0,-67,0.660,0.125,1.386
2014/09/18 11:45:35,2,37.72758,-122.44476,191.929,61.056,0.0,-67,0.552,0.167,0.000
2014/09/18 11:45:40,2,37.72667,-122.44574,204.396,58.745,0.0,-67,0.000,0.083,0.361
2014/09/18 11:45:45,2,37.72567,-122.44657,210.630,60.004,0.0,-67,0.000,0.792,0.389
2014/09/18 11:45:50,2,37.72458,-122.44726,210.958,59.267,0.0,-67,0.003,1.458,0.315
2014/09/18 11:45:55,2,37.72345,-122.44775,215.551,60.252,0.0,-51,0.650,0.000,0.822
2014/09/18 11:46:00,2,37.72225,-122.44809,216.864,59.998,0.0,-51,0.706,0.833,0.705
2014/09/18 11:46:05,2,37.72104,-122.44825,227.690,60.572,0.0,-51,0.683,0.000,1.362
2014/09/18 11:46:10,2,37.71985,-122.44839,240.486,59.126,0.0,-51,1.162,0.000,0.278
2014/09/18 11:46:15,2,37.71867,-122.44851,252.297,60.038,0.0,-51,1.244,0.042,0.491
2014/09/18 11:46:20,2,37.71742,-122.44869,257.218,63.728,0.0,-51,0.802,1.000,0.506
2014/09/18 11:46:25,2,37.71618,-122.44926,255.577,67.391,0.0,-53,0.990,0.833,0.399
2014/09/18 11:46:30,2,37.71507,-122.45029,258.530,69.653,0.0,-53,0.000,0.750,0.338
2014/09/18 11:46:35,2,37.71408,-122.45149,270.669,67.848,0.0,-53,0.724,1.083,0.409
2014/09/18 11:46:40,2,37.71312,-122.45262,288.058,64.394,0.0,-53,0.576,0.958,0.258
2014/09/18 11:46:45,2,37.71219,-122.45372,302.165,63.233,0.0,-53,0.358,0.917,0.557
2014/09/18 11:46:50,2,37.71140,-122.45493,317.585,61.591,0.0,-53,0.693,0.708,0.632
2014/09/18 11:46:55,2,37.71088,-122.45630,319.882,58.663,0.0,-55,0.722,1.208,0.761
2014/09/18 11:47:00,2,37.71064,-122.45779,315.289,61.028,0.0,-55,0.457,1.333,0.404
2014/09/18 11:47:05,2,37.71062,-122.45935,310.367,62.843,0.0,-55,0.268,0.667,0.506
2014/09/18 11:47:10,2,37.71057,-122.46101,301.509,68.008,0.0,-55,0.470,0.000,0.503
2014/09/18 11:47:16,2,37.71056,-122.46280,285.761,72.409,0.0,-55,0.553,0.000,0.251
2014/09/18 11:47:21,2,37.71048,-122.46461,272.638,72.072,0.0,-55,0.523,0.000,1.186
2014/09/18 11:47:26,2,37.71004,-122.46633,257.546,71.832,0.0,-55,0.276,0.000,0.843
2014/09/18 11:47:31,2,37.70920,-122.46784,240.486,74.464,0.0,-77,0.378,0.000,1.054
2014/09/18 11:47:36,2,37.70807,-122.46911,220.472,75.934,0.0,-77,0.405,0.000,0.375
2014/09/18 11:47:41,2,37.70691,-122.47038,201.772,75.574,0.0,-77,0.536,0.000,0.291
2014/09/18 11:47:46,2,37.70570,-122.47144,176.837,74.658,0.0,-77,0.291,0.042,1.106
2014/09/18 11:47:51,2,37.70570,-122.47144,176.837,74.658,0.0,-77,0.140,0.500,0.487
2014/09/18 11:47:56,1,37.70286,-122.47213,184.055,71.169,0.0,-77,0.520,1.125,0.409
2014/09/18 11:48:01,1,37.70144,-122.47198,187.992,72.015,0.0,-51,0.402,0.958,0.418
2014/09/18 11:48:06,2,37.69999,-122.47182,192.257,73.104,0.0,-51,0.330,1.125,0.634
2014/09/18 11:48:11,2,37.69852,-122.47167,198.163,73.101,0.0,-51,0.435,0.750,0.377
2014/09/18 11:48:16,2,37.69705,-122.47138,194.226,75.232,0.0,-51,0.432,0.875,0.302
2014/09/18 11:48:21,2,37.69557,-122.47086,178.806,76.575,0.0,-51,0.572,1.042,0.439
2014/09/18 11:48:26,2,37.69404,-122.47064,175.525,76.193,0.0,-51,1.028,1.042,0.635
2014/09/18 11:48:31,1,37.69249,-122.47061,168.635,77.390,0.0,-51,0.962,0.000,0.302
2014/09/18 11:48:36,1,37.69093,-122.47059,159.449,77.614,0.0,-51,1.090,1.375,0.381
2014/09/18 11:48:41,1,37.68940,-122.47067,149.278,74.989,0.0,-51,0.747,1.042,0.499
2014/09/18 11:48:46,1,37.68794,-122.47112,153.543,73.399,0.0,-51,0.462,0.000,0.242
2014/09/18 11:48:51,1,37.68651,-122.47152,169.291,72.516,0.0,-51,0.260,0.000,0.499
2014/09/18 11:48:56,1,37.68507,-122.47163,190.945,71.071,0.0,-51,0.330,0.000,0.635
2014/09/18 11:49:01,1,37.68366,-122.47172,206.693,68.912,0.0,-51,0.496,0.042,0.315
