Date-Time,DOP,Latitude,Longitude,Altitude (ft),Speed (mph),Heading (deg),mod1 SS (dBm),mod1 Down (Mbs),mod1 Up (Mbs),mod1 Ping (Sec)
2014/10/01 13:15:30,3.8,37.79601,-122.26753,27.887,14.965,0.0,-67,0.925,1.708,0.452
2014/10/01 13:15:35,3.43,37.79616,-122.26790,34.449,15.415,0.0,-67,1.003,1.667,0.488
2014/10/01 13:15:40,3.43,37.79627,-122.26823,41.339,12.699,0.0,-67,2.053,1.667,0.664
2014/10/01 13:15:45,4.01,37.79638,-122.26858,47.572,14.347,0.0,-67,0.555,0.000,0.000
2014/10/01 13:15:50,3.42,37.79655,-122.26917,44.948,26.089,0.0,-67,0.283,0.000,5.197
2014/10/01 13:15:55,12.51,37.79672,-122.26971,47.244,20.174,0.0,-67,0.171,0.292,4.100
2014/10/01 13:16:00,12.42,37.79690,-122.27023,56.430,24.451,0.0,-81,0.490,0.000,0.000
2014/10/01 13:16:05,3.41,37.79713,-122.27086,60.696,29.587,0.0,-81,0.000,0.000,0.000
2014/10/01 13:16:10,2.44,37.79741,-122.27163,64.633,34.367,0.0,-81,0.086,0.000,0.000
2014/10/01 13:16:15,2.19,37.79770,-122.27244,73.163,33.500,0.0,-81,0.203,0.000,1.757
2014/10/01 13:16:20,2.19,37.79799,-122.27321,76.115,36.034,0.0,-81,0.178,0.000,0.000
2014/10/01 13:16:25,2.19,37.79832,-122.27412,76.772,41.911,0.0,-81,0.076,0.000,8.998
2014/10/01 13:16:30,2.19,37.79872,-122.27516,75.787,48.571,0.0,-59,0.317,0.000,0.309
2014/10/01 13:16:35,2.19,37.79916,-122.27632,75.787,52.191,0.0,-59,0.921,0.042,0.170
2014/10/01 13:16:40,2.19,37.79964,-122.27753,75.459,54.503,0.0,-59,0.057,0.083,2.988
2014/10/01 13:16:45,2.19,37.80014,-122.27878,73.163,55.782,0.0,-59,0.130,0.083,0.000
2014/10/01 13:16:50,2.19,37.80065,-122.28008,76.772,59.480,0.0,-59,0.046,0.000,9.589
2014/10/01 13:16:55,2.43,37.80116,-122.28141,75.787,58.765,0.0,-59,0.086,0.083,0.000
2014/10/01 13:17:00,2.19,37.80170,-122.28274,83.990,59.740,0.0,-59,0.115,0.000,0.000
2014/10/01 13:17:05,2.18,37.80225,-122.28405,89.239,55.632,0.0,-75,0.105,0.167,0.000
2014/10/01 13:17:10,2.13,37.80265,-122.28535,91.535,54.987,0.0,-75,0.063,0.000,0.000
2014/10/01 13:17:15,2.13,37.80292,-122.28666,91.535,52.417,0.0,-75,0.000,0.000,0.000
2014/10/01 13:17:20,2.13,37.80306,-122.28798,92.192,52.013,0.0,-75,0.102,0.000,0.000
2014/10/01 13:17:25,2.07,37.80308,-122.28927,90.551,50.251,0.0,-75,0.138,0.000,0.000
2014/10/01 13:17:30,2.07,37.80299,-122.29052,84.646,46.960,0.0,-75,0.069,0.000,0.000
2014/10/01 13:17:35,2.07,37.80281,-122.29166,80.052,46.148,0.0,-73,0.068,0.000,0.000
2014/10/01 13:17:40,2.05,37.80262,-122.29286,69.226,49.327,0.0,-73,0.113,0.000,0.000
2014/10/01 13:17:45,2.05,37.80242,-122.29410,59.055,49.606,0.0,-73,0.143,0.000,0.000
2014/10/01 13:17:50,2.05,37.80223,-122.29530,49.541,49.492,0.0,-73,0.000,0.000,0.000
2014/10/01 13:17:55,2.05,37.80218,-122.29662,37.402,53.872,0.0,-73,0.000,0.000,0.000
2014/10/01 13:18:00,2.07,37.80230,-122.29798,33.793,53.828,0.0,-73,0.000,0.000,0.000
2014/10/01 13:18:05,1.8,37.80259,-122.29930,30.512,54.772,0.0,-75,0.000,0.000,0.000
2014/10/01 13:18:10,1.8,37.80305,-122.30051,35.433,52.284,0.0,-75,0.000,0.000,0.000
2014/10/01 13:18:15,1.8,37.80364,-122.30158,38.714,51.059,0.0,-75,0.000,0.000,0.000
2014/10/01 13:18:20,2.07,37.80426,-122.30240,40.354,41.984,0.0,-75,0.000,0.000,0.000
2014/10/01 13:18:25,1.8,37.80497,-122.30311,42.323,48.184,0.0,-75,0.000,0.000,0.218
2014/10/01 13:18:30,1.8,37.80583,-122.30374,39.370,49.918,0.0,-75,0.067,0.000,0.217
2014/10/01 13:18:35,1.8,37.80677,-122.30420,40.682,51.267,0.0,-51,3.106,0.000,0.144
2014/10/01 13:18:40,1.77,37.80781,-122.30448,40.026,54.434,0.0,-51,1.772,0.000,0.242
2014/10/01 13:18:45,1.77,37.80887,-122.30453,41.010,51.338,0.0,-51,1.228,0.000,0.242
2014/10/01 13:18:50,2.05,37.80989,-122.30439,40.026,52.050,0.0,-51,2.590,0.000,0.231
2014/10/01 13:18:55,1.77,37.81092,-122.30401,40.026,53.688,0.0,-51,2.115,0.000,0.862
2014/10/01 13:19:00,1.77,37.81190,-122.30341,38.058,55.131,0.0,-51,1.596,0.000,0.549
2014/10/01 13:19:05,1.77,37.81280,-122.30260,34.777,55.186,0.0,-51,2.959,0.000,0.173
2014/10/01 13:19:10,1.77,37.81358,-122.30162,34.449,55.017,0.0,-65,2.647,0.000,0.246
2014/10/01 13:19:15,1.77,37.81431,-122.30055,39.042,55.219,0.0,-65,2.651,0.000,0.162
2014/10/01 13:19:20,1.77,37.81501,-122.29948,49.869,55.279,0.0,-65,1.099,0.000,1.164
2014/10/01 13:19:25,1.83,37.81568,-122.29839,61.352,54.684,0.0,-65,0.404,0.000,2.113
2014/10/01 13:19:30,1.77,37.81641,-122.29735,68.898,55.026,0.0,-65,0.388,0.000,2.637
2014/10/01 13:19:35,1.77,37.81722,-122.29637,72.507,56.838,0.0,-65,1.628,0.000,0.239
2014/10/01 13:19:40,2.05,37.81808,-122.29547,76.115,54.492,0.0,-73,0.289,0.000,1.752
2014/10/01 13:19:45,2.05,37.81898,-122.29469,84.974,53.059,0.0,-73,0.513,0.000,0.893
2014/10/01 13:19:50,1.77,37.81988,-122.29395,92.848,53.525,0.0,-73,0.583,0.000,0.722
2014/10/01 13:19:55,1.77,37.82079,-122.29320,95.144,54.919,0.0,-73,0.837,0.042,1.166
2014/10/01 13:20:00,1.77,37.82174,-122.29245,95.801,56.154,0.0,-73,0.571,0.000,0.321
2014/10/01 13:20:05,1.77,37.82276,-122.29179,99.738,57.516,0.0,-73,0.279,0.542,4.033
2014/10/01 13:20:10,1.77,37.82384,-122.29123,103.018,58.203,0.0,-67,1.833,0.750,0.311
2014/10/01 13:20:15,1.8,37.82499,-122.29074,109.580,59.120,0.0,-67,0.000,1.500,1.405
2014/10/01 13:20:20,1.77,37.82614,-122.29071,113.189,56.042,0.0,-67,1.264,0.000,0.292
2014/10/01 13:20:25,1.77,37.82719,-122.29117,117.782,54.187,0.0,-67,1.098,0.958,0.180
2014/10/01 13:20:30,1.77,37.82804,-122.29200,118.110,55.184,0.0,-67,1.237,1.208,0.000
2014/10/01 13:20:35,1.77,37.82897,-122.29286,111.877,58.733,0.0,-67,0.830,0.750,0.000
2014/10/01 13:20:40,2.04,37.83010,-122.29328,102.034,58.824,0.0,-61,1.060,0.333,0.688
2014/10/01 13:20:45,2.04,37.83127,-122.29347,84.974,58.633,0.0,-61,0.786,0.000,1.010
2014/10/01 13:20:50,1.77,37.83243,-122.29372,66.929,57.966,0.0,-61,0.660,0.375,0.321
2014/10/01 13:20:55,1.77,37.83352,-122.29428,44.619,59.627,0.0,-61,1.244,0.667,0.000
2014/10/01 13:21:00,2.04,37.83463,-122.29494,38.386,61.296,0.0,-61,0.573,0.417,0.236
2014/10/01 13:21:05,1.76,37.83576,-122.29555,42.979,60.877,0.0,-61,1.879,0.708,0.397
2014/10/01 13:21:10,2.04,37.83689,-122.29612,51.181,59.486,0.0,-61,2.802,0.667,0.280
2014/10/01 13:21:15,1.76,37.83803,-122.29652,58.399,59.096,0.0,-65,2.532,0.000,0.276
2014/10/01 13:21:20,2.04,37.83921,-122.29674,50.525,58.424,0.0,-65,0.000,0.542,0.000
2014/10/01 13:21:25,1.76,37.84036,-122.29693,40.354,56.991,0.0,-65,0.000,0.625,0.000
2014/10/01 13:21:30,2.04,37.84148,-122.29716,37.073,57.124,0.0,-65,0.003,1.750,1.159
2014/10/01 13:21:35,2.04,37.84264,-122.29741,36.089,59.022,0.0,-65,0.989,2.125,2.169
2014/10/01 13:21:40,2.1,37.84382,-122.29768,36.745,59.275,0.0,-65,0.658,0.000,0.000
2014/10/01 13:21:45,1.92,37.84501,-122.29794,37.402,60.630,0.0,-51,1.394,2.667,3.649
2014/10/01 13:21:50,2.04,37.84622,-122.29820,38.386,61.144,0.0,-51,1.821,2.000,3.241
2014/10/01 13:21:55,1.88,37.84743,-122.29848,38.714,62.403,0.0,-51,1.808,0.000,3.944
2014/10/01 13:22:00,1.88,37.84869,-122.29877,36.089,63.944,0.0,-51,0.756,2.042,0.000
2014/10/01 13:22:05,1.76,37.84997,-122.29906,30.840,64.959,0.0,-51,0.225,0.000,2.990
2014/10/01 13:22:10,1.76,37.85125,-122.29936,27.231,63.646,0.0,-51,0.000,1.792,5.369
2014/10/01 13:22:15,1.76,37.85242,-122.29966,24.934,56.413,0.0,-81,0.209,0.000,2.162
2014/10/01 13:22:20,1.76,37.85348,-122.29995,22.310,53.389,0.0,-81,0.519,2.500,2.597
2014/10/01 13:22:25,1.76,37.85454,-122.30024,19.029,55.173,0.0,-81,0.409,2.292,1.609
2014/10/01 13:22:30,1.76,37.85564,-122.30054,19.685,56.905,0.0,-81,0.796,0.000,2.790
2014/10/01 13:22:35,1.76,37.85678,-122.30087,26.247,58.396,0.0,-81,0.470,0.000,0.000
2014/10/01 13:22:40,1.76,37.85793,-122.30119,29.528,59.126,0.0,-81,0.693,1.792,3.536
2014/10/01 13:22:45,1.76,37.85910,-122.30152,32.480,59.949,0.0,-77,0.652,1.833,2.093
2014/10/01 13:22:50,1.76,37.86030,-122.30185,31.496,61.506,0.0,-77,0.432,0.000,0.806
2014/10/01 13:22:55,1.76,37.86151,-122.30219,31.824,60.818,0.0,-77,0.464,1.792,2.288
2014/10/01 13:23:00,2.03,37.86269,-122.30253,32.808,59.610,0.0,-77,0.485,1.833,1.986
2014/10/01 13:23:05,1.76,37.86387,-122.30284,32.480,59.310,0.0,-77,0.716,0.000,1.622
2014/10/01 13:23:10,1.76,37.86504,-122.30317,34.777,59.870,0.0,-77,0.341,1.792,0.725
2014/10/01 13:23:15,1.76,37.86620,-122.30351,36.745,59.043,0.0,-77,0.921,1.792,0.959
2014/10/01 13:23:20,1.78,37.86736,-122.30387,35.761,59.886,0.0,-59,1.508,1.833,0.322
2014/10/01 13:23:25,1.78,37.86854,-122.30423,36.417,60.522,0.0,-59,0.817,0.917,0.336
2014/10/01 13:23:30,1.78,37.86973,-122.30460,35.105,60.829,0.0,-59,2.236,1.833,0.328
2014/10/01 13:23:35,1.78,37.87091,-122.30496,33.465,60.081,0.0,-59,1.878,1.792,0.746
2014/10/01 13:23:40,2.26,37.87208,-122.30532,34.121,60.354,0.0,-59,1.776,1.792,0.829
2014/10/01 13:23:45,1.77,37.87323,-122.30568,34.449,58.821,0.0,-59,0.814,1.833,0.622
2014/10/01 13:23:50,1.75,37.87439,-122.30604,34.121,59.383,0.0,-75,0.785,0.000,1.230
2014/10/01 13:23:55,1.75,37.87556,-122.30641,34.777,61.996,0.0,-75,1.010,0.000,0.000
2014/10/01 13:24:00,1.75,37.87679,-122.30679,46.916,63.047,0.0,-75,0.320,1.792,5.596
2014/10/01 13:24:05,2.02,37.87804,-122.30718,54.134,64.299,0.0,-75,1.629,1.792,1.629
2014/10/01 13:24:10,1.75,37.87929,-122.30748,49.541,63.205,0.0,-75,1.390,1.833,2.790
2014/10/01 13:24:15,1.75,37.88053,-122.30775,39.042,61.191,0.0,-75,0.863,0.000,0.000
2014/10/01 13:24:20,1.75,37.88175,-122.30802,36.745,62.940,0.0,-51,0.681,1.792,3.898
2014/10/01 13:24:25,1.75,37.88301,-122.30832,35.433,64.044,0.0,-51,0.993,3.625,2.828
2014/10/01 13:24:30,1.75,37.88422,-122.30859,33.793,60.891,0.0,-51,0.810,0.000,3.630
2014/10/01 13:24:35,1.75,37.88543,-122.30882,40.026,60.341,0.0,-51,1.480,1.000,2.722
2014/10/01 13:24:40,1.78,37.88660,-122.30900,55.118,57.846,0.0,-51,1.213,3.875,3.318
2014/10/01 13:24:45,1.75,37.88777,-122.30897,68.570,58.859,0.0,-51,1.267,2.083,0.000
2014/10/01 13:24:50,1.75,37.88891,-122.30867,76.115,56.282,0.0,-59,1.365,0.000,3.450
2014/10/01 13:24:55,1.78,37.88997,-122.30816,82.349,57.019,0.0,-59,2.109,1.000,2.782
2014/10/01 13:25:00,2.55,37.89102,-122.30766,82.677,54.314,0.0,-59,1.904,3.250,2.797
2014/10/01 13:25:05,2.02,37.89208,-122.30737,80.052,53.594,0.0,-59,0.742,1.083,4.090
2014/10/01 13:25:10,2.02,37.89317,-122.30738,76.772,55.210,0.0,-59,0.342,0.000,1.041
2014/10/01 13:25:15,2.02,37.89427,-122.30769,70.538,56.478,0.0,-59,0.915,2.375,0.784
2014/10/01 13:25:20,2.12,37.89535,-122.30814,60.367,57.041,0.0,-59,1.281,2.125,1.062
2014/10/01 13:25:25,2.12,37.89648,-122.30860,49.541,61.653,0.0,-77,1.324,2.083,1.209
2014/10/01 13:25:30,1.85,37.89769,-122.30909,38.058,63.831,0.0,-77,0.877,0.000,2.216
2014/10/01 13:25:35,1.85,37.89894,-122.30960,37.402,65.747,0.0,-77,1.040,2.083,3.428
2014/10/01 13:25:40,2.12,37.90016,-122.31020,48.556,63.811,0.0,-77,0.695,2.083,3.168
2014/10/01 13:25:45,2.12,37.90127,-122.31095,60.367,62.421,0.0,-77,1.026,0.000,3.221
2014/10/01 13:25:50,2.12,37.90236,-122.31170,63.320,61.610,0.0,-77,1.702,3.167,0.000
2014/10/01 13:25:55,1.85,37.90344,-122.31245,62.664,61.756,0.0,-57,1.641,0.000,4.549
2014/10/01 13:26:00,1.85,37.90453,-122.31321,61.352,61.370,0.0,-57,0.843,0.000,0.550
2014/10/01 13:26:05,1.85,37.90563,-122.31397,52.822,63.795,0.0,-57,0.584,0.042,2.217
2014/10/01 13:26:10,1.85,37.90681,-122.31478,42.651,68.971,0.0,-57,0.083,0.083,1.573
2014/10/01 13:26:15,1.85,37.90804,-122.31562,45.604,69.141,0.0,-57,0.817,0.750,0.958
2014/10/01 13:26:20,1.84,37.90925,-122.31644,56.102,68.359,0.0,-57,0.408,1.042,2.190
2014/10/01 13:26:25,1.88,37.91054,-122.31711,64.633,69.739,0.0,-87,0.240,0.000,1.560
2014/10/01 13:26:30,1.84,37.91192,-122.31738,67.913,69.036,0.0,-87,0.160,0.667,0.000
2014/10/01 13:26:35,1.84,37.91328,-122.31738,68.241,67.736,0.0,-87,0.396,0.000,5.002
2014/10/01 13:26:40,2.11,37.91464,-122.31738,69.554,67.210,0.0,-87,0.206,0.250,4.586
2014/10/01 13:26:45,1.84,37.91601,-122.31739,67.585,67.888,0.0,-87,0.545,1.625,0.369
2014/10/01 13:26:50,1.84,37.91737,-122.31739,68.570,67.870,0.0,-87,0.750,1.750,0.277
2014/10/01 13:26:55,1.84,37.91874,-122.31739,71.522,67.339,0.0,-75,1.090,1.708,0.481
2014/10/01 13:27:00,1.84,37.92008,-122.31755,75.459,66.630,0.0,-75,1.227,0.000,0.509
2014/10/01 13:27:05,1.84,37.92136,-122.31802,70.210,66.140,0.0,-75,0.572,1.625,1.433
2014/10/01 13:27:10,1.84,37.92257,-122.31876,60.367,67.738,0.0,-75,1.656,1.208,0.394
2014/10/01 13:27:15,1.84,37.92378,-122.31956,63.648,67.658,0.0,-75,1.846,1.708,0.369
2014/10/01 13:27:20,1.84,37.92498,-122.32036,74.803,67.592,0.0,-75,1.151,1.625,0.841
2014/10/01 13:27:25,1.84,37.92619,-122.32120,74.803,69.728,0.0,-75,0.474,1.042,0.281
2014/10/01 13:27:30,1.84,37.92741,-122.32207,68.570,69.640,0.0,-69,1.144,1.000,0.230
2014/10/01 13:27:35,1.83,37.92861,-122.32297,69.882,69.843,0.0,-69,1.481,1.708,0.493
2014/10/01 13:27:40,1.83,37.92981,-122.32387,80.709,69.159,0.0,-69,1.158,1.708,0.870
2014/10/01 13:27:45,1.83,37.93099,-122.32475,91.207,67.235,0.0,-69,0.823,1.542,0.570
2014/10/01 13:27:50,1.83,37.93215,-122.32558,92.848,66.102,0.0,-69,0.944,1.167,0.510
2014/10/01 13:27:55,1.83,37.93330,-122.32637,87.270,63.836,0.0,-69,1.055,1.250,0.357
2014/10/01 13:28:00,1.83,37.93454,-122.32681,88.255,65.048,0.0,-53,1.427,1.667,0.664
2014/10/01 13:28:05,1.83,37.93586,-122.32673,94.816,67.086,0.0,-53,1.077,2.167,1.231
2014/10/01 13:28:10,1.83,37.93711,-122.32619,98.425,63.945,0.0,-53,1.207,2.375,2.462
2014/10/01 13:28:15,1.86,37.93832,-122.32556,94.488,65.632,0.0,-53,0.000,0.000,3.357
2014/10/01 13:28:20,1.86,37.93952,-122.32496,89.567,63.299,0.0,-53,1.626,1.958,2.041
2014/10/01 13:28:25,1.86,37.94070,-122.32435,84.974,63.801,0.0,-53,1.410,1.292,2.946
2014/10/01 13:28:30,1.83,37.94190,-122.32384,82.349,61.913,0.0,-71,1.384,2.000,2.000
2014/10/01 13:28:35,1.86,37.94313,-122.32371,78.412,61.033,0.0,-71,1.140,1.958,2.127
2014/10/01 13:28:40,2.09,37.94433,-122.32396,80.052,59.962,0.0,-71,0.586,0.000,1.407
2014/10/01 13:28:45,1.82,37.94546,-122.32447,83.990,59.506,0.0,-71,0.835,1.958,2.098
2014/10/01 13:28:50,2.09,37.94659,-122.32501,88.911,60.463,0.0,-71,1.249,2.000,2.370
2014/10/01 13:28:55,2.09,37.94772,-122.32556,94.160,60.310,0.0,-71,2.071,1.958,0.814
2014/10/01 13:29:00,1.82,37.94884,-122.32609,100.722,58.503,0.0,-87,2.179,1.333,0.338
2014/10/01 13:29:05,1.82,37.94998,-122.32664,105.971,60.319,0.0,-87,1.202,0.667,0.150
2014/10/01 13:29:10,1.82,37.95113,-122.32719,111.220,61.896,0.0,-87,0.710,1.292,0.406
2014/10/01 13:29:15,1.82,37.95228,-122.32774,117.126,60.721,0.0,-87,1.140,0.000,1.490
2014/10/01 13:29:20,1.82,37.95342,-122.32834,118.110,62.110,0.0,-87,1.913,1.333,0.414
2014/10/01 13:29:25,2.08,37.95458,-122.32902,119.094,64.058,0.0,-87,2.083,1.792,0.410
2014/10/01 13:29:30,2.08,37.95574,-122.32970,120.735,63.134,0.0,-87,1.668,1.958,0.318
2014/10/01 13:29:35,2.08,37.95690,-122.33032,122.047,62.475,0.0,-75,0.996,1.958,0.561
2014/10/01 13:29:40,1.85,37.95817,-122.33064,122.047,64.291,0.0,-75,1.544,2.000,1.117
2014/10/01 13:29:45,1.82,37.95940,-122.33061,121.063,59.529,0.0,-75,1.486,1.292,2.550
2014/10/01 13:29:50,1.77,37.96056,-122.33026,112.861,60.089,0.0,-75,0.872,1.333,2.528
2014/10/01 13:29:55,1.72,37.96167,-122.32960,97.441,62.212,0.0,-75,0.628,0.000,1.082
2014/10/01 13:30:00,1.72,37.96265,-122.32862,82.021,62.473,0.0,-75,1.522,1.958,1.577
2014/10/01 13:30:05,1.72,37.96345,-122.32741,76.115,61.437,0.0,-51,1.446,2.000,1.670
2014/10/01 13:30:10,1.76,37.96413,-122.32613,79.396,60.201,0.0,-51,1.110,1.958,2.250
2014/10/01 13:30:15,1.71,37.96480,-122.32486,87.598,60.181,0.0,-51,1.145,2.083,1.776
2014/10/01 13:30:20,1.71,37.96547,-122.32360,101.050,58.646,0.0,-51,1.040,2.083,2.110
2014/10/01 13:30:25,1.71,37.96623,-122.32250,113.845,57.297,0.0,-51,1.315,0.000,1.682
2014/10/01 13:30:30,1.71,37.96714,-122.32167,127.297,55.164,0.0,-51,1.256,2.042,2.030
2014/10/01 13:30:35,1.71,37.96814,-122.32113,141.404,53.165,0.0,-51,1.642,2.083,0.670
2014/10/01 13:30:40,1.71,37.96917,-122.32077,154.856,53.805,0.0,-51,0.762,2.083,1.063
2014/10/01 13:30:45,1.71,37.97023,-122.32042,169.291,54.629,0.0,-51,0.795,2.083,1.920
2014/10/01 13:30:50,1.71,37.97129,-122.32006,183.727,55.500,0.0,-51,0.939,2.083,1.913
2014/10/01 13:30:55,1.75,37.97239,-122.31969,197.835,56.562,0.0,-51,1.045,0.000,2.222
2014/10/01 13:31:00,1.71,37.97349,-122.31932,212.927,57.073,0.0,-51,1.093,2.083,1.858
2014/10/01 13:31:05,1.71,37.97459,-122.31895,228.018,55.683,0.0,-73,0.936,2.083,1.890
2014/10/01 13:31:10,1.71,37.97567,-122.31859,241.798,55.687,0.0,-73,1.339,2.083,2.282
2014/10/01 13:31:15,1.71,37.97675,-122.31822,255.906,56.530,0.0,-73,1.757,0.000,1.902
2014/10/01 13:31:20,1.71,37.97786,-122.31784,267.060,56.714,0.0,-73,0.706,0.000,0.354
2014/10/01 13:31:25,1.74,37.97897,-122.31747,270.341,58.343,0.0,-73,0.729,0.042,0.547
2014/10/01 13:31:30,1.71,37.98014,-122.31708,265.748,60.860,0.0,-73,0.382,0.625,0.505
2014/10/01 13:31:35,1.7,37.98133,-122.31668,264.764,61.347,0.0,-73,1.173,1.083,0.730
2014/10/01 13:31:40,1.7,37.98253,-122.31627,262.467,62.337,0.0,-79,1.802,1.083,0.570
2014/10/01 13:31:45,1.7,37.98376,-122.31586,259.843,63.759,0.0,-79,1.692,0.000,0.754
2014/10/01 13:31:50,1.7,37.98500,-122.31540,256.890,64.927,0.0,-79,1.374,1.000,0.559
2014/10/01 13:31:55,1.7,37.98620,-122.31477,253.281,64.121,0.0,-79,1.220,0.958,0.602
2014/10/01 13:32:00,1.7,37.98733,-122.31401,250.328,63.600,0.0,-79,1.158,1.208,0.610
2014/10/01 13:32:05,1.7,37.98838,-122.31315,243.110,62.750,0.0,-79,0.589,1.125,0.950
2014/10/01 13:32:10,1.7,37.98937,-122.31213,234.908,63.744,0.0,-79,0.951,0.875,1.090
2014/10/01 13:32:15,1.7,37.99025,-122.31098,224.738,63.705,0.0,-79,0.440,0.792,1.242
2014/10/01 13:32:20,1.7,37.99106,-122.30969,216.207,64.761,0.0,-79,0.405,0.875,0.877
2014/10/01 13:32:25,1.74,37.99174,-122.30833,207.677,60.704,0.0,-79,0.231,0.708,0.725
2014/10/01 13:32:30,1.7,37.99227,-122.30701,200.131,58.485,0.0,-79,0.703,0.875,0.660
2014/10/01 13:32:35,1.74,37.99269,-122.30565,193.241,56.895,0.0,-79,1.241,1.583,0.850
2014/10/01 13:32:40,1.7,37.99300,-122.30423,187.664,58.307,0.0,-83,0.795,1.083,3.129
2014/10/01 13:32:45,1.7,37.99323,-122.30276,180.446,59.755,0.0,-83,0.837,0.000,1.930
2014/10/01 13:32:50,1.7,37.99343,-122.30128,172.900,59.990,0.0,-83,1.311,1.000,1.914
2014/10/01 13:32:55,1.69,37.99361,-122.29977,158.465,60.189,0.0,-83,1.470,1.375,0.000
2014/10/01 13:33:00,1.69,37.99383,-122.29825,145.669,61.291,0.0,-83,1.154,1.208,4.069
2014/10/01 13:33:05,1.69,37.99405,-122.29669,131.890,62.141,0.0,-83,0.991,1.417,3.130
2014/10/01 13:33:10,1.69,37.99426,-122.29514,118.438,62.167,0.0,-59,0.774,0.000,2.198
2014/10/01 13:33:15,1.69,37.99447,-122.29358,105.315,60.673,0.0,-59,1.110,1.458,3.230
2014/10/01 13:33:20,1.69,37.99469,-122.29206,92.192,60.690,0.0,-59,1.485,1.417,2.949
2014/10/01 13:33:25,1.69,37.99496,-122.29057,82.021,60.590,0.0,-59,1.476,0.000,0.662
2014/10/01 13:33:30,1.73,37.99540,-122.28913,72.835,61.752,0.0,-59,0.965,1.500,0.810
2014/10/01 13:33:35,1.69,37.99603,-122.28774,66.601,63.691,0.0,-59,0.848,1.000,1.369
2014/10/01 13:33:40,1.69,37.99681,-122.28649,70.866,62.227,0.0,-59,0.667,0.000,0.000
2014/10/01 13:33:45,1.73,37.99770,-122.28544,83.990,58.967,0.0,-55,1.372,1.542,3.086
2014/10/01 13:33:50,1.69,37.99866,-122.28452,95.472,60.678,0.0,-55,1.294,1.000,2.182
2014/10/01 13:33:55,1.72,37.99963,-122.28361,107.612,58.733,0.0,-55,1.489,1.500,2.078
2014/10/01 13:34:00,1.72,38.00057,-122.28274,120.079,58.078,0.0,-55,1.176,0.000,3.868
2014/10/01 13:34:05,1.69,38.00153,-122.28185,132.546,59.076,0.0,-55,0.884,1.000,2.581
2014/10/01 13:34:10,1.69,38.00249,-122.28096,138.451,59.687,0.0,-55,1.082,1.042,2.538
2014/10/01 13:34:15,1.68,38.00347,-122.28004,134.186,62.103,0.0,-77,1.594,1.583,2.838
2014/10/01 13:34:20,1.68,38.00450,-122.27908,121.391,64.294,0.0,-77,0.997,1.042,1.914
2014/10/01 13:34:25,1.68,38.00556,-122.27810,108.268,66.411,0.0,-77,1.252,0.000,1.598
2014/10/01 13:34:30,1.68,38.00664,-122.27709,95.801,66.451,0.0,-77,1.431,1.083,1.462
2014/10/01 13:34:35,1.68,38.00769,-122.27612,83.333,64.064,0.0,-77,1.690,1.250,2.857
2014/10/01 13:34:40,1.68,38.00873,-122.27514,73.491,64.996,0.0,-77,1.577,0.875,0.000
2014/10/01 13:34:45,1.68,38.00977,-122.27416,76.115,64.512,0.0,-65,1.619,1.042,2.689
2014/10/01 13:34:50,1.68,38.01083,-122.27318,82.677,65.061,0.0,-65,0.845,1.583,2.170
2014/10/01 13:34:55,1.68,38.01188,-122.27220,81.693,64.963,0.0,-65,0.988,0.000,4.390
2014/10/01 13:35:00,1.68,38.01294,-122.27122,72.178,66.619,0.0,-65,0.778,1.042,1.510
2014/10/01 13:35:05,1.68,38.01404,-122.27021,67.913,68.472,0.0,-65,1.207,1.583,2.070
2014/10/01 13:35:10,1.68,38.01514,-122.26920,77.756,67.181,0.0,-65,0.000,1.083,3.570
2014/10/01 13:35:15,1.68,38.01622,-122.26818,90.551,67.315,0.0,-55,0.806,1.042,2.317
2014/10/01 13:35:20,1.68,38.01729,-122.26716,101.050,66.723,0.0,-55,0.985,0.000,2.230
2014/10/01 13:35:25,1.87,38.01837,-122.26615,104.331,66.521,0.0,-55,0.884,1.583,0.000
2014/10/01 13:35:30,1.87,38.01946,-122.26515,93.832,67.726,0.0,-55,1.778,1.042,3.420
2014/10/01 13:35:35,1.87,38.02057,-122.26412,77.756,68.627,0.0,-55,1.471,1.083,3.138
2014/10/01 13:35:40,1.67,38.02169,-122.26308,61.680,69.641,0.0,-55,1.352,0.000,0.000
2014/10/01 13:35:45,1.67,38.02282,-122.26203,55.118,70.343,0.0,-55,0.354,0.500,6.190
2014/10/01 13:35:50,1.67,38.02397,-122.26096,64.633,68.751,0.0,-73,0.922,0.000,0.000
2014/10/01 13:35:55,1.67,38.02508,-122.25993,81.365,69.447,0.0,-73,0.666,0.000,5.988
2014/10/01 13:36:00,1.67,38.02622,-122.25888,97.441,70.220,0.0,-73,0.213,0.000,5.021
2014/10/01 13:36:05,1.67,38.02736,-122.25782,111.549,70.326,0.0,-73,0.294,0.000,0.000
2014/10/01 13:36:10,1.67,38.02848,-122.25678,127.625,68.792,0.0,-73,0.247,0.000,6.586
2014/10/01 13:36:15,1.67,38.02959,-122.25575,143.373,68.149,0.0,-73,0.264,0.000,1.006
2014/10/01 13:36:20,1.67,38.03068,-122.25473,158.136,67.143,0.0,-89,0.295,0.042,0.197
2014/10/01 13:36:25,1.67,38.03176,-122.25374,175.197,66.046,0.0,-89,0.760,0.958,0.591
2014/10/01 13:36:30,1.67,38.03282,-122.25275,182.415,65.950,0.0,-89,1.217,0.000,0.790
2014/10/01 13:36:35,1.67,38.03391,-122.25174,185.367,68.015,0.0,-89,0.546,1.000,5.941
2014/10/01 13:36:40,1.87,38.03498,-122.25073,187.008,63.945,0.0,-89,0.740,0.000,1.469
2014/10/01 13:36:45,1.66,38.03600,-122.24979,187.008,62.274,0.0,-89,0.840,0.875,0.850
2014/10/01 13:36:50,1.66,38.03703,-122.24883,187.336,63.816,0.0,-71,0.862,0.958,0.365
2014/10/01 13:36:55,1.66,38.03809,-122.24783,188.648,65.280,0.0,-71,1.294,1.000,0.666
2014/10/01 13:37:00,1.66,38.03904,-122.24670,191.273,65.367,0.0,-71,0.000,1.208,0.650
2014/10/01 13:37:05,1.66,38.03992,-122.24546,196.194,65.781,0.0,-71,0.000,0.458,2.290
2014/10/01 13:37:10,1.66,38.04079,-122.24423,201.444,64.530,0.0,-71,0.000,0.625,2.202
2014/10/01 13:37:15,1.66,38.04169,-122.24296,205.381,68.173,0.0,-71,0.000,0.875,0.970
2014/10/01 13:37:20,1.66,38.04261,-122.24165,208.661,69.647,0.0,-67,0.000,1.208,0.682
2014/10/01 13:37:25,1.86,38.04354,-122.24033,211.286,69.556,0.0,-67,0.006,1.083,1.250
2014/10/01 13:37:30,1.66,38.04446,-122.23902,217.848,69.439,0.0,-67,1.102,0.000,0.942
2014/10/01 13:37:35,1.66,38.04541,-122.23770,222.113,70.587,0.0,-67,1.030,1.000,0.764
2014/10/01 13:37:40,1.7,38.04633,-122.23638,227.690,69.515,0.0,-67,1.714,1.208,1.372
2014/10/01 13:37:45,1.66,38.04725,-122.23507,231.299,67.735,0.0,-67,1.551,1.000,1.086
2014/10/01 13:37:50,1.66,38.04813,-122.23381,233.596,65.264,0.0,-67,0.971,0.875,0.278
2014/10/01 13:37:55,1.65,38.04900,-122.23259,225.394,65.048,0.0,-77,0.929,0.875,0.971
2014/10/01 13:38:01,1.65,38.04988,-122.23134,211.614,64.417,0.0,-77,1.086,0.750,1.240
2014/10/01 13:38:06,1.65,38.05072,-122.23014,197.178,62.899,0.0,-77,1.113,0.958,0.758
2014/10/01 13:38:11,1.65,38.05156,-122.22894,181.759,63.009,0.0,-77,0.794,0.750,1.046
2014/10/01 13:38:16,1.65,38.05240,-122.22776,172.244,62.238,0.0,-77,2.132,1.000,0.834
2014/10/01 13:38:21,1.65,38.05324,-122.22656,162.402,62.687,0.0,-77,1.199,1.250,0.405
2014/10/01 13:38:26,1.65,38.05413,-122.22547,152.231,60.230,0.0,-73,0.441,0.833,0.989
2014/10/01 13:38:31,1.65,38.05526,-122.22486,145.341,61.711,0.0,-73,0.976,0.958,0.810
2014/10/01 13:38:36,2.2,38.05648,-122.22481,146.654,60.466,0.0,-73,0.874,1.208,0.677
2014/10/01 13:38:41,2.2,38.05768,-122.22492,149.606,58.949,0.0,-73,0.856,0.000,1.598
2014/10/01 13:38:46,1.65,38.05885,-122.22501,154.199,58.544,0.0,-73,1.514,0.875,0.973
2014/10/01 13:38:51,1.65,38.06002,-122.22512,151.247,58.944,0.0,-73,1.001,0.958,0.650
2014/10/01 13:38:56,1.65,38.06117,-122.22522,163.058,57.381,0.0,-61,0.406,1.208,0.000
2014/10/01 13:39:01,1.65,38.06232,-122.22532,176.509,58.069,0.0,-61,0.598,0.500,0.838
2014/10/01 13:39:06,2.19,38.06348,-122.22543,175.197,57.577,0.0,-61,1.586,0.958,0.830
2014/10/01 13:39:11,2.19,38.06460,-122.22553,180.446,55.038,0.0,-61,0.000,1.208,0.670
2014/10/01 13:39:16,2.45,38.06568,-122.22562,177.822,52.992,0.0,-61,1.214,0.625,1.770
2014/10/01 13:39:21,2.48,38.06671,-122.22575,166.010,50.404,0.0,-61,0.482,0.958,0.822
2014/10/01 13:39:26,1.9,38.06769,-122.22604,158.465,47.785,0.0,-55,0.558,1.250,0.593
2014/10/01 13:39:31,1.9,38.06846,-122.22643,161.089,36.498,0.0,-55,0.542,0.958,0.863
2014/10/01 13:39:36,1.9,38.06906,-122.22673,163.058,27.821,0.0,-55,0.926,0.958,0.757
2014/10/01 13:39:41,1.89,38.06962,-122.22700,159.777,34.576,0.0,-55,0.680,1.208,0.662
2014/10/01 13:39:46,1.89,38.07034,-122.22740,159.121,41.019,0.0,-55,0.838,0.625,2.017
2014/10/01 13:39:51,1.89,38.07112,-122.22790,149.606,44.447,0.0,-55,0.793,0.958,0.910
2014/10/01 13:39:56,1.89,38.07192,-122.22855,140.092,49.807,0.0,-55,1.929,1.250,0.692
2014/10/01 13:40:01,1.89,38.07282,-122.22930,127.625,55.725,0.0,-69,0.863,0.583,1.602
2014/10/01 13:40:06,1.89,38.07382,-122.23006,112.205,60.062,0.0,-69,0.685,0.958,1.034
2014/10/01 13:40:11,1.89,38.07487,-122.23085,106.627,60.538,0.0,-69,0.672,1.125,0.744
2014/10/01 13:40:16,1.89,38.07595,-122.23160,107.612,62.074,0.0,-69,1.302,0.708,0.650
2014/10/01 13:40:21,1.89,38.07709,-122.23221,104.659,61.528,0.0,-69,0.737,0.875,0.922
2014/10/01 13:40:26,1.89,38.07828,-122.23267,91.864,61.905,0.0,-69,0.802,1.083,0.790
2014/10/01 13:40:31,1.63,38.07952,-122.23301,73.819,63.497,0.0,-67,0.726,0.000,0.718
2014/10/01 13:40:36,1.89,38.08079,-122.23322,60.367,63.973,0.0,-67,0.000,0.833,2.410
2014/10/01 13:40:41,1.63,38.08205,-122.23328,55.118,61.429,0.0,-67,0.205,0.500,1.529
2014/10/01 13:40:46,1.88,38.08328,-122.23322,52.165,60.908,0.0,-67,0.676,0.625,1.786
2014/10/01 13:40:51,1.63,38.08448,-122.23303,47.244,59.548,0.0,-67,0.555,0.583,1.462
2014/10/01 13:40:56,1.63,38.08565,-122.23272,40.682,59.242,0.0,-67,0.809,1.000,0.750
2014/10/01 13:41:01,1.63,38.08679,-122.23231,33.136,59.307,0.0,-65,0.836,1.208,0.650
2014/10/01 13:41:06,1.63,38.08796,-122.23180,26.903,63.431,0.0,-65,1.651,1.333,0.451
2014/10/01 13:41:11,1.63,38.08920,-122.23127,26.903,64.926,0.0,-65,1.317,1.583,0.956
2014/10/01 13:41:16,1.63,38.09038,-122.23078,31.824,60.132,0.0,-65,1.574,1.500,0.618
2014/10/01 13:41:21,1.62,38.09154,-122.23035,35.433,60.375,0.0,-65,1.420,1.500,0.209
2014/10/01 13:41:26,1.62,38.09272,-122.23007,43.635,58.884,0.0,-65,1.638,1.667,0.278
2014/10/01 13:41:31,1.62,38.09388,-122.22991,57.415,58.342,0.0,-57,1.394,1.167,1.342
2014/10/01 13:41:36,1.62,38.09505,-122.22978,72.507,57.144,0.0,-57,0.575,1.833,0.542
2014/10/01 13:41:41,1.62,38.09617,-122.22973,75.787,56.202,0.0,-57,1.003,0.000,1.048
2014/10/01 13:41:46,1.62,38.09730,-122.22972,70.866,54.645,0.0,-57,1.385,2.500,2.010
2014/10/01 13:41:51,1.62,38.09835,-122.22971,63.976,50.506,0.0,-57,1.886,2.292,1.401
2014/10/01 13:41:56,1.62,38.09939,-122.22969,57.415,53.054,0.0,-57,0.929,1.875,2.785
2014/10/01 13:42:01,1.62,38.10049,-122.22968,50.525,56.278,0.0,-57,0.526,0.000,0.000
2014/10/01 13:42:06,1.62,38.10161,-122.22965,43.963,54.581,0.0,-81,0.194,0.000,7.088
2014/10/01 13:42:11,1.62,38.10272,-122.22964,36.417,55.245,0.0,-81,0.641,1.250,0.000
2014/10/01 13:42:16,1.62,38.10382,-122.22963,33.465,54.431,0.0,-81,1.108,0.625,4.254
2014/10/01 13:42:21,1.62,38.10493,-122.22962,33.465,56.568,0.0,-81,0.961,0.000,4.093
2014/10/01 13:42:26,1.61,38.10609,-122.22961,36.089,59.527,0.0,-81,1.161,1.292,4.170
2014/10/01 13:42:31,1.61,38.10731,-122.22959,40.026,60.193,0.0,-81,0.377,0.625,2.302
2014/10/01 13:42:36,1.61,38.10852,-122.22957,43.307,59.801,0.0,-81,0.669,0.000,0.000
2014/10/01 13:42:41,1.61,38.10972,-122.22956,46.588,59.570,0.0,-81,1.118,1.250,4.938
2014/10/01 13:42:46,1.65,38.11094,-122.22959,49.541,61.225,0.0,-81,0.903,0.625,0.000
2014/10/01 13:42:51,1.65,38.11216,-122.22968,57.743,60.636,0.0,-81,0.545,0.000,4.902
2014/10/01 13:42:56,1.89,38.11337,-122.22978,69.882,60.148,0.0,-81,0.216,0.625,5.398
2014/10/01 13:43:01,1.89,38.11458,-122.22988,84.646,60.005,0.0,-81,0.644,1.292,1.641
2014/10/01 13:43:06,1.89,38.11574,-122.22997,95.144,56.442,0.0,-75,1.187,1.875,1.609
2014/10/01 13:43:11,1.89,38.11686,-122.23005,100.722,55.785,0.0,-75,1.168,0.000,2.269
2014/10/01 13:43:16,1.86,38.11800,-122.23015,104.987,56.587,0.0,-75,0.490,0.000,0.000
2014/10/01 13:43:21,1.86,38.11914,-122.23023,108.268,56.485,0.0,-75,0.184,1.917,7.509
2014/10/01 13:43:26,1.61,38.12029,-122.23030,110.892,58.315,0.0,-75,0.964,1.292,0.000
2014/10/01 13:43:31,1.86,38.12149,-122.23022,114.829,60.596,0.0,-75,0.669,1.250,3.110
2014/10/01 13:43:36,1.85,38.12271,-122.22997,119.751,62.727,0.0,-85,1.065,1.292,2.178
2014/10/01 13:43:41,1.6,38.12392,-122.22955,123.031,61.879,0.0,-85,0.342,0.000,5.162
2014/10/01 13:43:46,1.6,38.12506,-122.22895,116.470,60.944,0.0,-85,0.525,1.250,0.000
2014/10/01 13:43:51,1.62,38.12612,-122.22827,116.470,58.532,0.0,-85,0.571,0.000,3.326
2014/10/01 13:43:56,1.62,38.12714,-122.22762,112.533,56.541,0.0,-85,0.763,1.250,2.297
2014/10/01 13:44:01,1.62,38.12815,-122.22697,111.220,56.832,0.0,-85,0.627,1.292,2.717
2014/10/01 13:44:06,1.62,38.12919,-122.22631,108.924,58.799,0.0,-85,0.853,1.250,2.941
2014/10/01 13:44:11,1.62,38.13026,-122.22562,107.283,60.182,0.0,-69,0.836,0.000,2.859
2014/10/01 13:44:16,1.6,38.13135,-122.22493,103.675,58.168,0.0,-69,1.462,0.000,0.170
2014/10/01 13:44:21,1.87,38.13224,-122.22435,98.425,48.009,0.0,-69,1.591,0.083,0.162
2014/10/01 13:44:26,1.87,38.13300,-122.22381,96.129,39.061,0.0,-69,0.891,0.875,0.751
2014/10/01 13:44:31,1.6,38.13371,-122.22327,95.801,43.558,0.0,-69,1.104,1.125,0.778
2014/10/01 13:44:36,1.6,38.13446,-122.22260,95.801,48.075,0.0,-69,1.702,1.208,0.670
2014/10/01 13:44:41,1.6,38.13521,-122.22179,104.331,49.352,0.0,-67,0.996,0.875,1.283
2014/10/01 13:44:46,1.6,38.13594,-122.22098,121.719,48.503,0.0,-67,0.788,0.000,0.730
2014/10/01 13:44:51,2.18,38.13677,-122.22032,138.780,48.717,0.0,-67,0.826,1.000,1.682
2014/10/01 13:44:56,1.6,38.13772,-122.22000,157.480,48.737,0.0,-67,0.000,0.750,0.000
2014/10/01 13:45:01,1.6,38.13869,-122.22005,167.651,49.820,0.0,-67,0.000,0.375,0.610
2014/10/01 13:45:06,1.6,38.13966,-122.22047,167.979,51.752,0.0,-67,0.000,0.958,0.797
2014/10/01 13:45:11,1.6,38.14048,-122.22124,154.856,50.747,0.0,-55,0.000,1.500,0.839
2014/10/01 13:45:16,1.64,38.14106,-122.22230,131.890,52.293,0.0,-55,0.000,1.000,2.634
2014/10/01 13:45:21,1.64,38.14138,-122.22361,118.766,55.171,0.0,-55,0.000,0.000,3.831
2014/10/01 13:45:26,1.64,38.14142,-122.22503,111.877,55.981,0.0,-55,0.006,1.208,1.924
2014/10/01 13:45:31,1.36,38.14146,-122.22647,108.924,57.414,0.0,-55,0.977,0.917,0.000
2014/10/01 13:45:36,1.64,38.14148,-122.22795,112.861,58.242,0.0,-55,1.170,1.042,3.227
2014/10/01 13:45:41,1.64,38.14148,-122.22947,116.798,60.379,0.0,-59,1.943,0.000,1.449
2014/10/01 13:45:46,1.64,38.14146,-122.23104,120.735,64.049,0.0,-59,1.157,1.375,1.446
2014/10/01 13:45:51,1.64,38.14144,-122.23270,125.984,65.569,0.0,-59,0.006,0.458,0.804
2014/10/01 13:45:56,1.86,38.14145,-122.23441,139.436,67.731,0.0,-59,0.724,0.000,1.022
2014/10/01 13:46:01,1.64,38.14146,-122.23609,146.982,65.845,0.0,-59,0.475,0.917,1.457
2014/10/01 13:46:06,1.64,38.14148,-122.23778,141.732,66.266,0.0,-59,0.378,0.417,1.054
2014/10/01 13:46:11,1.85,38.14160,-122.23947,125.984,67.164,0.0,-59,0.234,0.458,0.000
2014/10/01 13:46:16,1.85,38.14179,-122.24118,108.924,68.019,0.0,-87,0.295,0.000,0.000
2014/10/01 13:46:21,1.86,38.14199,-122.24290,89.895,68.297,0.0,-87,1.411,0.458,0.508
2014/10/01 13:46:26,1.64,38.14220,-122.24458,78.412,67.186,0.0,-87,2.013,0.917,0.701
2014/10/01 13:46:31,1.64,38.14240,-122.24630,73.491,68.243,0.0,-87,1.635,0.000,0.565
2014/10/01 13:46:36,1.64,38.14259,-122.24797,73.491,64.590,0.0,-87,0.495,1.333,2.805
2014/10/01 13:46:41,1.64,38.14274,-122.24958,71.194,62.085,0.0,-87,0.574,0.458,0.279
2014/10/01 13:46:46,1.68,38.14270,-122.25113,70.538,59.744,0.0,-75,0.944,0.000,1.567
2014/10/01 13:46:51,1.64,38.14261,-122.25257,64.304,50.490,0.0,-75,0.604,0.917,2.366
2014/10/01 13:46:56,1.64,38.14258,-122.25364,51.837,38.982,0.0,-75,0.765,1.042,1.526
2014/10/01 13:47:01,1.64,38.14251,-122.25462,37.402,38.379,0.0,-75,1.751,1.333,1.414
2014/10/01 13:47:06,1.59,38.14249,-122.25544,28.543,20.572,0.0,-75,1.965,0.958,2.433
2014/10/01 13:47:11,1.59,38.14281,-122.25557,28.543,22.192,0.0,-75,2.808,0.875,2.013
2014/10/01 13:47:16,1.59,38.14338,-122.25549,22.638,32.139,0.0,-51,3.003,0.000,1.882
2014/10/01 13:47:21,1.59,38.14406,-122.25538,21.325,34.540,0.0,-51,2.920,1.375,3.868
2014/10/01 13:47:26,1.59,38.14476,-122.25528,21.982,34.612,0.0,-51,2.753,0.875,1.910
2014/10/01 13:47:31,1.59,38.14540,-122.25517,21.654,32.138,0.0,-51,3.054,1.375,1.469
2014/10/01 13:47:36,1.59,38.14602,-122.25507,24.278,28.926,0.0,-51,2.783,0.875,0.515
2014/10/01 13:47:41,1.59,38.14653,-122.25498,27.887,24.596,0.0,-51,2.484,0.000,0.254
2014/10/01 13:47:46,1.59,38.14705,-122.25490,29.528,28.045,0.0,-63,2.587,0.917,0.677
2014/10/01 13:47:51,1.59,38.14781,-122.25478,30.512,34.628,0.0,-63,2.060,0.000,0.402
2014/10/01 13:47:56,1.59,38.14852,-122.25467,31.168,36.882,0.0,-63,0.934,0.458,0.485
2014/10/01 13:48:01,1.59,38.14929,-122.25455,31.496,39.759,0.0,-63,0.520,0.000,0.629
2014/10/01 13:48:06,1.59,38.15011,-122.25442,31.496,41.353,0.0,-63,1.453,0.875,0.569
2014/10/01 13:48:11,1.59,38.15092,-122.25428,31.824,40.040,0.0,-63,1.956,1.375,0.343
2014/10/01 13:48:16,1.59,38.15170,-122.25416,30.512,39.256,0.0,-63,2.577,0.917,0.346
2014/10/01 13:48:21,1.59,38.15248,-122.25403,30.512,38.967,0.0,-61,2.868,0.917,0.230
2014/10/01 13:48:26,1.59,38.15327,-122.25390,31.824,39.847,0.0,-61,2.622,0.000,1.076
2014/10/01 13:48:31,1.59,38.15408,-122.25377,33.136,42.383,0.0,-61,1.221,0.000,1.069
2014/10/01 13:48:36,1.59,38.15496,-122.25363,33.136,44.322,0.0,-61,0.961,0.917,0.715
2014/10/01 13:48:41,1.59,38.15581,-122.25351,34.449,42.879,0.0,-61,2.349,0.000,0.262
2014/10/01 13:48:46,1.59,38.15667,-122.25343,36.745,43.625,0.0,-61,1.324,0.458,0.289
2014/10/01 13:48:51,1.59,38.15756,-122.25337,37.730,44.758,0.0,-71,0.561,0.417,0.318
2014/10/01 13:48:56,1.59,38.15847,-122.25330,39.370,45.389,0.0,-71,0.920,0.000,0.542
2014/10/01 13:49:01,1.59,38.15939,-122.25323,40.682,46.601,0.0,-71,0.894,0.917,0.430
2014/10/01 13:49:06,1.59,38.16031,-122.25316,41.995,46.034,0.0,-71,1.622,0.000,0.197
2014/10/01 13:49:11,1.59,38.16122,-122.25310,41.667,44.593,0.0,-71,1.837,0.917,0.378
2014/10/01 13:49:16,1.59,38.16210,-122.25304,41.667,43.157,0.0,-71,2.375,0.000,0.216
2014/10/01 13:49:21,1.59,38.16286,-122.25298,44.619,32.982,0.0,-65,1.987,0.917,1.017
2014/10/01 13:49:26,1.59,38.16340,-122.25294,46.588,23.649,0.0,-65,1.971,0.875,0.390
2014/10/01 13:49:31,2.17,38.16372,-122.25292,47.244,7.758,0.0,-65,2.497,0.000,0.376
2014/10/01 13:49:36,2.17,38.16383,-122.25291,47.900,6.671,0.0,-65,2.400,0.917,0.293
2014/10/01 13:49:41,2.17,38.16410,-122.25289,47.572,18.019,0.0,-65,3.000,0.917,0.182
2014/10/01 13:49:46,1.59,38.16455,-122.25286,48.885,25.527,0.0,-65,2.052,0.875,0.599
2014/10/01 13:49:51,1.59,38.16509,-122.25281,50.197,22.681,0.0,-65,2.382,0.000,0.433
2014/10/01 13:49:56,1.59,38.16535,-122.25279,52.165,6.734,0.0,-65,2.609,0.958,0.302
2014/10/01 13:50:01,2.17,38.16537,-122.25279,51.837,0.014,0.0,-65,3.558,0.875,0.269
2014/10/01 13:50:06,1.59,38.16537,-122.25279,50.197,0.029,0.0,-65,2.673,0.917,0.530
2014/10/01 13:50:11,1.59,38.16537,-122.25279,49.541,0.019,0.0,-65,2.994,0.917,1.177
2014/10/01 13:50:16,2.17,38.16537,-122.25279,46.916,0.052,0.0,-65,3.000,0.000,0.822
2014/10/01 13:50:21,2.17,38.16537,-122.25278,45.932,0.017,0.0,-65,2.563,1.333,1.530
2014/10/01 13:50:26,2.17,38.16537,-122.25278,45.932,0.015,0.0,-51,2.907,0.917,1.405
2014/10/01 13:50:31,1.59,38.16537,-122.25278,47.572,0.049,0.0,-51,3.036,1.375,0.469
2014/10/01 13:50:36,1.59,38.16537,-122.25277,50.525,0.060,0.0,-51,2.750,0.875,0.930
2014/10/01 13:50:41,1.59,38.16537,-122.25277,52.493,0.044,0.0,-51,2.917,0.917,1.558
2014/10/01 13:50:46,1.59,38.16538,-122.25277,53.806,0.067,0.0,-51,2.997,0.000,1.883
2014/10/01 13:50:51,1.59,38.16537,-122.25277,55.774,0.075,0.0,-51,2.590,1.375,0.615
2014/10/01 13:50:56,1.59,38.16537,-122.25277,57.743,0.079,0.0,-51,2.917,0.875,0.565
2014/10/01 13:51:01,1.59,38.16536,-122.25277,59.383,0.086,0.0,-51,2.753,1.375,0.222
2014/10/01 13:51:06,2.17,38.16536,-122.25278,62.992,0.197,0.0,-51,2.744,0.917,0.497
2014/10/01 13:51:11,1.59,38.16535,-122.25278,65.617,0.030,0.0,-51,2.827,0.000,0.386
2014/10/01 13:51:16,1.59,38.16536,-122.25278,64.961,0.017,0.0,-51,3.083,0.875,0.377
2014/10/01 13:51:21,2.17,38.16537,-122.25278,62.664,2.062,0.0,-51,2.673,1.375,0.658
2014/10/01 13:51:26,1.59,38.16560,-122.25277,60.367,18.820,0.0,-51,2.994,0.875,1.963
2014/10/01 13:51:31,2.17,38.16612,-122.25274,60.039,30.397,0.0,-51,2.667,0.000,0.495
2014/10/01 13:51:36,1.59,38.16680,-122.25271,60.367,36.010,0.0,-51,2.214,1.375,0.310
2014/10/01 13:51:41,1.59,38.16756,-122.25274,61.352,38.614,0.0,-51,2.330,0.875,0.441
2014/10/01 13:51:46,1.59,38.16836,-122.25283,60.039,40.718,0.0,-51,1.695,0.458,0.426
2014/10/01 13:51:51,1.59,38.16917,-122.25298,59.055,40.006,0.0,-51,2.638,1.375,0.543
2014/10/01 13:51:56,1.59,38.16994,-122.25310,58.727,36.891,0.0,-51,2.670,0.875,0.810
2014/10/01 13:52:01,1.59,38.17072,-122.25323,59.055,40.440,0.0,-51,2.824,0.000,0.789
2014/10/01 13:52:06,1.59,38.17153,-122.25336,59.711,41.513,0.0,-51,2.253,1.375,1.046
2014/10/01 13:52:11,1.59,38.17240,-122.25352,60.039,46.267,0.0,-51,2.167,1.375,0.373
2014/10/01 13:52:16,1.59,38.17335,-122.25368,62.664,48.253,0.0,-51,2.317,0.000,0.558
2014/10/01 13:52:21,1.59,38.17434,-122.25384,62.336,50.756,0.0,-51,2.600,0.917,0.262
2014/10/01 13:52:26,1.59,38.17535,-122.25401,61.024,50.771,0.0,-51,1.291,0.917,1.222
2014/10/01 13:52:31,1.59,38.17634,-122.25418,60.039,48.567,0.0,-73,1.500,0.000,0.377
2014/10/01 13:52:36,1.59,38.17729,-122.25434,58.399,47.068,0.0,-73,2.292,0.875,0.463
2014/10/01 13:52:41,1.59,38.17819,-122.25449,57.415,44.081,0.0,-73,2.326,0.000,0.245
2014/10/01 13:52:46,1.59,38.17908,-122.25463,56.759,44.818,0.0,-73,2.311,1.375,0.342
2014/10/01 13:52:51,1.59,38.17997,-122.25478,56.102,41.682,0.0,-73,2.369,0.917,0.525
2014/10/01 13:52:56,1.59,38.18066,-122.25490,56.430,34.300,0.0,-73,2.343,0.917,0.321
2014/10/01 13:53:01,1.59,38.18138,-122.25502,56.759,37.287,0.0,-81,3.497,0.875,0.641
2014/10/01 13:53:06,1.58,38.18209,-122.25511,57.743,34.138,0.0,-81,2.590,0.000,0.545
2014/10/01 13:53:11,1.58,38.18279,-122.25518,57.415,34.987,0.0,-81,3.154,0.917,0.190
2014/10/01 13:53:16,1.58,38.18353,-122.25522,59.055,38.775,0.0,-81,3.359,1.375,0.255
2014/10/01 13:53:21,1.58,38.18434,-122.25522,63.320,41.230,0.0,-81,1.028,0.875,1.070
2014/10/01 13:53:26,1.58,38.18519,-122.25521,67.257,43.752,0.0,-81,1.404,0.000,0.751
2014/10/01 13:53:31,1.58,38.18609,-122.25521,75.787,45.982,0.0,-81,1.602,1.417,0.441
2014/10/01 13:53:36,1.58,38.18706,-122.25524,83.661,50.562,0.0,-81,2.273,0.917,0.557
2014/10/01 13:53:41,1.58,38.18813,-122.25531,88.255,54.739,0.0,-81,2.067,0.000,0.722
2014/10/01 13:53:46,1.58,38.18927,-122.25540,87.598,58.947,0.0,-81,0.934,0.917,0.214
2014/10/01 13:53:51,1.58,38.19050,-122.25549,83.990,62.779,0.0,-81,1.246,0.917,0.769
2014/10/01 13:53:56,1.58,38.19175,-122.25561,77.756,61.403,0.0,-81,1.503,0.958,1.150
2014/10/01 13:54:01,1.58,38.19298,-122.25577,66.929,61.692,0.0,-75,1.003,0.000,1.665
2014/10/01 13:54:06,1.58,38.19420,-122.25594,60.696,60.770,0.0,-75,0.580,0.458,2.426
2014/10/01 13:54:11,1.58,38.19541,-122.25609,59.383,60.296,0.0,-75,0.779,0.917,0.778
2014/10/01 13:54:16,1.58,38.19659,-122.25615,60.696,57.301,0.0,-75,0.484,0.000,1.655
2014/10/01 13:54:21,1.58,38.19773,-122.25616,58.727,55.872,0.0,-75,0.288,0.000,0.998
2014/10/01 13:54:26,1.58,38.19884,-122.25614,53.478,54.793,0.0,-75,0.923,0.875,2.157
2014/10/01 13:54:31,1.58,38.19994,-122.25613,51.837,55.716,0.0,-75,0.446,0.000,0.783
2014/10/01 13:54:36,1.58,38.20106,-122.25611,54.134,55.687,0.0,-93,0.563,0.000,0.570
2014/10/01 13:54:41,1.58,38.20220,-122.25611,61.680,57.151,0.0,-93,0.575,0.000,1.638
2014/10/01 13:54:46,2.16,38.20334,-122.25609,68.570,55.696,0.0,-93,0.274,0.000,1.457
2014/10/01 13:54:51,1.58,38.20445,-122.25608,78.412,54.362,0.0,-93,0.291,0.042,0.278
2014/10/01 13:54:56,1.58,38.20551,-122.25607,83.005,51.717,0.0,-93,0.637,0.583,0.521
2014/10/01 13:55:01,1.58,38.20650,-122.25606,79.068,46.566,0.0,-93,1.548,1.208,0.257
2014/10/01 13:55:06,1.58,38.20742,-122.25607,74.147,45.852,0.0,-75,2.225,0.667,0.250
2014/10/01 13:55:11,1.58,38.20836,-122.25612,73.819,48.223,0.0,-75,2.052,0.000,0.409
2014/10/01 13:55:16,1.58,38.20936,-122.25618,75.131,50.739,0.0,-75,2.330,0.458,0.309
2014/10/01 13:55:21,1.58,38.21041,-122.25624,75.787,53.277,0.0,-75,3.099,0.625,0.232
2014/10/01 13:55:26,1.58,38.21149,-122.25630,76.115,54.621,0.0,-75,2.686,0.750,0.293
2014/10/01 13:55:31,1.58,38.21262,-122.25639,76.772,57.291,0.0,-75,2.965,0.500,0.220
2014/10/01 13:55:36,2.16,38.21379,-122.25655,74.475,59.750,0.0,-73,1.670,0.542,0.862
2014/10/01 13:55:41,1.58,38.21499,-122.25675,74.803,60.375,0.0,-73,2.580,0.208,0.481
2014/10/01 13:55:46,1.58,38.21619,-122.25694,78.412,59.318,0.0,-73,2.503,0.750,0.317
2014/10/01 13:55:51,1.58,38.21735,-122.25713,81.037,56.449,0.0,-73,1.006,0.375,0.797
2014/10/01 13:55:56,1.58,38.21845,-122.25730,81.693,53.960,0.0,-73,0.618,0.000,1.650
2014/10/01 13:56:01,2.15,38.21950,-122.25747,79.724,50.284,0.0,-73,0.882,0.125,0.310
2014/10/01 13:56:06,1.58,38.22042,-122.25758,77.428,42.892,0.0,-71,1.994,0.292,0.318
2014/10/01 13:56:11,1.58,38.22122,-122.25766,74.475,37.302,0.0,-71,2.833,0.625,0.258
2014/10/01 13:56:16,1.58,38.22186,-122.25773,73.819,23.915,0.0,-71,2.340,0.583,0.269
2014/10/01 13:56:21,1.58,38.22223,-122.25776,72.835,12.441,0.0,-71,1.830,0.292,0.422
2014/10/01 13:56:26,1.58,38.22235,-122.25777,73.163,3.978,0.0,-71,2.233,0.583,0.389
2014/10/01 13:56:31,1.58,38.22235,-122.25778,74.475,0.052,0.0,-71,3.298,0.708,0.238
2014/10/01 13:56:36,1.58,38.22235,-122.25778,74.147,0.010,0.0,-71,3.218,0.875,0.210
2014/10/01 13:56:41,1.58,38.22236,-122.25778,73.819,0.034,0.0,-67,3.000,0.708,0.269
2014/10/01 13:56:46,1.58,38.22236,-122.25778,73.491,0.309,0.0,-67,2.753,0.708,0.486
2014/10/01 13:56:51,1.58,38.22246,-122.25778,73.491,10.415,0.0,-67,2.650,0.708,0.381
2014/10/01 13:56:56,1.58,38.22275,-122.25781,72.835,17.710,0.0,-67,2.187,0.000,0.363
2014/10/01 13:57:01,1.58,38.22320,-122.25785,70.538,25.850,0.0,-67,2.827,0.458,0.223
2014/10/01 13:57:06,1.57,38.22378,-122.25790,70.210,31.938,0.0,-67,2.833,0.583,0.277
2014/10/01 13:57:11,1.57,38.22446,-122.25796,69.226,35.885,0.0,-75,3.121,0.583,0.218
2014/10/01 13:57:16,1.57,38.22523,-122.25802,67.585,39.833,0.0,-75,2.324,0.667,0.794
2014/10/01 13:57:21,1.57,38.22607,-122.25809,64.304,43.708,0.0,-75,1.555,0.417,0.387
2014/10/01 13:57:26,1.57,38.22696,-122.25816,62.008,45.156,0.0,-75,1.217,0.208,1.455
2014/10/01 13:57:31,1.57,38.22790,-122.25823,59.711,47.034,0.0,-75,1.116,0.208,0.398
2014/10/01 13:57:36,1.57,38.22890,-122.25831,62.336,52.718,0.0,-75,1.272,0.208,0.375
2014/10/01 13:57:41,1.57,38.23001,-122.25841,65.617,57.531,0.0,-87,0.731,0.208,0.677
2014/10/01 13:57:46,2.15,38.23116,-122.25864,66.601,58.965,0.0,-87,0.263,0.000,0.000
2014/10/01 13:57:51,2.68,38.23232,-122.25910,67.257,60.912,0.0,-87,0.734,0.167,5.238
2014/10/01 13:57:56,1.57,38.23342,-122.25979,68.898,61.513,0.0,-87,0.942,0.000,0.732
2014/10/01 13:58:01,1.57,38.23444,-122.26068,67.585,62.207,0.0,-87,0.000,0.000,0.000
2014/10/01 13:58:06,2.14,38.23537,-122.26175,66.601,62.596,0.0,-87,0.000,0.542,1.292
2014/10/01 13:58:11,2.14,38.23629,-122.26282,63.648,61.942,0.0,-91,0.000,0.375,0.000
2014/10/01 13:58:16,1.57,38.23722,-122.26390,64.304,62.622,0.0,-91,0.000,0.583,2.982
2014/10/01 13:58:21,1.57,38.23814,-122.26498,64.304,61.929,0.0,-91,0.000,0.917,2.302
2014/10/01 13:58:26,1.57,38.23905,-122.26604,62.992,61.245,0.0,-91,0.000,1.000,4.127
2014/10/01 13:58:31,1.57,38.23995,-122.26709,62.336,60.213,0.0,-91,0.000,0.000,0.000
2014/10/01 13:58:36,1.85,38.24079,-122.26811,63.320,56.024,0.0,-91,0.000,0.625,7.951
2014/10/01 13:58:41,1.57,38.24148,-122.26913,65.617,51.394,0.0,-91,0.000,0.917,0.000
2014/10/01 13:58:46,1.57,38.24206,-122.27026,70.210,54.829,0.0,-87,0.000,0.500,6.182
2014/10/01 13:58:51,1.57,38.24255,-122.27154,76.115,56.752,0.0,-87,0.000,0.000,0.000
2014/10/01 13:58:56,1.57,38.24289,-122.27293,84.318,58.087,0.0,-87,0.000,1.042,8.308
2014/10/01 13:59:01,1.85,38.24308,-122.27442,90.879,59.906,0.0,-87,0.000,0.000,0.000
2014/10/01 13:59:06,1.41,38.24315,-122.27599,99.409,62.352,0.0,-87,0.000,1.875,3.239
2014/10/01 13:59:11,1.35,38.24321,-122.27760,104.659,64.276,0.0,-87,0.000,0.000,0.000
2014/10/01 13:59:16,1.35,38.24327,-122.27927,110.236,66.280,0.0,-77,0.000,1.333,0.000
2014/10/01 13:59:21,1.65,38.24338,-122.28096,115.814,65.748,0.0,-77,0.000,0.792,1.986
2014/10/01 13:59:26,1.35,38.24354,-122.28256,119.423,62.886,0.0,-77,0.000,0.750,1.739
2014/10/01 13:59:31,1.35,38.24373,-122.28416,118.766,65.093,0.0,-77,0.000,0.000,1.754
2014/10/01 13:59:36,1.35,38.24398,-122.28581,116.142,66.661,0.0,-77,0.000,1.500,0.000
2014/10/01 13:59:41,1.35,38.24430,-122.28747,104.003,67.430,0.0,-77,0.006,0.000,4.887
2014/10/01 13:59:46,1.35,38.24469,-122.28911,85.958,65.294,0.0,-73,1.480,0.792,2.710
2014/10/01 13:59:51,1.35,38.24513,-122.29069,58.727,65.980,0.0,-73,0.843,0.000,0.000
2014/10/01 13:59:56,1.49,38.24563,-122.29228,37.073,67.490,0.0,-73,0.409,0.000,6.070
2014/10/01 14:00:01,1.35,38.24615,-122.29390,24.278,68.691,0.0,-73,0.000,0.000,1.261
2014/10/01 14:00:06,1.35,38.24668,-122.29553,16.404,68.965,0.0,-73,0.003,0.000,4.106
2014/10/01 14:00:11,1.35,38.24720,-122.29714,15.420,67.758,0.0,-73,0.086,0.000,0.671
2014/10/01 14:00:16,1.35,38.24779,-122.29869,16.404,67.865,0.0,-71,0.456,0.000,1.377
2014/10/01 14:00:21,1.66,38.24860,-122.30009,16.404,67.417,0.0,-71,0.000,0.000,2.349
2014/10/01 14:00:26,1.35,38.24958,-122.30128,14.436,67.173,0.0,-71,0.003,0.042,0.469
2014/10/01 14:00:31,1.35,38.25071,-122.30220,11.155,66.054,0.0,-71,1.275,0.875,0.614
2014/10/01 14:00:36,1.35,38.25191,-122.30286,10.499,65.218,0.0,-71,0.757,0.583,1.999
2014/10/01 14:00:41,1.35,38.25318,-122.30326,11.155,65.356,0.0,-71,0.209,0.375,2.327
2014/10/01 14:00:46,1.43,38.25445,-122.30338,11.155,60.309,0.0,-71,0.390,0.917,4.838
2014/10/01 14:00:51,1.43,38.25558,-122.30329,10.827,54.058,0.0,-71,0.108,0.000,0.611
2014/10/01 14:00:56,1.35,38.25662,-122.30303,10.499,52.486,0.0,-71,0.940,1.333,0.794
2014/10/01 14:01:01,1.47,38.25761,-122.30259,10.499,52.310,0.0,-71,1.116,1.500,1.062
2014/10/01 14:01:06,1.35,38.25858,-122.30197,12.467,55.550,0.0,-71,0.765,1.542,0.000
2014/10/01 14:01:11,1.4,38.25955,-122.30118,13.780,58.609,0.0,-71,0.427,0.833,0.646
2014/10/01 14:01:16,1.43,38.26056,-122.30038,15.748,59.746,0.0,-71,0.751,1.042,1.181
2014/10/01 14:01:21,1.56,38.26164,-122.29974,15.092,60.379,0.0,-71,1.345,0.875,1.076
2014/10/01 14:01:26,1.35,38.26281,-122.29930,15.420,61.592,0.0,-71,0.860,1.833,1.218
2014/10/01 14:01:31,1.35,38.26406,-122.29906,11.811,62.926,0.0,-71,0.486,0.000,1.462
2014/10/01 14:01:36,1.43,38.26533,-122.29892,8.202,63.231,0.0,-71,0.590,1.042,3.558
2014/10/01 14:01:41,1.74,38.26659,-122.29877,6.890,62.587,0.0,-71,1.154,0.750,1.250
2014/10/01 14:01:46,1.35,38.26784,-122.29864,4.265,62.423,0.0,-71,0.923,1.042,0.570
2014/10/01 14:01:51,1.41,38.26911,-122.29854,3.609,63.120,0.0,-73,0.396,1.333,2.690
2014/10/01 14:01:56,1.35,38.27040,-122.29850,3.937,65.399,0.0,-73,0.510,0.792,0.000
2014/10/01 14:02:01,1.35,38.27173,-122.29853,4.921,66.392,0.0,-73,0.534,0.000,3.342
2014/10/01 14:02:06,1.35,38.27307,-122.29862,5.577,66.699,0.0,-73,0.647,1.083,5.730
2014/10/01 14:02:11,1.35,38.27439,-122.29876,8.202,65.756,0.0,-73,0.000,0.000,0.000
2014/10/01 14:02:16,1.35,38.27569,-122.29898,12.795,64.910,0.0,-73,0.000,0.875,4.114
2014/10/01 14:02:21,1.35,38.27699,-122.29925,18.373,65.401,0.0,-91,0.000,1.333,2.911
2014/10/01 14:02:26,1.35,38.27829,-122.29956,24.278,66.929,0.0,-91,0.000,1.292,1.662
2014/10/01 14:02:31,1.35,38.27964,-122.29989,28.871,69.016,0.0,-91,0.000,1.375,2.850
2014/10/01 14:02:36,1.35,38.28099,-122.30015,34.449,67.277,0.0,-91,0.000,0.000,0.000
2014/10/01 14:02:41,1.43,38.28234,-122.30031,36.745,67.871,0.0,-91,0.000,1.750,4.985
2014/10/01 14:02:46,1.43,38.28371,-122.30040,30.840,67.985,0.0,-91,0.000,0.000,0.000
2014/10/01 14:02:51,1.43,38.28507,-122.30049,20.341,67.156,0.0,-91,0.000,0.667,5.722
2014/10/01 14:02:56,1.43,38.28640,-122.30070,22.966,66.114,0.0,-71,0.000,1.292,2.578
2014/10/01 14:03:01,1.76,38.28768,-122.30105,29.199,64.068,0.0,-71,0.000,1.292,2.362
2014/10/01 14:03:06,1.43,38.28896,-122.30138,32.152,63.733,0.0,-71,0.000,1.292,2.958
2014/10/01 14:03:11,1.43,38.29022,-122.30171,36.089,62.968,0.0,-71,0.003,0.000,2.602
2014/10/01 14:03:16,1.35,38.29145,-122.30200,36.089,61.159,0.0,-71,2.054,1.292,1.777
2014/10/01 14:03:21,1.69,38.29266,-122.30212,35.105,59.833,0.0,-71,1.468,1.292,2.910
2014/10/01 14:03:26,1.43,38.29386,-122.30200,33.793,60.500,0.0,-53,1.500,1.333,2.660
2014/10/01 14:03:31,1.75,38.29509,-122.30180,34.121,61.763,0.0,-53,2.228,1.292,1.230
2014/10/01 14:03:36,1.43,38.29632,-122.30173,39.370,61.514,0.0,-53,0.003,1.292,1.317
2014/10/01 14:03:41,1.43,38.29751,-122.30198,43.307,59.288,0.0,-53,2.337,0.000,0.350
2014/10/01 14:03:46,1.35,38.29868,-122.30232,47.572,60.031,0.0,-53,2.093,1.958,0.449
2014/10/01 14:03:51,1.94,38.29984,-122.30267,50.197,58.223,0.0,-53,1.038,0.000,2.074
2014/10/01 14:03:56,1.36,38.30101,-122.30301,54.790,59.925,0.0,-61,0.656,1.958,0.477
2014/10/01 14:04:01,2.23,38.30222,-122.30337,56.102,63.813,0.0,-61,0.661,1.375,0.302
2014/10/01 14:04:06,1.69,38.30351,-122.30374,60.039,65.865,0.0,-61,1.077,0.000,0.533
2014/10/01 14:04:11,1.69,38.30478,-122.30411,59.711,62.922,0.0,-61,0.762,1.958,0.514
2014/10/01 14:04:16,1.36,38.30600,-122.30447,60.367,61.851,0.0,-61,0.254,1.958,2.101
2014/10/01 14:04:21,1.5,38.30720,-122.30483,62.008,61.413,0.0,-61,0.869,0.000,0.699
2014/10/01 14:04:26,1.43,38.30841,-122.30517,62.664,61.537,0.0,-71,0.388,0.667,0.487
2014/10/01 14:04:31,1.43,38.30964,-122.30554,64.633,63.063,0.0,-71,0.410,1.292,0.451
2014/10/01 14:04:36,1.43,38.31091,-122.30591,66.273,65.157,0.0,-71,0.798,0.000,0.979
2014/10/01 14:04:41,1.87,38.31216,-122.30627,69.226,62.477,0.0,-71,0.702,1.292,0.682
2014/10/01 14:04:46,1.43,38.31341,-122.30663,69.226,65.246,0.0,-71,0.910,0.625,1.698
2014/10/01 14:04:51,1.43,38.31470,-122.30697,65.945,64.407,0.0,-71,0.382,0.667,1.226
2014/10/01 14:04:56,1.43,38.31599,-122.30725,66.929,65.030,0.0,-71,0.529,0.667,1.074
2014/10/01 14:05:01,1.43,38.31728,-122.30732,63.648,64.269,0.0,-87,0.379,0.625,1.528
2014/10/01 14:05:06,1.43,38.31858,-122.30732,47.572,62.886,0.0,-87,0.179,0.000,0.000
2014/10/01 14:05:11,1.76,38.31985,-122.30754,39.042,65.295,0.0,-87,0.000,0.667,5.813
2014/10/01 14:05:16,1.78,38.32107,-122.30816,37.402,65.075,0.0,-87,0.376,0.625,0.749
2014/10/01 14:05:21,1.36,38.32214,-122.30914,48.228,66.418,0.0,-87,0.665,0.000,0.206
2014/10/01 14:05:26,1.36,38.32313,-122.31031,57.415,66.897,0.0,-87,0.670,0.667,0.923
2014/10/01 14:05:31,1.43,38.32412,-122.31143,60.696,64.294,0.0,-87,0.734,0.625,1.079
2014/10/01 14:05:36,1.39,38.32511,-122.31233,62.336,58.686,0.0,-87,1.763,0.000,0.601
2014/10/01 14:05:41,1.39,38.32606,-122.31314,62.008,57.139,0.0,-87,2.289,1.333,1.263
2014/10/01 14:05:46,2.04,38.32700,-122.31394,62.008,55.883,0.0,-87,2.356,0.000,0.270
2014/10/01 14:05:51,1.36,38.32784,-122.31467,63.648,46.778,0.0,-87,3.048,1.292,0.297
2014/10/01 14:05:56,1.36,38.32854,-122.31527,62.664,36.295,0.0,-87,2.837,0.667,0.210
2014/10/01 14:06:01,1.36,38.32902,-122.31568,62.008,21.518,0.0,-59,2.875,0.625,0.283
2014/10/01 14:06:06,1.36,38.32919,-122.31583,61.680,0.339,0.0,-59,3.045,0.000,0.214
2014/10/01 14:06:11,1.43,38.32919,-122.31583,61.024,0.106,0.0,-59,3.176,0.667,0.523
2014/10/01 14:06:16,1.36,38.32920,-122.31584,60.696,2.147,0.0,-59,2.753,1.292,0.378
2014/10/01 14:06:21,1.36,38.32926,-122.31589,61.024,1.910,0.0,-59,2.994,1.292,0.611
2014/10/01 14:06:26,1.36,38.32927,-122.31590,62.336,2.126,0.0,-59,3.000,0.000,0.606
2014/10/01 14:06:31,1.71,38.32944,-122.31605,62.336,16.212,0.0,-57,2.500,1.292,0.529
2014/10/01 14:06:36,1.71,38.32979,-122.31635,62.008,24.400,0.0,-57,2.913,1.333,0.283
2014/10/01 14:06:41,1.36,38.33026,-122.31675,61.680,31.030,0.0,-57,2.426,0.625,0.345
2014/10/01 14:06:46,1.43,38.33080,-122.31721,62.008,34.749,0.0,-57,2.772,0.000,0.237
2014/10/01 14:06:51,1.36,38.33145,-122.31777,61.352,41.665,0.0,-57,2.805,0.667,0.390
2014/10/01 14:06:56,1.36,38.33219,-122.31841,62.008,45.491,0.0,-57,1.483,0.000,0.259
2014/10/01 14:07:01,1.36,38.33296,-122.31905,63.648,46.317,0.0,-57,2.391,0.667,0.709
2014/10/01 14:07:06,1.36,38.33376,-122.31969,65.945,46.890,0.0,-51,2.706,1.292,0.690
2014/10/01 14:07:11,1.36,38.33456,-122.32031,67.257,45.441,0.0,-51,2.923,0.000,0.578
2014/10/01 14:07:16,1.36,38.33530,-122.32090,68.570,40.647,0.0,-51,2.971,1.292,1.038
2014/10/01 14:07:21,1.36,38.33601,-122.32145,70.210,41.683,0.0,-51,2.603,1.292,0.807
2014/10/01 14:07:26,1.36,38.33672,-122.32201,70.538,41.112,0.0,-51,2.326,0.000,0.213
2014/10/01 14:07:31,1.36,38.33744,-122.32258,71.194,42.827,0.0,-51,2.629,1.292,0.601
2014/10/01 14:07:36,1.36,38.33810,-122.32310,71.522,32.267,0.0,-73,2.349,0.708,0.502
2014/10/01 14:07:41,1.36,38.33840,-122.32334,71.194,6.139,0.0,-73,1.814,1.292,0.959
2014/10/01 14:07:46,1.36,38.33847,-122.32339,70.866,0.026,0.0,-73,1.462,0.000,0.764
2014/10/01 14:07:51,1.36,38.33850,-122.32342,70.538,7.019,0.0,-73,2.782,1.292,0.306
2014/10/01 14:07:56,1.36,38.33876,-122.32363,70.210,21.442,0.0,-73,2.478,1.333,0.483
2014/10/01 14:08:01,1.72,38.33919,-122.32396,70.866,27.859,0.0,-73,0.707,0.000,2.554
2014/10/01 14:08:06,1.72,38.33970,-122.32431,72.178,31.408,0.0,-81,1.287,0.667,0.618
2014/10/01 14:08:11,1.36,38.34033,-122.32469,75.459,38.255,0.0,-81,1.897,1.292,0.822
2014/10/01 14:08:16,1.36,38.34110,-122.32510,78.740,44.239,0.0,-81,2.529,0.000,0.185
2014/10/01 14:08:21,1.36,38.34197,-122.32555,82.349,49.370,0.0,-81,1.285,1.292,0.370
2014/10/01 14:08:26,1.36,38.34292,-122.32605,85.302,52.988,0.0,-81,2.135,1.292,0.538
2014/10/01 14:08:31,1.36,38.34393,-122.32657,87.598,54.731,0.0,-81,2.721,0.000,0.290
2014/10/01 14:08:36,1.36,38.34496,-122.32711,88.583,56.205,0.0,-61,2.920,0.000,0.413
2014/10/01 14:08:41,1.36,38.34599,-122.32766,89.895,55.286,0.0,-61,2.353,1.292,0.191
2014/10/01 14:08:46,1.36,38.34703,-122.32820,91.864,56.460,0.0,-61,3.577,1.333,0.157
2014/10/01 14:08:51,1.36,38.34810,-122.32876,94.160,57.978,0.0,-61,3.093,0.000,0.370
2014/10/01 14:08:56,1.36,38.34920,-122.32933,96.457,58.897,0.0,-61,2.827,1.292,0.567
2014/10/01 14:09:01,1.36,38.35025,-122.32988,99.081,54.751,0.0,-61,3.340,1.292,0.286
2014/10/01 14:09:06,1.36,38.35122,-122.33038,101.050,48.546,0.0,-61,2.871,0.000,1.639
2014/10/01 14:09:11,1.36,38.35200,-122.33080,100.066,32.802,0.0,-51,2.795,0.000,2.135
2014/10/01 14:09:16,1.36,38.35242,-122.33102,100.722,19.383,0.0,-51,3.407,0.000,0.166
2014/10/01 14:09:21,1.36,38.35281,-122.33122,99.738,25.604,0.0,-51,4.013,0.125,0.218
2014/10/01 14:09:27,1.36,38.35338,-122.33152,98.097,34.874,0.0,-51,2.663,0.833,0.481
2014/10/01 14:09:32,1.36,38.35410,-122.33190,97.769,41.347,0.0,-51,2.997,0.875,0.225
2014/10/01 14:09:37,1.36,38.35491,-122.33232,95.801,45.201,0.0,-51,3.506,0.875,0.218
2014/10/01 14:09:42,1.36,38.35578,-122.33278,95.801,47.926,0.0,-73,3.160,0.625,0.242
2014/10/01 14:09:47,1.36,38.35669,-122.33326,96.129,49.797,0.0,-73,2.994,0.000,0.196
2014/10/01 14:09:52,1.36,38.35761,-122.33375,96.129,49.906,0.0,-73,3.337,0.833,0.363
2014/10/01 14:09:57,1.74,38.35853,-122.33423,96.785,49.522,0.0,-73,2.971,0.583,0.222
2014/10/01 14:10:02,1.74,38.35947,-122.33473,98.097,51.473,0.0,-73,2.446,0.500,0.173
2014/10/01 14:10:07,1.36,38.36045,-122.33524,99.081,53.721,0.0,-73,2.833,0.375,0.161
2014/10/01 14:10:12,1.36,38.36147,-122.33577,97.441,55.034,0.0,-79,3.010,0.458,0.372
2014/10/01 14:10:17,1.36,38.36251,-122.33632,95.472,56.121,0.0,-79,2.602,0.542,0.323
2014/10/01 14:10:22,1.36,38.36355,-122.33686,94.160,55.860,0.0,-79,2.878,0.417,0.166
2014/10/01 14:10:27,1.74,38.36459,-122.33740,94.816,54.559,0.0,-79,2.427,0.917,0.383
2014/10/01 14:10:32,1.74,38.36557,-122.33792,93.176,52.925,0.0,-79,2.580,0.750,0.262
2014/10/01 14:10:37,1.36,38.36655,-122.33842,89.895,52.662,0.0,-79,2.538,0.000,0.280
2014/10/01 14:10:42,1.36,38.36754,-122.33894,86.614,53.381,0.0,-85,2.667,0.458,0.301
2014/10/01 14:10:47,1.36,38.36853,-122.33945,85.302,53.795,0.0,-85,2.144,0.625,0.530
2014/10/01 14:10:52,1.36,38.36955,-122.33999,83.661,55.518,0.0,-85,1.894,0.292,0.790
2014/10/01 14:10:57,1.36,38.37061,-122.34054,82.021,58.076,0.0,-85,1.413,0.167,0.482
2014/10/01 14:11:02,1.36,38.37169,-122.34110,81.037,58.543,0.0,-85,1.144,0.208,0.458
2014/10/01 14:11:07,1.36,38.37280,-122.34168,77.428,59.474,0.0,-85,2.481,0.542,0.370
2014/10/01 14:11:12,1.36,38.37391,-122.34224,74.475,59.631,0.0,-91,2.218,0.875,0.240
2014/10/01 14:11:17,1.36,38.37503,-122.34280,72.507,60.357,0.0,-91,2.500,0.292,0.355
2014/10/01 14:11:22,1.36,38.37618,-122.34337,71.850,62.369,0.0,-91,2.298,0.542,0.517
2014/10/01 14:11:27,1.36,38.37735,-122.34400,71.194,63.548,0.0,-91,2.622,0.750,0.262
2014/10/01 14:11:32,1.36,38.37851,-122.34468,71.850,62.850,0.0,-91,1.997,0.542,0.390
2014/10/01 14:11:37,1.36,38.37964,-122.34538,73.819,62.474,0.0,-91,2.003,0.833,0.416
2014/10/01 14:11:42,1.36,38.38074,-122.34609,75.787,61.407,0.0,-91,2.122,0.000,0.438
2014/10/01 14:11:47,1.36,38.38185,-122.34680,76.772,62.052,0.0,-83,0.000,0.958,2.662
2014/10/01 14:11:52,1.36,38.38297,-122.34752,78.084,62.183,0.0,-83,0.462,0.292,0.694
2014/10/01 14:11:57,1.36,38.38407,-122.34823,80.709,61.003,0.0,-83,1.307,1.000,0.545
2014/10/01 14:12:02,1.36,38.38515,-122.34892,81.693,58.381,0.0,-83,1.770,0.792,0.310
2014/10/01 14:12:07,1.75,38.38619,-122.34959,83.005,58.449,0.0,-83,1.929,0.333,0.297
2014/10/01 14:12:12,1.36,38.38724,-122.35026,84.646,58.370,0.0,-83,2.640,0.917,0.529
2014/10/01 14:12:17,1.36,38.38829,-122.35094,85.302,58.178,0.0,-87,1.343,0.458,0.261
2014/10/01 14:12:22,1.36,38.38933,-122.35162,86.286,58.325,0.0,-87,1.571,0.458,0.509
2014/10/01 14:12:27,1.75,38.39035,-122.35233,85.958,57.258,0.0,-87,1.901,0.000,0.451
2014/10/01 14:12:32,1.75,38.39135,-122.35303,88.583,56.100,0.0,-87,1.888,0.375,0.358
2014/10/01 14:12:37,1.36,38.39236,-122.35374,88.255,58.162,0.0,-87,1.420,0.333,0.897
2014/10/01 14:12:42,1.75,38.39338,-122.35449,87.927,59.771,0.0,-87,1.952,0.500,0.438
2014/10/01 14:12:47,1.36,38.39438,-122.35537,89.239,61.265,0.0,-71,2.029,0.000,0.425
2014/10/01 14:12:52,1.36,38.39531,-122.35641,85.302,61.848,0.0,-71,0.846,0.208,1.490
2014/10/01 14:12:57,1.74,38.39625,-122.35747,94.160,62.301,0.0,-71,0.458,0.125,1.778
2014/10/01 14:13:02,1.36,38.39717,-122.35853,101.050,60.137,0.0,-71,0.314,0.000,4.374
2014/10/01 14:13:07,1.42,38.39827,-122.35977,98.097,62.107,0.0,-71,0.067,0.083,2.090
2014/10/01 14:13:12,1.36,38.39900,-122.36060,83.661,59.661,0.0,-71,0.350,0.542,0.810
2014/10/01 14:13:17,1.53,38.40007,-122.36182,77.428,57.930,0.0,-87,1.830,0.000,0.622
2014/10/01 14:13:22,1.36,38.40093,-122.36279,79.396,57.275,0.0,-87,1.096,0.458,0.721
2014/10/01 14:13:27,1.36,38.40160,-122.36356,82.677,53.170,0.0,-87,1.451,0.250,1.658
2014/10/01 14:13:32,1.76,38.40239,-122.36450,85.630,37.333,0.0,-87,1.648,0.792,0.270
2014/10/01 14:13:37,1.76,38.40292,-122.36517,89.895,36.912,0.0,-87,1.843,0.750,0.582
2014/10/01 14:13:42,1.4,38.40345,-122.36580,93.832,35.779,0.0,-87,1.407,0.333,0.158
2014/10/01 14:13:47,1.36,38.40399,-122.36640,97.113,34.648,0.0,-87,1.962,0.542,0.337
2014/10/01 14:13:52,2.04,38.40452,-122.36695,101.050,32.654,0.0,-81,1.981,0.000,0.410
2014/10/01 14:13:57,2.04,38.40502,-122.36745,105.643,31.317,0.0,-81,1.570,0.375,0.259
2014/10/01 14:14:02,1.76,38.40542,-122.36785,110.892,21.947,0.0,-81,2.340,0.375,0.278
2014/10/01 14:14:07,1.36,38.40570,-122.36815,112.861,17.805,0.0,-81,2.833,0.583,0.223
2014/10/01 14:14:12,1.53,38.40603,-122.36856,113.189,27.265,0.0,-81,3.320,0.542,0.280
2014/10/01 14:14:17,1.36,38.40643,-122.36920,117.454,36.313,0.0,-81,2.981,0.500,0.290
2014/10/01 14:14:22,1.53,38.40685,-122.37005,120.079,40.768,0.0,-79,2.956,0.000,0.166
2014/10/01 14:14:27,1.36,38.40727,-122.37100,125.656,44.145,0.0,-79,2.849,0.750,0.230
2014/10/01 14:14:32,1.76,38.40770,-122.37204,132.546,47.500,0.0,-79,2.907,0.500,0.574
2014/10/01 14:14:37,1.76,38.40816,-122.37313,138.780,49.215,0.0,-79,2.285,0.750,0.590
2014/10/01 14:14:42,1.76,38.40861,-122.37430,142.717,51.556,0.0,-79,2.327,0.708,0.308
2014/10/01 14:14:47,1.77,38.40902,-122.37545,146.982,46.053,0.0,-79,2.555,0.542,0.250
2014/10/01 14:14:52,1.77,38.40939,-122.37652,151.575,45.804,0.0,-81,1.801,0.375,0.350
2014/10/01 14:14:57,1.77,38.40978,-122.37762,154.856,47.968,0.0,-81,1.206,0.000,1.310
2014/10/01 14:14:53,2.05,38.41018,-122.37875,158.793,48.678,0.0,-81,0.000,0.125,0.458
2014/10/01 14:14:58,1.36,38.41062,-122.37989,162.730,51.215,0.0,-81,0.000,0.000,4.707
2014/10/01 14:15:03,1.36,38.41120,-122.38101,166.667,53.532,0.0,-81,0.933,0.125,1.030
2014/10/01 14:15:08,1.53,38.41190,-122.38202,172.244,52.227,0.0,-81,0.240,0.000,0.000
2014/10/01 14:15:13,2.05,38.41270,-122.38289,175.525,52.591,0.0,-95,0.083,0.000,0.000
2014/10/01 14:15:18,2.05,38.41359,-122.38362,171.916,54.132,0.0,-95,0.000,0.000,0.000
2014/10/01 14:15:23,2.05,38.41453,-122.38430,166.339,52.778,0.0,-95,0.000,0.000,7.013
2014/10/01 14:15:28,1.77,38.41546,-122.38498,160.761,53.749,0.0,-95,0.000,0.000,0.611
2014/10/01 14:15:33,2.17,38.41637,-122.38565,157.808,51.572,0.0,-95,0.048,0.125,0.182
2014/10/01 14:15:38,1.77,38.41727,-122.38632,154.528,51.817,0.0,-95,1.144,0.333,0.483
2014/10/01 14:15:43,1.36,38.41814,-122.38696,150.919,48.103,0.0,-95,0.561,0.333,1.383
2014/10/01 14:15:48,1.53,38.41896,-122.38758,146.654,46.922,0.0,-95,0.000,0.000,1.324
2014/10/01 14:15:53,2.06,38.41979,-122.38820,144.357,49.033,0.0,-95,0.000,0.458,4.403
2014/10/01 14:15:58,1.77,38.42066,-122.38885,141.076,48.930,0.0,-95,0.000,0.000,1.564
2014/10/01 14:16:03,1.77,38.42148,-122.38947,137.467,46.384,0.0,-95,0.000,0.417,1.646
2014/10/01 14:16:08,1.77,38.42229,-122.39007,134.186,47.224,0.0,-95,0.000,0.333,1.845
2014/10/01 14:16:13,1.77,38.42311,-122.39071,130.906,47.703,0.0,-95,0.000,0.625,1.675
2014/10/01 14:16:19,1.77,38.42393,-122.39138,130.906,49.454,0.0,-91,0.000,0.750,0.702
2014/10/01 14:16:24,1.77,38.42478,-122.39207,130.249,50.327,0.0,-91,0.000,0.750,1.341
2014/10/01 14:16:29,1.77,38.42562,-122.39276,130.906,48.921,0.0,-91,0.000,0.875,0.803
2014/10/01 14:16:34,1.77,38.42644,-122.39343,129.921,48.171,0.0,-91,0.000,1.083,0.910
2014/10/01 14:16:39,1.36,38.42726,-122.39411,131.234,48.662,0.0,-91,0.000,0.708,2.318
2014/10/01 14:16:44,1.36,38.42805,-122.39479,132.546,47.649,0.0,-91,0.000,0.625,1.390
2014/10/01 14:16:49,1.36,38.42882,-122.39550,131.890,47.816,0.0,-65,0.000,0.708,1.203
2014/10/01 14:16:54,1.36,38.42960,-122.39621,130.906,48.100,0.0,-65,0.000,0.958,1.390
2014/10/01 14:16:59,1.36,38.43041,-122.39695,133.530,50.532,0.0,-65,0.000,0.833,0.982
2014/10/01 14:17:04,1.36,38.43124,-122.39771,135.499,52.496,0.0,-65,0.003,1.125,0.770
2014/10/01 14:17:09,1.78,38.43210,-122.39848,139.764,50.006,0.0,-65,2.038,1.083,0.197
2014/10/01 14:17:14,1.78,38.43290,-122.39919,139.764,48.504,0.0,-65,2.715,0.375,0.482
2014/10/01 14:17:19,1.78,38.43370,-122.39988,143.373,47.160,0.0,-69,2.494,0.500,0.250
2014/10/01 14:17:24,1.78,38.43443,-122.40053,144.357,42.712,0.0,-69,3.333,0.625,0.377
2014/10/01 14:17:29,1.78,38.43514,-122.40119,145.669,43.656,0.0,-69,2.961,0.000,0.393
2014/10/01 14:17:34,1.78,38.43582,-122.40184,147.638,42.100,0.0,-69,1.756,0.625,0.525
2014/10/01 14:17:39,2.07,38.43651,-122.40246,151.247,41.505,0.0,-69,1.154,0.375,0.728
2014/10/01 14:17:44,1.78,38.43717,-122.40305,151.575,39.108,0.0,-69,0.160,0.000,2.999
2014/10/01 14:17:49,1.78,38.43780,-122.40361,150.591,38.598,0.0,-69,0.849,0.125,1.343
2014/10/01 14:17:54,1.78,38.43850,-122.40419,148.294,43.064,0.0,-81,2.459,0.375,0.311
2014/10/01 14:17:59,1.78,38.43920,-122.40484,147.638,43.036,0.0,-81,3.244,0.708,0.282
2014/10/01 14:18:04,1.78,38.43986,-122.40546,146.654,38.376,0.0,-81,2.702,0.625,0.217
2014/10/01 14:18:09,1.78,38.44045,-122.40600,146.325,36.129,0.0,-81,2.195,0.583,0.771
2014/10/01 14:18:14,1.78,38.44108,-122.40657,145.669,39.274,0.0,-81,1.317,0.792,0.651
2014/10/01 14:18:19,1.78,38.44173,-122.40716,145.669,40.518,0.0,-81,0.798,0.000,0.331
2014/10/01 14:18:24,1.78,38.44243,-122.40779,144.685,44.554,0.0,-89,1.317,0.292,0.570
2014/10/01 14:18:29,1.78,38.44318,-122.40847,143.373,46.835,0.0,-89,1.610,0.542,0.290
2014/10/01 14:18:34,1.78,38.44397,-122.40917,142.388,48.237,0.0,-89,0.231,0.125,1.518
2014/10/01 14:18:39,1.36,38.44478,-122.40992,140.748,51.176,0.0,-89,0.144,0.000,4.703
2014/10/01 14:18:44,1.36,38.44563,-122.41066,139.764,50.025,0.0,-89,0.170,0.125,3.650
2014/10/01 14:18:49,1.36,38.44643,-122.41139,140.748,48.550,0.0,-89,1.548,0.000,0.409
2014/10/01 14:18:54,1.36,38.44722,-122.41209,141.732,47.344,0.0,-79,0.506,0.000,1.210
2014/10/01 14:18:59,1.36,38.44795,-122.41274,143.373,43.211,0.0,-79,0.545,0.542,1.031
2014/10/01 14:19:04,1.78,38.44869,-122.41339,144.685,44.322,0.0,-79,0.144,0.125,4.518
2014/10/01 14:19:09,1.36,38.44941,-122.41405,147.966,44.666,0.0,-79,0.500,0.167,1.040
2014/10/01 14:19:14,1.36,38.45013,-122.41470,151.247,43.770,0.0,-79,0.632,0.000,1.510
2014/10/01 14:19:19,1.36,38.45084,-122.41537,153.543,44.517,0.0,-79,1.279,0.458,1.331
2014/10/01 14:19:24,1.36,38.45158,-122.41605,156.496,45.386,0.0,-81,1.571,0.667,0.450
2014/10/01 14:19:29,1.78,38.45232,-122.41674,158.793,47.393,0.0,-81,2.385,0.375,0.213
2014/10/01 14:19:34,1.36,38.45308,-122.41744,159.777,45.936,0.0,-81,1.865,0.708,0.505
2014/10/01 14:19:39,1.78,38.45381,-122.41813,160.433,45.145,0.0,-81,1.538,0.667,0.277
2014/10/01 14:19:44,1.78,38.45452,-122.41879,162.073,41.118,0.0,-81,1.295,0.250,0.503
2014/10/01 14:19:49,1.78,38.45514,-122.41937,163.058,38.169,0.0,-81,0.497,0.000,1.189
2014/10/01 14:19:54,1.78,38.45575,-122.41994,163.714,36.085,0.0,-81,0.728,0.250,0.826
2014/10/01 14:19:59,1.78,38.45635,-122.42051,165.026,37.471,0.0,-83,0.596,0.250,0.894
2014/10/01 14:20:04,1.78,38.45699,-122.42109,167.979,39.387,0.0,-83,0.525,0.000,1.858
2014/10/01 14:20:09,1.78,38.45762,-122.42167,170.932,38.990,0.0,-83,0.064,0.000,3.198
2014/10/01 14:20:14,1.78,38.45824,-122.42226,172.244,37.136,0.0,-83,0.106,0.000,0.000
2014/10/01 14:20:19,1.78,38.45884,-122.42281,171.916,37.303,0.0,-83,0.000,0.000,7.090
2014/10/01 14:20:24,1.78,38.45945,-122.42340,172.244,39.659,0.0,-83,0.045,0.000,3.671
2014/10/01 14:20:29,2.08,38.46010,-122.42399,170.604,40.082,0.0,-87,0.217,0.000,2.903
2014/10/01 14:20:34,1.85,38.46081,-122.42453,170.276,42.332,0.0,-87,0.286,0.000,0.770
2014/10/01 14:20:39,1.78,38.46154,-122.42505,169.948,41.406,0.0,-87,1.144,0.000,0.689
2014/10/01 14:20:44,1.78,38.46226,-122.42557,168.963,42.060,0.0,-87,0.577,0.000,1.911
2014/10/01 14:20:49,1.78,38.46301,-122.42612,165.682,43.249,0.0,-87,0.228,0.000,0.000
2014/10/01 14:20:54,1.78,38.46379,-122.42668,162.730,45.257,0.0,-87,0.029,0.000,0.000
2014/10/01 14:20:59,1.78,38.46459,-122.42724,161.089,45.685,0.0,-83,0.077,0.000,0.000
2014/10/01 14:21:04,1.78,38.46542,-122.42781,160.433,46.854,0.0,-83,0.250,0.000,2.302
2014/10/01 14:21:09,1.78,38.46624,-122.42844,156.824,48.808,0.0,-83,0.067,0.000,6.829
2014/10/01 14:21:14,1.78,38.46710,-122.42905,154.856,49.383,0.0,-83,0.690,0.042,1.765
2014/10/01 14:21:19,1.78,38.46796,-122.42968,155.512,48.751,0.0,-83,0.536,0.250,1.910
2014/10/01 14:21:24,1.78,38.46879,-122.43026,157.152,45.476,0.0,-83,0.285,0.000,0.000
2014/10/01 14:21:29,1.78,38.46962,-122.43077,156.168,46.151,0.0,-83,0.260,0.125,0.963
2014/10/01 14:21:34,1.78,38.47046,-122.43133,155.840,47.516,0.0,-83,0.395,0.417,1.296
2014/10/01 14:21:39,1.78,38.47129,-122.43193,156.168,46.778,0.0,-83,0.577,0.875,1.910
2014/10/01 14:21:44,1.78,38.47210,-122.43250,160.433,44.749,0.0,-83,0.124,0.000,0.000
2014/10/01 14:21:49,1.78,38.47287,-122.43303,162.402,43.542,0.0,-83,0.000,0.458,3.370
2014/10/01 14:21:54,1.78,38.47366,-122.43356,165.026,44.198,0.0,-83,0.070,0.417,2.742
2014/10/01 14:21:59,2.14,38.47443,-122.43406,168.307,40.851,0.0,-83,1.050,0.500,1.382
2014/10/01 14:22:04,1.78,38.47515,-122.43457,171.588,41.044,0.0,-81,0.775,0.000,0.000
2014/10/01 14:22:09,2.08,38.47589,-122.43510,172.572,42.191,0.0,-81,0.506,0.750,2.729
2014/10/01 14:22:14,2.14,38.47664,-122.43561,176.181,41.039,0.0,-81,0.209,0.000,4.218
2014/10/01 14:22:19,1.78,38.47727,-122.43625,179.134,40.263,0.0,-81,0.112,0.208,2.382
2014/10/01 14:22:24,2.08,38.47789,-122.43696,176.181,42.917,0.0,-81,0.817,0.792,0.767
2014/10/01 14:22:29,1.79,38.47854,-122.43773,171.588,43.526,0.0,-81,1.006,0.000,2.789
2014/10/01 14:22:34,1.79,38.47918,-122.43852,171.588,44.679,0.0,-81,0.388,0.583,1.166
2014/10/01 14:22:39,1.79,38.47985,-122.43929,176.509,43.932,0.0,-81,0.827,0.708,0.000
2014/10/01 14:22:44,1.79,38.48051,-122.44003,175.525,43.136,0.0,-81,0.846,0.458,0.000
2014/10/01 14:22:49,1.79,38.48114,-122.44079,175.525,41.988,0.0,-81,2.183,0.667,0.000
2014/10/01 14:22:54,1.79,38.48171,-122.44147,175.853,36.112,0.0,-81,0.779,0.000,2.065
2014/10/01 14:22:59,1.79,38.48219,-122.44206,180.774,33.039,0.0,-81,0.388,0.000,0.766
2014/10/01 14:23:04,1.79,38.48267,-122.44263,177.165,30.909,0.0,-89,0.920,0.250,0.390
2014/10/01 14:23:09,1.79,38.48314,-122.44320,181.759,32.073,0.0,-89,0.984,0.417,1.129
2014/10/01 14:23:14,1.81,38.48361,-122.44378,193.570,32.977,0.0,-89,0.779,0.000,0.340
2014/10/01 14:23:19,1.79,38.48407,-122.44432,190.945,30.890,0.0,-89,1.596,0.458,0.322
2014/10/01 14:23:24,1.79,38.48456,-122.44489,188.648,33.966,0.0,-89,2.042,0.458,0.499
2014/10/01 14:23:29,1.79,38.48506,-122.44545,187.992,31.478,0.0,-89,1.580,0.417,0.680
2014/10/01 14:23:34,1.79,38.48556,-122.44603,187.336,35.282,0.0,-83,1.170,0.000,1.165
2014/10/01 14:23:39,1.79,38.48607,-122.44666,188.320,33.225,0.0,-83,0.833,0.458,1.044
2014/10/01 14:23:44,1.79,38.48654,-122.44722,188.976,32.142,0.0,-83,1.093,0.458,0.921
2014/10/01 14:23:49,1.79,38.48701,-122.44777,190.945,30.790,0.0,-83,0.448,0.000,0.000
2014/10/01 14:23:54,1.79,38.48743,-122.44826,192.913,26.563,0.0,-83,0.000,0.000,0.000
2014/10/01 14:23:59,1.78,38.48780,-122.44870,194.882,23.097,0.0,-83,0.000,0.250,1.002
2014/10/01 14:24:04,1.78,38.48815,-122.44910,195.210,26.064,0.0,-83,0.000,0.000,0.229
2014/10/01 14:24:09,1.78,38.48858,-122.44961,195.866,30.676,0.0,-79,0.000,0.625,0.690
2014/10/01 14:24:14,2.09,38.48900,-122.45011,195.866,26.985,0.0,-79,0.000,0.667,1.886
2014/10/01 14:24:19,1.78,38.48941,-122.45060,196.850,28.757,0.0,-79,0.000,0.667,3.158
2014/10/01 14:24:24,1.78,38.48988,-122.45114,197.507,32.956,0.0,-79,0.000,0.000,3.590
2014/10/01 14:24:29,1.78,38.49038,-122.45174,199.475,34.820,0.0,-79,0.000,1.375,2.506
2014/10/01 14:24:34,1.78,38.49091,-122.45236,201.115,37.308,0.0,-79,0.000,1.500,0.000
2014/10/01 14:24:39,1.78,38.49147,-122.45302,202.428,38.913,0.0,-91,0.000,0.000,2.986
2014/10/01 14:24:44,1.78,38.49209,-122.45373,201.772,41.844,0.0,-91,0.000,0.958,5.661
2014/10/01 14:24:49,1.78,38.49266,-122.45442,203.084,36.992,0.0,-91,0.000,1.000,0.000
2014/10/01 14:24:54,1.78,38.49322,-122.45507,204.724,38.901,0.0,-91,0.000,1.542,7.754
2014/10/01 14:24:59,1.78,38.49377,-122.45571,206.365,34.800,0.0,-91,0.000,0.000,0.000
2014/10/01 14:25:04,2.09,38.49431,-122.45634,206.693,36.953,0.0,-91,0.000,1.667,5.129
2014/10/01 14:25:09,1.78,38.49487,-122.45700,207.677,37.021,0.0,-89,0.000,0.000,2.379
2014/10/01 14:25:14,1.78,38.49543,-122.45763,211.286,37.308,0.0,-89,0.000,1.583,2.701
2014/10/01 14:25:19,1.78,38.49599,-122.45826,210.958,37.537,0.0,-89,0.000,1.542,2.151
2014/10/01 14:25:24,1.78,38.49657,-122.45892,210.958,38.810,0.0,-89,0.000,1.583,0.000
2014/10/01 14:25:29,1.82,38.49711,-122.45955,215.223,34.279,0.0,-89,0.000,0.000,4.670
2014/10/01 14:25:34,1.78,38.49760,-122.46011,217.192,31.349,0.0,-89,0.000,1.542,0.000
2014/10/01 14:25:39,1.88,38.49808,-122.46065,215.879,32.459,0.0,-79,0.000,1.833,5.571
2014/10/01 14:25:44,1.78,38.49858,-122.46120,216.207,31.868,0.0,-79,0.000,0.000,3.810
2014/10/01 14:25:49,2.08,38.49905,-122.46174,215.551,31.265,0.0,-79,0.000,1.958,4.450
2014/10/01 14:25:54,1.78,38.49954,-122.46229,215.551,34.182,0.0,-79,0.000,1.958,0.000
2014/10/01 14:25:59,2.08,38.50005,-122.46289,216.535,34.871,0.0,-79,0.000,0.000,3.870
2014/10/01 14:26:04,2.08,38.50057,-122.46349,217.848,34.270,0.0,-79,0.000,1.958,3.165
2014/10/01 14:26:09,2.08,38.50103,-122.46400,220.144,25.039,0.0,-79,0.000,2.917,3.590
2014/10/01 14:26:14,2.08,38.50138,-122.46440,219.160,22.510,0.0,-83,0.000,0.000,0.000
2014/10/01 14:26:19,2.08,38.50166,-122.46472,217.192,14.334,0.0,-83,0.000,1.958,3.890
2014/10/01 14:26:24,2.08,38.50184,-122.46491,215.879,11.270,0.0,-83,0.000,3.292,1.010
2014/10/01 14:26:29,2.08,38.50200,-122.46509,215.879,8.577,0.0,-83,0.003,1.958,1.830
2014/10/01 14:26:34,2.08,38.50207,-122.46517,216.864,4.472,0.0,-83,0.000,0.000,0.670
2014/10/01 14:26:39,2.08,38.50210,-122.46520,220.472,0.240,0.0,-83,0.003,1.958,0.480
2014/10/01 14:26:44,1.78,38.50210,-122.46520,223.425,0.072,0.0,-73,0.837,0.000,0.839
2014/10/01 14:26:49,2.08,38.50210,-122.46520,226.706,0.947,0.0,-73,2.410,0.958,0.358
2014/10/01 14:26:54,2.08,38.50210,-122.46520,224.738,0.166,0.0,-73,1.663,0.000,0.738
2014/10/01 14:26:59,2.08,38.50210,-122.46520,223.097,0.032,0.0,-73,1.424,1.000,0.347
2014/10/01 14:27:04,2.08,38.50217,-122.46526,221.785,6.510,0.0,-73,1.333,0.000,0.682
2014/10/01 14:27:09,2.08,38.50226,-122.46537,220.144,6.363,0.0,-73,1.156,0.000,0.669
2014/10/01 14:27:14,2.08,38.50238,-122.46550,218.176,9.172,0.0,-81,1.010,0.000,1.019
2014/10/01 14:27:19,2.08,38.50252,-122.46569,218.504,10.903,0.0,-81,0.445,0.000,1.310
2014/10/01 14:27:24,2.08,38.50266,-122.46589,220.801,10.898,0.0,-81,0.327,0.958,1.978
2014/10/01 14:27:29,1.89,38.50283,-122.46617,220.472,14.635,0.0,-81,0.311,0.000,1.922
2014/10/01 14:27:34,2.24,38.50302,-122.46646,220.144,14.726,0.0,-81,0.170,0.000,1.950
2014/10/01 14:27:39,2.08,38.50316,-122.46670,221.457,1.697,0.0,-81,0.208,0.000,2.103
2014/10/01 14:27:44,2.08,38.50317,-122.46672,222.769,3.358,0.0,-79,0.372,0.000,0.558
2014/10/01 14:27:49,2.08,38.50329,-122.46673,225.394,6.128,0.0,-79,0.667,0.000,1.971
2014/10/01 14:27:54,2.08,38.50336,-122.46668,227.034,3.814,0.0,-79,0.833,0.958,0.387
2014/10/01 14:27:59,2.34,38.50339,-122.46664,228.018,2.125,0.0,-79,0.942,0.000,1.037
2014/10/01 14:28:04,2.08,38.50349,-122.46654,231.627,9.430,0.0,-79,0.686,0.000,0.836
2014/10/01 14:28:09,2.98,38.50368,-122.46633,227.362,13.728,0.0,-79,0.622,1.000,0.353
2014/10/01 14:28:14,1.89,38.50384,-122.46626,227.690,7.123,0.0,-79,0.958,0.000,0.574
2014/10/01 14:28:19,1.78,38.50396,-122.46645,225.394,12.912,0.0,-81,0.448,0.000,1.829
2014/10/01 14:28:24,2.89,38.50414,-122.46675,226.378,15.108,0.0,-81,0.314,0.958,2.437
2014/10/01 14:28:29,1.78,38.50433,-122.46707,229.003,16.417,0.0,-81,0.728,0.000,1.058
2014/10/01 14:28:34,2.46,38.50454,-122.46742,234.252,17.555,0.0,-81,0.958,1.000,0.697
2014/10/01 14:28:39,2.46,38.50475,-122.46777,235.892,16.959,0.0,-81,0.344,0.000,2.582
2014/10/01 14:28:44,1.78,38.50491,-122.46802,236.877,5.705,0.0,-81,0.170,0.000,2.462
2014/10/01 14:28:49,1.78,38.50495,-122.46810,234.252,5.836,0.0,-81,0.388,0.000,0.769
2014/10/01 14:28:54,1.87,38.50488,-122.46826,237.205,10.285,0.0,-81,0.359,0.958,0.000
2014/10/01 14:28:59,1.9,38.50468,-122.46845,242.454,13.583,0.0,-81,0.071,0.000,0.000
2014/10/01 14:29:04,1.9,38.50448,-122.46864,255.906,6.732,0.0,-81,0.113,0.000,8.106
2014/10/01 14:29:09,1.78,38.50447,-122.46869,248.031,0.035,0.0,-81,0.727,0.000,0.703
2014/10/01 14:29:14,2.07,38.50446,-122.46872,242.782,0.062,0.0,-81,1.539,0.958,0.922
2014/10/01 14:29:19,2.07,38.50442,-122.46875,245.735,3.199,0.0,-95,1.365,0.000,0.538
2014/10/01 14:29:24,2.07,38.50433,-122.46874,245.079,5.222,0.0,-95,1.363,0.000,0.558
2014/10/01 14:29:29,2.07,38.50428,-122.46867,250.328,2.581,0.0,-95,0.750,0.000,1.428
2014/10/01 14:29:34,1.91,38.50426,-122.46860,248.688,2.285,0.0,-95,0.458,1.000,1.549
2014/10/01 14:29:39,2.07,38.50423,-122.46854,249.016,3.067,0.0,-95,0.475,0.000,1.317
2014/10/01 14:29:44,2.12,38.50421,-122.46847,253.937,2.810,0.0,-95,0.237,0.000,2.528
2014/10/01 14:29:49,2.07,38.50417,-122.46837,253.937,6.729,0.0,-89,0.310,0.000,2.310
2014/10/01 14:29:54,2.07,38.50409,-122.46822,250.984,1.493,0.0,-89,0.949,0.000,2.137
2014/10/01 14:29:59,1.9,38.50408,-122.46821,245.079,0.029,0.0,-89,0.612,0.000,1.129
2014/10/01 14:30:04,1.77,38.50406,-122.46817,244.094,4.225,0.0,-89,0.000,0.958,0.000
2014/10/01 14:30:09,1.77,38.50400,-122.46808,245.407,3.371,0.0,-89,0.404,0.000,8.831
2014/10/01 14:30:14,1.77,38.50390,-122.46794,246.719,5.563,0.0,-89,0.176,0.000,0.609
2014/10/01 14:30:19,2.26,38.50383,-122.46784,244.751,3.078,0.0,-89,0.003,0.000,0.373
2014/10/01 14:30:24,1.77,38.50381,-122.46781,242.454,0.036,0.0,-83,1.163,0.000,0.162
2014/10/01 14:30:29,1.79,38.50380,-122.46781,240.814,0.086,0.0,-83,0.006,1.000,0.268
2014/10/01 14:30:34,1.77,38.50378,-122.46778,241.470,2.351,0.0,-83,2.240,1.958,0.258
2014/10/01 14:30:39,1.9,38.50371,-122.46768,238.845,5.163,0.0,-83,0.448,0.000,0.316
2014/10/01 14:30:44,2.3,38.50362,-122.46754,240.486,7.868,0.0,-83,0.640,0.958,0.610
2014/10/01 14:30:49,1.9,38.50355,-122.46738,242.126,2.328,0.0,-83,0.573,0.958,0.850
2014/10/01 14:30:54,2.24,38.50352,-122.46737,244.423,0.182,0.0,-85,0.560,0.000,1.298
2014/10/01 14:30:59,2.35,38.50352,-122.46736,241.798,0.030,0.0,-85,0.309,2.000,1.293
2014/10/01 14:31:04,2.07,38.50351,-122.46735,243.110,0.596,0.0,-85,0.349,1.917,1.262
2014/10/01 14:31:09,1.9,38.50351,-122.46734,238.517,1.565,0.0,-85,0.483,0.000,1.242
2014/10/01 14:31:14,1.9,38.50350,-122.46733,240.157,0.159,0.0,-85,0.419,2.000,3.442
2014/10/01 14:31:19,1.9,38.50349,-122.46732,244.423,0.250,0.0,-85,1.084,0.000,1.132
2014/10/01 14:31:24,2.27,38.50349,-122.46731,247.375,0.037,0.0,-75,0.721,2.000,1.209
2014/10/01 14:31:29,1.9,38.50348,-122.46728,246.063,3.747,0.0,-75,0.358,0.958,0.455
2014/10/01 14:31:34,2.23,38.50346,-122.46717,245.407,3.718,0.0,-75,0.410,0.000,2.323
2014/10/01 14:31:39,2.06,38.50348,-122.46711,252.297,3.531,0.0,-75,0.480,0.958,0.771
2014/10/01 14:31:44,1.79,38.50349,-122.46705,263.780,2.315,0.0,-75,0.910,0.958,1.009
2014/10/01 14:31:49,1.92,38.50347,-122.46702,273.294,2.636,0.0,-75,0.490,0.000,1.283
