Date-Time,DOP,Latitude,Longitude,Altitude (ft),Speed (mph),Heading (deg),mod1 SS (dBm),mod1 Down (Mbs),mod1 Up (Mbs),mod1 Ping (Sec)
2014/09/26 08:49:06,5.42,37.81995,-122.29410,78.740,63.858,0.0,-79,0.000,0.583,1.871
2014/09/26 08:49:11,5.41,37.82104,-122.29321,88.911,65.260,0.0,-79,0.000,0.917,1.041
2014/09/26 08:49:16,5.4,37.82214,-122.29234,79.068,65.854,0.0,-79,0.000,0.750,1.330
2014/09/26 08:49:21,5.39,37.82324,-122.29163,73.819,61.940,0.0,-79,0.000,0.000,1.598
2014/09/26 08:49:26,5.08,37.82437,-122.29105,82.677,60.880,0.0,-79,0.000,0.000,0.000
2014/09/26 08:49:31,5.08,37.82558,-122.29070,83.333,62.112,0.0,-79,0.000,0.000,0.000
2014/09/26 08:49:36,5.07,37.82684,-122.29098,103.018,63.716,0.0,-79,0.000,0.000,0.000
2014/09/26 08:49:41,5.06,37.82792,-122.29185,88.583,64.294,0.0,-69,0.000,0.000,0.000
2014/09/26 08:49:46,5.05,37.82890,-122.29283,78.740,61.280,0.0,-69,0.000,0.000,0.000
2014/09/26 08:49:51,5.05,37.83008,-122.29333,56.102,62.115,0.0,-69,0.000,0.000,2.816
2014/09/26 08:49:56,5.04,37.83131,-122.29352,38.058,60.703,0.0,-69,0.003,0.083,0.226
2014/09/26 08:50:01,5.03,37.83253,-122.29381,29.199,62.419,0.0,-69,1.606,0.792,0.429
2014/09/26 08:50:06,5.02,37.83372,-122.29443,18.045,64.974,0.0,-69,0.000,0.000,0.000
2014/09/26 08:50:11,4.08,37.83493,-122.29512,-3.281,65.547,0.0,-69,0.000,0.000,0.000
2014/09/26 08:50:16,4.06,37.83615,-122.29578,-5.249,65.746,0.0,-83,0.000,0.000,0.000
2014/09/26 08:50:21,4.05,37.83739,-122.29634,-3.609,65.149,0.0,-83,0.000,0.000,0.000
2014/09/26 08:50:26,4.04,37.83863,-122.29668,-4.265,62.585,0.0,-83,0.000,0.000,0.000
2014/09/26 08:50:31,4.03,37.83991,-122.29689,7.546,63.969,0.0,-83,0.000,0.000,0.000
2014/09/26 08:50:36,7.72,37.84120,-122.29714,13.780,64.941,0.0,-83,0.000,0.000,0.000
2014/09/26 08:50:41,2.41,37.84247,-122.29741,-1.640,64.171,0.0,-83,0.000,0.000,0.000
2014/09/26 08:50:46,2.41,37.84373,-122.29770,-2.953,63.600,0.0,-75,0.000,0.000,3.494
2014/09/26 08:50:51,2.41,37.84502,-122.29798,1.969,65.578,0.0,-75,0.246,0.000,0.175
2014/09/26 08:50:56,2.21,37.84632,-122.29826,2.953,65.819,0.0,-75,3.795,0.000,0.158
2014/09/26 08:51:01,2.21,37.84762,-122.29857,6.890,65.899,0.0,-75,1.968,0.083,0.583
2014/09/26 08:51:06,2.21,37.84889,-122.29886,8.858,64.644,0.0,-75,1.375,0.333,0.529
2014/09/26 08:51:11,2.21,37.85018,-122.29916,10.171,65.290,0.0,-75,0.791,0.542,0.468
2014/09/26 08:51:16,2.21,37.85147,-122.29947,10.827,65.212,0.0,-83,1.917,1.875,0.462
2014/09/26 08:51:21,2.21,37.85274,-122.29980,13.780,63.913,0.0,-83,2.740,1.792,0.277
2014/09/26 08:51:26,2.21,37.85400,-122.30015,12.795,64.092,0.0,-83,2.375,1.250,0.242
2014/09/26 08:51:31,2.21,37.85525,-122.30049,9.843,62.446,0.0,-83,1.590,0.375,0.454
2014/09/26 08:51:36,2.21,37.85646,-122.30083,6.562,61.700,0.0,-83,1.913,0.833,0.406
2014/09/26 08:51:41,2.03,37.85764,-122.30114,5.577,57.031,0.0,-83,2.651,1.083,0.317
2014/09/26 08:51:46,2.03,37.85870,-122.30141,6.562,51.945,0.0,-79,3.269,0.000,0.149
2014/09/26 08:51:51,2.03,37.85969,-122.30168,6.562,51.318,0.0,-79,3.138,1.000,0.277
2014/09/26 08:51:56,2.03,37.86069,-122.30196,7.546,49.816,0.0,-79,2.321,0.750,0.509
2014/09/26 08:52:01,2.03,37.86161,-122.30221,8.858,44.715,0.0,-79,2.929,1.458,0.210
2014/09/26 08:52:06,2.03,37.86253,-122.30247,10.171,49.176,0.0,-79,3.413,1.250,0.262
2014/09/26 08:52:11,2.03,37.86353,-122.30275,13.451,50.405,0.0,-79,3.621,1.375,0.197
2014/09/26 08:52:16,2.03,37.86453,-122.30301,17.060,53.157,0.0,-79,3.042,1.000,0.170
2014/09/26 08:52:21,2.03,37.86561,-122.30329,17.717,56.533,0.0,-71,3.461,1.000,0.154
2014/09/26 08:52:26,2.04,37.86672,-122.30362,17.717,54.538,0.0,-71,2.206,0.500,0.210
2014/09/26 08:52:31,2.04,37.86781,-122.30394,9.186,57.463,0.0,-71,2.080,0.375,0.257
2014/09/26 08:52:36,2.04,37.86895,-122.30429,2.625,58.251,0.0,-71,3.044,0.625,0.162
2014/09/26 08:52:41,2.04,37.87012,-122.30465,5.249,61.387,0.0,-71,2.965,0.750,0.151
2014/09/26 08:52:46,2.04,37.87133,-122.30503,2.953,61.718,0.0,-71,3.458,0.000,0.477
2014/09/26 08:52:51,2.04,37.87255,-122.30540,4.265,63.500,0.0,-77,1.113,0.625,0.762
2014/09/26 08:52:56,2.04,37.87380,-122.30579,4.265,63.083,0.0,-77,2.827,0.500,0.217
2014/09/26 08:53:01,2.04,37.87501,-122.30616,6.234,60.932,0.0,-77,3.019,1.375,0.254
2014/09/26 08:53:06,2.04,37.87616,-122.30652,12.467,57.711,0.0,-77,3.571,1.167,0.181
2014/09/26 08:53:11,2.04,37.87725,-122.30686,28.215,55.207,0.0,-77,3.884,1.125,0.202
2014/09/26 08:53:16,2.04,37.87833,-122.30719,40.354,54.018,0.0,-77,3.116,1.708,0.452
2014/09/26 08:53:21,2.04,37.87940,-122.30746,41.995,55.087,0.0,-55,3.013,1.833,0.529
2014/09/26 08:53:26,2.04,37.88048,-122.30769,30.184,54.111,0.0,-55,1.263,0.917,0.865
2014/09/26 08:53:31,2.04,37.88156,-122.30794,27.887,55.609,0.0,-55,2.298,1.708,0.574
2014/09/26 08:53:36,2.04,37.88271,-122.30821,27.887,60.627,0.0,-55,2.795,1.667,0.367
2014/09/26 08:53:41,1.71,37.88393,-122.30848,27.887,62.749,0.0,-55,3.029,1.667,0.246
2014/09/26 08:53:46,2.04,37.88520,-122.30869,32.152,63.959,0.0,-55,3.202,1.333,0.161
2014/09/26 08:53:51,2.33,37.88642,-122.30883,54.462,59.636,0.0,-79,2.359,0.000,0.262
2014/09/26 08:53:56,1.63,37.88759,-122.30877,63.320,56.562,0.0,-79,2.872,1.000,0.267
2014/09/26 08:54:01,1.7,37.88871,-122.30847,60.367,57.284,0.0,-79,2.445,1.042,0.276
2014/09/26 08:54:06,1.71,37.88987,-122.30829,46.916,60.240,0.0,-79,1.234,0.375,0.513
2014/09/26 08:54:11,1.71,37.89112,-122.30851,26.247,60.377,0.0,-79,2.654,0.667,0.177
2014/09/26 08:54:16,2.04,37.89230,-122.30880,26.575,60.821,0.0,-79,3.080,0.708,0.162
2014/09/26 08:54:21,1.93,37.89351,-122.30917,34.777,63.314,0.0,-79,1.676,0.750,0.636
2014/09/26 08:54:26,1.63,37.89472,-122.30973,31.496,65.753,0.0,-83,1.436,0.000,0.376
2014/09/26 08:54:31,1.63,37.89587,-122.31048,27.559,62.953,0.0,-83,2.022,0.417,0.381
2014/09/26 08:54:36,1.63,37.89692,-122.31133,27.559,61.558,0.0,-83,1.709,0.417,0.548
2014/09/26 08:54:41,1.63,37.89793,-122.31216,30.512,59.316,0.0,-83,3.410,0.375,0.189
2014/09/26 08:54:46,1.63,37.89896,-122.31300,28.543,61.761,0.0,-83,0.000,0.500,0.233
2014/09/26 08:54:51,1.63,37.90000,-122.31385,24.278,61.428,0.0,-83,2.929,1.125,0.257
2014/09/26 08:54:56,1.63,37.90103,-122.31467,17.388,60.596,0.0,-51,3.433,0.750,0.361
2014/09/26 08:55:01,1.63,37.90206,-122.31552,14.764,61.915,0.0,-51,2.494,0.250,1.698
2014/09/26 08:55:06,1.91,37.90310,-122.31639,18.701,62.322,0.0,-51,0.576,1.000,0.488
2014/09/26 08:55:11,1.63,37.90412,-122.31723,15.420,60.881,0.0,-51,1.693,1.583,0.562
2014/09/26 08:55:16,1.63,37.90515,-122.31807,16.076,60.956,0.0,-51,1.926,0.000,0.665
2014/09/26 08:55:21,1.63,37.90619,-122.31893,18.045,62.403,0.0,-51,0.946,0.792,1.810
2014/09/26 08:55:26,1.63,37.90724,-122.31981,16.404,62.804,0.0,-85,0.445,0.292,0.274
2014/09/26 08:55:31,1.63,37.90830,-122.32068,14.108,63.418,0.0,-85,1.522,0.000,0.290
2014/09/26 08:55:36,1.63,37.90936,-122.32156,20.669,63.054,0.0,-85,1.033,0.500,0.616
2014/09/26 08:55:41,1.47,37.91043,-122.32244,29.199,62.895,0.0,-85,0.750,0.417,1.218
2014/09/26 08:55:46,1.47,37.91150,-122.32329,34.777,62.083,0.0,-85,0.538,0.000,0.691
2014/09/26 08:55:51,1.58,37.91253,-122.32412,35.433,59.853,0.0,-85,0.393,0.417,1.323
2014/09/26 08:55:56,1.55,37.91357,-122.32499,35.433,62.049,0.0,-95,0.402,0.292,1.874
2014/09/26 08:56:01,1.47,37.91458,-122.32589,43.635,60.176,0.0,-95,0.199,0.292,1.602
2014/09/26 08:56:06,1.47,37.91553,-122.32680,49.541,59.102,0.0,-95,0.558,1.375,0.397
2014/09/26 08:56:11,1.47,37.91645,-122.32777,54.462,60.127,0.0,-95,1.993,0.000,0.638
2014/09/26 08:56:16,1.47,37.91734,-122.32882,63.320,60.428,0.0,-95,0.789,0.333,1.398
2014/09/26 08:56:21,1.47,37.91819,-122.32989,68.241,58.913,0.0,-95,0.285,0.125,4.109
2014/09/26 08:56:26,1.47,37.91900,-122.33099,63.648,59.376,0.0,-95,0.904,0.000,0.919
2014/09/26 08:56:31,1.47,37.91976,-122.33215,59.711,59.450,0.0,-95,1.240,0.417,0.497
2014/09/26 08:56:36,2.26,37.92045,-122.33339,61.024,60.127,0.0,-95,0.734,0.417,0.000
2014/09/26 08:56:41,1.57,37.92099,-122.33478,60.039,60.410,0.0,-95,0.288,0.125,5.021
2014/09/26 08:56:46,1.66,37.92135,-122.33616,58.071,56.661,0.0,-95,1.613,0.792,1.175
2014/09/26 08:56:51,1.66,37.92156,-122.33760,55.446,58.389,0.0,-95,1.077,0.625,0.347
2014/09/26 08:56:56,1.66,37.92164,-122.33907,47.244,57.943,0.0,-95,1.698,0.000,0.283
2014/09/26 08:57:01,1.47,37.92170,-122.34052,42.979,56.538,0.0,-89,1.346,0.542,0.258
2014/09/26 08:57:06,1.66,37.92176,-122.34194,37.730,55.778,0.0,-89,0.596,0.000,3.074
2014/09/26 08:57:11,1.87,37.92182,-122.34335,34.121,55.843,0.0,-89,0.529,0.250,0.000
2014/09/26 08:57:16,2.71,37.92187,-122.34472,34.121,53.438,0.0,-89,0.151,0.167,7.182
2014/09/26 08:57:21,2.98,37.92192,-122.34608,37.073,53.923,0.0,-89,1.913,1.542,0.453
2014/09/26 08:57:26,1.7,37.92195,-122.34746,32.152,54.696,0.0,-89,2.930,1.208,0.330
2014/09/26 08:57:31,1.69,37.92195,-122.34888,21.654,55.474,0.0,-79,3.230,0.875,0.158
2014/09/26 08:57:36,1.64,37.92192,-122.35029,22.638,55.970,0.0,-79,3.167,0.500,0.158
2014/09/26 08:57:41,1.62,37.92189,-122.35173,16.076,57.623,0.0,-79,3.680,0.000,0.170
2014/09/26 08:57:46,1.46,37.92186,-122.35323,11.155,60.867,0.0,-79,3.756,0.750,0.178
2014/09/26 08:57:51,2.0,37.92194,-122.35476,13.123,59.886,0.0,-79,3.708,1.375,0.181
2014/09/26 08:57:56,1.66,37.92218,-122.35625,16.076,60.001,0.0,-79,3.552,1.250,0.170
2014/09/26 08:58:01,1.65,37.92258,-122.35767,12.795,57.609,0.0,-51,3.404,1.000,0.298
2014/09/26 08:58:06,1.46,37.92310,-122.35897,16.732,57.797,0.0,-51,2.307,0.667,0.215
2014/09/26 08:58:11,3.07,37.92375,-122.36016,17.060,54.908,0.0,-51,3.096,0.625,0.251
2014/09/26 08:58:16,1.65,37.92442,-122.36119,17.717,51.255,0.0,-51,2.687,0.375,0.154
2014/09/26 08:58:21,1.65,37.92504,-122.36220,17.388,50.211,0.0,-51,2.843,0.000,0.294
2014/09/26 08:58:26,1.65,37.92562,-122.36327,26.575,53.616,0.0,-51,2.724,0.375,0.278
2014/09/26 08:58:31,1.65,37.92620,-122.36442,42.323,52.285,0.0,-51,2.180,0.583,0.210
2014/09/26 08:58:36,1.46,37.92674,-122.36590,49.541,54.402,0.0,-81,3.163,0.667,0.148
2014/09/26 08:58:41,1.48,37.92706,-122.36725,60.367,58.352,0.0,-81,3.452,0.833,0.210
2014/09/26 08:58:46,1.45,37.92726,-122.36881,53.806,64.388,0.0,-81,1.525,0.417,0.182
2014/09/26 08:58:51,1.55,37.92730,-122.37047,49.541,66.470,0.0,-81,1.206,0.375,0.429
2014/09/26 08:58:56,1.45,37.92730,-122.37218,41.995,68.061,0.0,-81,0.000,0.000,0.726
2014/09/26 08:59:01,1.55,37.92730,-122.37390,35.761,67.307,0.0,-81,0.824,0.333,0.217
2014/09/26 08:59:06,1.45,37.92730,-122.37556,30.512,63.822,0.0,-77,1.964,0.750,0.289
2014/09/26 08:59:11,1.45,37.92732,-122.37709,28.215,56.900,0.0,-77,1.282,1.375,0.420
2014/09/26 08:59:16,1.45,37.92741,-122.37844,30.184,50.482,0.0,-77,2.107,1.625,0.353
2014/09/26 08:59:21,1.45,37.92756,-122.37964,29.528,47.153,0.0,-77,2.837,1.750,0.151
2014/09/26 08:59:26,1.45,37.92785,-122.38085,31.168,51.025,0.0,-77,3.010,0.917,0.995
2014/09/26 08:59:31,1.45,37.92818,-122.38203,41.667,45.638,0.0,-77,1.256,1.208,0.302
2014/09/26 08:59:36,1.45,37.92847,-122.38299,43.307,36.283,0.0,-61,2.442,0.000,0.866
2014/09/26 08:59:41,1.47,37.92881,-122.38372,32.480,30.823,0.0,-61,3.010,2.042,0.914
2014/09/26 08:59:46,1.45,37.92932,-122.38414,20.669,31.904,0.0,-61,2.753,1.833,0.206
2014/09/26 08:59:51,1.45,37.92990,-122.38440,17.388,27.462,0.0,-61,3.330,1.000,0.162
2014/09/26 08:59:56,1.45,37.93023,-122.38468,15.092,16.301,0.0,-61,2.676,1.000,0.157
2014/09/26 09:00:01,1.45,37.93056,-122.38435,11.155,27.798,0.0,-61,2.650,0.667,0.270
2014/09/26 09:00:06,1.44,37.93102,-122.38373,10.171,37.478,0.0,-75,2.683,0.000,0.188
2014/09/26 09:00:11,1.44,37.93166,-122.38309,10.171,42.465,0.0,-75,2.744,1.042,0.350
2014/09/26 09:00:16,1.44,37.93237,-122.38248,8.530,43.178,0.0,-75,2.474,0.000,0.609
2014/09/26 09:00:21,1.44,37.93309,-122.38184,10.171,43.711,0.0,-75,1.349,0.667,0.298
2014/09/26 09:00:26,1.44,37.93376,-122.38124,14.764,39.843,0.0,-75,2.734,0.667,0.150
2014/09/26 09:00:31,1.44,37.93447,-122.38064,16.076,44.915,0.0,-75,2.760,0.000,0.264
2014/09/26 09:00:36,1.44,37.93527,-122.38002,19.029,47.690,0.0,-75,2.837,0.667,0.202
2014/09/26 09:00:41,1.54,37.93610,-122.37943,30.184,47.248,0.0,-77,3.369,1.333,0.245
2014/09/26 09:00:46,1.44,37.93695,-122.37886,37.402,48.457,0.0,-77,2.644,0.000,0.205
2014/09/26 09:00:51,1.44,37.93777,-122.37830,33.793,45.182,0.0,-77,2.516,0.000,0.437
2014/09/26 09:00:56,1.44,37.93860,-122.37774,20.341,47.538,0.0,-77,1.974,0.000,0.529
2014/09/26 09:01:01,1.44,37.93945,-122.37717,12.139,47.307,0.0,-77,0.612,0.042,1.754
2014/09/26 09:01:06,1.61,37.94027,-122.37661,8.858,46.558,0.0,-77,1.815,0.917,0.181
2014/09/26 09:01:11,1.61,37.94109,-122.37603,5.249,45.871,0.0,-87,2.244,0.500,0.418
2014/09/26 09:01:16,1.68,37.94188,-122.37545,3.937,45.853,0.0,-87,1.279,0.167,0.386
2014/09/26 09:01:21,1.44,37.94271,-122.37485,4.921,48.569,0.0,-87,1.324,0.250,0.850
2014/09/26 09:01:26,1.43,37.94360,-122.37421,3.937,52.373,0.0,-87,0.901,0.000,0.828
2014/09/26 09:01:31,1.47,37.94450,-122.37357,0.656,49.138,0.0,-87,1.041,0.208,1.121
2014/09/26 09:01:36,1.43,37.94530,-122.37300,0.984,44.119,0.0,-87,1.385,0.375,0.177
2014/09/26 09:01:41,1.43,37.94603,-122.37248,1.312,38.098,0.0,-85,2.359,0.708,0.366
2014/09/26 09:01:46,1.51,37.94655,-122.37210,3.937,25.350,0.0,-85,1.606,0.417,0.189
2014/09/26 09:01:51,1.43,37.94708,-122.37159,7.218,39.234,0.0,-85,2.526,0.500,0.218
2014/09/26 09:01:56,1.43,37.94767,-122.37083,10.827,43.859,0.0,-85,0.000,0.333,0.590
2014/09/26 09:02:01,1.6,37.94834,-122.37006,15.748,43.499,0.0,-85,0.000,0.000,0.421
2014/09/26 09:02:06,1.52,37.94916,-122.36980,19.029,41.629,0.0,-85,0.000,1.083,0.917
2014/09/26 09:02:11,1.43,37.94997,-122.37016,20.997,43.590,0.0,-63,0.000,1.875,1.458
2014/09/26 09:02:16,1.43,37.95054,-122.37102,23.950,45.959,0.0,-63,0.000,2.708,2.742
2014/09/26 09:02:21,1.43,37.95111,-122.37198,20.669,48.037,0.0,-63,0.000,2.583,4.178
2014/09/26 09:02:26,1.43,37.95189,-122.37273,18.045,47.715,0.0,-63,0.000,1.958,0.000
2014/09/26 09:02:31,1.43,37.95271,-122.37320,17.717,42.454,0.0,-63,0.000,1.958,3.010
2014/09/26 09:02:36,1.43,37.95338,-122.37342,17.388,21.679,0.0,-63,0.000,1.958,4.702
2014/09/26 09:02:41,1.42,37.95368,-122.37348,11.483,9.949,0.0,-63,0.000,0.000,2.899
2014/09/26 09:02:46,1.52,37.95396,-122.37350,13.123,21.972,0.0,-83,0.000,1.958,0.000
2014/09/26 09:02:51,1.42,37.95451,-122.37351,17.388,30.708,0.0,-83,0.000,1.958,3.562
2014/09/26 09:02:56,1.42,37.95520,-122.37354,26.247,41.056,0.0,-83,0.000,1.958,4.101
2014/09/26 09:03:01,1.42,37.95614,-122.37357,31.168,49.551,0.0,-83,0.000,1.958,2.445
2014/09/26 09:03:06,1.42,37.95717,-122.37358,36.417,51.763,0.0,-83,0.000,1.958,3.250
2014/09/26 09:03:11,1.42,37.95822,-122.37360,44.291,53.204,0.0,-83,0.000,1.958,0.000
2014/09/26 09:03:16,1.42,37.95933,-122.37362,49.541,56.326,0.0,-85,0.000,1.958,3.510
2014/09/26 09:03:21,1.42,37.96044,-122.37363,53.150,53.095,0.0,-85,0.000,0.000,2.162
2014/09/26 09:03:26,1.42,37.96144,-122.37366,57.087,46.931,0.0,-85,0.000,1.958,0.000
2014/09/26 09:03:31,1.42,37.96228,-122.37369,55.118,35.568,0.0,-85,0.000,0.000,6.743
2014/09/26 09:03:36,1.42,37.96280,-122.37370,57.087,17.800,0.0,-85,0.000,1.958,0.000
2014/09/26 09:03:41,1.59,37.96299,-122.37370,57.087,3.601,0.0,-85,0.000,0.000,8.570
2014/09/26 09:03:46,1.59,37.96309,-122.37373,54.790,12.584,0.0,-89,0.000,0.000,0.000
2014/09/26 09:03:51,1.66,37.96321,-122.37426,53.478,28.055,0.0,-89,0.000,0.958,0.000
2014/09/26 09:03:56,1.85,37.96319,-122.37508,45.932,36.383,0.0,-89,0.000,1.042,9.502
2014/09/26 09:04:01,1.85,37.96318,-122.37592,32.480,25.244,0.0,-89,0.000,0.000,3.370
2014/09/26 09:04:06,1.66,37.96310,-122.37630,18.373,14.188,0.0,-89,0.000,0.000,0.000
2014/09/26 09:04:11,1.66,37.96268,-122.37631,16.076,26.005,0.0,-89,0.000,1.958,0.000
2014/09/26 09:04:16,1.59,37.96210,-122.37631,19.357,30.432,0.0,-87,0.000,0.000,0.000
2014/09/26 09:04:21,1.98,37.96150,-122.37631,31.168,28.861,0.0,-87,0.000,1.958,0.000
2014/09/26 09:04:26,1.65,37.96098,-122.37629,32.152,23.720,0.0,-87,0.000,0.000,7.670
2014/09/26 09:04:31,1.59,37.96057,-122.37626,33.793,17.831,0.0,-87,0.000,1.958,5.362
2014/09/26 09:04:36,1.58,37.96034,-122.37624,30.184,7.406,0.0,-87,0.000,0.000,0.000
2014/09/26 09:04:41,1.58,37.96033,-122.37615,35.761,3.426,0.0,-87,0.000,1.000,0.000
2014/09/26 09:04:46,1.58,37.96037,-122.37617,38.714,0.106,0.0,-87,0.000,0.958,0.000
2014/09/26 09:04:51,1.58,37.96037,-122.37617,35.433,0.035,0.0,-93,0.000,0.958,4.670
2014/09/26 09:04:56,1.86,37.96037,-122.37617,32.808,0.063,0.0,-93,0.000,0.000,0.000
2014/09/26 09:05:01,1.86,37.96037,-122.37617,31.168,0.104,0.0,-93,0.000,1.958,3.958
2014/09/26 09:05:06,1.91,37.96037,-122.37617,28.871,0.224,0.0,-93,0.000,1.958,4.290
2014/09/26 09:05:11,2.19,37.96038,-122.37617,25.919,0.068,0.0,-93,0.000,0.000,3.039
2014/09/26 09:05:16,1.91,37.96039,-122.37618,25.262,1.031,0.0,-93,0.000,1.958,0.000
2014/09/26 09:05:21,1.58,37.96042,-122.37620,20.997,2.997,0.0,-89,0.000,1.958,5.070
2014/09/26 09:05:26,1.58,37.96046,-122.37622,20.669,1.282,0.0,-89,0.000,1.958,4.370
2014/09/26 09:05:31,1.58,37.96063,-122.37627,23.294,19.708,0.0,-89,0.000,0.000,0.000
2014/09/26 09:05:36,1.64,37.96119,-122.37630,22.310,31.132,0.0,-89,0.000,1.958,0.000
2014/09/26 09:05:41,1.64,37.96183,-122.37630,24.606,32.764,0.0,-89,0.000,0.000,7.790
2014/09/26 09:05:46,1.72,37.96251,-122.37630,27.559,32.538,0.0,-89,0.000,1.958,2.009
2014/09/26 09:05:51,1.64,37.96304,-122.37629,28.215,17.518,0.0,-93,0.000,0.000,4.144
2014/09/26 09:05:56,1.57,37.96319,-122.37592,7.218,25.298,0.0,-93,0.000,0.000,0.000
2014/09/26 09:06:01,1.64,37.96319,-122.37508,2.625,35.161,0.0,-93,0.000,0.000,7.402
2014/09/26 09:06:06,1.64,37.96319,-122.37432,3.609,23.230,0.0,-93,0.006,0.000,1.542
2014/09/26 09:06:11,1.64,37.96319,-122.37401,14.436,3.106,0.0,-93,0.740,0.000,0.825
2014/09/26 09:06:16,1.57,37.96319,-122.37401,20.669,0.050,0.0,-93,0.814,0.000,1.480
2014/09/26 09:06:21,1.66,37.96319,-122.37401,24.934,0.907,0.0,-91,1.075,0.042,0.847
2014/09/26 09:06:26,1.71,37.96320,-122.37398,31.824,6.143,0.0,-91,0.807,0.625,2.151
2014/09/26 09:06:31,1.96,37.96333,-122.37368,35.433,18.090,0.0,-91,0.000,0.625,0.494
2014/09/26 09:06:36,1.96,37.96389,-122.37365,38.058,35.691,0.0,-91,1.336,0.583,0.793
2014/09/26 09:06:41,1.96,37.96475,-122.37365,37.402,48.166,0.0,-91,0.223,0.625,2.157
2014/09/26 09:06:46,1.96,37.96574,-122.37364,38.058,49.878,0.0,-91,0.183,0.000,0.000
2014/09/26 09:06:51,1.95,37.96674,-122.37364,40.026,47.645,0.0,-91,0.149,0.333,0.481
2014/09/26 09:06:56,1.95,37.96765,-122.37364,33.793,43.139,0.0,-97,1.641,1.667,0.289
2014/09/26 09:07:01,1.95,37.96856,-122.37358,34.777,46.735,0.0,-97,2.144,1.542,0.239
2014/09/26 09:07:06,1.95,37.96947,-122.37314,26.575,49.347,0.0,-97,2.231,0.500,0.200
2014/09/26 09:07:11,1.95,37.97025,-122.37232,23.294,51.231,0.0,-97,2.884,0.458,0.213
2014/09/26 09:07:16,1.95,37.97103,-122.37140,23.622,54.761,0.0,-97,2.273,0.917,0.178
2014/09/26 09:07:21,1.95,37.97184,-122.37045,22.966,54.744,0.0,-97,2.830,0.583,0.193
2014/09/26 09:07:26,2.03,37.97263,-122.36952,25.262,53.411,0.0,-69,3.573,0.500,0.510
2014/09/26 09:07:31,1.95,37.97341,-122.36855,20.013,53.330,0.0,-69,2.129,0.250,0.177
2014/09/26 09:07:36,1.94,37.97398,-122.36747,20.669,49.130,0.0,-69,1.882,0.000,0.150
2014/09/26 09:07:41,1.94,37.97422,-122.36637,14.108,40.678,0.0,-69,3.310,0.500,0.178
2014/09/26 09:07:46,1.94,37.97425,-122.36570,13.780,16.829,0.0,-69,3.690,0.833,0.213
2014/09/26 09:07:52,1.94,37.97425,-122.36551,9.843,0.226,0.0,-69,2.833,0.000,0.985
2014/09/26 09:07:57,1.94,37.97425,-122.36550,9.843,0.298,0.0,-71,0.530,0.625,0.747
2014/09/26 09:08:02,1.94,37.97425,-122.36545,11.155,8.830,0.0,-71,1.681,1.500,0.289
2014/09/26 09:08:07,1.94,37.97424,-122.36485,13.780,34.776,0.0,-71,2.289,1.542,0.193
2014/09/26 09:08:12,1.94,37.97424,-122.36376,16.404,47.624,0.0,-71,1.563,0.417,1.958
2014/09/26 09:08:17,1.94,37.97440,-122.36252,19.685,50.527,0.0,-71,0.539,0.250,0.373
2014/09/26 09:08:22,1.93,37.97492,-122.36139,25.919,52.861,0.0,-71,1.705,1.708,0.446
2014/09/26 09:08:27,1.93,37.97557,-122.36031,39.698,53.977,0.0,-55,2.523,1.750,0.345
2014/09/26 09:08:32,1.93,37.97619,-122.35928,51.181,49.801,0.0,-55,2.810,1.750,0.238
2014/09/26 09:08:37,1.93,37.97682,-122.35825,60.039,51.349,0.0,-55,3.099,1.000,0.209
2014/09/26 09:08:42,1.93,37.97748,-122.35717,61.352,54.612,0.0,-55,1.651,0.292,0.192
2014/09/26 09:08:47,1.93,37.97816,-122.35605,66.273,55.951,0.0,-55,3.292,0.833,0.149
2014/09/26 09:08:52,1.93,37.97884,-122.35493,70.866,55.358,0.0,-55,3.967,0.000,0.490
2014/09/26 09:08:57,1.93,37.97951,-122.35382,74.475,54.157,0.0,-65,1.660,0.625,0.491
2014/09/26 09:09:02,1.82,37.98017,-122.35274,77.100,53.400,0.0,-65,1.116,1.375,0.442
2014/09/26 09:09:07,1.82,37.98083,-122.35167,81.365,53.689,0.0,-65,1.987,1.542,1.058
2014/09/26 09:09:12,1.82,37.98146,-122.35058,92.520,52.613,0.0,-65,0.749,0.458,0.777
2014/09/26 09:09:17,1.82,37.98185,-122.34937,112.533,51.038,0.0,-65,0.594,0.000,0.536
2014/09/26 09:09:22,2.0,37.98194,-122.34809,127.953,51.168,0.0,-65,0.717,1.500,1.070
2014/09/26 09:09:27,1.92,37.98194,-122.34680,147.638,50.361,0.0,-65,0.611,0.583,0.927
2014/09/26 09:09:32,1.92,37.98196,-122.34554,168.963,49.419,0.0,-83,0.649,1.042,0.651
2014/09/26 09:09:37,1.92,37.98219,-122.34431,191.929,50.150,0.0,-83,1.388,1.500,0.820
2014/09/26 09:09:42,1.81,37.98269,-122.34322,213.255,49.093,0.0,-83,1.840,1.208,2.502
2014/09/26 09:09:47,1.81,37.98344,-122.34236,221.129,50.614,0.0,-83,0.417,0.000,0.000
2014/09/26 09:09:52,1.81,37.98436,-122.34169,224.081,52.725,0.0,-83,0.244,0.417,2.662
2014/09/26 09:09:57,1.81,37.98526,-122.34102,212.598,50.302,0.0,-83,0.807,0.417,2.243
2014/09/26 09:10:02,1.81,37.98608,-122.34040,202.756,41.836,0.0,-83,1.198,0.583,2.747
2014/09/26 09:10:07,1.81,37.98665,-122.33998,186.680,25.419,0.0,-83,1.302,0.833,0.870
2014/09/26 09:10:12,1.8,37.98691,-122.33977,176.181,5.487,0.0,-83,2.154,0.792,0.585
2014/09/26 09:10:17,1.8,37.98693,-122.33975,175.853,0.755,0.0,-83,3.003,0.000,0.390
2014/09/26 09:10:22,1.8,37.98725,-122.33952,182.087,31.236,0.0,-83,2.519,0.792,0.178
2014/09/26 09:10:27,1.8,37.98793,-122.33902,178.150,42.869,0.0,-83,2.417,0.583,0.350
2014/09/26 09:10:32,1.8,37.98874,-122.33842,168.963,47.393,0.0,-81,3.144,0.792,0.205
2014/09/26 09:10:37,1.8,37.98957,-122.33780,155.184,48.372,0.0,-81,3.236,0.000,0.190
2014/09/26 09:10:42,1.8,37.99037,-122.33715,145.341,46.595,0.0,-81,2.260,1.000,0.249
2014/09/26 09:10:47,1.86,37.99093,-122.33624,141.732,45.656,0.0,-81,2.640,0.375,0.605
2014/09/26 09:10:52,1.9,37.99119,-122.33511,142.060,46.856,0.0,-81,1.946,0.375,0.722
2014/09/26 09:10:57,1.79,37.99108,-122.33397,141.076,42.554,0.0,-81,3.423,0.792,0.330
2014/09/26 09:11:02,1.79,37.99077,-122.33298,140.748,42.172,0.0,-65,2.920,0.750,0.758
2014/09/26 09:11:07,1.89,37.99045,-122.33202,146.325,40.417,0.0,-65,2.628,1.000,0.677
2014/09/26 09:11:12,1.79,37.99017,-122.33113,138.780,33.739,0.0,-65,2.849,0.625,0.257
2014/09/26 09:11:17,1.79,37.99002,-122.33059,133.530,15.843,0.0,-65,2.680,0.000,0.225
2014/09/26 09:11:22,1.89,37.98997,-122.33032,130.906,12.692,0.0,-65,2.948,0.792,0.183
2014/09/26 09:11:27,1.89,37.98993,-122.32981,128.281,23.858,0.0,-65,2.683,0.375,0.227
2014/09/26 09:11:32,1.89,37.98991,-122.32920,138.123,23.796,0.0,-65,1.616,0.583,0.270
2014/09/26 09:11:37,1.93,37.98995,-122.32845,130.249,34.925,0.0,-91,1.666,0.000,0.545
2014/09/26 09:11:42,1.89,37.99011,-122.32746,117.454,42.903,0.0,-91,0.000,0.625,1.466
2014/09/26 09:11:47,2.12,37.99043,-122.32633,94.488,46.002,0.0,-91,0.789,0.208,0.277
2014/09/26 09:11:52,1.88,37.99042,-122.32521,89.895,43.394,0.0,-91,0.856,0.375,1.298
2014/09/26 09:11:57,2.15,37.99007,-122.32421,119.751,43.222,0.0,-91,1.215,0.000,0.902
2014/09/26 09:12:02,1.99,37.98965,-122.32333,144.357,34.340,0.0,-91,1.269,0.000,2.871
2014/09/26 09:12:07,2.03,37.98936,-122.32282,163.058,18.020,0.0,-103,0.308,0.000,0.000
2014/09/26 09:12:12,1.78,37.98925,-122.32267,174.213,4.268,0.0,-103,0.144,0.000,5.452
2014/09/26 09:12:17,1.91,37.98911,-122.32245,170.276,20.011,0.0,-103,0.167,0.000,3.105
2014/09/26 09:12:22,1.91,37.98878,-122.32190,175.197,30.698,0.0,-103,0.260,0.000,1.206
2014/09/26 09:12:27,2.15,37.98845,-122.32113,184.711,36.658,0.0,-103,0.298,0.000,0.000
2014/09/26 09:12:32,2.08,37.98816,-122.32023,196.194,39.008,0.0,-103,0.160,0.000,3.355
2014/09/26 09:12:37,1.99,37.98775,-122.31932,209.318,40.112,0.0,-111,0.064,0.000,0.000
2014/09/26 09:12:42,1.91,37.98739,-122.31849,236.220,32.871,0.0,-111,0.000,0.000,0.000
2014/09/26 09:12:47,1.98,37.98713,-122.31782,255.577,27.860,0.0,-111,0.000,0.000,0.832
2014/09/26 09:12:52,1.87,37.98694,-122.31725,265.092,24.974,0.0,-111,0.000,0.083,0.535
2014/09/26 09:12:57,1.87,37.98681,-122.31651,274.278,29.054,0.0,-111,0.003,0.917,0.689
2014/09/26 09:13:02,1.77,37.98678,-122.31581,282.808,28.276,0.0,-111,0.698,0.000,0.597
2014/09/26 09:13:07,1.77,37.98675,-122.31508,290.682,28.810,0.0,-85,1.420,0.958,0.525
2014/09/26 09:13:12,1.76,37.98672,-122.31431,295.276,28.972,0.0,-85,1.805,0.542,0.466
2014/09/26 09:13:17,1.86,37.98663,-122.31368,298.228,23.845,0.0,-85,1.782,0.000,0.000
2014/09/26 09:13:22,1.76,37.98621,-122.31342,288.386,26.755,0.0,-85,0.141,0.750,0.303
2014/09/26 09:13:27,1.76,37.98590,-122.31394,268.373,28.617,0.0,-85,2.352,0.625,0.169
2014/09/26 09:13:32,1.86,37.98630,-122.31437,263.780,28.857,0.0,-85,2.952,0.750,0.202
2014/09/26 09:13:37,1.91,37.98701,-122.31404,257.874,44.418,0.0,-85,1.090,0.000,0.477
2014/09/26 09:13:42,1.76,37.98789,-122.31344,248.688,50.773,0.0,-91,1.295,0.250,0.630
2014/09/26 09:13:47,1.76,37.98873,-122.31271,243.110,50.192,0.0,-91,0.940,0.625,1.937
2014/09/26 09:13:52,1.75,37.98954,-122.31186,239.173,54.805,0.0,-91,0.650,0.875,0.000
2014/09/26 09:13:57,1.75,37.99037,-122.31078,232.612,60.670,0.0,-91,0.712,0.500,0.765
2014/09/26 09:14:02,1.75,37.99110,-122.30959,225.394,58.689,0.0,-91,0.840,0.500,0.535
2014/09/26 09:14:07,1.85,37.99175,-122.30830,221.457,60.412,0.0,-91,1.820,0.833,0.330
2014/09/26 09:14:12,1.75,37.99229,-122.30691,220.144,61.610,0.0,-85,2.674,1.125,0.680
2014/09/26 09:14:17,1.84,37.99273,-122.30542,207.021,62.594,0.0,-85,2.593,1.000,1.864
2014/09/26 09:14:22,1.87,37.99305,-122.30387,195.538,63.546,0.0,-85,2.413,1.250,1.742
2014/09/26 09:14:27,1.75,37.99328,-122.30228,191.273,63.614,0.0,-85,2.490,0.000,0.702
2014/09/26 09:14:32,1.75,37.99349,-122.30070,190.617,63.233,0.0,-85,2.590,1.208,0.737
2014/09/26 09:14:37,1.74,37.99371,-122.29911,177.822,64.007,0.0,-85,2.497,0.917,0.730
2014/09/26 09:14:42,1.74,37.99393,-122.29751,163.714,62.879,0.0,-69,2.644,0.917,0.942
2014/09/26 09:14:47,1.74,37.99416,-122.29592,149.934,65.287,0.0,-69,2.949,1.208,1.625
2014/09/26 09:14:52,1.74,37.99438,-122.29430,131.890,64.445,0.0,-69,2.060,0.875,2.050
2014/09/26 09:14:57,1.74,37.99460,-122.29267,120.079,65.347,0.0,-69,2.340,0.875,1.470
2014/09/26 09:15:02,2.1,37.99485,-122.29103,112.533,65.209,0.0,-69,2.673,0.917,1.117
2014/09/26 09:15:07,1.83,37.99528,-122.28946,93.176,65.381,0.0,-69,1.656,0.000,1.470
2014/09/26 09:15:12,1.74,37.99590,-122.28797,85.958,66.988,0.0,-63,1.507,0.708,0.572
2014/09/26 09:15:17,1.73,37.99672,-122.28659,87.270,68.303,0.0,-63,1.628,0.583,0.295
2014/09/26 09:15:22,1.73,37.99770,-122.28542,96.785,66.228,0.0,-63,3.224,0.917,0.261
2014/09/26 09:15:27,1.82,37.99877,-122.28441,108.596,66.484,0.0,-63,2.821,0.000,0.689
2014/09/26 09:15:32,1.82,37.99982,-122.28343,120.735,64.099,0.0,-63,2.994,0.875,0.537
2014/09/26 09:15:37,1.82,38.00086,-122.28247,133.530,64.008,0.0,-63,3.170,1.208,0.657
2014/09/26 09:15:42,1.82,38.00190,-122.28151,143.701,63.201,0.0,-63,2.038,1.167,2.450
2014/09/26 09:15:47,1.82,38.00292,-122.28057,145.997,61.914,0.0,-67,2.436,1.292,2.752
2014/09/26 09:15:52,1.82,38.00394,-122.27962,138.123,63.673,0.0,-67,2.071,0.958,2.305
2014/09/26 09:15:57,1.82,38.00500,-122.27863,122.703,65.818,0.0,-67,0.000,0.000,0.000
2014/09/26 09:16:02,1.81,38.00607,-122.27764,108.268,65.108,0.0,-67,0.990,0.917,0.494
2014/09/26 09:16:07,1.81,38.00710,-122.27668,93.832,63.289,0.0,-67,1.407,0.917,0.573
2014/09/26 09:16:12,1.81,38.00813,-122.27572,81.037,63.976,0.0,-67,2.266,1.417,1.122
2014/09/26 09:16:17,1.81,38.00916,-122.27476,77.428,62.952,0.0,-83,1.936,0.000,0.229
2014/09/26 09:16:22,1.81,38.01015,-122.27384,87.927,60.602,0.0,-83,2.690,0.958,0.157
2014/09/26 09:16:27,1.81,38.01112,-122.27293,92.192,59.852,0.0,-83,2.920,0.458,0.215
2014/09/26 09:16:32,1.81,38.01209,-122.27203,90.879,61.102,0.0,-83,3.494,0.000,0.225
2014/09/26 09:16:37,1.81,38.01314,-122.27107,81.693,65.785,0.0,-83,3.003,0.917,0.511
2014/09/26 09:16:42,1.8,38.01419,-122.27014,79.068,62.246,0.0,-83,1.730,0.417,0.259
2014/09/26 09:16:47,1.8,38.01520,-122.26921,86.286,62.077,0.0,-51,3.353,0.958,0.334
2014/09/26 09:16:52,1.8,38.01621,-122.26827,98.097,62.505,0.0,-51,3.010,0.000,0.490
2014/09/26 09:16:58,1.8,38.01720,-122.26733,106.299,59.247,0.0,-51,2.560,0.875,0.468
2014/09/26 09:17:03,1.8,38.01816,-122.26644,109.908,60.634,0.0,-51,2.767,1.375,0.178
2014/09/26 09:17:08,1.8,38.01918,-122.26549,97.769,62.351,0.0,-51,1.827,0.917,0.358
2014/09/26 09:17:13,1.8,38.02017,-122.26457,81.365,58.947,0.0,-51,2.833,0.000,0.157
2014/09/26 09:17:18,1.79,38.02116,-122.26366,66.273,63.237,0.0,-53,3.250,0.917,0.241
2014/09/26 09:17:23,1.79,38.02223,-122.26267,50.853,66.773,0.0,-53,2.650,0.958,0.277
2014/09/26 09:17:28,1.79,38.02328,-122.26169,51.837,63.002,0.0,-53,1.613,0.458,0.174
2014/09/26 09:17:33,1.77,38.02430,-122.26075,62.008,62.431,0.0,-53,2.461,0.000,0.197
2014/09/26 09:17:38,1.7,38.02530,-122.25981,76.115,61.900,0.0,-53,2.446,0.917,0.982
2014/09/26 09:17:43,1.7,38.02630,-122.25888,90.223,62.249,0.0,-53,2.667,0.917,0.790
2014/09/26 09:17:48,1.7,38.02731,-122.25793,103.675,63.139,0.0,-53,2.933,1.375,0.798
2014/09/26 09:17:53,1.7,38.02836,-122.25696,115.814,65.998,0.0,-83,2.413,0.875,0.521
2014/09/26 09:17:58,1.7,38.02944,-122.25593,134.843,67.732,0.0,-83,2.019,0.500,0.575
2014/09/26 09:18:03,1.69,38.03046,-122.25495,153.871,62.288,0.0,-83,2.102,0.000,0.369
2014/09/26 09:18:08,4.04,38.03148,-122.25400,173.556,63.571,0.0,-83,1.641,0.917,0.330
2014/09/26 09:18:13,1.69,38.03251,-122.25305,187.336,63.125,0.0,-83,2.558,1.375,0.890
2014/09/26 09:18:18,1.69,38.03354,-122.25210,191.929,62.980,0.0,-83,2.760,0.000,0.242
2014/09/26 09:18:23,1.69,38.03455,-122.25116,193.241,61.920,0.0,-75,2.871,1.375,0.441
2014/09/26 09:18:28,1.86,38.03556,-122.25021,194.226,62.854,0.0,-75,2.619,0.917,0.331
2014/09/26 09:18:33,1.69,38.03657,-122.24927,192.913,61.957,0.0,-75,1.455,0.000,0.441
2014/09/26 09:18:38,1.69,38.03758,-122.24833,192.257,62.224,0.0,-75,1.067,0.458,0.906
2014/09/26 09:18:43,1.77,38.03856,-122.24733,192.585,63.068,0.0,-75,0.961,0.000,1.313
2014/09/26 09:18:48,1.68,38.03943,-122.24617,191.601,62.565,0.0,-75,0.891,0.500,0.623
2014/09/26 09:18:53,1.77,38.04028,-122.24497,191.601,62.631,0.0,-83,1.289,0.917,0.578
2014/09/26 09:18:58,1.68,38.04112,-122.24379,192.913,62.085,0.0,-83,2.503,0.000,0.334
2014/09/26 09:19:03,1.68,38.04194,-122.24261,191.601,61.576,0.0,-83,3.227,1.375,0.251
2014/09/26 09:19:08,1.68,38.04277,-122.24144,190.289,61.332,0.0,-83,2.523,0.917,0.468
2014/09/26 09:19:13,1.68,38.04360,-122.24028,191.929,60.902,0.0,-83,2.551,0.917,0.638
2014/09/26 09:19:18,1.68,38.04442,-122.23912,197.835,61.439,0.0,-83,2.760,0.000,0.222
2014/09/26 09:19:23,1.67,38.04526,-122.23794,200.131,62.873,0.0,-81,2.776,0.917,0.249
2014/09/26 09:19:28,1.67,38.04610,-122.23675,203.084,62.024,0.0,-81,3.500,0.917,0.178
2014/09/26 09:19:33,1.67,38.04693,-122.23557,205.381,61.923,0.0,-81,2.621,0.000,0.162
2014/09/26 09:19:38,1.67,38.04775,-122.23441,207.349,59.443,0.0,-81,0.775,0.458,1.132
2014/09/26 09:19:43,1.67,38.04853,-122.23331,206.693,58.434,0.0,-81,0.391,0.000,0.000
2014/09/26 09:19:48,1.67,38.04937,-122.23217,193.241,63.715,0.0,-81,0.093,0.000,3.931
2014/09/26 09:19:53,1.67,38.05021,-122.23098,172.900,62.640,0.0,-81,0.939,0.000,0.602
2014/09/26 09:19:58,1.67,38.05106,-122.22977,154.199,64.118,0.0,-89,0.064,0.000,6.330
2014/09/26 09:20:03,1.66,38.05190,-122.22857,146.325,62.777,0.0,-89,0.000,0.000,0.967
2014/09/26 09:20:08,1.84,38.05276,-122.22734,133.202,62.440,0.0,-89,0.862,0.000,1.171
2014/09/26 09:20:13,1.66,38.05358,-122.22618,124.016,60.950,0.0,-89,0.856,0.042,0.898
2014/09/26 09:20:18,1.66,38.05454,-122.22522,117.782,60.718,0.0,-89,2.494,1.292,0.570
2014/09/26 09:20:23,1.66,38.05565,-122.22481,121.719,56.155,0.0,-89,2.801,0.958,1.361
2014/09/26 09:20:28,1.66,38.05671,-122.22484,125.984,51.421,0.0,-65,2.770,0.875,1.037
2014/09/26 09:20:33,1.74,38.05773,-122.22491,145.997,53.163,0.0,-65,2.333,0.792,0.370
2014/09/26 09:20:38,1.74,38.05884,-122.22502,155.184,56.812,0.0,-65,2.830,0.000,0.210
2014/09/26 09:20:43,1.74,38.05999,-122.22513,161.745,55.739,0.0,-65,2.753,0.625,0.242
2014/09/26 09:20:48,1.73,38.06114,-122.22522,177.493,56.931,0.0,-65,2.740,0.500,0.166
2014/09/26 09:20:53,1.73,38.06228,-122.22532,181.759,57.270,0.0,-65,2.801,0.375,0.162
2014/09/26 09:20:58,1.73,38.06343,-122.22542,177.822,56.937,0.0,-59,3.036,0.375,0.205
2014/09/26 09:21:03,1.65,38.06460,-122.22551,174.869,56.663,0.0,-59,3.224,0.833,0.590
2014/09/26 09:21:08,2.22,38.06569,-122.22562,182.415,53.522,0.0,-59,2.776,1.083,0.682
2014/09/26 09:21:13,1.73,38.06673,-122.22575,176.181,51.498,0.0,-59,3.140,0.875,0.162
2014/09/26 09:21:18,1.65,38.06772,-122.22607,164.370,48.999,0.0,-59,2.946,0.000,0.429
2014/09/26 09:21:23,2.43,38.06850,-122.22649,173.885,34.897,0.0,-59,0.944,0.542,0.382
2014/09/26 09:21:28,2.22,38.06901,-122.22677,181.102,21.769,0.0,-53,1.940,0.958,0.625
2014/09/26 09:21:33,2.43,38.06943,-122.22700,180.774,28.770,0.0,-53,2.558,1.125,0.369
2014/09/26 09:21:38,2.42,38.07021,-122.22739,173.556,50.460,0.0,-53,2.721,0.708,0.371
2014/09/26 09:21:43,1.64,38.07117,-122.22795,161.089,53.995,0.0,-53,2.840,1.000,0.502
2014/09/26 09:21:48,2.21,38.07208,-122.22870,153.871,55.830,0.0,-53,2.673,1.167,0.509
2014/09/26 09:21:53,2.2,38.07306,-122.22952,139.436,61.522,0.0,-53,2.590,0.833,0.399
2014/09/26 09:21:58,2.2,38.07418,-122.23036,125.328,66.646,0.0,-53,2.814,1.000,0.182
2014/09/26 09:22:03,2.23,38.07536,-122.23124,125.656,69.039,0.0,-61,3.583,1.083,0.231
2014/09/26 09:22:08,2.2,38.07660,-122.23200,123.360,68.425,0.0,-61,2.917,0.833,0.320
2014/09/26 09:22:13,1.63,38.07790,-122.23256,115.814,67.891,0.0,-61,2.926,1.000,0.534
2014/09/26 09:22:18,1.63,38.07926,-122.23297,90.551,70.488,0.0,-61,2.740,0.000,0.684
2014/09/26 09:22:23,2.19,38.08065,-122.23323,82.349,67.234,0.0,-61,1.250,0.500,0.713
2014/09/26 09:22:28,1.71,38.08203,-122.23330,74.803,68.961,0.0,-61,0.721,0.000,0.445
2014/09/26 09:22:33,1.63,38.08341,-122.23318,62.664,66.868,0.0,-89,0.000,0.000,0.000
2014/09/26 09:22:38,1.7,38.08470,-122.23294,48.228,63.464,0.0,-89,0.000,0.250,0.159
2014/09/26 09:22:43,1.62,38.08614,-122.23250,45.604,60.607,0.0,-89,0.000,0.875,0.622
2014/09/26 09:22:48,1.62,38.08727,-122.23203,36.089,57.366,0.0,-89,0.000,1.375,1.358
2014/09/26 09:22:53,1.62,38.08834,-122.23151,36.745,55.907,0.0,-89,0.003,1.667,2.089
2014/09/26 09:22:58,1.62,38.08927,-122.23108,40.026,43.481,0.0,-89,0.516,0.917,3.843
2014/09/26 09:23:03,1.75,38.08995,-122.23068,36.745,32.760,0.0,-55,1.606,1.000,2.418
2014/09/26 09:23:08,1.62,38.09020,-122.22994,41.667,32.932,0.0,-55,2.632,1.542,1.250
2014/09/26 09:23:13,1.81,38.09054,-122.22928,26.903,32.386,0.0,-55,1.359,0.000,0.970
2014/09/26 09:23:18,1.81,38.09091,-122.22872,21.654,26.571,0.0,-55,1.891,1.000,0.550
2014/09/26 09:23:23,2.1,38.09072,-122.22788,23.622,40.552,0.0,-55,2.192,1.000,0.329
2014/09/26 09:23:28,1.81,38.09045,-122.22684,43.635,42.558,0.0,-55,2.561,1.000,0.299
2014/09/26 09:23:33,1.61,38.09014,-122.22573,59.383,49.887,0.0,-77,2.906,0.000,0.170
2014/09/26 09:23:38,1.8,38.08979,-122.22444,75.787,56.001,0.0,-77,2.767,1.042,0.234
2014/09/26 09:23:43,1.61,38.08940,-122.22304,91.535,59.791,0.0,-77,2.263,1.000,0.410
2014/09/26 09:23:48,1.63,38.08900,-122.22160,108.268,58.768,0.0,-77,1.214,0.000,0.478
2014/09/26 09:23:53,1.61,38.08862,-122.22020,127.297,58.280,0.0,-77,1.424,0.000,0.397
2014/09/26 09:23:58,1.68,38.08814,-122.21885,146.325,57.900,0.0,-77,1.298,0.542,0.709
2014/09/26 09:24:03,1.68,38.08758,-122.21759,163.058,56.244,0.0,-83,2.244,0.500,0.722
2014/09/26 09:24:08,2.33,38.08704,-122.21640,180.446,52.895,0.0,-83,1.182,0.500,0.649
2014/09/26 09:24:13,1.68,38.08654,-122.21523,204.396,51.216,0.0,-83,2.529,0.500,0.419
2014/09/26 09:24:18,1.68,38.08617,-122.21401,211.614,49.431,0.0,-83,1.763,0.000,0.718
2014/09/26 09:24:23,1.68,38.08591,-122.21283,215.223,46.318,0.0,-83,2.571,1.000,0.774
2014/09/26 09:24:28,1.67,38.08570,-122.21178,219.488,40.100,0.0,-83,2.923,1.000,0.410
2014/09/26 09:24:33,1.67,38.08554,-122.21104,226.050,16.054,0.0,-83,3.003,1.500,1.182
2014/09/26 09:24:38,1.67,38.08550,-122.21089,226.706,1.113,0.0,-53,2.913,0.000,1.696
2014/09/26 09:24:43,1.67,38.08549,-122.21089,225.722,0.212,0.0,-53,3.090,1.042,2.395
2014/09/26 09:24:48,1.67,38.08549,-122.21089,225.722,0.508,0.0,-53,2.917,1.500,0.000
2014/09/26 09:24:53,1.67,38.08549,-122.21089,223.425,0.071,0.0,-53,2.910,1.000,0.000
2014/09/26 09:24:58,1.67,38.08549,-122.21089,220.472,0.204,0.0,-53,3.170,0.000,0.000
2014/09/26 09:25:03,1.66,38.08549,-122.21086,218.176,5.709,0.0,-53,3.003,1.500,1.432
2014/09/26 09:25:08,1.66,38.08544,-122.21054,224.081,17.309,0.0,-55,2.862,1.000,3.002
2014/09/26 09:25:13,1.66,38.08570,-122.21013,222.441,25.907,0.0,-55,2.629,1.000,1.787
2014/09/26 09:25:18,1.66,38.08625,-122.20980,224.409,33.950,0.0,-55,3.006,1.500,1.054
2014/09/26 09:25:23,1.66,38.08697,-122.20968,203.084,37.694,0.0,-55,2.147,0.000,0.638
2014/09/26 09:25:28,1.66,38.08772,-122.20937,187.008,40.252,0.0,-55,2.237,1.042,0.361
2014/09/26 09:25:33,1.66,38.08836,-122.20891,184.055,32.916,0.0,-55,1.548,0.000,0.490
2014/09/26 09:25:38,1.72,38.08882,-122.20857,179.462,19.704,0.0,-65,1.871,1.000,0.212
2014/09/26 09:25:43,2.47,38.08890,-122.20825,175.853,16.832,0.0,-65,2.606,0.500,0.196
2014/09/26 09:25:48,1.72,38.08860,-122.20770,176.509,31.781,0.0,-65,2.417,0.500,0.177
2014/09/26 09:25:53,1.83,38.08819,-122.20694,170.932,40.168,0.0,-65,2.448,0.000,0.503
2014/09/26 09:25:58,1.83,38.08770,-122.20604,175.525,44.443,0.0,-65,2.212,1.042,0.314
2014/09/26 09:26:03,1.83,38.08717,-122.20506,171.916,47.600,0.0,-65,2.400,1.000,0.335
2014/09/26 09:26:08,1.65,38.08664,-122.20413,156.824,39.405,0.0,-55,2.273,0.500,0.484
2014/09/26 09:26:13,1.65,38.08632,-122.20356,148.950,18.070,0.0,-55,2.830,0.000,0.909
