Date-Time,DOP,Latitude,Longitude,Altitude (ft),Speed (mph),Heading (deg),mod1 SS (dBm),mod1 Down (Mbs),mod1 Up (Mbs),mod1 Ping (Sec)
2014/08/19 08:45:35,1.34,37.79502,-122.26711,30.840,6.856,0.0,-69,3.192,0.625,0.249
2014/08/19 08:45:40,1.47,37.79489,-122.26685,41.995,15.199,0.0,-69,2.917,0.667,0.478
2014/08/19 08:45:45,1.47,37.79475,-122.26648,37.730,19.026,0.0,-69,2.445,0.542,0.235
2014/08/19 08:45:50,1.55,37.79451,-122.26590,30.512,28.469,0.0,-69,2.273,0.000,0.424
2014/08/19 08:45:55,1.34,37.79414,-122.26521,18.045,36.094,0.0,-75,1.625,0.542,0.281
2014/08/19 08:46:00,1.34,37.79365,-122.26443,11.811,40.000,0.0,-75,2.067,0.292,0.469
2014/08/19 08:46:05,1.34,37.79310,-122.26373,15.420,38.920,0.0,-75,1.670,0.292,0.381
2014/08/19 08:46:10,1.34,37.79252,-122.26303,26.247,38.484,0.0,-75,1.125,0.167,0.733
2014/08/19 08:46:15,1.36,37.79199,-122.26240,36.745,35.459,0.0,-75,1.410,0.375,0.330
2014/08/19 08:46:20,1.34,37.79145,-122.26173,44.948,39.575,0.0,-75,2.693,1.333,0.396
2014/08/19 08:46:25,1.34,37.79088,-122.26094,49.541,44.446,0.0,-59,1.791,0.667,0.457
2014/08/19 08:46:30,1.34,37.79036,-122.25997,50.197,47.630,0.0,-59,1.321,0.542,0.181
2014/08/19 08:46:35,1.34,37.78998,-122.25890,44.291,44.158,0.0,-59,2.058,0.000,0.153
2014/08/19 08:46:40,1.34,37.78975,-122.25788,33.136,40.884,0.0,-59,3.167,0.917,0.254
2014/08/19 08:46:45,1.47,37.78958,-122.25688,19.357,39.499,0.0,-59,3.494,0.875,0.178
2014/08/19 08:46:50,1.47,37.78943,-122.25595,8.858,34.819,0.0,-59,3.560,0.708,0.217
2014/08/19 08:46:55,1.34,37.78929,-122.25515,4.593,30.098,0.0,-53,3.622,1.000,0.230
2014/08/19 08:47:00,1.47,37.78918,-122.25449,3.609,23.261,0.0,-53,3.478,0.708,0.174
2014/08/19 08:47:05,1.34,37.78909,-122.25400,2.953,18.200,0.0,-53,3.413,1.167,0.310
2014/08/19 08:47:10,1.47,37.78902,-122.25350,1.969,23.445,0.0,-53,3.467,0.958,0.223
2014/08/19 08:47:15,1.34,37.78890,-122.25294,1.640,22.416,0.0,-53,3.286,0.750,0.150
2014/08/19 08:47:20,1.36,37.78876,-122.25233,1.312,26.606,0.0,-53,3.426,0.000,0.218
2014/08/19 08:47:25,1.36,37.78856,-122.25164,2.297,31.379,0.0,-53,3.506,0.625,0.182
2014/08/19 08:47:30,1.34,37.78833,-122.25082,2.953,36.634,0.0,-57,3.237,0.583,0.270
2014/08/19 08:47:35,1.36,37.78806,-122.24993,3.281,35.840,0.0,-57,3.413,0.750,0.222
2014/08/19 08:47:40,1.34,37.78779,-122.24911,4.593,35.322,0.0,-57,2.240,0.625,0.369
2014/08/19 08:47:45,1.36,37.78748,-122.24825,2.625,39.532,0.0,-57,1.997,0.000,0.658
2014/08/19 08:47:50,1.34,37.78709,-122.24726,1.312,45.644,0.0,-57,0.314,0.000,1.398
2014/08/19 08:47:55,1.34,37.78664,-122.24622,1.312,48.037,0.0,-57,1.192,0.375,0.549
2014/08/19 08:48:00,1.34,37.78612,-122.24521,2.297,47.472,0.0,-63,1.052,0.458,0.609
2014/08/19 08:48:05,1.34,37.78557,-122.24420,3.281,48.091,0.0,-63,1.792,0.708,0.439
2014/08/19 08:48:10,1.34,37.78503,-122.24318,2.625,48.806,0.0,-63,3.140,1.333,0.256
2014/08/19 08:48:15,1.34,37.78448,-122.24215,3.609,49.315,0.0,-63,3.064,0.708,0.190
2014/08/19 08:48:20,1.34,37.78390,-122.24112,5.249,50.683,0.0,-63,3.253,0.375,0.179
2014/08/19 08:48:25,1.34,37.78321,-122.24015,8.530,50.795,0.0,-63,1.452,0.500,0.210
2014/08/19 08:48:30,1.34,37.78240,-122.23936,12.139,51.343,0.0,-51,3.087,1.208,0.242
2014/08/19 08:48:35,1.59,37.78144,-122.23886,14.436,51.704,0.0,-51,3.769,1.042,0.182
2014/08/19 08:48:40,1.65,37.78046,-122.23849,16.076,50.239,0.0,-51,3.747,0.958,0.197
2014/08/19 08:48:45,1.48,37.77947,-122.23813,15.748,52.254,0.0,-51,3.375,0.000,0.229
2014/08/19 08:48:50,1.34,37.77847,-122.23768,12.795,53.914,0.0,-51,3.247,0.875,0.157
2014/08/19 08:48:55,1.48,37.77752,-122.23705,13.123,53.780,0.0,-51,1.853,0.542,1.550
2014/08/19 08:49:00,1.59,37.77666,-122.23626,30.512,52.786,0.0,-73,1.112,0.125,0.501
2014/08/19 08:49:05,1.34,37.77593,-122.23529,30.512,50.689,0.0,-73,1.343,0.000,0.790
2014/08/19 08:49:10,1.36,37.77534,-122.23428,28.543,48.958,0.0,-73,0.888,0.375,0.755
2014/08/19 08:49:15,1.6,37.77487,-122.23320,24.278,48.623,0.0,-73,1.173,0.208,3.431
2014/08/19 08:49:20,1.34,37.77447,-122.23206,23.294,49.027,0.0,-73,2.099,0.625,0.522
2014/08/19 08:49:25,1.34,37.77408,-122.23089,30.512,49.890,0.0,-73,2.314,0.000,1.408
2014/08/19 08:49:30,1.34,37.77369,-122.22973,41.339,49.110,0.0,-73,0.926,0.500,2.269
2014/08/19 08:49:35,1.34,37.77331,-122.22858,46.588,48.725,0.0,-51,1.599,0.417,2.718
2014/08/19 08:49:40,1.34,37.77296,-122.22745,47.244,45.325,0.0,-51,1.641,0.375,0.587
2014/08/19 08:49:45,1.34,37.77261,-122.22644,36.745,43.315,0.0,-51,1.679,0.625,0.430
2014/08/19 08:49:50,1.34,37.77227,-122.22540,27.887,46.329,0.0,-51,0.775,0.250,1.798
2014/08/19 08:49:55,1.34,37.77185,-122.22431,20.013,49.912,0.0,-51,0.000,0.000,2.048
2014/08/19 08:50:00,1.34,37.77128,-122.22325,19.357,49.242,0.0,-51,0.269,0.292,2.858
2014/08/19 08:50:05,1.34,37.77061,-122.22239,20.341,46.797,0.0,-79,0.311,0.000,0.000
2014/08/19 08:50:10,1.48,37.76984,-122.22167,26.247,48.838,0.0,-79,0.000,0.125,8.642
2014/08/19 08:50:15,1.34,37.76901,-122.22104,35.433,49.511,0.0,-79,0.000,0.000,0.000
2014/08/19 08:50:20,1.37,37.76816,-122.22040,40.026,49.709,0.0,-79,0.000,0.250,0.822
2014/08/19 08:50:25,1.34,37.76727,-122.21974,37.073,53.100,0.0,-79,0.000,0.833,1.550
2014/08/19 08:50:30,1.46,37.76634,-122.21904,27.559,53.741,0.0,-79,0.003,0.958,0.550
2014/08/19 08:50:35,1.46,37.76543,-122.21829,16.404,54.632,0.0,-67,1.423,1.375,0.897
2014/08/19 08:50:40,1.34,37.76455,-122.21750,12.467,53.740,0.0,-67,1.000,0.667,0.658
2014/08/19 08:50:45,1.34,37.76366,-122.21672,12.467,54.587,0.0,-67,0.596,1.125,0.463
2014/08/19 08:50:50,1.37,37.76277,-122.21593,12.467,53.889,0.0,-67,0.611,0.708,1.799
2014/08/19 08:50:55,1.29,37.76188,-122.21513,12.795,55.072,0.0,-67,0.782,1.417,0.602
2014/08/19 08:51:00,1.29,37.76095,-122.21434,18.045,56.358,0.0,-67,0.530,1.292,1.938
2014/08/19 08:51:05,1.29,37.76001,-122.21351,15.420,57.037,0.0,-69,0.233,0.542,1.058
2014/08/19 08:51:10,1.29,37.75907,-122.21268,14.764,57.126,0.0,-69,0.263,0.000,2.190
2014/08/19 08:51:15,1.29,37.75814,-122.21186,14.108,56.485,0.0,-69,0.653,0.500,0.909
2014/08/19 08:51:20,1.34,37.75720,-122.21104,14.764,56.711,0.0,-69,1.067,1.458,0.349
2014/08/19 08:51:25,1.37,37.75627,-122.21021,12.795,56.938,0.0,-69,1.094,1.750,0.498
2014/08/19 08:51:30,1.29,37.75535,-122.20941,11.811,54.647,0.0,-69,0.671,1.750,0.437
2014/08/19 08:51:35,1.42,37.75444,-122.20861,11.483,55.197,0.0,-69,0.430,1.458,0.369
2014/08/19 08:51:40,1.31,37.75354,-122.20782,8.858,54.928,0.0,-61,0.652,1.167,0.662
2014/08/19 08:51:45,1.29,37.75262,-122.20701,8.858,56.244,0.0,-61,1.123,1.625,0.519
2014/08/19 08:51:50,1.34,37.75167,-122.20618,9.843,57.342,0.0,-61,0.834,1.875,0.470
2014/08/19 08:51:55,1.34,37.75073,-122.20535,9.843,57.610,0.0,-61,1.454,1.083,0.454
2014/08/19 08:52:00,1.34,37.74978,-122.20452,10.171,56.836,0.0,-61,0.893,1.500,0.488
2014/08/19 08:52:05,1.34,37.74885,-122.20369,7.546,56.660,0.0,-61,1.530,1.667,0.725
2014/08/19 08:52:10,1.29,37.74790,-122.20287,8.858,57.763,0.0,-63,0.800,1.667,0.470
2014/08/19 08:52:15,1.37,37.74695,-122.20203,7.546,57.744,0.0,-63,0.732,1.125,0.596
2014/08/19 08:52:20,1.29,37.74600,-122.20120,9.186,56.538,0.0,-63,0.557,1.333,1.129
2014/08/19 08:52:25,1.29,37.74509,-122.20040,10.827,54.665,0.0,-63,0.346,0.750,0.190
2014/08/19 08:52:30,1.29,37.74418,-122.19960,9.186,55.566,0.0,-63,1.154,1.167,0.350
2014/08/19 08:52:35,1.29,37.74324,-122.19879,7.218,56.956,0.0,-63,0.000,1.417,1.222
2014/08/19 08:52:40,1.29,37.74231,-122.19797,4.265,56.589,0.0,-77,1.397,2.042,1.821
2014/08/19 08:52:45,1.29,37.74138,-122.19714,4.593,56.418,0.0,-77,1.042,0.000,0.000
2014/08/19 08:52:50,1.39,37.74048,-122.19635,7.546,50.208,0.0,-77,1.144,2.542,2.876
2014/08/19 08:52:55,1.32,37.73968,-122.19550,23.294,58.584,0.0,-77,0.895,1.875,2.030
2014/08/19 08:53:00,1.72,37.73864,-122.19456,20.013,64.078,0.0,-77,1.683,1.917,2.525
2014/08/19 08:53:05,1.65,37.73759,-122.19362,14.764,63.885,0.0,-77,1.172,1.250,1.802
2014/08/19 08:53:10,1.65,37.73651,-122.19270,16.404,62.218,0.0,-51,0.908,0.000,1.777
2014/08/19 08:53:15,1.38,37.73549,-122.19183,9.843,58.518,0.0,-51,1.240,1.917,1.278
2014/08/19 08:53:20,1.3,37.73450,-122.19098,5.249,59.577,0.0,-51,1.978,1.958,0.830
2014/08/19 08:53:25,1.29,37.73348,-122.19011,6.234,61.161,0.0,-51,0.853,1.875,0.814
2014/08/19 08:53:30,1.36,37.73247,-122.18922,2.297,60.632,0.0,-51,0.769,0.000,1.182
2014/08/19 08:53:35,1.29,37.73147,-122.18833,1.312,60.102,0.0,-51,0.718,1.875,1.514
2014/08/19 08:53:40,1.41,37.73045,-122.18744,-0.328,60.640,0.0,-51,1.042,1.250,2.715
2014/08/19 08:53:45,1.41,37.72943,-122.18657,5.249,60.146,0.0,-59,1.490,0.000,2.778
2014/08/19 08:53:50,1.29,37.72844,-122.18572,16.076,57.915,0.0,-59,1.761,0.000,0.179
2014/08/19 08:53:55,1.29,37.72748,-122.18488,29.856,58.471,0.0,-59,1.344,0.208,0.319
2014/08/19 08:54:00,1.17,37.72650,-122.18404,39.698,58.402,0.0,-59,1.165,1.625,0.522
2014/08/19 08:54:05,1.29,37.72554,-122.18321,33.136,58.059,0.0,-59,0.554,1.208,0.690
2014/08/19 08:54:10,1.17,37.72458,-122.18229,21.982,61.600,0.0,-59,0.777,0.917,2.275
2014/08/19 08:54:15,1.17,37.72360,-122.18130,16.404,62.453,0.0,-81,0.564,0.000,1.243
2014/08/19 08:54:20,1.17,37.72262,-122.18031,18.045,62.890,0.0,-81,0.556,0.708,2.378
2014/08/19 08:54:25,1.17,37.72163,-122.17931,19.357,62.321,0.0,-81,0.481,0.458,1.210
2014/08/19 08:54:30,1.17,37.72066,-122.17834,20.997,60.556,0.0,-81,0.969,0.750,1.117
2014/08/19 08:54:35,1.17,37.71972,-122.17740,22.966,59.941,0.0,-81,1.207,0.958,1.195
2014/08/19 08:54:40,1.17,37.71878,-122.17645,23.294,60.253,0.0,-81,0.827,1.000,0.845
2014/08/19 08:54:45,1.17,37.71782,-122.17547,24.934,61.919,0.0,-63,1.277,0.958,0.720
2014/08/19 08:54:50,1.62,37.71684,-122.17449,25.919,62.227,0.0,-63,1.458,1.000,1.054
2014/08/19 08:54:55,1.29,37.71586,-122.17349,23.950,63.293,0.0,-63,1.066,0.708,0.861
2014/08/19 08:55:00,1.17,37.71487,-122.17248,23.294,63.410,0.0,-63,0.865,1.000,0.814
2014/08/19 08:55:05,1.17,37.71389,-122.17142,23.294,64.374,0.0,-63,0.988,1.167,0.521
2014/08/19 08:55:10,1.17,37.71298,-122.17026,22.966,63.898,0.0,-63,0.386,0.625,1.474
2014/08/19 08:55:15,1.17,37.71213,-122.16904,26.247,62.590,0.0,-77,0.247,0.583,1.866
2014/08/19 08:55:20,1.45,37.71130,-122.16786,29.528,61.443,0.0,-77,0.168,0.417,3.126
2014/08/19 08:55:25,1.2,37.71048,-122.16670,29.856,61.975,0.0,-77,0.746,0.500,1.717
2014/08/19 08:55:30,1.35,37.70969,-122.16549,28.543,61.401,0.0,-77,0.359,0.000,0.898
2014/08/19 08:55:35,1.17,37.70888,-122.16432,29.528,60.913,0.0,-77,0.606,0.875,0.529
2014/08/19 08:55:40,1.17,37.70807,-122.16316,26.903,61.475,0.0,-77,0.853,1.083,0.662
2014/08/19 08:55:45,1.35,37.70724,-122.16201,25.919,60.642,0.0,-77,1.234,0.958,0.746
2014/08/19 08:55:50,1.19,37.70642,-122.16082,24.606,63.219,0.0,-63,0.864,1.000,0.882
2014/08/19 08:55:55,1.17,37.70557,-122.15960,23.294,64.563,0.0,-63,1.181,1.083,0.601
2014/08/19 08:56:00,1.17,37.70471,-122.15836,23.950,65.158,0.0,-63,1.512,0.958,0.838
2014/08/19 08:56:05,1.17,37.70385,-122.15711,24.606,65.597,0.0,-63,1.387,1.000,0.739
2014/08/19 08:56:10,1.17,37.70298,-122.15584,25.262,66.367,0.0,-63,1.694,1.083,0.299
2014/08/19 08:56:15,1.17,37.70210,-122.15457,24.278,66.466,0.0,-63,1.014,0.833,0.959
2014/08/19 08:56:20,1.17,37.70122,-122.15329,21.982,67.422,0.0,-59,0.910,1.000,0.759
2014/08/19 08:56:25,1.17,37.70032,-122.15200,21.982,68.036,0.0,-59,1.422,1.333,0.630
2014/08/19 08:56:30,1.17,37.69942,-122.15070,23.950,67.897,0.0,-59,1.772,0.000,1.358
2014/08/19 08:56:35,1.2,37.69852,-122.14940,24.606,67.893,0.0,-59,1.946,0.833,1.598
2014/08/19 08:56:40,1.17,37.69763,-122.14810,24.606,68.621,0.0,-59,2.160,0.750,0.610
2014/08/19 08:56:45,1.17,37.69673,-122.14680,24.606,66.897,0.0,-59,0.750,1.208,1.062
2014/08/19 08:56:50,1.17,37.69585,-122.14553,23.950,65.802,0.0,-63,1.181,0.875,0.850
2014/08/19 08:56:55,1.36,37.69500,-122.14429,23.622,64.305,0.0,-63,1.543,0.875,0.649
2014/08/19 08:57:00,1.17,37.69416,-122.14307,23.622,63.595,0.0,-63,1.410,0.958,1.150
2014/08/19 08:57:05,1.36,37.69332,-122.14186,23.950,63.708,0.0,-63,0.701,0.708,2.070
2014/08/19 08:57:10,1.36,37.69248,-122.14065,25.591,62.966,0.0,-63,0.355,0.500,1.287
2014/08/19 08:57:15,1.37,37.69166,-122.13945,25.262,62.177,0.0,-63,0.827,0.583,2.350
2014/08/19 08:57:20,1.17,37.69085,-122.13826,30.840,62.887,0.0,-77,0.513,1.125,0.757
2014/08/19 08:57:25,1.37,37.69002,-122.13707,41.667,61.685,0.0,-77,1.412,1.083,0.650
2014/08/19 08:57:30,1.37,37.68920,-122.13590,40.682,61.126,0.0,-77,1.852,0.000,0.162
2014/08/19 08:57:35,1.18,37.68840,-122.13473,40.682,60.678,0.0,-77,1.448,0.792,0.277
2014/08/19 08:57:40,1.31,37.68759,-122.13356,43.635,60.909,0.0,-77,1.262,0.833,0.802
2014/08/19 08:57:45,1.18,37.68679,-122.13242,50.525,59.129,0.0,-77,1.242,1.333,0.650
2014/08/19 08:57:50,1.18,37.68600,-122.13128,52.493,60.263,0.0,-77,0.880,1.208,2.251
2014/08/19 08:57:55,1.18,37.68521,-122.13012,57.415,60.635,0.0,-69,1.308,1.042,1.845
2014/08/19 08:58:00,1.18,37.68440,-122.12895,56.759,62.522,0.0,-69,0.301,0.000,3.853
2014/08/19 08:58:05,1.18,37.68358,-122.12776,49.541,60.928,0.0,-69,0.552,1.250,0.000
2014/08/19 08:58:10,1.18,37.68278,-122.12661,45.604,60.607,0.0,-69,1.508,1.042,5.814
2014/08/19 08:58:15,1.18,37.68197,-122.12544,43.635,61.448,0.0,-69,1.437,0.958,3.202
2014/08/19 08:58:20,1.42,37.68115,-122.12426,41.995,61.245,0.0,-69,0.814,0.958,2.998
2014/08/19 08:58:25,1.37,37.68034,-122.12308,42.323,61.540,0.0,-77,1.099,0.958,2.462
2014/08/19 08:58:30,1.3,37.67953,-122.12191,43.307,61.142,0.0,-77,1.123,0.000,0.000
2014/08/19 08:58:35,1.3,37.67874,-122.12075,46.588,59.842,0.0,-77,1.287,1.417,2.710
2014/08/19 08:58:40,1.38,37.67797,-122.11961,46.916,58.959,0.0,-77,1.053,1.000,2.206
2014/08/19 08:58:45,1.64,37.67724,-122.11845,40.354,57.538,0.0,-77,1.222,1.000,2.731
2014/08/19 08:58:50,1.43,37.67650,-122.11733,34.121,57.311,0.0,-77,1.053,1.500,1.321
2014/08/19 08:58:55,1.38,37.67577,-122.11632,38.386,54.290,0.0,-51,0.366,0.000,3.891
2014/08/19 08:59:00,1.18,37.67501,-122.11534,44.291,53.766,0.0,-51,1.081,1.000,1.856
2014/08/19 08:59:05,1.18,37.67430,-122.11436,47.244,51.626,0.0,-51,1.161,1.583,1.841
2014/08/19 08:59:10,1.18,37.67371,-122.11351,51.181,38.651,0.0,-51,0.750,1.000,3.118
2014/08/19 08:59:15,1.3,37.67322,-122.11285,57.415,33.110,0.0,-51,0.999,0.958,3.142
2014/08/19 08:59:20,1.3,37.67279,-122.11231,61.680,27.895,0.0,-51,1.440,0.000,0.000
2014/08/19 08:59:25,1.18,37.67233,-122.11183,64.304,31.505,0.0,-73,1.322,1.500,3.137
2014/08/19 08:59:30,1.35,37.67182,-122.11133,68.241,32.363,0.0,-73,0.000,1.000,3.322
2014/08/19 08:59:35,1.3,37.67127,-122.11087,68.241,32.337,0.0,-73,1.254,1.500,1.818
2014/08/19 08:59:40,1.18,37.67069,-122.11044,66.929,35.356,0.0,-73,1.723,0.000,2.647
2014/08/19 08:59:45,1.18,37.67000,-122.11000,68.898,39.804,0.0,-73,0.934,0.958,1.830
2014/08/19 08:59:50,1.3,37.66927,-122.10955,71.194,39.324,0.0,-73,1.089,1.083,1.502
2014/08/19 08:59:55,1.5,37.66856,-122.10912,73.491,39.827,0.0,-63,1.131,1.500,1.807
2014/08/19 09:00:00,1.18,37.66780,-122.10866,75.459,43.202,0.0,-63,1.008,1.000,4.824
2014/08/19 09:00:05,1.18,37.66701,-122.10817,81.037,44.141,0.0,-63,1.678,1.000,0.000
2014/08/19 09:00:10,1.3,37.66623,-122.10769,83.005,43.534,0.0,-63,1.086,0.000,2.798
2014/08/19 09:00:15,1.18,37.66544,-122.10720,80.052,43.437,0.0,-63,1.474,1.458,1.809
2014/08/19 09:00:20,1.18,37.66467,-122.10672,74.475,41.827,0.0,-63,0.842,1.000,3.230
2014/08/19 09:00:25,1.18,37.66391,-122.10625,71.194,41.824,0.0,-63,0.672,0.000,2.709
2014/08/19 09:00:30,1.3,37.66316,-122.10578,71.194,41.719,0.0,-51,1.172,1.500,2.139
2014/08/19 09:00:35,1.18,37.66241,-122.10532,71.850,41.539,0.0,-51,0.998,1.000,2.170
2014/08/19 09:00:40,1.18,37.66166,-122.10484,72.507,42.000,0.0,-51,1.504,1.000,2.038
2014/08/19 09:00:45,1.42,37.66088,-122.10435,73.491,45.160,0.0,-51,1.507,1.458,1.971
2014/08/19 09:00:50,1.29,37.66003,-122.10382,75.131,48.314,0.0,-51,1.271,1.000,3.739
2014/08/19 09:00:55,1.29,37.65913,-122.10326,75.787,51.323,0.0,-51,1.484,1.000,2.402
2014/08/19 09:01:00,1.29,37.65817,-122.10267,75.787,53.954,0.0,-69,1.123,0.000,0.000
2014/08/19 09:01:05,1.42,37.65719,-122.10206,77.756,55.414,0.0,-69,0.844,1.458,3.091
2014/08/19 09:01:10,1.2,37.65616,-122.10143,76.115,58.540,0.0,-69,1.571,1.000,2.942
2014/08/19 09:01:15,1.18,37.65513,-122.10080,74.803,56.479,0.0,-69,1.004,0.000,1.059
2014/08/19 09:01:20,1.31,37.65411,-122.10016,72.835,57.722,0.0,-69,0.968,1.500,1.478
2014/08/19 09:01:25,1.18,37.65306,-122.09952,70.538,56.985,0.0,-69,0.827,1.000,3.070
2014/08/19 09:01:30,1.31,37.65203,-122.09888,68.241,58.255,0.0,-83,1.233,0.000,2.925
2014/08/19 09:01:35,1.18,37.65096,-122.09822,65.945,59.442,0.0,-83,0.545,0.500,2.951
2014/08/19 09:01:40,1.22,37.64990,-122.09755,66.273,59.002,0.0,-83,0.888,0.792,0.763
2014/08/19 09:01:45,1.18,37.64886,-122.09685,65.945,57.720,0.0,-83,1.038,0.000,0.550
2014/08/19 09:01:50,1.4,37.64785,-122.09613,63.320,58.173,0.0,-83,1.128,1.000,0.674
2014/08/19 09:01:55,1.18,37.64683,-122.09542,55.774,57.670,0.0,-83,0.923,1.000,1.371
2014/08/19 09:02:00,1.18,37.64581,-122.09470,44.948,60.560,0.0,-51,0.906,1.000,1.913
2014/08/19 09:02:05,1.24,37.64477,-122.09398,41.339,57.326,0.0,-51,0.719,1.458,2.450
2014/08/19 09:02:10,1.22,37.64379,-122.09328,40.354,54.980,0.0,-51,0.900,0.000,3.862
2014/08/19 09:02:15,1.22,37.64280,-122.09256,41.010,57.164,0.0,-51,0.853,0.000,0.199
2014/08/19 09:02:20,1.18,37.64180,-122.09184,38.386,57.660,0.0,-51,1.200,0.167,0.358
2014/08/19 09:02:25,1.18,37.64080,-122.09112,41.010,57.099,0.0,-51,1.480,1.208,0.790
2014/08/19 09:02:30,1.18,37.63983,-122.09041,39.698,55.551,0.0,-51,0.969,0.958,0.943
2014/08/19 09:02:35,1.31,37.63887,-122.08970,37.730,55.579,0.0,-71,1.196,1.250,0.678
2014/08/19 09:02:40,1.22,37.63791,-122.08901,37.073,54.788,0.0,-71,1.310,0.000,1.251
2014/08/19 09:02:45,1.18,37.63693,-122.08832,36.089,55.734,0.0,-71,0.857,0.958,1.089
2014/08/19 09:02:50,1.41,37.63594,-122.08761,34.121,57.443,0.0,-71,1.311,0.833,0.810
2014/08/19 09:02:55,1.41,37.63494,-122.08690,33.465,57.343,0.0,-71,0.902,1.208,1.094
2014/08/19 09:03:00,1.41,37.63391,-122.08619,33.136,59.304,0.0,-71,1.139,0.750,1.178
2014/08/19 09:03:05,1.41,37.63286,-122.08544,32.480,60.853,0.0,-71,0.841,0.833,0.722
2014/08/19 09:03:10,1.41,37.63179,-122.08467,27.887,61.586,0.0,-71,1.566,1.083,0.845
2014/08/19 09:03:15,1.43,37.63072,-122.08390,21.982,62.843,0.0,-71,1.266,0.792,0.442
2014/08/19 09:03:20,1.43,37.62961,-122.08311,19.685,62.821,0.0,-71,0.490,0.625,0.869
2014/08/19 09:03:25,1.41,37.62851,-122.08233,17.388,61.973,0.0,-71,0.510,0.625,1.070
2014/08/19 09:03:30,1.42,37.62743,-122.08158,17.388,60.820,0.0,-71,0.422,0.000,2.030
2014/08/19 09:03:35,1.42,37.62637,-122.08082,16.732,60.052,0.0,-79,0.853,1.000,2.641
2014/08/19 09:03:40,1.42,37.62532,-122.08007,18.373,59.909,0.0,-79,0.232,1.292,0.000
2014/08/19 09:03:45,1.42,37.62428,-122.07932,18.701,59.087,0.0,-79,0.200,0.458,9.789
2014/08/19 09:03:50,1.42,37.62322,-122.07857,18.045,61.691,0.0,-79,0.000,0.000,0.000
2014/08/19 09:03:55,1.42,37.62213,-122.07779,17.060,61.348,0.0,-79,0.416,0.958,1.010
2014/08/19 09:04:00,1.42,37.62106,-122.07702,16.076,62.756,0.0,-79,0.396,0.000,1.341
2014/08/19 09:04:05,1.42,37.61996,-122.07625,15.420,62.796,0.0,-81,0.555,0.917,1.778
2014/08/19 09:04:10,1.42,37.61886,-122.07546,14.436,62.658,0.0,-81,0.282,0.000,0.000
2014/08/19 09:04:15,1.7,37.61776,-122.07468,14.436,62.367,0.0,-81,0.247,0.917,3.718
2014/08/19 09:04:20,1.73,37.61671,-122.07389,16.404,61.792,0.0,-81,0.404,1.375,2.895
2014/08/19 09:04:25,1.44,37.61559,-122.07310,15.748,63.303,0.0,-81,0.847,0.000,1.726
2014/08/19 09:04:30,1.44,37.61449,-122.07232,16.732,62.497,0.0,-81,1.198,0.917,1.550
2014/08/19 09:04:35,1.47,37.61340,-122.07156,18.045,61.604,0.0,-81,0.902,1.333,2.191
2014/08/19 09:04:40,1.45,37.61231,-122.07079,16.732,61.940,0.0,-51,0.848,0.917,2.603
2014/08/19 09:04:45,1.43,37.61126,-122.07005,15.748,58.446,0.0,-51,0.867,1.333,2.490
2014/08/19 09:04:50,1.43,37.61024,-122.06932,22.310,58.466,0.0,-51,0.666,1.375,3.457
2014/08/19 09:04:55,1.43,37.60921,-122.06859,33.793,58.483,0.0,-51,0.514,0.917,3.548
2014/08/19 09:05:00,1.43,37.60820,-122.06787,36.745,57.473,0.0,-51,0.709,0.000,0.000
2014/08/19 09:05:05,1.43,37.60720,-122.06714,32.480,58.524,0.0,-51,0.807,0.958,3.070
2014/08/19 09:05:10,1.43,37.60616,-122.06640,23.950,60.897,0.0,-65,0.872,0.917,3.370
2014/08/19 09:05:15,1.43,37.60509,-122.06563,16.404,61.471,0.0,-65,0.978,0.958,2.370
2014/08/19 09:05:20,1.43,37.60399,-122.06485,14.764,63.080,0.0,-65,0.949,0.000,0.490
2014/08/19 09:05:25,1.55,37.60287,-122.06405,16.404,64.554,0.0,-65,0.750,0.958,0.671
2014/08/19 09:05:30,1.55,37.60174,-122.06324,17.388,64.989,0.0,-65,0.847,0.917,0.553
2014/08/19 09:05:35,1.55,37.60059,-122.06243,17.060,66.168,0.0,-65,0.918,1.417,0.923
2014/08/19 09:05:40,1.55,37.59943,-122.06160,19.357,66.929,0.0,-67,1.349,0.917,4.062
2014/08/19 09:05:45,1.55,37.59826,-122.06076,21.325,65.966,0.0,-67,0.977,0.000,0.000
2014/08/19 09:05:50,1.55,37.59712,-122.05995,25.262,64.839,0.0,-67,0.683,0.958,1.402
2014/08/19 09:05:55,1.55,37.59598,-122.05914,29.856,63.989,0.0,-67,0.576,1.083,1.671
2014/08/19 09:06:00,1.56,37.59484,-122.05833,28.871,66.995,0.0,-67,0.969,0.000,1.218
2014/08/19 09:06:05,1.56,37.59368,-122.05749,25.591,67.165,0.0,-67,0.867,0.958,2.708
2014/08/19 09:06:10,1.56,37.59249,-122.05664,25.919,68.095,0.0,-79,0.923,0.917,1.670
2014/08/19 09:06:15,1.56,37.59129,-122.05580,27.559,68.182,0.0,-79,1.156,0.000,2.402
2014/08/19 09:06:20,1.56,37.59013,-122.05501,26.903,64.240,0.0,-79,1.127,1.458,2.077
2014/08/19 09:06:25,1.56,37.58901,-122.05421,27.559,64.185,0.0,-79,1.584,0.917,1.782
2014/08/19 09:06:30,1.56,37.58788,-122.05340,28.215,65.294,0.0,-79,0.386,0.458,0.000
2014/08/19 09:06:35,1.56,37.58674,-122.05259,27.887,64.811,0.0,-79,0.675,0.500,2.810
2014/08/19 09:06:40,1.56,37.58562,-122.05179,32.480,63.134,0.0,-79,0.318,0.000,6.590
2014/08/19 09:06:45,1.56,37.58453,-122.05103,37.073,60.283,0.0,-81,0.378,0.458,0.000
2014/08/19 09:06:50,1.56,37.58342,-122.05036,37.402,61.954,0.0,-81,0.390,0.958,2.705
2014/08/19 09:06:55,2.14,37.58229,-122.04980,32.808,59.304,0.0,-81,1.148,0.958,2.142
2014/08/19 09:07:00,1.57,37.58117,-122.04934,30.512,58.493,0.0,-81,1.071,1.417,2.482
2014/08/19 09:07:05,1.57,37.58008,-122.04894,28.543,55.899,0.0,-81,0.820,0.000,3.509
2014/08/19 09:07:10,1.9,37.57898,-122.04858,28.543,56.012,0.0,-81,0.455,0.000,0.000
2014/08/19 09:07:15,1.59,37.57790,-122.04820,28.543,54.769,0.0,-67,1.160,0.958,1.243
2014/08/19 09:07:20,1.59,37.57691,-122.04785,28.215,48.276,0.0,-67,1.157,1.375,0.000
2014/08/19 09:07:25,1.59,37.57595,-122.04754,30.512,48.961,0.0,-67,0.990,1.458,2.534
2014/08/19 09:07:30,1.57,37.57498,-122.04721,31.824,50.742,0.0,-67,0.814,0.000,2.681
2014/08/19 09:07:35,1.57,37.57398,-122.04687,32.480,53.609,0.0,-67,1.221,1.000,3.338
2014/08/19 09:07:40,1.57,37.57296,-122.04652,33.793,50.915,0.0,-67,1.536,1.917,2.527
2014/08/19 09:07:45,1.57,37.57199,-122.04615,35.433,50.130,0.0,-67,1.451,0.000,1.985
2014/08/19 09:07:50,1.87,37.57088,-122.04562,34.121,49.605,0.0,-67,0.000,0.958,2.482
2014/08/19 09:07:55,1.93,37.57015,-122.04519,33.465,48.741,0.0,-67,1.390,1.500,2.253
2014/08/19 09:08:00,1.92,37.56912,-122.04447,29.199,50.854,0.0,-67,0.642,1.000,0.000
2014/08/19 09:08:05,1.62,37.56827,-122.04376,26.575,51.072,0.0,-67,0.470,1.000,5.142
2014/08/19 09:08:10,1.58,37.56746,-122.04297,25.262,52.078,0.0,-67,1.051,0.000,2.377
2014/08/19 09:08:15,1.58,37.56667,-122.04212,25.262,49.404,0.0,-65,1.412,1.500,4.802
2014/08/19 09:08:20,1.58,37.56593,-122.04139,25.591,46.535,0.0,-65,1.375,1.000,2.031
2014/08/19 09:08:25,1.58,37.56519,-122.04072,25.591,43.015,0.0,-65,1.020,0.000,0.000
2014/08/19 09:08:30,1.58,37.56452,-122.04015,26.247,37.670,0.0,-65,1.279,1.500,2.198
2014/08/19 09:08:35,2.0,37.56381,-122.03991,28.215,38.137,0.0,-65,0.965,1.000,3.283
2014/08/19 09:08:40,1.61,37.56310,-122.03986,32.480,32.590,0.0,-65,0.965,1.000,1.750
2014/08/19 09:08:45,1.67,37.56268,-122.03965,38.058,11.459,0.0,-65,0.975,1.542,2.086
2014/08/19 09:08:50,1.66,37.56264,-122.03961,40.682,0.029,0.0,-65,1.013,1.000,3.413
2014/08/19 09:08:55,1.66,37.56264,-122.03961,46.588,0.014,0.0,-65,0.806,0.000,2.390
2014/08/19 09:09:00,1.59,37.56263,-122.03961,54.790,0.299,0.0,-65,1.391,1.500,2.858
2014/08/19 09:09:05,1.59,37.56258,-122.03953,62.008,9.737,0.0,-65,1.471,1.000,0.000
2014/08/19 09:09:10,1.59,37.56254,-122.03924,62.008,14.981,0.0,-65,1.817,1.000,1.910
2014/08/19 09:09:15,1.66,37.56283,-122.03894,62.992,22.531,0.0,-65,1.705,1.500,0.000
2014/08/19 09:09:20,1.89,37.56324,-122.03859,64.633,27.373,0.0,-61,1.305,0.000,2.570
2014/08/19 09:09:25,1.89,37.56370,-122.03821,63.976,27.243,0.0,-61,1.186,1.042,1.730
2014/08/19 09:09:30,1.67,37.56404,-122.03777,57.087,23.688,0.0,-61,1.272,1.500,2.257
2014/08/19 09:09:35,1.59,37.56380,-122.03724,42.979,27.433,0.0,-61,0.433,1.042,5.010
2014/08/19 09:09:40,1.71,37.56331,-122.03746,31.824,29.180,0.0,-61,1.260,1.042,2.151
2014/08/19 09:09:45,2.84,37.56347,-122.03810,30.512,31.221,0.0,-61,1.523,0.000,1.491
2014/08/19 09:09:50,1.89,37.56410,-122.03870,32.152,44.610,0.0,-61,1.171,1.625,1.906
2014/08/19 09:09:55,1.72,37.56477,-122.03951,29.856,50.236,0.0,-61,0.464,1.167,1.119
2014/08/19 09:10:00,1.72,37.56555,-122.04040,29.528,54.207,0.0,-61,1.001,1.083,1.243
2014/08/19 09:10:05,1.64,37.56642,-122.04133,25.262,58.373,0.0,-61,0.968,0.000,1.258
2014/08/19 09:10:10,1.64,37.56733,-122.04231,23.950,59.610,0.0,-61,1.258,1.625,3.723
2014/08/19 09:10:15,1.64,37.56823,-122.04324,24.278,58.636,0.0,-61,1.291,1.083,3.170
2014/08/19 09:10:20,2.12,37.56919,-122.04407,28.215,59.293,0.0,-71,1.470,0.000,1.859
2014/08/19 09:10:25,1.96,37.57023,-122.04481,28.215,60.438,0.0,-71,0.718,1.583,0.000
2014/08/19 09:10:30,1.6,37.57133,-122.04544,26.575,60.357,0.0,-71,0.330,0.542,5.171
2014/08/19 09:10:35,1.9,37.57247,-122.04595,21.982,61.403,0.0,-71,0.834,1.083,4.221
2014/08/19 09:10:40,1.61,37.57367,-122.04636,24.934,61.145,0.0,-71,1.216,1.125,1.766
2014/08/19 09:10:45,1.61,37.57483,-122.04675,28.871,59.446,0.0,-71,1.198,1.667,0.000
2014/08/19 09:10:50,1.61,37.57597,-122.04714,31.168,57.816,0.0,-71,0.741,0.000,4.289
2014/08/19 09:10:55,1.61,37.57707,-122.04751,32.480,56.627,0.0,-51,0.749,0.000,2.857
2014/08/19 09:11:00,1.61,37.57816,-122.04789,32.480,55.140,0.0,-51,1.332,0.000,0.163
2014/08/19 09:11:05,1.61,37.57923,-122.04826,30.512,54.994,0.0,-51,1.181,0.208,0.670
2014/08/19 09:11:10,1.61,37.58028,-122.04861,30.512,53.502,0.0,-51,1.404,0.917,0.795
2014/08/19 09:11:15,1.61,37.58124,-122.04895,34.449,47.179,0.0,-51,1.910,1.083,0.686
2014/08/19 09:11:20,1.61,37.58214,-122.04934,30.512,46.685,0.0,-51,1.500,1.250,1.434
2014/08/19 09:11:25,1.61,37.58303,-122.04977,28.871,48.783,0.0,-69,0.671,0.750,1.338
2014/08/19 09:11:30,2.22,37.58392,-122.05027,29.528,49.068,0.0,-69,0.897,0.833,0.910
2014/08/19 09:11:35,1.7,37.58478,-122.05084,31.168,46.407,0.0,-69,1.539,1.125,0.851
2014/08/19 09:11:40,1.62,37.58562,-122.05143,31.168,49.699,0.0,-69,1.195,1.083,1.242
2014/08/19 09:11:45,1.69,37.58653,-122.05207,28.871,53.764,0.0,-69,0.857,0.625,0.000
2014/08/19 09:11:50,1.62,37.58751,-122.05277,28.871,56.632,0.0,-69,1.172,1.083,0.000
2014/08/19 09:11:55,1.62,37.58852,-122.05348,28.215,58.198,0.0,-75,0.000,0.000,0.000
2014/08/19 09:12:00,1.62,37.58953,-122.05421,28.215,57.447,0.0,-75,0.000,0.000,0.000
2014/08/19 09:12:05,1.62,37.59054,-122.05493,26.903,58.077,0.0,-75,0.000,0.000,0.000
2014/08/19 09:12:10,1.62,37.59156,-122.05566,26.575,58.524,0.0,-75,0.000,0.000,0.000
2014/08/19 09:12:15,1.93,37.59257,-122.05637,26.247,56.767,0.0,-75,0.000,0.000,0.000
2014/08/19 09:12:20,1.69,37.59355,-122.05708,27.231,56.816,0.0,-75,0.000,0.000,0.000
2014/08/19 09:12:25,1.63,37.59456,-122.05779,29.528,57.747,0.0,-83,0.000,0.000,0.000
2014/08/19 09:12:30,1.63,37.59557,-122.05851,33.136,58.382,0.0,-83,0.000,0.000,0.000
2014/08/19 09:12:35,1.63,37.59665,-122.05928,29.528,63.383,0.0,-83,0.000,0.000,0.000
2014/08/19 09:12:40,1.63,37.59774,-122.06007,24.934,62.253,0.0,-83,0.000,0.000,0.000
2014/08/19 09:12:45,1.83,37.59882,-122.06083,24.278,60.790,0.0,-83,0.000,0.000,0.000
2014/08/19 09:12:50,1.63,37.59989,-122.06160,18.701,60.927,0.0,-83,0.003,0.000,0.852
2014/08/19 09:12:55,1.7,37.60095,-122.06236,16.076,60.897,0.0,-83,2.474,0.000,0.229
2014/08/19 09:13:00,1.94,37.60196,-122.06308,14.436,53.138,0.0,-83,3.106,0.042,0.262
2014/08/19 09:13:05,1.7,37.60290,-122.06376,14.108,54.120,0.0,-83,3.170,0.625,0.149
2014/08/19 09:13:10,2.09,37.60387,-122.06445,13.123,56.244,0.0,-83,3.250,0.750,0.189
2014/08/19 09:13:15,1.94,37.60485,-122.06514,14.436,55.758,0.0,-83,3.010,0.625,0.235
2014/08/19 09:13:20,1.64,37.60583,-122.06585,19.685,56.149,0.0,-83,3.074,0.708,0.161
2014/08/19 09:13:25,1.64,37.60680,-122.06654,25.591,55.586,0.0,-83,3.167,0.542,0.242
2014/08/19 09:13:30,1.64,37.60778,-122.06724,32.480,56.378,0.0,-79,2.493,0.417,0.267
2014/08/19 09:13:35,1.64,37.60875,-122.06793,34.121,53.934,0.0,-79,1.574,0.292,0.277
2014/08/19 09:13:40,1.64,37.60970,-122.06861,26.247,54.717,0.0,-79,1.199,0.583,0.294
2014/08/19 09:13:45,1.94,37.61067,-122.06930,12.795,55.692,0.0,-79,2.362,0.667,0.173
2014/08/19 09:13:50,1.64,37.61165,-122.07000,8.530,56.210,0.0,-79,2.275,0.000,0.235
2014/08/19 09:13:55,1.64,37.61261,-122.07068,10.171,54.509,0.0,-79,2.740,0.333,0.229
2014/08/19 09:14:00,1.64,37.61356,-122.07136,9.843,53.222,0.0,-69,2.606,1.125,0.258
2014/08/19 09:14:05,1.64,37.61446,-122.07201,9.843,52.196,0.0,-69,2.910,1.750,0.507
2014/08/19 09:14:10,1.95,37.61540,-122.07267,7.874,54.138,0.0,-69,2.907,1.750,0.387
2014/08/19 09:14:15,1.65,37.61637,-122.07337,8.202,56.958,0.0,-69,2.750,1.500,0.224
2014/08/19 09:14:20,1.95,37.61736,-122.07408,7.218,56.385,0.0,-69,2.267,0.958,0.613
2014/08/19 09:14:25,1.95,37.61835,-122.07480,8.202,57.055,0.0,-69,1.760,0.375,0.293
2014/08/19 09:14:30,1.65,37.61937,-122.07552,7.546,58.460,0.0,-69,1.445,0.625,0.405
2014/08/19 09:14:35,1.65,37.62040,-122.07625,7.874,58.340,0.0,-79,1.920,0.000,0.389
2014/08/19 09:14:40,1.65,37.62143,-122.07699,8.530,60.457,0.0,-79,2.314,0.625,0.161
2014/08/19 09:14:45,1.66,37.62249,-122.07775,9.186,60.156,0.0,-79,2.010,0.500,0.150
2014/08/19 09:14:50,1.65,37.62354,-122.07849,11.155,59.761,0.0,-79,0.929,0.000,0.570
2014/08/19 09:14:55,1.65,37.62458,-122.07923,11.811,59.362,0.0,-79,0.000,0.292,4.679
2014/08/19 09:15:00,1.65,37.62564,-122.07999,13.123,60.499,0.0,-79,0.132,0.000,2.158
2014/08/19 09:15:05,1.66,37.62670,-122.08075,13.451,61.067,0.0,-85,0.307,0.125,0.420
2014/08/19 09:15:10,1.66,37.62776,-122.08151,13.123,60.629,0.0,-85,1.340,0.000,0.276
2014/08/19 09:15:15,1.66,37.62882,-122.08226,12.795,59.876,0.0,-85,1.674,0.375,0.957
2014/08/19 09:15:20,1.66,37.62986,-122.08300,14.764,59.631,0.0,-85,1.079,0.542,1.791
2014/08/19 09:15:25,1.66,37.63089,-122.08374,18.373,59.477,0.0,-85,0.484,0.125,0.511
2014/08/19 09:15:30,1.66,37.63194,-122.08450,23.294,61.923,0.0,-85,0.840,0.000,0.280
2014/08/19 09:15:35,1.7,37.63300,-122.08525,23.294,59.273,0.0,-85,1.417,0.250,0.248
2014/08/19 09:15:40,1.7,37.63403,-122.08599,25.591,58.308,0.0,-85,2.228,0.625,1.611
2014/08/19 09:15:45,2.03,37.63504,-122.08672,25.919,58.165,0.0,-85,0.994,0.250,0.303
2014/08/19 09:15:50,2.03,37.63604,-122.08744,26.903,56.938,0.0,-85,1.426,1.500,0.198
2014/08/19 09:15:55,1.7,37.63705,-122.08816,28.215,58.051,0.0,-85,2.093,1.458,0.249
2014/08/19 09:16:00,1.73,37.63808,-122.08890,29.528,59.312,0.0,-85,1.228,1.125,0.229
2014/08/19 09:16:05,1.73,37.63912,-122.08964,30.840,59.454,0.0,-79,1.378,1.708,0.422
2014/08/19 09:16:10,1.67,37.64017,-122.09038,31.824,60.287,0.0,-79,2.173,1.708,0.269
2014/08/19 09:16:15,1.73,37.64122,-122.09112,29.856,59.992,0.0,-79,2.410,1.292,0.293
2014/08/19 09:16:20,1.67,37.64228,-122.09188,26.247,60.856,0.0,-79,2.294,0.917,0.186
2014/08/19 09:16:25,1.67,37.64335,-122.09264,23.622,61.534,0.0,-79,3.122,1.000,0.289
2014/08/19 09:16:30,1.68,37.64442,-122.09340,22.310,61.759,0.0,-79,2.986,0.000,0.230
2014/08/19 09:16:35,1.67,37.64549,-122.09416,24.934,61.792,0.0,-79,2.683,0.750,0.243
2014/08/19 09:16:40,1.67,37.64656,-122.09493,24.606,60.639,0.0,-73,2.621,0.750,0.246
2014/08/19 09:16:45,1.98,37.64760,-122.09568,31.168,59.172,0.0,-73,2.917,0.958,0.475
2014/08/19 09:16:50,1.68,37.64863,-122.09643,36.089,57.650,0.0,-73,1.879,0.625,0.171
2014/08/19 09:16:55,1.7,37.64962,-122.09711,40.354,55.518,0.0,-73,3.167,0.500,0.266
2014/08/19 09:17:00,1.7,37.65062,-122.09774,46.916,56.194,0.0,-73,2.667,0.375,0.265
2014/08/19 09:17:05,1.7,37.65163,-122.09837,52.493,56.421,0.0,-73,3.090,0.625,0.185
2014/08/19 09:17:10,2.39,37.65264,-122.09900,56.102,56.062,0.0,-73,3.417,0.625,0.231
2014/08/19 09:17:15,2.39,37.65366,-122.09963,60.039,56.511,0.0,-73,3.510,0.750,0.173
2014/08/19 09:17:20,2.39,37.65469,-122.10027,62.992,57.603,0.0,-73,2.304,0.375,0.883
2014/08/19 09:17:25,2.4,37.65572,-122.10091,64.633,57.202,0.0,-73,1.083,0.000,2.502
2014/08/19 09:17:30,2.87,37.65677,-122.10156,64.961,59.250,0.0,-73,0.878,0.125,0.251
2014/08/19 09:17:35,2.4,37.65784,-122.10222,63.976,59.272,0.0,-73,0.000,0.750,0.000
2014/08/19 09:17:40,2.4,37.65890,-122.10288,62.992,58.677,0.0,-89,0.000,0.000,0.000
2014/08/19 09:17:45,2.4,37.65995,-122.10354,61.352,58.052,0.0,-89,0.000,0.000,0.000
2014/08/19 09:17:50,1.71,37.66100,-122.10418,59.383,58.169,0.0,-89,0.000,0.000,0.000
2014/08/19 09:17:55,1.71,37.66204,-122.10481,58.399,56.448,0.0,-89,0.000,0.000,0.000
2014/08/19 09:18:00,2.41,37.66309,-122.10545,57.415,57.813,0.0,-89,0.000,0.000,0.000
2014/08/19 09:18:05,2.41,37.66411,-122.10610,57.087,56.632,0.0,-89,0.000,0.000,0.000
2014/08/19 09:18:10,2.34,37.66511,-122.10671,63.976,53.968,0.0,-91,0.000,0.000,0.000
2014/08/19 09:18:15,2.41,37.66609,-122.10731,71.194,54.998,0.0,-91,0.000,0.000,0.000
2014/08/19 09:18:21,2.03,37.66711,-122.10795,69.882,56.823,0.0,-91,0.000,0.000,0.000
2014/08/19 09:18:26,1.71,37.66815,-122.10860,60.367,59.342,0.0,-91,0.000,0.000,0.000
2014/08/19 09:18:31,1.71,37.66922,-122.10926,60.367,61.629,0.0,-91,0.000,0.000,0.000
2014/08/19 09:18:36,1.72,37.67034,-122.10996,60.039,61.954,0.0,-91,0.000,0.000,0.000
2014/08/19 09:18:41,1.7,37.67144,-122.11076,57.087,63.587,0.0,-91,0.000,0.000,0.000
2014/08/19 09:18:46,1.7,37.67246,-122.11170,53.806,62.319,0.0,-103,0.000,0.000,5.403
2014/08/19 09:18:51,1.7,37.67338,-122.11278,53.150,61.479,0.0,-103,0.048,0.083,0.253
2014/08/19 09:18:56,1.7,37.67421,-122.11394,48.228,61.270,0.0,-103,2.135,1.333,0.174
2014/08/19 09:19:01,1.78,37.67505,-122.11508,43.635,61.471,0.0,-103,0.923,0.625,0.978
2014/08/19 09:19:06,1.7,37.67591,-122.11620,38.714,61.551,0.0,-103,1.139,1.083,0.430
2014/08/19 09:19:11,1.76,37.67675,-122.11736,32.480,63.042,0.0,-103,1.241,0.000,0.526
2014/08/19 09:19:16,2.11,37.67755,-122.11863,32.808,64.013,0.0,-59,0.000,0.000,0.000
2014/08/19 09:19:21,1.92,37.67833,-122.11990,35.105,62.965,0.0,-59,0.000,0.000,0.000
2014/08/19 09:19:26,1.92,37.67915,-122.12112,34.777,62.881,0.0,-59,0.000,0.000,2.406
2014/08/19 09:19:31,1.77,37.67995,-122.12227,29.856,58.475,0.0,-59,0.000,0.000,0.194
2014/08/19 09:19:36,1.71,37.68072,-122.12337,21.654,57.931,0.0,-59,0.070,0.000,0.172
2014/08/19 09:19:41,1.71,37.68149,-122.12448,20.341,59.364,0.0,-59,2.847,0.083,0.163
2014/08/19 09:19:46,1.71,37.68229,-122.12563,21.982,60.061,0.0,-79,2.670,1.375,0.598
2014/08/19 09:19:51,1.93,37.68308,-122.12679,24.278,59.978,0.0,-79,1.466,1.542,0.714
2014/08/19 09:19:56,1.71,37.68388,-122.12793,25.919,58.760,0.0,-79,0.918,1.583,0.758
2014/08/19 09:20:01,2.02,37.68465,-122.12904,35.761,57.209,0.0,-79,0.975,0.000,1.026
2014/08/19 09:20:06,1.71,37.68541,-122.13014,35.433,57.277,0.0,-79,0.708,1.167,0.910
2014/08/19 09:20:11,1.89,37.68617,-122.13125,32.808,59.682,0.0,-79,0.539,0.708,0.889
2014/08/19 09:20:16,1.72,37.68696,-122.13239,32.808,60.703,0.0,-63,0.665,0.625,1.270
2014/08/19 09:20:21,3.27,37.68776,-122.13355,28.543,61.541,0.0,-63,0.724,0.833,2.909
2014/08/19 09:20:26,2.53,37.68856,-122.13473,25.919,60.952,0.0,-63,0.229,0.000,0.000
2014/08/19 09:20:31,1.72,37.68935,-122.13586,23.294,57.792,0.0,-63,0.394,0.583,3.859
2014/08/19 09:20:36,1.78,37.69011,-122.13695,21.325,56.628,0.0,-63,1.066,1.333,3.530
2014/08/19 09:20:41,1.72,37.69085,-122.13803,13.780,55.564,0.0,-63,0.945,0.000,5.130
2014/08/19 09:20:46,1.74,37.69159,-122.13911,2.953,57.060,0.0,-63,1.000,0.833,0.000
2014/08/19 09:20:51,1.72,37.69236,-122.14022,1.969,58.579,0.0,-73,1.062,0.875,2.389
2014/08/19 09:20:56,1.72,37.69311,-122.14130,-1.312,55.650,0.0,-73,0.486,0.833,2.810
2014/08/19 09:21:01,1.72,37.69386,-122.14238,-3.281,57.147,0.0,-73,0.438,0.000,5.090
2014/08/19 09:21:06,1.73,37.69462,-122.14347,-2.953,57.572,0.0,-73,0.371,0.875,2.710
2014/08/19 09:21:11,1.73,37.69540,-122.14459,-5.249,57.661,0.0,-73,0.317,0.417,0.000
2014/08/19 09:21:16,1.73,37.69617,-122.14571,-2.953,59.071,0.0,-73,0.765,0.875,2.834
2014/08/19 09:21:21,1.73,37.69696,-122.14686,-3.609,59.958,0.0,-89,0.920,1.250,2.230
2014/08/19 09:21:26,1.73,37.69775,-122.14799,-2.625,57.855,0.0,-89,1.342,0.000,4.046
2014/08/19 09:21:31,1.73,37.69847,-122.14900,-0.984,49.594,0.0,-89,1.430,1.000,2.146
2014/08/19 09:21:36,1.73,37.69917,-122.14991,10.171,50.992,0.0,-89,1.404,0.958,1.008
2014/08/19 09:21:41,1.73,37.69986,-122.15090,12.795,52.054,0.0,-89,1.093,1.500,1.962
2014/08/19 09:21:46,1.73,37.70054,-122.15189,13.451,51.983,0.0,-89,1.464,0.958,2.310
2014/08/19 09:21:51,1.73,37.70122,-122.15288,15.420,51.687,0.0,-77,0.906,1.500,2.730
2014/08/19 09:21:56,1.73,37.70191,-122.15387,18.045,51.728,0.0,-77,1.546,0.000,3.802
2014/08/19 09:22:01,1.79,37.70258,-122.15485,21.325,50.909,0.0,-77,1.538,1.125,0.000
2014/08/19 09:22:06,1.95,37.70324,-122.15581,22.638,48.690,0.0,-77,0.955,1.125,3.033
2014/08/19 09:22:11,1.74,37.70390,-122.15675,18.701,50.190,0.0,-77,0.801,0.000,2.586
2014/08/19 09:22:16,1.74,37.70455,-122.15770,16.732,50.043,0.0,-77,0.967,1.708,3.318
2014/08/19 09:22:21,1.74,37.70522,-122.15866,15.748,50.112,0.0,-65,1.179,1.125,2.930
2014/08/19 09:22:26,1.74,37.70588,-122.15962,17.717,50.972,0.0,-65,1.003,1.708,1.549
2014/08/19 09:22:31,2.52,37.70657,-122.16062,18.045,52.678,0.0,-65,0.991,0.000,3.493
2014/08/19 09:22:36,1.74,37.70728,-122.16165,15.748,55.881,0.0,-65,1.655,1.125,0.000
2014/08/19 09:22:41,1.74,37.70802,-122.16271,16.076,55.475,0.0,-65,1.419,1.125,2.874
2014/08/19 09:22:46,1.74,37.70872,-122.16374,13.780,52.086,0.0,-65,0.834,1.208,4.938
2014/08/19 09:22:51,1.75,37.70939,-122.16472,11.811,49.870,0.0,-65,0.953,1.167,2.709
2014/08/19 09:22:56,1.75,37.71002,-122.16560,12.139,43.383,0.0,-57,1.386,1.208,1.770
2014/08/19 09:23:01,1.75,37.71059,-122.16633,15.748,38.684,0.0,-57,0.716,0.000,0.000
2014/08/19 09:23:06,1.75,37.71108,-122.16683,16.732,26.555,0.0,-57,0.686,1.208,2.970
2014/08/19 09:23:11,1.75,37.71146,-122.16658,14.436,25.359,0.0,-57,0.000,1.208,3.019
2014/08/19 09:23:16,1.75,37.71154,-122.16596,15.092,23.999,0.0,-57,0.740,0.000,3.889
2014/08/19 09:23:21,1.76,37.71128,-122.16565,25.262,17.066,0.0,-57,0.589,1.208,0.000
2014/08/19 09:23:26,1.75,37.71108,-122.16590,31.496,20.078,0.0,-89,0.784,0.583,1.175
2014/08/19 09:23:31,2.05,37.71083,-122.16642,41.339,26.199,0.0,-89,0.958,2.042,0.000
2014/08/19 09:23:36,1.75,37.71056,-122.16707,45.276,29.861,0.0,-89,0.962,0.000,3.081
2014/08/19 09:23:41,1.76,37.71026,-122.16774,39.370,31.381,0.0,-89,0.365,1.167,3.622
2014/08/19 09:23:46,2.05,37.70995,-122.16839,32.808,29.263,0.0,-89,0.471,1.208,2.590
2014/08/19 09:23:51,1.76,37.70966,-122.16900,28.215,24.168,0.0,-89,0.377,0.000,0.000
2014/08/19 09:23:56,1.76,37.70949,-122.16938,29.856,15.384,0.0,-89,0.489,1.208,4.497
2014/08/19 09:24:01,1.76,37.70935,-122.16970,32.152,12.194,0.0,-89,0.466,0.000,1.718
2014/08/19 09:24:06,2.05,37.70929,-122.16983,34.121,0.092,0.0,-89,0.101,1.417,4.450
2014/08/19 09:24:11,1.76,37.70929,-122.16983,38.058,0.145,0.0,-89,0.466,0.000,1.908
2014/08/19 09:24:16,1.76,37.70928,-122.16982,41.995,0.095,0.0,-89,1.386,1.208,1.901
2014/08/19 09:24:21,1.76,37.70928,-122.16983,44.619,0.033,0.0,-89,1.185,1.208,2.638
2014/08/19 09:24:26,1.76,37.70927,-122.16982,46.916,0.042,0.0,-91,0.958,1.167,0.000
2014/08/19 09:24:31,1.76,37.70926,-122.16985,46.916,3.306,0.0,-91,0.517,0.625,7.470
2014/08/19 09:24:36,1.77,37.70921,-122.16998,41.667,8.402,0.0,-91,0.739,0.000,3.170
2014/08/19 09:24:41,2.46,37.70908,-122.17029,40.026,16.511,0.0,-91,0.975,1.208,0.000
2014/08/19 09:24:46,2.46,37.70891,-122.17070,39.698,19.358,0.0,-91,0.800,1.167,2.710
2014/08/19 09:24:51,1.77,37.70871,-122.17116,39.042,22.977,0.0,-91,1.086,1.250,3.758
2014/08/19 09:24:56,1.77,37.70846,-122.17169,38.386,25.278,0.0,-91,1.034,0.000,3.314
2014/08/19 09:25:01,1.77,37.70823,-122.17219,37.402,20.620,0.0,-93,1.199,1.208,3.219
2014/08/19 09:25:06,1.77,37.70801,-122.17269,34.449,23.718,0.0,-93,1.276,1.208,1.310
2014/08/19 09:25:11,2.06,37.70776,-122.17326,33.793,25.989,0.0,-93,0.694,0.000,2.818
2014/08/19 09:25:16,1.87,37.70750,-122.17386,40.682,27.965,0.0,-93,0.773,1.208,0.000
2014/08/19 09:25:21,1.77,37.70722,-122.17452,40.026,29.431,0.0,-93,0.632,0.000,2.962
2014/08/19 09:25:26,1.77,37.70693,-122.17524,36.089,31.530,0.0,-93,0.342,1.167,0.000
2014/08/19 09:25:31,1.78,37.70663,-122.17596,34.777,32.153,0.0,-83,0.279,0.000,8.537
2014/08/19 09:25:36,1.78,37.70632,-122.17670,32.480,31.686,0.0,-83,0.151,0.625,0.000
2014/08/19 09:25:41,1.83,37.70605,-122.17734,31.824,26.083,0.0,-83,0.696,0.708,5.397
2014/08/19 09:25:46,1.78,37.70581,-122.17792,28.215,25.670,0.0,-83,1.560,1.208,2.730
2014/08/19 09:25:51,2.48,37.70558,-122.17849,28.543,24.860,0.0,-83,1.222,0.000,1.700
2014/08/19 09:25:56,1.78,37.70535,-122.17904,24.606,23.749,0.0,-83,0.686,1.167,3.150
2014/08/19 09:26:01,1.78,37.70517,-122.17952,22.638,20.179,0.0,-95,0.509,0.625,0.000
2014/08/19 09:26:06,1.78,37.70500,-122.17996,21.654,16.787,0.0,-95,0.475,0.583,8.230
2014/08/19 09:26:11,1.78,37.70507,-122.18026,21.982,15.777,0.0,-95,0.580,0.583,0.000
2014/08/19 09:26:16,1.78,37.70544,-122.18049,22.638,22.948,0.0,-95,1.006,0.000,5.679
2014/08/19 09:26:21,1.78,37.70585,-122.18077,21.982,23.704,0.0,-95,0.722,1.208,1.738
2014/08/19 09:26:26,1.79,37.70628,-122.18106,22.310,24.828,0.0,-95,0.602,0.583,0.000
2014/08/19 09:26:31,1.84,37.70671,-122.18136,22.966,24.927,0.0,-97,0.772,0.000,6.022
2014/08/19 09:26:36,1.79,37.70716,-122.18166,24.606,24.913,0.0,-97,0.751,1.208,3.489
2014/08/19 09:26:41,1.79,37.70759,-122.18193,25.919,23.193,0.0,-97,0.941,1.208,3.158
2014/08/19 09:26:46,1.79,37.70797,-122.18217,25.591,17.532,0.0,-97,1.135,0.000,0.000
2014/08/19 09:26:51,1.79,37.70809,-122.18225,25.919,0.134,0.0,-97,0.546,0.583,0.000
2014/08/19 09:26:56,1.79,37.70822,-122.18233,25.262,13.391,0.0,-97,0.187,0.000,0.000
2014/08/19 09:27:01,1.79,37.70857,-122.18256,23.622,23.779,0.0,-97,0.549,0.625,4.913
2014/08/19 09:27:06,1.79,37.70904,-122.18286,21.654,28.237,0.0,-97,0.474,0.000,0.000
2014/08/19 09:27:11,1.79,37.70958,-122.18320,20.341,30.730,0.0,-97,0.475,0.583,5.758
2014/08/19 09:27:16,1.79,37.71014,-122.18358,20.669,32.114,0.0,-97,0.000,0.000,0.000
2014/08/19 09:27:21,1.82,37.71069,-122.18392,20.013,26.573,0.0,-97,0.186,0.583,8.250
2014/08/19 09:27:26,1.8,37.71097,-122.18413,21.982,6.554,0.0,-97,0.404,0.625,0.000
2014/08/19 09:27:31,1.8,37.71100,-122.18416,26.247,3.697,0.0,-97,0.995,0.000,4.262
2014/08/19 09:27:36,1.8,37.71096,-122.18439,26.903,13.495,0.0,-91,0.901,1.167,3.578
2014/08/19 09:27:41,1.8,37.71080,-122.18473,27.231,17.685,0.0,-91,0.859,0.625,0.000
2014/08/19 09:27:46,2.52,37.71060,-122.18521,30.184,23.448,0.0,-91,0.893,0.000,3.950
2014/08/19 09:27:51,1.8,37.71037,-122.18577,29.528,25.354,0.0,-91,0.805,1.167,5.910
2014/08/19 09:27:56,2.52,37.71014,-122.18636,27.559,26.564,0.0,-91,0.875,0.000,0.000
2014/08/19 09:28:01,1.8,37.70991,-122.18693,24.278,22.750,0.0,-91,1.082,0.625,3.570
2014/08/19 09:28:06,1.8,37.70973,-122.18739,22.966,17.896,0.0,-103,1.226,0.000,2.369
2014/08/19 09:28:11,1.82,37.70962,-122.18771,18.701,11.832,0.0,-103,1.118,1.542,4.138
2014/08/19 09:28:16,1.82,37.70951,-122.18800,17.717,15.147,0.0,-103,0.580,1.208,0.000
2014/08/19 09:28:21,1.82,37.70934,-122.18839,18.045,18.092,0.0,-103,0.981,0.000,3.609
2014/08/19 09:28:26,1.82,37.70918,-122.18879,20.669,17.381,0.0,-103,1.205,1.167,6.070
2014/08/19 09:28:31,1.83,37.70900,-122.18914,19.685,15.180,0.0,-103,1.529,0.000,0.000
2014/08/19 09:28:36,1.83,37.70872,-122.18918,11.155,15.898,0.0,-95,1.183,1.208,2.930
2014/08/19 09:28:41,1.87,37.70839,-122.18899,8.858,20.242,0.0,-95,0.652,0.583,0.000
2014/08/19 09:28:46,1.87,37.70801,-122.18876,8.530,21.002,0.0,-95,0.367,0.000,8.053
2014/08/19 09:28:51,1.81,37.70762,-122.18851,9.843,22.296,0.0,-95,0.305,0.625,0.000
2014/08/19 09:28:56,1.81,37.70721,-122.18825,10.827,23.378,0.0,-95,0.200,0.000,8.426
2014/08/19 09:29:01,1.86,37.70681,-122.18800,11.811,21.755,0.0,-95,0.528,0.583,0.000
2014/08/19 09:29:06,1.81,37.70643,-122.18777,12.795,19.468,0.0,-95,0.300,0.583,5.902
2014/08/19 09:29:11,2.08,37.70618,-122.18761,10.827,6.026,0.0,-103,0.431,0.000,0.000
2014/08/19 09:29:16,2.14,37.70612,-122.18754,12.795,6.310,0.0,-103,0.356,0.625,7.058
2014/08/19 09:29:21,1.82,37.70617,-122.18727,14.436,15.836,0.0,-103,0.489,0.583,4.770
2014/08/19 09:29:26,2.55,37.70637,-122.18681,13.123,24.421,0.0,-103,0.285,0.583,0.000
2014/08/19 09:29:31,2.55,37.70661,-122.18621,14.108,28.346,0.0,-103,0.000,0.000,0.000
2014/08/19 09:29:36,1.82,37.70688,-122.18557,13.780,29.099,0.0,-103,0.000,0.000,0.000
2014/08/19 09:29:41,1.82,37.70715,-122.18490,14.436,30.040,0.0,-111,0.000,0.000,0.000
2014/08/19 09:29:46,2.96,37.70743,-122.18423,13.780,30.303,0.0,-111,0.000,0.000,0.000
2014/08/19 09:29:51,2.08,37.70770,-122.18358,11.811,27.527,0.0,-111,0.000,0.000,0.000
2014/08/19 09:29:56,2.55,37.70792,-122.18306,13.780,18.745,0.0,-111,0.000,0.000,6.200
2014/08/19 09:30:01,2.55,37.70802,-122.18279,13.123,3.635,0.0,-111,0.000,0.000,1.590
2014/08/19 09:30:06,1.82,37.70807,-122.18268,12.139,8.422,0.0,-111,0.000,0.000,0.233
2014/08/19 09:30:11,2.01,37.70819,-122.18240,12.795,16.638,0.0,-97,0.010,0.042,0.582
2014/08/19 09:30:16,2.08,37.70830,-122.18218,14.108,5.974,0.0,-97,0.910,0.417,0.989
2014/08/19 09:30:21,1.83,37.70839,-122.18223,12.467,4.125,0.0,-97,1.474,0.542,1.461
2014/08/19 09:30:26,2.56,37.70843,-122.18236,12.467,6.857,0.0,-97,0.526,0.292,3.811
2014/08/19 09:30:31,2.56,37.70849,-122.18246,12.139,0.795,0.0,-97,0.417,0.500,0.000
2014/08/19 09:30:36,1.83,37.70850,-122.18245,15.092,0.036,0.0,-97,1.000,0.000,1.423
2014/08/19 09:30:41,1.83,37.70850,-122.18244,17.388,0.040,0.0,-93,1.583,0.583,1.450
2014/08/19 09:30:46,1.83,37.70850,-122.18244,16.732,0.023,0.0,-93,1.667,0.667,2.106
2014/08/19 09:30:51,1.83,37.70849,-122.18243,15.748,0.022,0.0,-93,1.458,0.500,1.661
2014/08/19 09:30:56,1.83,37.70849,-122.18243,14.436,0.026,0.0,-93,0.747,0.375,1.508
2014/08/19 09:31:01,1.83,37.70849,-122.18243,15.420,0.037,0.0,-93,0.583,0.292,0.305
2014/08/19 09:31:06,1.83,37.70849,-122.18243,17.388,0.040,0.0,-93,0.555,0.000,1.673
2014/08/19 09:31:11,1.83,37.70849,-122.18243,19.685,0.027,0.0,-93,0.410,0.292,2.526
2014/08/19 09:31:16,1.83,37.70849,-122.18242,20.997,0.014,0.0,-101,0.766,0.000,1.514
2014/08/19 09:31:21,1.84,37.70849,-122.18242,22.310,0.023,0.0,-101,0.731,0.417,1.901
2014/08/19 09:31:26,1.84,37.70849,-122.18242,22.638,0.045,0.0,-101,0.637,0.125,0.501
2014/08/19 09:31:31,1.84,37.70850,-122.18242,22.966,0.035,0.0,-101,1.571,0.375,0.773
2014/08/19 09:31:36,1.84,37.70850,-122.18242,23.294,0.040,0.0,-101,0.948,0.000,0.795
2014/08/19 09:31:41,1.84,37.70850,-122.18242,21.982,0.006,0.0,-101,1.369,0.292,1.258
2014/08/19 09:31:46,1.84,37.70850,-122.18242,21.654,0.034,0.0,-99,0.791,0.125,0.390
2014/08/19 09:31:51,1.84,37.70850,-122.18242,21.654,0.014,0.0,-99,1.423,0.000,0.398
2014/08/19 09:31:56,1.84,37.70849,-122.18242,21.325,0.025,0.0,-99,1.048,0.250,0.650
2014/08/19 09:32:01,1.84,37.70850,-122.18242,21.982,0.007,0.0,-99,1.135,0.125,0.578
2014/08/19 09:32:06,1.84,37.70850,-122.18242,21.654,0.004,0.0,-99,1.244,0.250,0.782
2014/08/19 09:32:11,1.84,37.70850,-122.18242,22.966,0.012,0.0,-99,0.775,0.000,2.334
2014/08/19 09:32:16,1.84,37.70850,-122.18242,23.950,0.033,0.0,-99,0.683,0.250,1.915
2014/08/19 09:32:21,1.84,37.70850,-122.18242,26.247,0.008,0.0,-99,0.442,0.000,1.822
2014/08/19 09:32:26,1.85,37.70850,-122.18242,27.231,0.020,0.0,-99,0.683,0.333,1.158
2014/08/19 09:32:31,1.85,37.70850,-122.18242,27.231,0.006,0.0,-99,0.500,0.250,5.923
2014/08/19 09:32:36,1.85,37.70850,-122.18242,26.903,0.017,0.0,-99,0.346,0.292,0.000
2014/08/19 09:32:41,1.85,37.70850,-122.18242,27.231,0.039,0.0,-99,0.241,0.000,6.089
2014/08/19 09:32:46,1.85,37.70850,-122.18242,28.871,0.023,0.0,-97,0.326,0.250,0.000
2014/08/19 09:32:51,1.85,37.70850,-122.18242,28.215,0.009,0.0,-97,0.355,0.000,6.758
2014/08/19 09:32:56,1.85,37.70850,-122.18242,26.903,0.016,0.0,-97,0.312,0.250,0.000
2014/08/19 09:33:03,1.85,37.70850,-122.18243,25.262,0.033,0.0,-97,0.265,0.250,4.856
2014/08/19 09:33:08,1.85,37.70850,-122.18243,24.278,0.029,0.0,-97,0.171,0.125,0.000
2014/08/19 09:33:13,1.85,37.70850,-122.18243,22.966,0.020,0.0,-97,0.419,0.000,7.390
2014/08/19 09:33:18,1.85,37.70850,-122.18243,22.638,0.014,0.0,-97,0.766,0.375,3.030
2014/08/19 09:33:23,1.85,37.70850,-122.18243,20.669,0.042,0.0,-99,0.567,0.250,0.000
2014/08/19 09:33:28,1.85,37.70850,-122.18243,19.029,0.010,0.0,-99,0.277,0.000,6.170
2014/08/19 09:33:33,1.85,37.70850,-122.18243,18.373,0.016,0.0,-99,0.607,0.250,3.197
2014/08/19 09:33:38,1.86,37.70850,-122.18243,18.045,0.030,0.0,-99,0.311,0.375,4.069
2014/08/19 09:33:43,1.86,37.70850,-122.18243,17.717,0.037,0.0,-99,0.342,0.125,0.000
2014/08/19 09:33:48,1.86,37.70850,-122.18243,17.717,0.021,0.0,-99,0.775,0.375,2.666
2014/08/19 09:33:53,1.86,37.70850,-122.18243,17.717,0.040,0.0,-97,0.660,0.250,2.110
2014/08/19 09:33:58,1.86,37.70850,-122.18243,17.060,0.027,0.0,-97,0.933,0.000,1.002
2014/08/19 09:34:03,1.86,37.70850,-122.18243,17.717,0.011,0.0,-97,0.917,0.375,1.342
2014/08/19 09:34:08,1.86,37.70850,-122.18243,17.717,0.019,0.0,-97,0.256,0.250,0.000
2014/08/19 09:34:13,1.86,37.70850,-122.18243,18.373,0.029,0.0,-97,0.557,0.125,0.776
2014/08/19 09:34:18,1.86,37.70851,-122.18243,19.029,0.029,0.0,-97,0.930,0.000,1.023
2014/08/19 09:34:23,1.86,37.70851,-122.18243,18.701,0.024,0.0,-97,0.804,0.250,0.338
2014/08/19 09:34:28,1.86,37.70851,-122.18243,18.045,0.021,0.0,-97,0.413,0.250,4.281
2014/08/19 09:34:33,1.86,37.70851,-122.18243,16.076,0.014,0.0,-97,0.192,0.000,0.000
2014/08/19 09:34:38,1.86,37.70851,-122.18243,16.076,0.017,0.0,-97,0.314,0.250,3.623
2014/08/19 09:34:43,1.86,37.70851,-122.18243,17.717,0.042,0.0,-97,0.860,0.000,2.582
2014/08/19 09:34:48,1.86,37.70851,-122.18243,18.701,0.021,0.0,-97,0.926,0.375,2.162
2014/08/19 09:34:53,1.87,37.70851,-122.18243,19.685,0.036,0.0,-99,0.250,0.250,4.590
2014/08/19 09:34:58,1.87,37.70851,-122.18242,20.341,0.045,0.0,-99,0.596,0.000,2.107
2014/08/19 09:35:03,1.87,37.70850,-122.18242,22.310,0.023,0.0,-99,0.404,0.375,0.000
2014/08/19 09:35:08,1.87,37.70850,-122.18242,25.919,0.028,0.0,-99,0.000,0.250,4.090
2014/08/19 09:35:13,1.87,37.70850,-122.18242,28.215,0.037,0.0,-99,0.824,0.417,2.744
2014/08/19 09:35:18,1.87,37.70850,-122.18242,28.871,0.027,0.0,-99,0.871,0.375,2.714
2014/08/19 09:35:23,1.87,37.70850,-122.18242,28.543,0.015,0.0,-99,1.025,0.000,2.624
2014/08/19 09:35:28,1.87,37.70849,-122.18242,28.543,0.027,0.0,-99,0.712,0.458,1.182
2014/08/19 09:35:33,1.87,37.70849,-122.18243,26.903,0.012,0.0,-99,0.698,0.292,1.771
2014/08/19 09:35:38,1.87,37.70850,-122.18243,25.919,0.007,0.0,-99,0.561,0.125,2.860
2014/08/19 09:35:43,1.87,37.70850,-122.18243,25.262,0.032,0.0,-99,0.459,0.875,1.226
2014/08/19 09:35:48,1.87,37.70850,-122.18243,24.606,0.007,0.0,-99,1.432,1.083,0.931
2014/08/19 09:35:53,1.87,37.70849,-122.18244,22.638,0.040,0.0,-99,1.987,0.750,0.342
2014/08/19 09:35:58,1.87,37.70849,-122.18244,22.310,0.050,0.0,-91,1.673,0.000,0.377
2014/08/19 09:36:03,1.87,37.70849,-122.18244,23.294,0.055,0.0,-91,1.599,0.500,0.252
2014/08/19 09:36:08,1.87,37.70848,-122.18242,23.950,2.038,0.0,-91,1.237,0.000,0.558
2014/08/19 09:36:13,1.88,37.70846,-122.18237,23.294,3.252,0.0,-91,0.967,1.042,1.510
2014/08/19 09:36:18,1.88,37.70846,-122.18236,17.060,0.315,0.0,-91,0.968,0.542,0.470
2014/08/19 09:36:23,1.88,37.70851,-122.18241,15.748,4.701,0.0,-91,1.590,0.000,0.360
2014/08/19 09:36:28,1.88,37.70860,-122.18246,16.732,5.311,0.0,-95,1.074,0.667,0.286
2014/08/19 09:36:33,1.88,37.70864,-122.18255,15.748,1.813,0.0,-95,0.535,0.125,0.446
2014/08/19 09:36:38,1.88,37.70875,-122.18269,14.436,12.886,0.0,-95,1.496,0.250,0.897
2014/08/19 09:36:43,1.88,37.70906,-122.18287,14.436,20.209,0.0,-95,0.747,0.000,1.479
2014/08/19 09:36:48,1.88,37.70946,-122.18314,14.108,24.802,0.0,-95,1.112,0.250,0.963
2014/08/19 09:36:53,1.88,37.70994,-122.18345,14.436,27.550,0.0,-95,0.366,0.375,0.000
2014/08/19 09:36:58,1.88,37.71044,-122.18379,14.436,29.745,0.0,-91,0.894,0.375,1.048
2014/08/19 09:37:03,1.88,37.71098,-122.18413,14.764,29.476,0.0,-91,0.710,0.875,1.089
2014/08/19 09:37:08,1.88,37.71152,-122.18447,13.780,30.495,0.0,-91,1.440,1.250,0.948
2014/08/19 09:37:13,1.88,37.71204,-122.18478,15.420,26.028,0.0,-91,1.984,0.958,0.190
2014/08/19 09:37:18,1.9,37.71253,-122.18501,14.108,27.171,0.0,-91,2.561,0.792,0.449
2014/08/19 09:37:23,1.88,37.71307,-122.18526,13.780,29.367,0.0,-91,2.715,0.375,0.263
2014/08/19 09:37:28,1.88,37.71353,-122.18548,12.795,19.118,0.0,-91,2.621,0.000,0.185
2014/08/19 09:37:33,1.88,37.71384,-122.18566,12.467,18.804,0.0,-83,2.885,0.375,0.310
2014/08/19 09:37:38,2.64,37.71425,-122.18586,12.139,22.070,0.0,-83,2.471,0.583,0.361
2014/08/19 09:37:43,2.64,37.71466,-122.18604,10.171,21.513,0.0,-83,2.606,0.000,0.173
2014/08/19 09:37:48,1.89,37.71509,-122.18624,10.171,23.666,0.0,-83,2.413,0.583,0.365
2014/08/19 09:37:53,1.89,37.71552,-122.18645,8.858,21.312,0.0,-83,2.106,0.542,0.347
2014/08/19 09:37:58,1.89,37.71588,-122.18663,7.874,16.994,0.0,-83,2.753,0.000,0.270
2014/08/19 09:38:03,1.89,37.71603,-122.18670,8.858,0.084,0.0,-85,2.096,0.417,0.557
2014/08/19 09:38:08,1.89,37.71603,-122.18670,10.499,0.032,0.0,-85,2.006,0.000,0.201
2014/08/19 09:38:13,1.89,37.71603,-122.18670,11.811,0.027,0.0,-85,1.805,0.375,0.274
2014/08/19 09:38:18,1.89,37.71603,-122.18670,13.123,0.016,0.0,-85,2.147,0.000,0.638
2014/08/19 09:38:23,1.89,37.71603,-122.18669,15.092,0.006,0.0,-85,1.670,0.375,0.542
2014/08/19 09:38:28,1.89,37.71603,-122.18669,15.748,0.010,0.0,-85,2.148,0.000,0.573
2014/08/19 09:38:33,1.89,37.71603,-122.18669,16.076,0.038,0.0,-91,1.475,0.583,0.314
2014/08/19 09:38:38,1.89,37.71605,-122.18670,16.076,4.331,0.0,-91,1.346,0.208,0.237
2014/08/19 09:38:43,1.89,37.71624,-122.18687,15.420,17.417,0.0,-91,2.048,0.375,0.409
2014/08/19 09:38:48,1.89,37.71656,-122.18726,17.717,24.971,0.0,-91,2.016,0.000,0.184
2014/08/19 09:38:53,1.89,37.71695,-122.18774,20.997,27.000,0.0,-91,2.263,0.375,1.361
2014/08/19 09:38:58,1.89,37.71726,-122.18815,25.919,17.827,0.0,-91,1.407,0.208,1.150
2014/08/19 09:39:03,2.65,37.71732,-122.18838,25.591,8.393,0.0,-97,1.010,0.000,0.617
2014/08/19 09:39:08,1.89,37.71714,-122.18818,22.310,19.420,0.0,-97,0.295,0.375,3.642
2014/08/19 09:39:13,1.89,37.71680,-122.18775,22.310,26.441,0.0,-97,0.542,0.583,1.038
2014/08/19 09:39:18,2.07,37.71652,-122.18742,23.622,9.106,0.0,-97,1.163,1.042,0.306
2014/08/19 09:39:23,1.89,37.71648,-122.18738,25.919,0.011,0.0,-97,2.035,0.000,0.394
2014/08/19 09:39:28,1.89,37.71648,-122.18737,28.215,0.813,0.0,-97,2.693,1.167,0.256
2014/08/19 09:39:33,1.89,37.71647,-122.18737,29.856,0.025,0.0,-97,2.398,0.583,0.354
2014/08/19 09:39:38,1.9,37.71647,-122.18738,29.528,0.011,0.0,-91,2.394,0.583,0.229
2014/08/19 09:39:43,1.9,37.71647,-122.18738,30.184,0.006,0.0,-91,2.343,0.375,0.197
2014/08/19 09:39:48,1.9,37.71646,-122.18737,31.168,1.088,0.0,-91,2.407,0.583,0.282
2014/08/19 09:39:53,1.9,37.71635,-122.18723,33.136,14.557,0.0,-91,2.221,0.000,0.501
2014/08/19 09:39:58,2.11,37.71607,-122.18688,33.465,22.602,0.0,-91,1.805,0.625,0.421
2014/08/19 09:40:03,1.91,37.71562,-122.18661,28.215,26.831,0.0,-91,1.997,0.375,0.190
2014/08/19 09:40:08,1.96,37.71513,-122.18635,21.982,27.811,0.0,-87,2.010,0.583,0.650
2014/08/19 09:40:13,1.9,37.71457,-122.18607,16.732,31.544,0.0,-87,2.083,1.042,0.310
2014/08/19 09:40:18,1.9,37.71396,-122.18580,12.467,32.207,0.0,-87,2.417,0.583,0.207
2014/08/19 09:40:23,1.9,37.71334,-122.18551,11.483,33.840,0.0,-87,2.785,0.000,0.370
2014/08/19 09:40:28,1.9,37.71272,-122.18522,12.139,31.030,0.0,-87,2.289,0.542,0.330
2014/08/19 09:40:33,1.9,37.71215,-122.18496,13.780,29.507,0.0,-87,2.240,0.000,0.261
2014/08/19 09:40:38,1.9,37.71160,-122.18463,13.123,30.959,0.0,-81,2.267,0.583,0.354
2014/08/19 09:40:43,1.9,37.71106,-122.18429,13.780,29.864,0.0,-81,2.131,0.375,0.250
2014/08/19 09:40:48,1.91,37.71050,-122.18394,15.092,31.885,0.0,-81,2.087,0.417,0.378
2014/08/19 09:40:53,2.65,37.70995,-122.18359,14.436,30.000,0.0,-81,1.805,0.750,0.703
2014/08/19 09:40:58,1.9,37.70943,-122.18327,14.108,27.072,0.0,-81,2.221,0.375,0.262
2014/08/19 09:41:03,1.9,37.70896,-122.18298,13.451,24.759,0.0,-81,1.926,0.000,0.234
2014/08/19 09:41:08,1.9,37.70856,-122.18269,15.748,21.345,0.0,-95,2.128,0.417,0.189
2014/08/19 09:41:13,1.9,37.70826,-122.18240,18.373,17.012,0.0,-95,2.789,0.375,0.191
2014/08/19 09:41:18,1.9,37.70837,-122.18200,18.045,20.162,0.0,-95,2.721,0.583,0.370
2014/08/19 09:41:23,2.06,37.70859,-122.18148,18.701,26.548,0.0,-95,2.273,0.375,0.322
2014/08/19 09:41:28,1.9,37.70885,-122.18084,23.294,29.047,0.0,-95,0.971,0.000,0.000
2014/08/19 09:41:33,1.9,37.70913,-122.18019,27.887,29.188,0.0,-95,0.391,0.000,3.970
2014/08/19 09:41:38,1.9,37.70938,-122.17959,22.638,25.855,0.0,-95,1.022,0.375,0.791
2014/08/19 09:41:43,1.9,37.70961,-122.17902,13.451,25.945,0.0,-91,1.990,0.417,0.230
2014/08/19 09:41:48,1.9,37.70984,-122.17846,10.499,23.852,0.0,-91,1.657,0.375,0.451
