Date-Time,DOP,Latitude,Longitude,Altitude (ft),Speed (mph),Heading (deg),mod1 SS (dBm),mod1 Down (Mbs),mod1 Up (Mbs),mod1 Ping (Sec)
2014/08/20 15:12:03,3.69,37.79728,-122.26653,26.575,2.171,0.0,-69,0.946,1.333,0.778
2014/08/20 15:12:08,3.06,37.79728,-122.26653,21.982,0.009,0.0,-69,0.279,1.000,1.092
2014/08/20 15:12:13,3.06,37.79728,-122.26653,17.388,0.017,0.0,-69,0.819,1.833,0.475
2014/08/20 15:12:18,3.07,37.79729,-122.26660,14.764,6.352,0.0,-69,1.656,1.250,0.721
2014/08/20 15:12:23,2.05,37.79719,-122.26678,17.060,12.184,0.0,-69,0.759,1.208,0.000
2014/08/20 15:12:28,2.05,37.79697,-122.26689,27.231,11.268,0.0,-69,0.927,0.000,0.000
2014/08/20 15:12:33,1.97,37.79688,-122.26694,31.496,0.525,0.0,-67,0.926,1.708,0.000
2014/08/20 15:12:38,1.97,37.79688,-122.26694,24.934,0.047,0.0,-67,1.187,2.042,1.235
2014/08/20 15:12:43,1.96,37.79688,-122.26695,19.029,0.010,0.0,-67,0.842,2.875,2.602
2014/08/20 15:12:48,1.96,37.79688,-122.26695,19.029,0.027,0.0,-67,0.484,2.000,1.835
2014/08/20 15:12:53,1.96,37.79689,-122.26695,19.029,0.006,0.0,-67,1.284,1.958,1.860
2014/08/20 15:12:58,1.96,37.79688,-122.26695,21.325,0.027,0.0,-67,2.110,0.000,1.689
2014/08/20 15:13:03,1.96,37.79687,-122.26696,24.606,3.351,0.0,-73,1.644,1.958,1.009
2014/08/20 15:13:08,1.96,37.79672,-122.26706,26.903,9.574,0.0,-73,1.234,1.958,1.214
2014/08/20 15:13:13,2.23,37.79650,-122.26721,28.215,14.224,0.0,-73,0.808,1.958,0.895
2014/08/20 15:13:18,2.84,37.79632,-122.26733,27.559,4.161,0.0,-73,0.461,2.083,0.680
2014/08/20 15:13:23,1.96,37.79630,-122.26734,33.465,0.548,0.0,-73,1.032,1.958,0.849
2014/08/20 15:13:28,1.96,37.79625,-122.26737,36.417,7.566,0.0,-73,1.625,2.000,0.409
2014/08/20 15:13:33,2.23,37.79616,-122.26743,38.714,3.224,0.0,-73,1.558,0.000,0.524
2014/08/20 15:13:38,2.44,37.79610,-122.26752,33.465,6.861,0.0,-73,0.000,1.958,0.000
2014/08/20 15:13:43,1.62,37.79610,-122.26767,36.089,5.300,0.0,-73,0.000,0.000,0.000
2014/08/20 15:13:48,2.7,37.79614,-122.26779,33.136,4.346,0.0,-73,0.000,0.000,0.000
2014/08/20 15:13:53,2.7,37.79615,-122.26786,21.325,0.319,0.0,-73,0.000,0.000,0.000
2014/08/20 15:13:58,1.59,37.79615,-122.26787,18.045,0.215,0.0,-73,0.000,0.000,0.000
2014/08/20 15:14:03,1.93,37.79615,-122.26787,19.029,0.042,0.0,-73,0.000,0.000,0.206
2014/08/20 15:14:08,2.7,37.79614,-122.26786,17.388,0.035,0.0,-79,0.019,0.000,0.401
2014/08/20 15:14:13,1.92,37.79614,-122.26787,13.780,0.016,0.0,-79,2.003,0.000,0.177
2014/08/20 15:14:18,2.31,37.79614,-122.26787,11.483,0.026,0.0,-79,1.570,0.083,0.273
2014/08/20 15:14:23,2.71,37.79614,-122.26787,12.795,0.023,0.0,-79,1.600,1.083,0.781
2014/08/20 15:14:28,2.54,37.79616,-122.26790,12.139,4.896,0.0,-79,1.417,0.958,0.351
2014/08/20 15:14:33,2.31,37.79623,-122.26813,8.858,13.375,0.0,-79,1.487,1.667,0.674
2014/08/20 15:14:38,2.31,37.79629,-122.26837,11.811,3.037,0.0,-73,0.651,1.167,1.565
2014/08/20 15:14:43,2.31,37.79630,-122.26836,16.404,0.054,0.0,-73,0.404,0.375,3.194
2014/08/20 15:14:48,2.32,37.79630,-122.26835,17.717,0.023,0.0,-73,0.393,0.000,0.000
2014/08/20 15:14:53,2.32,37.79630,-122.26835,16.404,0.034,0.0,-73,0.257,0.625,2.176
2014/08/20 15:14:58,2.32,37.79630,-122.26835,17.717,0.026,0.0,-73,0.196,0.125,0.000
2014/08/20 15:15:03,2.32,37.79630,-122.26835,20.013,0.013,0.0,-73,0.466,0.708,0.797
2014/08/20 15:15:08,1.9,37.79630,-122.26835,23.294,0.040,0.0,-81,0.754,1.458,0.641
2014/08/20 15:15:13,1.43,37.79631,-122.26834,26.247,0.049,0.0,-81,0.712,1.583,1.409
2014/08/20 15:15:18,1.43,37.79631,-122.26834,28.215,0.526,0.0,-81,0.584,0.000,1.667
2014/08/20 15:15:23,1.95,37.79633,-122.26845,30.512,8.794,0.0,-81,0.690,2.625,4.770
2014/08/20 15:15:28,3.51,37.79642,-122.26873,44.619,15.597,0.0,-81,0.663,1.708,0.533
2014/08/20 15:15:33,1.9,37.79657,-122.26925,30.512,21.936,0.0,-81,1.394,0.000,0.649
2014/08/20 15:15:38,1.91,37.79674,-122.26982,29.199,24.839,0.0,-81,0.578,1.750,0.212
2014/08/20 15:15:43,1.43,37.79692,-122.27038,34.777,17.773,0.0,-83,0.241,1.708,0.978
2014/08/20 15:15:48,1.64,37.79700,-122.27061,36.089,11.317,0.0,-83,0.941,0.000,0.945
2014/08/20 15:15:53,1.43,37.79713,-122.27095,41.339,19.365,0.0,-83,0.549,0.583,2.114
2014/08/20 15:15:58,1.91,37.79731,-122.27144,41.667,20.281,0.0,-83,0.473,0.583,0.303
2014/08/20 15:16:03,1.43,37.79750,-122.27196,46.916,26.612,0.0,-83,0.619,1.750,0.854
2014/08/20 15:16:08,1.43,37.79773,-122.27255,48.556,26.808,0.0,-83,0.180,0.583,0.000
2014/08/20 15:16:13,1.99,37.79799,-122.27327,50.525,33.773,0.0,-67,0.301,0.000,6.862
2014/08/20 15:16:18,1.42,37.79831,-122.27409,50.197,38.155,0.0,-67,0.665,0.583,3.281
2014/08/20 15:16:23,2.08,37.79865,-122.27504,47.572,43.081,0.0,-67,1.475,1.125,1.997
2014/08/20 15:16:28,1.63,37.79905,-122.27608,45.276,48.229,0.0,-67,1.519,0.000,0.276
2014/08/20 15:16:33,1.63,37.79949,-122.27723,42.651,51.095,0.0,-67,0.847,1.750,0.501
2014/08/20 15:16:38,2.08,37.79997,-122.27843,39.370,55.104,0.0,-67,0.701,1.167,0.520
2014/08/20 15:16:43,1.47,37.80048,-122.27972,36.745,58.114,0.0,-51,0.139,0.000,0.000
2014/08/20 15:16:48,1.44,37.80102,-122.28109,37.730,61.836,0.0,-51,0.000,0.000,0.000
2014/08/20 15:16:53,1.65,37.80159,-122.28249,46.588,62.009,0.0,-51,0.147,0.000,0.000
2014/08/20 15:16:58,1.65,37.80217,-122.28388,57.087,62.095,0.0,-51,0.462,0.000,5.191
2014/08/20 15:17:03,1.65,37.80263,-122.28533,64.961,61.698,0.0,-51,0.575,0.000,0.000
2014/08/20 15:17:08,1.63,37.80294,-122.28682,73.491,60.901,0.0,-51,0.594,0.000,0.214
2014/08/20 15:17:13,1.44,37.80306,-122.28832,80.052,58.464,0.0,-59,1.559,0.083,0.201
2014/08/20 15:17:18,1.44,37.80300,-122.28980,80.052,58.381,0.0,-59,0.960,1.083,0.497
2014/08/20 15:17:23,1.42,37.80282,-122.29124,73.819,57.755,0.0,-59,0.698,1.500,0.907
2014/08/20 15:17:28,2.22,37.80259,-122.29272,60.039,61.038,0.0,-59,0.697,0.625,1.409
2014/08/20 15:17:33,1.92,37.80234,-122.29425,46.260,61.978,0.0,-59,0.285,0.000,1.757
2014/08/20 15:17:38,1.42,37.80215,-122.29581,31.168,62.254,0.0,-59,0.349,0.750,0.747
2014/08/20 15:17:43,1.42,37.80217,-122.29742,19.357,65.232,0.0,-59,0.000,0.375,1.249
2014/08/20 15:17:48,1.42,37.80248,-122.29905,18.373,67.494,0.0,-79,0.000,0.000,0.000
2014/08/20 15:17:53,1.42,37.80305,-122.30061,17.717,68.033,0.0,-79,0.000,0.000,0.000
2014/08/20 15:17:58,1.42,37.80388,-122.30199,20.013,68.358,0.0,-79,0.000,0.000,0.000
2014/08/20 15:18:03,1.42,37.80494,-122.30313,21.654,69.290,0.0,-79,0.000,0.000,0.000
2014/08/20 15:18:08,1.46,37.80615,-122.30396,23.622,68.441,0.0,-79,0.000,0.000,0.000
2014/08/20 15:18:13,1.98,37.80744,-122.30444,26.575,65.154,0.0,-79,0.000,0.000,0.246
2014/08/20 15:18:18,1.46,37.80874,-122.30457,27.231,64.678,0.0,-57,0.048,0.083,0.206
2014/08/20 15:18:23,1.41,37.81003,-122.30439,25.919,65.189,0.0,-57,2.506,1.583,0.249
2014/08/20 15:18:28,1.41,37.81128,-122.30386,24.278,65.600,0.0,-57,2.779,1.458,0.178
2014/08/20 15:18:33,1.41,37.81245,-122.30303,22.966,66.772,0.0,-57,2.147,0.000,0.208
2014/08/20 15:18:38,1.41,37.81346,-122.30189,22.966,67.998,0.0,-57,1.860,0.958,0.803
2014/08/20 15:18:43,1.62,37.81436,-122.30058,28.871,68.421,0.0,-57,2.156,0.667,0.649
2014/08/20 15:18:48,1.62,37.81525,-122.29926,41.995,68.402,0.0,-69,0.401,0.500,2.123
2014/08/20 15:18:53,1.62,37.81615,-122.29793,58.071,68.294,0.0,-69,0.000,0.000,0.000
2014/08/20 15:18:58,1.41,37.81711,-122.29678,78.412,64.547,0.0,-69,0.000,0.125,0.758
2014/08/20 15:19:03,1.41,37.81827,-122.29616,88.583,62.782,0.0,-69,0.000,0.875,1.196
2014/08/20 15:19:08,1.46,37.81949,-122.29613,85.302,60.568,0.0,-69,0.003,0.625,0.482
2014/08/20 15:19:13,1.41,37.82064,-122.29665,76.115,61.128,0.0,-69,0.000,0.000,2.114
2014/08/20 15:19:18,1.41,37.82156,-122.29768,67.585,62.253,0.0,-75,0.000,0.000,0.363
2014/08/20 15:19:23,1.41,37.82221,-122.29904,53.150,63.456,0.0,-75,0.000,1.250,0.302
2014/08/20 15:19:28,1.41,37.82283,-122.30044,41.667,63.061,0.0,-75,0.006,1.417,0.458
2014/08/20 15:19:33,1.41,37.82347,-122.30186,37.402,65.184,0.0,-75,2.205,1.833,0.281
2014/08/20 15:19:38,1.41,37.82412,-122.30331,37.730,65.833,0.0,-75,2.295,1.458,0.239
2014/08/20 15:19:43,1.41,37.82476,-122.30473,38.058,64.214,0.0,-75,3.160,0.875,0.250
2014/08/20 15:19:48,1.41,37.82532,-122.30605,35.761,54.068,0.0,-75,2.087,0.750,0.204
2014/08/20 15:19:53,1.41,37.82562,-122.30735,26.903,55.231,0.0,-71,1.070,1.000,0.849
2014/08/20 15:19:58,1.42,37.82559,-122.30871,13.780,51.801,0.0,-71,0.000,0.542,0.688
2014/08/20 15:20:03,1.93,37.82538,-122.30998,0.328,49.306,0.0,-71,1.943,0.667,0.177
2014/08/20 15:20:08,1.57,37.82524,-122.31113,-3.281,42.017,0.0,-71,2.404,0.875,0.170
2014/08/20 15:20:13,1.4,37.82523,-122.31221,-3.937,44.625,0.0,-71,3.054,1.000,0.177
2014/08/20 15:20:18,1.4,37.82521,-122.31335,-3.609,45.715,0.0,-71,3.283,0.875,0.323
2014/08/20 15:20:23,1.42,37.82506,-122.31445,-1.969,42.364,0.0,-51,2.375,0.000,0.652
2014/08/20 15:20:28,1.42,37.82478,-122.31550,-1.312,44.072,0.0,-51,1.648,0.500,0.217
2014/08/20 15:20:33,1.42,37.82449,-122.31658,-3.281,46.320,0.0,-51,3.314,0.875,0.205
2014/08/20 15:20:38,1.42,37.82424,-122.31773,-3.609,49.902,0.0,-51,3.689,1.250,0.210
2014/08/20 15:20:43,1.4,37.82386,-122.31895,-2.625,52.433,0.0,-51,3.410,1.375,0.225
2014/08/20 15:20:48,1.45,37.82337,-122.32015,-0.984,54.579,0.0,-51,3.321,1.167,0.344
2014/08/20 15:20:53,1.45,37.82293,-122.32140,2.297,54.658,0.0,-59,2.167,0.750,0.193
2014/08/20 15:20:58,1.45,37.82267,-122.32276,1.640,54.459,0.0,-59,2.362,0.958,0.226
2014/08/20 15:21:03,1.45,37.82251,-122.32416,1.640,57.351,0.0,-59,2.644,1.667,0.549
2014/08/20 15:21:08,1.45,37.82239,-122.32561,3.609,57.899,0.0,-59,1.769,0.625,1.180
2014/08/20 15:21:13,1.45,37.82228,-122.32710,7.218,60.276,0.0,-59,0.854,0.750,0.530
2014/08/20 15:21:18,1.45,37.82216,-122.32862,14.436,60.877,0.0,-59,1.681,0.000,0.418
2014/08/20 15:21:23,1.45,37.82202,-122.33021,22.638,62.993,0.0,-59,1.933,1.333,0.422
2014/08/20 15:21:28,1.45,37.82183,-122.33178,30.840,63.213,0.0,-59,2.160,1.125,0.476
2014/08/20 15:21:33,1.45,37.82162,-122.33338,40.026,64.827,0.0,-59,2.301,1.250,0.422
2014/08/20 15:21:38,1.45,37.82136,-122.33501,48.885,65.929,0.0,-59,2.289,1.167,0.234
2014/08/20 15:21:43,1.45,37.82113,-122.33659,57.743,59.311,0.0,-59,2.510,1.083,0.681
2014/08/20 15:21:48,1.45,37.82088,-122.33811,65.945,64.365,0.0,-59,2.067,0.792,0.177
2014/08/20 15:21:53,2.53,37.82064,-122.33972,75.131,65.286,0.0,-59,1.347,0.708,0.236
2014/08/20 15:21:58,2.54,37.82040,-122.34136,84.318,65.084,0.0,-73,1.487,0.375,0.453
2014/08/20 15:22:03,2.54,37.82017,-122.34294,92.520,61.220,0.0,-73,1.538,0.000,0.254
2014/08/20 15:22:08,2.54,37.81994,-122.34447,100.066,62.323,0.0,-73,0.215,0.000,5.273
2014/08/20 15:22:13,2.54,37.81972,-122.34598,106.955,57.399,0.0,-73,0.206,0.250,0.554
2014/08/20 15:22:18,1.44,37.81952,-122.34735,113.517,53.480,0.0,-73,0.422,0.500,0.842
2014/08/20 15:22:23,1.44,37.81933,-122.34863,119.423,52.589,0.0,-73,0.465,0.000,3.562
2014/08/20 15:22:28,2.54,37.81913,-122.34998,125.328,55.212,0.0,-79,0.158,0.458,0.473
2014/08/20 15:22:33,2.54,37.81886,-122.35139,131.234,57.785,0.0,-79,0.111,0.000,2.974
2014/08/20 15:22:38,2.54,37.81846,-122.35276,137.139,57.680,0.0,-79,0.000,0.375,1.865
2014/08/20 15:22:43,2.55,37.81792,-122.35408,143.045,59.095,0.0,-79,0.000,0.125,3.527
2014/08/20 15:22:48,1.44,37.81728,-122.35531,148.622,56.907,0.0,-79,0.000,0.417,1.570
2014/08/20 15:22:53,1.44,37.81662,-122.35647,155.512,54.761,0.0,-79,0.000,0.625,1.283
2014/08/20 15:22:58,2.55,37.81598,-122.35758,159.777,54.286,0.0,-75,0.000,0.000,1.150
2014/08/20 15:23:03,2.55,37.81521,-122.35892,166.339,54.277,0.0,-75,0.000,0.708,2.302
2014/08/20 15:23:08,2.55,37.81456,-122.36006,173.228,55.214,0.0,-75,0.000,0.750,0.958
2014/08/20 15:23:13,2.55,37.81387,-122.36115,175.197,55.579,0.0,-75,0.000,0.958,0.970
2014/08/20 15:23:18,2.55,37.81308,-122.36211,177.493,53.912,0.0,-75,0.000,0.583,0.000
2014/08/20 15:23:23,2.55,37.81221,-122.36293,178.478,53.704,0.0,-75,0.000,0.875,0.000
2014/08/20 15:23:28,2.55,37.81131,-122.36375,171.588,55.228,0.0,-71,0.000,0.833,1.033
2014/08/20 15:23:33,2.56,37.81047,-122.36463,162.073,55.131,0.0,-71,0.000,0.000,2.038
2014/08/20 15:23:38,10.79,37.80963,-122.36541,156.168,49.790,0.0,-71,0.000,0.750,1.121
2014/08/20 15:23:43,4.43,37.80871,-122.36633,154.856,56.111,0.0,-71,0.000,0.583,1.630
2014/08/20 15:23:48,1.52,37.80790,-122.36735,158.136,56.360,0.0,-71,0.000,0.250,3.274
2014/08/20 15:23:53,1.52,37.80702,-122.36831,167.651,58.597,0.0,-71,0.000,1.125,0.689
2014/08/20 15:23:58,1.34,37.80613,-122.36926,177.822,58.550,0.0,-71,0.006,1.583,0.458
2014/08/20 15:24:03,1.33,37.80523,-122.37023,190.617,56.981,0.0,-57,2.006,1.667,0.509
2014/08/20 15:24:08,1.52,37.80436,-122.37117,202.100,55.845,0.0,-57,2.871,1.625,0.545
2014/08/20 15:24:13,1.52,37.80353,-122.37206,210.958,53.753,0.0,-57,2.033,0.833,0.177
2014/08/20 15:24:18,1.52,37.80272,-122.37293,217.848,52.326,0.0,-57,0.749,0.000,0.300
2014/08/20 15:24:23,1.52,37.80190,-122.37380,224.409,53.672,0.0,-57,1.594,0.292,0.539
2014/08/20 15:24:28,2.56,37.80107,-122.37469,229.003,54.097,0.0,-57,1.736,0.375,0.649
2014/08/20 15:24:33,1.33,37.80026,-122.37557,232.283,53.438,0.0,-71,1.690,1.333,0.286
2014/08/20 15:24:38,1.52,37.79943,-122.37645,233.268,53.847,0.0,-71,1.580,1.250,0.909
2014/08/20 15:24:43,1.52,37.79860,-122.37735,233.268,54.341,0.0,-71,0.689,0.625,1.049
2014/08/20 15:24:48,1.33,37.79778,-122.37822,233.596,53.347,0.0,-71,0.183,0.292,2.829
2014/08/20 15:24:53,1.33,37.79696,-122.37910,231.955,53.728,0.0,-71,0.423,0.125,2.348
2014/08/20 15:24:58,1.33,37.79612,-122.38000,231.955,55.416,0.0,-71,0.426,0.000,2.406
2014/08/20 15:25:03,1.52,37.79529,-122.38090,229.659,53.069,0.0,-75,0.212,0.375,2.986
2014/08/20 15:25:08,1.52,37.79447,-122.38178,225.394,52.428,0.0,-75,0.740,0.375,0.677
2014/08/20 15:25:13,1.52,37.79370,-122.38260,220.144,48.813,0.0,-75,1.381,0.000,0.726
2014/08/20 15:25:18,1.27,37.79293,-122.38343,213.911,51.472,0.0,-75,1.776,0.625,0.417
2014/08/20 15:25:23,1.43,37.79213,-122.38429,205.709,53.146,0.0,-75,1.810,0.375,0.457
2014/08/20 15:25:28,1.43,37.79129,-122.38519,193.570,56.031,0.0,-75,1.814,0.375,0.458
2014/08/20 15:25:33,1.43,37.79041,-122.38613,180.774,57.384,0.0,-71,0.000,0.000,1.262
2014/08/20 15:25:38,1.43,37.78954,-122.38706,168.307,57.002,0.0,-71,0.612,0.250,0.930
2014/08/20 15:25:43,1.95,37.78865,-122.38801,154.856,58.704,0.0,-71,0.465,0.000,0.000
2014/08/20 15:25:48,1.43,37.78777,-122.38896,141.404,56.544,0.0,-71,0.000,0.125,0.338
2014/08/20 15:25:53,1.37,37.78690,-122.38990,127.953,56.378,0.0,-71,0.000,1.125,0.430
2014/08/20 15:25:58,1.95,37.78610,-122.39078,115.814,49.693,0.0,-71,0.000,1.833,1.881
2014/08/20 15:26:03,1.52,37.78550,-122.39173,104.987,47.908,0.0,-71,0.000,1.417,1.630
2014/08/20 15:26:08,1.35,37.78496,-122.39278,95.472,50.774,0.0,-71,0.000,1.625,1.621
2014/08/20 15:26:13,1.27,37.78435,-122.39378,84.646,49.397,0.0,-71,0.000,0.000,4.246
2014/08/20 15:26:18,1.27,37.78365,-122.39466,73.163,50.236,0.0,-71,0.000,1.000,1.686
2014/08/20 15:26:23,1.27,37.78289,-122.39559,60.039,53.916,0.0,-71,0.000,1.625,1.822
2014/08/20 15:26:28,1.27,37.78213,-122.39655,44.948,51.427,0.0,-71,0.000,2.000,1.977
2014/08/20 15:26:33,1.27,37.78143,-122.39743,31.168,46.891,0.0,-71,0.000,2.208,0.000
2014/08/20 15:26:38,1.27,37.78075,-122.39826,17.060,48.993,0.0,-57,0.000,0.000,8.730
2014/08/20 15:26:43,1.27,37.78002,-122.39914,4.593,50.229,0.0,-57,0.000,0.792,1.830
2014/08/20 15:26:48,1.27,37.77933,-122.39999,-8.530,44.267,0.0,-57,0.000,2.083,2.209
2014/08/20 15:26:53,2.46,37.77900,-122.40071,-15.092,26.418,0.0,-57,0.006,0.000,0.000
2014/08/20 15:26:58,1.43,37.77898,-122.40128,-20.669,17.328,0.0,-57,1.115,2.083,0.526
2014/08/20 15:27:03,1.95,37.77897,-122.40146,-21.325,0.046,0.0,-57,0.984,0.000,0.552
2014/08/20 15:27:08,1.43,37.77897,-122.40146,-19.029,0.144,0.0,-69,1.050,1.375,0.881
2014/08/20 15:27:13,1.43,37.77897,-122.40145,-16.076,0.022,0.0,-69,0.972,0.667,2.458
2014/08/20 15:27:18,1.27,37.77897,-122.40144,-14.108,0.026,0.0,-69,1.448,0.000,0.562
2014/08/20 15:27:23,1.27,37.77897,-122.40144,-17.717,0.026,0.0,-69,1.064,1.375,0.877
2014/08/20 15:27:28,1.34,37.77896,-122.40144,-16.404,0.061,0.0,-69,1.272,1.375,1.822
2014/08/20 15:27:33,1.27,37.77895,-122.40144,-14.108,0.037,0.0,-69,1.984,0.000,0.916
2014/08/20 15:27:38,1.27,37.77895,-122.40145,-7.874,0.021,0.0,-73,1.456,1.417,1.558
2014/08/20 15:27:43,1.43,37.77895,-122.40145,-2.625,0.062,0.0,-73,0.567,0.000,1.695
2014/08/20 15:27:48,1.27,37.77894,-122.40145,0.000,0.027,0.0,-73,0.333,1.417,1.438
2014/08/20 15:27:53,1.27,37.77894,-122.40145,2.625,0.040,0.0,-73,0.410,0.000,1.661
2014/08/20 15:27:58,1.27,37.77894,-122.40145,4.265,0.037,0.0,-73,0.456,0.000,1.957
2014/08/20 15:28:03,1.27,37.77894,-122.40145,3.281,0.098,0.0,-73,0.256,0.000,2.270
2014/08/20 15:28:08,1.27,37.77894,-122.40145,0.328,0.065,0.0,-73,1.288,0.000,0.947
2014/08/20 15:28:13,1.27,37.77894,-122.40145,-0.656,0.016,0.0,-65,2.671,0.000,0.269
2014/08/20 15:28:18,1.43,37.77894,-122.40145,0.000,0.012,0.0,-65,0.003,0.042,0.217
2014/08/20 15:28:23,1.43,37.77894,-122.40145,1.640,0.046,0.0,-65,1.173,0.375,0.821
2014/08/20 15:28:28,1.43,37.77894,-122.40146,3.609,1.017,0.0,-65,0.745,0.208,0.868
2014/08/20 15:28:33,1.51,37.77893,-122.40158,3.937,7.330,0.0,-65,0.784,0.000,0.646
2014/08/20 15:28:38,2.13,37.77879,-122.40166,4.921,11.657,0.0,-65,0.617,1.458,1.755
2014/08/20 15:28:43,1.95,37.77870,-122.40158,5.906,0.264,0.0,-69,0.298,0.417,2.259
2014/08/20 15:28:48,1.49,37.77868,-122.40152,12.139,5.400,0.0,-69,0.102,0.000,4.017
2014/08/20 15:28:53,1.7,37.77861,-122.40144,24.606,3.619,0.0,-69,0.269,0.125,1.302
2014/08/20 15:28:58,1.44,37.77854,-122.40128,36.745,4.260,0.0,-69,0.343,0.250,1.378
2014/08/20 15:29:03,1.44,37.77849,-122.40117,27.559,1.768,0.0,-69,0.757,0.542,0.257
2014/08/20 15:29:08,1.44,37.77843,-122.40109,22.638,8.897,0.0,-69,1.525,0.000,0.245
2014/08/20 15:29:13,2.59,37.77831,-122.40095,40.026,8.131,0.0,-73,0.003,0.375,1.802
2014/08/20 15:29:18,1.48,37.77813,-122.40069,48.885,12.981,0.0,-73,0.600,0.000,3.352
2014/08/20 15:29:23,1.48,37.77788,-122.40039,37.730,16.096,0.0,-73,0.000,0.000,3.427
2014/08/20 15:29:28,2.43,37.77760,-122.40008,32.152,18.837,0.0,-73,0.000,0.125,0.178
2014/08/20 15:29:33,2.43,37.77736,-122.39980,30.840,8.351,0.0,-73,0.003,0.833,0.470
2014/08/20 15:29:38,2.59,37.77733,-122.39978,31.168,0.014,0.0,-73,0.967,1.708,0.000
2014/08/20 15:29:43,2.59,37.77732,-122.39978,27.559,0.035,0.0,-59,0.674,0.708,4.410
2014/08/20 15:29:48,2.13,37.77732,-122.39978,27.559,0.138,0.0,-59,0.970,0.000,3.204
2014/08/20 15:29:53,2.59,37.77731,-122.39978,26.903,0.128,0.0,-59,0.568,1.625,3.785
2014/08/20 15:29:58,2.59,37.77731,-122.39977,24.278,0.192,0.0,-59,0.716,1.792,0.000
2014/08/20 15:30:03,2.59,37.77730,-122.39977,24.606,0.796,0.0,-59,0.569,0.000,0.000
2014/08/20 15:30:08,2.59,37.77722,-122.39967,23.622,7.668,0.0,-59,1.433,0.667,8.082
2014/08/20 15:30:13,2.13,37.77715,-122.39957,26.247,1.099,0.0,-59,0.874,1.375,2.653
2014/08/20 15:30:18,1.48,37.77716,-122.39956,24.606,0.047,0.0,-57,0.000,2.042,1.854
2014/08/20 15:30:23,1.54,37.77714,-122.39953,22.966,1.345,0.0,-57,0.941,2.042,1.737
2014/08/20 15:30:28,1.48,37.77714,-122.39952,20.997,1.072,0.0,-57,0.494,2.042,2.377
2014/08/20 15:30:33,1.48,37.77709,-122.39945,20.013,6.126,0.0,-57,0.948,0.000,1.490
2014/08/20 15:30:38,1.73,37.77701,-122.39935,20.013,1.766,0.0,-57,0.874,2.042,2.350
2014/08/20 15:30:43,2.4,37.77700,-122.39935,20.013,0.030,0.0,-57,1.720,2.000,2.741
2014/08/20 15:30:48,2.4,37.77700,-122.39935,19.029,0.281,0.0,-61,2.048,2.208,2.617
2014/08/20 15:30:53,2.4,37.77697,-122.39934,17.060,2.569,0.0,-61,1.097,2.250,2.550
2014/08/20 15:30:58,2.4,37.77689,-122.39923,16.076,3.955,0.0,-61,1.002,0.000,2.049
2014/08/20 15:31:03,1.49,37.77688,-122.39922,15.420,0.023,0.0,-61,0.905,2.208,2.169
2014/08/20 15:31:08,2.13,37.77685,-122.39917,19.357,6.164,0.0,-61,1.358,2.250,2.130
2014/08/20 15:31:13,2.41,37.77674,-122.39902,17.717,7.278,0.0,-61,1.212,2.250,2.001
2014/08/20 15:31:18,1.95,37.77663,-122.39894,18.701,7.150,0.0,-51,1.426,0.000,2.137
2014/08/20 15:31:23,1.95,37.77643,-122.39911,13.451,15.317,0.0,-51,1.766,2.208,2.957
2014/08/20 15:31:28,1.95,37.77612,-122.39945,3.281,24.003,0.0,-51,0.872,2.250,2.190
2014/08/20 15:31:33,1.95,37.77574,-122.39990,-5.249,26.077,0.0,-51,1.042,2.208,0.000
2014/08/20 15:31:38,2.58,37.77536,-122.40036,-11.155,24.794,0.0,-51,0.857,1.500,2.969
2014/08/20 15:31:43,2.69,37.77507,-122.40068,-12.795,10.917,0.0,-51,0.737,1.500,3.634
2014/08/20 15:31:48,2.58,37.77502,-122.40072,-18.373,0.037,0.0,-73,0.606,0.000,2.397
2014/08/20 15:31:53,1.66,37.77500,-122.40071,-20.669,0.114,0.0,-73,0.954,2.250,2.638
2014/08/20 15:31:58,2.58,37.77498,-122.40072,-23.622,2.676,0.0,-73,1.318,2.250,3.529
2014/08/20 15:32:03,2.5,37.77485,-122.40088,-23.950,12.475,0.0,-73,1.086,0.000,0.000
2014/08/20 15:32:08,2.19,37.77458,-122.40084,-23.950,19.257,0.0,-73,1.535,1.625,2.488
2014/08/20 15:32:13,1.69,37.77417,-122.40052,-13.451,28.195,0.0,-73,0.807,2.750,2.222
2014/08/20 15:32:18,1.71,37.77368,-122.40000,4.593,34.742,0.0,-73,0.898,1.792,1.790
2014/08/20 15:32:23,1.45,37.77315,-122.39934,21.654,39.156,0.0,-67,0.723,1.958,2.569
2014/08/20 15:32:28,1.45,37.77252,-122.39863,29.856,44.769,0.0,-67,1.005,0.000,3.413
2014/08/20 15:32:33,1.49,37.77168,-122.39820,34.121,45.633,0.0,-67,0.519,0.000,0.000
2014/08/20 15:32:38,1.49,37.77076,-122.39812,41.667,47.049,0.0,-67,0.551,1.792,1.613
2014/08/20 15:32:43,1.49,37.76980,-122.39799,45.276,49.872,0.0,-67,0.514,1.875,0.564
2014/08/20 15:32:48,1.45,37.76886,-122.39755,46.588,50.437,0.0,-67,1.108,1.833,0.555
2014/08/20 15:32:53,1.46,37.76804,-122.39678,45.276,51.848,0.0,-51,1.558,1.792,0.974
2014/08/20 15:32:58,1.49,37.76727,-122.39581,42.979,56.475,0.0,-51,1.450,0.000,1.858
2014/08/20 15:33:03,1.49,37.76647,-122.39479,43.635,56.439,0.0,-51,0.816,1.833,0.000
2014/08/20 15:33:08,1.49,37.76558,-122.39389,53.150,57.524,0.0,-51,0.422,1.792,1.129
2014/08/20 15:33:13,1.52,37.76457,-122.39327,62.664,55.029,0.0,-51,1.160,0.000,0.642
2014/08/20 15:33:18,2.13,37.76350,-122.39296,59.383,54.834,0.0,-51,0.675,1.833,0.429
2014/08/20 15:33:23,2.57,37.76237,-122.39282,50.853,60.135,0.0,-57,0.824,1.792,0.742
2014/08/20 15:33:28,2.7,37.76117,-122.39268,25.591,60.020,0.0,-57,0.629,1.833,1.269
2014/08/20 15:33:33,3.24,37.76003,-122.39261,16.732,55.652,0.0,-57,0.981,1.792,2.608
2014/08/20 15:33:38,2.7,37.75898,-122.39254,51.181,55.134,0.0,-57,1.275,1.833,0.000
2014/08/20 15:33:43,2.13,37.75785,-122.39256,55.446,57.467,0.0,-57,1.212,1.792,4.089
2014/08/20 15:33:48,2.13,37.75671,-122.39257,64.304,56.498,0.0,-57,1.087,1.792,1.846
2014/08/20 15:33:53,1.5,37.75562,-122.39247,79.068,53.918,0.0,-71,0.631,0.000,1.834
2014/08/20 15:33:58,2.13,37.75461,-122.39227,79.724,47.041,0.0,-71,0.000,1.792,0.000
2014/08/20 15:34:03,2.13,37.75376,-122.39214,72.507,35.963,0.0,-71,0.187,0.958,6.955
2014/08/20 15:34:08,2.15,37.75328,-122.39229,62.008,17.265,0.0,-71,0.416,0.000,1.788
2014/08/20 15:34:13,2.13,37.75316,-122.39255,54.134,4.935,0.0,-71,0.723,1.792,2.890
2014/08/20 15:34:18,2.71,37.75314,-122.39261,52.493,5.092,0.0,-71,0.517,0.875,5.082
2014/08/20 15:34:23,2.71,37.75306,-122.39274,52.822,8.971,0.0,-71,1.247,0.000,0.000
2014/08/20 15:34:28,2.12,37.75285,-122.39274,53.150,10.418,0.0,-83,1.092,0.000,5.108
2014/08/20 15:34:33,2.43,37.75272,-122.39273,52.493,4.809,0.0,-83,0.411,0.000,3.809
2014/08/20 15:34:38,3.61,37.75267,-122.39273,53.478,1.824,0.0,-83,1.708,0.000,0.216
2014/08/20 15:34:43,2.43,37.75256,-122.39259,52.493,13.044,0.0,-83,2.340,0.042,0.329
2014/08/20 15:34:48,1.75,37.75258,-122.39215,43.307,21.076,0.0,-83,0.904,0.333,2.097
2014/08/20 15:34:53,1.5,37.75262,-122.39158,36.089,22.522,0.0,-83,0.465,0.750,1.590
2014/08/20 15:34:58,1.56,37.75263,-122.39113,30.512,14.086,0.0,-77,0.839,0.667,1.181
2014/08/20 15:35:03,1.56,37.75263,-122.39096,37.073,4.841,0.0,-77,0.971,0.958,1.010
2014/08/20 15:35:08,1.5,37.75269,-122.39083,35.433,8.935,0.0,-77,1.580,0.000,0.658
2014/08/20 15:35:13,2.09,37.75300,-122.39079,39.042,17.480,0.0,-77,1.487,1.292,1.360
2014/08/20 15:35:18,2.09,37.75338,-122.39081,38.714,19.382,0.0,-77,0.974,0.708,0.890
2014/08/20 15:35:23,2.09,37.75371,-122.39093,50.197,15.079,0.0,-77,0.398,0.625,1.358
2014/08/20 15:35:28,1.62,37.75407,-122.39093,68.570,17.069,0.0,-85,0.512,0.875,0.715
2014/08/20 15:35:33,1.53,37.75444,-122.39095,79.396,18.123,0.0,-85,0.544,0.958,0.877
2014/08/20 15:35:38,2.09,37.75481,-122.39097,80.052,16.142,0.0,-85,0.751,1.208,0.606
2014/08/20 15:35:43,1.5,37.75508,-122.39098,84.318,5.874,0.0,-85,0.904,1.292,1.022
2014/08/20 15:35:48,1.5,37.75520,-122.39098,84.318,10.761,0.0,-85,0.763,1.375,0.429
2014/08/20 15:35:53,2.1,37.75551,-122.39100,86.614,16.774,0.0,-85,1.610,1.750,0.497
2014/08/20 15:35:58,2.1,37.75587,-122.39105,84.974,17.929,0.0,-85,0.962,1.208,1.337
2014/08/20 15:36:03,1.53,37.75622,-122.39108,82.021,17.484,0.0,-85,0.504,0.792,0.451
2014/08/20 15:36:08,2.1,37.75661,-122.39112,79.396,20.190,0.0,-85,0.935,1.625,0.524
2014/08/20 15:36:13,1.5,37.75702,-122.39116,83.005,20.575,0.0,-85,1.135,1.458,0.637
2014/08/20 15:36:18,2.28,37.75740,-122.39119,87.598,19.031,0.0,-85,0.639,1.250,0.598
2014/08/20 15:36:23,1.5,37.75766,-122.39120,96.129,7.413,0.0,-85,0.933,1.750,0.453
2014/08/20 15:36:28,1.5,37.75770,-122.39109,99.409,8.051,0.0,-85,1.067,1.750,0.478
2014/08/20 15:36:33,2.1,37.75774,-122.39068,91.864,18.124,0.0,-77,1.211,1.292,0.762
2014/08/20 15:36:38,2.1,37.75778,-122.39020,90.879,18.546,0.0,-77,0.504,1.042,0.241
2014/08/20 15:36:43,2.1,37.75782,-122.38973,90.879,17.916,0.0,-77,0.580,0.000,1.322
2014/08/20 15:36:48,2.1,37.75785,-122.38930,94.160,16.489,0.0,-77,0.000,0.833,0.706
2014/08/20 15:36:53,2.1,37.75788,-122.38894,91.535,11.313,0.0,-77,0.229,0.542,0.994
2014/08/20 15:36:58,1.54,37.75788,-122.38887,91.535,0.134,0.0,-77,0.333,0.667,0.810
2014/08/20 15:37:03,1.54,37.75788,-122.38887,89.895,0.140,0.0,-95,0.683,0.875,0.970
2014/08/20 15:37:08,1.6,37.75788,-122.38886,87.598,0.042,0.0,-95,0.752,0.708,0.848
2014/08/20 15:37:13,1.6,37.75788,-122.38886,86.286,0.048,0.0,-95,0.674,0.833,1.070
2014/08/20 15:37:18,2.15,37.75788,-122.38885,85.302,0.332,0.0,-95,1.036,1.125,0.622
2014/08/20 15:37:23,2.15,37.75788,-122.38878,86.614,5.495,0.0,-95,0.927,1.375,0.550
2014/08/20 15:37:28,1.54,37.75787,-122.38852,85.958,12.927,0.0,-95,1.073,1.375,0.641
2014/08/20 15:37:33,2.16,37.75791,-122.38807,84.318,18.638,0.0,-89,0.603,0.417,1.215
2014/08/20 15:37:38,1.54,37.75794,-122.38768,83.005,9.644,0.0,-89,0.306,0.000,0.000
2014/08/20 15:37:43,1.54,37.75796,-122.38754,83.005,5.517,0.0,-89,0.167,0.250,4.111
2014/08/20 15:37:48,1.54,37.75809,-122.38745,95.144,8.913,0.0,-89,0.000,0.000,1.760
2014/08/20 15:37:53,1.59,37.75833,-122.38745,126.640,13.324,0.0,-89,0.000,0.417,3.673
2014/08/20 15:37:58,1.88,37.75863,-122.38747,132.874,16.511,0.0,-89,0.000,0.000,0.697
2014/08/20 15:38:03,2.34,37.75899,-122.38750,138.123,17.648,0.0,-93,0.000,0.833,1.081
2014/08/20 15:38:08,3.31,37.75934,-122.38753,134.186,18.092,0.0,-93,0.000,1.000,1.490
2014/08/20 15:38:13,3.84,37.75970,-122.38756,137.795,18.960,0.0,-93,0.000,1.500,2.196
2014/08/20 15:38:18,4.86,37.76010,-122.38759,136.483,18.293,0.0,-93,0.000,2.208,2.234
2014/08/20 15:38:23,3.32,37.76037,-122.38763,141.404,4.319,0.0,-93,0.000,0.000,2.958
2014/08/20 15:38:28,1.49,37.76049,-122.38764,140.092,10.046,0.0,-93,0.000,1.250,2.450
2014/08/20 15:38:33,1.49,37.76078,-122.38765,145.997,16.503,0.0,-93,0.000,1.875,3.642
2014/08/20 15:38:38,3.24,37.76111,-122.38769,152.887,16.681,0.0,-87,0.000,1.875,2.345
2014/08/20 15:38:43,3.22,37.76147,-122.38772,155.512,18.049,0.0,-87,0.000,0.000,0.000
2014/08/20 15:38:48,1.72,37.76182,-122.38775,150.919,16.649,0.0,-87,0.000,1.917,1.936
2014/08/20 15:38:53,1.72,37.76212,-122.38778,143.701,13.867,0.0,-87,0.000,1.875,1.809
2014/08/20 15:38:58,1.59,37.76240,-122.38781,131.890,12.993,0.0,-87,0.003,0.000,0.000
2014/08/20 15:39:03,1.54,37.76260,-122.38782,137.467,9.789,0.0,-87,0.503,1.875,4.082
2014/08/20 15:39:08,1.76,37.76281,-122.38783,154.199,9.826,0.0,-75,1.590,1.333,1.657
2014/08/20 15:39:13,1.57,37.76289,-122.38783,159.121,0.454,0.0,-75,0.003,0.000,0.635
2014/08/20 15:39:18,1.46,37.76300,-122.38783,187.008,9.259,0.0,-75,1.417,0.000,0.327
2014/08/20 15:39:23,1.46,37.76324,-122.38783,204.396,12.917,0.0,-75,1.464,1.333,0.291
2014/08/20 15:39:28,1.54,37.76350,-122.38786,211.286,9.201,0.0,-75,0.603,0.625,0.440
2014/08/20 15:39:33,1.46,37.76358,-122.38788,205.381,0.190,0.0,-75,1.064,1.958,0.290
2014/08/20 15:39:38,1.57,37.76359,-122.38789,189.304,0.060,0.0,-71,1.146,0.000,0.221
2014/08/20 15:39:43,1.93,37.76361,-122.38789,186.024,1.827,0.0,-71,0.912,1.292,0.458
2014/08/20 15:39:48,1.46,37.76363,-122.38796,181.430,2.929,0.0,-71,2.275,0.000,0.762
2014/08/20 15:39:53,1.54,37.76366,-122.38794,163.058,2.034,0.0,-71,1.129,1.250,0.534
2014/08/20 15:39:58,1.78,37.76371,-122.38793,152.559,0.034,0.0,-71,0.178,0.000,1.257
2014/08/20 15:40:03,1.46,37.76367,-122.38789,144.357,4.848,0.0,-71,0.083,0.625,0.403
2014/08/20 15:40:08,1.93,37.76356,-122.38785,138.780,7.977,0.0,-63,0.158,0.000,3.125
2014/08/20 15:40:13,2.02,37.76336,-122.38782,133.202,10.639,0.0,-63,0.098,0.625,1.383
2014/08/20 15:40:18,2.09,37.76325,-122.38782,126.312,2.514,0.0,-63,0.214,0.000,2.081
2014/08/20 15:40:23,1.92,37.76325,-122.38781,116.470,0.839,0.0,-63,0.439,1.292,0.436
2014/08/20 15:40:28,1.92,37.76327,-122.38780,109.908,0.984,0.0,-63,0.423,0.000,1.130
2014/08/20 15:40:33,1.92,37.76318,-122.38783,105.315,7.052,0.0,-63,0.289,1.250,3.198
2014/08/20 15:40:38,2.0,37.76313,-122.38803,107.940,10.234,0.0,-63,0.430,0.667,0.510
2014/08/20 15:40:43,1.47,37.76310,-122.38824,118.110,5.094,0.0,-69,1.010,1.875,0.337
