Date-Time,DOP,Latitude,Longitude,Altitude (ft),Speed (mph),Heading (deg),mod1 SS (dBm),mod1 Down (Mbs),mod1 Up (Mbs),mod1 Ping (Sec)
2014/09/15 12:46:58,2.43,37.46104,-122.13699,22.638,0.019,0.0,-85,2.814,0.917,0.283
2014/09/15 12:47:05,2.43,37.46104,-122.13699,21.325,0.003,0.0,-85,2.817,0.917,0.327
2014/09/15 12:47:10,2.43,37.46104,-122.13699,18.701,0.020,0.0,-85,2.603,0.875,0.189
2014/09/15 12:47:15,2.43,37.46104,-122.13699,20.013,0.010,0.0,-85,3.724,0.500,0.210
2014/09/15 12:47:20,2.43,37.46103,-122.13699,21.982,0.021,0.0,-85,3.487,0.500,0.148
2014/09/15 12:47:25,2.43,37.46103,-122.13699,23.294,0.013,0.0,-85,3.404,0.750,0.161
2014/09/15 12:47:30,2.43,37.46104,-122.13699,22.966,0.019,0.0,-85,3.609,0.750,0.169
2014/09/15 12:47:35,2.43,37.46104,-122.13699,21.654,0.026,0.0,-85,3.571,0.833,0.141
2014/09/15 12:47:40,2.43,37.46104,-122.13700,20.669,0.022,0.0,-85,3.616,0.000,0.233
2014/09/15 12:47:45,2.43,37.46105,-122.13700,18.045,0.027,0.0,-85,3.676,0.833,0.179
2014/09/15 12:47:50,2.43,37.46105,-122.13700,16.732,0.031,0.0,-85,3.577,0.625,0.149
2014/09/15 12:47:55,2.43,37.46105,-122.13700,15.420,0.030,0.0,-85,3.477,0.708,0.200
2014/09/15 12:48:00,2.43,37.46105,-122.13702,16.732,1.776,0.0,-87,3.619,0.625,0.327
2014/09/15 12:48:05,2.43,37.46099,-122.13708,18.373,4.963,0.0,-87,2.253,0.625,0.157
2014/09/15 12:48:10,2.43,37.46087,-122.13709,17.060,6.085,0.0,-87,1.148,0.000,0.433
2014/09/15 12:48:15,2.43,37.46081,-122.13704,18.045,3.178,0.0,-87,2.131,0.333,0.157
2014/09/15 12:48:20,2.43,37.46079,-122.13695,17.388,4.585,0.0,-87,2.359,0.417,0.449
2014/09/15 12:48:25,2.43,37.46075,-122.13689,25.919,0.544,0.0,-87,1.764,0.333,0.561
2014/09/15 12:48:30,2.43,37.46070,-122.13693,23.622,5.737,0.0,-89,2.602,0.625,0.225
2014/09/15 12:48:35,2.43,37.46067,-122.13715,27.887,11.781,0.0,-89,2.830,0.583,0.242
2014/09/15 12:48:40,2.43,37.46065,-122.13741,28.543,5.269,0.0,-89,2.673,0.542,0.197
2014/09/15 12:48:45,2.43,37.46065,-122.13743,30.840,0.044,0.0,-89,1.971,0.000,0.169
2014/09/15 12:48:50,1.94,37.46064,-122.13746,32.480,2.899,0.0,-89,2.083,0.375,0.261
2014/09/15 12:48:55,1.94,37.46063,-122.13765,34.449,10.232,0.0,-89,2.366,0.542,0.173
2014/09/15 12:49:00,2.43,37.46064,-122.13792,32.152,10.443,0.0,-89,1.975,0.458,0.312
2014/09/15 12:49:05,1.94,37.46088,-122.13804,30.840,17.328,0.0,-83,2.429,0.458,0.288
2014/09/15 12:49:10,2.16,37.46131,-122.13806,32.808,23.843,0.0,-83,1.750,0.167,1.017
2014/09/15 12:49:15,1.94,37.46168,-122.13807,35.105,10.885,0.0,-83,1.151,0.250,0.400
2014/09/15 12:49:20,2.04,37.46177,-122.13810,39.042,1.225,0.0,-83,0.849,0.000,0.205
2014/09/15 12:49:25,1.93,37.46188,-122.13816,42.979,10.765,0.0,-83,2.157,0.417,0.608
2014/09/15 12:49:30,1.93,37.46209,-122.13819,43.307,12.270,0.0,-83,1.445,0.417,0.248
2014/09/15 12:49:35,1.93,37.46227,-122.13781,43.307,21.944,0.0,-87,2.632,0.667,0.196
2014/09/15 12:49:40,1.93,37.46233,-122.13717,42.323,27.775,0.0,-87,3.160,0.500,0.216
2014/09/15 12:49:45,1.93,37.46238,-122.13646,37.730,26.433,0.0,-87,2.740,0.000,0.331
2014/09/15 12:49:50,1.93,37.46242,-122.13600,29.199,8.480,0.0,-87,1.558,0.417,0.861
2014/09/15 12:49:55,2.04,37.46243,-122.13588,26.247,9.402,0.0,-87,0.728,0.208,0.956
2014/09/15 12:50:00,2.04,37.46250,-122.13546,25.262,21.134,0.0,-87,1.189,0.208,2.143
2014/09/15 12:50:05,2.42,37.46253,-122.13495,16.076,15.154,0.0,-87,0.465,0.208,1.372
2014/09/15 12:50:10,1.93,37.46255,-122.13476,13.451,9.603,0.0,-87,0.862,0.000,0.726
2014/09/15 12:50:15,2.14,37.46282,-122.13471,22.966,19.140,0.0,-87,1.302,0.208,0.241
2014/09/15 12:50:20,1.93,37.46328,-122.13473,26.575,24.516,0.0,-87,1.417,0.292,0.335
2014/09/15 12:50:25,1.93,37.46377,-122.13474,33.136,24.618,0.0,-87,1.587,0.333,0.277
2014/09/15 12:50:30,1.93,37.46427,-122.13475,42.651,24.611,0.0,-87,1.775,0.500,0.190
2014/09/15 12:50:35,1.93,37.46479,-122.13477,39.042,24.414,0.0,-83,2.628,0.500,0.185
2014/09/15 12:50:40,1.93,37.46529,-122.13478,40.682,25.518,0.0,-83,3.234,0.542,0.156
2014/09/15 12:50:45,1.93,37.46583,-122.13480,41.339,25.518,0.0,-83,3.193,0.542,0.254
2014/09/15 12:50:50,2.3,37.46635,-122.13481,39.698,24.711,0.0,-83,3.032,0.000,0.150
2014/09/15 12:50:55,1.93,37.46674,-122.13482,29.528,13.052,0.0,-83,3.302,0.625,0.169
2014/09/15 12:51:00,1.93,37.46693,-122.13482,26.903,14.364,0.0,-83,3.590,0.708,0.144
2014/09/15 12:51:05,2.3,37.46729,-122.13483,29.528,20.120,0.0,-83,3.486,0.875,0.197
2014/09/15 12:51:10,1.93,37.46774,-122.13484,28.871,23.132,0.0,-77,3.113,1.042,0.228
2014/09/15 12:51:15,1.93,37.46823,-122.13487,17.060,21.062,0.0,-77,2.987,0.750,0.213
2014/09/15 12:51:20,1.93,37.46844,-122.13487,14.436,0.133,0.0,-77,3.211,0.583,0.277
2014/09/15 12:51:25,1.93,37.46844,-122.13486,10.499,0.046,0.0,-77,3.542,1.375,0.174
2014/09/15 12:51:30,1.93,37.46849,-122.13486,10.827,7.886,0.0,-77,3.321,1.500,0.198
2014/09/15 12:51:35,1.93,37.46877,-122.13488,13.780,17.472,0.0,-77,3.250,1.250,0.204
2014/09/15 12:51:40,1.93,37.46920,-122.13490,13.780,23.301,0.0,-87,3.426,0.708,0.262
2014/09/15 12:51:45,2.3,37.46971,-122.13492,14.436,27.508,0.0,-87,2.987,0.000,0.328
2014/09/15 12:51:50,1.92,37.47028,-122.13494,16.732,26.581,0.0,-87,2.724,0.458,0.158
2014/09/15 12:51:55,1.92,37.47077,-122.13495,17.060,20.749,0.0,-87,2.709,0.625,0.152
2014/09/15 12:52:00,1.92,37.47116,-122.13496,16.076,19.947,0.0,-87,3.071,0.500,0.181
2014/09/15 12:52:05,1.92,37.47152,-122.13501,22.310,12.471,0.0,-87,3.233,0.500,0.230
2014/09/15 12:52:10,1.92,37.47158,-122.13504,23.950,4.492,0.0,-89,1.773,0.458,0.254
2014/09/15 12:52:15,1.83,37.47170,-122.13512,22.638,10.950,0.0,-89,2.670,0.833,0.632
2014/09/15 12:52:20,1.83,37.47176,-122.13548,17.717,18.073,0.0,-89,2.410,0.000,0.406
2014/09/15 12:52:25,1.83,37.47175,-122.13596,15.748,21.017,0.0,-89,1.640,0.333,0.280
2014/09/15 12:52:30,2.07,37.47175,-122.13653,17.388,23.898,0.0,-89,2.872,0.708,0.405
2014/09/15 12:52:35,2.0,37.47175,-122.13710,13.451,24.494,0.0,-89,2.990,1.083,0.431
2014/09/15 12:52:40,1.85,37.47176,-122.13774,15.092,25.496,0.0,-73,2.923,1.250,0.821
2014/09/15 12:52:45,1.83,37.47177,-122.13838,17.717,25.721,0.0,-73,2.660,0.792,0.434
2014/09/15 12:52:50,1.85,37.47178,-122.13897,18.045,19.341,0.0,-73,2.926,1.167,0.477
2014/09/15 12:52:55,1.83,37.47178,-122.13922,19.357,2.586,0.0,-73,3.067,0.958,0.318
2014/09/15 12:53:00,1.83,37.47183,-122.13933,20.669,10.209,0.0,-73,3.051,0.833,0.792
2014/09/15 12:53:05,1.83,37.47217,-122.13937,17.388,22.366,0.0,-73,2.821,0.958,0.210
2014/09/15 12:53:10,1.83,37.47270,-122.13941,13.451,29.023,0.0,-73,3.343,0.625,0.242
2014/09/15 12:53:15,1.83,37.47330,-122.13943,14.764,30.492,0.0,-59,1.731,0.375,0.241
2014/09/15 12:53:20,2.17,37.47392,-122.13946,18.701,31.670,0.0,-59,3.413,0.708,0.197
2014/09/15 12:53:25,1.83,37.47457,-122.13949,19.357,32.644,0.0,-59,3.750,1.125,0.331
2014/09/15 12:53:30,1.83,37.47523,-122.13952,19.029,33.511,0.0,-59,2.728,0.833,0.776
2014/09/15 12:53:35,1.83,37.47592,-122.13953,19.029,34.493,0.0,-59,2.917,0.000,0.703
2014/09/15 12:53:40,1.83,37.47665,-122.13955,18.373,37.359,0.0,-59,3.087,1.083,0.450
2014/09/15 12:53:45,1.83,37.47741,-122.13958,16.404,37.764,0.0,-73,2.577,1.000,0.364
2014/09/15 12:53:50,1.83,37.47816,-122.13961,17.060,37.558,0.0,-73,2.587,0.833,0.249
2014/09/15 12:53:55,1.83,37.47892,-122.13963,14.108,38.014,0.0,-73,3.147,0.750,0.193
2014/09/15 12:54:00,1.83,37.47970,-122.13965,11.155,38.785,0.0,-73,2.356,0.750,0.250
2014/09/15 12:54:05,1.82,37.48049,-122.13968,11.155,38.969,0.0,-73,1.503,0.208,1.705
2014/09/15 12:54:10,1.82,37.48124,-122.13974,13.780,34.268,0.0,-73,1.737,0.542,0.346
2014/09/15 12:54:15,2.51,37.48190,-122.13990,10.827,33.500,0.0,-81,1.341,0.375,1.594
2014/09/15 12:54:20,1.82,37.48258,-122.14019,17.388,37.792,0.0,-81,1.078,0.000,0.463
2014/09/15 12:54:25,1.82,37.48328,-122.14047,22.310,36.106,0.0,-81,1.068,0.458,0.395
2014/09/15 12:54:30,1.82,37.48393,-122.14078,20.013,31.766,0.0,-81,2.347,1.333,0.532
2014/09/15 12:54:35,1.82,37.48452,-122.14109,14.764,31.358,0.0,-81,1.585,0.875,0.554
2014/09/15 12:54:40,1.82,37.48509,-122.14138,13.123,30.503,0.0,-81,0.969,0.625,0.990
2014/09/15 12:54:45,1.82,37.48561,-122.14167,9.514,26.032,0.0,-81,0.495,0.625,1.679
2014/09/15 12:54:50,1.82,37.48598,-122.14203,11.811,21.248,0.0,-81,1.371,0.625,0.890
2014/09/15 12:54:55,1.82,37.48621,-122.14233,9.186,9.539,0.0,-81,0.807,0.750,2.574
2014/09/15 12:55:00,1.82,37.48623,-122.14234,12.467,0.058,0.0,-81,0.442,0.000,0.000
2014/09/15 12:55:05,1.82,37.48625,-122.14237,16.732,7.489,0.0,-81,0.000,0.792,3.886
2014/09/15 12:55:10,1.82,37.48636,-122.14268,17.717,16.662,0.0,-81,0.706,0.542,2.510
2014/09/15 12:55:15,1.86,37.48611,-122.14311,8.530,27.871,0.0,-81,0.507,1.292,1.222
2014/09/15 12:55:20,1.52,37.48564,-122.14365,1.969,34.919,0.0,-81,0.736,0.875,2.398
2014/09/15 12:55:25,1.52,37.48509,-122.14426,-0.656,37.781,0.0,-81,1.818,1.167,0.506
2014/09/15 12:55:30,1.52,37.48451,-122.14491,-2.297,38.697,0.0,-81,2.067,1.292,0.902
2014/09/15 12:55:35,1.82,37.48394,-122.14557,-4.921,39.168,0.0,-81,1.884,0.000,0.491
2014/09/15 12:55:40,1.54,37.48338,-122.14631,-8.530,41.087,0.0,-81,0.966,0.625,0.338
2014/09/15 12:55:45,1.52,37.48290,-122.14717,-12.139,41.565,0.0,-81,0.704,0.625,0.569
2014/09/15 12:55:50,1.52,37.48253,-122.14809,-15.092,39.189,0.0,-79,1.487,0.958,0.778
2014/09/15 12:55:55,1.52,37.48231,-122.14899,-14.764,36.870,0.0,-79,2.606,1.250,1.069
2014/09/15 12:56:00,1.52,37.48219,-122.14992,-16.404,37.207,0.0,-79,1.783,0.000,0.149
2014/09/15 12:56:05,1.67,37.48214,-122.15089,-11.811,40.482,0.0,-79,3.333,0.625,0.197
2014/09/15 12:56:10,1.52,37.48212,-122.15198,-7.874,44.098,0.0,-79,3.327,0.958,0.583
2014/09/15 12:56:15,1.54,37.48210,-122.15315,-5.249,48.398,0.0,-79,1.990,0.958,1.354
2014/09/15 12:56:20,1.52,37.48208,-122.15437,-5.577,48.098,0.0,-63,1.763,0.917,0.458
2014/09/15 12:56:25,1.52,37.48208,-122.15558,-5.906,48.367,0.0,-63,2.048,0.000,0.361
2014/09/15 12:56:30,1.52,37.48207,-122.15682,-5.249,49.931,0.0,-63,1.625,1.250,1.113
2014/09/15 12:56:35,1.52,37.48207,-122.15809,-5.249,50.368,0.0,-63,2.651,0.958,0.829
2014/09/15 12:56:40,1.52,37.48216,-122.15936,-3.609,51.285,0.0,-63,1.998,1.250,2.594
2014/09/15 12:56:45,1.52,37.48232,-122.16066,-1.969,52.066,0.0,-63,0.824,0.625,1.279
2014/09/15 12:56:50,1.52,37.48248,-122.16197,-1.312,51.974,0.0,-73,2.174,0.000,1.505
2014/09/15 12:56:55,1.52,37.48264,-122.16325,0.328,51.040,0.0,-73,2.529,1.250,1.797
2014/09/15 12:57:00,1.52,37.48280,-122.16452,2.297,50.686,0.0,-73,2.433,1.250,1.573
2014/09/15 12:57:05,1.52,37.48295,-122.16570,3.281,41.090,0.0,-73,2.013,0.958,1.403
2014/09/15 12:57:10,1.52,37.48309,-122.16643,4.265,20.204,0.0,-73,3.119,1.250,1.022
2014/09/15 12:57:15,1.52,37.48315,-122.16669,6.234,5.175,0.0,-73,2.744,0.958,1.178
2014/09/15 12:57:20,1.52,37.48319,-122.16683,7.218,12.277,0.0,-73,3.083,0.000,0.000
2014/09/15 12:57:25,1.52,37.48333,-122.16732,6.890,25.932,0.0,-51,3.307,0.917,0.000
2014/09/15 12:57:30,1.52,37.48357,-122.16801,9.186,32.946,0.0,-51,3.026,1.250,0.000
2014/09/15 12:57:35,1.52,37.48388,-122.16884,10.171,38.178,0.0,-51,2.923,1.250,1.082
2014/09/15 12:57:40,1.52,37.48421,-122.16977,9.843,41.632,0.0,-51,3.080,0.917,1.050
2014/09/15 12:57:45,1.52,37.48455,-122.17078,9.186,44.978,0.0,-51,3.753,0.000,0.162
2014/09/15 12:57:50,1.52,37.48486,-122.17183,10.499,42.118,0.0,-51,4.077,0.000,0.285
2014/09/15 12:57:55,1.52,37.48508,-122.17275,8.530,35.159,0.0,-61,2.955,0.125,0.210
2014/09/15 12:58:00,1.52,37.48522,-122.17333,10.827,14.624,0.0,-61,2.712,0.625,0.343
2014/09/15 12:58:05,1.52,37.48528,-122.17358,10.499,8.118,0.0,-61,0.000,1.167,0.337
2014/09/15 12:58:10,1.52,37.48537,-122.17396,7.874,21.561,0.0,-61,3.102,0.958,0.801
2014/09/15 12:58:15,1.52,37.48551,-122.17461,5.906,29.987,0.0,-61,2.330,0.750,0.577
2014/09/15 12:58:20,1.52,37.48568,-122.17542,4.593,35.068,0.0,-61,2.794,0.958,0.210
2014/09/15 12:58:25,1.68,37.48587,-122.17631,4.593,36.794,0.0,-83,3.106,0.750,0.361
2014/09/15 12:58:30,1.52,37.48605,-122.17713,5.577,31.522,0.0,-83,2.750,0.625,0.609
2014/09/15 12:58:35,1.52,37.48622,-122.17794,6.234,34.327,0.0,-83,2.486,0.500,0.470
2014/09/15 12:58:40,1.52,37.48637,-122.17862,8.858,22.253,0.0,-83,2.594,0.375,0.356
2014/09/15 12:58:45,1.52,37.48633,-122.17907,6.234,18.807,0.0,-83,2.829,0.000,0.402
2014/09/15 12:58:50,1.52,37.48587,-122.17934,-1.640,30.967,0.0,-83,2.340,0.833,0.176
2014/09/15 12:58:55,1.54,37.48527,-122.17967,-0.328,32.475,0.0,-81,1.667,0.417,0.438
2014/09/15 12:59:00,1.74,37.48477,-122.18020,4.593,33.403,0.0,-81,2.500,0.708,0.262
2014/09/15 12:59:05,1.52,37.48444,-122.18105,-4.593,39.428,0.0,-81,3.019,0.750,0.227
2014/09/15 12:59:10,1.52,37.48418,-122.18202,-6.890,40.808,0.0,-81,3.231,0.500,0.605
2014/09/15 12:59:15,1.64,37.48434,-122.18307,-3.281,46.170,0.0,-81,2.583,0.625,0.230
2014/09/15 12:59:20,1.68,37.48463,-122.18425,8.530,52.330,0.0,-81,3.656,0.875,0.191
2014/09/15 12:59:25,1.64,37.48493,-122.18557,13.451,56.441,0.0,-81,3.523,1.000,0.169
2014/09/15 12:59:30,1.52,37.48523,-122.18697,13.123,58.013,0.0,-51,2.621,0.208,0.151
2014/09/15 12:59:35,1.52,37.48547,-122.18842,12.139,60.020,0.0,-51,1.028,1.250,0.851
2014/09/15 12:59:40,1.52,37.48567,-122.18997,10.499,64.917,0.0,-51,2.088,0.000,0.000
2014/09/15 12:59:45,1.85,37.48588,-122.19169,8.858,71.847,0.0,-51,2.371,1.333,1.755
2014/09/15 12:59:50,1.52,37.48611,-122.19346,14.108,67.699,0.0,-51,3.071,1.125,0.598
2014/09/15 12:59:55,1.52,37.48632,-122.19518,13.780,69.844,0.0,-51,3.282,1.375,0.705
2014/09/15 13:00:00,1.79,37.48653,-122.19691,12.795,68.903,0.0,-65,1.975,0.833,1.533
2014/09/15 13:00:05,1.52,37.48674,-122.19864,11.483,69.557,0.0,-65,2.311,0.000,2.142
2014/09/15 13:00:10,1.79,37.48693,-122.20034,10.499,65.158,0.0,-65,3.186,1.833,2.538
2014/09/15 13:00:15,2.01,37.48713,-122.20194,9.186,63.149,0.0,-65,2.673,0.917,1.078
2014/09/15 13:00:20,1.52,37.48731,-122.20347,7.546,60.334,0.0,-65,2.702,0.875,0.630
2014/09/15 13:00:25,1.69,37.48750,-122.20500,5.577,61.878,0.0,-65,1.946,0.000,0.262
2014/09/15 13:00:30,1.69,37.48769,-122.20653,5.249,60.915,0.0,-81,1.817,0.958,0.937
2014/09/15 13:00:35,1.69,37.48792,-122.20806,3.937,61.567,0.0,-81,1.830,0.917,1.094
2014/09/15 13:00:40,1.52,37.48820,-122.20957,3.609,61.673,0.0,-81,0.668,0.458,1.869
2014/09/15 13:00:45,1.52,37.48855,-122.21108,7.546,61.896,0.0,-81,0.577,0.000,0.938
2014/09/15 13:00:50,1.52,37.48894,-122.21254,22.638,61.110,0.0,-81,1.428,1.417,1.026
2014/09/15 13:00:55,1.56,37.48941,-122.21405,28.871,66.071,0.0,-81,1.474,0.875,1.694
2014/09/15 13:01:00,1.52,37.48997,-122.21559,23.622,67.753,0.0,-63,0.704,0.000,1.530
2014/09/15 13:01:05,1.52,37.49060,-122.21712,6.890,68.494,0.0,-63,0.774,0.917,1.242
2014/09/15 13:01:10,1.52,37.49126,-122.21860,3.609,66.073,0.0,-63,0.655,0.917,1.407
2014/09/15 13:01:15,1.52,37.49191,-122.22006,2.953,65.967,0.0,-63,1.188,0.000,1.333
2014/09/15 13:01:20,1.52,37.49255,-122.22152,5.249,67.072,0.0,-63,2.228,0.917,1.792
2014/09/15 13:01:25,1.52,37.49321,-122.22301,5.249,67.357,0.0,-63,2.811,1.375,1.170
2014/09/15 13:01:30,1.57,37.49382,-122.22451,7.546,66.529,0.0,-63,2.464,0.875,0.419
2014/09/15 13:01:35,1.52,37.49435,-122.22602,11.155,65.737,0.0,-51,2.135,0.917,0.250
2014/09/15 13:01:40,1.52,37.49482,-122.22754,13.780,63.572,0.0,-51,3.314,0.000,0.261
2014/09/15 13:01:45,1.56,37.49524,-122.22904,9.843,62.723,0.0,-51,2.747,1.375,0.918
2014/09/15 13:01:50,1.52,37.49567,-122.23053,8.858,61.824,0.0,-51,2.837,0.917,0.499
2014/09/15 13:01:55,1.52,37.49608,-122.23199,9.186,59.549,0.0,-51,2.990,1.333,0.229
2014/09/15 13:02:00,1.54,37.49649,-122.23339,8.858,58.776,0.0,-51,2.959,0.917,0.270
2014/09/15 13:02:05,1.52,37.49688,-122.23477,10.171,57.553,0.0,-61,2.635,0.917,0.562
2014/09/15 13:02:10,1.52,37.49736,-122.23612,9.514,59.564,0.0,-61,2.837,0.000,0.363
2014/09/15 13:02:15,1.52,37.49797,-122.23745,10.499,61.588,0.0,-61,2.913,1.333,0.313
2014/09/15 13:02:20,1.52,37.49874,-122.23870,10.171,63.673,0.0,-61,1.724,0.000,0.240
2014/09/15 13:02:25,1.52,37.49966,-122.23984,11.483,64.743,0.0,-61,1.083,0.958,1.042
2014/09/15 13:02:30,1.52,37.50064,-122.24095,11.155,64.249,0.0,-61,0.956,0.000,1.114
2014/09/15 13:02:35,1.56,37.50157,-122.24201,9.514,61.848,0.0,-93,0.432,0.000,1.989
2014/09/15 13:02:40,1.56,37.50249,-122.24305,8.858,61.820,0.0,-93,0.369,0.458,0.450
2014/09/15 13:02:45,1.56,37.50342,-122.24410,7.218,62.419,0.0,-93,0.740,0.000,1.159
2014/09/15 13:02:50,1.56,37.50438,-122.24519,7.218,66.298,0.0,-93,1.116,0.917,0.360
2014/09/15 13:02:55,1.56,37.50538,-122.24632,6.562,66.746,0.0,-93,1.920,0.958,0.775
2014/09/15 13:03:00,1.56,37.50637,-122.24744,4.921,65.914,0.0,-93,2.433,0.000,0.390
2014/09/15 13:03:05,1.61,37.50735,-122.24855,4.265,65.601,0.0,-87,1.708,0.000,0.702
2014/09/15 13:03:10,1.56,37.50833,-122.24965,3.609,63.721,0.0,-87,0.410,0.000,1.618
2014/09/15 13:03:15,1.61,37.50927,-122.25072,3.281,64.378,0.0,-87,0.798,0.000,0.581
2014/09/15 13:03:20,1.61,37.51024,-122.25182,3.281,65.076,0.0,-87,0.433,0.000,0.503
2014/09/15 13:03:25,1.61,37.51121,-122.25293,2.625,64.735,0.0,-87,0.542,0.000,1.841
2014/09/15 13:03:30,1.61,37.51217,-122.25401,1.312,64.386,0.0,-87,1.087,0.000,0.689
2014/09/15 13:03:35,1.61,37.51313,-122.25512,2.953,65.219,0.0,-87,0.000,0.000,0.341
2014/09/15 13:03:40,1.61,37.51409,-122.25621,3.281,65.279,0.0,-77,2.214,0.000,0.405
2014/09/15 13:03:45,1.61,37.51504,-122.25725,0.984,61.038,0.0,-77,0.680,0.042,0.386
2014/09/15 13:03:50,1.61,37.51594,-122.25827,0.000,60.755,0.0,-77,0.465,0.625,0.310
2014/09/15 13:03:55,1.61,37.51685,-122.25930,-1.969,61.570,0.0,-77,1.022,0.000,1.042
2014/09/15 13:04:00,1.61,37.51776,-122.26033,-1.640,59.925,0.0,-77,0.772,0.708,1.406
2014/09/15 13:04:05,1.61,37.51865,-122.26134,-0.984,59.731,0.0,-77,0.833,0.417,0.675
2014/09/15 13:04:10,1.61,37.51954,-122.26237,1.969,60.392,0.0,-69,1.196,0.583,0.369
2014/09/15 13:04:15,1.61,37.52045,-122.26339,3.609,60.269,0.0,-69,1.766,0.417,0.150
2014/09/15 13:04:20,1.61,37.52136,-122.26442,5.249,61.688,0.0,-69,2.718,0.375,0.226
2014/09/15 13:04:25,1.61,37.52228,-122.26547,6.234,62.246,0.0,-69,1.939,0.208,1.999
2014/09/15 13:04:30,1.61,37.52321,-122.26652,6.890,62.614,0.0,-69,0.599,0.583,0.318
2014/09/15 13:04:35,1.61,37.52417,-122.26760,6.562,64.973,0.0,-69,1.545,1.292,0.698
2014/09/15 13:04:40,1.61,37.52515,-122.26868,6.234,64.442,0.0,-51,1.102,0.000,2.873
2014/09/15 13:04:45,1.61,37.52610,-122.26976,6.562,63.815,0.0,-51,1.285,1.333,2.470
2014/09/15 13:04:50,1.61,37.52705,-122.27083,5.577,63.511,0.0,-51,2.039,1.167,1.986
2014/09/15 13:04:55,1.61,37.52801,-122.27194,2.953,65.910,0.0,-51,0.557,1.292,0.334
2014/09/15 13:05:00,1.61,37.52898,-122.27305,0.328,64.781,0.0,-51,2.093,0.000,0.203
2014/09/15 13:05:05,1.61,37.52995,-122.27414,-1.969,64.559,0.0,-51,2.930,1.167,2.134
2014/09/15 13:05:10,1.56,37.53094,-122.27518,-3.937,64.211,0.0,-55,1.608,0.417,0.199
2014/09/15 13:05:15,1.52,37.53198,-122.27618,-0.984,65.494,0.0,-55,1.761,0.750,0.710
2014/09/15 13:05:20,1.52,37.53307,-122.27718,-1.312,67.440,0.0,-55,2.272,0.000,1.001
2014/09/15 13:05:25,1.52,37.53415,-122.27816,5.577,66.077,0.0,-55,3.187,1.167,0.306
2014/09/15 13:05:30,1.52,37.53520,-122.27913,6.234,63.500,0.0,-55,2.840,1.167,0.617
2014/09/15 13:05:35,1.52,37.53619,-122.28004,7.874,59.386,0.0,-55,0.846,0.375,1.688
2014/09/15 13:05:40,1.52,37.53715,-122.28093,9.186,59.649,0.0,-55,1.593,1.208,0.509
2014/09/15 13:05:45,1.52,37.53811,-122.28182,9.186,59.170,0.0,-77,2.010,1.167,0.397
2014/09/15 13:05:50,1.52,37.53914,-122.28277,8.858,65.023,0.0,-77,2.888,0.000,0.729
2014/09/15 13:05:55,1.52,37.54021,-122.28376,9.514,67.512,0.0,-77,2.612,1.167,0.618
2014/09/15 13:06:00,1.52,37.54133,-122.28480,9.843,70.614,0.0,-77,1.715,0.750,0.322
2014/09/15 13:06:05,1.52,37.54244,-122.28585,8.530,67.334,0.0,-77,2.330,0.792,0.190
2014/09/15 13:06:10,1.52,37.54350,-122.28683,7.546,64.763,0.0,-77,3.170,0.000,0.209
2014/09/15 13:06:15,1.8,37.54453,-122.28783,8.202,62.967,0.0,-51,2.349,0.792,0.217
2014/09/15 13:06:20,1.51,37.54554,-122.28876,9.186,61.313,0.0,-51,3.083,0.750,0.211
2014/09/15 13:06:25,1.51,37.54653,-122.28968,10.827,62.014,0.0,-51,3.340,1.167,0.330
2014/09/15 13:06:30,1.51,37.54754,-122.29062,9.186,62.243,0.0,-51,2.948,0.000,0.238
2014/09/15 13:06:35,1.51,37.54855,-122.29156,7.874,63.621,0.0,-51,2.798,1.208,0.439
2014/09/15 13:06:40,1.51,37.54959,-122.29251,9.514,63.255,0.0,-51,2.849,1.167,0.865
2014/09/15 13:06:45,1.51,37.55061,-122.29345,10.499,62.913,0.0,-77,1.875,0.000,0.782
2014/09/15 13:06:50,1.51,37.55164,-122.29440,7.874,64.067,0.0,-77,0.679,0.750,0.850
2014/09/15 13:06:55,1.98,37.55267,-122.29536,7.546,63.332,0.0,-77,1.160,0.792,0.791
2014/09/15 13:07:00,1.66,37.55368,-122.29632,13.780,63.136,0.0,-77,0.890,1.167,0.699
2014/09/15 13:07:05,1.51,37.55469,-122.29730,4.265,63.347,0.0,-77,0.716,0.792,4.310
2014/09/15 13:07:10,1.51,37.55573,-122.29827,4.921,64.706,0.0,-77,1.775,0.792,2.331
2014/09/15 13:07:15,1.51,37.55678,-122.29924,4.921,65.412,0.0,-57,2.116,0.000,1.020
2014/09/15 13:07:20,1.56,37.55782,-122.30019,5.906,62.571,0.0,-57,2.542,1.208,0.329
2014/09/15 13:07:25,1.51,37.55888,-122.30114,4.921,65.789,0.0,-57,2.727,0.750,0.558
2014/09/15 13:07:30,1.51,37.55997,-122.30217,3.609,68.770,0.0,-57,2.744,1.167,0.523
2014/09/15 13:07:35,1.56,37.56103,-122.30326,2.297,68.011,0.0,-57,3.090,1.167,1.530
2014/09/15 13:07:40,1.56,37.56205,-122.30436,-0.328,65.330,0.0,-57,2.025,0.833,0.902
2014/09/15 13:07:45,1.51,37.56303,-122.30544,-2.297,64.928,0.0,-57,1.942,0.000,0.234
2014/09/15 13:07:50,1.51,37.56402,-122.30652,-3.609,64.735,0.0,-77,1.187,0.792,0.253
2014/09/15 13:07:55,1.51,37.56501,-122.30760,-4.265,65.469,0.0,-77,1.794,0.792,0.738
2014/09/15 13:08:00,1.56,37.56601,-122.30869,-5.577,65.485,0.0,-77,2.286,1.167,0.279
2014/09/15 13:08:05,1.56,37.56699,-122.30976,-7.218,64.554,0.0,-77,2.929,0.000,0.830
2014/09/15 13:08:10,1.51,37.56798,-122.31083,-6.562,64.997,0.0,-77,2.587,1.167,1.262
2014/09/15 13:08:15,1.56,37.56897,-122.31192,-6.234,65.946,0.0,-77,1.999,1.167,1.482
2014/09/15 13:08:20,1.51,37.56997,-122.31300,-6.890,63.818,0.0,-51,1.606,0.000,0.968
2014/09/15 13:08:25,1.56,37.57093,-122.31403,-7.874,63.098,0.0,-51,1.445,1.208,1.226
2014/09/15 13:08:30,1.58,37.57188,-122.31506,-7.874,63.077,0.0,-51,1.533,0.833,0.314
2014/09/15 13:08:35,1.58,37.57284,-122.31613,-8.202,64.009,0.0,-51,2.731,0.000,0.150
2014/09/15 13:08:40,1.53,37.57382,-122.31719,-9.514,64.713,0.0,-51,2.464,0.750,0.243
2014/09/15 13:08:45,1.58,37.57480,-122.31825,-10.827,63.688,0.0,-51,1.555,0.417,1.062
2014/09/15 13:08:50,1.53,37.57577,-122.31932,-11.155,65.949,0.0,-91,1.705,0.000,0.396
2014/09/15 13:08:55,1.51,37.57680,-122.32040,-9.186,65.194,0.0,-91,2.366,0.417,0.227
2014/09/15 13:09:00,1.56,37.57777,-122.32146,-9.186,65.575,0.0,-91,1.320,0.375,1.442
2014/09/15 13:09:05,1.56,37.57879,-122.32257,-8.530,67.884,0.0,-91,0.629,0.000,0.522
2014/09/15 13:09:10,1.51,37.57981,-122.32369,-8.530,66.533,0.0,-91,1.135,0.792,1.222
2014/09/15 13:09:15,1.51,37.58082,-122.32479,-9.843,66.676,0.0,-91,1.711,0.000,1.277
2014/09/15 13:09:20,1.76,37.58185,-122.32591,-9.843,68.034,0.0,-65,1.798,0.792,0.408
2014/09/15 13:09:25,1.51,37.58289,-122.32703,-2.953,69.144,0.0,-65,2.234,0.750,0.310
2014/09/15 13:09:30,1.51,37.58395,-122.32818,-1.312,69.166,0.0,-65,1.801,0.833,0.438
2014/09/15 13:09:35,1.57,37.58499,-122.32932,-2.625,68.067,0.0,-65,1.449,0.792,1.030
2014/09/15 13:09:40,1.52,37.58587,-122.33063,-1.969,67.809,0.0,-65,2.260,0.792,0.710
2014/09/15 13:09:45,1.51,37.58647,-122.33219,-3.937,69.081,0.0,-65,2.176,0.792,0.344
2014/09/15 13:09:50,1.51,37.58675,-122.33388,-1.969,67.460,0.0,-65,2.324,0.792,0.543
2014/09/15 13:09:55,1.72,37.58681,-122.33555,-1.640,66.786,0.0,-87,1.750,0.000,0.236
2014/09/15 13:10:00,1.72,37.58686,-122.33725,0.000,68.194,0.0,-87,1.689,0.792,0.230
2014/09/15 13:10:05,1.51,37.58691,-122.33897,3.281,68.374,0.0,-87,1.282,0.000,0.357
2014/09/15 13:10:10,1.72,37.58696,-122.34070,5.249,68.408,0.0,-87,1.437,0.792,0.317
2014/09/15 13:10:15,1.52,37.58701,-122.34242,8.858,68.092,0.0,-87,2.458,0.750,0.589
2014/09/15 13:10:20,1.51,37.58705,-122.34410,10.499,65.679,0.0,-87,1.558,0.000,1.182
2014/09/15 13:10:25,1.51,37.58709,-122.34573,10.499,62.313,0.0,-85,1.644,0.417,0.250
2014/09/15 13:10:30,1.51,37.58713,-122.34726,8.530,61.801,0.0,-85,1.564,0.833,0.590
2014/09/15 13:10:35,1.72,37.58718,-122.34888,9.514,64.891,0.0,-85,2.712,0.000,0.189
2014/09/15 13:10:40,1.71,37.58722,-122.35052,10.499,65.366,0.0,-85,2.994,0.750,0.278
2014/09/15 13:10:45,1.71,37.58726,-122.35216,10.827,64.204,0.0,-85,2.433,0.417,0.233
2014/09/15 13:10:50,1.5,37.58735,-122.35379,10.171,65.468,0.0,-85,2.964,0.000,0.190
2014/09/15 13:10:55,1.5,37.58760,-122.35542,5.249,65.509,0.0,-77,2.924,0.792,0.238
2014/09/15 13:11:00,1.5,37.58800,-122.35700,8.202,65.345,0.0,-77,2.942,0.750,0.254
2014/09/15 13:11:05,1.5,37.58855,-122.35845,3.281,61.348,0.0,-77,3.118,0.000,0.198
2014/09/15 13:11:10,1.5,37.58923,-122.35980,0.000,64.331,0.0,-77,3.443,0.792,0.241
2014/09/15 13:11:15,1.93,37.58999,-122.36106,-0.984,59.601,0.0,-77,3.256,0.792,0.227
2014/09/15 13:11:20,1.5,37.59074,-122.36220,-2.625,58.155,0.0,-77,2.074,0.792,0.215
2014/09/15 13:11:25,1.5,37.59150,-122.36338,-3.609,61.216,0.0,-73,2.167,0.417,0.199
2014/09/15 13:11:30,1.5,37.59229,-122.36460,-2.297,63.012,0.0,-73,3.233,0.792,0.257
2014/09/15 13:11:35,1.5,37.59310,-122.36584,-2.953,63.915,0.0,-73,2.860,0.000,0.170
2014/09/15 13:11:40,1.67,37.59393,-122.36712,-4.265,65.822,0.0,-73,3.538,0.792,0.150
2014/09/15 13:11:45,1.5,37.59478,-122.36841,-4.921,66.633,0.0,-73,3.286,0.750,0.221
2014/09/15 13:11:50,1.67,37.59563,-122.36973,-4.921,67.846,0.0,-73,2.506,0.000,0.357
2014/09/15 13:11:55,1.5,37.59650,-122.37104,-5.906,66.993,0.0,-73,0.000,1.208,0.343
2014/09/15 13:12:00,1.5,37.59734,-122.37233,-6.234,65.054,0.0,-69,2.494,0.792,1.822
2014/09/15 13:12:05,1.5,37.59812,-122.37352,-6.562,59.852,0.0,-69,2.510,0.792,1.889
2014/09/15 13:12:10,1.5,37.59889,-122.37469,-6.234,61.792,0.0,-69,0.000,0.000,1.868
2014/09/15 13:12:15,1.5,37.59972,-122.37594,-7.874,66.016,0.0,-69,0.000,1.167,1.819
2014/09/15 13:12:20,1.5,37.60058,-122.37724,-8.858,67.118,0.0,-69,0.000,1.167,2.421
2014/09/15 13:12:25,1.5,37.60145,-122.37857,-8.858,68.861,0.0,-69,0.000,1.250,0.438
2014/09/15 13:12:30,1.5,37.60234,-122.37992,-8.858,69.561,0.0,-59,0.000,1.083,1.711
2014/09/15 13:12:35,1.52,37.60322,-122.38127,-7.546,68.107,0.0,-59,0.000,0.000,2.778
2014/09/15 13:12:40,1.52,37.60406,-122.38257,-7.218,65.203,0.0,-59,0.000,1.333,0.000
2014/09/15 13:12:45,1.52,37.60488,-122.38383,-8.202,63.907,0.0,-59,0.000,0.917,5.022
2014/09/15 13:12:50,1.52,37.60570,-122.38508,-6.890,64.048,0.0,-59,0.000,0.458,4.399
2014/09/15 13:12:55,1.52,37.60653,-122.38636,-6.562,66.460,0.0,-59,0.000,0.000,0.000
2014/09/15 13:13:00,1.52,37.60739,-122.38767,-6.234,67.726,0.0,-71,0.000,0.917,3.601
2014/09/15 13:13:05,1.5,37.60826,-122.38900,-7.218,68.997,0.0,-71,0.000,0.875,3.618
2014/09/15 13:13:10,1.5,37.60917,-122.39038,-5.906,71.116,0.0,-71,0.000,0.958,2.923
2014/09/15 13:13:15,1.5,37.61006,-122.39178,-5.577,70.963,0.0,-71,0.000,1.583,2.079
2014/09/15 13:13:20,1.5,37.61095,-122.39318,-6.234,70.047,0.0,-71,0.000,1.042,0.000
2014/09/15 13:13:25,1.5,37.61185,-122.39454,-6.562,70.325,0.0,-71,0.000,1.000,3.362
2014/09/15 13:13:30,1.5,37.61286,-122.39579,-6.234,71.002,0.0,-67,0.000,1.000,2.066
2014/09/15 13:13:35,1.69,37.61402,-122.39688,-7.546,72.186,0.0,-67,0.006,0.000,2.178
2014/09/15 13:13:40,1.51,37.61531,-122.39776,-7.218,73.640,0.0,-67,1.561,1.542,4.171
2014/09/15 13:13:45,1.51,37.61670,-122.39842,-11.811,72.087,0.0,-67,0.000,1.000,0.000
2014/09/15 13:13:50,1.51,37.61809,-122.39890,-20.669,72.010,0.0,-67,0.854,0.542,7.051
2014/09/15 13:13:55,1.51,37.61953,-122.39938,-25.919,74.608,0.0,-67,0.083,0.000,1.149
2014/09/15 13:14:00,1.51,37.62096,-122.39987,-29.528,72.193,0.0,-67,0.003,1.000,0.946
2014/09/15 13:14:05,1.51,37.62228,-122.40032,-29.199,63.770,0.0,-63,0.152,1.042,0.835
2014/09/15 13:14:10,1.49,37.62354,-122.40074,-34.449,65.541,0.0,-63,0.927,0.500,0.861
2014/09/15 13:14:15,1.67,37.62480,-122.40117,-35.761,65.774,0.0,-63,0.674,0.542,2.053
2014/09/15 13:14:20,1.49,37.62611,-122.40161,-37.402,67.400,0.0,-63,2.057,0.000,0.822
2014/09/15 13:14:25,1.49,37.62742,-122.40203,-36.417,67.500,0.0,-63,1.302,0.000,0.638
2014/09/15 13:14:30,1.49,37.62879,-122.40233,-25.591,70.225,0.0,-63,0.232,1.000,1.330
2014/09/15 13:14:35,1.49,37.63019,-122.40250,-19.029,69.224,0.0,-53,0.276,0.000,3.931
2014/09/15 13:14:40,1.49,37.63155,-122.40266,-13.123,65.128,0.0,-53,0.301,0.000,0.000
2014/09/15 13:14:45,1.51,37.63281,-122.40281,-7.218,62.149,0.0,-53,0.510,0.000,6.203
2014/09/15 13:14:50,1.49,37.63405,-122.40300,-4.593,61.994,0.0,-53,0.725,0.000,0.000
2014/09/15 13:14:55,1.65,37.63525,-122.40334,-4.921,61.059,0.0,-53,0.910,0.000,7.170
2014/09/15 13:15:00,1.54,37.63642,-122.40382,-6.890,61.052,0.0,-53,0.006,0.000,1.798
2014/09/15 13:15:05,1.67,37.63759,-122.40439,-20.341,63.632,0.0,-79,0.840,0.000,0.960
2014/09/15 13:15:10,1.49,37.63879,-122.40498,-26.575,62.484,0.0,-79,0.525,0.000,2.186
2014/09/15 13:15:15,1.67,37.63997,-122.40545,-30.840,61.693,0.0,-79,0.006,0.042,0.662
2014/09/15 13:15:20,1.49,37.64117,-122.40579,-24.934,59.639,0.0,-79,0.330,0.292,1.918
2014/09/15 13:15:25,1.49,37.64229,-122.40598,-18.701,56.124,0.0,-79,0.392,0.750,0.949
2014/09/15 13:15:30,1.49,37.64345,-122.40609,-13.780,59.320,0.0,-79,0.579,0.000,1.202
2014/09/15 13:15:35,1.98,37.64464,-122.40619,-12.139,58.821,0.0,-57,0.482,1.250,2.397
2014/09/15 13:15:40,1.65,37.64581,-122.40630,-13.780,58.620,0.0,-57,1.449,0.917,2.057
2014/09/15 13:15:45,2.45,37.64698,-122.40641,-7.874,58.182,0.0,-57,2.180,0.917,0.956
2014/09/15 13:15:50,1.65,37.64816,-122.40651,-3.609,58.731,0.0,-57,1.920,0.000,0.875
2014/09/15 13:15:55,1.67,37.64933,-122.40662,12.467,58.184,0.0,-57,1.407,0.000,1.515
2014/09/15 13:16:00,1.65,37.65051,-122.40672,26.247,57.356,0.0,-57,0.212,0.917,2.752
2014/09/15 13:16:05,1.49,37.65162,-122.40682,41.339,54.896,0.0,-57,0.436,0.708,0.530
2014/09/15 13:16:10,1.49,37.65271,-122.40692,48.885,51.377,0.0,-65,1.227,0.917,1.035
2014/09/15 13:16:15,1.49,37.65370,-122.40697,48.228,48.641,0.0,-65,2.083,0.000,0.000
2014/09/15 13:16:20,1.49,37.65467,-122.40689,37.073,49.312,0.0,-65,0.610,0.917,0.429
2014/09/15 13:16:25,1.49,37.65570,-122.40666,22.966,53.348,0.0,-65,1.063,1.417,0.873
2014/09/15 13:16:30,1.57,37.65676,-122.40624,9.186,56.935,0.0,-65,1.164,0.958,0.830
2014/09/15 13:16:35,1.49,37.65781,-122.40570,3.281,55.388,0.0,-65,1.823,1.167,1.058
2014/09/15 13:16:40,1.49,37.65888,-122.40514,4.593,58.814,0.0,-65,1.344,0.792,0.561
2014/09/15 13:16:45,1.49,37.65994,-122.40440,5.906,61.398,0.0,-65,2.583,0.958,0.349
2014/09/15 13:16:50,1.48,37.66088,-122.40338,7.874,62.578,0.0,-65,1.971,0.500,0.668
2014/09/15 13:16:55,1.48,37.66170,-122.40220,10.499,60.793,0.0,-65,1.706,0.000,0.345
2014/09/15 13:17:00,1.48,37.66246,-122.40103,5.249,59.769,0.0,-65,2.740,0.708,0.565
2014/09/15 13:17:05,2.03,37.66336,-122.39962,4.921,59.657,0.0,-65,2.170,0.958,0.402
2014/09/15 13:17:10,1.69,37.66414,-122.39844,8.858,61.586,0.0,-71,1.330,0.708,0.998
2014/09/15 13:17:15,1.72,37.66504,-122.39737,7.874,62.133,0.0,-71,0.263,0.250,3.102
2014/09/15 13:17:20,1.66,37.66602,-122.39634,7.546,64.018,0.0,-71,0.904,0.000,0.873
2014/09/15 13:17:25,1.66,37.66703,-122.39537,5.249,62.964,0.0,-71,0.486,0.500,1.128
2014/09/15 13:17:30,1.66,37.66807,-122.39436,-1.312,66.690,0.0,-71,0.180,0.250,2.844
2014/09/15 13:17:35,1.66,37.66915,-122.39332,-6.234,68.793,0.0,-71,0.346,0.000,2.322
2014/09/15 13:17:40,2.03,37.67027,-122.39227,-6.562,69.501,0.0,-71,0.340,0.250,2.641
2014/09/15 13:17:45,1.66,37.67143,-122.39131,-10.827,69.413,0.0,-71,0.151,0.250,3.730
2014/09/15 13:17:50,1.66,37.67263,-122.39047,3.281,64.633,0.0,-71,0.330,0.000,1.994
2014/09/15 13:17:55,2.03,37.67375,-122.38979,15.092,61.779,0.0,-71,0.506,0.250,1.469
2014/09/15 13:18:00,1.69,37.67492,-122.38919,19.357,63.805,0.0,-71,0.000,0.000,0.309
2014/09/15 13:18:06,1.5,37.67616,-122.38868,6.562,65.523,0.0,-71,0.003,0.792,0.155
2014/09/15 13:18:11,1.48,37.67745,-122.38839,-5.249,63.363,0.0,-71,3.080,0.708,0.175
2014/09/15 13:18:16,1.48,37.67860,-122.38835,-1.312,46.965,0.0,-51,2.254,0.708,0.584
2014/09/15 13:18:21,1.48,37.67942,-122.38845,2.625,37.485,0.0,-51,1.031,0.000,0.982
2014/09/15 13:18:26,1.63,37.68010,-122.38858,0.000,33.788,0.0,-51,1.158,0.958,1.010
2014/09/15 13:18:31,1.65,37.68081,-122.38873,-0.656,33.396,0.0,-51,0.596,1.167,1.242
2014/09/15 13:18:36,1.53,37.68129,-122.38882,-0.656,21.035,0.0,-51,0.944,0.708,1.437
2014/09/15 13:18:41,1.48,37.68156,-122.38888,-0.656,11.447,0.0,-51,1.140,0.708,2.326
2014/09/15 13:18:46,1.48,37.68175,-122.38892,-1.312,9.651,0.0,-63,1.842,1.167,1.165
2014/09/15 13:18:51,1.48,37.68185,-122.38894,-0.656,3.239,0.0,-63,1.207,0.750,1.150
2014/09/15 13:18:56,1.48,37.68196,-122.38896,-1.312,9.672,0.0,-63,1.023,0.917,1.170
2014/09/15 13:19:01,1.48,37.68224,-122.38902,-5.906,16.512,0.0,-63,1.026,0.000,1.934
2014/09/15 13:19:06,1.48,37.68254,-122.38909,-8.858,13.666,0.0,-63,0.669,1.542,2.205
2014/09/15 13:19:11,1.48,37.68277,-122.38914,-19.357,9.722,0.0,-63,1.129,0.917,2.435
2014/09/15 13:19:16,1.62,37.68293,-122.38918,-22.310,6.899,0.0,-61,1.082,1.292,0.000
2014/09/15 13:19:21,1.47,37.68310,-122.38922,-25.919,9.136,0.0,-61,0.759,1.125,3.385
2014/09/15 13:19:26,1.47,37.68333,-122.38927,-29.856,13.365,0.0,-61,1.015,0.958,2.170
2014/09/15 13:19:31,1.47,37.68363,-122.38934,-35.761,15.258,0.0,-61,0.579,1.375,1.349
2014/09/15 13:19:36,1.47,37.68392,-122.38940,-35.433,14.780,0.0,-61,0.871,0.000,1.662
2014/09/15 13:19:41,1.47,37.68420,-122.38946,-26.903,7.103,0.0,-61,1.143,0.958,1.697
2014/09/15 13:19:46,1.47,37.68433,-122.38948,-24.278,6.206,0.0,-67,1.169,0.958,1.338
2014/09/15 13:19:51,1.47,37.68449,-122.38951,-26.903,9.763,0.0,-67,1.370,0.917,1.110
2014/09/15 13:19:56,1.67,37.68473,-122.38956,-28.543,13.321,0.0,-67,1.890,0.958,1.283
2014/09/15 13:20:01,1.67,37.68497,-122.38962,-29.199,11.409,0.0,-67,0.997,0.000,0.789
2014/09/15 13:20:06,1.47,37.68522,-122.38967,-27.887,12.993,0.0,-67,0.878,0.958,2.504
2014/09/15 13:20:11,1.67,37.68539,-122.38970,-27.231,6.372,0.0,-67,1.081,0.000,1.743
2014/09/15 13:20:16,1.47,37.68545,-122.38972,-26.247,1.134,0.0,-67,2.240,0.917,2.309
2014/09/15 13:20:21,1.47,37.68554,-122.38974,-30.512,8.562,0.0,-73,2.272,0.000,0.000
2014/09/15 13:20:26,1.67,37.68578,-122.38979,-31.168,13.019,0.0,-73,1.283,0.958,7.417
2014/09/15 13:20:31,1.67,37.68592,-122.38983,-27.231,3.837,0.0,-73,1.464,0.917,2.651
2014/09/15 13:20:36,1.47,37.68607,-122.38986,-27.887,10.216,0.0,-73,2.481,0.958,2.835
2014/09/15 13:20:41,1.47,37.68631,-122.38991,-26.903,13.178,0.0,-73,3.074,1.417,3.736
2014/09/15 13:20:46,1.47,37.68656,-122.38997,-26.903,13.044,0.0,-73,2.602,0.000,0.000
2014/09/15 13:20:51,1.47,37.68674,-122.39001,-25.919,4.015,0.0,-73,2.904,1.000,3.390
2014/09/15 13:20:56,1.47,37.68683,-122.39003,-26.903,5.151,0.0,-73,2.744,1.000,4.344
2014/09/15 13:21:01,1.67,37.68695,-122.39005,-29.199,7.579,0.0,-73,2.417,0.000,0.000
2014/09/15 13:21:06,1.47,37.68714,-122.39010,-28.871,8.651,0.0,-73,2.250,1.042,4.499
2014/09/15 13:21:11,1.47,37.68731,-122.39013,-31.496,10.532,0.0,-73,1.920,0.000,3.059
2014/09/15 13:21:16,1.47,37.68745,-122.39016,-31.824,4.651,0.0,-73,2.497,1.000,0.891
2014/09/15 13:21:21,1.47,37.68753,-122.39018,-30.840,4.008,0.0,-77,2.413,1.042,0.682
2014/09/15 13:21:26,1.47,37.68765,-122.39021,-32.480,5.849,0.0,-77,2.087,1.000,0.000
2014/09/15 13:21:31,1.46,37.68788,-122.39026,-30.512,18.349,0.0,-77,2.747,0.000,3.108
2014/09/15 13:21:36,1.46,37.68830,-122.39035,-31.168,19.214,0.0,-77,2.587,1.042,2.286
2014/09/15 13:21:41,1.46,37.68870,-122.39045,-27.559,23.540,0.0,-77,1.837,1.042,4.523
2014/09/15 13:21:46,1.46,37.68928,-122.39058,-30.840,34.126,0.0,-77,0.798,0.000,2.586
2014/09/15 13:21:51,1.46,37.69004,-122.39079,-32.808,41.639,0.0,-73,0.343,0.500,0.483
2014/09/15 13:21:56,1.46,37.69092,-122.39099,-32.480,46.817,0.0,-73,0.386,1.833,2.734
2014/09/15 13:22:01,1.46,37.69190,-122.39121,-33.136,51.121,0.0,-73,0.973,1.208,1.096
2014/09/15 13:22:06,1.46,37.69295,-122.39145,-33.793,55.546,0.0,-73,1.153,1.042,0.874
2014/09/15 13:22:11,1.46,37.69407,-122.39171,-31.168,56.873,0.0,-73,0.927,0.000,0.923
2014/09/15 13:22:16,1.46,37.69521,-122.39196,-30.840,57.119,0.0,-73,1.363,1.083,0.567
2014/09/15 13:22:21,1.46,37.69634,-122.39222,-30.512,57.505,0.0,-73,1.352,1.542,0.311
2014/09/15 13:22:26,1.46,37.69750,-122.39248,-29.528,59.140,0.0,-75,0.984,1.042,0.648
2014/09/15 13:22:31,1.46,37.69870,-122.39275,-28.871,62.173,0.0,-75,1.488,0.000,0.585
2014/09/15 13:22:36,1.46,37.69994,-122.39303,-26.575,63.213,0.0,-75,1.656,1.542,1.098
2014/09/15 13:22:41,1.46,37.70119,-122.39331,-25.262,62.559,0.0,-75,1.174,1.000,1.797
2014/09/15 13:22:46,1.46,37.70244,-122.39359,-26.903,63.693,0.0,-75,0.971,0.000,2.438
2014/09/15 13:22:51,1.46,37.70370,-122.39387,-27.559,63.910,0.0,-75,1.109,1.583,1.731
2014/09/15 13:22:56,1.46,37.70498,-122.39416,-24.934,64.157,0.0,-79,1.067,1.000,3.275
2014/09/15 13:23:01,1.46,37.70625,-122.39444,-26.247,65.425,0.0,-79,0.887,1.042,3.865
2014/09/15 13:23:06,1.46,37.70755,-122.39474,-11.155,64.613,0.0,-79,1.447,0.000,0.000
2014/09/15 13:23:11,1.46,37.70883,-122.39503,7.546,65.763,0.0,-79,1.545,0.000,0.000
2014/09/15 13:23:16,1.46,37.71016,-122.39533,25.591,67.896,0.0,-79,1.423,1.667,9.722
2014/09/15 13:23:21,1.46,37.71150,-122.39566,47.900,68.333,0.0,-79,1.621,1.375,4.151
2014/09/15 13:23:26,1.46,37.71282,-122.39624,55.118,69.790,0.0,-73,1.162,0.000,1.798
2014/09/15 13:23:31,2.03,37.71401,-122.39713,69.554,67.863,0.0,-73,0.215,1.333,1.463
2014/09/15 13:23:36,2.62,37.71511,-122.39806,97.769,65.670,0.0,-73,0.775,1.333,1.662
2014/09/15 13:23:41,2.03,37.71634,-122.39877,116.470,66.790,0.0,-73,1.018,0.000,1.377
2014/09/15 13:23:46,1.61,37.71764,-122.39921,117.454,66.600,0.0,-73,0.837,1.333,2.335
2014/09/15 13:23:51,1.45,37.71893,-122.39955,106.955,65.434,0.0,-73,0.589,1.333,4.217
2014/09/15 13:23:56,1.45,37.72022,-122.39990,90.879,66.292,0.0,-59,0.990,1.333,0.000
2014/09/15 13:24:01,1.45,37.72147,-122.40031,73.491,63.185,0.0,-59,1.570,0.000,2.743
2014/09/15 13:24:06,1.45,37.72266,-122.40077,54.790,61.045,0.0,-59,2.337,1.333,2.410
2014/09/15 13:24:11,1.45,37.72378,-122.40123,39.042,58.029,0.0,-59,0.869,0.667,2.805
2014/09/15 13:24:16,1.45,37.72489,-122.40163,24.278,56.750,0.0,-59,1.413,0.000,0.783
2014/09/15 13:24:21,1.45,37.72600,-122.40201,23.294,56.154,0.0,-59,1.128,1.375,0.925
2014/09/15 13:24:26,1.45,37.72709,-122.40242,31.496,57.086,0.0,-59,1.917,0.000,1.714
2014/09/15 13:24:31,1.45,37.72820,-122.40284,29.199,58.442,0.0,-51,1.587,1.333,2.349
2014/09/15 13:24:36,1.47,37.72932,-122.40337,26.903,60.509,0.0,-51,1.667,1.333,0.997
2014/09/15 13:24:41,1.5,37.73043,-122.40404,37.402,61.627,0.0,-51,2.403,0.000,3.381
2014/09/15 13:24:46,1.5,37.73161,-122.40463,28.215,63.151,0.0,-51,2.180,1.333,2.910
2014/09/15 13:24:51,2.07,37.73278,-122.40526,8.858,64.277,0.0,-51,0.917,0.000,0.000
2014/09/15 13:24:56,2.09,37.73396,-122.40594,0.984,63.914,0.0,-51,0.112,1.417,7.287
2014/09/15 13:25:01,1.5,37.73512,-122.40665,0.984,64.059,0.0,-85,1.058,0.708,0.427
2014/09/15 13:25:06,1.45,37.73628,-122.40733,6.562,64.327,0.0,-85,1.913,0.000,0.616
2014/09/15 13:25:11,1.66,37.73753,-122.40785,8.530,66.397,0.0,-85,3.510,0.000,0.212
2014/09/15 13:25:16,1.45,37.73885,-122.40806,8.530,66.511,0.0,-85,3.663,0.000,0.178
2014/09/15 13:25:21,1.45,37.74019,-122.40796,21.325,66.742,0.0,-85,3.833,0.083,0.223
2014/09/15 13:25:26,1.6,37.74147,-122.40755,39.698,65.712,0.0,-85,2.849,1.042,0.238
2014/09/15 13:25:31,1.6,37.74264,-122.40679,45.932,66.003,0.0,-67,2.728,0.708,0.210
2014/09/15 13:25:36,1.6,37.74376,-122.40585,50.197,66.854,0.0,-67,0.333,0.000,2.091
2014/09/15 13:25:41,1.6,37.74496,-122.40514,45.276,65.824,0.0,-67,1.032,0.292,0.382
2014/09/15 13:25:46,1.6,37.74624,-122.40472,40.354,67.016,0.0,-67,1.945,0.667,0.610
2014/09/15 13:25:51,1.6,37.74754,-122.40432,41.339,66.352,0.0,-67,1.770,1.125,1.029
2014/09/15 13:25:56,1.44,37.74883,-122.40390,41.339,67.184,0.0,-67,2.150,0.917,0.377
2014/09/15 13:26:01,1.44,37.75013,-122.40348,42.651,67.622,0.0,-67,2.061,0.958,1.041
2014/09/15 13:26:06,1.44,37.75140,-122.40309,51.509,61.674,0.0,-67,0.673,0.667,0.798
2014/09/15 13:26:11,1.65,37.75262,-122.40291,57.743,56.828,0.0,-67,2.786,0.708,0.263
2014/09/15 13:26:16,1.49,37.75372,-122.40299,65.945,54.493,0.0,-67,3.346,0.000,0.369
2014/09/15 13:26:21,1.44,37.75487,-122.40312,89.239,57.203,0.0,-67,3.071,1.042,1.030
2014/09/15 13:26:26,1.65,37.75588,-122.40320,99.409,43.879,0.0,-67,2.656,1.250,0.662
2014/09/15 13:26:31,1.93,37.75672,-122.40343,111.220,40.315,0.0,-67,2.523,0.875,0.663
2014/09/15 13:26:36,1.65,37.75742,-122.40389,100.722,38.973,0.0,-73,1.384,0.875,0.950
2014/09/15 13:26:41,1.65,37.75802,-122.40461,105.315,44.857,0.0,-73,2.266,0.917,1.466
2014/09/15 13:26:46,1.65,37.75867,-122.40545,105.971,47.085,0.0,-73,2.510,1.250,0.785
2014/09/15 13:26:51,2.02,37.75949,-122.40610,102.362,49.314,0.0,-73,2.410,1.042,1.022
2014/09/15 13:26:56,1.65,37.76047,-122.40632,85.630,47.342,0.0,-73,1.306,0.625,0.000
2014/09/15 13:27:01,1.93,37.76142,-122.40611,75.459,48.517,0.0,-73,2.056,1.208,0.000
2014/09/15 13:27:06,1.44,37.76232,-122.40558,74.803,50.395,0.0,-51,2.061,0.833,0.000
2014/09/15 13:27:11,1.44,37.76327,-122.40513,82.349,49.680,0.0,-51,1.171,0.000,2.100
2014/09/15 13:27:16,1.44,37.76420,-122.40492,78.412,47.208,0.0,-51,2.160,1.167,2.109
2014/09/15 13:27:21,1.44,37.76515,-122.40486,67.913,48.820,0.0,-51,0.471,0.625,1.890
2014/09/15 13:27:26,1.44,37.76614,-122.40490,58.399,50.620,0.0,-51,0.229,1.083,0.722
2014/09/15 13:27:31,1.44,37.76721,-122.40500,41.667,55.536,0.0,-51,0.254,1.500,0.000
2014/09/15 13:27:36,1.44,37.76833,-122.40512,37.073,56.195,0.0,-63,0.880,0.917,0.000
2014/09/15 13:27:41,1.44,37.76943,-122.40522,46.260,53.804,0.0,-63,0.506,0.000,0.289
2014/09/15 13:27:46,1.43,37.77042,-122.40545,48.228,46.339,0.0,-63,1.125,0.917,0.811
2014/09/15 13:27:51,1.62,37.77113,-122.40586,32.480,34.954,0.0,-63,0.745,0.625,0.350
2014/09/15 13:27:56,1.65,37.77165,-122.40620,31.824,22.306,0.0,-63,1.107,0.875,0.978
2014/09/15 13:28:01,1.43,37.77197,-122.40637,30.512,15.389,0.0,-63,1.897,1.208,0.871
2014/09/15 13:28:06,1.62,37.77230,-122.40648,25.262,18.010,0.0,-75,1.959,0.000,3.162
2014/09/15 13:28:11,1.43,37.77265,-122.40654,24.278,17.317,0.0,-75,0.967,0.917,0.865
2014/09/15 13:28:16,1.43,37.77299,-122.40656,20.013,16.310,0.0,-75,0.830,0.917,0.425
2014/09/15 13:28:21,1.43,37.77328,-122.40653,20.669,10.322,0.0,-75,0.864,0.000,0.811
2014/09/15 13:28:26,1.43,37.77352,-122.40649,23.294,13.981,0.0,-75,0.352,0.917,0.261
2014/09/15 13:28:31,1.43,37.77369,-122.40644,26.903,7.557,0.0,-75,0.589,0.625,0.362
2014/09/15 13:28:36,1.43,37.77385,-122.40638,28.215,9.167,0.0,-75,0.371,0.875,0.186
2014/09/15 13:28:41,1.43,37.77408,-122.40628,28.215,12.185,0.0,-65,0.265,0.000,1.076
2014/09/15 13:28:46,1.43,37.77427,-122.40619,24.934,10.204,0.0,-65,0.145,0.667,0.717
2014/09/15 13:28:51,1.43,37.77450,-122.40605,20.341,15.101,0.0,-65,0.254,0.583,1.487
2014/09/15 13:28:56,1.43,37.77478,-122.40587,19.685,15.269,0.0,-65,0.554,0.958,0.439
2014/09/15 13:29:01,1.48,37.77505,-122.40568,22.310,13.528,0.0,-65,0.770,0.917,0.459
2014/09/15 13:29:06,1.58,37.77531,-122.40548,23.950,16.530,0.0,-65,0.839,0.000,0.238
2014/09/15 13:29:11,1.58,37.77560,-122.40521,22.310,18.475,0.0,-55,0.672,0.583,0.497
2014/09/15 13:29:16,1.9,37.77590,-122.40489,22.966,19.504,0.0,-55,0.656,0.000,0.256
2014/09/15 13:29:21,1.43,37.77617,-122.40454,26.575,19.756,0.0,-55,0.771,0.875,0.561
2014/09/15 13:29:26,1.57,37.77646,-122.40412,27.231,24.416,0.0,-55,0.869,0.333,0.239
2014/09/15 13:29:31,1.43,37.77674,-122.40361,27.231,21.266,0.0,-55,0.894,0.917,0.983
2014/09/15 13:29:36,1.66,37.77692,-122.40328,25.919,10.306,0.0,-55,0.502,0.875,1.990
2014/09/15 13:29:41,1.57,37.77698,-122.40316,23.622,3.992,0.0,-59,0.445,0.917,0.000
2014/09/15 13:29:46,1.42,37.77702,-122.40309,24.278,3.158,0.0,-59,0.946,0.000,1.462
2014/09/15 13:29:51,1.44,37.77709,-122.40300,24.934,7.880,0.0,-59,0.833,0.958,1.397
2014/09/15 13:29:56,1.44,37.77722,-122.40277,25.591,13.507,0.0,-59,0.749,1.208,1.339
2014/09/15 13:30:01,1.6,37.77737,-122.40250,25.591,11.958,0.0,-59,0.834,0.875,2.054
2014/09/15 13:30:06,1.47,37.77746,-122.40232,18.045,5.049,0.0,-59,0.876,1.208,2.178
2014/09/15 13:30:11,1.42,37.77751,-122.40225,17.717,5.665,0.0,-55,2.882,0.000,2.550
2014/09/15 13:30:16,1.42,37.77759,-122.40214,19.685,7.268,0.0,-55,2.750,1.833,0.000
2014/09/15 13:30:21,1.44,37.77769,-122.40196,19.357,8.957,0.0,-55,2.708,0.875,3.014
2014/09/15 13:30:26,1.47,37.77780,-122.40176,19.685,9.590,0.0,-55,3.029,1.333,2.334
2014/09/15 13:30:31,1.47,37.77788,-122.40161,20.997,4.122,0.0,-55,2.356,0.000,3.531
2014/09/15 13:30:36,1.42,37.77795,-122.40148,18.045,9.223,0.0,-55,2.827,0.875,2.969
2014/09/15 13:30:41,1.42,37.77807,-122.40129,18.701,9.681,0.0,-55,2.634,1.375,3.521
2014/09/15 13:30:46,1.42,37.77817,-122.40112,18.701,9.074,0.0,-65,2.193,1.042,1.738
2014/09/15 13:30:51,1.42,37.77829,-122.40094,19.685,9.255,0.0,-65,2.843,1.000,1.450
2014/09/15 13:30:56,1.42,37.77840,-122.40076,24.278,8.776,0.0,-65,2.939,0.000,0.598
2014/09/15 13:31:01,1.44,37.77850,-122.40062,25.591,4.423,0.0,-65,2.385,1.542,0.493
2014/09/15 13:31:06,1.44,37.77858,-122.40051,27.231,7.696,0.0,-65,2.829,1.042,1.198
2014/09/15 13:31:11,1.42,37.77869,-122.40035,27.559,7.619,0.0,-65,2.504,1.042,1.865
2014/09/15 13:31:16,1.42,37.77881,-122.40021,29.528,9.488,0.0,-65,1.275,0.000,0.000
2014/09/15 13:31:21,1.42,37.77895,-122.40004,28.215,10.766,0.0,-65,0.769,1.000,4.962
2014/09/15 13:31:26,1.42,37.77910,-122.39985,29.199,8.974,0.0,-65,0.956,0.000,1.596
2014/09/15 13:31:31,1.42,37.77923,-122.39970,32.808,8.895,0.0,-65,0.667,1.375,2.396
2014/09/15 13:31:36,1.42,37.77942,-122.39948,34.777,15.794,0.0,-65,1.583,0.542,2.302
2014/09/15 13:31:41,1.43,37.77967,-122.39919,36.089,18.701,0.0,-65,0.000,0.000,0.000
2014/09/15 13:31:46,1.43,37.77997,-122.39883,38.058,22.488,0.0,-67,0.998,1.750,0.982
2014/09/15 13:31:51,1.41,37.78032,-122.39845,44.619,23.655,0.0,-67,0.717,1.042,0.555
2014/09/15 13:31:56,1.43,37.78066,-122.39807,50.853,20.454,0.0,-67,1.159,1.042,0.718
2014/09/15 13:32:01,1.43,37.78091,-122.39778,52.165,15.353,0.0,-67,0.006,0.000,0.350
2014/09/15 13:32:06,1.41,37.78116,-122.39749,52.822,17.118,0.0,-67,2.875,1.542,0.229
2014/09/15 13:32:11,1.41,37.78144,-122.39716,53.478,21.111,0.0,-67,2.837,0.542,0.197
2014/09/15 13:32:16,1.43,37.78175,-122.39681,54.462,19.731,0.0,-57,3.132,0.000,0.387
2014/09/15 13:32:21,1.41,37.78199,-122.39653,55.118,9.218,0.0,-57,1.987,0.000,0.462
2014/09/15 13:32:26,1.41,37.78203,-122.39648,52.822,2.270,0.0,-57,1.390,1.000,0.230
2014/09/15 13:32:31,1.43,37.78212,-122.39637,57.743,11.725,0.0,-57,2.548,0.542,0.196
2014/09/15 13:32:36,1.69,37.78230,-122.39615,61.024,5.617,0.0,-57,2.978,0.000,0.198
2014/09/15 13:32:41,1.64,37.78232,-122.39611,62.008,0.079,0.0,-57,3.250,1.042,0.370
2014/09/15 13:32:46,1.87,37.78234,-122.39610,60.367,1.969,0.0,-57,2.750,0.000,0.371
2014/09/15 13:32:51,1.58,37.78244,-122.39598,61.680,11.634,0.0,-63,2.326,1.000,0.409
2014/09/15 13:32:56,1.46,37.78269,-122.39570,64.633,17.661,0.0,-63,1.276,0.000,0.498
2014/09/15 13:33:01,1.43,37.78291,-122.39545,66.601,11.293,0.0,-63,2.134,1.083,0.382
2014/09/15 13:33:06,1.58,37.78300,-122.39533,65.617,3.903,0.0,-63,1.850,0.000,0.193
2014/09/15 13:33:11,1.55,37.78311,-122.39520,66.273,10.054,0.0,-63,1.403,0.500,0.401
2014/09/15 13:33:16,1.55,37.78319,-122.39509,65.945,4.026,0.0,-63,0.850,0.000,0.770
2014/09/15 13:33:21,1.41,37.78334,-122.39491,68.570,15.004,0.0,-67,0.410,0.000,2.250
2014/09/15 13:33:26,1.42,37.78353,-122.39466,72.178,9.846,0.0,-67,0.275,0.000,0.000
2014/09/15 13:33:31,1.42,37.78367,-122.39449,75.131,10.464,0.0,-67,1.308,0.000,0.258
2014/09/15 13:33:36,1.46,37.78374,-122.39439,77.756,1.351,0.0,-67,0.884,0.000,1.941
2014/09/15 13:33:41,1.4,37.78376,-122.39436,80.052,3.059,0.0,-67,1.849,0.042,0.234
2014/09/15 13:33:46,1.52,37.78388,-122.39420,83.333,12.345,0.0,-67,2.961,0.792,0.165
2014/09/15 13:33:51,1.45,37.78407,-122.39392,85.630,15.227,0.0,-57,3.215,0.917,0.162
2014/09/15 13:33:56,2.49,37.78429,-122.39363,84.974,14.230,0.0,-57,2.561,0.750,0.882
2014/09/15 13:34:01,2.1,37.78445,-122.39342,75.459,12.778,0.0,-57,2.583,1.000,0.482
2014/09/15 13:34:06,1.67,37.78458,-122.39321,79.724,4.814,0.0,-57,2.599,1.042,0.275
2014/09/15 13:34:11,3.75,37.78454,-122.39320,71.194,6.390,0.0,-57,2.205,0.000,0.689
2014/09/15 13:34:16,1.96,37.78473,-122.39271,156.168,15.767,0.0,-57,1.109,0.500,0.185
2014/09/15 13:34:21,2.86,37.78508,-122.39215,161.745,16.896,0.0,-63,1.891,0.542,0.834
2014/09/15 13:34:26,3.66,37.78538,-122.39153,141.404,23.725,0.0,-63,1.533,0.750,1.506
2014/09/15 13:34:31,2.88,37.78561,-122.39121,135.499,14.223,0.0,-63,0.202,0.333,0.342
2014/09/15 13:34:36,4.4,37.78578,-122.39103,125.328,8.905,0.0,-63,0.705,0.667,1.206
2014/09/15 13:34:41,1.5,37.78592,-122.39100,147.638,7.394,0.0,-63,0.458,0.000,1.854
2014/09/15 13:34:46,1.45,37.78603,-122.39099,182.087,3.563,0.0,-63,0.314,0.667,2.170
2014/09/15 13:34:51,1.42,37.78609,-122.39101,196.194,4.293,0.0,-63,0.285,0.250,0.000
2014/09/15 13:34:56,2.1,37.78628,-122.39091,144.357,4.059,0.0,-77,0.356,0.250,3.230
2014/09/15 13:35:01,1.63,37.78644,-122.39079,136.811,3.378,0.0,-77,0.340,0.458,0.811
2014/09/15 13:35:06,1.5,37.78654,-122.39076,122.047,6.906,0.0,-77,0.978,0.000,0.458
2014/09/15 13:35:11,2.31,37.78663,-122.39064,113.189,1.413,0.0,-77,1.266,0.625,0.387
2014/09/15 13:35:16,3.9,37.78674,-122.39043,103.675,4.873,0.0,-77,1.677,0.375,0.454
2014/09/15 13:35:21,3.9,37.78694,-122.39020,85.630,6.269,0.0,-77,1.333,0.250,0.518
2014/09/15 13:35:26,7.15,37.78732,-122.38983,41.339,13.564,0.0,-65,0.667,0.000,1.237
2014/09/15 13:35:31,3.9,37.78771,-122.38938,11.483,18.655,0.0,-65,0.304,0.000,2.043
2014/09/15 13:35:36,3.9,37.78818,-122.38877,-24.606,24.227,0.0,-65,0.295,0.000,2.191
2014/09/15 13:35:41,7.15,37.78867,-122.38810,-73.163,27.417,0.0,-65,0.477,0.000,2.664
2014/09/15 13:35:46,7.15,37.78907,-122.38762,-125.984,26.797,0.0,-65,0.000,0.000,0.000
2014/09/15 13:35:51,2.45,37.78975,-122.38700,-106.627,30.766,0.0,-65,0.000,0.000,0.289
2014/09/15 13:35:56,2.66,37.79047,-122.38618,-139.108,36.594,0.0,-81,0.211,0.125,0.175
2014/09/15 13:36:01,2.53,37.79153,-122.38497,-126.312,37.135,0.0,-81,3.025,0.625,0.189
2014/09/15 13:36:06,1.46,37.79249,-122.38400,-41.010,38.294,0.0,-81,3.151,0.792,0.249
2014/09/15 13:36:11,1.44,37.79336,-122.38316,25.919,38.517,0.0,-81,3.132,0.500,0.277
2014/09/15 13:36:16,2.0,37.79407,-122.38246,73.491,42.592,0.0,-81,2.910,0.000,0.182
2014/09/15 13:36:21,1.66,37.79474,-122.38177,90.551,40.690,0.0,-81,3.003,0.542,0.263
2014/09/15 13:36:26,1.41,37.79545,-122.38103,109.908,43.345,0.0,-71,2.737,0.542,0.283
2014/09/15 13:36:31,1.47,37.79618,-122.38021,123.031,47.071,0.0,-71,2.307,0.417,0.387
2014/09/15 13:36:36,1.44,37.79690,-122.37947,141.076,44.900,0.0,-71,3.113,0.417,0.228
2014/09/15 13:36:41,1.61,37.79763,-122.37869,151.247,48.094,0.0,-71,2.544,0.375,0.307
2014/09/15 13:36:46,1.65,37.79841,-122.37783,156.496,49.285,0.0,-71,1.875,0.542,0.325
2014/09/15 13:36:51,1.7,37.79925,-122.37692,166.667,53.428,0.0,-71,1.503,0.375,0.297
2014/09/15 13:36:56,1.41,37.80007,-122.37606,165.682,50.486,0.0,-71,1.387,0.250,0.654
2014/09/15 13:37:01,2.19,37.80083,-122.37524,154.528,47.769,0.0,-77,1.039,0.208,0.953
2014/09/15 13:37:06,1.49,37.80162,-122.37443,153.543,50.188,0.0,-77,0.648,0.250,0.000
2014/09/15 13:37:11,1.7,37.80244,-122.37353,159.121,53.150,0.0,-77,0.686,0.542,1.418
2014/09/15 13:37:16,1.74,37.80324,-122.37267,165.682,50.195,0.0,-77,0.711,0.000,0.801
2014/09/15 13:37:21,1.66,37.80395,-122.37191,164.370,43.587,0.0,-77,1.776,0.250,0.502
2014/09/15 13:37:26,1.65,37.80458,-122.37119,143.373,40.329,0.0,-77,2.503,0.375,0.421
2014/09/15 13:37:31,1.69,37.80523,-122.37050,130.906,42.857,0.0,-71,2.359,0.667,0.545
2014/09/15 13:37:36,1.65,37.80592,-122.36975,122.375,44.236,0.0,-71,2.882,0.958,0.224
2014/09/15 13:37:41,1.52,37.80670,-122.36894,111.220,50.984,0.0,-71,3.003,0.833,0.222
2014/09/15 13:37:46,1.62,37.80753,-122.36803,106.299,54.574,0.0,-71,3.163,0.750,0.257
2014/09/15 13:37:51,1.62,37.80841,-122.36709,106.955,58.132,0.0,-71,2.378,0.833,0.326
2014/09/15 13:37:56,4.37,37.80929,-122.36613,110.564,56.658,0.0,-71,2.481,0.333,0.457
2014/09/15 13:38:01,2.74,37.81001,-122.36537,112.861,47.963,0.0,-85,2.442,0.458,0.221
2014/09/15 13:38:06,6.92,37.81036,-122.36532,115.486,31.129,0.0,-85,1.465,0.333,0.174
2014/09/15 13:38:11,3.44,37.81133,-122.36414,100.066,46.980,0.0,-85,1.987,0.000,0.465
2014/09/15 13:38:16,1.43,37.81266,-122.36227,95.472,57.093,0.0,-85,2.256,0.542,0.322
2014/09/15 13:38:21,1.33,37.81350,-122.36110,135.171,60.558,0.0,-85,2.455,0.417,0.217
2014/09/15 13:38:26,1.33,37.81425,-122.35986,152.559,61.606,0.0,-85,1.650,0.333,0.238
2014/09/15 13:38:31,1.33,37.81499,-122.35857,153.543,60.635,0.0,-83,1.968,0.292,0.343
2014/09/15 13:38:36,1.33,37.81568,-122.35738,156.168,58.229,0.0,-83,2.167,0.333,0.270
2014/09/15 13:38:41,1.33,37.81637,-122.35619,152.231,56.747,0.0,-83,2.167,0.625,0.365
2014/09/15 13:38:46,1.33,37.81705,-122.35499,148.622,58.331,0.0,-83,2.320,0.292,0.396
2014/09/15 13:38:51,1.33,37.81770,-122.35373,145.013,59.484,0.0,-83,1.327,0.458,0.270
2014/09/15 13:38:56,1.33,37.81822,-122.35236,139.108,60.260,0.0,-83,0.952,0.000,1.010
2014/09/15 13:39:01,1.33,37.81861,-122.35089,133.858,61.536,0.0,-83,0.365,0.375,2.581
2014/09/15 13:39:06,1.33,37.81886,-122.34940,129.921,58.972,0.0,-89,0.000,0.000,0.000
2014/09/15 13:39:11,1.33,37.81908,-122.34794,123.688,58.705,0.0,-89,0.000,0.083,0.181
2014/09/15 13:39:16,1.51,37.81929,-122.34651,117.454,55.638,0.0,-89,0.000,0.750,0.898
2014/09/15 13:39:21,1.33,37.81950,-122.34511,111.549,56.334,0.0,-89,0.000,0.958,0.835
2014/09/15 13:39:26,1.44,37.81970,-122.34374,108.596,54.639,0.0,-89,0.003,1.125,0.637
2014/09/15 13:39:31,1.33,37.81991,-122.34237,108.268,55.368,0.0,-89,1.195,0.917,0.988
2014/09/15 13:39:36,1.33,37.82011,-122.34098,103.346,56.351,0.0,-79,0.774,0.958,0.954
2014/09/15 13:39:41,1.33,37.82032,-122.33957,96.457,55.085,0.0,-79,0.799,0.000,1.137
2014/09/15 13:39:46,1.33,37.82051,-122.33824,88.583,52.941,0.0,-79,0.309,1.042,0.973
2014/09/15 13:39:51,1.55,37.82071,-122.33688,81.693,55.047,0.0,-79,0.671,0.917,0.870
2014/09/15 13:39:56,1.55,37.82092,-122.33550,75.131,55.492,0.0,-79,0.744,1.000,0.753
2014/09/15 13:40:01,1.52,37.82112,-122.33411,69.554,57.073,0.0,-79,1.077,1.083,0.990
2014/09/15 13:40:06,1.52,37.82133,-122.33266,62.336,58.745,0.0,-81,0.970,0.875,0.810
2014/09/15 13:40:11,1.42,37.82152,-122.33122,54.462,57.019,0.0,-81,1.290,1.083,0.730
2014/09/15 13:40:16,1.42,37.82168,-122.32977,46.588,58.152,0.0,-81,1.471,1.333,0.730
2014/09/15 13:40:21,1.61,37.82181,-122.32828,36.417,59.556,0.0,-81,1.090,0.833,0.902
2014/09/15 13:40:26,1.76,37.82193,-122.32678,27.231,59.540,0.0,-81,0.974,1.125,0.805
2014/09/15 13:40:31,1.5,37.82203,-122.32533,20.997,56.360,0.0,-81,0.847,0.958,0.950
2014/09/15 13:40:36,1.27,37.82211,-122.32392,17.717,56.908,0.0,-51,0.894,0.375,3.570
2014/09/15 13:40:41,1.5,37.82229,-122.32248,17.060,58.321,0.0,-51,0.669,0.000,1.809
2014/09/15 13:40:46,1.27,37.82252,-122.32104,15.420,57.193,0.0,-51,0.656,0.500,1.630
2014/09/15 13:40:51,1.69,37.82277,-122.31962,15.092,56.705,0.0,-51,0.737,0.583,0.000
2014/09/15 13:40:56,1.27,37.82301,-122.31822,13.123,55.445,0.0,-51,0.877,0.750,0.923
2014/09/15 13:41:01,1.26,37.82322,-122.31682,10.827,59.280,0.0,-51,0.810,0.583,2.038
2014/09/15 13:41:06,1.5,37.82343,-122.31530,10.827,62.321,0.0,-51,1.095,1.167,0.863
2014/09/15 13:41:11,1.66,37.82366,-122.31373,6.562,61.976,0.0,-65,2.023,0.000,0.481
2014/09/15 13:41:16,1.26,37.82392,-122.31216,2.297,63.409,0.0,-65,1.004,1.750,0.390
2014/09/15 13:41:21,1.26,37.82419,-122.31060,2.297,62.395,0.0,-65,0.475,1.333,0.450
2014/09/15 13:41:26,1.26,37.82438,-122.30902,3.937,64.009,0.0,-65,0.798,1.667,0.458
2014/09/15 13:41:31,1.26,37.82454,-122.30739,14.436,62.841,0.0,-65,1.048,1.833,0.491
2014/09/15 13:41:36,1.51,37.82460,-122.30586,30.184,60.507,0.0,-65,0.718,1.875,0.817
2014/09/15 13:41:41,1.28,37.82433,-122.30435,35.761,62.438,0.0,-69,1.085,2.333,2.038
2014/09/15 13:41:46,1.43,37.82375,-122.30286,30.840,67.822,0.0,-69,0.288,1.958,2.330
2014/09/15 13:41:51,1.67,37.82308,-122.30138,26.903,65.999,0.0,-69,0.513,0.000,0.518
2014/09/15 13:41:56,1.67,37.82245,-122.29998,29.199,63.446,0.0,-69,0.000,1.583,0.994
2014/09/15 13:42:01,1.67,37.82182,-122.29854,33.793,63.711,0.0,-69,0.702,0.000,1.250
2014/09/15 13:42:06,1.43,37.82103,-122.29736,39.370,60.090,0.0,-69,0.819,1.583,3.589
2014/09/15 13:42:11,1.28,37.81994,-122.29671,49.541,61.172,0.0,-75,0.701,1.042,2.158
2014/09/15 13:42:16,1.28,37.81871,-122.29677,51.837,62.730,0.0,-75,0.622,1.042,2.135
2014/09/15 13:42:21,1.26,37.81761,-122.29754,41.010,63.197,0.0,-75,1.114,0.000,0.000
2014/09/15 13:42:26,1.43,37.81666,-122.29861,19.685,63.543,0.0,-75,0.790,1.542,3.946
2014/09/15 13:42:31,1.43,37.81573,-122.29969,7.546,60.357,0.0,-75,0.835,1.042,2.011
2014/09/15 13:42:36,1.43,37.81482,-122.30077,4.265,64.633,0.0,-75,0.710,1.042,3.538
2014/09/15 13:42:41,1.43,37.81392,-122.30190,3.281,63.707,0.0,-85,0.615,0.000,1.751
2014/09/15 13:42:46,1.43,37.81295,-122.30303,1.969,66.136,0.0,-85,0.439,1.042,4.115
2014/09/15 13:42:51,1.43,37.81185,-122.30396,4.921,64.282,0.0,-85,0.295,0.542,2.141
2014/09/15 13:42:56,1.43,37.81072,-122.30457,3.609,60.015,0.0,-85,0.389,1.083,1.688
2014/09/15 13:43:01,1.53,37.80952,-122.30486,-2.953,62.815,0.0,-85,0.864,0.000,1.945
2014/09/15 13:43:06,1.53,37.80822,-122.30492,-7.218,59.619,0.0,-85,0.887,1.625,0.000
2014/09/15 13:43:11,1.43,37.80716,-122.30473,-2.953,51.368,0.0,-85,0.932,1.042,3.858
2014/09/15 13:43:16,2.55,37.80621,-122.30436,9.843,49.347,0.0,-51,0.619,1.042,3.707
2014/09/15 13:43:21,1.43,37.80534,-122.30384,8.530,45.919,0.0,-51,1.119,0.000,0.910
2014/09/15 13:43:26,1.72,37.80455,-122.30324,5.906,42.968,0.0,-51,0.746,1.542,1.431
2014/09/15 13:43:31,1.67,37.80393,-122.30260,-0.656,36.759,0.0,-51,1.256,1.042,1.770
2014/09/15 13:43:36,1.74,37.80347,-122.30199,-2.625,31.868,0.0,-51,1.122,1.583,2.662
2014/09/15 13:43:41,1.47,37.80301,-122.30133,-5.249,39.334,0.0,-51,1.075,1.042,2.749
2014/09/15 13:43:46,2.01,37.80256,-122.30040,-4.265,46.343,0.0,-67,1.006,0.000,2.870
2014/09/15 13:43:51,1.65,37.80217,-122.29928,-2.625,50.020,0.0,-67,1.130,1.542,3.310
2014/09/15 13:43:56,1.43,37.80191,-122.29802,-0.328,52.442,0.0,-67,1.062,1.083,0.000
2014/09/15 13:44:01,1.43,37.80179,-122.29669,-8.858,52.423,0.0,-67,0.741,1.083,3.218
2014/09/15 13:44:06,1.43,37.80175,-122.29534,0.656,53.975,0.0,-67,0.692,1.125,2.121
2014/09/15 13:44:11,1.43,37.80183,-122.29401,9.514,50.354,0.0,-67,0.093,0.000,5.930
2014/09/15 13:44:16,1.43,37.80200,-122.29285,4.593,44.570,0.0,-85,0.648,0.542,0.882
2014/09/15 13:44:21,1.43,37.80245,-122.29190,-2.625,43.699,0.0,-85,0.926,0.000,1.919
2014/09/15 13:44:26,16.48,37.80297,-122.29130,-13.123,30.826,0.0,-85,0.529,1.167,2.273
2014/09/15 13:44:31,1.43,37.80318,-122.29112,-17.717,2.236,0.0,-85,0.843,0.583,0.000
2014/09/15 13:44:36,1.43,37.80327,-122.29103,-4.921,7.639,0.0,-85,1.613,0.000,6.609
2014/09/15 13:44:41,1.43,37.80337,-122.29084,-10.827,15.676,0.0,-85,0.910,0.542,1.670
2014/09/15 13:44:46,1.46,37.80326,-122.29034,-21.654,24.273,0.0,-85,0.607,1.125,1.651
2014/09/15 13:44:51,2.07,37.80313,-122.28980,-26.575,17.337,0.0,-85,0.400,0.000,1.198
2014/09/15 13:44:56,2.45,37.80309,-122.28957,-17.717,2.709,0.0,-85,0.247,1.125,1.921
2014/09/15 13:45:01,1.81,37.80306,-122.28956,-20.669,0.771,0.0,-85,0.000,0.542,1.994
2014/09/15 13:45:06,1.81,37.80307,-122.28956,-18.045,0.560,0.0,-85,0.288,1.125,2.281
2014/09/15 13:45:11,2.45,37.80306,-122.28957,-19.029,0.207,0.0,-85,0.398,1.125,1.257
2014/09/15 13:45:16,2.45,37.80303,-122.28958,-23.950,0.870,0.0,-85,0.678,0.000,1.350
2014/09/15 13:45:21,1.81,37.80301,-122.28953,-22.638,4.166,0.0,-89,0.281,1.125,0.000
2014/09/15 13:45:26,1.63,37.80301,-122.28948,-21.654,1.546,0.0,-89,0.273,0.000,0.000
2014/09/15 13:45:31,1.54,37.80303,-122.28946,-16.732,0.279,0.0,-89,0.263,0.583,1.842
2014/09/15 13:45:36,1.54,37.80299,-122.28944,-20.341,2.648,0.0,-89,0.571,1.083,0.000
2014/09/15 13:45:41,1.78,37.80297,-122.28943,-33.136,1.102,0.0,-89,0.563,0.000,0.000
2014/09/15 13:45:46,2.18,37.80292,-122.28933,-44.948,9.338,0.0,-89,0.304,0.542,0.000
2014/09/15 13:45:51,1.85,37.80280,-122.28902,-49.541,17.873,0.0,-87,0.137,0.000,0.000
2014/09/15 13:45:56,1.88,37.80268,-122.28843,-40.354,28.242,0.0,-87,0.165,0.667,7.002
2014/09/15 13:46:01,2.7,37.80253,-122.28775,-41.995,26.956,0.0,-87,0.453,0.000,0.869
2014/09/15 13:46:06,1.47,37.80241,-122.28702,-36.089,29.079,0.0,-87,0.428,0.000,0.000
2014/09/15 13:46:11,2.43,37.80220,-122.28629,-45.604,32.469,0.0,-87,0.070,0.000,8.811
2014/09/15 13:46:16,2.2,37.80197,-122.28549,-45.276,35.911,0.0,-87,0.870,0.083,0.269
2014/09/15 13:46:21,2.42,37.80174,-122.28466,-48.556,34.091,0.0,-79,1.305,0.000,1.004
2014/09/15 13:46:11,1.49,37.80152,-122.28384,-56.759,32.400,0.0,-79,0.763,0.875,0.899
2014/09/15 13:46:16,2.37,37.80128,-122.28309,-57.415,32.296,0.0,-79,0.000,0.000,0.655
2014/09/15 13:46:21,1.58,37.80109,-122.28256,-50.197,13.575,0.0,-79,0.000,0.000,1.258
2014/09/15 13:46:26,2.14,37.80106,-122.28247,-44.291,0.286,0.0,-79,0.000,0.000,0.815
2014/09/15 13:46:31,2.14,37.80106,-122.28247,-40.026,0.052,0.0,-79,3.762,4.250,0.671
2014/09/15 13:46:36,2.14,37.80106,-122.28248,-39.042,0.083,0.0,-63,2.112,1.333,1.142
2014/09/15 13:46:41,2.14,37.80106,-122.28248,-38.714,0.043,0.0,-63,1.898,0.833,0.986
2014/09/15 13:46:46,2.14,37.80106,-122.28248,-37.402,0.037,0.0,-63,0.914,1.083,0.715
2014/09/15 13:46:51,2.14,37.80105,-122.28248,-35.433,0.052,0.0,-63,1.791,1.208,0.689
2014/09/15 13:46:56,2.14,37.80105,-122.28247,-36.417,2.005,0.0,-63,1.625,1.000,1.050
2014/09/15 13:47:01,1.58,37.80095,-122.28222,-33.465,17.485,0.0,-63,1.897,0.958,0.870
2014/09/15 13:47:06,1.74,37.80074,-122.28170,-31.496,29.133,0.0,-63,1.839,1.208,0.683
2014/09/15 13:47:11,1.74,37.80043,-122.28092,-29.528,36.324,0.0,-59,0.676,1.000,1.282
2014/09/15 13:47:16,1.74,37.80012,-122.28011,-26.575,35.687,0.0,-59,1.080,0.000,1.052
2014/09/15 13:47:21,1.74,37.79978,-122.27932,-19.357,33.430,0.0,-59,1.271,0.958,0.826
2014/09/15 13:47:26,2.5,37.79952,-122.27856,-25.919,32.540,0.0,-59,1.640,1.250,0.614
2014/09/15 13:47:31,1.75,37.79925,-122.27784,-23.294,31.090,0.0,-59,1.901,1.208,1.113
2014/09/15 13:47:36,2.1,37.79896,-122.27718,-26.575,29.033,0.0,-59,1.696,0.750,1.022
2014/09/15 13:47:41,2.1,37.79871,-122.27661,-27.887,21.206,0.0,-61,2.416,0.917,0.249
2014/09/15 13:47:46,1.75,37.79850,-122.27644,-16.404,15.969,0.0,-61,1.792,1.000,0.482
2014/09/15 13:47:51,2.43,37.79813,-122.27665,-0.984,17.229,0.0,-61,1.010,0.833,0.757
2014/09/15 13:47:56,1.75,37.79792,-122.27661,-1.312,12.965,0.0,-61,0.831,1.125,0.890
2014/09/15 13:48:01,2.1,37.79774,-122.27620,-12.467,22.045,0.0,-61,1.688,0.958,1.242
2014/09/15 13:48:06,2.67,37.79757,-122.27579,-14.764,10.189,0.0,-61,1.153,0.875,0.797
2014/09/15 13:48:11,1.75,37.79754,-122.27576,-13.123,0.071,0.0,-61,0.854,1.083,0.690
2014/09/15 13:48:16,1.75,37.79753,-122.27573,-10.171,5.994,0.0,-61,0.856,1.083,1.190
2014/09/15 13:48:21,1.49,37.79741,-122.27545,-7.546,17.177,0.0,-61,1.059,0.875,0.930
2014/09/15 13:48:26,2.1,37.79724,-122.27503,-6.562,19.988,0.0,-61,0.933,1.083,0.659
2014/09/15 13:48:31,1.75,37.79705,-122.27455,-4.921,20.859,0.0,-61,1.490,1.083,0.882
2014/09/15 13:48:36,1.75,37.79689,-122.27408,-2.297,19.178,0.0,-61,0.420,0.500,1.759
2014/09/15 13:48:41,1.75,37.79670,-122.27364,4.265,20.739,0.0,-71,0.740,0.667,0.000
2014/09/15 13:48:46,2.43,37.79656,-122.27330,6.562,6.023,0.0,-71,2.657,1.750,0.000
2014/09/15 13:48:51,1.75,37.79645,-122.27305,6.234,16.011,0.0,-71,1.291,1.833,0.633
2014/09/15 13:48:56,1.75,37.79628,-122.27262,5.577,20.803,0.0,-71,1.779,2.250,1.448
2014/09/15 13:49:01,1.49,37.79610,-122.27216,5.906,19.349,0.0,-71,0.867,1.167,1.950
2014/09/15 13:49:06,1.75,37.79592,-122.27174,7.874,19.906,0.0,-71,0.887,0.000,0.784
2014/09/15 13:49:11,1.81,37.79576,-122.27129,9.186,17.730,0.0,-53,0.983,1.917,1.029
2014/09/15 13:49:16,2.43,37.79565,-122.27096,10.499,7.493,0.0,-53,1.046,2.250,2.103
2014/09/15 13:49:21,2.43,37.79563,-122.27093,9.843,1.415,0.0,-53,0.897,1.792,0.000
2014/09/15 13:49:26,2.1,37.79555,-122.27073,5.249,14.021,0.0,-53,0.708,0.667,6.730
2014/09/15 13:49:31,2.15,37.79537,-122.27029,0.984,22.988,0.0,-53,0.846,0.000,2.198
2014/09/15 13:49:36,1.76,37.79518,-122.26985,-2.297,13.492,0.0,-53,0.000,1.292,2.410
2014/09/15 13:49:41,2.44,37.79513,-122.26963,3.281,7.884,0.0,-53,0.000,1.292,2.610
2014/09/15 13:49:46,1.76,37.79535,-122.26945,16.404,15.513,0.0,-79,0.000,0.000,2.291
2014/09/15 13:49:51,1.76,37.79562,-122.26924,26.903,13.797,0.0,-79,0.000,1.333,0.000
2014/09/15 13:49:56,2.1,37.79570,-122.26895,12.467,17.552,0.0,-79,0.000,1.292,4.009
2014/09/15 13:50:01,2.44,37.79550,-122.26849,5.249,22.109,0.0,-79,0.000,0.000,2.639
2014/09/15 13:50:06,2.44,37.79537,-122.26817,1.969,0.791,0.0,-79,0.000,1.333,2.310
2014/09/15 13:50:11,2.1,37.79537,-122.26818,-1.640,0.085,0.0,-79,0.000,1.292,2.423
2014/09/15 13:50:16,2.12,37.79538,-122.26817,0.000,0.064,0.0,-73,0.000,1.292,3.338
2014/09/15 13:50:21,1.76,37.79537,-122.26813,0.328,7.208,0.0,-73,0.000,0.000,3.970
2014/09/15 13:50:26,2.67,37.79526,-122.26784,-4.921,15.600,0.0,-73,0.000,1.333,0.000
