Date-Time,DOP,Latitude,Longitude,Altitude (ft),Speed (mph),Heading (deg),mod1 SS (dBm),mod1 Down (Mbs),mod1 Up (Mbs),mod1 Ping (Sec)
2014/09/23 11:49:18,2.05,38.23606,-122.08429,62.992,0.020,0.0,-75,2.731,1.375,0.158
2014/09/23 11:49:23,2.05,38.23606,-122.08429,64.961,0.012,0.0,-75,1.949,1.208,0.602
2014/09/23 11:49:28,2.05,38.23606,-122.08429,65.617,0.013,0.0,-75,1.277,1.542,0.410
2014/09/23 11:49:33,2.05,38.23606,-122.08429,66.273,0.018,0.0,-75,1.319,1.833,0.541
2014/09/23 11:49:38,2.05,38.23605,-122.08429,65.617,0.059,0.0,-75,1.268,1.500,0.678
2014/09/23 11:49:43,2.05,38.23605,-122.08429,64.304,0.011,0.0,-75,1.079,1.500,0.841
2014/09/23 11:49:48,2.05,38.23605,-122.08429,62.992,0.018,0.0,-75,1.240,1.583,0.453
2014/09/23 11:49:53,2.05,38.23605,-122.08429,62.336,0.048,0.0,-75,2.147,1.458,0.328
2014/09/23 11:49:58,2.05,38.23605,-122.08429,62.008,0.053,0.0,-75,1.523,1.708,0.566
2014/09/23 11:50:03,2.05,38.23605,-122.08429,62.008,0.024,0.0,-75,1.312,0.000,0.489
2014/09/23 11:50:08,2.7,38.23605,-122.08429,62.664,0.054,0.0,-75,1.597,1.625,0.339
2014/09/23 11:50:13,2.05,38.23605,-122.08429,62.664,0.012,0.0,-75,1.376,1.417,0.452
2014/09/23 11:50:18,2.05,38.23605,-122.08429,62.992,0.035,0.0,-75,1.412,1.667,0.488
2014/09/23 11:50:23,2.05,38.23605,-122.08429,62.664,0.018,0.0,-75,0.826,1.958,0.992
2014/09/23 11:50:28,2.05,38.23605,-122.08429,62.664,0.054,0.0,-75,0.890,2.583,2.018
2014/09/23 11:50:33,2.69,38.23605,-122.08430,62.664,0.014,0.0,-75,1.423,1.875,4.466
2014/09/23 11:50:38,2.69,38.23605,-122.08430,62.992,0.058,0.0,-75,1.817,2.042,2.009
2014/09/23 11:50:43,2.06,38.23605,-122.08430,63.976,0.051,0.0,-75,1.384,0.000,0.000
2014/09/23 11:50:48,2.06,38.23605,-122.08430,65.289,0.012,0.0,-75,0.950,1.333,3.049
2014/09/23 11:50:53,2.06,38.23605,-122.08431,64.961,0.022,0.0,-73,0.722,2.042,1.674
2014/09/23 11:50:58,2.06,38.23604,-122.08431,65.617,0.022,0.0,-73,0.833,2.000,1.900
2014/09/23 11:51:03,2.06,38.23604,-122.08431,66.273,0.012,0.0,-73,1.019,2.042,2.106
2014/09/23 11:51:08,2.06,38.23604,-122.08430,65.617,0.047,0.0,-73,0.619,2.042,1.718
2014/09/23 11:51:13,2.06,38.23604,-122.08430,65.289,0.013,0.0,-73,0.877,0.000,0.000
2014/09/23 11:51:18,2.06,38.23604,-122.08431,64.304,0.007,0.0,-73,0.997,2.042,1.613
2014/09/23 11:51:23,2.06,38.23604,-122.08430,63.320,0.003,0.0,-75,1.047,2.000,0.000
2014/09/23 11:51:28,2.06,38.23605,-122.08430,62.664,0.039,0.0,-75,0.795,2.042,1.176
2014/09/23 11:51:33,2.06,38.23605,-122.08430,62.664,0.024,0.0,-75,0.901,1.333,2.469
2014/09/23 11:51:38,2.06,38.23605,-122.08430,62.664,0.070,0.0,-75,1.093,0.000,0.000
2014/09/23 11:51:43,2.06,38.23605,-122.08430,62.008,0.029,0.0,-75,0.702,1.375,2.718
2014/09/23 11:51:48,2.06,38.23605,-122.08430,61.352,0.048,0.0,-75,1.268,2.000,1.658
2014/09/23 11:51:53,2.06,38.23605,-122.08429,60.039,0.021,0.0,-77,1.346,0.000,2.853
2014/09/23 11:51:58,2.06,38.23605,-122.08429,59.383,0.024,0.0,-77,0.973,2.042,1.585
2014/09/23 11:52:03,2.06,38.23605,-122.08429,59.055,0.045,0.0,-77,1.134,2.042,1.833
2014/09/23 11:52:08,2.06,38.23605,-122.08429,58.399,0.009,0.0,-77,1.135,2.000,2.189
2014/09/23 11:52:13,2.06,38.23605,-122.08429,58.399,0.021,0.0,-77,1.523,2.042,1.518
2014/09/23 11:52:18,2.06,38.23605,-122.08429,58.071,0.012,0.0,-77,2.106,0.000,2.769
2014/09/23 11:52:23,2.06,38.23605,-122.08429,56.759,0.032,0.0,-75,2.206,2.000,2.513
2014/09/23 11:52:28,2.06,38.23605,-122.08428,56.430,0.008,0.0,-75,1.590,2.042,1.289
2014/09/23 11:52:33,2.06,38.23605,-122.08428,56.102,0.006,0.0,-75,1.118,2.042,1.545
2014/09/23 11:52:38,2.06,38.23605,-122.08428,55.446,0.032,0.0,-75,1.443,1.333,2.165
2014/09/23 11:52:43,2.06,38.23605,-122.08428,55.118,0.012,0.0,-75,0.837,0.000,2.452
2014/09/23 11:52:48,2.06,38.23605,-122.08428,55.118,0.010,0.0,-75,0.996,2.042,2.058
2014/09/23 11:52:53,2.06,38.23605,-122.08427,54.790,0.022,0.0,-75,1.116,2.042,2.601
2014/09/23 11:52:58,2.06,38.23606,-122.08427,53.806,0.053,0.0,-77,1.343,1.333,2.929
2014/09/23 11:53:03,2.06,38.23606,-122.08427,54.134,0.017,0.0,-77,1.107,1.333,2.546
2014/09/23 11:53:08,2.06,38.23606,-122.08427,54.790,0.035,0.0,-77,0.955,0.000,1.549
2014/09/23 11:53:13,2.06,38.23606,-122.08427,56.430,0.049,0.0,-77,1.246,2.042,1.977
2014/09/23 11:53:18,2.06,38.23605,-122.08427,57.087,0.003,0.0,-77,1.377,1.333,3.793
2014/09/23 11:53:23,2.64,38.23606,-122.08427,54.790,0.039,0.0,-77,0.431,0.708,0.000
2014/09/23 11:53:28,2.07,38.23606,-122.08427,53.478,0.026,0.0,-77,0.834,0.667,2.793
2014/09/23 11:53:33,2.07,38.23606,-122.08427,54.134,0.029,0.0,-77,1.093,1.333,2.650
2014/09/23 11:53:38,2.07,38.23606,-122.08427,56.102,0.009,0.0,-77,1.293,0.000,2.209
2014/09/23 11:53:43,2.07,38.23605,-122.08427,58.071,0.048,0.0,-77,1.225,2.042,1.442
2014/09/23 11:53:48,2.07,38.23605,-122.08427,57.743,0.039,0.0,-77,1.511,0.000,2.924
2014/09/23 11:53:53,2.07,38.23605,-122.08427,56.430,0.035,0.0,-77,1.631,2.042,3.472
2014/09/23 11:53:58,2.63,38.23605,-122.08427,53.478,0.016,0.0,-77,0.734,1.333,2.336
2014/09/23 11:54:03,2.62,38.23606,-122.08426,48.556,0.016,0.0,-77,1.183,0.000,2.521
2014/09/23 11:54:08,2.62,38.23605,-122.08426,46.916,0.013,0.0,-77,1.922,0.000,0.169
2014/09/23 11:54:13,2.07,38.23605,-122.08426,45.932,0.027,0.0,-77,1.111,0.125,0.157
2014/09/23 11:54:18,2.07,38.23605,-122.08426,46.588,0.021,0.0,-77,1.103,1.958,0.347
2014/09/23 11:54:23,2.07,38.23605,-122.08426,45.604,0.034,0.0,-77,1.008,0.000,0.565
2014/09/23 11:54:28,2.07,38.23605,-122.08426,46.260,0.030,0.0,-75,1.400,1.708,0.492
2014/09/23 11:54:33,2.07,38.23605,-122.08426,48.885,0.028,0.0,-75,1.698,1.708,0.476
2014/09/23 11:54:38,2.07,38.23605,-122.08426,51.181,0.011,0.0,-75,1.897,1.625,0.269
2014/09/23 11:54:43,2.61,38.23605,-122.08427,54.462,0.023,0.0,-75,1.091,1.375,0.498
2014/09/23 11:54:48,2.07,38.23605,-122.08427,56.759,0.054,0.0,-75,0.000,1.583,0.464
2014/09/23 11:54:53,2.07,38.23605,-122.08426,60.039,0.024,0.0,-75,0.909,1.833,0.489
2014/09/23 11:54:58,2.07,38.23605,-122.08426,62.664,0.036,0.0,-75,1.455,1.792,0.496
2014/09/23 11:55:03,2.07,38.23605,-122.08426,65.617,0.012,0.0,-75,1.469,1.833,0.465
2014/09/23 11:55:08,2.07,38.23605,-122.08426,66.273,0.035,0.0,-75,1.843,1.708,0.748
2014/09/23 11:55:13,2.07,38.23605,-122.08426,67.913,0.015,0.0,-75,1.271,1.625,0.482
2014/09/23 11:55:18,2.07,38.23605,-122.08427,70.538,0.037,0.0,-75,1.120,1.708,0.454
2014/09/23 11:55:23,2.07,38.23605,-122.08427,70.210,0.048,0.0,-75,1.104,1.833,0.857
2014/09/23 11:55:28,2.07,38.23605,-122.08427,69.226,0.007,0.0,-75,0.821,1.625,0.482
2014/09/23 11:55:33,2.6,38.23605,-122.08427,64.633,0.012,0.0,-75,0.756,1.833,0.434
2014/09/23 11:55:38,2.07,38.23605,-122.08427,62.992,0.045,0.0,-75,0.863,1.833,0.462
2014/09/23 11:55:43,2.59,38.23605,-122.08427,61.024,0.023,0.0,-75,1.868,1.708,0.450
2014/09/23 11:55:48,2.07,38.23605,-122.08426,58.399,0.027,0.0,-75,1.891,1.792,0.318
2014/09/23 11:55:53,2.07,38.23605,-122.08426,55.446,0.001,0.0,-75,2.225,1.583,0.290
2014/09/23 11:55:58,2.07,38.23605,-122.08426,54.462,0.052,0.0,-75,1.686,1.667,0.542
2014/09/23 11:56:03,2.07,38.23605,-122.08426,54.462,0.034,0.0,-77,1.032,1.667,0.450
2014/09/23 11:56:08,2.07,38.23605,-122.08426,55.774,0.044,0.0,-77,1.071,1.875,0.490
2014/09/23 11:56:13,2.07,38.23605,-122.08426,58.399,0.037,0.0,-77,1.154,1.750,0.433
2014/09/23 11:56:18,2.07,38.23605,-122.08426,59.711,0.016,0.0,-77,1.075,0.000,0.406
2014/09/23 11:56:23,2.58,38.23605,-122.08426,57.087,0.039,0.0,-77,1.060,1.833,0.475
2014/09/23 11:56:28,2.58,38.23605,-122.08425,54.790,0.039,0.0,-77,1.801,1.708,0.374
2014/09/23 11:56:34,2.58,38.23606,-122.08425,51.509,0.032,0.0,-77,1.882,1.833,0.466
2014/09/23 11:56:39,2.07,38.23606,-122.08425,50.853,0.050,0.0,-77,1.804,1.750,0.462
2014/09/23 11:56:44,2.57,38.23606,-122.08425,52.165,0.042,0.0,-77,0.727,1.708,0.398
2014/09/23 11:56:49,2.07,38.23605,-122.08425,54.790,0.040,0.0,-77,1.689,1.625,0.332
2014/09/23 11:56:54,1.93,38.23605,-122.08425,57.415,0.036,0.0,-77,2.369,1.667,0.278
2014/09/23 11:56:59,1.93,38.23605,-122.08425,58.399,0.065,0.0,-77,1.619,1.833,0.503
2014/09/23 11:57:04,1.93,38.23605,-122.08426,60.696,0.016,0.0,-77,1.442,1.833,0.555
2014/09/23 11:57:09,1.93,38.23605,-122.08426,62.992,0.024,0.0,-77,1.612,1.708,0.500
2014/09/23 11:57:14,1.93,38.23605,-122.08426,64.304,0.016,0.0,-77,1.426,1.667,0.586
2014/09/23 11:57:19,1.93,38.23605,-122.08426,65.945,0.027,0.0,-77,1.074,1.750,0.410
2014/09/23 11:57:24,1.93,38.23605,-122.08426,67.585,0.052,0.0,-77,1.059,1.583,0.578
2014/09/23 11:57:29,1.93,38.23605,-122.08425,67.585,0.013,0.0,-77,1.102,1.833,0.453
2014/09/23 11:57:34,1.93,38.23605,-122.08425,66.601,0.034,0.0,-77,1.381,1.833,0.447
2014/09/23 11:57:39,1.93,38.23605,-122.08425,65.289,0.027,0.0,-75,1.585,1.833,0.466
2014/09/23 11:57:44,1.93,38.23605,-122.08425,62.992,0.014,0.0,-75,1.097,1.708,0.422
2014/09/23 11:57:49,1.93,38.23605,-122.08424,61.024,0.030,0.0,-75,1.074,1.583,0.422
2014/09/23 11:57:54,1.93,38.23605,-122.08424,60.696,0.009,0.0,-75,1.085,1.625,0.690
2014/09/23 11:57:59,1.93,38.23605,-122.08424,58.727,0.042,0.0,-75,0.819,1.583,0.764
2014/09/23 11:58:04,1.93,38.23605,-122.08424,57.087,0.025,0.0,-75,0.802,1.208,0.602
2014/09/23 11:58:09,1.93,38.23605,-122.08423,58.071,0.072,0.0,-77,0.646,1.375,0.418
2014/09/23 11:58:14,1.93,38.23605,-122.08424,58.399,0.002,0.0,-77,1.406,1.833,0.430
2014/09/23 11:58:19,1.93,38.23605,-122.08424,58.727,0.017,0.0,-77,1.210,1.750,0.489
2014/09/23 11:58:24,1.93,38.23605,-122.08424,59.055,0.050,0.0,-77,1.435,1.542,0.675
2014/09/23 11:58:29,1.93,38.23605,-122.08423,59.055,0.029,0.0,-77,1.142,1.708,0.510
2014/09/23 11:58:34,1.93,38.23604,-122.08423,58.071,0.009,0.0,-77,1.362,0.000,0.530
2014/09/23 11:58:39,1.94,38.23604,-122.08423,57.087,0.014,0.0,-77,1.245,0.000,0.164
2014/09/23 11:58:44,1.94,38.23604,-122.08422,54.462,0.017,0.0,-77,1.035,0.167,0.205
2014/09/23 11:58:49,2.25,38.23604,-122.08422,53.806,0.008,0.0,-77,0.609,1.333,1.159
2014/09/23 11:58:54,1.94,38.23604,-122.08423,53.150,0.024,0.0,-77,0.359,0.875,1.021
2014/09/23 11:58:59,1.94,38.23604,-122.08423,54.790,0.027,0.0,-77,0.548,0.958,0.746
2014/09/23 11:59:04,1.94,38.23604,-122.08423,57.415,0.032,0.0,-77,1.053,0.000,0.610
2014/09/23 11:59:09,1.94,38.23603,-122.08423,59.711,0.007,0.0,-77,0.903,1.125,0.658
2014/09/23 11:59:14,1.94,38.23603,-122.08423,62.336,0.024,0.0,-77,1.507,1.083,0.511
2014/09/23 11:59:19,1.94,38.23603,-122.08424,63.648,0.024,0.0,-77,1.542,1.667,0.766
2014/09/23 11:59:24,1.94,38.23603,-122.08424,65.289,0.035,0.0,-77,1.423,1.583,0.650
2014/09/23 11:59:29,1.94,38.23602,-122.08424,66.601,0.016,0.0,-77,1.782,1.625,0.733
2014/09/23 11:59:34,2.08,38.23603,-122.08424,64.961,0.033,0.0,-77,1.562,1.583,0.450
2014/09/23 11:59:39,1.94,38.23603,-122.08424,62.992,0.009,0.0,-77,1.458,1.833,0.581
2014/09/23 11:59:44,1.94,38.23603,-122.08425,61.680,0.016,0.0,-77,1.538,1.625,0.494
2014/09/23 11:59:49,1.94,38.23603,-122.08425,61.024,0.031,0.0,-77,1.058,1.458,0.579
2014/09/23 11:59:54,1.94,38.23603,-122.08425,62.664,0.022,0.0,-77,1.324,1.708,0.437
2014/09/23 11:59:59,1.94,38.23602,-122.08425,65.289,0.016,0.0,-77,0.899,1.458,0.946
2014/09/23 12:00:04,1.94,38.23602,-122.08425,66.273,0.032,0.0,-77,1.074,0.958,0.834
2014/09/23 12:00:09,1.94,38.23602,-122.08425,66.273,0.015,0.0,-77,1.192,1.250,0.658
2014/09/23 12:00:14,1.94,38.23603,-122.08425,66.601,0.009,0.0,-77,1.530,0.833,0.958
2014/09/23 12:00:19,1.94,38.23603,-122.08425,65.617,0.015,0.0,-77,1.205,1.000,0.786
2014/09/23 12:00:24,1.94,38.23603,-122.08425,63.648,0.035,0.0,-77,1.170,1.208,0.726
2014/09/23 12:00:29,1.94,38.23603,-122.08425,60.039,0.018,0.0,-77,0.785,0.833,1.266
2014/09/23 12:00:34,1.94,38.23603,-122.08426,58.071,0.027,0.0,-77,1.013,1.083,0.782
2014/09/23 12:00:39,1.94,38.23603,-122.08426,55.774,0.026,0.0,-77,1.183,1.000,0.838
2014/09/23 12:00:44,1.94,38.23603,-122.08426,53.806,0.032,0.0,-77,1.291,0.833,1.294
2014/09/23 12:00:49,1.94,38.23603,-122.08426,52.165,0.024,0.0,-77,0.726,0.000,0.946
2014/09/23 12:00:54,1.94,38.23603,-122.08425,50.525,0.050,0.0,-77,0.939,1.083,0.670
2014/09/23 12:00:59,1.94,38.23604,-122.08425,48.556,0.021,0.0,-77,0.903,1.250,1.223
2014/09/23 12:01:04,1.94,38.23604,-122.08425,47.900,0.024,0.0,-77,0.722,0.875,0.966
2014/09/23 12:01:09,1.94,38.23604,-122.08425,47.572,0.015,0.0,-77,1.230,1.083,0.654
2014/09/23 12:01:14,1.94,38.23604,-122.08425,48.556,0.024,0.0,-77,0.799,1.333,1.214
2014/09/23 12:01:19,1.94,38.23604,-122.08425,46.260,0.014,0.0,-77,1.396,0.875,1.018
2014/09/23 12:01:24,1.94,38.23604,-122.08425,43.963,0.014,0.0,-77,1.242,1.083,0.770
2014/09/23 12:01:29,1.94,38.23604,-122.08425,41.667,0.009,0.0,-77,1.319,1.208,1.334
2014/09/23 12:01:34,1.94,38.23604,-122.08425,38.058,0.016,0.0,-77,1.927,0.833,0.894
2014/09/23 12:01:39,1.94,38.23604,-122.08426,36.089,0.027,0.0,-77,1.238,1.000,0.766
2014/09/23 12:01:44,1.94,38.23604,-122.08426,37.073,0.014,0.0,-77,1.245,1.083,0.770
2014/09/23 12:01:49,1.94,38.23604,-122.08426,39.698,0.018,0.0,-77,0.981,0.833,1.140
2014/09/23 12:01:54,1.94,38.23604,-122.08426,40.682,0.027,0.0,-77,0.711,0.000,1.178
2014/09/23 12:01:59,1.94,38.23604,-122.08426,41.010,0.027,0.0,-77,0.785,0.958,0.998
2014/09/23 12:02:04,1.94,38.23604,-122.08426,41.667,0.042,0.0,-77,0.743,0.875,0.536
2014/09/23 12:02:09,1.94,38.23605,-122.08426,41.010,0.052,0.0,-77,0.770,0.917,0.962
2014/09/23 12:02:14,1.94,38.23605,-122.08429,40.354,2.965,0.0,-77,1.102,1.125,2.125
2014/09/23 12:02:19,2.08,38.23602,-122.08433,40.354,0.012,0.0,-75,1.975,1.167,0.000
2014/09/23 12:02:24,1.94,38.23604,-122.08431,38.386,3.620,0.0,-75,1.270,0.000,4.094
2014/09/23 12:02:29,1.94,38.23614,-122.08431,37.402,5.273,0.0,-75,1.298,0.667,2.187
2014/09/23 12:02:34,1.94,38.23620,-122.08445,38.386,8.778,0.0,-75,1.016,1.375,1.642
2014/09/23 12:02:39,1.94,38.23620,-122.08469,37.402,8.878,0.0,-75,1.099,1.208,2.418
2014/09/23 12:02:44,1.94,38.23613,-122.08486,34.449,8.709,0.0,-75,0.868,1.208,4.350
2014/09/23 12:02:49,1.94,38.23594,-122.08491,33.793,9.658,0.0,-81,1.143,0.458,0.000
2014/09/23 12:02:54,1.95,38.23590,-122.08492,34.449,0.032,0.0,-81,0.888,0.000,4.902
2014/09/23 12:02:59,1.95,38.23584,-122.08490,35.433,6.230,0.0,-81,1.179,0.917,3.125
2014/09/23 12:03:04,2.08,38.23580,-122.08468,36.089,11.294,0.0,-81,1.533,1.375,0.000
2014/09/23 12:03:09,1.95,38.23581,-122.08444,34.777,7.586,0.0,-81,1.269,1.125,4.422
2014/09/23 12:03:14,1.95,38.23580,-122.08420,33.136,11.551,0.0,-81,0.931,0.000,3.093
2014/09/23 12:03:19,1.95,38.23592,-122.08394,36.089,14.477,0.0,-81,0.609,1.625,2.058
2014/09/23 12:03:24,2.08,38.23629,-122.08394,34.121,21.907,0.0,-77,1.060,1.125,3.226
2014/09/23 12:03:29,1.95,38.23677,-122.08397,35.761,24.634,0.0,-77,1.404,1.125,2.770
2014/09/23 12:03:34,2.21,38.23730,-122.08399,35.105,26.796,0.0,-77,0.998,0.000,2.863
2014/09/23 12:03:39,2.21,38.23785,-122.08401,30.840,27.808,0.0,-77,1.239,1.667,1.593
2014/09/23 12:03:44,1.95,38.23838,-122.08403,33.136,22.925,0.0,-77,1.108,1.667,2.722
2014/09/23 12:03:49,1.95,38.23885,-122.08404,32.480,22.607,0.0,-77,1.617,1.667,1.466
2014/09/23 12:03:54,1.95,38.23917,-122.08406,31.496,10.237,0.0,-71,2.266,1.708,0.370
2014/09/23 12:03:59,1.95,38.23951,-122.08412,32.480,22.055,0.0,-71,1.734,1.125,0.430
2014/09/23 12:04:04,1.95,38.23997,-122.08415,31.496,19.227,0.0,-71,1.661,0.000,0.360
2014/09/23 12:04:09,1.95,38.24008,-122.08414,35.433,0.006,0.0,-71,1.043,1.667,0.338
2014/09/23 12:04:14,1.95,38.24008,-122.08413,35.105,0.026,0.0,-71,1.238,1.667,1.177
2014/09/23 12:04:19,1.95,38.24015,-122.08415,35.433,8.983,0.0,-71,1.150,1.125,1.442
2014/09/23 12:04:24,1.95,38.24023,-122.08449,35.433,19.943,0.0,-67,1.318,1.125,1.977
2014/09/23 12:04:29,1.95,38.24014,-122.08515,39.698,30.560,0.0,-67,2.039,0.000,3.005
2014/09/23 12:04:34,1.95,38.24003,-122.08602,44.948,37.303,0.0,-67,0.000,1.667,1.514
2014/09/23 12:04:39,1.95,38.23992,-122.08700,50.197,40.088,0.0,-67,2.167,1.708,1.025
2014/09/23 12:04:44,2.09,38.23987,-122.08807,55.774,43.683,0.0,-67,1.042,1.708,0.934
2014/09/23 12:04:49,1.95,38.23988,-122.08923,60.039,46.607,0.0,-67,1.013,1.083,2.386
2014/09/23 12:04:54,1.95,38.23996,-122.09045,65.617,49.804,0.0,-57,1.226,1.708,1.933
2014/09/23 12:04:59,1.95,38.24007,-122.09175,67.913,52.981,0.0,-57,1.592,0.000,1.758
2014/09/23 12:05:04,1.95,38.24001,-122.09311,64.961,53.535,0.0,-57,1.081,1.708,1.830
2014/09/23 12:05:09,1.95,38.23974,-122.09445,58.399,54.945,0.0,-57,0.745,1.750,1.962
2014/09/23 12:05:14,1.95,38.23925,-122.09570,50.853,55.161,0.0,-57,1.165,0.000,1.777
2014/09/23 12:05:19,1.95,38.23858,-122.09684,42.979,54.544,0.0,-57,0.971,0.000,0.158
2014/09/23 12:05:24,1.95,38.23789,-122.09795,41.010,56.960,0.0,-57,1.003,0.167,0.209
2014/09/23 12:05:29,1.95,38.23729,-122.09911,41.667,54.565,0.0,-71,1.575,1.958,0.408
2014/09/23 12:05:34,1.95,38.23670,-122.10033,41.667,58.279,0.0,-71,0.895,1.875,0.446
2014/09/23 12:05:39,1.95,38.23609,-122.10165,40.026,59.402,0.0,-71,1.292,1.667,0.509
2014/09/23 12:05:44,1.95,38.23549,-122.10301,39.042,64.665,0.0,-71,1.530,1.750,0.349
2014/09/23 12:05:49,1.95,38.23482,-122.10447,38.058,65.557,0.0,-71,1.267,1.708,0.499
2014/09/23 12:05:54,1.95,38.23419,-122.10594,36.745,65.969,0.0,-71,0.831,0.917,1.045
2014/09/23 12:05:59,1.95,38.23354,-122.10741,36.417,66.410,0.0,-77,1.106,0.750,2.173
2014/09/23 12:06:04,1.95,38.23290,-122.10888,36.745,65.461,0.0,-77,0.843,0.000,1.182
2014/09/23 12:06:09,1.95,38.23227,-122.11033,37.730,64.743,0.0,-77,0.536,1.042,0.835
2014/09/23 12:06:14,1.95,38.23163,-122.11179,41.667,65.299,0.0,-77,0.995,1.083,0.698
2014/09/23 12:06:19,1.95,38.23100,-122.11327,43.307,67.287,0.0,-77,0.862,1.208,1.062
2014/09/23 12:06:24,1.95,38.23035,-122.11479,39.698,67.277,0.0,-77,0.757,0.875,0.765
2014/09/23 12:06:29,1.95,38.22971,-122.11629,36.745,65.941,0.0,-65,0.958,1.083,0.778
2014/09/23 12:06:34,1.95,38.22908,-122.11772,35.433,64.339,0.0,-65,1.166,1.333,0.706
2014/09/23 12:06:39,1.95,38.22843,-122.11918,33.465,66.011,0.0,-65,1.678,1.583,0.514
2014/09/23 12:06:44,1.95,38.22773,-122.12065,32.152,67.605,0.0,-65,1.159,1.375,0.742
2014/09/23 12:06:49,1.95,38.22701,-122.12209,31.168,66.181,0.0,-65,0.808,1.458,0.483
2014/09/23 12:06:54,1.85,38.22627,-122.12351,29.528,68.174,0.0,-65,0.894,1.750,0.460
2014/09/23 12:06:59,1.85,38.22544,-122.12496,28.871,71.278,0.0,-73,0.679,1.333,0.481
2014/09/23 12:07:04,1.85,38.22458,-122.12643,28.543,72.030,0.0,-73,0.995,1.125,0.466
2014/09/23 12:07:09,1.85,38.22369,-122.12788,29.528,72.392,0.0,-73,0.617,0.833,0.337
2014/09/23 12:07:14,1.85,38.22277,-122.12931,28.871,72.709,0.0,-73,1.073,1.667,0.538
2014/09/23 12:07:19,1.85,38.22181,-122.13070,27.559,71.517,0.0,-73,0.551,0.917,0.323
2014/09/23 12:07:24,1.91,38.22085,-122.13209,25.919,73.266,0.0,-73,0.553,0.833,0.597
2014/09/23 12:07:29,1.91,38.21988,-122.13348,25.262,72.153,0.0,-73,0.699,0.000,0.445
2014/09/23 12:07:34,1.91,38.21892,-122.13487,25.591,72.601,0.0,-69,0.807,0.917,0.278
2014/09/23 12:07:39,1.85,38.21799,-122.13626,27.231,71.758,0.0,-69,0.907,1.625,0.588
2014/09/23 12:07:44,1.85,38.21708,-122.13768,30.184,71.131,0.0,-69,0.235,0.250,0.758
2014/09/23 12:07:49,1.91,38.21618,-122.13900,33.465,66.947,0.0,-69,1.426,1.458,0.782
2014/09/23 12:07:54,1.85,38.21524,-122.14022,38.386,67.151,0.0,-69,1.637,2.333,1.960
2014/09/23 12:07:59,1.85,38.21434,-122.14152,41.667,69.009,0.0,-69,0.790,0.000,0.000
2014/09/23 12:08:04,1.85,38.21342,-122.14285,45.604,69.260,0.0,-57,1.032,2.250,4.637
2014/09/23 12:08:09,1.85,38.21251,-122.14417,49.541,69.126,0.0,-57,1.030,1.792,2.270
2014/09/23 12:08:14,1.85,38.21159,-122.14550,54.462,69.459,0.0,-57,0.985,1.208,2.882
2014/09/23 12:08:19,1.85,38.21066,-122.14684,59.383,69.932,0.0,-57,0.675,1.875,0.818
2014/09/23 12:08:24,1.85,38.20974,-122.14818,63.320,69.937,0.0,-57,0.577,1.833,0.782
2014/09/23 12:08:29,1.92,38.20881,-122.14951,64.961,69.314,0.0,-57,0.667,0.000,0.963
2014/09/23 12:08:34,1.85,38.20780,-122.15075,66.929,69.292,0.0,-71,0.117,0.583,2.111
2014/09/23 12:08:39,1.85,38.20679,-122.15193,79.396,67.309,0.0,-71,0.523,0.667,1.967
2014/09/23 12:08:44,1.85,38.20581,-122.15306,95.144,64.681,0.0,-71,0.219,0.583,0.994
2014/09/23 12:08:49,1.85,38.20488,-122.15414,109.580,61.674,0.0,-71,0.000,0.000,1.593
2014/09/23 12:08:54,1.85,38.20396,-122.15520,124.016,61.634,0.0,-71,0.575,1.792,3.274
2014/09/23 12:08:59,1.85,38.20306,-122.15624,141.732,59.447,0.0,-71,0.403,1.167,0.687
2014/09/23 12:09:04,1.85,38.20218,-122.15724,159.777,58.216,0.0,-69,1.515,1.792,1.525
2014/09/23 12:09:09,1.85,38.20129,-122.15826,176.837,59.835,0.0,-69,0.671,1.208,0.933
2014/09/23 12:09:14,1.85,38.20038,-122.15930,190.945,62.690,0.0,-69,0.855,0.000,0.000
2014/09/23 12:09:19,1.85,38.19943,-122.16039,204.396,64.169,0.0,-69,0.800,1.167,1.461
2014/09/23 12:09:24,1.85,38.19847,-122.16149,218.176,64.897,0.0,-69,0.351,0.000,0.000
2014/09/23 12:09:29,1.85,38.19749,-122.16262,231.955,66.878,0.0,-69,0.333,0.708,2.358
2014/09/23 12:09:34,1.85,38.19647,-122.16378,247.047,68.043,0.0,-69,0.358,0.583,0.594
2014/09/23 12:09:39,1.92,38.19546,-122.16490,264.436,64.928,0.0,-73,0.812,1.167,0.767
2014/09/23 12:09:44,1.85,38.19443,-122.16583,279.199,62.461,0.0,-73,0.545,0.000,0.878
2014/09/23 12:09:49,1.85,38.19338,-122.16675,293.307,63.922,0.0,-73,0.318,1.833,2.510
2014/09/23 12:09:54,1.85,38.19233,-122.16770,309.383,64.047,0.0,-73,0.713,1.792,1.110
2014/09/23 12:09:59,1.85,38.19133,-122.16869,321.522,62.290,0.0,-73,1.118,0.000,1.374
2014/09/23 12:10:04,1.85,38.19038,-122.16966,328.084,59.496,0.0,-73,0.548,0.583,3.271
2014/09/23 12:10:09,1.85,38.18954,-122.17071,331.037,58.864,0.0,-83,0.285,0.583,0.682
2014/09/23 12:10:14,1.85,38.18879,-122.17188,333.333,59.847,0.0,-83,0.436,1.208,1.307
2014/09/23 12:10:19,2.28,38.18814,-122.17318,331.693,61.538,0.0,-83,0.776,0.000,0.000
2014/09/23 12:10:24,2.24,38.18758,-122.17459,331.037,62.391,0.0,-83,0.000,0.000,0.000
2014/09/23 12:10:29,1.85,38.18713,-122.17608,334.646,62.050,0.0,-83,0.000,0.000,0.000
2014/09/23 12:10:34,2.23,38.18670,-122.17754,336.942,59.932,0.0,-83,0.000,0.000,0.000
2014/09/23 12:10:39,1.85,38.18627,-122.17891,340.551,57.467,0.0,-63,0.000,0.000,0.000
2014/09/23 12:10:44,1.85,38.18573,-122.18024,339.239,59.869,0.0,-63,0.000,0.000,2.042
2014/09/23 12:10:49,1.85,38.18502,-122.18155,341.864,63.800,0.0,-63,0.000,0.000,1.951
2014/09/23 12:10:54,1.85,38.18415,-122.18278,345.801,66.135,0.0,-63,0.105,0.083,0.175
2014/09/23 12:10:59,1.92,38.18314,-122.18388,352.034,66.245,0.0,-63,0.000,0.000,0.994
2014/09/23 12:11:04,1.85,38.18210,-122.18494,361.220,67.148,0.0,-63,1.286,0.833,0.726
2014/09/23 12:11:09,1.85,38.18115,-122.18619,375.000,69.156,0.0,-65,2.090,1.042,0.325
2014/09/23 12:11:14,1.85,38.18034,-122.18757,387.467,65.198,0.0,-65,3.036,1.208,0.570
2014/09/23 12:11:19,1.85,38.17955,-122.18885,395.341,63.356,0.0,-65,1.609,0.875,0.586
2014/09/23 12:11:24,1.85,38.17866,-122.18997,398.622,61.316,0.0,-65,2.102,1.083,0.729
2014/09/23 12:11:29,1.85,38.17747,-122.19108,400.919,61.911,0.0,-65,3.026,1.208,0.703
2014/09/23 12:11:34,1.85,38.17639,-122.19192,399.278,63.472,0.0,-65,1.215,0.500,0.938
2014/09/23 12:11:39,1.85,38.17530,-122.19277,399.278,63.946,0.0,-65,0.843,0.958,0.923
2014/09/23 12:11:44,1.93,38.17423,-122.19372,401.247,65.791,0.0,-67,1.995,1.125,0.762
2014/09/23 12:11:49,1.85,38.17327,-122.19485,405.840,65.246,0.0,-67,1.303,0.583,1.269
2014/09/23 12:11:54,1.85,38.17242,-122.19608,411.089,62.456,0.0,-67,0.689,1.083,0.794
2014/09/23 12:11:59,1.85,38.17160,-122.19728,418.963,62.316,0.0,-67,1.913,1.208,0.706
2014/09/23 12:12:04,1.92,38.17079,-122.19847,424.213,61.303,0.0,-67,0.000,0.375,2.732
2014/09/23 12:12:09,1.85,38.16997,-122.19964,429.134,61.640,0.0,-67,0.000,0.958,0.817
2014/09/23 12:12:14,2.22,38.16914,-122.20081,434.055,62.039,0.0,-79,0.000,0.833,0.974
2014/09/23 12:12:19,1.85,38.16832,-122.20196,441.601,60.654,0.0,-79,0.000,0.000,0.985
2014/09/23 12:12:24,1.85,38.16752,-122.20310,448.491,59.234,0.0,-79,0.003,0.500,0.767
2014/09/23 12:12:29,1.85,38.16673,-122.20422,454.068,59.441,0.0,-79,2.003,1.083,0.774
2014/09/23 12:12:34,1.85,38.16593,-122.20541,453.084,62.983,0.0,-79,1.084,1.208,0.714
2014/09/23 12:12:39,1.85,38.16511,-122.20669,444.882,65.786,0.0,-79,0.483,0.625,1.230
2014/09/23 12:12:44,1.85,38.16423,-122.20792,428.806,62.880,0.0,-81,0.000,0.708,0.000
2014/09/23 12:12:49,1.93,38.16327,-122.20897,405.512,63.071,0.0,-81,0.000,0.000,0.000
2014/09/23 12:12:54,1.85,38.16221,-122.20986,384.186,63.086,0.0,-81,0.000,0.000,0.000
2014/09/23 12:12:59,1.85,38.16108,-122.21066,361.877,65.249,0.0,-81,0.000,0.000,2.874
2014/09/23 12:13:04,1.89,38.15992,-122.21148,350.394,66.853,0.0,-81,0.051,0.000,0.183
2014/09/23 12:13:09,1.89,38.15875,-122.21231,355.971,66.236,0.0,-81,2.706,0.083,0.329
2014/09/23 12:13:14,1.93,38.15760,-122.21313,377.953,64.895,0.0,-81,2.590,0.833,0.210
2014/09/23 12:13:19,1.99,38.15646,-122.21393,400.591,65.003,0.0,-81,0.628,0.458,0.000
2014/09/23 12:13:24,1.89,38.15532,-122.21474,411.417,64.670,0.0,-81,0.000,0.000,0.000
2014/09/23 12:13:29,1.89,38.15420,-122.21554,415.026,62.719,0.0,-81,0.000,0.000,0.000
2014/09/23 12:13:34,1.84,38.15303,-122.21619,411.745,63.384,0.0,-81,0.000,0.000,0.000
2014/09/23 12:13:39,1.87,38.15182,-122.21666,397.966,62.068,0.0,-81,0.000,0.000,0.000
2014/09/23 12:13:44,1.84,38.15058,-122.21693,378.937,63.029,0.0,-81,0.025,0.000,0.203
2014/09/23 12:13:49,1.87,38.14931,-122.21701,360.236,63.689,0.0,-83,1.679,0.000,0.495
2014/09/23 12:13:54,1.97,38.14800,-122.21693,336.614,65.007,0.0,-83,1.264,0.042,0.630
2014/09/23 12:13:59,1.87,38.14668,-122.21687,310.039,65.962,0.0,-83,0.646,0.333,0.405
2014/09/23 12:14:04,1.94,38.14534,-122.21702,286.417,67.563,0.0,-83,0.837,1.417,0.864
2014/09/23 12:14:09,1.97,38.14400,-122.21738,262.139,68.530,0.0,-83,1.183,1.000,0.749
2014/09/23 12:14:14,1.84,38.14271,-122.21799,235.564,69.451,0.0,-83,1.114,1.083,0.729
2014/09/23 12:14:19,1.94,38.14146,-122.21875,206.365,68.343,0.0,-69,0.000,0.000,0.000
2014/09/23 12:14:24,1.97,38.14022,-122.21955,176.509,69.190,0.0,-69,0.000,0.000,0.000
2014/09/23 12:14:29,1.94,38.13895,-122.22039,145.341,75.345,0.0,-69,0.000,0.000,0.000
2014/09/23 12:14:34,1.84,38.13774,-122.22114,118.110,68.491,0.0,-69,0.000,0.000,0.000
2014/09/23 12:14:39,1.86,38.13654,-122.22190,103.675,66.577,0.0,-69,0.000,0.000,0.000
2014/09/23 12:14:44,1.86,38.13533,-122.22267,96.785,68.619,0.0,-69,0.000,0.000,0.000
2014/09/23 12:14:49,1.86,38.13410,-122.22346,91.535,69.312,0.0,-75,0.000,0.000,0.000
2014/09/23 12:14:54,1.84,38.13285,-122.22425,86.286,68.957,0.0,-75,0.000,0.000,0.161
2014/09/23 12:14:59,1.84,38.13163,-122.22503,85.630,67.467,0.0,-75,0.057,0.167,0.225
2014/09/23 12:15:04,1.86,38.13042,-122.22579,89.895,67.744,0.0,-75,2.362,1.708,0.277
2014/09/23 12:15:09,1.84,38.12918,-122.22659,93.832,71.394,0.0,-75,1.209,1.792,0.429
2014/09/23 12:15:14,1.84,38.12788,-122.22742,94.816,72.779,0.0,-75,1.310,1.833,0.457
2014/09/23 12:15:19,1.84,38.12658,-122.22824,97.769,72.279,0.0,-67,1.072,1.708,0.505
2014/09/23 12:15:24,1.84,38.12528,-122.22907,109.908,72.182,0.0,-67,1.000,1.708,0.477
2014/09/23 12:15:29,1.86,38.12396,-122.22977,120.407,71.073,0.0,-67,0.638,1.208,0.218
2014/09/23 12:15:34,1.99,38.12262,-122.23023,121.719,68.812,0.0,-67,1.056,1.625,0.309
2014/09/23 12:15:39,1.84,38.12127,-122.23048,113.189,65.433,0.0,-67,0.467,1.042,1.678
2014/09/23 12:15:44,2.07,38.11996,-122.23049,107.940,65.317,0.0,-67,0.436,0.000,0.741
2014/09/23 12:15:49,2.07,38.11858,-122.23036,101.050,69.138,0.0,-67,0.552,1.583,2.630
2014/09/23 12:15:54,1.98,38.11719,-122.23024,94.816,68.639,0.0,-87,0.709,1.250,0.000
2014/09/23 12:15:59,1.93,38.11581,-122.23013,87.598,68.078,0.0,-87,0.531,1.417,3.358
2014/09/23 12:16:04,1.93,38.11444,-122.23002,71.850,69.180,0.0,-87,0.404,0.000,3.005
2014/09/23 12:16:09,1.93,38.11302,-122.22991,52.822,71.631,0.0,-87,0.000,0.000,0.000
2014/09/23 12:16:14,1.93,38.11157,-122.22979,39.370,72.197,0.0,-87,0.000,0.000,0.000
2014/09/23 12:16:19,1.98,38.11013,-122.22972,33.136,71.019,0.0,-87,0.000,0.000,0.000
2014/09/23 12:16:24,1.98,38.10871,-122.22972,29.528,70.524,0.0,-89,0.000,0.000,0.000
2014/09/23 12:16:29,1.98,38.10731,-122.22975,28.215,68.965,0.0,-89,0.000,0.000,0.000
2014/09/23 12:16:34,2.17,38.10593,-122.22977,25.919,68.501,0.0,-89,0.000,0.000,0.000
2014/09/23 12:16:39,1.98,38.10456,-122.22979,24.934,67.971,0.0,-89,0.000,0.000,0.000
2014/09/23 12:16:44,2.07,38.10319,-122.22982,27.559,67.862,0.0,-89,0.000,0.000,0.884
2014/09/23 12:16:49,2.07,38.10184,-122.22983,33.465,66.015,0.0,-89,0.000,0.000,0.263
2014/09/23 12:16:54,2.07,38.10052,-122.22984,42.979,65.460,0.0,-83,0.016,0.042,0.290
2014/09/23 12:16:59,2.07,38.09921,-122.22988,54.790,64.473,0.0,-83,0.408,0.875,1.099
2014/09/23 12:17:04,1.73,38.09795,-122.22989,62.336,61.645,0.0,-83,0.572,0.708,1.474
2014/09/23 12:17:09,1.73,38.09673,-122.22991,68.898,59.598,0.0,-83,0.649,0.500,1.262
2014/09/23 12:17:14,1.65,38.09555,-122.22992,68.241,58.794,0.0,-83,1.217,0.875,1.354
2014/09/23 12:17:19,1.73,38.09436,-122.23002,58.399,59.733,0.0,-83,1.978,1.125,0.654
2014/09/23 12:17:24,1.52,38.09313,-122.23019,42.323,61.275,0.0,-53,2.240,0.833,0.798
2014/09/23 12:17:29,1.52,38.09192,-122.23040,32.480,60.235,0.0,-53,2.170,1.125,1.650
2014/09/23 12:17:34,1.52,38.09071,-122.23079,26.903,64.739,0.0,-53,0.968,1.083,0.166
2014/09/23 12:17:39,1.52,38.08941,-122.23133,17.388,69.565,0.0,-53,1.384,1.667,0.490
2014/09/23 12:17:44,1.52,38.08802,-122.23193,16.404,75.448,0.0,-53,0.621,1.833,0.410
2014/09/23 12:17:49,1.52,38.08660,-122.23254,27.559,73.898,0.0,-53,0.854,1.583,0.487
2014/09/23 12:17:54,1.55,38.08523,-122.23300,37.730,69.982,0.0,-53,1.708,1.833,0.491
2014/09/23 12:17:59,1.53,38.08385,-122.23333,43.307,68.018,0.0,-51,1.293,1.708,0.722
2014/09/23 12:18:04,1.53,38.08254,-122.23348,47.572,64.522,0.0,-51,1.325,0.000,0.830
2014/09/23 12:18:09,1.66,38.08127,-122.23347,49.869,62.389,0.0,-51,1.193,1.500,0.850
2014/09/23 12:18:14,1.61,38.08003,-122.23333,56.430,61.634,0.0,-51,0.729,0.958,3.086
2014/09/23 12:18:19,1.53,38.07881,-122.23305,74.475,62.268,0.0,-51,0.464,0.500,1.106
2014/09/23 12:18:24,1.66,38.07763,-122.23266,94.160,60.734,0.0,-51,0.792,0.833,0.927
2014/09/23 12:18:29,1.62,38.07650,-122.23214,102.362,59.712,0.0,-59,1.163,1.208,0.682
2014/09/23 12:18:34,1.62,38.07538,-122.23144,102.362,64.414,0.0,-59,1.400,1.458,0.554
2014/09/23 12:18:39,1.53,38.07425,-122.23061,104.331,64.656,0.0,-59,1.302,1.750,0.513
2014/09/23 12:18:44,1.62,38.07314,-122.22978,116.798,63.711,0.0,-59,1.926,1.667,0.545
2014/09/23 12:18:49,1.57,38.07208,-122.22898,130.906,60.868,0.0,-59,1.132,1.833,0.498
2014/09/23 12:18:54,1.9,38.07100,-122.22830,143.045,60.840,0.0,-59,0.654,1.833,0.497
2014/09/23 12:18:59,1.85,38.06984,-122.22776,150.919,60.647,0.0,-69,0.625,1.792,0.477
2014/09/23 12:19:04,1.51,38.06868,-122.22723,154.856,61.763,0.0,-69,0.953,1.833,0.474
2014/09/23 12:19:09,1.51,38.06746,-122.22682,161.089,62.099,0.0,-69,0.727,1.833,0.538
2014/09/23 12:19:14,1.58,38.06620,-122.22672,166.667,62.451,0.0,-69,1.070,1.542,0.306
2014/09/23 12:19:19,1.85,38.06491,-122.22665,166.339,63.632,0.0,-69,1.490,1.708,0.394
2014/09/23 12:19:24,1.62,38.06364,-122.22657,172.572,60.445,0.0,-69,2.487,1.708,0.210
2014/09/23 12:19:29,1.53,38.06242,-122.22649,175.853,61.817,0.0,-51,1.872,1.792,0.230
2014/09/23 12:19:34,1.62,38.06115,-122.22640,171.588,63.521,0.0,-51,1.404,1.833,0.437
2014/09/23 12:19:39,1.62,38.05987,-122.22631,164.698,63.044,0.0,-51,1.794,1.708,0.457
2014/09/23 12:19:44,1.68,38.05859,-122.22623,155.512,62.933,0.0,-51,1.347,1.708,0.475
2014/09/23 12:19:49,1.68,38.05731,-122.22614,145.341,63.455,0.0,-51,1.769,1.458,0.386
2014/09/23 12:19:54,1.53,38.05601,-122.22606,133.530,65.466,0.0,-51,1.623,1.750,0.562
2014/09/23 12:19:59,1.67,38.05471,-122.22621,126.312,64.198,0.0,-67,0.822,0.000,0.465
2014/09/23 12:20:04,1.67,38.05361,-122.22692,134.186,61.691,0.0,-67,1.302,1.833,0.477
2014/09/23 12:20:09,1.51,38.05274,-122.22801,149.934,61.865,0.0,-67,1.933,1.792,0.509
2014/09/23 12:20:14,1.51,38.05187,-122.22915,162.402,62.966,0.0,-67,1.065,1.875,0.582
2014/09/23 12:20:19,1.82,38.05101,-122.23030,180.118,61.658,0.0,-67,0.000,1.375,1.341
2014/09/23 12:20:24,1.82,38.05016,-122.23141,198.491,60.367,0.0,-67,0.000,1.542,0.849
2014/09/23 12:20:29,1.82,38.04932,-122.23251,215.551,60.150,0.0,-67,0.000,0.000,0.000
2014/09/23 12:20:34,1.82,38.04850,-122.23363,229.987,60.389,0.0,-87,0.000,0.250,0.482
2014/09/23 12:20:39,1.82,38.04768,-122.23479,233.924,62.469,0.0,-87,0.000,1.208,1.217
2014/09/23 12:20:44,2.13,38.04683,-122.23600,231.299,65.168,0.0,-87,0.000,0.833,0.482
2014/09/23 12:20:49,1.82,38.04594,-122.23726,229.987,66.121,0.0,-87,0.003,1.542,1.034
2014/09/23 12:20:54,1.82,38.04506,-122.23851,228.346,65.111,0.0,-87,1.865,1.000,0.350
2014/09/23 12:20:59,1.82,38.04420,-122.23973,225.394,62.850,0.0,-87,2.138,1.833,0.482
2014/09/23 12:21:04,1.51,38.04336,-122.24093,222.441,62.642,0.0,-57,3.090,1.708,0.545
2014/09/23 12:21:09,1.51,38.04251,-122.24212,221.129,63.675,0.0,-57,3.019,1.792,0.498
2014/09/23 12:21:14,1.51,38.04165,-122.24335,220.472,64.897,0.0,-57,2.971,1.542,0.210
2014/09/23 12:21:19,1.82,38.04077,-122.24460,218.504,67.259,0.0,-57,3.570,1.542,0.180
2014/09/23 12:21:24,1.82,38.03987,-122.24589,216.207,66.787,0.0,-57,3.347,1.667,0.530
2014/09/23 12:21:29,1.82,38.03898,-122.24713,213.255,64.951,0.0,-57,3.106,1.542,0.185
2014/09/23 12:21:34,1.52,38.03801,-122.24822,206.693,64.947,0.0,-65,3.561,0.000,0.194
2014/09/23 12:21:39,1.52,38.03695,-122.24920,203.412,65.295,0.0,-65,1.779,1.042,0.222
2014/09/23 12:21:44,1.52,38.03590,-122.25018,202.756,64.402,0.0,-65,1.862,0.250,0.377
2014/09/23 12:21:49,1.52,38.03485,-122.25116,201.772,65.707,0.0,-65,3.036,0.958,0.742
2014/09/23 12:21:54,1.52,38.03378,-122.25215,200.787,66.777,0.0,-65,2.910,1.542,0.633
2014/09/23 12:21:59,1.52,38.03268,-122.25317,197.835,67.969,0.0,-65,3.183,1.875,0.423
2014/09/23 12:22:04,1.52,38.03159,-122.25418,186.680,66.829,0.0,-63,3.231,1.792,0.277
2014/09/23 12:22:09,1.52,38.03049,-122.25521,170.276,70.139,0.0,-63,3.343,1.458,0.338
2014/09/23 12:22:14,1.52,38.02937,-122.25625,155.184,68.945,0.0,-63,3.497,0.625,0.213
2014/09/23 12:22:19,1.98,38.02824,-122.25729,138.123,69.349,0.0,-63,2.236,0.708,0.150
2014/09/23 12:22:24,1.98,38.02713,-122.25832,123.688,68.128,0.0,-63,2.587,0.000,0.164
2014/09/23 12:22:30,1.98,38.02604,-122.25933,109.252,67.474,0.0,-63,3.013,0.083,0.179
2014/09/23 12:22:35,1.65,38.02473,-122.26055,91.864,66.442,0.0,-63,2.994,1.208,0.164
2014/09/23 12:22:40,1.52,38.02365,-122.26154,77.756,66.452,0.0,-61,3.260,0.792,0.178
2014/09/23 12:22:45,1.98,38.02259,-122.26253,75.131,64.164,0.0,-61,3.747,1.292,0.225
2014/09/23 12:22:50,1.65,38.02159,-122.26346,86.286,62.853,0.0,-61,3.737,0.583,2.150
2014/09/23 12:22:55,1.98,38.02057,-122.26441,101.378,62.207,0.0,-61,0.791,1.250,0.283
2014/09/23 12:23:00,1.81,38.01958,-122.26533,115.814,59.998,0.0,-61,2.049,1.875,0.393
2014/09/23 12:23:05,1.98,38.01864,-122.26620,128.281,56.114,0.0,-61,2.640,0.000,0.157
2014/09/23 12:23:10,1.98,38.01776,-122.26701,128.609,53.839,0.0,-51,3.696,1.125,0.194
2014/09/23 12:23:15,1.81,38.01688,-122.26784,120.079,54.290,0.0,-51,3.580,1.250,0.338
2014/09/23 12:23:20,1.52,38.01599,-122.26866,109.908,54.462,0.0,-51,2.394,0.500,0.202
2014/09/23 12:23:25,1.99,38.01509,-122.26949,100.394,56.880,0.0,-51,2.388,0.375,0.157
2014/09/23 12:23:30,1.99,38.01416,-122.27036,89.567,58.294,0.0,-51,3.525,0.875,0.299
2014/09/23 12:23:35,1.66,38.01321,-122.27124,93.504,58.784,0.0,-51,3.484,0.625,0.166
2014/09/23 12:23:40,1.52,38.01225,-122.27213,103.018,58.984,0.0,-53,2.740,0.500,0.394
2014/09/23 12:23:46,1.66,38.01130,-122.27301,105.643,58.061,0.0,-53,2.484,0.583,0.177
2014/09/23 12:23:51,1.66,38.01035,-122.27390,100.722,60.817,0.0,-53,3.567,1.000,0.286
2014/09/23 12:23:56,1.66,38.00934,-122.27483,95.472,60.995,0.0,-53,3.663,0.875,0.186
2014/09/23 12:24:01,1.66,38.00837,-122.27572,98.753,59.221,0.0,-53,3.933,0.000,0.169
2014/09/23 12:24:06,1.8,38.00743,-122.27660,111.220,57.788,0.0,-53,3.654,0.833,0.156
2014/09/23 12:24:11,1.66,38.00649,-122.27748,124.344,59.270,0.0,-61,3.032,0.875,0.182
2014/09/23 12:24:16,3.14,38.00545,-122.27842,139.436,67.518,0.0,-61,3.298,1.042,0.283
2014/09/23 12:24:21,1.66,38.00433,-122.27943,154.199,68.367,0.0,-61,2.503,0.792,0.793
2014/09/23 12:24:26,1.66,38.00324,-122.28045,166.339,66.717,0.0,-61,0.798,0.208,0.306
2014/09/23 12:24:31,1.66,38.00215,-122.28145,164.370,67.235,0.0,-61,1.789,0.000,0.298
2014/09/23 12:24:36,1.52,38.00105,-122.28248,148.622,68.870,0.0,-61,1.750,0.125,0.222
2014/09/23 12:24:41,1.52,37.99991,-122.28353,130.906,70.349,0.0,-61,2.833,0.625,0.378
2014/09/23 12:24:46,1.52,37.99878,-122.28459,114.501,68.484,0.0,-61,1.506,0.250,1.869
2014/09/23 12:24:51,1.8,37.99769,-122.28563,93.504,67.649,0.0,-61,1.660,0.375,2.018
2014/09/23 12:24:56,1.52,37.99671,-122.28685,80.709,69.755,0.0,-61,1.400,0.500,1.667
2014/09/23 12:25:01,1.52,37.99589,-122.28828,82.021,68.849,0.0,-61,1.971,0.750,1.473
2014/09/23 12:25:06,3.16,37.99530,-122.28982,96.457,66.738,0.0,-61,2.048,0.000,0.257
2014/09/23 12:25:11,1.8,37.99492,-122.29142,112.205,66.392,0.0,-61,1.343,0.625,0.253
2014/09/23 12:25:16,1.8,37.99468,-122.29307,126.969,65.898,0.0,-63,1.000,0.500,0.318
2014/09/23 12:25:21,1.8,37.99445,-122.29471,141.732,66.092,0.0,-63,1.071,0.458,2.012
2014/09/23 12:25:26,1.8,37.99422,-122.29635,156.496,65.264,0.0,-63,1.244,0.250,0.000
2014/09/23 12:25:31,1.64,37.99400,-122.29798,170.604,64.318,0.0,-63,1.420,0.250,4.390
2014/09/23 12:25:36,1.52,37.99377,-122.29961,182.743,65.645,0.0,-63,1.516,0.000,2.742
2014/09/23 12:25:41,1.52,37.99354,-122.30126,189.304,66.074,0.0,-63,2.244,0.250,2.970
2014/09/23 12:25:46,1.8,37.99331,-122.30290,194.882,64.425,0.0,-57,2.631,0.625,2.010
2014/09/23 12:25:51,2.07,37.99305,-122.30449,200.787,64.236,0.0,-57,1.940,1.042,0.649
2014/09/23 12:25:56,3.18,37.99266,-122.30605,209.318,65.722,0.0,-57,0.000,0.375,2.756
2014/09/23 12:26:01,1.52,37.99213,-122.30760,221.785,66.202,0.0,-57,1.667,0.333,3.195
2014/09/23 12:26:06,1.52,37.99149,-122.30907,224.081,65.088,0.0,-57,1.667,0.375,2.719
2014/09/23 12:26:11,1.56,37.99074,-122.31041,231.955,64.629,0.0,-57,1.535,0.375,2.081
2014/09/23 12:26:16,1.52,37.98993,-122.31170,238.189,64.638,0.0,-79,1.305,0.375,2.327
2014/09/23 12:26:21,1.52,37.98900,-122.31288,245.079,66.499,0.0,-79,1.599,0.500,0.000
2014/09/23 12:26:26,1.68,37.98795,-122.31395,251.312,67.295,0.0,-79,1.407,0.000,3.335
2014/09/23 12:26:31,3.03,37.98680,-122.31487,256.890,69.447,0.0,-79,1.587,0.333,2.443
2014/09/23 12:26:36,1.79,37.98555,-122.31562,259.514,69.046,0.0,-79,1.525,0.542,2.622
2014/09/23 12:26:41,1.52,37.98423,-122.31615,260.827,68.691,0.0,-79,0.959,0.500,0.616
2014/09/23 12:26:46,1.57,37.98286,-122.31648,257.546,67.471,0.0,-73,1.997,1.250,0.224
2014/09/23 12:26:51,1.52,37.98154,-122.31679,256.234,65.792,0.0,-73,2.849,0.542,0.262
2014/09/23 12:26:56,1.54,37.98026,-122.31717,256.234,65.656,0.0,-73,2.063,0.000,0.000
2014/09/23 12:27:01,1.54,37.97898,-122.31760,262.467,64.060,0.0,-73,0.725,0.875,0.474
2014/09/23 12:27:06,1.52,37.97771,-122.31803,259.186,66.186,0.0,-73,1.910,1.500,1.710
2014/09/23 12:27:11,1.52,37.97642,-122.31846,248.360,66.362,0.0,-73,0.216,0.542,1.730
2014/09/23 12:27:16,1.54,37.97512,-122.31889,234.580,68.123,0.0,-73,0.419,1.125,0.570
2014/09/23 12:27:21,1.54,37.97377,-122.31935,219.160,70.245,0.0,-77,1.156,1.708,0.654
2014/09/23 12:27:26,1.54,37.97239,-122.31981,201.444,70.814,0.0,-77,2.025,1.125,0.207
2014/09/23 12:27:31,1.54,37.97102,-122.32026,184.711,69.431,0.0,-77,2.394,0.875,0.218
2014/09/23 12:27:36,1.81,37.96969,-122.32072,168.963,68.534,0.0,-77,2.461,0.375,0.189
2014/09/23 12:27:41,1.54,37.96835,-122.32117,152.887,69.455,0.0,-77,2.949,0.625,0.177
2014/09/23 12:27:46,1.52,37.96705,-122.32186,133.202,70.938,0.0,-77,3.410,0.875,0.209
2014/09/23 12:27:51,1.78,37.96596,-122.32301,115.486,72.939,0.0,-57,3.683,0.875,0.250
2014/09/23 12:27:56,1.57,37.96509,-122.32453,100.722,74.106,0.0,-57,3.240,0.750,0.221
2014/09/23 12:28:01,1.69,37.96427,-122.32609,89.895,72.751,0.0,-57,3.326,0.000,0.166
2014/09/23 12:28:06,1.52,37.96347,-122.32758,90.879,70.772,0.0,-57,2.888,0.625,0.202
2014/09/23 12:28:11,1.78,37.96257,-122.32889,101.050,67.704,0.0,-57,2.760,0.250,0.198
2014/09/23 12:28:16,1.52,37.96150,-122.32986,116.470,62.648,0.0,-57,3.821,0.708,0.158
2014/09/23 12:28:21,1.52,37.96037,-122.33048,129.921,61.507,0.0,-55,3.712,0.875,0.250
2014/09/23 12:28:26,1.52,37.95915,-122.33078,130.577,59.692,0.0,-55,1.843,0.250,0.350
2014/09/23 12:28:31,1.7,37.95792,-122.33075,127.297,62.999,0.0,-55,0.487,0.250,2.831
2014/09/23 12:28:36,1.52,37.95667,-122.33036,127.953,63.975,0.0,-55,0.492,1.583,0.266
2014/09/23 12:28:41,1.54,37.95550,-122.32972,125.656,63.008,0.0,-55,1.678,0.000,1.057
2014/09/23 12:28:46,1.52,37.95432,-122.32902,122.375,66.002,0.0,-55,2.356,2.042,0.182
2014/09/23 12:28:51,1.52,37.95310,-122.32831,117.454,66.166,0.0,-73,2.497,1.375,0.310
2014/09/23 12:28:56,1.52,37.95187,-122.32768,112.861,65.446,0.0,-73,2.096,0.458,0.401
2014/09/23 12:29:01,1.52,37.95062,-122.32709,104.659,66.647,0.0,-73,1.862,0.000,0.390
2014/09/23 12:29:06,1.7,37.94935,-122.32649,97.769,68.384,0.0,-73,1.514,0.458,0.222
2014/09/23 12:29:11,1.55,37.94806,-122.32587,89.895,68.210,0.0,-73,1.996,0.458,0.297
2014/09/23 12:29:16,1.8,37.94680,-122.32528,82.349,64.628,0.0,-73,1.254,0.000,0.474
2014/09/23 12:29:21,1.7,37.94557,-122.32470,76.115,65.388,0.0,-73,1.926,0.458,0.261
2014/09/23 12:29:26,1.7,37.94435,-122.32413,69.554,64.341,0.0,-85,1.804,0.458,0.285
2014/09/23 12:29:31,1.56,37.94309,-122.32385,66.601,64.658,0.0,-85,2.283,0.667,0.229
2014/09/23 12:29:36,1.56,37.94183,-122.32399,73.163,62.892,0.0,-85,2.733,0.000,1.018
2014/09/23 12:29:41,1.56,37.94066,-122.32451,82.677,61.038,0.0,-85,1.580,0.667,0.721
2014/09/23 12:29:46,1.56,37.93953,-122.32509,86.286,60.991,0.0,-85,1.888,0.708,0.717
2014/09/23 12:29:51,1.56,37.93840,-122.32567,88.583,59.647,0.0,-85,2.209,0.875,0.723
2014/09/23 12:29:56,1.56,37.93730,-122.32622,93.832,59.438,0.0,-75,1.439,0.000,0.435
2014/09/23 12:30:01,1.56,37.93617,-122.32676,95.801,60.102,0.0,-75,2.231,0.792,0.397
2014/09/23 12:30:06,1.54,37.93498,-122.32698,86.942,60.519,0.0,-75,2.500,0.667,0.410
2014/09/23 12:30:11,1.54,37.93377,-122.32674,81.365,60.272,0.0,-75,2.670,0.917,0.371
2014/09/23 12:30:16,1.54,37.93271,-122.32615,84.318,54.352,0.0,-75,3.301,1.125,0.182
2014/09/23 12:30:21,1.54,37.93172,-122.32544,88.911,58.811,0.0,-75,2.519,0.917,0.496
2014/09/23 12:30:26,1.54,37.93068,-122.32472,84.646,58.962,0.0,-55,1.669,0.667,1.302
2014/09/23 12:30:31,1.54,37.92964,-122.32401,75.787,58.218,0.0,-55,1.227,0.875,0.235
2014/09/23 12:30:36,1.54,37.92859,-122.32329,67.257,61.054,0.0,-55,1.675,0.917,0.482
2014/09/23 12:30:41,1.54,37.92747,-122.32252,65.289,62.846,0.0,-55,2.270,0.000,0.786
2014/09/23 12:30:46,1.54,37.92637,-122.32175,70.538,61.812,0.0,-55,2.840,1.125,0.482
2014/09/23 12:30:51,1.54,37.92529,-122.32098,74.147,62.292,0.0,-55,0.000,1.167,1.179
2014/09/23 12:30:56,1.59,37.92422,-122.32018,67.257,62.884,0.0,-59,1.702,0.417,3.054
2014/09/23 12:31:01,1.59,37.92313,-122.31938,57.087,62.433,0.0,-59,0.782,0.917,0.406
2014/09/23 12:31:06,1.78,37.92204,-122.31858,57.743,63.014,0.0,-59,1.600,0.000,0.314
2014/09/23 12:31:11,1.53,37.92086,-122.31795,65.289,63.390,0.0,-59,2.247,1.417,0.198
2014/09/23 12:31:16,1.53,37.91962,-122.31760,60.696,62.518,0.0,-59,3.195,1.167,0.705
2014/09/23 12:31:21,1.53,37.91838,-122.31753,53.478,61.416,0.0,-59,1.298,0.708,0.305
2014/09/23 12:31:26,1.53,37.91710,-122.31753,47.244,64.783,0.0,-59,2.846,0.667,0.538
2014/09/23 12:31:31,1.53,37.91580,-122.31754,42.323,64.697,0.0,-73,0.958,0.000,0.438
2014/09/23 12:31:36,1.58,37.91449,-122.31754,38.714,66.069,0.0,-73,1.398,0.458,0.310
2014/09/23 12:31:41,1.53,37.91316,-122.31753,35.761,66.094,0.0,-73,1.404,0.208,0.801
2014/09/23 12:31:46,1.56,37.91183,-122.31752,31.824,65.927,0.0,-73,0.997,0.000,0.808
2014/09/23 12:31:51,1.79,37.91050,-122.31726,29.856,68.480,0.0,-73,0.817,0.458,2.027
2014/09/23 12:31:56,1.79,37.90921,-122.31660,18.701,67.843,0.0,-73,0.134,0.000,2.952
2014/09/23 12:32:01,1.53,37.90802,-122.31578,7.874,66.033,0.0,-79,0.484,0.208,0.330
2014/09/23 12:32:06,1.58,37.90686,-122.31498,4.921,65.016,0.0,-79,0.715,0.000,1.722
2014/09/23 12:32:11,1.53,37.90573,-122.31421,15.092,63.373,0.0,-79,0.266,0.000,2.551
2014/09/23 12:32:16,1.79,37.90464,-122.31346,25.262,61.619,0.0,-79,0.234,0.000,1.961
2014/09/23 12:32:21,1.53,37.90352,-122.31268,27.887,63.454,0.0,-79,0.371,0.000,1.336
2014/09/23 12:32:26,1.53,37.90242,-122.31192,30.184,61.565,0.0,-79,0.737,0.000,1.046
2014/09/23 12:32:31,1.53,37.90134,-122.31119,28.215,60.104,0.0,-61,2.058,0.000,0.197
2014/09/23 12:32:36,1.53,37.90023,-122.31048,18.045,63.979,0.0,-61,1.163,0.000,1.823
2014/09/23 12:32:41,1.53,37.89903,-122.30981,3.937,65.252,0.0,-61,0.452,0.000,1.010
2014/09/23 12:32:46,1.51,37.89776,-122.30929,4.265,66.644,0.0,-61,0.382,0.000,2.234
2014/09/23 12:32:51,1.51,37.89653,-122.30878,17.060,63.717,0.0,-61,0.291,0.000,3.122
2014/09/23 12:32:56,1.51,37.89533,-122.30830,30.184,61.962,0.0,-61,0.314,0.000,0.676
2014/09/23 12:33:01,1.86,37.89411,-122.30781,40.026,63.859,0.0,-65,1.064,0.000,0.476
2014/09/23 12:33:06,1.54,37.89286,-122.30753,43.307,62.590,0.0,-65,1.576,0.042,0.283
2014/09/23 12:33:11,1.53,37.89162,-122.30767,41.339,60.835,0.0,-65,2.080,0.750,0.362
2014/09/23 12:33:16,1.53,37.89044,-122.30817,42.979,64.033,0.0,-65,2.344,1.083,0.308
2014/09/23 12:33:21,1.51,37.88925,-122.30876,36.089,62.876,0.0,-65,2.497,1.000,0.430
2014/09/23 12:33:26,1.73,37.88808,-122.30917,29.856,59.386,0.0,-65,1.843,0.000,0.545
2014/09/23 12:33:31,1.53,37.88691,-122.30927,22.310,58.046,0.0,-65,0.987,0.708,1.954
2014/09/23 12:33:36,1.54,37.88573,-122.30908,7.218,60.886,0.0,-83,1.833,0.500,0.310
2014/09/23 12:33:41,1.95,37.88451,-122.30881,-0.328,61.907,0.0,-83,2.467,0.958,0.597
2014/09/23 12:33:46,1.95,37.88326,-122.30854,-0.328,62.800,0.0,-83,2.619,1.250,1.163
2014/09/23 12:33:51,1.74,37.88202,-122.30826,1.312,62.454,0.0,-83,1.843,0.875,0.730
2014/09/23 12:33:56,1.53,37.88074,-122.30797,1.969,65.714,0.0,-83,2.510,0.958,0.311
2014/09/23 12:34:01,1.53,37.87944,-122.30768,8.530,65.700,0.0,-83,3.234,1.000,0.170
2014/09/23 12:34:06,1.51,37.87815,-122.30738,13.780,65.417,0.0,-51,0.834,0.542,0.461
2014/09/23 12:34:11,1.51,37.87686,-122.30700,6.234,65.677,0.0,-51,1.797,0.958,0.542
2014/09/23 12:34:16,1.51,37.87557,-122.30661,-5.249,65.471,0.0,-51,2.721,1.208,0.690
2014/09/23 12:34:21,1.51,37.87433,-122.30623,-2.297,61.528,0.0,-51,0.000,0.500,2.518
2014/09/23 12:34:26,1.53,37.87311,-122.30584,4.265,62.373,0.0,-51,0.000,1.000,0.630
2014/09/23 12:34:31,1.53,37.87191,-122.30548,2.953,60.501,0.0,-51,0.000,0.708,1.009
2014/09/23 12:34:36,1.53,37.87072,-122.30511,2.297,60.644,0.0,-71,0.000,0.708,0.918
2014/09/23 12:34:41,1.53,37.86952,-122.30473,1.969,61.710,0.0,-71,0.000,1.000,0.742
2014/09/23 12:34:46,1.53,37.86831,-122.30435,0.984,61.694,0.0,-71,0.000,0.000,0.662
2014/09/23 12:34:51,1.51,37.86712,-122.30396,8.202,61.169,0.0,-71,0.000,1.333,0.970
2014/09/23 12:34:56,1.57,37.86589,-122.30357,10.827,63.484,0.0,-71,0.000,0.458,1.199
2014/09/23 12:35:01,1.53,37.86466,-122.30322,6.890,61.644,0.0,-71,0.006,0.958,0.754
2014/09/23 12:35:06,1.54,37.86317,-122.30281,2.625,62.450,0.0,-61,1.421,1.292,0.258
2014/09/23 12:35:11,1.51,37.86196,-122.30247,0.984,61.060,0.0,-61,0.533,0.500,0.713
2014/09/23 12:35:16,1.51,37.86072,-122.30213,0.984,63.202,0.0,-61,1.161,1.000,0.782
2014/09/23 12:35:21,1.51,37.85948,-122.30178,0.000,63.192,0.0,-61,1.208,1.208,0.670
2014/09/23 12:35:26,1.51,37.85825,-122.30144,-0.984,60.463,0.0,-61,0.925,0.750,1.698
2014/09/23 12:35:31,1.51,37.85708,-122.30112,-1.312,59.536,0.0,-61,1.230,0.833,0.988
2014/09/23 12:35:36,1.67,37.85593,-122.30080,-1.969,56.374,0.0,-61,0.000,0.958,0.742
2014/09/23 12:35:41,1.51,37.85480,-122.30048,-1.640,58.360,0.0,-69,1.164,1.333,0.730
2014/09/23 12:35:46,1.51,37.85365,-122.30016,-1.640,59.368,0.0,-69,0.732,0.625,1.918
2014/09/23 12:35:51,1.51,37.85246,-122.29984,-1.640,61.090,0.0,-69,0.619,0.000,1.330
2014/09/23 12:35:56,1.53,37.85125,-122.29953,-2.625,62.200,0.0,-69,0.735,0.667,1.338
2014/09/23 12:36:01,1.53,37.85004,-122.29925,-2.953,60.474,0.0,-69,0.127,0.500,1.654
2014/09/23 12:36:06,1.53,37.84886,-122.29897,-3.609,57.264,0.0,-69,0.000,0.292,6.110
2014/09/23 12:36:11,1.52,37.84769,-122.29870,-2.625,59.320,0.0,-79,0.000,0.000,1.242
2014/09/23 12:36:16,1.76,37.84650,-122.29842,-6.890,61.090,0.0,-79,0.000,0.375,0.822
2014/09/23 12:36:21,1.51,37.84532,-122.29817,-7.874,57.661,0.0,-79,0.000,0.958,0.782
2014/09/23 12:36:26,1.52,37.84421,-122.29793,-7.218,55.448,0.0,-79,0.000,1.500,1.002
2014/09/23 12:36:31,1.52,37.84311,-122.29770,-7.218,56.905,0.0,-79,0.000,0.958,5.318
2014/09/23 12:36:36,1.55,37.84198,-122.29746,-8.202,55.654,0.0,-79,0.000,1.250,1.870
2014/09/23 12:36:41,1.53,37.84085,-122.29726,-7.546,57.646,0.0,-51,0.000,0.000,1.869
2014/09/23 12:36:46,1.53,37.83970,-122.29706,-1.640,58.453,0.0,-51,0.000,1.500,0.000
2014/09/23 12:36:51,1.51,37.83855,-122.29683,7.218,56.460,0.0,-51,0.000,0.875,6.222
2014/09/23 12:36:56,1.53,37.83748,-122.29657,9.843,52.270,0.0,-51,0.000,0.833,3.730
2014/09/23 12:37:01,1.51,37.83647,-122.29615,2.297,52.985,0.0,-51,0.000,0.958,0.000
2014/09/23 12:37:06,1.67,37.83546,-122.29569,-1.969,54.640,0.0,-51,0.000,0.500,5.706
2014/09/23 12:37:11,1.67,37.83448,-122.29523,-0.984,50.685,0.0,-79,0.000,0.000,0.000
2014/09/23 12:37:16,1.51,37.83351,-122.29477,-0.328,50.837,0.0,-79,0.000,0.000,7.374
2014/09/23 12:37:21,1.53,37.83259,-122.29433,2.625,49.096,0.0,-79,0.000,1.042,0.000
2014/09/23 12:37:26,1.7,37.83163,-122.29400,3.609,49.341,0.0,-79,0.000,0.000,0.000
2014/09/23 12:37:31,1.52,37.83064,-122.29384,4.265,50.534,0.0,-79,0.000,0.000,0.000
2014/09/23 12:37:36,1.52,37.82967,-122.29391,17.717,46.702,0.0,-79,0.000,0.000,4.770
2014/09/23 12:37:41,1.53,37.82879,-122.29382,25.262,44.395,0.0,-79,0.000,0.000,0.000
2014/09/23 12:37:46,1.74,37.82794,-122.29330,26.903,50.047,0.0,-65,0.003,0.000,0.523
2014/09/23 12:37:51,1.52,37.82714,-122.29236,32.152,58.284,0.0,-65,0.003,0.000,0.829
2014/09/23 12:37:56,1.68,37.82621,-122.29149,44.291,58.228,0.0,-65,0.413,0.042,1.365
2014/09/23 12:38:01,1.55,37.82510,-122.29118,59.055,56.110,0.0,-65,0.625,0.250,2.010
2014/09/23 12:38:06,1.55,37.82396,-122.29147,70.210,58.503,0.0,-65,0.340,0.000,0.000
2014/09/23 12:38:11,1.55,37.82289,-122.29207,75.459,57.102,0.0,-65,0.000,0.167,6.834
2014/09/23 12:38:16,1.55,37.82187,-122.29273,74.475,58.679,0.0,-71,0.000,0.625,1.106
2014/09/23 12:38:21,1.55,37.82084,-122.29353,71.522,60.686,0.0,-71,0.000,0.583,1.850
2014/09/23 12:38:26,1.55,37.81986,-122.29446,67.913,61.768,0.0,-71,0.000,0.708,1.034
2014/09/23 12:38:31,1.55,37.81890,-122.29558,57.087,67.322,0.0,-71,0.000,0.500,2.474
2014/09/23 12:38:36,1.6,37.81788,-122.29685,41.995,73.956,0.0,-71,0.000,0.708,0.805
2014/09/23 12:38:41,1.55,37.81683,-122.29817,29.856,74.130,0.0,-71,0.000,0.500,2.887
2014/09/23 12:38:46,1.55,37.81579,-122.29946,21.654,70.544,0.0,-81,0.000,0.000,2.819
2014/09/23 12:38:51,1.52,37.81479,-122.30071,15.092,70.038,0.0,-81,0.000,0.208,1.230
2014/09/23 12:38:56,1.52,37.81379,-122.30196,11.811,68.868,0.0,-81,0.000,0.542,0.863
2014/09/23 12:39:01,1.52,37.81277,-122.30313,12.139,67.923,0.0,-81,0.003,0.875,0.950
2014/09/23 12:39:06,1.52,37.81163,-122.30403,13.123,67.023,0.0,-81,1.256,0.875,0.662
2014/09/23 12:39:11,1.56,37.81038,-122.30462,13.780,65.611,0.0,-81,1.327,0.875,0.318
2014/09/23 12:39:16,1.55,37.80904,-122.30491,12.139,68.633,0.0,-61,1.791,1.208,0.361
2014/09/23 12:39:21,1.52,37.80762,-122.30482,11.483,72.067,0.0,-61,1.872,0.667,0.296
2014/09/23 12:39:26,1.52,37.80618,-122.30434,12.467,74.585,0.0,-61,1.496,0.250,1.583
2014/09/23 12:39:31,1.52,37.80486,-122.30346,13.451,75.267,0.0,-61,1.141,0.875,0.218
2014/09/23 12:39:36,1.52,37.80371,-122.30222,12.795,73.619,0.0,-61,1.942,1.333,0.390
2014/09/23 12:39:41,1.52,37.80282,-122.30077,12.139,71.941,0.0,-61,1.734,0.750,0.202
2014/09/23 12:39:46,1.52,37.80219,-122.29916,11.155,68.626,0.0,-61,3.187,0.000,0.198
2014/09/23 12:39:51,1.51,37.80188,-122.29757,10.171,62.403,0.0,-65,2.458,0.625,0.590
2014/09/23 12:39:56,1.51,37.80177,-122.29612,18.701,52.861,0.0,-65,0.916,0.417,2.410
2014/09/23 12:40:01,1.51,37.80179,-122.29483,30.840,50.544,0.0,-65,0.384,0.083,1.798
2014/09/23 12:40:06,1.51,37.80187,-122.29366,31.824,41.412,0.0,-65,0.311,0.000,0.000
2014/09/23 12:40:11,1.55,37.80201,-122.29280,28.215,31.229,0.0,-65,0.644,0.125,3.742
2014/09/23 12:40:16,1.67,37.80234,-122.29207,23.622,34.070,0.0,-65,0.792,0.292,0.225
2014/09/23 12:40:21,1.65,37.80279,-122.29148,18.045,27.078,0.0,-75,0.846,0.000,0.000
2014/09/23 12:40:26,1.54,37.80301,-122.29129,33.465,4.310,0.0,-75,0.802,0.417,0.459
2014/09/23 12:40:31,1.54,37.80305,-122.29125,41.339,0.062,0.0,-75,1.692,0.000,0.561
2014/09/23 12:40:36,1.54,37.80308,-122.29125,46.260,1.635,0.0,-75,1.093,0.375,0.853
2014/09/23 12:40:41,1.51,37.80310,-122.29123,44.291,0.086,0.0,-75,1.141,0.375,0.758
2014/09/23 12:40:46,1.51,37.80316,-122.29115,33.136,11.284,0.0,-75,0.695,0.000,1.134
2014/09/23 12:40:51,1.85,37.80335,-122.29089,29.528,14.835,0.0,-77,0.599,0.250,0.689
2014/09/23 12:40:56,1.8,37.80327,-122.29044,24.606,22.832,0.0,-77,0.250,0.000,3.538
2014/09/23 12:41:01,3.45,37.80312,-122.28986,20.997,24.308,0.0,-77,0.122,0.125,3.303
2014/09/23 12:41:06,1.6,37.80298,-122.28935,18.045,14.516,0.0,-77,0.148,0.000,2.188
2014/09/23 12:41:11,3.45,37.80293,-122.28924,25.919,0.355,0.0,-77,0.317,0.125,0.810
2014/09/23 12:41:16,1.51,37.80292,-122.28924,23.622,0.153,0.0,-77,1.776,0.542,0.337
2014/09/23 12:41:21,1.51,37.80290,-122.28925,23.950,0.159,0.0,-77,2.756,0.375,0.175
2014/09/23 12:41:26,1.51,37.80290,-122.28928,27.559,0.020,0.0,-77,2.394,0.000,0.245
2014/09/23 12:41:31,1.54,37.80289,-122.28929,27.887,0.259,0.0,-77,2.551,0.375,0.161
2014/09/23 12:41:36,1.51,37.80288,-122.28927,34.121,4.188,0.0,-77,1.510,0.375,0.517
2014/09/23 12:41:41,2.07,37.80285,-122.28904,60.367,16.692,0.0,-77,1.792,1.000,0.822
2014/09/23 12:41:46,1.67,37.80269,-122.28844,53.478,29.606,0.0,-77,0.887,0.792,0.930
2014/09/23 12:41:51,2.03,37.80249,-122.28768,45.276,29.725,0.0,-77,2.071,0.000,0.251
2014/09/23 12:41:56,1.67,37.80232,-122.28694,34.449,27.559,0.0,-71,1.776,0.625,0.658
2014/09/23 12:42:01,1.49,37.80213,-122.28621,28.215,31.509,0.0,-71,1.387,0.500,0.681
2014/09/23 12:42:06,1.67,37.80191,-122.28539,26.575,35.864,0.0,-71,1.913,0.333,0.231
2014/09/23 12:42:11,1.51,37.80167,-122.28448,23.950,36.714,0.0,-71,1.753,0.458,0.390
2014/09/23 12:42:16,2.24,37.80144,-122.28365,23.294,34.365,0.0,-71,1.539,0.000,0.399
2014/09/23 12:42:21,2.07,37.80116,-122.28286,23.950,32.161,0.0,-71,1.532,0.292,0.493
2014/09/23 12:42:26,1.51,37.80101,-122.28245,23.950,2.517,0.0,-63,0.769,0.000,0.508
2014/09/23 12:42:31,1.69,37.80101,-122.28244,24.934,0.048,0.0,-63,0.333,0.167,1.118
2014/09/23 12:42:36,1.69,37.80102,-122.28244,24.934,0.068,0.0,-63,0.433,0.000,0.578
2014/09/23 12:42:41,1.69,37.80102,-122.28243,24.934,0.027,0.0,-63,1.766,0.167,0.277
2014/09/23 12:42:46,1.69,37.80102,-122.28243,24.934,0.042,0.0,-63,2.051,0.458,0.330
2014/09/23 12:42:51,1.69,37.80102,-122.28242,25.591,0.047,0.0,-63,1.687,0.458,0.218
2014/09/23 12:42:56,1.69,37.80102,-122.28242,25.919,0.047,0.0,-67,2.486,0.458,0.238
2014/09/23 12:43:01,1.51,37.80103,-122.28241,25.591,0.075,0.0,-67,2.231,0.000,0.322
2014/09/23 12:43:06,1.69,37.80101,-122.28235,23.950,7.300,0.0,-67,1.583,0.458,0.766
2014/09/23 12:43:11,1.73,37.80087,-122.28198,22.638,22.577,0.0,-67,0.852,0.292,0.759
2014/09/23 12:43:16,1.69,37.80064,-122.28139,23.294,25.789,0.0,-67,0.571,0.000,1.126
2014/09/23 12:43:21,1.53,37.80041,-122.28081,24.606,25.207,0.0,-67,1.125,0.458,0.654
2014/09/23 12:43:26,1.53,37.80019,-122.28026,24.278,23.503,0.0,-67,1.390,0.625,0.889
2014/09/23 12:43:31,1.53,37.79996,-122.27968,23.294,27.344,0.0,-59,0.594,0.000,0.000
2014/09/23 12:43:36,1.5,37.79971,-122.27903,25.919,28.871,0.0,-59,0.667,0.333,0.000
2014/09/23 12:43:41,1.68,37.79943,-122.27834,27.231,31.754,0.0,-59,0.500,0.000,0.000
2014/09/23 12:43:46,1.68,37.79914,-122.27759,26.247,33.502,0.0,-59,0.000,0.000,0.000
2014/09/23 12:43:51,1.6,37.79884,-122.27686,27.887,31.101,0.0,-59,0.000,0.000,8.110
2014/09/23 12:43:56,1.64,37.79857,-122.27618,26.903,28.348,0.0,-59,0.000,0.125,0.190
2014/09/23 12:44:01,1.72,37.79830,-122.27557,26.903,24.512,0.0,-59,0.108,0.000,0.231
2014/09/23 12:44:06,2.08,37.79807,-122.27514,35.433,22.655,0.0,-59,2.241,0.958,0.330
2014/09/23 12:44:11,1.5,37.79784,-122.27455,35.105,26.639,0.0,-59,2.833,0.917,0.275
2014/09/23 12:44:16,1.68,37.79765,-122.27404,36.745,16.494,0.0,-59,3.077,1.000,0.402
2014/09/23 12:44:21,1.5,37.79742,-122.27405,31.824,14.594,0.0,-59,3.134,0.500,1.783
2014/09/23 12:44:26,1.69,37.79714,-122.27415,31.168,12.908,0.0,-59,1.965,0.625,0.402
2014/09/23 12:44:31,1.93,37.79704,-122.27418,29.528,1.929,0.0,-61,2.583,0.708,0.491
2014/09/23 12:44:36,1.5,37.79693,-122.27416,30.512,9.763,0.0,-61,2.112,0.292,0.520
2014/09/23 12:44:41,2.09,37.79678,-122.27387,31.496,16.151,0.0,-61,1.686,0.292,0.249
2014/09/23 12:44:46,2.09,37.79661,-122.27346,29.856,18.048,0.0,-61,0.764,0.417,2.702
2014/09/23 12:44:51,2.08,37.79653,-122.27326,29.199,3.758,0.0,-61,1.634,1.000,0.810
2014/09/23 12:44:56,1.53,37.79643,-122.27300,29.528,16.368,0.0,-61,2.462,0.000,0.291
2014/09/23 12:45:01,1.53,37.79625,-122.27255,28.871,21.054,0.0,-65,2.740,0.875,0.410
2014/09/23 12:45:06,1.55,37.79607,-122.27208,28.871,20.314,0.0,-65,1.144,0.375,1.622
2014/09/23 12:45:11,2.09,37.79588,-122.27159,28.543,22.304,0.0,-65,2.333,1.125,0.170
2014/09/23 12:45:16,2.09,37.79568,-122.27110,24.934,18.924,0.0,-65,3.440,0.000,0.383
2014/09/23 12:45:21,1.99,37.79559,-122.27088,21.654,4.133,0.0,-65,2.497,0.583,0.554
2014/09/23 12:45:26,2.29,37.79552,-122.27068,22.310,12.533,0.0,-65,2.134,0.250,1.371
2014/09/23 12:45:31,1.55,37.79541,-122.27038,23.950,13.111,0.0,-65,0.930,0.250,0.238
2014/09/23 12:45:36,1.52,37.79528,-122.27003,30.184,15.948,0.0,-71,1.077,0.375,0.531
2014/09/23 12:45:41,1.95,37.79517,-122.26976,33.136,5.490,0.0,-71,1.000,0.375,0.000
2014/09/23 12:45:46,1.49,37.79511,-122.26963,30.512,9.888,0.0,-71,0.696,0.000,0.000
2014/09/23 12:45:51,1.55,37.79500,-122.26931,32.480,13.515,0.0,-71,0.137,0.375,0.000
2014/09/23 12:45:56,1.69,37.79488,-122.26902,35.433,14.287,0.0,-71,0.093,0.000,5.974
2014/09/23 12:46:01,1.52,37.79476,-122.26869,32.808,13.947,0.0,-71,0.180,0.125,2.238
2014/09/23 12:46:06,1.49,37.79469,-122.26853,28.871,3.344,0.0,-77,0.628,0.458,1.802
2014/09/23 12:46:11,1.49,37.79462,-122.26838,26.903,9.390,0.0,-77,0.385,0.000,0.000
2014/09/23 12:46:16,1.64,37.79451,-122.26810,26.903,13.738,0.0,-77,0.000,0.000,7.278
2014/09/23 12:46:21,3.45,37.79440,-122.26784,38.386,7.953,0.0,-77,0.000,0.125,0.238
2014/09/23 12:46:26,1.96,37.79436,-122.26773,39.698,2.773,0.0,-77,0.000,0.625,0.918
2014/09/23 12:46:31,2.21,37.79434,-122.26765,40.682,5.529,0.0,-77,0.000,1.167,1.734
2014/09/23 12:46:36,2.21,37.79426,-122.26750,36.745,3.246,0.0,-71,0.000,1.333,0.000
2014/09/23 12:46:41,2.21,37.79422,-122.26743,35.105,3.833,0.0,-71,0.000,0.833,4.145
2014/09/23 12:46:46,1.52,37.79418,-122.26733,36.417,6.530,0.0,-71,0.000,0.875,3.338
2014/09/23 12:46:51,1.52,37.79428,-122.26715,43.307,12.039,0.0,-71,0.000,1.333,1.619
2014/09/23 12:46:56,1.71,37.79456,-122.26695,36.089,17.132,0.0,-71,0.000,0.875,3.320
2014/09/23 12:47:01,1.71,37.79492,-122.26672,34.121,20.719,0.0,-71,0.000,0.000,2.758
2014/09/23 12:47:06,2.54,37.79522,-122.26652,36.089,14.051,0.0,-77,0.000,0.875,0.000
2014/09/23 12:47:11,2.22,37.79533,-122.26643,36.089,0.106,0.0,-77,0.000,1.292,2.650
2014/09/23 12:47:16,2.22,37.79534,-122.26644,32.480,0.438,0.0,-77,0.000,0.875,3.571
2014/09/23 12:47:21,2.23,37.79531,-122.26646,26.903,2.541,0.0,-77,0.000,0.000,2.190
2014/09/23 12:47:26,1.52,37.79531,-122.26646,26.247,0.762,0.0,-77,0.000,1.333,2.210
2014/09/23 12:47:31,1.52,37.79530,-122.26646,28.215,0.536,0.0,-77,0.000,1.333,3.487
2014/09/23 12:47:36,1.51,37.79529,-122.26645,37.073,0.250,0.0,-85,0.000,1.292,0.000
2014/09/23 12:47:41,1.51,37.79530,-122.26642,40.026,2.771,0.0,-85,0.000,0.000,3.040
2014/09/23 12:47:46,2.23,37.79535,-122.26640,36.417,0.523,0.0,-85,0.000,1.500,4.562
2014/09/23 12:47:51,2.24,37.79534,-122.26640,24.606,0.111,0.0,-85,0.000,1.000,2.470
2014/09/23 12:47:56,1.51,37.79533,-122.26641,17.060,0.127,0.0,-85,0.000,1.500,2.090
2014/09/23 12:48:01,2.24,37.79532,-122.26642,11.811,0.088,0.0,-85,0.000,0.000,3.273
2014/09/23 12:48:06,1.71,37.79532,-122.26642,7.546,0.034,0.0,-85,0.006,1.000,0.000
2014/09/23 12:48:11,2.37,37.79532,-122.26643,4.921,0.872,0.0,-81,1.686,1.000,1.465
2014/09/23 12:48:16,1.51,37.79543,-122.26642,8.530,6.145,0.0,-81,2.118,1.583,1.717
2014/09/23 12:48:21,1.51,37.79558,-122.26657,19.685,11.794,0.0,-81,2.709,1.000,1.491
2014/09/23 12:48:26,1.76,37.79572,-122.26688,31.496,15.752,0.0,-81,2.648,0.000,0.874
2014/09/23 12:48:31,1.71,37.79587,-122.26723,39.370,13.592,0.0,-81,2.593,1.542,0.510
2014/09/23 12:48:36,2.25,37.79592,-122.26735,39.042,0.024,0.0,-81,2.153,1.000,1.641
2014/09/23 12:48:41,1.86,37.79593,-122.26734,43.307,0.039,0.0,-69,1.667,0.000,1.952
2014/09/23 12:48:46,2.23,37.79594,-122.26732,49.869,0.016,0.0,-69,1.590,1.583,0.000
2014/09/23 12:48:53,2.23,37.79595,-122.26732,54.462,0.104,0.0,-69,0.506,1.000,3.325
2014/09/23 12:48:58,1.92,37.79595,-122.26733,55.774,2.390,0.0,-69,0.718,0.000,2.337
2014/09/23 12:49:03,3.52,37.79592,-122.26745,52.165,5.694,0.0,-69,2.004,1.500,2.742
2014/09/23 12:49:08,1.56,37.79586,-122.26742,47.244,2.162,0.0,-69,0.326,0.000,2.489
2014/09/23 12:49:13,2.27,37.79586,-122.26744,39.370,0.078,0.0,-75,0.307,1.042,0.569
2014/09/23 12:49:18,1.99,37.79585,-122.26746,34.449,0.029,0.0,-75,0.837,1.042,2.258
2014/09/23 12:49:23,1.99,37.79583,-122.26746,31.168,0.730,0.0,-75,1.193,1.500,1.718
2014/09/23 12:49:28,1.99,37.79582,-122.26743,30.840,4.536,0.0,-75,0.395,0.500,5.358
