Date-Time,DOP,Latitude,Longitude,Altitude (ft),Speed (mph),Heading (deg),mod1 Down (Mbs),mod1 Up (Mbs),mod1 Ping (Sec)
2014/10/20 15:09:49,0.0,0.00000,0.00000,0.000,0.000,0.0,0,0.000,0.000,
2014/10/20 15:09:54,0.0,0.00000,0.00000,0.000,0.000,0.0,0,0.000,0.000,0.351
2014/10/20 15:09:59,0.0,0.00000,0.00000,0.000,0.000,0.0,0,0.025,0.042,0.149
2014/10/20 15:10:04,0.0,0.00000,0.00000,0.000,0.000,0.0,0,1.782,1.792,0.208
2014/10/20 15:10:09,0.0,0.00000,0.00000,0.000,0.000,0.0,0,1.293,1.583,0.215
2014/10/20 15:10:14,0.0,0.00000,0.00000,0.000,0.000,0.0,-93,1.332,1.625,0.545
2014/10/20 15:10:19,0.0,0.00000,0.00000,0.000,0.000,0.0,-93,1.621,1.667,0.297
2014/10/20 15:10:25,0.0,0.00000,0.00000,0.000,0.000,0.0,-93,1.047,1.833,0.487
2014/10/20 15:10:30,0.0,0.00000,0.00000,0.000,0.000,0.0,-93,0.708,1.833,0.516
2014/10/20 15:10:35,0.0,0.00000,0.00000,0.000,0.000,0.0,-93,1.525,1.792,0.508
2014/10/20 15:10:40,0.0,0.00000,0.00000,0.000,0.000,0.0,-93,1.078,1.750,0.509
2014/10/20 15:10:45,0.0,0.00000,0.00000,0.000,0.000,0.0,-91,0.878,1.667,0.568
2014/10/20 15:10:50,0.0,0.00000,0.00000,0.000,0.000,0.0,-91,0.825,1.250,0.594
2014/10/20 15:10:55,0.0,0.00000,0.00000,0.000,0.000,0.0,-91,1.168,1.250,0.633
2014/10/20 15:11:00,0.0,0.00000,0.00000,0.000,0.000,0.0,-91,1.371,0.000,0.594
2014/10/20 15:11:05,0.0,0.00000,0.00000,0.000,0.000,0.0,-91,0.837,0.542,1.112
2014/10/20 15:11:10,0.0,0.00000,0.00000,0.000,0.000,0.0,-91,0.657,0.500,0.825
2014/10/20 15:11:15,0.0,0.00000,0.00000,0.000,0.000,0.0,-95,1.110,0.750,0.414
2014/10/20 15:11:20,0.0,0.00000,0.00000,0.000,0.000,0.0,-95,0.966,0.875,0.312
2014/10/20 15:11:25,0.0,0.00000,0.00000,0.000,0.000,0.0,-95,0.777,1.750,0.168
2014/10/20 15:11:30,0.0,0.00000,0.00000,0.000,0.000,0.0,-95,0.000,0.000,0.258
2014/10/20 15:11:35,0.0,0.00000,0.00000,0.000,0.000,0.0,-95,0.000,0.000,2.352
2014/10/20 15:11:40,0.0,0.00000,0.00000,0.000,0.000,0.0,-95,0.000,0.000,0.438
2014/10/20 15:11:45,0.0,0.00000,0.00000,0.000,0.000,0.0,-95,0.000,0.000,0.173
2014/10/20 15:11:50,0.0,0.00000,0.00000,0.000,0.000,0.0,-93,0.000,0.000,0.145
2014/10/20 15:11:55,0.0,0.00000,0.00000,0.000,0.000,0.0,-93,0.000,0.000,0.214
2014/10/20 15:12:00,0.0,0.00000,0.00000,0.000,0.000,0.0,-93,0.000,0.000,3.006
2014/10/20 15:12:05,0.0,0.00000,0.00000,0.000,0.000,0.0,-93,0.000,0.000,1.655
2014/10/20 15:12:10,0.0,0.00000,0.00000,0.000,0.000,0.0,-93,0.000,0.000,0.406
2014/10/20 15:12:15,0.0,0.00000,0.00000,0.000,0.000,0.0,-93,0.000,0.000,0.410
2014/10/20 15:12:20,0.0,0.00000,0.00000,0.000,0.000,0.0,-95,0.000,0.000,0.497
