Date-Time,DOP,Latitude,Longitude,Altitude (ft),Speed (mph),Heading (deg),mod1 SS (dBm),mod1 Down (Mbs),mod1 Up (Mbs),mod1 Ping (Sec)
2014/09/19 13:03:13,3.74,37.76327,-121.43686,11.483,35.276,0.0,-97,1.453,0.625,0.262
2014/09/19 13:03:18,3.74,37.76327,-121.43686,11.483,35.276,0.0,-97,0.552,0.000,0.911
2014/09/19 13:03:23,3.74,37.76327,-121.43686,11.483,35.276,0.0,-97,0.117,0.917,4.250
2014/09/19 13:03:28,2.79,37.76259,-121.44216,13.451,53.262,0.0,-97,0.538,1.208,0.460
2014/09/19 13:03:33,2.8,37.76226,-121.44348,10.171,54.678,0.0,-97,0.689,1.083,0.529
2014/09/19 13:03:38,2.8,37.76182,-121.44475,21.654,56.950,0.0,-97,0.892,0.000,0.525
2014/09/19 13:03:43,2.8,37.76125,-121.44615,17.717,66.202,0.0,-81,0.629,1.417,1.304
2014/09/19 13:03:48,2.81,37.76061,-121.44768,16.076,69.834,0.0,-81,0.417,0.875,0.318
2014/09/19 13:03:53,2.81,37.75997,-121.44927,14.764,71.271,0.0,-81,0.273,0.667,1.300
2014/09/19 13:03:58,1.87,37.75931,-121.45088,18.373,71.430,0.0,-81,0.670,0.750,1.514
2014/09/19 13:04:03,1.72,37.75867,-121.45240,32.152,66.700,0.0,-81,0.777,0.750,2.047
2014/09/19 13:04:08,1.72,37.75807,-121.45389,35.433,66.117,0.0,-81,0.575,0.917,1.721
2014/09/19 13:04:13,1.72,37.75746,-121.45538,30.184,66.748,0.0,-63,1.195,1.000,2.441
2014/09/19 13:04:18,1.72,37.75683,-121.45691,22.310,69.123,0.0,-63,0.966,1.375,0.000
2014/09/19 13:04:23,1.72,37.75620,-121.45847,21.654,69.195,0.0,-63,0.902,0.000,6.192
2014/09/19 13:04:28,1.71,37.75557,-121.46000,26.575,67.916,0.0,-63,0.965,0.958,1.509
2014/09/19 13:04:33,1.71,37.75493,-121.46155,35.433,69.418,0.0,-63,1.073,1.125,2.286
2014/09/19 13:04:38,1.71,37.75429,-121.46312,40.026,70.162,0.0,-63,1.533,1.458,1.433
2014/09/19 13:04:43,1.71,37.75364,-121.46472,36.417,70.351,0.0,-63,1.430,1.000,2.240
2014/09/19 13:04:48,1.63,37.75299,-121.46630,28.215,69.942,0.0,-73,0.612,0.000,0.000
2014/09/19 13:04:53,1.63,37.75235,-121.46787,27.559,70.800,0.0,-73,0.446,0.500,9.896
2014/09/19 13:04:58,1.63,37.75166,-121.46952,29.856,75.810,0.0,-73,0.597,0.458,0.000
2014/09/19 13:05:03,1.46,37.75092,-121.47127,35.433,79.424,0.0,-73,0.770,0.000,5.241
2014/09/19 13:05:08,1.46,37.75018,-121.47305,47.244,78.727,0.0,-73,0.690,1.000,0.000
2014/09/19 13:05:13,1.46,37.74946,-121.47480,52.493,76.930,0.0,-73,0.695,0.958,1.214
2014/09/19 13:05:18,1.46,37.74875,-121.47654,48.885,77.469,0.0,-55,1.211,1.500,1.230
2014/09/19 13:05:23,1.46,37.74805,-121.47827,37.073,76.734,0.0,-55,1.175,1.958,1.573
2014/09/19 13:05:28,1.46,37.74735,-121.47997,29.856,73.336,0.0,-55,1.178,2.167,2.894
2014/09/19 13:05:33,1.46,37.74667,-121.48162,31.496,72.547,0.0,-55,1.600,0.000,1.725
2014/09/19 13:05:38,1.46,37.74603,-121.48320,34.121,68.472,0.0,-55,0.760,1.292,1.556
2014/09/19 13:05:43,1.46,37.74540,-121.48473,37.073,68.551,0.0,-55,1.146,1.333,2.137
2014/09/19 13:05:48,1.46,37.74476,-121.48628,40.354,69.395,0.0,-65,1.377,1.958,1.710
2014/09/19 13:05:53,1.46,37.74411,-121.48786,43.635,70.470,0.0,-65,0.955,2.000,0.000
2014/09/19 13:05:58,1.46,37.74346,-121.48946,45.604,72.381,0.0,-65,0.825,0.000,1.882
2014/09/19 13:06:03,1.46,37.74278,-121.49111,47.244,74.213,0.0,-65,0.830,2.083,1.136
2014/09/19 13:06:08,1.46,37.74209,-121.49280,49.869,75.548,0.0,-65,0.000,1.333,1.085
2014/09/19 13:06:13,1.46,37.74148,-121.49455,56.430,75.044,0.0,-65,0.688,2.000,0.837
2014/09/19 13:06:18,1.48,37.74107,-121.49631,59.383,72.195,0.0,-71,1.203,0.000,1.170
2014/09/19 13:06:23,1.48,37.74079,-121.49808,67.257,70.741,0.0,-71,0.000,0.000,0.000
2014/09/19 13:06:28,1.48,37.74064,-121.49983,72.178,68.648,0.0,-71,0.000,0.000,0.000
2014/09/19 13:06:33,1.48,37.74063,-121.50156,77.428,69.011,0.0,-71,0.000,0.000,0.000
2014/09/19 13:06:38,1.47,37.74073,-121.50334,82.021,71.542,0.0,-71,0.000,0.000,0.000
2014/09/19 13:06:43,1.47,37.74084,-121.50517,86.286,71.080,0.0,-71,0.000,0.000,0.000
2014/09/19 13:06:48,1.47,37.74095,-121.50698,90.879,72.148,0.0,-71,0.000,0.000,4.005
2014/09/19 13:06:53,1.47,37.74107,-121.50879,93.832,70.874,0.0,-75,0.000,0.000,1.081
2014/09/19 13:06:58,1.46,37.74118,-121.51055,97.441,68.873,0.0,-75,0.051,0.125,0.210
2014/09/19 13:07:03,1.46,37.74129,-121.51229,100.722,69.177,0.0,-75,1.728,0.792,1.586
2014/09/19 13:07:08,1.45,37.74139,-121.51400,103.018,67.041,0.0,-75,2.494,1.000,0.260
2014/09/19 13:07:13,1.45,37.74149,-121.51570,107.283,66.856,0.0,-75,1.923,0.958,0.324
2014/09/19 13:07:18,1.45,37.74160,-121.51739,112.861,67.326,0.0,-75,1.782,1.458,0.285
2014/09/19 13:07:23,1.45,37.74170,-121.51912,119.751,68.582,0.0,-85,0.897,1.792,0.384
2014/09/19 13:07:28,1.45,37.74180,-121.52081,124.344,65.575,0.0,-85,1.143,1.583,0.377
2014/09/19 13:07:33,1.66,37.74191,-121.52248,128.281,67.347,0.0,-85,1.615,1.750,0.393
2014/09/19 13:07:38,1.45,37.74202,-121.52418,129.265,66.152,0.0,-85,1.611,0.000,0.431
2014/09/19 13:07:43,1.66,37.74212,-121.52587,132.218,66.919,0.0,-85,1.001,1.375,0.193
2014/09/19 13:07:48,1.45,37.74223,-121.52757,135.499,67.937,0.0,-85,0.704,1.208,0.605
2014/09/19 13:07:53,1.45,37.74235,-121.52927,139.764,66.430,0.0,-79,0.441,1.375,2.094
2014/09/19 13:07:58,1.45,37.74245,-121.53097,145.013,68.247,0.0,-79,0.616,0.500,0.731
2014/09/19 13:08:03,1.45,37.74257,-121.53273,147.310,71.063,0.0,-79,0.000,1.417,0.000
2014/09/19 13:08:08,1.45,37.74268,-121.53451,151.575,70.061,0.0,-79,0.000,0.000,0.000
2014/09/19 13:08:13,1.45,37.74279,-121.53626,155.512,67.607,0.0,-79,0.000,0.000,0.000
2014/09/19 13:08:18,1.45,37.74292,-121.53828,158.465,66.343,0.0,-79,0.000,0.000,0.000
2014/09/19 13:08:23,1.45,37.74300,-121.53963,161.417,68.058,0.0,-67,0.000,0.000,8.444
2014/09/19 13:08:28,1.45,37.74314,-121.54169,162.402,67.594,0.0,-67,0.095,0.125,0.158
2014/09/19 13:08:33,1.45,37.74324,-121.54340,161.417,66.644,0.0,-67,3.241,1.708,0.229
2014/09/19 13:08:38,1.45,37.74335,-121.54505,160.105,63.666,0.0,-67,3.230,0.792,0.161
2014/09/19 13:08:43,1.45,37.74345,-121.54659,160.761,59.933,0.0,-67,3.558,0.917,0.161
2014/09/19 13:08:48,1.45,37.74354,-121.54813,165.354,61.831,0.0,-67,3.839,0.000,0.319
2014/09/19 13:08:53,1.45,37.74361,-121.54970,170.932,62.250,0.0,-67,3.513,1.375,0.170
2014/09/19 13:08:58,1.45,37.74358,-121.55127,176.837,61.275,0.0,-69,2.440,1.500,0.385
2014/09/19 13:09:03,1.45,37.74346,-121.55289,184.055,67.328,0.0,-69,0.000,0.000,0.000
2014/09/19 13:09:08,1.88,37.74333,-121.55466,195.866,72.577,0.0,-69,0.000,0.625,6.661
2014/09/19 13:09:13,1.88,37.74319,-121.55651,209.646,72.700,0.0,-69,0.000,0.000,0.160
2014/09/19 13:09:18,1.49,37.74306,-121.55827,225.066,70.199,0.0,-69,0.006,0.667,0.275
2014/09/19 13:09:23,1.49,37.74293,-121.56003,239.173,68.081,0.0,-69,1.236,0.708,1.410
2014/09/19 13:09:28,2.35,37.74281,-121.56171,252.953,65.601,0.0,-79,0.680,0.250,0.193
2014/09/19 13:09:33,2.35,37.74276,-121.56335,267.717,64.575,0.0,-79,1.804,0.375,0.318
2014/09/19 13:09:38,1.49,37.74268,-121.56494,281.824,61.802,0.0,-79,3.013,0.542,0.179
2014/09/19 13:09:43,2.35,37.74258,-121.56647,291.667,58.994,0.0,-79,3.440,0.583,0.163
2014/09/19 13:09:48,2.35,37.74246,-121.56800,295.604,61.930,0.0,-79,2.990,0.750,0.380
2014/09/19 13:09:53,1.49,37.74231,-121.56960,297.572,64.832,0.0,-79,2.714,1.042,0.837
2014/09/19 13:09:58,1.49,37.74217,-121.57126,299.213,67.663,0.0,-85,2.635,1.292,0.209
2014/09/19 13:10:03,1.49,37.74202,-121.57300,301.181,69.785,0.0,-85,2.397,0.000,0.270
2014/09/19 13:10:08,2.73,37.74189,-121.57474,315.289,68.108,0.0,-85,2.853,0.875,0.210
2014/09/19 13:10:13,2.36,37.74175,-121.57645,332.021,67.947,0.0,-85,2.967,0.708,0.310
2014/09/19 13:10:18,2.37,37.74162,-121.57815,344.160,65.549,0.0,-85,2.770,0.833,0.317
2014/09/19 13:10:23,1.49,37.74148,-121.57976,350.722,64.101,0.0,-85,2.906,0.708,0.169
2014/09/19 13:10:28,1.49,37.74126,-121.58132,351.706,61.591,0.0,-75,3.151,0.750,0.439
2014/09/19 13:10:33,1.49,37.74101,-121.58286,342.848,63.556,0.0,-75,2.273,1.125,0.162
2014/09/19 13:10:38,1.49,37.74077,-121.58440,328.740,61.758,0.0,-75,2.227,0.000,0.395
2014/09/19 13:10:43,1.44,37.74052,-121.58598,322.835,64.298,0.0,-75,1.770,0.625,0.773
2014/09/19 13:10:48,1.59,37.74027,-121.58760,329.068,65.064,0.0,-75,1.837,0.875,1.229
2014/09/19 13:10:53,1.59,37.74001,-121.58921,337.598,63.548,0.0,-75,2.769,0.750,0.777
2014/09/19 13:10:58,1.44,37.73977,-121.59077,348.425,61.507,0.0,-75,3.096,1.083,0.681
2014/09/19 13:11:03,1.44,37.73953,-121.59228,360.564,60.733,0.0,-57,2.802,1.208,1.041
2014/09/19 13:11:08,1.44,37.73929,-121.59382,372.375,63.007,0.0,-57,2.917,0.875,0.890
2014/09/19 13:11:13,1.9,37.73905,-121.59539,385.171,63.175,0.0,-57,3.035,1.083,0.775
2014/09/19 13:11:18,1.43,37.73880,-121.59693,397.310,60.192,0.0,-57,2.641,1.083,0.705
2014/09/19 13:11:23,1.43,37.73857,-121.59841,409.449,59.830,0.0,-57,2.939,0.833,0.770
2014/09/19 13:11:28,1.9,37.73840,-121.59991,423.885,60.600,0.0,-57,3.144,1.083,0.742
2014/09/19 13:11:33,1.9,37.73830,-121.60146,439.633,63.208,0.0,-69,2.837,1.125,0.638
2014/09/19 13:11:38,1.9,37.73823,-121.60307,457.021,63.964,0.0,-69,2.917,0.833,0.830
2014/09/19 13:11:43,1.9,37.73816,-121.60468,469.816,64.905,0.0,-69,3.087,0.000,0.810
2014/09/19 13:11:48,2.0,37.73808,-121.60633,482.940,65.593,0.0,-69,2.753,1.083,0.725
2014/09/19 13:11:53,1.9,37.73796,-121.60801,499.672,67.236,0.0,-69,2.898,1.000,0.285
2014/09/19 13:11:58,1.43,37.73777,-121.60967,517.060,66.181,0.0,-69,3.250,0.667,0.263
2014/09/19 13:12:03,1.9,37.73752,-121.61129,529.528,63.704,0.0,-71,3.087,0.500,0.177
2014/09/19 13:12:08,2.07,37.73725,-121.61285,541.339,62.316,0.0,-71,2.997,0.500,0.210
2014/09/19 13:12:13,2.31,37.73699,-121.61439,552.493,61.005,0.0,-71,3.000,0.625,0.214
2014/09/19 13:12:18,2.31,37.73677,-121.61565,561.024,44.033,0.0,-71,0.000,0.750,0.166
2014/09/19 13:12:23,1.43,37.73659,-121.61674,568.570,43.773,0.0,-71,3.583,0.833,1.155
2014/09/19 13:12:28,1.43,37.73639,-121.61783,577.100,44.529,0.0,-71,2.667,1.208,0.982
2014/09/19 13:12:33,1.43,37.73620,-121.61895,586.942,46.594,0.0,-75,2.833,1.292,1.417
2014/09/19 13:12:38,1.91,37.73599,-121.62018,597.113,52.951,0.0,-75,3.000,0.000,2.450
2014/09/19 13:12:43,2.32,37.73575,-121.62156,605.643,57.249,0.0,-75,1.679,1.042,0.000
2014/09/19 13:12:48,1.43,37.73550,-121.62302,618.438,60.328,0.0,-75,2.321,1.417,1.610
2014/09/19 13:12:53,1.43,37.73524,-121.62455,632.546,63.104,0.0,-75,2.500,1.333,1.562
2014/09/19 13:12:58,1.57,37.73497,-121.62613,647.638,63.675,0.0,-75,2.510,0.917,1.169
2014/09/19 13:13:03,1.72,37.73469,-121.62769,661.745,62.943,0.0,-75,2.244,0.917,0.610
2014/09/19 13:13:08,1.42,37.73432,-121.62920,679.790,63.583,0.0,-73,2.233,0.000,0.514
2014/09/19 13:13:13,1.48,37.73374,-121.63064,690.617,63.567,0.0,-73,2.437,0.875,1.218
2014/09/19 13:13:18,1.57,37.73300,-121.63185,700.459,58.340,0.0,-73,1.442,0.458,0.222
2014/09/19 13:13:23,1.91,37.73215,-121.63285,706.365,58.375,0.0,-73,2.580,1.333,0.717
2014/09/19 13:13:28,1.91,37.73116,-121.63365,715.223,58.956,0.0,-73,2.840,1.333,0.456
2014/09/19 13:13:33,1.42,37.73014,-121.63437,735.236,57.869,0.0,-73,3.004,0.875,0.942
2014/09/19 13:13:38,1.42,37.72917,-121.63517,752.625,58.844,0.0,-67,2.474,0.000,1.304
2014/09/19 13:13:43,1.57,37.72828,-121.63616,771.982,58.858,0.0,-67,2.917,0.917,1.978
2014/09/19 13:13:48,2.33,37.72754,-121.63729,786.745,57.152,0.0,-67,3.173,1.292,2.190
2014/09/19 13:13:53,1.57,37.72694,-121.63857,797.572,60.764,0.0,-67,2.737,1.375,2.448
2014/09/19 13:13:58,1.57,37.72649,-121.64003,808.727,62.663,0.0,-67,2.769,0.875,1.982
2014/09/19 13:14:03,1.57,37.72623,-121.64151,822.178,58.697,0.0,-67,2.698,1.333,1.289
2014/09/19 13:14:08,1.91,37.72612,-121.64300,834.974,59.243,0.0,-63,2.968,0.000,2.541
2014/09/19 13:14:13,1.52,37.72600,-121.64441,844.816,55.446,0.0,-63,2.667,0.917,2.365
2014/09/19 13:14:18,1.42,37.72573,-121.64578,859.908,55.133,0.0,-63,2.721,1.333,1.722
2014/09/19 13:14:23,1.92,37.72531,-121.64708,870.079,56.027,0.0,-63,2.593,1.333,2.282
2014/09/19 13:14:28,1.92,37.72477,-121.64834,881.562,56.726,0.0,-63,2.753,0.875,1.877
2014/09/19 13:14:33,1.56,37.72423,-121.64959,894.029,55.714,0.0,-63,2.990,0.000,0.000
2014/09/19 13:14:38,1.56,37.72369,-121.65084,905.512,56.447,0.0,-67,3.019,1.333,2.357
2014/09/19 13:14:43,1.56,37.72313,-121.65209,917.323,56.701,0.0,-67,1.907,0.917,1.570
2014/09/19 13:14:48,1.42,37.72258,-121.65335,926.509,57.233,0.0,-67,2.426,1.333,1.270
2014/09/19 13:14:53,1.42,37.72199,-121.65461,937.664,58.533,0.0,-67,2.967,1.333,0.450
2014/09/19 13:14:58,1.56,37.72138,-121.65587,950.459,56.706,0.0,-67,2.000,0.875,1.273
2014/09/19 13:15:03,2.35,37.72080,-121.65708,961.614,54.607,0.0,-67,1.764,0.000,0.000
2014/09/19 13:15:08,2.35,37.72027,-121.65827,972.113,54.290,0.0,-67,0.632,0.458,2.297
2014/09/19 13:15:13,2.35,37.71978,-121.65953,982.612,56.945,0.0,-71,0.680,0.667,3.278
2014/09/19 13:15:18,1.92,37.71932,-121.66085,986.877,56.876,0.0,-71,1.271,0.917,1.465
2014/09/19 13:15:23,1.92,37.71895,-121.66215,986.549,53.771,0.0,-71,1.785,0.875,0.429
2014/09/19 13:15:28,1.41,37.71859,-121.66344,981.299,55.216,0.0,-71,2.465,0.875,0.789
2014/09/19 13:15:33,2.35,37.71823,-121.66480,970.472,57.975,0.0,-71,2.779,0.917,1.350
2014/09/19 13:15:38,1.92,37.71806,-121.66624,958.005,58.113,0.0,-71,2.971,0.000,1.141
2014/09/19 13:15:43,1.92,37.71809,-121.66767,945.210,56.091,0.0,-55,3.083,1.333,0.000
2014/09/19 13:15:48,1.92,37.71832,-121.66909,933.727,58.712,0.0,-55,2.535,0.875,3.258
2014/09/19 13:15:53,1.92,37.71877,-121.67048,924.213,59.018,0.0,-55,2.676,0.917,1.041
2014/09/19 13:15:58,1.92,37.71941,-121.67173,912.402,59.069,0.0,-55,3.132,1.333,2.086
2014/09/19 13:16:03,1.92,37.72017,-121.67287,904.856,58.510,0.0,-55,2.654,0.917,0.000
2014/09/19 13:16:08,1.92,37.72086,-121.67404,898.950,56.823,0.0,-55,3.025,1.333,2.269
2014/09/19 13:16:13,1.92,37.72134,-121.67532,890.420,56.446,0.0,-61,3.067,0.000,2.342
2014/09/19 13:16:18,1.92,37.72160,-121.67669,884.186,55.953,0.0,-61,2.676,1.333,1.410
2014/09/19 13:16:23,2.25,37.72174,-121.67813,873.031,56.917,0.0,-61,2.654,0.875,0.966
2014/09/19 13:16:28,1.93,37.72189,-121.67958,861.877,59.364,0.0,-61,0.997,0.000,1.523
2014/09/19 13:16:33,1.93,37.72197,-121.68109,852.034,59.176,0.0,-61,1.279,0.917,0.442
2014/09/19 13:16:38,1.97,37.72179,-121.68254,843.504,60.737,0.0,-61,0.173,0.000,3.925
2014/09/19 13:16:43,1.93,37.72148,-121.68407,831.693,64.423,0.0,-95,0.567,0.458,0.798
2014/09/19 13:16:48,1.93,37.72115,-121.68568,820.210,65.305,0.0,-95,1.016,0.875,0.846
2014/09/19 13:16:53,1.41,37.72082,-121.68730,808.071,66.707,0.0,-95,1.044,0.958,0.778
2014/09/19 13:16:58,1.55,37.72049,-121.68894,790.354,67.680,0.0,-95,1.433,0.000,0.233
2014/09/19 13:17:03,1.55,37.72015,-121.69060,767.060,68.077,0.0,-95,2.824,0.917,0.283
2014/09/19 13:17:08,1.55,37.71981,-121.69230,740.486,70.911,0.0,-95,3.417,1.333,0.298
2014/09/19 13:17:13,1.4,37.71946,-121.69404,709.646,70.422,0.0,-95,3.150,0.917,0.310
2014/09/19 13:17:18,1.4,37.71910,-121.69578,677.822,71.190,0.0,-65,2.850,0.000,0.891
2014/09/19 13:17:23,1.55,37.71875,-121.69753,644.357,71.449,0.0,-65,2.833,0.000,0.166
2014/09/19 13:17:28,1.4,37.71839,-121.69927,613.517,70.676,0.0,-65,3.390,0.083,0.163
2014/09/19 13:17:33,1.4,37.71804,-121.70101,583.333,70.676,0.0,-65,1.603,0.500,0.282
2014/09/19 13:17:38,1.93,37.71769,-121.70274,559.711,69.360,0.0,-65,1.920,1.167,0.338
2014/09/19 13:17:43,1.4,37.71727,-121.70439,552.493,68.001,0.0,-65,2.420,0.000,0.577
2014/09/19 13:17:48,1.4,37.71673,-121.70595,547.900,67.029,0.0,-55,2.413,1.000,0.274
2014/09/19 13:17:53,1.93,37.71609,-121.70746,543.635,68.291,0.0,-55,2.593,0.833,0.193
2014/09/19 13:17:58,1.93,37.71544,-121.70897,539.042,68.126,0.0,-55,2.019,1.083,0.280
2014/09/19 13:18:03,1.93,37.71479,-121.71049,535.433,67.593,0.0,-55,1.359,0.333,1.032
2014/09/19 13:18:08,1.93,37.71415,-121.71199,534.121,66.564,0.0,-55,2.196,0.250,0.158
2014/09/19 13:18:13,1.93,37.71351,-121.71350,530.512,69.405,0.0,-55,2.782,0.667,0.310
2014/09/19 13:18:18,1.93,37.71285,-121.71506,527.887,69.841,0.0,-69,2.910,1.125,0.615
2014/09/19 13:18:23,1.93,37.71219,-121.71662,523.950,69.730,0.0,-69,2.234,1.000,1.112
2014/09/19 13:18:28,1.93,37.71155,-121.71815,521.654,67.270,0.0,-69,2.837,0.833,0.777
2014/09/19 13:18:33,1.93,37.71092,-121.71964,521.654,66.150,0.0,-69,2.824,1.125,0.671
2014/09/19 13:18:38,1.93,37.71030,-121.72111,520.997,65.769,0.0,-69,2.253,1.042,1.002
2014/09/19 13:18:43,1.93,37.70968,-121.72258,519.685,65.609,0.0,-69,2.244,0.750,0.160
2014/09/19 13:18:48,1.98,37.70907,-121.72404,517.717,65.481,0.0,-79,2.747,0.625,0.210
2014/09/19 13:18:53,1.93,37.70847,-121.72544,517.388,62.113,0.0,-79,2.477,0.667,0.369
2014/09/19 13:18:58,1.94,37.70789,-121.72683,515.748,62.058,0.0,-79,2.533,0.000,0.373
2014/09/19 13:19:03,1.94,37.70731,-121.72819,514.436,60.038,0.0,-79,2.852,0.583,0.181
2014/09/19 13:19:08,1.94,37.70674,-121.72954,513.123,61.469,0.0,-79,2.945,0.500,0.197
2014/09/19 13:19:13,1.94,37.70615,-121.73093,510.499,62.521,0.0,-79,2.606,0.500,0.185
2014/09/19 13:19:18,1.94,37.70556,-121.73232,509.186,61.891,0.0,-79,3.100,0.500,0.350
2014/09/19 13:19:23,1.94,37.70497,-121.73372,507.218,63.673,0.0,-53,3.038,0.625,0.159
2014/09/19 13:19:28,1.94,37.70437,-121.73515,508.202,64.118,0.0,-53,1.295,0.000,0.495
2014/09/19 13:19:33,1.94,37.70377,-121.73658,508.202,63.778,0.0,-53,2.587,0.375,0.271
2014/09/19 13:19:38,2.11,37.70325,-121.73807,508.202,64.357,0.0,-53,3.144,0.833,0.301
2014/09/19 13:19:43,1.39,37.70285,-121.73962,512.139,65.818,0.0,-53,2.930,1.083,1.170
2014/09/19 13:19:48,1.94,37.70259,-121.74126,517.060,65.598,0.0,-53,1.974,1.000,0.758
2014/09/19 13:19:53,1.94,37.70246,-121.74288,517.060,64.470,0.0,-59,2.616,0.833,0.742
2014/09/19 13:19:58,1.39,37.70247,-121.74454,511.483,67.009,0.0,-59,3.074,1.125,0.158
2014/09/19 13:20:03,2.4,37.70255,-121.74626,503.609,68.270,0.0,-59,2.766,0.500,0.230
2014/09/19 13:20:08,1.39,37.70262,-121.74799,501.640,68.215,0.0,-59,2.974,0.500,0.230
2014/09/19 13:20:13,1.39,37.70269,-121.74970,498.031,67.598,0.0,-59,2.712,0.375,0.249
2014/09/19 13:20:18,1.94,37.70275,-121.75141,494.094,67.435,0.0,-59,2.663,0.500,0.285
2014/09/19 13:20:23,1.94,37.70282,-121.75311,492.782,66.551,0.0,-85,2.644,0.833,0.270
2014/09/19 13:20:28,1.94,37.70289,-121.75479,489.173,67.369,0.0,-85,2.560,0.000,0.338
2014/09/19 13:20:33,1.94,37.70296,-121.75648,481.299,66.678,0.0,-85,1.927,0.833,0.529
2014/09/19 13:20:38,1.94,37.70301,-121.75816,476.706,66.818,0.0,-85,2.217,0.625,0.170
2014/09/19 13:20:43,1.39,37.70299,-121.75986,474.409,67.868,0.0,-85,1.266,0.500,0.310
2014/09/19 13:20:48,1.94,37.70288,-121.76153,473.425,65.719,0.0,-85,1.190,0.250,1.205
2014/09/19 13:20:53,1.94,37.70271,-121.76317,473.097,64.778,0.0,-95,0.000,0.000,0.216
2014/09/19 13:20:58,1.94,37.70245,-121.76480,466.535,65.731,0.0,-95,1.233,0.000,0.625
2014/09/19 13:21:03,1.38,37.70218,-121.76645,461.614,66.194,0.0,-95,0.773,0.250,0.922
2014/09/19 13:21:08,1.94,37.70190,-121.76809,457.021,65.747,0.0,-95,0.711,0.000,0.717
2014/09/19 13:21:13,1.94,37.70163,-121.76971,453.412,65.840,0.0,-95,0.500,0.250,3.269
2014/09/19 13:21:18,1.6,37.70136,-121.77136,456.365,67.689,0.0,-95,0.933,0.500,0.556
2014/09/19 13:21:23,1.38,37.70108,-121.77303,460.630,67.260,0.0,-95,0.821,0.000,1.737
2014/09/19 13:21:28,1.94,37.70080,-121.77474,465.879,70.008,0.0,-95,0.718,0.250,0.486
2014/09/19 13:21:33,1.94,37.70057,-121.77640,466.864,65.061,0.0,-95,0.975,0.125,1.464
2014/09/19 13:21:38,1.94,37.70040,-121.77806,461.614,68.077,0.0,-95,1.993,0.375,0.402
2014/09/19 13:21:43,1.94,37.70025,-121.77980,452.100,69.630,0.0,-95,2.594,0.625,0.294
2014/09/19 13:21:48,1.94,37.70010,-121.78151,442.585,67.917,0.0,-95,2.913,0.583,0.218
2014/09/19 13:21:53,1.94,37.69995,-121.78322,435.367,68.445,0.0,-95,3.000,0.000,0.442
2014/09/19 13:21:58,1.94,37.69979,-121.78497,428.150,70.022,0.0,-73,2.750,0.500,0.162
2014/09/19 13:22:03,1.94,37.69965,-121.78677,427.165,71.781,0.0,-73,2.667,0.625,0.190
2014/09/19 13:22:08,1.94,37.69970,-121.78857,427.822,71.938,0.0,-73,3.307,0.875,0.974
2014/09/19 13:22:13,1.4,37.70000,-121.79034,431.102,70.471,0.0,-73,1.426,0.375,0.231
2014/09/19 13:22:18,1.4,37.70037,-121.79202,425.525,67.000,0.0,-73,1.833,1.000,0.610
2014/09/19 13:22:23,1.4,37.70072,-121.79365,419.291,65.838,0.0,-73,2.715,1.208,0.218
2014/09/19 13:22:28,2.12,37.70088,-121.79527,410.105,64.151,0.0,-67,2.728,0.708,0.481
2014/09/19 13:22:33,1.94,37.70090,-121.79692,407.152,65.284,0.0,-67,2.663,1.000,0.642
2014/09/19 13:22:38,1.94,37.70091,-121.79857,406.824,65.804,0.0,-67,2.736,1.167,0.567
2014/09/19 13:22:43,1.94,37.70093,-121.80022,407.480,65.135,0.0,-67,1.779,0.792,0.343
2014/09/19 13:22:48,2.32,37.70095,-121.80187,405.184,64.973,0.0,-67,2.311,0.000,0.711
2014/09/19 13:22:53,1.95,37.70096,-121.80353,407.480,65.451,0.0,-67,0.977,0.833,1.756
2014/09/19 13:22:58,1.37,37.70098,-121.80516,409.121,63.638,0.0,-73,1.363,0.500,0.387
2014/09/19 13:23:03,1.95,37.70099,-121.80676,409.449,62.739,0.0,-73,1.436,0.625,0.543
2014/09/19 13:23:08,1.95,37.70100,-121.80835,409.449,63.980,0.0,-73,2.394,0.667,0.162
2014/09/19 13:23:13,1.95,37.70103,-121.80992,413.386,61.520,0.0,-73,2.593,0.000,0.269
2014/09/19 13:23:18,1.95,37.70104,-121.81148,414.698,61.377,0.0,-73,0.600,0.208,0.169
2014/09/19 13:23:23,1.95,37.70103,-121.81304,413.714,61.952,0.0,-73,1.141,0.375,0.000
2014/09/19 13:23:28,1.95,37.70104,-121.81462,406.496,62.770,0.0,-73,0.128,0.000,3.163
2014/09/19 13:23:33,1.95,37.70106,-121.81620,398.294,62.524,0.0,-91,0.113,0.000,5.249
2014/09/19 13:23:38,3.55,37.70107,-121.81783,392.388,66.038,0.0,-91,0.152,0.000,0.701
2014/09/19 13:23:43,2.06,37.70108,-121.81947,392.060,64.370,0.0,-91,0.000,0.000,4.951
2014/09/19 13:23:48,2.06,37.70109,-121.82111,396.654,64.327,0.0,-91,0.000,0.000,1.321
2014/09/19 13:23:53,2.06,37.70110,-121.82273,396.654,63.231,0.0,-91,0.000,0.000,0.323
2014/09/19 13:23:58,2.06,37.70112,-121.82430,395.669,61.339,0.0,-91,0.003,0.042,0.299
2014/09/19 13:24:03,2.06,37.70113,-121.82584,393.045,60.043,0.0,-93,1.590,0.750,0.162
2014/09/19 13:24:08,1.95,37.70114,-121.82735,394.685,59.567,0.0,-93,1.538,0.417,0.282
2014/09/19 13:24:13,1.95,37.70116,-121.82887,390.092,60.273,0.0,-93,2.442,0.000,0.177
2014/09/19 13:24:18,1.99,37.70117,-121.83039,380.906,59.703,0.0,-93,2.517,0.333,0.193
2014/09/19 13:24:23,1.95,37.70118,-121.83193,378.937,59.430,0.0,-93,3.420,0.500,0.195
2014/09/19 13:24:28,1.37,37.70120,-121.83342,376.640,58.907,0.0,-93,2.910,0.958,0.351
2014/09/19 13:24:33,1.37,37.70121,-121.83491,371.391,59.589,0.0,-57,2.763,1.125,0.462
2014/09/19 13:24:38,1.36,37.70122,-121.83643,363.189,59.415,0.0,-57,0.987,0.417,1.389
2014/09/19 13:24:43,1.95,37.70124,-121.83792,359.580,59.578,0.0,-57,2.087,0.750,0.262
2014/09/19 13:24:48,1.95,37.70125,-121.83945,356.299,60.822,0.0,-57,2.413,0.875,0.247
2014/09/19 13:24:53,1.42,37.70127,-121.84100,352.362,61.278,0.0,-57,2.837,0.792,0.331
2014/09/19 13:24:58,1.43,37.70128,-121.84252,349.738,59.004,0.0,-57,2.833,1.042,0.450
2014/09/19 13:25:03,1.45,37.70129,-121.84404,348.097,61.794,0.0,-65,3.170,0.000,0.160
2014/09/19 13:25:08,1.45,37.70130,-121.84561,347.113,61.788,0.0,-65,2.663,0.833,0.290
2014/09/19 13:25:13,1.45,37.70132,-121.84718,347.113,61.545,0.0,-65,2.830,0.833,0.286
2014/09/19 13:25:18,1.29,37.70133,-121.84871,347.113,59.959,0.0,-65,3.333,1.000,0.198
2014/09/19 13:25:23,1.28,37.70134,-121.85021,346.129,59.058,0.0,-65,1.917,0.625,0.558
2014/09/19 13:25:28,1.36,37.70136,-121.85171,341.535,59.383,0.0,-65,2.516,0.417,0.482
2014/09/19 13:25:33,1.38,37.70137,-121.85319,338.911,56.510,0.0,-65,0.942,0.208,1.853
2014/09/19 13:25:38,1.45,37.70138,-121.85462,336.614,56.207,0.0,-81,1.567,0.500,0.499
2014/09/19 13:25:43,1.45,37.70140,-121.85605,336.286,56.306,0.0,-81,2.228,0.875,0.689
2014/09/19 13:25:48,2.06,37.70141,-121.85748,335.958,57.393,0.0,-81,2.420,0.000,0.217
2014/09/19 13:25:53,1.45,37.70142,-121.85894,336.614,57.536,0.0,-81,2.929,0.542,0.161
2014/09/19 13:25:58,2.06,37.70144,-121.86041,336.286,57.819,0.0,-81,3.064,0.417,0.271
2014/09/19 13:26:03,1.53,37.70145,-121.86190,336.942,60.507,0.0,-81,1.837,0.625,0.290
2014/09/19 13:26:08,2.58,37.70146,-121.86345,338.583,61.421,0.0,-89,1.760,0.417,0.502
2014/09/19 13:26:13,1.54,37.70148,-121.86499,340.879,59.410,0.0,-89,1.387,0.208,1.207
2014/09/19 13:26:18,1.28,37.70149,-121.86644,339.239,57.342,0.0,-89,2.206,0.625,0.781
2014/09/19 13:26:23,1.54,37.70151,-121.86788,333.661,56.418,0.0,-89,2.487,0.625,0.405
2014/09/19 13:26:28,1.46,37.70152,-121.86931,330.052,55.750,0.0,-89,0.686,0.000,0.000
2014/09/19 13:26:33,1.46,37.70153,-121.87073,329.396,56.089,0.0,-89,0.391,0.208,4.806
2014/09/19 13:26:38,2.54,37.70154,-121.87216,332.677,57.212,0.0,-77,0.000,0.000,1.702
2014/09/19 13:26:43,1.46,37.70156,-121.87364,333.005,58.748,0.0,-77,0.606,0.125,2.795
2014/09/19 13:26:48,1.46,37.70157,-121.87512,334.974,59.000,0.0,-77,1.288,0.792,0.781
2014/09/19 13:26:53,2.06,37.70159,-121.87660,336.286,57.284,0.0,-77,1.860,0.875,0.348
2014/09/19 13:26:58,2.06,37.70160,-121.87808,337.927,59.010,0.0,-77,2.827,0.708,0.338
2014/09/19 13:27:03,2.59,37.70161,-121.87957,339.567,58.783,0.0,-77,2.167,0.292,0.902
2014/09/19 13:27:08,2.06,37.70163,-121.88106,335.302,59.742,0.0,-69,0.461,0.375,0.951
2014/09/19 13:27:13,1.95,37.70165,-121.88256,332.677,58.903,0.0,-69,0.368,0.458,1.329
2014/09/19 13:27:18,1.95,37.70167,-121.88399,331.037,56.258,0.0,-69,0.696,0.000,1.401
2014/09/19 13:27:23,1.95,37.70168,-121.88541,329.396,54.545,0.0,-69,0.623,0.625,0.658
2014/09/19 13:27:28,2.47,37.70170,-121.88679,328.084,55.324,0.0,-69,1.054,0.958,0.405
2014/09/19 13:27:33,1.53,37.70170,-121.88821,329.068,56.862,0.0,-69,0.997,0.000,0.000
2014/09/19 13:27:38,1.43,37.70171,-121.88966,329.396,55.939,0.0,-69,0.404,0.708,5.277
2014/09/19 13:27:43,1.43,37.70170,-121.89108,325.131,56.634,0.0,-69,0.399,0.167,4.486
2014/09/19 13:27:48,1.5,37.70170,-121.89257,322.507,60.386,0.0,-69,0.629,0.667,1.281
2014/09/19 13:27:53,1.95,37.70172,-121.89413,326.444,61.107,0.0,-69,1.501,0.875,1.241
2014/09/19 13:27:58,1.5,37.70176,-121.89567,337.270,61.550,0.0,-69,1.949,0.875,0.538
2014/09/19 13:28:03,1.95,37.70180,-121.89723,343.832,61.792,0.0,-69,1.253,0.000,5.570
2014/09/19 13:28:08,1.95,37.70182,-121.89882,339.567,63.347,0.0,-69,0.980,0.292,0.441
2014/09/19 13:28:13,1.95,37.70182,-121.90043,333.005,62.550,0.0,-65,0.679,0.167,3.180
2014/09/19 13:28:18,1.95,37.70182,-121.90200,324.475,61.901,0.0,-65,0.183,0.000,1.120
2014/09/19 13:28:23,1.95,37.70182,-121.90364,314.304,66.358,0.0,-65,0.455,0.167,2.773
2014/09/19 13:28:28,1.43,37.70183,-121.90533,312.336,67.199,0.0,-65,0.167,0.000,1.343
2014/09/19 13:28:33,2.69,37.70185,-121.90701,315.289,64.714,0.0,-65,0.585,0.208,0.531
2014/09/19 13:28:38,1.51,37.70186,-121.90867,312.992,65.622,0.0,-65,0.940,0.500,0.586
2014/09/19 13:28:43,1.43,37.70188,-121.91036,308.071,65.451,0.0,-87,1.347,0.500,0.438
2014/09/19 13:28:48,1.43,37.70190,-121.91201,312.008,65.686,0.0,-87,0.868,0.500,0.882
2014/09/19 13:28:53,1.44,37.70193,-121.91367,312.992,64.204,0.0,-87,1.102,0.542,1.421
2014/09/19 13:28:58,1.51,37.70195,-121.91528,314.961,63.994,0.0,-87,0.891,0.417,0.666
2014/09/19 13:29:03,1.51,37.70196,-121.91685,318.570,62.439,0.0,-87,1.121,0.333,0.454
2014/09/19 13:29:08,2.48,37.70189,-121.91843,320.210,62.171,0.0,-87,1.236,0.333,0.433
2014/09/19 13:29:14,2.48,37.70166,-121.92000,320.210,62.961,0.0,-63,1.248,0.667,0.897
2014/09/19 13:29:19,1.51,37.70133,-121.92156,317.257,64.019,0.0,-63,1.090,0.000,0.542
2014/09/19 13:29:24,1.71,37.70099,-121.92310,316.273,63.575,0.0,-63,0.789,0.917,0.444
2014/09/19 13:29:29,1.44,37.70066,-121.92463,318.241,60.225,0.0,-63,2.340,0.625,0.654
2014/09/19 13:29:34,1.44,37.70034,-121.92612,324.475,60.280,0.0,-63,2.731,1.000,0.209
2014/09/19 13:29:39,1.94,37.70001,-121.92762,327.428,61.580,0.0,-63,1.567,0.667,0.342
2014/09/19 13:29:44,1.94,37.69967,-121.92914,331.693,62.862,0.0,-63,2.475,0.667,0.818
2014/09/19 13:29:49,1.51,37.69933,-121.93069,335.958,63.773,0.0,-51,2.555,1.125,0.950
2014/09/19 13:29:54,1.51,37.69896,-121.93222,339.239,62.651,0.0,-51,2.567,1.208,0.370
2014/09/19 13:29:59,1.94,37.69864,-121.93374,343.504,61.870,0.0,-51,2.753,0.000,0.830
2014/09/19 13:30:04,2.43,37.69847,-121.93532,347.441,63.831,0.0,-51,2.580,0.833,0.526
2014/09/19 13:30:09,2.05,37.69847,-121.93694,358.924,62.993,0.0,-51,2.833,1.042,0.191
2014/09/19 13:30:14,1.55,37.69848,-121.93855,373.360,63.829,0.0,-51,2.375,0.833,0.691
2014/09/19 13:30:19,2.05,37.69849,-121.94013,388.780,62.062,0.0,-73,1.580,0.833,1.660
2014/09/19 13:30:24,1.47,37.69850,-121.94168,403.543,61.331,0.0,-73,0.000,0.000,1.078
2014/09/19 13:30:29,1.94,37.69851,-121.94324,417.979,60.912,0.0,-73,0.462,0.000,0.000
2014/09/19 13:30:34,1.44,37.69852,-121.94480,433.727,61.672,0.0,-73,0.173,0.000,5.139
2014/09/19 13:30:39,1.94,37.69853,-121.94638,448.163,62.490,0.0,-73,0.147,0.000,2.806
2014/09/19 13:30:44,1.94,37.69854,-121.94786,461.286,56.724,0.0,-73,0.333,0.000,1.539
2014/09/19 13:30:49,1.94,37.69855,-121.94930,475.066,57.043,0.0,-79,0.279,0.000,2.721
2014/09/19 13:30:54,1.44,37.69856,-121.95076,489.173,57.734,0.0,-79,0.109,0.000,0.000
2014/09/19 13:30:59,1.44,37.69857,-121.95224,502.953,58.200,0.0,-79,0.061,0.000,9.041
2014/09/19 13:31:04,1.44,37.69858,-121.95367,516.732,55.264,0.0,-79,0.000,0.000,0.000
2014/09/19 13:31:09,1.94,37.69859,-121.95508,529.528,56.101,0.0,-79,0.000,0.000,0.438
2014/09/19 13:31:14,1.94,37.69860,-121.95653,544.291,58.249,0.0,-79,0.000,0.042,0.523
2014/09/19 13:31:19,1.94,37.69857,-121.95795,559.055,54.827,0.0,-87,0.000,0.583,1.036
2014/09/19 13:31:24,1.44,37.69841,-121.95936,572.507,55.890,0.0,-87,0.000,0.750,1.549
2014/09/19 13:31:29,1.44,37.69816,-121.96078,586.286,59.234,0.0,-87,0.000,0.625,0.761
2014/09/19 13:31:34,1.44,37.69790,-121.96225,601.050,59.695,0.0,-87,0.000,1.042,0.618
2014/09/19 13:31:39,2.5,37.69767,-121.96375,617.126,60.170,0.0,-87,0.000,1.250,1.189
2014/09/19 13:31:44,2.5,37.69752,-121.96523,632.218,58.037,0.0,-87,0.006,0.792,0.983
2014/09/19 13:31:49,1.94,37.69742,-121.96671,647.638,58.981,0.0,-87,2.413,1.000,0.658
2014/09/19 13:31:54,1.94,37.69738,-121.96824,664.370,62.015,0.0,-55,2.736,1.292,0.614
2014/09/19 13:31:59,2.21,37.69742,-121.96981,681.430,61.444,0.0,-55,2.209,0.917,0.168
2014/09/19 13:32:04,2.21,37.69753,-121.97135,697.835,61.301,0.0,-55,2.725,0.917,0.251
2014/09/19 13:32:09,2.21,37.69771,-121.97290,711.942,62.347,0.0,-55,2.840,0.000,0.404
2014/09/19 13:32:14,2.21,37.69795,-121.97445,721.785,62.662,0.0,-55,2.894,1.000,1.083
2014/09/19 13:32:19,2.21,37.69822,-121.97599,724.409,62.371,0.0,-55,3.103,0.875,0.809
2014/09/19 13:32:24,1.7,37.69849,-121.97754,722.769,63.633,0.0,-59,2.859,1.167,0.671
2014/09/19 13:32:29,1.7,37.69877,-121.97911,717.192,62.291,0.0,-59,1.923,1.000,1.232
2014/09/19 13:32:34,1.44,37.69902,-121.98061,710.302,60.394,0.0,-59,2.712,0.917,0.821
2014/09/19 13:32:39,2.21,37.69927,-121.98212,702.756,61.319,0.0,-59,2.837,1.125,0.667
2014/09/19 13:32:44,1.7,37.69949,-121.98366,693.570,60.713,0.0,-59,1.577,0.917,1.158
2014/09/19 13:32:49,1.7,37.69965,-121.98511,687.008,57.865,0.0,-59,2.083,0.917,0.414
2014/09/19 13:32:54,1.7,37.69981,-121.98655,682.415,56.971,0.0,-83,2.833,1.167,0.498
2014/09/19 13:32:59,1.7,37.70008,-121.98797,678.150,57.477,0.0,-83,2.334,0.917,1.097
2014/09/19 13:33:04,1.7,37.70050,-121.98933,671.260,58.987,0.0,-83,2.958,0.917,0.789
2014/09/19 13:33:09,2.21,37.70107,-121.99067,661.089,60.814,0.0,-83,2.879,1.125,0.316
2014/09/19 13:33:14,2.21,37.70166,-121.99201,650.591,59.654,0.0,-83,2.840,0.792,0.186
2014/09/19 13:33:19,2.21,37.70220,-121.99334,638.451,59.952,0.0,-83,3.041,0.500,0.207
2014/09/19 13:33:24,2.3,37.70268,-121.99474,623.688,59.579,0.0,-87,3.122,0.000,0.201
2014/09/19 13:33:29,1.84,37.70307,-121.99617,609.908,59.550,0.0,-87,2.753,0.958,0.317
2014/09/19 13:33:34,2.3,37.70336,-121.99764,596.785,59.460,0.0,-87,2.394,0.792,0.278
2014/09/19 13:33:39,2.21,37.70357,-121.99908,586.286,57.037,0.0,-87,2.718,0.917,0.301
2014/09/19 13:33:44,2.21,37.70368,-122.00052,572.507,58.099,0.0,-87,2.448,0.917,0.310
2014/09/19 13:33:49,1.71,37.70370,-122.00203,559.711,60.061,0.0,-87,2.209,0.542,0.309
2014/09/19 13:33:54,1.71,37.70365,-122.00356,545.932,60.723,0.0,-97,1.852,0.542,0.168
2014/09/19 13:33:59,1.71,37.70358,-122.00510,533.465,60.311,0.0,-97,0.000,0.500,0.190
2014/09/19 13:34:04,2.22,37.70350,-122.00659,519.357,59.209,0.0,-97,2.712,0.750,0.306
2014/09/19 13:34:09,2.22,37.70343,-122.00812,507.874,61.652,0.0,-97,2.833,0.833,0.236
2014/09/19 13:34:14,2.22,37.70336,-122.00969,494.751,61.240,0.0,-97,2.744,0.792,0.222
2014/09/19 13:34:19,2.22,37.70328,-122.01123,481.299,60.587,0.0,-97,3.000,0.917,0.303
2014/09/19 13:34:24,2.22,37.70321,-122.01275,467.192,59.517,0.0,-97,3.099,0.375,0.410
2014/09/19 13:34:29,1.71,37.70314,-122.01422,455.381,57.546,0.0,-77,2.695,0.417,0.230
2014/09/19 13:34:34,3.29,37.70305,-122.01565,443.241,56.138,0.0,-77,2.984,0.000,0.170
2014/09/19 13:34:39,1.82,37.70283,-122.01713,429.462,61.738,0.0,-77,2.817,0.500,0.502
2014/09/19 13:34:44,1.82,37.70242,-122.01860,414.370,62.467,0.0,-77,2.487,0.917,0.229
2014/09/19 13:34:49,1.71,37.70187,-122.02008,401.903,65.376,0.0,-77,2.640,0.917,0.322
2014/09/19 13:34:54,1.45,37.70139,-122.02156,403.215,62.034,0.0,-77,2.693,1.125,0.457
2014/09/19 13:34:59,1.45,37.70111,-122.02308,408.136,60.766,0.0,-65,2.522,0.917,0.945
2014/09/19 13:35:04,1.71,37.70100,-122.02462,415.354,61.475,0.0,-65,2.538,0.917,0.790
2014/09/19 13:35:09,1.86,37.70108,-122.02616,419.948,60.759,0.0,-65,2.779,1.000,0.221
2014/09/19 13:35:14,1.82,37.70133,-122.02763,425.197,59.754,0.0,-65,2.660,0.792,0.158
2014/09/19 13:35:19,1.71,37.70173,-122.02909,427.165,61.999,0.0,-65,2.513,0.500,0.210
2014/09/19 13:35:24,1.71,37.70210,-122.03061,425.525,63.958,0.0,-65,1.590,1.000,0.471
2014/09/19 13:35:29,1.71,37.70229,-122.03220,415.682,63.202,0.0,-51,2.564,0.917,1.089
2014/09/19 13:35:34,1.72,37.70230,-122.03379,402.559,63.857,0.0,-51,2.560,0.875,0.809
2014/09/19 13:35:39,1.45,37.70211,-122.03541,386.811,64.621,0.0,-51,2.709,1.042,0.309
2014/09/19 13:35:44,1.45,37.70172,-122.03698,370.079,65.995,0.0,-51,2.936,0.917,0.634
2014/09/19 13:35:49,1.45,37.70114,-122.03856,355.971,70.730,0.0,-51,2.478,0.792,0.389
2014/09/19 13:35:54,1.82,37.70032,-122.04001,344.160,70.059,0.0,-51,2.484,0.000,0.189
2014/09/19 13:35:59,1.82,37.69933,-122.04126,331.037,70.945,0.0,-95,2.433,0.792,1.280
2014/09/19 13:36:04,1.82,37.69825,-122.04244,318.241,70.062,0.0,-95,0.721,0.500,1.010
2014/09/19 13:36:09,1.82,37.69720,-122.04357,306.102,68.145,0.0,-95,1.724,0.875,0.682
2014/09/19 13:36:14,1.82,37.69615,-122.04473,294.619,70.205,0.0,-95,2.456,1.167,0.190
2014/09/19 13:36:19,1.72,37.69523,-122.04604,286.745,70.179,0.0,-95,2.256,0.875,0.293
2014/09/19 13:36:24,1.82,37.69448,-122.04755,282.152,70.175,0.0,-95,2.740,0.792,0.157
2014/09/19 13:36:29,2.22,37.69395,-122.04921,275.591,70.690,0.0,-95,3.003,0.625,0.183
2014/09/19 13:36:34,1.72,37.69366,-122.05095,266.076,69.426,0.0,-81,2.423,0.375,0.229
2014/09/19 13:36:39,1.72,37.69361,-122.05267,256.562,67.932,0.0,-81,1.769,0.000,0.604
2014/09/19 13:36:44,1.72,37.69377,-122.05439,248.031,69.879,0.0,-81,0.939,0.292,0.475
2014/09/19 13:36:49,1.72,37.69395,-122.05616,239.173,70.706,0.0,-81,0.798,0.375,0.565
2014/09/19 13:36:54,1.72,37.69393,-122.05793,229.331,70.791,0.0,-81,1.202,0.833,0.196
2014/09/19 13:36:59,1.72,37.69369,-122.05969,218.832,69.887,0.0,-81,1.933,0.750,0.295
2014/09/19 13:37:04,1.72,37.69325,-122.06138,203.412,71.544,0.0,-65,1.122,0.000,0.238
2014/09/19 13:37:09,2.26,37.69276,-122.06313,186.680,73.048,0.0,-65,2.737,0.542,0.169
2014/09/19 13:37:14,1.84,37.69227,-122.06489,174.213,74.018,0.0,-65,1.356,0.250,0.212
2014/09/19 13:37:19,1.84,37.69178,-122.06664,167.651,73.995,0.0,-65,1.981,0.875,0.350
2014/09/19 13:37:24,1.84,37.69132,-122.06878,169.948,71.186,0.0,-65,2.173,0.792,0.957
2014/09/19 13:37:29,1.75,37.69109,-122.07048,172.244,66.246,0.0,-65,2.683,0.875,0.870
2014/09/19 13:37:34,1.75,37.69098,-122.07216,176.181,67.622,0.0,-73,2.635,0.875,0.742
2014/09/19 13:37:39,1.75,37.69095,-122.07391,174.541,69.904,0.0,-73,3.010,1.042,0.846
2014/09/19 13:37:44,1.75,37.69094,-122.07568,165.354,69.858,0.0,-73,2.247,0.000,1.323
2014/09/19 13:37:49,1.73,37.69094,-122.07744,155.512,67.884,0.0,-73,1.063,0.792,2.678
2014/09/19 13:37:54,1.73,37.69095,-122.07914,147.310,66.298,0.0,-73,0.398,0.125,0.299
2014/09/19 13:37:59,1.73,37.69094,-122.08070,144.029,61.281,0.0,-73,1.231,0.292,0.249
2014/09/19 13:38:04,1.73,37.69093,-122.08226,146.654,61.103,0.0,-75,1.856,0.500,0.327
2014/09/19 13:38:09,1.73,37.69092,-122.08375,153.543,57.409,0.0,-75,2.641,0.625,0.216
2014/09/19 13:38:14,1.73,37.69091,-122.08515,165.026,53.980,0.0,-75,1.484,0.292,0.291
2014/09/19 13:38:19,1.73,37.69090,-122.08655,178.150,55.588,0.0,-75,1.651,0.625,0.609
2014/09/19 13:38:24,1.73,37.69089,-122.08795,188.648,55.611,0.0,-75,2.343,0.875,0.465
2014/09/19 13:38:29,1.73,37.69088,-122.08939,193.898,57.640,0.0,-75,2.683,0.000,0.210
2014/09/19 13:38:34,1.73,37.69087,-122.09082,196.194,56.228,0.0,-75,2.148,0.792,0.601
2014/09/19 13:38:39,1.73,37.69082,-122.09223,193.570,55.413,0.0,-51,2.156,0.500,0.183
2014/09/19 13:38:44,1.73,37.69077,-122.09363,186.024,55.461,0.0,-51,1.808,0.750,0.410
2014/09/19 13:38:49,1.73,37.69072,-122.09506,175.853,57.365,0.0,-51,2.465,1.167,1.043
2014/09/19 13:38:54,1.73,37.69071,-122.09653,168.635,59.354,0.0,-51,2.660,0.792,1.037
2014/09/19 13:38:59,2.22,37.69092,-122.09804,168.307,61.678,0.0,-51,2.833,1.042,0.898
2014/09/19 13:39:04,1.73,37.69137,-122.09946,168.963,59.983,0.0,-51,2.990,1.042,0.401
2014/09/19 13:39:09,2.22,37.69203,-122.10072,168.635,58.527,0.0,-81,1.810,0.500,0.535
2014/09/19 13:39:15,1.73,37.69287,-122.10177,167.323,58.855,0.0,-81,0.721,0.000,2.193
2014/09/19 13:39:20,2.22,37.69381,-122.10264,166.339,58.264,0.0,-81,0.317,0.333,0.397
2014/09/19 13:39:25,2.04,37.69476,-122.10347,164.370,56.959,0.0,-81,1.670,0.417,0.608
2014/09/19 13:39:30,2.04,37.69571,-122.10432,161.745,58.774,0.0,-81,1.231,0.250,1.057
2014/09/19 13:39:35,2.04,37.69667,-122.10517,159.449,59.611,0.0,-81,0.612,0.000,1.554
2014/09/19 13:39:40,2.04,37.69768,-122.10607,157.152,61.784,0.0,-83,0.581,0.250,1.874
2014/09/19 13:39:45,1.73,37.69870,-122.10698,154.528,62.864,0.0,-83,0.879,0.542,0.322
2014/09/19 13:39:50,1.73,37.69973,-122.10794,153.871,64.231,0.0,-83,1.651,0.417,1.166
2014/09/19 13:39:55,1.73,37.70069,-122.10907,148.950,66.536,0.0,-83,1.260,0.667,2.022
2014/09/19 13:40:00,1.74,37.70152,-122.11034,136.155,63.547,0.0,-83,0.000,0.000,0.000
2014/09/19 13:40:05,1.91,37.70231,-122.11162,127.297,64.534,0.0,-83,0.567,0.500,0.516
2014/09/19 13:40:10,1.91,37.70312,-122.11294,124.672,65.491,0.0,-83,1.266,0.875,0.770
2014/09/19 13:40:15,1.74,37.70394,-122.11427,122.375,67.577,0.0,-73,1.975,0.958,1.007
2014/09/19 13:40:20,2.21,37.70476,-122.11563,120.407,67.340,0.0,-73,1.936,0.792,0.216
2014/09/19 13:40:25,2.21,37.70555,-122.11704,106.955,67.902,0.0,-73,1.773,0.667,0.229
2014/09/19 13:40:30,2.21,37.70626,-122.11853,91.535,69.454,0.0,-73,1.139,0.667,0.238
2014/09/19 13:40:35,1.74,37.70693,-122.12007,73.491,69.653,0.0,-73,1.031,0.917,0.623
2014/09/19 13:40:40,1.86,37.70775,-122.12152,56.430,72.094,0.0,-73,1.744,1.417,1.310
2014/09/19 13:40:45,1.86,37.70878,-122.12283,46.260,72.427,0.0,-73,2.173,0.000,1.325
2014/09/19 13:40:50,2.82,37.70980,-122.12413,50.197,70.844,0.0,-73,1.875,0.917,0.285
2014/09/19 13:40:55,2.82,37.71066,-122.12554,57.743,68.891,0.0,-73,1.606,0.542,0.199
2014/09/19 13:41:00,1.86,37.71142,-122.12701,71.522,68.372,0.0,-73,3.603,0.458,0.182
2014/09/19 13:41:05,2.82,37.71220,-122.12844,84.646,69.072,0.0,-73,2.744,0.708,0.678
2014/09/19 13:41:10,1.86,37.71316,-122.12974,93.176,70.673,0.0,-73,2.067,0.000,1.462
2014/09/19 13:41:15,1.87,37.71428,-122.13079,92.192,67.688,0.0,-71,0.813,0.708,2.379
2014/09/19 13:41:20,2.13,37.71548,-122.13155,91.535,66.467,0.0,-71,1.286,1.167,1.562
2014/09/19 13:41:25,1.87,37.71671,-122.13217,88.911,65.534,0.0,-71,0.971,0.833,1.422
2014/09/19 13:41:30,1.87,37.71794,-122.13276,92.848,64.999,0.0,-71,1.577,1.000,1.550
2014/09/19 13:41:35,1.87,37.71912,-122.13338,102.034,60.201,0.0,-71,2.327,0.042,0.189
2014/09/19 13:41:40,1.87,37.72017,-122.13402,106.627,56.760,0.0,-71,2.712,0.750,0.498
2014/09/19 13:41:45,1.87,37.72119,-122.13473,103.346,59.593,0.0,-69,2.541,1.083,0.610
2014/09/19 13:41:50,1.87,37.72226,-122.13554,92.520,61.925,0.0,-69,2.459,0.917,0.791
2014/09/19 13:41:55,1.87,37.72336,-122.13640,90.551,64.164,0.0,-69,2.510,1.125,0.268
2014/09/19 13:42:00,1.87,37.72450,-122.13715,95.144,63.615,0.0,-69,2.913,0.000,0.396
2014/09/19 13:42:05,1.87,37.72569,-122.13760,107.612,59.445,0.0,-69,2.606,1.000,0.218
2014/09/19 13:42:10,1.87,37.72686,-122.13780,117.454,58.995,0.0,-69,2.981,0.958,0.291
2014/09/19 13:42:15,1.87,37.72805,-122.13799,128.937,57.693,0.0,-69,2.917,1.208,0.371
2014/09/19 13:42:20,1.91,37.72914,-122.13822,134.186,53.744,0.0,-63,2.801,1.083,0.830
2014/09/19 13:42:25,1.87,37.73025,-122.13852,135.499,58.999,0.0,-63,1.603,0.708,0.217
2014/09/19 13:42:30,1.91,37.73147,-122.13887,136.155,64.360,0.0,-63,1.356,0.458,0.243
2014/09/19 13:42:35,1.87,37.73275,-122.13922,137.795,64.184,0.0,-63,1.430,0.125,2.438
2014/09/19 13:42:40,1.87,37.73402,-122.13953,139.764,64.882,0.0,-63,0.317,0.000,0.471
2014/09/19 13:42:45,1.87,37.73530,-122.13982,145.669,63.734,0.0,-63,1.080,0.417,1.350
2014/09/19 13:42:50,2.29,37.73655,-122.14014,152.887,62.666,0.0,-71,2.048,0.625,2.019
2014/09/19 13:42:55,1.91,37.73769,-122.14078,157.152,61.968,0.0,-71,2.449,1.000,1.515
2014/09/19 13:43:00,1.75,37.73867,-122.14175,156.168,61.538,0.0,-71,2.202,0.000,0.000
2014/09/19 13:43:05,1.75,37.73956,-122.14286,138.780,62.920,0.0,-71,0.266,1.250,5.458
2014/09/19 13:43:10,1.75,37.74054,-122.14393,120.735,67.672,0.0,-71,0.401,0.417,1.414
2014/09/19 13:43:15,1.79,37.74172,-122.14484,120.735,68.530,0.0,-71,0.612,0.250,2.329
2014/09/19 13:43:20,1.75,37.74284,-122.14578,125.656,66.394,0.0,-105,0.225,0.000,0.000
2014/09/19 13:43:25,1.75,37.74377,-122.14696,128.281,64.867,0.0,-105,0.362,0.000,8.519
2014/09/19 13:43:30,1.75,37.74464,-122.14812,140.092,62.271,0.0,-105,0.971,0.250,1.134
2014/09/19 13:43:35,1.75,37.74568,-122.14905,149.934,64.842,0.0,-105,1.965,0.292,0.399
2014/09/19 13:43:40,1.75,37.74689,-122.14971,147.966,66.259,0.0,-105,2.532,0.750,0.382
2014/09/19 13:43:45,1.75,37.74809,-122.15030,150.919,62.538,0.0,-105,1.956,0.542,0.200
2014/09/19 13:43:50,1.75,37.74926,-122.15087,160.105,61.780,0.0,-83,2.503,0.542,0.226
2014/09/19 13:43:55,2.05,37.75038,-122.15141,169.948,58.320,0.0,-83,2.563,0.750,0.202
2014/09/19 13:44:00,1.75,37.75153,-122.15169,178.806,59.136,0.0,-83,2.737,0.792,0.177
2014/09/19 13:44:05,2.05,37.75273,-122.15158,187.008,60.450,0.0,-83,2.465,0.750,0.218
2014/09/19 13:44:10,1.79,37.75388,-122.15102,193.898,62.691,0.0,-83,2.131,0.000,0.306
2014/09/19 13:44:15,1.75,37.75491,-122.15005,206.693,65.936,0.0,-83,2.696,0.792,0.469
2014/09/19 13:44:20,1.75,37.75590,-122.14899,220.801,62.316,0.0,-83,0.000,1.000,1.275
2014/09/19 13:44:25,1.75,37.75694,-122.14818,227.034,61.025,0.0,-57,2.410,0.792,1.857
2014/09/19 13:44:30,2.08,37.75812,-122.14775,231.955,60.754,0.0,-57,1.827,1.292,0.410
2014/09/19 13:44:35,1.86,37.75934,-122.14775,240.486,61.999,0.0,-57,2.689,1.292,0.762
2014/09/19 13:44:40,1.75,37.76057,-122.14815,244.423,63.618,0.0,-57,2.670,0.000,0.618
2014/09/19 13:44:45,2.2,37.76172,-122.14881,264.436,62.383,0.0,-57,2.898,1.250,0.541
2014/09/19 13:44:50,2.2,37.76283,-122.14956,278.871,62.581,0.0,-57,2.753,1.042,0.849
2014/09/19 13:44:55,2.38,37.76393,-122.15033,300.197,61.876,0.0,-75,2.663,1.000,0.998
2014/09/19 13:45:00,2.2,37.76498,-122.15119,309.711,63.248,0.0,-75,2.830,1.292,0.842
2014/09/19 13:45:05,2.6,37.76608,-122.15206,304.462,64.784,0.0,-75,2.497,1.000,0.545
2014/09/19 13:45:10,1.97,37.76724,-122.15282,302.165,65.959,0.0,-75,2.587,1.042,0.726
2014/09/19 13:45:15,1.97,37.76847,-122.15356,300.853,68.362,0.0,-75,2.653,0.833,0.218
2014/09/19 13:45:20,1.76,37.76971,-122.15432,302.822,66.546,0.0,-75,1.520,0.500,0.809
2014/09/19 13:45:25,1.76,37.77082,-122.15514,304.790,63.077,0.0,-103,1.160,0.000,2.277
2014/09/19 13:45:30,2.41,37.77182,-122.15608,307.087,61.520,0.0,-103,1.176,0.542,0.641
2014/09/19 13:45:35,1.98,37.77276,-122.15718,312.008,63.788,0.0,-103,2.253,0.542,0.238
2014/09/19 13:45:40,2.19,37.77358,-122.15843,321.850,63.646,0.0,-103,1.734,0.500,0.165
2014/09/19 13:45:45,2.19,37.77429,-122.15977,331.037,63.633,0.0,-103,2.894,0.750,0.295
2014/09/19 13:45:50,2.19,37.77497,-122.16112,331.365,62.598,0.0,-103,2.773,1.042,0.634
2014/09/19 13:45:55,2.19,37.77563,-122.16243,329.396,60.545,0.0,-75,2.689,0.000,0.204
2014/09/19 13:46:00,1.76,37.77628,-122.16373,325.131,61.601,0.0,-75,3.064,0.792,0.698
2014/09/19 13:46:05,1.76,37.77691,-122.16509,314.304,62.201,0.0,-75,2.753,0.750,1.630
2014/09/19 13:46:10,2.19,37.77751,-122.16640,304.462,57.277,0.0,-75,2.833,1.000,1.919
2014/09/19 13:46:15,2.19,37.77808,-122.16766,296.260,58.008,0.0,-75,2.994,1.542,0.000
2014/09/19 13:46:20,2.41,37.77869,-122.16892,294.619,59.243,0.0,-75,2.670,0.833,4.149
2014/09/19 13:46:25,2.41,37.77936,-122.17020,293.635,61.648,0.0,-75,2.750,1.292,2.421
2014/09/19 13:46:30,2.41,37.78002,-122.17153,294.948,62.508,0.0,-71,2.772,0.000,1.886
2014/09/19 13:46:35,2.19,37.78074,-122.17293,292.651,67.965,0.0,-71,2.391,1.292,2.813
2014/09/19 13:46:40,2.19,37.78156,-122.17438,278.543,72.290,0.0,-71,2.833,1.292,2.270
2014/09/19 13:46:45,2.19,37.78247,-122.17583,258.530,72.651,0.0,-71,2.602,0.000,1.050
2014/09/19 13:46:50,1.76,37.78338,-122.17731,242.126,72.184,0.0,-71,1.324,1.333,0.617
2014/09/19 13:46:55,2.15,37.78394,-122.17890,229.003,65.162,0.0,-71,2.090,1.292,0.341
2014/09/19 13:47:00,1.83,37.78409,-122.18044,213.911,59.393,0.0,-51,2.654,1.292,0.330
2014/09/19 13:47:05,1.83,37.78413,-122.18188,202.756,56.665,0.0,-51,2.702,0.833,0.750
2014/09/19 13:47:10,1.87,37.78418,-122.18328,193.570,56.678,0.0,-51,2.737,0.000,0.855
2014/09/19 13:47:15,1.83,37.78423,-122.18473,181.759,56.791,0.0,-51,2.975,1.292,0.535
2014/09/19 13:47:20,1.83,37.78427,-122.18622,174.213,61.158,0.0,-51,2.362,1.292,0.965
2014/09/19 13:47:25,1.83,37.78437,-122.18780,172.900,63.796,0.0,-51,2.141,0.875,0.511
2014/09/19 13:47:30,1.83,37.78459,-122.18942,174.541,65.719,0.0,-91,1.788,0.917,0.269
2014/09/19 13:47:35,2.14,37.78494,-122.19102,180.774,65.550,0.0,-91,2.552,0.875,0.190
2014/09/19 13:47:40,2.0,37.78541,-122.19256,184.383,63.330,0.0,-91,2.673,0.000,0.519
2014/09/19 13:47:45,2.18,37.78598,-122.19401,183.727,63.828,0.0,-91,1.340,0.875,0.429
2014/09/19 13:47:50,1.77,37.78665,-122.19539,175.853,64.391,0.0,-91,1.840,1.250,0.584
2014/09/19 13:47:55,1.77,37.78733,-122.19676,164.370,63.675,0.0,-91,1.901,0.000,0.843
2014/09/19 13:48:00,2.18,37.78801,-122.19812,157.152,63.571,0.0,-57,2.407,1.333,0.897
2014/09/19 13:48:05,2.39,37.78873,-122.19947,148.950,64.918,0.0,-57,2.602,0.833,1.551
2014/09/19 13:48:10,1.77,37.78963,-122.20072,139.108,68.204,0.0,-57,2.644,1.292,0.250
2014/09/19 13:48:15,1.77,37.79072,-122.20181,142.388,69.937,0.0,-57,2.260,0.833,0.187
2014/09/19 13:48:20,1.77,37.79184,-122.20285,145.669,69.483,0.0,-57,2.375,0.000,0.316
2014/09/19 13:48:25,1.77,37.79297,-122.20391,157.480,68.810,0.0,-57,1.289,0.875,0.222
2014/09/19 13:48:30,2.02,37.79392,-122.20506,179.462,63.139,0.0,-57,2.183,0.000,0.267
2014/09/19 13:48:35,1.77,37.79466,-122.20628,192.585,59.707,0.0,-87,1.878,0.417,0.257
2014/09/19 13:48:40,2.17,37.79527,-122.20756,196.522,57.726,0.0,-87,1.321,0.417,0.403
2014/09/19 13:48:45,1.77,37.79586,-122.20883,193.570,58.032,0.0,-87,1.894,0.000,0.340
2014/09/19 13:48:50,1.77,37.79647,-122.21012,187.008,60.610,0.0,-87,2.404,0.875,0.209
2014/09/19 13:48:55,2.06,37.79702,-122.21151,187.992,63.193,0.0,-87,1.978,0.000,0.349
2014/09/19 13:49:00,1.77,37.79744,-122.21304,176.509,65.026,0.0,-87,0.584,0.458,0.355
2014/09/19 13:49:05,2.06,37.79784,-122.21467,171.260,67.358,0.0,-87,0.495,0.000,1.798
2014/09/19 13:49:10,1.77,37.79826,-122.21628,170.604,66.776,0.0,-87,0.429,0.833,0.743
2014/09/19 13:49:15,1.77,37.79866,-122.21789,170.276,67.156,0.0,-87,0.398,0.875,1.470
2014/09/19 13:49:20,2.06,37.79904,-122.21944,178.806,59.862,0.0,-87,1.517,0.875,0.751
2014/09/19 13:49:25,1.77,37.79937,-122.22087,181.102,57.721,0.0,-87,1.576,0.000,0.531
2014/09/19 13:49:30,2.06,37.79965,-122.22228,178.806,58.055,0.0,-87,1.264,0.833,0.334
2014/09/19 13:49:35,1.77,37.79996,-122.22375,171.588,61.782,0.0,-81,1.071,0.000,0.990
2014/09/19 13:49:40,1.77,37.80028,-122.22528,174.869,62.422,0.0,-81,1.003,0.458,0.363
2014/09/19 13:49:45,1.77,37.80058,-122.22677,184.711,59.596,0.0,-81,1.080,0.875,0.377
2014/09/19 13:49:50,2.06,37.80092,-122.22819,183.071,56.768,0.0,-81,0.503,0.833,0.351
2014/09/19 13:49:55,2.03,37.80149,-122.22952,174.541,62.446,0.0,-81,0.000,0.417,1.442
2014/09/19 13:50:00,2.03,37.80235,-122.23077,154.856,67.348,0.0,-81,0.333,0.417,1.254
2014/09/19 13:50:05,2.07,37.80331,-122.23199,150.262,67.324,0.0,-97,1.291,0.000,0.269
2014/09/19 13:50:10,2.08,37.80424,-122.23318,156.824,65.371,0.0,-97,1.798,0.875,0.666
2014/09/19 13:50:15,1.8,37.80507,-122.23445,147.638,65.241,0.0,-97,1.615,0.000,0.526
2014/09/19 13:50:20,2.07,37.80582,-122.23580,127.625,64.616,0.0,-97,2.795,0.833,1.050
2014/09/19 13:50:25,2.44,37.80646,-122.23718,108.596,62.966,0.0,-97,2.266,0.875,0.322
2014/09/19 13:50:30,2.23,37.80710,-122.23857,90.879,63.584,0.0,-97,1.737,0.000,1.674
2014/09/19 13:50:35,2.23,37.80775,-122.23998,71.522,64.817,0.0,-97,0.993,0.875,0.388
2014/09/19 13:50:40,1.8,37.80837,-122.24143,55.118,65.852,0.0,-89,1.430,0.417,0.284
2014/09/19 13:50:45,1.77,37.80886,-122.24296,38.386,63.529,0.0,-89,1.907,0.875,0.368
2014/09/19 13:50:50,1.77,37.80929,-122.24449,28.543,62.789,0.0,-89,1.945,0.917,1.002
2014/09/19 13:50:55,1.78,37.80970,-122.24593,23.294,56.634,0.0,-89,1.327,0.000,0.343
2014/09/19 13:51:00,1.78,37.81007,-122.24722,25.262,52.102,0.0,-89,2.144,0.458,0.223
2014/09/19 13:51:05,1.78,37.81048,-122.24848,30.184,53.196,0.0,-89,2.413,0.833,0.243
2014/09/19 13:51:10,1.78,37.81119,-122.24955,30.840,55.602,0.0,-61,1.541,0.875,1.030
2014/09/19 13:51:15,2.05,37.81213,-122.25022,39.042,54.243,0.0,-61,0.895,0.000,1.946
2014/09/19 13:51:20,2.06,37.81316,-122.25053,68.241,52.744,0.0,-61,1.682,1.250,0.622
2014/09/19 13:51:25,2.06,37.81422,-122.25083,88.911,54.896,0.0,-61,1.365,1.333,0.406
2014/09/19 13:51:30,2.06,37.81530,-122.25114,110.564,55.602,0.0,-61,2.629,1.292,0.428
2014/09/19 13:51:35,2.05,37.81640,-122.25152,125.656,55.174,0.0,-61,2.794,0.000,0.246
2014/09/19 13:51:40,1.78,37.81750,-122.25216,131.234,61.773,0.0,-57,1.644,1.292,0.338
2014/09/19 13:51:45,2.34,37.81853,-122.25308,130.577,63.253,0.0,-57,1.837,0.833,0.802
2014/09/19 13:51:50,2.4,37.81943,-122.25423,116.470,64.391,0.0,-57,2.292,1.333,0.206
2014/09/19 13:51:55,1.78,37.82027,-122.25551,106.299,66.534,0.0,-57,2.634,0.000,0.531
2014/09/19 13:52:00,1.78,37.82121,-122.25721,98.097,68.635,0.0,-57,1.599,0.000,0.510
2014/09/19 13:52:05,1.81,37.82177,-122.25841,85.958,69.351,0.0,-57,0.478,0.000,5.530
2014/09/19 13:52:10,2.49,37.82250,-122.26026,86.614,67.286,0.0,-91,0.000,0.000,0.000
2014/09/19 13:52:15,1.78,37.82301,-122.26176,90.551,59.907,0.0,-91,0.000,0.000,4.141
2014/09/19 13:52:20,1.78,37.82339,-122.26310,89.239,53.562,0.0,-91,0.000,0.000,1.528
2014/09/19 13:52:25,1.78,37.82369,-122.26442,83.661,54.953,0.0,-91,0.010,0.042,0.307
2014/09/19 13:52:30,1.78,37.82399,-122.26573,99.409,52.249,0.0,-91,2.282,0.667,0.315
2014/09/19 13:52:35,1.78,37.82418,-122.26699,119.423,49.686,0.0,-91,1.959,0.000,0.582
2014/09/19 13:52:40,1.78,37.82394,-122.26818,131.562,48.313,0.0,-91,0.567,0.292,0.000
2014/09/19 13:52:45,1.78,37.82321,-122.26901,124.344,50.844,0.0,-75,0.221,0.042,4.077
2014/09/19 13:52:50,1.78,37.82219,-122.26934,104.659,54.217,0.0,-75,0.151,0.000,4.643
2014/09/19 13:52:55,1.78,37.82109,-122.26964,83.990,57.860,0.0,-75,0.442,0.042,1.776
2014/09/19 13:53:00,1.78,37.81991,-122.26995,63.976,60.662,0.0,-75,0.000,0.000,1.602
2014/09/19 13:53:05,1.78,37.81874,-122.27022,59.383,59.708,0.0,-75,0.173,0.083,3.320
2014/09/19 13:53:10,1.78,37.81749,-122.27051,58.399,64.799,0.0,-75,0.398,0.042,1.575
2014/09/19 13:53:15,1.92,37.81625,-122.27090,59.055,62.594,0.0,-85,0.208,0.000,1.408
2014/09/19 13:53:20,1.92,37.81505,-122.27138,56.102,63.017,0.0,-85,0.295,0.083,1.939
2014/09/19 13:53:25,2.29,37.81392,-122.27215,53.150,63.713,0.0,-85,0.926,0.667,0.792
2014/09/19 13:53:30,1.92,37.81292,-122.27319,52.822,64.028,0.0,-85,1.294,0.708,0.411
2014/09/19 13:53:35,1.92,37.81195,-122.27428,46.916,65.356,0.0,-85,0.884,0.708,0.419
2014/09/19 13:53:40,1.92,37.81093,-122.27532,34.121,66.143,0.0,-85,1.496,0.875,0.610
2014/09/19 13:53:45,1.92,37.80975,-122.27620,20.669,70.979,0.0,-57,2.289,0.833,0.237
2014/09/19 13:53:50,1.92,37.80847,-122.27709,15.420,73.439,0.0,-57,2.837,0.000,0.201
2014/09/19 13:53:55,1.92,37.80721,-122.27793,18.045,67.346,0.0,-57,2.782,0.833,0.302
2014/09/19 13:54:00,1.92,37.80608,-122.27865,17.060,60.697,0.0,-57,1.132,0.458,0.357
2014/09/19 13:54:05,2.07,37.80499,-122.27929,15.092,58.020,0.0,-57,1.827,0.750,0.481
2014/09/19 13:54:10,1.92,37.80401,-122.27991,36.089,52.957,0.0,-57,0.521,0.833,0.816
2014/09/19 13:54:15,1.92,37.80304,-122.28034,54.462,49.888,0.0,-87,0.683,0.792,2.994
2014/09/19 13:54:20,2.5,37.80204,-122.28036,69.554,49.965,0.0,-87,0.142,0.000,0.166
2014/09/19 13:54:25,1.92,37.80110,-122.28005,75.459,48.435,0.0,-87,0.292,0.375,4.209
2014/09/19 13:54:30,1.92,37.80028,-122.27940,73.491,49.144,0.0,-87,0.453,0.250,1.599
2014/09/19 13:54:35,1.92,37.79960,-122.27844,64.961,51.265,0.0,-87,1.357,0.500,1.442
2014/09/19 13:54:40,1.92,37.79913,-122.27728,46.916,51.204,0.0,-87,1.740,0.458,2.103
2014/09/19 13:54:45,1.92,37.79863,-122.27612,39.370,52.240,0.0,-87,1.231,1.000,0.893
2014/09/19 13:54:50,1.92,37.79817,-122.27489,38.714,55.553,0.0,-51,2.134,1.083,0.770
2014/09/19 13:54:55,1.92,37.79762,-122.27375,41.010,49.389,0.0,-51,2.894,0.000,0.333
2014/09/19 13:55:00,1.92,37.79717,-122.27261,37.730,50.535,0.0,-51,2.882,1.125,0.282
2014/09/19 13:55:05,2.22,37.79678,-122.27148,33.793,45.935,0.0,-51,2.519,0.875,0.362
2014/09/19 13:55:10,1.92,37.79640,-122.27048,20.997,41.998,0.0,-51,0.730,0.875,0.583
2014/09/19 13:55:15,1.92,37.79609,-122.26967,7.874,29.215,0.0,-51,0.148,0.000,4.135
2014/09/19 13:55:20,1.92,37.79586,-122.26931,6.562,9.868,0.0,-81,0.000,0.167,0.858
2014/09/19 13:55:25,1.92,37.79570,-122.26923,4.593,10.119,0.0,-81,0.635,0.292,1.437
2014/09/19 13:55:30,1.92,37.79549,-122.26933,7.874,12.182,0.0,-81,0.467,0.000,0.373
2014/09/19 13:55:35,2.46,37.79530,-122.26947,15.748,8.220,0.0,-81,0.904,0.250,0.769
2014/09/19 13:55:40,2.28,37.79523,-122.26951,21.982,5.602,0.0,-81,1.321,0.375,0.251
2014/09/19 13:55:45,1.92,37.79509,-122.26938,17.717,11.118,0.0,-81,1.193,0.250,2.781
2014/09/19 13:55:50,2.22,37.79495,-122.26907,12.795,16.102,0.0,-75,0.837,0.000,0.226
2014/09/19 13:55:55,2.45,37.79479,-122.26868,8.858,17.527,0.0,-75,0.791,0.500,1.296
2014/09/19 13:56:00,2.09,37.79459,-122.26845,6.234,13.125,0.0,-75,1.712,1.042,0.000
2014/09/19 13:56:05,1.92,37.79433,-122.26859,8.530,15.837,0.0,-75,0.326,0.250,3.614
2014/09/19 13:56:10,1.93,37.79421,-122.26868,22.966,1.946,0.0,-75,0.629,0.542,0.238
2014/09/19 13:56:15,1.93,37.79421,-122.26868,32.152,0.595,0.0,-75,0.613,0.333,0.422
2014/09/19 13:56:20,2.05,37.79414,-122.26872,83.661,5.078,0.0,-83,1.310,1.375,1.038
2014/09/19 13:56:25,2.44,37.79415,-122.26902,74.147,15.450,0.0,-83,0.000,0.208,3.352
2014/09/19 13:56:30,3.9,37.79427,-122.26945,48.556,18.196,0.0,-83,0.000,0.667,1.763
2014/09/19 13:56:35,2.44,37.79439,-122.26976,46.260,4.816,0.0,-83,0.000,0.875,1.118
2014/09/19 13:56:40,2.22,37.79447,-122.26985,45.276,7.808,0.0,-83,0.000,0.958,0.765
2014/09/19 13:56:45,2.74,37.79465,-122.26982,54.790,12.602,0.0,-83,0.000,0.875,0.000
2014/09/19 13:56:50,1.93,37.79481,-122.26966,81.037,11.224,0.0,-83,0.003,0.000,1.002
2014/09/19 13:56:55,1.93,37.79500,-122.26956,76.772,2.340,0.0,-89,1.253,0.792,0.589
2014/09/19 13:57:00,2.22,37.79513,-122.26950,58.071,10.626,0.0,-89,2.307,0.875,0.298
2014/09/19 13:57:05,2.05,37.79538,-122.26936,53.150,13.602,0.0,-89,1.641,0.375,0.878
2014/09/19 13:57:10,1.93,37.79551,-122.26929,36.089,0.036,0.0,-89,0.407,0.000,0.498
2014/09/19 13:57:15,2.22,37.79551,-122.26930,29.856,0.022,0.0,-89,0.445,0.125,0.663
2014/09/19 13:57:20,2.22,37.79551,-122.26930,30.840,0.120,0.0,-89,1.067,0.458,0.490
2014/09/19 13:57:25,2.22,37.79551,-122.26930,29.528,0.040,0.0,-87,0.942,0.000,0.589
2014/09/19 13:57:30,2.16,37.79551,-122.26929,27.887,0.026,0.0,-87,0.462,0.250,1.149
2014/09/19 13:57:35,2.16,37.79554,-122.26927,25.262,7.129,0.0,-87,0.555,0.125,0.000
2014/09/19 13:57:40,1.97,37.79570,-122.26913,22.638,9.369,0.0,-87,0.583,0.000,2.164
2014/09/19 13:57:45,1.86,37.79568,-122.26887,18.701,15.349,0.0,-87,0.113,0.000,0.000
2014/09/19 13:57:50,1.86,37.79554,-122.26851,14.436,15.874,0.0,-87,0.401,0.292,0.778
2014/09/19 13:57:55,1.86,37.79540,-122.26818,12.795,13.312,0.0,-83,0.574,0.292,0.490
2014/09/19 13:58:00,1.86,37.79528,-122.26785,8.530,14.836,0.0,-83,1.548,0.500,0.459
2014/09/19 13:58:05,1.86,37.79513,-122.26747,8.202,16.785,0.0,-83,0.891,0.000,0.501
