Date-Time,DOP,Latitude,Longitude,Altitude (ft),Speed (mph),Heading (deg),mod1 SS (dBm),mod1 Down (Mbs),mod1 Up (Mbs),mod1 Ping (Sec)
2014/10/01 15:27:55,1.48,38.31008,-122.28663,57.415,30.928,0.0,-73,2.513,1.083,0.166
2014/10/01 15:28:00,2.79,38.30992,-122.28743,59.055,32.216,0.0,-73,2.772,0.875,0.150
2014/10/01 15:28:05,1.48,38.30977,-122.28823,62.008,32.399,0.0,-73,3.135,0.583,0.230
2014/10/01 15:28:10,1.62,38.30963,-122.28904,65.289,31.794,0.0,-73,2.993,0.000,0.585
2014/10/01 15:28:15,1.85,38.30950,-122.28978,68.898,29.493,0.0,-73,2.276,0.542,0.205
2014/10/01 15:28:20,1.47,38.30936,-122.29055,69.226,31.173,0.0,-73,2.961,0.458,0.161
2014/10/01 15:28:25,1.47,38.30922,-122.29131,70.538,30.055,0.0,-61,3.103,0.625,0.161
2014/10/01 15:28:30,1.66,38.30909,-122.29204,74.147,29.053,0.0,-61,3.362,1.000,0.219
2014/10/01 15:28:35,1.47,38.30899,-122.29266,77.100,18.253,0.0,-61,3.321,1.000,0.169
2014/10/01 15:28:40,1.47,38.30896,-122.29290,77.428,1.760,0.0,-61,3.734,0.750,0.165
2014/10/01 15:28:45,1.47,38.30895,-122.29294,76.115,6.337,0.0,-61,3.833,1.208,0.196
2014/10/01 15:28:50,1.47,38.30889,-122.29327,76.772,17.362,0.0,-61,3.788,0.875,0.177
2014/10/01 15:28:55,1.47,38.30880,-122.29383,77.428,25.584,0.0,-57,3.709,1.000,0.182
2014/10/01 15:29:00,1.68,38.30868,-122.29450,79.396,27.226,0.0,-57,3.593,1.458,0.315
2014/10/01 15:29:05,1.47,38.30859,-122.29502,80.381,15.693,0.0,-57,3.244,1.042,0.160
2014/10/01 15:29:10,1.47,38.30855,-122.29524,82.349,6.953,0.0,-57,3.897,0.000,0.281
2014/10/01 15:29:15,1.47,38.30851,-122.29549,82.677,13.757,0.0,-57,3.564,0.958,0.246
2014/10/01 15:29:20,1.47,38.30843,-122.29593,82.677,20.482,0.0,-57,3.382,1.583,0.153
2014/10/01 15:29:25,1.47,38.30833,-122.29648,83.661,23.502,0.0,-57,3.490,0.875,0.274
2014/10/01 15:29:30,1.67,38.30821,-122.29712,84.318,26.709,0.0,-73,2.917,0.542,0.178
2014/10/01 15:29:35,1.67,38.30809,-122.29780,86.286,27.233,0.0,-73,3.676,0.708,0.156
2014/10/01 15:29:40,1.47,38.30796,-122.29848,88.255,27.914,0.0,-73,3.747,1.125,0.161
2014/10/01 15:29:45,1.47,38.30783,-122.29919,89.239,29.478,0.0,-73,3.744,0.875,0.213
2014/10/01 15:29:50,1.47,38.30771,-122.29985,89.895,19.576,0.0,-73,3.804,0.958,0.211
2014/10/01 15:29:55,1.47,38.30766,-122.30009,90.223,4.099,0.0,-73,3.702,0.958,0.157
2014/10/01 15:30:00,1.47,38.30762,-122.30033,91.535,15.076,0.0,-75,3.837,0.875,0.186
2014/10/01 15:30:05,1.86,38.30753,-122.30082,91.864,22.480,0.0,-75,3.650,0.750,0.173
2014/10/01 15:30:10,1.47,38.30743,-122.30139,93.504,22.150,0.0,-75,3.671,1.208,0.194
2014/10/01 15:30:15,1.67,38.30733,-122.30197,92.848,24.990,0.0,-75,3.433,1.042,0.153
2014/10/01 15:30:20,1.47,38.30721,-122.30264,92.520,28.674,0.0,-75,3.571,0.000,0.197
2014/10/01 15:30:25,2.88,38.30707,-122.30342,98.753,33.058,0.0,-75,3.253,0.958,0.545
2014/10/01 15:30:30,1.67,38.30692,-122.30424,114.501,31.078,0.0,-75,2.971,1.417,0.592
2014/10/01 15:30:35,1.47,38.30680,-122.30498,118.110,28.252,0.0,-75,3.029,0.917,0.326
2014/10/01 15:30:40,1.47,38.30668,-122.30571,107.940,27.870,0.0,-75,2.830,1.083,0.469
2014/10/01 15:30:45,1.47,38.30661,-122.30606,100.722,0.227,0.0,-75,1.423,0.375,0.296
2014/10/01 15:30:50,1.4,38.30661,-122.30606,99.738,1.554,0.0,-75,2.756,0.625,0.167
2014/10/01 15:30:55,1.4,38.30660,-122.30606,96.785,0.014,0.0,-75,3.740,1.375,0.193
2014/10/01 15:31:00,1.4,38.30659,-122.30605,95.144,0.027,0.0,-87,3.683,1.208,0.153
2014/10/01 15:31:05,1.4,38.30659,-122.30605,94.816,0.020,0.0,-87,3.333,1.708,0.344
2014/10/01 15:31:10,1.4,38.30659,-122.30605,94.160,0.022,0.0,-87,3.157,1.750,0.542
2014/10/01 15:31:15,1.4,38.30659,-122.30605,92.848,0.066,0.0,-87,3.063,1.750,0.289
2014/10/01 15:31:20,1.4,38.30659,-122.30606,92.192,0.022,0.0,-87,3.187,1.375,0.238
2014/10/01 15:31:25,1.4,38.30659,-122.30606,91.207,0.022,0.0,-87,3.756,0.000,0.278
2014/10/01 15:31:30,1.4,38.30659,-122.30606,89.895,0.021,0.0,-87,3.648,1.083,0.167
2014/10/01 15:31:35,1.53,38.30659,-122.30608,88.583,2.259,0.0,-83,3.150,1.292,0.153
2014/10/01 15:31:40,1.4,38.30654,-122.30624,87.598,9.282,0.0,-83,2.330,0.750,0.225
2014/10/01 15:31:45,1.4,38.30631,-122.30629,90.551,15.580,0.0,-83,2.520,0.375,0.219
2014/10/01 15:31:50,1.62,38.30597,-122.30623,95.801,17.303,0.0,-83,2.548,0.625,0.229
2014/10/01 15:31:55,1.61,38.30576,-122.30602,96.785,14.335,0.0,-83,2.830,0.625,0.488
2014/10/01 15:32:00,1.44,38.30585,-122.30553,91.535,23.793,0.0,-83,1.132,0.417,0.378
2014/10/01 15:32:05,1.42,38.30580,-122.30490,87.927,28.308,0.0,-93,1.230,1.042,0.241
2014/10/01 15:32:10,1.68,38.30528,-122.30451,86.286,33.222,0.0,-93,1.940,1.167,0.217
2014/10/01 15:32:15,2.55,38.30454,-122.30426,85.302,42.021,0.0,-93,1.840,0.000,0.418
2014/10/01 15:32:20,2.94,38.30364,-122.30395,84.974,49.339,0.0,-93,1.294,0.583,1.126
2014/10/01 15:32:25,2.56,38.30265,-122.30365,83.005,50.503,0.0,-93,0.814,0.125,0.468
2014/10/01 15:32:30,2.56,38.30168,-122.30336,82.349,49.602,0.0,-93,1.871,0.500,0.366
2014/10/01 15:32:35,1.69,38.30068,-122.30307,79.396,51.518,0.0,-75,2.501,0.500,0.243
2014/10/01 15:32:40,1.69,38.29966,-122.30278,75.787,52.320,0.0,-75,2.510,1.208,0.281
2014/10/01 15:32:45,1.4,38.29860,-122.30247,68.898,54.963,0.0,-75,1.750,1.542,0.159
2014/10/01 15:32:50,1.43,38.29744,-122.30213,65.617,61.131,0.0,-75,2.330,1.208,0.280
2014/10/01 15:32:55,1.4,38.29625,-122.30190,57.743,58.550,0.0,-75,3.083,0.750,0.202
2014/10/01 15:33:00,1.4,38.29510,-122.30196,52.493,57.022,0.0,-75,3.000,0.875,0.280
2014/10/01 15:33:05,1.63,38.29395,-122.30217,47.244,58.028,0.0,-59,1.740,0.542,0.210
2014/10/01 15:33:10,1.4,38.29278,-122.30229,43.963,58.631,0.0,-59,2.940,0.750,0.329
2014/10/01 15:33:15,1.41,38.29162,-122.30220,38.714,57.136,0.0,-59,2.817,0.875,0.518
2014/10/01 15:33:20,1.43,38.29050,-122.30195,33.793,56.363,0.0,-59,2.906,0.000,0.841
2014/10/01 15:33:25,1.42,38.28939,-122.30166,31.824,55.019,0.0,-59,2.824,0.833,1.029
2014/10/01 15:33:30,1.42,38.28831,-122.30137,31.168,55.416,0.0,-59,2.872,0.875,0.829
2014/10/01 15:33:35,1.58,38.28721,-122.30108,29.199,56.464,0.0,-59,2.657,0.833,1.166
2014/10/01 15:33:40,1.46,38.28608,-122.30082,26.247,57.498,0.0,-59,2.663,0.875,1.020
2014/10/01 15:33:45,1.41,38.28491,-122.30068,27.887,58.827,0.0,-59,2.486,0.833,1.020
2014/10/01 15:33:50,1.39,38.28374,-122.30061,35.433,56.879,0.0,-59,2.514,0.875,0.972
2014/10/01 15:33:55,2.49,38.28264,-122.30055,40.354,53.363,0.0,-59,2.063,0.917,0.566
2014/10/01 15:34:00,2.49,38.28157,-122.30044,37.402,52.774,0.0,-59,0.000,0.000,0.000
2014/10/01 15:34:05,1.41,38.28046,-122.30028,31.496,58.321,0.0,-59,0.000,0.417,7.735
2014/10/01 15:34:10,1.45,38.27926,-122.29999,24.934,62.062,0.0,-81,0.000,1.375,0.278
2014/10/01 15:34:15,1.42,38.27803,-122.29968,21.982,63.002,0.0,-81,0.000,0.000,0.482
2014/10/01 15:34:20,1.42,38.27678,-122.29938,20.341,62.706,0.0,-81,0.006,1.792,0.618
2014/10/01 15:34:25,1.39,38.27553,-122.29913,18.373,63.526,0.0,-81,2.337,1.583,0.210
2014/10/01 15:34:30,1.41,38.27420,-122.29894,17.717,68.131,0.0,-81,3.420,1.000,0.196
2014/10/01 15:34:35,1.41,38.27282,-122.29879,17.060,68.362,0.0,-81,3.237,1.000,0.389
2014/10/01 15:34:40,1.39,38.27143,-122.29872,16.732,69.570,0.0,-81,2.333,0.542,0.629
2014/10/01 15:34:45,1.52,38.27003,-122.29872,15.420,69.115,0.0,-81,1.170,0.375,0.650
2014/10/01 15:34:50,1.39,38.26865,-122.29879,14.436,68.401,0.0,-81,1.294,0.792,0.402
2014/10/01 15:34:55,1.39,38.26729,-122.29892,14.108,68.015,0.0,-81,2.282,1.083,0.365
2014/10/01 15:35:00,1.39,38.26593,-122.29906,12.795,67.303,0.0,-81,3.340,0.833,0.226
2014/10/01 15:35:05,1.39,38.26460,-122.29921,13.451,65.287,0.0,-81,3.670,0.000,0.225
2014/10/01 15:35:10,1.39,38.26332,-122.29939,13.780,63.289,0.0,-81,1.621,0.500,1.402
2014/10/01 15:35:15,1.39,38.26207,-122.29978,13.780,64.284,0.0,-81,2.121,0.750,0.818
2014/10/01 15:35:20,1.39,38.26089,-122.30042,12.139,63.541,0.0,-81,0.000,0.000,0.000
2014/10/01 15:35:25,2.49,38.25981,-122.30125,11.483,61.006,0.0,-81,0.000,0.000,0.000
2014/10/01 15:35:30,1.39,38.25892,-122.30198,11.811,45.941,0.0,-81,0.000,0.000,0.000
2014/10/01 15:35:35,1.39,38.25822,-122.30248,12.795,38.112,0.0,-81,0.000,0.000,0.000
2014/10/01 15:35:40,1.52,38.25748,-122.30291,11.811,41.623,0.0,-81,0.000,0.000,0.000
2014/10/01 15:35:45,1.38,38.25667,-122.30325,11.811,44.167,0.0,-93,0.000,0.000,0.000
2014/10/01 15:35:50,1.38,38.25577,-122.30349,11.483,46.791,0.0,-93,0.000,0.000,4.615
2014/10/01 15:35:55,1.38,38.25481,-122.30361,10.827,48.143,0.0,-93,0.010,0.083,0.267
2014/10/01 15:36:00,1.38,38.25380,-122.30359,10.171,53.934,0.0,-93,0.907,0.000,0.315
2014/10/01 15:36:05,1.4,38.25267,-122.30337,10.827,58.980,0.0,-93,1.118,0.333,0.262
2014/10/01 15:36:10,1.53,38.25151,-122.30293,12.467,60.491,0.0,-93,0.000,0.458,1.926
2014/10/01 15:36:15,1.4,38.25041,-122.30228,13.123,60.483,0.0,-83,0.000,0.333,0.205
2014/10/01 15:36:20,1.38,38.24941,-122.30143,13.780,59.660,0.0,-83,0.000,0.625,0.294
2014/10/01 15:36:25,1.38,38.24855,-122.30039,13.780,59.530,0.0,-83,0.003,1.333,0.632
2014/10/01 15:36:30,1.38,38.24783,-122.29920,12.467,57.138,0.0,-83,0.659,0.917,1.106
2014/10/01 15:36:35,1.4,38.24727,-122.29788,10.499,59.842,0.0,-83,1.338,1.083,1.706
2014/10/01 15:36:40,1.38,38.24682,-122.29645,9.843,61.007,0.0,-83,1.013,1.667,0.477
2014/10/01 15:36:45,1.38,38.24638,-122.29496,12.139,63.890,0.0,-83,1.721,1.042,1.269
2014/10/01 15:36:50,1.38,38.24592,-122.29345,22.638,62.844,0.0,-83,1.125,0.000,1.161
2014/10/01 15:36:55,1.38,38.24547,-122.29199,39.370,59.124,0.0,-83,0.734,0.667,1.428
2014/10/01 15:37:00,1.38,38.24506,-122.29062,61.352,56.839,0.0,-83,1.371,0.875,0.658
2014/10/01 15:37:05,1.38,38.24468,-122.28928,81.693,55.151,0.0,-83,1.529,1.500,0.282
2014/10/01 15:37:10,1.38,38.24437,-122.28800,97.113,49.907,0.0,-83,2.424,1.833,0.575
2014/10/01 15:37:15,1.38,38.24412,-122.28682,106.627,47.046,0.0,-85,2.538,1.625,0.389
2014/10/01 15:37:20,1.38,38.24390,-122.28564,113.189,46.864,0.0,-85,2.644,1.708,0.325
2014/10/01 15:37:25,1.38,38.24371,-122.28446,116.798,47.904,0.0,-85,2.904,0.750,0.282
2014/10/01 15:37:30,1.38,38.24355,-122.28322,121.391,49.664,0.0,-85,2.683,0.000,0.242
2014/10/01 15:37:35,1.38,38.24340,-122.28192,125.656,52.717,0.0,-85,1.029,0.000,1.006
2014/10/01 15:37:40,1.38,38.24325,-122.28056,122.703,54.968,0.0,-85,0.663,0.417,0.821
2014/10/01 15:37:45,1.42,38.24310,-122.27927,116.798,41.647,0.0,-85,0.572,0.167,1.174
2014/10/01 15:37:50,1.41,38.24303,-122.27854,114.173,23.624,0.0,-83,0.307,0.000,1.693
2014/10/01 15:37:55,1.38,38.24300,-122.27785,110.564,29.651,0.0,-83,0.156,0.292,0.670
2014/10/01 15:38:00,1.38,38.24298,-122.27712,109.580,25.437,0.0,-83,1.353,0.750,0.000
2014/10/01 15:38:05,1.37,38.24297,-122.27658,106.299,18.781,0.0,-83,0.220,0.833,4.352
2014/10/01 15:38:10,1.37,38.24295,-122.27615,104.987,15.375,0.0,-83,0.464,1.125,0.245
2014/10/01 15:38:15,1.37,38.24294,-122.27588,104.003,8.316,0.0,-83,0.989,1.292,0.738
2014/10/01 15:38:20,1.65,38.24294,-122.27567,103.675,10.042,0.0,-89,1.052,1.250,1.321
2014/10/01 15:38:25,1.65,38.24293,-122.27547,103.346,3.231,0.0,-89,1.060,0.000,1.048
2014/10/01 15:38:30,1.65,38.24293,-122.27537,102.690,4.711,0.0,-89,1.375,1.500,1.028
2014/10/01 15:38:35,1.65,38.24292,-122.27521,102.034,8.918,0.0,-89,1.736,1.250,0.448
2014/10/01 15:38:40,1.65,38.24291,-122.27506,100.722,1.198,0.0,-89,0.000,0.000,0.690
2014/10/01 15:38:45,1.65,38.24291,-122.27506,101.706,0.021,0.0,-89,0.000,0.000,0.000
2014/10/01 15:38:50,1.65,38.24291,-122.27506,102.362,0.014,0.0,-101,0.000,0.000,0.000
2014/10/01 15:38:55,1.65,38.24291,-122.27504,102.362,2.620,0.0,-101,0.000,0.000,0.000
2014/10/01 15:39:00,1.65,38.24290,-122.27493,102.362,5.337,0.0,-101,0.000,0.000,0.000
2014/10/01 15:39:05,1.65,38.24290,-122.27479,101.050,5.884,0.0,-101,0.000,0.000,0.000
2014/10/01 15:39:10,1.65,38.24289,-122.27464,99.081,3.078,0.0,-101,0.000,0.000,0.000
2014/10/01 15:39:15,1.68,38.24289,-122.27454,98.753,5.179,0.0,-101,0.000,0.000,0.000
2014/10/01 15:39:20,1.68,38.24288,-122.27436,98.753,10.045,0.0,-95,0.000,0.000,0.000
2014/10/01 15:39:25,1.65,38.24284,-122.27400,98.097,17.639,0.0,-95,0.000,0.000,0.000
2014/10/01 15:39:30,1.65,38.24278,-122.27348,96.129,23.153,0.0,-95,0.000,0.000,0.000
2014/10/01 15:39:35,1.69,38.24267,-122.27286,93.832,25.441,0.0,-95,0.000,0.000,0.000
2014/10/01 15:39:40,1.65,38.24253,-122.27225,91.535,23.289,0.0,-95,0.000,0.000,0.000
2014/10/01 15:39:45,1.65,38.24242,-122.27183,88.255,12.825,0.0,-95,0.000,0.000,0.185
2014/10/01 15:39:50,1.65,38.24237,-122.27166,84.646,2.519,0.0,-95,0.019,0.000,0.202
2014/10/01 15:39:55,1.67,38.24236,-122.27161,83.333,2.356,0.0,-87,0.000,0.000,1.605
2014/10/01 15:40:00,1.67,38.24235,-122.27160,82.021,0.010,0.0,-87,0.448,0.000,0.293
2014/10/01 15:40:05,1.67,38.24235,-122.27160,80.709,0.027,0.0,-87,1.882,0.042,0.362
2014/10/01 15:40:10,1.67,38.24235,-122.27159,80.052,0.012,0.0,-87,1.654,0.458,0.329
2014/10/01 15:40:15,1.67,38.24235,-122.27158,79.396,2.200,0.0,-87,1.958,0.292,0.457
2014/10/01 15:40:20,1.67,38.24232,-122.27148,78.412,4.716,0.0,-87,1.426,0.000,0.918
2014/10/01 15:40:25,1.67,38.24231,-122.27145,77.756,0.518,0.0,-91,0.622,0.250,0.795
2014/10/01 15:40:30,1.67,38.24231,-122.27145,77.428,0.024,0.0,-91,0.766,0.167,1.174
2014/10/01 15:40:35,1.67,38.24231,-122.27145,77.756,0.035,0.0,-91,0.609,0.833,0.654
2014/10/01 15:40:40,1.66,38.24229,-122.27139,78.412,6.352,0.0,-91,0.544,2.292,2.052
2014/10/01 15:40:45,1.66,38.24220,-122.27113,78.412,14.838,0.0,-91,0.537,1.375,0.885
2014/10/01 15:40:50,1.66,38.24203,-122.27069,77.100,22.526,0.0,-91,1.011,0.000,1.446
2014/10/01 15:40:55,1.73,38.24179,-122.27011,74.803,29.078,0.0,-95,0.388,0.375,2.014
2014/10/01 15:41:00,1.93,38.24143,-122.26938,71.522,36.030,0.0,-95,0.551,0.000,2.396
2014/10/01 15:41:05,1.68,38.24098,-122.26862,67.257,38.270,0.0,-95,0.446,0.792,1.201
2014/10/01 15:41:10,1.66,38.24045,-122.26790,64.304,37.748,0.0,-95,0.759,1.167,0.663
2014/10/01 15:41:15,1.66,38.23987,-122.26720,63.320,42.212,0.0,-95,0.875,1.542,0.000
2014/10/01 15:41:20,1.66,38.23924,-122.26647,63.648,42.588,0.0,-95,0.369,0.875,0.850
2014/10/01 15:41:25,1.68,38.23859,-122.26572,63.648,44.216,0.0,-83,1.821,0.000,2.798
2014/10/01 15:41:30,1.92,38.23792,-122.26494,64.304,45.915,0.0,-83,0.529,0.000,0.000
2014/10/01 15:41:35,1.66,38.23723,-122.26414,65.289,47.952,0.0,-83,0.679,1.333,0.469
2014/10/01 15:41:40,1.68,38.23650,-122.26329,65.289,49.121,0.0,-83,0.296,0.750,1.287
2014/10/01 15:41:45,1.9,38.23576,-122.26242,65.289,52.132,0.0,-83,0.333,0.417,0.771
2014/10/01 15:41:50,1.9,38.23495,-122.26147,64.633,56.809,0.0,-83,0.393,0.792,1.701
2014/10/01 15:41:55,1.9,38.23405,-122.26052,64.304,57.717,0.0,-83,0.990,0.000,1.011
2014/10/01 15:42:00,1.68,38.23307,-122.25972,64.961,58.720,0.0,-83,0.520,0.750,2.898
2014/10/01 15:42:05,1.69,38.23202,-122.25913,65.617,55.725,0.0,-83,0.295,0.000,2.319
2014/10/01 15:42:10,1.69,38.23101,-122.25876,64.304,48.947,0.0,-83,0.000,1.167,1.021
2014/10/01 15:42:15,1.68,38.23005,-122.25858,59.383,46.455,0.0,-83,0.000,0.000,2.596
2014/10/01 15:42:20,1.66,38.22915,-122.25849,54.134,45.276,0.0,-83,0.000,0.000,0.000
2014/10/01 15:42:25,1.69,38.22824,-122.25842,50.197,44.045,0.0,-83,0.000,0.000,0.000
2014/10/01 15:42:30,1.7,38.22736,-122.25834,47.900,44.456,0.0,-93,0.000,0.000,0.000
2014/10/01 15:42:35,1.66,38.22654,-122.25827,48.228,37.717,0.0,-93,0.000,0.000,0.000
2014/10/01 15:42:40,1.66,38.22578,-122.25821,49.869,37.174,0.0,-93,0.000,0.000,0.000
2014/10/01 15:42:45,1.73,38.22532,-122.25818,53.150,13.428,0.0,-93,0.000,0.000,0.000
2014/10/01 15:42:50,1.66,38.22532,-122.25818,51.837,0.077,0.0,-93,0.000,0.000,0.000
2014/10/01 15:42:55,1.66,38.22533,-122.25818,55.118,0.610,0.0,-93,0.000,0.000,0.000
2014/10/01 15:43:00,1.66,38.22530,-122.25817,52.165,0.028,0.0,-83,0.000,0.000,0.000
2014/10/01 15:43:05,1.66,38.22529,-122.25817,49.869,0.101,0.0,-83,0.000,0.000,0.000
2014/10/01 15:43:10,1.7,38.22529,-122.25816,48.556,0.009,0.0,-83,0.000,0.000,0.198
2014/10/01 15:43:15,1.7,38.22526,-122.25817,49.213,3.020,0.0,-83,0.098,0.000,0.714
2014/10/01 15:43:20,1.66,38.22515,-122.25815,50.853,8.732,0.0,-83,0.548,0.042,0.274
2014/10/01 15:43:25,1.7,38.22482,-122.25812,56.102,23.318,0.0,-83,0.801,0.000,0.219
2014/10/01 15:43:30,1.66,38.22432,-122.25808,55.446,25.549,0.0,-91,0.328,0.000,0.000
2014/10/01 15:43:35,1.7,38.22378,-122.25804,56.430,28.124,0.0,-91,0.000,0.000,0.000
2014/10/01 15:43:40,1.66,38.22318,-122.25799,57.743,31.282,0.0,-91,0.000,0.000,0.000
2014/10/01 15:43:45,1.66,38.22251,-122.25793,60.696,35.560,0.0,-91,0.000,0.000,0.000
2014/10/01 15:43:50,1.66,38.22172,-122.25786,62.336,41.328,0.0,-91,0.013,0.000,0.246
2014/10/01 15:43:55,1.66,38.22087,-122.25779,65.289,43.404,0.0,-91,1.837,0.000,0.204
2014/10/01 15:44:00,2.44,38.21998,-122.25771,68.570,44.966,0.0,-91,1.609,0.042,0.247
2014/10/01 15:44:05,1.7,38.21908,-122.25759,70.210,46.087,0.0,-75,1.164,0.458,0.501
2014/10/01 15:44:10,1.7,38.21810,-122.25743,72.178,50.738,0.0,-75,0.826,0.667,1.713
2014/10/01 15:44:15,1.7,38.21710,-122.25726,72.178,49.226,0.0,-75,0.516,0.917,0.000
2014/10/01 15:44:20,1.7,38.21608,-122.25709,69.226,50.748,0.0,-75,0.751,1.250,0.000
2014/10/01 15:44:25,1.7,38.21507,-122.25693,65.617,50.666,0.0,-75,0.000,1.708,0.538
2014/10/01 15:44:30,1.74,38.21406,-122.25676,64.633,50.554,0.0,-75,0.928,0.000,0.621
2014/10/01 15:44:35,1.7,38.21308,-122.25662,67.257,46.446,0.0,-67,0.814,2.042,1.236
2014/10/01 15:44:40,1.67,38.21220,-122.25652,67.257,43.956,0.0,-67,0.965,2.792,2.318
2014/10/01 15:44:45,1.7,38.21132,-122.25646,66.601,43.422,0.0,-67,1.192,2.208,1.802
2014/10/01 15:44:50,1.69,38.21047,-122.25641,65.617,40.906,0.0,-67,1.771,2.208,2.201
2014/10/01 15:44:55,1.74,38.20956,-122.25636,65.289,37.770,0.0,-67,1.220,0.000,1.693
2014/10/01 15:45:00,1.7,38.20902,-122.25633,64.304,28.582,0.0,-67,1.179,2.250,2.006
2014/10/01 15:45:05,1.97,38.20852,-122.25630,63.648,12.711,0.0,-71,2.121,2.208,2.337
2014/10/01 15:45:10,1.67,38.20844,-122.25630,64.304,0.007,0.0,-71,1.244,1.792,1.802
2014/10/01 15:45:15,1.7,38.20844,-122.25631,64.304,0.012,0.0,-71,1.051,1.792,2.401
2014/10/01 15:45:20,1.7,38.20844,-122.25631,63.976,0.053,0.0,-71,0.773,1.792,2.566
2014/10/01 15:45:25,1.7,38.20844,-122.25631,63.976,0.066,0.0,-71,0.707,2.125,1.693
2014/10/01 15:45:30,1.67,38.20844,-122.25631,63.976,0.016,0.0,-71,1.695,2.208,2.581
2014/10/01 15:45:35,1.67,38.20844,-122.25631,63.648,0.012,0.0,-75,1.227,2.250,1.893
2014/10/01 15:45:40,1.71,38.20842,-122.25630,62.992,2.623,0.0,-75,1.045,0.000,2.097
2014/10/01 15:45:45,1.75,38.20821,-122.25629,62.992,17.167,0.0,-75,1.091,2.208,2.558
2014/10/01 15:45:50,1.75,38.20777,-122.25627,62.664,24.694,0.0,-75,1.115,2.250,1.958
2014/10/01 15:45:55,1.75,38.20721,-122.25623,62.992,29.602,0.0,-75,1.525,2.208,2.574
2014/10/01 15:46:00,1.75,38.20658,-122.25620,63.320,32.674,0.0,-75,1.042,0.000,1.398
2014/10/01 15:46:05,1.75,38.20587,-122.25621,63.320,37.705,0.0,-75,1.001,2.250,1.205
2014/10/01 15:46:10,1.75,38.20507,-122.25621,63.648,42.458,0.0,-73,1.013,2.250,1.201
2014/10/01 15:46:15,1.75,38.20419,-122.25622,61.024,45.010,0.0,-73,1.463,2.208,1.910
2014/10/01 15:46:20,1.75,38.20326,-122.25623,57.415,46.583,0.0,-73,1.180,0.000,2.209
2014/10/01 15:46:25,1.75,38.20231,-122.25625,53.150,47.238,0.0,-73,1.442,2.250,2.252
2014/10/01 15:46:30,1.75,38.20137,-122.25626,49.213,46.095,0.0,-73,0.593,2.208,1.454
2014/10/01 15:46:35,1.71,38.20046,-122.25627,47.900,44.414,0.0,-73,0.873,2.250,1.985
2014/10/01 15:46:40,1.71,38.19957,-122.25628,48.228,42.898,0.0,-79,0.667,2.208,2.142
2014/10/01 15:46:45,1.71,38.19878,-122.25629,49.869,35.475,0.0,-79,1.312,0.000,2.157
2014/10/01 15:46:50,2.65,38.19819,-122.25629,51.509,22.192,0.0,-79,1.364,2.250,1.454
2014/10/01 15:46:55,1.71,38.19796,-122.25630,52.493,2.115,0.0,-79,0.941,2.208,1.593
2014/10/01 15:47:00,1.71,38.19795,-122.25630,55.118,0.884,0.0,-79,0.840,2.250,1.745
2014/10/01 15:47:05,1.71,38.19781,-122.25630,54.790,11.838,0.0,-79,1.298,2.250,2.574
2014/10/01 15:47:10,1.71,38.19751,-122.25630,55.446,16.900,0.0,-77,0.983,0.000,1.506
2014/10/01 15:47:15,1.71,38.19719,-122.25630,55.774,13.943,0.0,-77,1.322,2.250,2.321
2014/10/01 15:47:20,1.71,38.19696,-122.25631,56.430,4.720,0.0,-77,1.110,2.208,1.769
2014/10/01 15:47:25,1.71,38.19685,-122.25631,56.759,7.244,0.0,-77,1.996,2.208,1.876
2014/10/01 15:47:30,1.71,38.19667,-122.25631,56.759,11.061,0.0,-77,1.794,0.000,1.686
2014/10/01 15:47:35,1.71,38.19644,-122.25632,56.430,10.801,0.0,-77,1.209,2.250,1.768
2014/10/01 15:47:40,1.71,38.19621,-122.25632,57.087,11.028,0.0,-79,1.492,2.250,2.497
2014/10/01 15:47:45,1.71,38.19600,-122.25632,57.743,8.663,0.0,-79,1.041,2.208,1.910
2014/10/01 15:47:50,1.71,38.19581,-122.25631,57.743,13.115,0.0,-79,1.062,0.000,2.149
2014/10/01 15:47:55,1.71,38.19549,-122.25630,57.087,16.117,0.0,-79,0.917,2.250,1.861
2014/10/01 15:48:00,1.71,38.19514,-122.25627,56.759,18.967,0.0,-79,0.653,1.500,0.000
2014/10/01 15:48:05,1.71,38.19473,-122.25622,57.087,21.422,0.0,-79,0.437,1.500,6.696
2014/10/01 15:48:10,1.76,38.19432,-122.25617,57.415,19.545,0.0,-79,0.494,0.000,2.018
2014/10/01 15:48:15,1.76,38.19395,-122.25612,57.415,17.943,0.0,-81,0.986,1.583,1.494
2014/10/01 15:48:20,1.76,38.19361,-122.25607,58.071,16.967,0.0,-81,1.006,2.250,1.738
2014/10/01 15:48:25,1.76,38.19325,-122.25602,59.055,16.755,0.0,-81,0.996,0.000,2.106
2014/10/01 15:48:30,1.76,38.19287,-122.25597,60.696,20.821,0.0,-81,0.716,0.000,0.274
2014/10/01 15:48:35,1.71,38.19244,-122.25591,64.304,20.347,0.0,-81,0.890,0.042,0.255
2014/10/01 15:48:40,1.71,38.19213,-122.25587,67.257,14.961,0.0,-81,1.202,1.458,0.442
2014/10/01 15:48:45,1.71,38.19176,-122.25582,69.882,18.949,0.0,-83,1.173,1.625,0.601
2014/10/01 15:48:50,1.71,38.19136,-122.25578,72.835,21.083,0.0,-83,1.004,1.958,0.846
2014/10/01 15:48:55,1.71,38.19090,-122.25574,75.459,22.320,0.0,-83,0.722,2.042,1.712
2014/10/01 15:49:00,1.71,38.19042,-122.25570,77.100,23.652,0.0,-83,1.212,2.292,2.702
2014/10/01 15:49:05,2.0,38.18995,-122.25567,78.084,24.072,0.0,-83,1.443,0.000,2.083
2014/10/01 15:49:10,2.0,38.18946,-122.25563,78.740,24.589,0.0,-83,1.248,1.958,0.000
2014/10/01 15:49:15,2.0,38.18910,-122.25560,78.084,11.145,0.0,-81,0.710,1.958,2.501
2014/10/01 15:49:20,2.0,38.18899,-122.25559,77.428,2.161,0.0,-81,1.398,1.333,4.196
2014/10/01 15:49:25,2.0,38.18892,-122.25559,77.100,4.867,0.0,-81,0.979,0.000,2.741
2014/10/01 15:49:30,2.0,38.18873,-122.25557,76.772,12.629,0.0,-81,0.260,1.333,2.938
2014/10/01 15:49:35,2.05,38.18843,-122.25555,75.459,16.312,0.0,-81,0.679,0.000,2.182
2014/10/01 15:49:40,2.01,38.18806,-122.25552,74.147,20.776,0.0,-81,0.270,1.333,1.518
2014/10/01 15:49:45,2.05,38.18760,-122.25548,71.522,24.192,0.0,-77,0.542,1.333,3.130
2014/10/01 15:49:50,2.05,38.18709,-122.25545,67.913,26.049,0.0,-77,0.833,1.333,0.000
2014/10/01 15:49:55,2.27,38.18656,-122.25543,62.664,26.166,0.0,-77,1.450,0.000,2.701
2014/10/01 15:50:00,1.8,38.18608,-122.25542,56.759,20.664,0.0,-77,1.189,1.292,2.734
2014/10/01 15:50:05,1.8,38.18570,-122.25542,50.853,16.393,0.0,-77,1.058,1.333,3.029
2014/10/01 15:50:10,1.8,38.18550,-122.25542,49.213,5.938,0.0,-77,0.795,0.000,4.382
2014/10/01 15:50:15,1.8,38.18548,-122.25542,47.244,0.049,0.0,-77,0.746,1.292,0.000
2014/10/01 15:50:20,1.81,38.18548,-122.25542,45.604,0.065,0.0,-87,0.943,1.292,3.224
2014/10/01 15:50:25,1.81,38.18548,-122.25542,43.307,0.136,0.0,-87,1.010,1.333,3.490
2014/10/01 15:50:30,1.81,38.18547,-122.25542,40.682,0.028,0.0,-87,0.808,0.000,1.568
2014/10/01 15:50:35,1.81,38.18547,-122.25543,39.042,0.103,0.0,-87,0.994,1.292,1.978
2014/10/01 15:50:40,1.81,38.18545,-122.25543,39.042,2.945,0.0,-87,0.797,1.333,3.662
2014/10/01 15:50:45,1.81,38.18528,-122.25543,37.730,12.073,0.0,-87,1.375,1.292,3.122
2014/10/01 15:50:50,1.81,38.18500,-122.25542,37.402,15.382,0.0,-83,1.269,0.000,0.000
2014/10/01 15:50:55,1.81,38.18461,-122.25543,37.402,20.795,0.0,-83,0.769,1.333,3.113
2014/10/01 15:51:00,1.81,38.18414,-122.25543,35.433,24.261,0.0,-83,0.926,0.667,1.423
2014/10/01 15:51:05,1.81,38.18362,-122.25544,35.761,26.433,0.0,-83,0.176,0.000,1.866
2014/10/01 15:51:10,2.06,38.18309,-122.25541,37.073,25.604,0.0,-83,0.000,0.000,0.000
2014/10/01 15:51:15,2.06,38.18265,-122.25539,38.058,18.789,0.0,-83,0.000,0.000,0.000
2014/10/01 15:51:20,1.82,38.18234,-122.25535,37.730,8.819,0.0,-85,0.000,0.000,2.346
2014/10/01 15:51:25,1.82,38.18228,-122.25534,37.730,0.037,0.0,-85,0.000,0.000,0.405
2014/10/01 15:51:30,1.82,38.18227,-122.25534,37.402,0.177,0.0,-85,0.025,0.083,0.301
2014/10/01 15:51:35,1.82,38.18227,-122.25534,38.058,0.147,0.0,-85,2.240,1.542,0.322
2014/10/01 15:51:40,1.82,38.18227,-122.25534,39.370,0.011,0.0,-85,2.304,0.708,0.363
2014/10/01 15:51:45,1.82,38.18227,-122.25534,40.026,0.019,0.0,-85,2.350,0.875,0.237
2014/10/01 15:51:50,1.82,38.18227,-122.25534,39.042,0.088,0.0,-87,2.390,0.917,0.161
2014/10/01 15:51:55,1.82,38.18227,-122.25535,37.730,0.165,0.0,-87,2.619,0.750,0.213
2014/10/01 15:52:00,1.82,38.18224,-122.25534,36.745,2.989,0.0,-87,2.317,0.000,0.225
2014/10/01 15:52:05,1.82,38.18213,-122.25533,36.089,7.732,0.0,-87,2.163,0.500,0.161
2014/10/01 15:52:10,1.82,38.18190,-122.25529,35.433,13.989,0.0,-87,2.379,0.292,0.318
2014/10/01 15:52:15,1.83,38.18157,-122.25523,35.433,17.817,0.0,-87,1.760,0.417,0.622
2014/10/01 15:52:20,1.83,38.18116,-122.25516,34.777,23.081,0.0,-87,1.654,0.417,0.390
2014/10/01 15:52:25,1.83,38.18067,-122.25508,34.121,25.986,0.0,-89,1.253,0.542,0.506
2014/10/01 15:52:30,1.83,38.18012,-122.25499,33.793,29.466,0.0,-89,0.833,0.708,0.194
2014/10/01 15:52:35,1.83,38.17951,-122.25489,32.808,31.060,0.0,-89,1.478,0.250,0.170
2014/10/01 15:52:40,1.83,38.17887,-122.25478,33.136,33.871,0.0,-89,0.625,0.000,0.964
2014/10/01 15:52:45,1.83,38.17814,-122.25466,33.793,38.196,0.0,-89,1.286,0.208,1.537
2014/10/01 15:52:50,1.83,38.17735,-122.25453,34.449,40.581,0.0,-89,0.000,0.000,0.000
2014/10/01 15:52:55,1.83,38.17654,-122.25438,35.433,40.938,0.0,-81,0.000,0.250,4.142
2014/10/01 15:53:00,1.83,38.17571,-122.25425,36.089,42.153,0.0,-81,0.000,0.792,0.910
2014/10/01 15:53:05,2.67,38.17488,-122.25411,37.073,41.518,0.0,-81,0.000,1.000,0.862
2014/10/01 15:53:10,2.67,38.17406,-122.25397,37.730,39.142,0.0,-81,0.003,0.875,0.846
2014/10/01 15:53:15,2.67,38.17333,-122.25385,37.402,35.906,0.0,-81,0.370,1.500,0.602
2014/10/01 15:53:20,1.84,38.17262,-122.25374,36.089,36.122,0.0,-81,1.453,1.167,0.154
2014/10/01 15:53:25,1.84,38.17188,-122.25361,34.449,37.449,0.0,-73,2.100,0.000,0.193
2014/10/01 15:53:30,1.84,38.17113,-122.25349,33.136,37.717,0.0,-73,2.837,1.417,0.185
2014/10/01 15:53:35,1.84,38.17051,-122.25338,32.152,20.848,0.0,-73,2.948,0.875,0.193
2014/10/01 15:53:40,1.84,38.17024,-122.25333,31.824,7.878,0.0,-73,2.939,0.750,0.193
2014/10/01 15:53:45,1.84,38.17021,-122.25333,32.808,0.049,0.0,-73,3.273,1.167,0.298
2014/10/01 15:53:50,1.84,38.17021,-122.25333,33.136,0.056,0.0,-73,2.997,1.792,0.206
2014/10/01 15:53:55,1.84,38.17021,-122.25333,33.136,0.026,0.0,-63,3.362,1.250,0.161
2014/10/01 15:54:00,1.84,38.17011,-122.25331,33.136,7.146,0.0,-63,3.555,0.875,0.206
2014/10/01 15:54:05,1.84,38.16988,-122.25327,33.465,15.901,0.0,-63,3.400,0.583,0.212
2014/10/01 15:54:10,1.84,38.16950,-122.25320,33.136,21.336,0.0,-63,3.327,0.875,0.217
2014/10/01 15:54:15,1.85,38.16904,-122.25312,32.152,24.222,0.0,-63,3.693,1.125,0.177
2014/10/01 15:54:20,1.85,38.16855,-122.25304,31.168,24.919,0.0,-63,3.051,0.000,0.274
2014/10/01 15:54:25,1.85,38.16802,-122.25297,31.168,28.401,0.0,-63,2.410,0.625,0.269
2014/10/01 15:54:30,1.85,38.16746,-122.25291,29.856,27.274,0.0,-59,2.712,1.125,0.250
2014/10/01 15:54:35,1.85,38.16702,-122.25288,29.528,15.069,0.0,-59,1.493,0.583,0.000
2014/10/01 15:54:40,2.67,38.16683,-122.25287,28.871,2.827,0.0,-59,0.125,0.000,6.840
2014/10/01 15:54:45,1.85,38.16683,-122.25288,28.543,0.024,0.0,-59,0.125,0.000,0.000
2014/10/01 15:54:50,1.85,38.16683,-122.25288,28.543,0.013,0.0,-59,0.000,0.000,0.000
2014/10/01 15:54:55,1.85,38.16682,-122.25288,28.543,0.047,0.0,-59,0.132,0.000,8.941
2014/10/01 15:55:00,1.85,38.16682,-122.25288,28.215,0.060,0.0,-57,0.190,0.000,0.000
2014/10/01 15:55:05,1.85,38.16682,-122.25288,27.887,0.038,0.0,-57,0.149,0.000,0.000
2014/10/01 15:55:10,1.85,38.16682,-122.25289,26.903,0.019,0.0,-57,0.149,0.000,0.000
2014/10/01 15:55:15,1.86,38.16682,-122.25289,26.247,0.039,0.0,-57,0.212,0.000,0.000
2014/10/01 15:55:20,1.86,38.16681,-122.25289,26.575,0.052,0.0,-57,0.221,0.000,0.000
2014/10/01 15:55:25,1.86,38.16681,-122.25289,26.247,0.065,0.0,-57,0.000,0.000,0.000
2014/10/01 15:55:30,1.86,38.16681,-122.25289,25.919,0.030,0.0,-55,0.298,0.000,0.000
2014/10/01 15:55:35,1.86,38.16681,-122.25289,25.919,0.106,0.0,-55,0.314,0.000,0.000
2014/10/01 15:55:40,1.86,38.16673,-122.25289,25.919,11.874,0.0,-55,0.333,0.000,0.000
2014/10/01 15:55:45,1.86,38.16635,-122.25289,25.262,23.801,0.0,-55,0.375,0.000,0.000
2014/10/01 15:55:50,1.86,38.16578,-122.25292,24.278,33.011,0.0,-55,0.465,0.000,1.822
2014/10/01 15:55:55,1.86,38.16502,-122.25297,21.325,41.569,0.0,-55,1.157,0.000,0.615
2014/10/01 15:56:00,1.86,38.16412,-122.25304,18.373,46.778,0.0,-51,1.253,0.000,0.666
2014/10/01 15:56:05,1.86,38.16318,-122.25311,15.420,47.548,0.0,-51,0.000,0.042,0.000
2014/10/01 15:56:10,1.86,38.16220,-122.25318,11.811,49.663,0.0,-51,0.000,0.000,5.785
2014/10/01 15:56:15,1.86,38.16119,-122.25325,10.827,50.988,0.0,-51,0.000,0.083,0.000
2014/10/01 15:56:20,1.87,38.16016,-122.25333,10.499,51.305,0.0,-51,0.000,0.083,8.945
2014/10/01 15:56:25,1.87,38.15918,-122.25341,10.171,45.944,0.0,-51,0.000,0.000,0.000
2014/10/01 15:56:30,1.87,38.15831,-122.25347,10.171,42.803,0.0,-51,0.000,0.083,4.842
2014/10/01 15:56:35,1.87,38.15744,-122.25353,9.843,44.582,0.0,-73,0.000,0.000,0.000
2014/10/01 15:56:40,1.87,38.15650,-122.25360,8.530,48.273,0.0,-73,0.000,0.000,0.000
2014/10/01 15:56:45,1.87,38.15559,-122.25369,7.546,43.202,0.0,-73,0.000,0.000,0.000
2014/10/01 15:56:50,1.87,38.15476,-122.25381,8.202,39.628,0.0,-73,0.000,0.000,0.000
2014/10/01 15:56:55,1.87,38.15396,-122.25394,7.546,42.343,0.0,-73,0.000,0.000,0.000
2014/10/01 15:57:00,1.87,38.15309,-122.25407,6.890,42.675,0.0,-73,0.000,0.000,0.000
2014/10/01 15:57:05,1.87,38.15229,-122.25420,6.234,37.847,0.0,-77,0.000,0.000,7.497
2014/10/01 15:57:10,1.87,38.15157,-122.25432,6.562,34.423,0.0,-77,0.086,0.125,0.289
2014/10/01 15:57:15,1.87,38.15097,-122.25441,8.202,27.106,0.0,-77,1.846,1.333,0.477
2014/10/01 15:57:20,1.88,38.15050,-122.25449,8.858,22.150,0.0,-77,1.107,1.000,1.253
2014/10/01 15:57:25,1.88,38.15008,-122.25455,8.858,20.661,0.0,-77,0.809,0.958,0.949
2014/10/01 15:57:30,1.88,38.14961,-122.25462,8.858,27.001,0.0,-77,1.165,0.000,0.585
2014/10/01 15:57:35,1.88,38.14898,-122.25473,8.530,34.120,0.0,-59,0.946,1.208,0.000
2014/10/01 15:57:40,1.88,38.14829,-122.25484,8.202,32.219,0.0,-59,0.773,0.625,0.970
2014/10/01 15:57:45,1.88,38.14778,-122.25492,7.546,21.152,0.0,-59,0.982,0.958,0.850
2014/10/01 15:57:50,1.88,38.14752,-122.25496,7.218,7.508,0.0,-59,0.767,1.333,0.649
2014/10/01 15:57:55,1.88,38.14748,-122.25497,7.218,0.038,0.0,-59,0.783,1.375,0.486
2014/10/01 15:58:00,1.88,38.14748,-122.25497,6.890,0.017,0.0,-59,0.947,1.583,0.601
2014/10/01 15:58:05,1.88,38.14748,-122.25496,6.890,0.011,0.0,-69,1.205,1.583,0.458
2014/10/01 15:58:10,1.88,38.14748,-122.25496,6.562,0.001,0.0,-69,1.672,1.708,0.729
2014/10/01 15:58:15,1.88,38.14748,-122.25496,6.562,0.014,0.0,-69,1.483,1.625,0.521
2014/10/01 15:58:20,1.88,38.14748,-122.25496,6.234,0.014,0.0,-69,1.667,1.625,0.402
2014/10/01 15:58:25,1.88,38.14748,-122.25496,6.234,0.016,0.0,-69,1.837,1.375,0.412
2014/10/01 15:58:30,1.89,38.14748,-122.25496,6.562,0.006,0.0,-69,1.178,1.417,0.528
2014/10/01 15:58:35,1.89,38.14748,-122.25496,6.890,0.009,0.0,-69,1.755,1.625,0.534
2014/10/01 15:58:40,1.89,38.14749,-122.25496,7.218,0.027,0.0,-69,1.146,1.625,0.409
2014/10/01 15:58:45,1.89,38.14749,-122.25496,7.546,0.065,0.0,-69,0.893,1.750,0.334
2014/10/01 15:58:50,1.89,38.14742,-122.25497,7.546,8.939,0.0,-69,0.000,0.000,0.456
2014/10/01 15:58:55,1.89,38.14713,-122.25502,7.218,19.968,0.0,-69,0.957,1.458,0.490
2014/10/01 15:59:00,1.89,38.14660,-122.25511,5.577,31.782,0.0,-69,0.384,1.583,0.794
2014/10/01 15:59:05,1.89,38.14588,-122.25523,2.953,39.536,0.0,-69,0.928,1.667,0.393
2014/10/01 15:59:10,1.89,38.14501,-122.25537,1.640,46.135,0.0,-65,0.597,1.250,0.438
2014/10/01 15:59:15,1.89,38.14407,-122.25552,1.312,47.064,0.0,-65,1.205,1.708,0.489
2014/10/01 15:59:20,1.89,38.14315,-122.25567,0.984,44.896,0.0,-65,1.538,1.792,0.438
2014/10/01 15:59:25,1.89,38.14226,-122.25581,0.656,45.416,0.0,-65,0.923,1.833,0.472
2014/10/01 15:59:30,1.89,38.14132,-122.25596,0.328,48.248,0.0,-65,0.988,1.458,0.442
2014/10/01 15:59:35,1.9,38.14055,-122.25609,0.000,30.470,0.0,-65,0.808,1.625,0.482
2014/10/01 15:59:40,1.93,38.13995,-122.25617,2.625,31.262,0.0,-63,1.010,1.375,0.278
2014/10/01 15:59:45,1.9,38.13927,-122.25626,5.577,36.073,0.0,-63,0.925,1.833,0.610
2014/10/01 15:59:50,1.9,38.13850,-122.25636,-1.640,37.829,0.0,-63,1.307,2.333,1.181
2014/10/01 15:59:55,1.9,38.13775,-122.25648,-6.234,34.371,0.0,-63,1.045,0.000,2.049
2014/10/01 16:00:00,1.9,38.13735,-122.25698,-3.281,26.757,0.0,-63,1.269,2.417,1.717
2014/10/01 16:00:05,1.9,38.13771,-122.25745,9.843,31.295,0.0,-63,2.317,2.125,1.020
2014/10/01 16:00:10,1.9,38.13839,-122.25712,19.685,42.194,0.0,-57,2.603,1.583,0.490
2014/10/01 16:00:15,1.9,38.13924,-122.25656,26.247,52.080,0.0,-57,2.090,1.583,0.430
2014/10/01 16:00:20,1.9,38.14019,-122.25575,32.808,59.884,0.0,-57,0.868,0.000,0.974
2014/10/01 16:00:25,1.9,38.14106,-122.25462,36.089,63.002,0.0,-57,0.742,1.583,1.175
2014/10/01 16:00:30,1.9,38.14178,-122.25324,39.042,66.444,0.0,-57,1.052,1.625,1.225
2014/10/01 16:00:35,1.78,38.14224,-122.25178,41.339,53.507,0.0,-57,0.885,2.083,1.667
2014/10/01 16:00:40,1.79,38.14245,-122.25044,43.635,54.548,0.0,-57,0.631,2.125,0.516
2014/10/01 16:00:45,1.79,38.14249,-122.24913,45.604,47.960,0.0,-67,0.721,0.000,0.878
2014/10/01 16:00:50,1.79,38.14240,-122.24798,48.228,44.545,0.0,-67,0.445,1.042,1.490
2014/10/01 16:00:55,1.79,38.14227,-122.24685,50.525,46.611,0.0,-67,0.000,0.542,2.209
2014/10/01 16:01:00,1.79,38.14212,-122.24563,52.493,49.475,0.0,-67,0.000,0.000,0.000
2014/10/01 16:01:05,1.79,38.14197,-122.24437,56.102,50.519,0.0,-67,0.000,0.500,4.918
2014/10/01 16:01:10,1.79,38.14181,-122.24307,64.304,51.918,0.0,-67,0.000,1.583,1.325
2014/10/01 16:01:15,1.86,38.14165,-122.24178,78.084,52.203,0.0,-75,0.000,2.458,2.150
2014/10/01 16:01:20,1.86,38.14149,-122.24044,92.520,53.621,0.0,-75,0.000,1.917,1.497
2014/10/01 16:01:25,1.79,38.14136,-122.23909,107.612,53.059,0.0,-75,0.000,0.000,2.550
2014/10/01 16:01:30,1.79,38.14128,-122.23779,118.766,50.184,0.0,-75,0.000,1.958,2.405
2014/10/01 16:01:35,1.79,38.14126,-122.23646,122.703,53.690,0.0,-75,0.006,1.333,4.082
2014/10/01 16:01:40,1.79,38.14125,-122.23507,120.735,55.315,0.0,-75,1.920,0.000,2.837
2014/10/01 16:01:45,1.99,38.14124,-122.23364,111.549,56.705,0.0,-69,0.000,1.292,0.825
2014/10/01 16:01:50,1.99,38.14124,-122.23222,102.690,50.641,0.0,-69,2.075,0.000,0.851
2014/10/01 16:01:55,1.79,38.14130,-122.23087,99.738,56.758,0.0,-69,0.812,1.333,0.586
2014/10/01 16:02:00,1.79,38.14133,-122.22938,98.097,59.380,0.0,-69,0.843,0.000,0.891
2014/10/01 16:02:05,1.99,38.14133,-122.22788,96.129,57.563,0.0,-69,0.618,1.292,0.505
2014/10/01 16:02:10,1.79,38.14133,-122.22632,94.488,62.363,0.0,-69,0.728,0.667,1.162
2014/10/01 16:02:15,1.79,38.14131,-122.22476,98.425,58.218,0.0,-65,0.807,0.667,0.371
2014/10/01 16:02:20,1.79,38.14116,-122.22364,111.220,37.635,0.0,-65,0.965,1.292,0.569
2014/10/01 16:02:25,1.8,38.14086,-122.22278,126.969,37.326,0.0,-65,1.296,1.292,0.226
2014/10/01 16:02:30,1.8,38.14044,-122.22195,132.874,39.489,0.0,-65,1.973,0.000,0.218
2014/10/01 16:02:35,1.8,38.13990,-122.22118,125.000,40.935,0.0,-65,2.279,1.333,0.597
2014/10/01 16:02:40,1.8,38.13925,-122.22050,107.940,41.978,0.0,-65,2.333,1.917,1.477
2014/10/01 16:02:45,1.8,38.13855,-122.21982,97.113,45.157,0.0,-65,1.770,0.000,2.229
2014/10/01 16:02:50,1.87,38.13792,-122.21898,111.549,46.321,0.0,-73,0.933,1.292,1.201
2014/10/01 16:02:55,1.8,38.13763,-122.21789,116.142,45.678,0.0,-73,1.090,0.000,0.806
2014/10/01 16:03:00,1.8,38.13762,-122.21667,111.220,48.376,0.0,-73,1.183,1.333,0.711
2014/10/01 16:03:05,1.8,38.13764,-122.21543,109.908,47.021,0.0,-73,0.452,0.000,0.962
2014/10/01 16:03:10,2.0,38.13765,-122.21446,115.486,30.504,0.0,-73,0.655,0.000,0.000
2014/10/01 16:03:15,2.0,38.13766,-122.21381,119.751,20.136,0.0,-73,1.079,0.000,0.000
2014/10/01 16:03:20,1.8,38.13765,-122.21362,121.391,0.031,0.0,-77,1.529,0.000,0.000
2014/10/01 16:03:25,1.8,38.13765,-122.21362,122.703,0.070,0.0,-77,2.340,0.042,0.350
2014/10/01 16:03:30,1.8,38.13765,-122.21362,124.016,0.053,0.0,-77,2.000,0.458,0.562
2014/10/01 16:03:35,2.04,38.13764,-122.21362,125.328,0.724,0.0,-77,1.167,0.250,0.314
2014/10/01 16:03:40,2.04,38.13764,-122.21362,126.312,0.028,0.0,-77,1.750,0.417,0.497
2014/10/01 16:03:45,2.04,38.13764,-122.21363,127.297,0.040,0.0,-77,2.215,0.583,0.249
2014/10/01 16:03:50,2.04,38.13764,-122.21363,128.609,0.042,0.0,-75,2.170,0.583,0.608
2014/10/01 16:03:55,2.04,38.13764,-122.21363,129.593,0.012,0.0,-75,2.629,0.458,0.338
2014/10/01 16:04:00,1.8,38.13764,-122.21363,130.249,0.073,0.0,-75,2.029,0.458,0.521
2014/10/01 16:04:05,1.8,38.13764,-122.21363,130.249,0.012,0.0,-75,1.833,0.542,0.629
2014/10/01 16:04:10,1.81,38.13764,-122.21363,130.249,0.068,0.0,-75,2.000,0.375,0.537
2014/10/01 16:04:15,1.81,38.13764,-122.21362,129.593,0.034,0.0,-75,2.167,0.708,0.290
2014/10/01 16:04:20,2.58,38.13763,-122.21362,129.921,1.008,0.0,-77,1.333,0.000,0.749
2014/10/01 16:04:25,4.06,38.13788,-122.21405,132.218,60.165,0.0,-77,1.875,0.583,0.369
2014/10/01 16:04:30,7.18,38.13735,-122.21333,170.604,6.483,0.0,-77,1.129,0.542,0.821
2014/10/01 16:04:35,7.18,38.13735,-122.21333,170.604,6.483,0.0,-77,1.663,0.500,0.445
2014/10/01 16:04:41,7.18,38.13735,-122.21333,170.604,6.483,0.0,-77,1.975,0.458,0.282
2014/10/01 16:04:46,7.18,38.13735,-122.21333,170.604,6.483,0.0,-77,1.110,0.292,1.029
2014/10/01 16:04:51,1.81,38.13770,-122.21416,118.438,26.610,0.0,-77,0.717,0.000,1.973
2014/10/01 16:04:56,1.81,38.13772,-122.21499,113.517,35.583,0.0,-81,0.699,0.250,1.856
2014/10/01 16:05:01,1.81,38.13774,-122.21598,113.845,40.060,0.0,-81,0.551,0.250,1.279
2014/10/01 16:05:06,1.81,38.13776,-122.21701,114.501,41.386,0.0,-81,0.488,0.458,0.246
2014/10/01 16:05:11,1.81,38.13790,-122.21802,124.016,38.998,0.0,-81,1.208,2.000,0.753
2014/10/01 16:05:16,2.04,38.13832,-122.21881,135.499,37.481,0.0,-81,2.202,2.333,0.815
2014/10/01 16:05:21,2.04,38.13893,-122.21940,150.591,38.384,0.0,-81,2.769,1.167,0.190
2014/10/01 16:05:26,1.81,38.13959,-122.22001,155.512,43.189,0.0,-63,1.978,0.000,0.570
2014/10/01 16:05:31,1.81,38.14029,-122.22066,144.029,42.030,0.0,-63,1.278,0.750,0.222
2014/10/01 16:05:36,1.81,38.14092,-122.22098,140.092,30.342,0.0,-63,2.116,1.542,0.211
2014/10/01 16:05:41,1.88,38.14133,-122.22038,157.480,32.946,0.0,-63,3.183,0.000,0.205
2014/10/01 16:05:46,1.81,38.14103,-122.21970,163.386,33.534,0.0,-63,2.965,1.167,0.190
2014/10/01 16:05:51,1.81,38.14030,-122.21963,164.370,42.125,0.0,-63,0.555,0.375,2.971
2014/10/01 16:05:56,1.84,38.13941,-122.22013,152.559,51.803,0.0,-73,1.083,0.000,0.382
2014/10/01 16:06:01,1.84,38.13839,-122.22072,139.764,59.443,0.0,-73,2.423,1.125,0.417
2014/10/01 16:06:06,1.81,38.13726,-122.22142,120.735,61.691,0.0,-73,2.837,1.958,0.450
2014/10/01 16:06:11,1.81,38.13617,-122.22212,113.845,61.418,0.0,-73,2.846,1.917,0.201
2014/10/01 16:06:16,1.84,38.13505,-122.22283,107.612,63.553,0.0,-73,1.891,0.000,0.277
2014/10/01 16:06:21,1.84,38.13391,-122.22357,101.706,63.786,0.0,-73,0.464,0.792,1.016
2014/10/01 16:06:26,1.82,38.13276,-122.22429,96.129,63.508,0.0,-51,1.398,0.000,0.243
2014/10/01 16:06:31,1.82,38.13165,-122.22501,94.816,60.769,0.0,-51,2.388,1.917,0.558
2014/10/01 16:06:36,1.82,38.13053,-122.22572,95.144,63.121,0.0,-51,3.048,1.917,0.462
2014/10/01 16:06:41,1.82,38.12941,-122.22645,96.129,62.862,0.0,-51,2.789,1.917,0.409
2014/10/01 16:06:46,1.82,38.12828,-122.22717,96.785,62.300,0.0,-51,3.013,1.917,0.366
2014/10/01 16:06:51,1.82,38.12716,-122.22789,96.785,63.414,0.0,-51,3.176,1.542,0.197
2014/10/01 16:06:56,1.82,38.12602,-122.22861,100.394,63.208,0.0,-51,2.849,0.750,0.302
2014/10/01 16:07:01,1.82,38.12489,-122.22932,106.955,62.149,0.0,-77,2.852,0.000,0.150
2014/10/01 16:07:06,1.82,38.12373,-122.22987,112.861,61.686,0.0,-77,1.151,0.750,0.198
2014/10/01 16:07:11,1.82,38.12254,-122.23026,109.580,61.097,0.0,-77,1.821,0.000,0.486
2014/10/01 16:07:16,1.82,38.12132,-122.23048,103.675,59.698,0.0,-77,0.975,0.792,1.178
2014/10/01 16:07:21,1.82,38.12028,-122.23053,98.425,45.922,0.0,-77,0.798,0.375,0.282
2014/10/01 16:07:26,1.82,38.11929,-122.23044,92.848,53.039,0.0,-77,1.359,1.167,0.522
2014/10/01 16:07:31,1.82,38.11817,-122.23035,88.911,57.133,0.0,-89,1.174,0.000,0.514
2014/10/01 16:07:36,1.89,38.11700,-122.23026,85.630,59.582,0.0,-89,0.887,0.750,1.732
2014/10/01 16:07:41,1.82,38.11577,-122.23016,79.724,61.753,0.0,-89,0.558,0.417,0.743
2014/10/01 16:07:46,1.82,38.11450,-122.23006,65.617,64.714,0.0,-89,0.503,0.000,0.000
2014/10/01 16:07:51,1.82,38.11317,-122.22995,47.244,67.487,0.0,-89,0.409,0.792,5.799
2014/10/01 16:07:56,1.89,38.11180,-122.22985,34.449,68.010,0.0,-89,1.135,0.750,1.097
2014/10/01 16:08:01,1.82,38.11043,-122.22976,29.528,67.510,0.0,-85,1.757,0.000,1.102
2014/10/01 16:08:06,1.82,38.10910,-122.22978,24.934,66.082,0.0,-85,1.656,1.167,2.109
2014/10/01 16:08:11,1.82,38.10778,-122.22980,19.029,64.366,0.0,-85,1.924,1.333,1.133
2014/10/01 16:08:16,1.82,38.10649,-122.22981,15.092,63.816,0.0,-85,2.260,0.000,0.369
2014/10/01 16:08:21,1.9,38.10524,-122.22983,13.780,61.457,0.0,-85,2.506,1.583,0.342
2014/10/01 16:08:26,1.82,38.10398,-122.22984,15.092,63.252,0.0,-85,1.910,0.792,1.559
2014/10/01 16:08:31,1.82,38.10272,-122.22986,18.373,61.385,0.0,-81,1.615,0.375,0.000
2014/10/01 16:08:36,1.83,38.10160,-122.22987,24.278,50.966,0.0,-81,1.712,0.000,1.682
2014/10/01 16:08:41,1.83,38.10061,-122.22988,30.840,46.651,0.0,-81,1.483,0.792,1.534
2014/10/01 16:08:46,1.83,38.09962,-122.22990,35.433,49.566,0.0,-81,2.580,0.750,0.353
2014/10/01 16:08:51,1.83,38.09860,-122.22990,40.354,51.692,0.0,-81,0.978,0.000,0.369
2014/10/01 16:08:56,1.83,38.09753,-122.22991,46.260,54.775,0.0,-81,0.929,0.000,2.852
2014/10/01 16:09:01,1.83,38.09641,-122.22992,52.165,56.073,0.0,-81,1.465,0.792,0.390
2014/10/01 16:09:06,1.83,38.09528,-122.22995,49.541,55.661,0.0,-77,3.173,0.375,0.197
2014/10/01 16:09:11,1.83,38.09410,-122.23007,37.402,61.164,0.0,-77,3.333,1.167,0.178
2014/10/01 16:09:16,1.83,38.09284,-122.23025,21.325,64.032,0.0,-77,3.055,0.750,0.198
2014/10/01 16:09:21,1.83,38.09157,-122.23054,11.811,63.495,0.0,-77,2.337,0.000,0.171
2014/10/01 16:09:26,1.83,38.09038,-122.23098,8.530,60.798,0.0,-77,3.525,0.750,0.161
2014/10/01 16:09:31,1.83,38.08922,-122.23147,4.921,60.683,0.0,-77,3.641,1.167,0.198
2014/10/01 16:09:36,1.83,38.08806,-122.23197,4.265,60.763,0.0,-51,3.560,1.167,0.265
2014/10/01 16:09:41,1.83,38.08692,-122.23246,12.139,57.930,0.0,-51,3.055,1.917,0.875
2014/10/01 16:09:46,1.83,38.08580,-122.23288,20.013,59.119,0.0,-51,3.096,1.917,0.893
2014/10/01 16:09:51,1.85,38.08462,-122.23321,27.231,61.598,0.0,-51,2.904,1.917,0.329
2014/10/01 16:09:56,1.83,38.08338,-122.23341,29.528,62.012,0.0,-51,2.788,0.000,0.325
2014/10/01 16:10:01,1.83,38.08214,-122.23348,31.496,61.497,0.0,-51,1.923,1.542,0.318
2014/10/01 16:10:06,1.83,38.08091,-122.23343,34.449,61.718,0.0,-81,0.000,0.000,0.545
2014/10/01 16:10:11,1.85,38.07966,-122.23324,43.635,62.281,0.0,-81,0.952,0.792,2.686
2014/10/01 16:10:16,1.96,38.07845,-122.23293,60.367,60.642,0.0,-81,0.721,0.375,0.353
2014/10/01 16:10:21,1.9,38.07730,-122.23250,76.444,59.442,0.0,-81,0.833,0.875,0.682
2014/10/01 16:10:26,1.9,38.07618,-122.23195,82.677,59.866,0.0,-81,2.013,0.000,0.370
2014/10/01 16:10:31,1.9,38.07509,-122.23124,83.990,61.731,0.0,-81,2.053,0.750,0.322
2014/10/01 16:10:36,1.91,38.07401,-122.23044,86.614,60.667,0.0,-53,1.725,1.167,0.614
2014/10/01 16:10:41,1.83,38.07299,-122.22967,100.722,58.725,0.0,-53,2.468,1.125,0.221
2014/10/01 16:10:46,1.91,38.07197,-122.22892,114.829,57.106,0.0,-53,2.990,0.792,0.302
2014/10/01 16:10:51,1.91,38.07095,-122.22830,126.640,56.772,0.0,-53,2.583,1.125,0.282
2014/10/01 16:10:56,1.91,38.06988,-122.22780,135.171,56.446,0.0,-53,2.945,0.792,0.210
2014/10/01 16:11:01,2.19,38.06880,-122.22731,139.108,57.015,0.0,-53,2.894,0.792,0.217
2014/10/01 16:11:06,1.91,38.06771,-122.22689,144.357,56.129,0.0,-53,2.859,0.000,0.233
2014/10/01 16:11:11,1.83,38.06657,-122.22676,146.982,56.992,0.0,-51,2.923,0.750,0.650
2014/10/01 16:11:16,1.83,38.06538,-122.22668,154.528,62.026,0.0,-51,1.962,0.750,0.299
2014/10/01 16:11:21,1.91,38.06411,-122.22658,166.667,63.607,0.0,-51,2.753,1.167,0.367
2014/10/01 16:11:26,2.18,38.06283,-122.22649,173.228,63.800,0.0,-51,2.801,0.000,0.206
2014/10/01 16:11:31,1.91,38.06154,-122.22640,173.556,64.608,0.0,-51,3.391,1.125,0.442
2014/10/01 16:11:36,1.91,38.06023,-122.22631,169.619,66.395,0.0,-51,1.679,0.792,0.870
2014/10/01 16:11:41,1.91,38.05888,-122.22622,162.073,67.282,0.0,-61,1.564,0.750,0.370
2014/10/01 16:11:46,1.91,38.05754,-122.22613,153.215,66.160,0.0,-61,1.599,0.375,0.802
2014/10/01 16:11:51,1.91,38.05623,-122.22604,144.685,64.784,0.0,-61,2.080,0.000,0.233
2014/10/01 16:11:56,1.91,38.05493,-122.22612,138.451,64.134,0.0,-61,2.317,0.750,0.260
2014/10/01 16:12:01,1.91,38.05377,-122.22678,145.013,64.237,0.0,-61,3.074,1.208,1.854
2014/10/01 16:12:06,1.91,38.05281,-122.22791,157.808,66.633,0.0,-61,1.334,0.750,0.256
2014/10/01 16:12:11,2.1,38.05188,-122.22912,170.932,67.777,0.0,-61,0.987,1.125,0.597
2014/10/01 16:12:16,2.1,38.05094,-122.23036,188.976,67.051,0.0,-61,1.417,0.000,2.478
2014/10/01 16:12:21,2.1,38.05005,-122.23153,206.693,62.478,0.0,-61,0.000,0.792,2.137
2014/10/01 16:12:26,2.1,38.04918,-122.23267,224.409,63.117,0.0,-61,0.000,1.500,0.877
2014/10/01 16:12:31,2.1,38.04832,-122.23386,237.533,64.712,0.0,-61,0.000,0.000,1.110
2014/10/01 16:12:36,2.16,38.04745,-122.23510,240.157,65.628,0.0,-61,0.000,1.917,1.918
2014/10/01 16:12:41,2.1,38.04661,-122.23630,240.157,62.227,0.0,-79,0.000,2.208,2.814
2014/10/01 16:12:46,2.16,38.04578,-122.23748,241.142,62.408,0.0,-79,0.006,0.000,0.194
2014/10/01 16:12:51,2.16,38.04493,-122.23868,238.517,64.007,0.0,-79,0.022,0.000,0.210
2014/10/01 16:12:56,2.16,38.04407,-122.23991,237.533,66.478,0.0,-79,3.067,0.125,0.254
2014/10/01 16:13:01,2.16,38.04319,-122.24115,236.549,63.975,0.0,-79,3.167,1.417,0.190
2014/10/01 16:13:06,2.16,38.04234,-122.24236,236.877,63.766,0.0,-79,3.330,0.958,0.201
2014/10/01 16:13:11,2.16,38.04147,-122.24359,235.236,65.521,0.0,-79,3.032,1.167,0.268
2014/10/01 16:13:16,2.16,38.04060,-122.24484,233.268,66.134,0.0,-59,1.359,0.958,0.165
2014/10/01 16:13:21,2.16,38.03971,-122.24609,231.627,66.418,0.0,-59,1.569,1.250,0.254
2014/10/01 16:13:26,1.91,38.03881,-122.24732,230.315,63.749,0.0,-59,0.406,0.500,1.653
2014/10/01 16:13:31,1.84,38.03782,-122.24837,221.129,64.402,0.0,-59,0.926,0.417,0.410
2014/10/01 16:13:36,1.84,38.03673,-122.24939,213.583,68.582,0.0,-59,1.426,0.000,0.000
2014/10/01 16:13:41,1.84,38.03562,-122.25043,209.646,68.662,0.0,-59,0.314,0.250,0.446
2014/10/01 16:13:46,1.84,38.03451,-122.25145,204.724,67.481,0.0,-65,1.522,0.333,0.304
2014/10/01 16:13:51,1.84,38.03342,-122.25247,201.444,67.748,0.0,-65,2.144,0.542,0.150
2014/10/01 16:13:56,1.84,38.03232,-122.25349,195.210,67.273,0.0,-65,2.260,0.292,0.550
2014/10/01 16:14:01,1.84,38.03125,-122.25448,181.759,64.601,0.0,-65,2.711,0.000,0.450
2014/10/01 16:14:06,1.84,38.03015,-122.25550,166.995,70.841,0.0,-65,1.372,0.500,0.242
2014/10/01 16:14:11,1.84,38.02895,-122.25659,150.262,73.799,0.0,-65,2.843,0.375,0.333
2014/10/01 16:14:16,2.32,38.02778,-122.25766,134.514,69.245,0.0,-95,2.115,0.292,0.529
2014/10/01 16:14:21,2.04,38.02666,-122.25869,119.094,68.759,0.0,-95,0.971,0.250,0.709
2014/10/01 16:14:26,1.84,38.02556,-122.25971,103.346,67.476,0.0,-95,0.994,0.000,1.491
2014/10/01 16:14:31,2.04,38.02447,-122.26073,87.927,67.232,0.0,-95,0.452,0.167,1.358
2014/10/01 16:14:36,1.84,38.02338,-122.26174,74.803,67.187,0.0,-95,0.545,0.125,0.547
2014/10/01 16:14:41,1.84,38.02229,-122.26276,73.819,67.810,0.0,-95,1.532,0.583,0.177
2014/10/01 16:14:46,1.84,38.02121,-122.26376,86.614,65.718,0.0,-73,2.522,0.458,0.536
2014/10/01 16:14:51,2.04,38.02017,-122.26472,100.722,62.533,0.0,-73,1.423,0.083,2.076
2014/10/01 16:14:56,2.04,38.01919,-122.26564,113.517,59.163,0.0,-73,0.333,0.000,0.538
2014/10/01 16:15:01,1.84,38.01825,-122.26651,120.079,57.650,0.0,-73,0.675,0.250,0.282
2014/10/01 16:15:06,2.04,38.01728,-122.26740,116.142,61.026,0.0,-73,1.014,1.333,1.054
2014/10/01 16:15:11,1.92,38.01627,-122.26834,107.612,62.609,0.0,-73,1.657,1.083,0.566
2014/10/01 16:15:16,1.84,38.01527,-122.26927,98.097,62.561,0.0,-73,2.590,1.750,0.162
2014/10/01 16:15:21,1.84,38.01422,-122.27023,89.567,65.710,0.0,-59,2.980,0.917,0.202
2014/10/01 16:15:26,1.84,38.01315,-122.27123,93.176,65.335,0.0,-59,3.514,0.500,0.163
2014/10/01 16:15:31,1.84,38.01211,-122.27220,101.706,64.032,0.0,-59,2.923,0.625,0.213
2014/10/01 16:15:36,1.84,38.01108,-122.27316,102.690,64.235,0.0,-59,2.439,1.250,0.226
2014/10/01 16:15:41,1.84,38.01002,-122.27414,96.457,66.268,0.0,-59,3.798,1.083,0.239
2014/10/01 16:15:46,1.84,38.00894,-122.27514,92.192,66.060,0.0,-59,3.430,0.750,0.181
2014/10/01 16:15:51,1.84,38.00787,-122.27614,99.409,66.060,0.0,-55,3.817,0.000,0.209
2014/10/01 16:15:56,1.84,38.00680,-122.27713,111.220,65.696,0.0,-55,3.135,0.458,0.310
2014/10/01 16:16:01,1.84,38.00576,-122.27810,123.360,63.691,0.0,-55,3.298,0.625,0.238
2014/10/01 16:16:06,1.84,38.00473,-122.27905,134.514,62.693,0.0,-55,3.230,0.625,0.169
2014/10/01 16:16:11,1.84,38.00373,-122.27999,146.325,61.230,0.0,-55,2.279,0.375,0.422
2014/10/01 16:16:16,1.84,38.00273,-122.28091,151.247,62.474,0.0,-55,1.606,0.000,0.198
2014/10/01 16:16:21,1.84,38.00171,-122.28186,144.357,63.198,0.0,-77,1.542,0.375,0.181
2014/10/01 16:16:26,1.84,38.00066,-122.28284,130.577,66.487,0.0,-77,2.503,0.375,0.178
2014/10/01 16:16:31,1.84,37.99956,-122.28385,115.486,68.390,0.0,-77,3.260,0.625,0.166
2014/10/01 16:16:36,1.84,37.99845,-122.28488,101.706,68.024,0.0,-77,2.821,0.917,0.178
2014/10/01 16:16:41,1.85,37.99742,-122.28592,85.958,63.849,0.0,-77,2.980,0.625,0.233
2014/10/01 16:16:46,1.85,37.99652,-122.28713,75.459,66.860,0.0,-77,2.853,0.500,0.158
2014/10/01 16:16:51,1.85,37.99575,-122.28861,79.724,70.451,0.0,-51,3.606,0.000,0.331
2014/10/01 16:16:56,2.03,37.99519,-122.29024,94.816,69.698,0.0,-51,1.112,0.750,0.802
2014/10/01 16:17:01,1.99,37.99486,-122.29186,109.908,63.617,0.0,-51,0.587,0.083,0.513
2014/10/01 16:17:06,1.99,37.99464,-122.29345,123.360,64.411,0.0,-51,1.516,1.125,0.226
2014/10/01 16:17:11,1.99,37.99442,-122.29505,137.795,63.729,0.0,-51,3.283,1.458,0.209
2014/10/01 16:17:16,1.85,37.99420,-122.29662,151.575,62.032,0.0,-51,3.734,1.250,0.219
2014/10/01 16:17:21,1.85,37.99399,-122.29815,163.714,60.777,0.0,-51,3.307,0.833,0.198
2014/10/01 16:17:26,1.99,37.99378,-122.29968,174.869,61.630,0.0,-55,3.196,0.750,0.230
2014/10/01 16:17:31,1.99,37.99356,-122.30124,182.743,63.161,0.0,-55,3.590,0.708,0.199
2014/10/01 16:17:36,1.99,37.99331,-122.30286,189.633,64.870,0.0,-55,3.519,0.750,0.220
2014/10/01 16:17:41,1.85,37.99305,-122.30448,197.835,65.458,0.0,-55,2.302,0.500,0.161
2014/10/01 16:17:46,1.92,37.99267,-122.30607,206.037,65.834,0.0,-55,2.750,0.000,0.282
2014/10/01 16:17:51,1.85,37.99215,-122.30760,213.583,65.573,0.0,-55,2.599,0.500,0.230
2014/10/01 16:17:56,1.85,37.99151,-122.30904,222.769,64.964,0.0,-85,2.214,0.500,0.152
2014/10/01 16:18:01,1.88,37.99076,-122.31040,231.955,65.413,0.0,-85,2.317,0.667,0.243
2014/10/01 16:18:06,1.85,37.98995,-122.31169,240.486,64.783,0.0,-85,1.349,0.375,0.338
2014/10/01 16:18:11,1.85,37.98903,-122.31284,246.391,64.923,0.0,-85,1.943,0.250,1.650
2014/10/01 16:18:16,1.85,37.98800,-122.31389,253.281,66.480,0.0,-85,1.003,0.000,0.406
2014/10/01 16:18:21,1.98,37.98687,-122.31480,256.562,66.288,0.0,-85,1.260,0.375,0.594
2014/10/01 16:18:26,1.85,37.98568,-122.31553,258.858,65.497,0.0,-81,1.593,0.250,0.174
2014/10/01 16:18:31,1.85,37.98444,-122.31604,261.483,64.254,0.0,-81,3.055,0.375,0.000
2014/10/01 16:18:36,1.85,37.98317,-122.31638,261.483,64.319,0.0,-81,2.667,0.500,0.000
2014/10/01 16:18:41,1.87,37.98189,-122.31666,264.108,64.032,0.0,-81,2.346,0.000,0.000
2014/10/01 16:18:46,1.85,37.98066,-122.31702,264.108,62.212,0.0,-81,1.006,0.375,0.445
2014/10/01 16:18:51,1.85,37.97945,-122.31742,268.045,62.417,0.0,-81,2.228,0.500,0.670
2014/10/01 16:18:56,1.85,37.97823,-122.31783,267.717,63.840,0.0,-77,3.087,0.917,0.189
2014/10/01 16:19:01,2.08,37.97696,-122.31826,259.186,65.771,0.0,-77,0.570,0.125,0.210
2014/10/01 16:19:06,1.85,37.97569,-122.31870,242.782,66.059,0.0,-77,0.211,0.250,0.158
2014/10/01 16:19:11,1.92,37.97441,-122.31913,225.722,65.891,0.0,-77,0.815,1.458,0.218
2014/10/01 16:19:16,1.85,37.97313,-122.31956,208.990,66.101,0.0,-77,1.874,1.750,0.350
2014/10/01 16:19:21,1.92,37.97184,-122.32000,191.273,66.782,0.0,-77,2.404,0.000,0.270
2014/10/01 16:19:26,1.92,37.97054,-122.32043,174.869,66.797,0.0,-77,1.926,1.000,0.190
2014/10/01 16:19:31,2.02,37.96924,-122.32087,157.480,67.116,0.0,-83,3.116,0.417,0.231
2014/10/01 16:19:36,1.89,37.96794,-122.32134,140.092,66.034,0.0,-83,3.673,0.750,0.191
2014/10/01 16:19:41,1.85,37.96680,-122.32209,123.360,62.970,0.0,-83,3.529,0.958,0.208
2014/10/01 16:19:46,1.85,37.96587,-122.32317,109.252,64.162,0.0,-83,3.462,0.750,0.198
2014/10/01 16:19:51,1.85,37.96512,-122.32451,97.441,64.966,0.0,-83,3.365,0.708,0.202
2014/10/01 16:19:56,1.85,37.96438,-122.32589,86.614,67.021,0.0,-83,3.471,1.250,0.177
2014/10/01 16:20:01,1.85,37.96363,-122.32731,84.318,67.018,0.0,-55,1.939,0.000,0.334
2014/10/01 16:20:06,1.85,37.96279,-122.32863,93.176,67.066,0.0,-55,2.275,0.792,0.238
2014/10/01 16:20:11,1.85,37.96179,-122.32964,109.252,61.217,0.0,-55,2.651,1.208,0.290
2014/10/01 16:20:16,1.85,37.96073,-122.33031,124.672,57.970,0.0,-55,3.052,1.708,0.383
2014/10/01 16:20:21,1.89,37.95960,-122.33069,133.858,58.783,0.0,-55,1.118,1.083,0.545
2014/10/01 16:20:26,1.92,37.95838,-122.33077,134.843,62.631,0.0,-55,0.683,0.250,0.000
2014/10/01 16:20:31,1.89,37.95712,-122.33051,132.874,63.875,0.0,-79,1.772,0.500,0.000
2014/10/01 16:20:36,2.18,37.95591,-122.32993,133.530,64.562,0.0,-79,1.875,0.917,0.721
2014/10/01 16:20:41,1.98,37.95475,-122.32925,134.514,63.445,0.0,-79,1.064,0.292,1.348
2014/10/01 16:20:46,1.98,37.95359,-122.32858,133.530,63.121,0.0,-79,2.140,0.458,0.322
2014/10/01 16:20:51,1.98,37.95240,-122.32795,131.234,63.891,0.0,-79,1.904,0.875,0.536
2014/10/01 16:20:56,1.91,37.95118,-122.32736,124.344,65.506,0.0,-79,1.513,0.000,0.337
2014/10/01 16:21:01,1.91,37.94996,-122.32676,116.470,65.042,0.0,-77,1.638,0.417,0.000
2014/10/01 16:21:06,1.91,37.94875,-122.32619,108.596,63.874,0.0,-77,2.003,0.500,0.000
2014/10/01 16:21:11,1.91,37.94754,-122.32561,101.378,63.882,0.0,-77,1.173,0.542,0.000
2014/10/01 16:21:16,1.91,37.94634,-122.32504,93.832,63.454,0.0,-77,0.856,0.250,0.378
2014/10/01 16:21:21,1.91,37.94514,-122.32446,86.942,63.569,0.0,-77,1.933,0.375,0.318
2014/10/01 16:21:26,1.97,37.94395,-122.32397,79.068,62.292,0.0,-77,1.929,0.375,0.288
2014/10/01 16:21:31,2.07,37.94272,-122.32385,80.709,63.846,0.0,-77,2.131,0.000,0.618
2014/10/01 16:21:36,1.85,37.94144,-122.32414,84.974,65.071,0.0,-79,0.850,0.250,0.810
2014/10/01 16:21:41,1.84,37.94023,-122.32474,90.551,64.243,0.0,-79,2.093,0.250,0.181
2014/10/01 16:21:46,1.84,37.93906,-122.32534,95.472,62.584,0.0,-79,2.321,0.625,0.477
2014/10/01 16:21:51,1.84,37.93791,-122.32592,99.738,60.701,0.0,-79,2.602,0.625,0.565
2014/10/01 16:21:56,1.84,37.93676,-122.32650,101.050,61.656,0.0,-79,2.381,0.458,0.365
2014/10/01 16:22:01,1.84,37.93557,-122.32692,95.472,61.722,0.0,-79,2.452,0.792,0.177
2014/10/01 16:22:06,1.96,37.93434,-122.32689,88.255,61.080,0.0,-61,3.151,0.833,0.158
2014/10/01 16:22:11,1.91,37.93318,-122.32642,87.927,60.290,0.0,-61,2.340,0.625,0.442
2014/10/01 16:22:16,1.91,37.93209,-122.32567,93.176,61.934,0.0,-61,2.083,0.000,0.710
2014/10/01 16:22:21,1.87,37.93102,-122.32492,93.176,61.010,0.0,-61,1.544,0.500,0.831
2014/10/01 16:22:26,1.91,37.92991,-122.32417,83.005,62.583,0.0,-61,1.609,0.500,0.527
2014/10/01 16:22:31,1.91,37.92879,-122.32340,72.835,64.621,0.0,-61,0.000,0.958,0.582
2014/10/01 16:22:36,2.06,37.92763,-122.32261,69.554,66.157,0.0,-55,1.317,0.500,0.810
2014/10/01 16:22:41,1.97,37.92648,-122.32181,73.491,64.658,0.0,-55,1.016,1.083,0.641
2014/10/01 16:22:46,2.21,37.92533,-122.32100,76.115,65.027,0.0,-55,2.264,1.083,3.258
2014/10/01 16:22:51,1.91,37.92418,-122.32015,67.585,67.290,0.0,-55,0.604,0.500,1.602
2014/10/01 16:22:56,1.84,37.92302,-122.31928,60.367,66.182,0.0,-55,0.094,0.958,0.811
2014/10/01 16:23:01,1.84,37.92188,-122.31846,62.992,63.676,0.0,-55,0.480,0.000,0.798
2014/10/01 16:23:06,1.91,37.92073,-122.31789,67.913,60.751,0.0,-53,0.978,1.208,0.677
2014/10/01 16:23:11,2.05,37.91950,-122.31758,63.320,64.464,0.0,-53,0.451,0.625,0.970
2014/10/01 16:23:16,1.84,37.91819,-122.31752,56.102,65.756,0.0,-53,0.396,0.958,1.314
2014/10/01 16:23:21,1.84,37.91687,-122.31752,51.509,64.779,0.0,-53,0.240,0.750,0.418
2014/10/01 16:23:26,1.91,37.91562,-122.31752,48.556,61.291,0.0,-53,0.434,0.917,0.970
2014/10/01 16:23:31,1.84,37.91437,-122.31752,44.619,62.170,0.0,-53,0.472,0.958,0.791
2014/10/01 16:23:36,1.91,37.91311,-122.31751,41.010,63.572,0.0,-53,0.696,1.292,1.323
2014/10/01 16:23:41,1.97,37.91182,-122.31750,37.073,64.769,0.0,-79,0.889,1.000,0.000
2014/10/01 16:23:46,1.97,37.91055,-122.31726,31.496,64.562,0.0,-79,0.168,0.000,6.609
2014/10/01 16:23:51,1.91,37.90934,-122.31665,19.685,64.816,0.0,-79,0.119,0.000,0.000
2014/10/01 16:23:56,1.91,37.90817,-122.31587,6.562,66.702,0.0,-79,0.024,0.000,0.000
2014/10/01 16:24:01,1.97,37.90697,-122.31505,1.312,68.199,0.0,-79,0.098,0.000,0.000
2014/10/01 16:24:06,1.97,37.90579,-122.31424,11.155,65.405,0.0,-79,0.059,0.000,5.919
2014/10/01 16:24:11,1.91,37.90467,-122.31348,20.013,62.164,0.0,-93,0.150,0.000,0.595
2014/10/01 16:24:16,1.91,37.90356,-122.31271,20.669,64.314,0.0,-93,0.240,0.000,0.706
2014/10/01 16:24:21,1.91,37.90243,-122.31193,21.982,63.712,0.0,-93,0.600,0.042,1.391
2014/10/01 16:24:26,1.91,37.90133,-122.31119,19.685,60.883,0.0,-93,0.856,0.458,0.310
2014/10/01 16:24:31,1.91,37.90021,-122.31047,8.530,63.472,0.0,-93,1.526,1.167,0.290
2014/10/01 16:24:36,1.91,37.89903,-122.30982,-3.937,64.829,0.0,-93,1.284,1.125,0.585
2014/10/01 16:24:41,1.91,37.89778,-122.30929,-4.593,67.792,0.0,-69,1.172,0.750,1.193
2014/10/01 16:24:46,1.91,37.89650,-122.30877,7.874,64.780,0.0,-69,0.853,0.000,0.941
2014/10/01 16:24:51,1.91,37.89527,-122.30826,20.997,63.008,0.0,-69,1.537,0.375,0.409
2014/10/01 16:24:56,1.96,37.89408,-122.30779,31.496,62.167,0.0,-69,1.989,0.750,0.466
2014/10/01 16:25:01,1.9,37.89285,-122.30753,35.761,62.169,0.0,-69,2.400,0.708,0.278
2014/10/01 16:25:06,1.9,37.89159,-122.30769,36.417,63.452,0.0,-69,1.340,0.625,0.818
2014/10/01 16:25:11,1.9,37.89037,-122.30823,37.073,64.990,0.0,-71,1.040,0.250,0.322
2014/10/01 16:25:16,1.9,37.88914,-122.30884,28.543,65.415,0.0,-71,1.186,0.792,0.562
2014/10/01 16:25:21,1.9,37.88792,-122.30921,23.294,60.878,0.0,-71,1.688,1.083,0.538
2014/10/01 16:25:26,1.96,37.88670,-122.30925,16.732,60.506,0.0,-71,0.329,0.500,1.310
2014/10/01 16:25:31,1.9,37.88547,-122.30902,-0.656,63.719,0.0,-71,0.897,0.958,0.813
2014/10/01 16:25:36,1.9,37.88419,-122.30875,-4.593,64.189,0.0,-71,1.511,1.250,0.666
2014/10/01 16:25:41,1.96,37.88294,-122.30846,-3.281,61.948,0.0,-71,0.463,0.458,1.598
2014/10/01 16:25:46,1.96,37.88175,-122.30820,-1.312,59.486,0.0,-65,0.929,1.000,1.001
2014/10/01 16:25:51,1.96,37.88034,-122.30788,1.969,59.278,0.0,-65,1.561,1.208,0.707
2014/10/01 16:25:56,1.96,37.87918,-122.30763,10.499,57.533,0.0,-65,0.000,0.000,0.000
2014/10/01 16:26:01,1.96,37.87807,-122.30735,16.732,56.266,0.0,-65,1.156,0.583,0.595
2014/10/01 16:26:06,1.9,37.87693,-122.30702,12.139,59.026,0.0,-65,0.682,0.917,0.769
2014/10/01 16:26:11,1.96,37.87576,-122.30667,-1.640,60.160,0.0,-65,1.249,1.208,0.798
2014/10/01 16:26:16,1.96,37.87459,-122.30631,-2.297,59.954,0.0,-67,1.480,0.875,0.842
2014/10/01 16:26:21,1.96,37.87343,-122.30595,-2.297,60.034,0.0,-67,1.905,0.958,0.910
2014/10/01 16:26:26,1.96,37.87225,-122.30559,-1.969,60.222,0.0,-67,2.246,1.208,0.317
2014/10/01 16:26:31,1.96,37.87107,-122.30522,-1.312,60.824,0.0,-67,1.940,0.500,1.010
2014/10/01 16:26:36,1.96,37.86988,-122.30485,-0.656,61.098,0.0,-67,0.973,0.625,0.382
2014/10/01 16:26:41,1.96,37.86868,-122.30447,0.328,62.442,0.0,-67,0.998,1.125,0.698
2014/10/01 16:26:46,1.95,37.86745,-122.30408,0.000,63.714,0.0,-67,1.610,0.583,1.541
2014/10/01 16:26:51,1.95,37.86621,-122.30368,-2.953,65.268,0.0,-67,0.470,0.875,0.950
2014/10/01 16:26:56,1.95,37.86492,-122.30331,1.312,66.102,0.0,-67,0.804,0.875,0.798
2014/10/01 16:27:01,1.95,37.86364,-122.30295,0.984,60.985,0.0,-67,1.433,0.000,0.729
2014/10/01 16:27:06,1.95,37.86251,-122.30263,0.656,56.442,0.0,-67,0.000,0.875,0.000
2014/10/01 16:27:11,1.95,37.86143,-122.30233,0.984,53.545,0.0,-67,0.000,0.875,0.000
2014/10/01 16:27:16,1.95,37.86045,-122.30206,1.312,45.980,0.0,-77,0.000,0.958,0.662
2014/10/01 16:27:21,1.95,37.85965,-122.30184,0.984,37.868,0.0,-77,0.000,0.625,1.713
2014/10/01 16:27:27,1.95,37.85898,-122.30165,0.656,28.219,0.0,-77,0.000,0.625,1.685
2014/10/01 16:27:32,1.95,37.85868,-122.30157,0.328,5.160,0.0,-77,0.000,0.958,0.825
2014/10/01 16:27:37,1.95,37.85856,-122.30153,0.656,12.607,0.0,-77,0.000,1.000,0.000
2014/10/01 16:27:42,1.95,37.85823,-122.30145,0.656,18.332,0.0,-77,0.000,0.375,3.368
2014/10/01 16:27:47,1.95,37.85784,-122.30133,0.984,21.859,0.0,-77,0.000,0.583,1.902
2014/10/01 16:27:52,1.95,37.85733,-122.30119,0.656,28.749,0.0,-85,0.000,0.250,5.462
2014/10/01 16:27:57,1.95,37.85672,-122.30102,0.656,32.820,0.0,-85,0.000,0.000,1.770
2014/10/01 16:28:02,1.95,37.85604,-122.30083,0.656,35.720,0.0,-85,0.006,0.375,1.469
2014/10/01 16:28:07,1.95,37.85536,-122.30065,0.656,32.571,0.0,-85,1.269,0.750,1.378
2014/10/01 16:28:12,1.95,37.85480,-122.30049,0.328,26.680,0.0,-85,0.849,0.500,1.236
2014/10/01 16:28:17,1.95,37.85425,-122.30034,0.656,29.064,0.0,-85,0.974,0.000,0.000
2014/10/01 16:28:22,1.95,37.85371,-122.30019,0.656,26.916,0.0,-83,0.154,0.625,0.534
2014/10/01 16:28:27,1.95,37.85321,-122.30005,0.656,24.435,0.0,-83,0.368,0.417,1.448
2014/10/01 16:28:32,1.95,37.85282,-122.29994,0.656,10.439,0.0,-83,0.149,0.625,2.143
2014/10/01 16:28:37,1.95,37.85272,-122.29991,0.656,0.994,0.0,-83,0.063,0.000,0.000
2014/10/01 16:28:42,1.94,37.85267,-122.29989,0.328,7.954,0.0,-83,0.118,0.375,1.334
2014/10/01 16:28:47,1.94,37.85238,-122.29981,0.328,19.059,0.0,-83,0.000,0.000,0.000
2014/10/01 16:28:52,1.94,37.85192,-122.29970,0.000,25.682,0.0,-89,0.066,0.458,3.074
2014/10/01 16:28:57,1.94,37.85137,-122.29956,0.000,29.946,0.0,-89,0.000,0.292,0.000
2014/10/01 16:29:02,1.94,37.85078,-122.29942,-0.656,26.986,0.0,-89,0.003,1.250,0.000
2014/10/01 16:29:07,1.94,37.85049,-122.29935,-0.984,2.338,0.0,-89,1.371,1.042,1.436
2014/10/01 16:29:12,1.94,37.85049,-122.29935,-1.312,0.826,0.0,-89,0.006,0.000,0.610
2014/10/01 16:29:17,1.94,37.85039,-122.29933,-1.312,9.912,0.0,-89,1.997,1.083,0.710
2014/10/01 16:29:22,1.94,37.85013,-122.29926,-1.312,13.869,0.0,-79,1.333,0.667,1.498
2014/10/01 16:29:27,2.09,37.84978,-122.29918,-1.969,20.777,0.0,-79,0.356,0.000,0.000
2014/10/01 16:29:32,1.94,37.84936,-122.29908,-2.297,21.152,0.0,-79,0.000,0.000,7.110
2014/10/01 16:29:37,1.94,37.84900,-122.29900,-3.937,13.662,0.0,-79,0.000,0.000,2.357
2014/10/01 16:29:42,1.94,37.84871,-122.29892,-0.984,16.934,0.0,-79,0.000,0.000,1.242
2014/10/01 16:29:47,1.94,37.84829,-122.29882,0.000,24.051,0.0,-79,0.000,0.042,0.610
2014/10/01 16:29:52,1.94,37.84790,-122.29873,0.000,9.306,0.0,-79,0.006,0.458,0.781
2014/10/01 16:29:57,1.94,37.84785,-122.29872,0.000,0.078,0.0,-81,0.231,0.542,0.517
2014/10/01 16:30:02,1.94,37.84783,-122.29871,0.328,4.521,0.0,-81,0.784,1.083,0.861
2014/10/01 16:30:07,1.94,37.84761,-122.29867,0.000,15.821,0.0,-81,1.562,1.167,0.650
2014/10/01 16:30:12,2.07,37.84722,-122.29857,0.000,22.939,0.0,-81,0.813,0.542,0.867
2014/10/01 16:30:17,1.94,37.84676,-122.29847,-1.312,24.765,0.0,-81,0.473,0.875,0.870
2014/10/01 16:30:22,1.93,37.84623,-122.29834,-1.640,27.048,0.0,-81,1.014,1.167,0.617
2014/10/01 16:30:27,1.93,37.84562,-122.29821,-1.640,33.590,0.0,-69,0.694,0.667,1.430
2014/10/01 16:30:32,1.93,37.84498,-122.29807,-1.640,29.519,0.0,-69,0.891,0.875,0.957
2014/10/01 16:30:37,1.93,37.84448,-122.29797,-1.640,22.218,0.0,-69,1.615,1.250,0.642
2014/10/01 16:30:42,1.93,37.84405,-122.29788,-1.312,20.803,0.0,-69,1.549,1.042,1.246
2014/10/01 16:30:47,1.93,37.84382,-122.29783,-0.984,5.005,0.0,-69,1.721,0.917,0.995
2014/10/01 16:30:52,1.93,37.84381,-122.29783,-0.984,0.024,0.0,-69,2.439,1.125,0.844
2014/10/01 16:30:57,1.93,37.84380,-122.29783,-0.984,0.025,0.0,-63,0.969,0.000,1.182
2014/10/01 16:31:02,1.93,37.84374,-122.29782,-0.984,6.780,0.0,-63,0.813,1.042,0.930
2014/10/01 16:31:07,1.93,37.84360,-122.29779,-0.656,6.237,0.0,-63,1.116,1.000,0.770
2014/10/01 16:31:12,1.93,37.84351,-122.29777,-0.656,6.502,0.0,-63,0.000,1.167,0.678
2014/10/01 16:31:17,1.93,37.84331,-122.29773,-0.984,13.144,0.0,-63,1.108,0.625,2.161
2014/10/01 16:31:22,1.93,37.84298,-122.29766,-0.656,20.125,0.0,-63,0.624,0.917,0.770
2014/10/01 16:31:27,1.93,37.84254,-122.29757,-0.656,22.941,0.0,-61,1.066,1.125,0.603
2014/10/01 16:31:32,1.93,37.84207,-122.29746,-0.656,24.327,0.0,-61,1.042,0.917,1.229
2014/10/01 16:31:37,1.93,37.84157,-122.29736,0.000,27.072,0.0,-61,0.633,0.875,0.758
2014/10/01 16:31:42,1.93,37.84105,-122.29728,-0.984,23.923,0.0,-61,1.046,1.167,0.770
2014/10/01 16:31:47,1.93,37.84068,-122.29722,-1.640,16.518,0.0,-61,0.633,0.875,1.269
2014/10/01 16:31:52,1.92,37.84031,-122.29716,0.000,21.380,0.0,-61,0.986,0.917,0.922
2014/10/01 16:31:57,1.92,37.83981,-122.29707,3.609,27.552,0.0,-61,0.654,1.167,0.706
2014/10/01 16:32:02,1.92,37.83925,-122.29695,8.858,27.386,0.0,-63,1.135,0.958,0.000
2014/10/01 16:32:07,1.92,37.83873,-122.29684,13.780,24.494,0.0,-63,0.254,0.000,0.866
2014/10/01 16:32:12,1.92,37.83838,-122.29678,17.717,9.395,0.0,-63,0.292,0.875,1.070
2014/10/01 16:32:17,1.92,37.83824,-122.29675,19.357,8.200,0.0,-63,0.153,0.542,2.082
2014/10/01 16:32:22,1.92,37.83806,-122.29672,20.341,9.379,0.0,-63,0.401,0.667,1.662
2014/10/01 16:32:27,1.92,37.83783,-122.29666,20.341,13.665,0.0,-63,0.614,0.958,0.838
2014/10/01 16:32:32,1.92,37.83756,-122.29657,19.685,12.845,0.0,-73,0.333,0.000,1.330
2014/10/01 16:32:37,1.92,37.83732,-122.29650,18.373,12.586,0.0,-73,0.070,0.750,3.256
2014/10/01 16:32:42,1.92,37.83701,-122.29637,15.420,18.382,0.0,-73,0.000,0.000,0.000
2014/10/01 16:32:47,1.92,37.83660,-122.29619,10.499,24.463,0.0,-73,0.000,0.292,0.000
2014/10/01 16:32:52,2.34,37.83607,-122.29595,6.890,30.346,0.0,-73,0.000,0.792,1.322
2014/10/01 16:32:57,1.92,37.83549,-122.29568,3.609,28.818,0.0,-73,0.000,0.875,0.000
2014/10/01 16:33:02,1.92,37.83497,-122.29544,2.297,26.372,0.0,-69,0.000,1.042,2.383
2014/10/01 16:33:07,1.92,37.83447,-122.29521,1.312,27.153,0.0,-69,0.000,1.208,2.650
2014/10/01 16:33:12,1.92,37.83397,-122.29498,0.000,25.522,0.0,-69,0.000,1.250,3.346
2014/10/01 16:33:17,1.91,37.83349,-122.29475,-1.312,23.618,0.0,-69,0.006,1.250,1.802
2014/10/01 16:33:22,1.91,37.83301,-122.29451,-1.312,27.152,0.0,-69,0.461,0.000,0.000
2014/10/01 16:33:27,1.91,37.83252,-122.29428,-1.312,25.261,0.0,-69,1.872,0.417,5.758
2014/10/01 16:33:32,1.91,37.83202,-122.29410,-1.312,26.489,0.0,-71,2.022,1.333,0.387
2014/10/01 16:33:37,2.4,37.83146,-122.29394,-1.312,30.664,0.0,-71,1.010,0.000,0.562
2014/10/01 16:33:42,1.91,37.83079,-122.29383,0.000,36.508,0.0,-71,0.128,1.250,0.738
2014/10/01 16:33:47,1.91,37.83003,-122.29386,3.609,38.957,0.0,-71,0.256,0.458,4.219
2014/10/01 16:33:52,1.91,37.82924,-122.29389,14.108,39.315,0.0,-71,0.632,0.000,0.889
2014/10/01 16:33:57,1.91,37.82851,-122.29359,15.420,39.497,0.0,-71,1.872,0.833,0.522
2014/10/01 16:34:02,1.91,37.82785,-122.29289,25.262,45.509,0.0,-71,1.004,0.833,0.254
2014/10/01 16:34:07,2.36,37.82730,-122.29190,38.058,48.747,0.0,-61,0.954,0.833,0.845
2014/10/01 16:34:12,1.91,37.82676,-122.29080,41.667,52.133,0.0,-61,1.074,1.292,1.062
2014/10/01 16:34:17,1.91,37.82643,-122.28953,39.370,52.299,0.0,-61,0.818,1.292,2.378
2014/10/01 16:34:22,1.91,37.82637,-122.28820,35.433,52.313,0.0,-61,0.613,0.000,5.090
2014/10/01 16:34:27,1.91,37.82655,-122.28691,23.622,52.041,0.0,-61,1.240,1.042,3.283
2014/10/01 16:34:32,1.91,37.82682,-122.28548,21.325,62.978,0.0,-61,1.286,1.375,0.000
2014/10/01 16:34:37,1.9,37.82711,-122.28392,26.247,62.210,0.0,-63,1.092,0.000,3.857
2014/10/01 16:34:42,1.9,37.82731,-122.28246,30.840,48.136,0.0,-63,0.000,0.500,2.529
2014/10/01 16:34:47,1.9,37.82728,-122.28160,34.449,26.461,0.0,-63,0.000,1.375,1.413
2014/10/01 16:34:52,1.85,37.82722,-122.28111,35.433,16.236,0.0,-63,0.000,0.917,4.102
2014/10/01 16:34:57,1.85,37.82713,-122.28068,37.073,21.510,0.0,-63,0.000,0.000,2.798
2014/10/01 16:35:02,1.85,37.82699,-122.28006,39.042,27.706,0.0,-63,0.000,1.417,0.000
2014/10/01 16:35:07,1.85,37.82685,-122.27943,45.932,22.677,0.0,-51,0.000,0.000,3.129
2014/10/01 16:35:12,1.85,37.82671,-122.27889,50.853,22.064,0.0,-51,0.000,1.583,3.030
2014/10/01 16:35:17,1.85,37.82657,-122.27830,48.885,21.897,0.0,-51,0.000,1.042,3.042
2014/10/01 16:35:22,1.85,37.82647,-122.27789,49.869,14.460,0.0,-51,0.000,1.625,0.000
2014/10/01 16:35:27,1.85,37.82638,-122.27751,52.493,19.014,0.0,-51,0.000,0.500,5.878
2014/10/01 16:35:32,1.85,37.82627,-122.27704,52.822,19.721,0.0,-51,0.000,1.083,2.450
2014/10/01 16:35:37,1.85,37.82616,-122.27655,53.806,21.851,0.0,-69,0.003,0.000,0.000
2014/10/01 16:35:42,1.85,37.82599,-122.27591,56.759,31.621,0.0,-69,0.285,0.000,8.383
2014/10/01 16:35:47,1.84,37.82574,-122.27499,60.039,42.313,0.0,-69,0.253,0.000,0.000
2014/10/01 16:35:52,1.84,37.82547,-122.27397,63.648,41.014,0.0,-69,0.000,0.000,0.000
2014/10/01 16:35:57,1.84,37.82520,-122.27295,66.929,44.232,0.0,-69,0.000,0.000,0.000
2014/10/01 16:36:02,1.84,37.82490,-122.27183,70.866,48.314,0.0,-69,0.000,0.000,0.000
2014/10/01 16:36:07,1.89,37.82458,-122.27066,82.349,48.510,0.0,-69,0.000,0.000,0.000
2014/10/01 16:36:12,1.84,37.82400,-122.26970,103.346,50.316,0.0,-65,0.000,0.000,0.000
2014/10/01 16:36:17,1.84,37.82302,-122.26931,111.549,53.637,0.0,-65,0.000,0.000,0.000
2014/10/01 16:36:22,1.89,37.82190,-122.26952,95.472,56.353,0.0,-65,0.000,0.000,8.617
2014/10/01 16:36:27,1.84,37.82089,-122.26975,71.194,48.595,0.0,-65,0.000,0.000,4.707
2014/10/01 16:36:33,1.93,37.81985,-122.26999,54.134,56.310,0.0,-65,0.003,0.000,0.225
2014/10/01 16:36:38,1.89,37.81872,-122.27026,49.541,58.650,0.0,-65,0.362,0.042,1.075
2014/10/01 16:36:43,1.84,37.81755,-122.27053,47.900,58.749,0.0,-81,0.546,0.333,0.551
2014/10/01 16:36:48,1.84,37.81638,-122.27089,46.588,60.206,0.0,-81,0.549,0.750,1.377
2014/10/01 16:36:53,1.84,37.81521,-122.27134,44.291,61.611,0.0,-81,0.000,0.500,1.750
2014/10/01 16:36:58,1.84,37.81410,-122.27204,43.307,62.078,0.0,-81,0.205,0.542,1.347
2014/10/01 16:37:03,1.84,37.81305,-122.27304,43.307,68.840,0.0,-81,0.510,0.000,1.390
2014/10/01 16:37:08,1.93,37.81206,-122.27414,36.089,63.766,0.0,-81,0.714,0.917,2.378
2014/10/01 16:37:13,1.83,37.81107,-122.27519,22.310,64.574,0.0,-51,1.163,1.292,0.000
2014/10/01 16:37:18,2.09,37.80995,-122.27605,4.921,66.674,0.0,-51,0.000,0.958,5.950
2014/10/01 16:37:23,1.93,37.80877,-122.27687,-3.937,66.458,0.0,-51,0.000,1.500,3.282
2014/10/01 16:37:28,1.93,37.80762,-122.27766,1.640,65.722,0.0,-51,0.000,0.000,3.998
2014/10/01 16:37:33,1.83,37.80645,-122.27841,1.312,64.445,0.0,-51,0.000,1.042,0.000
2014/10/01 16:37:38,1.83,37.80530,-122.27911,0.984,63.054,0.0,-51,0.000,0.000,6.290
2014/10/01 16:37:43,1.83,37.80413,-122.27974,20.997,61.770,0.0,-79,0.000,0.000,0.000
2014/10/01 16:37:48,1.92,37.80303,-122.28029,42.323,57.140,0.0,-79,0.000,0.000,0.000
2014/10/01 16:37:53,1.88,37.80193,-122.28033,56.102,55.355,0.0,-79,0.000,0.000,0.000
2014/10/01 16:37:58,1.83,37.80086,-122.27992,64.304,57.001,0.0,-79,0.000,0.000,0.000
2014/10/01 16:38:03,1.88,37.79997,-122.27906,67.257,57.448,0.0,-79,0.000,0.000,0.000
2014/10/01 16:38:08,1.83,37.79934,-122.27785,57.743,57.161,0.0,-79,0.000,0.000,0.000
2014/10/01 16:38:13,1.88,37.79882,-122.27653,44.948,57.882,0.0,-79,0.000,0.000,0.000
2014/10/01 16:38:18,1.83,37.79832,-122.27530,43.963,53.059,0.0,-51,0.000,0.000,0.000
2014/10/01 16:38:23,1.82,37.79784,-122.27420,44.619,45.680,0.0,-51,0.000,0.000,0.000
2014/10/01 16:38:28,2.44,37.79740,-122.27320,44.291,45.435,0.0,-51,0.000,0.000,0.000
2014/10/01 16:38:33,1.82,37.79700,-122.27216,41.995,45.054,0.0,-51,0.000,0.000,0.000
2014/10/01 16:38:38,1.82,37.79667,-122.27119,40.026,39.555,0.0,-51,0.000,0.000,0.000
2014/10/01 16:38:43,1.82,37.79636,-122.27030,25.919,36.121,0.0,-51,0.000,0.000,8.724
2014/10/01 16:38:48,2.2,37.79612,-122.26967,18.045,19.131,0.0,-67,0.337,0.000,1.209
2014/10/01 16:38:53,2.2,37.79603,-122.26947,18.373,1.818,0.0,-67,0.763,0.042,0.761
2014/10/01 16:38:58,1.82,37.79603,-122.26946,17.060,0.033,0.0,-67,0.984,0.833,0.910
2014/10/01 16:39:03,2.2,37.79603,-122.26946,17.060,0.042,0.0,-67,1.986,1.000,0.758
2014/10/01 16:39:08,2.2,37.79603,-122.26945,14.764,0.025,0.0,-67,2.350,1.208,1.033
2014/10/01 16:39:13,1.86,37.79598,-122.26937,26.247,9.416,0.0,-67,1.997,0.625,2.511
2014/10/01 16:39:18,2.01,37.79583,-122.26902,35.761,20.550,0.0,-71,0.756,0.375,0.000
2014/10/01 16:39:23,2.01,37.79561,-122.26850,29.199,23.217,0.0,-71,0.240,0.000,2.637
2014/10/01 16:39:28,2.24,37.79540,-122.26795,27.887,24.454,0.0,-71,0.270,0.208,5.923
2014/10/01 16:39:33,1.82,37.79521,-122.26748,20.341,15.440,0.0,-71,0.349,0.000,0.000
2014/10/01 16:39:38,1.81,37.79513,-122.26730,19.029,0.552,0.0,-71,0.500,0.333,3.770
2014/10/01 16:39:43,1.81,37.79510,-122.26721,21.982,9.653,0.0,-71,0.391,0.292,5.997
2014/10/01 16:39:48,1.81,37.79498,-122.26694,41.010,12.940,0.0,-77,0.298,0.000,0.000
2014/10/01 16:39:53,2.37,37.79505,-122.26669,28.215,8.657,0.0,-77,0.305,0.250,5.806
2014/10/01 16:39:58,1.81,37.79511,-122.26666,32.808,1.567,0.0,-77,0.478,0.250,0.000
2014/10/01 16:40:03,1.86,37.79512,-122.26665,34.449,0.242,0.0,-77,0.660,0.000,4.342
2014/10/01 16:40:08,1.86,37.79523,-122.26655,13.123,10.154,0.0,-77,0.391,0.458,2.038
2014/10/01 16:40:13,1.81,37.79542,-122.26642,29.528,9.174,0.0,-77,0.516,0.000,1.230
2014/10/01 16:40:18,1.81,37.79556,-122.26650,36.089,11.815,0.0,-77,1.407,0.250,0.298
2014/10/01 16:40:23,2.25,37.79570,-122.26683,39.698,17.381,0.0,-73,3.023,0.625,0.156
2014/10/01 16:40:28,1.81,37.79585,-122.26720,43.307,14.003,0.0,-73,2.843,1.667,0.376
2014/10/01 16:40:33,1.81,37.79592,-122.26736,30.512,0.014,0.0,-73,2.910,1.792,0.210
2014/10/01 16:40:38,1.81,37.79592,-122.26736,24.606,0.047,0.0,-73,2.173,0.792,0.311
2014/10/01 16:40:43,1.81,37.79592,-122.26737,20.997,0.083,0.0,-73,2.653,0.000,0.289
2014/10/01 16:40:48,1.8,37.79594,-122.26739,14.764,2.427,0.0,-73,0.971,0.750,0.000
2014/10/01 16:40:53,1.8,37.79592,-122.26749,16.404,5.624,0.0,-71,0.349,0.000,6.445
2014/10/01 16:40:58,1.85,37.79586,-122.26746,17.060,1.079,0.0,-71,0.444,0.250,2.150
2014/10/01 16:41:03,1.85,37.79587,-122.26747,14.764,0.209,0.0,-71,0.262,0.000,4.223
2014/10/01 16:41:08,2.2,37.79589,-122.26748,17.717,0.052,0.0,-71,0.000,0.292,0.000
2014/10/01 16:41:13,1.8,37.79589,-122.26747,23.294,2.343,0.0,-71,0.367,0.125,4.394
2014/10/01 16:41:18,1.8,37.79583,-122.26732,23.950,9.628,0.0,-71,0.610,0.250,5.926
2014/10/01 16:41:23,1.85,37.79573,-122.26708,31.496,10.666,0.0,-73,0.000,0.000,1.038
2014/10/01 16:41:28,2.0,37.79561,-122.26682,34.449,9.550,0.0,-73,0.000,0.750,1.543
