Date-Time,DOP,Latitude,Longitude,Altitude (ft),Speed (mph),Heading (deg),mod1 Down (Mbs),mod1 Up (Mbs),mod1 Ping (Sec)
2014/10/02 12:40:56,0.0,0.00000,0.00000,0.000,0.000,0.0,0,0.000,0.000,
2014/10/02 12:41:01,1.93,38.54400,-121.74075,34.777,0.104,0.0,0,0.000,0.000,0.229
2014/10/02 12:41:06,1.93,38.54398,-121.74073,8.202,0.150,0.0,0,0.098,0.125,0.209
2014/10/02 12:41:11,1.92,38.54400,-121.74071,-4.593,0.074,0.0,0,3.248,1.083,0.164
2014/10/02 12:41:16,1.92,38.54402,-121.74070,-15.092,0.097,0.0,-59,3.327,1.083,0.196
2014/10/02 12:41:21,1.92,38.54403,-121.74071,-18.045,0.012,0.0,-59,3.413,1.167,0.159
2014/10/02 12:41:26,1.92,38.54403,-121.74071,-23.294,0.048,0.0,-59,2.917,1.375,0.248
2014/10/02 12:41:31,1.92,38.54403,-121.74072,-22.310,0.045,0.0,-59,3.134,0.958,0.207
2014/10/02 12:41:36,6.15,38.54403,-121.74074,12.795,0.323,0.0,-59,3.176,0.708,0.156
2014/10/02 12:41:41,6.15,38.54404,-121.74074,42.979,0.053,0.0,-59,3.190,0.667,0.201
2014/10/02 12:41:46,6.15,38.54405,-121.74073,64.304,0.081,0.0,-61,3.214,1.292,0.211
2014/10/02 12:41:51,6.15,38.54406,-121.74072,77.100,0.110,0.0,-61,3.212,0.000,0.211
2014/10/02 12:41:56,6.15,38.54407,-121.74071,86.614,0.052,0.0,-61,3.487,0.875,0.334
2014/10/02 12:42:01,6.15,38.54407,-121.74071,94.816,0.111,0.0,-61,3.337,1.083,0.147
2014/10/02 12:42:06,6.15,38.54408,-121.74072,105.315,1.086,0.0,-61,3.417,0.667,0.215
2014/10/02 12:42:11,6.14,38.54408,-121.74073,97.441,0.854,0.0,-61,3.163,0.708,0.161
2014/10/02 12:42:16,6.14,38.54409,-121.74075,89.239,0.961,0.0,-55,2.837,0.833,0.656
2014/10/02 12:42:21,6.14,38.54408,-121.74076,84.646,0.207,0.0,-55,2.602,0.750,0.208
2014/10/02 12:42:26,6.14,38.54406,-121.74066,79.724,7.136,0.0,-55,3.481,0.583,0.184
2014/10/02 12:42:31,6.14,38.54412,-121.74046,156.824,7.937,0.0,-55,3.019,0.958,0.407
2014/10/02 12:42:36,6.14,38.54416,-121.74036,249.672,2.074,0.0,-55,3.016,1.042,0.192
2014/10/02 12:42:41,1.92,38.54409,-121.74033,226.050,0.749,0.0,-55,3.006,0.583,0.169
2014/10/02 12:42:46,6.13,38.54415,-121.74032,217.848,0.192,0.0,-55,3.635,0.708,0.157
2014/10/02 12:42:51,6.13,38.54416,-121.74030,208.990,0.488,0.0,-63,3.327,1.167,0.196
2014/10/02 12:42:56,6.13,38.54417,-121.74024,182.743,6.046,0.0,-63,3.519,0.000,0.229
2014/10/02 12:43:01,6.13,38.54433,-121.74022,201.444,9.335,0.0,-63,2.898,1.083,0.329
2014/10/02 12:43:06,6.13,38.54446,-121.74018,216.864,5.201,0.0,-63,3.176,1.167,0.195
2014/10/02 12:43:11,6.12,38.54449,-121.74016,186.352,0.417,0.0,-63,3.497,0.958,0.305
2014/10/02 12:43:16,6.12,38.54448,-121.74016,163.714,0.222,0.0,-63,3.497,0.917,0.149
2014/10/02 12:43:21,6.12,38.54448,-121.74017,141.404,0.245,0.0,-59,3.490,0.583,0.157
2014/10/02 12:43:26,6.11,38.54455,-121.74024,100.394,7.222,0.0,-59,3.195,0.583,0.530
2014/10/02 12:43:31,6.11,38.54459,-121.74054,92.848,10.810,0.0,-59,2.910,0.583,0.156
2014/10/02 12:43:36,1.91,38.54459,-121.74067,108.924,2.641,0.0,-59,2.894,0.583,0.229
2014/10/02 12:43:41,6.11,38.54460,-121.74071,109.580,0.113,0.0,-59,2.275,0.458,0.206
2014/10/02 12:43:46,6.1,38.54461,-121.74077,104.659,3.328,0.0,-59,3.266,1.083,0.346
2014/10/02 12:43:51,6.1,38.54462,-121.74083,102.690,0.035,0.0,-61,3.144,0.542,0.164
2014/10/02 12:43:56,6.09,38.54463,-121.74085,100.066,0.487,0.0,-61,3.291,1.167,0.210
2014/10/02 12:44:01,6.09,38.54462,-121.74093,98.425,3.580,0.0,-61,2.702,0.875,0.348
2014/10/02 12:44:06,6.09,38.54462,-121.74099,97.113,2.875,0.0,-61,2.294,0.000,0.262
2014/10/02 12:44:11,6.08,38.54461,-121.74104,95.144,1.305,0.0,-61,2.699,0.458,0.148
2014/10/02 12:44:16,6.08,38.54461,-121.74107,92.848,1.545,0.0,-61,3.250,0.708,0.169
2014/10/02 12:44:21,6.07,38.54459,-121.74116,91.535,4.079,0.0,-65,2.862,0.833,0.264
2014/10/02 12:44:26,6.07,38.54458,-121.74126,91.535,4.079,0.0,-65,3.269,0.833,0.293
2014/10/02 12:44:31,6.06,38.54457,-121.74130,86.614,1.006,0.0,-65,3.286,0.583,0.213
2014/10/02 12:44:36,6.06,38.54456,-121.74131,84.318,3.532,0.0,-65,3.497,0.958,0.221
2014/10/02 12:44:41,6.06,38.54440,-121.74140,76.772,12.586,0.0,-65,3.500,1.042,0.269
2014/10/02 12:44:46,6.05,38.54416,-121.74135,74.803,11.730,0.0,-65,3.029,0.792,0.180
2014/10/02 12:44:51,6.05,38.54406,-121.74131,77.428,2.521,0.0,-65,3.481,1.042,0.232
2014/10/02 12:44:56,6.04,38.54401,-121.74129,81.037,7.452,0.0,-61,3.497,0.000,0.226
2014/10/02 12:45:01,4.15,38.54374,-121.74123,81.693,15.242,0.0,-61,3.240,1.042,0.201
2014/10/02 12:45:06,4.15,38.54351,-121.74118,89.895,4.701,0.0,-61,3.171,0.833,0.193
2014/10/02 12:45:11,4.15,38.54349,-121.74118,96.785,0.067,0.0,-61,3.486,0.708,0.222
2014/10/02 12:45:16,6.45,38.54347,-121.74118,112.861,4.030,0.0,-61,3.023,0.625,0.260
2014/10/02 12:45:21,10.03,38.54340,-121.74116,116.798,0.956,0.0,-61,3.167,1.167,0.318
2014/10/02 12:45:26,4.15,38.54322,-121.74110,113.845,14.101,0.0,-51,2.887,0.917,0.272
2014/10/02 12:45:31,4.15,38.54297,-121.74103,117.782,11.003,0.0,-51,3.187,0.792,0.178
2014/10/02 12:45:36,4.15,38.54274,-121.74095,124.344,12.029,0.0,-51,3.506,0.917,0.185
2014/10/02 12:45:41,4.15,38.54260,-121.74091,122.703,1.094,0.0,-51,3.365,0.833,0.153
2014/10/02 12:45:46,4.15,38.54260,-121.74091,113.845,0.024,0.0,-51,2.910,0.792,0.164
2014/10/02 12:45:51,4.15,38.54259,-121.74091,112.205,0.016,0.0,-51,2.651,0.958,0.672
2014/10/02 12:45:56,4.15,38.54260,-121.74092,125.000,0.360,0.0,-51,2.634,0.000,0.574
2014/10/02 12:46:01,4.15,38.54261,-121.74092,128.937,0.048,0.0,-51,2.622,1.333,0.733
2014/10/02 12:46:06,2.79,38.54261,-121.74092,117.126,0.022,0.0,-51,2.804,1.083,0.761
2014/10/02 12:46:11,2.79,38.54261,-121.74093,113.189,0.006,0.0,-51,2.901,1.125,0.222
2014/10/02 12:46:16,2.79,38.54261,-121.74093,115.814,0.024,0.0,-51,3.699,1.458,0.187
2014/10/02 12:46:21,2.79,38.54261,-121.74092,120.407,0.007,0.0,-51,3.410,1.125,0.261
2014/10/02 12:46:26,2.78,38.54261,-121.74092,123.031,0.016,0.0,-51,3.413,1.375,0.217
2014/10/02 12:46:31,2.78,38.54261,-121.74091,126.640,0.022,0.0,-51,3.837,1.625,0.227
2014/10/02 12:46:36,2.78,38.54261,-121.74091,128.281,0.859,0.0,-51,3.830,1.208,0.298
2014/10/02 12:46:41,2.78,38.54239,-121.74085,129.921,19.616,0.0,-51,3.240,0.625,0.299
2014/10/02 12:46:46,2.88,38.54200,-121.74073,125.328,19.576,0.0,-51,2.514,0.500,0.230
2014/10/02 12:46:51,3.05,38.54173,-121.74035,95.472,20.240,0.0,-51,3.346,0.750,0.210
2014/10/02 12:46:57,3.05,38.54151,-121.73993,71.194,18.073,0.0,-51,3.846,0.875,0.218
2014/10/02 12:47:02,2.78,38.54135,-121.73969,66.929,14.156,0.0,-51,3.721,0.708,0.245
2014/10/02 12:47:07,3.05,38.54121,-121.73954,65.617,3.702,0.0,-51,3.756,1.000,0.175
2014/10/02 12:47:12,2.78,38.54117,-121.73946,61.680,0.049,0.0,-51,3.837,1.208,0.193
2014/10/02 12:47:17,2.78,38.54118,-121.73942,55.774,0.017,0.0,-51,3.840,1.375,0.200
2014/10/02 12:47:22,4.15,38.54118,-121.73940,53.806,0.039,0.0,-51,3.484,1.708,0.185
2014/10/02 12:47:27,3.04,38.54117,-121.73936,50.525,6.434,0.0,-51,3.670,1.333,0.202
2014/10/02 12:47:32,2.77,38.54099,-121.73911,67.585,14.169,0.0,-51,3.760,1.125,0.277
2014/10/02 12:47:37,2.77,38.54080,-121.73880,77.100,19.995,0.0,-51,3.657,1.083,0.213
2014/10/02 12:47:42,3.01,38.54057,-121.73826,72.178,21.427,0.0,-51,3.747,0.875,0.158
2014/10/02 12:47:47,2.77,38.54043,-121.73790,71.522,11.762,0.0,-51,3.833,0.000,0.227
2014/10/02 12:47:52,2.77,38.54025,-121.73752,71.522,23.174,0.0,-51,3.167,1.000,0.370
2014/10/02 12:47:57,2.77,38.53967,-121.73742,69.554,35.048,0.0,-51,1.694,0.500,1.402
2014/10/02 12:48:02,2.77,38.53893,-121.73761,68.241,39.415,0.0,-69,2.052,0.500,0.390
2014/10/02 12:48:07,2.77,38.53822,-121.73822,74.147,46.654,0.0,-69,2.671,1.000,0.250
2014/10/02 12:48:12,2.76,38.53744,-121.73910,73.491,55.806,0.0,-69,3.125,0.750,0.162
2014/10/02 12:48:17,2.76,38.53656,-121.74015,73.819,64.119,0.0,-69,1.929,0.458,0.426
2014/10/02 12:48:22,2.76,38.53555,-121.74133,69.554,70.428,0.0,-69,1.490,0.000,0.201
2014/10/02 12:48:27,2.76,38.53450,-121.74258,68.241,72.526,0.0,-69,0.742,0.417,0.689
2014/10/02 12:48:32,2.76,38.53354,-121.74384,72.178,65.483,0.0,-73,1.123,0.375,0.352
2014/10/02 12:48:37,2.76,38.53270,-121.74510,79.396,65.060,0.0,-73,1.276,1.000,0.382
2014/10/02 12:48:42,3.01,38.53193,-121.74651,86.942,69.578,0.0,-73,2.324,1.708,0.230
2014/10/02 12:48:47,3.01,38.53123,-121.74810,88.255,72.421,0.0,-73,2.279,1.208,0.256
2014/10/02 12:48:52,4.83,38.53065,-121.74984,83.990,75.132,0.0,-73,1.981,0.667,0.458
2014/10/02 12:48:57,3.01,38.53018,-121.75170,81.365,76.885,0.0,-73,1.022,0.000,0.879
2014/10/02 12:49:02,3.01,38.52983,-121.75361,81.037,76.864,0.0,-73,0.510,0.000,0.000
2014/10/02 12:49:07,3.0,38.52940,-121.75548,78.084,75.032,0.0,-77,0.071,0.000,0.000
2014/10/02 12:49:12,3.0,38.52887,-121.75726,75.787,74.277,0.0,-77,0.673,0.000,8.070
2014/10/02 12:49:17,3.0,38.52822,-121.75899,70.210,76.593,0.0,-77,0.231,0.000,2.717
2014/10/02 12:49:22,3.0,38.52745,-121.76071,59.383,78.472,0.0,-77,0.437,0.000,0.529
2014/10/02 12:49:27,3.0,38.52653,-121.76239,54.462,80.786,0.0,-77,1.121,0.000,0.177
2014/10/02 12:49:32,3.0,38.52549,-121.76401,53.478,82.870,0.0,-77,0.000,0.000,0.809
2014/10/02 12:49:37,2.99,38.52434,-121.76558,54.790,85.017,0.0,-85,0.295,0.042,1.641
2014/10/02 12:49:42,2.99,38.52307,-121.76697,66.601,81.256,0.0,-85,0.240,0.083,2.522
2014/10/02 12:49:47,2.99,38.52189,-121.76825,69.882,73.792,0.0,-85,1.160,0.542,0.372
2014/10/02 12:49:52,2.99,38.52073,-121.76940,59.711,72.457,0.0,-85,1.510,0.458,0.346
2014/10/02 12:49:57,2.99,38.51963,-121.77058,46.260,72.253,0.0,-85,1.875,0.583,0.430
2014/10/02 12:50:02,2.98,38.51849,-121.77180,45.604,75.779,0.0,-85,1.567,0.250,0.481
2014/10/02 12:50:07,2.98,38.51735,-121.77304,43.635,73.121,0.0,-69,2.058,0.000,0.217
2014/10/02 12:50:12,2.98,38.51629,-121.77419,43.963,66.227,0.0,-69,2.462,0.375,0.210
2014/10/02 12:50:17,2.98,38.51527,-121.77528,41.995,67.238,0.0,-69,1.602,0.250,0.882
2014/10/02 12:50:22,2.97,38.51424,-121.77640,42.323,67.528,0.0,-69,0.840,0.167,0.622
2014/10/02 12:50:27,2.97,38.51318,-121.77753,44.291,70.235,0.0,-69,0.917,0.208,1.289
2014/10/02 12:50:32,2.97,38.51210,-121.77870,43.963,69.141,0.0,-69,0.628,0.292,1.309
2014/10/02 12:50:37,2.25,38.51105,-121.77983,46.588,68.329,0.0,-85,1.830,0.792,0.233
2014/10/02 12:50:42,2.25,38.50998,-121.78098,49.541,71.042,0.0,-85,2.856,0.625,0.214
2014/10/02 12:50:47,2.25,38.50887,-121.78217,40.026,73.925,0.0,-85,3.279,0.792,0.189
2014/10/02 12:50:52,2.25,38.50771,-121.78342,44.619,76.005,0.0,-85,3.587,1.125,0.286
2014/10/02 12:50:57,2.25,38.50655,-121.78466,44.948,74.484,0.0,-85,2.962,1.667,0.612
2014/10/02 12:51:02,2.25,38.50544,-121.78585,44.291,71.047,0.0,-85,2.833,0.000,0.242
2014/10/02 12:51:07,2.25,38.50436,-121.78701,44.948,69.110,0.0,-85,2.849,1.417,0.337
2014/10/02 12:51:12,2.25,38.50328,-121.78816,46.916,71.150,0.0,-69,2.904,1.208,0.169
2014/10/02 12:51:17,2.25,38.50218,-121.78934,48.556,72.242,0.0,-69,3.846,1.167,0.169
2014/10/02 12:51:22,2.25,38.50108,-121.79052,50.525,70.950,0.0,-69,3.580,1.000,0.178
2014/10/02 12:51:27,2.25,38.49998,-121.79170,53.150,72.665,0.0,-69,3.490,1.375,0.298
2014/10/02 12:51:32,2.25,38.49884,-121.79292,55.118,74.252,0.0,-69,3.510,1.583,0.171
2014/10/02 12:51:37,2.25,38.49770,-121.79413,54.790,73.040,0.0,-69,3.571,1.000,0.386
2014/10/02 12:51:42,2.25,38.49658,-121.79531,52.493,71.169,0.0,-73,3.522,1.625,0.245
2014/10/02 12:51:47,2.25,38.49548,-121.79647,50.853,72.180,0.0,-73,3.144,1.583,0.548
2014/10/02 12:51:52,2.25,38.49438,-121.79766,50.853,71.010,0.0,-73,3.067,1.583,0.293
2014/10/02 12:51:57,2.25,38.49333,-121.79880,50.525,66.904,0.0,-73,2.894,1.583,0.200
2014/10/02 12:52:02,2.25,38.49230,-121.79990,52.165,67.520,0.0,-73,3.539,0.000,0.322
2014/10/02 12:52:07,2.25,38.49125,-121.80102,51.837,68.632,0.0,-73,3.263,1.417,0.177
2014/10/02 12:52:12,2.25,38.49022,-121.80219,52.822,68.518,0.0,-79,3.663,0.792,0.199
2014/10/02 12:52:17,2.29,38.48923,-121.80342,54.134,68.175,0.0,-79,2.830,1.167,0.572
2014/10/02 12:52:22,2.29,38.48832,-121.80461,52.822,62.675,0.0,-79,2.913,1.708,0.946
2014/10/02 12:52:27,2.25,38.48743,-121.80575,49.869,64.536,0.0,-79,2.544,1.375,0.191
2014/10/02 12:52:32,2.25,38.48650,-121.80693,50.525,64.114,0.0,-79,3.379,1.083,0.194
2014/10/02 12:52:37,2.25,38.48558,-121.80810,47.244,65.491,0.0,-79,3.093,1.042,0.538
2014/10/02 12:52:42,2.25,38.48462,-121.80931,45.932,67.201,0.0,-73,2.717,1.583,0.362
2014/10/02 12:52:47,2.29,38.48366,-121.81053,42.979,67.495,0.0,-73,2.927,1.083,0.178
2014/10/02 12:52:52,2.25,38.48269,-121.81175,41.995,68.769,0.0,-73,2.936,0.625,0.165
2014/10/02 12:52:57,2.25,38.48170,-121.81302,50.197,69.180,0.0,-73,3.016,0.000,0.201
2014/10/02 12:53:02,2.29,38.48053,-121.81450,52.165,68.510,0.0,-73,1.015,0.417,0.562
2014/10/02 12:53:07,2.25,38.47959,-121.81568,57.415,64.300,0.0,-73,1.741,1.292,1.390
2014/10/02 12:53:12,2.29,38.47864,-121.81689,60.696,67.921,0.0,-85,1.025,1.417,0.958
2014/10/02 12:53:17,2.25,38.47765,-121.81816,61.024,67.357,0.0,-85,1.187,0.500,0.000
2014/10/02 12:53:22,2.25,38.47664,-121.81943,52.165,70.848,0.0,-85,1.144,0.000,0.000
2014/10/02 12:53:27,2.37,38.47561,-121.82073,58.399,72.810,0.0,-85,1.116,0.542,1.055
2014/10/02 12:53:32,2.25,38.47461,-121.82201,55.774,69.458,0.0,-85,1.497,0.417,0.454
2014/10/02 12:53:37,2.25,38.47363,-121.82326,48.885,68.651,0.0,-85,1.439,0.208,0.807
2014/10/02 12:53:42,2.25,38.47269,-121.82447,52.165,63.069,0.0,-85,2.071,0.000,0.322
2014/10/02 12:53:47,2.25,38.47188,-121.82550,48.885,55.614,0.0,-85,0.894,0.875,2.186
2014/10/02 12:53:52,2.25,38.47111,-121.82649,49.213,54.734,0.0,-85,1.590,0.417,0.154
2014/10/02 12:53:57,2.25,38.47034,-121.82748,49.541,53.403,0.0,-85,2.186,0.000,0.226
2014/10/02 12:54:02,2.25,38.46954,-121.82845,48.228,56.175,0.0,-85,2.484,0.667,0.162
2014/10/02 12:54:07,2.25,38.46871,-121.82949,47.572,59.031,0.0,-85,2.497,0.625,0.243
2014/10/02 12:54:12,2.25,38.46787,-121.83057,49.213,59.623,0.0,-85,0.875,0.000,1.142
2014/10/02 12:54:17,2.25,38.46700,-121.83168,49.213,62.920,0.0,-95,0.302,0.000,1.869
2014/10/02 12:54:22,2.29,38.46611,-121.83285,50.525,64.091,0.0,-95,0.987,0.208,0.770
2014/10/02 12:54:27,2.29,38.46521,-121.83403,57.743,64.842,0.0,-95,0.766,0.000,1.058
2014/10/02 12:54:32,2.25,38.46422,-121.83529,58.399,70.197,0.0,-95,0.275,0.250,2.101
2014/10/02 12:54:37,2.25,38.46320,-121.83659,59.711,72.676,0.0,-95,1.371,0.000,0.324
2014/10/02 12:54:42,2.25,38.46218,-121.83792,59.383,71.645,0.0,-95,0.401,0.000,3.270
2014/10/02 12:54:47,2.29,38.46115,-121.83924,61.024,73.667,0.0,-103,0.163,0.417,1.974
2014/10/02 12:54:52,2.25,38.46011,-121.84057,58.399,73.305,0.0,-103,0.879,0.000,1.666
2014/10/02 12:54:57,2.25,38.45908,-121.84187,55.118,71.349,0.0,-103,0.282,0.000,4.001
2014/10/02 12:55:02,2.29,38.45805,-121.84318,53.478,73.517,0.0,-103,0.000,0.000,1.314
2014/10/02 12:55:07,2.25,38.45701,-121.84451,52.493,73.527,0.0,-103,0.000,0.000,0.156
2014/10/02 12:55:12,2.29,38.45597,-121.84585,55.118,73.542,0.0,-103,0.003,0.042,0.195
2014/10/02 12:55:17,2.32,38.45492,-121.84719,59.711,74.888,0.0,-93,0.474,0.667,0.673
2014/10/02 12:55:22,2.25,38.45385,-121.84858,68.898,76.008,0.0,-93,0.288,0.750,0.950
2014/10/02 12:55:27,2.29,38.45277,-121.84997,76.772,76.777,0.0,-93,0.175,0.458,3.397
2014/10/02 12:55:32,2.39,38.45169,-121.85135,77.756,76.741,0.0,-93,0.460,0.000,1.725
2014/10/02 12:55:37,2.29,38.45059,-121.85276,70.866,76.260,0.0,-93,0.366,0.750,0.555
2014/10/02 12:55:42,2.25,38.44953,-121.85413,66.601,74.318,0.0,-93,0.098,0.000,3.251
2014/10/02 12:55:47,2.29,38.44847,-121.85548,65.617,74.724,0.0,-93,0.092,0.250,3.162
2014/10/02 12:55:52,2.25,38.44745,-121.85681,65.617,71.526,0.0,-89,0.396,0.125,1.559
2014/10/02 12:55:57,2.25,38.44645,-121.85809,65.945,70.449,0.0,-89,0.174,0.667,0.347
2014/10/02 12:56:02,2.25,38.44545,-121.85938,61.024,71.095,0.0,-89,0.705,1.000,0.530
2014/10/02 12:56:07,2.25,38.44442,-121.86069,58.399,72.952,0.0,-89,0.903,1.792,1.377
2014/10/02 12:56:12,2.25,38.44339,-121.86204,60.039,73.786,0.0,-89,0.766,0.000,3.650
2014/10/02 12:56:17,2.25,38.44235,-121.86337,60.367,71.584,0.0,-89,1.035,1.333,1.779
2014/10/02 12:56:22,2.25,38.44137,-121.86464,60.039,69.857,0.0,-75,1.167,1.375,0.000
2014/10/02 12:56:27,2.25,38.44036,-121.86594,58.727,72.948,0.0,-75,1.484,1.333,2.601
2014/10/02 12:56:32,2.25,38.43932,-121.86728,57.743,73.748,0.0,-75,0.877,0.917,3.066
2014/10/02 12:56:37,2.25,38.43831,-121.86860,57.743,70.802,0.0,-75,0.792,0.000,2.674
2014/10/02 12:56:42,2.25,38.43732,-121.86991,58.399,70.796,0.0,-75,0.637,1.375,3.617
2014/10/02 12:56:47,2.25,38.43634,-121.87120,56.102,69.711,0.0,-75,0.724,0.875,0.000
2014/10/02 12:56:52,2.25,38.43536,-121.87249,52.822,70.275,0.0,-75,0.000,0.958,1.462
2014/10/02 12:56:57,2.25,38.43436,-121.87380,53.478,71.505,0.0,-75,1.009,1.417,0.000
2014/10/02 12:57:02,2.25,38.43336,-121.87513,51.181,72.305,0.0,-75,0.800,0.958,3.569
2014/10/02 12:57:07,2.25,38.43235,-121.87646,51.837,71.604,0.0,-75,0.815,0.000,1.938
2014/10/02 12:57:12,2.25,38.43134,-121.87778,52.165,72.381,0.0,-75,1.606,1.458,2.010
2014/10/02 12:57:17,2.25,38.43032,-121.87912,52.165,73.451,0.0,-75,1.587,0.917,2.974
2014/10/02 12:57:22,2.25,38.42929,-121.88049,53.150,74.879,0.0,-67,1.219,1.458,1.777
2014/10/02 12:57:27,2.25,38.42823,-121.88187,54.134,75.150,0.0,-67,0.814,0.000,2.430
2014/10/02 12:57:32,2.25,38.42720,-121.88323,54.134,72.789,0.0,-67,0.597,1.417,2.733
2014/10/02 12:57:37,2.24,38.42619,-121.88456,55.118,72.952,0.0,-67,1.161,0.958,2.054
2014/10/02 12:57:42,2.24,38.42517,-121.88589,55.774,70.905,0.0,-67,0.914,1.417,2.438
2014/10/02 12:57:47,2.24,38.42420,-121.88718,56.102,69.635,0.0,-67,0.744,0.958,0.000
2014/10/02 12:57:52,2.24,38.42321,-121.88847,56.759,70.954,0.0,-67,0.714,1.417,1.330
2014/10/02 12:57:57,2.24,38.42220,-121.88980,57.415,72.909,0.0,-77,1.083,0.000,0.000
2014/10/02 12:58:02,2.24,38.42118,-121.89114,58.399,72.606,0.0,-77,1.041,1.458,3.650
2014/10/02 12:58:07,2.24,38.42018,-121.89245,58.727,71.098,0.0,-77,1.468,0.958,3.270
2014/10/02 12:58:12,2.24,38.41918,-121.89377,58.071,73.218,0.0,-77,1.455,1.417,1.958
2014/10/02 12:58:17,2.24,38.41813,-121.89514,58.071,75.390,0.0,-77,0.917,0.958,4.130
2014/10/02 12:58:22,2.24,38.41708,-121.89653,58.071,76.111,0.0,-77,0.946,0.000,1.930
2014/10/02 12:58:27,2.24,38.41602,-121.89792,59.711,75.738,0.0,-83,0.872,0.958,1.942
2014/10/02 12:58:32,2.24,38.41498,-121.89931,69.554,75.154,0.0,-83,1.001,1.417,0.000
2014/10/02 12:58:37,2.24,38.41392,-121.90070,71.194,75.938,0.0,-83,0.916,0.958,4.218
2014/10/02 12:58:42,2.24,38.41286,-121.90210,73.491,76.556,0.0,-83,1.527,0.958,2.987
2014/10/02 12:58:47,2.24,38.41178,-121.90351,74.475,76.694,0.0,-83,1.073,1.417,1.389
2014/10/02 12:58:52,2.24,38.41072,-121.90491,79.068,75.453,0.0,-83,1.360,0.958,3.458
2014/10/02 12:58:57,2.24,38.40966,-121.90629,81.037,75.668,0.0,-77,1.913,1.000,2.530
2014/10/02 12:59:02,2.24,38.40859,-121.90771,78.740,78.645,0.0,-77,0.693,0.000,0.000
2014/10/02 12:59:07,2.24,38.40747,-121.90918,78.740,79.803,0.0,-77,0.837,1.417,3.122
2014/10/02 12:59:12,2.24,38.40637,-121.91063,80.052,78.629,0.0,-77,0.792,0.958,2.989
2014/10/02 12:59:17,2.24,38.40526,-121.91208,81.693,79.916,0.0,-77,0.841,1.500,2.990
2014/10/02 12:59:22,2.24,38.40412,-121.91358,83.333,82.313,0.0,-77,1.220,0.000,2.258
2014/10/02 12:59:27,2.24,38.40301,-121.91511,83.990,79.217,0.0,-77,0.877,1.542,0.000
2014/10/02 12:59:32,2.24,38.40191,-121.91651,83.333,76.685,0.0,-77,0.667,0.542,4.649
2014/10/02 12:59:37,2.24,38.40082,-121.91791,81.693,76.985,0.0,-77,0.416,0.000,2.110
2014/10/02 12:59:42,2.24,38.39973,-121.91931,81.365,77.082,0.0,-77,0.458,1.292,2.242
2014/10/02 12:59:47,2.24,38.39865,-121.92070,81.037,75.749,0.0,-77,0.935,1.000,1.217
2014/10/02 12:59:52,2.24,38.39760,-121.92205,79.396,72.625,0.0,-77,1.091,1.042,1.781
2014/10/02 12:59:57,2.23,38.39658,-121.92334,79.724,70.396,0.0,-77,1.122,1.500,0.000
2014/10/02 13:00:02,2.23,38.39561,-121.92459,80.381,66.605,0.0,-53,1.169,0.000,3.506
2014/10/02 13:00:07,2.23,38.39467,-121.92580,81.693,67.104,0.0,-53,1.695,1.042,2.814
2014/10/02 13:00:12,2.23,38.39370,-121.92703,83.005,68.177,0.0,-53,1.642,1.000,1.674
2014/10/02 13:00:17,2.23,38.39274,-121.92826,83.661,67.205,0.0,-53,0.820,1.542,2.337
2014/10/02 13:00:22,2.23,38.39180,-121.92947,84.318,67.051,0.0,-53,0.487,1.000,2.854
2014/10/02 13:00:27,2.23,38.39084,-121.93070,84.318,67.982,0.0,-53,0.841,1.542,3.036
2014/10/02 13:00:32,2.23,38.38988,-121.93194,83.333,68.660,0.0,-51,0.824,1.042,3.391
2014/10/02 13:00:37,2.17,38.38889,-121.93320,82.677,70.519,0.0,-51,1.172,0.000,0.000
2014/10/02 13:00:42,2.17,38.38790,-121.93448,82.677,70.464,0.0,-51,2.186,1.042,2.948
2014/10/02 13:00:47,2.17,38.38690,-121.93577,82.021,70.706,0.0,-51,1.620,1.542,1.498
2014/10/02 13:00:52,2.17,38.38590,-121.93706,82.349,70.985,0.0,-51,0.760,1.083,2.303
2014/10/02 13:00:57,2.17,38.38489,-121.93838,84.318,72.407,0.0,-51,1.129,0.000,1.930
2014/10/02 13:01:02,2.17,38.38392,-121.93979,84.646,74.112,0.0,-63,1.002,1.542,2.488
2014/10/02 13:01:07,2.17,38.38295,-121.94120,86.286,72.602,0.0,-63,0.707,1.042,3.146
2014/10/02 13:01:12,2.17,38.38203,-121.94253,85.302,66.672,0.0,-63,0.843,1.042,3.695
2014/10/02 13:01:17,2.17,38.38111,-121.94380,87.270,68.470,0.0,-63,1.030,0.000,1.796
2014/10/02 13:01:22,2.17,38.38013,-121.94508,87.927,71.291,0.0,-63,1.082,1.583,3.246
2014/10/02 13:01:27,2.17,38.37911,-121.94640,88.583,73.046,0.0,-63,1.325,1.042,0.000
2014/10/02 13:01:32,2.17,38.37808,-121.94772,89.239,72.556,0.0,-65,0.767,1.042,2.414
2014/10/02 13:01:37,2.17,38.37706,-121.94905,90.551,73.266,0.0,-65,0.492,0.000,2.489
2014/10/02 13:01:42,2.17,38.37602,-121.95039,93.176,73.576,0.0,-65,0.487,1.042,4.498
2014/10/02 13:01:47,2.17,38.37497,-121.95171,94.816,73.404,0.0,-65,0.301,0.542,2.590
2014/10/02 13:01:52,2.16,38.37392,-121.95301,95.144,72.878,0.0,-65,0.812,1.042,3.101
2014/10/02 13:01:57,2.16,38.37288,-121.95426,96.129,70.231,0.0,-65,1.458,0.000,1.579
2014/10/02 13:02:02,2.16,38.37183,-121.95541,94.816,67.744,0.0,-65,0.441,1.542,1.649
2014/10/02 13:02:07,2.16,38.37080,-121.95657,97.113,69.397,0.0,-59,0.425,1.042,1.650
2014/10/02 13:02:12,2.16,38.36980,-121.95782,101.378,69.140,0.0,-59,0.853,0.000,2.030
2014/10/02 13:02:17,2.16,38.36882,-121.95909,102.034,69.284,0.0,-59,0.966,1.583,0.000
2014/10/02 13:02:22,2.16,38.36786,-121.96036,107.283,69.724,0.0,-59,1.084,1.042,3.666
2014/10/02 13:02:27,2.16,38.36686,-121.96166,112.861,70.992,0.0,-59,1.494,1.042,2.835
2014/10/02 13:02:32,2.16,38.36588,-121.96295,116.470,69.957,0.0,-59,0.954,0.000,3.350
2014/10/02 13:02:37,2.16,38.36491,-121.96422,121.391,68.346,0.0,-65,1.048,1.042,3.009
2014/10/02 13:02:42,2.16,38.36403,-121.96554,125.328,67.223,0.0,-65,0.973,1.042,2.678
2014/10/02 13:02:47,2.16,38.36320,-121.96689,122.703,66.947,0.0,-65,0.957,1.042,2.354
2014/10/02 13:02:52,2.16,38.36238,-121.96823,120.407,66.313,0.0,-65,1.015,1.042,0.000
2014/10/02 13:02:57,2.26,38.36157,-121.96956,123.360,64.907,0.0,-65,0.987,1.042,2.938
2014/10/02 13:03:02,2.16,38.36074,-121.97089,128.281,66.700,0.0,-65,0.798,0.000,3.218
2014/10/02 13:03:07,2.26,38.35994,-121.97226,137.795,67.310,0.0,-77,0.451,1.042,4.681
2014/10/02 13:03:12,2.21,38.35910,-121.97361,145.669,67.524,0.0,-77,0.970,0.000,0.000
2014/10/02 13:03:17,2.16,38.35809,-121.97482,130.577,68.413,0.0,-77,0.772,1.083,2.830
2014/10/02 13:03:22,2.16,38.35703,-121.97597,137.139,69.647,0.0,-77,0.840,0.000,4.789
2014/10/02 13:03:27,2.21,38.35596,-121.97711,152.231,69.282,0.0,-77,1.401,0.000,2.536
2014/10/02 13:03:32,2.15,38.35492,-121.97823,166.995,67.431,0.0,-77,0.000,0.000,1.024
2014/10/02 13:03:37,2.3,38.35391,-121.97938,173.885,66.726,0.0,-65,0.867,0.000,1.375
2014/10/02 13:03:42,2.15,38.35307,-121.98066,166.010,65.905,0.0,-65,1.163,0.125,0.238
2014/10/02 13:03:47,2.15,38.35239,-121.98212,169.291,66.832,0.0,-65,1.418,1.208,0.614
2014/10/02 13:03:52,2.15,38.35180,-121.98363,180.118,65.534,0.0,-65,1.141,0.625,3.185
2014/10/02 13:03:57,2.15,38.35123,-121.98511,185.039,65.656,0.0,-65,0.565,0.000,1.803
2014/10/02 13:04:02,2.15,38.35063,-121.98663,178.806,67.165,0.0,-65,0.322,0.750,0.775
2014/10/02 13:04:07,2.15,38.35002,-121.98818,159.777,68.111,0.0,-65,0.459,1.125,2.548
2014/10/02 13:04:12,2.15,38.34940,-121.98977,147.638,70.201,0.0,-67,0.241,0.500,2.658
2014/10/02 13:04:17,2.15,38.34878,-121.99135,148.294,68.540,0.0,-67,0.323,0.833,1.010
2014/10/02 13:04:22,2.18,38.34817,-121.99292,149.606,68.680,0.0,-67,0.769,0.000,1.224
2014/10/02 13:04:27,2.15,38.34756,-121.99450,148.950,69.405,0.0,-67,0.426,0.750,0.917
2014/10/02 13:04:32,2.15,38.34693,-121.99610,150.262,70.520,0.0,-67,0.083,0.000,5.346
2014/10/02 13:04:37,2.15,38.34630,-121.99770,150.919,68.777,0.0,-67,0.379,0.292,2.823
2014/10/02 13:04:42,2.15,38.34569,-121.99928,153.543,69.755,0.0,-57,0.737,0.292,0.000
2014/10/02 13:04:47,2.14,38.34507,-122.00086,160.761,68.357,0.0,-57,0.152,0.000,3.838
2014/10/02 13:04:52,2.14,38.34447,-122.00239,169.948,64.652,0.0,-57,0.563,0.292,0.922
2014/10/02 13:04:57,2.24,38.34391,-122.00385,180.446,64.147,0.0,-57,0.815,1.125,2.077
2014/10/02 13:05:02,2.14,38.34341,-122.00539,187.664,66.285,0.0,-57,0.987,1.167,2.989
2014/10/02 13:05:07,2.74,38.34295,-122.00700,181.759,67.809,0.0,-57,1.235,1.333,2.727
2014/10/02 13:05:12,2.14,38.34248,-122.00864,173.228,68.216,0.0,-59,0.776,1.333,3.470
2014/10/02 13:05:17,2.14,38.34195,-122.01022,172.244,66.756,0.0,-59,0.642,0.000,1.810
2014/10/02 13:05:22,2.14,38.34129,-122.01171,175.197,68.240,0.0,-59,0.921,1.375,1.849
2014/10/02 13:05:27,2.14,38.34046,-122.01312,182.743,69.424,0.0,-59,0.487,1.375,0.000
2014/10/02 13:05:32,2.14,38.33950,-122.01441,193.241,69.622,0.0,-59,0.593,0.917,3.618
2014/10/02 13:05:37,2.19,38.33841,-122.01554,200.131,70.213,0.0,-59,1.112,1.375,2.705
2014/10/02 13:05:42,2.19,38.33723,-122.01647,201.772,68.784,0.0,-83,1.093,0.917,2.186
2014/10/02 13:05:47,2.19,38.33599,-122.01727,206.365,68.967,0.0,-83,1.195,0.000,3.710
2014/10/02 13:05:52,2.19,38.33474,-122.01806,212.270,68.805,0.0,-83,1.346,1.375,2.938
2014/10/02 13:05:57,2.19,38.33349,-122.01886,214.895,70.610,0.0,-83,0.824,1.500,3.362
2014/10/02 13:06:02,2.19,38.33220,-122.01968,215.879,72.810,0.0,-83,1.077,1.000,0.000
2014/10/02 13:06:07,2.19,38.33088,-122.02053,216.864,73.930,0.0,-83,1.167,0.000,3.126
2014/10/02 13:06:12,2.19,38.32953,-122.02138,217.520,74.972,0.0,-83,1.410,1.500,1.742
2014/10/02 13:06:17,2.49,38.32817,-122.02225,220.144,76.205,0.0,-63,1.413,0.958,3.559
2014/10/02 13:06:22,2.18,38.32679,-122.02313,224.738,76.136,0.0,-63,0.000,1.000,2.178
2014/10/02 13:06:27,2.18,38.32542,-122.02400,231.627,75.864,0.0,-63,2.006,1.500,0.877
2014/10/02 13:06:32,2.18,38.32407,-122.02486,248.031,75.126,0.0,-63,1.997,1.000,2.523
2014/10/02 13:06:37,2.28,38.32278,-122.02580,262.139,71.659,0.0,-63,2.138,1.000,2.150
2014/10/02 13:06:42,2.18,38.32162,-122.02683,274.934,69.327,0.0,-63,1.692,0.000,2.554
2014/10/02 13:06:47,2.18,38.32048,-122.02786,282.480,71.493,0.0,-57,1.375,1.500,3.113
2014/10/02 13:06:52,2.18,38.31928,-122.02893,282.808,73.493,0.0,-57,0.993,1.000,2.672
2014/10/02 13:06:57,2.18,38.31807,-122.03001,282.808,72.245,0.0,-57,1.779,1.500,2.363
2014/10/02 13:07:02,2.18,38.31694,-122.03103,283.793,67.082,0.0,-57,2.379,0.000,0.000
2014/10/02 13:07:07,2.18,38.31575,-122.03191,275.262,70.694,0.0,-57,1.718,1.042,2.703
2014/10/02 13:07:12,2.18,38.31441,-122.03260,259.186,72.161,0.0,-57,1.289,1.000,1.749
2014/10/02 13:07:17,2.18,38.31298,-122.03303,240.814,73.512,0.0,-83,1.410,1.542,0.981
2014/10/02 13:07:22,2.17,38.31154,-122.03328,224.409,71.740,0.0,-83,1.360,2.083,1.206
2014/10/02 13:07:27,2.45,38.31012,-122.03351,211.614,70.439,0.0,-83,0.715,0.000,1.473
2014/10/02 13:07:32,2.17,38.30872,-122.03374,201.772,69.402,0.0,-83,0.327,1.750,0.911
2014/10/02 13:07:37,2.17,38.30730,-122.03392,192.585,72.590,0.0,-83,0.719,2.042,0.829
2014/10/02 13:07:42,2.17,38.30580,-122.03400,182.415,75.691,0.0,-83,1.153,2.042,1.177
2014/10/02 13:07:47,2.17,38.30426,-122.03401,170.932,76.533,0.0,-73,1.263,0.000,2.841
2014/10/02 13:07:52,2.17,38.30273,-122.03403,166.667,75.374,0.0,-73,1.118,2.208,1.889
2014/10/02 13:07:57,2.12,38.30125,-122.03405,163.714,72.582,0.0,-73,1.043,2.417,1.917
2014/10/02 13:08:02,2.12,38.29979,-122.03409,161.417,73.508,0.0,-73,1.765,1.750,2.447
2014/10/02 13:08:07,2.11,38.29830,-122.03412,159.449,74.500,0.0,-73,1.509,1.792,1.802
2014/10/02 13:08:12,2.11,38.29682,-122.03416,160.105,72.425,0.0,-73,0.956,1.792,2.097
2014/10/02 13:08:17,2.16,38.29538,-122.03418,160.433,71.350,0.0,-73,0.845,1.792,1.382
2014/10/02 13:08:22,2.33,38.29395,-122.03420,154.856,71.521,0.0,-65,0.726,1.792,0.923
2014/10/02 13:08:27,2.33,38.29251,-122.03439,146.654,72.498,0.0,-65,1.108,1.750,1.648
2014/10/02 13:08:32,2.11,38.29116,-122.03494,135.827,69.911,0.0,-65,0.811,1.792,1.821
2014/10/02 13:08:37,2.16,38.28994,-122.03583,125.328,69.698,0.0,-65,1.269,0.000,0.000
2014/10/02 13:08:42,2.16,38.28881,-122.03680,116.798,66.397,0.0,-65,1.909,2.417,2.617
2014/10/02 13:08:47,2.32,38.28767,-122.03776,115.157,69.385,0.0,-65,0.935,2.000,1.950
2014/10/02 13:08:52,2.16,38.28650,-122.03875,113.845,70.352,0.0,-53,1.075,2.000,2.482
2014/10/02 13:08:57,2.16,38.28532,-122.03976,106.955,71.256,0.0,-53,1.220,2.000,2.658
2014/10/02 13:09:02,2.26,38.28414,-122.04077,96.457,69.396,0.0,-53,0.860,2.083,2.298
2014/10/02 13:09:07,2.15,38.28297,-122.04175,84.646,71.484,0.0,-53,0.547,0.000,1.639
2014/10/02 13:09:12,2.15,38.28177,-122.04278,78.084,72.172,0.0,-53,0.776,2.042,2.071
2014/10/02 13:09:17,2.15,38.28056,-122.04380,75.787,71.977,0.0,-53,0.898,2.083,1.558
2014/10/02 13:09:22,2.1,38.27940,-122.04479,79.396,68.795,0.0,-63,1.060,2.000,1.722
2014/10/02 13:09:27,2.1,38.27824,-122.04577,82.021,69.775,0.0,-63,1.059,2.083,2.110
2014/10/02 13:09:32,2.1,38.27712,-122.04673,86.614,65.157,0.0,-63,1.546,0.000,2.538
2014/10/02 13:09:37,2.1,38.27601,-122.04767,91.207,66.383,0.0,-63,1.136,2.042,4.389
2014/10/02 13:09:42,2.15,38.27489,-122.04861,92.848,66.967,0.0,-63,1.285,1.417,2.110
2014/10/02 13:09:47,2.15,38.27377,-122.04957,90.551,67.882,0.0,-63,1.480,0.000,2.089
2014/10/02 13:09:52,2.15,38.27263,-122.05053,88.583,67.876,0.0,-51,1.449,0.000,1.470
2014/10/02 13:09:57,2.15,38.27151,-122.05148,81.365,66.919,0.0,-51,1.387,0.000,0.178
2014/10/02 13:10:02,2.09,38.27037,-122.05245,71.194,69.734,0.0,-51,1.231,0.083,0.310
2014/10/02 13:10:07,2.37,38.26919,-122.05345,62.008,71.200,0.0,-51,1.157,0.833,0.270
2014/10/02 13:10:12,2.14,38.26803,-122.05444,59.055,69.274,0.0,-51,0.782,1.042,1.028
2014/10/02 13:10:17,2.37,38.26686,-122.05542,55.446,69.455,0.0,-51,0.468,0.458,0.329
2014/10/02 13:10:22,2.14,38.26570,-122.05641,50.853,69.648,0.0,-51,0.599,0.792,0.660
2014/10/02 13:10:27,2.14,38.26453,-122.05740,48.885,69.500,0.0,-69,0.812,1.083,1.115
2014/10/02 13:10:32,2.14,38.26339,-122.05836,47.244,67.781,0.0,-69,0.656,0.667,0.338
2014/10/02 13:10:37,2.14,38.26226,-122.05932,50.525,67.306,0.0,-69,0.408,1.167,0.546
2014/10/02 13:10:42,2.18,38.26111,-122.06030,47.572,69.116,0.0,-69,0.579,1.000,0.490
2014/10/02 13:10:47,2.35,38.25993,-122.06129,49.869,70.560,0.0,-69,0.670,0.000,1.097
2014/10/02 13:10:52,2.13,38.25873,-122.06232,46.916,72.518,0.0,-69,0.416,0.958,1.014
2014/10/02 13:10:57,2.18,38.25754,-122.06334,46.588,70.536,0.0,-69,0.521,0.875,0.334
2014/10/02 13:11:02,2.13,38.25633,-122.06436,42.651,71.869,0.0,-69,1.358,0.917,0.443
2014/10/02 13:11:07,2.13,38.25511,-122.06538,39.370,71.369,0.0,-69,1.449,1.000,0.638
2014/10/02 13:11:12,2.13,38.25393,-122.06638,36.417,70.749,0.0,-69,0.994,0.833,0.683
2014/10/02 13:11:17,2.13,38.25275,-122.06738,38.714,69.436,0.0,-69,0.573,0.958,0.573
2014/10/02 13:11:22,2.08,38.25159,-122.06835,51.837,69.720,0.0,-69,1.058,1.125,0.519
2014/10/02 13:11:27,2.13,38.25041,-122.06936,56.759,70.887,0.0,-67,1.490,1.500,0.497
2014/10/02 13:11:32,2.08,38.24929,-122.07050,50.197,71.971,0.0,-67,0.747,0.000,0.888
2014/10/02 13:11:37,2.08,38.24839,-122.07193,36.417,70.541,0.0,-67,0.398,1.000,2.469
2014/10/02 13:11:42,2.08,38.24776,-122.07351,28.543,70.346,0.0,-67,0.234,0.833,5.802
2014/10/02 13:11:47,2.07,38.24728,-122.07523,25.262,72.691,0.0,-67,0.131,0.833,0.000
2014/10/02 13:11:52,2.07,38.24675,-122.07697,25.262,72.751,0.0,-67,0.000,0.000,0.000
2014/10/02 13:11:57,2.07,38.24608,-122.07861,21.325,71.414,0.0,-75,0.073,0.667,8.098
2014/10/02 13:12:02,2.07,38.24538,-122.08018,16.076,70.286,0.0,-75,0.197,1.333,5.649
2014/10/02 13:12:07,2.07,38.24469,-122.08176,15.420,70.994,0.0,-75,0.481,1.292,0.000
2014/10/02 13:12:12,2.07,38.24400,-122.08335,17.717,69.938,0.0,-75,0.368,0.000,4.702
2014/10/02 13:12:17,2.07,38.24332,-122.08489,18.701,69.203,0.0,-75,0.291,1.458,4.078
2014/10/02 13:12:22,2.07,38.24262,-122.08649,22.310,74.034,0.0,-75,0.228,0.000,0.000
2014/10/02 13:12:27,2.07,38.24185,-122.08818,18.373,78.481,0.0,-75,0.176,0.708,3.382
2014/10/02 13:12:32,2.07,38.24108,-122.08995,12.467,79.391,0.0,-55,1.288,0.833,3.742
2014/10/02 13:12:37,2.06,38.24030,-122.09172,9.514,79.537,0.0,-55,0.893,0.708,1.561
2014/10/02 13:12:42,2.06,38.23952,-122.09349,7.546,78.089,0.0,-55,0.596,0.708,3.374
2014/10/02 13:12:47,2.06,38.23875,-122.09525,4.265,79.025,0.0,-55,0.355,2.333,0.860
2014/10/02 13:12:52,2.06,38.23798,-122.09701,3.937,78.427,0.0,-55,1.458,0.000,1.007
2014/10/02 13:12:57,2.06,38.23723,-122.09877,3.609,79.104,0.0,-55,1.277,2.167,1.277
2014/10/02 13:13:02,2.06,38.23645,-122.10054,1.969,79.280,0.0,-51,0.811,2.167,2.350
2014/10/02 13:13:07,2.06,38.23568,-122.10230,1.969,78.649,0.0,-51,0.855,2.125,1.242
2014/10/02 13:13:12,2.06,38.23493,-122.10402,0.984,75.990,0.0,-51,1.530,0.000,1.139
2014/10/02 13:13:17,2.06,38.23419,-122.10571,-0.328,75.743,0.0,-51,1.055,2.208,1.362
2014/10/02 13:13:22,2.05,38.23345,-122.10740,1.312,75.678,0.0,-51,1.386,1.458,0.956
2014/10/02 13:13:27,2.05,38.23272,-122.10908,1.640,75.577,0.0,-51,1.381,2.167,0.382
2014/10/02 13:13:32,2.05,38.23198,-122.11077,3.937,74.829,0.0,-69,0.709,0.708,0.204
2014/10/02 13:13:37,2.18,38.23127,-122.11240,8.202,72.270,0.0,-69,1.211,0.750,0.170
2014/10/02 13:13:42,2.05,38.23057,-122.11405,3.609,74.176,0.0,-69,0.418,0.000,0.721
2014/10/02 13:13:47,2.05,38.22985,-122.11574,-1.640,76.054,0.0,-69,0.654,1.417,1.757
2014/10/02 13:13:52,2.05,38.22910,-122.11745,-5.249,77.389,0.0,-69,0.553,0.000,1.450
2014/10/02 13:13:57,2.05,38.22833,-122.11918,-6.890,78.987,0.0,-69,0.615,1.458,1.481
2014/10/02 13:14:02,2.05,38.22751,-122.12090,-7.218,78.296,0.0,-55,1.000,1.417,1.398
2014/10/02 13:14:07,2.05,38.22668,-122.12257,-4.921,77.525,0.0,-55,1.305,0.000,2.050
2014/10/02 13:14:12,2.04,38.22580,-122.12421,-4.593,76.971,0.0,-55,1.033,1.458,0.000
2014/10/02 13:14:17,2.07,38.22489,-122.12582,1.312,76.360,0.0,-55,0.126,0.708,7.398
2014/10/02 13:14:22,2.04,38.22397,-122.12734,11.155,75.368,0.0,-55,0.391,0.000,1.750
2014/10/02 13:14:27,2.04,38.22305,-122.12881,13.451,71.073,0.0,-55,0.436,1.458,1.200
2014/10/02 13:14:32,2.04,38.22213,-122.13019,15.092,71.030,0.0,-55,0.785,0.000,1.736
2014/10/02 13:14:37,2.04,38.22119,-122.13154,13.451,69.441,0.0,-59,1.102,1.667,1.601
2014/10/02 13:14:42,2.04,38.22028,-122.13290,12.139,69.505,0.0,-59,0.814,1.417,1.738
2014/10/02 13:14:47,2.04,38.21937,-122.13421,15.092,68.688,0.0,-59,0.917,0.750,2.998
2014/10/02 13:14:52,2.16,38.21845,-122.13556,16.732,70.198,0.0,-59,0.702,0.000,4.802
2014/10/02 13:14:57,2.03,38.21755,-122.13694,19.029,70.538,0.0,-59,0.488,0.708,1.282
2014/10/02 13:15:02,2.08,38.21669,-122.13830,18.045,64.445,0.0,-59,1.345,1.833,2.148
2014/10/02 13:15:07,3.19,38.21581,-122.13942,15.092,61.126,0.0,-59,0.795,0.000,0.000
2014/10/02 13:15:12,2.03,38.21498,-122.14060,27.231,62.388,0.0,-59,1.089,1.417,3.997
2014/10/02 13:15:17,2.03,38.21414,-122.14181,33.136,63.111,0.0,-59,1.346,1.417,1.750
2014/10/02 13:15:22,2.03,38.21330,-122.14304,37.730,65.172,0.0,-59,1.685,0.000,2.082
2014/10/02 13:15:27,2.03,38.21243,-122.14430,43.307,66.281,0.0,-59,1.738,1.458,3.946
2014/10/02 13:15:32,2.03,38.21155,-122.14558,49.869,66.224,0.0,-59,1.139,1.417,3.202
2014/10/02 13:15:37,2.03,38.21067,-122.14685,55.118,66.048,0.0,-63,1.328,0.000,1.418
2014/10/02 13:15:42,2.02,38.20979,-122.14812,61.352,67.641,0.0,-63,1.446,1.458,0.000
2014/10/02 13:15:47,2.02,38.20886,-122.14943,62.992,69.884,0.0,-63,1.990,1.417,1.430
2014/10/02 13:15:52,2.15,38.20787,-122.15068,65.289,69.719,0.0,-63,2.048,0.000,1.337
2014/10/02 13:15:57,2.02,38.20680,-122.15190,76.115,70.868,0.0,-63,0.555,1.458,0.000
2014/10/02 13:16:02,2.02,38.20574,-122.15312,89.895,69.559,0.0,-63,0.559,0.000,2.802
2014/10/02 13:16:08,2.02,38.20472,-122.15431,102.690,68.288,0.0,-63,0.983,0.708,3.029
2014/10/02 13:16:13,2.02,38.20371,-122.15548,117.782,67.202,0.0,-63,0.929,1.417,1.168
2014/10/02 13:16:18,2.02,38.20275,-122.15659,136.483,61.579,0.0,-63,1.552,0.000,3.084
2014/10/02 13:16:23,2.02,38.20189,-122.15758,152.887,55.516,0.0,-63,0.000,1.458,3.230
2014/10/02 13:16:28,2.01,38.20107,-122.15851,166.339,54.481,0.0,-63,1.140,0.000,0.000
2014/10/02 13:16:33,2.01,38.20022,-122.15946,177.822,57.772,0.0,-63,0.548,0.708,4.955
2014/10/02 13:16:38,2.01,38.19930,-122.16047,188.648,62.487,0.0,-63,0.620,0.000,5.850
2014/10/02 13:16:43,2.14,38.19835,-122.16157,202.428,65.649,0.0,-59,0.312,1.458,2.076
2014/10/02 13:16:48,2.14,38.19735,-122.16272,215.879,68.319,0.0,-59,0.328,1.458,1.398
2014/10/02 13:16:53,2.14,38.19631,-122.16392,230.971,70.706,0.0,-59,0.985,0.000,2.723
2014/10/02 13:16:58,2.17,38.19521,-122.16509,249.016,72.241,0.0,-59,1.074,1.417,0.000
2014/10/02 13:17:03,3.12,38.19401,-122.16615,265.420,72.567,0.0,-59,1.052,0.000,2.730
2014/10/02 13:17:08,2.14,38.19281,-122.16720,282.480,72.466,0.0,-59,1.121,1.417,2.571
2014/10/02 13:17:13,2.14,38.19165,-122.16831,303.806,72.928,0.0,-67,0.920,1.458,3.070
2014/10/02 13:17:18,2.0,38.19049,-122.16948,313.648,73.724,0.0,-67,1.781,0.000,3.078
2014/10/02 13:17:23,2.0,38.18943,-122.17080,319.554,74.902,0.0,-67,1.195,0.000,0.000
2014/10/02 13:17:28,2.0,38.18850,-122.17233,321.194,76.346,0.0,-67,0.132,1.417,6.351
2014/10/02 13:17:33,2.0,38.18774,-122.17403,317.257,77.286,0.0,-67,0.578,0.000,1.509
2014/10/02 13:17:38,2.0,38.18716,-122.17585,318.570,76.538,0.0,-67,1.594,1.458,1.243
2014/10/02 13:17:43,2.0,38.18662,-122.17768,321.194,77.246,0.0,-53,1.096,1.417,1.910
2014/10/02 13:17:48,2.0,38.18601,-122.17950,322.507,77.819,0.0,-53,0.844,0.000,4.278
2014/10/02 13:17:53,2.13,38.18520,-122.18119,323.163,77.490,0.0,-53,1.345,1.458,2.399
2014/10/02 13:17:58,1.99,38.18418,-122.18268,330.709,77.503,0.0,-53,1.392,1.417,1.702
2014/10/02 13:18:03,2.13,38.18300,-122.18396,340.223,77.576,0.0,-53,1.256,0.000,2.798
2014/10/02 13:18:08,1.99,38.18182,-122.18521,352.034,75.385,0.0,-53,1.609,0.000,1.553
2014/10/02 13:18:13,1.99,38.18083,-122.18666,369.423,75.618,0.0,-63,2.099,0.000,0.170
2014/10/02 13:18:18,1.99,38.17994,-122.18822,381.234,74.911,0.0,-63,1.370,0.167,0.735
2014/10/02 13:18:23,1.99,38.17892,-122.18964,386.483,75.758,0.0,-63,1.614,0.917,0.937
2014/10/02 13:18:28,2.15,38.17772,-122.19084,388.780,76.326,0.0,-63,1.711,1.042,0.782
2014/10/02 13:18:33,2.03,38.17641,-122.19187,391.404,76.596,0.0,-63,1.082,1.292,1.310
2014/10/02 13:18:38,2.16,38.17509,-122.19291,394.685,78.261,0.0,-63,1.414,0.750,0.975
2014/10/02 13:18:43,2.09,38.17382,-122.19412,390.748,78.129,0.0,-63,0.915,1.000,0.785
2014/10/02 13:18:48,1.98,38.17275,-122.19555,397.638,77.254,0.0,-75,1.078,1.292,0.610
2014/10/02 13:18:53,1.98,38.17174,-122.19704,409.449,76.946,0.0,-75,0.833,0.750,1.155
2014/10/02 13:18:58,1.98,38.17073,-122.19850,419.291,76.156,0.0,-75,0.538,0.875,1.409
2014/10/02 13:19:03,1.98,38.16972,-122.19994,428.150,75.380,0.0,-75,0.760,0.792,0.946
2014/10/02 13:19:08,1.98,38.16870,-122.20136,434.711,75.375,0.0,-75,1.083,0.750,1.049
2014/10/02 13:19:13,1.98,38.16769,-122.20278,443.898,74.733,0.0,-75,0.919,1.042,0.770
2014/10/02 13:19:18,1.97,38.16670,-122.20418,451.115,73.139,0.0,-75,1.148,1.125,0.622
2014/10/02 13:19:23,1.97,38.16574,-122.20563,449.475,75.219,0.0,-75,1.140,0.625,1.117
2014/10/02 13:19:28,1.97,38.16475,-122.20715,435.696,79.331,0.0,-75,1.245,0.000,0.676
2014/10/02 13:19:33,1.97,38.16359,-122.20861,406.168,83.034,0.0,-75,1.268,1.167,0.702
2014/10/02 13:19:38,2.01,38.16223,-122.20980,372.047,80.341,0.0,-75,0.000,1.167,0.970
2014/10/02 13:19:43,2.01,38.16086,-122.21077,344.488,76.258,0.0,-75,0.605,0.875,0.818
2014/10/02 13:19:48,2.01,38.15955,-122.21170,336.614,74.704,0.0,-65,0.408,1.167,0.766
2014/10/02 13:19:53,2.05,38.15825,-122.21263,350.722,73.364,0.0,-65,1.093,1.000,1.032
2014/10/02 13:19:58,2.05,38.15699,-122.21352,375.000,70.402,0.0,-65,0.876,0.917,0.870
2014/10/02 13:20:03,2.05,38.15579,-122.21437,394.029,68.581,0.0,-65,0.796,1.125,0.662
2014/10/02 13:20:08,2.0,38.15458,-122.21521,406.168,68.811,0.0,-65,0.716,0.542,0.422
2014/10/02 13:20:13,2.16,38.15330,-122.21602,402.559,73.193,0.0,-65,0.710,0.500,0.402
2014/10/02 13:20:18,1.96,38.15187,-122.21661,384.186,75.493,0.0,-85,0.693,1.042,0.937
2014/10/02 13:20:23,1.96,38.15037,-122.21692,366.470,75.178,0.0,-85,1.139,1.417,0.890
2014/10/02 13:20:28,2.05,38.14888,-122.21696,342.192,72.934,0.0,-85,1.013,0.000,2.479
2014/10/02 13:20:33,1.96,38.14743,-122.21684,315.945,72.216,0.0,-85,0.835,1.083,1.766
2014/10/02 13:20:38,1.96,38.14601,-122.21687,291.995,70.019,0.0,-85,1.566,1.042,2.114
2014/10/02 13:20:43,1.99,38.14459,-122.21716,267.060,71.437,0.0,-85,0.737,0.792,2.598
2014/10/02 13:20:48,1.95,38.14323,-122.21768,239.829,72.042,0.0,-85,1.138,1.042,2.182
2014/10/02 13:20:53,2.09,38.14187,-122.21847,205.381,76.030,0.0,-69,0.712,1.042,1.778
2014/10/02 13:20:58,2.09,38.14048,-122.21935,170.604,77.083,0.0,-69,0.515,0.750,4.887
2014/10/02 13:21:03,3.53,38.13912,-122.22021,135.827,73.543,0.0,-69,0.523,0.000,0.000
2014/10/02 13:21:08,2.08,38.13775,-122.22108,105.643,75.240,0.0,-69,0.646,0.917,4.651
2014/10/02 13:21:13,2.08,38.13644,-122.22192,89.895,71.524,0.0,-69,1.206,1.500,0.730
2014/10/02 13:21:18,2.08,38.13513,-122.22275,83.990,73.383,0.0,-69,1.401,0.958,1.064
2014/10/02 13:21:23,2.08,38.13382,-122.22358,80.381,71.558,0.0,-65,1.628,0.000,0.193
2014/10/02 13:21:28,2.07,38.13253,-122.22440,77.100,73.150,0.0,-65,0.738,1.000,1.062
2014/10/02 13:21:33,2.07,38.13121,-122.22524,79.068,73.429,0.0,-65,1.755,0.958,1.058
2014/10/02 13:21:38,2.07,38.12989,-122.22608,84.646,73.002,0.0,-65,1.282,1.458,0.000
2014/10/02 13:21:43,2.07,38.12859,-122.22692,86.614,71.989,0.0,-65,0.878,0.917,1.730
2014/10/02 13:21:48,1.98,38.12735,-122.22771,87.598,66.531,0.0,-65,1.225,0.000,0.000
2014/10/02 13:21:53,1.98,38.12618,-122.22846,91.864,63.492,0.0,-67,0.683,0.958,4.375
2014/10/02 13:21:58,2.06,38.12504,-122.22918,101.378,62.444,0.0,-67,1.151,1.083,1.321
2014/10/02 13:22:03,2.02,38.12387,-122.22977,108.268,62.518,0.0,-67,1.448,0.958,0.389
2014/10/02 13:22:08,2.02,38.12270,-122.23018,108.924,61.019,0.0,-67,1.248,0.000,1.421
2014/10/02 13:22:13,1.93,38.12147,-122.23043,111.220,62.414,0.0,-67,0.505,0.958,1.818
2014/10/02 13:22:18,1.93,38.12022,-122.23049,109.252,60.902,0.0,-67,0.615,1.042,1.470
2014/10/02 13:22:23,1.93,38.11900,-122.23041,106.955,61.505,0.0,-83,0.516,0.958,2.570
2014/10/02 13:22:28,1.93,38.11776,-122.23031,103.346,62.290,0.0,-83,0.676,0.000,2.808
2014/10/02 13:22:33,1.93,38.11651,-122.23021,99.738,63.132,0.0,-83,0.582,0.958,0.000
2014/10/02 13:22:38,1.93,38.11526,-122.23011,86.614,62.624,0.0,-83,0.070,0.000,0.000
2014/10/02 13:22:43,1.93,38.11398,-122.23001,70.538,64.282,0.0,-83,0.213,0.500,0.600
2014/10/02 13:22:48,1.92,38.11267,-122.22990,54.790,65.782,0.0,-83,0.440,1.167,0.658
2014/10/02 13:22:53,2.01,38.11134,-122.22979,45.604,66.879,0.0,-83,0.898,0.000,1.149
2014/10/02 13:22:58,2.1,38.11000,-122.22974,43.963,65.203,0.0,-87,1.024,1.000,0.782
2014/10/02 13:23:03,2.01,38.10872,-122.22975,42.323,61.344,0.0,-87,0.640,1.000,2.966
2014/10/02 13:23:08,2.01,38.10748,-122.22976,40.026,60.952,0.0,-87,1.029,1.042,1.242
2014/10/02 13:23:13,2.09,38.10626,-122.22978,35.433,59.943,0.0,-87,0.667,1.000,1.302
2014/10/02 13:23:18,2.0,38.10508,-122.22981,37.730,58.673,0.0,-87,0.712,1.000,2.237
2014/10/02 13:23:23,2.0,38.10389,-122.22983,36.417,57.262,0.0,-87,1.139,0.000,2.550
2014/10/02 13:23:28,2.0,38.10277,-122.22985,40.026,55.036,0.0,-77,0.741,1.000,2.119
2014/10/02 13:23:33,2.0,38.10163,-122.22986,47.572,57.696,0.0,-77,0.771,1.500,3.726
2014/10/02 13:23:38,2.0,38.10047,-122.22987,55.118,57.770,0.0,-77,0.833,1.000,3.450
2014/10/02 13:23:43,2.0,38.09934,-122.22988,55.118,54.937,0.0,-77,0.671,1.250,0.000
2014/10/02 13:23:48,2.0,38.09823,-122.22989,61.024,55.612,0.0,-77,0.432,0.000,3.114
2014/10/02 13:23:53,2.0,38.09711,-122.22991,67.257,56.188,0.0,-77,0.776,1.000,2.998
2014/10/02 13:23:58,1.99,38.09596,-122.22992,70.210,57.409,0.0,-75,0.933,1.000,2.458
2014/10/02 13:24:03,1.99,38.09480,-122.22999,62.336,58.185,0.0,-75,0.928,1.500,3.278
2014/10/02 13:24:08,1.99,38.09362,-122.23013,48.885,60.711,0.0,-75,1.227,1.000,2.947
2014/10/02 13:24:13,1.99,38.09241,-122.23032,33.793,60.767,0.0,-75,0.000,0.000,0.000
2014/10/02 13:24:18,1.99,38.09121,-122.23066,25.591,60.742,0.0,-75,0.992,1.542,1.282
2014/10/02 13:24:23,1.99,38.09006,-122.23113,15.420,59.707,0.0,-75,1.141,1.000,1.406
2014/10/02 13:24:28,1.99,38.08892,-122.23161,8.202,59.916,0.0,-51,1.628,1.500,1.554
2014/10/02 13:24:33,1.99,38.08778,-122.23211,10.171,59.338,0.0,-51,1.030,0.000,0.000
2014/10/02 13:24:38,1.98,38.08667,-122.23258,17.717,58.182,0.0,-51,0.874,1.000,4.266
2014/10/02 13:24:43,1.98,38.08555,-122.23298,25.262,57.623,0.0,-51,1.170,1.000,2.552
2014/10/02 13:24:48,1.98,38.08439,-122.23326,32.808,59.181,0.0,-51,1.672,1.542,2.401
2014/10/02 13:24:53,1.98,38.08323,-122.23343,40.354,57.282,0.0,-51,1.725,1.000,3.306
2014/10/02 13:24:58,2.05,38.08206,-122.23348,43.963,59.243,0.0,-51,1.151,1.000,2.238
2014/10/02 13:25:03,1.98,38.08089,-122.23342,49.869,57.909,0.0,-69,0.702,0.000,0.000
2014/10/02 13:25:08,1.98,38.07977,-122.23325,56.102,56.019,0.0,-69,0.682,1.042,5.253
2014/10/02 13:25:13,1.98,38.07867,-122.23299,79.068,55.429,0.0,-69,0.449,0.500,3.178
2014/10/02 13:25:18,1.97,38.07761,-122.23263,95.472,53.142,0.0,-69,0.712,0.000,2.759
2014/10/02 13:25:23,1.97,38.07663,-122.23219,103.346,50.858,0.0,-69,0.814,1.167,2.810
2014/10/02 13:25:28,1.97,38.07568,-122.23163,105.315,53.035,0.0,-69,1.472,1.542,2.081
2014/10/02 13:25:33,1.97,38.07473,-122.23097,100.066,53.797,0.0,-65,1.030,1.000,0.000
2014/10/02 13:25:38,1.97,38.07378,-122.23027,102.362,54.695,0.0,-65,1.133,1.042,3.090
2014/10/02 13:25:43,1.97,38.07285,-122.22958,117.126,52.698,0.0,-65,1.360,1.500,2.925
2014/10/02 13:25:48,1.97,38.07194,-122.22890,130.906,53.125,0.0,-65,1.013,0.000,3.810
2014/10/02 13:25:53,1.97,38.07098,-122.22831,143.373,52.922,0.0,-65,0.900,1.042,2.870
2014/10/02 13:25:58,1.96,38.06999,-122.22785,155.184,52.632,0.0,-65,1.619,1.542,0.900
2014/10/02 13:26:03,1.96,38.06899,-122.22738,160.761,53.235,0.0,-63,0.891,1.000,2.280
2014/10/02 13:26:08,1.96,38.06794,-122.22695,164.698,55.736,0.0,-63,1.056,1.000,1.876
2014/10/02 13:26:13,1.9,38.06683,-122.22677,168.963,54.290,0.0,-63,0.839,0.000,0.000
2014/10/02 13:26:18,1.9,38.06577,-122.22671,174.541,53.227,0.0,-63,0.679,1.583,3.842
2014/10/02 13:26:23,1.9,38.06468,-122.22663,179.462,55.005,0.0,-63,1.362,1.083,2.737
2014/10/02 13:26:28,1.96,38.06356,-122.22655,183.399,56.442,0.0,-63,1.088,0.000,2.783
2014/10/02 13:26:33,1.96,38.06243,-122.22647,186.680,56.573,0.0,-51,1.484,0.000,2.489
2014/10/02 13:26:38,1.89,38.06129,-122.22639,187.008,57.175,0.0,-51,2.341,0.000,0.158
2014/10/02 13:26:43,1.89,38.06013,-122.22632,185.367,58.340,0.0,-51,0.862,0.125,0.515
2014/10/02 13:26:48,1.89,38.05897,-122.22624,179.790,57.059,0.0,-51,1.208,1.458,1.138
2014/10/02 13:26:53,1.89,38.05782,-122.22615,171.916,57.540,0.0,-51,1.736,1.000,0.942
2014/10/02 13:26:58,1.89,38.05667,-122.22608,163.714,56.835,0.0,-51,1.860,0.958,0.751
2014/10/02 13:27:03,1.89,38.05552,-122.22604,154.199,56.353,0.0,-51,1.677,1.208,0.669
2014/10/02 13:27:08,1.89,38.05442,-122.22637,148.950,56.713,0.0,-65,1.490,0.833,0.958
2014/10/02 13:27:13,1.89,38.05346,-122.22714,152.231,57.411,0.0,-65,1.656,0.958,0.790
2014/10/02 13:27:18,1.88,38.05263,-122.22819,160.761,58.471,0.0,-65,1.178,1.250,0.662
2014/10/02 13:27:23,1.88,38.05181,-122.22926,169.291,58.681,0.0,-65,1.430,0.833,1.249
2014/10/02 13:27:28,2.06,38.05100,-122.23033,181.430,57.415,0.0,-65,0.630,0.708,1.089
2014/10/02 13:27:33,2.06,38.05021,-122.23136,194.226,55.966,0.0,-65,0.770,0.958,0.916
2014/10/02 13:27:38,1.88,38.04942,-122.23239,207.349,53.866,0.0,-75,1.222,1.125,0.649
2014/10/02 13:27:43,1.88,38.04870,-122.23337,217.192,53.160,0.0,-75,0.455,0.500,1.603
2014/10/02 13:27:48,2.06,38.04798,-122.23438,219.160,54.265,0.0,-75,0.669,0.750,1.449
2014/10/02 13:27:53,2.06,38.04723,-122.23545,215.551,57.928,0.0,-75,0.957,1.000,0.870
2014/10/02 13:27:58,1.87,38.04644,-122.23658,212.927,59.922,0.0,-75,0.517,1.083,1.275
2014/10/02 13:28:03,1.87,38.04565,-122.23772,208.333,59.954,0.0,-75,1.030,0.000,0.823
2014/10/02 13:28:08,1.87,38.04484,-122.23887,206.037,60.649,0.0,-53,1.034,0.833,0.762
2014/10/02 13:28:13,1.87,38.04403,-122.24002,206.693,60.424,0.0,-53,0.623,1.125,0.674
2014/10/02 13:28:18,1.87,38.04322,-122.24116,203.740,60.227,0.0,-53,0.751,1.208,1.098
2014/10/02 13:28:23,1.87,38.04241,-122.24230,201.772,59.873,0.0,-53,0.795,0.833,0.874
2014/10/02 13:28:28,1.87,38.04162,-122.24342,199.475,58.359,0.0,-53,1.407,1.083,0.648
2014/10/02 13:28:33,2.05,38.04083,-122.24455,196.194,58.974,0.0,-53,1.002,1.125,1.151
2014/10/02 13:28:38,1.86,38.04005,-122.24566,193.570,58.053,0.0,-67,1.347,0.833,0.922
2014/10/02 13:28:43,1.86,38.03927,-122.24677,193.898,59.170,0.0,-67,0.849,1.083,0.816
2014/10/02 13:28:48,1.86,38.03839,-122.24786,192.585,63.637,0.0,-67,0.573,0.875,1.081
2014/10/02 13:28:53,1.92,38.03732,-122.24883,187.336,66.615,0.0,-67,1.057,1.000,1.070
2014/10/02 13:28:58,1.98,38.03622,-122.24984,181.759,68.741,0.0,-67,0.832,1.125,1.074
2014/10/02 13:29:03,1.86,38.03509,-122.25089,178.150,70.403,0.0,-67,0.784,0.875,0.383
2014/10/02 13:29:08,1.86,38.03393,-122.25197,174.213,71.989,0.0,-67,1.031,0.000,0.736
2014/10/02 13:29:13,1.86,38.03276,-122.25305,169.948,71.503,0.0,-67,0.890,1.208,0.690
2014/10/02 13:29:18,1.86,38.03160,-122.25412,159.121,72.275,0.0,-67,0.711,1.000,0.822
2014/10/02 13:29:23,1.86,38.03041,-122.25522,143.373,74.489,0.0,-67,1.028,0.958,0.731
2014/10/02 13:29:28,1.86,38.02919,-122.25636,126.640,75.961,0.0,-67,1.106,1.208,0.650
2014/10/02 13:29:33,2.04,38.02796,-122.25750,111.877,75.517,0.0,-67,0.785,0.958,1.157
2014/10/02 13:29:38,2.03,38.02674,-122.25862,96.129,74.145,0.0,-67,0.630,0.708,0.462
2014/10/02 13:29:43,1.85,38.02555,-122.25974,77.756,74.776,0.0,-89,0.446,0.542,1.690
2014/10/02 13:29:48,1.85,38.02432,-122.26088,60.367,75.461,0.0,-89,0.944,0.667,1.202
2014/10/02 13:29:53,1.85,38.02312,-122.26199,46.916,73.918,0.0,-89,0.000,0.375,2.713
2014/10/02 13:29:58,1.9,38.02192,-122.26311,52.493,73.474,0.0,-89,0.000,0.917,0.692
2014/10/02 13:30:03,1.9,38.02075,-122.26420,68.241,72.236,0.0,-89,0.000,1.125,0.893
2014/10/02 13:30:08,1.99,38.01959,-122.26529,82.677,70.841,0.0,-89,0.000,0.000,1.448
2014/10/02 13:30:13,1.81,38.01846,-122.26633,94.488,69.356,0.0,-85,0.000,0.458,0.000
2014/10/02 13:30:18,2.03,38.01733,-122.26738,91.207,69.451,0.0,-85,0.000,0.125,7.397
2014/10/02 13:30:23,1.84,38.01624,-122.26845,81.037,67.135,0.0,-85,0.003,1.000,0.622
2014/10/02 13:30:28,1.84,38.01520,-122.26942,70.210,62.542,0.0,-85,0.013,0.708,0.173
2014/10/02 13:30:33,1.84,38.01420,-122.27033,62.336,61.321,0.0,-85,2.490,0.542,0.254
2014/10/02 13:30:38,1.84,38.01320,-122.27125,65.945,61.239,0.0,-85,2.167,0.625,0.297
2014/10/02 13:30:43,1.84,38.01221,-122.27218,74.803,62.547,0.0,-59,1.583,0.000,1.306
2014/10/02 13:30:48,1.84,38.01097,-122.27333,76.772,63.454,0.0,-59,2.083,0.500,0.814
2014/10/02 13:30:53,1.84,38.00996,-122.27427,71.194,62.985,0.0,-59,3.000,0.625,0.209
2014/10/02 13:30:58,1.83,38.00892,-122.27523,67.913,64.437,0.0,-59,2.849,0.833,0.657
2014/10/02 13:31:03,1.83,38.00787,-122.27620,74.147,64.786,0.0,-59,2.817,1.125,0.301
2014/10/02 13:31:08,1.83,38.00679,-122.27717,85.630,67.092,0.0,-59,2.833,0.375,0.250
2014/10/02 13:31:13,1.83,38.00568,-122.27819,97.769,68.929,0.0,-59,2.439,0.625,0.382
2014/10/02 13:31:18,1.83,38.00454,-122.27924,111.549,71.350,0.0,-61,1.898,0.625,0.389
2014/10/02 13:31:23,1.83,38.00337,-122.28034,124.016,72.597,0.0,-61,1.497,0.375,0.550
2014/10/02 13:31:28,1.83,38.00223,-122.28144,125.328,70.072,0.0,-61,1.170,0.417,0.549
2014/10/02 13:31:33,1.83,38.00112,-122.28248,113.517,68.950,0.0,-61,2.413,0.000,0.338
2014/10/02 13:31:38,1.82,38.00000,-122.28352,99.081,68.720,0.0,-61,3.250,0.833,0.228
2014/10/02 13:31:43,1.82,37.99890,-122.28454,85.302,67.548,0.0,-61,2.750,0.625,1.678
2014/10/02 13:31:48,1.82,37.99781,-122.28557,71.194,68.358,0.0,-53,3.000,0.792,0.297
2014/10/02 13:31:53,1.87,37.99680,-122.28679,56.759,70.928,0.0,-53,3.000,0.792,0.389
2014/10/02 13:31:58,2.01,37.99596,-122.28823,54.790,69.134,0.0,-53,2.250,1.083,0.683
2014/10/02 13:32:03,2.01,37.99537,-122.28975,67.913,65.162,0.0,-53,2.214,0.667,0.429
2014/10/02 13:32:08,2.21,37.99499,-122.29130,81.365,64.022,0.0,-53,1.283,0.792,0.402
2014/10/02 13:32:13,2.18,37.99475,-122.29291,97.441,65.021,0.0,-53,1.679,0.750,0.817
2014/10/02 13:32:18,2.18,37.99452,-122.29456,114.829,66.193,0.0,-63,2.324,0.000,0.730
2014/10/02 13:32:23,1.97,37.99430,-122.29620,127.953,65.302,0.0,-63,2.500,0.833,0.190
2014/10/02 13:32:28,1.78,37.99407,-122.29783,136.483,63.955,0.0,-63,2.433,0.625,0.189
2014/10/02 13:32:33,1.78,37.99387,-122.29938,143.701,60.518,0.0,-63,2.637,0.500,0.168
2014/10/02 13:32:38,1.96,37.99366,-122.30090,150.591,61.296,0.0,-63,2.014,0.500,1.597
2014/10/02 13:32:43,1.96,37.99344,-122.30243,156.824,60.374,0.0,-63,1.917,0.000,0.543
2014/10/02 13:32:48,1.77,37.99323,-122.30394,166.995,60.689,0.0,-81,1.333,0.375,0.498
2014/10/02 13:32:53,1.77,37.99291,-122.30546,172.572,62.104,0.0,-81,0.686,0.250,1.270
2014/10/02 13:32:58,1.77,37.99247,-122.30695,179.134,63.376,0.0,-81,1.901,0.250,0.865
2014/10/02 13:33:03,1.77,37.99190,-122.30841,187.008,64.454,0.0,-81,2.010,1.125,0.388
2014/10/02 13:33:08,1.96,37.99119,-122.30982,198.163,65.918,0.0,-81,0.997,0.500,1.658
2014/10/02 13:33:13,1.77,37.99038,-122.31117,203.412,67.500,0.0,-81,1.013,0.000,0.927
2014/10/02 13:33:18,1.96,37.98949,-122.31243,211.942,64.295,0.0,-81,0.580,0.292,2.218
2014/10/02 13:33:23,2.68,37.98853,-122.31350,219.816,63.514,0.0,-79,1.000,0.292,0.251
2014/10/02 13:33:28,1.8,37.98748,-122.31445,225.722,63.765,0.0,-79,1.609,0.000,0.370
2014/10/02 13:33:33,1.8,37.98639,-122.31521,232.612,61.621,0.0,-79,0.933,0.500,0.249
2014/10/02 13:33:38,1.76,37.98520,-122.31582,234.252,65.938,0.0,-79,0.543,0.292,1.086
2014/10/02 13:33:43,2.68,37.98389,-122.31626,244.094,68.021,0.0,-79,0.960,0.958,1.342
2014/10/02 13:33:48,1.79,37.98252,-122.31657,253.609,70.941,0.0,-79,1.206,1.542,0.730
2014/10/02 13:33:53,1.8,37.98115,-122.31693,260.499,68.343,0.0,-73,0.750,0.000,0.922
2014/10/02 13:33:58,1.76,37.97986,-122.31735,265.420,65.326,0.0,-73,1.023,0.792,0.726
2014/10/02 13:34:03,1.76,37.97859,-122.31778,269.685,65.557,0.0,-73,1.128,0.750,0.266
2014/10/02 13:34:08,1.79,37.97728,-122.31822,261.483,67.647,0.0,-73,1.125,0.000,3.001
2014/10/02 13:34:13,1.79,37.97594,-122.31868,244.423,70.828,0.0,-73,0.730,0.500,0.331
2014/10/02 13:34:18,1.78,37.97454,-122.31914,220.801,70.224,0.0,-73,0.000,0.000,0.000
2014/10/02 13:34:23,1.78,37.97317,-122.31960,199.475,71.339,0.0,-95,0.000,0.000,0.000
2014/10/02 13:34:28,1.78,37.97176,-122.32006,181.430,72.690,0.0,-95,0.000,0.542,0.413
2014/10/02 13:34:33,1.78,37.97036,-122.32054,165.354,71.146,0.0,-95,0.000,0.792,0.662
2014/10/02 13:34:38,1.88,37.96902,-122.32099,149.606,67.939,0.0,-95,0.000,1.250,1.474
2014/10/02 13:34:43,1.75,37.96769,-122.32150,129.593,68.269,0.0,-95,0.000,0.250,4.713
2014/10/02 13:34:48,1.82,37.96651,-122.32240,113.189,68.823,0.0,-95,0.006,1.958,1.147
2014/10/02 13:34:53,1.74,37.96557,-122.32368,98.097,68.707,0.0,-53,2.128,1.708,1.123
2014/10/02 13:34:58,1.94,37.96480,-122.32513,84.646,68.064,0.0,-53,1.130,1.917,1.097
2014/10/02 13:35:03,1.94,37.96404,-122.32656,77.756,68.869,0.0,-53,1.125,0.000,1.242
2014/10/02 13:35:08,1.94,37.96326,-122.32799,75.131,67.053,0.0,-53,0.739,2.333,2.054
2014/10/02 13:35:13,1.74,37.96234,-122.32918,83.990,64.527,0.0,-53,1.113,1.750,1.034
2014/10/02 13:35:18,1.81,37.96126,-122.33006,97.441,63.030,0.0,-53,1.104,2.292,1.268
2014/10/02 13:35:23,1.77,37.96009,-122.33060,112.533,62.305,0.0,-53,1.096,1.708,1.856
2014/10/02 13:35:28,1.78,37.95881,-122.33082,116.798,65.742,0.0,-71,0.000,1.125,2.210
2014/10/02 13:35:33,2.14,37.95746,-122.33066,119.751,67.949,0.0,-71,0.000,1.708,1.353
2014/10/02 13:35:38,2.24,37.95619,-122.33012,120.735,67.170,0.0,-71,0.000,0.000,1.099
2014/10/02 13:35:43,2.24,37.95499,-122.32941,119.094,66.012,0.0,-71,0.000,1.667,2.494
2014/10/02 13:35:48,2.24,37.95379,-122.32870,118.438,66.051,0.0,-71,0.000,1.708,2.609
2014/10/02 13:35:53,2.23,37.95257,-122.32804,118.438,65.783,0.0,-71,0.006,0.000,0.327
2014/10/02 13:35:58,2.23,37.95134,-122.32744,113.517,65.577,0.0,-73,1.516,0.000,0.169
2014/10/02 13:36:03,1.82,37.95010,-122.32684,108.268,66.455,0.0,-73,1.165,0.042,0.381
2014/10/02 13:36:08,2.23,37.94888,-122.32625,101.050,64.439,0.0,-73,0.901,1.250,0.817
2014/10/02 13:36:13,1.82,37.94765,-122.32570,94.488,64.616,0.0,-73,0.938,1.083,0.000
2014/10/02 13:36:18,1.82,37.94646,-122.32515,93.832,61.773,0.0,-73,0.592,1.000,3.930
2014/10/02 13:36:23,1.82,37.94529,-122.32458,87.270,63.262,0.0,-73,0.820,1.292,1.926
2014/10/02 13:36:28,1.82,37.94408,-122.32406,80.052,62.665,0.0,-85,1.423,1.250,2.122
2014/10/02 13:36:33,2.22,37.94282,-122.32389,84.318,63.228,0.0,-85,1.395,1.875,1.878
2014/10/02 13:36:38,1.81,37.94157,-122.32415,79.724,63.127,0.0,-85,0.721,1.208,4.118
2014/10/02 13:36:43,1.81,37.94037,-122.32473,86.286,65.027,0.0,-85,1.143,1.250,3.278
2014/10/02 13:36:48,1.81,37.93916,-122.32535,90.223,64.445,0.0,-85,1.056,0.000,0.000
2014/10/02 13:36:53,1.81,37.93797,-122.32595,95.472,63.276,0.0,-85,0.694,1.250,5.994
2014/10/02 13:36:58,1.81,37.93681,-122.32654,97.769,61.469,0.0,-69,0.631,1.292,2.637
2014/10/02 13:37:03,1.81,37.93565,-122.32697,94.488,59.175,0.0,-69,0.701,1.292,2.350
2014/10/02 13:37:08,1.81,37.93448,-122.32699,84.318,59.965,0.0,-69,1.026,0.000,0.000
2014/10/02 13:37:13,1.81,37.93330,-122.32657,84.318,61.744,0.0,-69,1.903,1.958,3.669
2014/10/02 13:37:18,1.81,37.93220,-122.32583,84.974,61.885,0.0,-69,1.131,1.958,3.701
2014/10/02 13:37:23,1.8,37.93111,-122.32505,86.286,61.703,0.0,-69,0.727,1.417,4.030
2014/10/02 13:37:28,1.8,37.93004,-122.32432,74.475,58.796,0.0,-69,0.162,0.000,1.705
2014/10/02 13:37:33,1.8,37.92897,-122.32360,63.648,61.728,0.0,-51,0.739,2.125,0.925
2014/10/02 13:37:38,1.8,37.92786,-122.32284,58.071,63.465,0.0,-51,1.570,1.875,1.030
2014/10/02 13:37:43,1.8,37.92676,-122.32207,63.976,61.506,0.0,-51,1.788,1.833,1.762
2014/10/02 13:37:48,1.73,37.92570,-122.32132,70.866,58.572,0.0,-51,0.943,1.875,2.738
2014/10/02 13:37:53,2.09,37.92469,-122.32058,68.241,58.992,0.0,-51,0.890,0.000,3.870
2014/10/02 13:37:58,1.73,37.92363,-122.31978,55.118,62.753,0.0,-51,0.533,1.875,1.622
2014/10/02 13:38:03,1.73,37.92253,-122.31897,51.837,62.962,0.0,-59,0.887,3.167,1.176
2014/10/02 13:38:08,1.73,37.92143,-122.31824,57.415,61.066,0.0,-59,0.930,0.000,1.126
2014/10/02 13:38:13,1.73,37.92027,-122.31778,62.664,60.301,0.0,-59,1.509,1.875,1.022
2014/10/02 13:38:18,1.73,37.91906,-122.31758,60.367,60.954,0.0,-59,1.004,1.917,1.832
2014/10/02 13:38:23,1.73,37.91784,-122.31757,55.774,60.377,0.0,-59,1.113,1.917,1.129
2014/10/02 13:38:28,1.79,37.91665,-122.31757,52.493,57.989,0.0,-59,1.325,1.875,1.229
2014/10/02 13:38:33,1.72,37.91550,-122.31757,49.541,56.646,0.0,-61,1.279,1.917,1.697
2014/10/02 13:38:38,2.24,37.91436,-122.31756,49.541,56.785,0.0,-61,1.410,1.875,1.426
2014/10/02 13:38:43,2.19,37.91317,-122.31756,47.900,60.177,0.0,-61,1.559,1.917,1.663
2014/10/02 13:38:48,1.72,37.91193,-122.31755,47.572,62.190,0.0,-61,1.268,1.875,1.930
2014/10/02 13:38:53,1.79,37.91077,-122.31737,40.682,60.841,0.0,-61,0.634,0.000,3.830
2014/10/02 13:38:58,1.72,37.90966,-122.31687,30.512,56.090,0.0,-61,0.000,0.000,0.000
2014/10/02 13:39:03,1.72,37.90865,-122.31623,21.654,57.105,0.0,-85,0.574,0.000,0.000
2014/10/02 13:39:08,1.72,37.90763,-122.31554,11.483,58.004,0.0,-85,0.000,0.000,0.000
2014/10/02 13:39:13,1.72,37.90660,-122.31484,14.764,56.323,0.0,-85,0.000,0.000,0.000
2014/10/02 13:39:18,1.78,37.90559,-122.31415,26.903,56.885,0.0,-85,0.000,0.000,0.000
2014/10/02 13:39:23,1.78,37.90459,-122.31347,35.105,55.307,0.0,-85,0.000,0.000,0.000
2014/10/02 13:39:28,2.06,37.90363,-122.31281,37.073,53.554,0.0,-85,0.000,0.000,0.000
2014/10/02 13:39:33,1.78,37.90269,-122.31216,38.714,53.404,0.0,-85,0.000,0.000,8.738
2014/10/02 13:39:38,2.06,37.90174,-122.31151,38.714,52.648,0.0,-57,0.000,0.000,0.000
2014/10/02 13:39:43,2.06,37.90078,-122.31086,30.512,56.525,0.0,-57,0.000,0.000,0.000
2014/10/02 13:39:48,1.71,37.89970,-122.31021,18.701,61.041,0.0,-57,0.000,0.000,0.000
2014/10/02 13:39:53,1.77,37.89854,-122.30964,10.171,62.230,0.0,-57,0.000,0.000,0.000
2014/10/02 13:39:58,1.7,37.89737,-122.30916,14.764,60.795,0.0,-57,0.000,0.000,0.000
2014/10/02 13:40:03,1.7,37.89620,-122.30869,26.247,61.019,0.0,-57,0.000,0.000,2.726
2014/10/02 13:40:08,1.7,37.89508,-122.30823,36.745,56.895,0.0,-69,0.000,0.000,0.249
2014/10/02 13:40:13,2.05,37.89400,-122.30780,43.635,56.105,0.0,-69,0.048,0.125,0.431
2014/10/02 13:40:18,2.05,37.89289,-122.30755,48.556,56.971,0.0,-69,2.750,0.917,0.169
2014/10/02 13:40:23,2.05,37.89175,-122.30769,48.556,55.814,0.0,-69,2.372,0.542,0.489
2014/10/02 13:40:28,2.05,37.89069,-122.30811,48.556,55.744,0.0,-69,1.760,0.542,0.158
2014/10/02 13:40:33,2.09,37.88961,-122.30864,43.635,59.372,0.0,-69,2.705,0.625,0.146
2014/10/02 13:40:38,2.04,37.88846,-122.30912,38.714,62.117,0.0,-69,2.202,0.583,0.249
2014/10/02 13:40:43,2.04,37.88729,-122.30931,32.480,56.428,0.0,-69,1.436,0.000,0.000
2014/10/02 13:40:45,2.04,37.88615,-122.30921,21.325,58.073,0.0,-69,0.000,0.542,0.265
2014/10/02 13:40:50,2.04,37.88497,-122.30896,9.514,60.047,0.0,-69,3.314,1.917,0.190
2014/10/02 13:40:55,2.04,37.88380,-122.30870,9.843,59.885,0.0,-69,3.426,0.917,0.162
2014/10/02 13:41:00,2.03,37.88257,-122.30843,13.451,62.806,0.0,-69,3.313,0.917,0.153
2014/10/02 13:41:05,2.03,37.88135,-122.30814,16.076,59.196,0.0,-51,3.237,0.000,0.270
2014/10/02 13:41:10,2.03,37.88016,-122.30788,19.357,59.483,0.0,-51,3.356,0.750,0.161
2014/10/02 13:41:15,2.03,37.87901,-122.30763,30.512,56.317,0.0,-51,3.375,0.792,0.165
2014/10/02 13:41:20,2.03,37.87795,-122.30736,33.465,53.182,0.0,-51,0.000,0.000,0.000
2014/10/02 13:41:25,1.81,37.87693,-122.30706,26.575,49.964,0.0,-51,0.000,0.000,0.000
2014/10/02 13:41:30,1.81,37.87600,-122.30679,15.748,46.148,0.0,-51,0.000,0.000,2.424
2014/10/02 13:41:35,1.81,37.87512,-122.30650,12.467,46.477,0.0,-51,0.253,0.000,0.154
2014/10/02 13:41:40,1.81,37.87416,-122.30617,10.499,49.778,0.0,-53,2.807,0.000,0.150
2014/10/02 13:41:45,1.81,37.87320,-122.30588,10.827,48.780,0.0,-53,1.983,0.125,0.162
2014/10/02 13:41:50,1.81,37.87228,-122.30559,9.843,45.012,0.0,-53,0.942,1.500,0.456
2014/10/02 13:41:55,1.81,37.87144,-122.30533,9.843,41.773,0.0,-53,0.000,1.708,0.570
2014/10/02 13:42:00,1.81,37.87067,-122.30509,10.171,36.005,0.0,-53,1.200,1.750,0.449
2014/10/02 13:42:05,2.02,37.87002,-122.30489,11.811,31.032,0.0,-53,0.962,1.750,0.478
2014/10/02 13:42:10,2.13,37.86939,-122.30470,16.404,32.545,0.0,-61,1.189,1.667,0.470
2014/10/02 13:42:15,2.13,37.86872,-122.30449,13.780,35.959,0.0,-61,1.253,1.750,0.554
2014/10/02 13:42:20,1.97,37.86798,-122.30426,7.546,38.494,0.0,-61,1.694,1.875,0.582
2014/10/02 13:42:25,3.3,37.86720,-122.30401,4.921,40.883,0.0,-61,1.081,1.708,0.467
2014/10/02 13:42:30,1.8,37.86655,-122.30378,14.108,35.878,0.0,-61,1.111,1.625,0.529
2014/10/02 13:42:35,1.8,37.86596,-122.30361,33.136,30.126,0.0,-61,0.921,1.417,0.836
2014/10/02 13:42:40,1.8,37.86551,-122.30349,38.714,15.223,0.0,-59,0.808,1.708,0.381
2014/10/02 13:42:45,1.8,37.86534,-122.30343,38.714,1.223,0.0,-59,1.122,1.708,0.502
2014/10/02 13:42:50,1.8,37.86533,-122.30344,37.402,0.456,0.0,-59,1.753,1.833,0.445
2014/10/02 13:42:55,1.8,37.86534,-122.30344,30.840,0.029,0.0,-59,1.329,1.833,0.587
2014/10/02 13:43:00,1.8,37.86534,-122.30344,25.919,1.080,0.0,-59,1.419,1.833,0.508
2014/10/02 13:43:05,1.8,37.86527,-122.30341,26.247,7.798,0.0,-59,1.759,0.000,0.436
2014/10/02 13:43:10,2.0,37.86497,-122.30332,27.559,20.301,0.0,-57,1.367,1.833,0.501
2014/10/02 13:43:15,1.8,37.86455,-122.30321,28.871,22.076,0.0,-57,1.561,1.833,0.421
2014/10/02 13:43:20,1.8,37.86403,-122.30310,28.215,30.310,0.0,-57,1.810,1.833,0.465
2014/10/02 13:43:25,1.8,37.86340,-122.30292,25.591,31.842,0.0,-57,1.307,1.708,1.596
2014/10/02 13:43:30,1.8,37.86276,-122.30274,20.997,32.132,0.0,-57,0.695,1.208,0.473
2014/10/02 13:43:35,1.8,37.86219,-122.30262,19.685,26.833,0.0,-57,1.027,1.708,0.570
2014/10/02 13:43:40,1.8,37.86170,-122.30249,19.357,23.701,0.0,-57,0.879,1.750,0.490
2014/10/02 13:43:45,1.8,37.86125,-122.30237,19.685,22.273,0.0,-73,1.109,1.750,0.509
2014/10/02 13:43:50,1.8,37.86082,-122.30224,19.029,22.233,0.0,-73,1.257,1.833,0.428
2014/10/02 13:43:55,1.8,37.86037,-122.30212,18.045,23.468,0.0,-73,1.003,1.875,0.522
2014/10/02 13:44:00,1.8,37.85985,-122.30197,17.388,29.080,0.0,-73,1.183,1.833,0.502
2014/10/02 13:44:05,1.8,37.85926,-122.30181,20.997,29.556,0.0,-73,1.268,1.833,0.458
2014/10/02 13:44:10,1.79,37.85866,-122.30165,21.982,31.724,0.0,-73,1.504,1.875,0.494
2014/10/02 13:44:15,1.79,37.85803,-122.30147,21.654,32.684,0.0,-65,0.892,1.833,0.427
2014/10/02 13:44:20,1.79,37.85740,-122.30129,20.669,31.887,0.0,-65,1.424,1.708,0.488
2014/10/02 13:44:25,1.79,37.85678,-122.30112,20.341,31.374,0.0,-65,1.009,1.250,0.674
2014/10/02 13:44:30,1.79,37.85613,-122.30094,21.654,34.114,0.0,-65,0.782,1.708,0.477
2014/10/02 13:44:35,1.79,37.85543,-122.30074,19.357,37.790,0.0,-65,1.623,1.833,0.454
2014/10/02 13:44:40,1.79,37.85464,-122.30052,19.685,42.534,0.0,-65,1.421,1.875,0.481
2014/10/02 13:44:45,1.79,37.85379,-122.30029,22.310,42.555,0.0,-75,1.156,1.833,0.462
2014/10/02 13:44:50,1.79,37.85293,-122.30005,22.638,45.107,0.0,-75,0.907,1.833,0.406
2014/10/02 13:44:55,1.79,37.85204,-122.29981,23.294,44.590,0.0,-75,1.195,1.583,0.418
2014/10/02 13:45:00,1.79,37.85122,-122.29961,22.310,40.378,0.0,-75,1.148,0.000,0.610
2014/10/02 13:45:05,1.79,37.85042,-122.29941,20.341,40.096,0.0,-75,1.840,1.625,0.482
2014/10/02 13:45:10,1.79,37.84962,-122.29922,20.669,40.725,0.0,-75,1.414,1.500,0.498
2014/10/02 13:45:15,1.79,37.84884,-122.29903,20.669,39.044,0.0,-77,0.978,1.708,0.616
2014/10/02 13:45:20,1.79,37.84805,-122.29884,25.262,41.596,0.0,-77,1.103,2.083,1.374
2014/10/02 13:45:25,1.79,37.84722,-122.29865,29.528,41.720,0.0,-77,0.632,1.625,2.286
2014/10/02 13:45:30,1.79,37.84640,-122.29848,27.887,39.323,0.0,-77,0.824,1.583,1.290
2014/10/02 13:45:35,1.79,37.84563,-122.29830,26.575,39.777,0.0,-77,1.849,1.500,2.090
2014/10/02 13:45:40,1.79,37.84485,-122.29813,28.871,39.174,0.0,-77,2.070,1.833,1.090
2014/10/02 13:45:45,1.79,37.84409,-122.29797,29.856,38.451,0.0,-77,1.294,1.833,1.389
2014/10/02 13:45:50,1.79,37.84335,-122.29782,31.824,36.094,0.0,-61,1.200,1.542,1.606
2014/10/02 13:45:55,1.78,37.84265,-122.29767,32.480,34.957,0.0,-61,0.929,0.000,4.009
2014/10/02 13:46:00,1.78,37.84195,-122.29751,31.168,36.636,0.0,-61,0.724,1.583,1.930
2014/10/02 13:46:05,1.95,37.84124,-122.29738,30.840,33.956,0.0,-61,1.108,2.125,2.201
2014/10/02 13:46:10,1.95,37.84062,-122.29728,30.512,30.570,0.0,-61,1.289,0.000,1.457
2014/10/02 13:46:15,1.78,37.83997,-122.29717,32.152,34.003,0.0,-61,0.721,0.000,0.358
2014/10/02 13:46:20,1.78,37.83927,-122.29703,35.761,36.452,0.0,-63,0.971,0.000,1.178
2014/10/02 13:46:25,1.78,37.83852,-122.29688,42.323,38.675,0.0,-63,1.026,0.042,1.380
2014/10/02 13:46:30,1.78,37.83781,-122.29673,48.228,33.028,0.0,-63,1.617,1.583,0.497
2014/10/02 13:46:35,1.95,37.83718,-122.29652,43.307,34.007,0.0,-63,0.736,1.208,1.290
2014/10/02 13:46:40,1.95,37.83646,-122.29621,28.543,41.444,0.0,-63,0.279,0.000,1.342
2014/10/02 13:46:45,1.95,37.83560,-122.29581,15.748,49.274,0.0,-63,1.275,0.875,0.514
2014/10/02 13:46:50,1.95,37.83463,-122.29536,12.795,51.496,0.0,-71,1.272,1.500,1.075
2014/10/02 13:46:55,1.78,37.83365,-122.29490,15.420,52.743,0.0,-71,0.430,1.250,0.340
2014/10/02 13:47:00,1.95,37.83265,-122.29446,18.701,53.115,0.0,-71,0.520,0.792,0.521
2014/10/02 13:47:05,1.78,37.83159,-122.29417,17.060,54.594,0.0,-71,0.701,1.375,0.210
2014/10/02 13:47:10,2.16,37.83051,-122.29405,19.029,53.160,0.0,-71,1.251,1.625,0.598
2014/10/02 13:47:15,1.85,37.82948,-122.29416,20.669,51.067,0.0,-71,0.382,0.917,0.000
2014/10/02 13:47:20,1.83,37.82851,-122.29474,18.045,56.023,0.0,-65,1.489,1.167,0.000
2014/10/02 13:47:25,1.83,37.82775,-122.29583,17.060,58.730,0.0,-65,0.463,0.000,0.954
2014/10/02 13:47:30,1.77,37.82730,-122.29726,15.420,61.864,0.0,-65,0.921,0.417,0.394
2014/10/02 13:47:35,1.77,37.82692,-122.29877,7.218,62.951,0.0,-65,1.648,1.958,0.658
2014/10/02 13:47:40,1.77,37.82657,-122.30029,-8.858,62.974,0.0,-65,1.375,1.833,0.653
2014/10/02 13:47:45,1.81,37.82622,-122.30185,-15.420,63.253,0.0,-65,1.212,1.875,0.910
2014/10/02 13:47:50,1.81,37.82591,-122.30335,-20.013,58.207,0.0,-65,0.680,1.333,1.790
2014/10/02 13:47:55,1.8,37.82568,-122.30469,-16.732,50.993,0.0,-53,1.490,2.083,1.337
2014/10/02 13:48:00,1.88,37.82556,-122.30597,-14.764,52.394,0.0,-53,1.182,0.000,1.368
2014/10/02 13:48:05,1.73,37.82549,-122.30729,-9.843,51.137,0.0,-53,0.897,1.917,2.190
2014/10/02 13:48:10,1.73,37.82543,-122.30844,8.202,41.974,0.0,-53,1.282,2.667,1.430
2014/10/02 13:48:15,1.73,37.82513,-122.30936,23.950,39.193,0.0,-53,1.108,1.833,2.233
2014/10/02 13:48:20,1.73,37.82438,-122.30950,33.136,40.642,0.0,-53,0.907,1.208,2.418
2014/10/02 13:48:25,1.73,37.82399,-122.30864,30.840,42.189,0.0,-71,1.367,1.875,1.398
2014/10/02 13:48:30,1.73,37.82417,-122.30754,27.231,47.495,0.0,-71,0.897,1.833,1.490
2014/10/02 13:48:35,1.73,37.82432,-122.30632,23.950,49.534,0.0,-71,0.786,1.875,0.829
2014/10/02 13:48:40,1.73,37.82424,-122.30504,25.919,51.942,0.0,-71,1.086,0.000,0.550
2014/10/02 13:48:45,1.73,37.82391,-122.30380,26.575,50.673,0.0,-71,1.079,1.833,0.829
2014/10/02 13:48:50,1.73,37.82344,-122.30271,13.123,46.721,0.0,-71,0.582,1.875,0.690
2014/10/02 13:48:55,1.73,37.82308,-122.30177,-0.656,36.884,0.0,-73,0.848,1.833,0.890
2014/10/02 13:49:00,3.22,37.82287,-122.30108,-7.218,23.876,0.0,-73,0.855,1.875,1.155
2014/10/02 13:49:05,3.91,37.82273,-122.30075,-8.202,6.935,0.0,-73,1.379,1.208,0.816
2014/10/02 13:49:10,1.77,37.82272,-122.30071,-4.265,0.182,0.0,-73,1.424,1.833,0.657
2014/10/02 13:49:15,2.42,37.82269,-122.30059,0.656,13.662,0.0,-73,0.979,1.833,0.382
2014/10/02 13:49:20,4.48,37.82241,-122.30009,7.546,30.990,0.0,-73,0.000,0.000,0.770
2014/10/02 13:49:25,2.42,37.82205,-122.29931,3.281,38.204,0.0,-69,1.124,1.833,0.830
2014/10/02 13:49:30,2.42,37.82167,-122.29845,14.108,40.257,0.0,-69,1.011,1.833,1.469
2014/10/02 13:49:35,2.67,37.82129,-122.29757,21.325,39.426,0.0,-69,1.161,1.833,2.162
2014/10/02 13:49:40,1.72,37.82090,-122.29666,38.058,41.024,0.0,-69,0.940,1.833,1.948
2014/10/02 13:49:45,1.89,37.82037,-122.29581,32.808,41.601,0.0,-69,1.069,1.833,2.358
2014/10/02 13:49:50,1.89,37.81971,-122.29500,34.121,32.932,0.0,-69,0.745,1.833,3.790
2014/10/02 13:49:55,1.76,37.81942,-122.29459,35.433,12.695,0.0,-69,0.504,1.833,1.997
2014/10/02 13:50:00,1.93,37.81939,-122.29454,31.824,0.560,0.0,-65,1.240,0.000,0.000
2014/10/02 13:50:05,2.13,37.81938,-122.29453,27.231,0.459,0.0,-65,1.548,2.583,1.458
2014/10/02 13:50:10,2.03,37.81937,-122.29452,19.357,0.911,0.0,-65,1.072,2.375,0.000
2014/10/02 13:50:15,1.93,37.81938,-122.29453,17.388,0.106,0.0,-65,1.028,2.333,2.774
2014/10/02 13:50:20,4.22,37.81940,-122.29456,21.982,2.488,0.0,-65,1.247,0.000,2.305
2014/10/02 13:50:25,1.71,37.81920,-122.29421,21.982,22.559,0.0,-65,1.116,2.333,2.461
2014/10/02 13:50:30,1.71,37.81888,-122.29360,24.278,31.752,0.0,-69,1.056,2.375,2.670
2014/10/02 13:50:35,1.93,37.81852,-122.29285,13.123,37.028,0.0,-69,0.387,0.000,2.838
2014/10/02 13:50:40,1.71,37.81812,-122.29205,1.640,36.603,0.0,-69,1.060,2.333,4.262
2014/10/02 13:50:45,1.84,37.81775,-122.29134,3.937,31.107,0.0,-69,0.756,1.542,0.000
2014/10/02 13:50:50,1.75,37.81742,-122.29071,7.874,29.623,0.0,-69,0.958,1.583,2.390
2014/10/02 13:50:55,1.87,37.81718,-122.29024,-0.656,14.633,0.0,-69,0.742,1.583,2.697
2014/10/02 13:51:00,1.84,37.81701,-122.28995,-8.530,11.503,0.0,-51,1.038,0.000,2.365
2014/10/02 13:51:05,1.75,37.81695,-122.28986,-7.874,0.061,0.0,-51,1.890,2.333,1.821
2014/10/02 13:51:10,1.75,37.81696,-122.28986,-11.483,0.077,0.0,-51,2.345,2.333,0.830
2014/10/02 13:51:15,1.83,37.81695,-122.28986,-11.811,0.106,0.0,-51,1.439,0.000,0.989
2014/10/02 13:51:20,1.83,37.81695,-122.28986,-12.139,0.042,0.0,-51,1.748,0.000,1.190
2014/10/02 13:51:25,2.31,37.81693,-122.28982,-13.780,8.375,0.0,-51,2.802,0.167,0.157
2014/10/02 13:51:30,1.75,37.81680,-122.28953,-9.843,16.681,0.0,-55,1.727,0.000,0.298
2014/10/02 13:51:35,2.64,37.81666,-122.28900,-9.186,25.112,0.0,-55,0.942,1.833,0.450
2014/10/02 13:51:40,1.71,37.81652,-122.28840,-7.218,22.600,0.0,-55,1.253,1.833,0.477
2014/10/02 13:51:45,2.93,37.81639,-122.28788,-3.281,18.872,0.0,-55,0.752,1.583,0.627
2014/10/02 13:51:50,2.93,37.81632,-122.28759,4.265,5.862,0.0,-55,1.537,1.458,0.541
2014/10/02 13:51:55,1.92,37.81632,-122.28756,5.249,2.084,0.0,-55,1.320,1.458,0.536
2014/10/02 13:52:00,1.92,37.81638,-122.28753,-1.640,0.674,0.0,-55,1.072,1.375,1.050
2014/10/02 13:52:05,1.92,37.81638,-122.28753,-4.593,1.172,0.0,-73,1.066,0.958,0.882
2014/10/02 13:52:10,4.18,37.81636,-122.28755,4.593,1.212,0.0,-73,1.522,1.500,0.738
2014/10/02 13:52:15,1.81,37.81632,-122.28745,-1.969,9.934,0.0,-73,1.196,1.333,0.482
2014/10/02 13:52:20,1.92,37.81621,-122.28705,15.420,20.948,0.0,-73,2.109,1.583,0.538
2014/10/02 13:52:25,1.79,37.81613,-122.28646,0.656,25.883,0.0,-73,1.111,1.625,0.777
2014/10/02 13:52:30,1.7,37.81596,-122.28583,3.937,25.848,0.0,-73,0.677,1.125,0.548
2014/10/02 13:52:35,1.7,37.81581,-122.28510,-0.656,31.048,0.0,-79,0.461,0.583,0.482
2014/10/02 13:52:40,1.85,37.81559,-122.28436,-2.625,28.882,0.0,-79,0.117,0.000,1.598
2014/10/02 13:52:45,1.74,37.81539,-122.28355,-1.640,35.986,0.0,-79,0.102,0.417,0.000
2014/10/02 13:52:50,1.79,37.81518,-122.28264,-1.312,36.466,0.0,-79,0.141,0.375,0.000
2014/10/02 13:52:55,1.79,37.81499,-122.28179,1.312,35.006,0.0,-79,0.277,0.417,0.645
2014/10/02 13:53:00,1.74,37.81480,-122.28093,1.640,34.415,0.0,-79,0.719,1.042,0.637
2014/10/02 13:53:05,1.74,37.81465,-122.28010,4.265,31.646,0.0,-73,1.076,1.333,0.597
2014/10/02 13:53:10,1.74,37.81461,-122.27954,6.562,17.326,0.0,-73,0.865,1.333,0.369
2014/10/02 13:53:15,1.74,37.81459,-122.27920,10.171,7.141,0.0,-73,1.022,1.167,0.627
2014/10/02 13:53:20,1.74,37.81460,-122.27918,8.530,0.011,0.0,-73,1.054,1.333,0.390
2014/10/02 13:53:25,1.74,37.81462,-122.27919,7.546,0.124,0.0,-73,1.078,1.750,0.628
2014/10/02 13:53:30,1.73,37.81462,-122.27920,7.218,0.038,0.0,-73,1.523,2.375,1.357
2014/10/02 13:53:35,1.73,37.81462,-122.27920,6.890,0.016,0.0,-65,1.391,2.833,2.441
2014/10/02 13:53:40,1.61,37.81461,-122.27920,7.218,0.056,0.0,-65,1.356,0.000,1.637
2014/10/02 13:53:45,1.61,37.81460,-122.27916,6.562,6.000,0.0,-65,1.237,2.167,2.550
2014/10/02 13:53:50,1.61,37.81449,-122.27880,10.171,19.375,0.0,-65,1.052,2.167,1.882
2014/10/02 13:53:55,1.73,37.81430,-122.27828,8.530,24.652,0.0,-65,1.188,1.458,1.769
2014/10/02 13:54:00,1.83,37.81408,-122.27770,8.202,25.211,0.0,-65,1.796,2.167,1.650
2014/10/02 13:54:05,1.73,37.81386,-122.27713,8.202,25.224,0.0,-65,1.572,2.167,1.748
2014/10/02 13:54:10,1.73,37.81362,-122.27654,11.811,25.464,0.0,-55,1.071,0.000,2.336
2014/10/02 13:54:15,1.73,37.81339,-122.27596,11.811,24.522,0.0,-55,1.250,2.208,1.630
2014/10/02 13:54:20,1.73,37.81319,-122.27544,13.123,21.304,0.0,-55,1.230,2.208,2.253
2014/10/02 13:54:25,1.73,37.81300,-122.27499,17.717,17.488,0.0,-55,0.816,2.167,1.782
2014/10/02 13:54:30,1.88,37.81280,-122.27494,14.108,8.312,0.0,-55,1.431,2.208,2.098
2014/10/02 13:54:35,11.86,37.81270,-122.27525,-5.249,15.116,0.0,-55,1.688,0.000,2.514
2014/10/02 13:54:40,2.18,37.81212,-122.27560,15.092,31.234,0.0,-51,1.880,2.167,1.657
2014/10/02 13:54:45,2.39,37.81143,-122.27595,16.076,28.512,0.0,-51,1.990,2.167,2.370
2014/10/02 13:54:50,1.8,37.81093,-122.27622,18.373,15.987,0.0,-51,1.859,2.167,1.470
2014/10/02 13:54:55,2.33,37.81070,-122.27631,16.404,11.263,0.0,-51,1.429,2.208,2.050
2014/10/02 13:55:00,2.43,37.81027,-122.27658,15.092,32.148,0.0,-51,1.921,0.000,2.298
2014/10/02 13:55:05,2.43,37.80955,-122.27702,14.764,41.535,0.0,-51,1.368,2.167,2.185
2014/10/02 13:55:10,3.23,37.80875,-122.27749,15.748,44.236,0.0,-57,1.771,2.167,2.331
2014/10/02 13:55:15,2.1,37.80787,-122.27796,10.171,50.332,0.0,-57,0.983,2.167,2.668
2014/10/02 13:55:20,2.63,37.80687,-122.27848,3.937,55.556,0.0,-57,0.751,1.458,0.000
2014/10/02 13:55:25,2.58,37.80579,-122.27905,4.921,58.318,0.0,-57,0.305,0.000,0.786
2014/10/02 13:55:30,2.0,37.80465,-122.27965,4.593,61.346,0.0,-57,0.336,1.458,2.046
2014/10/02 13:55:35,1.6,37.80354,-122.28025,16.076,58.516,0.0,-57,0.311,0.000,0.000
2014/10/02 13:55:40,1.6,37.80236,-122.28043,39.042,57.486,0.0,-65,0.508,0.833,3.730
2014/10/02 13:55:45,1.72,37.80122,-122.28011,56.759,55.800,0.0,-65,0.092,0.000,0.000
2014/10/02 13:55:50,1.81,37.80027,-122.27938,60.696,54.975,0.0,-65,0.000,0.750,7.790
2014/10/02 13:55:55,2.08,37.79958,-122.27836,58.071,51.944,0.0,-65,0.409,1.542,0.815
2014/10/02 13:56:00,1.6,37.79909,-122.27718,38.386,54.323,0.0,-65,0.712,0.000,0.000
2014/10/02 13:56:05,1.64,37.79857,-122.27598,37.073,53.519,0.0,-65,0.000,0.000,0.000
2014/10/02 13:56:10,1.64,37.79812,-122.27477,36.089,50.383,0.0,-65,0.000,0.000,0.000
2014/10/02 13:56:15,1.64,37.79761,-122.27371,36.745,49.336,0.0,-51,0.000,0.000,0.000
2014/10/02 13:56:20,1.6,37.79716,-122.27258,35.433,50.268,0.0,-51,0.000,0.000,0.000
2014/10/02 13:56:25,1.6,37.79676,-122.27145,33.136,46.794,0.0,-51,0.000,0.000,0.000
2014/10/02 13:56:30,1.6,37.79639,-122.27044,21.325,41.125,0.0,-51,0.000,0.000,0.000
2014/10/02 13:56:35,2.59,37.79607,-122.26958,11.811,34.419,0.0,-51,0.000,0.000,6.909
2014/10/02 13:56:40,2.53,37.79576,-122.26885,5.577,31.379,0.0,-51,0.000,0.000,0.000
2014/10/02 13:56:45,2.08,37.79552,-122.26822,-0.656,25.951,0.0,-73,0.000,0.000,7.215
2014/10/02 13:56:50,1.81,37.79529,-122.26766,3.281,21.902,0.0,-73,0.000,0.000,0.000
2014/10/02 13:56:55,2.43,37.79511,-122.26722,1.969,16.946,0.0,-73,0.000,0.000,0.000
2014/10/02 13:57:00,2.79,37.79499,-122.26689,4.921,12.698,0.0,-73,0.000,0.000,0.000
2014/10/02 13:57:05,2.43,37.79511,-122.26668,8.858,11.431,0.0,-73,0.000,0.000,5.209
2014/10/02 13:57:10,1.89,37.79525,-122.26659,8.202,5.229,0.0,-73,0.089,0.125,0.415
2014/10/02 13:57:15,1.88,37.79542,-122.26651,10.827,11.627,0.0,-85,1.114,0.750,0.405
2014/10/02 13:57:20,1.81,37.79567,-122.26677,11.483,19.973,0.0,-85,1.219,0.000,0.733
2014/10/02 13:57:25,5.76,37.79586,-122.26721,20.013,19.376,0.0,-85,1.123,0.750,0.490
2014/10/02 13:57:30,1.53,37.79594,-122.26740,23.622,0.546,0.0,-85,2.048,1.917,0.449
2014/10/02 13:57:35,1.53,37.79593,-122.26738,22.310,0.018,0.0,-85,2.625,1.750,0.466
2014/10/02 13:57:40,1.53,37.79592,-122.26736,23.950,0.039,0.0,-85,2.962,1.333,0.189
2014/10/02 13:57:45,1.53,37.79592,-122.26735,25.919,0.051,0.0,-69,2.782,0.917,0.349
2014/10/02 13:57:50,1.53,37.79591,-122.26735,28.543,0.049,0.0,-69,2.725,0.667,0.300
2014/10/02 13:57:55,1.48,37.79591,-122.26734,29.199,0.039,0.0,-69,2.920,0.500,0.249
2014/10/02 13:58:00,1.92,37.79592,-122.26739,26.247,7.172,0.0,-69,2.497,0.750,0.269
2014/10/02 13:58:05,1.73,37.79588,-122.26748,33.793,2.532,0.0,-69,0.000,0.250,0.170
2014/10/02 13:58:10,1.96,37.79586,-122.26745,43.963,1.141,0.0,-69,1.157,0.500,0.317
2014/10/02 13:58:15,1.96,37.79586,-122.26745,43.635,0.363,0.0,-69,1.359,0.458,1.111
2014/10/02 13:58:20,1.77,37.79587,-122.26745,44.619,0.049,0.0,-77,0.663,0.000,1.104
2014/10/02 13:58:25,1.7,37.79588,-122.26743,48.556,3.685,0.0,-77,0.740,0.375,0.335
2014/10/02 13:58:30,1.56,37.79579,-122.26722,58.727,11.865,0.0,-77,1.279,0.500,0.561
2014/10/02 13:58:35,1.53,37.79565,-122.26692,56.759,14.843,0.0,-77,0.978,0.000,1.315
2014/10/02 13:58:40,1.6,37.79561,-122.26676,42.979,1.808,0.0,-77,0.577,0.292,0.981
2014/10/02 13:58:45,2.58,37.79565,-122.26674,32.808,1.206,0.0,-77,0.779,0.417,0.970
2014/10/02 13:58:50,2.58,37.79569,-122.26678,33.465,2.964,0.0,-71,0.917,0.000,0.718
2014/10/02 13:58:56,2.58,37.79570,-122.26679,49.541,1.146,0.0,-71,1.388,0.542,0.676
2014/10/02 13:59:01,1.74,37.79570,-122.26672,86.614,0.529,0.0,-71,0.753,0.000,2.471
2014/10/02 13:59:06,1.74,37.79569,-122.26669,113.517,0.539,0.0,-71,0.478,0.292,1.088
2014/10/02 13:59:11,1.74,37.79568,-122.26666,137.795,0.458,0.0,-71,0.670,0.417,1.381
2014/10/02 13:59:16,1.78,37.79567,-122.26664,156.496,0.373,0.0,-71,0.673,0.417,0.884
2014/10/02 13:59:21,1.74,37.79568,-122.26663,165.682,0.135,0.0,-81,0.717,0.000,0.594
2014/10/02 13:59:26,1.74,37.79568,-122.26662,171.588,0.516,0.0,-81,0.885,0.250,0.881
2014/10/02 13:59:31,1.74,37.79568,-122.26662,179.462,0.414,0.0,-81,0.702,0.125,1.129
2014/10/02 13:59:36,1.74,37.79568,-122.26663,189.961,0.412,0.0,-81,0.459,0.125,0.656
2014/10/02 13:59:41,1.74,37.79568,-122.26665,200.787,0.358,0.0,-81,1.484,0.375,0.348
2014/10/02 13:59:46,1.8,37.79568,-122.26665,210.630,0.545,0.0,-81,1.513,0.000,0.441
2014/10/02 13:59:51,1.8,37.79569,-122.26666,218.176,0.375,0.0,-81,1.436,0.375,0.296
2014/10/02 13:59:56,1.74,37.79571,-122.26665,218.176,0.067,0.0,-81,2.025,0.375,0.156
2014/10/02 14:00:01,1.74,37.79572,-122.26663,216.207,0.212,0.0,-81,0.000,0.000,0.178
2014/10/02 14:00:06,1.74,37.79574,-122.26662,217.192,0.090,0.0,-81,0.000,0.000,0.202
2014/10/02 14:00:11,1.74,37.79577,-122.26662,216.864,0.114,0.0,-81,0.000,0.000,0.177
2014/10/02 14:00:16,1.74,37.79578,-122.26662,214.239,0.300,0.0,-81,0.000,0.000,0.151
2014/10/02 14:00:21,1.74,37.79579,-122.26663,211.614,0.308,0.0,-81,0.000,0.000,0.149
2014/10/02 14:00:26,1.74,37.79579,-122.26663,208.661,0.105,0.0,-81,0.000,0.000,0.170
2014/10/02 14:00:31,1.74,37.79580,-122.26664,203.740,0.057,0.0,-81,0.000,0.000,0.171
2014/10/02 14:00:36,1.74,37.79580,-122.26664,203.412,0.273,0.0,-81,0.000,0.000,0.169
2014/10/02 14:00:41,1.74,37.79580,-122.26665,201.772,0.192,0.0,-81,0.000,0.000,0.171
2014/10/02 14:00:46,1.74,37.79579,-122.26665,201.772,0.207,0.0,-81,0.000,0.000,0.167
2014/10/02 14:00:51,1.74,37.79577,-122.26665,205.709,0.391,0.0,-81,0.000,0.000,0.151
2014/10/02 14:00:56,1.74,37.79576,-122.26666,212.927,0.177,0.0,-81,0.000,0.000,0.170
2014/10/02 14:01:01,1.74,37.79575,-122.26665,216.864,0.217,0.0,-81,0.000,0.000,0.178
2014/10/02 14:01:06,1.73,37.79574,-122.26665,222.769,0.237,0.0,-81,0.000,0.000,0.151
2014/10/02 14:01:11,1.73,37.79573,-122.26665,226.378,0.157,0.0,-81,0.000,0.000,0.250
