Date-Time,DOP,Latitude,Longitude,Altitude (ft),Speed (mph),Heading (deg),mod1 SS (dBm),mod1 Down (Mbs),mod1 Up (Mbs),mod1 Ping (Sec)
2014/08/18 14:24:48,2.42,37.79590,-122.26732,99.738,2.366,0.0,-81,3.147,0.625,0.161
2014/08/18 14:24:53,2.96,37.79593,-122.26740,95.144,1.570,0.0,-81,3.366,0.500,0.161
2014/08/18 14:24:58,2.29,37.79593,-122.26743,86.286,3.796,0.0,-81,3.401,0.833,0.222
2014/08/18 14:25:03,2.11,37.79592,-122.26751,82.349,2.172,0.0,-73,2.304,0.375,0.169
2014/08/18 14:25:08,1.95,37.79590,-122.26753,107.940,1.373,0.0,-73,1.173,0.000,0.209
2014/08/18 14:25:13,2.3,37.79567,-122.26773,92.520,4.306,0.0,-73,0.500,0.375,0.287
2014/08/18 14:25:18,1.86,37.79560,-122.26776,68.898,0.010,0.0,-73,2.029,1.333,0.456
2014/08/18 14:25:23,1.87,37.79554,-122.26779,58.071,3.723,0.0,-73,2.990,1.833,0.181
2014/08/18 14:25:28,1.87,37.79539,-122.26768,44.291,11.230,0.0,-73,0.000,0.000,0.281
2014/08/18 14:25:33,1.87,37.79523,-122.26738,40.682,16.113,0.0,-89,0.000,0.000,0.000
2014/08/18 14:25:38,1.87,37.79506,-122.26700,38.386,16.948,0.0,-89,0.000,0.000,0.000
2014/08/18 14:25:43,1.87,37.79505,-122.26671,40.026,10.756,0.0,-89,0.000,0.000,0.160
2014/08/18 14:25:48,1.95,37.79517,-122.26662,43.963,7.073,0.0,-89,0.003,0.042,0.381
2014/08/18 14:25:53,2.3,37.79538,-122.26650,43.963,11.653,0.0,-89,0.340,0.000,0.770
2014/08/18 14:25:58,1.87,37.79558,-122.26658,41.339,12.224,0.0,-89,1.077,0.167,0.489
2014/08/18 14:26:03,2.3,37.79572,-122.26693,54.134,17.521,0.0,-69,0.733,1.000,0.426
2014/08/18 14:26:08,1.87,37.79587,-122.26725,56.430,10.011,0.0,-69,1.037,1.750,0.438
2014/08/18 14:26:13,2.3,37.79590,-122.26729,53.150,0.173,0.0,-69,1.118,1.833,0.471
2014/08/18 14:26:18,2.3,37.79590,-122.26730,50.525,0.936,0.0,-69,0.973,1.583,0.457
2014/08/18 14:26:23,2.3,37.79591,-122.26730,49.869,0.012,0.0,-69,1.150,1.667,0.461
2014/08/18 14:26:28,2.3,37.79591,-122.26730,52.165,0.073,0.0,-69,1.362,1.833,0.482
2014/08/18 14:26:33,2.3,37.79594,-122.26737,54.790,8.560,0.0,-69,1.320,1.708,0.498
2014/08/18 14:26:38,1.87,37.79607,-122.26770,54.134,18.003,0.0,-69,1.273,1.708,0.510
2014/08/18 14:26:43,2.3,37.79621,-122.26809,53.150,15.653,0.0,-69,1.266,1.750,0.793
2014/08/18 14:26:48,2.3,37.79632,-122.26849,52.493,20.153,0.0,-69,0.493,1.333,0.000
2014/08/18 14:26:53,1.87,37.79651,-122.26909,51.837,26.457,0.0,-69,0.311,0.292,3.406
2014/08/18 14:26:58,1.87,37.79672,-122.26972,56.102,26.291,0.0,-69,0.608,0.500,0.302
2014/08/18 14:27:03,1.87,37.79690,-122.27024,62.664,16.644,0.0,-69,0.000,0.000,2.009
2014/08/18 14:27:08,1.87,37.79703,-122.27059,67.585,16.590,0.0,-83,0.385,0.958,2.499
2014/08/18 14:27:13,1.87,37.79719,-122.27105,70.538,23.542,0.0,-83,0.000,0.125,0.000
2014/08/18 14:27:18,1.87,37.79743,-122.27172,70.210,32.546,0.0,-83,0.000,0.083,4.676
2014/08/18 14:27:23,1.87,37.79775,-122.27256,65.945,40.021,0.0,-83,0.000,1.125,0.491
2014/08/18 14:27:28,1.87,37.79813,-122.27353,62.992,44.395,0.0,-83,0.000,1.208,1.082
2014/08/18 14:27:33,1.87,37.79856,-122.27460,60.039,49.493,0.0,-83,0.006,1.583,0.429
2014/08/18 14:27:38,1.87,37.79902,-122.27578,56.430,53.370,0.0,-59,0.966,1.708,0.661
2014/08/18 14:27:43,1.88,37.79955,-122.27702,53.150,57.932,0.0,-59,0.817,1.750,0.458
2014/08/18 14:27:48,1.88,37.80011,-122.27828,47.572,51.737,0.0,-59,1.240,1.125,0.502
2014/08/18 14:27:53,1.88,37.80068,-122.27925,54.462,47.170,0.0,-59,0.000,0.000,0.000
2014/08/18 14:27:58,2.0,37.80151,-122.27985,56.430,49.232,0.0,-59,0.000,0.000,0.000
2014/08/18 14:28:03,1.88,37.80253,-122.27997,47.572,53.286,0.0,-59,0.000,0.000,0.000
2014/08/18 14:28:08,1.88,37.80358,-122.27954,33.465,56.473,0.0,-71,0.000,0.000,0.000
2014/08/18 14:28:13,2.53,37.80473,-122.27899,16.404,64.966,0.0,-71,0.000,0.000,0.000
2014/08/18 14:28:18,1.96,37.80599,-122.27843,3.281,64.169,0.0,-71,0.000,0.000,0.000
2014/08/18 14:28:23,2.45,37.80713,-122.27774,10.171,62.288,0.0,-71,0.000,0.000,0.000
2014/08/18 14:28:28,1.88,37.80823,-122.27700,15.092,62.930,0.0,-71,0.000,0.000,0.000
2014/08/18 14:28:33,1.88,37.80936,-122.27617,17.060,65.368,0.0,-71,0.000,0.000,0.000
2014/08/18 14:28:38,1.88,37.81050,-122.27535,30.840,64.811,0.0,-71,0.000,0.000,0.000
2014/08/18 14:28:43,2.05,37.81154,-122.27442,50.197,63.031,0.0,-75,0.000,0.000,0.000
2014/08/18 14:28:48,1.88,37.81249,-122.27336,55.118,64.620,0.0,-75,0.000,0.000,0.000
2014/08/18 14:28:53,2.05,37.81347,-122.27225,56.430,65.903,0.0,-75,0.000,0.000,0.197
2014/08/18 14:28:58,1.88,37.81453,-122.27122,62.664,66.440,0.0,-75,0.041,0.000,0.230
2014/08/18 14:29:03,1.88,37.81574,-122.27056,66.601,66.923,0.0,-75,2.407,0.000,0.300
2014/08/18 14:29:08,2.31,37.81707,-122.27018,59.383,68.527,0.0,-75,0.573,0.042,0.204
2014/08/18 14:29:13,2.31,37.81842,-122.26981,61.352,68.777,0.0,-73,0.639,0.208,2.368
2014/08/18 14:29:18,2.31,37.81979,-122.26943,59.055,70.628,0.0,-73,0.165,0.000,1.633
2014/08/18 14:29:23,1.88,37.82121,-122.26905,50.197,72.994,0.0,-73,0.456,0.125,1.033
2014/08/18 14:29:28,2.31,37.82265,-122.26862,42.651,74.313,0.0,-73,0.615,0.250,0.481
2014/08/18 14:29:33,2.45,37.82405,-122.26816,45.276,71.136,0.0,-73,2.071,0.750,0.174
2014/08/18 14:29:38,1.88,37.82538,-122.26768,58.727,68.018,0.0,-73,2.622,0.667,0.189
2014/08/18 14:29:43,1.88,37.82670,-122.26729,81.365,66.191,0.0,-55,3.003,0.542,0.438
2014/08/18 14:29:48,1.88,37.82801,-122.26703,89.567,65.109,0.0,-55,1.824,0.417,0.142
2014/08/18 14:29:53,1.88,37.82930,-122.26676,95.472,65.996,0.0,-55,2.753,0.500,0.170
2014/08/18 14:29:58,1.88,37.83063,-122.26650,100.066,67.299,0.0,-55,3.390,0.458,0.230
2014/08/18 14:30:03,1.88,37.83198,-122.26622,101.378,67.670,0.0,-55,2.391,1.375,0.996
2014/08/18 14:30:08,1.88,37.83328,-122.26596,99.081,64.335,0.0,-55,2.648,0.000,0.241
2014/08/18 14:30:13,1.88,37.83456,-122.26577,105.643,63.854,0.0,-85,1.032,0.958,0.304
2014/08/18 14:30:18,1.88,37.83587,-122.26562,112.533,66.301,0.0,-85,0.000,0.625,0.552
2014/08/18 14:30:23,1.88,37.83721,-122.26541,118.438,67.133,0.0,-85,0.000,0.000,0.000
2014/08/18 14:30:28,1.88,37.83852,-122.26497,125.000,68.209,0.0,-85,0.000,0.000,0.000
2014/08/18 14:30:33,2.1,37.83969,-122.26408,136.811,68.831,0.0,-85,0.000,0.000,0.000
2014/08/18 14:30:38,1.88,37.84063,-122.26280,148.294,69.181,0.0,-85,0.000,0.000,0.000
2014/08/18 14:30:43,1.88,37.84127,-122.26128,157.480,66.974,0.0,-85,0.000,0.000,0.000
2014/08/18 14:30:48,1.89,37.84176,-122.25973,165.026,63.317,0.0,-51,0.167,0.000,0.194
2014/08/18 14:30:53,1.89,37.84223,-122.25821,171.916,65.374,0.0,-51,2.775,0.000,0.417
2014/08/18 14:30:58,1.89,37.84272,-122.25667,180.774,63.665,0.0,-51,2.439,0.042,0.492
2014/08/18 14:31:03,1.89,37.84318,-122.25519,190.617,63.277,0.0,-51,1.792,0.792,0.209
2014/08/18 14:31:08,1.89,37.84368,-122.25368,198.819,65.895,0.0,-51,1.387,0.208,0.257
2014/08/18 14:31:13,2.05,37.84425,-122.25218,204.396,64.508,0.0,-51,0.533,0.000,1.269
2014/08/18 14:31:18,1.89,37.84482,-122.25072,209.318,64.929,0.0,-71,1.958,0.208,0.477
2014/08/18 14:31:23,2.05,37.84541,-122.24922,214.567,66.013,0.0,-71,2.247,1.583,0.613
2014/08/18 14:31:28,1.89,37.84602,-122.24778,228.675,61.947,0.0,-71,1.712,1.625,0.000
2014/08/18 14:31:33,1.89,37.84667,-122.24648,246.391,59.984,0.0,-71,0.657,0.708,2.716
2014/08/18 14:31:38,1.89,37.84734,-122.24526,264.108,58.228,0.0,-71,0.945,0.458,1.401
2014/08/18 14:31:43,1.89,37.84800,-122.24410,280.840,56.495,0.0,-71,1.433,0.292,0.526
2014/08/18 14:31:48,1.89,37.84868,-122.24289,289.698,59.601,0.0,-75,1.552,0.375,0.277
2014/08/18 14:31:53,1.89,37.84937,-122.24159,297.572,62.609,0.0,-75,0.868,0.250,0.462
2014/08/18 14:31:58,1.89,37.84987,-122.24014,322.507,62.745,0.0,-75,1.266,0.000,0.578
2014/08/18 14:32:03,1.97,37.84990,-122.23856,348.753,62.316,0.0,-75,1.506,0.375,0.417
2014/08/18 14:32:08,1.89,37.84946,-122.23716,375.984,59.454,0.0,-75,2.317,0.250,0.211
2014/08/18 14:32:13,1.89,37.84889,-122.23585,402.559,57.814,0.0,-75,3.295,0.875,0.229
2014/08/18 14:32:18,1.89,37.84866,-122.23443,429.462,59.044,0.0,-65,3.775,1.042,0.180
2014/08/18 14:32:23,1.89,37.84877,-122.23306,450.787,54.235,0.0,-65,3.115,0.958,0.157
2014/08/18 14:32:28,1.89,37.84891,-122.23168,472.441,55.886,0.0,-65,1.564,0.000,1.216
2014/08/18 14:32:33,1.89,37.84895,-122.23028,492.454,56.665,0.0,-65,3.869,0.542,0.146
2014/08/18 14:32:38,1.89,37.84880,-122.22884,512.795,57.275,0.0,-65,3.570,0.500,0.241
2014/08/18 14:32:43,2.0,37.84863,-122.22739,534.449,58.992,0.0,-65,2.625,0.625,0.361
2014/08/18 14:32:48,1.89,37.84867,-122.22590,558.727,58.951,0.0,-65,3.775,0.583,0.160
2014/08/18 14:32:53,1.89,37.84914,-122.22452,582.677,60.682,0.0,-51,3.360,1.625,0.262
2014/08/18 14:32:58,1.89,37.85001,-122.22342,609.580,61.985,0.0,-51,3.429,1.792,0.196
2014/08/18 14:33:03,1.89,37.85113,-122.22283,633.858,59.714,0.0,-51,1.513,1.250,0.866
2014/08/18 14:33:08,1.89,37.85232,-122.22237,657.152,62.955,0.0,-51,1.349,0.250,0.269
2014/08/18 14:33:13,2.05,37.85340,-122.22157,687.008,63.572,0.0,-51,3.635,1.250,0.225
2014/08/18 14:33:18,2.05,37.85415,-122.22030,715.551,61.689,0.0,-51,3.596,1.583,0.188
2014/08/18 14:33:23,1.89,37.85451,-122.21881,743.438,57.783,0.0,-51,3.061,1.583,0.303
2014/08/18 14:33:28,1.89,37.85465,-122.21761,754.593,39.581,0.0,-51,3.016,1.708,0.261
2014/08/18 14:33:33,3.14,37.85502,-122.21696,777.887,25.984,0.0,-51,2.439,0.000,0.720
2014/08/18 14:33:38,3.44,37.85509,-122.21680,793.307,20.867,0.0,-51,2.398,1.542,0.213
2014/08/18 14:33:43,3.44,37.85509,-122.21680,793.307,20.867,0.0,-51,3.407,0.500,0.205
2014/08/18 14:33:48,3.44,37.85509,-122.21680,793.307,20.867,0.0,-51,3.349,0.875,0.421
2014/08/18 14:33:53,3.44,37.85509,-122.21680,793.307,20.867,0.0,-51,3.058,1.208,0.434
2014/08/18 14:33:58,3.44,37.85509,-122.21680,793.307,20.867,0.0,-51,0.000,1.625,0.278
2014/08/18 14:34:03,3.44,37.85509,-122.21680,793.307,20.867,0.0,-51,3.500,1.333,0.201
2014/08/18 14:34:08,3.44,37.85509,-122.21680,793.307,20.867,0.0,-51,3.618,0.958,0.170
2014/08/18 14:34:13,3.44,37.85509,-122.21680,793.307,20.867,0.0,-51,3.465,0.792,0.244
2014/08/18 14:34:18,3.44,37.85509,-122.21680,793.307,20.867,0.0,-51,3.003,0.833,0.203
2014/08/18 14:34:23,3.44,37.85509,-122.21680,793.307,20.867,0.0,-63,3.080,0.625,0.158
2014/08/18 14:34:28,1.89,37.86227,-122.20931,887.795,43.796,0.0,-63,2.583,0.000,0.000
2014/08/18 14:34:33,1.89,37.86318,-122.20920,896.982,49.337,0.0,-63,1.666,0.667,0.000
2014/08/18 14:34:38,1.89,37.86417,-122.20894,887.139,52.377,0.0,-63,0.962,0.833,0.000
2014/08/18 14:34:43,5.92,37.86511,-122.20825,880.906,54.509,0.0,-63,1.962,0.958,0.816
2014/08/18 14:34:48,2.25,37.86583,-122.20718,860.236,56.440,0.0,-63,2.756,1.125,0.598
2014/08/18 14:34:54,1.89,37.86630,-122.20581,837.270,60.278,0.0,-63,2.160,0.750,0.279
2014/08/18 14:34:59,1.99,37.86675,-122.20433,815.289,63.063,0.0,-83,1.990,0.500,0.335
2014/08/18 14:35:04,1.89,37.86711,-122.20280,791.995,63.638,0.0,-83,2.250,0.875,0.197
2014/08/18 14:35:09,2.14,37.86728,-122.20120,769.357,62.545,0.0,-83,2.958,0.500,0.297
2014/08/18 14:35:14,1.89,37.86728,-122.19962,754.265,65.159,0.0,-83,2.602,0.000,0.362
2014/08/18 14:35:19,2.14,37.86734,-122.19798,729.659,65.668,0.0,-83,2.314,1.042,0.172
2014/08/18 14:35:24,2.14,37.86773,-122.19635,704.724,65.169,0.0,-83,3.679,0.875,0.187
2014/08/18 14:35:29,1.89,37.86844,-122.19501,681.759,62.640,0.0,-51,2.901,0.708,0.685
2014/08/18 14:35:34,2.38,37.86931,-122.19383,661.417,65.107,0.0,-51,2.365,0.625,0.169
2014/08/18 14:35:39,2.38,37.87020,-122.19264,642.717,64.264,0.0,-51,3.600,0.625,0.211
2014/08/18 14:35:44,1.99,37.87109,-122.19146,624.016,64.399,0.0,-51,3.602,0.958,0.171
2014/08/18 14:35:49,1.99,37.87199,-122.19025,604.003,66.293,0.0,-51,3.894,1.083,0.237
2014/08/18 14:35:54,1.99,37.87291,-122.18904,582.677,66.598,0.0,-51,3.337,1.708,0.155
2014/08/18 14:35:59,1.99,37.87384,-122.18782,562.336,66.570,0.0,-67,2.920,1.292,0.196
2014/08/18 14:36:04,1.99,37.87481,-122.18666,543.963,66.484,0.0,-67,3.217,0.875,0.164
2014/08/18 14:36:09,1.89,37.87584,-122.18558,527.559,67.608,0.0,-67,3.199,1.708,0.414
2014/08/18 14:36:14,1.89,37.87696,-122.18457,511.155,68.842,0.0,-67,2.495,0.875,0.870
2014/08/18 14:36:19,1.89,37.87815,-122.18363,495.407,70.976,0.0,-67,1.360,1.083,0.742
2014/08/18 14:36:24,1.89,37.87938,-122.18270,493.110,71.226,0.0,-67,2.311,0.000,0.702
2014/08/18 14:36:29,1.89,37.88060,-122.18178,505.577,69.871,0.0,-51,1.133,0.917,0.414
2014/08/18 14:36:34,2.15,37.88178,-122.18090,521.325,67.677,0.0,-51,1.559,0.833,0.586
2014/08/18 14:36:39,3.19,37.88296,-122.18010,538.058,65.758,0.0,-51,2.471,1.125,0.770
2014/08/18 14:36:44,2.13,37.88412,-122.17937,552.493,64.243,0.0,-51,2.926,1.083,0.758
2014/08/18 14:36:49,2.13,37.88528,-122.17867,567.585,63.871,0.0,-51,2.913,0.875,0.861
2014/08/18 14:36:54,2.14,37.88643,-122.17795,580.052,62.817,0.0,-51,2.833,1.083,0.538
2014/08/18 14:36:59,2.02,37.88751,-122.17714,591.207,61.116,0.0,-51,2.163,0.875,0.962
2014/08/18 14:37:04,2.22,37.88847,-122.17622,598.425,60.028,0.0,-73,1.465,0.500,0.218
2014/08/18 14:37:09,2.14,37.88938,-122.17513,604.003,63.184,0.0,-73,1.076,0.958,0.776
2014/08/18 14:37:14,1.87,37.89019,-122.17389,617.126,64.329,0.0,-73,2.186,1.250,0.730
2014/08/18 14:37:19,1.87,37.89091,-122.17251,625.328,65.211,0.0,-73,2.369,0.833,0.367
2014/08/18 14:37:24,1.97,37.89149,-122.17102,632.874,64.626,0.0,-73,2.618,0.000,0.282
2014/08/18 14:37:29,2.04,37.89196,-122.16946,629.265,65.936,0.0,-73,3.122,0.875,0.321
2014/08/18 14:37:34,1.87,37.89233,-122.16787,615.814,64.878,0.0,-53,2.118,0.500,0.198
2014/08/18 14:37:39,1.94,37.89260,-122.16626,599.409,65.234,0.0,-53,3.244,0.500,0.217
2014/08/18 14:37:44,2.16,37.89277,-122.16458,580.709,67.591,0.0,-53,2.888,0.875,0.834
2014/08/18 14:37:49,1.98,37.89283,-122.16287,564.633,67.191,0.0,-53,3.170,1.083,0.684
2014/08/18 14:37:54,1.95,37.89278,-122.16122,546.260,63.359,0.0,-53,2.833,1.083,1.254
2014/08/18 14:37:59,1.94,37.89264,-122.15961,528.543,64.687,0.0,-53,2.397,0.833,0.937
2014/08/18 14:38:04,2.31,37.89239,-122.15797,514.436,66.593,0.0,-69,2.090,0.917,0.938
2014/08/18 14:38:09,1.87,37.89214,-122.15629,499.344,67.930,0.0,-69,2.368,1.042,0.389
2014/08/18 14:38:14,1.87,37.89189,-122.15463,483.924,65.605,0.0,-69,2.192,0.375,0.335
2014/08/18 14:38:19,1.94,37.89163,-122.15295,468.504,68.243,0.0,-69,2.571,0.000,0.208
2014/08/18 14:38:24,1.94,37.89137,-122.15123,452.756,70.343,0.0,-69,3.122,0.875,0.217
2014/08/18 14:38:29,1.94,37.89110,-122.14948,437.336,68.978,0.0,-69,3.032,0.625,0.182
2014/08/18 14:38:34,1.94,37.89088,-122.14782,424.541,65.540,0.0,-79,1.331,0.375,0.450
2014/08/18 14:38:39,1.89,37.89091,-122.14614,416.010,66.532,0.0,-79,0.724,0.500,0.442
2014/08/18 14:38:44,1.87,37.89113,-122.14446,423.556,65.471,0.0,-79,1.112,0.750,0.696
2014/08/18 14:38:49,1.89,37.89128,-122.14291,433.399,60.792,0.0,-79,1.718,0.833,0.429
2014/08/18 14:38:54,1.93,37.89118,-122.14141,448.819,59.191,0.0,-79,1.160,0.000,0.417
2014/08/18 14:38:59,1.89,37.89092,-122.13994,462.598,60.265,0.0,-79,0.310,0.750,0.000
2014/08/18 14:39:04,1.87,37.89065,-122.13844,466.535,60.536,0.0,-79,0.455,0.125,7.037
2014/08/18 14:39:09,2.08,37.89044,-122.13696,459.646,59.520,0.0,-75,0.693,0.625,0.222
2014/08/18 14:39:14,1.89,37.89047,-122.13540,445.866,62.385,0.0,-75,1.404,0.625,0.430
2014/08/18 14:39:19,1.89,37.89076,-122.13383,432.743,65.104,0.0,-75,2.093,1.000,0.370
2014/08/18 14:39:24,1.87,37.89115,-122.13225,418.307,64.960,0.0,-75,0.532,0.000,2.130
2014/08/18 14:39:29,1.87,37.89153,-122.13067,404.856,65.580,0.0,-75,1.542,0.417,0.490
2014/08/18 14:39:34,1.98,37.89192,-122.12906,392.717,67.150,0.0,-75,2.144,1.625,0.478
2014/08/18 14:39:39,1.89,37.89233,-122.12737,382.874,71.884,0.0,-65,2.903,1.000,0.210
2014/08/18 14:39:44,1.87,37.89275,-122.12563,377.625,71.541,0.0,-65,3.058,0.917,0.208
2014/08/18 14:39:49,1.87,37.89316,-122.12397,373.688,67.278,0.0,-65,3.125,1.333,0.367
2014/08/18 14:39:54,1.87,37.89356,-122.12230,369.751,69.339,0.0,-65,2.670,0.833,0.453
2014/08/18 14:39:59,1.94,37.89387,-122.12060,364.829,69.536,0.0,-65,1.670,0.000,0.347
2014/08/18 14:40:04,1.97,37.89416,-122.11887,364.173,69.782,0.0,-65,3.362,0.000,0.172
2014/08/18 14:40:09,1.87,37.89444,-122.11715,362.533,69.275,0.0,-51,3.055,0.083,0.530
2014/08/18 14:40:14,1.87,37.89472,-122.11540,361.549,71.417,0.0,-51,3.615,0.667,0.177
2014/08/18 14:40:19,1.87,37.89501,-122.11364,361.220,70.345,0.0,-51,3.635,0.958,0.189
2014/08/18 14:40:24,1.87,37.89529,-122.11192,362.205,68.013,0.0,-51,0.000,1.250,0.170
2014/08/18 14:40:29,1.87,37.89556,-122.11026,364.829,66.707,0.0,-51,3.913,0.917,0.203
2014/08/18 14:40:34,1.87,37.89584,-122.10860,360.236,66.071,0.0,-51,3.910,0.917,0.176
2014/08/18 14:40:39,1.87,37.89611,-122.10696,352.034,66.394,0.0,-69,2.740,0.375,1.989
2014/08/18 14:40:44,1.87,37.89637,-122.10531,343.176,65.849,0.0,-69,1.036,0.292,0.430
2014/08/18 14:40:49,1.87,37.89664,-122.10368,339.895,66.037,0.0,-69,2.634,0.375,0.189
2014/08/18 14:40:54,1.87,37.89691,-122.10202,341.864,67.053,0.0,-69,2.754,0.333,0.371
2014/08/18 14:40:59,1.87,37.89718,-122.10036,344.488,67.069,0.0,-69,1.923,0.000,0.256
2014/08/18 14:41:04,1.87,37.89742,-122.09867,345.801,67.973,0.0,-69,2.500,0.583,0.318
2014/08/18 14:41:09,1.93,37.89754,-122.09699,342.192,65.650,0.0,-69,2.785,0.458,0.395
2014/08/18 14:41:14,1.92,37.89759,-122.09529,328.084,69.177,0.0,-65,1.144,0.167,0.726
2014/08/18 14:41:19,1.92,37.89764,-122.09349,317.913,70.672,0.0,-65,1.019,0.167,0.410
2014/08/18 14:41:24,1.98,37.89770,-122.09171,325.459,71.122,0.0,-65,2.022,0.000,0.764
2014/08/18 14:41:29,1.98,37.89775,-122.08990,338.911,70.920,0.0,-65,1.033,0.292,0.270
2014/08/18 14:41:34,1.98,37.89781,-122.08809,353.018,71.137,0.0,-65,2.583,0.375,0.261
2014/08/18 14:41:39,1.98,37.89786,-122.08636,357.940,64.567,0.0,-65,2.920,0.458,0.431
2014/08/18 14:41:44,1.97,37.89784,-122.08474,349.409,65.822,0.0,-63,2.574,0.792,0.250
2014/08/18 14:41:49,1.89,37.89768,-122.08313,333.990,64.225,0.0,-63,2.750,0.333,0.249
2014/08/18 14:41:54,1.89,37.89735,-122.08152,318.241,66.728,0.0,-63,2.772,0.500,0.302
2014/08/18 14:41:59,1.89,37.89690,-122.07989,302.822,68.820,0.0,-63,2.398,0.250,0.749
2014/08/18 14:42:04,1.89,37.89646,-122.07829,286.417,64.989,0.0,-63,1.686,0.250,0.410
2014/08/18 14:42:09,1.89,37.89604,-122.07675,273.950,62.765,0.0,-63,1.567,0.333,0.197
2014/08/18 14:42:14,1.89,37.89585,-122.07523,273.294,61.068,0.0,-69,2.670,0.333,1.202
2014/08/18 14:42:19,1.96,37.89605,-122.07377,274.278,56.986,0.0,-69,1.736,0.000,0.330
2014/08/18 14:42:24,1.89,37.89659,-122.07254,270.997,55.981,0.0,-69,2.590,0.667,0.406
2014/08/18 14:42:29,1.89,37.89744,-122.07158,260.827,57.898,0.0,-69,2.625,0.708,0.300
2014/08/18 14:42:34,1.89,37.89854,-122.07102,236.220,59.240,0.0,-69,1.706,0.333,0.190
2014/08/18 14:42:39,1.89,37.89976,-122.07074,208.990,63.719,0.0,-69,1.550,0.417,1.343
2014/08/18 14:42:44,1.89,37.90102,-122.07047,194.882,63.345,0.0,-51,1.343,0.708,0.542
2014/08/18 14:42:49,1.89,37.90226,-122.07019,198.163,62.795,0.0,-51,2.183,1.042,0.505
2014/08/18 14:42:54,1.89,37.90350,-122.06992,204.068,62.457,0.0,-51,2.853,1.000,0.174
2014/08/18 14:42:59,1.89,37.90473,-122.06964,210.630,62.342,0.0,-51,3.256,0.583,0.645
2014/08/18 14:43:04,1.88,37.90597,-122.06936,215.223,62.777,0.0,-51,2.987,0.958,0.390
2014/08/18 14:43:09,1.88,37.90721,-122.06901,216.535,62.991,0.0,-51,2.920,1.250,0.417
2014/08/18 14:43:14,1.88,37.90846,-122.06858,206.693,64.832,0.0,-51,2.544,0.833,0.829
2014/08/18 14:43:19,1.88,37.90972,-122.06813,188.320,65.648,0.0,-61,2.599,0.000,0.878
2014/08/18 14:43:24,1.88,37.91098,-122.06768,174.213,65.094,0.0,-61,0.496,0.625,0.489
2014/08/18 14:43:29,1.88,37.91225,-122.06722,161.089,65.583,0.0,-61,1.840,0.875,0.462
2014/08/18 14:43:34,1.88,37.91356,-122.06675,146.654,68.881,0.0,-61,2.757,1.250,0.941
2014/08/18 14:43:39,1.88,37.91486,-122.06613,128.937,70.285,0.0,-61,2.583,1.250,1.905
2014/08/18 14:43:44,2.06,37.91612,-122.06524,113.517,73.692,0.0,-61,0.918,0.750,1.302
2014/08/18 14:43:49,1.88,37.91732,-122.06410,107.940,73.619,0.0,-83,1.716,0.958,1.177
2014/08/18 14:43:54,1.86,37.91854,-122.06313,112.861,71.317,0.0,-83,2.452,1.458,0.788
2014/08/18 14:43:59,1.86,37.91983,-122.06246,116.798,66.910,0.0,-83,2.176,0.000,0.771
2014/08/18 14:44:04,1.86,37.92106,-122.06193,123.031,65.305,0.0,-83,0.000,0.458,4.638
2014/08/18 14:44:09,1.86,37.92231,-122.06145,124.672,65.347,0.0,-83,0.000,0.250,0.159
2014/08/18 14:44:14,1.86,37.92360,-122.06102,111.220,66.700,0.0,-83,0.000,0.708,0.571
2014/08/18 14:44:19,1.86,37.92491,-122.06075,93.832,64.241,0.0,-59,0.000,1.167,1.230
2014/08/18 14:44:24,1.86,37.92620,-122.06057,82.021,64.589,0.0,-59,0.000,0.000,2.258
2014/08/18 14:44:29,1.86,37.92752,-122.06043,72.835,66.061,0.0,-59,0.000,0.000,0.000
2014/08/18 14:44:34,1.86,37.92884,-122.06030,72.507,66.651,0.0,-59,0.000,0.000,0.000
2014/08/18 14:44:39,1.86,37.93020,-122.06021,75.459,69.125,0.0,-59,0.003,0.000,0.989
2014/08/18 14:44:44,1.86,37.93160,-122.06015,76.115,70.231,0.0,-59,1.593,0.000,0.262
2014/08/18 14:44:49,1.86,37.93298,-122.06012,76.115,67.695,0.0,-51,0.876,0.042,0.161
2014/08/18 14:44:54,1.91,37.93436,-122.06013,75.459,67.830,0.0,-51,0.348,0.875,0.883
2014/08/18 14:44:59,1.91,37.93571,-122.06015,70.210,65.989,0.0,-51,0.340,0.375,0.693
2014/08/18 14:45:04,2.27,37.93701,-122.06021,68.570,63.352,0.0,-51,0.472,0.833,1.044
2014/08/18 14:45:09,2.18,37.93828,-122.06027,67.585,63.112,0.0,-51,0.000,0.000,0.000
2014/08/18 14:45:14,1.86,37.93954,-122.06021,68.570,63.592,0.0,-51,0.000,0.208,0.222
2014/08/18 14:45:19,1.86,37.94081,-122.05998,67.913,64.389,0.0,-51,0.000,1.167,0.373
2014/08/18 14:45:24,1.86,37.94205,-122.05956,68.241,63.309,0.0,-77,0.003,1.750,0.428
2014/08/18 14:45:29,1.86,37.94326,-122.05903,75.787,64.017,0.0,-77,1.587,1.042,0.250
2014/08/18 14:45:34,1.86,37.94446,-122.05850,84.318,62.833,0.0,-77,2.913,0.500,0.158
2014/08/18 14:45:39,1.86,37.94566,-122.05798,88.255,64.266,0.0,-77,3.538,0.000,0.297
2014/08/18 14:45:44,2.18,37.94687,-122.05745,80.381,63.136,0.0,-77,2.042,0.500,0.341
2014/08/18 14:45:49,1.86,37.94809,-122.05691,64.961,65.038,0.0,-77,2.516,0.375,0.299
2014/08/18 14:45:54,1.86,37.94931,-122.05638,57.087,63.524,0.0,-51,2.067,0.375,0.581
2014/08/18 14:45:59,1.85,37.95054,-122.05584,56.430,66.898,0.0,-51,1.321,0.000,0.000
2014/08/18 14:46:04,1.85,37.95183,-122.05527,59.383,68.192,0.0,-51,0.721,0.250,3.118
2014/08/18 14:46:09,1.85,37.95310,-122.05469,54.462,66.889,0.0,-51,0.894,0.833,0.359
2014/08/18 14:46:14,1.85,37.95434,-122.05409,54.134,66.109,0.0,-51,2.314,0.542,0.325
2014/08/18 14:46:19,1.85,37.95556,-122.05348,57.415,65.578,0.0,-51,1.974,0.000,0.984
2014/08/18 14:46:24,1.85,37.95677,-122.05287,65.289,64.841,0.0,-73,1.426,1.292,0.406
2014/08/18 14:46:29,1.85,37.95802,-122.05248,62.008,62.084,0.0,-73,1.523,0.625,0.149
2014/08/18 14:46:34,1.85,37.95922,-122.05249,57.087,58.136,0.0,-73,3.080,0.000,0.000
2014/08/18 14:46:39,1.85,37.96038,-122.05284,53.478,57.381,0.0,-73,1.403,0.625,0.000
2014/08/18 14:46:44,1.85,37.96144,-122.05338,53.806,57.517,0.0,-73,1.737,0.833,0.000
2014/08/18 14:46:49,1.85,37.96253,-122.05395,54.134,60.296,0.0,-73,2.138,1.042,0.322
2014/08/18 14:46:54,1.85,37.96370,-122.05455,53.478,64.494,0.0,-67,2.282,0.750,0.542
2014/08/18 14:46:59,1.85,37.96489,-122.05522,59.711,64.934,0.0,-67,1.990,0.542,0.410
2014/08/18 14:47:04,1.85,37.96603,-122.05596,63.976,63.352,0.0,-67,1.856,0.958,0.306
2014/08/18 14:47:09,1.85,37.96711,-122.05678,59.711,62.893,0.0,-67,2.010,0.000,0.552
2014/08/18 14:47:14,1.85,37.96814,-122.05763,47.572,61.151,0.0,-67,0.679,0.250,1.898
2014/08/18 14:47:19,1.85,37.96919,-122.05849,38.714,62.221,0.0,-67,0.490,0.125,4.060
2014/08/18 14:47:24,1.51,37.97020,-122.05933,35.761,58.899,0.0,-67,0.596,0.000,0.397
2014/08/18 14:47:29,1.51,37.97118,-122.06013,32.480,57.668,0.0,-83,1.205,0.250,0.165
2014/08/18 14:47:34,1.56,37.97214,-122.06093,28.871,56.055,0.0,-83,2.404,0.500,0.355
2014/08/18 14:47:39,1.56,37.97310,-122.06172,26.575,58.206,0.0,-83,2.125,1.125,0.321
2014/08/18 14:47:44,1.56,37.97411,-122.06255,25.591,60.436,0.0,-83,1.920,0.792,0.178
2014/08/18 14:47:49,1.56,37.97515,-122.06336,33.136,61.097,0.0,-83,3.500,1.083,0.395
2014/08/18 14:47:54,1.56,37.97626,-122.06405,37.073,61.587,0.0,-83,2.920,1.000,0.470
2014/08/18 14:47:59,1.56,37.97743,-122.06462,31.496,62.147,0.0,-51,3.167,1.417,0.244
2014/08/18 14:48:04,1.56,37.97864,-122.06506,23.950,62.031,0.0,-51,3.038,0.000,0.910
2014/08/18 14:48:09,1.56,37.97986,-122.06535,20.341,61.923,0.0,-51,1.048,0.500,0.562
2014/08/18 14:48:14,1.56,37.98108,-122.06560,20.997,61.796,0.0,-51,0.637,0.125,1.411
2014/08/18 14:48:19,1.56,37.98230,-122.06584,30.512,60.578,0.0,-51,0.673,0.000,0.000
2014/08/18 14:48:24,1.56,37.98346,-122.06607,33.793,57.272,0.0,-51,0.000,0.292,3.298
2014/08/18 14:48:29,1.56,37.98461,-122.06630,28.215,58.272,0.0,-67,0.000,0.000,0.000
2014/08/18 14:48:34,1.52,37.98580,-122.06653,18.701,60.776,0.0,-67,0.000,0.125,0.257
2014/08/18 14:48:39,1.52,37.98726,-122.06682,16.076,60.072,0.0,-67,0.000,1.333,0.530
2014/08/18 14:48:44,1.52,37.98844,-122.06705,16.076,58.557,0.0,-67,0.003,1.542,0.454
2014/08/18 14:48:49,1.52,37.98960,-122.06727,13.451,58.534,0.0,-67,1.917,1.708,0.466
2014/08/18 14:48:54,1.52,37.99075,-122.06747,10.827,56.552,0.0,-67,1.382,1.542,0.462
2014/08/18 14:48:59,1.52,37.99182,-122.06770,11.155,48.562,0.0,-51,0.935,1.875,0.446
2014/08/18 14:49:04,1.52,37.99258,-122.06799,10.499,33.612,0.0,-51,1.455,1.750,0.573
2014/08/18 14:49:09,1.52,37.99315,-122.06829,10.171,28.713,0.0,-51,2.228,1.583,0.397
2014/08/18 14:49:14,1.52,37.99362,-122.06861,10.827,26.759,0.0,-51,1.522,1.583,0.522
2014/08/18 14:49:19,1.57,37.99405,-122.06897,13.123,24.756,0.0,-51,0.781,1.708,0.488
2014/08/18 14:49:24,1.52,37.99441,-122.06932,15.748,21.585,0.0,-51,1.087,1.750,0.521
2014/08/18 14:49:29,1.9,37.99479,-122.06970,17.060,27.911,0.0,-51,1.206,1.833,0.450
2014/08/18 14:49:34,1.62,37.99524,-122.07000,21.325,24.443,0.0,-73,1.477,1.708,0.536
2014/08/18 14:49:39,1.52,37.99566,-122.06966,26.903,29.317,0.0,-73,1.196,1.833,0.462
2014/08/18 14:49:44,1.62,37.99547,-122.06906,31.824,26.354,0.0,-73,1.199,0.000,0.398
2014/08/18 14:49:49,1.59,37.99502,-122.06915,39.042,23.566,0.0,-73,1.169,1.583,0.370
2014/08/18 14:49:54,1.65,37.99477,-122.06975,46.260,30.509,0.0,-73,1.795,1.625,0.771
2014/08/18 14:49:59,1.84,37.99447,-122.07053,49.869,33.621,0.0,-73,1.289,1.333,0.530
2014/08/18 14:50:04,1.52,37.99420,-122.07131,52.822,35.143,0.0,-65,1.429,1.708,0.609
2014/08/18 14:50:09,1.52,37.99389,-122.07219,55.774,41.284,0.0,-65,0.823,1.708,0.458
2014/08/18 14:50:14,1.52,37.99353,-122.07323,59.383,46.580,0.0,-65,0.503,1.417,0.543
2014/08/18 14:50:19,1.52,37.99315,-122.07434,63.648,48.958,0.0,-65,1.122,1.833,0.450
2014/08/18 14:50:24,1.83,37.99273,-122.07555,73.163,53.960,0.0,-65,1.200,1.708,0.482
2014/08/18 14:50:29,1.83,37.99230,-122.07689,84.646,58.705,0.0,-65,1.113,1.250,1.146
2014/08/18 14:50:34,1.83,37.99194,-122.07836,95.472,61.093,0.0,-67,0.968,1.375,0.414
2014/08/18 14:50:39,2.0,37.99171,-122.07995,106.955,64.564,0.0,-67,0.000,0.458,2.881
2014/08/18 14:50:44,1.52,37.99159,-122.08159,120.735,64.203,0.0,-67,0.000,1.333,0.493
2014/08/18 14:50:49,1.83,37.99148,-122.08321,130.906,64.274,0.0,-67,0.000,1.583,0.470
2014/08/18 14:50:54,1.52,37.99137,-122.08484,138.780,64.226,0.0,-67,0.006,1.375,1.044
2014/08/18 14:50:59,1.83,37.99126,-122.08649,141.076,65.558,0.0,-67,0.900,0.708,0.647
2014/08/18 14:51:04,2.19,37.99114,-122.08818,143.045,67.118,0.0,-75,2.398,1.375,0.290
2014/08/18 14:51:09,1.52,37.99102,-122.08988,145.341,66.997,0.0,-75,2.625,0.000,0.538
2014/08/18 14:51:14,1.52,37.99091,-122.09157,146.982,66.101,0.0,-75,2.157,1.125,0.468
2014/08/18 14:51:19,1.52,37.99079,-122.09324,149.278,65.990,0.0,-75,2.458,0.917,0.762
2014/08/18 14:51:24,1.52,37.99070,-122.09490,150.262,65.314,0.0,-75,2.545,1.125,0.854
2014/08/18 14:51:29,1.52,37.99078,-122.09655,154.528,64.801,0.0,-75,2.587,1.000,0.474
2014/08/18 14:51:34,1.52,37.99108,-122.09818,161.089,67.100,0.0,-75,2.683,1.000,0.370
2014/08/18 14:51:39,1.52,37.99159,-122.09978,165.354,66.751,0.0,-51,2.455,0.000,0.150
2014/08/18 14:51:44,1.52,37.99218,-122.10128,168.307,66.276,0.0,-51,1.221,0.500,0.793
2014/08/18 14:51:49,1.52,37.99279,-122.10279,168.963,66.636,0.0,-51,0.939,0.125,0.321
2014/08/18 14:51:54,1.52,37.99339,-122.10431,166.667,66.754,0.0,-51,2.206,0.500,0.342
2014/08/18 14:51:59,1.52,37.99398,-122.10582,164.370,66.063,0.0,-51,1.967,0.917,0.371
2014/08/18 14:52:04,1.52,37.99457,-122.10732,162.402,66.451,0.0,-51,2.240,0.750,0.389
2014/08/18 14:52:09,1.52,37.99518,-122.10886,160.433,68.036,0.0,-75,1.913,0.583,0.281
2014/08/18 14:52:14,1.52,37.99579,-122.11041,159.777,68.561,0.0,-75,1.401,0.000,0.889
2014/08/18 14:52:19,1.52,37.99633,-122.11202,161.417,68.813,0.0,-75,1.260,0.375,2.385
2014/08/18 14:52:24,1.52,37.99662,-122.11373,170.276,68.526,0.0,-75,0.859,0.500,2.757
2014/08/18 14:52:29,1.52,37.99664,-122.11544,179.134,67.583,0.0,-75,1.603,0.667,0.246
2014/08/18 14:52:34,1.52,37.99640,-122.11712,182.743,66.817,0.0,-75,1.307,0.000,1.570
2014/08/18 14:52:39,1.52,37.99592,-122.11867,189.961,64.117,0.0,-79,0.310,0.375,0.253
2014/08/18 14:52:44,1.52,37.99528,-122.12001,195.866,59.254,0.0,-79,1.840,1.375,0.249
2014/08/18 14:52:49,1.54,37.99456,-122.12127,199.475,61.968,0.0,-79,1.920,0.708,0.781
2014/08/18 14:52:54,1.82,37.99383,-122.12255,194.554,62.372,0.0,-79,2.369,0.667,0.152
2014/08/18 14:52:59,1.82,37.99309,-122.12384,186.680,63.071,0.0,-79,2.917,0.625,0.878
2014/08/18 14:53:04,2.19,37.99234,-122.12516,174.213,64.689,0.0,-79,2.294,0.625,0.206
2014/08/18 14:53:09,1.67,37.99161,-122.12655,156.824,66.292,0.0,-53,3.071,0.750,0.654
2014/08/18 14:53:14,1.52,37.99110,-122.12813,144.029,67.448,0.0,-53,2.657,0.750,0.222
2014/08/18 14:53:19,1.67,37.99077,-122.12982,138.123,68.794,0.0,-53,3.154,0.000,0.278
2014/08/18 14:53:24,1.52,37.99044,-122.13152,146.982,68.932,0.0,-53,3.657,1.208,0.193
2014/08/18 14:53:29,1.52,37.99011,-122.13319,163.386,67.137,0.0,-53,3.833,0.083,0.198
2014/08/18 14:53:34,1.81,37.98979,-122.13483,180.118,65.228,0.0,-53,3.676,1.208,0.209
2014/08/18 14:53:39,1.81,37.98959,-122.13645,195.538,64.571,0.0,-53,3.080,0.917,0.418
2014/08/18 14:53:44,1.81,37.98967,-122.13810,211.942,65.338,0.0,-51,2.660,0.000,0.949
2014/08/18 14:53:49,2.02,37.99006,-122.13969,229.987,65.579,0.0,-51,2.804,1.167,0.370
2014/08/18 14:53:54,1.52,37.99075,-122.14111,247.047,65.809,0.0,-51,1.606,1.083,0.198
2014/08/18 14:53:59,1.52,37.99170,-122.14230,262.795,67.190,0.0,-51,1.514,0.000,0.202
2014/08/18 14:54:04,1.52,37.99288,-122.14315,284.121,68.334,0.0,-51,0.288,0.500,3.538
2014/08/18 14:54:09,1.52,37.99414,-122.14381,300.525,65.753,0.0,-51,1.956,1.333,0.373
2014/08/18 14:54:14,1.52,37.99536,-122.14443,314.633,64.227,0.0,-91,2.173,1.375,0.324
2014/08/18 14:54:19,1.52,37.99657,-122.14506,327.756,65.595,0.0,-91,1.913,0.375,0.358
2014/08/18 14:54:24,1.52,37.99781,-122.14569,338.911,65.950,0.0,-91,2.417,0.000,0.486
2014/08/18 14:54:29,1.52,37.99900,-122.14635,352.690,62.994,0.0,-91,0.663,0.542,1.651
2014/08/18 14:54:34,1.69,38.00003,-122.14726,368.110,63.191,0.0,-91,3.167,0.750,0.153
2014/08/18 14:54:39,1.81,38.00088,-122.14848,382.546,65.010,0.0,-91,3.250,0.750,0.327
2014/08/18 14:54:44,1.81,38.00160,-122.14984,396.654,64.425,0.0,-77,0.753,0.000,0.000
2014/08/18 14:54:49,1.81,38.00231,-122.15120,413.714,64.148,0.0,-77,0.920,0.125,6.368
2014/08/18 14:54:54,1.81,38.00306,-122.15253,428.478,63.169,0.0,-77,3.279,1.125,0.162
2014/08/18 14:54:59,1.56,38.00386,-122.15376,440.617,63.135,0.0,-77,3.548,0.958,0.222
2014/08/18 14:55:04,1.52,38.00466,-122.15500,457.021,63.413,0.0,-77,3.593,0.000,0.166
2014/08/18 14:55:09,1.52,38.00526,-122.15642,471.129,62.412,0.0,-77,3.657,1.125,0.170
2014/08/18 14:55:14,1.52,38.00558,-122.15794,484.252,61.113,0.0,-73,3.667,0.708,0.166
2014/08/18 14:55:19,2.18,38.00569,-122.15947,497.703,60.591,0.0,-73,3.057,0.875,0.338
2014/08/18 14:55:24,1.8,38.00578,-122.16104,509.843,63.027,0.0,-73,2.061,0.375,0.234
2014/08/18 14:55:29,1.8,38.00588,-122.16265,525.591,63.581,0.0,-73,3.266,0.458,0.181
2014/08/18 14:55:34,1.8,38.00611,-122.16423,540.026,63.358,0.0,-73,3.750,0.000,0.196
2014/08/18 14:55:39,1.8,38.00663,-122.16569,546.260,61.635,0.0,-73,3.786,0.500,0.195
2014/08/18 14:55:44,1.52,38.00736,-122.16693,542.323,61.656,0.0,-73,3.997,1.458,0.159
2014/08/18 14:55:49,1.52,38.00823,-122.16812,531.824,65.272,0.0,-51,3.997,0.750,0.161
2014/08/18 14:55:54,1.52,38.00914,-122.16934,522.638,66.236,0.0,-51,3.948,0.833,0.362
2014/08/18 14:55:59,1.52,38.01007,-122.17058,513.451,68.385,0.0,-51,3.225,1.458,0.418
2014/08/18 14:56:04,1.52,38.01101,-122.17186,504.921,68.665,0.0,-51,3.285,1.792,0.486
2014/08/18 14:56:09,1.52,38.01195,-122.17313,496.719,67.794,0.0,-51,3.298,1.833,0.410
2014/08/18 14:56:14,1.52,38.01289,-122.17441,488.189,70.100,0.0,-51,3.163,1.708,0.354
2014/08/18 14:56:19,1.52,38.01387,-122.17573,480.315,71.346,0.0,-53,3.371,1.708,0.287
2014/08/18 14:56:24,1.52,38.01478,-122.17705,481.955,67.280,0.0,-53,3.305,1.708,0.231
2014/08/18 14:56:29,1.52,38.01543,-122.17852,493.766,65.481,0.0,-53,3.160,1.708,0.389
2014/08/18 14:56:34,1.79,38.01577,-122.18007,507.218,62.385,0.0,-53,3.202,1.833,0.507
2014/08/18 14:56:39,2.05,38.01592,-122.18161,519.685,58.008,0.0,-53,2.692,1.750,0.390
2014/08/18 14:56:44,2.05,38.01606,-122.18308,533.136,59.720,0.0,-53,2.853,1.333,0.197
2014/08/18 14:56:49,2.04,38.01620,-122.18458,545.932,59.873,0.0,-89,3.073,0.625,0.149
2014/08/18 14:56:54,2.04,38.01634,-122.18605,559.055,56.216,0.0,-89,2.821,0.000,0.175
2014/08/18 14:56:59,1.52,38.01635,-122.18743,562.008,55.153,0.0,-89,0.000,0.750,0.782
2014/08/18 14:57:04,1.52,38.01613,-122.18887,562.008,58.746,0.0,-89,0.000,0.000,0.000
2014/08/18 14:57:09,1.52,38.01570,-122.19029,560.696,60.446,0.0,-89,0.000,0.417,0.379
2014/08/18 14:57:14,1.83,38.01523,-122.19170,553.150,60.511,0.0,-89,0.000,0.000,0.000
2014/08/18 14:57:19,1.79,38.01468,-122.19308,538.714,59.769,0.0,-79,0.000,0.500,4.006
2014/08/18 14:57:24,1.79,38.01413,-122.19443,519.685,59.660,0.0,-79,0.000,0.958,0.758
2014/08/18 14:57:29,1.79,38.01358,-122.19582,498.031,62.481,0.0,-79,0.006,1.208,0.630
2014/08/18 14:57:34,1.79,38.01296,-122.19723,472.113,64.396,0.0,-79,2.340,0.958,0.842
2014/08/18 14:57:39,2.03,38.01226,-122.19862,446.850,64.780,0.0,-79,2.964,0.875,0.418
2014/08/18 14:57:44,2.03,38.01165,-122.20004,418.963,62.527,0.0,-79,3.033,1.208,0.429
2014/08/18 14:57:49,1.79,38.01108,-122.20146,393.045,61.724,0.0,-79,3.003,0.917,0.950
2014/08/18 14:57:54,1.78,38.01050,-122.20288,366.142,63.424,0.0,-61,2.997,0.958,0.970
2014/08/18 14:57:59,1.78,38.00994,-122.20429,346.129,61.405,0.0,-61,3.150,0.000,0.889
2014/08/18 14:58:04,1.78,38.00938,-122.20567,335.958,60.736,0.0,-61,2.997,1.583,1.158
2014/08/18 14:58:09,1.78,38.00890,-122.20711,326.772,63.638,0.0,-61,2.767,0.958,0.910
2014/08/18 14:58:14,1.78,38.00853,-122.20872,317.257,66.420,0.0,-61,2.920,0.958,0.542
2014/08/18 14:58:19,1.6,38.00832,-122.21037,305.774,65.929,0.0,-61,3.099,1.167,0.489
2014/08/18 14:58:24,1.56,38.00826,-122.21206,292.323,67.077,0.0,-69,2.644,0.917,0.550
2014/08/18 14:58:29,1.52,38.00826,-122.21377,274.934,66.653,0.0,-69,3.083,1.208,0.458
2014/08/18 14:58:34,1.52,38.00826,-122.21541,253.609,62.172,0.0,-69,3.000,1.167,0.370
2014/08/18 14:58:39,1.78,38.00826,-122.21695,232.612,60.385,0.0,-69,2.506,0.000,0.890
2014/08/18 14:58:44,1.78,38.00829,-122.21848,217.848,61.552,0.0,-69,2.753,0.958,0.445
2014/08/18 14:58:49,1.52,38.00845,-122.22010,206.037,65.331,0.0,-69,2.577,0.958,0.399
2014/08/18 14:58:54,1.56,38.00875,-122.22169,202.756,62.282,0.0,-57,2.519,0.917,0.863
2014/08/18 14:58:59,1.56,38.00906,-122.22316,198.491,58.178,0.0,-57,2.567,1.208,0.723
2014/08/18 14:59:04,1.56,38.00940,-122.22451,194.882,52.194,0.0,-57,3.102,1.167,1.030
2014/08/18 14:59:09,1.52,38.00974,-122.22569,189.304,47.750,0.0,-57,2.725,0.000,1.902
2014/08/18 14:59:14,1.72,38.01005,-122.22680,175.197,44.590,0.0,-57,3.051,0.958,0.000
2014/08/18 14:59:19,1.52,38.01031,-122.22769,163.386,26.386,0.0,-57,2.949,1.417,0.517
2014/08/18 14:59:24,1.77,38.01038,-122.22789,161.745,0.024,0.0,-61,2.753,1.042,0.885
2014/08/18 14:59:29,1.52,38.01039,-122.22791,161.417,3.277,0.0,-61,2.862,1.042,0.278
2014/08/18 14:59:34,1.52,38.01053,-122.22798,160.433,11.123,0.0,-61,3.218,1.375,0.308
2014/08/18 14:59:39,1.52,38.01074,-122.22784,159.121,8.607,0.0,-61,2.830,0.000,0.431
2014/08/18 14:59:44,1.52,38.01080,-122.22792,157.480,4.244,0.0,-61,2.840,1.000,0.930
2014/08/18 14:59:49,1.52,38.01078,-122.22794,157.152,0.111,0.0,-61,2.997,1.042,0.618
2014/08/18 14:59:54,1.77,38.01079,-122.22794,157.152,0.065,0.0,-65,2.587,1.375,0.537
2014/08/18 14:59:59,1.77,38.01079,-122.22793,154.856,0.022,0.0,-65,2.833,1.042,0.490
2014/08/18 15:00:04,1.77,38.01079,-122.22793,151.575,0.019,0.0,-65,0.000,1.375,0.258
2014/08/18 15:00:09,1.77,38.01079,-122.22793,151.903,0.063,0.0,-65,2.997,0.000,0.871
2014/08/18 15:00:14,1.77,38.01079,-122.22794,152.559,0.058,0.0,-65,2.727,1.042,0.918
2014/08/18 15:00:19,1.77,38.01079,-122.22793,155.184,0.035,0.0,-65,2.773,1.042,0.419
2014/08/18 15:00:24,1.77,38.01079,-122.22793,159.449,0.022,0.0,-65,2.837,1.375,0.515
2014/08/18 15:00:29,1.52,38.01079,-122.22793,160.761,0.009,0.0,-65,2.663,1.000,0.756
2014/08/18 15:00:34,1.52,38.01079,-122.22793,160.105,0.070,0.0,-65,2.667,1.042,0.510
2014/08/18 15:00:39,2.07,38.01079,-122.22794,157.152,2.295,0.0,-65,2.673,0.000,0.265
2014/08/18 15:00:44,1.52,38.01067,-122.22806,156.824,11.867,0.0,-65,2.827,1.375,0.811
2014/08/18 15:00:49,1.52,38.01052,-122.22836,153.871,15.748,0.0,-65,2.833,1.042,0.710
2014/08/18 15:00:54,1.56,38.01058,-122.22895,147.638,29.832,0.0,-65,2.920,1.375,0.522
2014/08/18 15:00:59,1.83,38.01074,-122.22982,145.013,38.667,0.0,-69,2.986,1.042,1.210
2014/08/18 15:01:04,1.73,38.01103,-122.23083,144.685,44.372,0.0,-69,2.497,1.000,0.535
2014/08/18 15:01:09,1.74,38.01145,-122.23192,145.341,50.654,0.0,-69,2.856,0.000,0.456
2014/08/18 15:01:14,1.52,38.01194,-122.23316,140.092,58.302,0.0,-69,2.920,1.375,1.370
2014/08/18 15:01:19,1.56,38.01258,-122.23455,129.265,66.194,0.0,-69,2.824,1.042,1.870
2014/08/18 15:01:24,1.51,38.01328,-122.23601,122.703,68.323,0.0,-69,3.083,0.000,0.790
2014/08/18 15:01:29,1.51,38.01392,-122.23760,115.814,71.515,0.0,-51,3.170,0.000,0.161
2014/08/18 15:01:34,1.56,38.01440,-122.23932,112.205,72.184,0.0,-51,3.871,0.083,0.214
2014/08/18 15:01:39,1.51,38.01477,-122.24106,108.924,70.241,0.0,-51,3.311,0.875,1.603
2014/08/18 15:01:44,1.51,38.01503,-122.24285,102.034,71.715,0.0,-51,1.513,0.875,0.809
2014/08/18 15:01:49,1.51,38.01525,-122.24464,97.769,70.398,0.0,-51,2.003,1.000,1.010
2014/08/18 15:01:54,1.53,38.01531,-122.24640,92.520,68.582,0.0,-51,2.663,0.000,0.709
2014/08/18 15:01:59,1.53,38.01515,-122.24810,86.614,66.058,0.0,-51,2.814,1.125,0.342
2014/08/18 15:02:04,1.53,38.01488,-122.24975,80.709,66.438,0.0,-51,2.644,0.875,0.298
2014/08/18 15:02:09,1.51,38.01461,-122.25139,79.068,66.872,0.0,-51,2.904,1.083,0.198
2014/08/18 15:02:14,1.75,38.01433,-122.25310,75.787,69.087,0.0,-51,2.071,0.625,0.933
2014/08/18 15:02:19,1.75,38.01408,-122.25484,70.866,70.122,0.0,-51,2.113,0.875,0.490
2014/08/18 15:02:24,1.75,38.01386,-122.25657,74.803,65.654,0.0,-51,2.679,1.208,0.690
2014/08/18 15:02:29,1.75,38.01364,-122.25822,81.037,65.235,0.0,-51,3.083,0.917,0.596
2014/08/18 15:02:34,1.75,38.01349,-122.25983,84.646,61.945,0.0,-57,3.010,0.000,0.650
2014/08/18 15:02:39,1.97,38.01346,-122.26133,79.396,57.924,0.0,-57,3.000,0.958,1.237
2014/08/18 15:02:44,1.75,38.01356,-122.26277,83.333,55.796,0.0,-57,3.090,1.500,0.591
2014/08/18 15:02:49,1.84,38.01379,-122.26412,83.333,55.166,0.0,-57,1.410,0.792,0.370
2014/08/18 15:02:54,1.51,38.01415,-122.26548,79.396,56.755,0.0,-57,2.352,0.750,0.243
2014/08/18 15:02:59,1.51,38.01451,-122.26682,70.866,55.115,0.0,-57,2.862,1.000,0.459
2014/08/18 15:03:04,1.74,38.01491,-122.26800,71.850,46.461,0.0,-69,2.693,0.750,0.394
2014/08/18 15:03:09,1.74,38.01507,-122.26909,70.866,43.350,0.0,-69,2.798,1.000,0.369
2014/08/18 15:03:14,2.03,38.01474,-122.27005,81.365,42.197,0.0,-69,2.783,0.000,0.289
2014/08/18 15:03:19,1.51,38.01406,-122.27076,81.693,45.480,0.0,-69,2.471,1.042,0.200
2014/08/18 15:03:24,1.51,38.01333,-122.27144,88.911,44.417,0.0,-69,2.744,0.750,0.249
2014/08/18 15:03:29,1.51,38.01260,-122.27212,99.081,43.155,0.0,-69,2.356,0.500,0.658
2014/08/18 15:03:34,1.51,38.01193,-122.27274,101.706,39.462,0.0,-51,1.879,0.000,0.503
2014/08/18 15:03:39,1.51,38.01123,-122.27333,100.066,44.791,0.0,-51,2.798,0.500,0.770
2014/08/18 15:03:44,1.51,38.01043,-122.27407,98.425,51.175,0.0,-51,2.183,0.500,1.058
2014/08/18 15:03:49,1.74,38.00957,-122.27482,94.488,52.058,0.0,-51,2.321,0.750,1.690
2014/08/18 15:03:54,1.51,38.00868,-122.27557,94.160,55.391,0.0,-51,2.673,1.000,0.417
2014/08/18 15:03:59,1.51,38.00772,-122.27644,103.675,60.829,0.0,-51,2.865,0.000,0.182
2014/08/18 15:04:04,1.74,38.00670,-122.27735,114.829,63.050,0.0,-67,1.802,0.750,0.566
2014/08/18 15:04:09,1.74,38.00567,-122.27829,127.625,61.827,0.0,-67,1.208,0.250,1.090
2014/08/18 15:04:14,1.74,38.00467,-122.27923,139.108,61.672,0.0,-67,0.679,0.000,1.902
2014/08/18 15:04:19,1.51,38.00369,-122.28013,150.591,58.359,0.0,-67,0.882,0.292,1.490
2014/08/18 15:04:24,1.73,38.00279,-122.28096,155.840,52.511,0.0,-67,0.788,0.000,0.000
2014/08/18 15:04:29,1.51,38.00192,-122.28177,152.559,54.683,0.0,-67,1.629,0.250,0.000
2014/08/18 15:04:34,1.73,38.00102,-122.28258,142.717,54.934,0.0,-67,1.641,0.500,0.434
2014/08/18 15:04:39,1.73,38.00007,-122.28344,129.593,59.196,0.0,-77,2.217,0.708,0.923
2014/08/18 15:04:44,1.73,37.99910,-122.28435,116.470,60.571,0.0,-77,2.693,1.000,1.654
2014/08/18 15:04:49,1.51,37.99813,-122.28525,103.346,58.942,0.0,-77,2.333,1.083,0.000
2014/08/18 15:04:54,1.51,37.99724,-122.28620,87.927,58.656,0.0,-77,2.727,0.000,3.704
2014/08/18 15:04:59,1.51,37.99644,-122.28735,78.412,62.947,0.0,-77,2.526,0.833,2.930
2014/08/18 15:05:04,1.51,37.99573,-122.28877,80.381,67.796,0.0,-77,0.906,1.208,0.979
2014/08/18 15:05:09,1.73,37.99520,-122.29031,95.144,62.886,0.0,-65,1.728,0.000,0.324
2014/08/18 15:05:14,1.73,37.99490,-122.29179,109.252,59.425,0.0,-65,0.000,0.000,0.882
2014/08/18 15:05:19,1.73,37.99469,-122.29326,120.407,57.564,0.0,-65,0.907,0.000,0.286
2014/08/18 15:05:24,1.73,37.99448,-122.29474,133.202,60.015,0.0,-65,1.875,0.042,0.183
2014/08/18 15:05:29,1.51,37.99428,-122.29621,143.701,57.424,0.0,-65,3.093,1.000,0.329
2014/08/18 15:05:34,1.51,37.99407,-122.29768,156.168,58.061,0.0,-65,3.118,0.792,0.270
2014/08/18 15:05:39,1.5,37.99387,-122.29914,168.307,58.995,0.0,-69,2.314,0.000,0.602
2014/08/18 15:05:44,1.5,37.99366,-122.30062,176.181,59.054,0.0,-69,2.638,0.792,1.087
2014/08/18 15:05:49,1.85,37.99346,-122.30212,183.071,59.825,0.0,-69,2.621,0.958,0.573
2014/08/18 15:05:54,1.5,37.99323,-122.30364,189.961,60.139,0.0,-69,2.718,1.042,0.237
2014/08/18 15:05:59,1.5,37.99295,-122.30512,191.929,60.535,0.0,-69,2.073,0.500,0.450
2014/08/18 15:06:04,1.5,37.99254,-122.30662,197.507,63.065,0.0,-69,2.228,0.375,0.230
2014/08/18 15:06:09,1.5,37.99203,-122.30801,202.756,57.673,0.0,-75,3.199,1.000,0.351
2014/08/18 15:06:14,1.5,37.99145,-122.30926,209.646,57.758,0.0,-75,2.494,0.708,0.698
2014/08/18 15:06:19,1.5,37.99076,-122.31047,220.472,58.621,0.0,-75,2.583,0.625,0.950
2014/08/18 15:06:24,1.5,37.99004,-122.31162,229.331,57.685,0.0,-75,1.599,0.000,1.077
2014/08/18 15:06:29,1.5,37.98925,-122.31266,238.517,56.368,0.0,-75,0.587,0.583,1.219
2014/08/18 15:06:34,1.5,37.98840,-122.31358,249.016,56.654,0.0,-75,0.728,0.292,1.906
2014/08/18 15:06:39,1.5,37.98746,-122.31442,256.562,57.990,0.0,-75,1.587,0.833,0.531
2014/08/18 15:06:44,1.5,37.98643,-122.31514,261.483,57.658,0.0,-83,1.503,0.000,1.190
2014/08/18 15:06:49,1.5,37.98536,-122.31574,260.827,58.284,0.0,-83,0.560,0.708,0.330
2014/08/18 15:06:54,1.5,37.98422,-122.31618,262.139,59.654,0.0,-83,1.747,0.792,0.930
2014/08/18 15:06:59,1.5,37.98302,-122.31647,263.451,62.025,0.0,-83,1.064,0.500,1.065
2014/08/18 15:07:04,1.5,37.98180,-122.31675,267.060,61.538,0.0,-83,2.141,0.792,1.686
2014/08/18 15:07:09,1.5,37.98060,-122.31710,268.373,61.001,0.0,-83,0.801,0.708,1.078
2014/08/18 15:07:14,1.55,37.97941,-122.31750,270.997,60.734,0.0,-77,2.443,1.000,0.537
2014/08/18 15:07:19,1.5,37.97823,-122.31790,270.341,61.105,0.0,-77,0.000,0.000,0.160
2014/08/18 15:07:25,1.5,37.97703,-122.31830,261.155,61.824,0.0,-77,0.000,0.833,1.971
2014/08/18 15:07:30,1.5,37.97586,-122.31870,246.391,59.553,0.0,-77,0.000,0.792,1.278
2014/08/18 15:07:35,1.56,37.97471,-122.31908,233.596,59.078,0.0,-77,0.000,1.333,1.271
2014/08/18 15:07:40,1.5,37.97354,-122.31947,219.160,60.523,0.0,-77,0.006,2.333,1.827
2014/08/18 15:07:45,1.5,37.97237,-122.31986,204.724,59.660,0.0,-75,2.038,0.000,1.606
2014/08/18 15:07:50,1.5,37.97122,-122.32025,189.633,59.386,0.0,-75,2.212,2.167,0.571
2014/08/18 15:07:55,1.5,37.97006,-122.32064,173.556,60.046,0.0,-75,2.420,0.000,0.182
2014/08/18 15:08:00,1.5,37.96889,-122.32104,157.808,60.957,0.0,-75,3.131,1.833,0.245
2014/08/18 15:08:05,1.5,37.96769,-122.32151,140.092,63.920,0.0,-75,3.449,1.208,0.255
2014/08/18 15:08:10,1.5,37.96658,-122.32233,123.360,63.895,0.0,-75,3.820,1.792,0.162
2014/08/18 15:08:15,1.7,37.96568,-122.32351,108.596,65.014,0.0,-51,3.360,0.000,0.191
2014/08/18 15:08:20,1.5,37.96498,-122.32482,96.129,61.406,0.0,-51,3.314,1.167,0.182
2014/08/18 15:08:25,1.5,37.96430,-122.32609,86.286,60.641,0.0,-51,3.253,0.000,0.167
2014/08/18 15:08:30,1.5,37.96363,-122.32738,83.005,59.290,0.0,-51,1.748,1.208,0.422
2014/08/18 15:08:35,1.79,37.96291,-122.32853,87.598,58.623,0.0,-51,1.255,0.583,0.246
2014/08/18 15:08:40,1.5,37.96203,-122.32949,102.362,57.945,0.0,-51,2.406,1.792,0.358
2014/08/18 15:08:45,1.5,37.96108,-122.33019,116.798,53.295,0.0,-51,2.927,1.792,0.410
2014/08/18 15:08:50,1.49,37.96007,-122.33062,130.249,52.711,0.0,-65,2.307,0.000,0.482
2014/08/18 15:08:55,1.49,37.95900,-122.33083,135.171,54.555,0.0,-65,0.721,0.000,0.782
2014/08/18 15:09:00,1.54,37.95789,-122.33077,135.499,55.523,0.0,-65,0.731,0.000,1.487
2014/08/18 15:09:05,1.51,37.95681,-122.33045,136.155,55.691,0.0,-65,2.340,0.000,0.337
2014/08/18 15:09:10,1.51,37.95576,-122.32989,132.546,57.110,0.0,-65,2.202,0.000,0.395
2014/08/18 15:09:15,1.51,37.95469,-122.32926,132.546,59.558,0.0,-65,2.648,0.000,0.175
2014/08/18 15:09:20,1.51,37.95358,-122.32861,131.562,61.209,0.0,-73,2.503,0.042,0.242
2014/08/18 15:09:25,1.51,37.95248,-122.32802,128.281,57.916,0.0,-73,2.160,0.375,0.445
2014/08/18 15:09:30,1.51,37.95145,-122.32752,124.344,51.857,0.0,-73,1.544,0.292,0.450
2014/08/18 15:09:35,1.49,37.95056,-122.32709,118.766,42.126,0.0,-73,1.517,0.000,0.822
2014/08/18 15:09:40,1.49,37.94976,-122.32671,113.845,42.955,0.0,-73,0.657,0.250,0.389
2014/08/18 15:09:45,1.51,37.94892,-122.32631,108.924,46.171,0.0,-73,1.352,0.167,0.301
2014/08/18 15:09:50,1.51,37.94803,-122.32589,106.955,49.431,0.0,-87,2.029,0.667,0.249
2014/08/18 15:09:55,1.51,37.94707,-122.32543,103.675,51.242,0.0,-87,0.775,0.458,1.523
2014/08/18 15:10:00,1.67,37.94608,-122.32496,99.081,53.049,0.0,-87,1.212,0.292,0.582
2014/08/18 15:10:05,1.51,37.94508,-122.32448,94.160,52.962,0.0,-87,1.014,0.250,0.198
2014/08/18 15:10:10,1.51,37.94406,-122.32404,88.255,54.721,0.0,-87,1.277,0.667,0.742
2014/08/18 15:10:15,1.51,37.94293,-122.32387,87.598,58.236,0.0,-87,2.113,0.958,0.469
2014/08/18 15:10:20,1.49,37.94178,-122.32406,88.911,56.038,0.0,-77,2.544,1.083,0.157
2014/08/18 15:10:25,1.49,37.94072,-122.32453,91.864,56.734,0.0,-77,2.683,0.000,0.162
2014/08/18 15:10:30,1.49,37.93967,-122.32507,94.816,54.965,0.0,-77,0.000,0.583,0.425
2014/08/18 15:10:35,1.49,37.93863,-122.32560,99.409,55.780,0.0,-77,2.673,0.375,0.554
2014/08/18 15:10:40,1.49,37.93760,-122.32612,102.362,55.422,0.0,-77,1.917,0.708,0.158
2014/08/18 15:10:45,1.68,37.93656,-122.32665,104.987,55.790,0.0,-77,2.961,0.625,0.162
2014/08/18 15:10:50,1.49,37.93547,-122.32698,101.706,55.929,0.0,-77,2.910,0.583,0.197
2014/08/18 15:10:55,1.49,37.93433,-122.32694,96.129,57.038,0.0,-63,2.872,1.042,0.278
2014/08/18 15:11:00,1.51,37.93323,-122.32650,97.113,56.921,0.0,-63,3.087,0.000,0.166
2014/08/18 15:11:05,1.49,37.93222,-122.32582,98.097,57.014,0.0,-63,3.102,0.875,0.269
2014/08/18 15:11:10,1.49,37.93121,-122.32511,98.425,57.512,0.0,-63,2.221,0.000,1.141
2014/08/18 15:11:15,1.53,37.93017,-122.32440,90.551,59.761,0.0,-63,0.561,0.333,0.211
2014/08/18 15:11:20,1.53,37.92909,-122.32367,81.693,62.131,0.0,-63,1.497,0.458,0.441
2014/08/18 15:11:25,1.5,37.92797,-122.32290,75.131,63.738,0.0,-51,2.446,1.833,1.396
2014/08/18 15:11:30,1.5,37.92685,-122.32212,78.084,63.178,0.0,-51,2.756,1.958,0.301
2014/08/18 15:11:35,1.48,37.92576,-122.32136,81.693,60.125,0.0,-51,2.917,1.750,0.226
2014/08/18 15:11:40,1.5,37.92470,-122.32058,77.756,61.051,0.0,-51,2.747,0.750,0.364
2014/08/18 15:11:45,1.53,37.92361,-122.31977,64.304,64.884,0.0,-51,1.362,0.333,0.446
2014/08/18 15:11:50,1.7,37.92248,-122.31894,61.680,65.343,0.0,-51,2.067,0.750,0.469
2014/08/18 15:11:55,1.53,37.92131,-122.31819,68.570,64.081,0.0,-57,2.410,0.000,0.282
2014/08/18 15:12:00,1.5,37.92013,-122.31774,69.554,60.790,0.0,-57,3.125,1.042,0.216
2014/08/18 15:12:05,1.5,37.91893,-122.31757,61.680,59.710,0.0,-57,2.016,0.375,0.221
2014/08/18 15:12:10,1.5,37.91771,-122.31756,58.399,61.083,0.0,-57,2.648,0.375,0.306
2014/08/18 15:12:15,1.5,37.91649,-122.31755,57.087,61.333,0.0,-57,3.160,1.083,0.223
2014/08/18 15:12:20,1.5,37.91523,-122.31755,55.118,65.264,0.0,-57,3.237,0.000,0.317
2014/08/18 15:12:25,1.5,37.91389,-122.31755,50.853,66.622,0.0,-73,2.475,1.042,0.167
2014/08/18 15:12:30,1.5,37.91259,-122.31755,49.541,63.337,0.0,-73,2.673,0.708,0.291
2014/08/18 15:12:35,1.94,37.91132,-122.31749,48.228,63.423,0.0,-73,3.090,0.708,0.816
2014/08/18 15:12:40,1.5,37.91007,-122.31709,45.604,65.167,0.0,-73,2.282,0.000,0.463
2014/08/18 15:12:45,1.53,37.90888,-122.31638,33.465,65.578,0.0,-73,0.760,0.000,1.601
2014/08/18 15:12:50,1.53,37.90770,-122.31558,22.638,67.178,0.0,-73,0.846,0.000,3.166
2014/08/18 15:12:55,1.69,37.90651,-122.31477,22.966,67.100,0.0,-73,0.000,0.000,0.000
2014/08/18 15:13:00,1.5,37.90533,-122.31396,35.433,65.443,0.0,-93,0.000,0.000,6.086
2014/08/18 15:13:05,1.52,37.90420,-122.31318,42.651,64.742,0.0,-93,0.000,0.000,1.027
2014/08/18 15:13:10,1.52,37.90304,-122.31238,44.948,65.556,0.0,-93,0.010,0.042,0.288
2014/08/18 15:13:15,1.52,37.90193,-122.31161,45.604,61.904,0.0,-93,1.420,0.750,0.221
2014/08/18 15:13:20,1.52,37.90083,-122.31088,39.370,62.366,0.0,-93,1.917,0.375,0.910
2014/08/18 15:13:25,1.5,37.89968,-122.31018,26.247,63.033,0.0,-93,1.400,0.458,0.333
2014/08/18 15:13:30,1.5,37.89850,-122.30960,17.388,63.691,0.0,-67,1.276,0.208,0.726
2014/08/18 15:13:35,1.49,37.89727,-122.30910,21.982,62.917,0.0,-67,0.964,0.000,0.601
2014/08/18 15:13:40,1.49,37.89610,-122.30862,31.496,59.905,0.0,-67,1.003,0.292,0.490
2014/08/18 15:13:45,1.49,37.89494,-122.30815,41.010,59.834,0.0,-67,1.061,0.292,0.382
2014/08/18 15:13:50,1.52,37.89379,-122.30770,44.948,60.229,0.0,-67,0.824,0.500,1.319
2014/08/18 15:13:55,1.49,37.89259,-122.30753,49.541,62.051,0.0,-67,1.212,0.500,0.581
2014/08/18 15:14:00,1.49,37.89135,-122.30779,54.790,64.129,0.0,-73,1.583,0.333,0.211
2014/08/18 15:14:05,1.49,37.89011,-122.30836,54.462,67.698,0.0,-73,1.596,0.000,0.190
2014/08/18 15:14:10,1.52,37.88888,-122.30895,46.916,62.620,0.0,-73,1.830,0.375,0.542
2014/08/18 15:14:15,1.49,37.88767,-122.30926,42.651,61.187,0.0,-73,1.904,0.333,0.178
2014/08/18 15:14:20,1.49,37.88650,-122.30925,35.105,56.031,0.0,-73,1.003,0.167,1.552
2014/08/18 15:14:25,1.49,37.88538,-122.30902,19.685,58.104,0.0,-73,2.625,0.750,0.719
2014/08/18 15:14:30,1.57,37.88422,-122.30876,16.732,58.051,0.0,-71,2.744,0.750,0.261
2014/08/18 15:14:35,1.49,37.88311,-122.30852,16.732,53.351,0.0,-71,2.975,0.625,0.962
2014/08/18 15:14:40,1.49,37.88212,-122.30830,15.092,49.892,0.0,-71,2.497,0.792,0.631
2014/08/18 15:14:45,1.49,37.88125,-122.30810,14.436,36.638,0.0,-71,3.038,0.833,0.197
2014/08/18 15:14:50,1.49,37.88063,-122.30797,12.467,26.591,0.0,-71,2.923,0.625,0.190
2014/08/18 15:14:55,1.49,37.88017,-122.30787,11.483,20.876,0.0,-71,2.375,0.750,0.454
2014/08/18 15:15:00,1.49,37.87975,-122.30776,15.420,22.582,0.0,-71,2.660,0.875,0.790
2014/08/18 15:15:05,1.52,37.87917,-122.30761,23.622,33.840,0.0,-51,2.019,0.917,1.920
2014/08/18 15:15:10,1.49,37.87848,-122.30746,26.903,35.327,0.0,-51,2.830,0.000,0.657
2014/08/18 15:15:15,1.49,37.87795,-122.30732,26.903,22.979,0.0,-51,2.747,1.250,0.959
2014/08/18 15:15:20,1.49,37.87753,-122.30720,25.262,16.717,0.0,-51,2.920,0.750,0.742
2014/08/18 15:15:25,1.49,37.87721,-122.30710,20.997,19.507,0.0,-51,2.994,0.958,0.639
2014/08/18 15:15:30,1.49,37.87682,-122.30698,19.029,20.123,0.0,-51,2.067,1.250,1.191
2014/08/18 15:15:35,1.49,37.87641,-122.30685,17.388,22.590,0.0,-59,2.394,0.750,0.398
2014/08/18 15:15:40,1.49,37.87593,-122.30671,13.123,26.181,0.0,-59,2.860,1.042,0.229
2014/08/18 15:15:45,1.49,37.87538,-122.30654,9.186,28.506,0.0,-59,2.983,1.167,0.290
2014/08/18 15:15:50,1.49,37.87477,-122.30635,9.186,31.150,0.0,-59,3.110,0.708,0.290
2014/08/18 15:15:55,1.51,37.87417,-122.30617,8.202,28.933,0.0,-59,3.554,0.750,0.230
2014/08/18 15:16:00,1.51,37.87364,-122.30600,7.218,25.440,0.0,-59,2.853,1.125,0.234
2014/08/18 15:16:05,1.51,37.87331,-122.30590,8.202,10.409,0.0,-61,2.506,0.583,0.251
2014/08/18 15:16:10,1.51,37.87320,-122.30587,7.874,2.579,0.0,-61,1.029,0.000,2.242
2014/08/18 15:16:15,1.51,37.87319,-122.30586,8.530,0.662,0.0,-61,2.096,0.250,0.291
2014/08/18 15:16:20,1.51,37.87316,-122.30585,8.530,0.345,0.0,-61,1.138,0.250,2.330
2014/08/18 15:16:25,1.51,37.87310,-122.30583,9.843,5.368,0.0,-61,1.599,0.542,1.298
2014/08/18 15:16:30,1.51,37.87306,-122.30582,9.514,0.674,0.0,-61,2.135,0.625,0.213
2014/08/18 15:16:35,1.48,37.87294,-122.30578,9.843,12.244,0.0,-65,2.375,0.000,0.362
2014/08/18 15:16:40,1.48,37.87256,-122.30566,9.514,24.735,0.0,-65,1.965,0.625,0.170
2014/08/18 15:16:45,1.48,37.87199,-122.30548,8.530,30.550,0.0,-65,1.676,0.625,0.942
2014/08/18 15:16:50,1.48,37.87133,-122.30528,8.858,36.247,0.0,-65,1.811,0.250,0.325
2014/08/18 15:16:55,1.48,37.87060,-122.30505,9.514,37.322,0.0,-65,1.394,0.000,0.371
2014/08/18 15:17:00,1.48,37.86991,-122.30484,9.843,34.844,0.0,-65,1.577,0.500,0.421
2014/08/18 15:17:05,1.48,37.86922,-122.30462,9.186,33.443,0.0,-65,2.295,0.833,0.218
2014/08/18 15:17:10,1.48,37.86857,-122.30442,9.514,31.507,0.0,-63,2.798,0.625,0.158
2014/08/18 15:17:15,1.48,37.86813,-122.30429,10.499,19.509,0.0,-63,1.910,0.375,0.210
2014/08/18 15:17:20,1.48,37.86770,-122.30415,10.171,26.598,0.0,-63,1.446,0.250,0.570
2014/08/18 15:17:25,1.99,37.86708,-122.30394,11.483,33.663,0.0,-63,1.490,0.000,0.449
2014/08/18 15:17:30,1.48,37.86644,-122.30376,12.139,29.473,0.0,-63,0.548,0.375,1.017
2014/08/18 15:17:35,1.48,37.86596,-122.30360,14.108,23.772,0.0,-63,0.923,0.125,0.583
2014/08/18 15:17:40,1.48,37.86561,-122.30349,15.092,8.631,0.0,-59,2.456,0.750,0.691
2014/08/18 15:17:45,1.48,37.86546,-122.30345,14.436,7.868,0.0,-59,2.791,0.958,0.818
2014/08/18 15:17:50,1.48,37.86517,-122.30336,15.092,20.780,0.0,-59,3.218,1.250,0.657
2014/08/18 15:17:55,1.48,37.86472,-122.30324,14.436,20.431,0.0,-59,1.894,0.708,0.955
2014/08/18 15:18:00,1.48,37.86458,-122.30320,13.123,0.041,0.0,-59,2.677,0.958,0.797
2014/08/18 15:18:05,1.47,37.86458,-122.30320,13.451,0.072,0.0,-59,3.010,1.250,0.430
2014/08/18 15:18:10,2.0,37.86458,-122.30320,13.780,0.016,0.0,-51,0.000,0.958,0.630
2014/08/18 15:18:15,2.0,37.86454,-122.30319,13.451,6.235,0.0,-51,2.663,0.000,0.982
2014/08/18 15:18:20,1.47,37.86429,-122.30312,15.092,17.134,0.0,-51,2.840,0.875,0.730
2014/08/18 15:18:25,1.47,37.86394,-122.30303,14.436,13.243,0.0,-51,3.006,1.083,0.438
2014/08/18 15:18:30,1.47,37.86384,-122.30300,12.795,0.668,0.0,-51,2.910,1.083,0.959
2014/08/18 15:18:35,1.47,37.86384,-122.30300,14.436,0.020,0.0,-51,2.750,0.875,0.600
2014/08/18 15:18:40,1.47,37.86382,-122.30299,13.780,0.062,0.0,-59,3.013,1.083,0.718
2014/08/18 15:18:45,2.01,37.86382,-122.30300,12.467,0.043,0.0,-59,2.913,0.958,1.130
2014/08/18 15:18:50,1.47,37.86371,-122.30296,11.155,11.674,0.0,-59,2.740,0.875,0.803
2014/08/18 15:18:55,1.47,37.86337,-122.30287,10.499,19.678,0.0,-59,2.907,1.083,0.309
2014/08/18 15:19:00,1.47,37.86291,-122.30273,10.827,25.038,0.0,-59,2.840,0.917,0.215
2014/08/18 15:19:05,1.47,37.86239,-122.30259,10.827,28.033,0.0,-59,3.019,0.500,0.165
2014/08/18 15:19:10,1.47,37.86183,-122.30243,11.483,28.386,0.0,-59,2.859,0.750,0.186
2014/08/18 15:19:15,1.47,37.86129,-122.30228,11.483,29.269,0.0,-67,1.962,0.000,0.634
2014/08/18 15:19:20,1.47,37.86069,-122.30211,12.795,30.150,0.0,-67,2.506,0.750,0.288
2014/08/18 15:19:25,1.47,37.86016,-122.30197,13.123,23.140,0.0,-67,3.115,0.958,0.243
2014/08/18 15:19:30,1.47,37.85995,-122.30191,13.780,0.956,0.0,-67,3.314,0.750,0.230
2014/08/18 15:19:35,1.47,37.85995,-122.30191,14.108,0.074,0.0,-67,3.218,0.708,0.323
2014/08/18 15:19:40,1.47,37.85994,-122.30191,14.108,2.435,0.0,-67,3.263,0.875,0.210
2014/08/18 15:19:45,1.47,37.85976,-122.30185,13.451,15.356,0.0,-63,3.801,0.958,0.213
2014/08/18 15:19:50,1.47,37.85937,-122.30174,14.436,23.722,0.0,-63,2.860,0.875,0.829
2014/08/18 15:19:55,1.47,37.85884,-122.30160,13.451,29.969,0.0,-63,3.003,1.083,0.878
2014/08/18 15:20:00,1.47,37.85822,-122.30143,13.451,32.322,0.0,-63,3.090,1.125,0.458
2014/08/18 15:20:05,1.47,37.85765,-122.30127,13.780,20.994,0.0,-63,3.019,1.000,0.990
2014/08/18 15:20:10,1.46,37.85743,-122.30121,13.780,5.740,0.0,-63,2.885,0.000,0.918
2014/08/18 15:20:15,1.46,37.85733,-122.30118,14.108,4.973,0.0,-71,3.003,0.958,0.762
2014/08/18 15:20:18,1.46,37.85726,-122.30116,13.451,1.268,0.0,-71,3.096,1.250,0.420
2014/08/18 15:20:23,1.46,37.85726,-122.30116,13.451,0.549,0.0,-71,3.740,1.333,0.733
2014/08/18 15:20:28,1.46,37.85713,-122.30112,13.123,13.475,0.0,-71,2.824,0.875,0.617
2014/08/18 15:20:33,1.46,37.85674,-122.30101,13.451,22.182,0.0,-71,2.986,1.083,0.469
2014/08/18 15:20:38,1.46,37.85628,-122.30089,13.780,23.826,0.0,-71,2.443,1.000,0.994
2014/08/18 15:20:43,1.46,37.85595,-122.30080,12.795,7.324,0.0,-65,2.824,0.833,0.998
2014/08/18 15:20:48,1.46,37.85586,-122.30077,11.811,4.654,0.0,-65,2.920,1.125,0.250
2014/08/18 15:20:53,1.46,37.85579,-122.30075,10.827,4.272,0.0,-65,2.179,0.708,0.350
2014/08/18 15:20:58,1.46,37.85564,-122.30071,10.827,11.123,0.0,-65,2.814,0.000,0.171
2014/08/18 15:21:03,1.46,37.85534,-122.30062,11.483,17.144,0.0,-65,3.083,0.500,0.350
2014/08/18 15:21:08,1.46,37.85498,-122.30052,12.139,17.687,0.0,-65,2.917,1.083,0.990
2014/08/18 15:21:13,1.46,37.85464,-122.30042,14.108,16.751,0.0,-65,2.413,1.000,0.990
2014/08/18 15:21:18,1.46,37.85432,-122.30034,15.092,13.844,0.0,-69,2.093,0.875,0.899
2014/08/18 15:21:23,1.46,37.85417,-122.30029,16.076,5.051,0.0,-69,2.250,0.750,0.739
2014/08/18 15:21:28,1.46,37.85401,-122.30025,15.420,11.289,0.0,-69,2.756,1.000,0.838
2014/08/18 15:21:33,1.46,37.85376,-122.30018,16.076,7.534,0.0,-69,2.901,0.875,0.889
2014/08/18 15:21:38,1.46,37.85372,-122.30017,16.404,0.024,0.0,-69,0.000,1.083,0.403
2014/08/18 15:21:43,1.46,37.85369,-122.30016,15.420,6.202,0.0,-69,2.756,1.000,0.378
2014/08/18 15:21:48,1.46,37.85346,-122.30010,15.420,15.804,0.0,-69,2.580,0.875,0.302
2014/08/18 15:21:53,1.46,37.85304,-122.29998,15.420,24.227,0.0,-69,2.913,0.750,0.198
2014/08/18 15:21:58,1.46,37.85262,-122.29987,15.748,13.830,0.0,-69,2.670,0.625,0.174
2014/08/18 15:22:03,1.46,37.85249,-122.29983,15.748,2.905,0.0,-69,2.676,0.417,0.485
2014/08/18 15:22:08,1.45,37.85241,-122.29981,16.404,6.015,0.0,-69,2.022,0.000,0.445
2014/08/18 15:22:13,1.45,37.85235,-122.29980,16.076,0.520,0.0,-69,2.362,0.500,0.222
2014/08/18 15:22:18,1.62,37.85234,-122.29979,16.404,0.528,0.0,-77,2.363,0.667,0.607
2014/08/18 15:22:23,1.45,37.85223,-122.29976,17.388,10.476,0.0,-77,1.945,0.542,0.173
2014/08/18 15:22:28,1.45,37.85191,-122.29968,17.060,18.054,0.0,-77,2.926,0.625,0.343
2014/08/18 15:22:33,1.45,37.85164,-122.29961,16.732,7.664,0.0,-77,3.218,0.750,0.658
2014/08/18 15:22:38,1.45,37.85146,-122.29957,16.076,12.030,0.0,-77,2.702,0.958,0.410
2014/08/18 15:22:43,1.45,37.85116,-122.29950,15.748,16.654,0.0,-77,2.712,1.125,0.458
2014/08/18 15:22:48,1.45,37.85082,-122.29941,16.404,17.538,0.0,-73,2.740,1.083,0.321
2014/08/18 15:22:53,1.45,37.85053,-122.29934,17.717,8.526,0.0,-73,2.724,0.875,1.075
2014/08/18 15:22:58,1.45,37.85046,-122.29932,17.717,2.032,0.0,-73,2.679,0.000,0.356
2014/08/18 15:23:03,1.48,37.85045,-122.29932,17.388,1.151,0.0,-73,2.952,1.125,0.294
2014/08/18 15:23:08,1.45,37.85036,-122.29930,11.811,6.610,0.0,-73,2.975,0.583,0.306
2014/08/18 15:23:13,1.45,37.85027,-122.29928,9.186,0.502,0.0,-73,2.903,0.875,0.246
2014/08/18 15:23:18,1.45,37.85017,-122.29926,9.186,8.632,0.0,-73,3.119,0.875,0.177
2014/08/18 15:23:23,1.45,37.84991,-122.29920,9.514,14.864,0.0,-75,2.984,0.625,0.166
2014/08/18 15:23:28,1.45,37.84966,-122.29914,11.155,11.232,0.0,-75,3.080,0.000,0.322
2014/08/18 15:23:33,1.45,37.84939,-122.29907,11.155,18.305,0.0,-75,3.147,0.042,1.595
2014/08/18 15:23:38,1.45,37.84900,-122.29898,13.123,22.921,0.0,-75,1.167,0.417,0.444
2014/08/18 15:23:43,1.45,37.84856,-122.29888,14.108,20.372,0.0,-75,2.212,0.708,0.248
2014/08/18 15:23:48,1.65,37.84829,-122.29881,16.076,5.723,0.0,-75,3.404,0.875,0.230
2014/08/18 15:23:53,1.65,37.84828,-122.29881,17.060,0.503,0.0,-69,3.657,0.917,0.417
2014/08/18 15:23:58,1.45,37.84819,-122.29879,15.420,8.989,0.0,-69,2.670,0.917,0.439
2014/08/18 15:24:03,1.44,37.84799,-122.29874,15.420,6.998,0.0,-69,2.756,0.917,0.219
2014/08/18 15:24:08,1.44,37.84784,-122.29871,15.092,10.390,0.0,-69,2.484,0.000,0.270
2014/08/18 15:24:13,1.44,37.84771,-122.29867,15.748,2.372,0.0,-69,1.964,0.500,0.805
2014/08/18 15:24:18,1.44,37.84761,-122.29865,16.732,9.035,0.0,-69,1.298,0.333,0.378
2014/08/18 15:24:23,1.44,37.84735,-122.29860,16.404,14.589,0.0,-77,2.327,0.708,0.451
2014/08/18 15:24:28,1.44,37.84702,-122.29852,19.029,17.549,0.0,-77,2.686,0.667,0.177
2014/08/18 15:24:33,1.44,37.84674,-122.29846,18.373,12.543,0.0,-77,1.250,0.625,1.021
2014/08/18 15:24:38,1.5,37.84657,-122.29842,18.045,8.748,0.0,-77,1.917,1.042,0.289
2014/08/18 15:24:43,1.44,37.84634,-122.29836,16.732,13.270,0.0,-77,0.646,0.500,0.329
2014/08/18 15:24:48,1.44,37.84608,-122.29830,17.060,13.289,0.0,-77,1.412,1.000,0.617
2014/08/18 15:24:53,1.44,37.84585,-122.29825,17.717,11.086,0.0,-67,2.301,1.125,0.730
2014/08/18 15:24:58,1.44,37.84561,-122.29820,17.388,12.408,0.0,-67,2.372,0.750,0.482
2014/08/18 15:25:03,1.44,37.84533,-122.29813,18.045,17.169,0.0,-67,2.548,0.625,0.202
2014/08/18 15:25:08,1.44,37.84506,-122.29808,16.732,6.854,0.0,-67,2.753,0.000,0.218
2014/08/18 15:25:13,1.44,37.84492,-122.29805,17.060,8.715,0.0,-67,2.519,0.625,0.210
2014/08/18 15:25:18,2.07,37.84478,-122.29803,15.748,6.846,0.0,-67,2.558,0.625,0.297
2014/08/18 15:25:23,1.44,37.84455,-122.29798,15.748,15.791,0.0,-67,2.429,0.542,0.202
2014/08/18 15:25:28,1.44,37.84415,-122.29790,15.748,23.075,0.0,-71,2.853,0.375,0.229
2014/08/18 15:25:33,2.08,37.84383,-122.29783,16.732,8.192,0.0,-71,2.656,0.500,0.410
2014/08/18 15:25:38,1.44,37.84375,-122.29781,16.732,6.072,0.0,-71,3.094,0.375,0.175
2014/08/18 15:25:43,1.44,37.84351,-122.29776,16.076,16.248,0.0,-71,3.429,0.500,0.471
2014/08/18 15:25:48,1.44,37.84319,-122.29769,16.404,15.953,0.0,-71,2.744,0.833,0.418
2014/08/18 15:25:53,1.44,37.84289,-122.29763,16.404,15.007,0.0,-71,2.667,0.750,0.187
2014/08/18 15:25:58,2.08,37.84269,-122.29759,16.404,5.958,0.0,-63,3.156,0.542,0.157
2014/08/18 15:26:03,1.43,37.84253,-122.29755,16.076,11.436,0.0,-63,2.975,0.000,0.270
2014/08/18 15:26:08,2.08,37.84223,-122.29748,21.654,19.288,0.0,-63,2.709,0.458,0.178
2014/08/18 15:26:13,2.08,37.84183,-122.29740,19.685,19.537,0.0,-63,3.324,0.625,0.221
2014/08/18 15:26:18,2.12,37.84147,-122.29733,17.717,16.498,0.0,-63,3.163,0.750,0.241
2014/08/18 15:26:23,2.52,37.84112,-122.29728,16.732,18.877,0.0,-63,2.881,0.500,0.210
2014/08/18 15:26:28,1.43,37.84072,-122.29721,15.420,18.894,0.0,-55,2.456,0.375,0.162
2014/08/18 15:26:33,1.43,37.84038,-122.29716,17.388,15.911,0.0,-55,3.464,0.625,0.631
2014/08/18 15:26:38,2.09,37.83999,-122.29709,19.029,21.561,0.0,-55,3.010,0.583,0.182
2014/08/18 15:26:43,1.43,37.83954,-122.29700,21.325,24.023,0.0,-55,3.026,0.625,0.205
2014/08/18 15:26:48,2.09,37.83910,-122.29691,23.950,14.600,0.0,-55,3.083,0.000,0.277
2014/08/18 15:26:53,2.09,37.83901,-122.29689,23.950,3.638,0.0,-55,3.160,0.583,0.449
2014/08/18 15:26:58,1.43,37.83881,-122.29685,26.247,15.309,0.0,-57,2.677,1.000,0.202
2014/08/18 15:27:03,1.43,37.83841,-122.29677,31.824,22.752,0.0,-57,3.170,0.917,0.197
2014/08/18 15:27:08,2.57,37.83792,-122.29667,33.793,24.007,0.0,-57,3.167,0.750,0.250
2014/08/18 15:27:13,2.53,37.83756,-122.29656,34.449,17.243,0.0,-57,3.240,0.500,0.290
2014/08/18 15:27:18,1.43,37.83724,-122.29646,32.152,15.340,0.0,-57,2.150,0.000,0.590
2014/08/18 15:27:23,2.09,37.83694,-122.29634,26.575,17.899,0.0,-57,1.048,0.500,2.137
2014/08/18 15:27:28,1.43,37.83656,-122.29616,26.247,21.744,0.0,-57,0.503,0.000,2.513
2014/08/18 15:27:33,1.59,37.83614,-122.29596,24.278,23.077,0.0,-75,0.587,0.125,1.637
2014/08/18 15:27:38,2.09,37.83566,-122.29574,21.982,24.633,0.0,-75,0.258,0.125,0.743
2014/08/18 15:27:43,1.43,37.83522,-122.29554,22.638,23.462,0.0,-75,0.566,1.000,1.187
2014/08/18 15:27:48,1.43,37.83476,-122.29532,23.294,25.192,0.0,-75,0.311,0.958,1.831
2014/08/18 15:27:53,1.42,37.83427,-122.29510,22.966,27.034,0.0,-75,0.747,0.000,4.303
2014/08/18 15:27:58,1.63,37.83376,-122.29485,22.966,26.325,0.0,-75,0.000,0.542,0.567
2014/08/18 15:28:03,1.42,37.83327,-122.29462,24.934,25.374,0.0,-75,0.427,1.083,1.009
2014/08/18 15:28:08,1.42,37.83279,-122.29438,25.919,26.857,0.0,-75,0.803,0.750,3.810
2014/08/18 15:28:13,2.1,37.83228,-122.29417,26.575,27.531,0.0,-75,0.307,0.000,2.021
2014/08/18 15:28:18,1.42,37.83171,-122.29399,25.262,31.530,0.0,-75,0.651,0.875,2.078
2014/08/18 15:28:23,1.42,37.83103,-122.29385,23.294,36.264,0.0,-75,1.023,0.792,1.864
2014/08/18 15:28:28,2.1,37.83027,-122.29381,28.543,39.185,0.0,-75,0.638,0.875,2.162
2014/08/18 15:28:33,2.1,37.82947,-122.29387,39.042,39.002,0.0,-71,0.810,0.000,0.483
2014/08/18 15:28:38,1.42,37.82868,-122.29373,42.323,39.727,0.0,-71,1.257,0.917,0.202
2014/08/18 15:28:43,2.1,37.82794,-122.29326,40.354,43.147,0.0,-71,1.833,0.542,0.390
2014/08/18 15:28:48,2.1,37.82726,-122.29250,35.433,47.010,0.0,-71,1.967,0.542,0.214
2014/08/18 15:28:53,1.42,37.82648,-122.29167,41.339,51.887,0.0,-71,1.622,0.000,1.350
2014/08/18 15:28:58,1.49,37.82551,-122.29120,54.134,50.860,0.0,-71,0.683,0.250,1.483
2014/08/18 15:29:03,1.42,37.82447,-122.29124,65.945,54.151,0.0,-67,0.426,0.000,1.789
2014/08/18 15:29:08,2.1,37.82342,-122.29174,75.459,58.516,0.0,-67,0.302,0.000,2.314
2014/08/18 15:29:13,2.1,37.82232,-122.29238,77.428,62.348,0.0,-67,0.486,0.000,0.000
2014/08/18 15:29:18,2.1,37.82119,-122.29321,77.100,66.466,0.0,-67,0.023,0.000,6.892
2014/08/18 15:29:23,2.11,37.82011,-122.29419,76.772,66.462,0.0,-67,0.574,0.000,0.717
2014/08/18 15:29:28,1.42,37.81910,-122.29530,67.913,66.934,0.0,-67,0.467,0.000,2.515
2014/08/18 15:29:33,1.42,37.81813,-122.29650,53.478,68.233,0.0,-67,0.635,0.000,2.910
2014/08/18 15:29:38,1.42,37.81718,-122.29769,41.010,66.312,0.0,-73,1.349,0.042,0.181
2014/08/18 15:29:43,2.11,37.81624,-122.29887,33.793,64.850,0.0,-73,0.689,0.417,1.002
2014/08/18 15:29:48,2.11,37.81532,-122.30000,25.591,64.127,0.0,-73,0.000,0.167,3.697
2014/08/18 15:29:53,2.11,37.81439,-122.30116,19.685,65.879,0.0,-73,0.000,1.333,0.535
2014/08/18 15:29:58,2.11,37.81346,-122.30232,17.388,65.308,0.0,-73,0.000,1.292,0.858
2014/08/18 15:30:03,2.11,37.81245,-122.30340,16.732,65.094,0.0,-73,0.003,1.083,0.830
2014/08/18 15:30:08,2.11,37.81131,-122.30418,20.341,64.243,0.0,-69,1.458,1.208,0.679
2014/08/18 15:30:13,1.41,37.81011,-122.30468,20.013,61.765,0.0,-69,0.979,1.458,0.581
2014/08/18 15:30:18,1.41,37.80893,-122.30488,19.357,59.703,0.0,-69,1.453,1.500,0.758
2014/08/18 15:30:23,1.41,37.80772,-122.30480,21.325,62.177,0.0,-69,1.108,1.583,0.630
2014/08/18 15:30:28,1.46,37.80650,-122.30444,21.982,62.149,0.0,-69,1.328,1.417,0.294
2014/08/18 15:30:33,2.11,37.80537,-122.30381,22.638,61.645,0.0,-69,1.821,0.000,0.857
2014/08/18 15:30:38,1.44,37.80432,-122.30291,23.294,64.378,0.0,-51,1.769,0.833,0.710
2014/08/18 15:30:43,1.41,37.80343,-122.30183,19.685,59.524,0.0,-51,2.096,1.000,0.281
2014/08/18 15:30:48,1.41,37.80273,-122.30055,16.404,62.200,0.0,-51,1.936,1.500,0.583
2014/08/18 15:30:53,1.62,37.80222,-122.29907,14.764,65.403,0.0,-51,1.349,1.417,0.577
2014/08/18 15:30:58,1.44,37.80185,-122.29743,16.732,65.906,0.0,-51,1.045,1.500,0.470
2014/08/18 15:31:03,2.12,37.80174,-122.29581,27.231,61.797,0.0,-51,0.996,1.625,0.502
2014/08/18 15:31:08,1.41,37.80180,-122.29433,39.698,58.086,0.0,-79,0.588,1.625,1.029
2014/08/18 15:31:13,1.64,37.80196,-122.29297,35.433,51.699,0.0,-79,0.225,0.625,3.706
2014/08/18 15:31:18,2.05,37.80243,-122.29191,27.559,40.654,0.0,-79,0.765,0.458,1.716
2014/08/18 15:31:23,1.45,37.80286,-122.29140,13.780,24.580,0.0,-79,1.012,0.875,0.477
2014/08/18 15:31:28,2.33,37.80323,-122.29103,16.076,21.543,0.0,-79,0.475,0.875,0.670
2014/08/18 15:31:33,2.12,37.80333,-122.29063,14.108,16.681,0.0,-79,0.365,1.167,1.027
2014/08/18 15:31:38,1.44,37.80321,-122.29015,13.451,21.741,0.0,-79,0.416,0.000,0.490
2014/08/18 15:31:43,1.44,37.80311,-122.28973,16.404,12.034,0.0,-81,0.525,0.667,1.046
2014/08/18 15:31:48,1.4,37.80309,-122.28958,19.357,0.908,0.0,-81,0.746,1.167,0.857
2014/08/18 15:31:53,1.56,37.80310,-122.28957,21.982,0.985,0.0,-81,0.788,1.417,1.802
2014/08/18 15:31:58,1.56,37.80307,-122.28946,22.310,7.770,0.0,-81,0.669,1.458,0.000
2014/08/18 15:32:03,1.43,37.80300,-122.28922,28.215,10.680,0.0,-81,0.670,0.000,6.870
2014/08/18 15:32:08,3.34,37.80298,-122.28892,31.168,12.749,0.0,-81,0.683,1.125,0.000
2014/08/18 15:32:13,2.12,37.80285,-122.28857,24.934,19.225,0.0,-73,0.301,0.542,5.130
2014/08/18 15:32:18,2.43,37.80266,-122.28805,21.654,19.756,0.0,-73,0.199,0.500,4.358
2014/08/18 15:32:23,1.61,37.80255,-122.28761,26.903,18.751,0.0,-73,0.266,1.583,3.105
2014/08/18 15:32:28,1.61,37.80243,-122.28710,29.856,21.566,0.0,-73,0.386,0.000,0.711
2014/08/18 15:32:33,1.61,37.80229,-122.28653,30.512,25.884,0.0,-73,0.649,1.042,0.970
2014/08/18 15:32:38,1.61,37.80209,-122.28581,27.559,31.478,0.0,-73,0.484,0.542,1.450
2014/08/18 15:32:43,1.61,37.80188,-122.28502,28.215,32.605,0.0,-69,0.694,1.042,0.858
2014/08/18 15:32:48,1.61,37.80167,-122.28428,24.934,29.136,0.0,-69,0.425,1.125,1.242
2014/08/18 15:32:53,1.61,37.80148,-122.28365,23.950,25.162,0.0,-69,0.196,0.000,1.496
2014/08/18 15:32:58,1.68,37.80128,-122.28309,28.215,23.423,0.0,-69,0.507,1.625,1.727
2014/08/18 15:33:03,1.64,37.80111,-122.28271,28.543,8.639,0.0,-69,0.579,2.333,3.122
2014/08/18 15:33:08,1.64,37.80108,-122.28265,25.919,0.034,0.0,-69,0.936,2.042,0.000
2014/08/18 15:33:14,1.64,37.80107,-122.28264,23.950,2.105,0.0,-61,1.186,0.000,3.126
2014/08/18 15:33:19,1.64,37.80099,-122.28241,23.294,16.313,0.0,-61,0.673,2.083,1.754
2014/08/18 15:33:24,1.64,37.80082,-122.28193,20.341,23.267,0.0,-61,1.211,2.042,1.884
2014/08/18 15:33:29,1.64,37.80060,-122.28139,19.685,24.337,0.0,-61,1.297,2.042,1.822
2014/08/18 15:33:34,1.64,37.80038,-122.28082,19.685,26.211,0.0,-61,0.216,0.000,0.000
2014/08/18 15:33:39,1.64,37.80013,-122.28018,19.357,28.915,0.0,-61,0.000,0.000,0.000
2014/08/18 15:33:44,2.35,37.79988,-122.27954,22.638,28.253,0.0,-61,0.181,0.000,0.000
2014/08/18 15:33:49,2.35,37.79967,-122.27891,27.231,25.994,0.0,-51,0.245,0.000,0.000
2014/08/18 15:33:54,3.83,37.79948,-122.27820,50.853,28.419,0.0,-51,0.071,0.000,0.000
2014/08/18 15:33:59,2.81,37.79921,-122.27739,50.853,35.190,0.0,-51,0.000,0.000,0.000
2014/08/18 15:34:04,1.6,37.79887,-122.27668,51.181,31.039,0.0,-51,0.000,0.000,3.191
2014/08/18 15:34:09,2.68,37.79856,-122.27604,44.291,27.810,0.0,-51,0.000,0.000,3.166
2014/08/18 15:34:14,1.98,37.79834,-122.27555,39.042,15.230,0.0,-51,0.195,0.167,0.198
2014/08/18 15:34:19,2.6,37.79823,-122.27530,35.433,2.978,0.0,-51,2.167,1.500,0.379
2014/08/18 15:34:24,2.36,37.79818,-122.27532,25.919,0.301,0.0,-51,1.109,1.833,0.439
2014/08/18 15:34:29,2.6,37.79818,-122.27532,23.294,0.042,0.0,-51,1.067,1.750,0.482
2014/08/18 15:34:34,2.36,37.79818,-122.27531,22.638,0.002,0.0,-51,0.799,1.583,0.468
2014/08/18 15:34:39,2.36,37.79819,-122.27531,22.310,0.007,0.0,-51,1.171,1.708,0.491
2014/08/18 15:34:44,2.6,37.79819,-122.27529,23.622,3.167,0.0,-51,1.028,0.000,0.462
2014/08/18 15:34:49,2.36,37.79807,-122.27520,25.919,9.630,0.0,-57,1.262,1.458,0.445
2014/08/18 15:34:54,3.31,37.79781,-122.27533,37.073,15.707,0.0,-57,1.445,1.792,0.441
2014/08/18 15:34:59,2.65,37.79759,-122.27548,51.181,7.096,0.0,-57,1.176,1.583,0.470
2014/08/18 15:35:04,2.37,37.79746,-122.27543,49.869,9.032,0.0,-57,1.500,1.750,0.402
2014/08/18 15:35:09,2.37,37.79731,-122.27508,44.291,19.822,0.0,-57,0.881,1.750,0.539
2014/08/18 15:35:14,2.6,37.79710,-122.27459,38.714,23.059,0.0,-57,0.819,1.667,0.450
2014/08/18 15:35:19,2.37,37.79690,-122.27407,31.168,22.885,0.0,-67,0.968,1.500,0.410
2014/08/18 15:35:24,1.39,37.79668,-122.27354,28.871,22.554,0.0,-67,0.387,1.375,1.838
2014/08/18 15:35:29,2.18,37.79657,-122.27326,25.591,0.797,0.0,-67,1.121,0.500,2.060
2014/08/18 15:35:34,2.18,37.79652,-122.27315,20.997,11.575,0.0,-67,1.353,0.625,1.296
2014/08/18 15:35:39,2.13,37.79637,-122.27275,19.685,20.627,0.0,-67,1.276,0.833,0.786
2014/08/18 15:35:44,2.37,37.79618,-122.27227,19.029,20.903,0.0,-67,0.585,0.750,1.415
2014/08/18 15:35:49,2.38,37.79599,-122.27179,18.045,21.655,0.0,-67,0.000,1.667,0.595
2014/08/18 15:35:54,2.84,37.79579,-122.27128,17.060,21.291,0.0,-59,1.388,1.708,0.458
2014/08/18 15:35:59,2.13,37.79567,-122.27098,17.717,7.758,0.0,-59,0.933,1.875,0.462
2014/08/18 15:36:04,2.38,37.79562,-122.27086,14.436,6.322,0.0,-59,0.922,1.625,0.423
2014/08/18 15:36:09,2.61,37.79553,-122.27061,12.467,14.095,0.0,-59,1.510,1.792,0.606
2014/08/18 15:36:14,2.61,37.79537,-122.27025,10.499,17.118,0.0,-59,0.911,1.583,0.729
2014/08/18 15:36:19,2.59,37.79520,-122.26989,17.060,14.511,0.0,-59,0.878,0.000,0.000
2014/08/18 15:36:24,2.61,37.79515,-122.26974,20.013,3.286,0.0,-77,0.230,0.625,0.000
2014/08/18 15:36:29,2.38,37.79508,-122.26953,20.997,11.869,0.0,-77,0.376,0.625,1.066
2014/08/18 15:36:34,2.62,37.79494,-122.26921,22.310,16.056,0.0,-77,0.416,0.417,0.754
2014/08/18 15:36:39,2.62,37.79476,-122.26881,17.717,18.633,0.0,-77,0.434,0.875,3.808
2014/08/18 15:36:44,2.59,37.79461,-122.26839,14.764,16.715,0.0,-77,0.308,0.833,0.548
2014/08/18 15:36:49,3.05,37.79444,-122.26795,15.420,20.585,0.0,-77,0.878,0.000,1.190
2014/08/18 15:36:54,2.39,37.79427,-122.26753,20.013,16.592,0.0,-73,0.443,0.792,1.663
2014/08/18 15:36:59,2.13,37.79422,-122.26738,20.341,0.031,0.0,-73,0.609,0.667,1.544
2014/08/18 15:37:04,2.18,37.79423,-122.26737,23.294,0.045,0.0,-73,1.042,1.083,0.870
2014/08/18 15:37:09,2.13,37.79422,-122.26733,22.310,4.101,0.0,-73,1.030,1.250,1.050
2014/08/18 15:37:14,2.59,37.79428,-122.26716,35.761,10.728,0.0,-73,0.999,1.542,3.420
2014/08/18 15:37:19,2.87,37.79455,-122.26697,35.761,16.948,0.0,-73,1.391,0.000,0.000
2014/08/18 15:37:24,2.59,37.79476,-122.26683,33.136,3.648,0.0,-77,1.189,1.208,1.058
2014/08/18 15:37:29,2.59,37.79478,-122.26681,29.528,0.044,0.0,-77,1.093,1.250,1.514
2014/08/18 15:37:34,2.59,37.79479,-122.26680,29.199,0.130,0.0,-77,1.510,0.792,1.106
2014/08/18 15:37:39,2.59,37.79480,-122.26679,30.840,0.041,0.0,-77,0.926,1.250,1.930
2014/08/18 15:37:44,2.59,37.79480,-122.26678,32.808,0.725,0.0,-77,1.429,1.292,2.491
2014/08/18 15:37:49,2.59,37.79496,-122.26669,36.745,13.543,0.0,-77,1.113,0.000,0.000
2014/08/18 15:37:54,2.88,37.79502,-122.26665,42.323,5.596,0.0,-77,0.751,1.292,6.297
2014/08/18 15:37:59,2.59,37.79532,-122.26650,50.525,0.245,0.0,-79,0.597,1.208,1.890
2014/08/18 15:38:04,1.95,37.79539,-122.26646,50.525,0.041,0.0,-79,1.296,1.208,2.074
2014/08/18 15:38:09,1.95,37.79539,-122.26645,42.979,0.068,0.0,-79,1.247,0.000,2.699
2014/08/18 15:38:14,2.0,37.79540,-122.26644,39.042,0.129,0.0,-79,1.254,1.167,1.322
2014/08/18 15:38:19,2.0,37.79540,-122.26643,38.386,0.119,0.0,-79,1.398,1.208,2.382
2014/08/18 15:38:24,2.26,37.79541,-122.26643,40.026,0.036,0.0,-79,1.103,1.208,3.137
2014/08/18 15:38:29,1.95,37.79548,-122.26641,40.354,6.539,0.0,-75,1.329,1.167,1.318
2014/08/18 15:38:34,1.95,37.79561,-122.26658,43.307,13.470,0.0,-75,1.299,0.000,2.723
2014/08/18 15:38:39,2.18,37.79576,-122.26696,44.948,18.770,0.0,-75,0.718,1.792,0.000
2014/08/18 15:38:44,2.53,37.79592,-122.26731,51.181,8.674,0.0,-75,0.649,1.208,3.143
2014/08/18 15:38:49,1.95,37.79595,-122.26735,57.415,0.030,0.0,-75,1.317,0.000,1.766
2014/08/18 15:38:54,1.95,37.79596,-122.26734,72.835,0.067,0.0,-75,1.586,1.792,2.610
2014/08/18 15:38:59,1.95,37.79596,-122.26734,80.052,0.011,0.0,-61,2.279,1.167,2.182
2014/08/18 15:39:04,2.49,37.79596,-122.26733,79.396,0.020,0.0,-61,1.289,0.000,2.476
2014/08/18 15:39:09,2.49,37.79596,-122.26734,77.756,0.043,0.0,-61,1.029,1.792,2.742
2014/08/18 15:39:14,1.95,37.79596,-122.26734,74.803,0.494,0.0,-61,1.470,1.208,2.890
2014/08/18 15:39:19,1.95,37.79598,-122.26743,70.538,4.794,0.0,-61,1.825,1.208,2.277
2014/08/18 15:39:24,1.95,37.79590,-122.26750,56.430,4.515,0.0,-61,0.648,0.000,0.000
2014/08/18 15:39:29,2.13,37.79587,-122.26745,47.244,0.093,0.0,-69,0.360,1.167,3.891
2014/08/18 15:39:34,2.13,37.79585,-122.26742,43.635,4.368,0.0,-69,0.437,0.000,1.005
2014/08/18 15:39:39,2.13,37.79576,-122.26727,33.793,9.646,0.0,-69,0.780,1.208,0.982
2014/08/18 15:39:44,2.19,37.79564,-122.26705,27.887,11.703,0.0,-69,0.760,1.792,1.954
2014/08/18 15:39:49,2.19,37.79553,-122.26678,24.934,9.200,0.0,-69,0.913,0.000,0.000
2014/08/18 15:39:54,2.41,37.79547,-122.26672,32.480,3.295,0.0,-69,1.042,1.208,4.650
2014/08/18 15:39:59,2.13,37.79544,-122.26675,33.465,1.460,0.0,-69,0.997,1.208,1.835
2014/08/18 15:40:04,2.58,37.79545,-122.26677,39.370,0.595,0.0,-79,1.093,1.167,3.236
2014/08/18 15:40:09,2.92,37.79545,-122.26676,30.512,0.493,0.0,-79,0.878,0.000,1.970
2014/08/18 15:40:14,2.58,37.79545,-122.26677,32.152,1.046,0.0,-79,1.148,1.250,1.268
