Date-Time,DOP,Latitude,Longitude,Altitude (ft),Speed (mph),Heading (deg),mod1 SS (dBm),mod1 Down (Mbs),mod1 Up (Mbs),mod1 Ping (Sec)
2014/09/26 08:49:06,5.42,37.81995,-122.29410,78.740,63.858,0.0,-79,0.000,0.583,1.871
2014/09/26 08:49:11,5.41,37.82104,-122.29321,88.911,65.260,0.0,-79,0.000,0.917,1.041
2014/09/26 08:49:16,5.4,37.82214,-122.29234,79.068,65.854,0.0,-79,0.000,0.750,1.330
2014/09/26 08:49:21,5.39,37.82324,-122.29163,73.819,61.940,0.0,-79,0.000,0.000,1.598
2014/09/26 08:49:26,5.08,37.82437,-122.29105,82.677,60.880,0.0,-79,0.000,0.000,0.000
2014/09/26 08:49:31,5.08,37.82558,-122.29070,83.333,62.112,0.0,-79,0.000,0.000,0.000
2014/09/26 08:49:36,5.07,37.82684,-122.29098,103.018,63.716,0.0,-79,0.000,0.000,0.000
2014/09/26 08:49:41,5.06,37.82792,-122.29185,88.583,64.294,0.0,-69,0.000,0.000,0.000
2014/09/26 08:49:46,5.05,37.82890,-122.29283,78.740,61.280,0.0,-69,0.000,0.000,0.000
2014/09/26 08:49:51,5.05,37.83008,-122.29333,56.102,62.115,0.0,-69,0.000,0.000,2.816
2014/09/26 08:49:56,5.04,37.83131,-122.29352,38.058,60.703,0.0,-69,0.003,0.083,0.226
2014/09/26 08:50:01,5.03,37.83253,-122.29381,29.199,62.419,0.0,-69,1.606,0.792,0.429
2014/09/26 08:50:06,5.02,37.83372,-122.29443,18.045,64.974,0.0,-69,0.000,0.000,0.000
2014/09/26 08:50:11,4.08,37.83493,-122.29512,-3.281,65.547,0.0,-69,0.000,0.000,0.000
2014/09/26 08:50:16,4.06,37.83615,-122.29578,-5.249,65.746,0.0,-83,0.000,0.000,0.000
2014/09/26 08:50:21,4.05,37.83739,-122.29634,-3.609,65.149,0.0,-83,0.000,0.000,0.000
2014/09/26 08:50:26,4.04,37.83863,-122.29668,-4.265,62.585,0.0,-83,0.000,0.000,0.000
2014/09/26 08:50:31,4.03,37.83991,-122.29689,7.546,63.969,0.0,-83,0.000,0.000,0.000
2014/09/26 08:50:36,7.72,37.84120,-122.29714,13.780,64.941,0.0,-83,0.000,0.000,0.000
2014/09/26 08:50:41,2.41,37.84247,-122.29741,-1.640,64.171,0.0,-83,0.000,0.000,0.000
2014/09/26 08:50:46,2.41,37.84373,-122.29770,-2.953,63.600,0.0,-75,0.000,0.000,3.494
2014/09/26 08:50:51,2.41,37.84502,-122.29798,1.969,65.578,0.0,-75,0.246,0.000,0.175
2014/09/26 08:50:56,2.21,37.84632,-122.29826,2.953,65.819,0.0,-75,3.795,0.000,0.158
2014/09/26 08:51:01,2.21,37.84762,-122.29857,6.890,65.899,0.0,-75,1.968,0.083,0.583
2014/09/26 08:51:06,2.21,37.84889,-122.29886,8.858,64.644,0.0,-75,1.375,0.333,0.529
2014/09/26 08:51:11,2.21,37.85018,-122.29916,10.171,65.290,0.0,-75,0.791,0.542,0.468
2014/09/26 08:51:16,2.21,37.85147,-122.29947,10.827,65.212,0.0,-83,1.917,1.875,0.462
2014/09/26 08:51:21,2.21,37.85274,-122.29980,13.780,63.913,0.0,-83,2.740,1.792,0.277
2014/09/26 08:51:26,2.21,37.85400,-122.30015,12.795,64.092,0.0,-83,2.375,1.250,0.242
2014/09/26 08:51:31,2.21,37.85525,-122.30049,9.843,62.446,0.0,-83,1.590,0.375,0.454
2014/09/26 08:51:36,2.21,37.85646,-122.30083,6.562,61.700,0.0,-83,1.913,0.833,0.406
2014/09/26 08:51:41,2.03,37.85764,-122.30114,5.577,57.031,0.0,-83,2.651,1.083,0.317
2014/09/26 08:51:46,2.03,37.85870,-122.30141,6.562,51.945,0.0,-79,3.269,0.000,0.149
2014/09/26 08:51:51,2.03,37.85969,-122.30168,6.562,51.318,0.0,-79,3.138,1.000,0.277
2014/09/26 08:51:56,2.03,37.86069,-122.30196,7.546,49.816,0.0,-79,2.321,0.750,0.509
2014/09/26 08:52:01,2.03,37.86161,-122.30221,8.858,44.715,0.0,-79,2.929,1.458,0.210
2014/09/26 08:52:06,2.03,37.86253,-122.30247,10.171,49.176,0.0,-79,3.413,1.250,0.262
2014/09/26 08:52:11,2.03,37.86353,-122.30275,13.451,50.405,0.0,-79,3.621,1.375,0.197
2014/09/26 08:52:16,2.03,37.86453,-122.30301,17.060,53.157,0.0,-79,3.042,1.000,0.170
2014/09/26 08:52:21,2.03,37.86561,-122.30329,17.717,56.533,0.0,-71,3.461,1.000,0.154
2014/09/26 08:52:26,2.04,37.86672,-122.30362,17.717,54.538,0.0,-71,2.206,0.500,0.210
2014/09/26 08:52:31,2.04,37.86781,-122.30394,9.186,57.463,0.0,-71,2.080,0.375,0.257
2014/09/26 08:52:36,2.04,37.86895,-122.30429,2.625,58.251,0.0,-71,3.044,0.625,0.162
2014/09/26 08:52:41,2.04,37.87012,-122.30465,5.249,61.387,0.0,-71,2.965,0.750,0.151
2014/09/26 08:52:46,2.04,37.87133,-122.30503,2.953,61.718,0.0,-71,3.458,0.000,0.477
2014/09/26 08:52:51,2.04,37.87255,-122.30540,4.265,63.500,0.0,-77,1.113,0.625,0.762
2014/09/26 08:52:56,2.04,37.87380,-122.30579,4.265,63.083,0.0,-77,2.827,0.500,0.217
2014/09/26 08:53:01,2.04,37.87501,-122.30616,6.234,60.932,0.0,-77,3.019,1.375,0.254
2014/09/26 08:53:06,2.04,37.87616,-122.30652,12.467,57.711,0.0,-77,3.571,1.167,0.181
2014/09/26 08:53:11,2.04,37.87725,-122.30686,28.215,55.207,0.0,-77,3.884,1.125,0.202
2014/09/26 08:53:16,2.04,37.87833,-122.30719,40.354,54.018,0.0,-77,3.116,1.708,0.452
2014/09/26 08:53:21,2.04,37.87940,-122.30746,41.995,55.087,0.0,-55,3.013,1.833,0.529
2014/09/26 08:53:26,2.04,37.88048,-122.30769,30.184,54.111,0.0,-55,1.263,0.917,0.865
2014/09/26 08:53:31,2.04,37.88156,-122.30794,27.887,55.609,0.0,-55,2.298,1.708,0.574
2014/09/26 08:53:36,2.04,37.88271,-122.30821,27.887,60.627,0.0,-55,2.795,1.667,0.367
2014/09/26 08:53:41,1.71,37.88393,-122.30848,27.887,62.749,0.0,-55,3.029,1.667,0.246
2014/09/26 08:53:46,2.04,37.88520,-122.30869,32.152,63.959,0.0,-55,3.202,1.333,0.161
2014/09/26 08:53:51,2.33,37.88642,-122.30883,54.462,59.636,0.0,-79,2.359,0.000,0.262
2014/09/26 08:53:56,1.63,37.88759,-122.30877,63.320,56.562,0.0,-79,2.872,1.000,0.267
2014/09/26 08:54:01,1.7,37.88871,-122.30847,60.367,57.284,0.0,-79,2.445,1.042,0.276
2014/09/26 08:54:06,1.71,37.88987,-122.30829,46.916,60.240,0.0,-79,1.234,0.375,0.513
2014/09/26 08:54:11,1.71,37.89112,-122.30851,26.247,60.377,0.0,-79,2.654,0.667,0.177
2014/09/26 08:54:16,2.04,37.89230,-122.30880,26.575,60.821,0.0,-79,3.080,0.708,0.162
2014/09/26 08:54:21,1.93,37.89351,-122.30917,34.777,63.314,0.0,-79,1.676,0.750,0.636
2014/09/26 08:54:26,1.63,37.89472,-122.30973,31.496,65.753,0.0,-83,1.436,0.000,0.376
2014/09/26 08:54:31,1.63,37.89587,-122.31048,27.559,62.953,0.0,-83,2.022,0.417,0.381
2014/09/26 08:54:36,1.63,37.89692,-122.31133,27.559,61.558,0.0,-83,1.709,0.417,0.548
2014/09/26 08:54:41,1.63,37.89793,-122.31216,30.512,59.316,0.0,-83,3.410,0.375,0.189
2014/09/26 08:54:46,1.63,37.89896,-122.31300,28.543,61.761,0.0,-83,0.000,0.500,0.233
2014/09/26 08:54:51,1.63,37.90000,-122.31385,24.278,61.428,0.0,-83,2.929,1.125,0.257
2014/09/26 08:54:56,1.63,37.90103,-122.31467,17.388,60.596,0.0,-51,3.433,0.750,0.361
2014/09/26 08:55:01,1.63,37.90206,-122.31552,14.764,61.915,0.0,-51,2.494,0.250,1.698
2014/09/26 08:55:06,1.91,37.90310,-122.31639,18.701,62.322,0.0,-51,0.576,1.000,0.488
2014/09/26 08:55:11,1.63,37.90412,-122.31723,15.420,60.881,0.0,-51,1.693,1.583,0.562
2014/09/26 08:55:16,1.63,37.90515,-122.31807,16.076,60.956,0.0,-51,1.926,0.000,0.665
2014/09/26 08:55:21,1.63,37.90619,-122.31893,18.045,62.403,0.0,-51,0.946,0.792,1.810
2014/09/26 08:55:26,1.63,37.90724,-122.31981,16.404,62.804,0.0,-85,0.445,0.292,0.274
2014/09/26 08:55:31,1.63,37.90830,-122.32068,14.108,63.418,0.0,-85,1.522,0.000,0.290
2014/09/26 08:55:36,1.63,37.90936,-122.32156,20.669,63.054,0.0,-85,1.033,0.500,0.616
2014/09/26 08:55:41,1.47,37.91043,-122.32244,29.199,62.895,0.0,-85,0.750,0.417,1.218
2014/09/26 08:55:46,1.47,37.91150,-122.32329,34.777,62.083,0.0,-85,0.538,0.000,0.691
2014/09/26 08:55:51,1.58,37.91253,-122.32412,35.433,59.853,0.0,-85,0.393,0.417,1.323
2014/09/26 08:55:56,1.55,37.91357,-122.32499,35.433,62.049,0.0,-95,0.402,0.292,1.874
2014/09/26 08:56:01,1.47,37.91458,-122.32589,43.635,60.176,0.0,-95,0.199,0.292,1.602
2014/09/26 08:56:06,1.47,37.91553,-122.32680,49.541,59.102,0.0,-95,0.558,1.375,0.397
2014/09/26 08:56:11,1.47,37.91645,-122.32777,54.462,60.127,0.0,-95,1.993,0.000,0.638
2014/09/26 08:56:16,1.47,37.91734,-122.32882,63.320,60.428,0.0,-95,0.789,0.333,1.398
2014/09/26 08:56:21,1.47,37.91819,-122.32989,68.241,58.913,0.0,-95,0.285,0.125,4.109
2014/09/26 08:56:26,1.47,37.91900,-122.33099,63.648,59.376,0.0,-95,0.904,0.000,0.919
2014/09/26 08:56:31,1.47,37.91976,-122.33215,59.711,59.450,0.0,-95,1.240,0.417,0.497
2014/09/26 08:56:36,2.26,37.92045,-122.33339,61.024,60.127,0.0,-95,0.734,0.417,0.000
2014/09/26 08:56:41,1.57,37.92099,-122.33478,60.039,60.410,0.0,-95,0.288,0.125,5.021
2014/09/26 08:56:46,1.66,37.92135,-122.33616,58.071,56.661,0.0,-95,1.613,0.792,1.175
2014/09/26 08:56:51,1.66,37.92156,-122.33760,55.446,58.389,0.0,-95,1.077,0.625,0.347
2014/09/26 08:56:56,1.66,37.92164,-122.33907,47.244,57.943,0.0,-95,1.698,0.000,0.283
2014/09/26 08:57:01,1.47,37.92170,-122.34052,42.979,56.538,0.0,-89,1.346,0.542,0.258
2014/09/26 08:57:06,1.66,37.92176,-122.34194,37.730,55.778,0.0,-89,0.596,0.000,3.074
2014/09/26 08:57:11,1.87,37.92182,-122.34335,34.121,55.843,0.0,-89,0.529,0.250,0.000
2014/09/26 08:57:16,2.71,37.92187,-122.34472,34.121,53.438,0.0,-89,0.151,0.167,7.182
2014/09/26 08:57:21,2.98,37.92192,-122.34608,37.073,53.923,0.0,-89,1.913,1.542,0.453
2014/09/26 08:57:26,1.7,37.92195,-122.34746,32.152,54.696,0.0,-89,2.930,1.208,0.330
2014/09/26 08:57:31,1.69,37.92195,-122.34888,21.654,55.474,0.0,-79,3.230,0.875,0.158
2014/09/26 08:57:36,1.64,37.92192,-122.35029,22.638,55.970,0.0,-79,3.167,0.500,0.158
2014/09/26 08:57:41,1.62,37.92189,-122.35173,16.076,57.623,0.0,-79,3.680,0.000,0.170
2014/09/26 08:57:46,1.46,37.92186,-122.35323,11.155,60.867,0.0,-79,3.756,0.750,0.178
2014/09/26 08:57:51,2.0,37.92194,-122.35476,13.123,59.886,0.0,-79,3.708,1.375,0.181
2014/09/26 08:57:56,1.66,37.92218,-122.35625,16.076,60.001,0.0,-79,3.552,1.250,0.170
2014/09/26 08:58:01,1.65,37.92258,-122.35767,12.795,57.609,0.0,-51,3.404,1.000,0.298
2014/09/26 08:58:06,1.46,37.92310,-122.35897,16.732,57.797,0.0,-51,2.307,0.667,0.215
2014/09/26 08:58:11,3.07,37.92375,-122.36016,17.060,54.908,0.0,-51,3.096,0.625,0.251
2014/09/26 08:58:16,1.65,37.92442,-122.36119,17.717,51.255,0.0,-51,2.687,0.375,0.154
2014/09/26 08:58:21,1.65,37.92504,-122.36220,17.388,50.211,0.0,-51,2.843,0.000,0.294
2014/09/26 08:58:26,1.65,37.92562,-122.36327,26.575,53.616,0.0,-51,2.724,0.375,0.278
2014/09/26 08:58:31,1.65,37.92620,-122.36442,42.323,52.285,0.0,-51,2.180,0.583,0.210
2014/09/26 08:58:36,1.46,37.92674,-122.36590,49.541,54.402,0.0,-81,3.163,0.667,0.148
2014/09/26 08:58:41,1.48,37.92706,-122.36725,60.367,58.352,0.0,-81,3.452,0.833,0.210
2014/09/26 08:58:46,1.45,37.92726,-122.36881,53.806,64.388,0.0,-81,1.525,0.417,0.182
2014/09/26 08:58:51,1.55,37.92730,-122.37047,49.541,66.470,0.0,-81,1.206,0.375,0.429
2014/09/26 08:58:56,1.45,37.92730,-122.37218,41.995,68.061,0.0,-81,0.000,0.000,0.726
2014/09/26 08:59:01,1.55,37.92730,-122.37390,35.761,67.307,0.0,-81,0.824,0.333,0.217
2014/09/26 08:59:06,1.45,37.92730,-122.37556,30.512,63.822,0.0,-77,1.964,0.750,0.289
2014/09/26 08:59:11,1.45,37.92732,-122.37709,28.215,56.900,0.0,-77,1.282,1.375,0.420
2014/09/26 08:59:16,1.45,37.92741,-122.37844,30.184,50.482,0.0,-77,2.107,1.625,0.353
2014/09/26 08:59:21,1.45,37.92756,-122.37964,29.528,47.153,0.0,-77,2.837,1.750,0.151
2014/09/26 08:59:26,1.45,37.92785,-122.38085,31.168,51.025,0.0,-77,3.010,0.917,0.995
2014/09/26 08:59:31,1.45,37.92818,-122.38203,41.667,45.638,0.0,-77,1.256,1.208,0.302
2014/09/26 08:59:36,1.45,37.92847,-122.38299,43.307,36.283,0.0,-61,2.442,0.000,0.866
2014/09/26 08:59:41,1.47,37.92881,-122.38372,32.480,30.823,0.0,-61,3.010,2.042,0.914
2014/09/26 08:59:46,1.45,37.92932,-122.38414,20.669,31.904,0.0,-61,2.753,1.833,0.206
2014/09/26 08:59:51,1.45,37.92990,-122.38440,17.388,27.462,0.0,-61,3.330,1.000,0.162
2014/09/26 08:59:56,1.45,37.93023,-122.38468,15.092,16.301,0.0,-61,2.676,1.000,0.157
2014/09/26 09:00:01,1.45,37.93056,-122.38435,11.155,27.798,0.0,-61,2.650,0.667,0.270
2014/09/26 09:00:06,1.44,37.93102,-122.38373,10.171,37.478,0.0,-75,2.683,0.000,0.188
2014/09/26 09:00:11,1.44,37.93166,-122.38309,10.171,42.465,0.0,-75,2.744,1.042,0.350
2014/09/26 09:00:16,1.44,37.93237,-122.38248,8.530,43.178,0.0,-75,2.474,0.000,0.609
2014/09/26 09:00:21,1.44,37.93309,-122.38184,10.171,43.711,0.0,-75,1.349,0.667,0.298
2014/09/26 09:00:26,1.44,37.93376,-122.38124,14.764,39.843,0.0,-75,2.734,0.667,0.150
2014/09/26 09:00:31,1.44,37.93447,-122.38064,16.076,44.915,0.0,-75,2.760,0.000,0.264
2014/09/26 09:00:36,1.44,37.93527,-122.38002,19.029,47.690,0.0,-75,2.837,0.667,0.202
2014/09/26 09:00:41,1.54,37.93610,-122.37943,30.184,47.248,0.0,-77,3.369,1.333,0.245
2014/09/26 09:00:46,1.44,37.93695,-122.37886,37.402,48.457,0.0,-77,2.644,0.000,0.205
2014/09/26 09:00:51,1.44,37.93777,-122.37830,33.793,45.182,0.0,-77,2.516,0.000,0.437
2014/09/26 09:00:56,1.44,37.93860,-122.37774,20.341,47.538,0.0,-77,1.974,0.000,0.529
2014/09/26 09:01:01,1.44,37.93945,-122.37717,12.139,47.307,0.0,-77,0.612,0.042,1.754
2014/09/26 09:01:06,1.61,37.94027,-122.37661,8.858,46.558,0.0,-77,1.815,0.917,0.181
2014/09/26 09:01:11,1.61,37.94109,-122.37603,5.249,45.871,0.0,-87,2.244,0.500,0.418
2014/09/26 09:01:16,1.68,37.94188,-122.37545,3.937,45.853,0.0,-87,1.279,0.167,0.386
2014/09/26 09:01:21,1.44,37.94271,-122.37485,4.921,48.569,0.0,-87,1.324,0.250,0.850
2014/09/26 09:01:26,1.43,37.94360,-122.37421,3.937,52.373,0.0,-87,0.901,0.000,0.828
2014/09/26 09:01:31,1.47,37.94450,-122.37357,0.656,49.138,0.0,-87,1.041,0.208,1.121
2014/09/26 09:01:36,1.43,37.94530,-122.37300,0.984,44.119,0.0,-87,1.385,0.375,0.177
2014/09/26 09:01:41,1.43,37.94603,-122.37248,1.312,38.098,0.0,-85,2.359,0.708,0.366
2014/09/26 09:01:46,1.51,37.94655,-122.37210,3.937,25.350,0.0,-85,1.606,0.417,0.189
2014/09/26 09:01:51,1.43,37.94708,-122.37159,7.218,39.234,0.0,-85,2.526,0.500,0.218
2014/09/26 09:01:56,1.43,37.94767,-122.37083,10.827,43.859,0.0,-85,0.000,0.333,0.590
2014/09/26 09:02:01,1.6,37.94834,-122.37006,15.748,43.499,0.0,-85,0.000,0.000,0.421
2014/09/26 09:02:06,1.52,37.94916,-122.36980,19.029,41.629,0.0,-85,0.000,1.083,0.917
2014/09/26 09:02:11,1.43,37.94997,-122.37016,20.997,43.590,0.0,-63,0.000,1.875,1.458
2014/09/26 09:02:16,1.43,37.95054,-122.37102,23.950,45.959,0.0,-63,0.000,2.708,2.742
2014/09/26 09:02:21,1.43,37.95111,-122.37198,20.669,48.037,0.0,-63,0.000,2.583,4.178
2014/09/26 09:02:26,1.43,37.95189,-122.37273,18.045,47.715,0.0,-63,0.000,1.958,0.000
2014/09/26 09:02:31,1.43,37.95271,-122.37320,17.717,42.454,0.0,-63,0.000,1.958,3.010
2014/09/26 09:02:36,1.43,37.95338,-122.37342,17.388,21.679,0.0,-63,0.000,1.958,4.702
2014/09/26 09:02:41,1.42,37.95368,-122.37348,11.483,9.949,0.0,-63,0.000,0.000,2.899
2014/09/26 09:02:46,1.52,37.95396,-122.37350,13.123,21.972,0.0,-83,0.000,1.958,0.000
2014/09/26 09:02:51,1.42,37.95451,-122.37351,17.388,30.708,0.0,-83,0.000,1.958,3.562
2014/09/26 09:02:56,1.42,37.95520,-122.37354,26.247,41.056,0.0,-83,0.000,1.958,4.101
2014/09/26 09:03:01,1.42,37.95614,-122.37357,31.168,49.551,0.0,-83,0.000,1.958,2.445
2014/09/26 09:03:06,1.42,37.95717,-122.37358,36.417,51.763,0.0,-83,0.000,1.958,3.250
2014/09/26 09:03:11,1.42,37.95822,-122.37360,44.291,53.204,0.0,-83,0.000,1.958,0.000
2014/09/26 09:03:16,1.42,37.95933,-122.37362,49.541,56.326,0.0,-85,0.000,1.958,3.510
2014/09/26 09:03:21,1.42,37.96044,-122.37363,53.150,53.095,0.0,-85,0.000,0.000,2.162
2014/09/26 09:03:26,1.42,37.96144,-122.37366,57.087,46.931,0.0,-85,0.000,1.958,0.000
2014/09/26 09:03:31,1.42,37.96228,-122.37369,55.118,35.568,0.0,-85,0.000,0.000,6.743
2014/09/26 09:03:36,1.42,37.96280,-122.37370,57.087,17.800,0.0,-85,0.000,1.958,0.000
2014/09/26 09:03:41,1.59,37.96299,-122.37370,57.087,3.601,0.0,-85,0.000,0.000,8.570
2014/09/26 09:03:46,1.59,37.96309,-122.37373,54.790,12.584,0.0,-89,0.000,0.000,0.000
2014/09/26 09:03:51,1.66,37.96321,-122.37426,53.478,28.055,0.0,-89,0.000,0.958,0.000
2014/09/26 09:03:56,1.85,37.96319,-122.37508,45.932,36.383,0.0,-89,0.000,1.042,9.502
2014/09/26 09:04:01,1.85,37.96318,-122.37592,32.480,25.244,0.0,-89,0.000,0.000,3.370
2014/09/26 09:04:06,1.66,37.96310,-122.37630,18.373,14.188,0.0,-89,0.000,0.000,0.000
2014/09/26 09:04:11,1.66,37.96268,-122.37631,16.076,26.005,0.0,-89,0.000,1.958,0.000
2014/09/26 09:04:16,1.59,37.96210,-122.37631,19.357,30.432,0.0,-87,0.000,0.000,0.000
2014/09/26 09:04:21,1.98,37.96150,-122.37631,31.168,28.861,0.0,-87,0.000,1.958,0.000
2014/09/26 09:04:26,1.65,37.96098,-122.37629,32.152,23.720,0.0,-87,0.000,0.000,7.670
2014/09/26 09:04:31,1.59,37.96057,-122.37626,33.793,17.831,0.0,-87,0.000,1.958,5.362
2014/09/26 09:04:36,1.58,37.96034,-122.37624,30.184,7.406,0.0,-87,0.000,0.000,0.000
2014/09/26 09:04:41,1.58,37.96033,-122.37615,35.761,3.426,0.0,-87,0.000,1.000,0.000
2014/09/26 09:04:46,1.58,37.96037,-122.37617,38.714,0.106,0.0,-87,0.000,0.958,0.000
2014/09/26 09:04:51,1.58,37.96037,-122.37617,35.433,0.035,0.0,-93,0.000,0.958,4.670
2014/09/26 09:04:56,1.86,37.96037,-122.37617,32.808,0.063,0.0,-93,0.000,0.000,0.000
2014/09/26 09:05:01,1.86,37.96037,-122.37617,31.168,0.104,0.0,-93,0.000,1.958,3.958
2014/09/26 09:05:06,1.91,37.96037,-122.37617,28.871,0.224,0.0,-93,0.000,1.958,4.290
2014/09/26 09:05:11,2.19,37.96038,-122.37617,25.919,0.068,0.0,-93,0.000,0.000,3.039
2014/09/26 09:05:16,1.91,37.96039,-122.37618,25.262,1.031,0.0,-93,0.000,1.958,0.000
2014/09/26 09:05:21,1.58,37.96042,-122.37620,20.997,2.997,0.0,-89,0.000,1.958,5.070
2014/09/26 09:05:26,1.58,37.96046,-122.37622,20.669,1.282,0.0,-89,0.000,1.958,4.370
2014/09/26 09:05:31,1.58,37.96063,-122.37627,23.294,19.708,0.0,-89,0.000,0.000,0.000
2014/09/26 09:05:36,1.64,37.96119,-122.37630,22.310,31.132,0.0,-89,0.000,1.958,0.000
2014/09/26 09:05:41,1.64,37.96183,-122.37630,24.606,32.764,0.0,-89,0.000,0.000,7.790
2014/09/26 09:05:46,1.72,37.96251,-122.37630,27.559,32.538,0.0,-89,0.000,1.958,2.009
2014/09/26 09:05:51,1.64,37.96304,-122.37629,28.215,17.518,0.0,-93,0.000,0.000,4.144
2014/09/26 09:05:56,1.57,37.96319,-122.37592,7.218,25.298,0.0,-93,0.000,0.000,0.000
2014/09/26 09:06:01,1.64,37.96319,-122.37508,2.625,35.161,0.0,-93,0.000,0.000,7.402
2014/09/26 09:06:06,1.64,37.96319,-122.37432,3.609,23.230,0.0,-93,0.006,0.000,1.542
2014/09/26 09:06:11,1.64,37.96319,-122.37401,14.436,3.106,0.0,-93,0.740,0.000,0.825
2014/09/26 09:06:16,1.57,37.96319,-122.37401,20.669,0.050,0.0,-93,0.814,0.000,1.480
2014/09/26 09:06:21,1.66,37.96319,-122.37401,24.934,0.907,0.0,-91,1.075,0.042,0.847
2014/09/26 09:06:26,1.71,37.96320,-122.37398,31.824,6.143,0.0,-91,0.807,0.625,2.151
2014/09/26 09:06:31,1.96,37.96333,-122.37368,35.433,18.090,0.0,-91,0.000,0.625,0.494
2014/09/26 09:06:36,1.96,37.96389,-122.37365,38.058,35.691,0.0,-91,1.336,0.583,0.793
2014/09/26 09:06:41,1.96,37.96475,-122.37365,37.402,48.166,0.0,-91,0.223,0.625,2.157
2014/09/26 09:06:46,1.96,37.96574,-122.37364,38.058,49.878,0.0,-91,0.183,0.000,0.000
2014/09/26 09:06:51,1.95,37.96674,-122.37364,40.026,47.645,0.0,-91,0.149,0.333,0.481
2014/09/26 09:06:56,1.95,37.96765,-122.37364,33.793,43.139,0.0,-97,1.641,1.667,0.289
2014/09/26 09:07:01,1.95,37.96856,-122.37358,34.777,46.735,0.0,-97,2.144,1.542,0.239
2014/09/26 09:07:06,1.95,37.96947,-122.37314,26.575,49.347,0.0,-97,2.231,0.500,0.200
2014/09/26 09:07:11,1.95,37.97025,-122.37232,23.294,51.231,0.0,-97,2.884,0.458,0.213
2014/09/26 09:07:16,1.95,37.97103,-122.37140,23.622,54.761,0.0,-97,2.273,0.917,0.178
2014/09/26 09:07:21,1.95,37.97184,-122.37045,22.966,54.744,0.0,-97,2.830,0.583,0.193
2014/09/26 09:07:26,2.03,37.97263,-122.36952,25.262,53.411,0.0,-69,3.573,0.500,0.510
2014/09/26 09:07:31,1.95,37.97341,-122.36855,20.013,53.330,0.0,-69,2.129,0.250,0.177
2014/09/26 09:07:36,1.94,37.97398,-122.36747,20.669,49.130,0.0,-69,1.882,0.000,0.150
2014/09/26 09:07:41,1.94,37.97422,-122.36637,14.108,40.678,0.0,-69,3.310,0.500,0.178
2014/09/26 09:07:46,1.94,37.97425,-122.36570,13.780,16.829,0.0,-69,3.690,0.833,0.213
2014/09/26 09:07:52,1.94,37.97425,-122.36551,9.843,0.226,0.0,-69,2.833,0.000,0.985
2014/09/26 09:07:57,1.94,37.97425,-122.36550,9.843,0.298,0.0,-71,0.530,0.625,0.747
2014/09/26 09:08:02,1.94,37.97425,-122.36545,11.155,8.830,0.0,-71,1.681,1.500,0.289
2014/09/26 09:08:07,1.94,37.97424,-122.36485,13.780,34.776,0.0,-71,2.289,1.542,0.193
2014/09/26 09:08:12,1.94,37.97424,-122.36376,16.404,47.624,0.0,-71,1.563,0.417,1.958
2014/09/26 09:08:17,1.94,37.97440,-122.36252,19.685,50.527,0.0,-71,0.539,0.250,0.373
2014/09/26 09:08:22,1.93,37.97492,-122.36139,25.919,52.861,0.0,-71,1.705,1.708,0.446
2014/09/26 09:08:27,1.93,37.97557,-122.36031,39.698,53.977,0.0,-55,2.523,1.750,0.345
2014/09/26 09:08:32,1.93,37.97619,-122.35928,51.181,49.801,0.0,-55,2.810,1.750,0.238
2014/09/26 09:08:37,1.93,37.97682,-122.35825,60.039,51.349,0.0,-55,3.099,1.000,0.209
2014/09/26 09:08:42,1.93,37.97748,-122.35717,61.352,54.612,0.0,-55,1.651,0.292,0.192
2014/09/26 09:08:47,1.93,37.97816,-122.35605,66.273,55.951,0.0,-55,3.292,0.833,0.149
2014/09/26 09:08:52,1.93,37.97884,-122.35493,70.866,55.358,0.0,-55,3.967,0.000,0.490
2014/09/26 09:08:57,1.93,37.97951,-122.35382,74.475,54.157,0.0,-65,1.660,0.625,0.491
2014/09/26 09:09:02,1.82,37.98017,-122.35274,77.100,53.400,0.0,-65,1.116,1.375,0.442
2014/09/26 09:09:07,1.82,37.98083,-122.35167,81.365,53.689,0.0,-65,1.987,1.542,1.058
2014/09/26 09:09:12,1.82,37.98146,-122.35058,92.520,52.613,0.0,-65,0.749,0.458,0.777
2014/09/26 09:09:17,1.82,37.98185,-122.34937,112.533,51.038,0.0,-65,0.594,0.000,0.536
2014/09/26 09:09:22,2.0,37.98194,-122.34809,127.953,51.168,0.0,-65,0.717,1.500,1.070
2014/09/26 09:09:27,1.92,37.98194,-122.34680,147.638,50.361,0.0,-65,0.611,0.583,0.927
2014/09/26 09:09:32,1.92,37.98196,-122.34554,168.963,49.419,0.0,-83,0.649,1.042,0.651
2014/09/26 09:09:37,1.92,37.98219,-122.34431,191.929,50.150,0.0,-83,1.388,1.500,0.820
2014/09/26 09:09:42,1.81,37.98269,-122.34322,213.255,49.093,0.0,-83,1.840,1.208,2.502
2014/09/26 09:09:47,1.81,37.98344,-122.34236,221.129,50.614,0.0,-83,0.417,0.000,0.000
2014/09/26 09:09:52,1.81,37.98436,-122.34169,224.081,52.725,0.0,-83,0.244,0.417,2.662
2014/09/26 09:09:57,1.81,37.98526,-122.34102,212.598,50.302,0.0,-83,0.807,0.417,2.243
2014/09/26 09:10:02,1.81,37.98608,-122.34040,202.756,41.836,0.0,-83,1.198,0.583,2.747
2014/09/26 09:10:07,1.81,37.98665,-122.33998,186.680,25.419,0.0,-83,1.302,0.833,0.870
2014/09/26 09:10:12,1.8,37.98691,-122.33977,176.181,5.487,0.0,-83,2.154,0.792,0.585
2014/09/26 09:10:17,1.8,37.98693,-122.33975,175.853,0.755,0.0,-83,3.003,0.000,0.390
2014/09/26 09:10:22,1.8,37.98725,-122.33952,182.087,31.236,0.0,-83,2.519,0.792,0.178
2014/09/26 09:10:27,1.8,37.98793,-122.33902,178.150,42.869,0.0,-83,2.417,0.583,0.350
2014/09/26 09:10:32,1.8,37.98874,-122.33842,168.963,47.393,0.0,-81,3.144,0.792,0.205
2014/09/26 09:10:37,1.8,37.98957,-122.33780,155.184,48.372,0.0,-81,3.236,0.000,0.190
2014/09/26 09:10:42,1.8,37.99037,-122.33715,145.341,46.595,0.0,-81,2.260,1.000,0.249
2014/09/26 09:10:47,1.86,37.99093,-122.33624,141.732,45.656,0.0,-81,2.640,0.375,0.605
2014/09/26 09:10:52,1.9,37.99119,-122.33511,142.060,46.856,0.0,-81,1.946,0.375,0.722
2014/09/26 09:10:57,1.79,37.99108,-122.33397,141.076,42.554,0.0,-81,3.423,0.792,0.330
2014/09/26 09:11:02,1.79,37.99077,-122.33298,140.748,42.172,0.0,-65,2.920,0.750,0.758
2014/09/26 09:11:07,1.89,37.99045,-122.33202,146.325,40.417,0.0,-65,2.628,1.000,0.677
2014/09/26 09:11:12,1.79,37.99017,-122.33113,138.780,33.739,0.0,-65,2.849,0.625,0.257
2014/09/26 09:11:17,1.79,37.99002,-122.33059,133.530,15.843,0.0,-65,2.680,0.000,0.225
2014/09/26 09:11:22,1.89,37.98997,-122.33032,130.906,12.692,0.0,-65,2.948,0.792,0.183
2014/09/26 09:11:27,1.89,37.98993,-122.32981,128.281,23.858,0.0,-65,2.683,0.375,0.227
2014/09/26 09:11:32,1.89,37.98991,-122.32920,138.123,23.796,0.0,-65,1.616,0.583,0.270
2014/09/26 09:11:37,1.93,37.98995,-122.32845,130.249,34.925,0.0,-91,1.666,0.000,0.545
2014/09/26 09:11:42,1.89,37.99011,-122.32746,117.454,42.903,0.0,-91,0.000,0.625,1.466
2014/09/26 09:11:47,2.12,37.99043,-122.32633,94.488,46.002,0.0,-91,0.789,0.208,0.277
2014/09/26 09:11:52,1.88,37.99042,-122.32521,89.895,43.394,0.0,-91,0.856,0.375,1.298
2014/09/26 09:11:57,2.15,37.99007,-122.32421,119.751,43.222,0.0,-91,1.215,0.000,0.902
2014/09/26 09:12:02,1.99,37.98965,-122.32333,144.357,34.340,0.0,-91,1.269,0.000,2.871
2014/09/26 09:12:07,2.03,37.98936,-122.32282,163.058,18.020,0.0,-103,0.308,0.000,0.000
2014/09/26 09:12:12,1.78,37.98925,-122.32267,174.213,4.268,0.0,-103,0.144,0.000,5.452
2014/09/26 09:12:17,1.91,37.98911,-122.32245,170.276,20.011,0.0,-103,0.167,0.000,3.105
2014/09/26 09:12:22,1.91,37.98878,-122.32190,175.197,30.698,0.0,-103,0.260,0.000,1.206
2014/09/26 09:12:27,2.15,37.98845,-122.32113,184.711,36.658,0.0,-103,0.298,0.000,0.000
2014/09/26 09:12:32,2.08,37.98816,-122.32023,196.194,39.008,0.0,-103,0.160,0.000,3.355
2014/09/26 09:12:37,1.99,37.98775,-122.31932,209.318,40.112,0.0,-111,0.064,0.000,0.000
2014/09/26 09:12:42,1.91,37.98739,-122.31849,236.220,32.871,0.0,-111,0.000,0.000,0.000
2014/09/26 09:12:47,1.98,37.98713,-122.31782,255.577,27.860,0.0,-111,0.000,0.000,0.832
2014/09/26 09:12:52,1.87,37.98694,-122.31725,265.092,24.974,0.0,-111,0.000,0.083,0.535
2014/09/26 09:12:57,1.87,37.98681,-122.31651,274.278,29.054,0.0,-111,0.003,0.917,0.689
2014/09/26 09:13:02,1.77,37.98678,-122.31581,282.808,28.276,0.0,-111,0.698,0.000,0.597
2014/09/26 09:13:07,1.77,37.98675,-122.31508,290.682,28.810,0.0,-85,1.420,0.958,0.525
2014/09/26 09:13:12,1.76,37.98672,-122.31431,295.276,28.972,0.0,-85,1.805,0.542,0.466
2014/09/26 09:13:17,1.86,37.98663,-122.31368,298.228,23.845,0.0,-85,1.782,0.000,0.000
2014/09/26 09:13:22,1.76,37.98621,-122.31342,288.386,26.755,0.0,-85,0.141,0.750,0.303
2014/09/26 09:13:27,1.76,37.98590,-122.31394,268.373,28.617,0.0,-85,2.352,0.625,0.169
2014/09/26 09:13:32,1.86,37.98630,-122.31437,263.780,28.857,0.0,-85,2.952,0.750,0.202
2014/09/26 09:13:37,1.91,37.98701,-122.31404,257.874,44.418,0.0,-85,1.090,0.000,0.477
2014/09/26 09:13:42,1.76,37.98789,-122.31344,248.688,50.773,0.0,-91,1.295,0.250,0.630
2014/09/26 09:13:47,1.76,37.98873,-122.31271,243.110,50.192,0.0,-91,0.940,0.625,1.937
2014/09/26 09:13:52,1.75,37.98954,-122.31186,239.173,54.805,0.0,-91,0.650,0.875,0.000
2014/09/26 09:13:57,1.75,37.99037,-122.31078,232.612,60.670,0.0,-91,0.712,0.500,0.765
2014/09/26 09:14:02,1.75,37.99110,-122.30959,225.394,58.689,0.0,-91,0.840,0.500,0.535
2014/09/26 09:14:07,1.85,37.99175,-122.30830,221.457,60.412,0.0,-91,1.820,0.833,0.330
2014/09/26 09:14:12,1.75,37.99229,-122.30691,220.144,61.610,0.0,-85,2.674,1.125,0.680
2014/09/26 09:14:17,1.84,37.99273,-122.30542,207.021,62.594,0.0,-85,2.593,1.000,1.864
2014/09/26 09:14:22,1.87,37.99305,-122.30387,195.538,63.546,0.0,-85,2.413,1.250,1.742
2014/09/26 09:14:27,1.75,37.99328,-122.30228,191.273,63.614,0.0,-85,2.490,0.000,0.702
2014/09/26 09:14:32,1.75,37.99349,-122.30070,190.617,63.233,0.0,-85,2.590,1.208,0.737
2014/09/26 09:14:37,1.74,37.99371,-122.29911,177.822,64.007,0.0,-85,2.497,0.917,0.730
2014/09/26 09:14:42,1.74,37.99393,-122.29751,163.714,62.879,0.0,-69,2.644,0.917,0.942
2014/09/26 09:14:47,1.74,37.99416,-122.29592,149.934,65.287,0.0,-69,2.949,1.208,1.625
2014/09/26 09:14:52,1.74,37.99438,-122.29430,131.890,64.445,0.0,-69,2.060,0.875,2.050
2014/09/26 09:14:57,1.74,37.99460,-122.29267,120.079,65.347,0.0,-69,2.340,0.875,1.470
2014/09/26 09:15:02,2.1,37.99485,-122.29103,112.533,65.209,0.0,-69,2.673,0.917,1.117
2014/09/26 09:15:07,1.83,37.99528,-122.28946,93.176,65.381,0.0,-69,1.656,0.000,1.470
2014/09/26 09:15:12,1.74,37.99590,-122.28797,85.958,66.988,0.0,-63,1.507,0.708,0.572
2014/09/26 09:15:17,1.73,37.99672,-122.28659,87.270,68.303,0.0,-63,1.628,0.583,0.295
2014/09/26 09:15:22,1.73,37.99770,-122.28542,96.785,66.228,0.0,-63,3.224,0.917,0.261
2014/09/26 09:15:27,1.82,37.99877,-122.28441,108.596,66.484,0.0,-63,2.821,0.000,0.689
2014/09/26 09:15:32,1.82,37.99982,-122.28343,120.735,64.099,0.0,-63,2.994,0.875,0.537
2014/09/26 09:15:37,1.82,38.00086,-122.28247,133.530,64.008,0.0,-63,3.170,1.208,0.657
2014/09/26 09:15:42,1.82,38.00190,-122.28151,143.701,63.201,0.0,-63,2.038,1.167,2.450
2014/09/26 09:15:47,1.82,38.00292,-122.28057,145.997,61.914,0.0,-67,2.436,1.292,2.752
2014/09/26 09:15:52,1.82,38.00394,-122.27962,138.123,63.673,0.0,-67,2.071,0.958,2.305
2014/09/26 09:15:57,1.82,38.00500,-122.27863,122.703,65.818,0.0,-67,0.000,0.000,0.000
2014/09/26 09:16:02,1.81,38.00607,-122.27764,108.268,65.108,0.0,-67,0.990,0.917,0.494
2014/09/26 09:16:07,1.81,38.00710,-122.27668,93.832,63.289,0.0,-67,1.407,0.917,0.573
2014/09/26 09:16:12,1.81,38.00813,-122.27572,81.037,63.976,0.0,-67,2.266,1.417,1.122
2014/09/26 09:16:17,1.81,38.00916,-122.27476,77.428,62.952,0.0,-83,1.936,0.000,0.229
2014/09/26 09:16:22,1.81,38.01015,-122.27384,87.927,60.602,0.0,-83,2.690,0.958,0.157
2014/09/26 09:16:27,1.81,38.01112,-122.27293,92.192,59.852,0.0,-83,2.920,0.458,0.215
2014/09/26 09:16:32,1.81,38.01209,-122.27203,90.879,61.102,0.0,-83,3.494,0.000,0.225
2014/09/26 09:16:37,1.81,38.01314,-122.27107,81.693,65.785,0.0,-83,3.003,0.917,0.511
2014/09/26 09:16:42,1.8,38.01419,-122.27014,79.068,62.246,0.0,-83,1.730,0.417,0.259
2014/09/26 09:16:47,1.8,38.01520,-122.26921,86.286,62.077,0.0,-51,3.353,0.958,0.334
2014/09/26 09:16:52,1.8,38.01621,-122.26827,98.097,62.505,0.0,-51,3.010,0.000,0.490
2014/09/26 09:16:58,1.8,38.01720,-122.26733,106.299,59.247,0.0,-51,2.560,0.875,0.468
2014/09/26 09:17:03,1.8,38.01816,-122.26644,109.908,60.634,0.0,-51,2.767,1.375,0.178
2014/09/26 09:17:08,1.8,38.01918,-122.26549,97.769,62.351,0.0,-51,1.827,0.917,0.358
2014/09/26 09:17:13,1.8,38.02017,-122.26457,81.365,58.947,0.0,-51,2.833,0.000,0.157
2014/09/26 09:17:18,1.79,38.02116,-122.26366,66.273,63.237,0.0,-53,3.250,0.917,0.241
2014/09/26 09:17:23,1.79,38.02223,-122.26267,50.853,66.773,0.0,-53,2.650,0.958,0.277
2014/09/26 09:17:28,1.79,38.02328,-122.26169,51.837,63.002,0.0,-53,1.613,0.458,0.174
2014/09/26 09:17:33,1.77,38.02430,-122.26075,62.008,62.431,0.0,-53,2.461,0.000,0.197
2014/09/26 09:17:38,1.7,38.02530,-122.25981,76.115,61.900,0.0,-53,2.446,0.917,0.982
2014/09/26 09:17:43,1.7,38.02630,-122.25888,90.223,62.249,0.0,-53,2.667,0.917,0.790
2014/09/26 09:17:48,1.7,38.02731,-122.25793,103.675,63.139,0.0,-53,2.933,1.375,0.798
2014/09/26 09:17:53,1.7,38.02836,-122.25696,115.814,65.998,0.0,-83,2.413,0.875,0.521
2014/09/26 09:17:58,1.7,38.02944,-122.25593,134.843,67.732,0.0,-83,2.019,0.500,0.575
2014/09/26 09:18:03,1.69,38.03046,-122.25495,153.871,62.288,0.0,-83,2.102,0.000,0.369
2014/09/26 09:18:08,4.04,38.03148,-122.25400,173.556,63.571,0.0,-83,1.641,0.917,0.330
2014/09/26 09:18:13,1.69,38.03251,-122.25305,187.336,63.125,0.0,-83,2.558,1.375,0.890
2014/09/26 09:18:18,1.69,38.03354,-122.25210,191.929,62.980,0.0,-83,2.760,0.000,0.242
2014/09/26 09:18:23,1.69,38.03455,-122.25116,193.241,61.920,0.0,-75,2.871,1.375,0.441
2014/09/26 09:18:28,1.86,38.03556,-122.25021,194.226,62.854,0.0,-75,2.619,0.917,0.331
2014/09/26 09:18:33,1.69,38.03657,-122.24927,192.913,61.957,0.0,-75,1.455,0.000,0.441
2014/09/26 09:18:38,1.69,38.03758,-122.24833,192.257,62.224,0.0,-75,1.067,0.458,0.906
2014/09/26 09:18:43,1.77,38.03856,-122.24733,192.585,63.068,0.0,-75,0.961,0.000,1.313
2014/09/26 09:18:48,1.68,38.03943,-122.24617,191.601,62.565,0.0,-75,0.891,0.500,0.623
2014/09/26 09:18:53,1.77,38.04028,-122.24497,191.601,62.631,0.0,-83,1.289,0.917,0.578
2014/09/26 09:18:58,1.68,38.04112,-122.24379,192.913,62.085,0.0,-83,2.503,0.000,0.334
2014/09/26 09:19:03,1.68,38.04194,-122.24261,191.601,61.576,0.0,-83,3.227,1.375,0.251
2014/09/26 09:19:08,1.68,38.04277,-122.24144,190.289,61.332,0.0,-83,2.523,0.917,0.468
2014/09/26 09:19:13,1.68,38.04360,-122.24028,191.929,60.902,0.0,-83,2.551,0.917,0.638
2014/09/26 09:19:18,1.68,38.04442,-122.23912,197.835,61.439,0.0,-83,2.760,0.000,0.222
2014/09/26 09:19:23,1.67,38.04526,-122.23794,200.131,62.873,0.0,-81,2.776,0.917,0.249
2014/09/26 09:19:28,1.67,38.04610,-122.23675,203.084,62.024,0.0,-81,3.500,0.917,0.178
2014/09/26 09:19:33,1.67,38.04693,-122.23557,205.381,61.923,0.0,-81,2.621,0.000,0.162
2014/09/26 09:19:38,1.67,38.04775,-122.23441,207.349,59.443,0.0,-81,0.775,0.458,1.132
2014/09/26 09:19:43,1.67,38.04853,-122.23331,206.693,58.434,0.0,-81,0.391,0.000,0.000
2014/09/26 09:19:48,1.67,38.04937,-122.23217,193.241,63.715,0.0,-81,0.093,0.000,3.931
2014/09/26 09:19:53,1.67,38.05021,-122.23098,172.900,62.640,0.0,-81,0.939,0.000,0.602
2014/09/26 09:19:58,1.67,38.05106,-122.22977,154.199,64.118,0.0,-89,0.064,0.000,6.330
2014/09/26 09:20:03,1.66,38.05190,-122.22857,146.325,62.777,0.0,-89,0.000,0.000,0.967
2014/09/26 09:20:08,1.84,38.05276,-122.22734,133.202,62.440,0.0,-89,0.862,0.000,1.171
2014/09/26 09:20:13,1.66,38.05358,-122.22618,124.016,60.950,0.0,-89,0.856,0.042,0.898
2014/09/26 09:20:18,1.66,38.05454,-122.22522,117.782,60.718,0.0,-89,2.494,1.292,0.570
2014/09/26 09:20:23,1.66,38.05565,-122.22481,121.719,56.155,0.0,-89,2.801,0.958,1.361
2014/09/26 09:20:28,1.66,38.05671,-122.22484,125.984,51.421,0.0,-65,2.770,0.875,1.037
2014/09/26 09:20:33,1.74,38.05773,-122.22491,145.997,53.163,0.0,-65,2.333,0.792,0.370
2014/09/26 09:20:38,1.74,38.05884,-122.22502,155.184,56.812,0.0,-65,2.830,0.000,0.210
2014/09/26 09:20:43,1.74,38.05999,-122.22513,161.745,55.739,0.0,-65,2.753,0.625,0.242
2014/09/26 09:20:48,1.73,38.06114,-122.22522,177.493,56.931,0.0,-65,2.740,0.500,0.166
2014/09/26 09:20:53,1.73,38.06228,-122.22532,181.759,57.270,0.0,-65,2.801,0.375,0.162
2014/09/26 09:20:58,1.73,38.06343,-122.22542,177.822,56.937,0.0,-59,3.036,0.375,0.205
2014/09/26 09:21:03,1.65,38.06460,-122.22551,174.869,56.663,0.0,-59,3.224,0.833,0.590
2014/09/26 09:21:08,2.22,38.06569,-122.22562,182.415,53.522,0.0,-59,2.776,1.083,0.682
2014/09/26 09:21:13,1.73,38.06673,-122.22575,176.181,51.498,0.0,-59,3.140,0.875,0.162
2014/09/26 09:21:18,1.65,38.06772,-122.22607,164.370,48.999,0.0,-59,2.946,0.000,0.429
2014/09/26 09:21:23,2.43,38.06850,-122.22649,173.885,34.897,0.0,-59,0.944,0.542,0.382
2014/09/26 09:21:28,2.22,38.06901,-122.22677,181.102,21.769,0.0,-53,1.940,0.958,0.625
2014/09/26 09:21:33,2.43,38.06943,-122.22700,180.774,28.770,0.0,-53,2.558,1.125,0.369
2014/09/26 09:21:38,2.42,38.07021,-122.22739,173.556,50.460,0.0,-53,2.721,0.708,0.371
2014/09/26 09:21:43,1.64,38.07117,-122.22795,161.089,53.995,0.0,-53,2.840,1.000,0.502
2014/09/26 09:21:48,2.21,38.07208,-122.22870,153.871,55.830,0.0,-53,2.673,1.167,0.509
2014/09/26 09:21:53,2.2,38.07306,-122.22952,139.436,61.522,0.0,-53,2.590,0.833,0.399
2014/09/26 09:21:58,2.2,38.07418,-122.23036,125.328,66.646,0.0,-53,2.814,1.000,0.182
2014/09/26 09:22:03,2.23,38.07536,-122.23124,125.656,69.039,0.0,-61,3.583,1.083,0.231
2014/09/26 09:22:08,2.2,38.07660,-122.23200,123.360,68.425,0.0,-61,2.917,0.833,0.320
2014/09/26 09:22:13,1.63,38.07790,-122.23256,115.814,67.891,0.0,-61,2.926,1.000,0.534
2014/09/26 09:22:18,1.63,38.07926,-122.23297,90.551,70.488,0.0,-61,2.740,0.000,0.684
2014/09/26 09:22:23,2.19,38.08065,-122.23323,82.349,67.234,0.0,-61,1.250,0.500,0.713
2014/09/26 09:22:28,1.71,38.08203,-122.23330,74.803,68.961,0.0,-61,0.721,0.000,0.445
2014/09/26 09:22:33,1.63,38.08341,-122.23318,62.664,66.868,0.0,-89,0.000,0.000,0.000
2014/09/26 09:22:38,1.7,38.08470,-122.23294,48.228,63.464,0.0,-89,0.000,0.250,0.159
2014/09/26 09:22:43,1.62,38.08614,-122.23250,45.604,60.607,0.0,-89,0.000,0.875,0.622
2014/09/26 09:22:48,1.62,38.08727,-122.23203,36.089,57.366,0.0,-89,0.000,1.375,1.358
2014/09/26 09:22:53,1.62,38.08834,-122.23151,36.745,55.907,0.0,-89,0.003,1.667,2.089
2014/09/26 09:22:58,1.62,38.08927,-122.23108,40.026,43.481,0.0,-89,0.516,0.917,3.843
2014/09/26 09:23:03,1.75,38.08995,-122.23068,36.745,32.760,0.0,-55,1.606,1.000,2.418
2014/09/26 09:23:08,1.62,38.09020,-122.22994,41.667,32.932,0.0,-55,2.632,1.542,1.250
2014/09/26 09:23:13,1.81,38.09054,-122.22928,26.903,32.386,0.0,-55,1.359,0.000,0.970
2014/09/26 09:23:18,1.81,38.09091,-122.22872,21.654,26.571,0.0,-55,1.891,1.000,0.550
2014/09/26 09:23:23,2.1,38.09072,-122.22788,23.622,40.552,0.0,-55,2.192,1.000,0.329
2014/09/26 09:23:28,1.81,38.09045,-122.22684,43.635,42.558,0.0,-55,2.561,1.000,0.299
2014/09/26 09:23:33,1.61,38.09014,-122.22573,59.383,49.887,0.0,-77,2.906,0.000,0.170
2014/09/26 09:23:38,1.8,38.08979,-122.22444,75.787,56.001,0.0,-77,2.767,1.042,0.234
2014/09/26 09:23:43,1.61,38.08940,-122.22304,91.535,59.791,0.0,-77,2.263,1.000,0.410
2014/09/26 09:23:48,1.63,38.08900,-122.22160,108.268,58.768,0.0,-77,1.214,0.000,0.478
2014/09/26 09:23:53,1.61,38.08862,-122.22020,127.297,58.280,0.0,-77,1.424,0.000,0.397
2014/09/26 09:23:58,1.68,38.08814,-122.21885,146.325,57.900,0.0,-77,1.298,0.542,0.709
2014/09/26 09:24:03,1.68,38.08758,-122.21759,163.058,56.244,0.0,-83,2.244,0.500,0.722
2014/09/26 09:24:08,2.33,38.08704,-122.21640,180.446,52.895,0.0,-83,1.182,0.500,0.649
2014/09/26 09:24:13,1.68,38.08654,-122.21523,204.396,51.216,0.0,-83,2.529,0.500,0.419
2014/09/26 09:24:18,1.68,38.08617,-122.21401,211.614,49.431,0.0,-83,1.763,0.000,0.718
2014/09/26 09:24:23,1.68,38.08591,-122.21283,215.223,46.318,0.0,-83,2.571,1.000,0.774
2014/09/26 09:24:28,1.67,38.08570,-122.21178,219.488,40.100,0.0,-83,2.923,1.000,0.410
2014/09/26 09:24:33,1.67,38.08554,-122.21104,226.050,16.054,0.0,-83,3.003,1.500,1.182
2014/09/26 09:24:38,1.67,38.08550,-122.21089,226.706,1.113,0.0,-53,2.913,0.000,1.696
2014/09/26 09:24:43,1.67,38.08549,-122.21089,225.722,0.212,0.0,-53,3.090,1.042,2.395
2014/09/26 09:24:48,1.67,38.08549,-122.21089,225.722,0.508,0.0,-53,2.917,1.500,0.000
2014/09/26 09:24:53,1.67,38.08549,-122.21089,223.425,0.071,0.0,-53,2.910,1.000,0.000
2014/09/26 09:24:58,1.67,38.08549,-122.21089,220.472,0.204,0.0,-53,3.170,0.000,0.000
2014/09/26 09:25:03,1.66,38.08549,-122.21086,218.176,5.709,0.0,-53,3.003,1.500,1.432
2014/09/26 09:25:08,1.66,38.08544,-122.21054,224.081,17.309,0.0,-55,2.862,1.000,3.002
2014/09/26 09:25:13,1.66,38.08570,-122.21013,222.441,25.907,0.0,-55,2.629,1.000,1.787
2014/09/26 09:25:18,1.66,38.08625,-122.20980,224.409,33.950,0.0,-55,3.006,1.500,1.054
2014/09/26 09:25:23,1.66,38.08697,-122.20968,203.084,37.694,0.0,-55,2.147,0.000,0.638
2014/09/26 09:25:28,1.66,38.08772,-122.20937,187.008,40.252,0.0,-55,2.237,1.042,0.361
2014/09/26 09:25:33,1.66,38.08836,-122.20891,184.055,32.916,0.0,-55,1.548,0.000,0.490
2014/09/26 09:25:38,1.72,38.08882,-122.20857,179.462,19.704,0.0,-65,1.871,1.000,0.212
2014/09/26 09:25:43,2.47,38.08890,-122.20825,175.853,16.832,0.0,-65,2.606,0.500,0.196
2014/09/26 09:25:48,1.72,38.08860,-122.20770,176.509,31.781,0.0,-65,2.417,0.500,0.177
2014/09/26 09:25:53,1.83,38.08819,-122.20694,170.932,40.168,0.0,-65,2.448,0.000,0.503
2014/09/26 09:25:58,1.83,38.08770,-122.20604,175.525,44.443,0.0,-65,2.212,1.042,0.314
2014/09/26 09:26:03,1.83,38.08717,-122.20506,171.916,47.600,0.0,-65,2.400,1.000,0.335
2014/09/26 09:26:08,1.65,38.08664,-122.20413,156.824,39.405,0.0,-55,2.273,0.500,0.484
2014/09/26 09:26:13,1.65,38.08632,-122.20356,148.950,18.070,0.0,-55,2.830,0.000,0.909
2014/09/26 10:10:48,20.05,38.07804,-122.19172,205.381,45.746,0.0,-89,0.812,1.458,0.466
2014/09/26 10:10:53,19.94,38.07795,-122.19125,207.349,45.843,0.0,-89,0.810,0.000,0.473
2014/09/26 10:10:58,19.94,38.07795,-122.19125,207.349,45.843,0.0,-89,0.819,1.833,0.585
2014/09/26 10:11:03,19.23,38.07607,-122.18912,225.722,54.937,0.0,-89,0.611,0.542,3.390
2014/09/26 10:11:08,18.97,38.07513,-122.18828,276.903,58.359,0.0,-89,0.663,0.375,0.574
2014/09/26 10:11:13,18.72,38.07410,-122.18740,316.601,62.373,0.0,-89,0.999,1.500,1.054
2014/09/26 10:11:18,18.48,38.07305,-122.18650,344.488,63.544,0.0,-99,0.556,1.000,0.000
2014/09/26 10:11:23,18.38,38.07262,-122.18615,350.722,61.444,0.0,-99,0.000,0.250,4.542
2014/09/26 10:11:28,18.38,38.07262,-122.18615,350.722,61.444,0.0,-99,0.558,0.458,0.236
2014/09/26 10:11:33,17.78,38.06997,-122.18390,329.396,56.848,0.0,-99,0.787,0.875,0.988
2014/09/26 10:11:38,17.56,38.06926,-122.18276,375.000,57.930,0.0,-99,0.682,0.458,1.989
2014/09/26 10:11:43,17.34,38.06864,-122.18149,322.178,57.773,0.0,-99,0.000,0.000,0.000
2014/09/26 10:11:48,17.17,38.06817,-122.18040,208.661,59.785,0.0,-99,0.000,0.000,0.000
2014/09/26 10:11:53,17.17,38.06817,-122.18040,208.661,59.785,0.0,-99,0.000,0.000,0.000
2014/09/26 10:11:58,17.17,38.06817,-122.18040,208.661,59.785,0.0,-99,0.000,0.000,0.000
2014/09/26 10:12:03,16.53,38.06697,-122.17543,169.948,67.384,0.0,-99,0.000,0.000,0.000
2014/09/26 10:12:08,16.34,38.06658,-122.17374,169.948,68.771,0.0,-99,0.000,0.000,0.000
2014/09/26 10:12:13,16.15,38.06619,-122.17203,167.323,69.815,0.0,-99,0.000,0.000,0.000
2014/09/26 10:12:18,15.97,38.06581,-122.17031,163.714,69.759,0.0,-99,0.000,0.000,0.000
2014/09/26 10:12:23,15.79,38.06544,-122.16861,158.465,68.705,0.0,-97,0.000,0.000,1.997
2014/09/26 10:12:28,15.65,38.06515,-122.16727,149.278,67.919,0.0,-97,0.000,0.000,0.000
2014/09/26 10:12:33,15.65,38.06515,-122.16727,149.278,67.919,0.0,-97,0.000,0.000,0.189
2014/09/26 10:12:38,15.28,38.06439,-122.16367,172.244,65.531,0.0,-97,0.000,0.042,0.356
2014/09/26 10:12:43,15.24,38.06433,-122.16334,178.806,65.455,0.0,-97,0.000,0.000,0.000
2014/09/26 10:12:48,15.24,38.06433,-122.16334,178.806,65.455,0.0,-97,0.000,0.083,0.000
2014/09/26 10:12:53,14.8,38.06300,-122.15898,151.903,64.308,0.0,-113,0.000,0.000,0.000
2014/09/26 10:12:58,14.77,38.06290,-122.15868,153.215,64.619,0.0,-113,0.000,0.083,0.000
2014/09/26 10:13:03,14.77,38.06290,-122.15868,153.215,64.619,0.0,-113,0.000,0.000,0.000
2014/09/26 10:13:08,4.98,38.06151,-122.15439,175.525,66.044,0.0,-113,0.000,0.167,0.861
2014/09/26 10:13:13,14.2,38.06083,-122.15294,178.150,65.452,0.0,-113,0.000,1.500,0.454
2014/09/26 10:13:18,7.6,38.06001,-122.15166,179.790,65.518,0.0,-113,0.003,1.708,0.597
2014/09/26 10:13:23,7.62,38.05900,-122.15063,167.651,64.808,0.0,-95,2.346,1.458,0.250
2014/09/26 10:13:28,4.78,38.05789,-122.14967,145.341,67.577,0.0,-95,2.029,0.750,0.470
2014/09/26 10:13:33,4.78,38.05675,-122.14871,133.858,67.333,0.0,-95,1.830,0.500,0.316
2014/09/26 10:13:38,4.78,38.05564,-122.14777,118.766,67.174,0.0,-95,1.894,0.417,0.446
2014/09/26 10:13:43,4.78,38.05453,-122.14680,103.018,66.706,0.0,-95,2.648,0.000,0.821
2014/09/26 10:13:48,4.78,38.05344,-122.14586,86.614,64.342,0.0,-95,1.490,0.708,0.397
2014/09/26 10:13:53,4.78,38.05236,-122.14492,75.131,65.307,0.0,-95,2.484,0.375,0.245
2014/09/26 10:13:58,4.78,38.05133,-122.14386,97.113,67.115,0.0,-89,2.413,0.500,0.217
2014/09/26 10:14:03,4.79,38.05057,-122.14249,110.892,66.064,0.0,-89,2.952,1.000,0.164
2014/09/26 10:14:08,4.79,38.05012,-122.14096,108.596,63.925,0.0,-89,3.301,0.625,0.167
2014/09/26 10:14:13,4.79,38.05001,-122.13934,114.501,63.580,0.0,-89,3.317,0.875,0.634
2014/09/26 10:14:18,4.79,38.05023,-122.13766,134.514,66.453,0.0,-89,2.596,1.250,0.237
2014/09/26 10:14:23,4.79,38.05044,-122.13599,152.559,66.208,0.0,-89,3.542,1.000,0.190
2014/09/26 10:14:28,4.79,38.05050,-122.13434,161.745,66.165,0.0,-59,2.320,0.500,0.221
2014/09/26 10:14:33,4.79,38.05028,-122.13268,155.184,66.729,0.0,-59,3.264,0.958,0.175
2014/09/26 10:14:38,4.79,38.04980,-122.13115,177.493,64.248,0.0,-59,3.160,0.625,0.557
2014/09/26 10:14:43,4.8,38.04897,-122.12986,179.790,64.533,0.0,-59,2.840,0.000,0.157
2014/09/26 10:14:48,4.8,38.04790,-122.12886,163.058,66.406,0.0,-59,3.048,0.750,0.169
2014/09/26 10:14:53,4.8,38.04675,-122.12793,164.042,67.643,0.0,-59,3.456,0.750,0.229
2014/09/26 10:14:58,4.8,38.04559,-122.12701,161.417,67.967,0.0,-69,3.067,0.625,0.161
2014/09/26 10:15:03,4.8,38.04442,-122.12608,156.168,68.522,0.0,-69,3.400,0.750,0.230
2014/09/26 10:15:08,4.8,38.04324,-122.12515,151.247,68.137,0.0,-69,3.273,0.708,0.358
2014/09/26 10:15:13,4.8,38.04212,-122.12424,148.294,64.183,0.0,-69,2.544,0.625,0.231
2014/09/26 10:15:18,4.8,38.04105,-122.12339,148.622,63.057,0.0,-69,1.533,0.000,1.030
2014/09/26 10:15:23,4.8,38.03996,-122.12252,148.294,64.007,0.0,-69,1.279,0.125,0.282
2014/09/26 10:15:28,4.8,38.03893,-122.12170,149.934,59.623,0.0,-91,1.904,0.375,0.622
2014/09/26 10:15:33,4.8,38.03793,-122.12088,151.575,58.791,0.0,-91,1.096,0.583,0.468
2014/09/26 10:15:38,2.67,38.03694,-122.12007,152.559,59.235,0.0,-91,1.433,0.250,0.949
2014/09/26 10:15:43,2.67,38.03594,-122.11925,142.388,59.166,0.0,-91,1.612,1.042,0.336
2014/09/26 10:15:48,2.67,38.03496,-122.11844,134.514,57.562,0.0,-91,3.350,1.125,0.205
2014/09/26 10:15:53,2.67,38.03394,-122.11772,114.173,56.946,0.0,-91,2.785,0.000,0.664
2014/09/26 10:15:58,2.67,38.03284,-122.11728,109.908,56.913,0.0,-91,1.567,0.375,0.903
2014/09/26 10:16:03,2.67,38.03167,-122.11720,91.864,58.086,0.0,-85,0.637,0.125,0.635
2014/09/26 10:16:08,2.68,38.03048,-122.11723,75.459,59.253,0.0,-85,1.946,0.917,2.289
2014/09/26 10:16:13,2.68,38.02930,-122.11698,56.430,59.355,0.0,-85,1.445,1.083,0.517
2014/09/26 10:16:18,2.68,38.02819,-122.11642,42.651,60.205,0.0,-85,2.048,0.000,0.270
2014/09/26 10:16:23,2.68,38.02723,-122.11557,33.136,58.438,0.0,-85,2.644,1.125,0.241
2014/09/26 10:16:28,2.68,38.02648,-122.11450,30.840,55.802,0.0,-85,2.504,0.708,0.229
2014/09/26 10:16:33,2.69,38.02592,-122.11331,25.919,55.094,0.0,-87,3.051,0.375,0.177
2014/09/26 10:16:38,2.69,38.02542,-122.11206,19.029,54.755,0.0,-87,3.536,0.625,0.282
2014/09/26 10:16:43,2.69,38.02492,-122.11080,8.858,56.040,0.0,-87,3.167,0.625,0.230
2014/09/26 10:16:48,2.69,38.02440,-122.10952,-0.328,56.502,0.0,-87,3.250,1.083,0.157
2014/09/26 10:16:53,2.69,38.02384,-122.10823,-6.562,58.259,0.0,-87,3.346,0.833,0.251
2014/09/26 10:16:58,2.69,38.02327,-122.10695,-12.139,57.594,0.0,-87,3.077,1.042,0.237
2014/09/26 10:17:03,2.7,38.02272,-122.10568,-12.467,56.320,0.0,-81,2.939,0.625,0.273
2014/09/26 10:17:08,2.7,38.02220,-122.10443,-10.827,55.468,0.0,-81,2.760,1.625,0.240
2014/09/26 10:17:13,2.7,38.02172,-122.10319,-5.906,54.008,0.0,-81,3.125,1.708,0.238
2014/09/26 10:17:18,2.7,38.02124,-122.10195,1.312,54.385,0.0,-81,3.032,1.750,0.330
2014/09/26 10:17:23,2.7,38.02074,-122.10070,7.546,55.321,0.0,-81,3.263,1.250,0.164
2014/09/26 10:17:28,2.71,38.02023,-122.09935,10.171,61.369,0.0,-81,2.129,0.333,0.233
2014/09/26 10:17:33,2.71,38.01965,-122.09792,19.685,64.465,0.0,-51,3.467,0.875,0.166
2014/09/26 10:17:38,2.71,38.01893,-122.09656,27.231,64.343,0.0,-51,3.574,0.000,0.198
2014/09/26 10:17:43,2.71,38.01798,-122.09543,32.808,65.302,0.0,-51,3.382,1.250,0.157
2014/09/26 10:17:48,2.71,38.01692,-122.09439,40.682,67.351,0.0,-51,2.313,1.083,0.342
2014/09/26 10:17:53,2.71,38.01587,-122.09336,53.806,65.630,0.0,-51,1.597,0.375,0.434
2014/09/26 10:17:58,2.72,38.01486,-122.09234,60.696,64.266,0.0,-51,1.871,0.375,0.154
2014/09/26 10:18:03,2.72,38.01381,-122.09131,62.336,66.284,0.0,-51,1.795,0.250,0.152
2014/09/26 10:18:08,2.72,38.01276,-122.09029,80.709,66.099,0.0,-89,2.833,0.375,0.183
2014/09/26 10:18:13,2.72,38.01170,-122.08927,86.942,66.061,0.0,-89,3.096,0.625,0.350
2014/09/26 10:18:18,2.72,38.01065,-122.08823,84.974,66.432,0.0,-89,2.567,0.500,0.310
2014/09/26 10:18:23,2.73,38.00963,-122.08714,80.052,67.626,0.0,-89,3.060,0.500,0.164
2014/09/26 10:18:28,2.73,38.00858,-122.08599,70.210,69.441,0.0,-89,1.244,0.000,0.217
2014/09/26 10:18:33,2.73,38.00752,-122.08483,59.711,71.039,0.0,-89,2.113,0.708,0.422
2014/09/26 10:18:38,2.73,38.00644,-122.08364,48.556,70.875,0.0,-75,2.500,1.542,0.528
2014/09/26 10:18:43,2.73,38.00536,-122.08246,54.134,72.138,0.0,-75,2.903,1.625,0.184
2014/09/26 10:18:48,2.73,38.00430,-122.08128,72.835,70.424,0.0,-75,2.613,1.083,0.373
2014/09/26 10:18:53,2.74,38.00324,-122.08013,88.583,68.525,0.0,-75,3.003,0.375,0.161
2014/09/26 10:18:58,2.74,38.00222,-122.07901,104.659,65.970,0.0,-75,3.061,1.292,0.168
2014/09/26 10:19:03,2.74,38.00124,-122.07793,118.766,64.113,0.0,-75,2.837,0.708,0.222
2014/09/26 10:19:08,2.74,38.00026,-122.07684,119.094,64.642,0.0,-89,2.788,0.625,0.250
2014/09/26 10:19:13,2.74,37.99928,-122.07572,113.189,66.731,0.0,-89,0.705,0.000,0.717
2014/09/26 10:19:18,2.75,37.99832,-122.07450,102.034,67.529,0.0,-89,0.478,0.375,1.694
2014/09/26 10:19:23,2.75,37.99736,-122.07329,86.942,67.636,0.0,-89,0.000,0.000,0.235
2014/09/26 10:19:28,2.75,37.99639,-122.07208,72.178,67.759,0.0,-89,0.000,0.000,0.000
2014/09/26 10:19:33,2.75,37.99543,-122.07089,68.898,66.937,0.0,-89,0.000,0.000,0.000
2014/09/26 10:19:38,2.75,37.99442,-122.06975,67.257,68.257,0.0,-89,0.000,0.000,0.177
2014/09/26 10:19:43,2.75,37.99325,-122.06882,55.774,66.902,0.0,-89,0.029,0.125,0.246
2014/09/26 10:19:48,2.76,37.99198,-122.06816,41.010,66.455,0.0,-89,2.139,1.167,0.218
2014/09/26 10:19:53,2.76,37.99066,-122.06774,32.808,67.580,0.0,-89,1.040,1.750,0.490
2014/09/26 10:19:58,2.76,37.98931,-122.06745,22.310,67.118,0.0,-89,1.657,1.958,0.436
2014/09/26 10:20:03,2.76,37.98795,-122.06717,17.388,68.257,0.0,-89,0.976,1.792,0.502
2014/09/26 10:20:08,2.76,37.98657,-122.06690,7.874,68.966,0.0,-89,0.701,1.708,0.502
2014/09/26 10:20:13,2.77,37.98518,-122.06661,6.890,70.610,0.0,-51,1.006,1.500,0.366
2014/09/26 10:20:18,2.77,37.98377,-122.06631,5.577,70.117,0.0,-51,1.314,1.750,0.486
2014/09/26 10:20:23,2.77,37.98238,-122.06602,-5.577,69.661,0.0,-51,1.000,1.708,0.477
2014/09/26 10:20:28,2.77,37.98097,-122.06574,-19.357,70.336,0.0,-51,1.038,1.750,0.419
2014/09/26 10:20:33,2.77,37.97957,-122.06547,-20.669,70.908,0.0,-51,0.666,1.708,0.457
2014/09/26 10:20:38,2.77,37.97817,-122.06509,-20.997,71.665,0.0,-51,0.479,0.000,0.530
2014/09/26 10:20:43,2.78,37.97680,-122.06454,-10.827,70.903,0.0,-91,0.276,1.167,3.673
2014/09/26 10:20:48,2.78,37.97551,-122.06382,-6.890,69.148,0.0,-91,0.715,1.625,0.442
2014/09/26 10:20:53,2.78,37.97432,-122.06295,-5.577,69.446,0.0,-91,0.717,1.458,0.462
2014/09/26 10:20:58,2.78,37.97315,-122.06198,-4.921,69.856,0.0,-91,0.898,1.833,0.473
2014/09/26 10:21:03,2.78,37.97197,-122.06102,-4.921,69.569,0.0,-91,0.545,1.250,0.210
2014/09/26 10:21:08,2.78,37.97078,-122.06007,-17.060,69.064,0.0,-91,1.178,1.708,0.486
2014/09/26 10:21:13,2.79,37.96960,-122.05913,-36.089,68.717,0.0,-77,0.656,1.833,0.525
2014/09/26 10:21:18,4.77,37.96845,-122.05818,-33.136,69.135,0.0,-77,1.064,1.708,0.458
2014/09/26 10:21:23,2.79,37.96728,-122.05723,-34.777,68.656,0.0,-77,0.918,1.750,1.146
2014/09/26 10:21:28,2.79,37.96612,-122.05631,-18.701,68.693,0.0,-77,0.399,0.625,2.540
2014/09/26 10:21:33,2.79,37.96493,-122.05546,26.575,70.061,0.0,-77,0.000,0.000,0.671
2014/09/26 10:21:38,2.79,37.96363,-122.05472,27.887,71.179,0.0,-77,0.395,0.542,0.650
2014/09/26 10:21:43,2.8,37.96231,-122.05402,25.919,71.721,0.0,-93,0.539,0.917,0.909
2014/09/26 10:21:48,2.8,37.96099,-122.05333,30.512,69.768,0.0,-93,0.958,1.125,0.642
2014/09/26 10:21:53,2.8,37.95965,-122.05275,24.934,69.401,0.0,-93,1.247,1.417,0.518
2014/09/26 10:21:58,2.8,37.95831,-122.05263,28.871,65.303,0.0,-93,1.574,1.667,0.501
2014/09/26 10:22:03,4.75,37.95700,-122.05296,29.199,65.496,0.0,-93,1.382,1.625,0.423
2014/09/26 10:22:08,2.8,37.95575,-122.05356,34.121,66.098,0.0,-93,1.546,1.833,0.466
2014/09/26 10:22:13,2.81,37.95448,-122.05418,32.480,66.766,0.0,-93,1.646,1.792,0.986
2014/09/26 10:22:18,2.81,37.95319,-122.05480,33.136,68.393,0.0,-85,0.973,0.458,1.790
2014/09/26 10:22:23,2.81,37.95188,-122.05539,37.073,68.700,0.0,-85,0.998,0.750,0.637
2014/09/26 10:22:28,2.81,37.95054,-122.05597,32.480,69.718,0.0,-85,1.317,0.958,0.850
2014/09/26 10:22:33,2.81,37.94921,-122.05655,30.840,69.621,0.0,-85,1.086,1.250,0.660
2014/09/26 10:22:38,2.81,37.94786,-122.05714,37.402,70.939,0.0,-85,1.142,0.833,1.090
2014/09/26 10:22:43,2.82,37.94652,-122.05773,45.604,69.792,0.0,-85,0.733,0.000,0.609
2014/09/26 10:22:48,2.82,37.94520,-122.05830,50.853,68.749,0.0,-81,0.986,1.000,0.351
2014/09/26 10:22:53,2.82,37.94391,-122.05889,47.244,68.050,0.0,-81,1.039,1.042,0.798
2014/09/26 10:22:58,2.82,37.94263,-122.05949,34.777,68.874,0.0,-81,1.262,0.833,1.137
2014/09/26 10:23:03,2.82,37.94129,-122.06002,26.903,69.821,0.0,-81,1.564,1.542,1.870
2014/09/26 10:23:08,2.82,37.93994,-122.06036,26.247,69.273,0.0,-81,0.890,1.542,0.000
2014/09/26 10:23:13,2.83,37.93857,-122.06047,35.761,69.436,0.0,-81,0.438,0.000,2.822
2014/09/26 10:23:18,2.83,37.93718,-122.06043,38.714,70.746,0.0,-81,1.012,1.250,2.426
2014/09/26 10:23:23,2.83,37.93578,-122.06039,40.354,69.018,0.0,-81,0.184,0.875,0.000
2014/09/26 10:23:28,2.83,37.93440,-122.06036,41.995,68.318,0.0,-81,0.000,0.000,0.000
2014/09/26 10:23:33,4.71,37.93304,-122.06037,43.963,67.249,0.0,-81,0.169,0.417,0.000
2014/09/26 10:23:38,2.83,37.93170,-122.06039,47.900,65.936,0.0,-81,0.278,0.000,5.286
2014/09/26 10:23:43,2.83,37.93036,-122.06044,51.509,66.425,0.0,-81,0.659,0.917,2.698
2014/09/26 10:23:48,2.84,37.92903,-122.06053,54.462,65.279,0.0,-85,0.688,1.125,1.562
2014/09/26 10:23:53,2.84,37.92772,-122.06066,58.071,64.995,0.0,-85,1.236,1.333,1.450
2014/09/26 10:23:58,3.99,37.92643,-122.06078,87.270,64.831,0.0,-85,1.598,0.000,3.529
2014/09/26 10:24:03,2.84,37.92509,-122.06092,113.845,67.745,0.0,-85,0.955,1.375,2.998
2014/09/26 10:24:08,2.84,37.92377,-122.06116,136.811,65.447,0.0,-85,1.203,1.458,2.098
2014/09/26 10:24:13,2.84,37.92248,-122.06158,135.171,64.759,0.0,-85,1.072,0.000,0.000
2014/09/26 10:24:18,2.84,37.92121,-122.06208,110.564,64.149,0.0,-85,0.640,1.458,4.374
2014/09/26 10:24:23,2.85,37.91998,-122.06263,105.643,64.286,0.0,-75,0.762,0.000,1.946
2014/09/26 10:24:28,2.85,37.91877,-122.06324,104.659,64.971,0.0,-75,0.481,1.458,3.262
2014/09/26 10:24:33,2.85,37.91766,-122.06408,105.643,63.700,0.0,-75,0.844,0.958,3.430
2014/09/26 10:24:38,2.85,37.91665,-122.06507,112.861,62.782,0.0,-75,0.640,0.000,0.000
2014/09/26 10:24:43,2.85,37.91565,-122.06598,133.858,61.663,0.0,-75,0.569,0.958,2.570
2014/09/26 10:24:48,2.85,37.91452,-122.06667,149.934,61.769,0.0,-75,0.108,0.500,6.917
2014/09/26 10:24:53,2.85,37.91330,-122.06712,142.388,62.636,0.0,-101,0.404,0.000,0.000
2014/09/26 10:24:58,2.86,37.91212,-122.06755,146.325,59.933,0.0,-101,0.617,0.500,2.689
2014/09/26 10:25:03,4.65,37.91094,-122.06796,151.903,60.678,0.0,-101,0.522,1.333,2.390
2014/09/26 10:25:08,2.86,37.90975,-122.06840,159.121,61.679,0.0,-101,0.000,0.958,1.648
2014/09/26 10:25:13,2.86,37.90856,-122.06885,172.900,61.362,0.0,-101,0.700,0.500,3.349
2014/09/26 10:25:18,2.97,37.90735,-122.06928,179.462,62.747,0.0,-101,0.472,0.958,2.142
2014/09/26 10:25:23,2.86,37.90610,-122.06972,183.071,65.004,0.0,-87,0.647,0.000,0.000
2014/09/26 10:25:28,2.86,37.90482,-122.07011,185.696,65.284,0.0,-87,0.681,0.500,4.986
2014/09/26 10:25:33,1.81,37.90354,-122.07040,193.241,64.478,0.0,-87,0.627,0.833,5.422
2014/09/26 10:25:39,1.81,37.90226,-122.07066,196.522,64.831,0.0,-87,0.963,1.000,3.134
2014/09/26 10:25:44,2.55,37.90099,-122.07095,205.052,64.133,0.0,-87,1.006,1.458,1.333
2014/09/26 10:25:49,2.56,37.89972,-122.07121,209.318,64.365,0.0,-87,1.247,0.000,0.000
2014/09/26 10:25:54,2.56,37.89848,-122.07158,216.207,63.603,0.0,-51,1.506,0.958,3.722
2014/09/26 10:25:59,1.81,37.89737,-122.07242,220.472,64.927,0.0,-51,1.003,0.958,3.050
2014/09/26 10:26:04,1.81,37.89658,-122.07366,232.283,64.092,0.0,-51,0.772,0.958,0.910
2014/09/26 10:26:09,1.81,37.89618,-122.07519,238.845,65.288,0.0,-51,0.864,0.958,1.357
2014/09/26 10:26:14,1.82,37.89624,-122.07678,250.000,63.643,0.0,-51,2.075,1.458,2.122
2014/09/26 10:26:19,1.82,37.89664,-122.07832,267.388,64.178,0.0,-51,1.273,0.000,0.000
2014/09/26 10:26:24,1.82,37.89707,-122.07986,283.465,64.351,0.0,-51,0.670,1.458,4.217
2014/09/26 10:26:29,1.82,37.89750,-122.08140,307.087,65.150,0.0,-81,1.161,0.958,2.622
2014/09/26 10:26:34,1.82,37.89789,-122.08299,325.131,66.271,0.0,-81,0.948,1.458,2.798
2014/09/26 10:26:39,1.82,37.89814,-122.08461,341.207,65.123,0.0,-81,0.404,0.000,0.000
2014/09/26 10:26:44,1.82,37.89820,-122.08625,355.643,64.738,0.0,-81,0.914,0.500,4.590
2014/09/26 10:26:49,1.82,37.89816,-122.08791,369.423,66.389,0.0,-81,0.757,0.000,0.210
2014/09/26 10:26:54,1.82,37.89811,-122.08966,381.562,70.563,0.0,-81,1.232,0.000,0.170
2014/09/26 10:26:59,1.82,37.89807,-122.09145,386.811,69.020,0.0,-75,0.745,0.042,0.357
2014/09/26 10:27:04,1.82,37.89802,-122.09321,385.499,69.003,0.0,-75,0.930,1.417,0.749
2014/09/26 10:27:09,1.82,37.89798,-122.09493,389.764,67.507,0.0,-75,0.577,0.833,0.781
2014/09/26 10:27:14,1.83,37.89796,-122.09665,400.919,67.549,0.0,-75,1.192,1.167,0.630
2014/09/26 10:27:19,1.83,37.89783,-122.09837,402.231,67.535,0.0,-75,1.263,1.125,1.181
2014/09/26 10:27:24,1.83,37.89759,-122.10008,380.577,67.369,0.0,-75,0.874,0.958,0.841
2014/09/26 10:27:29,2.58,37.89731,-122.10176,375.656,67.373,0.0,-71,1.274,1.208,0.630
2014/09/26 10:27:34,1.83,37.89704,-122.10345,372.375,67.642,0.0,-71,1.492,1.000,1.210
2014/09/26 10:27:39,1.83,37.89676,-122.10514,373.031,68.242,0.0,-71,0.911,0.833,1.346
2014/09/26 10:27:44,1.83,37.89649,-122.10683,375.328,65.865,0.0,-71,0.849,0.000,0.854
2014/09/26 10:27:49,1.83,37.89622,-122.10848,378.609,67.599,0.0,-71,0.760,1.125,0.509
2014/09/26 10:27:54,1.83,37.89594,-122.11022,377.297,71.308,0.0,-71,0.657,1.000,1.661
2014/09/26 10:27:59,1.83,37.89567,-122.11200,381.562,70.841,0.0,-75,0.698,0.750,0.722
2014/09/26 10:28:04,1.83,37.89542,-122.11377,385.499,70.512,0.0,-75,0.521,0.708,1.665
2014/09/26 10:28:09,1.83,37.89516,-122.11546,390.092,66.013,0.0,-75,0.586,1.750,0.462
2014/09/26 10:28:14,1.83,37.89490,-122.11710,388.451,65.899,0.0,-75,0.618,1.625,0.461
2014/09/26 10:28:19,1.84,37.89462,-122.11876,388.451,67.467,0.0,-75,0.806,1.708,0.547
2014/09/26 10:28:24,1.84,37.89436,-122.12040,388.451,64.567,0.0,-75,1.191,1.583,0.630
2014/09/26 10:28:29,1.84,37.89408,-122.12199,383.858,63.583,0.0,-75,0.837,0.875,0.486
2014/09/26 10:28:34,1.84,37.89373,-122.12355,383.858,64.391,0.0,-71,1.214,1.625,0.410
2014/09/26 10:28:39,1.84,37.89334,-122.12513,380.906,64.967,0.0,-71,0.946,1.750,0.522
2014/09/26 10:28:44,1.84,37.89296,-122.12672,386.811,66.262,0.0,-71,0.525,1.625,0.817
2014/09/26 10:28:49,1.84,37.89256,-122.12833,400.591,66.924,0.0,-71,1.122,1.750,0.479
2014/09/26 10:28:54,1.84,37.89217,-122.12995,408.465,67.468,0.0,-71,1.170,1.625,0.670
2014/09/26 10:28:59,1.84,37.89177,-122.13159,424.869,68.173,0.0,-71,0.926,1.708,0.537
2014/09/26 10:29:04,2.61,37.89137,-122.13321,445.866,65.135,0.0,-85,0.659,0.000,0.397
2014/09/26 10:29:09,1.79,37.89103,-122.13481,471.129,65.728,0.0,-85,0.397,1.417,1.150
2014/09/26 10:29:14,2.56,37.89089,-122.13648,493.438,65.896,0.0,-85,0.187,0.583,1.855
2014/09/26 10:29:19,1.79,37.89104,-122.13817,494.423,67.005,0.0,-85,0.448,0.250,1.513
2014/09/26 10:29:24,1.79,37.89132,-122.13980,496.391,64.734,0.0,-85,1.051,0.667,0.426
2014/09/26 10:29:29,1.85,37.89158,-122.14143,491.470,66.927,0.0,-85,1.079,1.083,0.642
2014/09/26 10:29:34,1.79,37.89170,-122.14320,475.722,70.142,0.0,-77,1.807,1.125,0.438
2014/09/26 10:29:39,1.79,37.89160,-122.14503,457.677,72.604,0.0,-77,0.914,1.708,0.510
2014/09/26 10:29:44,1.79,37.89144,-122.14678,447.178,66.371,0.0,-77,0.843,1.333,0.746
2014/09/26 10:29:49,2.57,37.89141,-122.14843,441.929,65.678,0.0,-77,1.004,1.083,1.326
2014/09/26 10:29:54,1.8,37.89159,-122.15008,455.052,65.322,0.0,-77,0.615,0.583,1.757
2014/09/26 10:29:59,1.8,37.89183,-122.15169,477.362,63.688,0.0,-77,0.623,1.000,0.615
2014/09/26 10:30:04,1.8,37.89207,-122.15326,499.344,61.749,0.0,-89,1.812,1.875,0.485
2014/09/26 10:30:09,1.8,37.89230,-122.15481,520.669,61.168,0.0,-89,2.298,1.208,0.210
2014/09/26 10:30:14,1.8,37.89253,-122.15634,540.354,60.711,0.0,-89,1.131,0.000,0.421
2014/09/26 10:30:19,1.8,37.89278,-122.15789,562.992,62.826,0.0,-89,0.837,1.708,0.475
2014/09/26 10:30:24,1.8,37.89300,-122.15950,593.176,64.279,0.0,-89,1.164,1.875,0.522
2014/09/26 10:30:29,2.58,37.89314,-122.16114,617.782,64.482,0.0,-89,1.476,1.833,0.538
2014/09/26 10:30:34,2.58,37.89319,-122.16281,628.937,64.734,0.0,-89,1.965,1.625,0.494
2014/09/26 10:30:39,2.58,37.89314,-122.16441,642.717,62.511,0.0,-77,1.642,1.750,0.426
2014/09/26 10:30:44,1.8,37.89299,-122.16602,647.966,63.606,0.0,-77,1.547,1.708,0.590
2014/09/26 10:30:49,2.59,37.89275,-122.16764,654.199,65.939,0.0,-77,0.000,1.750,0.474
2014/09/26 10:30:54,2.59,37.89239,-122.16928,661.089,66.367,0.0,-77,2.038,1.625,0.357
2014/09/26 10:30:59,1.81,37.89195,-122.17082,654.856,63.094,0.0,-77,1.132,1.833,0.817
2014/09/26 10:31:04,2.4,37.89142,-122.17232,655.512,65.371,0.0,-77,1.124,1.625,0.394
2014/09/26 10:31:09,2.4,37.89074,-122.17375,647.310,66.695,0.0,-67,1.564,1.833,0.450
2014/09/26 10:31:14,2.93,37.88994,-122.17509,635.499,64.750,0.0,-67,1.103,1.875,0.460
2014/09/26 10:31:19,3.68,37.88903,-122.17626,621.719,64.668,0.0,-67,1.216,1.875,0.470
2014/09/26 10:31:24,2.6,37.88800,-122.17729,606.627,65.188,0.0,-67,0.799,1.833,0.479
2014/09/26 10:31:29,3.67,37.88689,-122.17818,587.270,65.025,0.0,-67,0.881,1.875,0.390
2014/09/26 10:31:34,2.77,37.88573,-122.17893,572.178,65.293,0.0,-67,1.050,1.292,1.039
2014/09/26 10:31:39,3.67,37.88456,-122.17965,561.352,63.390,0.0,-79,1.279,1.000,0.790
2014/09/26 10:31:44,2.6,37.88340,-122.18034,546.916,62.989,0.0,-79,2.144,1.167,0.686
2014/09/26 10:31:49,1.81,37.88228,-122.18113,526.575,64.398,0.0,-79,2.059,1.500,0.510
2014/09/26 10:31:54,1.81,37.88124,-122.18216,510.171,66.036,0.0,-79,1.100,0.000,0.529
2014/09/26 10:31:59,1.81,37.88028,-122.18337,498.031,67.618,0.0,-79,1.173,1.833,0.442
2014/09/26 10:32:04,1.81,37.87936,-122.18460,483.924,64.444,0.0,-79,0.882,1.708,0.487
2014/09/26 10:32:09,1.82,37.87844,-122.18575,489.501,64.139,0.0,-81,0.702,1.792,0.469
2014/09/26 10:32:14,1.87,37.87741,-122.18672,507.874,63.394,0.0,-81,1.283,1.750,0.478
2014/09/26 10:32:19,1.87,37.87629,-122.18747,531.824,63.550,0.0,-81,1.171,1.750,0.481
2014/09/26 10:32:24,1.88,37.87507,-122.18805,547.244,64.951,0.0,-81,0.915,0.000,0.162
2014/09/26 10:32:29,2.67,37.87389,-122.18870,555.446,63.841,0.0,-81,1.078,0.083,0.294
2014/09/26 10:32:34,4.25,37.87281,-122.18958,586.614,64.885,0.0,-81,1.087,1.625,0.202
2014/09/26 10:32:39,4.25,37.87188,-122.19070,595.144,61.934,0.0,-81,1.396,1.750,0.381
2014/09/26 10:32:44,4.24,37.87102,-122.19182,606.299,60.547,0.0,-75,1.190,1.750,0.346
2014/09/26 10:32:49,3.63,37.87015,-122.19296,618.110,62.601,0.0,-75,1.176,2.417,0.962
2014/09/26 10:32:54,3.62,37.86928,-122.19412,638.451,62.559,0.0,-75,0.871,0.000,1.918
2014/09/26 10:32:59,2.62,37.86843,-122.19526,658.465,62.254,0.0,-75,0.805,2.875,1.669
2014/09/26 10:33:04,2.62,37.86778,-122.19658,683.071,61.613,0.0,-75,1.606,1.917,2.222
2014/09/26 10:33:09,1.82,37.86745,-122.19808,712.270,61.790,0.0,-75,0.981,1.875,0.754
2014/09/26 10:33:14,1.82,37.86742,-122.19964,736.549,60.794,0.0,-59,0.932,1.875,1.254
2014/09/26 10:33:19,1.83,37.86742,-122.20120,761.811,61.255,0.0,-59,1.013,1.917,1.281
2014/09/26 10:33:24,2.63,37.86726,-122.20275,790.682,61.931,0.0,-59,1.583,1.875,1.642
2014/09/26 10:33:29,2.63,37.86694,-122.20422,819.226,59.731,0.0,-59,1.567,1.917,1.197
2014/09/26 10:33:34,3.6,37.86653,-122.20563,841.535,59.020,0.0,-59,1.566,0.000,2.170
2014/09/26 10:33:39,3.6,37.86610,-122.20704,864.829,60.084,0.0,-59,0.916,1.917,0.000
2014/09/26 10:33:44,4.18,37.86538,-122.20824,889.108,59.678,0.0,-105,0.810,1.250,1.469
2014/09/26 10:33:49,3.59,37.86436,-122.20902,912.073,58.799,0.0,-105,0.688,0.000,1.690
2014/09/26 10:33:54,3.59,37.86326,-122.20947,922.244,56.738,0.0,-105,0.958,1.917,2.009
2014/09/26 10:33:59,2.64,37.86220,-122.21003,925.197,57.871,0.0,-105,0.911,1.875,0.000
2014/09/26 10:34:04,3.06,37.86115,-122.21074,916.667,60.769,0.0,-105,1.216,1.917,2.577
2014/09/26 10:34:09,2.13,37.86090,-122.21087,915.682,63.556,0.0,-105,0.897,1.375,2.141
2014/09/26 10:34:14,2.13,37.86090,-122.21087,915.682,63.556,0.0,-89,1.364,1.333,1.642
2014/09/26 10:34:19,2.13,37.86090,-122.21087,915.682,63.556,0.0,-89,0.799,1.333,0.000
2014/09/26 10:34:24,2.13,37.86090,-122.21087,915.682,63.556,0.0,-89,0.983,0.000,2.678
2014/09/26 10:34:29,2.13,37.86090,-122.21087,915.682,63.556,0.0,-89,1.189,1.375,2.256
2014/09/26 10:34:34,2.13,37.86090,-122.21087,915.682,63.556,0.0,-89,1.404,1.333,2.635
2014/09/26 10:34:39,2.13,37.86090,-122.21087,915.682,63.556,0.0,-89,1.872,0.000,2.130
2014/09/26 10:34:44,2.39,37.85457,-122.22002,839.567,60.805,0.0,-89,0.944,1.333,2.805
2014/09/26 10:34:49,2.39,37.85389,-122.22131,772.966,61.662,0.0,-55,0.808,1.375,2.522
2014/09/26 10:34:54,2.16,37.85284,-122.22230,741.798,61.742,0.0,-55,1.203,1.333,2.877
2014/09/26 10:34:59,3.55,37.85159,-122.22281,716.207,64.380,0.0,-55,1.102,0.000,0.000
2014/09/26 10:35:04,2.65,37.85040,-122.22335,674.541,64.860,0.0,-55,1.693,1.375,1.438
2014/09/26 10:35:09,3.54,37.84941,-122.22439,615.486,62.583,0.0,-55,2.253,1.333,1.682
2014/09/26 10:35:14,2.39,37.84890,-122.22582,594.488,61.880,0.0,-55,1.007,2.000,1.057
2014/09/26 10:35:19,2.39,37.84884,-122.22739,555.118,62.897,0.0,-57,0.704,0.000,1.710
2014/09/26 10:35:24,1.84,37.84903,-122.22898,541.010,62.724,0.0,-57,1.211,2.042,2.981
2014/09/26 10:35:29,1.84,37.84919,-122.23057,513.451,63.608,0.0,-57,0.975,2.125,1.169
2014/09/26 10:35:34,1.85,37.84912,-122.23218,479.331,63.678,0.0,-57,0.933,2.208,1.196
2014/09/26 10:35:39,1.85,37.84897,-122.23382,445.210,65.530,0.0,-57,1.349,0.000,1.229
2014/09/26 10:35:44,1.85,37.84907,-122.23547,410.105,65.673,0.0,-57,0.938,2.167,5.250
2014/09/26 10:35:49,1.85,37.84974,-122.23714,378.281,59.227,0.0,-89,1.319,1.458,1.850
2014/09/26 10:35:54,1.91,37.85017,-122.23851,353.675,58.068,0.0,-89,0.923,0.000,0.000
2014/09/26 10:35:59,1.91,37.85018,-122.23994,328.740,56.255,0.0,-89,1.238,1.458,3.442
2014/09/26 10:36:04,1.85,37.84983,-122.24130,306.102,57.373,0.0,-89,0.736,0.708,3.438
2014/09/26 10:36:09,1.91,37.84925,-122.24260,287.730,60.303,0.0,-89,1.113,1.458,1.910
2014/09/26 10:36:14,1.85,37.84863,-122.24391,268.045,59.261,0.0,-89,1.590,0.000,3.890
2014/09/26 10:36:19,1.96,37.84813,-122.24523,241.798,55.543,0.0,-83,1.285,1.417,0.000
2014/09/26 10:36:24,1.92,37.84764,-122.24625,217.520,42.194,0.0,-83,0.963,1.458,2.838
2014/09/26 10:36:29,2.39,37.84727,-122.24691,192.257,26.718,0.0,-83,0.434,0.750,2.830
2014/09/26 10:36:34,2.93,37.84700,-122.24730,179.462,11.947,0.0,-83,0.700,0.000,3.210
2014/09/26 10:36:39,1.85,37.84693,-122.24739,172.572,3.840,0.0,-83,0.738,1.417,3.702
2014/09/26 10:36:44,1.92,37.84670,-122.24769,153.543,23.602,0.0,-83,0.684,0.000,0.000
2014/09/26 10:36:49,2.67,37.84629,-122.24841,144.685,36.857,0.0,-83,0.585,1.458,3.058
2014/09/26 10:36:54,1.86,37.84595,-122.24924,145.341,38.978,0.0,-105,0.618,0.708,3.720
2014/09/26 10:36:59,2.39,37.84560,-122.25009,140.748,36.706,0.0,-105,0.825,1.458,2.819
2014/09/26 10:37:04,1.92,37.84530,-122.25086,142.717,31.682,0.0,-105,0.686,0.000,3.842
2014/09/26 10:37:09,1.86,37.84509,-122.25145,140.092,21.441,0.0,-105,1.251,1.458,0.000
2014/09/26 10:37:14,1.86,37.84507,-122.25168,133.530,5.214,0.0,-105,0.983,1.458,3.146
2014/09/26 10:37:19,1.86,37.84523,-122.25188,131.890,14.634,0.0,-105,1.105,0.000,2.202
2014/09/26 10:37:24,1.98,37.84553,-122.25197,133.202,11.394,0.0,-65,1.018,1.417,3.470
2014/09/26 10:37:29,1.86,37.84557,-122.25211,138.451,4.925,0.0,-65,1.638,1.458,2.849
2014/09/26 10:37:34,1.86,37.84562,-122.25215,139.764,0.717,0.0,-65,1.031,0.000,1.510
2014/09/26 10:54:34,4.19,37.79936,-122.27782,69.554,56.716,0.0,-65,0.000,0.000,0.000
2014/09/26 10:54:40,4.19,37.79889,-122.27647,68.570,57.618,0.0,-65,0.000,0.000,0.000
2014/09/26 10:54:45,4.2,37.79840,-122.27514,85.630,57.640,0.0,-65,0.000,0.000,0.000
2014/09/26 10:54:50,4.2,37.79789,-122.27379,103.675,56.295,0.0,-65,0.000,0.000,0.000
2014/09/26 10:54:55,4.21,37.79759,-122.27303,114.829,55.252,0.0,-65,0.000,0.000,1.179
2014/09/26 10:55:00,4.21,37.79759,-122.27303,114.829,55.252,0.0,-69,0.073,0.083,1.398
2014/09/26 10:55:05,4.22,37.79633,-122.26954,127.953,64.596,0.0,-69,0.786,0.000,0.000
2014/09/26 10:55:10,4.23,37.79578,-122.26807,144.029,64.161,0.0,-69,0.153,0.750,0.000
2014/09/26 10:55:15,4.23,37.79520,-122.26656,139.436,67.005,0.0,-69,0.222,0.042,8.543
2014/09/26 10:55:20,4.24,37.79451,-122.26517,117.782,67.400,0.0,-69,0.737,1.375,0.198
2014/09/26 10:55:25,4.24,37.79359,-122.26394,89.895,64.340,0.0,-69,1.935,1.292,0.256
2014/09/26 10:55:30,4.25,37.79263,-122.26289,87.927,63.547,0.0,-75,1.885,0.000,0.487
2014/09/26 10:55:35,4.25,37.79167,-122.26180,108.268,63.964,0.0,-75,1.609,1.667,0.329
2014/09/26 10:55:40,4.26,37.79094,-122.26088,113.517,63.974,0.0,-75,1.170,1.750,0.502
2014/09/26 10:55:45,4.26,37.79094,-122.26088,113.517,63.974,0.0,-75,1.548,1.792,0.537
2014/09/26 10:55:50,4.27,37.78976,-122.25767,107.612,64.123,0.0,-75,1.362,1.458,0.437
2014/09/26 10:55:55,4.28,37.78952,-122.25607,78.740,64.022,0.0,-75,1.949,1.750,0.469
2014/09/26 10:56:00,4.28,37.78928,-122.25444,68.898,66.462,0.0,-75,1.894,1.625,0.233
2014/09/26 10:56:05,4.28,37.78913,-122.25349,61.680,63.288,0.0,-65,0.924,1.792,0.426
2014/09/26 10:56:10,4.29,37.78867,-122.25135,64.961,62.198,0.0,-65,1.516,1.833,0.496
2014/09/26 10:56:15,4.3,37.78828,-122.24993,77.756,59.567,0.0,-65,1.003,1.708,0.443
2014/09/26 10:56:20,4.3,37.78776,-122.24875,64.961,54.842,0.0,-65,0.670,1.167,1.848
2014/09/26 10:56:25,4.31,37.78730,-122.24751,56.430,56.704,0.0,-65,0.744,1.167,0.249
2014/09/26 10:56:30,4.32,37.78678,-122.24621,72.835,57.798,0.0,-65,0.194,0.250,5.073
2014/09/26 10:56:35,4.32,37.78611,-122.24488,89.239,64.622,0.0,-73,0.471,2.042,1.423
2014/09/26 10:56:40,4.32,37.78597,-122.24460,90.223,65.626,0.0,-73,1.105,2.625,2.281
2014/09/26 10:56:45,4.33,37.78453,-122.24213,78.084,70.267,0.0,-73,1.212,0.000,1.549
2014/09/26 10:56:50,4.34,37.78376,-122.24077,73.163,65.431,0.0,-73,1.143,2.042,3.196
2014/09/26 10:56:55,4.35,37.78286,-122.23966,62.664,60.092,0.0,-73,1.792,1.417,2.422
2014/09/26 10:57:00,4.35,37.78181,-122.23896,57.087,57.330,0.0,-73,1.241,1.375,0.000
2014/09/26 10:57:05,4.36,37.78074,-122.23858,38.714,58.491,0.0,-51,1.258,0.000,2.986
2014/09/26 10:57:10,4.36,37.77963,-122.23821,39.698,58.187,0.0,-51,1.190,1.333,3.733
2014/09/26 10:57:15,4.37,37.77900,-122.23798,42.323,54.671,0.0,-51,1.692,1.375,2.097
2014/09/26 10:57:20,4.38,37.77768,-122.23716,9.186,54.057,0.0,-51,0.949,2.000,2.728
2014/09/26 10:57:25,4.38,37.77768,-122.23716,9.186,54.057,0.0,-51,0.587,1.375,0.000
2014/09/26 10:57:30,4.39,37.77614,-122.23562,43.307,48.853,0.0,-51,0.480,0.000,4.147
2014/09/26 10:57:35,4.39,37.77555,-122.23476,52.165,43.911,0.0,-77,0.218,1.333,5.850
2014/09/26 10:57:40,4.4,37.77508,-122.23382,59.383,44.207,0.0,-77,1.133,2.083,0.888
2014/09/26 10:57:45,4.41,37.77468,-122.23270,67.257,50.914,0.0,-77,1.690,0.000,1.002
2014/09/26 10:57:50,4.41,37.77427,-122.23147,72.507,50.790,0.0,-77,1.939,2.042,1.365
2014/09/26 10:57:55,4.42,37.77390,-122.23042,85.958,37.572,0.0,-77,0.723,2.000,3.899
2014/09/26 10:58:00,4.43,37.77363,-122.22964,93.504,34.821,0.0,-77,0.000,1.542,1.511
2014/09/26 10:58:05,2.77,37.77331,-122.22872,65.617,45.273,0.0,-77,0.964,2.042,2.302
2014/09/26 10:58:10,2.78,37.77298,-122.22764,57.415,46.909,0.0,-53,1.089,2.042,1.841
2014/09/26 10:58:15,2.78,37.77264,-122.22657,46.260,41.412,0.0,-53,0.772,0.000,1.942
2014/09/26 10:58:20,2.78,37.77231,-122.22554,42.979,46.311,0.0,-53,0.748,2.000,2.223
2014/09/26 10:58:25,2.78,37.77191,-122.22449,39.042,45.661,0.0,-53,0.976,1.375,3.474
2014/09/26 10:58:30,2.78,37.77145,-122.22368,38.386,37.420,0.0,-53,0.343,2.042,0.000
2014/09/26 10:58:35,2.78,37.77097,-122.22306,41.010,34.452,0.0,-53,0.608,1.333,2.598
2014/09/26 10:58:40,2.78,37.77037,-122.22254,35.433,34.830,0.0,-93,0.569,0.000,2.717
2014/09/26 10:58:45,2.78,37.76976,-122.22207,32.808,33.954,0.0,-93,0.498,1.333,2.570
2014/09/26 10:58:50,2.79,37.76932,-122.22174,28.543,24.323,0.0,-93,1.294,1.375,2.680
2014/09/26 10:58:55,5.88,37.76904,-122.22152,19.685,21.772,0.0,-93,0.715,2.000,1.746
2014/09/26 10:59:00,5.88,37.76904,-122.22152,19.685,21.772,0.0,-93,0.985,0.000,2.506
2014/09/26 10:59:05,4.25,37.76842,-122.22121,21.325,14.011,0.0,-93,0.662,1.375,3.174
2014/09/26 10:59:10,4.26,37.76842,-122.22123,20.341,12.477,0.0,-95,1.125,1.333,0.000
2014/09/26 10:59:15,3.82,37.76845,-122.22083,19.357,5.147,0.0,-95,0.710,0.000,3.549
2014/09/26 10:59:20,2.53,37.76984,-122.21955,18.373,26.309,0.0,-95,0.835,1.375,2.786
2014/09/26 10:59:25,5.1,37.77085,-122.21877,14.436,40.332,0.0,-95,0.374,0.000,1.255
2014/09/26 10:59:30,5.1,37.77139,-122.21812,12.795,37.056,0.0,-95,0.440,1.417,3.270
2014/09/26 10:59:35,5.11,37.77177,-122.21751,10.827,32.490,0.0,-95,1.058,2.042,1.410
2014/09/26 10:59:40,2.8,37.77179,-122.21676,7.546,33.708,0.0,-93,0.885,2.042,1.082
2014/09/26 10:59:45,2.8,37.77165,-122.21620,9.514,20.363,0.0,-93,0.670,0.000,1.756
2014/09/26 10:59:50,2.8,37.77154,-122.21625,12.139,0.922,0.0,-93,1.228,2.042,2.805
2014/09/26 10:59:55,2.8,37.77150,-122.21630,12.795,0.653,0.0,-93,1.603,2.000,2.370
2014/09/26 11:00:00,2.8,37.77147,-122.21633,18.045,0.571,0.0,-93,2.321,2.042,2.834
2014/09/26 11:00:05,2.8,37.77144,-122.21636,23.950,0.516,0.0,-93,1.814,2.042,1.833
2014/09/26 11:00:10,2.8,37.77142,-122.21638,29.856,0.711,0.0,-93,1.790,2.000,1.070
2014/09/26 11:00:15,2.81,37.77142,-122.21638,35.105,0.164,0.0,-85,0.990,2.042,1.146
2014/09/26 11:00:20,2.81,37.77141,-122.21639,38.714,0.078,0.0,-85,1.781,0.000,1.121
2014/09/26 11:00:25,2.81,37.77140,-122.21639,38.714,0.464,0.0,-85,1.316,0.000,1.457
2014/09/26 11:00:30,2.81,37.77135,-122.21638,44.948,5.603,0.0,-85,1.050,0.000,0.291
2014/09/26 11:00:35,2.81,37.77110,-122.21666,43.963,18.331,0.0,-85,1.423,0.000,0.890
2014/09/26 11:00:40,2.81,37.77098,-122.21681,46.916,7.160,0.0,-85,1.401,0.042,0.246
2014/09/26 11:00:45,2.81,37.77092,-122.21688,49.541,4.063,0.0,-83,1.865,1.458,0.661
2014/09/26 11:00:50,5.16,37.77081,-122.21703,49.213,8.921,0.0,-83,1.623,2.250,0.700
2014/09/26 11:00:55,2.82,37.77080,-122.21704,47.900,1.032,0.0,-83,1.120,2.042,1.450
2014/09/26 11:01:00,2.82,37.77078,-122.21707,48.228,0.488,0.0,-83,0.933,0.000,1.190
2014/09/26 11:01:05,2.82,37.77067,-122.21703,49.869,11.237,0.0,-83,0.438,2.042,3.750
2014/09/26 11:01:10,2.82,37.77025,-122.21656,54.790,30.869,0.0,-83,0.566,1.875,1.946
2014/09/26 11:01:15,2.82,37.76972,-122.21594,58.071,35.895,0.0,-91,0.739,1.917,0.582
2014/09/26 11:01:20,2.82,37.76918,-122.21530,62.008,36.872,0.0,-91,0.567,1.000,2.818
2014/09/26 11:01:25,5.18,37.76865,-122.21467,66.601,35.536,0.0,-91,0.537,0.000,1.216
2014/09/26 11:01:30,7.01,37.76816,-122.21405,67.913,34.967,0.0,-91,0.291,0.917,3.162
2014/09/26 11:01:35,2.83,37.76765,-122.21349,68.898,31.771,0.0,-91,0.525,0.000,0.000
2014/09/26 11:01:40,2.83,37.76737,-122.21320,66.273,13.222,0.0,-91,0.989,1.417,0.000
2014/09/26 11:01:45,2.83,37.76738,-122.21310,64.304,3.269,0.0,-85,0.757,1.417,1.177
2014/09/26 11:01:50,2.83,37.76772,-122.21350,63.648,27.843,0.0,-85,1.158,1.458,0.000
2014/09/26 11:01:55,5.21,37.76816,-122.21405,63.648,32.072,0.0,-85,0.581,0.958,4.225
2014/09/26 11:02:00,5.21,37.76862,-122.21457,64.304,30.048,0.0,-85,0.643,0.000,4.282
2014/09/26 11:02:05,2.83,37.76902,-122.21504,63.976,27.525,0.0,-85,0.533,1.417,3.102
2014/09/26 11:02:10,2.84,37.76941,-122.21556,66.273,29.151,0.0,-85,0.948,1.250,0.000
2014/09/26 11:02:15,2.84,37.76979,-122.21606,65.945,26.808,0.0,-85,1.124,1.208,6.208
2014/09/26 11:02:20,2.84,37.77010,-122.21646,70.210,20.806,0.0,-87,0.666,0.000,0.000
2014/09/26 11:02:25,2.84,37.77031,-122.21675,73.491,13.785,0.0,-87,0.540,1.208,4.450
2014/09/26 11:02:30,2.84,37.77039,-122.21686,74.475,3.396,0.0,-87,0.559,1.250,2.490
2014/09/26 11:02:35,2.84,37.77039,-122.21686,73.819,0.337,0.0,-87,1.210,0.000,2.138
2014/09/26 11:02:40,2.84,37.77039,-122.21686,72.507,0.399,0.0,-87,0.840,1.375,0.000
2014/09/26 11:02:45,2.84,37.77038,-122.21687,71.194,0.037,0.0,-87,0.720,0.625,6.030
2014/09/26 11:02:50,2.85,37.77039,-122.21686,70.866,0.156,0.0,-89,1.091,0.000,4.549
2014/09/26 11:02:55,2.85,37.77039,-122.21686,70.866,0.271,0.0,-89,1.571,1.167,0.000
2014/09/26 11:03:00,2.85,37.77046,-122.21693,69.882,6.859,0.0,-89,0.676,1.208,3.368
2014/09/26 11:03:05,2.85,37.77056,-122.21706,70.210,4.900,0.0,-89,0.462,0.000,3.045
2014/09/26 11:03:10,2.85,37.77057,-122.21709,70.210,1.526,0.0,-89,0.000,0.000,1.047
2014/09/26 11:03:15,2.85,37.77057,-122.21712,68.898,0.935,0.0,-89,0.371,1.250,0.334
2014/09/26 11:03:20,2.85,37.77058,-122.21722,64.304,6.966,0.0,-83,0.840,1.250,0.998
2014/09/26 11:03:25,2.86,37.77031,-122.21767,56.759,26.960,0.0,-83,0.354,0.583,0.951
2014/09/26 11:03:30,2.86,37.76990,-122.21822,55.446,31.635,0.0,-83,0.564,0.000,0.907
2014/09/26 11:03:35,3.01,37.76947,-122.21881,53.150,31.959,0.0,-83,0.565,1.833,1.048
2014/09/26 11:03:40,2.86,37.76907,-122.21930,52.822,27.733,0.0,-83,0.999,1.833,1.389
2014/09/26 11:03:45,2.86,37.76878,-122.21966,52.165,21.213,0.0,-83,0.720,0.583,3.669
2014/09/26 11:03:50,2.86,37.76875,-122.21984,50.197,8.258,0.0,-89,1.324,1.292,1.294
2014/09/26 11:03:55,4.94,37.76878,-122.21988,46.588,2.457,0.0,-89,0.804,0.000,0.000
2014/09/26 11:04:00,2.96,37.76879,-122.21984,48.556,0.042,0.0,-89,0.296,0.625,9.949
2014/09/26 11:04:05,3.01,37.76876,-122.21977,47.572,1.294,0.0,-89,0.741,1.792,2.222
2014/09/26 11:04:10,4.96,37.76877,-122.21979,47.572,0.601,0.0,-89,1.770,0.000,0.000
2014/09/26 11:04:15,2.96,37.76878,-122.21981,47.572,1.308,0.0,-89,1.184,2.458,3.778
2014/09/26 11:04:20,2.96,37.76879,-122.21978,47.572,0.819,0.0,-89,1.355,0.917,3.902
2014/09/26 11:04:25,5.33,37.76880,-122.21976,47.572,0.908,0.0,-83,1.027,2.708,3.677
2014/09/26 11:04:30,2.97,37.76882,-122.21980,47.572,2.192,0.0,-83,0.905,0.000,0.000
2014/09/26 11:04:35,2.88,37.76878,-122.21975,47.572,0.444,0.0,-83,0.838,1.792,6.949
2014/09/26 11:04:40,2.88,37.76877,-122.21973,47.572,0.649,0.0,-83,1.276,0.000,1.142
2014/09/26 11:04:45,2.88,37.76876,-122.21973,47.572,0.281,0.0,-83,1.169,2.083,1.265
2014/09/26 11:04:50,2.88,37.76877,-122.21972,47.572,0.418,0.0,-83,1.065,1.792,2.786
2014/09/26 11:04:55,5.04,37.76880,-122.21975,48.228,1.872,0.0,-89,0.663,0.000,2.059
2014/09/26 11:05:00,5.05,37.76883,-122.21977,48.556,1.531,0.0,-89,0.723,1.792,0.000
2014/09/26 11:05:05,5.06,37.76883,-122.21977,49.213,0.684,0.0,-89,0.781,0.000,5.045
2014/09/26 11:05:10,5.37,37.76885,-122.21982,49.869,1.435,0.0,-89,1.022,1.792,0.000
2014/09/26 11:05:15,5.38,37.76882,-122.21976,50.525,2.055,0.0,-89,1.808,0.875,5.702
2014/09/26 11:05:20,2.99,37.76874,-122.21966,49.213,4.838,0.0,-89,1.705,2.333,2.611
2014/09/26 11:05:25,3.01,37.76873,-122.21969,49.213,1.353,0.0,-87,1.898,0.000,1.458
2014/09/26 11:05:30,3.01,37.76874,-122.21970,49.213,0.761,0.0,-87,1.152,1.792,1.449
2014/09/26 11:05:35,2.99,37.76892,-122.21998,49.213,6.427,0.0,-87,0.485,1.792,1.402
2014/09/26 11:05:40,2.89,37.77002,-122.22094,49.213,27.283,0.0,-87,1.244,0.875,1.012
2014/09/26 11:05:45,5.41,37.77049,-122.22153,48.885,29.287,0.0,-87,0.504,0.000,1.030
2014/09/26 11:05:50,5.41,37.77083,-122.22204,48.885,25.219,0.0,-87,1.137,0.917,0.750
2014/09/26 11:05:55,2.9,37.77117,-122.22257,49.213,23.302,0.0,-85,1.246,1.167,1.830
2014/09/26 11:06:00,2.9,37.77144,-122.22292,50.197,14.954,0.0,-85,1.955,1.792,1.250
2014/09/26 11:06:05,2.9,37.77154,-122.22310,51.181,7.604,0.0,-85,1.142,1.792,2.328
2014/09/26 11:06:10,2.9,37.77162,-122.22323,52.493,7.394,0.0,-85,1.183,0.000,3.863
2014/09/26 11:06:15,2.9,37.77171,-122.22342,53.478,9.145,0.0,-85,0.661,1.792,0.000
2014/09/26 11:06:20,2.91,37.77184,-122.22366,53.806,11.704,0.0,-85,0.817,0.917,0.853
2014/09/26 11:06:25,2.91,37.77197,-122.22397,53.150,13.617,0.0,-85,0.838,2.125,1.194
2014/09/26 11:06:30,2.91,37.77210,-122.22431,52.822,15.241,0.0,-85,0.451,0.000,3.058
2014/09/26 11:06:35,2.91,37.77228,-122.22476,52.493,22.109,0.0,-85,0.983,0.875,2.109
2014/09/26 11:06:40,2.91,37.77246,-122.22525,52.822,20.735,0.0,-85,1.513,1.792,1.446
2014/09/26 11:06:45,2.91,37.77264,-122.22577,55.118,23.388,0.0,-85,0.540,0.000,1.242
2014/09/26 11:06:50,2.91,37.77286,-122.22638,57.743,28.367,0.0,-85,0.632,1.875,0.312
2014/09/26 11:06:55,2.92,37.77312,-122.22715,62.664,34.423,0.0,-85,0.544,0.000,1.778
2014/09/26 11:07:00,2.92,37.77341,-122.22808,64.961,42.015,0.0,-81,0.715,1.833,1.676
2014/09/26 11:07:05,2.92,37.77376,-122.22909,65.945,43.167,0.0,-81,1.332,1.792,0.000
2014/09/26 11:07:10,2.92,37.77410,-122.23012,61.352,45.803,0.0,-81,0.878,1.792,3.130
2014/09/26 11:07:15,2.92,37.77447,-122.23125,57.415,50.154,0.0,-81,0.412,0.000,2.490
2014/09/26 11:07:20,2.92,37.77487,-122.23248,54.134,52.227,0.0,-81,0.501,0.000,4.350
2014/09/26 11:07:25,2.92,37.77530,-122.23370,50.197,53.801,0.0,-81,1.504,0.000,0.186
2014/09/26 11:07:30,2.93,37.77589,-122.23491,48.228,56.167,0.0,-65,1.478,0.083,0.301
2014/09/26 11:07:35,2.93,37.77656,-122.23602,47.900,54.489,0.0,-65,1.360,1.667,0.285
2014/09/26 11:07:40,2.93,37.77724,-122.23680,44.291,40.588,0.0,-65,0.424,1.375,0.939
2014/09/26 11:07:45,2.93,37.77778,-122.23717,51.837,27.650,0.0,-65,0.619,1.000,0.538
2014/09/26 11:07:50,10.04,37.77828,-122.23739,53.806,25.814,0.0,-65,0.599,1.625,0.509
2014/09/26 11:07:55,10.04,37.77828,-122.23739,53.806,25.814,0.0,-65,1.162,1.708,0.537
2014/09/26 11:08:00,2.59,37.77882,-122.23764,53.806,24.214,0.0,-71,1.202,1.625,0.585
2014/09/26 11:08:05,2.94,37.77970,-122.23752,51.181,24.586,0.0,-71,1.610,1.500,0.742
2014/09/26 11:08:10,2.94,37.78003,-122.23743,43.963,19.602,0.0,-71,1.856,1.708,0.490
2014/09/26 11:08:15,2.94,37.78040,-122.23748,33.136,20.067,0.0,-71,1.182,0.000,0.494
2014/09/26 11:08:20,2.94,37.78074,-122.23771,21.325,21.688,0.0,-71,0.943,1.875,0.661
2014/09/26 11:08:25,2.94,37.78106,-122.23799,8.202,21.320,0.0,-71,0.887,1.208,0.975
2014/09/26 11:08:30,2.95,37.78138,-122.23820,-9.186,19.607,0.0,-71,0.427,0.833,0.717
2014/09/26 11:08:35,2.95,37.78172,-122.23840,-25.262,20.209,0.0,-61,0.713,0.500,3.348
2014/09/26 11:08:40,2.35,37.78213,-122.23876,-25.919,28.352,0.0,-61,1.629,1.667,0.473
2014/09/26 11:08:45,2.35,37.78266,-122.23919,-14.764,30.779,0.0,-61,1.447,1.875,0.545
2014/09/26 11:08:50,2.35,37.78317,-122.23973,-3.609,33.155,0.0,-61,2.134,1.750,0.436
2014/09/26 11:08:55,2.35,37.78364,-122.24035,5.577,31.820,0.0,-61,1.430,1.833,0.470
2014/09/26 11:09:00,2.35,37.78406,-122.24102,3.281,33.268,0.0,-61,0.000,0.000,0.617
2014/09/26 11:09:05,2.35,37.78446,-122.24171,3.609,33.965,0.0,-51,1.349,1.208,2.486
2014/09/26 11:09:10,2.35,37.78489,-122.24250,6.890,38.016,0.0,-51,0.756,1.625,0.556
2014/09/26 11:09:15,2.35,37.78533,-122.24333,11.155,40.562,0.0,-51,0.946,1.500,0.561
2014/09/26 11:09:20,2.35,37.78582,-122.24423,12.795,43.087,0.0,-51,0.775,1.667,0.497
2014/09/26 11:09:25,2.35,37.78631,-122.24515,16.076,43.322,0.0,-51,0.838,1.708,0.458
2014/09/26 11:09:30,2.36,37.78678,-122.24608,19.357,44.161,0.0,-51,0.939,1.750,0.460
2014/09/26 11:09:35,2.36,37.78722,-122.24706,23.622,44.170,0.0,-73,1.832,1.417,0.393
2014/09/26 11:09:40,2.36,37.78762,-122.24810,27.559,45.811,0.0,-73,0.985,1.333,0.000
2014/09/26 11:09:45,2.36,37.78803,-122.24915,31.824,46.426,0.0,-73,0.342,1.167,0.000
2014/09/26 11:09:50,2.36,37.78841,-122.25031,32.152,48.138,0.0,-73,0.473,1.750,0.000
2014/09/26 11:09:55,2.36,37.78873,-122.25146,35.433,48.673,0.0,-73,0.628,0.000,2.736
2014/09/26 11:10:00,2.36,37.78904,-122.25265,35.433,49.615,0.0,-73,0.733,1.917,1.273
2014/09/26 11:10:05,2.36,37.78929,-122.25384,34.777,48.610,0.0,-65,1.781,2.500,0.906
2014/09/26 11:10:10,2.36,37.78953,-122.25504,29.199,47.948,0.0,-65,0.950,2.042,1.518
2014/09/26 11:10:15,2.36,37.78975,-122.25624,34.777,49.204,0.0,-65,1.284,2.042,0.000
2014/09/26 11:10:20,2.36,37.78997,-122.25745,31.824,46.924,0.0,-65,1.071,1.875,1.341
2014/09/26 11:10:25,2.36,37.79016,-122.25854,38.058,42.261,0.0,-65,1.723,1.958,1.786
2014/09/26 11:10:30,2.37,37.79049,-122.25960,44.291,45.742,0.0,-65,1.496,0.000,1.732
2014/09/26 11:10:35,2.37,37.79098,-122.26057,47.900,45.413,0.0,-65,1.125,1.958,1.798
2014/09/26 11:10:40,2.37,37.79156,-122.26141,51.837,43.625,0.0,-57,1.020,2.000,2.394
2014/09/26 11:10:45,2.37,37.79220,-122.26216,42.979,42.612,0.0,-57,1.545,1.958,1.650
2014/09/26 11:10:50,2.37,37.79287,-122.26292,29.199,45.354,0.0,-57,1.079,1.958,3.102
2014/09/26 11:10:55,2.37,37.79357,-122.26367,24.934,45.731,0.0,-57,0.614,1.333,1.230
2014/09/26 11:11:00,1.99,37.79422,-122.26438,16.076,40.478,0.0,-57,1.039,2.000,2.065
2014/09/26 11:11:05,1.99,37.79478,-122.26512,15.748,40.001,0.0,-57,0.983,1.333,0.000
2014/09/26 11:11:10,1.99,37.79523,-122.26589,22.310,34.805,0.0,-83,0.324,1.333,0.517
2014/09/26 11:11:15,1.99,37.79558,-122.26654,31.168,28.240,0.0,-83,0.281,0.000,0.000
2014/09/26 11:11:20,1.99,37.79583,-122.26713,38.058,23.204,0.0,-83,0.241,0.708,0.601
2014/09/26 11:11:25,1.99,37.79595,-122.26740,39.698,3.423,0.0,-83,0.944,1.958,0.646
2014/09/26 11:11:30,1.99,37.79598,-122.26748,39.698,6.184,0.0,-83,0.736,0.000,0.000
2014/09/26 11:11:35,1.99,37.79592,-122.26751,54.462,0.843,0.0,-83,0.698,1.958,5.662
2014/09/26 11:11:40,5.83,37.79591,-122.26748,80.709,1.684,0.0,-77,1.015,1.958,1.426
2014/09/26 11:11:45,5.84,37.79591,-122.26746,79.068,1.076,0.0,-77,0.365,0.000,0.000
2014/09/26 11:11:50,5.85,37.79592,-122.26745,89.895,1.869,0.0,-77,0.343,1.333,5.136
2014/09/26 11:11:55,2.28,37.79595,-122.26743,93.832,3.669,0.0,-77,0.279,0.000,0.000
2014/09/26 11:12:00,2.28,37.79590,-122.26742,78.412,1.284,0.0,-77,0.493,0.667,7.507
2014/09/26 11:12:05,2.62,37.79605,-122.26741,106.627,1.438,0.0,-77,1.813,1.292,3.157
2014/09/26 11:12:10,2.62,37.79615,-122.26741,127.625,1.234,0.0,-81,1.634,0.000,0.000
2014/09/26 11:12:15,8.22,37.79617,-122.26741,123.688,1.222,0.0,-81,1.283,1.333,2.858
2014/09/26 11:12:20,8.19,37.79618,-122.26741,123.031,0.493,0.0,-81,1.041,1.292,2.062
2014/09/26 11:12:25,2.29,37.79611,-122.26743,122.047,1.127,0.0,-81,0.783,0.000,2.434
2014/09/26 11:12:30,2.62,37.79607,-122.26745,120.079,1.174,0.0,-81,0.420,0.000,0.000
2014/09/26 11:12:35,4.21,37.79603,-122.26742,118.438,1.508,0.0,-81,0.278,0.000,0.000
2014/09/26 11:12:40,4.21,37.79598,-122.26739,117.126,1.543,0.0,-81,0.285,0.000,0.000
2014/09/26 11:12:45,4.57,37.79594,-122.26738,116.142,0.406,0.0,-81,0.628,0.000,0.000
2014/09/26 11:12:50,2.01,37.79598,-122.26741,118.438,0.362,0.0,-81,0.222,0.000,0.000
2014/09/26 11:12:55,2.01,37.79602,-122.26734,123.031,4.493,0.0,-81,0.449,0.000,3.997
2014/09/26 11:13:00,2.01,37.79589,-122.26710,120.407,12.326,0.0,-81,1.670,0.083,0.170
2014/09/26 11:13:05,2.01,37.79576,-122.26683,119.751,11.181,0.0,-81,1.070,0.000,0.286
2014/09/26 11:13:10,2.02,37.79570,-122.26669,120.079,3.899,0.0,-81,1.244,1.750,0.737
