Date-Time,DOP,Latitude,Longitude,Altitude (ft),Speed (mph),Heading (deg),mod1 SS (dBm),mod1 Down (Mbs),mod1 Up (Mbs),mod1 Ping (Sec)
2014/09/16 11:04:36,5.02,37.80236,-122.29866,-45.604,60.316,0.0,-79,0.000,0.000,0.000
2014/09/16 11:04:41,5.02,37.80279,-122.29997,28.215,56.325,0.0,-79,0.000,0.000,0.000
2014/09/16 11:04:46,4.73,37.80338,-122.30111,67.913,52.168,0.0,-79,0.000,0.000,0.000
2014/09/16 11:04:51,4.73,37.80411,-122.30216,85.302,55.810,0.0,-77,0.000,0.000,0.000
2014/09/16 11:04:56,4.72,37.80510,-122.30315,89.567,64.689,0.0,-77,0.000,0.000,1.722
2014/09/16 11:05:01,4.72,37.80621,-122.30390,62.992,62.496,0.0,-77,0.000,0.000,0.173
2014/09/16 11:05:06,4.72,37.80740,-122.30436,59.711,61.687,0.0,-77,0.105,0.125,0.217
2014/09/16 11:05:11,4.71,37.80867,-122.30452,57.415,62.578,0.0,-77,1.956,0.833,0.493
2014/09/16 11:05:16,4.71,37.80990,-122.30437,54.790,61.999,0.0,-77,2.260,0.500,0.202
2014/09/16 11:05:21,4.71,37.81107,-122.30393,42.979,61.938,0.0,-61,3.106,0.667,0.197
2014/09/16 11:05:26,4.71,37.81217,-122.30320,45.276,61.701,0.0,-61,3.474,0.875,0.181
2014/09/16 11:05:31,4.7,37.81315,-122.30221,40.354,63.108,0.0,-61,3.279,0.958,0.177
2014/09/16 11:05:36,2.52,37.81400,-122.30103,39.042,62.739,0.0,-61,2.327,0.417,0.153
2014/09/16 11:05:41,2.52,37.81482,-122.29986,41.339,60.958,0.0,-61,1.804,1.125,0.566
2014/09/16 11:05:46,2.52,37.81559,-122.29866,53.150,60.010,0.0,-61,0.606,0.458,2.747
2014/09/16 11:05:51,2.52,37.81637,-122.29754,56.759,56.228,0.0,-61,0.882,0.542,0.196
2014/09/16 11:05:56,2.52,37.81718,-122.29653,81.037,55.788,0.0,-91,1.237,0.000,0.322
2014/09/16 11:06:01,2.53,37.81804,-122.29561,77.100,56.836,0.0,-91,0.632,1.500,1.441
2014/09/16 11:06:06,2.63,37.81897,-122.29478,80.709,56.092,0.0,-91,0.420,0.625,2.156
2014/09/16 11:06:11,2.63,37.81993,-122.29399,83.333,58.736,0.0,-91,0.366,0.542,1.734
2014/09/16 11:06:16,2.53,37.82094,-122.29315,84.318,60.930,0.0,-91,0.448,0.583,3.520
2014/09/16 11:06:21,2.53,37.82198,-122.29236,84.646,59.535,0.0,-91,0.403,0.000,1.676
2014/09/16 11:06:26,2.53,37.82305,-122.29168,86.942,59.249,0.0,-77,0.497,0.958,0.609
2014/09/16 11:06:31,2.32,37.82412,-122.29114,97.441,56.365,0.0,-77,1.309,0.500,0.508
2014/09/16 11:06:36,1.8,37.82521,-122.29072,109.580,56.790,0.0,-77,1.095,1.250,0.722
2014/09/16 11:06:41,1.8,37.82633,-122.29075,117.782,55.413,0.0,-77,0.651,1.000,0.625
2014/09/16 11:06:46,1.81,37.82737,-122.29126,123.688,55.825,0.0,-77,0.290,0.958,2.810
2014/09/16 11:06:51,1.81,37.82824,-122.29214,125.328,56.025,0.0,-77,0.273,0.000,0.000
2014/09/16 11:06:56,1.81,37.82917,-122.29295,127.625,56.834,0.0,-65,0.388,0.583,0.000
2014/09/16 11:07:01,1.81,37.83034,-122.29327,125.328,59.027,0.0,-65,0.331,0.625,1.035
2014/09/16 11:07:06,1.81,37.83151,-122.29346,113.517,60.305,0.0,-65,0.000,0.708,0.000
2014/09/16 11:07:11,1.81,37.83272,-122.29378,97.769,62.603,0.0,-65,0.000,0.125,0.000
2014/09/16 11:07:16,1.81,37.83392,-122.29444,83.005,66.478,0.0,-65,0.000,0.833,0.000
2014/09/16 11:07:21,1.81,37.83513,-122.29514,76.115,66.041,0.0,-65,0.000,2.333,0.905
2014/09/16 11:07:26,1.81,37.83636,-122.29578,71.522,67.084,0.0,-79,0.000,0.000,3.233
2014/09/16 11:07:31,1.81,37.83763,-122.29635,72.507,67.446,0.0,-79,0.000,1.833,1.666
2014/09/16 11:07:36,1.81,37.83893,-122.29669,54.134,65.807,0.0,-79,0.006,1.542,1.658
2014/09/16 11:07:41,1.81,37.84022,-122.29690,38.714,64.060,0.0,-79,0.813,1.000,1.897
2014/09/16 11:07:46,1.81,37.84150,-122.29717,29.856,64.523,0.0,-79,1.965,2.625,0.870
2014/09/16 11:07:51,1.82,37.84276,-122.29746,28.215,63.409,0.0,-79,0.856,0.000,0.606
2014/09/16 11:07:56,1.82,37.84400,-122.29774,32.480,61.486,0.0,-79,1.193,1.500,0.685
2014/09/16 11:08:01,1.82,37.84523,-122.29801,34.121,62.344,0.0,-69,1.820,1.500,0.406
2014/09/16 11:08:06,1.82,37.84648,-122.29829,32.808,63.704,0.0,-69,1.231,1.542,0.217
2014/09/16 11:08:11,1.82,37.84772,-122.29861,38.058,62.436,0.0,-69,0.753,1.042,1.414
2014/09/16 11:08:16,1.82,37.84897,-122.29889,45.932,62.289,0.0,-69,0.529,0.000,1.277
2014/09/16 11:08:21,1.82,37.85021,-122.29916,47.900,62.556,0.0,-69,0.104,1.500,2.309
2014/09/16 11:08:26,1.82,37.85146,-122.29945,53.478,63.174,0.0,-69,0.218,1.000,0.409
2014/09/16 11:08:31,1.82,37.85269,-122.29977,53.478,62.024,0.0,-83,1.112,0.000,1.470
2014/09/16 11:08:36,1.82,37.85389,-122.30010,52.493,60.691,0.0,-83,1.195,2.042,2.721
2014/09/16 11:08:41,1.82,37.85508,-122.30043,51.181,61.568,0.0,-83,0.562,2.125,0.000
2014/09/16 11:08:46,1.82,37.85630,-122.30077,49.869,62.597,0.0,-83,0.836,0.000,2.070
2014/09/16 11:08:51,1.82,37.85754,-122.30111,48.228,63.275,0.0,-83,1.493,2.500,2.365
2014/09/16 11:08:56,1.83,37.85880,-122.30146,48.556,64.715,0.0,-83,1.161,1.875,2.469
2014/09/16 11:09:01,2.9,37.86009,-122.30182,50.525,66.133,0.0,-75,1.763,1.875,2.266
2014/09/16 11:09:06,1.83,37.86139,-122.30219,50.197,66.290,0.0,-75,1.003,0.000,2.879
2014/09/16 11:09:11,1.83,37.86269,-122.30256,48.556,66.424,0.0,-75,0.979,1.917,3.241
2014/09/16 11:09:16,1.83,37.86400,-122.30292,48.556,66.610,0.0,-75,1.107,1.250,2.009
2014/09/16 11:09:21,1.83,37.86530,-122.30328,49.213,65.712,0.0,-75,0.925,1.917,1.189
2014/09/16 11:09:26,2.59,37.86659,-122.30366,46.260,66.419,0.0,-75,0.604,0.000,1.375
2014/09/16 11:09:31,1.83,37.86789,-122.30405,45.932,66.783,0.0,-63,0.431,1.250,1.601
2014/09/16 11:09:36,1.83,37.86920,-122.30445,46.588,67.348,0.0,-63,1.392,1.917,1.229
2014/09/16 11:09:41,1.83,37.87050,-122.30485,45.276,65.139,0.0,-63,1.683,1.833,1.369
2014/09/16 11:09:46,1.83,37.87178,-122.30525,45.604,66.578,0.0,-63,1.478,1.917,0.000
2014/09/16 11:09:51,1.83,37.87308,-122.30565,49.213,65.427,0.0,-63,0.878,1.208,0.978
2014/09/16 11:09:56,1.84,37.87435,-122.30604,50.525,65.346,0.0,-63,0.748,2.000,1.089
2014/09/16 11:10:01,1.84,37.87565,-122.30644,53.150,67.766,0.0,-63,0.888,1.875,1.610
2014/09/16 11:10:06,1.84,37.87697,-122.30685,58.727,68.640,0.0,-59,1.361,0.000,2.162
2014/09/16 11:10:11,1.84,37.87830,-122.30725,62.336,66.634,0.0,-59,1.025,1.875,1.766
2014/09/16 11:10:16,2.92,37.87964,-122.30756,56.759,67.982,0.0,-59,1.590,1.875,1.974
2014/09/16 11:10:21,1.84,37.88099,-122.30786,48.228,67.307,0.0,-59,0.498,1.208,1.490
2014/09/16 11:10:26,2.92,37.88234,-122.30817,43.307,68.210,0.0,-59,0.833,1.917,1.148
2014/09/16 11:10:31,1.84,37.88371,-122.30848,50.525,68.349,0.0,-59,1.223,1.875,1.365
2014/09/16 11:10:36,1.84,37.88506,-122.30877,41.667,68.085,0.0,-55,1.498,0.000,2.000
2014/09/16 11:10:41,1.84,37.88641,-122.30902,52.165,67.616,0.0,-55,1.416,1.875,2.568
2014/09/16 11:10:46,1.93,37.88774,-122.30900,63.648,63.808,0.0,-55,1.410,1.875,1.686
2014/09/16 11:10:51,1.84,37.88897,-122.30867,75.787,62.168,0.0,-55,1.779,1.833,1.057
2014/09/16 11:10:56,1.84,37.89012,-122.30811,78.740,61.173,0.0,-55,2.080,1.875,1.213
2014/09/16 11:11:01,1.85,37.89129,-122.30757,79.068,62.247,0.0,-55,0.814,0.000,0.000
2014/09/16 11:11:06,1.85,37.89252,-122.30735,75.459,62.154,0.0,-87,0.199,1.292,4.873
2014/09/16 11:11:11,3.67,37.89379,-122.30751,73.163,64.949,0.0,-87,0.653,1.417,0.630
2014/09/16 11:11:16,2.93,37.89502,-122.30800,66.601,64.469,0.0,-87,0.871,1.875,0.974
2014/09/16 11:11:21,2.93,37.89624,-122.30851,57.743,64.964,0.0,-87,0.707,1.875,2.196
2014/09/16 11:11:26,2.93,37.89748,-122.30901,48.885,66.522,0.0,-87,0.708,0.000,1.650
2014/09/16 11:11:31,2.93,37.89876,-122.30953,48.885,66.830,0.0,-87,0.489,0.000,0.598
2014/09/16 11:11:36,1.85,37.90001,-122.31012,62.992,66.598,0.0,-73,1.288,0.000,0.313
2014/09/16 11:11:41,1.85,37.90117,-122.31090,64.304,65.240,0.0,-73,0.629,0.042,1.189
2014/09/16 11:11:46,1.85,37.90233,-122.31169,71.522,65.484,0.0,-73,0.856,0.958,0.282
2014/09/16 11:11:51,1.85,37.90347,-122.31246,74.147,63.796,0.0,-73,0.665,1.833,0.675
2014/09/16 11:11:56,1.85,37.90461,-122.31325,72.178,64.373,0.0,-73,0.589,1.458,0.537
2014/09/16 11:12:01,1.86,37.90574,-122.31402,59.711,64.684,0.0,-73,0.440,0.708,1.821
2014/09/16 11:12:06,1.86,37.90690,-122.31482,46.260,67.181,0.0,-73,0.284,0.000,0.958
2014/09/16 11:12:11,1.86,37.90810,-122.31565,45.276,68.364,0.0,-93,0.449,0.500,0.762
2014/09/16 11:12:16,1.86,37.90929,-122.31646,53.150,65.020,0.0,-93,0.371,0.542,1.218
2014/09/16 11:12:21,1.86,37.91049,-122.31709,58.727,64.820,0.0,-93,0.190,0.000,0.000
2014/09/16 11:12:26,1.86,37.91177,-122.31737,55.446,63.976,0.0,-93,0.102,0.000,6.642
2014/09/16 11:12:31,1.86,37.91308,-122.31739,48.556,64.790,0.0,-93,0.041,0.292,2.552
2014/09/16 11:12:36,2.93,37.91441,-122.31739,52.165,63.647,0.0,-93,0.289,0.000,0.000
2014/09/16 11:12:41,1.86,37.91570,-122.31740,53.806,63.133,0.0,-89,0.207,0.292,0.000
2014/09/16 11:12:46,1.86,37.91698,-122.31740,61.352,64.103,0.0,-89,0.231,0.000,0.000
2014/09/16 11:12:51,1.86,37.91830,-122.31741,66.601,66.256,0.0,-89,0.285,0.125,0.000
2014/09/16 11:12:56,1.86,37.91964,-122.31747,75.787,66.740,0.0,-89,0.485,0.125,0.000
2014/09/16 11:13:01,1.87,37.92092,-122.31782,77.428,65.246,0.0,-89,0.197,0.000,0.000
2014/09/16 11:13:06,1.87,37.92213,-122.31844,66.601,65.419,0.0,-89,0.382,0.000,0.000
2014/09/16 11:13:11,1.87,37.92327,-122.31918,68.241,63.431,0.0,-51,0.275,0.292,0.000
2014/09/16 11:13:16,1.87,37.92441,-122.31994,76.115,64.887,0.0,-51,0.267,0.000,0.000
2014/09/16 11:13:21,1.87,37.92556,-122.32072,86.614,65.107,0.0,-51,0.254,0.167,0.000
2014/09/16 11:13:26,1.97,37.92668,-122.32150,89.895,63.824,0.0,-51,0.434,0.000,0.000
2014/09/16 11:13:31,1.97,37.92782,-122.32231,87.270,66.581,0.0,-51,0.468,0.000,0.000
2014/09/16 11:13:36,1.87,37.92897,-122.32318,90.551,67.632,0.0,-51,0.000,0.375,0.000
2014/09/16 11:13:41,1.87,37.93012,-122.32405,102.034,65.605,0.0,-63,0.239,0.000,0.000
2014/09/16 11:13:46,1.87,37.93122,-122.32485,117.126,61.810,0.0,-63,0.114,0.000,0.000
2014/09/16 11:13:51,1.87,37.93230,-122.32560,127.297,60.375,0.0,-63,0.306,0.000,0.000
2014/09/16 11:13:56,1.98,37.93335,-122.32630,136.811,59.469,0.0,-63,0.117,0.000,0.000
2014/09/16 11:14:01,1.88,37.93445,-122.32673,132.874,55.993,0.0,-63,0.254,0.000,0.000
2014/09/16 11:14:06,1.88,37.93557,-122.32675,129.265,55.496,0.0,-63,0.244,0.000,0.000
2014/09/16 11:14:11,1.88,37.93661,-122.32640,130.577,52.262,0.0,-63,0.200,0.000,0.000
2014/09/16 11:14:16,1.88,37.93768,-122.32589,123.031,61.639,0.0,-65,0.481,0.000,0.000
2014/09/16 11:14:21,1.88,37.93890,-122.32527,114.173,67.975,0.0,-65,0.171,0.000,0.000
2014/09/16 11:14:26,1.88,37.94014,-122.32463,108.924,65.160,0.0,-65,0.286,0.000,0.000
2014/09/16 11:14:31,1.88,37.94136,-122.32403,101.378,63.062,0.0,-65,0.301,0.000,0.821
2014/09/16 11:14:36,1.88,37.94261,-122.32371,93.832,64.431,0.0,-65,0.895,0.000,0.278
2014/09/16 11:14:41,1.88,37.94392,-122.32379,90.223,65.544,0.0,-65,0.621,0.042,1.489
2014/09/16 11:14:46,1.88,37.94514,-122.32425,91.535,63.968,0.0,-85,2.009,0.833,0.830
2014/09/16 11:14:51,2.94,37.94633,-122.32484,104.331,64.594,0.0,-85,0.817,1.042,0.589
2014/09/16 11:14:56,2.94,37.94754,-122.32543,114.501,65.513,0.0,-85,0.775,1.125,1.124
2014/09/16 11:15:01,1.88,37.94877,-122.32602,126.312,66.272,0.0,-85,0.574,1.750,0.000
2014/09/16 11:15:06,1.89,37.94996,-122.32661,135.499,63.685,0.0,-85,0.409,0.917,0.700
2014/09/16 11:15:11,1.89,37.95113,-122.32719,155.512,60.842,0.0,-85,0.990,1.583,1.669
2014/09/16 11:15:16,1.89,37.95224,-122.32772,169.291,57.941,0.0,-81,0.741,1.583,1.298
2014/09/16 11:15:21,1.89,37.95334,-122.32830,164.042,62.096,0.0,-81,1.032,1.625,1.330
2014/09/16 11:15:26,1.89,37.95450,-122.32898,151.903,64.554,0.0,-81,1.709,0.000,1.641
2014/09/16 11:15:31,1.89,37.95567,-122.32967,147.966,64.413,0.0,-81,1.511,2.208,1.369
2014/09/16 11:15:36,1.89,37.95682,-122.33031,145.997,63.302,0.0,-81,0.869,2.000,0.956
2014/09/16 11:15:41,1.89,37.95811,-122.33065,139.436,66.703,0.0,-81,0.997,2.000,1.642
2014/09/16 11:15:46,1.89,37.95947,-122.33057,133.858,66.514,0.0,-87,1.503,1.542,1.529
2014/09/16 11:15:51,1.89,37.96077,-122.33011,123.360,67.860,0.0,-87,0.842,0.000,0.000
2014/09/16 11:15:56,1.89,37.96195,-122.32929,104.003,66.966,0.0,-87,0.798,2.000,1.162
2014/09/16 11:16:01,1.89,37.96297,-122.32811,91.864,68.934,0.0,-87,1.987,2.125,0.607
2014/09/16 11:16:06,1.9,37.96377,-122.32670,94.816,67.464,0.0,-87,1.304,2.042,0.906
2014/09/16 11:16:11,1.9,37.96452,-122.32531,102.690,66.039,0.0,-87,1.302,1.542,1.745
2014/09/16 11:16:16,1.9,37.96526,-122.32393,119.094,65.018,0.0,-87,1.522,2.208,0.581
2014/09/16 11:16:21,1.9,37.96608,-122.32264,133.202,64.310,0.0,-51,1.240,0.000,0.370
2014/09/16 11:16:26,1.9,37.96708,-122.32167,149.934,61.507,0.0,-51,1.295,2.083,0.509
2014/09/16 11:16:31,1.9,37.96822,-122.32105,166.010,62.365,0.0,-51,0.523,2.042,1.224
2014/09/16 11:16:36,1.9,37.96944,-122.32063,184.383,63.437,0.0,-51,1.069,2.042,0.664
2014/09/16 11:16:41,1.9,37.97068,-122.32022,202.756,63.935,0.0,-51,0.925,2.042,1.181
2014/09/16 11:16:46,1.9,37.97191,-122.31980,214.895,63.245,0.0,-51,1.595,0.000,0.000
2014/09/16 11:16:51,1.9,37.97314,-122.31940,231.955,63.108,0.0,-81,1.144,2.000,2.917
2014/09/16 11:16:56,1.9,37.97436,-122.31898,248.031,61.678,0.0,-81,0.868,1.917,0.965
2014/09/16 11:17:01,1.9,37.97556,-122.31858,262.139,62.575,0.0,-81,0.748,2.083,0.578
2014/09/16 11:17:06,1.91,37.97677,-122.31817,276.903,61.001,0.0,-81,1.200,2.042,1.002
2014/09/16 11:17:11,1.91,37.97787,-122.31780,286.745,55.935,0.0,-81,1.125,1.542,2.638
2014/09/16 11:17:16,1.91,37.97895,-122.31743,291.010,54.611,0.0,-81,0.824,0.000,0.000
2014/09/16 11:17:21,1.91,37.97996,-122.31708,287.730,53.365,0.0,-95,0.474,1.167,6.529
2014/09/16 11:17:26,1.91,37.98106,-122.31671,288.386,58.947,0.0,-95,0.718,0.625,3.362
2014/09/16 11:17:31,1.91,37.98226,-122.31630,285.433,64.168,0.0,-95,1.391,1.292,3.394
2014/09/16 11:17:36,1.91,37.98356,-122.31587,291.339,66.759,0.0,-95,1.279,1.333,0.000
2014/09/16 11:17:41,1.91,37.98486,-122.31539,287.730,67.895,0.0,-95,1.295,0.000,3.052
2014/09/16 11:17:46,1.91,37.98613,-122.31474,280.840,67.904,0.0,-95,0.973,1.292,3.094
2014/09/16 11:17:51,1.91,37.98731,-122.31393,279.199,66.141,0.0,-85,1.771,1.292,2.837
2014/09/16 11:17:56,2.01,37.98843,-122.31303,270.669,66.201,0.0,-85,0.986,0.625,0.000
2014/09/16 11:18:01,1.91,37.98942,-122.31199,265.748,63.105,0.0,-85,0.648,0.000,0.000
2014/09/16 11:18:06,1.91,37.99029,-122.31085,257.546,62.034,0.0,-85,0.169,0.000,0.000
2014/09/16 11:18:11,1.92,37.99105,-122.30963,248.688,62.053,0.0,-85,0.449,0.708,0.000
2014/09/16 11:18:16,1.92,37.99173,-122.30828,237.205,64.141,0.0,-85,0.000,0.000,0.000
2014/09/16 11:18:21,1.92,37.99230,-122.30684,220.472,64.265,0.0,-85,0.000,0.000,0.000
2014/09/16 11:18:26,1.92,37.99277,-122.30531,200.459,64.929,0.0,-93,0.000,0.667,3.880
2014/09/16 11:18:31,1.92,37.99309,-122.30370,193.898,65.481,0.0,-93,0.000,1.292,4.379
2014/09/16 11:18:36,1.92,37.99332,-122.30206,190.945,65.354,0.0,-93,0.000,0.000,2.682
2014/09/16 11:18:41,1.92,37.99355,-122.30042,185.039,66.124,0.0,-93,0.000,1.292,3.358
2014/09/16 11:18:46,1.92,37.99376,-122.29879,176.509,63.836,0.0,-93,0.000,1.292,0.000
2014/09/16 11:18:51,1.92,37.99400,-122.29715,166.667,69.162,0.0,-93,0.000,0.000,2.538
2014/09/16 11:18:56,1.92,37.99425,-122.29534,154.528,73.446,0.0,-63,0.000,1.958,3.562
2014/09/16 11:19:01,1.92,37.99447,-122.29356,138.451,69.055,0.0,-63,0.000,1.292,2.878
2014/09/16 11:19:06,1.92,37.99465,-122.29189,122.703,64.461,0.0,-63,0.000,1.292,4.082
2014/09/16 11:19:11,1.93,37.99491,-122.29051,106.627,51.312,0.0,-63,0.000,0.625,0.000
2014/09/16 11:19:16,1.93,37.99521,-122.28935,93.504,44.689,0.0,-63,0.000,0.000,3.377
2014/09/16 11:19:21,1.93,37.99551,-122.28838,84.318,37.607,0.0,-63,0.006,1.292,1.890
2014/09/16 11:19:26,1.93,37.99581,-122.28750,74.803,36.948,0.0,-65,1.170,1.333,3.680
2014/09/16 11:19:31,1.93,37.99617,-122.28667,66.929,24.807,0.0,-65,1.948,1.375,1.113
2014/09/16 11:19:36,1.93,37.99643,-122.28624,63.976,21.609,0.0,-65,1.760,0.000,0.931
2014/09/16 11:19:41,1.93,37.99660,-122.28591,56.102,12.596,0.0,-65,1.539,0.625,0.170
2014/09/16 11:19:46,1.93,37.99639,-122.28572,57.743,16.400,0.0,-65,2.750,0.667,0.170
2014/09/16 11:19:51,2.18,37.99603,-122.28566,67.257,15.575,0.0,-65,2.650,1.292,0.837
2014/09/16 11:19:56,1.93,37.99584,-122.28569,79.068,5.869,0.0,-67,2.209,0.000,1.349
2014/09/16 11:20:01,1.93,37.99566,-122.28581,70.866,4.926,0.0,-67,2.423,1.292,0.717
2014/09/16 11:20:06,1.93,37.99566,-122.28594,68.241,5.773,0.0,-67,2.971,0.000,0.781
2014/09/16 11:20:11,1.93,37.99553,-122.28599,68.898,6.714,0.0,-67,2.074,1.333,1.537
2014/09/16 11:20:16,1.94,37.99545,-122.28615,67.257,8.044,0.0,-67,2.010,1.292,2.001
2014/09/16 11:20:21,1.94,37.99537,-122.28636,65.945,6.677,0.0,-67,1.407,1.292,2.390
2014/09/16 11:20:26,1.94,37.99527,-122.28646,72.835,8.525,0.0,-67,2.333,0.000,0.369
2014/09/16 11:20:31,1.94,37.99519,-122.28635,77.756,7.235,0.0,-63,2.256,1.292,0.781
2014/09/16 11:20:36,1.94,37.99520,-122.28626,74.147,1.064,0.0,-63,2.497,1.333,0.776
2014/09/16 11:20:41,1.94,37.99520,-122.28626,76.772,0.202,0.0,-63,2.673,0.000,0.406
2014/09/16 11:51:37,4.9,38.00649,-122.27721,141.732,61.639,0.0,-85,2.093,0.458,0.360
2014/09/16 11:51:42,4.9,38.00749,-122.27628,131.234,62.154,0.0,-85,2.314,0.583,0.221
2014/09/16 11:51:47,3.62,38.00849,-122.27539,103.675,61.375,0.0,-85,3.048,0.667,0.155
2014/09/16 11:51:52,3.62,38.00949,-122.27444,109.580,62.328,0.0,-85,3.023,0.000,0.160
2014/09/16 11:51:57,3.62,38.01047,-122.27351,117.454,60.637,0.0,-59,3.833,0.667,0.150
2014/09/16 11:52:02,3.62,38.01147,-122.27257,125.000,62.697,0.0,-59,3.596,0.750,0.194
2014/09/16 11:52:07,3.62,38.01248,-122.27164,124.016,62.119,0.0,-59,3.535,0.667,0.248
2014/09/16 11:52:12,3.62,38.01352,-122.27068,117.782,64.414,0.0,-59,3.042,1.042,0.497
2014/09/16 11:52:17,3.62,38.01456,-122.26974,119.094,63.246,0.0,-59,2.933,0.583,0.225
2014/09/16 11:52:22,3.62,38.01558,-122.26880,122.703,62.888,0.0,-59,3.439,0.875,0.180
2014/09/16 11:52:27,3.62,38.01658,-122.26785,133.858,61.792,0.0,-59,2.882,1.125,0.198
2014/09/16 11:52:32,4.01,38.01755,-122.26691,148.622,60.774,0.0,-79,3.324,0.792,1.386
2014/09/16 11:52:37,4.01,38.01853,-122.26598,154.528,61.117,0.0,-79,2.500,0.000,0.290
2014/09/16 11:52:42,2.78,38.01952,-122.26502,177.165,63.516,0.0,-79,3.170,0.792,0.685
2014/09/16 11:52:47,2.78,38.02055,-122.26405,194.882,64.404,0.0,-79,2.403,1.083,0.277
2014/09/16 11:52:52,2.78,38.02161,-122.26307,169.619,65.351,0.0,-79,2.844,0.750,0.161
2014/09/16 11:52:57,2.78,38.02269,-122.26210,137.795,65.392,0.0,-79,2.423,0.583,0.974
2014/09/16 11:53:02,2.78,38.02373,-122.26114,133.202,63.943,0.0,-59,1.055,0.375,0.159
2014/09/16 11:53:07,2.78,38.02474,-122.26021,143.045,60.785,0.0,-59,2.115,1.167,0.226
2014/09/16 11:53:12,2.78,38.02571,-122.25929,160.105,60.265,0.0,-59,2.176,0.833,0.208
2014/09/16 11:53:17,2.78,38.02666,-122.25835,198.163,60.571,0.0,-59,2.590,0.625,0.229
2014/09/16 11:53:22,4.03,38.02764,-122.25745,202.428,58.381,0.0,-59,2.112,0.250,0.153
2014/09/16 11:53:27,4.03,38.02862,-122.25654,207.677,61.243,0.0,-59,3.500,0.917,0.266
2014/09/16 11:53:32,4.04,38.02962,-122.25560,218.504,61.892,0.0,-71,3.533,1.042,0.156
2014/09/16 11:53:37,2.78,38.03063,-122.25468,235.892,62.232,0.0,-71,3.913,1.167,0.184
2014/09/16 11:53:42,2.78,38.03164,-122.25374,248.360,62.732,0.0,-71,3.689,1.292,0.162
2014/09/16 11:53:47,2.78,38.03269,-122.25280,245.407,63.307,0.0,-71,0.000,0.000,0.000
2014/09/16 11:53:52,2.78,38.03392,-122.25167,242.454,62.742,0.0,-71,0.000,0.000,0.000
2014/09/16 11:53:57,2.78,38.03495,-122.25072,243.766,62.405,0.0,-71,0.000,0.000,0.000
2014/09/16 11:54:02,2.78,38.03597,-122.24978,244.423,63.066,0.0,-85,0.000,0.000,0.000
2014/09/16 11:54:07,1.82,38.03700,-122.24883,243.438,63.956,0.0,-85,0.000,0.000,0.000
2014/09/16 11:54:12,1.82,38.03805,-122.24785,244.094,64.879,0.0,-85,0.000,0.000,0.000
2014/09/16 11:54:17,1.82,38.03900,-122.24673,245.079,64.764,0.0,-85,0.000,0.000,0.000
2014/09/16 11:54:22,1.82,38.03986,-122.24550,246.063,64.213,0.0,-85,0.000,0.000,0.000
2014/09/16 11:54:27,1.82,38.04072,-122.24429,245.079,63.112,0.0,-85,0.000,0.000,0.919
2014/09/16 11:54:32,1.82,38.04156,-122.24309,241.142,63.096,0.0,-85,0.000,0.000,3.517
2014/09/16 11:54:37,1.82,38.04241,-122.24190,235.892,62.387,0.0,-103,0.006,0.042,0.215
2014/09/16 11:54:42,1.82,38.04324,-122.24071,235.236,63.202,0.0,-103,2.833,0.792,0.189
2014/09/16 11:54:47,1.82,38.04409,-122.23951,234.580,63.009,0.0,-103,3.244,0.917,0.164
2014/09/16 11:54:52,1.82,38.04494,-122.23830,240.814,63.607,0.0,-103,2.920,0.667,0.156
2014/09/16 11:54:57,1.82,38.04582,-122.23709,239.501,63.502,0.0,-103,3.087,0.417,0.168
2014/09/16 11:55:02,1.82,38.04667,-122.23587,243.110,64.209,0.0,-103,3.003,0.792,0.180
2014/09/16 11:55:07,1.82,38.04753,-122.23466,239.173,63.276,0.0,-81,2.406,0.292,1.240
2014/09/16 11:55:12,2.78,38.04836,-122.23348,234.252,61.681,0.0,-81,0.866,0.292,0.785
2014/09/16 11:55:17,2.78,38.04921,-122.23230,214.239,63.877,0.0,-81,1.202,0.000,0.257
2014/09/16 11:55:22,2.78,38.05007,-122.23106,202.100,66.112,0.0,-81,2.144,1.333,0.449
2014/09/16 11:55:27,1.82,38.05095,-122.22981,187.992,65.689,0.0,-81,1.365,0.875,0.446
2014/09/16 11:55:32,1.82,38.05183,-122.22858,165.026,64.335,0.0,-81,2.305,0.417,0.174
2014/09/16 11:55:37,1.82,38.05269,-122.22740,143.701,61.706,0.0,-85,3.039,0.000,0.409
2014/09/16 11:55:42,1.95,38.05351,-122.22626,137.467,60.244,0.0,-85,2.317,0.542,0.172
2014/09/16 11:55:47,1.82,38.05446,-122.22529,121.391,60.914,0.0,-85,2.760,0.500,0.297
2014/09/16 11:55:52,1.82,38.05560,-122.22483,118.438,59.988,0.0,-85,2.677,0.917,0.312
2014/09/16 11:55:57,1.82,38.05678,-122.22486,122.047,59.858,0.0,-85,3.063,1.167,0.561
2014/09/16 11:56:02,1.82,38.05798,-122.22494,125.656,61.031,0.0,-85,2.267,0.750,0.381
2014/09/16 11:56:07,1.83,38.05919,-122.22502,141.404,58.781,0.0,-73,2.753,0.792,0.198
2014/09/16 11:56:12,1.83,38.06036,-122.22511,147.638,56.753,0.0,-73,3.080,0.667,0.242
2014/09/16 11:56:17,1.83,38.06148,-122.22518,160.105,55.406,0.0,-73,2.775,0.625,0.285
2014/09/16 11:56:22,1.83,38.06261,-122.22527,175.853,55.003,0.0,-73,2.711,0.917,0.213
2014/09/16 11:56:27,1.83,38.06375,-122.22538,167.651,59.474,0.0,-73,3.125,0.500,0.182
2014/09/16 11:56:32,1.83,38.06488,-122.22547,159.777,57.001,0.0,-73,3.398,0.000,0.188
2014/09/16 11:56:37,2.15,38.06597,-122.22557,166.995,52.818,0.0,-73,3.083,0.375,0.166
2014/09/16 11:56:42,2.15,38.06699,-122.22575,175.525,50.794,0.0,-61,3.574,0.542,0.190
2014/09/16 11:56:47,2.15,38.06794,-122.22612,172.572,47.143,0.0,-61,3.202,0.750,0.190
2014/09/16 11:56:52,2.15,38.06867,-122.22651,169.291,31.246,0.0,-61,2.135,0.542,0.427
2014/09/16 11:56:57,2.16,38.06918,-122.22678,174.541,27.159,0.0,-61,3.144,0.667,0.351
2014/09/16 11:57:02,2.16,38.06980,-122.22711,168.635,39.329,0.0,-61,2.526,1.167,0.613
2014/09/16 11:57:07,1.93,38.07065,-122.22758,163.386,48.071,0.0,-61,2.840,1.083,0.274
2014/09/16 11:57:12,1.93,38.07154,-122.22822,153.543,55.541,0.0,-59,2.631,0.000,0.247
2014/09/16 11:57:17,1.93,38.07248,-122.22903,141.732,59.237,0.0,-59,1.853,0.625,0.252
2014/09/16 11:57:22,1.75,38.07357,-122.22988,126.969,66.364,0.0,-59,2.587,0.625,0.324
2014/09/16 11:57:27,1.75,38.07474,-122.23072,119.423,64.625,0.0,-59,3.250,0.542,0.225
2014/09/16 11:57:32,1.75,38.07589,-122.23150,113.845,63.518,0.0,-59,3.406,0.667,0.195
2014/09/16 11:57:37,1.75,38.07707,-122.23214,109.908,62.516,0.0,-59,3.594,0.000,0.218
2014/09/16 11:57:42,1.75,38.07827,-122.23262,100.066,63.194,0.0,-85,3.125,0.333,0.218
2014/09/16 11:57:47,1.75,38.07948,-122.23297,89.895,61.921,0.0,-85,2.542,0.833,0.782
2014/09/16 11:57:52,1.75,38.08067,-122.23318,86.942,59.310,0.0,-85,1.801,0.375,0.651
2014/09/16 11:57:57,1.75,38.08183,-122.23325,80.052,56.774,0.0,-85,2.379,0.375,0.355
2014/09/16 11:58:02,1.45,38.08299,-122.23322,73.491,59.336,0.0,-85,2.455,0.250,0.150
2014/09/16 11:58:07,1.46,38.08417,-122.23307,70.866,57.066,0.0,-85,2.622,0.667,0.426
2014/09/16 11:58:12,1.46,38.08527,-122.23282,68.241,55.719,0.0,-71,2.567,0.000,0.422
2014/09/16 11:58:17,1.46,38.08632,-122.23247,55.774,53.263,0.0,-71,2.190,0.792,0.562
2014/09/16 11:58:22,1.46,38.08734,-122.23205,45.276,53.240,0.0,-71,1.740,0.500,0.654
2014/09/16 11:58:27,1.46,38.08829,-122.23157,46.588,49.895,0.0,-71,2.516,0.625,0.670
2014/09/16 11:58:32,1.46,38.08917,-122.23116,46.588,44.157,0.0,-71,2.154,0.625,2.262
2014/09/16 11:58:37,1.46,38.08987,-122.23078,49.213,30.910,0.0,-71,2.827,0.917,1.258
2014/09/16 11:58:42,1.63,38.09017,-122.23012,52.493,28.322,0.0,-71,2.653,1.042,0.666
2014/09/16 11:58:47,1.76,38.09038,-122.22944,42.323,27.659,0.0,-63,2.260,0.000,0.227
2014/09/16 11:58:52,1.46,38.09082,-122.22898,32.808,28.968,0.0,-63,2.260,0.792,0.280
2014/09/16 11:58:57,1.63,38.09080,-122.22822,36.089,33.706,0.0,-63,1.541,0.292,0.524
2014/09/16 11:59:02,1.46,38.09058,-122.22730,50.525,41.273,0.0,-63,1.644,0.542,0.805
2014/09/16 11:59:07,1.46,38.09029,-122.22622,58.071,47.886,0.0,-63,2.025,0.625,0.526
2014/09/16 11:59:12,1.46,38.08995,-122.22499,66.273,52.475,0.0,-63,1.936,0.667,0.461
2014/09/16 11:59:17,1.46,38.08959,-122.22369,72.835,54.879,0.0,-87,1.712,1.042,0.746
2014/09/16 11:59:22,1.46,38.08923,-122.22234,85.630,56.661,0.0,-87,2.510,1.250,0.609
2014/09/16 11:59:27,1.46,38.08884,-122.22097,96.457,58.323,0.0,-87,1.962,0.000,0.180
2014/09/16 11:59:32,1.46,38.08842,-122.21956,103.018,60.286,0.0,-87,1.403,0.542,0.445
2014/09/16 11:59:37,1.46,38.08788,-122.21820,121.719,59.290,0.0,-87,1.314,0.250,0.171
2014/09/16 11:59:42,1.46,38.08730,-122.21691,142.060,57.799,0.0,-87,2.548,0.917,0.636
2014/09/16 11:59:47,1.46,38.08676,-122.21566,164.370,54.656,0.0,-81,3.192,1.292,0.327
2014/09/16 11:59:52,1.46,38.08635,-122.21447,182.415,48.561,0.0,-81,2.129,0.000,0.791
2014/09/16 11:59:57,1.46,38.08605,-122.21334,196.522,46.858,0.0,-81,3.240,0.708,0.169
2014/09/16 12:00:02,1.46,38.08581,-122.21224,203.740,41.212,0.0,-81,3.170,1.167,0.348
2014/09/16 12:00:07,1.46,38.08562,-122.21133,216.864,31.896,0.0,-81,3.551,1.250,0.194
2014/09/16 12:00:12,1.46,38.08549,-122.21073,227.690,13.123,0.0,-81,3.199,0.667,0.210
2014/09/16 12:00:17,1.46,38.08546,-122.21065,233.268,0.104,0.0,-65,3.593,1.417,0.232
2014/09/16 12:00:22,1.46,38.08544,-122.21050,233.268,13.160,0.0,-65,3.510,1.500,0.374
2014/09/16 12:00:27,1.46,38.08563,-122.21014,233.924,22.748,0.0,-65,3.099,1.708,0.154
2014/09/16 12:00:32,1.46,38.08611,-122.20983,234.580,28.367,0.0,-65,3.298,0.792,0.153
2014/09/16 12:00:37,1.46,38.08671,-122.20968,220.144,32.641,0.0,-65,3.093,0.625,0.259
2014/09/16 12:00:42,1.46,38.08742,-122.20954,198.163,37.390,0.0,-65,2.856,0.000,0.157
2014/09/16 12:00:47,1.46,38.08808,-122.20912,198.163,34.357,0.0,-65,2.885,0.667,0.209
2014/09/16 12:00:52,1.46,38.08864,-122.20870,195.866,29.442,0.0,-79,1.813,0.500,0.465
2014/09/16 12:00:57,1.46,38.08895,-122.20842,188.320,15.360,0.0,-79,2.394,0.417,0.207
2014/09/16 12:01:02,1.46,38.08880,-122.20801,188.648,23.849,0.0,-79,2.612,0.500,0.212
2014/09/16 12:01:07,1.47,38.08844,-122.20735,185.696,37.722,0.0,-79,2.764,0.417,0.306
2014/09/16 12:01:12,1.47,38.08798,-122.20648,175.197,40.764,0.0,-79,2.240,0.000,0.282
2014/09/16 12:01:17,1.47,38.08754,-122.20569,162.730,38.310,0.0,-79,2.898,0.792,0.177
2014/09/16 12:01:22,1.47,38.08709,-122.20487,145.013,40.056,0.0,-79,1.045,0.625,0.417
2014/09/16 12:01:27,1.47,38.08665,-122.20407,120.735,36.347,0.0,-79,3.734,0.125,0.196
2014/09/16 12:01:32,1.47,38.08635,-122.20353,103.346,16.572,0.0,-79,3.253,0.667,0.350
