Date-Time,DOP,Latitude,Longitude,Altitude (ft),Speed (mph),Heading (deg),mod1 SS (dBm),mod1 Down (Mbs),mod1 Up (Mbs),mod1 Ping (Sec)
2014/08/19 14:51:28,2.17,37.79482,-122.26744,24.934,1.458,0.0,-71,3.134,0.708,0.296
2014/08/19 14:51:33,2.17,37.79485,-122.26743,30.512,0.197,0.0,-71,2.619,0.917,0.299
2014/08/19 14:51:38,2.17,37.79485,-122.26741,34.121,0.231,0.0,-71,2.808,0.417,0.168
2014/08/19 14:51:43,2.18,37.79484,-122.26742,38.714,2.963,0.0,-71,2.179,0.333,0.905
2014/08/19 14:51:48,2.25,37.79477,-122.26733,38.386,7.759,0.0,-81,1.071,0.083,2.153
2014/08/19 14:51:53,2.25,37.79475,-122.26713,51.837,9.184,0.0,-81,1.240,0.292,0.388
2014/08/19 14:51:58,2.18,37.79472,-122.26696,44.619,5.415,0.0,-81,1.344,0.250,0.629
2014/08/19 14:52:03,2.18,37.79474,-122.26681,38.386,6.372,0.0,-81,1.192,0.500,0.822
2014/08/19 14:52:08,2.18,37.79481,-122.26667,33.465,8.017,0.0,-81,1.881,0.292,0.430
2014/08/19 14:52:13,2.18,37.79468,-122.26632,34.449,19.772,0.0,-81,0.994,0.000,1.608
2014/08/19 14:52:18,2.56,37.79445,-122.26577,38.714,28.892,0.0,-81,1.552,0.167,0.409
2014/08/19 14:52:23,2.18,37.79407,-122.26508,37.073,36.862,0.0,-75,2.352,0.417,0.257
2014/08/19 14:52:28,2.18,37.79356,-122.26428,35.761,42.492,0.0,-75,2.833,0.458,0.269
2014/08/19 14:52:33,2.18,37.79291,-122.26346,39.698,48.810,0.0,-75,1.769,0.500,0.399
2014/08/19 14:52:38,2.19,37.79219,-122.26257,56.430,51.775,0.0,-75,0.736,0.000,0.633
2014/08/19 14:52:43,2.19,37.79144,-122.26167,66.929,50.182,0.0,-75,1.354,0.208,0.398
2014/08/19 14:52:48,2.19,37.79077,-122.26074,70.866,48.988,0.0,-75,0.996,1.375,0.497
2014/08/19 14:52:53,2.19,37.79025,-122.25965,70.210,51.427,0.0,-57,0.590,1.042,0.696
2014/08/19 14:52:58,1.88,37.78988,-122.25841,63.976,52.421,0.0,-57,1.929,0.500,0.309
2014/08/19 14:53:03,1.88,37.78964,-122.25709,50.525,55.798,0.0,-57,3.125,1.000,0.198
2014/08/19 14:53:08,1.87,37.78940,-122.25565,37.730,59.816,0.0,-57,2.959,0.875,0.214
2014/08/19 14:53:13,1.87,37.78913,-122.25415,37.730,61.924,0.0,-57,3.173,0.708,0.268
2014/08/19 14:53:18,1.87,37.78882,-122.25259,38.386,62.929,0.0,-57,2.840,1.292,0.330
2014/08/19 14:53:23,1.87,37.78842,-122.25104,40.026,66.966,0.0,-57,2.487,0.000,0.233
2014/08/19 14:53:28,1.87,37.78793,-122.24947,41.010,66.191,0.0,-57,3.016,0.500,0.329
2014/08/19 14:53:33,1.87,37.78739,-122.24797,39.698,65.107,0.0,-57,2.080,0.500,0.161
2014/08/19 14:53:38,1.87,37.78678,-122.24649,40.682,67.147,0.0,-57,0.714,0.000,4.374
2014/08/19 14:53:43,1.87,37.78604,-122.24503,39.042,68.878,0.0,-57,0.814,0.375,0.279
2014/08/19 14:53:48,1.87,37.78530,-122.24362,36.745,64.139,0.0,-57,1.750,0.625,0.588
2014/08/19 14:53:53,1.87,37.78458,-122.24225,30.840,65.174,0.0,-51,2.712,1.500,0.232
2014/08/19 14:53:58,2.2,37.78382,-122.24092,30.184,64.387,0.0,-51,0.000,0.958,0.176
2014/08/19 14:54:03,2.2,37.78294,-122.23978,29.528,61.045,0.0,-51,2.179,0.417,0.190
2014/08/19 14:54:08,2.2,37.78191,-122.23903,30.840,58.837,0.0,-51,1.945,1.333,0.491
2014/08/19 14:54:13,1.87,37.78080,-122.23857,31.496,59.504,0.0,-51,2.580,1.708,0.247
2014/08/19 14:54:18,2.09,37.77962,-122.23814,25.919,61.619,0.0,-51,2.882,1.750,0.308
2014/08/19 14:54:23,2.09,37.77846,-122.23764,19.029,59.829,0.0,-51,2.990,1.000,0.222
2014/08/19 14:54:28,2.33,37.77739,-122.23691,14.764,62.226,0.0,-59,3.244,0.625,1.089
2014/08/19 14:54:33,1.82,37.77644,-122.23590,16.404,59.892,0.0,-59,1.256,0.458,0.918
2014/08/19 14:54:38,1.82,37.77567,-122.23474,22.638,60.591,0.0,-59,1.157,0.000,0.820
2014/08/19 14:54:43,1.82,37.77506,-122.23346,27.231,56.502,0.0,-59,0.958,0.250,0.769
2014/08/19 14:54:48,1.82,37.77462,-122.23216,31.496,54.286,0.0,-59,0.990,0.250,0.398
2014/08/19 14:54:53,1.82,37.77420,-122.23093,39.370,49.630,0.0,-59,1.552,0.375,0.000
2014/08/19 14:54:58,1.82,37.77384,-122.22985,54.462,39.759,0.0,-51,1.058,0.000,3.378
2014/08/19 14:55:03,1.82,37.77355,-122.22897,62.664,37.775,0.0,-51,0.990,0.375,2.125
2014/08/19 14:55:08,1.81,37.77324,-122.22803,65.617,42.665,0.0,-51,1.036,0.208,5.209
2014/08/19 14:55:13,1.81,37.77288,-122.22695,62.992,49.542,0.0,-51,0.583,0.375,1.809
2014/08/19 14:55:18,1.81,37.77247,-122.22572,54.462,54.512,0.0,-51,1.667,0.000,1.441
2014/08/19 14:55:23,1.6,37.77204,-122.22452,46.260,43.874,0.0,-51,1.240,0.500,2.361
2014/08/19 14:55:28,1.86,37.77173,-122.22386,41.339,18.234,0.0,-79,0.613,0.292,2.325
2014/08/19 14:55:33,1.86,37.77165,-122.22371,39.698,2.989,0.0,-79,0.917,0.292,0.921
2014/08/19 14:55:38,1.53,37.77157,-122.22357,37.073,12.718,0.0,-79,0.901,0.000,3.169
2014/08/19 14:55:43,1.53,37.77134,-122.22319,35.433,24.057,0.0,-79,0.830,0.375,0.770
2014/08/19 14:55:48,1.52,37.77095,-122.22265,34.777,32.291,0.0,-79,0.000,0.125,2.950
2014/08/19 14:55:53,1.52,37.77041,-122.22205,34.777,37.539,0.0,-79,0.000,0.292,1.584
2014/08/19 14:55:58,1.52,37.76974,-122.22148,40.354,42.034,0.0,-75,0.000,0.000,1.590
2014/08/19 14:56:03,1.52,37.76908,-122.22099,48.556,29.981,0.0,-75,0.000,0.708,0.000
2014/08/19 14:56:08,1.52,37.76873,-122.22073,50.525,15.671,0.0,-75,0.000,0.500,0.780
2014/08/19 14:56:13,1.52,37.76850,-122.22056,50.197,14.277,0.0,-75,0.000,1.250,0.629
2014/08/19 14:56:18,1.52,37.76825,-122.22037,49.213,15.719,0.0,-75,0.003,0.000,1.182
2014/08/19 14:56:23,1.68,37.76799,-122.22018,47.900,12.891,0.0,-75,0.597,1.000,2.118
2014/08/19 14:56:28,1.53,37.76788,-122.22010,44.948,3.562,0.0,-75,0.676,1.000,0.474
2014/08/19 14:56:33,1.68,37.76782,-122.22006,41.339,4.180,0.0,-77,0.878,1.667,0.430
2014/08/19 14:56:38,1.73,37.76768,-122.21995,37.730,12.224,0.0,-77,1.292,1.625,0.373
2014/08/19 14:56:43,1.53,37.76741,-122.21975,34.449,19.943,0.0,-77,0.702,1.667,0.480
2014/08/19 14:56:48,1.53,37.76697,-122.21942,28.543,28.158,0.0,-77,0.852,1.750,0.510
2014/08/19 14:56:53,1.68,37.76644,-122.21903,20.341,33.176,0.0,-77,1.388,1.750,0.721
2014/08/19 14:56:58,1.68,37.76582,-122.21853,11.811,40.185,0.0,-77,1.297,1.875,0.536
2014/08/19 14:57:03,1.53,37.76515,-122.21795,4.265,39.978,0.0,-67,1.317,1.833,0.462
2014/08/19 14:57:08,1.53,37.76447,-122.21734,1.969,42.255,0.0,-67,1.150,1.792,0.550
2014/08/19 14:57:13,1.53,37.76376,-122.21672,1.640,43.490,0.0,-67,1.624,1.750,0.590
2014/08/19 14:57:18,1.68,37.76304,-122.21608,0.656,44.985,0.0,-67,1.142,1.208,0.558
2014/08/19 14:57:23,1.53,37.76229,-122.21542,0.000,45.252,0.0,-67,1.048,1.750,0.322
2014/08/19 14:57:28,1.53,37.76154,-122.21476,-0.656,45.115,0.0,-67,0.697,1.750,0.476
2014/08/19 14:57:33,1.51,37.76090,-122.21421,-0.656,32.176,0.0,-59,0.986,1.708,0.468
2014/08/19 14:57:38,1.51,37.76048,-122.21383,-1.640,21.951,0.0,-59,1.580,1.708,0.837
2014/08/19 14:57:43,1.51,37.76017,-122.21356,-2.297,15.223,0.0,-59,0.812,1.625,0.602
2014/08/19 14:57:48,1.74,37.75994,-122.21335,-2.297,13.549,0.0,-59,0.901,1.833,0.457
2014/08/19 14:57:53,1.74,37.75971,-122.21316,-1.969,13.423,0.0,-59,0.875,1.750,0.489
2014/08/19 14:57:58,1.51,37.75951,-122.21299,-0.656,11.296,0.0,-59,1.150,1.750,0.354
2014/08/19 14:58:03,1.51,37.75933,-122.21283,-0.328,10.847,0.0,-61,1.068,1.667,0.487
2014/08/19 14:58:08,1.51,37.75923,-122.21276,-0.328,1.561,0.0,-61,0.675,1.583,0.430
2014/08/19 14:58:13,1.74,37.75917,-122.21270,0.984,6.666,0.0,-61,0.583,1.875,0.410
2014/08/19 14:58:18,1.51,37.75898,-122.21253,0.984,16.554,0.0,-61,1.007,1.833,0.462
2014/08/19 14:58:23,1.51,37.75869,-122.21228,1.312,17.631,0.0,-61,0.775,0.000,0.518
2014/08/19 14:58:28,1.51,37.75837,-122.21200,0.656,21.711,0.0,-61,1.145,1.667,0.438
2014/08/19 14:58:33,1.51,37.75800,-122.21167,0.656,23.199,0.0,-61,1.215,1.708,0.535
2014/08/19 14:58:38,1.51,37.75764,-122.21136,0.328,19.567,0.0,-63,1.255,1.708,0.502
2014/08/19 14:58:43,1.51,37.75732,-122.21108,-0.328,21.257,0.0,-63,1.527,1.583,0.441
2014/08/19 14:58:48,1.51,37.75693,-122.21073,0.000,26.067,0.0,-63,1.506,1.708,0.200
2014/08/19 14:58:53,1.51,37.75649,-122.21035,-0.328,26.374,0.0,-63,2.499,0.083,0.179
2014/08/19 14:58:58,1.51,37.75605,-122.20995,-0.328,27.439,0.0,-63,1.621,1.667,0.314
2014/08/19 14:59:03,1.51,37.75559,-122.20956,0.000,27.828,0.0,-63,0.913,1.625,0.676
2014/08/19 14:59:08,1.51,37.75513,-122.20915,0.000,27.523,0.0,-61,0.748,0.000,0.426
2014/08/19 14:59:13,1.51,37.75464,-122.20872,-0.328,30.234,0.0,-61,0.787,1.583,0.430
2014/08/19 14:59:18,1.51,37.75416,-122.20829,-0.656,30.965,0.0,-61,1.583,1.625,0.357
2014/08/19 14:59:23,1.83,37.75369,-122.20779,22.638,34.138,0.0,-61,0.873,1.542,0.370
2014/08/19 14:59:28,1.53,37.75305,-122.20726,21.654,38.954,0.0,-61,1.041,1.708,0.429
2014/08/19 14:59:33,1.51,37.75236,-122.20669,12.795,40.097,0.0,-61,1.115,1.833,0.530
2014/08/19 14:59:38,1.51,37.75170,-122.20613,3.609,37.303,0.0,-55,1.596,1.833,0.462
2014/08/19 14:59:43,1.51,37.75113,-122.20563,1.312,31.397,0.0,-55,1.110,1.792,0.530
2014/08/19 14:59:48,1.51,37.75062,-122.20519,-0.328,30.714,0.0,-55,0.737,1.750,0.397
2014/08/19 14:59:53,1.51,37.75012,-122.20476,-3.609,29.116,0.0,-55,0.861,1.708,0.498
2014/08/19 14:59:58,1.51,37.74964,-122.20433,-3.609,29.631,0.0,-55,1.105,1.750,0.470
2014/08/19 15:00:03,1.76,37.74914,-122.20389,-2.953,31.373,0.0,-55,0.796,1.792,0.428
2014/08/19 15:00:08,1.51,37.74858,-122.20341,-2.953,34.793,0.0,-65,0.786,1.833,0.489
2014/08/19 15:00:13,1.76,37.74798,-122.20288,-3.281,38.444,0.0,-65,1.028,1.500,0.641
2014/08/19 15:00:18,1.67,37.74731,-122.20230,-3.937,40.805,0.0,-65,0.776,1.500,0.381
2014/08/19 15:00:23,1.76,37.74663,-122.20169,-3.609,42.460,0.0,-65,1.023,1.500,0.665
2014/08/19 15:00:28,1.76,37.74592,-122.20107,-2.953,42.806,0.0,-65,0.625,1.292,0.942
2014/08/19 15:00:33,1.76,37.74523,-122.20046,-2.953,41.518,0.0,-65,0.400,0.708,2.029
2014/08/19 15:00:38,1.76,37.74452,-122.19984,-3.281,44.202,0.0,-65,0.136,0.000,3.450
2014/08/19 15:00:43,1.76,37.74374,-122.19916,-3.281,49.052,0.0,-83,0.631,1.167,0.638
2014/08/19 15:00:48,1.51,37.74290,-122.19842,-1.969,51.822,0.0,-83,1.157,1.167,1.152
2014/08/19 15:00:53,1.51,37.74204,-122.19766,-2.297,52.359,0.0,-83,1.375,1.125,1.758
2014/08/19 15:00:58,1.99,37.74118,-122.19689,-1.312,52.318,0.0,-83,1.159,2.208,2.065
2014/08/19 15:01:03,2.04,37.74030,-122.19616,-1.640,52.318,0.0,-83,1.418,1.458,2.638
2014/08/19 15:01:08,1.51,37.73948,-122.19541,-1.312,45.875,0.0,-83,2.135,1.458,2.106
2014/08/19 15:01:13,1.51,37.73893,-122.19493,-0.656,22.465,0.0,-51,1.522,1.458,1.570
2014/08/19 15:01:18,1.51,37.73860,-122.19464,0.000,16.982,0.0,-51,1.068,0.000,1.797
2014/08/19 15:01:23,1.51,37.73846,-122.19452,1.312,4.570,0.0,-51,0.580,1.917,2.074
2014/08/19 15:01:28,1.51,37.73838,-122.19444,2.297,5.413,0.0,-51,0.853,2.375,1.925
2014/08/19 15:01:33,1.51,37.73821,-122.19429,2.953,15.821,0.0,-51,1.002,1.917,2.070
2014/08/19 15:01:38,1.5,37.73787,-122.19399,3.609,22.635,0.0,-51,1.443,1.875,2.803
2014/08/19 15:01:43,1.5,37.73748,-122.19365,3.937,24.536,0.0,-51,1.533,1.917,0.738
2014/08/19 15:01:48,1.5,37.73706,-122.19329,4.921,22.842,0.0,-51,0.702,1.875,1.122
2014/08/19 15:01:53,1.5,37.73680,-122.19305,6.234,11.698,0.0,-51,1.041,1.875,1.602
2014/08/19 15:01:58,1.5,37.73658,-122.19287,7.218,13.847,0.0,-51,1.523,0.000,2.485
2014/08/19 15:02:03,1.5,37.73635,-122.19266,8.202,15.618,0.0,-51,1.548,1.917,1.341
2014/08/19 15:02:08,1.5,37.73605,-122.19240,8.858,20.821,0.0,-51,2.077,1.958,2.367
2014/08/19 15:02:13,1.5,37.73567,-122.19206,8.530,23.457,0.0,-53,1.794,1.917,1.422
2014/08/19 15:02:18,1.5,37.73528,-122.19172,8.202,24.726,0.0,-53,1.159,1.958,3.006
2014/08/19 15:02:23,1.5,37.73487,-122.19135,8.202,25.746,0.0,-53,1.074,0.000,1.676
2014/08/19 15:02:28,1.5,37.73440,-122.19093,9.186,31.197,0.0,-53,1.531,1.917,2.514
2014/08/19 15:02:33,1.5,37.73385,-122.19044,12.467,35.222,0.0,-53,2.231,1.292,1.689
2014/08/19 15:02:38,1.5,37.73324,-122.18991,15.092,38.072,0.0,-53,1.871,1.292,1.984
2014/08/19 15:02:43,1.5,37.73261,-122.18935,16.732,37.826,0.0,-53,1.452,1.917,1.441
2014/08/19 15:02:48,1.5,37.73198,-122.18879,17.388,39.463,0.0,-65,1.503,0.000,1.970
2014/08/19 15:02:53,1.5,37.73133,-122.18821,19.029,40.795,0.0,-65,1.093,1.958,2.450
2014/08/19 15:02:58,1.5,37.73062,-122.18760,18.045,42.607,0.0,-65,1.474,1.917,0.000
2014/08/19 15:03:03,1.5,37.72991,-122.18698,20.013,43.225,0.0,-65,0.900,0.000,1.258
2014/08/19 15:03:08,1.5,37.72921,-122.18637,23.294,41.589,0.0,-65,1.059,1.292,1.823
2014/08/19 15:03:13,1.5,37.72853,-122.18578,28.871,40.890,0.0,-65,1.239,1.917,0.000
2014/08/19 15:03:18,1.5,37.72784,-122.18518,35.433,42.019,0.0,-65,0.916,1.917,2.510
2014/08/19 15:03:23,1.5,37.72715,-122.18457,40.682,42.223,0.0,-65,0.829,0.000,2.970
2014/08/19 15:03:28,1.5,37.72643,-122.18395,44.948,44.896,0.0,-65,0.453,0.000,5.441
2014/08/19 15:03:33,1.5,37.72564,-122.18326,41.010,48.658,0.0,-65,0.474,1.292,0.238
2014/08/19 15:03:38,1.5,37.72486,-122.18254,31.496,49.121,0.0,-65,0.613,1.208,0.995
2014/08/19 15:03:43,1.5,37.72407,-122.18175,25.591,51.438,0.0,-65,0.698,0.000,3.081
2014/08/19 15:03:48,1.92,37.72324,-122.18092,25.262,53.176,0.0,-83,0.598,0.625,3.122
2014/08/19 15:03:53,1.5,37.72240,-122.18007,27.887,53.755,0.0,-83,0.567,1.292,2.298
2014/08/19 15:03:58,1.5,37.72156,-122.17922,30.512,53.808,0.0,-83,0.089,0.667,0.000
2014/08/19 15:04:03,1.5,37.72068,-122.17835,32.480,55.870,0.0,-83,0.612,1.333,3.146
2014/08/19 15:04:08,1.5,37.71984,-122.17751,34.449,51.727,0.0,-83,0.805,0.000,2.090
2014/08/19 15:04:13,1.5,37.71905,-122.17671,34.449,50.197,0.0,-83,0.893,1.292,2.810
2014/08/19 15:04:18,1.5,37.71825,-122.17586,33.465,52.660,0.0,-69,1.427,0.000,4.182
2014/08/19 15:04:23,1.79,37.71741,-122.17502,35.433,53.741,0.0,-69,1.359,0.000,0.206
2014/08/19 15:04:28,1.67,37.71655,-122.17416,37.073,54.965,0.0,-69,0.706,0.042,0.454
2014/08/19 15:04:33,1.67,37.71568,-122.17327,37.402,56.232,0.0,-69,0.410,0.667,0.930
2014/08/19 15:04:38,1.5,37.71480,-122.17237,35.433,58.163,0.0,-69,0.000,0.875,1.290
2014/08/19 15:04:43,1.5,37.71389,-122.17140,30.840,58.356,0.0,-69,0.378,0.000,2.410
2014/08/19 15:04:48,1.54,37.71308,-122.17038,29.199,53.454,0.0,-69,0.048,0.792,0.777
2014/08/19 15:04:53,1.49,37.71236,-122.16935,30.184,53.754,0.0,-81,0.264,0.917,0.174
2014/08/19 15:04:58,1.49,37.71164,-122.16832,34.449,53.812,0.0,-81,0.281,0.375,2.507
2014/08/19 15:05:03,1.49,37.71091,-122.16730,34.777,54.467,0.0,-81,0.236,0.625,1.049
2014/08/19 15:05:08,1.49,37.71018,-122.16623,35.433,57.220,0.0,-81,0.795,1.000,0.946
2014/08/19 15:05:13,1.49,37.70943,-122.16510,38.386,58.782,0.0,-81,0.852,1.208,0.502
2014/08/19 15:05:18,1.49,37.70864,-122.16397,40.354,60.372,0.0,-81,0.769,0.917,1.250
2014/08/19 15:05:23,1.49,37.70783,-122.16282,39.370,61.252,0.0,-69,1.372,1.125,1.238
2014/08/19 15:05:28,1.49,37.70701,-122.16167,39.698,61.032,0.0,-69,1.472,0.000,1.443
2014/08/19 15:05:33,1.51,37.70620,-122.16050,41.339,61.408,0.0,-69,1.009,1.458,3.990
2014/08/19 15:05:38,1.49,37.70538,-122.15931,38.714,63.707,0.0,-69,0.968,1.500,1.977
2014/08/19 15:05:43,1.49,37.70453,-122.15811,36.745,63.802,0.0,-69,1.756,1.375,2.221
2014/08/19 15:05:48,1.49,37.70366,-122.15693,36.089,63.605,0.0,-69,0.937,1.333,0.000
2014/08/19 15:05:53,1.49,37.70281,-122.15572,37.402,63.799,0.0,-57,0.503,0.000,4.189
2014/08/19 15:05:58,1.49,37.70199,-122.15453,38.058,60.926,0.0,-57,0.610,0.958,3.438
2014/08/19 15:06:03,1.49,37.70121,-122.15339,37.402,59.229,0.0,-57,1.258,1.500,2.777
2014/08/19 15:06:08,1.49,37.70041,-122.15224,37.402,60.521,0.0,-57,0.893,1.083,0.000
2014/08/19 15:06:13,1.49,37.69961,-122.15108,38.386,61.868,0.0,-57,0.574,1.083,3.170
2014/08/19 15:06:18,1.49,37.69876,-122.14990,38.386,62.538,0.0,-57,1.559,0.000,3.050
2014/08/19 15:06:23,1.51,37.69795,-122.14873,39.698,61.494,0.0,-69,1.452,1.625,2.817
2014/08/19 15:06:28,1.49,37.69715,-122.14757,39.370,59.247,0.0,-69,1.791,1.083,2.421
2014/08/19 15:06:33,1.49,37.69636,-122.14644,41.667,58.361,0.0,-69,1.004,0.000,1.900
2014/08/19 15:06:38,1.49,37.69560,-122.14535,41.995,56.763,0.0,-69,0.885,1.625,3.570
2014/08/19 15:06:43,1.49,37.69487,-122.14431,41.339,53.140,0.0,-69,0.578,1.083,1.871
2014/08/19 15:06:48,1.54,37.69416,-122.14334,40.026,51.300,0.0,-69,0.592,1.083,2.362
2014/08/19 15:06:53,1.49,37.69344,-122.14242,36.417,51.207,0.0,-69,0.820,0.000,0.000
2014/08/19 15:06:58,1.49,37.69276,-122.14145,37.073,50.851,0.0,-79,0.542,1.083,5.778
2014/08/19 15:07:03,1.49,37.69212,-122.14054,38.714,45.883,0.0,-79,0.631,1.125,2.126
2014/08/19 15:07:08,1.49,37.69145,-122.13967,37.402,48.413,0.0,-79,0.996,1.708,1.182
2014/08/19 15:07:13,1.5,37.69080,-122.13886,34.777,41.880,0.0,-79,0.567,0.000,1.141
2014/08/19 15:07:18,1.67,37.69031,-122.13802,33.136,41.474,0.0,-79,1.081,2.167,1.922
2014/08/19 15:07:23,1.59,37.68999,-122.13703,35.105,42.469,0.0,-79,1.348,2.458,2.961
2014/08/19 15:07:28,1.48,37.69004,-122.13581,45.932,50.483,0.0,-65,0.903,2.167,2.497
2014/08/19 15:07:33,1.53,37.69024,-122.13450,40.354,54.622,0.0,-65,1.030,0.000,2.311
2014/08/19 15:07:38,1.93,37.69044,-122.13314,36.417,55.044,0.0,-65,1.864,2.125,0.996
2014/08/19 15:07:44,1.48,37.69063,-122.13179,37.073,55.563,0.0,-65,1.414,2.125,0.789
2014/08/19 15:07:49,1.48,37.69079,-122.13041,47.572,55.103,0.0,-65,1.217,2.125,1.209
2014/08/19 15:07:54,1.48,37.69077,-122.12909,58.727,52.406,0.0,-65,0.540,2.167,2.117
2014/08/19 15:07:59,1.48,37.69067,-122.12774,68.570,54.423,0.0,-73,0.502,0.000,2.558
2014/08/19 15:08:04,1.69,37.69053,-122.12632,63.648,56.966,0.0,-73,0.278,1.417,1.002
2014/08/19 15:08:09,1.48,37.69035,-122.12488,52.493,57.565,0.0,-73,0.541,0.833,0.417
2014/08/19 15:08:14,1.48,37.69012,-122.12342,42.979,59.142,0.0,-73,1.439,0.000,0.782
2014/08/19 15:08:19,1.67,37.68988,-122.12194,44.291,58.758,0.0,-73,1.274,1.417,1.486
2014/08/19 15:08:24,1.48,37.68965,-122.12050,52.165,56.838,0.0,-73,1.012,1.458,0.000
2014/08/19 15:08:29,1.48,37.68944,-122.11915,61.352,52.799,0.0,-51,0.824,0.708,4.673
2014/08/19 15:08:34,1.5,37.68923,-122.11783,70.210,53.166,0.0,-51,1.391,0.000,1.641
2014/08/19 15:08:39,1.5,37.68900,-122.11656,76.115,50.561,0.0,-51,1.631,1.458,0.833
2014/08/19 15:08:44,1.53,37.68876,-122.11530,80.381,52.320,0.0,-51,1.433,1.417,1.393
2014/08/19 15:08:49,1.48,37.68855,-122.11398,79.396,53.425,0.0,-51,1.192,0.000,1.361
2014/08/19 15:08:54,1.58,37.68843,-122.11262,80.381,54.716,0.0,-51,0.956,1.417,2.198
2014/08/19 15:08:59,1.48,37.68843,-122.11121,67.913,57.259,0.0,-51,1.377,1.417,2.382
2014/08/19 15:09:04,1.48,37.68855,-122.10976,60.696,58.345,0.0,-63,1.375,0.000,2.625
2014/08/19 15:09:09,1.48,37.68872,-122.10827,61.352,61.921,0.0,-63,1.187,1.417,1.750
2014/08/19 15:09:14,1.48,37.68890,-122.10673,71.850,61.663,0.0,-63,0.991,0.000,0.000
2014/08/19 15:09:19,1.48,37.68906,-122.10519,83.990,62.283,0.0,-63,1.070,1.417,3.561
2014/08/19 15:09:24,1.48,37.68923,-122.10364,94.160,61.102,0.0,-63,0.832,1.458,2.537
2014/08/19 15:09:29,1.48,37.68939,-122.10216,106.955,59.244,0.0,-63,0.909,0.000,3.553
2014/08/19 15:09:34,1.49,37.68955,-122.10070,120.079,58.167,0.0,-59,1.208,1.417,2.545
2014/08/19 15:09:39,1.49,37.68972,-122.09921,133.858,60.466,0.0,-59,0.949,1.417,2.770
2014/08/19 15:09:44,1.63,37.68988,-122.09770,148.294,58.758,0.0,-59,0.517,0.000,2.702
2014/08/19 15:09:49,1.52,37.69006,-122.09622,161.745,59.605,0.0,-59,0.803,1.417,0.000
2014/08/19 15:09:54,1.49,37.69022,-122.09464,172.572,63.799,0.0,-59,0.467,0.000,4.622
2014/08/19 15:09:59,1.57,37.69035,-122.09302,184.383,64.144,0.0,-59,1.416,0.708,0.342
2014/08/19 15:10:04,1.49,37.69042,-122.09140,191.273,64.013,0.0,-69,1.388,1.250,0.198
2014/08/19 15:10:09,1.49,37.69046,-122.08983,191.929,61.277,0.0,-69,0.537,1.417,0.681
2014/08/19 15:10:14,1.49,37.69049,-122.08827,188.976,60.772,0.0,-69,1.289,2.333,0.596
2014/08/19 15:10:19,1.47,37.69050,-122.08675,180.446,60.422,0.0,-69,0.879,2.125,0.640
2014/08/19 15:10:24,1.47,37.69051,-122.08518,167.323,63.344,0.0,-69,1.109,0.000,1.443
2014/08/19 15:10:29,1.53,37.69052,-122.08354,156.824,65.707,0.0,-69,0.748,2.125,2.290
2014/08/19 15:10:34,1.47,37.69054,-122.08187,151.575,66.222,0.0,-69,0.890,1.417,2.354
2014/08/19 15:10:39,1.47,37.69055,-122.08020,150.919,65.358,0.0,-69,1.162,1.792,2.585
2014/08/19 15:10:44,1.47,37.69055,-122.07856,157.152,64.630,0.0,-69,1.135,2.125,1.571
2014/08/19 15:10:49,1.47,37.69056,-122.07690,169.291,65.270,0.0,-69,1.283,0.000,1.563
2014/08/19 15:10:54,1.47,37.69057,-122.07526,183.071,64.026,0.0,-69,0.800,2.125,1.412
2014/08/19 15:10:59,1.47,37.69058,-122.07367,191.273,62.313,0.0,-69,1.116,2.125,2.766
2014/08/19 15:11:04,1.47,37.69062,-122.07209,188.976,62.489,0.0,-69,1.189,0.000,1.450
2014/08/19 15:11:09,1.47,37.69074,-122.07054,182.415,60.975,0.0,-75,1.398,0.000,2.511
2014/08/19 15:11:14,1.47,37.69094,-122.06901,178.806,61.950,0.0,-75,0.862,0.000,3.814
2014/08/19 15:11:19,1.47,37.69121,-122.06753,176.181,59.893,0.0,-75,1.276,0.000,0.179
2014/08/19 15:11:24,1.47,37.69156,-122.06604,175.525,61.826,0.0,-75,1.776,0.083,0.279
2014/08/19 15:11:29,1.52,37.69198,-122.06455,181.102,62.830,0.0,-75,1.640,0.958,0.810
2014/08/19 15:11:34,1.64,37.69240,-122.06303,192.257,63.141,0.0,-75,1.193,0.875,0.382
2014/08/19 15:11:39,1.47,37.69282,-122.06152,204.396,62.973,0.0,-51,0.418,0.625,0.738
2014/08/19 15:11:44,1.64,37.69324,-122.06002,214.239,62.322,0.0,-51,1.002,1.583,0.374
2014/08/19 15:11:49,1.47,37.69351,-122.05850,215.879,60.672,0.0,-51,1.371,1.708,0.509
2014/08/19 15:11:54,1.47,37.69361,-122.05701,226.706,59.616,0.0,-51,0.668,1.833,0.478
2014/08/19 15:11:59,1.47,37.69352,-122.05550,243.766,60.760,0.0,-51,0.000,1.833,0.558
2014/08/19 15:12:04,1.47,37.69334,-122.05396,256.562,61.869,0.0,-51,1.279,1.667,0.442
2014/08/19 15:12:09,1.46,37.69323,-122.05206,268.701,64.704,0.0,-67,1.501,1.750,0.450
2014/08/19 15:12:14,1.46,37.69335,-122.05040,276.903,66.310,0.0,-67,1.036,1.542,0.708
2014/08/19 15:12:19,1.46,37.69366,-122.04878,285.105,66.084,0.0,-67,0.872,0.000,1.301
2014/08/19 15:12:24,1.46,37.69419,-122.04724,290.354,65.846,0.0,-67,0.608,0.833,0.851
2014/08/19 15:12:29,1.46,37.69488,-122.04584,296.260,63.712,0.0,-67,0.874,1.125,0.710
2014/08/19 15:12:34,1.46,37.69569,-122.04464,301.181,62.181,0.0,-67,1.291,1.083,0.934
2014/08/19 15:12:39,1.46,37.69661,-122.04359,308.071,63.486,0.0,-63,1.903,0.875,0.714
2014/08/19 15:12:44,1.46,37.69759,-122.04251,316.273,65.221,0.0,-63,1.429,1.083,0.630
2014/08/19 15:12:49,1.46,37.69860,-122.04143,326.115,65.314,0.0,-63,1.279,1.208,1.074
2014/08/19 15:12:54,1.63,37.69957,-122.04032,335.630,65.389,0.0,-63,1.189,0.875,0.808
2014/08/19 15:12:59,1.63,37.70037,-122.03917,346.785,54.083,0.0,-63,1.471,1.083,0.713
2014/08/19 15:13:04,1.66,37.70091,-122.03813,353.346,45.134,0.0,-63,1.378,1.083,1.105
2014/08/19 15:13:09,1.47,37.70128,-122.03722,357.612,37.164,0.0,-63,1.459,0.875,0.871
2014/08/19 15:13:14,1.86,37.70155,-122.03633,367.126,39.760,0.0,-75,1.859,1.125,0.830
2014/08/19 15:13:19,2.25,37.70178,-122.03531,375.328,43.126,0.0,-75,0.709,0.958,1.210
2014/08/19 15:13:24,1.63,37.70193,-122.03421,384.514,44.766,0.0,-75,0.222,0.000,0.000
2014/08/19 15:13:29,1.63,37.70198,-122.03304,397.310,47.826,0.0,-75,0.063,0.250,0.000
2014/08/19 15:13:34,1.46,37.70191,-122.03182,412.402,49.695,0.0,-75,0.063,0.000,0.000
2014/08/19 15:13:39,1.46,37.70174,-122.03056,423.556,50.571,0.0,-75,0.110,0.000,0.000
2014/08/19 15:13:44,1.48,37.70144,-122.02931,431.102,52.503,0.0,-83,0.570,0.125,0.698
2014/08/19 15:13:49,2.42,37.70108,-122.02802,433.727,54.647,0.0,-83,0.000,0.625,0.670
2014/08/19 15:13:54,1.87,37.70083,-122.02675,434.383,45.614,0.0,-83,1.378,0.000,0.000
2014/08/19 15:13:59,1.47,37.70071,-122.02572,433.727,37.939,0.0,-83,0.252,0.458,7.626
2014/08/19 15:14:04,1.46,37.70067,-122.02481,430.774,36.239,0.0,-83,0.675,0.833,2.094
2014/08/19 15:14:09,1.46,37.70069,-122.02387,423.228,38.026,0.0,-83,1.407,1.542,0.000
2014/08/19 15:14:14,1.46,37.70078,-122.02292,418.307,34.268,0.0,-65,1.744,1.417,2.636
2014/08/19 15:14:19,1.45,37.70090,-122.02220,416.010,27.668,0.0,-65,2.093,1.083,3.150
2014/08/19 15:14:24,1.65,37.70104,-122.02153,414.042,26.675,0.0,-65,1.804,0.000,2.561
2014/08/19 15:14:29,2.01,37.70122,-122.02091,412.730,25.550,0.0,-65,1.824,1.042,2.771
2014/08/19 15:14:34,1.47,37.70147,-122.02020,412.073,33.988,0.0,-65,2.298,1.625,2.430
2014/08/19 15:14:39,1.47,37.70179,-122.01936,412.402,38.029,0.0,-65,1.195,1.083,2.209
2014/08/19 15:14:44,1.45,37.70212,-122.01846,418.307,39.912,0.0,-51,1.519,0.000,1.908
2014/08/19 15:14:49,1.96,37.70239,-122.01752,427.822,39.185,0.0,-51,1.301,1.625,0.000
2014/08/19 15:14:54,1.67,37.70260,-122.01657,433.071,37.415,0.0,-51,1.743,1.083,3.929
2014/08/19 15:14:59,2.27,37.70272,-122.01572,440.945,31.786,0.0,-51,1.118,1.083,2.442
2014/08/19 15:15:04,1.88,37.70277,-122.01494,449.475,32.614,0.0,-51,1.545,0.000,2.278
2014/08/19 15:15:09,1.88,37.70281,-122.01408,456.365,35.476,0.0,-51,0.822,1.625,3.089
2014/08/19 15:15:14,1.88,37.70285,-122.01315,462.927,39.120,0.0,-51,1.210,1.042,2.598
2014/08/19 15:15:19,1.88,37.70289,-122.01215,469.488,39.729,0.0,-51,0.627,1.625,3.265
2014/08/19 15:15:24,1.88,37.70294,-122.01114,476.050,40.347,0.0,-51,0.631,0.000,2.166
2014/08/19 15:15:29,1.88,37.70298,-122.01012,484.580,40.931,0.0,-51,1.197,1.083,1.046
2014/08/19 15:15:34,1.88,37.70303,-122.00907,495.079,43.521,0.0,-51,1.059,1.625,0.993
2014/08/19 15:15:39,1.88,37.70308,-122.00791,503.937,47.423,0.0,-51,1.538,1.083,3.250
2014/08/19 15:15:44,1.88,37.70314,-122.00674,514.108,46.059,0.0,-51,1.475,0.000,2.905
2014/08/19 15:15:49,1.88,37.70319,-122.00556,524.934,47.546,0.0,-51,1.067,1.083,1.334
2014/08/19 15:15:54,1.45,37.70325,-122.00435,536.089,48.143,0.0,-51,1.564,1.625,0.000
2014/08/19 15:15:59,1.88,37.70331,-122.00311,545.932,50.503,0.0,-51,1.058,1.083,3.545
2014/08/19 15:16:04,1.88,37.70334,-122.00182,557.087,51.264,0.0,-51,1.005,0.000,2.709
2014/08/19 15:16:09,2.12,37.70332,-122.00051,567.585,51.877,0.0,-51,0.823,1.625,2.730
2014/08/19 15:16:14,2.04,37.70322,-121.99922,581.365,50.256,0.0,-51,1.149,1.083,2.402
2014/08/19 15:16:19,2.04,37.70307,-121.99796,594.488,49.800,0.0,-59,1.199,1.042,2.878
2014/08/19 15:16:24,2.04,37.70284,-121.99672,607.283,51.450,0.0,-59,0.998,0.000,1.862
2014/08/19 15:16:29,2.03,37.70252,-121.99546,622.047,52.114,0.0,-59,0.819,1.625,3.106
2014/08/19 15:16:34,1.44,37.70214,-121.99420,632.546,53.597,0.0,-59,0.757,1.083,2.742
2014/08/19 15:16:39,1.89,37.70167,-121.99295,644.685,54.890,0.0,-59,0.953,1.625,0.000
2014/08/19 15:16:44,1.93,37.70115,-121.99173,663.714,54.562,0.0,-59,0.825,0.000,3.070
2014/08/19 15:16:49,2.04,37.70063,-121.99053,681.759,54.042,0.0,-79,1.120,1.083,2.797
2014/08/19 15:16:54,1.44,37.70013,-121.98933,699.803,51.883,0.0,-79,0.875,1.083,3.602
2014/08/19 15:16:59,2.04,37.69975,-121.98809,704.068,53.756,0.0,-79,0.833,1.292,2.789
2014/08/19 15:17:04,1.89,37.69950,-121.98674,704.396,55.725,0.0,-79,2.006,0.000,2.087
2014/08/19 15:17:09,1.89,37.69934,-121.98531,706.693,58.045,0.0,-79,0.580,1.083,0.912
2014/08/19 15:17:14,1.89,37.69918,-121.98386,710.630,57.277,0.0,-79,1.014,0.000,1.676
2014/08/19 15:17:19,1.89,37.69900,-121.98242,717.848,57.641,0.0,-79,0.781,1.083,3.786
2014/08/19 15:17:24,1.44,37.69876,-121.98101,722.113,55.875,0.0,-83,0.440,0.542,0.000
2014/08/19 15:17:29,1.46,37.69853,-121.97966,726.706,54.793,0.0,-83,0.807,1.083,2.684
2014/08/19 15:17:34,1.44,37.69829,-121.97831,732.940,54.392,0.0,-83,0.647,0.000,3.338
2014/08/19 15:17:39,1.44,37.69806,-121.97696,736.877,55.474,0.0,-83,1.199,1.083,2.470
2014/08/19 15:17:44,1.89,37.69781,-121.97551,738.517,61.041,0.0,-83,2.013,1.625,2.361
2014/08/19 15:17:49,1.89,37.69754,-121.97396,735.564,63.292,0.0,-83,1.657,1.083,4.505
2014/08/19 15:17:54,1.44,37.69730,-121.97237,726.706,64.203,0.0,-59,1.583,0.000,1.762
2014/08/19 15:17:59,1.44,37.69715,-121.97077,712.598,62.908,0.0,-59,1.945,1.042,2.258
2014/08/19 15:18:04,1.45,37.69708,-121.96920,696.522,61.891,0.0,-59,0.625,1.625,1.913
2014/08/19 15:18:09,2.04,37.69706,-121.96762,681.759,63.385,0.0,-59,0.606,0.000,0.000
2014/08/19 15:18:14,2.05,37.69712,-121.96599,664.698,65.455,0.0,-59,1.544,1.125,2.718
2014/08/19 15:18:19,2.45,37.69726,-121.96436,650.262,63.469,0.0,-59,1.833,1.625,2.338
2014/08/19 15:18:24,2.45,37.69747,-121.96283,635.171,60.669,0.0,-51,1.920,0.000,1.918
2014/08/19 15:18:29,2.05,37.69772,-121.96134,617.782,59.956,0.0,-51,1.125,1.583,2.490
2014/08/19 15:18:34,1.45,37.69798,-121.95987,601.050,59.115,0.0,-51,1.730,1.083,2.051
2014/08/19 15:18:39,1.45,37.69819,-121.95840,584.974,59.035,0.0,-51,1.799,1.625,1.354
2014/08/19 15:18:44,1.45,37.69826,-121.95690,572.507,60.829,0.0,-51,0.760,1.125,3.154
2014/08/19 15:18:49,1.62,37.69825,-121.95535,560.039,60.627,0.0,-51,0.916,0.000,1.189
2014/08/19 15:18:54,1.62,37.69825,-121.95383,548.228,59.080,0.0,-73,1.229,1.625,1.790
2014/08/19 15:18:59,1.61,37.69824,-121.95232,534.449,61.038,0.0,-73,0.475,0.542,0.000
2014/08/19 15:19:04,1.61,37.69823,-121.95075,519.029,63.487,0.0,-73,0.148,0.000,0.000
2014/08/19 15:19:09,1.45,37.69822,-121.94912,503.937,64.585,0.0,-73,0.000,0.000,0.000
2014/08/19 15:19:14,1.45,37.69821,-121.94748,489.501,64.136,0.0,-73,0.000,0.542,5.889
2014/08/19 15:19:19,2.06,37.69820,-121.94588,475.394,62.875,0.0,-73,0.000,0.000,0.000
2014/08/19 15:19:24,1.45,37.69818,-121.94432,457.349,60.832,0.0,-73,0.000,0.000,0.000
2014/08/19 15:19:29,1.61,37.69817,-121.94280,443.241,59.065,0.0,-79,0.000,0.000,0.893
2014/08/19 15:19:34,1.61,37.69816,-121.94134,428.478,57.669,0.0,-79,0.000,0.000,0.237
2014/08/19 15:19:39,1.45,37.69815,-121.93989,415.354,57.004,0.0,-79,0.022,0.042,0.312
2014/08/19 15:19:44,1.45,37.69814,-121.93841,401.575,59.454,0.0,-79,1.240,0.250,1.910
2014/08/19 15:19:49,1.45,37.69813,-121.93689,388.780,60.514,0.0,-79,0.390,0.000,0.000
2014/08/19 15:19:54,1.45,37.69816,-121.93539,378.609,57.783,0.0,-79,0.000,0.167,4.555
2014/08/19 15:19:59,1.44,37.69830,-121.93398,372.047,55.757,0.0,-77,0.000,1.875,0.478
2014/08/19 15:20:04,1.44,37.69856,-121.93259,365.157,57.538,0.0,-77,0.003,1.875,0.442
2014/08/19 15:20:09,1.44,37.69890,-121.93117,353.346,58.882,0.0,-77,1.631,1.375,0.466
2014/08/19 15:20:14,1.44,37.69924,-121.92974,344.160,58.504,0.0,-77,1.167,0.417,0.246
2014/08/19 15:20:19,1.44,37.69955,-121.92831,338.255,58.478,0.0,-77,2.286,1.125,0.229
2014/08/19 15:20:24,1.44,37.69987,-121.92687,333.990,58.901,0.0,-77,2.763,0.000,0.249
2014/08/19 15:20:29,1.44,37.70019,-121.92546,326.115,57.059,0.0,-51,0.000,0.917,0.250
2014/08/19 15:20:34,1.44,37.70050,-121.92412,320.538,53.234,0.0,-51,0.987,0.000,0.000
2014/08/19 15:20:39,1.69,37.70074,-121.92286,320.538,50.317,0.0,-51,0.278,0.000,6.114
2014/08/19 15:20:44,1.44,37.70101,-121.92171,329.396,46.665,0.0,-51,0.206,0.000,5.461
2014/08/19 15:20:49,1.65,37.70110,-121.92060,327.100,41.991,0.0,-51,0.221,0.000,0.000
2014/08/19 15:20:54,1.75,37.70124,-121.91959,331.365,40.532,0.0,-51,0.179,0.000,0.000
2014/08/19 15:20:59,1.44,37.70136,-121.91863,327.100,37.688,0.0,-55,0.272,0.000,0.000
2014/08/19 15:21:04,1.44,37.70141,-121.91766,312.336,40.148,0.0,-55,0.228,0.000,0.000
2014/08/19 15:21:09,1.44,37.70136,-121.91659,306.102,41.482,0.0,-55,0.218,0.000,0.000
2014/08/19 15:21:14,1.44,37.70125,-121.91555,316.601,40.635,0.0,-55,0.000,0.000,0.000
2014/08/19 15:21:19,1.47,37.70117,-121.91453,321.522,41.564,0.0,-55,0.128,0.000,6.394
2014/08/19 15:21:24,1.44,37.70116,-121.91347,319.226,43.378,0.0,-55,0.440,0.000,1.563
2014/08/19 15:21:29,1.44,37.70125,-121.91238,313.648,44.280,0.0,-55,0.496,0.042,0.217
2014/08/19 15:21:34,1.44,37.70133,-121.91124,312.008,44.931,0.0,-59,0.971,0.458,0.902
2014/08/19 15:21:39,1.44,37.70133,-121.91012,310.039,43.032,0.0,-59,0.943,0.000,0.629
2014/08/19 15:21:44,1.44,37.70122,-121.90911,314.961,37.529,0.0,-59,0.311,0.333,3.498
2014/08/19 15:21:49,1.44,37.70090,-121.90825,323.163,38.455,0.0,-59,0.399,0.500,1.252
2014/08/19 15:21:54,1.43,37.70052,-121.90740,330.381,37.675,0.0,-59,1.796,1.250,0.694
2014/08/19 15:21:59,1.43,37.70020,-121.90661,339.567,29.537,0.0,-59,1.307,0.000,0.531
2014/08/19 15:22:04,1.43,37.70022,-121.90611,338.583,13.141,0.0,-73,0.860,0.583,0.416
2014/08/19 15:22:09,1.46,37.70023,-121.90602,335.630,0.352,0.0,-73,2.179,1.167,0.538
2014/08/19 15:22:14,1.43,37.70019,-121.90592,334.974,9.360,0.0,-73,3.003,0.750,0.422
2014/08/19 15:22:19,1.43,37.69994,-121.90568,333.661,20.566,0.0,-73,2.525,0.833,0.389
2014/08/19 15:22:24,1.43,37.69957,-121.90537,331.693,23.078,0.0,-73,2.206,0.625,0.577
2014/08/19 15:22:29,2.08,37.69927,-121.90511,330.052,8.734,0.0,-73,1.272,0.000,0.000
2014/08/19 15:22:34,2.08,37.69925,-121.90509,330.052,0.027,0.0,-71,0.000,0.000,7.693
2014/08/19 15:22:39,1.43,37.69925,-121.90509,335.630,0.055,0.0,-71,0.000,0.375,0.498
2014/08/19 15:22:44,1.43,37.69926,-121.90509,343.504,0.055,0.0,-71,0.000,0.625,0.417
2014/08/19 15:22:49,1.49,37.69925,-121.90508,346.129,0.536,0.0,-71,0.000,1.083,0.701
2014/08/19 15:22:54,1.49,37.69925,-121.90509,348.097,0.107,0.0,-71,0.003,0.917,1.749
2014/08/19 15:22:59,1.43,37.69925,-121.90509,350.722,0.056,0.0,-71,0.140,0.375,0.478
2014/08/19 15:23:04,1.49,37.69925,-121.90509,352.034,0.044,0.0,-77,0.908,0.500,0.274
2014/08/19 15:23:09,1.43,37.69926,-121.90510,358.596,0.058,0.0,-77,0.997,0.958,0.689
2014/08/19 15:23:14,1.43,37.69925,-121.90509,363.845,1.997,0.0,-77,1.369,1.167,0.990
2014/08/19 15:23:19,1.59,37.69914,-121.90499,364.173,10.368,0.0,-77,0.406,0.500,1.660
2014/08/19 15:23:24,1.66,37.69892,-121.90480,362.861,13.610,0.0,-77,0.229,0.000,2.778
2014/08/19 15:23:29,2.09,37.69869,-121.90481,354.331,11.989,0.0,-77,0.086,0.417,1.644
2014/08/19 15:23:34,1.43,37.69860,-121.90509,350.066,13.385,0.0,-77,0.862,1.417,0.445
2014/08/19 15:23:39,1.43,37.69849,-121.90546,352.034,18.803,0.0,-75,1.243,1.583,0.501
2014/08/19 15:23:44,1.58,37.69826,-121.90588,351.378,20.193,0.0,-75,0.920,1.000,1.670
2014/08/19 15:23:49,1.58,37.69797,-121.90625,349.409,21.178,0.0,-75,0.818,1.417,0.250
2014/08/19 15:23:54,1.42,37.69769,-121.90664,353.018,17.972,0.0,-75,0.378,0.750,1.471
2014/08/19 15:23:59,1.42,37.69770,-121.90694,351.050,12.131,0.0,-75,0.337,0.000,1.905
2014/08/19 15:24:04,1.58,37.69800,-121.90710,347.113,20.848,0.0,-75,0.000,0.375,0.000
2014/08/19 15:24:09,1.63,37.69845,-121.90727,341.535,24.383,0.0,-75,0.000,0.250,5.574
2014/08/19 15:24:14,1.63,37.69892,-121.90744,335.958,24.349,0.0,-75,0.000,0.417,0.000
2014/08/19 15:24:19,1.58,37.69933,-121.90757,328.740,16.002,0.0,-75,0.000,0.000,4.192
2014/08/19 15:24:24,1.58,37.69956,-121.90765,321.522,2.185,0.0,-75,0.000,0.250,2.290
2014/08/19 15:24:29,1.4,37.69973,-121.90771,321.194,14.969,0.0,-75,0.000,1.250,1.777
2014/08/19 15:24:34,1.61,37.70010,-121.90785,320.210,20.798,0.0,-75,0.000,1.375,2.609
2014/08/19 15:24:39,1.97,37.70052,-121.90805,322.507,24.853,0.0,-77,0.000,0.000,3.626
2014/08/19 15:24:44,1.4,37.70093,-121.90848,317.257,27.787,0.0,-77,0.000,1.958,3.854
2014/08/19 15:24:49,1.4,37.70118,-121.90913,320.538,30.683,0.0,-77,0.000,1.167,0.000
2014/08/19 15:24:54,1.4,37.70128,-121.90990,323.491,31.894,0.0,-77,0.000,0.000,3.399
2014/08/19 15:24:59,1.93,37.70128,-121.91068,329.724,31.110,0.0,-77,0.000,1.125,0.000
2014/08/19 15:25:04,1.4,37.70126,-121.91151,330.709,33.755,0.0,-77,0.000,0.000,0.000
2014/08/19 15:25:09,1.93,37.70118,-121.91238,335.302,35.615,0.0,-77,0.000,0.583,0.000
2014/08/19 15:25:14,2.39,37.70111,-121.91331,341.207,37.587,0.0,-77,0.000,0.000,7.533
2014/08/19 15:25:19,2.87,37.70111,-121.91427,345.472,38.433,0.0,-77,0.000,0.000,0.000
2014/08/19 15:25:24,1.61,37.70118,-121.91524,348.753,39.308,0.0,-77,0.000,0.000,0.000
2014/08/19 15:25:29,1.54,37.70127,-121.91623,348.425,39.189,0.0,-77,0.000,0.000,0.000
2014/08/19 15:25:34,1.93,37.70132,-121.91721,345.144,38.464,0.0,-77,0.000,0.000,0.000
2014/08/19 15:25:39,3.48,37.70129,-121.91812,345.144,33.061,0.0,-77,0.000,0.000,0.000
2014/08/19 15:25:44,1.46,37.70116,-121.91889,342.848,28.447,0.0,-71,0.000,0.000,0.000
2014/08/19 15:25:49,1.93,37.70081,-121.91949,336.286,29.688,0.0,-71,0.000,0.000,0.000
2014/08/19 15:25:54,2.04,37.70032,-121.91994,331.037,29.979,0.0,-71,0.000,0.000,0.000
2014/08/19 15:25:59,2.11,37.69982,-121.92038,330.381,29.961,0.0,-71,0.000,0.000,0.000
2014/08/19 15:26:04,1.39,37.69934,-121.92073,326.115,25.858,0.0,-71,0.000,0.000,0.000
2014/08/19 15:26:09,1.41,37.69885,-121.92067,324.147,25.694,0.0,-71,0.000,0.000,0.000
2014/08/19 15:26:14,1.41,37.69832,-121.92049,321.194,27.311,0.0,-69,0.000,0.000,0.000
2014/08/19 15:26:19,1.96,37.69777,-121.92029,319.554,29.190,0.0,-69,0.000,0.000,0.000
2014/08/19 15:26:24,1.39,37.69722,-121.92008,318.570,28.327,0.0,-69,0.000,0.000,0.000
2014/08/19 15:26:29,1.95,37.69667,-121.91987,317.257,28.879,0.0,-69,0.000,0.000,0.000
2014/08/19 15:26:34,1.41,37.69610,-121.91966,316.601,30.429,0.0,-69,0.000,0.000,0.000
2014/08/19 15:26:39,1.39,37.69551,-121.91944,317.257,31.504,0.0,-69,0.000,0.000,0.000
2014/08/19 15:26:44,1.41,37.69488,-121.91919,316.929,33.878,0.0,-65,0.000,0.000,0.000
2014/08/19 15:26:49,1.39,37.69422,-121.91894,318.570,34.225,0.0,-65,0.000,0.000,0.435
2014/08/19 15:26:54,1.39,37.69355,-121.91868,316.929,35.136,0.0,-65,0.048,0.083,0.211
2014/08/19 15:26:59,1.39,37.69289,-121.91842,315.945,32.897,0.0,-65,0.478,0.000,1.018
2014/08/19 15:27:04,1.43,37.69231,-121.91812,315.289,29.291,0.0,-65,1.448,0.333,0.306
2014/08/19 15:27:09,1.39,37.69196,-121.91756,320.538,28.930,0.0,-65,0.874,0.458,0.454
2014/08/19 15:27:14,1.39,37.69169,-121.91685,327.428,31.194,0.0,-67,0.911,1.125,0.568
2014/08/19 15:27:19,2.13,37.69156,-121.91609,330.709,30.729,0.0,-67,0.729,1.250,0.634
2014/08/19 15:27:24,1.6,37.69149,-121.91535,325.787,28.000,0.0,-67,0.895,1.208,0.779
2014/08/19 15:27:29,1.39,37.69124,-121.91477,325.131,25.720,0.0,-67,1.211,1.708,0.486
2014/08/19 15:27:34,1.39,37.69076,-121.91470,324.147,23.179,0.0,-67,1.288,1.458,0.566
2014/08/19 15:27:39,2.12,37.69041,-121.91484,323.819,16.303,0.0,-67,0.173,1.125,0.573
2014/08/19 15:27:44,2.42,37.69039,-121.91530,330.381,23.292,0.0,-67,0.520,1.208,0.502
2014/08/19 15:27:49,1.39,37.69046,-121.91598,336.286,30.209,0.0,-59,0.649,1.583,0.509
2014/08/19 15:27:54,1.38,37.69057,-121.91680,337.270,34.795,0.0,-59,1.360,1.625,0.418
2014/08/19 15:27:59,1.94,37.69073,-121.91767,336.286,34.858,0.0,-59,1.368,1.083,0.950
2014/08/19 15:28:04,1.94,37.69119,-121.91839,329.724,39.807,0.0,-59,1.211,1.208,0.670
2014/08/19 15:28:09,2.12,37.69199,-121.91883,329.068,46.497,0.0,-59,1.274,1.250,0.542
2014/08/19 15:28:14,1.4,37.69291,-121.91924,326.444,49.934,0.0,-59,0.000,1.125,1.289
2014/08/19 15:28:19,1.4,37.69388,-121.91967,324.475,51.756,0.0,-57,0.483,0.833,1.166
2014/08/19 15:28:24,1.38,37.69489,-121.92011,324.803,54.210,0.0,-57,0.964,0.000,0.430
2014/08/19 15:28:29,1.38,37.69595,-121.92055,325.459,56.997,0.0,-57,1.142,1.500,0.542
2014/08/19 15:28:34,1.38,37.69702,-121.92100,324.475,55.654,0.0,-57,0.823,1.625,0.579
2014/08/19 15:28:39,1.53,37.69813,-121.92144,327.100,58.552,0.0,-57,0.894,1.750,0.472
2014/08/19 15:28:44,1.38,37.69927,-121.92188,339.895,59.747,0.0,-57,1.272,1.417,0.000
2014/08/19 15:28:49,1.38,37.70041,-121.92233,351.706,58.578,0.0,-53,1.151,0.000,0.000
2014/08/19 15:28:54,1.81,37.70151,-121.92276,356.299,57.107,0.0,-53,0.443,1.458,0.000
2014/08/19 15:28:59,1.38,37.70262,-121.92320,358.924,59.082,0.0,-53,0.241,0.000,0.000
2014/08/19 15:29:04,1.38,37.70373,-121.92379,355.315,60.044,0.0,-53,0.000,0.000,0.000
2014/08/19 15:29:09,1.95,37.70479,-121.92455,356.299,60.802,0.0,-53,0.000,0.000,0.000
2014/08/19 15:29:14,1.95,37.70583,-121.92541,355.643,62.053,0.0,-53,0.000,0.000,0.000
2014/08/19 15:29:19,1.44,37.70688,-121.92628,357.612,62.848,0.0,-51,0.000,0.000,0.171
2014/08/19 15:29:24,1.38,37.70793,-121.92716,359.252,62.611,0.0,-51,0.022,0.083,0.527
2014/08/19 15:29:29,1.38,37.70896,-121.92802,360.892,59.043,0.0,-51,2.157,1.292,0.469
2014/08/19 15:29:34,1.38,37.70992,-121.92883,361.220,57.856,0.0,-51,1.589,1.208,0.293
2014/08/19 15:29:39,1.38,37.71090,-121.92966,361.877,60.200,0.0,-51,0.914,1.500,0.417
2014/08/19 15:29:44,1.37,37.71194,-121.93053,361.220,62.609,0.0,-51,0.721,1.167,0.278
2014/08/19 15:29:49,1.37,37.71299,-121.93142,361.877,63.725,0.0,-67,0.136,0.417,3.183
2014/08/19 15:29:54,1.37,37.71406,-121.93231,362.861,63.590,0.0,-67,0.355,1.167,1.237
2014/08/19 15:29:59,1.44,37.71512,-121.93321,363.189,63.724,0.0,-67,0.829,0.000,1.090
2014/08/19 15:30:04,1.44,37.71620,-121.93409,362.205,63.414,0.0,-67,1.413,1.625,2.150
2014/08/19 15:30:09,1.37,37.71725,-121.93495,363.189,62.109,0.0,-67,0.920,1.500,1.060
2014/08/19 15:30:14,1.37,37.71829,-121.93583,365.157,62.483,0.0,-67,1.138,0.917,0.789
2014/08/19 15:30:19,1.65,37.71935,-121.93671,366.142,63.656,0.0,-67,0.789,1.375,0.957
2014/08/19 15:30:24,2.2,37.72042,-121.93760,370.735,63.894,0.0,-71,0.743,1.625,0.514
2014/08/19 15:30:29,2.2,37.72152,-121.93847,375.328,65.853,0.0,-71,1.125,1.167,0.687
2014/08/19 15:30:34,1.43,37.72265,-121.93935,379.921,66.017,0.0,-71,1.192,1.375,0.754
2014/08/19 15:30:39,2.17,37.72376,-121.94022,385.499,63.487,0.0,-71,1.233,1.375,0.295
2014/08/19 15:30:44,1.46,37.72486,-121.94108,388.451,64.521,0.0,-71,0.560,1.667,0.354
2014/08/19 15:30:49,2.17,37.72598,-121.94195,392.388,65.955,0.0,-71,0.114,0.000,0.000
2014/08/19 15:30:54,2.17,37.72711,-121.94283,395.997,66.689,0.0,-81,0.000,0.583,0.000
2014/08/19 15:30:59,1.99,37.72825,-121.94371,400.919,65.438,0.0,-81,0.332,0.542,0.000
2014/08/19 15:31:04,1.99,37.72935,-121.94457,406.168,64.344,0.0,-81,0.171,0.583,1.089
2014/08/19 15:31:09,1.43,37.73046,-121.94543,411.745,65.491,0.0,-81,0.377,1.083,0.849
2014/08/19 15:31:14,1.43,37.73158,-121.94630,416.995,66.344,0.0,-81,0.697,1.333,1.716
2014/08/19 15:31:19,1.65,37.73272,-121.94719,420.276,66.657,0.0,-81,0.819,0.000,2.574
2014/08/19 15:31:24,1.65,37.73386,-121.94807,425.197,66.948,0.0,-63,1.495,1.333,3.197
2014/08/19 15:31:29,2.21,37.73504,-121.94898,430.446,69.022,0.0,-63,1.574,0.833,1.450
2014/08/19 15:31:34,2.16,37.73625,-121.94984,436.352,69.957,0.0,-63,1.182,1.292,1.624
2014/08/19 15:31:39,1.95,37.73752,-121.95068,441.273,71.862,0.0,-63,1.235,0.000,2.329
2014/08/19 15:31:44,1.36,37.73878,-121.95153,437.336,69.772,0.0,-63,0.993,1.250,2.249
2014/08/19 15:31:49,1.36,37.74003,-121.95239,435.039,71.396,0.0,-63,1.520,0.000,1.278
2014/08/19 15:31:54,1.36,37.74130,-121.95325,429.134,71.923,0.0,-51,1.570,1.667,1.698
2014/08/19 15:31:59,1.95,37.74258,-121.95412,427.822,72.706,0.0,-51,1.943,1.500,1.349
2014/08/19 15:32:04,2.0,37.74388,-121.95500,434.711,74.380,0.0,-51,1.958,1.250,0.000
2014/08/19 15:32:09,2.17,37.74522,-121.95586,449.475,73.794,0.0,-51,2.036,0.417,0.278
2014/08/19 15:32:14,1.95,37.74651,-121.95663,467.192,67.713,0.0,-51,2.631,1.333,0.446
2014/08/19 15:32:19,2.13,37.74769,-121.95732,479.331,63.750,0.0,-51,1.528,0.000,0.546
2014/08/19 15:32:24,2.13,37.74889,-121.95801,486.549,67.101,0.0,-51,0.676,1.250,0.857
2014/08/19 15:32:29,2.38,37.75013,-121.95875,488.517,68.688,0.0,-57,0.578,1.250,2.547
2014/08/19 15:32:34,1.95,37.75137,-121.95952,487.861,67.888,0.0,-57,0.539,0.875,1.422
2014/08/19 15:32:39,2.47,37.75253,-121.96028,481.955,64.585,0.0,-57,0.774,1.250,2.846
2014/08/19 15:32:44,1.95,37.75373,-121.96107,478.675,69.762,0.0,-57,0.339,0.833,1.549
2014/08/19 15:32:49,1.95,37.75498,-121.96188,479.987,70.559,0.0,-57,1.139,0.000,1.537
2014/08/19 15:32:54,1.95,37.75626,-121.96272,479.003,72.085,0.0,-57,0.822,1.250,1.851
2014/08/19 15:32:59,1.95,37.75754,-121.96356,481.627,71.559,0.0,-67,0.504,1.333,4.026
2014/08/19 15:33:04,1.95,37.75879,-121.96437,482.283,67.520,0.0,-67,0.969,0.958,2.122
2014/08/19 15:33:09,1.95,37.75994,-121.96512,484.908,63.702,0.0,-67,1.285,0.000,0.000
2014/08/19 15:33:14,1.95,37.76105,-121.96588,489.501,64.167,0.0,-67,0.411,0.958,5.549
2014/08/19 15:33:19,1.95,37.76222,-121.96667,491.142,67.085,0.0,-67,1.294,0.958,2.217
2014/08/19 15:33:24,1.95,37.76343,-121.96745,497.375,67.538,0.0,-67,1.288,1.458,1.921
2014/08/19 15:33:29,1.95,37.76464,-121.96823,502.297,67.580,0.0,-69,1.209,0.000,4.838
2014/08/19 15:33:34,1.95,37.76586,-121.96903,508.530,68.752,0.0,-69,1.038,0.958,2.697
2014/08/19 15:33:39,1.95,37.76711,-121.96984,513.123,70.878,0.0,-69,0.875,1.417,0.000
2014/08/19 15:33:44,2.13,37.76839,-121.97061,520.341,70.267,0.0,-69,0.603,0.458,3.977
2014/08/19 15:33:49,2.13,37.76970,-121.97131,517.060,70.886,0.0,-69,1.080,0.000,1.851
2014/08/19 15:33:54,1.95,37.77101,-121.97198,507.874,70.818,0.0,-69,0.575,1.292,3.234
2014/08/19 15:33:59,1.95,37.77234,-121.97267,506.562,70.788,0.0,-61,0.822,0.000,2.030
2014/08/19 15:34:04,1.95,37.77363,-121.97331,504.593,68.056,0.0,-61,0.639,1.250,2.957
2014/08/19 15:34:09,1.95,37.77490,-121.97395,501.969,67.967,0.0,-61,0.828,0.917,1.854
2014/08/19 15:34:14,1.95,37.77618,-121.97460,501.312,69.227,0.0,-61,0.668,0.000,0.000
2014/08/19 15:34:19,2.13,37.77747,-121.97525,497.703,68.856,0.0,-61,0.477,0.958,5.170
2014/08/19 15:34:24,1.95,37.77876,-121.97591,488.189,69.296,0.0,-61,0.000,1.083,0.638
2014/08/19 15:34:29,1.95,37.78005,-121.97656,484.908,70.234,0.0,-61,1.171,0.000,1.049
2014/08/19 15:34:34,1.95,37.78132,-121.97719,478.675,66.480,0.0,-67,0.628,1.417,1.862
2014/08/19 15:34:39,1.95,37.78256,-121.97783,482.283,66.991,0.0,-67,0.797,0.958,3.423
2014/08/19 15:34:44,1.95,37.78381,-121.97852,494.423,68.552,0.0,-67,0.926,0.958,0.000
2014/08/19 15:34:49,2.13,37.78507,-121.97923,506.234,67.759,0.0,-67,0.479,0.958,3.902
2014/08/19 15:34:54,1.95,37.78630,-121.97992,513.780,65.295,0.0,-67,0.520,0.000,1.430
2014/08/19 15:34:59,2.68,37.78748,-121.98057,514.436,62.430,0.0,-67,1.264,1.417,1.162
2014/08/19 15:35:04,1.95,37.78867,-121.98116,500.656,65.554,0.0,-55,1.176,0.958,2.731
2014/08/19 15:35:09,2.13,37.78990,-121.98175,487.861,66.858,0.0,-55,1.833,0.958,2.969
2014/08/19 15:35:14,2.13,37.79116,-121.98235,477.690,67.797,0.0,-55,0.951,0.958,1.942
2014/08/19 15:35:19,2.13,37.79247,-121.98297,464.895,70.754,0.0,-55,0.991,0.000,0.000
2014/08/19 15:35:24,2.13,37.79382,-121.98360,458.990,71.402,0.0,-55,1.384,0.958,6.366
2014/08/19 15:35:29,2.69,37.79515,-121.98431,460.958,70.943,0.0,-55,0.869,0.000,5.083
2014/08/19 15:35:34,2.13,37.79640,-121.98518,460.630,71.780,0.0,-83,0.359,0.917,2.635
2014/08/19 15:35:39,2.13,37.79758,-121.98607,450.787,66.604,0.0,-83,0.299,0.000,1.788
2014/08/19 15:35:44,1.95,37.79875,-121.98696,443.570,68.332,0.0,-83,0.954,1.167,1.702
2014/08/19 15:35:49,1.95,37.79996,-121.98775,449.147,68.555,0.0,-83,1.325,1.417,1.751
2014/08/19 15:35:54,1.95,37.80125,-121.98841,447.178,68.942,0.0,-83,0.743,0.000,0.000
2014/08/19 15:35:59,1.95,37.80250,-121.98896,439.633,64.041,0.0,-83,0.829,0.958,5.709
2014/08/19 15:36:04,1.95,37.80372,-121.98949,432.743,64.368,0.0,-77,1.280,0.958,3.322
2014/08/19 15:36:09,1.95,37.80495,-121.99003,424.213,65.775,0.0,-77,1.323,0.958,2.553
2014/08/19 15:36:14,1.95,37.80622,-121.99058,416.339,66.707,0.0,-77,1.100,0.000,0.000
2014/08/19 15:36:19,1.95,37.80747,-121.99112,407.480,65.420,0.0,-77,0.716,0.958,3.162
2014/08/19 15:36:24,1.95,37.80870,-121.99165,402.559,63.553,0.0,-77,0.641,1.417,2.262
2014/08/19 15:36:29,1.95,37.80989,-121.99216,396.654,61.742,0.0,-77,1.247,1.417,4.430
2014/08/19 15:36:34,2.0,37.81104,-121.99264,394.029,59.459,0.0,-77,1.423,0.000,1.177
2014/08/19 15:36:39,1.95,37.81210,-121.99298,393.701,48.087,0.0,-51,1.256,1.125,0.561
2014/08/19 15:36:44,1.95,37.81293,-121.99315,396.325,36.391,0.0,-51,1.026,1.458,2.638
2014/08/19 15:36:49,1.95,37.81346,-121.99321,401.247,19.549,0.0,-51,1.173,0.000,1.963
2014/08/19 15:36:54,1.95,37.81367,-121.99323,398.950,2.755,0.0,-51,1.865,0.958,1.804
2014/08/19 15:36:59,1.45,37.81370,-121.99323,398.950,0.026,0.0,-51,1.045,1.500,2.731
2014/08/19 15:37:04,1.45,37.81371,-121.99322,399.278,0.800,0.0,-51,1.330,0.958,1.970
2014/08/19 15:37:09,1.45,37.81371,-121.99323,399.278,0.014,0.0,-55,1.688,1.458,2.298
2014/08/19 15:37:14,1.45,37.81375,-121.99323,398.622,7.706,0.0,-55,1.219,1.000,3.722
2014/08/19 15:37:19,1.45,37.81403,-121.99324,397.966,18.482,0.0,-55,1.423,0.000,0.000
2014/08/19 15:37:24,1.45,37.81448,-121.99324,402.231,25.571,0.0,-55,1.802,0.958,2.971
2014/08/19 15:37:29,1.69,37.81505,-121.99323,405.512,31.468,0.0,-55,1.887,0.000,1.458
2014/08/19 15:37:34,1.54,37.81570,-121.99321,403.543,28.357,0.0,-55,1.174,0.000,0.170
2014/08/19 15:37:39,1.55,37.81608,-121.99320,401.903,12.035,0.0,-53,1.250,0.083,0.178
2014/08/19 15:37:44,1.69,37.81627,-121.99320,400.262,8.597,0.0,-53,1.326,1.333,1.330
2014/08/19 15:37:49,1.7,37.81641,-121.99320,396.982,5.500,0.0,-53,1.035,0.875,1.070
2014/08/19 15:37:54,1.7,37.81661,-121.99319,395.669,14.442,0.0,-53,1.183,1.083,0.685
2014/08/19 15:37:59,1.45,37.81697,-121.99318,394.029,19.413,0.0,-53,1.064,1.250,0.671
2014/08/19 15:38:04,1.45,37.81735,-121.99317,392.060,17.852,0.0,-53,0.800,0.000,1.049
2014/08/19 15:38:09,1.45,37.81770,-121.99316,390.748,17.302,0.0,-63,0.942,0.833,0.746
2014/08/19 15:38:14,1.55,37.81812,-121.99315,388.780,23.163,0.0,-63,1.043,1.125,0.670
2014/08/19 15:38:19,1.55,37.81857,-121.99314,387.795,22.420,0.0,-63,1.356,1.208,1.282
2014/08/19 15:38:24,1.45,37.81901,-121.99313,386.483,20.569,0.0,-63,1.121,0.833,0.726
2014/08/19 15:38:29,1.45,37.81927,-121.99312,385.499,8.267,0.0,-63,0.685,1.125,0.718
2014/08/19 15:38:34,1.45,37.81939,-121.99312,381.890,5.643,0.0,-63,0.992,1.000,1.228
2014/08/19 15:38:39,1.55,37.81952,-121.99312,381.562,8.583,0.0,-63,0.645,0.583,1.690
2014/08/19 15:38:44,1.82,37.81971,-121.99312,381.890,9.550,0.0,-79,0.781,1.125,0.626
2014/08/19 15:38:49,1.82,37.81994,-121.99311,381.562,12.115,0.0,-79,0.875,0.958,1.254
2014/08/19 15:38:54,1.45,37.82015,-121.99311,377.953,6.713,0.0,-79,0.968,0.958,0.952
2014/08/19 15:38:59,1.45,37.82024,-121.99311,374.672,4.096,0.0,-79,1.360,1.083,0.484
2014/08/19 15:39:04,1.45,37.82032,-121.99311,372.703,4.646,0.0,-79,0.704,0.000,1.303
2014/08/19 15:39:09,1.45,37.82047,-121.99311,370.735,11.016,0.0,-79,0.927,1.125,1.746
2014/08/19 15:39:14,1.45,37.82077,-121.99312,372.047,18.124,0.0,-75,0.567,1.333,2.752
2014/08/19 15:39:19,1.45,37.82119,-121.99315,372.375,23.358,0.0,-75,0.638,0.000,0.000
2014/08/19 15:39:24,1.45,37.82172,-121.99322,372.375,28.684,0.0,-75,0.695,1.667,2.569
2014/08/19 15:39:29,1.45,37.82235,-121.99337,370.407,33.100,0.0,-75,1.113,1.167,2.389
2014/08/19 15:39:34,1.45,37.82297,-121.99356,371.719,29.986,0.0,-75,0.769,0.000,3.210
2014/08/19 15:39:39,1.45,37.82357,-121.99381,371.391,33.472,0.0,-75,0.773,1.333,0.000
2014/08/19 15:39:44,1.45,37.82425,-121.99416,372.703,39.328,0.0,-75,0.336,0.000,5.422
2014/08/19 15:39:49,1.45,37.82501,-121.99466,376.969,42.791,0.0,-75,0.547,1.042,2.973
2014/08/19 15:39:54,1.45,37.82570,-121.99523,382.218,40.064,0.0,-75,0.000,1.042,1.758
2014/08/19 15:39:59,1.45,37.82635,-121.99588,388.123,42.378,0.0,-75,0.332,0.000,1.042
2014/08/19 15:40:04,1.45,37.82695,-121.99659,397.310,39.501,0.0,-75,0.636,1.083,1.129
2014/08/19 15:40:09,1.94,37.82745,-121.99731,400.919,37.722,0.0,-75,0.673,1.542,1.737
2014/08/19 15:40:14,1.94,37.82794,-121.99807,398.294,36.811,0.0,-73,1.043,0.000,0.000
2014/08/19 15:40:19,1.46,37.82838,-121.99875,395.997,33.569,0.0,-73,0.506,1.000,4.562
2014/08/19 15:40:24,1.46,37.82883,-121.99944,394.685,36.033,0.0,-73,0.819,1.542,2.130
2014/08/19 15:40:29,1.46,37.82925,-122.00008,394.357,28.226,0.0,-73,1.024,1.042,3.070
2014/08/19 15:40:34,1.46,37.82960,-122.00064,393.701,29.701,0.0,-73,0.668,1.000,3.258
2014/08/19 15:40:39,1.46,37.83001,-122.00125,395.669,31.681,0.0,-73,1.114,0.000,1.862
2014/08/19 15:40:44,1.46,37.83042,-122.00190,395.669,32.819,0.0,-73,0.929,1.500,0.000
2014/08/19 15:40:49,1.46,37.83076,-122.00242,394.029,23.781,0.0,-57,1.275,1.042,4.058
2014/08/19 15:40:54,1.46,37.83105,-122.00287,392.388,22.342,0.0,-57,1.545,1.000,3.140
2014/08/19 15:40:59,1.46,37.83135,-122.00333,392.060,23.789,0.0,-57,1.317,1.542,1.920
2014/08/19 15:41:04,1.46,37.83159,-122.00371,389.764,14.993,0.0,-57,1.494,0.000,3.402
2014/08/19 15:41:09,1.46,37.83175,-122.00396,387.795,11.020,0.0,-57,1.079,1.042,1.502
2014/08/19 15:41:14,1.46,37.83181,-122.00406,388.123,0.043,0.0,-57,1.311,1.500,1.797
2014/08/19 15:41:19,1.71,37.83181,-122.00406,390.748,0.016,0.0,-73,1.531,1.042,3.069
2014/08/19 15:41:24,1.71,37.83181,-122.00406,391.404,0.037,0.0,-73,0.801,1.000,2.958
2014/08/19 15:41:29,1.46,37.83185,-122.00412,392.717,6.962,0.0,-73,1.681,0.000,2.682
2014/08/19 15:41:34,1.46,37.83199,-122.00432,392.060,12.247,0.0,-73,1.933,1.542,0.000
2014/08/19 15:41:39,1.46,37.83218,-122.00462,389.108,18.975,0.0,-73,1.567,1.000,3.330
2014/08/19 15:41:44,1.46,37.83246,-122.00505,387.795,23.985,0.0,-73,0.999,1.542,1.698
2014/08/19 15:41:49,2.21,37.83279,-122.00556,386.811,28.062,0.0,-75,0.559,0.000,3.562
2014/08/19 15:41:54,2.21,37.83315,-122.00610,385.499,27.299,0.0,-75,0.713,1.000,3.018
2014/08/19 15:41:59,1.71,37.83352,-122.00668,383.858,32.177,0.0,-75,1.162,1.542,1.981
2014/08/19 15:42:04,1.94,37.83393,-122.00733,381.234,32.986,0.0,-75,1.102,0.000,0.000
2014/08/19 15:42:09,2.21,37.83434,-122.00801,377.953,35.180,0.0,-75,0.968,1.000,4.278
2014/08/19 15:42:14,2.21,37.83479,-122.00874,375.984,37.498,0.0,-75,0.860,1.042,3.085
2014/08/19 15:42:19,2.21,37.83529,-122.00958,372.047,43.046,0.0,-77,0.580,1.500,1.734
2014/08/19 15:42:24,1.72,37.83578,-122.01039,369.423,37.985,0.0,-77,0.690,1.042,3.786
2014/08/19 15:42:29,1.72,37.83620,-122.01109,365.486,31.372,0.0,-77,0.740,0.000,2.045
2014/08/19 15:42:34,1.76,37.83655,-122.01167,363.517,25.999,0.0,-77,0.814,1.542,1.986
2014/08/19 15:42:39,1.72,37.83672,-122.01194,362.533,4.267,0.0,-77,0.883,1.042,3.268
2014/08/19 15:42:44,1.72,37.83673,-122.01197,361.549,1.572,0.0,-77,0.882,1.000,1.835
2014/08/19 15:42:49,1.72,37.83678,-122.01204,365.486,3.199,0.0,-77,1.025,1.542,2.069
2014/08/19 15:42:54,1.72,37.83679,-122.01206,366.142,1.706,0.0,-59,0.968,1.000,0.000
2014/08/19 15:42:59,1.72,37.83683,-122.01212,367.454,3.886,0.0,-59,1.367,1.000,3.486
2014/08/19 15:43:04,1.72,37.83684,-122.01215,370.407,0.029,0.0,-59,1.551,0.000,2.923
2014/08/19 15:43:09,1.72,37.83689,-122.01222,370.735,7.788,0.0,-59,0.850,1.583,2.739
2014/08/19 15:43:14,1.72,37.83704,-122.01247,369.423,16.434,0.0,-59,1.426,1.042,1.710
2014/08/19 15:43:19,2.21,37.83731,-122.01292,366.470,25.914,0.0,-59,1.299,0.000,1.615
2014/08/19 15:43:24,2.21,37.83765,-122.01349,362.861,30.221,0.0,-65,0.649,1.542,4.254
2014/08/19 15:43:29,2.21,37.83804,-122.01415,359.252,34.404,0.0,-65,0.777,1.042,0.000
2014/08/19 15:43:34,2.21,37.83850,-122.01489,355.643,38.644,0.0,-65,0.716,1.583,3.050
2014/08/19 15:43:39,2.21,37.83897,-122.01569,351.706,40.501,0.0,-65,1.301,0.000,2.029
2014/08/19 15:43:44,2.21,37.83950,-122.01657,348.753,47.543,0.0,-65,1.752,1.042,4.010
2014/08/19 15:43:49,1.72,37.84011,-122.01758,345.472,51.120,0.0,-65,2.539,1.042,2.530
2014/08/19 15:43:54,2.21,37.84076,-122.01862,342.192,52.278,0.0,-59,2.115,1.583,0.970
2014/08/19 15:43:59,2.21,37.84144,-122.01961,341.864,51.311,0.0,-59,1.202,1.042,1.694
2014/08/19 15:44:04,2.21,37.84213,-122.02052,343.504,47.155,0.0,-59,0.992,0.000,1.838
2014/08/19 15:44:09,2.21,37.84275,-122.02134,343.832,43.253,0.0,-59,1.137,1.542,1.730
2014/08/19 15:44:14,2.21,37.84336,-122.02214,344.488,43.360,0.0,-59,0.921,1.042,3.028
2014/08/19 15:44:19,2.21,37.84394,-122.02290,345.801,42.436,0.0,-59,0.773,1.042,3.289
2014/08/19 15:44:24,2.39,37.84453,-122.02367,345.801,40.464,0.0,-75,1.198,0.000,1.278
2014/08/19 15:44:29,2.21,37.84505,-122.02435,345.472,35.653,0.0,-75,0.608,1.625,1.998
2014/08/19 15:44:34,2.21,37.84559,-122.02507,345.144,41.036,0.0,-75,1.333,1.042,1.410
2014/08/19 15:44:39,2.21,37.84618,-122.02584,342.520,42.918,0.0,-75,1.675,0.000,2.014
2014/08/19 15:44:44,2.21,37.84679,-122.02660,336.942,42.838,0.0,-75,1.002,1.542,2.870
2014/08/19 15:44:49,2.21,37.84734,-122.02715,332.677,28.801,0.0,-75,1.094,1.042,2.357
2014/08/19 15:44:54,2.21,37.84777,-122.02750,331.037,24.406,0.0,-75,1.148,1.583,2.618
2014/08/19 15:44:59,2.21,37.84818,-122.02779,327.428,22.959,0.0,-77,0.777,1.042,0.000
2014/08/19 15:45:04,2.21,37.84863,-122.02805,325.131,27.678,0.0,-77,0.801,0.000,3.261
2014/08/19 15:45:09,2.32,37.84921,-122.02831,317.913,32.619,0.0,-77,1.400,1.042,2.838
2014/08/19 15:45:14,2.21,37.84986,-122.02851,314.633,32.965,0.0,-77,1.600,1.542,2.163
2014/08/19 15:45:19,1.73,37.85044,-122.02862,308.399,25.413,0.0,-77,1.382,0.000,3.130
2014/08/19 15:45:24,1.73,37.85093,-122.02867,303.150,23.758,0.0,-77,1.682,0.000,0.417
2014/08/19 15:45:29,1.73,37.85139,-122.02872,300.197,22.411,0.0,-77,1.343,0.042,0.230
2014/08/19 15:45:34,1.73,37.85183,-122.02875,298.885,21.681,0.0,-77,0.873,0.750,0.609
2014/08/19 15:45:39,1.73,37.85226,-122.02880,297.572,21.274,0.0,-77,0.886,1.125,0.562
2014/08/19 15:45:44,1.73,37.85268,-122.02883,295.276,19.625,0.0,-77,0.665,0.000,0.658
2014/08/19 15:45:49,1.73,37.85288,-122.02885,294.948,2.685,0.0,-77,0.797,1.292,1.109
2014/08/19 15:45:54,1.73,37.85291,-122.02885,294.291,2.886,0.0,-77,1.677,0.792,0.737
2014/08/19 15:45:59,1.77,37.85292,-122.02885,293.635,0.019,0.0,-75,1.165,1.042,0.750
2014/08/19 15:46:04,1.77,37.85301,-122.02886,293.307,9.241,0.0,-75,1.129,1.250,0.910
2014/08/19 15:46:09,1.77,37.85328,-122.02889,293.307,17.025,0.0,-75,1.468,0.917,1.049
2014/08/19 15:46:14,1.73,37.85371,-122.02894,293.307,25.894,0.0,-75,1.093,1.000,0.670
2014/08/19 15:46:19,2.21,37.85429,-122.02906,293.307,31.709,0.0,-75,1.265,1.167,0.782
2014/08/19 15:46:24,2.21,37.85494,-122.02927,293.635,33.957,0.0,-75,0.825,0.792,0.901
2014/08/19 15:46:29,2.03,37.85555,-122.02954,295.932,31.043,0.0,-85,0.951,1.000,0.774
2014/08/19 15:46:34,3.4,37.85611,-122.02987,294.948,31.610,0.0,-85,0.671,1.167,0.666
2014/08/19 15:46:39,2.21,37.85673,-122.03026,290.026,37.477,0.0,-85,1.169,0.875,1.053
2014/08/19 15:46:44,2.21,37.85745,-122.03071,285.433,40.501,0.0,-85,0.603,1.208,0.797
2014/08/19 15:46:49,1.74,37.85813,-122.03113,282.808,33.434,0.0,-85,0.866,0.000,1.270
2014/08/19 15:46:54,2.21,37.85865,-122.03145,281.496,22.430,0.0,-85,1.368,1.000,1.110
2014/08/19 15:46:59,2.43,37.85897,-122.03164,282.480,16.306,0.0,-85,1.475,0.792,0.255
2014/08/19 15:47:04,1.74,37.85926,-122.03183,279.856,17.210,0.0,-83,1.533,1.083,0.750
2014/08/19 15:47:09,2.21,37.85957,-122.03203,278.215,18.145,0.0,-83,1.769,0.917,0.902
2014/08/19 15:47:14,2.21,37.85999,-122.03228,278.543,26.214,0.0,-83,0.962,1.208,1.578
2014/08/19 15:47:19,2.21,37.86049,-122.03259,278.215,27.510,0.0,-83,0.000,1.375,2.471
2014/08/19 15:47:24,2.21,37.86095,-122.03287,277.887,25.458,0.0,-83,1.236,1.208,3.432
2014/08/19 15:47:29,1.91,37.86146,-122.03320,277.887,30.958,0.0,-83,0.967,1.000,2.624
2014/08/19 15:47:34,1.74,37.86205,-122.03371,275.919,39.163,0.0,-63,1.497,1.542,0.000
2014/08/19 15:47:39,2.21,37.86266,-122.03441,276.247,42.474,0.0,-63,0.967,0.000,2.957
2014/08/19 15:47:44,2.21,37.86325,-122.03516,277.887,41.851,0.0,-63,1.040,1.000,3.642
2014/08/19 15:47:49,2.21,37.86377,-122.03583,283.465,32.611,0.0,-63,1.341,1.500,2.030
2014/08/19 15:47:54,2.21,37.86419,-122.03637,288.714,27.431,0.0,-63,0.636,1.000,3.858
2014/08/19 15:47:59,2.21,37.86451,-122.03677,289.042,19.915,0.0,-63,0.986,1.000,3.202
2014/08/19 15:48:04,2.21,37.86481,-122.03712,288.058,21.783,0.0,-51,1.674,1.500,1.597
2014/08/19 15:48:09,1.74,37.86518,-122.03751,283.465,24.639,0.0,-51,0.807,0.000,0.000
2014/08/19 15:48:14,1.74,37.86560,-122.03788,279.528,28.096,0.0,-51,0.830,1.000,3.441
2014/08/19 15:48:19,1.92,37.86611,-122.03827,276.247,32.930,0.0,-51,0.781,1.000,1.934
2014/08/19 15:48:24,1.74,37.86673,-122.03872,275.262,35.190,0.0,-51,0.819,1.542,2.350
2014/08/19 15:48:29,1.74,37.86730,-122.03915,273.950,30.835,0.0,-51,1.195,1.000,3.390
2014/08/19 15:48:34,1.75,37.86784,-122.03955,270.669,33.527,0.0,-81,0.943,1.500,2.778
2014/08/19 15:48:39,1.92,37.86845,-122.04001,268.045,37.840,0.0,-81,0.824,0.000,0.000
2014/08/19 15:48:44,1.75,37.86918,-122.04054,265.420,46.498,0.0,-81,0.947,1.000,4.462
2014/08/19 15:48:49,1.75,37.87002,-122.04117,265.092,49.492,0.0,-81,0.996,1.000,4.208
2014/08/19 15:48:54,1.75,37.87089,-122.04181,262.139,50.546,0.0,-81,0.478,0.000,0.000
2014/08/19 15:48:59,1.75,37.87178,-122.04246,258.858,52.026,0.0,-81,0.260,1.042,7.150
2014/08/19 15:49:04,1.75,37.87269,-122.04314,257.546,52.728,0.0,-81,0.715,0.000,1.309
2014/08/19 15:49:09,2.2,37.87361,-122.04382,256.890,55.062,0.0,-79,1.302,1.208,1.396
2014/08/19 15:49:14,1.75,37.87455,-122.04454,254.921,52.726,0.0,-79,1.313,1.500,2.809
2014/08/19 15:49:19,1.75,37.87537,-122.04529,250.984,45.730,0.0,-79,1.157,1.042,3.341
2014/08/19 15:49:24,1.75,37.87593,-122.04587,248.031,33.416,0.0,-79,1.737,0.000,0.000
2014/08/19 15:49:29,1.79,37.87643,-122.04639,246.063,32.171,0.0,-79,1.304,1.583,3.282
2014/08/19 15:49:34,1.75,37.87692,-122.04691,242.782,32.767,0.0,-79,1.365,1.208,2.141
2014/08/19 15:49:39,1.75,37.87744,-122.04746,238.845,35.128,0.0,-67,0.735,1.125,2.922
2014/08/19 15:49:44,1.75,37.87801,-122.04802,234.580,35.720,0.0,-67,1.153,0.000,1.319
2014/08/19 15:49:49,1.75,37.87859,-122.04852,229.003,33.416,0.0,-67,1.577,1.708,3.437
2014/08/19 15:49:55,1.94,37.87911,-122.04893,223.425,27.443,0.0,-67,1.107,0.542,1.854
2014/08/19 15:50:00,1.75,37.87954,-122.04922,219.816,23.023,0.0,-67,0.846,1.167,0.708
2014/08/19 15:50:05,1.75,37.87979,-122.04939,219.488,8.497,0.0,-67,0.868,0.000,3.025
2014/08/19 15:50:10,1.75,37.87993,-122.04949,218.832,8.210,0.0,-83,0.993,1.167,3.302
2014/08/19 15:50:15,1.75,37.88014,-122.04963,218.176,15.573,0.0,-83,1.046,1.125,1.338
2014/08/19 15:50:20,1.75,37.88029,-122.04973,216.535,2.116,0.0,-83,1.181,0.000,3.513
2014/08/19 15:50:25,1.75,37.88029,-122.04973,217.848,0.006,0.0,-83,0.647,1.125,0.000
2014/08/19 15:50:30,1.75,37.88029,-122.04973,218.504,0.037,0.0,-83,0.652,1.125,4.178
2014/08/19 15:50:35,1.75,37.88031,-122.04974,219.160,3.458,0.0,-83,0.733,1.125,2.470
2014/08/19 15:50:40,1.75,37.88044,-122.04983,217.848,11.074,0.0,-83,0.601,1.125,2.950
2014/08/19 15:50:45,2.35,37.88076,-122.05002,217.192,18.423,0.0,-83,1.362,0.000,2.139
2014/08/19 15:50:50,1.95,37.88119,-122.05030,214.895,29.072,0.0,-83,1.407,1.750,3.489
2014/08/19 15:50:55,1.75,37.88176,-122.05077,207.021,35.497,0.0,-83,1.987,0.000,1.842
2014/08/19 15:51:00,1.76,37.88223,-122.05122,201.772,21.484,0.0,-83,1.400,1.125,1.969
2014/08/19 15:51:05,1.76,37.88245,-122.05145,197.835,12.251,0.0,-83,1.379,1.125,0.000
2014/08/19 15:51:10,1.87,37.88280,-122.05179,191.273,27.713,0.0,-83,1.251,1.125,4.070
2014/08/19 15:51:15,1.76,37.88327,-122.05233,185.696,33.548,0.0,-73,1.040,1.125,2.458
2014/08/19 15:51:20,1.76,37.88380,-122.05292,185.039,39.506,0.0,-73,1.186,0.000,2.401
2014/08/19 15:51:25,1.76,37.88444,-122.05364,187.008,43.175,0.0,-73,0.855,1.708,0.000
2014/08/19 15:51:30,1.76,37.88509,-122.05437,187.336,42.353,0.0,-73,0.757,0.000,7.138
2014/08/19 15:51:35,1.76,37.88573,-122.05506,184.711,41.925,0.0,-73,0.974,1.125,3.111
2014/08/19 15:51:40,1.76,37.88647,-122.05568,181.759,46.479,0.0,-73,1.722,1.125,2.750
2014/08/19 15:51:45,1.76,37.88729,-122.05623,180.446,46.791,0.0,-67,1.449,1.125,1.670
2014/08/19 15:51:50,1.76,37.88813,-122.05678,178.478,45.841,0.0,-67,1.170,0.000,1.650
2014/08/19 15:51:55,1.76,37.88893,-122.05734,181.430,45.394,0.0,-67,0.536,1.167,0.000
2014/08/19 15:52:00,1.76,37.88961,-122.05801,179.790,40.429,0.0,-67,0.911,0.542,4.238
2014/08/19 15:52:05,1.76,37.89014,-122.05874,176.837,38.583,0.0,-67,1.052,0.583,3.490
2014/08/19 15:52:10,2.19,37.89058,-122.05955,169.948,39.648,0.0,-67,1.040,1.125,3.902
2014/08/19 15:52:15,2.19,37.89093,-122.06031,167.323,30.835,0.0,-65,1.277,0.000,0.000
2014/08/19 15:52:20,1.76,37.89130,-122.06110,166.010,39.067,0.0,-65,1.258,1.125,4.339
2014/08/19 15:52:25,2.19,37.89171,-122.06200,167.323,42.420,0.0,-65,1.313,0.000,3.658
2014/08/19 15:52:30,2.19,37.89217,-122.06300,167.651,48.412,0.0,-65,1.940,1.125,0.970
2014/08/19 15:52:35,1.76,37.89271,-122.06408,169.619,51.163,0.0,-65,1.824,1.708,1.260
2014/08/19 15:52:40,1.76,37.89330,-122.06521,171.916,55.230,0.0,-65,0.933,0.583,2.810
2014/08/19 15:52:45,1.76,37.89393,-122.06639,188.320,57.384,0.0,-51,1.263,0.000,1.798
2014/08/19 15:52:50,1.76,37.89461,-122.06765,217.520,61.958,0.0,-51,1.298,1.125,1.754
2014/08/19 15:52:55,1.76,37.89530,-122.06895,245.407,61.588,0.0,-51,2.000,1.208,1.298
2014/08/19 15:53:00,1.76,37.89589,-122.07026,256.234,56.712,0.0,-51,1.348,1.125,2.247
2014/08/19 15:53:05,1.76,37.89626,-122.07165,250.328,58.226,0.0,-51,0.657,0.000,3.822
2014/08/19 15:53:10,1.84,37.89640,-122.07316,234.580,62.754,0.0,-51,0.632,0.542,1.002
2014/08/19 15:53:15,1.95,37.89636,-122.07480,230.643,64.409,0.0,-51,0.729,1.417,2.319
2014/08/19 15:53:20,1.76,37.89640,-122.07641,254.921,59.124,0.0,-53,0.938,1.708,2.010
2014/08/19 15:53:25,1.76,37.89666,-122.07783,273.950,56.416,0.0,-53,0.916,0.000,0.000
2014/08/19 15:53:30,1.77,37.89700,-122.07920,290.354,56.086,0.0,-53,0.632,0.000,6.382
2014/08/19 15:53:35,1.77,37.89733,-122.08045,302.493,51.414,0.0,-53,0.554,1.125,0.622
2014/08/19 15:53:40,2.18,37.89767,-122.08172,310.696,53.217,0.0,-53,0.530,0.000,0.390
2014/08/19 15:53:45,2.18,37.89797,-122.08305,319.882,55.214,0.0,-53,0.806,0.000,0.237
2014/08/19 15:53:50,1.77,37.89820,-122.08443,331.693,55.769,0.0,-69,0.527,0.000,1.214
2014/08/19 15:53:55,1.77,37.89827,-122.08586,338.911,56.947,0.0,-69,0.684,0.042,0.446
2014/08/19 15:54:00,1.77,37.89824,-122.08733,335.302,59.695,0.0,-69,0.859,0.708,0.882
2014/08/19 15:54:05,1.77,37.89819,-122.08888,330.709,61.346,0.0,-69,1.310,1.083,0.950
2014/08/19 15:54:10,1.77,37.89813,-122.09049,322.507,65.142,0.0,-69,0.825,0.000,0.809
2014/08/19 15:54:15,1.77,37.89808,-122.09218,312.008,67.924,0.0,-69,0.676,1.083,1.397
2014/08/19 15:54:20,1.77,37.89803,-122.09390,307.415,67.309,0.0,-55,0.721,0.792,0.267
2014/08/19 15:54:25,1.77,37.89798,-122.09554,312.336,61.524,0.0,-55,1.485,0.792,1.062
2014/08/19 15:54:30,1.77,37.89793,-122.09706,317.257,58.236,0.0,-55,0.542,0.875,1.358
2014/08/19 15:54:35,1.77,37.89783,-122.09851,319.882,56.543,0.0,-55,0.678,0.750,1.014
2014/08/19 15:54:40,1.77,37.89765,-122.09991,321.522,55.983,0.0,-55,0.715,0.833,0.938
2014/08/19 15:54:45,1.77,37.89741,-122.10135,320.866,58.979,0.0,-55,0.823,1.125,0.928
2014/08/19 15:54:50,2.05,37.89717,-122.10281,320.538,58.277,0.0,-53,0.990,0.708,1.308
2014/08/19 15:54:55,1.77,37.89692,-122.10429,322.507,59.578,0.0,-53,0.957,0.708,0.790
2014/08/19 15:55:00,1.77,37.89668,-122.10578,323.491,60.861,0.0,-53,1.018,0.875,0.718
2014/08/19 15:55:05,1.77,37.89643,-122.10732,324.803,62.989,0.0,-53,0.000,0.833,1.102
2014/08/19 15:55:10,1.77,37.89616,-122.10893,327.100,65.666,0.0,-53,0.945,0.708,1.501
2014/08/19 15:55:15,1.77,37.89590,-122.11057,329.724,65.622,0.0,-53,0.857,0.750,1.266
2014/08/19 15:55:20,1.85,37.89565,-122.11221,335.302,66.958,0.0,-53,0.667,0.625,0.654
2014/08/19 15:55:25,2.05,37.89540,-122.11386,338.583,64.080,0.0,-67,0.362,0.000,1.498
2014/08/19 15:55:30,1.77,37.89515,-122.11540,344.816,60.381,0.0,-67,0.644,0.792,1.090
2014/08/19 15:55:35,1.77,37.89491,-122.11694,345.472,63.037,0.0,-67,0.883,0.750,0.797
2014/08/19 15:55:40,1.77,37.89465,-122.11851,348.097,61.519,0.0,-67,0.854,1.125,1.070
2014/08/19 15:55:45,1.77,37.89440,-122.11999,350.722,58.513,0.0,-67,0.899,1.083,0.990
2014/08/19 15:55:50,1.77,37.89417,-122.12142,352.034,56.743,0.0,-67,1.063,0.958,0.818
2014/08/19 15:55:55,2.17,37.89389,-122.12278,354.003,54.054,0.0,-53,1.301,0.958,0.955
2014/08/19 15:56:00,2.36,37.89357,-122.12414,355.643,58.402,0.0,-53,0.876,0.958,1.182
2014/08/19 15:56:05,2.36,37.89321,-122.12561,361.549,61.787,0.0,-53,1.265,0.958,0.785
2014/08/19 15:56:10,2.36,37.89287,-122.12705,369.423,55.559,0.0,-53,0.891,0.917,1.374
2014/08/19 15:56:15,2.36,37.89255,-122.12832,380.249,51.296,0.0,-53,0.732,0.750,0.557
2014/08/19 15:56:20,1.85,37.89223,-122.12957,396.654,53.401,0.0,-53,1.222,0.708,1.797
2014/08/19 15:56:25,2.36,37.89187,-122.13093,411.089,58.827,0.0,-61,0.573,1.208,0.642
2014/08/19 15:56:30,2.36,37.89152,-122.13237,424.213,59.469,0.0,-61,0.731,1.250,0.862
2014/08/19 15:56:35,2.36,37.89117,-122.13381,437.664,59.402,0.0,-61,0.988,0.833,1.549
2014/08/19 15:56:40,1.89,37.89090,-122.13531,448.819,61.917,0.0,-61,0.549,0.000,0.977
2014/08/19 15:56:45,1.78,37.89085,-122.13689,461.942,62.246,0.0,-61,0.757,0.667,1.350
2014/08/19 15:56:50,1.78,37.89103,-122.13841,469.160,59.635,0.0,-61,0.537,0.750,1.469
2014/08/19 15:56:55,2.16,37.89129,-122.13988,465.879,59.557,0.0,-77,0.745,1.292,1.905
2014/08/19 15:57:00,1.78,37.89154,-122.14135,459.646,59.490,0.0,-77,0.310,0.000,5.382
2014/08/19 15:57:05,1.78,37.89168,-122.14287,449.475,60.874,0.0,-77,0.755,0.792,2.050
2014/08/19 15:57:10,1.9,37.89164,-122.14443,439.633,62.793,0.0,-77,0.975,0.917,2.649
2014/08/19 15:57:15,2.05,37.89149,-122.14608,426.837,66.216,0.0,-77,1.117,0.958,2.510
2014/08/19 15:57:20,1.78,37.89140,-122.14776,426.181,66.323,0.0,-77,0.758,1.708,0.000
2014/08/19 15:57:25,1.78,37.89150,-122.14941,435.039,64.766,0.0,-77,0.555,1.375,3.661
2014/08/19 15:57:30,1.78,37.89173,-122.15103,451.444,64.502,0.0,-85,0.686,0.000,5.158
2014/08/19 15:57:35,1.78,37.89198,-122.15262,466.864,63.567,0.0,-85,0.353,0.000,0.000
2014/08/19 15:57:40,1.78,37.89222,-122.15420,482.612,63.192,0.0,-85,0.555,0.000,7.008
2014/08/19 15:57:45,1.78,37.89245,-122.15576,500.328,61.867,0.0,-85,1.434,0.000,0.000
2014/08/19 15:57:50,1.78,37.89268,-122.15729,517.717,61.615,0.0,-85,0.777,0.000,0.318
2014/08/19 15:57:55,1.78,37.89291,-122.15883,537.073,60.753,0.0,-85,1.122,0.042,0.283
2014/08/19 15:58:00,2.05,37.89309,-122.16034,557.087,60.522,0.0,-69,0.836,0.708,0.661
2014/08/19 15:58:05,2.16,37.89319,-122.16187,575.459,60.885,0.0,-69,0.850,1.000,0.539
2014/08/19 15:58:10,1.78,37.89320,-122.16342,589.895,59.942,0.0,-69,0.644,0.000,1.555
2014/08/19 15:58:15,1.78,37.89312,-122.16491,603.346,58.988,0.0,-69,0.642,1.125,2.079
2014/08/19 15:58:20,1.78,37.89295,-122.16638,609.908,58.251,0.0,-69,1.103,1.375,2.617
2014/08/19 15:58:25,1.9,37.89272,-122.16783,614.829,58.829,0.0,-69,0.724,0.000,0.000
2014/08/19 15:58:30,3.49,37.89239,-122.16926,624.672,58.180,0.0,-53,0.821,1.792,5.660
2014/08/19 15:58:35,1.9,37.89201,-122.17059,628.937,54.566,0.0,-53,0.741,1.083,3.598
2014/08/19 15:58:40,1.78,37.89157,-122.17188,628.609,55.180,0.0,-53,0.591,1.083,0.000
2014/08/19 15:58:45,1.81,37.89102,-122.17314,618.110,57.126,0.0,-53,0.929,0.000,3.149
2014/08/19 15:58:50,1.81,37.89037,-122.17433,608.268,56.292,0.0,-53,0.906,1.083,2.118
2014/08/19 15:58:55,2.15,37.88964,-122.17543,603.675,57.729,0.0,-53,1.280,1.667,1.814
2014/08/19 15:59:00,1.78,37.88881,-122.17645,594.816,57.000,0.0,-53,0.847,1.083,4.886
2014/08/19 15:59:05,1.78,37.88790,-122.17735,587.927,58.121,0.0,-53,1.117,1.083,1.830
2014/08/19 15:59:10,1.78,37.88691,-122.17815,582.021,58.886,0.0,-53,0.725,0.000,2.580
2014/08/19 15:59:15,1.78,37.88585,-122.17884,568.241,60.351,0.0,-53,0.862,1.667,0.000
2014/08/19 15:59:20,1.94,37.88475,-122.17952,556.102,61.258,0.0,-53,0.967,1.083,1.570
2014/08/19 15:59:25,2.03,37.88366,-122.18019,541.995,58.656,0.0,-53,1.049,0.000,0.000
2014/08/19 15:59:30,2.05,37.88262,-122.18088,528.215,58.736,0.0,-53,0.725,1.625,3.578
2014/08/19 15:59:35,1.78,37.88163,-122.18176,515.420,60.636,0.0,-73,1.350,1.083,1.810
2014/08/19 15:59:40,1.78,37.88074,-122.18281,504.921,60.573,0.0,-73,1.121,0.000,1.279
2014/08/19 15:59:45,1.78,37.87991,-122.18390,501.312,58.972,0.0,-73,1.379,1.667,2.438
2014/08/19 15:59:50,1.78,37.87908,-122.18498,505.577,59.957,0.0,-73,1.203,1.083,2.110
2014/08/19 15:59:55,1.78,37.87820,-122.18601,524.934,58.638,0.0,-73,0.753,1.625,2.650
2014/08/19 16:00:00,1.91,37.87726,-122.18683,543.635,58.231,0.0,-73,0.827,0.000,2.454
2014/08/19 16:00:05,1.86,37.87621,-122.18751,562.336,58.537,0.0,-69,0.883,1.125,2.834
2014/08/19 16:00:10,1.79,37.87510,-122.18804,575.131,60.349,0.0,-69,0.793,1.625,2.110
2014/08/19 16:00:15,2.14,37.87396,-122.18866,582.349,62.872,0.0,-69,0.000,0.000,3.210
2014/08/19 16:00:20,1.91,37.87289,-122.18955,593.832,64.389,0.0,-69,0.621,1.083,2.670
2014/08/19 16:00:25,1.91,37.87195,-122.19069,615.814,64.796,0.0,-69,0.677,1.083,2.062
2014/08/19 16:00:30,1.94,37.87107,-122.19187,638.780,63.254,0.0,-69,1.424,1.125,0.000
2014/08/19 16:00:35,1.94,37.87023,-122.19300,660.761,60.044,0.0,-61,1.520,1.083,2.689
2014/08/19 16:00:40,1.94,37.86943,-122.19406,682.087,55.770,0.0,-61,1.111,1.083,3.010
2014/08/19 16:00:45,1.91,37.86868,-122.19508,699.803,53.659,0.0,-61,1.330,0.000,3.130
2014/08/19 16:00:50,1.91,37.86805,-122.19616,717.520,51.662,0.0,-61,1.359,1.625,3.556
2014/08/19 16:00:55,1.82,37.86765,-122.19734,732.612,50.008,0.0,-61,1.397,1.125,0.000
2014/08/19 16:01:00,1.79,37.86746,-122.19855,744.423,48.875,0.0,-61,0.616,0.000,1.138
2014/08/19 16:01:05,1.79,37.86745,-122.19983,758.202,53.947,0.0,-51,1.058,1.625,2.149
2014/08/19 16:01:10,2.29,37.86744,-122.20131,776.247,60.270,0.0,-51,0.890,1.083,1.958
2014/08/19 16:01:15,1.91,37.86728,-122.20276,791.995,56.138,0.0,-51,1.328,1.083,0.000
2014/08/19 16:01:20,1.91,37.86698,-122.20410,809.055,55.075,0.0,-51,1.196,0.000,2.726
2014/08/19 16:01:25,1.91,37.86659,-122.20541,827.756,54.908,0.0,-51,0.977,1.667,2.806
2014/08/19 16:01:30,1.91,37.86621,-122.20666,848.753,50.137,0.0,-51,1.532,1.083,2.926
2014/08/19 16:01:35,1.91,37.86572,-122.20775,864.173,49.912,0.0,-51,1.199,1.625,1.521
2014/08/19 16:01:40,1.94,37.86497,-122.20864,879.921,52.425,0.0,-85,1.019,0.000,4.518
2014/08/19 16:01:45,1.9,37.86402,-122.20919,899.934,52.358,0.0,-85,0.628,1.125,1.710
2014/08/19 16:01:50,2.15,37.86301,-122.20960,907.480,51.848,0.0,-85,0.696,1.625,1.742
2014/08/19 16:01:55,1.92,37.86207,-122.21014,906.168,52.870,0.0,-85,0.862,0.000,0.000
2014/08/19 16:02:00,10.23,37.86112,-122.21090,900.591,58.537,0.0,-85,0.704,0.542,7.590
2014/08/19 16:02:05,10.23,37.86112,-122.21090,900.591,58.537,0.0,-85,0.653,0.542,0.000
2014/08/19 16:02:10,10.23,37.86112,-122.21090,900.591,58.537,0.0,-79,0.783,0.542,2.718
2014/08/19 16:02:15,10.23,37.86112,-122.21090,900.591,58.537,0.0,-79,0.915,0.000,2.162
2014/08/19 16:02:20,10.23,37.86112,-122.21090,900.591,58.537,0.0,-79,0.838,1.625,4.110
2014/08/19 16:02:25,10.23,37.86112,-122.21090,900.591,58.537,0.0,-79,0.762,1.125,2.206
2014/08/19 16:02:30,10.23,37.86112,-122.21090,900.591,58.537,0.0,-79,0.784,0.000,1.970
2014/08/19 16:02:35,10.23,37.86112,-122.21090,900.591,58.537,0.0,-79,1.030,1.625,0.000
2014/08/19 16:02:40,1.79,37.85456,-122.21980,710.630,56.276,0.0,-57,1.194,1.083,4.642
2014/08/19 16:02:45,1.79,37.85400,-122.22103,690.289,53.978,0.0,-57,0.574,1.083,2.230
2014/08/19 16:02:50,1.79,37.85323,-122.22200,681.430,55.176,0.0,-57,1.128,0.000,2.206
2014/08/19 16:02:55,1.87,37.85226,-122.22259,661.089,53.960,0.0,-57,0.741,1.667,4.300
2014/08/19 16:03:00,1.92,37.85120,-122.22300,638.123,56.978,0.0,-57,0.533,1.083,1.602
2014/08/19 16:03:05,1.99,37.85014,-122.22359,611.220,58.146,0.0,-57,0.927,0.000,2.178
2014/08/19 16:03:10,1.79,37.84932,-122.22459,585.302,56.210,0.0,-51,1.308,1.667,3.870
2014/08/19 16:03:15,2.06,37.84883,-122.22591,558.071,58.167,0.0,-51,0.807,0.542,0.570
2014/08/19 16:03:20,1.92,37.84879,-122.22738,532.152,59.503,0.0,-51,0.825,1.708,1.629
2014/08/19 16:03:25,1.79,37.84897,-122.22889,506.562,60.636,0.0,-51,1.007,0.000,3.270
2014/08/19 16:03:30,1.79,37.84914,-122.23041,482.612,60.267,0.0,-51,1.009,1.625,0.000
2014/08/19 16:03:35,1.79,37.84910,-122.23192,458.333,60.008,0.0,-51,0.844,1.250,3.162
2014/08/19 16:03:40,1.79,37.84894,-122.23345,434.055,61.081,0.0,-51,0.791,0.000,1.758
2014/08/19 16:03:45,1.79,37.84890,-122.23498,405.840,59.353,0.0,-59,0.491,1.625,4.710
2014/08/19 16:03:50,1.79,37.84932,-122.23635,375.000,58.589,0.0,-59,0.951,1.125,2.780
2014/08/19 16:03:55,2.1,37.84988,-122.23763,353.018,56.851,0.0,-59,1.567,1.083,2.417
2014/08/19 16:04:00,1.79,37.85015,-122.23907,326.444,60.032,0.0,-59,1.052,0.000,2.390
2014/08/19 16:04:05,1.79,37.84997,-122.24059,303.806,61.919,0.0,-59,0.680,1.667,0.000
2014/08/19 16:04:10,1.79,37.84943,-122.24200,285.433,61.568,0.0,-59,0.516,1.083,4.274
2014/08/19 16:04:15,1.79,37.84874,-122.24332,272.310,62.528,0.0,-57,0.977,0.000,3.050
2014/08/19 16:04:20,1.79,37.84801,-122.24463,261.483,64.184,0.0,-57,0.706,1.083,0.000
2014/08/19 16:04:25,1.79,37.84723,-122.24604,245.407,69.702,0.0,-57,0.799,0.000,4.902
2014/08/19 16:04:30,1.79,37.84647,-122.24755,225.722,70.367,0.0,-57,0.456,0.000,0.000
2014/08/19 16:04:35,1.79,37.84581,-122.24914,208.990,70.694,0.0,-57,0.802,1.083,9.878
2014/08/19 16:04:40,1.79,37.84519,-122.25073,204.068,68.813,0.0,-57,0.968,1.125,1.199
2014/08/19 16:04:45,2.12,37.84459,-122.25229,199.475,67.875,0.0,-59,1.112,1.083,1.218
2014/08/19 16:04:50,1.79,37.84400,-122.25381,194.554,66.348,0.0,-59,1.305,0.000,1.650
2014/08/19 16:04:55,1.79,37.84345,-122.25532,186.352,64.742,0.0,-59,0.563,1.083,0.000
2014/08/19 16:05:00,1.79,37.84296,-122.25682,175.525,61.426,0.0,-59,0.600,0.542,5.810
2014/08/19 16:05:05,1.87,37.84250,-122.25828,165.682,62.574,0.0,-59,0.195,0.583,3.530
2014/08/19 16:05:10,1.87,37.84205,-122.25970,154.856,59.101,0.0,-59,0.197,0.000,1.594
2014/08/19 16:05:15,1.79,37.84160,-122.26108,145.013,58.420,0.0,-71,0.000,1.083,1.750
2014/08/19 16:05:20,1.79,37.84111,-122.26242,138.123,58.664,0.0,-71,0.182,0.542,2.507
2014/08/19 16:05:25,1.79,37.84044,-122.26363,131.890,58.320,0.0,-71,0.547,1.125,2.950
2014/08/19 16:05:30,1.93,37.83956,-122.26462,131.890,59.035,0.0,-71,0.380,1.083,3.241
2014/08/19 16:05:35,1.87,37.83852,-122.26532,130.249,58.555,0.0,-71,0.772,0.000,1.818
2014/08/19 16:05:40,1.82,37.83740,-122.26571,129.921,60.151,0.0,-71,1.788,1.625,2.606
2014/08/19 16:05:45,1.79,37.83614,-122.26592,126.969,64.048,0.0,-71,1.292,1.083,0.000
2014/08/19 16:05:50,1.79,37.83486,-122.26616,126.312,64.680,0.0,-73,0.597,1.125,3.646
2014/08/19 16:05:55,1.79,37.83358,-122.26643,120.407,65.149,0.0,-73,0.919,0.000,2.598
2014/08/19 16:06:00,1.79,37.83227,-122.26671,107.940,66.759,0.0,-73,1.231,1.625,4.069
2014/08/19 16:06:05,1.82,37.83094,-122.26698,102.362,67.421,0.0,-73,0.555,0.000,1.943
2014/08/19 16:06:10,1.82,37.82955,-122.26727,97.113,71.038,0.0,-73,0.573,0.000,0.617
2014/08/19 16:06:15,1.79,37.82815,-122.26757,93.504,70.493,0.0,-73,0.466,0.000,1.675
2014/08/19 16:06:20,1.79,37.82678,-122.26790,87.598,68.834,0.0,-75,0.738,0.042,0.198
2014/08/19 16:06:25,1.93,37.82542,-122.26827,73.163,69.567,0.0,-75,1.154,1.750,0.398
2014/08/19 16:06:30,1.95,37.82410,-122.26867,29.199,61.573,0.0,-75,1.037,0.833,1.166
2014/08/19 16:06:35,1.87,37.82284,-122.26903,17.717,63.333,0.0,-75,1.105,1.125,0.770
2014/08/19 16:06:40,1.79,37.82159,-122.26933,43.963,61.407,0.0,-75,0.846,0.000,0.782
2014/08/19 16:06:45,1.79,37.82035,-122.26966,56.430,62.390,0.0,-75,0.323,1.292,0.518
2014/08/19 16:06:50,1.79,37.81914,-122.26999,61.352,61.158,0.0,-77,0.444,0.750,0.474
2014/08/19 16:06:55,1.79,37.81794,-122.27032,60.039,61.199,0.0,-77,0.611,0.792,0.314
2014/08/19 16:07:00,1.82,37.81675,-122.27071,60.039,61.459,0.0,-77,0.326,0.625,0.502
2014/08/19 16:07:05,1.79,37.81556,-122.27113,58.727,61.281,0.0,-77,0.825,0.875,0.941
2014/08/19 16:07:10,1.79,37.81444,-122.27174,56.759,60.838,0.0,-77,0.580,0.750,0.000
2014/08/19 16:07:15,1.79,37.81342,-122.27261,55.446,60.868,0.0,-77,0.485,0.792,0.000
2014/08/19 16:07:20,1.79,37.81250,-122.27363,55.774,61.157,0.0,-65,0.448,0.667,0.867
2014/08/19 16:07:25,1.79,37.81158,-122.27466,51.837,61.362,0.0,-65,0.855,1.167,0.863
2014/08/19 16:07:30,1.79,37.81057,-122.27559,32.808,62.253,0.0,-65,0.840,1.208,0.650
2014/08/19 16:07:35,1.82,37.80947,-122.27638,21.982,62.657,0.0,-65,0.555,0.833,1.108
2014/08/19 16:07:40,1.79,37.80836,-122.27716,25.262,63.120,0.0,-65,1.465,1.083,0.830
2014/08/19 16:07:45,1.93,37.80724,-122.27789,27.887,62.577,0.0,-65,1.644,0.000,0.670
2014/08/19 16:07:50,1.87,37.80614,-122.27858,29.856,61.433,0.0,-65,1.391,1.208,1.114
2014/08/19 16:07:55,1.96,37.80505,-122.27925,29.199,59.489,0.0,-59,0.894,0.833,0.670
2014/08/19 16:08:00,1.87,37.80401,-122.27991,52.493,56.719,0.0,-59,0.863,1.125,1.162
2014/08/19 16:08:05,1.79,37.80298,-122.28035,65.289,53.346,0.0,-59,0.425,0.917,1.082
2014/08/19 16:08:10,1.87,37.80189,-122.28034,72.835,54.226,0.0,-59,0.345,0.500,0.000
2014/08/19 16:08:15,1.79,37.80085,-122.27989,80.381,55.025,0.0,-59,0.073,0.250,7.644
2014/08/19 16:08:20,1.79,37.79999,-122.27904,76.772,52.868,0.0,-59,0.000,0.000,0.000
2014/08/19 16:08:25,2.05,37.79940,-122.27796,62.008,51.250,0.0,-51,0.267,0.000,0.000
2014/08/19 16:08:30,1.79,37.79894,-122.27679,40.682,51.011,0.0,-51,0.086,0.250,0.000
2014/08/19 16:08:35,1.79,37.79845,-122.27564,40.026,51.048,0.0,-51,0.390,0.583,1.454
2014/08/19 16:08:40,1.94,37.79800,-122.27450,39.370,49.641,0.0,-51,0.941,0.625,0.610
2014/08/19 16:08:45,1.79,37.79749,-122.27343,44.948,48.646,0.0,-51,0.912,0.958,1.322
2014/08/19 16:08:50,1.79,37.79706,-122.27231,42.979,49.236,0.0,-51,1.197,0.833,0.816
2014/08/19 16:08:55,1.79,37.79667,-122.27120,40.026,45.641,0.0,-53,0.580,0.500,0.000
2014/08/19 16:09:00,2.22,37.79631,-122.27027,26.903,34.329,0.0,-53,0.238,0.000,1.082
2014/08/19 16:09:05,2.21,37.79608,-122.26968,18.701,16.662,0.0,-53,1.051,0.958,0.790
2014/08/19 16:09:10,2.21,37.79596,-122.26945,18.701,9.522,0.0,-53,1.349,1.083,0.650
2014/08/19 16:09:15,2.21,37.79585,-122.26934,17.388,6.399,0.0,-53,1.064,1.125,0.771
2014/08/19 16:09:20,1.94,37.79582,-122.26931,20.341,1.384,0.0,-53,0.525,0.583,3.201
2014/08/19 16:09:25,1.94,37.79577,-122.26925,20.341,6.062,0.0,-65,0.417,0.375,1.710
2014/08/19 16:09:30,1.94,37.79559,-122.26930,19.029,10.333,0.0,-65,0.402,0.625,2.310
2014/08/19 16:09:35,1.94,37.79542,-122.26941,25.919,9.807,0.0,-65,0.577,0.667,0.945
2014/08/19 16:09:40,2.08,37.79526,-122.26951,30.512,7.264,0.0,-65,0.157,0.000,0.000
2014/08/19 16:09:45,1.94,37.79504,-122.26965,27.559,15.068,0.0,-65,0.099,0.125,0.000
2014/08/19 16:09:50,1.94,37.79475,-122.26983,34.777,16.001,0.0,-65,0.115,0.000,0.000
2014/08/19 16:09:55,2.08,37.79458,-122.26992,37.730,3.002,0.0,-65,0.291,0.125,6.035
2014/08/19 16:10:00,1.94,37.79453,-122.26995,44.948,3.149,0.0,-73,0.000,0.000,0.000
2014/08/19 16:10:05,1.94,37.79443,-122.26994,33.465,6.830,0.0,-73,0.117,0.375,0.000
2014/08/19 16:10:10,1.94,37.79430,-122.26967,41.995,15.326,0.0,-73,0.219,0.000,0.000
2014/08/19 16:10:15,2.18,37.79415,-122.26928,50.525,15.100,0.0,-73,0.334,0.500,2.878
