Date-Time,DOP,Latitude,Longitude,Altitude (ft),Speed (mph),Heading (deg),mod1 SS (dBm),mod1 Down (Mbs),mod1 Up (Mbs),mod1 Ping (Sec)
2014/09/18 10:43:04,4.7,37.79573,-122.27367,67.257,0.009,0.0,-65,1.420,1.750,0.498
2014/09/18 10:43:09,4.7,37.79573,-122.27367,65.289,0.034,0.0,-65,1.627,1.833,0.527
2014/09/18 10:43:14,4.71,37.79573,-122.27367,64.304,0.045,0.0,-65,1.568,1.875,0.490
2014/09/18 10:43:19,4.71,37.79573,-122.27367,64.961,0.015,0.0,-65,1.170,1.833,0.429
2014/09/18 10:43:24,4.71,37.79573,-122.27366,63.648,0.004,0.0,-65,1.056,1.833,0.449
2014/09/18 10:43:29,4.71,37.79572,-122.27366,60.696,0.017,0.0,-65,1.076,1.833,0.501
2014/09/18 10:43:34,4.72,37.79572,-122.27365,57.087,0.016,0.0,-63,1.778,1.833,0.469
2014/09/18 10:43:39,4.72,37.79571,-122.27366,53.806,0.040,0.0,-63,1.799,1.750,0.401
2014/09/18 10:43:44,4.72,37.79571,-122.27366,49.869,0.013,0.0,-63,2.060,1.708,0.428
2014/09/18 10:43:49,4.72,37.79570,-122.27366,43.307,0.090,0.0,-63,1.765,1.833,0.489
2014/09/18 10:43:54,4.73,37.79569,-122.27364,36.417,0.026,0.0,-63,0.861,1.833,0.456
2014/09/18 10:43:59,4.73,37.79568,-122.27363,36.089,0.035,0.0,-63,0.924,1.833,0.455
2014/09/18 10:44:04,4.73,37.79568,-122.27363,35.761,0.025,0.0,-63,1.229,0.000,0.458
2014/09/18 10:44:09,4.73,37.79568,-122.27362,32.480,0.057,0.0,-63,1.670,1.833,0.444
2014/09/18 10:44:14,4.74,37.79567,-122.27363,21.982,0.098,0.0,-63,1.971,1.875,0.513
2014/09/18 10:44:19,4.74,37.79565,-122.27363,8.202,0.079,0.0,-63,2.353,1.792,0.360
2014/09/18 10:44:24,4.74,37.79563,-122.27364,-4.265,0.118,0.0,-63,1.906,1.750,0.468
2014/09/18 10:44:29,4.74,37.79563,-122.27365,-6.890,0.115,0.0,-63,1.524,1.833,0.461
2014/09/18 10:44:34,4.74,37.79563,-122.27365,-8.530,0.072,0.0,-63,2.144,1.792,0.429
2014/09/18 10:44:39,4.75,37.79563,-122.27365,-10.171,0.098,0.0,-65,2.180,1.417,0.288
2014/09/18 10:44:44,4.75,37.79564,-122.27363,-4.921,0.028,0.0,-65,1.494,1.833,0.603
2014/09/18 10:44:49,4.75,37.79564,-122.27362,-4.593,0.021,0.0,-65,1.503,2.208,1.461
2014/09/18 10:44:54,4.75,37.79564,-122.27361,-2.297,0.067,0.0,-65,1.037,2.125,1.161
2014/09/18 10:44:59,4.75,37.79564,-122.27361,-0.328,0.011,0.0,-65,1.073,1.917,1.821
2014/09/18 10:45:04,4.76,37.79565,-122.27361,2.625,0.050,0.0,-65,1.335,1.958,1.497
2014/09/18 10:45:09,4.76,37.79565,-122.27362,3.937,0.017,0.0,-65,1.602,1.917,0.902
2014/09/18 10:45:14,4.76,37.79566,-122.27363,5.577,0.026,0.0,-65,0.814,1.958,0.633
2014/09/18 10:45:19,4.76,37.79566,-122.27363,9.186,0.024,0.0,-65,1.176,0.000,0.646
2014/09/18 10:45:24,4.76,37.79567,-122.27363,12.139,0.013,0.0,-65,1.498,1.917,1.089
2014/09/18 10:45:29,2.6,37.79567,-122.27363,13.780,0.026,0.0,-65,1.714,1.958,2.109
2014/09/18 10:45:34,2.6,37.79566,-122.27363,10.171,0.019,0.0,-65,1.706,2.250,1.669
2014/09/18 10:45:39,2.6,37.79566,-122.27362,8.858,0.037,0.0,-63,1.092,2.250,2.269
2014/09/18 10:45:44,2.6,37.79565,-122.27362,8.858,0.034,0.0,-63,0.769,2.500,2.407
2014/09/18 10:45:49,2.6,37.79564,-122.27361,1.640,0.061,0.0,-63,1.112,0.000,1.425
2014/09/18 10:45:54,2.6,37.79564,-122.27361,-0.328,0.002,0.0,-63,0.884,2.000,2.429
2014/09/18 10:45:59,2.6,37.79564,-122.27361,-0.328,0.046,0.0,-63,1.174,2.000,1.717
2014/09/18 10:46:04,2.6,37.79564,-122.27361,-1.969,0.042,0.0,-63,1.923,2.000,2.074
2014/09/18 10:46:09,2.6,37.79564,-122.27361,-2.297,0.012,0.0,-65,1.341,1.958,0.907
2014/09/18 10:46:14,2.6,37.79563,-122.27361,-2.953,0.026,0.0,-65,1.775,2.000,1.372
2014/09/18 10:46:19,2.6,37.79564,-122.27361,-3.937,0.031,0.0,-65,1.721,1.958,0.764
2014/09/18 10:46:24,2.59,37.79564,-122.27362,-2.625,0.042,0.0,-65,1.090,2.000,1.325
2014/09/18 10:46:29,1.85,37.79565,-122.27362,-1.312,0.033,0.0,-65,1.002,0.000,1.309
2014/09/18 10:46:34,1.85,37.79565,-122.27363,-1.640,0.026,0.0,-65,2.132,2.000,0.389
2014/09/18 10:46:39,1.85,37.79565,-122.27363,-1.969,0.019,0.0,-65,2.148,1.958,0.465
2014/09/18 10:46:44,1.85,37.79565,-122.27363,-2.297,0.020,0.0,-63,1.573,2.000,0.469
2014/09/18 10:46:49,1.85,37.79565,-122.27365,-4.593,0.039,0.0,-63,1.236,2.000,0.957
2014/09/18 10:46:54,1.85,37.79566,-122.27366,-3.937,0.012,0.0,-63,1.252,1.958,1.334
2014/09/18 10:46:59,1.74,37.79567,-122.27365,-0.984,0.030,0.0,-63,1.514,0.000,1.469
2014/09/18 10:47:04,1.74,37.79567,-122.27364,0.656,0.047,0.0,-63,1.903,0.000,0.156
2014/09/18 10:47:09,1.74,37.79567,-122.27364,0.328,0.038,0.0,-63,1.270,0.167,0.284
2014/09/18 10:47:14,1.74,37.79567,-122.27363,1.312,0.014,0.0,-67,1.485,1.958,0.416
2014/09/18 10:47:19,2.51,37.79567,-122.27362,1.969,0.022,0.0,-67,2.125,1.792,0.448
2014/09/18 10:47:24,1.74,37.79567,-122.27363,2.297,0.058,0.0,-67,1.926,1.792,0.477
2014/09/18 10:47:29,1.74,37.79567,-122.27364,2.625,0.081,0.0,-67,1.071,1.792,0.386
2014/09/18 10:47:34,1.74,37.79568,-122.27364,5.249,0.049,0.0,-67,1.038,1.792,0.445
2014/09/18 10:47:39,1.74,37.79568,-122.27364,7.874,0.014,0.0,-67,0.787,1.792,0.482
2014/09/18 10:47:44,1.74,37.79568,-122.27364,9.186,0.012,0.0,-63,0.000,1.792,0.433
2014/09/18 10:47:49,1.74,37.79569,-122.27364,13.451,0.026,0.0,-63,1.010,1.792,0.448
2014/09/18 10:47:54,1.74,37.79569,-122.27364,17.060,0.017,0.0,-63,0.838,1.792,0.507
2014/09/18 10:47:59,1.74,37.79569,-122.27363,18.373,0.040,0.0,-63,1.503,1.833,0.468
2014/09/18 10:48:04,2.18,37.79569,-122.27363,18.045,0.122,0.0,-63,1.463,1.792,0.507
2014/09/18 10:48:09,2.51,37.79570,-122.27360,19.357,0.115,0.0,-63,1.273,1.792,0.430
2014/09/18 10:48:14,1.74,37.79560,-122.27364,24.278,9.955,0.0,-73,1.418,1.708,0.438
2014/09/18 10:48:19,3.8,37.79540,-122.27378,60.039,10.458,0.0,-73,1.039,1.667,0.485
2014/09/18 10:48:24,1.85,37.79521,-122.27387,70.538,10.591,0.0,-73,1.126,1.667,0.505
2014/09/18 10:48:29,1.77,37.79504,-122.27365,47.244,15.885,0.0,-73,1.506,0.708,0.317
2014/09/18 10:48:34,4.01,37.79484,-122.27332,31.496,19.562,0.0,-73,1.173,0.000,0.973
2014/09/18 10:48:39,2.61,37.79470,-122.27294,44.291,13.772,0.0,-73,0.550,0.250,0.410
2014/09/18 10:48:44,2.33,37.79454,-122.27271,79.724,8.760,0.0,-73,1.425,0.958,0.646
2014/09/18 10:48:49,3.21,37.79443,-122.27263,145.341,4.402,0.0,-83,0.821,0.583,0.000
2014/09/18 10:48:55,2.67,37.79425,-122.27236,120.407,1.791,0.0,-83,1.184,1.292,0.000
2014/09/18 10:49:00,2.01,37.79419,-122.27196,95.472,12.592,0.0,-83,1.040,0.000,0.000
2014/09/18 10:49:05,4.42,37.79405,-122.27159,92.192,15.906,0.0,-83,0.449,1.750,2.580
2014/09/18 10:49:10,2.19,37.79391,-122.27124,95.472,14.616,0.0,-83,0.336,0.000,5.408
2014/09/18 10:49:15,2.34,37.79377,-122.27089,96.129,14.228,0.0,-83,0.168,1.292,0.000
2014/09/18 10:49:20,2.08,37.79362,-122.27051,95.801,16.802,0.0,-93,0.500,0.958,3.934
2014/09/18 10:49:25,2.11,37.79345,-122.27007,88.255,19.225,0.0,-93,1.141,1.750,0.634
2014/09/18 10:49:30,2.01,37.79328,-122.26955,74.475,19.471,0.0,-93,1.235,1.958,0.710
2014/09/18 10:49:35,2.09,37.79312,-122.26905,66.929,18.449,0.0,-93,0.991,1.625,1.422
2014/09/18 10:49:40,1.77,37.79296,-122.26864,63.648,13.238,0.0,-93,1.237,1.625,0.682
2014/09/18 10:49:45,1.77,37.79289,-122.26849,66.601,1.966,0.0,-93,1.968,0.000,0.230
2014/09/18 10:49:50,1.74,37.79288,-122.26833,70.538,9.096,0.0,-85,1.697,0.958,0.190
2014/09/18 10:49:55,2.49,37.79316,-122.26806,68.570,19.530,0.0,-85,1.797,0.958,0.694
2014/09/18 10:50:00,3.78,37.79353,-122.26779,68.898,21.032,0.0,-85,1.730,1.917,0.340
2014/09/18 10:50:05,2.85,37.79393,-122.26754,69.554,22.374,0.0,-85,1.044,1.917,0.849
2014/09/18 10:50:10,3.78,37.79433,-122.26730,68.570,20.637,0.0,-85,0.960,1.667,1.325
2014/09/18 10:50:15,1.74,37.79466,-122.26704,69.554,16.811,0.0,-85,0.909,1.583,0.770
2014/09/18 10:50:20,1.74,37.79493,-122.26685,68.570,18.308,0.0,-87,1.084,1.917,0.710
2014/09/18 10:50:25,3.28,37.79527,-122.26661,69.882,19.566,0.0,-87,0.996,2.208,1.060
2014/09/18 10:50:30,1.74,37.79564,-122.26638,70.866,20.063,0.0,-87,0.000,1.750,1.374
2014/09/18 10:50:35,2.48,37.79598,-122.26618,74.475,15.289,0.0,-87,1.549,0.000,1.154
2014/09/18 10:50:40,1.74,37.79610,-122.26610,80.052,0.193,0.0,-87,1.558,2.167,1.577
2014/09/18 10:50:45,3.77,37.79610,-122.26610,81.365,0.067,0.0,-87,1.025,1.833,0.562
2014/09/18 10:50:50,3.77,37.79609,-122.26611,83.333,0.678,0.0,-87,1.093,1.292,1.449
2014/09/18 10:50:55,1.74,37.79621,-122.26603,87.598,9.978,0.0,-95,0.859,0.000,1.749
2014/09/18 10:51:00,2.48,37.79646,-122.26589,85.630,15.745,0.0,-95,0.839,2.417,2.158
2014/09/18 10:51:05,3.77,37.79676,-122.26571,88.255,14.969,0.0,-95,0.759,0.000,2.002
2014/09/18 10:51:10,2.19,37.79695,-122.26565,87.927,9.063,0.0,-95,0.601,1.708,2.318
2014/09/18 10:51:15,1.74,37.79705,-122.26586,83.661,7.890,0.0,-95,1.272,2.792,1.402
2014/09/18 10:51:20,1.74,37.79707,-122.26597,67.585,2.352,0.0,-95,1.706,1.750,1.385
2014/09/18 10:51:25,1.74,37.79707,-122.26597,62.664,0.009,0.0,-81,1.254,2.333,2.042
2014/09/18 10:51:30,1.74,37.79705,-122.26596,50.525,0.019,0.0,-81,1.208,1.792,1.888
2014/09/18 10:51:35,1.74,37.79702,-122.26596,38.386,0.008,0.0,-81,0.919,0.000,0.000
2014/09/18 10:51:40,1.74,37.79702,-122.26596,34.121,0.083,0.0,-81,0.237,0.000,0.000
2014/09/18 10:51:45,1.74,37.79702,-122.26596,32.152,0.630,0.0,-81,0.187,0.625,0.000
2014/09/18 10:51:50,1.73,37.79703,-122.26595,31.168,1.344,0.0,-81,1.207,1.833,1.594
2014/09/18 10:51:55,2.47,37.79715,-122.26617,28.871,16.257,0.0,-75,1.666,0.000,1.517
2014/09/18 10:52:00,1.73,37.79727,-122.26648,28.543,4.945,0.0,-75,1.641,1.875,1.558
2014/09/18 10:52:05,1.73,37.79729,-122.26649,27.887,0.032,0.0,-75,1.991,1.875,2.350
2014/09/18 10:52:10,1.73,37.79730,-122.26648,27.559,0.027,0.0,-75,0.755,1.833,1.870
2014/09/18 10:52:15,1.73,37.79731,-122.26648,26.575,0.057,0.0,-75,0.803,1.875,2.190
2014/09/18 10:52:20,1.81,37.79731,-122.26648,26.575,0.037,0.0,-75,1.119,0.000,0.170
2014/09/18 10:52:25,1.73,37.79731,-122.26648,25.591,0.033,0.0,-73,1.086,0.167,0.222
2014/09/18 10:52:30,1.73,37.79732,-122.26647,23.622,0.024,0.0,-73,1.493,0.000,0.540
2014/09/18 10:52:35,1.73,37.79732,-122.26647,21.654,0.053,0.0,-73,1.644,1.917,0.416
2014/09/18 10:52:40,1.73,37.79733,-122.26647,20.341,0.061,0.0,-73,2.167,1.708,0.242
2014/09/18 10:52:45,1.81,37.79736,-122.26657,20.341,11.398,0.0,-73,2.119,1.750,0.173
2014/09/18 10:52:50,1.73,37.79755,-122.26702,20.013,24.433,0.0,-73,1.400,1.292,0.505
2014/09/18 10:52:55,1.73,37.79776,-122.26757,20.341,21.735,0.0,-73,1.086,1.333,0.271
2014/09/18 10:53:00,1.73,37.79778,-122.26791,20.013,12.498,0.0,-77,1.119,1.708,0.456
2014/09/18 10:53:05,2.2,37.79747,-122.26812,23.622,17.332,0.0,-77,1.300,1.833,0.518
2014/09/18 10:53:10,2.2,37.79736,-122.26818,20.013,0.107,0.0,-77,1.041,1.875,0.440
2014/09/18 10:53:15,2.2,37.79734,-122.26818,18.045,0.031,0.0,-77,1.159,1.833,0.489
2014/09/18 10:53:20,2.2,37.79734,-122.26819,7.546,0.042,0.0,-77,1.879,1.833,0.493
2014/09/18 10:53:25,3.73,37.79726,-122.26824,-2.297,10.603,0.0,-77,1.507,1.833,0.417
2014/09/18 10:53:30,2.2,37.79698,-122.26840,-1.312,19.122,0.0,-73,0.882,1.833,0.477
2014/09/18 10:53:35,2.2,37.79664,-122.26862,3.609,14.587,0.0,-73,1.191,1.875,0.430
2014/09/18 10:53:40,1.73,37.79658,-122.26867,20.669,0.075,0.0,-73,0.755,1.458,0.561
2014/09/18 10:53:45,1.73,37.79656,-122.26869,24.606,7.150,0.0,-73,1.526,1.500,0.666
2014/09/18 10:53:50,1.73,37.79647,-122.26890,24.278,16.982,0.0,-73,1.070,1.417,0.471
2014/09/18 10:53:55,1.73,37.79665,-122.26942,24.278,23.170,0.0,-73,1.121,1.500,1.656
2014/09/18 10:54:00,1.63,37.79686,-122.27000,33.793,27.294,0.0,-91,0.195,0.000,0.000
2014/09/18 10:54:05,1.63,37.79711,-122.27070,43.963,33.892,0.0,-91,0.260,0.250,0.295
2014/09/18 10:54:10,1.63,37.79742,-122.27160,43.963,41.383,0.0,-91,0.855,0.792,0.386
2014/09/18 10:54:15,1.58,37.79777,-122.27258,43.963,42.631,0.0,-91,0.865,1.458,0.269
2014/09/18 10:54:20,1.58,37.79814,-122.27357,42.651,43.486,0.0,-91,0.816,1.500,0.345
2014/09/18 10:54:25,1.58,37.79852,-122.27461,40.026,47.062,0.0,-91,1.170,1.708,0.405
2014/09/18 10:54:30,1.73,37.79895,-122.27575,38.386,51.404,0.0,-51,1.557,1.833,0.458
2014/09/18 10:54:35,1.58,37.79939,-122.27699,36.417,54.949,0.0,-51,1.689,1.875,0.490
2014/09/18 10:54:40,1.94,37.79990,-122.27828,34.777,58.954,0.0,-51,2.337,0.000,0.230
2014/09/18 10:54:45,1.66,37.80045,-122.27965,32.480,61.830,0.0,-51,1.717,1.625,0.347
2014/09/18 10:54:50,1.59,37.80101,-122.28107,32.808,63.253,0.0,-51,1.295,1.583,0.158
2014/09/18 10:54:55,2.19,37.80158,-122.28250,41.667,63.228,0.0,-51,0.539,1.167,1.143
2014/09/18 10:55:00,2.19,37.80217,-122.28390,52.165,62.553,0.0,-51,2.083,0.625,0.174
2014/09/18 10:55:05,1.59,37.80264,-122.28538,57.743,63.013,0.0,-61,1.898,1.250,0.249
2014/09/18 10:55:10,1.64,37.80294,-122.28694,64.633,63.343,0.0,-61,0.613,1.083,0.197
2014/09/18 10:55:15,1.63,37.80306,-122.28852,70.538,63.549,0.0,-61,0.320,0.375,2.062
2014/09/18 10:55:20,1.59,37.80299,-122.29015,69.226,64.520,0.0,-61,0.000,0.000,0.521
2014/09/18 10:55:25,1.59,37.80276,-122.29176,59.383,64.529,0.0,-61,0.419,0.667,0.886
2014/09/18 10:55:30,1.59,37.80250,-122.29338,43.635,64.220,0.0,-61,0.181,0.250,1.218
2014/09/18 10:55:35,1.59,37.80225,-122.29495,29.528,62.974,0.0,-77,0.413,0.375,1.085
2014/09/18 10:55:40,1.59,37.80215,-122.29656,15.420,65.173,0.0,-77,0.320,1.083,0.658
2014/09/18 10:55:45,1.59,37.80232,-122.29826,11.811,69.383,0.0,-77,0.638,1.083,1.305
2014/09/18 10:55:50,1.59,37.80277,-122.29986,12.795,66.028,0.0,-77,0.503,1.792,1.160
2014/09/18 10:55:55,1.59,37.80342,-122.30123,13.123,60.002,0.0,-77,1.027,1.708,0.434
2014/09/18 10:56:00,1.59,37.80422,-122.30238,13.123,60.763,0.0,-77,1.329,1.750,0.497
2014/09/18 10:56:05,1.59,37.80517,-122.30330,10.827,58.422,0.0,-67,1.065,1.667,0.502
2014/09/18 10:56:10,1.72,37.80623,-122.30398,7.874,60.428,0.0,-67,1.548,0.000,1.078
2014/09/18 10:56:15,1.59,37.80742,-122.30442,5.906,61.963,0.0,-67,1.662,2.417,2.261
2014/09/18 10:56:20,1.61,37.80872,-122.30455,0.328,62.637,0.0,-67,0.947,2.125,1.857
2014/09/18 10:56:25,1.66,37.80995,-122.30441,-0.656,62.233,0.0,-67,0.886,2.000,0.762
2014/09/18 10:56:30,1.61,37.81111,-122.30396,3.609,62.236,0.0,-67,1.192,1.958,0.906
2014/09/18 10:56:35,1.75,37.81218,-122.30326,8.202,60.303,0.0,-79,1.082,2.000,1.250
2014/09/18 10:56:40,1.63,37.81312,-122.30231,5.577,61.068,0.0,-79,1.352,2.000,2.173
2014/09/18 10:56:45,1.59,37.81394,-122.30117,9.186,60.601,0.0,-79,0.819,0.000,1.938
2014/09/18 10:56:50,2.21,37.81473,-122.30001,20.013,60.061,0.0,-79,0.694,1.958,3.738
2014/09/18 10:56:55,2.38,37.81548,-122.29890,34.777,56.279,0.0,-79,0.496,1.333,2.022
2014/09/18 10:57:00,1.61,37.81618,-122.29789,51.181,50.036,0.0,-79,0.916,0.000,0.000
2014/09/18 10:57:05,1.59,37.81687,-122.29699,67.257,49.751,0.0,-79,0.169,0.000,0.000
2014/09/18 10:57:10,1.59,37.81775,-122.29636,75.787,50.652,0.0,-75,0.494,2.000,7.717
2014/09/18 10:57:15,1.59,37.81876,-122.29608,78.740,52.338,0.0,-75,0.736,0.000,1.682
2014/09/18 10:57:20,1.59,37.81982,-122.29622,76.772,54.355,0.0,-75,0.000,2.417,2.378
2014/09/18 10:57:25,1.59,37.82084,-122.29682,71.850,57.555,0.0,-75,0.000,0.667,3.666
2014/09/18 10:57:30,1.73,37.82167,-122.29786,64.304,59.064,0.0,-75,0.000,0.000,0.000
2014/09/18 10:57:35,1.65,37.82228,-122.29919,49.213,61.423,0.0,-75,0.000,0.667,0.316
2014/09/18 10:57:40,1.59,37.82288,-122.30054,38.386,59.786,0.0,-61,0.000,2.125,0.386
2014/09/18 10:57:45,1.59,37.82345,-122.30181,35.105,56.107,0.0,-61,0.003,1.958,1.078
2014/09/18 10:57:50,1.59,37.82398,-122.30309,35.105,58.503,0.0,-61,2.337,2.000,0.526
2014/09/18 10:57:55,1.6,37.82454,-122.30436,34.449,51.018,0.0,-61,1.497,0.000,2.208
2014/09/18 10:58:00,1.6,37.82488,-122.30512,34.449,21.999,0.0,-61,0.529,0.667,1.078
2014/09/18 10:58:05,1.6,37.82496,-122.30530,32.480,0.053,0.0,-61,0.244,0.000,0.630
2014/09/18 10:58:10,1.6,37.82499,-122.30537,29.856,5.130,0.0,-79,0.742,0.667,1.931
2014/09/18 10:58:15,1.6,37.82503,-122.30547,28.215,2.815,0.0,-79,0.572,0.000,1.398
2014/09/18 10:58:20,1.6,37.82507,-122.30554,28.215,7.809,0.0,-79,0.400,0.000,0.158
2014/09/18 10:58:25,1.73,37.82510,-122.30561,27.887,0.032,0.0,-79,0.282,0.000,1.023
2014/09/18 10:58:30,1.74,37.82510,-122.30561,26.903,0.072,0.0,-79,0.713,0.000,0.214
2014/09/18 10:58:35,1.74,37.82510,-122.30561,25.591,0.018,0.0,-79,1.862,0.042,0.369
2014/09/18 10:58:40,1.74,37.82511,-122.30562,24.934,0.017,0.0,-83,1.394,1.375,0.728
2014/09/18 10:58:45,1.74,37.82511,-122.30562,24.278,0.019,0.0,-83,1.036,0.458,0.280
2014/09/18 10:58:50,1.74,37.82512,-122.30564,24.606,2.228,0.0,-83,1.029,0.583,0.998
2014/09/18 10:58:55,1.74,37.82512,-122.30564,25.591,0.017,0.0,-83,0.459,0.417,2.250
2014/09/18 10:59:00,1.74,37.82512,-122.30564,26.247,0.171,0.0,-83,0.821,1.333,0.926
2014/09/18 10:59:05,1.74,37.82512,-122.30564,25.919,0.011,0.0,-83,1.051,0.833,0.313
2014/09/18 10:59:10,1.74,37.82513,-122.30564,26.247,0.766,0.0,-83,1.663,1.625,0.414
2014/09/18 10:59:15,1.74,37.82512,-122.30564,26.575,0.027,0.0,-81,1.003,0.625,0.674
2014/09/18 10:59:20,1.74,37.82513,-122.30566,27.231,0.837,0.0,-81,0.000,0.250,0.519
2014/09/18 10:59:25,1.74,37.82513,-122.30566,28.215,0.540,0.0,-81,0.783,0.000,0.000
2014/09/18 10:59:30,1.74,37.82514,-122.30567,28.215,0.673,0.0,-81,0.563,0.875,0.000
2014/09/18 10:59:35,2.48,37.82514,-122.30568,27.887,0.034,0.0,-81,0.898,1.083,0.430
2014/09/18 10:59:40,1.74,37.82514,-122.30567,28.543,0.058,0.0,-81,1.712,1.625,0.361
2014/09/18 10:59:45,1.75,37.82514,-122.30568,29.528,1.549,0.0,-79,2.327,0.750,0.237
2014/09/18 10:59:50,1.75,37.82514,-122.30569,29.199,0.015,0.0,-79,2.387,0.750,0.241
2014/09/18 10:59:55,1.75,37.82515,-122.30571,29.199,1.279,0.0,-79,1.286,1.708,0.590
2014/09/18 11:00:00,1.75,37.82516,-122.30573,29.528,2.808,0.0,-79,1.827,0.000,0.400
2014/09/18 11:00:05,1.75,37.82516,-122.30574,30.184,0.035,0.0,-79,1.010,0.917,0.736
2014/09/18 11:00:10,1.75,37.82516,-122.30574,32.480,0.028,0.0,-79,0.985,0.750,0.189
2014/09/18 11:00:15,1.75,37.82516,-122.30574,34.449,0.062,0.0,-79,2.034,0.875,0.209
2014/09/18 11:00:20,1.75,37.82515,-122.30573,34.121,0.042,0.0,-79,1.788,0.542,0.553
2014/09/18 11:00:25,1.75,37.82515,-122.30574,33.793,0.859,0.0,-79,1.798,0.000,0.202
2014/09/18 11:00:30,1.75,37.82517,-122.30580,32.480,3.062,0.0,-79,2.058,0.250,0.653
2014/09/18 11:00:35,1.75,37.82519,-122.30584,31.168,0.812,0.0,-79,1.349,0.500,0.603
2014/09/18 11:00:40,1.75,37.82519,-122.30584,30.840,0.054,0.0,-79,0.830,1.125,0.730
2014/09/18 11:00:45,1.75,37.82522,-122.30590,30.184,3.987,0.0,-85,0.608,1.167,0.361
2014/09/18 11:00:50,1.75,37.82523,-122.30593,29.199,0.712,0.0,-85,0.681,0.750,0.249
2014/09/18 11:00:55,1.75,37.82524,-122.30596,28.215,0.375,0.0,-85,0.849,0.750,0.000
2014/09/18 11:01:00,1.76,37.82523,-122.30596,29.856,0.030,0.0,-85,0.115,0.000,0.000
2014/09/18 11:01:05,1.76,37.82523,-122.30596,30.184,0.711,0.0,-85,0.353,0.542,0.000
2014/09/18 11:01:10,1.76,37.82525,-122.30602,30.512,3.038,0.0,-85,0.511,1.208,2.261
2014/09/18 11:01:15,1.76,37.82528,-122.30611,29.199,2.882,0.0,-85,0.333,1.167,0.751
2014/09/18 11:01:20,1.76,37.82528,-122.30613,28.215,0.290,0.0,-83,0.336,1.250,3.738
2014/09/18 11:01:25,1.76,37.82529,-122.30616,25.591,1.673,0.0,-83,0.739,1.625,1.725
2014/09/18 11:01:30,1.76,37.82530,-122.30620,23.950,0.220,0.0,-83,1.240,1.000,0.736
2014/09/18 11:01:35,1.76,37.82530,-122.30621,21.982,0.055,0.0,-83,0.497,0.000,1.429
2014/09/18 11:01:40,1.83,37.82530,-122.30622,19.685,0.123,0.0,-83,0.718,1.208,1.510
2014/09/18 11:01:45,1.83,37.82530,-122.30623,18.045,0.082,0.0,-83,1.003,1.292,0.577
2014/09/18 11:01:50,2.66,37.82530,-122.30624,16.404,0.026,0.0,-87,0.917,0.000,0.559
2014/09/18 11:01:55,1.76,37.82530,-122.30625,16.404,0.230,0.0,-87,1.753,0.667,0.395
2014/09/18 11:02:00,1.83,37.82530,-122.30626,14.764,0.068,0.0,-87,0.958,0.000,1.666
2014/09/18 11:02:05,1.76,37.82531,-122.30626,15.748,0.360,0.0,-87,1.096,0.000,0.967
2014/09/18 11:02:10,2.67,37.82532,-122.30629,14.108,1.031,0.0,-87,0.808,0.292,0.721
2014/09/18 11:02:15,1.83,37.82533,-122.30634,13.123,0.576,0.0,-87,1.044,0.000,0.665
2014/09/18 11:02:20,1.77,37.82533,-122.30634,13.451,0.060,0.0,-85,1.036,0.292,0.742
2014/09/18 11:02:25,1.83,37.82535,-122.30638,12.795,3.722,0.0,-85,1.128,0.000,0.470
2014/09/18 11:02:30,1.83,37.82537,-122.30647,12.467,3.025,0.0,-85,0.830,0.000,0.470
2014/09/18 11:02:35,2.68,37.82540,-122.30655,11.155,3.727,0.0,-85,1.170,0.292,0.870
2014/09/18 11:02:40,1.83,37.82542,-122.30664,11.483,3.718,0.0,-85,0.526,0.000,0.717
2014/09/18 11:02:45,1.83,37.82543,-122.30667,14.436,0.050,0.0,-85,0.855,0.292,0.410
2014/09/18 11:02:50,1.83,37.82543,-122.30666,17.060,0.021,0.0,-83,0.645,0.583,0.562
2014/09/18 11:02:55,1.77,37.82544,-122.30668,20.013,2.666,0.0,-83,1.044,1.792,0.000
2014/09/18 11:03:00,1.84,37.82544,-122.30669,19.685,0.082,0.0,-83,1.013,2.042,0.934
2014/09/18 11:03:05,1.84,37.82544,-122.30669,20.013,0.297,0.0,-83,1.753,0.000,0.318
2014/09/18 11:03:10,1.84,37.82546,-122.30674,27.887,4.705,0.0,-83,2.004,1.542,0.158
2014/09/18 11:03:15,2.84,37.82547,-122.30680,37.402,2.369,0.0,-83,1.125,0.000,0.446
2014/09/18 11:03:20,2.54,37.82549,-122.30687,46.916,4.323,0.0,-83,1.852,0.458,0.401
2014/09/18 11:03:25,1.78,37.82551,-122.30699,49.213,2.923,0.0,-77,0.926,0.000,0.970
2014/09/18 11:03:30,1.78,37.82553,-122.30704,53.150,2.942,0.0,-77,0.863,0.000,0.708
2014/09/18 11:03:35,1.78,37.82554,-122.30710,51.837,0.062,0.0,-77,0.557,0.000,0.171
2014/09/18 11:03:40,2.58,37.82554,-122.30710,52.822,0.037,0.0,-77,1.616,0.000,0.797
2014/09/18 11:03:45,1.78,37.82554,-122.30710,53.150,0.054,0.0,-77,0.933,0.000,1.014
2014/09/18 11:03:50,1.78,37.82554,-122.30713,50.197,0.898,0.0,-77,0.552,0.000,1.999
2014/09/18 11:03:55,1.8,37.82555,-122.30718,48.228,2.992,0.0,-81,0.960,0.000,0.221
2014/09/18 11:04:00,1.78,37.82555,-122.30726,45.932,3.163,0.0,-81,1.443,0.000,0.389
2014/09/18 11:04:05,1.78,37.82556,-122.30732,41.667,0.454,0.0,-81,2.103,0.042,0.162
2014/09/18 11:04:10,1.78,37.82556,-122.30735,39.370,2.537,0.0,-81,3.112,0.708,0.298
2014/09/18 11:04:15,1.78,37.82557,-122.30738,35.105,0.024,0.0,-81,2.459,0.625,0.363
2014/09/18 11:04:20,1.78,37.82557,-122.30738,33.136,0.009,0.0,-81,2.480,0.417,0.336
2014/09/18 11:04:25,1.78,37.82557,-122.30738,32.152,0.007,0.0,-75,2.443,0.375,0.258
2014/09/18 11:04:30,1.78,37.82557,-122.30741,31.168,0.393,0.0,-75,2.724,0.750,0.216
2014/09/18 11:04:35,1.79,37.82557,-122.30740,31.496,0.393,0.0,-75,2.808,0.542,0.189
2014/09/18 11:04:40,1.79,37.82558,-122.30747,30.512,3.918,0.0,-75,3.077,0.583,0.249
2014/09/18 11:04:45,1.79,37.82559,-122.30758,27.559,3.257,0.0,-75,2.291,0.458,0.262
2014/09/18 11:04:50,1.79,37.82559,-122.30758,26.247,0.113,0.0,-75,2.270,0.458,0.197
2014/09/18 11:04:55,1.79,37.82559,-122.30760,24.606,0.335,0.0,-77,2.955,0.500,0.228
2014/09/18 11:05:00,1.79,37.82559,-122.30760,23.622,0.998,0.0,-77,3.135,0.000,0.289
2014/09/18 11:05:05,1.79,37.82559,-122.30764,22.638,0.178,0.0,-77,1.401,0.542,1.270
2014/09/18 11:05:10,1.79,37.82559,-122.30764,20.669,0.039,0.0,-77,1.144,0.292,0.598
2014/09/18 11:05:15,1.79,37.82559,-122.30769,20.013,2.648,0.0,-77,1.786,0.750,0.462
2014/09/18 11:05:20,1.79,37.82559,-122.30775,20.997,1.625,0.0,-77,1.801,1.250,0.297
2014/09/18 11:05:25,1.79,37.82559,-122.30776,20.341,0.047,0.0,-77,2.385,0.625,0.182
2014/09/18 11:05:30,1.79,37.82559,-122.30779,19.357,3.014,0.0,-77,2.375,0.375,0.416
2014/09/18 11:05:35,1.79,37.82559,-122.30788,19.357,2.620,0.0,-77,2.116,0.000,0.371
2014/09/18 11:05:40,1.79,37.82559,-122.30791,18.045,0.614,0.0,-77,2.221,0.500,0.549
2014/09/18 11:05:45,1.79,37.82558,-122.30799,15.748,4.088,0.0,-77,3.010,0.500,0.191
2014/09/18 11:05:50,1.8,37.82557,-122.30810,14.108,4.596,0.0,-77,2.109,0.542,0.409
2014/09/18 11:05:55,1.8,37.82556,-122.30820,15.420,4.853,0.0,-77,1.725,0.542,0.797
2014/09/18 11:06:00,1.8,37.82556,-122.30823,18.045,0.193,0.0,-85,1.958,0.542,0.210
2014/09/18 11:06:05,1.8,37.82556,-122.30823,18.045,0.194,0.0,-85,0.952,0.375,0.657
2014/09/18 11:06:10,1.8,37.82555,-122.30829,17.388,1.580,0.0,-85,1.170,0.000,1.066
2014/09/18 11:06:15,1.8,37.82555,-122.30829,18.373,0.032,0.0,-85,1.490,0.667,0.256
2014/09/18 11:06:20,1.8,37.82555,-122.30829,19.029,0.021,0.0,-85,1.981,0.500,0.350
2014/09/18 11:06:25,1.8,37.82554,-122.30831,18.373,2.995,0.0,-85,1.459,0.250,0.338
2014/09/18 11:06:30,1.8,37.82553,-122.30842,18.045,5.051,0.0,-85,1.602,0.292,0.233
2014/09/18 11:06:35,1.8,37.82553,-122.30846,18.373,0.065,0.0,-85,1.475,0.000,0.582
2014/09/18 11:06:40,1.8,37.82552,-122.30848,19.685,2.663,0.0,-85,2.407,0.250,0.549
2014/09/18 11:06:45,1.8,37.82551,-122.30857,20.341,3.863,0.0,-85,0.721,0.375,1.459
2014/09/18 11:06:50,1.8,37.82550,-122.30864,19.357,1.967,0.0,-85,2.699,0.000,0.198
2014/09/18 11:06:55,1.8,37.82550,-122.30865,19.357,0.047,0.0,-85,3.080,0.500,0.239
2014/09/18 11:07:00,1.8,37.82550,-122.30867,19.357,1.525,0.0,-75,2.167,0.500,0.277
2014/09/18 11:07:05,1.81,37.82550,-122.30868,19.685,0.036,0.0,-75,2.587,0.375,0.409
2014/09/18 11:07:10,1.81,37.82549,-122.30870,19.357,0.914,0.0,-75,2.958,0.375,0.237
2014/09/18 11:07:15,1.81,37.82549,-122.30870,18.701,0.032,0.0,-75,2.555,0.417,0.157
2014/09/18 11:07:20,1.81,37.82549,-122.30871,19.029,0.035,0.0,-75,2.060,0.500,0.685
2014/09/18 11:07:25,1.81,37.82549,-122.30875,17.060,3.754,0.0,-75,3.440,0.875,0.248
2014/09/18 11:07:30,1.81,37.82547,-122.30882,17.388,2.048,0.0,-75,3.901,1.083,0.189
2014/09/18 11:07:35,1.81,37.82547,-122.30887,16.076,0.495,0.0,-67,3.602,1.125,0.165
2014/09/18 11:07:40,2.21,37.82546,-122.30888,16.732,0.119,0.0,-67,3.846,0.000,0.160
2014/09/18 11:07:45,2.21,37.82546,-122.30894,17.388,3.345,0.0,-67,2.975,1.208,0.190
2014/09/18 11:07:50,1.81,37.82545,-122.30897,17.717,0.039,0.0,-67,3.971,0.542,0.217
2014/09/18 11:07:55,1.81,37.82545,-122.30896,21.654,0.039,0.0,-67,3.856,0.875,0.191
2014/09/18 11:08:00,1.81,37.82545,-122.30896,19.685,0.058,0.0,-67,3.266,0.833,0.230
2014/09/18 11:08:05,1.81,37.82545,-122.30896,16.732,0.057,0.0,-67,2.538,0.875,0.152
2014/09/18 11:08:10,1.81,37.82545,-122.30897,14.764,1.406,0.0,-67,1.709,0.792,0.290
2014/09/18 11:08:15,1.81,37.82544,-122.30902,16.732,2.283,0.0,-67,2.794,0.875,0.423
2014/09/18 11:08:20,2.21,37.82543,-122.30906,16.732,0.009,0.0,-67,0.000,0.667,0.298
2014/09/18 11:08:25,2.21,37.82543,-122.30909,17.717,3.042,0.0,-67,2.471,0.000,1.182
2014/09/18 11:08:30,1.82,37.82542,-122.30917,16.076,2.669,0.0,-67,1.010,0.375,0.236
2014/09/18 11:08:35,1.82,37.82540,-122.30928,12.795,2.965,0.0,-67,2.679,0.625,0.437
2014/09/18 11:08:40,1.82,37.82540,-122.30929,9.514,0.058,0.0,-67,2.116,0.625,0.189
2014/09/18 11:08:45,1.82,37.82540,-122.30930,4.921,0.020,0.0,-67,3.195,0.625,0.222
2014/09/18 11:08:50,1.82,37.82540,-122.30931,2.953,0.067,0.0,-67,3.811,1.250,0.290
2014/09/18 11:08:55,1.82,37.82539,-122.30931,1.312,0.025,0.0,-67,3.500,1.583,0.230
2014/09/18 11:09:00,1.82,37.82539,-122.30932,-1.312,0.022,0.0,-67,3.490,1.167,0.170
2014/09/18 11:09:05,1.82,37.82539,-122.30932,-2.625,0.082,0.0,-69,3.504,0.000,0.196
2014/09/18 11:09:10,1.82,37.82539,-122.30934,-2.297,2.514,0.0,-69,3.128,1.125,0.286
2014/09/18 11:09:15,1.82,37.82537,-122.30943,-3.281,3.596,0.0,-69,2.250,0.875,0.390
2014/09/18 11:09:20,1.82,37.82537,-122.30946,-2.297,0.026,0.0,-69,2.215,0.500,0.210
2014/09/18 11:09:25,1.88,37.82537,-122.30946,-2.625,0.057,0.0,-69,1.964,0.708,0.177
2014/09/18 11:09:30,1.82,37.82537,-122.30946,-2.625,0.057,0.0,-69,3.260,1.000,0.243
2014/09/18 11:09:35,1.83,37.82537,-122.30947,-0.984,0.019,0.0,-69,2.577,0.792,0.274
2014/09/18 11:09:40,1.83,37.82537,-122.30949,0.656,2.970,0.0,-65,3.102,0.625,0.342
2014/09/18 11:09:45,1.83,37.82536,-122.30953,2.953,0.055,0.0,-65,2.949,1.125,0.179
2014/09/18 11:09:50,2.64,37.82536,-122.30953,2.297,0.928,0.0,-65,2.978,1.042,0.303
2014/09/18 11:09:55,1.83,37.82536,-122.30955,-1.640,0.809,0.0,-65,2.660,1.292,0.269
2014/09/18 11:10:00,2.64,37.82536,-122.30957,-1.969,0.337,0.0,-65,3.301,1.250,0.157
2014/09/18 11:10:05,2.64,37.82535,-122.30959,-1.312,2.802,0.0,-65,3.202,0.000,0.230
2014/09/18 11:10:10,2.64,37.82534,-122.30969,0.328,2.583,0.0,-63,3.279,0.750,0.197
2014/09/18 11:10:15,2.64,37.82534,-122.30970,3.609,0.047,0.0,-63,3.144,0.708,0.210
2014/09/18 11:10:20,2.64,37.82534,-122.30969,4.921,0.066,0.0,-63,3.244,0.625,0.290
2014/09/18 11:10:25,1.83,37.82534,-122.30969,4.265,0.050,0.0,-63,3.167,0.500,0.223
2014/09/18 11:10:30,2.65,37.82534,-122.30969,4.265,0.062,0.0,-63,3.247,0.875,0.166
2014/09/18 11:10:35,1.83,37.82533,-122.30974,2.953,4.481,0.0,-63,3.420,0.750,0.331
2014/09/18 11:10:40,1.83,37.82532,-122.30980,-1.312,0.045,0.0,-65,2.587,0.458,0.199
2014/09/18 11:10:45,2.65,37.82532,-122.30981,-4.921,0.415,0.0,-65,2.830,0.750,0.158
2014/09/18 11:10:50,2.65,37.82532,-122.30982,-6.890,0.011,0.0,-65,3.163,0.917,0.215
2014/09/18 11:10:55,2.65,37.82531,-122.30985,-7.874,3.175,0.0,-65,3.387,1.083,0.234
2014/09/18 11:11:00,1.84,37.82529,-122.30997,-8.202,5.637,0.0,-65,3.160,0.958,0.197
2014/09/18 11:11:05,1.84,37.82527,-122.31007,-9.514,1.147,0.0,-65,3.305,0.833,0.161
2014/09/18 11:11:10,1.84,37.82527,-122.31007,-10.499,0.049,0.0,-61,3.314,1.042,0.249
2014/09/18 11:11:15,1.84,37.82527,-122.31007,-11.155,0.073,0.0,-61,3.503,0.708,0.243
2014/09/18 11:11:20,1.84,37.82527,-122.31008,-12.467,0.014,0.0,-61,3.256,0.875,0.149
2014/09/18 11:11:25,1.84,37.82527,-122.31008,-14.436,0.710,0.0,-61,3.256,0.000,0.157
2014/09/18 11:11:30,2.66,37.82526,-122.31013,-14.764,4.354,0.0,-61,3.160,0.625,0.214
2014/09/18 11:11:35,1.84,37.82524,-122.31022,-13.780,1.155,0.0,-61,2.948,0.750,0.210
2014/09/18 11:11:40,2.66,37.82524,-122.31022,-14.764,0.077,0.0,-61,3.237,0.750,0.198
2014/09/18 11:11:45,1.84,37.82525,-122.31022,-16.076,0.013,0.0,-63,2.871,0.500,0.471
2014/09/18 11:11:50,1.84,37.82524,-122.31026,-16.076,2.390,0.0,-63,2.523,0.500,0.149
2014/09/18 11:11:55,2.66,37.82524,-122.31027,-16.404,0.048,0.0,-63,3.106,1.125,0.251
2014/09/18 11:12:00,2.97,37.82523,-122.31027,-18.373,0.049,0.0,-63,3.475,0.958,0.258
2014/09/18 11:12:05,2.66,37.82523,-122.31028,-18.701,0.191,0.0,-63,3.429,0.875,0.198
2014/09/18 11:12:10,1.85,37.82522,-122.31033,-17.717,1.285,0.0,-63,3.407,0.917,0.182
2014/09/18 11:12:15,2.66,37.82522,-122.31033,-14.108,0.121,0.0,-67,2.830,0.875,0.279
2014/09/18 11:12:20,2.66,37.82522,-122.31033,-9.186,0.045,0.0,-67,3.000,0.500,0.226
2014/09/18 11:12:25,1.85,37.82522,-122.31035,-7.546,1.231,0.0,-67,1.567,0.708,0.231
2014/09/18 11:12:30,1.85,37.82521,-122.31040,-4.265,1.797,0.0,-67,2.510,1.708,0.297
2014/09/18 11:12:35,1.85,37.82520,-122.31045,-1.312,0.788,0.0,-67,2.674,1.458,0.335
2014/09/18 11:12:40,1.85,37.82520,-122.31045,0.000,0.031,0.0,-67,3.170,0.625,0.211
2014/09/18 11:12:45,2.67,37.82521,-122.31045,0.656,0.065,0.0,-65,3.160,0.000,0.177
2014/09/18 11:12:50,1.85,37.82521,-122.31046,1.312,0.331,0.0,-65,3.256,1.042,0.182
2014/09/18 11:12:55,1.85,37.82520,-122.31048,1.312,0.042,0.0,-65,3.673,0.958,0.197
2014/09/18 11:13:00,1.85,37.82520,-122.31048,2.625,0.633,0.0,-65,3.407,0.625,0.237
2014/09/18 11:13:05,2.67,37.82520,-122.31048,2.953,0.027,0.0,-65,4.019,1.167,0.285
2014/09/18 11:13:10,1.85,37.82520,-122.31049,-1.640,0.043,0.0,-65,3.398,1.708,0.187
2014/09/18 11:13:15,1.85,37.82520,-122.31052,-2.625,0.907,0.0,-67,3.926,1.417,0.178
2014/09/18 11:13:20,1.85,37.82519,-122.31055,-1.969,0.399,0.0,-67,3.410,0.667,0.178
2014/09/18 11:13:25,2.68,37.82519,-122.31055,-1.969,0.029,0.0,-67,3.747,0.917,0.230
2014/09/18 11:13:30,1.86,37.82519,-122.31055,-1.640,0.085,0.0,-67,3.753,0.875,0.213
2014/09/18 11:13:35,2.68,37.82519,-122.31055,-1.969,0.055,0.0,-67,3.596,0.792,0.158
2014/09/18 11:13:40,1.86,37.82519,-122.31056,-1.969,1.172,0.0,-67,3.651,1.167,0.279
2014/09/18 11:13:45,2.68,37.82519,-122.31061,-0.984,1.171,0.0,-67,3.121,1.833,0.308
2014/09/18 11:13:50,1.86,37.82518,-122.31061,-1.312,0.358,0.0,-63,3.237,1.333,0.176
2014/09/18 11:13:55,1.86,37.82518,-122.31064,-0.656,0.493,0.0,-63,3.734,0.917,0.335
2014/09/18 11:14:00,2.68,37.82518,-122.31064,-0.656,0.045,0.0,-63,2.971,0.000,0.249
2014/09/18 11:14:05,2.68,37.82518,-122.31064,-0.984,0.343,0.0,-63,2.767,1.083,0.230
2014/09/18 11:14:10,1.86,37.82518,-122.31068,-1.312,2.679,0.0,-63,3.144,0.000,0.157
2014/09/18 11:14:15,1.86,37.82517,-122.31072,0.656,0.118,0.0,-63,3.610,0.083,0.150
2014/09/18 11:14:20,1.86,37.82517,-122.31072,0.984,0.028,0.0,-65,3.426,0.000,0.269
2014/09/18 11:14:25,1.86,37.82517,-122.31075,0.328,3.043,0.0,-65,2.727,0.708,0.222
2014/09/18 11:14:30,2.68,37.82516,-122.31081,1.969,0.750,0.0,-65,2.968,0.500,0.241
2014/09/18 11:14:35,1.86,37.82516,-122.31081,3.281,0.431,0.0,-65,3.462,0.875,0.209
2014/09/18 11:14:40,2.69,37.82516,-122.31081,3.281,0.096,0.0,-65,3.417,0.875,0.150
2014/09/18 11:14:45,1.86,37.82516,-122.31082,1.312,0.022,0.0,-65,3.663,0.667,0.194
2014/09/18 11:14:50,1.87,37.82516,-122.31082,1.312,0.144,0.0,-61,3.724,0.792,0.158
2014/09/18 11:14:55,2.69,37.82516,-122.31083,0.656,0.387,0.0,-61,3.545,1.083,0.183
2014/09/18 11:15:00,1.87,37.82516,-122.31088,0.984,3.393,0.0,-61,3.343,1.125,0.149
2014/09/18 11:15:05,1.87,37.82515,-122.31101,1.312,5.698,0.0,-61,3.948,1.125,0.189
2014/09/18 11:15:10,1.87,37.82514,-122.31111,-1.969,1.574,0.0,-61,3.693,1.167,0.231
2014/09/18 11:15:15,1.87,37.82514,-122.31114,-5.906,0.479,0.0,-61,3.750,0.750,0.163
2014/09/18 11:15:20,1.87,37.82514,-122.31115,-8.202,0.233,0.0,-63,2.791,0.667,0.193
2014/09/18 11:15:25,1.87,37.82514,-122.31115,-9.843,0.074,0.0,-63,3.125,0.750,0.168
2014/09/18 11:15:30,1.87,37.82514,-122.31116,-10.499,0.083,0.0,-63,3.147,0.750,0.359
2014/09/18 11:15:35,2.69,37.82514,-122.31120,-10.827,2.758,0.0,-63,2.500,0.542,0.214
2014/09/18 11:15:40,2.69,37.82514,-122.31127,-10.827,2.602,0.0,-63,2.933,0.750,0.337
2014/09/18 11:15:45,2.69,37.82513,-122.31135,-11.483,2.277,0.0,-63,2.461,0.583,0.162
2014/09/18 11:15:50,1.87,37.82513,-122.31139,-12.795,2.575,0.0,-63,3.225,0.792,0.158
2014/09/18 11:15:55,1.87,37.82513,-122.31149,-13.451,3.789,0.0,-59,3.484,0.833,0.162
2014/09/18 11:16:00,1.87,37.82513,-122.31155,-13.123,2.880,0.0,-59,3.583,0.000,0.210
2014/09/18 11:16:05,2.7,37.82513,-122.31164,-12.139,3.817,0.0,-59,3.333,0.417,0.178
2014/09/18 11:16:10,2.7,37.82513,-122.31173,-11.811,2.353,0.0,-59,3.663,0.750,0.175
2014/09/18 11:16:15,1.87,37.82513,-122.31175,-12.795,1.006,0.0,-59,3.860,1.083,0.268
2014/09/18 11:16:20,1.88,37.82513,-122.31176,-12.467,0.198,0.0,-59,3.237,1.083,0.389
2014/09/18 11:16:25,1.88,37.82513,-122.31176,-12.467,0.031,0.0,-63,3.140,0.583,0.190
2014/09/18 11:16:30,1.98,37.82513,-122.31178,-12.795,2.204,0.0,-63,3.437,0.750,0.161
2014/09/18 11:16:35,1.98,37.82513,-122.31183,-10.827,1.745,0.0,-63,3.093,0.750,0.179
2014/09/18 11:16:40,1.98,37.82513,-122.31185,-10.171,0.604,0.0,-63,3.324,0.542,0.243
2014/09/18 11:16:45,1.98,37.82513,-122.31187,-10.499,2.424,0.0,-63,3.413,0.958,0.217
2014/09/18 11:16:50,1.98,37.82513,-122.31191,-8.858,2.038,0.0,-63,3.006,1.542,0.521
2014/09/18 11:16:55,1.98,37.82513,-122.31192,-6.562,0.015,0.0,-77,2.852,1.125,0.165
2014/09/18 11:17:00,1.98,37.82513,-122.31192,-3.937,0.974,0.0,-77,3.121,0.500,0.230
2014/09/18 11:17:05,1.98,37.82514,-122.31198,-2.297,2.361,0.0,-77,3.240,0.583,0.217
2014/09/18 11:17:10,1.98,37.82514,-122.31198,-0.984,0.131,0.0,-77,3.113,0.542,0.190
2014/09/18 11:17:15,1.98,37.82515,-122.31204,0.000,3.156,0.0,-77,3.205,0.792,0.188
2014/09/18 11:17:20,1.98,37.82516,-122.31211,1.312,0.975,0.0,-77,2.968,0.375,0.289
2014/09/18 11:17:25,1.98,37.82516,-122.31212,1.640,0.447,0.0,-67,3.244,0.000,0.153
2014/09/18 11:17:30,1.99,37.82517,-122.31217,0.000,3.499,0.0,-67,3.340,0.583,0.283
2014/09/18 11:17:35,1.99,37.82517,-122.31223,0.656,0.856,0.0,-67,3.494,0.833,0.158
2014/09/18 11:17:40,2.19,37.82517,-122.31223,-0.328,0.240,0.0,-67,2.974,0.500,0.215
2014/09/18 11:17:45,1.99,37.82517,-122.31225,-5.906,0.686,0.0,-67,3.036,0.417,0.178
2014/09/18 11:17:50,1.99,37.82516,-122.31227,-6.890,0.679,0.0,-67,3.202,0.708,0.213
2014/09/18 11:17:55,1.99,37.82516,-122.31227,-4.593,0.057,0.0,-67,3.298,0.667,0.157
2014/09/18 11:18:00,1.99,37.82516,-122.31228,-3.937,0.047,0.0,-73,3.189,0.708,0.257
2014/09/18 11:18:05,1.99,37.82516,-122.31227,-4.265,0.213,0.0,-73,2.791,0.625,0.149
2014/09/18 11:18:10,1.99,37.82516,-122.31230,-7.218,2.476,0.0,-73,3.510,0.667,0.360
2014/09/18 11:18:15,1.99,37.82516,-122.31236,-7.874,1.766,0.0,-73,3.000,0.708,0.154
2014/09/18 11:18:20,1.99,37.82516,-122.31237,-7.218,0.081,0.0,-73,3.019,0.500,0.238
2014/09/18 11:18:25,1.99,37.82515,-122.31238,-9.843,0.198,0.0,-73,2.981,0.500,0.170
2014/09/18 11:18:30,1.99,37.82515,-122.31237,-12.139,0.118,0.0,-79,2.217,0.000,0.250
2014/09/18 11:18:35,1.99,37.82515,-122.31238,-16.076,0.964,0.0,-79,3.449,0.458,0.238
2014/09/18 11:18:40,1.99,37.82515,-122.31240,-15.748,0.049,0.0,-79,3.301,0.583,0.149
2014/09/18 11:18:45,1.99,37.82515,-122.31243,-15.092,0.723,0.0,-79,3.433,1.208,0.314
2014/09/18 11:18:50,2.0,37.82514,-122.31243,-12.795,0.090,0.0,-79,3.456,0.875,0.194
2014/09/18 11:18:55,2.0,37.82514,-122.31243,-11.811,0.023,0.0,-79,3.455,1.042,0.149
2014/09/18 11:19:00,2.0,37.82514,-122.31244,-14.108,0.024,0.0,-59,3.776,0.792,0.182
2014/09/18 11:19:05,2.0,37.82514,-122.31246,-10.827,2.130,0.0,-59,3.747,0.792,0.162
2014/09/18 11:19:10,2.0,37.82514,-122.31251,-8.858,2.179,0.0,-59,2.910,0.667,0.290
2014/09/18 11:19:15,2.0,37.82514,-122.31256,-8.202,0.118,0.0,-59,3.007,0.500,0.222
2014/09/18 11:19:20,2.0,37.82514,-122.31256,-7.874,0.048,0.0,-59,3.390,0.542,0.210
2014/09/18 11:19:25,2.0,37.82514,-122.31255,-6.890,0.080,0.0,-59,3.446,1.042,0.211
2014/09/18 11:19:30,2.0,37.82514,-122.31256,-6.562,1.106,0.0,-63,3.593,0.875,0.206
2014/09/18 11:19:35,2.0,37.82514,-122.31262,-5.249,1.722,0.0,-63,3.333,0.917,0.255
2014/09/18 11:19:40,2.0,37.82514,-122.31263,-5.577,0.039,0.0,-63,2.881,0.625,0.302
2014/09/18 11:19:45,2.0,37.82514,-122.31266,-4.593,2.207,0.0,-63,2.360,0.000,0.333
2014/09/18 11:19:50,2.0,37.82514,-122.31270,-3.937,0.077,0.0,-63,1.923,0.375,1.484
2014/09/18 11:19:55,2.0,37.82514,-122.31270,-3.609,0.020,0.0,-63,3.071,0.625,0.210
2014/09/18 11:20:00,2.0,37.82514,-122.31271,-3.281,0.531,0.0,-63,2.337,0.667,0.489
2014/09/18 11:20:05,2.0,37.82514,-122.31272,-5.249,0.618,0.0,-73,3.266,0.500,0.151
2014/09/18 11:20:10,2.01,37.82514,-122.31276,-6.234,0.963,0.0,-73,3.401,0.708,0.182
2014/09/18 11:20:15,2.01,37.82514,-122.31282,-7.218,2.625,0.0,-73,1.702,0.292,0.237
2014/09/18 11:20:20,2.01,37.82514,-122.31288,-10.827,1.034,0.0,-73,1.398,0.000,0.390
2014/09/18 11:20:25,2.01,37.82514,-122.31289,-12.467,0.003,0.0,-73,2.760,0.500,0.222
2014/09/18 11:20:30,2.01,37.82514,-122.31290,-10.827,0.032,0.0,-73,3.487,1.208,0.237
2014/09/18 11:20:35,2.01,37.82514,-122.31292,-10.499,1.279,0.0,-67,3.321,0.917,0.210
2014/09/18 11:20:40,2.01,37.82514,-122.31296,-11.483,1.908,0.0,-67,1.833,0.667,0.530
2014/09/18 11:20:45,2.01,37.82513,-122.31303,-10.827,0.992,0.0,-67,1.667,0.208,0.278
2014/09/18 11:20:50,1.9,37.82513,-122.31304,-10.499,0.525,0.0,-67,0.000,1.125,0.250
2014/09/18 11:20:55,1.9,37.82513,-122.31309,-11.155,0.781,0.0,-67,0.000,2.458,0.704
2014/09/18 11:21:00,1.9,37.82513,-122.31309,-9.514,0.047,0.0,-67,0.000,0.000,1.497
2014/09/18 11:21:05,1.9,37.82513,-122.31312,-8.530,2.300,0.0,-69,0.000,2.792,2.874
2014/09/18 11:21:10,1.91,37.82512,-122.31317,-8.858,1.675,0.0,-69,0.000,2.125,1.890
2014/09/18 11:21:15,1.91,37.82512,-122.31320,-10.171,0.190,0.0,-69,0.003,2.125,2.950
2014/09/18 11:21:20,1.91,37.82512,-122.31327,-10.171,4.274,0.0,-69,2.003,0.000,2.058
2014/09/18 11:21:25,1.91,37.82511,-122.31337,-10.171,2.780,0.0,-69,0.003,2.125,0.198
2014/09/18 11:21:30,1.91,37.82510,-122.31339,-10.171,0.136,0.0,-69,1.753,0.000,0.250
2014/09/18 11:21:35,1.91,37.82509,-122.31344,-11.811,1.674,0.0,-61,2.320,0.708,0.207
2014/09/18 11:21:40,1.91,37.82509,-122.31345,-11.811,0.017,0.0,-61,1.491,1.417,0.187
2014/09/18 11:21:45,1.91,37.82509,-122.31345,-11.483,0.146,0.0,-61,0.976,0.000,0.550
2014/09/18 11:21:50,1.91,37.82509,-122.31351,-11.811,3.713,0.0,-61,1.793,2.125,0.250
2014/09/18 11:21:55,1.91,37.82507,-122.31361,-12.139,3.392,0.0,-61,1.833,1.417,0.349
2014/09/18 11:22:00,1.91,37.82507,-122.31366,-11.155,0.159,0.0,-61,1.298,1.458,0.342
2014/09/18 11:22:05,1.91,37.82506,-122.31369,-10.827,2.144,0.0,-61,0.933,0.000,0.195
2014/09/18 11:22:10,1.91,37.82506,-122.31372,-9.843,0.566,0.0,-63,0.612,2.125,0.211
2014/09/18 11:22:15,1.91,37.82506,-122.31372,-10.827,0.202,0.0,-63,0.788,0.000,0.162
2014/09/18 11:22:20,1.91,37.82506,-122.31372,-9.186,0.085,0.0,-63,0.985,1.375,0.218
2014/09/18 11:22:25,1.91,37.82506,-122.31374,-6.562,2.207,0.0,-63,2.612,1.417,0.356
2014/09/18 11:22:30,1.91,37.82504,-122.31383,-6.234,3.926,0.0,-63,1.840,0.000,0.909
2014/09/18 11:22:35,1.94,37.82502,-122.31393,-2.953,6.092,0.0,-63,2.673,1.417,0.289
2014/09/18 11:22:40,2.71,37.82499,-122.31401,20.341,1.226,0.0,-65,1.599,0.000,0.601
2014/09/18 11:22:45,1.91,37.82500,-122.31403,33.136,0.233,0.0,-65,0.651,1.500,1.086
2014/09/18 11:22:50,2.71,37.82502,-122.31402,41.995,0.082,0.0,-65,1.106,0.708,0.445
2014/09/18 11:22:55,2.71,37.82503,-122.31401,51.181,0.107,0.0,-65,1.025,0.000,0.543
2014/09/18 11:23:00,2.71,37.82506,-122.31403,47.900,0.450,0.0,-65,1.240,0.667,1.158
2014/09/18 11:23:05,1.91,37.82505,-122.31407,41.995,0.026,0.0,-65,2.629,0.750,0.783
2014/09/18 11:23:10,1.92,37.82505,-122.31410,38.058,1.080,0.0,-75,1.750,0.708,0.468
2014/09/18 11:23:15,1.92,37.82505,-122.31411,39.042,0.069,0.0,-75,2.333,0.000,0.426
2014/09/18 11:23:20,1.92,37.82505,-122.31412,37.073,0.052,0.0,-75,1.711,1.375,0.310
2014/09/18 11:23:25,1.92,37.82505,-122.31416,31.496,0.198,0.0,-75,2.048,0.000,0.814
2014/09/18 11:23:30,3.37,37.82504,-122.31420,20.669,1.959,0.0,-75,1.824,0.000,0.337
2014/09/18 11:23:35,1.99,37.82503,-122.31421,13.780,0.046,0.0,-75,2.244,0.000,0.290
2014/09/18 11:23:40,1.99,37.82502,-122.31422,7.546,0.322,0.0,-83,1.656,0.000,1.260
2014/09/18 11:23:45,1.99,37.82502,-122.31423,9.843,0.082,0.0,-83,1.465,0.000,0.512
2014/09/18 11:23:50,1.99,37.82502,-122.31424,4.593,0.238,0.0,-83,1.804,0.042,0.566
2014/09/18 11:23:55,1.99,37.82501,-122.31429,0.328,3.156,0.0,-83,2.157,0.833,1.021
2014/09/18 11:24:00,1.99,37.82500,-122.31430,0.000,0.449,0.0,-83,1.493,0.417,0.414
2014/09/18 11:24:05,1.92,37.82500,-122.31429,4.921,0.097,0.0,-83,0.495,0.750,0.474
2014/09/18 11:24:10,1.99,37.82500,-122.31427,10.499,0.030,0.0,-83,0.740,0.625,0.258
2014/09/18 11:24:15,1.92,37.82500,-122.31427,14.436,0.038,0.0,-79,0.694,0.625,0.262
2014/09/18 11:24:20,1.99,37.82500,-122.31427,14.108,0.012,0.0,-79,0.466,1.042,0.596
2014/09/18 11:24:25,1.92,37.82500,-122.31427,10.499,0.009,0.0,-79,0.579,1.042,0.430
2014/09/18 11:24:30,1.92,37.82500,-122.31428,8.202,0.091,0.0,-79,0.594,0.833,0.418
2014/09/18 11:24:35,1.99,37.82500,-122.31428,9.514,0.026,0.0,-79,0.564,0.958,0.588
2014/09/18 11:24:40,1.99,37.82500,-122.31428,9.186,0.062,0.0,-79,0.564,0.000,0.571
2014/09/18 11:24:45,1.92,37.82499,-122.31428,9.843,0.090,0.0,-81,0.795,0.500,0.618
2014/09/18 11:24:50,1.92,37.82499,-122.31427,10.171,0.024,0.0,-81,1.153,0.833,0.269
2014/09/18 11:24:55,1.92,37.82499,-122.31427,11.155,0.770,0.0,-81,0.590,0.542,0.390
2014/09/18 11:25:00,1.92,37.82498,-122.31431,11.811,1.469,0.0,-81,0.405,0.833,0.309
2014/09/18 11:25:05,1.92,37.82497,-122.31434,9.514,0.803,0.0,-81,0.254,0.583,0.443
2014/09/18 11:25:10,1.92,37.82497,-122.31435,7.546,0.050,0.0,-81,0.541,0.958,0.890
2014/09/18 11:25:15,1.92,37.82497,-122.31435,6.234,1.226,0.0,-85,0.436,1.000,0.890
2014/09/18 11:25:20,1.93,37.82496,-122.31438,6.890,0.085,0.0,-85,0.339,0.875,0.296
2014/09/18 11:25:25,1.93,37.82496,-122.31439,3.281,0.790,0.0,-85,0.260,0.000,0.510
2014/09/18 11:25:30,1.93,37.82496,-122.31440,4.265,0.315,0.0,-85,1.093,0.417,0.512
2014/09/18 11:25:35,1.93,37.82495,-122.31442,6.890,0.102,0.0,-85,1.087,0.792,1.069
2014/09/18 11:25:40,1.93,37.82495,-122.31443,9.186,2.007,0.0,-85,0.250,1.208,0.517
2014/09/18 11:25:45,1.93,37.82495,-122.31446,9.186,0.099,0.0,-85,0.311,1.000,0.457
2014/09/18 11:25:50,1.93,37.82494,-122.31447,8.858,1.888,0.0,-85,0.987,0.667,1.402
2014/09/18 11:25:55,1.93,37.82493,-122.31455,8.202,3.562,0.0,-85,0.497,0.333,5.422
2014/09/18 11:26:00,1.93,37.82492,-122.31459,7.218,0.912,0.0,-85,0.983,0.000,0.329
2014/09/18 11:26:05,1.93,37.82491,-122.31464,5.249,2.576,0.0,-85,1.721,1.458,0.316
2014/09/18 11:26:10,1.93,37.82490,-122.31468,5.249,0.309,0.0,-85,1.747,1.167,0.282
2014/09/18 11:26:15,1.93,37.82489,-122.31469,7.218,1.095,0.0,-85,3.148,1.042,0.221
2014/09/18 11:26:20,1.93,37.82489,-122.31472,8.858,1.315,0.0,-73,3.571,1.167,0.387
2014/09/18 11:26:25,1.93,37.82488,-122.31474,9.186,2.087,0.0,-73,3.112,1.125,0.204
2014/09/18 11:26:30,1.93,37.82487,-122.31476,9.514,0.045,0.0,-73,3.215,1.458,0.528
2014/09/18 11:26:35,1.93,37.82487,-122.31478,6.234,0.910,0.0,-73,2.837,2.208,0.593
2014/09/18 11:26:40,1.93,37.82486,-122.31482,5.577,1.105,0.0,-73,1.115,1.875,0.881
2014/09/18 11:26:45,1.93,37.82486,-122.31482,10.499,0.336,0.0,-73,1.054,1.833,0.357
2014/09/18 11:26:50,1.93,37.82486,-122.31483,10.499,0.968,0.0,-77,0.983,0.000,0.216
2014/09/18 11:26:55,1.93,37.82486,-122.31484,12.795,0.156,0.0,-77,0.739,1.792,0.210
2014/09/18 11:27:00,1.93,37.82485,-122.31486,15.420,1.799,0.0,-77,1.159,1.208,0.322
2014/09/18 11:27:05,1.93,37.82484,-122.31492,16.732,2.809,0.0,-77,0.981,1.500,0.332
2014/09/18 11:27:10,1.93,37.82482,-122.31497,17.388,2.478,0.0,-77,1.965,1.917,0.202
2014/09/18 11:27:15,1.93,37.82481,-122.31503,16.732,2.669,0.0,-77,1.990,0.917,0.399
2014/09/18 11:27:20,1.93,37.82479,-122.31510,18.045,1.910,0.0,-79,0.494,0.000,0.298
2014/09/18 11:27:25,1.93,37.82478,-122.31514,17.388,2.030,0.0,-79,0.970,0.875,0.257
2014/09/18 11:27:30,1.93,37.82477,-122.31520,17.717,1.599,0.0,-79,0.573,1.542,0.151
2014/09/18 11:27:35,1.93,37.82476,-122.31524,17.060,0.608,0.0,-79,1.566,1.500,0.353
2014/09/18 11:27:40,1.93,37.82476,-122.31526,19.685,1.661,0.0,-79,1.667,1.792,0.269
2014/09/18 11:27:45,1.93,37.82475,-122.31529,20.669,0.796,0.0,-79,0.932,1.208,0.215
2014/09/18 11:27:50,1.93,37.82474,-122.31532,22.310,1.992,0.0,-69,0.858,0.000,0.369
2014/09/18 11:27:55,1.93,37.82473,-122.31538,21.982,0.866,0.0,-69,1.745,1.792,0.237
2014/09/18 11:28:00,1.93,37.82472,-122.31540,20.341,0.972,0.0,-69,1.023,1.208,0.238
2014/09/18 11:28:05,1.93,37.82470,-122.31546,19.685,3.129,0.0,-69,1.470,1.792,0.177
2014/09/18 11:28:10,2.7,37.82468,-122.31552,17.717,2.107,0.0,-69,1.940,1.500,0.162
2014/09/18 11:28:15,1.94,37.82466,-122.31559,15.420,2.905,0.0,-69,0.926,1.208,0.185
2014/09/18 11:28:20,1.94,37.82464,-122.31566,14.108,3.401,0.0,-69,1.769,1.167,0.197
2014/09/18 11:28:25,1.94,37.82462,-122.31570,12.795,1.719,0.0,-77,2.221,1.500,0.361
2014/09/18 11:28:30,1.94,37.82461,-122.31574,12.467,0.378,0.0,-77,1.740,1.792,0.476
2014/09/18 11:28:35,1.94,37.82460,-122.31579,11.811,3.679,0.0,-77,1.021,1.833,0.238
2014/09/18 11:28:40,2.69,37.82458,-122.31585,11.483,3.298,0.0,-77,1.769,0.000,0.217
2014/09/18 11:28:45,1.94,37.82455,-122.31593,13.780,2.832,0.0,-77,1.303,1.208,0.273
2014/09/18 11:28:50,1.94,37.82453,-122.31601,13.451,3.514,0.0,-77,1.441,0.875,0.337
2014/09/18 11:28:55,1.94,37.82452,-122.31609,13.780,2.000,0.0,-67,1.174,1.500,0.229
2014/09/18 11:29:00,1.94,37.82450,-122.31615,12.139,3.034,0.0,-67,1.067,1.500,0.215
2014/09/18 11:29:05,1.94,37.82449,-122.31622,11.811,2.378,0.0,-67,2.132,1.833,0.241
2014/09/18 11:29:10,1.94,37.82448,-122.31627,11.811,1.716,0.0,-67,1.935,1.792,0.546
2014/09/18 11:29:15,1.94,37.82446,-122.31634,9.514,3.533,0.0,-67,1.420,1.792,0.469
2014/09/18 11:29:20,1.94,37.82444,-122.31645,5.906,5.180,0.0,-67,1.748,1.833,0.258
2014/09/18 11:29:25,1.94,37.82442,-122.31658,2.625,4.483,0.0,-69,1.887,1.542,0.221
2014/09/18 11:29:30,1.94,37.82439,-122.31670,0.984,4.975,0.0,-69,1.398,0.000,0.210
2014/09/18 11:29:35,1.94,37.82437,-122.31684,-1.640,5.373,0.0,-69,1.923,0.875,0.298
2014/09/18 11:29:40,2.03,37.82434,-122.31695,-3.937,3.987,0.0,-69,1.302,0.917,0.202
2014/09/18 11:29:45,1.94,37.82433,-122.31705,-4.921,3.799,0.0,-69,1.395,0.875,0.168
2014/09/18 11:29:50,1.94,37.82431,-122.31715,-5.577,10.312,0.0,-69,1.634,1.208,0.230
2014/09/18 11:29:55,1.94,37.82418,-122.31770,-3.281,31.997,0.0,-71,1.591,0.917,0.226
2014/09/18 11:30:00,1.94,37.82391,-122.31863,0.984,44.130,0.0,-71,0.824,0.000,0.166
2014/09/18 11:30:05,1.94,37.82354,-122.31962,1.640,41.412,0.0,-71,0.476,0.583,1.158
2014/09/18 11:30:10,1.94,37.82319,-122.32050,3.937,37.144,0.0,-71,1.046,0.917,0.510
2014/09/18 11:30:15,1.94,37.82294,-122.32134,8.202,34.326,0.0,-71,0.797,1.792,1.421
2014/09/18 11:30:20,1.94,37.82277,-122.32214,9.843,31.214,0.0,-71,0.899,2.667,1.010
2014/09/18 11:30:25,1.94,37.82264,-122.32295,7.546,34.905,0.0,-71,0.999,0.000,0.508
2014/09/18 11:30:30,1.94,37.82253,-122.32390,6.562,40.016,0.0,-57,1.076,0.000,0.197
2014/09/18 11:30:35,1.94,37.82244,-122.32496,6.890,43.172,0.0,-57,0.535,0.000,0.343
2014/09/18 11:30:40,1.54,37.82235,-122.32609,8.202,46.339,0.0,-57,1.326,0.042,0.197
2014/09/18 11:30:45,1.54,37.82226,-122.32730,11.811,49.169,0.0,-57,0.808,1.000,0.860
2014/09/18 11:30:50,1.54,37.82216,-122.32858,18.045,51.523,0.0,-57,0.933,1.208,0.529
2014/09/18 11:30:55,1.54,37.82204,-122.32990,25.591,53.492,0.0,-57,1.093,1.125,0.683
2014/09/18 11:31:00,1.54,37.82189,-122.33127,33.465,55.548,0.0,-51,1.721,0.958,0.682
2014/09/18 11:31:05,1.54,37.82171,-122.33269,41.010,56.879,0.0,-51,0.982,0.625,1.398
2014/09/18 11:31:10,1.54,37.82152,-122.33409,48.885,54.855,0.0,-51,1.116,0.750,1.038
2014/09/18 11:31:15,1.54,37.82132,-122.33542,56.102,51.767,0.0,-51,0.893,0.000,0.967
2014/09/18 11:31:20,1.54,37.82113,-122.33670,63.320,51.534,0.0,-51,0.635,0.750,3.556
2014/09/18 11:31:25,1.54,37.82094,-122.33800,71.194,52.970,0.0,-51,0.693,0.375,1.790
2014/09/18 11:31:30,1.55,37.82074,-122.33935,78.084,54.247,0.0,-85,0.535,0.375,1.306
2014/09/18 11:31:35,1.55,37.82055,-122.34065,83.661,49.973,0.0,-85,0.615,0.458,0.948
2014/09/18 11:31:40,1.55,37.82037,-122.34192,89.567,51.488,0.0,-85,0.536,0.417,0.550
2014/09/18 11:31:45,1.55,37.82019,-122.34316,95.472,48.639,0.0,-85,0.161,0.000,0.837
2014/09/18 11:31:50,1.55,37.82001,-122.34441,101.378,51.336,0.0,-85,0.054,0.250,3.274
2014/09/18 11:31:55,1.55,37.81982,-122.34569,107.612,50.733,0.0,-85,0.136,0.500,2.617
2014/09/18 11:32:00,1.55,37.81964,-122.34690,113.845,47.947,0.0,-83,0.194,0.000,1.034
2014/09/18 11:32:05,1.55,37.81947,-122.34807,119.423,44.754,0.0,-83,0.189,0.792,0.000
2014/09/18 11:32:10,1.55,37.81932,-122.34914,125.000,42.250,0.0,-83,0.076,0.250,8.022
2014/09/18 11:32:15,1.61,37.81916,-122.35022,130.577,41.773,0.0,-83,0.000,0.000,0.482
2014/09/18 11:32:20,1.55,37.81899,-122.35116,135.171,35.086,0.0,-83,0.000,1.250,0.000
2014/09/18 11:32:25,1.55,37.81881,-122.35190,139.108,27.352,0.0,-83,0.000,0.792,0.000
2014/09/18 11:32:30,1.55,37.81862,-122.35251,143.045,27.660,0.0,-83,0.000,0.625,0.482
2014/09/18 11:32:35,1.55,37.81837,-122.35324,148.622,34.008,0.0,-87,0.000,1.125,2.042
2014/09/18 11:32:40,1.55,37.81802,-122.35407,150.262,38.053,0.0,-87,0.000,0.708,0.658
2014/09/18 11:32:45,1.55,37.81759,-122.35491,155.840,41.582,0.0,-87,0.000,0.000,0.747
2014/09/18 11:32:50,1.55,37.81711,-122.35575,162.402,40.365,0.0,-87,0.000,1.125,3.118
2014/09/18 11:32:55,1.55,37.81666,-122.35655,170.604,40.005,0.0,-87,0.000,0.917,0.866
2014/09/18 11:33:00,1.56,37.81616,-122.35743,176.181,44.951,0.0,-87,0.000,0.667,1.158
2014/09/18 11:33:05,1.56,37.81561,-122.35839,182.743,47.954,0.0,-73,0.000,0.875,1.168
2014/09/18 11:33:10,1.56,37.81508,-122.35933,187.336,43.257,0.0,-73,0.000,0.708,1.422
2014/09/18 11:33:15,1.56,37.81455,-122.36024,193.241,45.815,0.0,-73,0.000,0.833,0.950
2014/09/18 11:33:20,1.56,37.81397,-122.36115,199.803,44.869,0.0,-73,0.006,0.000,0.838
2014/09/18 11:33:25,1.56,37.81336,-122.36193,204.068,43.356,0.0,-73,0.000,0.000,0.000
2014/09/18 11:33:30,2.07,37.81265,-122.36265,202.100,45.654,0.0,-73,0.000,1.125,0.000
2014/09/18 11:33:35,1.59,37.81192,-122.36331,192.913,43.711,0.0,-81,0.000,0.542,1.421
2014/09/18 11:33:40,1.56,37.81122,-122.36396,182.415,42.262,0.0,-81,0.000,0.625,1.810
2014/09/18 11:33:45,1.56,37.81056,-122.36467,176.837,44.289,0.0,-81,0.000,0.708,0.957
2014/09/18 11:33:50,4.34,37.80999,-122.36523,178.150,34.099,0.0,-81,0.003,1.000,0.970
2014/09/18 11:33:55,7.22,37.80954,-122.36540,184.055,37.097,0.0,-81,0.378,0.625,2.478
2014/09/18 11:34:00,7.22,37.80954,-122.36540,184.055,37.097,0.0,-81,0.590,0.000,0.193
2014/09/18 11:34:05,2.17,37.80869,-122.36669,192.913,22.503,0.0,-97,0.433,0.583,1.186
2014/09/18 11:34:10,1.95,37.80826,-122.36714,177.822,31.427,0.0,-97,0.946,0.458,0.455
2014/09/18 11:34:15,1.31,37.80775,-122.36768,175.525,34.642,0.0,-97,0.708,0.375,0.822
2014/09/18 11:34:20,1.35,37.80719,-122.36828,181.759,38.695,0.0,-97,1.657,1.375,0.422
2014/09/18 11:34:25,1.56,37.80657,-122.36895,189.961,42.044,0.0,-97,0.724,1.833,0.497
2014/09/18 11:34:30,1.38,37.80590,-122.36967,198.491,44.916,0.0,-97,0.971,1.833,0.477
2014/09/18 11:34:35,1.38,37.80520,-122.37043,208.333,46.350,0.0,-97,1.468,1.833,0.468
2014/09/18 11:34:40,1.31,37.80455,-122.37113,217.520,40.294,0.0,-77,2.052,1.833,0.318
2014/09/18 11:34:45,1.35,37.80393,-122.37178,225.394,38.569,0.0,-77,1.935,1.875,0.489
2014/09/18 11:34:50,1.31,37.80338,-122.37238,232.283,36.221,0.0,-77,1.397,1.750,0.462
2014/09/18 11:34:55,1.31,37.80279,-122.37300,238.517,39.861,0.0,-77,0.855,1.417,1.089
2014/09/18 11:35:00,1.35,37.80215,-122.37369,244.751,43.709,0.0,-77,0.434,0.375,1.001
2014/09/18 11:35:05,1.55,37.80147,-122.37442,248.031,42.852,0.0,-77,1.039,0.417,1.262
2014/09/18 11:35:10,1.42,37.80079,-122.37514,249.344,45.835,0.0,-73,0.947,0.583,1.741
2014/09/18 11:35:15,1.55,37.80014,-122.37584,252.625,40.798,0.0,-73,0.650,0.750,1.122
2014/09/18 11:35:20,1.31,37.79950,-122.37652,253.937,42.019,0.0,-73,0.371,0.000,1.101
2014/09/18 11:35:25,1.46,37.79884,-122.37722,253.609,43.568,0.0,-73,0.279,0.625,1.970
2014/09/18 11:35:30,1.31,37.79814,-122.37798,253.281,47.449,0.0,-73,0.000,0.500,0.000
2014/09/18 11:35:35,1.31,37.79740,-122.37878,253.937,48.695,0.0,-73,0.162,0.708,0.926
2014/09/18 11:35:40,1.55,37.79664,-122.37959,252.953,50.053,0.0,-83,0.769,0.500,1.741
2014/09/18 11:35:45,1.38,37.79587,-122.38041,251.640,48.748,0.0,-83,0.149,0.792,0.662
2014/09/18 11:35:50,1.32,37.79515,-122.38118,251.969,46.993,0.0,-83,0.451,0.000,0.534
2014/09/18 11:35:55,1.32,37.79442,-122.38196,247.047,46.663,0.0,-83,0.496,0.750,1.725
2014/09/18 11:36:00,1.32,37.79373,-122.38269,240.814,43.862,0.0,-83,0.279,0.417,0.414
2014/09/18 11:36:05,1.32,37.79308,-122.38339,234.908,41.869,0.0,-83,0.791,1.333,0.970
2014/09/18 11:36:10,1.62,37.79242,-122.38410,227.690,44.298,0.0,-81,1.311,1.458,0.595
2014/09/18 11:36:15,1.34,37.79174,-122.38482,222.441,44.069,0.0,-81,0.959,1.833,0.438
2014/09/18 11:36:20,1.42,37.79107,-122.38554,210.958,43.585,0.0,-81,1.346,1.750,0.502
2014/09/18 11:36:25,1.34,37.79044,-122.38623,200.459,41.321,0.0,-81,1.456,1.208,0.299
2014/09/18 11:36:30,1.49,37.78981,-122.38689,191.273,38.820,0.0,-81,0.866,1.583,0.771
2014/09/18 11:36:35,1.34,37.78927,-122.38748,183.727,33.141,0.0,-81,0.942,0.000,0.000
2014/09/18 11:36:40,1.34,37.78880,-122.38797,177.165,28.394,0.0,-81,0.000,0.208,8.311
2014/09/18 11:36:45,1.34,37.78838,-122.38842,170.276,27.306,0.0,-85,0.000,1.250,0.461
2014/09/18 11:36:50,1.34,37.78793,-122.38890,162.073,32.264,0.0,-85,0.000,0.000,0.854
2014/09/18 11:36:55,1.34,37.78738,-122.38949,154.199,38.588,0.0,-85,0.000,2.042,0.000
2014/09/18 11:37:00,1.46,37.78676,-122.39015,145.669,40.998,0.0,-85,0.000,2.292,2.266
2014/09/18 11:37:05,1.58,37.78615,-122.39082,136.811,37.303,0.0,-85,0.000,1.958,3.483
2014/09/18 11:37:10,1.58,37.78569,-122.39154,129.265,38.367,0.0,-85,0.000,0.000,1.803
2014/09/18 11:37:15,1.38,37.78526,-122.39236,123.031,37.427,0.0,-81,0.000,2.083,5.046
2014/09/18 11:37:20,1.38,37.78486,-122.39316,112.205,36.332,0.0,-81,0.000,2.125,1.738
2014/09/18 11:37:25,1.46,37.78444,-122.39380,103.675,30.030,0.0,-81,0.000,0.000,2.220
2014/09/18 11:37:30,2.11,37.78403,-122.39433,95.801,27.278,0.0,-81,0.000,2.125,2.526
2014/09/18 11:37:35,1.32,37.78364,-122.39483,89.239,28.702,0.0,-81,0.000,2.125,1.762
2014/09/18 11:37:40,1.32,37.78323,-122.39537,81.365,31.532,0.0,-81,0.000,0.000,0.000
2014/09/18 11:37:45,1.32,37.78279,-122.39593,70.866,30.628,0.0,-59,0.003,2.125,1.479
2014/09/18 11:37:50,1.32,37.78235,-122.39651,59.711,33.201,0.0,-59,0.458,2.125,0.000
2014/09/18 11:37:55,1.73,37.78185,-122.39716,48.885,38.070,0.0,-59,0.574,2.125,2.567
2014/09/18 11:38:00,1.4,37.78130,-122.39792,38.714,42.581,0.0,-59,0.699,1.417,2.004
2014/09/18 11:38:05,1.32,37.78068,-122.39873,27.559,45.580,0.0,-59,0.000,0.000,2.091
2014/09/18 11:38:10,1.32,37.78006,-122.39954,20.013,42.355,0.0,-59,1.141,1.417,2.358
2014/09/18 11:38:15,1.46,37.77950,-122.40027,20.013,38.270,0.0,-63,0.003,1.458,1.190
2014/09/18 11:38:20,1.46,37.77896,-122.40095,20.669,36.897,0.0,-63,0.813,0.000,2.426
2014/09/18 11:38:25,1.54,37.77845,-122.40160,23.622,35.293,0.0,-63,0.318,1.417,0.793
2014/09/18 11:38:30,1.46,37.77798,-122.40221,27.559,32.448,0.0,-63,0.003,2.125,0.549
2014/09/18 11:38:35,1.46,37.77756,-122.40279,33.793,31.017,0.0,-63,1.333,0.000,0.301
2014/09/18 11:38:40,1.46,37.77717,-122.40340,36.745,32.487,0.0,-63,1.390,0.000,0.430
2014/09/18 11:38:45,1.46,37.77680,-122.40403,37.730,29.027,0.0,-63,0.293,0.000,2.522
2014/09/18 11:38:50,1.46,37.77641,-122.40467,38.058,34.636,0.0,-67,0.958,0.000,0.443
2014/09/18 11:38:55,1.55,37.77596,-122.40541,39.370,38.112,0.0,-67,0.944,0.042,0.538
2014/09/18 11:39:00,1.33,37.77537,-122.40608,39.370,40.744,0.0,-67,0.467,0.000,1.090
2014/09/18 11:39:05,1.46,37.77463,-122.40658,37.073,42.127,0.0,-67,0.590,0.083,0.407
2014/09/18 11:39:10,1.6,37.77382,-122.40683,37.730,39.530,0.0,-67,1.382,1.417,1.963
2014/09/18 11:39:15,1.33,37.77303,-122.40684,42.979,39.611,0.0,-67,1.236,0.667,0.156
2014/09/18 11:39:20,1.33,37.77222,-122.40667,46.916,40.616,0.0,-63,0.003,1.000,0.669
2014/09/18 11:39:25,1.33,37.77151,-122.40637,46.260,34.912,0.0,-63,0.833,0.542,0.000
2014/09/18 11:39:30,1.33,37.77091,-122.40607,45.604,30.242,0.0,-63,0.691,0.333,0.000
2014/09/18 11:39:35,1.33,37.77037,-122.40583,45.604,26.672,0.0,-63,0.427,0.417,0.000
2014/09/18 11:39:40,1.49,37.76985,-122.40565,42.651,28.788,0.0,-63,1.132,0.000,0.450
2014/09/18 11:39:45,1.35,37.76926,-122.40556,42.979,27.314,0.0,-63,0.917,0.583,0.859
2014/09/18 11:39:50,1.62,37.76877,-122.40551,45.932,22.268,0.0,-51,1.750,0.833,0.782
2014/09/18 11:39:55,1.5,37.76837,-122.40547,44.619,18.191,0.0,-51,1.237,0.917,0.791
2014/09/18 11:40:00,1.5,37.76802,-122.40543,43.635,16.906,0.0,-51,0.780,1.083,1.337
2014/09/18 11:40:05,1.5,37.76769,-122.40540,43.635,18.368,0.0,-51,0.531,0.833,1.781
2014/09/18 11:40:10,1.5,37.76728,-122.40536,50.853,19.953,0.0,-51,0.728,0.917,1.318
2014/09/18 11:40:15,1.5,37.76694,-122.40533,56.102,14.075,0.0,-51,1.265,0.000,0.000
2014/09/18 11:40:20,1.47,37.76664,-122.40531,58.727,16.767,0.0,-71,0.349,1.542,0.682
2014/09/18 11:40:25,1.33,37.76625,-122.40527,63.648,20.872,0.0,-71,1.018,0.875,1.289
2014/09/18 11:40:31,1.36,37.76578,-122.40523,69.226,25.290,0.0,-71,1.257,1.125,0.702
2014/09/18 11:40:36,1.36,37.76528,-122.40518,76.772,25.232,0.0,-71,0.607,0.875,1.957
2014/09/18 11:40:41,1.51,37.76475,-122.40513,83.990,29.226,0.0,-71,0.467,0.000,1.218
2014/09/18 11:40:46,1.61,37.76408,-122.40514,89.895,35.648,0.0,-71,0.637,1.208,2.390
2014/09/18 11:40:51,1.71,37.76331,-122.40531,93.504,41.344,0.0,-71,0.366,0.000,1.594
2014/09/18 11:40:56,1.94,37.76249,-122.40570,96.785,43.169,0.0,-83,0.306,0.833,0.466
2014/09/18 11:41:01,1.94,37.76173,-122.40616,102.034,40.769,0.0,-83,1.048,0.833,0.270
2014/09/18 11:41:06,1.36,37.76095,-122.40646,110.564,39.297,0.0,-83,0.689,1.167,1.114
2014/09/18 11:41:11,1.59,37.76014,-122.40647,115.486,42.629,0.0,-83,1.590,1.208,0.681
2014/09/18 11:41:16,1.59,37.75930,-122.40615,115.814,42.617,0.0,-83,0.675,0.833,1.875
2014/09/18 11:41:21,1.65,37.75857,-122.40556,119.094,45.175,0.0,-83,0.558,0.875,1.162
2014/09/18 11:41:26,1.59,37.75793,-122.40474,117.126,46.150,0.0,-51,0.720,1.167,1.785
2014/09/18 11:41:31,1.75,37.75722,-122.40392,106.299,49.567,0.0,-51,1.293,0.000,1.555
2014/09/18 11:41:36,1.84,37.75630,-122.40342,93.176,51.071,0.0,-51,0.607,1.042,3.417
2014/09/18 11:41:41,1.84,37.75530,-122.40326,80.052,49.460,0.0,-51,0.197,0.667,1.590
2014/09/18 11:41:46,2.45,37.75429,-122.40320,74.803,53.101,0.0,-51,0.802,1.375,0.489
2014/09/18 11:41:51,1.87,37.75334,-122.40306,59.383,50.129,0.0,-51,1.216,1.708,0.274
2014/09/18 11:41:56,1.85,37.75232,-122.40303,65.945,52.692,0.0,-61,1.692,1.708,0.391
2014/09/18 11:42:01,1.62,37.75130,-122.40323,41.339,53.135,0.0,-61,1.259,1.708,0.557
2014/09/18 11:42:06,1.34,37.75024,-122.40356,27.887,56.012,0.0,-61,0.879,1.375,0.270
2014/09/18 11:42:11,1.51,37.74919,-122.40390,28.215,49.424,0.0,-61,1.117,1.333,0.297
2014/09/18 11:42:16,1.34,37.74834,-122.40421,28.215,41.413,0.0,-61,0.449,0.000,1.416
2014/09/18 11:42:21,1.62,37.74755,-122.40447,29.528,40.017,0.0,-61,0.213,0.667,0.214
2014/09/18 11:42:26,1.65,37.74676,-122.40471,36.089,40.326,0.0,-75,0.537,0.667,0.679
2014/09/18 11:42:29,1.97,37.74595,-122.40495,40.026,43.852,0.0,-75,1.487,0.000,0.331
2014/09/18 11:42:34,1.62,37.74505,-122.40526,46.916,47.925,0.0,-75,1.330,0.667,0.270
2014/09/18 11:42:39,1.69,37.74412,-122.40577,60.039,50.822,0.0,-75,1.304,0.000,0.301
2014/09/18 11:42:44,1.62,37.74326,-122.40645,68.241,48.732,0.0,-75,0.235,0.000,1.182
2014/09/18 11:42:49,1.62,37.74246,-122.40710,75.131,44.760,0.0,-75,0.313,1.042,1.706
2014/09/18 11:42:54,1.62,37.74164,-122.40762,68.570,47.005,0.0,-75,0.178,0.333,1.653
2014/09/18 11:42:59,1.62,37.74068,-122.40800,55.118,51.505,0.0,-77,0.184,0.000,2.489
2014/09/18 11:43:04,1.34,37.73966,-122.40821,42.651,50.803,0.0,-77,0.490,0.333,5.473
2014/09/18 11:43:09,1.62,37.73865,-122.40825,39.370,50.159,0.0,-77,0.423,0.000,0.598
2014/09/18 11:43:14,1.62,37.73767,-122.40821,44.619,47.093,0.0,-77,2.083,1.000,0.210
2014/09/18 11:43:19,1.37,37.73680,-122.40831,49.213,43.164,0.0,-77,2.942,1.042,0.704
2014/09/18 11:43:24,1.34,37.73596,-122.40869,41.339,44.663,0.0,-77,1.622,0.000,0.430
2014/09/18 11:43:29,1.37,37.73523,-122.40932,33.136,44.728,0.0,-59,1.343,0.667,0.510
2014/09/18 11:43:34,1.4,37.73461,-122.41016,17.717,46.318,0.0,-59,1.571,1.042,0.501
2014/09/18 11:43:39,1.4,37.73407,-122.41118,18.045,49.937,0.0,-59,2.388,1.333,0.622
2014/09/18 11:43:44,1.4,37.73351,-122.41229,20.997,53.412,0.0,-59,1.738,0.000,0.468
2014/09/18 11:43:49,1.52,37.73290,-122.41346,23.950,56.842,0.0,-59,1.858,1.042,0.638
2014/09/18 11:43:54,1.58,37.73239,-122.41481,24.934,61.198,0.0,-59,2.737,1.333,0.748
2014/09/18 11:43:59,1.51,37.73212,-122.41633,27.887,62.096,0.0,-59,1.910,1.000,0.702
2014/09/18 11:44:04,1.47,37.73209,-122.41791,40.682,62.300,0.0,-59,1.638,1.042,0.293
2014/09/18 11:44:09,1.51,37.73209,-122.41948,50.525,61.912,0.0,-59,2.663,0.000,0.247
2014/09/18 11:44:14,1.34,37.73195,-122.42105,61.024,62.895,0.0,-59,2.956,1.000,0.742
2014/09/18 11:44:19,1.34,37.73172,-122.42263,69.882,64.778,0.0,-59,1.000,0.667,0.379
2014/09/18 11:44:24,1.4,37.73160,-122.42427,81.037,66.223,0.0,-59,0.667,0.333,2.470
2014/09/18 11:44:29,1.47,37.73167,-122.42597,82.349,67.720,0.0,-91,0.590,0.000,0.550
2014/09/18 11:44:34,1.34,37.73194,-122.42763,90.551,66.330,0.0,-91,1.313,1.000,0.438
2014/09/18 11:44:39,1.4,37.73223,-122.42913,107.612,54.984,0.0,-91,0.872,1.042,0.661
2014/09/18 11:44:44,1.44,37.73237,-122.43040,129.593,49.505,0.0,-91,1.305,1.042,0.510
2014/09/18 11:44:49,1.56,37.73232,-122.43165,144.357,49.590,0.0,-91,0.762,0.000,0.310
2014/09/18 11:44:54,1.44,37.73210,-122.43289,160.761,50.732,0.0,-91,0.378,1.042,1.210
2014/09/18 11:44:59,1.44,37.73178,-122.43414,169.948,52.692,0.0,-91,0.818,0.000,0.898
2014/09/18 11:45:04,1.44,37.73144,-122.43545,169.948,56.442,0.0,-69,0.606,0.000,2.814
2014/09/18 11:45:09,1.44,37.73104,-122.43687,160.761,61.864,0.0,-69,0.333,1.000,1.058
2014/09/18 11:45:14,1.62,37.73056,-122.43837,145.013,64.722,0.0,-69,0.413,0.375,0.637
2014/09/18 11:45:19,1.44,37.73003,-122.43983,139.436,63.309,0.0,-69,0.652,0.667,0.812
2014/09/18 11:45:24,1.44,37.72948,-122.44122,155.184,60.615,0.0,-69,0.419,0.000,1.806
2014/09/18 11:45:29,1.44,37.72889,-122.44256,171.916,60.302,0.0,-69,1.289,0.667,1.069
2014/09/18 11:45:34,1.48,37.72823,-122.44382,190.945,58.886,0.0,-77,0.612,0.000,0.706
2014/09/18 11:45:39,1.68,37.72741,-122.44496,200.131,60.894,0.0,-77,0.202,0.000,2.334
2014/09/18 11:45:44,1.97,37.72648,-122.44591,206.693,58.702,0.0,-77,0.112,1.042,0.000
2014/09/18 11:45:49,1.52,37.72547,-122.44671,208.990,59.988,0.0,-77,0.583,0.333,7.346
2014/09/18 11:45:54,1.39,37.72438,-122.44734,208.661,59.312,0.0,-77,2.067,0.000,0.302
2014/09/18 11:45:59,1.68,37.72324,-122.44783,202.428,60.276,0.0,-77,2.878,0.708,0.190
2014/09/18 11:46:04,1.44,37.72206,-122.44814,208.661,60.156,0.0,-57,2.324,0.667,0.660
2014/09/18 11:46:09,1.68,37.72084,-122.44828,219.816,60.248,0.0,-57,1.667,1.042,0.550
2014/09/18 11:46:14,1.68,37.71964,-122.44843,231.955,58.674,0.0,-57,3.189,0.708,0.223
2014/09/18 11:46:19,1.68,37.71845,-122.44855,247.703,60.260,0.0,-57,2.295,1.000,0.610
2014/09/18 11:46:24,1.74,37.71721,-122.44878,251.312,64.472,0.0,-57,1.115,0.000,0.178
2014/09/18 11:46:29,1.77,37.71596,-122.44943,253.937,67.988,0.0,-57,0.978,0.000,0.483
2014/09/18 11:46:34,2.05,37.71490,-122.45053,262.467,69.839,0.0,-75,0.500,0.375,1.226
2014/09/18 11:46:39,1.97,37.71391,-122.45173,271.982,66.025,0.0,-75,0.000,0.000,1.390
2014/09/18 11:46:44,1.97,37.71297,-122.45285,283.465,64.077,0.0,-75,0.369,0.000,0.670
2014/09/18 11:46:49,1.96,37.71205,-122.45397,296.916,63.101,0.0,-75,0.804,0.333,0.358
2014/09/18 11:46:54,1.35,37.71131,-122.45521,309.055,60.402,0.0,-75,1.939,0.000,0.369
2014/09/18 11:46:59,1.35,37.71085,-122.45659,311.352,59.018,0.0,-75,0.542,0.333,0.313
2014/09/18 11:47:04,1.4,37.71066,-122.45808,309.383,61.365,0.0,-75,0.697,1.000,0.390
2014/09/18 11:47:09,1.53,37.71062,-122.45998,304.790,64.813,0.0,-51,1.688,1.583,0.625
2014/09/18 11:47:14,1.63,37.71059,-122.46170,296.588,70.035,0.0,-51,1.939,1.708,0.249
2014/09/18 11:47:19,1.4,37.71057,-122.46352,282.808,71.952,0.0,-51,2.574,0.000,0.152
2014/09/18 11:47:24,1.84,37.71036,-122.46531,270.997,71.175,0.0,-51,2.798,0.708,0.000
2014/09/18 11:47:29,1.93,37.70977,-122.46695,251.969,72.740,0.0,-51,1.840,0.333,0.000
2014/09/18 11:47:34,1.93,37.70878,-122.46835,235.892,75.263,0.0,-51,1.350,0.667,0.000
2014/09/18 11:47:39,1.93,37.70761,-122.46961,211.286,76.704,0.0,-63,2.906,0.000,0.318
2014/09/18 11:47:44,1.93,37.70644,-122.47084,186.680,74.599,0.0,-63,2.039,1.042,0.275
2014/09/18 11:47:49,2.34,37.70565,-122.47148,169.948,81.425,0.0,-63,2.638,0.667,0.214
2014/09/18 11:47:54,2.45,37.70350,-122.47255,205.052,75.999,0.0,-63,2.852,0.000,0.478
2014/09/18 11:47:59,1.38,37.70232,-122.47205,196.850,71.655,0.0,-63,2.484,1.000,0.158
2014/09/18 11:48:04,1.38,37.70088,-122.47190,186.024,72.511,0.0,-63,2.837,0.667,0.581
2014/09/18 11:48:09,1.38,37.69942,-122.47174,185.039,73.153,0.0,-81,2.006,0.000,0.389
2014/09/18 11:48:14,1.38,37.69796,-122.47156,193.241,73.746,0.0,-81,0.711,0.667,2.334
2014/09/18 11:48:19,1.36,37.69648,-122.47115,179.790,76.704,0.0,-81,0.176,0.375,0.426
2014/09/18 11:48:24,1.48,37.69498,-122.47069,169.291,78.102,0.0,-81,0.739,0.000,1.098
2014/09/18 11:48:29,1.92,37.69344,-122.47063,162.730,76.623,0.0,-81,1.078,1.000,1.363
2014/09/18 11:48:34,1.66,37.69188,-122.47061,152.887,77.653,0.0,-81,1.132,0.000,1.418
